Files:
- fontsource-noto-sans-batak/5.0.8/400.css.br
- fontsource-noto-sans-batak/5.0.8/400.min.css.br
- fontsource-noto-sans-batak/5.0.8/batak-400.css.br
- fontsource-noto-sans-batak/5.0.8/batak-400.min.css.br
- fontsource-noto-sans-batak/5.0.8/batak.css.br
- fontsource-noto-sans-batak/5.0.8/batak.min.css.br
- fontsource-noto-sans-batak/5.0.8/files/noto-sans-batak-batak-400-normal.woff.br
- fontsource-noto-sans-batak/5.0.8/files/noto-sans-batak-latin-400-normal.woff.br
- fontsource-noto-sans-batak/5.0.8/files/noto-sans-batak-latin-ext-400-normal.woff.br
- fontsource-noto-sans-batak/5.0.8/index.css.br
- fontsource-noto-sans-batak/5.0.8/index.min.css.br
- fontsource-noto-sans-batak/5.0.8/latin-400.css.br
- fontsource-noto-sans-batak/5.0.8/latin-400.min.css.br
- fontsource-noto-sans-batak/5.0.8/latin-ext-400.css.br
- fontsource-noto-sans-batak/5.0.8/latin-ext-400.min.css.br
- fontsource-noto-sans-batak/5.0.8/latin-ext.css.br
- fontsource-noto-sans-batak/5.0.8/latin-ext.min.css.br
- fontsource-noto-sans-batak/5.0.8/latin.css.br
- fontsource-noto-sans-batak/5.0.8/latin.min.css.br
