2023/06/20 20:34:10 ExtractTarGz: uknown type: 67 in pax_global_header
2023/06/20 20:34:10 optimizing files (Js true, Css true, Png true, Jpg true)
2023/06/20 20:34:10 /tmp/work/libs/lz-string.min.js already has corresponding compressed file
2023/06/20 20:34:10 compress: run /node_modules/uglify-js/bin/uglifyjs --mangle --compress if_return=true -o /tmp/work/libs/base64-string.min.js /tmp/work/libs/base64-string.js
2023/06/20 20:34:10 /tmp/work/libs/lz-string.min.js is already compressed
2023/06/20 20:34:10 sri /tmp/work/libs/lz-string.js -> /output/lz-string.js.sri
2023/06/20 20:34:10 algorithm: run /usr/bin/brotli --quality=11 --output=/output/lz-string.js.br /tmp/work/libs/lz-string.js
2023/06/20 20:34:10 sri /tmp/work/libs/lz-string.min.js -> /output/lz-string.min.js.sri
2023/06/20 20:34:10 algorithm: run /usr/bin/brotli --quality=11 --output=/output/lz-string.min.js.br /tmp/work/libs/lz-string.min.js
2023/06/20 20:34:10 br /tmp/work/libs/lz-string.min.js -> /output/lz-string.min.js.br
2023/06/20 20:34:10 gz /tmp/work/libs/lz-string.min.js -> /output/lz-string.min.js.gz
2023/06/20 20:34:10 br /tmp/work/libs/lz-string.js -> /output/lz-string.js.br
2023/06/20 20:34:10 gz /tmp/work/libs/lz-string.js -> /output/lz-string.js.gz
2023/06/20 20:34:10 sri /tmp/work/libs/base64-string.min.js -> /output/base64-string.min.js.sri
2023/06/20 20:34:10 algorithm: run /usr/bin/brotli --quality=11 --output=/output/base64-string.min.js.br /tmp/work/libs/base64-string.min.js
2023/06/20 20:34:10 br /tmp/work/libs/base64-string.min.js -> /output/base64-string.min.js.br
2023/06/20 20:34:10 gz /tmp/work/libs/base64-string.min.js -> /output/base64-string.min.js.gz
2023/06/20 20:34:10 sri /tmp/work/libs/base64-string.js -> /output/base64-string.js.sri
2023/06/20 20:34:10 algorithm: run /usr/bin/brotli --quality=11 --output=/output/base64-string.js.br /tmp/work/libs/base64-string.js
2023/06/20 20:34:10 br /tmp/work/libs/base64-string.js -> /output/base64-string.js.br
2023/06/20 20:34:10 gz /tmp/work/libs/base64-string.js -> /output/base64-string.js.gz
2023/06/20 20:34:10 processed lz-string
