config: {"authors":[{"name":"Firebase","email":"firebase-support@google.com","url":"https://firebase.google.com/"}],"autoupdate":{"source":"npm","target":"firebase","fileMap":[{"basePath":"","files":["firebase*.+(js|map)"]},{"basePath":"lib","files":["firebase*.+(js|map)"]},{"basePath":"dist","files":["firebase*.+(js|map)"]}],"ignoreVersions":null},"description":"Firebase JavaScript library for web and Node.js","filename":"firebase.js","homepage":"https://firebase.google.com/","keywords":["authentication","database","Firebase","firebase","realtime","storage"],"license":"Apache-2.0","name":"firebase","repository":{"type":"git","url":"https://github.com/firebase/firebase-js-sdk.git"},"author":"Firebase \u003cfirebase-support@google.com\u003e (https://firebase.google.com/)"}
KV keys:
- firebase/8.6.3/firebase-analytics.js.br
- firebase/8.6.3/firebase-analytics.js.gz
- firebase/8.6.3/firebase-analytics.js.map.br
- firebase/8.6.3/firebase-analytics.js.map.gz
- firebase/8.6.3/firebase-analytics.min.js.br
- firebase/8.6.3/firebase-analytics.min.js.gz
- firebase/8.6.3/firebase-app-check.js.br
- firebase/8.6.3/firebase-app-check.js.gz
- firebase/8.6.3/firebase-app-check.js.map.br
- firebase/8.6.3/firebase-app-check.js.map.gz
- firebase/8.6.3/firebase-app-check.min.js.br
- firebase/8.6.3/firebase-app-check.min.js.gz
- firebase/8.6.3/firebase-app.js.br
- firebase/8.6.3/firebase-app.js.gz
- firebase/8.6.3/firebase-app.js.map.br
- firebase/8.6.3/firebase-app.js.map.gz
- firebase/8.6.3/firebase-app.min.js.br
- firebase/8.6.3/firebase-app.min.js.gz
- firebase/8.6.3/firebase-auth.js.br
- firebase/8.6.3/firebase-auth.js.gz
- firebase/8.6.3/firebase-auth.js.map.br
- firebase/8.6.3/firebase-auth.js.map.gz
- firebase/8.6.3/firebase-auth.min.js.br
- firebase/8.6.3/firebase-auth.min.js.gz
- firebase/8.6.3/firebase-database.js.br
- firebase/8.6.3/firebase-database.js.gz
- firebase/8.6.3/firebase-database.js.map.br
- firebase/8.6.3/firebase-database.js.map.gz
- firebase/8.6.3/firebase-database.min.js.br
- firebase/8.6.3/firebase-database.min.js.gz
- firebase/8.6.3/firebase-firestore.js.br
- firebase/8.6.3/firebase-firestore.js.gz
- firebase/8.6.3/firebase-firestore.js.map.br
- firebase/8.6.3/firebase-firestore.js.map.gz
- firebase/8.6.3/firebase-firestore.memory.js.br
- firebase/8.6.3/firebase-firestore.memory.js.gz
- firebase/8.6.3/firebase-firestore.memory.js.map.br
- firebase/8.6.3/firebase-firestore.memory.js.map.gz
- firebase/8.6.3/firebase-firestore.memory.min.js.br
- firebase/8.6.3/firebase-firestore.memory.min.js.gz
- firebase/8.6.3/firebase-firestore.min.js.br
- firebase/8.6.3/firebase-firestore.min.js.gz
- firebase/8.6.3/firebase-functions.js.br
- firebase/8.6.3/firebase-functions.js.gz
- firebase/8.6.3/firebase-functions.js.map.br
- firebase/8.6.3/firebase-functions.js.map.gz
- firebase/8.6.3/firebase-functions.min.js.br
- firebase/8.6.3/firebase-functions.min.js.gz
- firebase/8.6.3/firebase-installations.js.br
- firebase/8.6.3/firebase-installations.js.gz
- firebase/8.6.3/firebase-installations.js.map.br
- firebase/8.6.3/firebase-installations.js.map.gz
- firebase/8.6.3/firebase-installations.min.js.br
- firebase/8.6.3/firebase-installations.min.js.gz
- firebase/8.6.3/firebase-messaging.js.br
- firebase/8.6.3/firebase-messaging.js.gz
- firebase/8.6.3/firebase-messaging.js.map.br
- firebase/8.6.3/firebase-messaging.js.map.gz
- firebase/8.6.3/firebase-messaging.min.js.br
- firebase/8.6.3/firebase-messaging.min.js.gz
- firebase/8.6.3/firebase-performance-standalone.es2017.js.br
- firebase/8.6.3/firebase-performance-standalone.es2017.js.gz
- firebase/8.6.3/firebase-performance-standalone.es2017.js.map.br
- firebase/8.6.3/firebase-performance-standalone.es2017.js.map.gz
- firebase/8.6.3/firebase-performance-standalone.es2017.min.js.br
- firebase/8.6.3/firebase-performance-standalone.es2017.min.js.gz
- firebase/8.6.3/firebase-performance-standalone.js.br
- firebase/8.6.3/firebase-performance-standalone.js.gz
- firebase/8.6.3/firebase-performance-standalone.js.map.br
- firebase/8.6.3/firebase-performance-standalone.js.map.gz
- firebase/8.6.3/firebase-performance-standalone.min.js.br
- firebase/8.6.3/firebase-performance-standalone.min.js.gz
- firebase/8.6.3/firebase-performance.js.br
- firebase/8.6.3/firebase-performance.js.gz
- firebase/8.6.3/firebase-performance.js.map.br
- firebase/8.6.3/firebase-performance.js.map.gz
- firebase/8.6.3/firebase-performance.min.js.br
- firebase/8.6.3/firebase-performance.min.js.gz
- firebase/8.6.3/firebase-remote-config.js.br
- firebase/8.6.3/firebase-remote-config.js.gz
- firebase/8.6.3/firebase-remote-config.js.map.br
- firebase/8.6.3/firebase-remote-config.js.map.gz
- firebase/8.6.3/firebase-remote-config.min.js.br
- firebase/8.6.3/firebase-remote-config.min.js.gz
- firebase/8.6.3/firebase-storage.js.br
- firebase/8.6.3/firebase-storage.js.gz
- firebase/8.6.3/firebase-storage.js.map.br
- firebase/8.6.3/firebase-storage.js.map.gz
- firebase/8.6.3/firebase-storage.min.js.br
- firebase/8.6.3/firebase-storage.min.js.gz
- firebase/8.6.3/firebase.js.br
- firebase/8.6.3/firebase.js.gz
- firebase/8.6.3/firebase.js.map.br
- firebase/8.6.3/firebase.js.map.gz
- firebase/8.6.3/firebase.min.js.br
- firebase/8.6.3/firebase.min.js.gz
SRIs:
- firebase/8.6.3/firebase-app-check.min.js: sha512-wxX9Aia2g5UP9gMwoGokd4ruLZpsCjehbdQVvaEOw+wncGDvz6RbFv57SHrMUg+leQAofGGOV38P6lJeh8IdTg==
- firebase/8.6.3/firebase-firestore.memory.min.js: sha512-B8PFNueTsj+nvj0/C6GUbKpHK7YxKSX/+hdsuX1bNfzEduH4dfsNtb2T34o78gkFcJTX6L29oLmhT+a9AhSkLw==
- firebase/8.6.3/firebase-installations.js: sha512-1yLJsmFH5qKngQHrTfrutVsMbJLI8QLU2+MsW72NqWSSEUcRvRnuleny+CZJJ9xRVsOE+NHv+WU7yRkuGOYlZQ==
- firebase/8.6.3/firebase.js: sha512-+Oq1YyHwyadENJHQZfAwtv4fyMz2CVSwPWQIwGu3uFmjgs++xrBPcE68cYU8ZP5rn+g6z1QDBXJg2TnKeMthmA==
- firebase/8.6.3/firebase-database.min.js: sha512-7MJXjSb+rJ5BVhYwqrqezVRkAwgd+tyO6mLPlgrzIZxfJCPF3ZCQAsHLQfBP4KXnqvGL8gJuk12F5cAUDFUa7g==
- firebase/8.6.3/firebase-performance-standalone.es2017.min.js: sha512-NMrkL+b48G8LmGWOJxxFvF8sKgdeAQhCgJzTV10GzvJd/di453GemFpDXyVeXFQmmzi1vMHtwEw1R9hzJ5Cccg==
- firebase/8.6.3/firebase-performance-standalone.min.js: sha512-pHPL5CmPk/w2WJVc2QRhdBiPsi08nn45oHUxiyTxcJDJX2fOYO7eK0aUaG8hBc2N/e96vVN+BvCbMDbQuzKKFg==
- firebase/8.6.3/firebase-app.min.js: sha512-Kx0nmJrIrmvtLM9ib2FV2tI9UtNQnJEUtmeaq64vw7HiBRWyfxth15r2QMJyNReCgbCvLAi/Ocp5fKVxbTwAhg==
- firebase/8.6.3/firebase-firestore.min.js: sha512-pAh1xerNXJOvD+CzRlqTiT9kwp/6ISictS2W+D4L4+5VdI/nwvjlmVaZSOw1vupcePr9ZcLin1kEll/ve4Seww==
- firebase/8.6.3/firebase.min.js: sha512-xi/0Hvt40HNNX++ZZmdMYTCBdDb/8vtdFj8pKyfC9XlhoR9d88CVt99oDV9xD7ef8CvhI9WyxMS3uqx5GDg89A==
- firebase/8.6.3/firebase-analytics.js: sha512-fcaivJB6FOm8GQ4ppEZ/FupFpebG4154G61MfalUgReHw6xxAilKfqoscwAwGqkSe2dNYGIHbVvLvisxe34okw==
- firebase/8.6.3/firebase-auth.js: sha512-ilv/4XU8hKJcHJ+8Ic5XmH+8YUEZT4c9UCn+C+X6msZxsVWDzeV77X13rTB60hjhe3v9gmBj8siaZynSkjlFJA==
- firebase/8.6.3/firebase-auth.min.js: sha512-6m3S4nIZ1WkdLjsOILbpX56yMAyfTpoBqOj6qFGl6AJBFMLo5pObIdGP/9sWUO4fgSGlxTQ4KuylS5nh9/asFQ==
- firebase/8.6.3/firebase-firestore.memory.js: sha512-tQ0vm588hjh1IScR7iEQ2C9Ejw9MrTZFBabmYz2w6UTyYoItHZg/WYot1yH9g2m4vOhoweu7PM5ZdTnDrT7vLg==
- firebase/8.6.3/firebase-storage.js: sha512-5s+z8oaTo8pCe9hTyi+zqsVyOHQU9Q3rgbfbBmo0DNu8EWdglxQMzgw1aa6TuRBJFi6pg1NWg28WrOysmIZqrQ==
- firebase/8.6.3/firebase-remote-config.min.js: sha512-Rpy7+NQiYHX7PmC68fzdQbmn2m74NKO5k0md2tsURe5mvHGJ1U2vg/rF2BAeKlHWxK0K7ayX+wiCxddpckwRlg==
- firebase/8.6.3/firebase-messaging.js: sha512-7Blwu9nNCir0ncNiYuYzxpMMXBc5uf96B5Pf6mFYtx7zVD/a7X84LvxWv7WKzm9a6zI3xO7kZI994iZrtrQ9iw==
- firebase/8.6.3/firebase-messaging.min.js: sha512-ZPPXwi5fbr2uI3UnzZBX3I8p9x7ZE2H2kQzzfBjiP8ZVLCkEdNGwz47qAO33UAOnUe1x4sCFf35ZrksLDdiR8Q==
- firebase/8.6.3/firebase-analytics.min.js: sha512-yZyTtP4mwhGhHpLy5yxdASrtyukDRQxJlu9hyoyEQMcpBBJqyxEL4+4m0f5tN/IHk1c80KM+cAmg6LvxHeBUTQ==
- firebase/8.6.3/firebase-app.js: sha512-EwBpnLToUQyUar2snfyzfCYsFIXniGy7J9mFx7a5udKrAt7hD5QwtN8hg5KCzH76nw+hP+ep1OLGdnbLe9NyiQ==
- firebase/8.6.3/firebase-database.js: sha512-IoQNuN/JLgMHfhpG0nHQIDPTBRj7n090SqY24HLIljCAypDaicmyRimMjRQuJjUocJBEkMPq8SYa8KEGc9BIBw==
- firebase/8.6.3/firebase-functions.js: sha512-ys0B1NX/bgm5VTvLrjDh5RrPj18ZSfwePeYwSdwKjnJuwK4asev0EuNwSCd6fAzFw0aLCEaulCnsY8YZwgmHpA==
- firebase/8.6.3/firebase-functions.min.js: sha512-a4rLRPYEy5O7JWB17p7mcEkel48dTYFi8okLMmfBAqthiiTqwjdmoQK3eDGb16Br6EGGfRUZxX9lMf6usmgPwg==
- firebase/8.6.3/firebase-installations.min.js: sha512-D/2YrWIzK7jqWnzl7GNthlk5KHIl3hE1AnzEc18AfgfcO+j7U/SpVzMRvdtz9hwqK9waLUF6b8kn8gGhw1zyIg==
- firebase/8.6.3/firebase-remote-config.js: sha512-7JWgrdTbot0DFVTENm82VQ8suYG6vEY6GLDz/zRfP6Fm2QIrjAXuJTaA04pJqROKpG+LE8UDj+FZ3T2FV8uW3g==
- firebase/8.6.3/firebase-storage.min.js: sha512-pNuluCTfD0huqUNSs4V61S2kyg6jLTLj0L8UqjmGuequsBkqqon6TNxBqklRBAyazUIcm+nU0176oD7cGrVuhg==
- firebase/8.6.3/firebase-app-check.js: sha512-DbVyArvPNP9ete8GN+T1zCOgEBXwRHK+KAQy9RWwqySpKJsMHLPSkvSLiUf8oal9HN2zMS4uYDglScfdHkKIVw==
- firebase/8.6.3/firebase-firestore.js: sha512-mMpfaftK//dK9PSRotC9gpLTkRjNzRoHYITJyFX07Lpg/4opm2QRIUdH8yKSJAIN8zJVPMhvqSqKmg5M+mlGrQ==
- firebase/8.6.3/firebase-performance-standalone.es2017.js: sha512-ppe3W61QcTkZ3nu9KpB3cjbuwy6UkZih1fGHeKsHeTzqZPgBow23k9yLHtpU9e/37vei7jazBPoysLeCnyL6BQ==
- firebase/8.6.3/firebase-performance-standalone.js: sha512-b1485kxOV8/qppA51ERhR48zd9a37t4Jl8iZVu9GMs8IAvLyBuKu3gnr1dmZ3+eBtzu20p3n9ykW3MIZci7hrQ==
- firebase/8.6.3/firebase-performance.js: sha512-pmoT+JSRVtPpHiDp+ARfib5yCZw/h/xJWJ4b+KUqHaMmvuwuDvB6GLU5r4k72f8dsMTZY2IQ2ZW+lV6mbNxddA==
- firebase/8.6.3/firebase-performance.min.js: sha512-Y+0zxnysLJ8wCP7kI3t2kjreQwsMN09yzFXRi0ipRpAKlSoSyqxdnzF5zfkz0Lc5016rhB9FLPkf3nxXF3Gl+g==
