Files:
- fontsource-water-brush/5.0.20/400.css.br
- fontsource-water-brush/5.0.20/400.css.gz
- fontsource-water-brush/5.0.20/400.css.sri
- fontsource-water-brush/5.0.20/400.min.css.br
- fontsource-water-brush/5.0.20/400.min.css.gz
- fontsource-water-brush/5.0.20/400.min.css.sri
- fontsource-water-brush/5.0.20/files/water-brush-latin-400-normal.woff.br
- fontsource-water-brush/5.0.20/files/water-brush-latin-400-normal.woff.gz
- fontsource-water-brush/5.0.20/files/water-brush-latin-400-normal.woff2
- fontsource-water-brush/5.0.20/files/water-brush-latin-ext-400-normal.woff.br
- fontsource-water-brush/5.0.20/files/water-brush-latin-ext-400-normal.woff.gz
- fontsource-water-brush/5.0.20/files/water-brush-latin-ext-400-normal.woff2
- fontsource-water-brush/5.0.20/files/water-brush-vietnamese-400-normal.woff.br
- fontsource-water-brush/5.0.20/files/water-brush-vietnamese-400-normal.woff.gz
- fontsource-water-brush/5.0.20/files/water-brush-vietnamese-400-normal.woff2
- fontsource-water-brush/5.0.20/index.css.br
- fontsource-water-brush/5.0.20/index.css.gz
- fontsource-water-brush/5.0.20/index.css.sri
- fontsource-water-brush/5.0.20/index.min.css.br
- fontsource-water-brush/5.0.20/index.min.css.gz
- fontsource-water-brush/5.0.20/index.min.css.sri
- fontsource-water-brush/5.0.20/latin-400.css.br
- fontsource-water-brush/5.0.20/latin-400.css.gz
- fontsource-water-brush/5.0.20/latin-400.css.sri
- fontsource-water-brush/5.0.20/latin-400.min.css.br
- fontsource-water-brush/5.0.20/latin-400.min.css.gz
- fontsource-water-brush/5.0.20/latin-400.min.css.sri
- fontsource-water-brush/5.0.20/latin-ext-400.css.br
- fontsource-water-brush/5.0.20/latin-ext-400.css.gz
- fontsource-water-brush/5.0.20/latin-ext-400.css.sri
- fontsource-water-brush/5.0.20/latin-ext-400.min.css.br
- fontsource-water-brush/5.0.20/latin-ext-400.min.css.gz
- fontsource-water-brush/5.0.20/latin-ext-400.min.css.sri
- fontsource-water-brush/5.0.20/latin-ext.css.br
- fontsource-water-brush/5.0.20/latin-ext.css.gz
- fontsource-water-brush/5.0.20/latin-ext.css.sri
- fontsource-water-brush/5.0.20/latin-ext.min.css.br
- fontsource-water-brush/5.0.20/latin-ext.min.css.gz
- fontsource-water-brush/5.0.20/latin-ext.min.css.sri
- fontsource-water-brush/5.0.20/latin.css.br
- fontsource-water-brush/5.0.20/latin.css.gz
- fontsource-water-brush/5.0.20/latin.css.sri
- fontsource-water-brush/5.0.20/latin.min.css.br
- fontsource-water-brush/5.0.20/latin.min.css.gz
- fontsource-water-brush/5.0.20/latin.min.css.sri
- fontsource-water-brush/5.0.20/vietnamese-400.css.br
- fontsource-water-brush/5.0.20/vietnamese-400.css.gz
- fontsource-water-brush/5.0.20/vietnamese-400.css.sri
- fontsource-water-brush/5.0.20/vietnamese-400.min.css.br
- fontsource-water-brush/5.0.20/vietnamese-400.min.css.gz
- fontsource-water-brush/5.0.20/vietnamese-400.min.css.sri
- fontsource-water-brush/5.0.20/vietnamese.css.br
- fontsource-water-brush/5.0.20/vietnamese.css.gz
- fontsource-water-brush/5.0.20/vietnamese.css.sri
- fontsource-water-brush/5.0.20/vietnamese.min.css.br
- fontsource-water-brush/5.0.20/vietnamese.min.css.gz
- fontsource-water-brush/5.0.20/vietnamese.min.css.sri
