Files:
- fontsource-viaoda-libre/5.0.18/400.css.br
- fontsource-viaoda-libre/5.0.18/400.min.css.br
- fontsource-viaoda-libre/5.0.18/cyrillic-400.css.br
- fontsource-viaoda-libre/5.0.18/cyrillic-400.min.css.br
- fontsource-viaoda-libre/5.0.18/cyrillic-ext-400.css.br
- fontsource-viaoda-libre/5.0.18/cyrillic-ext-400.min.css.br
- fontsource-viaoda-libre/5.0.18/cyrillic-ext.css.br
- fontsource-viaoda-libre/5.0.18/cyrillic-ext.min.css.br
- fontsource-viaoda-libre/5.0.18/cyrillic.css.br
- fontsource-viaoda-libre/5.0.18/cyrillic.min.css.br
- fontsource-viaoda-libre/5.0.18/files/viaoda-libre-cyrillic-400-normal.woff.br
- fontsource-viaoda-libre/5.0.18/files/viaoda-libre-cyrillic-ext-400-normal.woff.br
- fontsource-viaoda-libre/5.0.18/files/viaoda-libre-latin-400-normal.woff.br
- fontsource-viaoda-libre/5.0.18/files/viaoda-libre-latin-ext-400-normal.woff.br
- fontsource-viaoda-libre/5.0.18/files/viaoda-libre-vietnamese-400-normal.woff.br
- fontsource-viaoda-libre/5.0.18/index.css.br
- fontsource-viaoda-libre/5.0.18/index.min.css.br
- fontsource-viaoda-libre/5.0.18/latin-400.css.br
- fontsource-viaoda-libre/5.0.18/latin-400.min.css.br
- fontsource-viaoda-libre/5.0.18/latin-ext-400.css.br
- fontsource-viaoda-libre/5.0.18/latin-ext-400.min.css.br
- fontsource-viaoda-libre/5.0.18/latin-ext.css.br
- fontsource-viaoda-libre/5.0.18/latin-ext.min.css.br
- fontsource-viaoda-libre/5.0.18/latin.css.br
- fontsource-viaoda-libre/5.0.18/latin.min.css.br
- fontsource-viaoda-libre/5.0.18/vietnamese-400.css.br
- fontsource-viaoda-libre/5.0.18/vietnamese-400.min.css.br
- fontsource-viaoda-libre/5.0.18/vietnamese.css.br
- fontsource-viaoda-libre/5.0.18/vietnamese.min.css.br
