config: {"authors":[{"name":"Google Inc."}],"autoupdate":{"source":"npm","target":"@fontsource/flamenco","fileMap":[{"basePath":"","files":["*.css","files/*.@(woff|woff2)"]}],"excludeFromSearch":true},"description":"Self-host the Flamenco font in a neatly bundled NPM package.","filename":"index.css","homepage":"https://fontsource.org/fonts/flamenco","keywords":["fontsource","font","font family","google fonts","flamenco","Flamenco","css","sass","front-end","web","typeface","variable"],"license":"OFL-1.1","name":"fontsource-flamenco","repository":{"type":"git","url":"git+https://github.com/fontsource/font-files.git"},"author":"Google Inc."}
KV keys:
- fontsource-flamenco/5.0.6/300.css.br
- fontsource-flamenco/5.0.6/300.css.gz
- fontsource-flamenco/5.0.6/300.min.css.br
- fontsource-flamenco/5.0.6/300.min.css.gz
- fontsource-flamenco/5.0.6/400.css.br
- fontsource-flamenco/5.0.6/400.css.gz
- fontsource-flamenco/5.0.6/400.min.css.br
- fontsource-flamenco/5.0.6/400.min.css.gz
- fontsource-flamenco/5.0.6/files/flamenco-latin-300-normal.woff.br
- fontsource-flamenco/5.0.6/files/flamenco-latin-300-normal.woff.gz
- fontsource-flamenco/5.0.6/files/flamenco-latin-300-normal.woff2
- fontsource-flamenco/5.0.6/files/flamenco-latin-400-normal.woff.br
- fontsource-flamenco/5.0.6/files/flamenco-latin-400-normal.woff.gz
- fontsource-flamenco/5.0.6/files/flamenco-latin-400-normal.woff2
- fontsource-flamenco/5.0.6/index.css.br
- fontsource-flamenco/5.0.6/index.css.gz
- fontsource-flamenco/5.0.6/index.min.css.br
- fontsource-flamenco/5.0.6/index.min.css.gz
- fontsource-flamenco/5.0.6/latin-300.css.br
- fontsource-flamenco/5.0.6/latin-300.css.gz
- fontsource-flamenco/5.0.6/latin-300.min.css.br
- fontsource-flamenco/5.0.6/latin-300.min.css.gz
- fontsource-flamenco/5.0.6/latin-400.css.br
- fontsource-flamenco/5.0.6/latin-400.css.gz
- fontsource-flamenco/5.0.6/latin-400.min.css.br
- fontsource-flamenco/5.0.6/latin-400.min.css.gz
- fontsource-flamenco/5.0.6/latin.css.br
- fontsource-flamenco/5.0.6/latin.css.gz
- fontsource-flamenco/5.0.6/latin.min.css.br
- fontsource-flamenco/5.0.6/latin.min.css.gz
SRIs:
- fontsource-flamenco/5.0.6/400.min.css: sha512-nxjmZhBMTSMPy67FFum91ifxcFHwcs35nLLJzNNKuWI+9uzwZJ+gnPV8Rtu9OE/WCXatbJ6HRxcS+umXN2b4Lw==
- fontsource-flamenco/5.0.6/index.min.css: sha512-nxjmZhBMTSMPy67FFum91ifxcFHwcs35nLLJzNNKuWI+9uzwZJ+gnPV8Rtu9OE/WCXatbJ6HRxcS+umXN2b4Lw==
- fontsource-flamenco/5.0.6/latin-300.css: sha512-NdnxGg1Xfqw1YukDVjxls+nT5wUwNNRN98G/JUJx6JJdQ5wFHz3B3mL7nC0ATz0cVQKKBt/uYYoz30oITKFgVg==
- fontsource-flamenco/5.0.6/latin-400.css: sha512-mLk0FxUbI7i/Cly9sHdlfHlGm/7AI72GoL/JKbnitmI8JzmSpZ5zg1kxTLUgJO5kTz9m4+NyoZwrnZBdZ/fr/Q==
- fontsource-flamenco/5.0.6/latin.css: sha512-QQRriXTPG5m4XrWAW4b44jowwrLGS4FypgXJ3LmSElOwBzBI+MVMLClUQeuewaNdLQowYp/Bgxq2iFXz486QAA==
- fontsource-flamenco/5.0.6/latin.min.css: sha512-EfyJ43GTSfuyD28S2uTNWnZzXWbx0Q72GpTnv2A438hMn86p/T4w/l+T1eegs+LGa/aQCFa+wUIwaRghBqKyVQ==
- fontsource-flamenco/5.0.6/400.css: sha512-rOlHdEzF9HkpBjrjvhhteqKVbkYJRHEIRtDJMZ0VAHl1hLCXjGbWemj2qgHZF8PQoOANzm+r6GCyBkIxiTFXYA==
- fontsource-flamenco/5.0.6/300.min.css: sha512-W9uj+XNu7AiM6gmurYnx3Daykhsc1E/68sZZOeiAC/ZiDqcNpn75qhlMZi5ydhXIvznBaTe1Ml8vGuEUE51dUw==
- fontsource-flamenco/5.0.6/index.css: sha512-rOlHdEzF9HkpBjrjvhhteqKVbkYJRHEIRtDJMZ0VAHl1hLCXjGbWemj2qgHZF8PQoOANzm+r6GCyBkIxiTFXYA==
- fontsource-flamenco/5.0.6/latin-300.min.css: sha512-5WWPuFo5wgCaInZGOvxNhSl11brs1zTrBCgJ9cYinbM+jTNcQ9IdJXksa2tQ36VhUSBj5Fid/bzQcd+QL8Xhdg==
- fontsource-flamenco/5.0.6/latin-400.min.css: sha512-ANtLvsWM2Qamxwdhf1lOylQSt9o7hKtHj97QRkgnNxBYxczfneYl7eIJDwM4GCq2OVimOQHz/76l2zFyA8Nk/w==
- fontsource-flamenco/5.0.6/300.css: sha512-hpmK+KYqoz5ZQHlcCZS+cf0QV1AGeBXhMCRP5RidlijLDeYlJMNFHr8XKXUBx/wkl/QincjOke14bfopMONltg==
