Files:
- fontsource-ramabhadra/5.0.2/400.css.br
- fontsource-ramabhadra/5.0.2/400.css.gz
- fontsource-ramabhadra/5.0.2/400.min.css.br
- fontsource-ramabhadra/5.0.2/400.min.css.gz
- fontsource-ramabhadra/5.0.2/files/ramabhadra-latin-400-normal.woff.br
- fontsource-ramabhadra/5.0.2/files/ramabhadra-latin-400-normal.woff.gz
- fontsource-ramabhadra/5.0.2/files/ramabhadra-latin-400-normal.woff2
- fontsource-ramabhadra/5.0.2/files/ramabhadra-telugu-400-normal.woff.br
- fontsource-ramabhadra/5.0.2/files/ramabhadra-telugu-400-normal.woff.gz
- fontsource-ramabhadra/5.0.2/files/ramabhadra-telugu-400-normal.woff2
- fontsource-ramabhadra/5.0.2/index.css.br
- fontsource-ramabhadra/5.0.2/index.css.gz
- fontsource-ramabhadra/5.0.2/index.min.css.br
- fontsource-ramabhadra/5.0.2/index.min.css.gz
- fontsource-ramabhadra/5.0.2/latin-400.css.br
- fontsource-ramabhadra/5.0.2/latin-400.css.gz
- fontsource-ramabhadra/5.0.2/latin-400.min.css.br
- fontsource-ramabhadra/5.0.2/latin-400.min.css.gz
- fontsource-ramabhadra/5.0.2/latin.css.br
- fontsource-ramabhadra/5.0.2/latin.css.gz
- fontsource-ramabhadra/5.0.2/latin.min.css.br
- fontsource-ramabhadra/5.0.2/latin.min.css.gz
- fontsource-ramabhadra/5.0.2/telugu-400.css.br
- fontsource-ramabhadra/5.0.2/telugu-400.css.gz
- fontsource-ramabhadra/5.0.2/telugu-400.min.css.br
- fontsource-ramabhadra/5.0.2/telugu-400.min.css.gz
- fontsource-ramabhadra/5.0.2/telugu.css.br
- fontsource-ramabhadra/5.0.2/telugu.css.gz
- fontsource-ramabhadra/5.0.2/telugu.min.css.br
- fontsource-ramabhadra/5.0.2/telugu.min.css.gz
