Files:
- fontsource-molengo/4.5.10/400.css.br
- fontsource-molengo/4.5.10/400.css.gz
- fontsource-molengo/4.5.10/400.min.css.br
- fontsource-molengo/4.5.10/400.min.css.gz
- fontsource-molengo/4.5.10/files/molengo-all-400-normal.woff.br
- fontsource-molengo/4.5.10/files/molengo-all-400-normal.woff.gz
- fontsource-molengo/4.5.10/files/molengo-latin-400-normal.woff.br
- fontsource-molengo/4.5.10/files/molengo-latin-400-normal.woff.gz
- fontsource-molengo/4.5.10/files/molengo-latin-400-normal.woff2
- fontsource-molengo/4.5.10/files/molengo-latin-ext-400-normal.woff.br
- fontsource-molengo/4.5.10/files/molengo-latin-ext-400-normal.woff.gz
- fontsource-molengo/4.5.10/files/molengo-latin-ext-400-normal.woff2
- fontsource-molengo/4.5.10/index.css.br
- fontsource-molengo/4.5.10/index.css.gz
- fontsource-molengo/4.5.10/index.min.css.br
- fontsource-molengo/4.5.10/index.min.css.gz
- fontsource-molengo/4.5.10/latin-400.css.br
- fontsource-molengo/4.5.10/latin-400.css.gz
- fontsource-molengo/4.5.10/latin-400.min.css.br
- fontsource-molengo/4.5.10/latin-400.min.css.gz
- fontsource-molengo/4.5.10/latin-ext-400.css.br
- fontsource-molengo/4.5.10/latin-ext-400.css.gz
- fontsource-molengo/4.5.10/latin-ext-400.min.css.br
- fontsource-molengo/4.5.10/latin-ext-400.min.css.gz
- fontsource-molengo/4.5.10/latin-ext.css.br
- fontsource-molengo/4.5.10/latin-ext.css.gz
- fontsource-molengo/4.5.10/latin-ext.min.css.br
- fontsource-molengo/4.5.10/latin-ext.min.css.gz
- fontsource-molengo/4.5.10/latin.css.br
- fontsource-molengo/4.5.10/latin.css.gz
- fontsource-molengo/4.5.10/latin.min.css.br
- fontsource-molengo/4.5.10/latin.min.css.gz
