config: {"authors":[{"name":"Guillaume du Pontavice","email":"g.du.pontavice@gmail.com"}],"autoupdate":{"source":"npm","target":"hls.js","fileMap":[{"basePath":"dist","files":["**/!(*-demo.*)"]}],"ignoreVersions":["*-canary.*"]},"description":"JavaScript HLS client using MediaSourceExtension","filename":"hls.min.js","homepage":"https://hls-js.netlify.com/demo/","keywords":["hls.js","video","streaming","mediasource","player"],"license":"Apache-2.0","name":"hls.js","repository":{"type":"git","url":"git://github.com/video-dev/hls.js"},"author":"Guillaume du Pontavice \u003cg.du.pontavice@gmail.com\u003e"}
KV keys:
- hls.js/1.5.14-0.canary.10664/hls.d.mts.br
- hls.js/1.5.14-0.canary.10664/hls.d.mts.gz
- hls.js/1.5.14-0.canary.10664/hls.d.ts.br
- hls.js/1.5.14-0.canary.10664/hls.d.ts.gz
- hls.js/1.5.14-0.canary.10664/hls.js.br
- hls.js/1.5.14-0.canary.10664/hls.js.d.ts.br
- hls.js/1.5.14-0.canary.10664/hls.js.d.ts.gz
- hls.js/1.5.14-0.canary.10664/hls.js.gz
- hls.js/1.5.14-0.canary.10664/hls.js.map.br
- hls.js/1.5.14-0.canary.10664/hls.js.map.gz
- hls.js/1.5.14-0.canary.10664/hls.light.js.br
- hls.js/1.5.14-0.canary.10664/hls.light.js.gz
- hls.js/1.5.14-0.canary.10664/hls.light.js.map.br
- hls.js/1.5.14-0.canary.10664/hls.light.js.map.gz
- hls.js/1.5.14-0.canary.10664/hls.light.min.js.br
- hls.js/1.5.14-0.canary.10664/hls.light.min.js.gz
- hls.js/1.5.14-0.canary.10664/hls.light.min.js.map.br
- hls.js/1.5.14-0.canary.10664/hls.light.min.js.map.gz
- hls.js/1.5.14-0.canary.10664/hls.light.mjs.br
- hls.js/1.5.14-0.canary.10664/hls.light.mjs.gz
- hls.js/1.5.14-0.canary.10664/hls.light.mjs.map.br
- hls.js/1.5.14-0.canary.10664/hls.light.mjs.map.gz
- hls.js/1.5.14-0.canary.10664/hls.min.js.br
- hls.js/1.5.14-0.canary.10664/hls.min.js.gz
- hls.js/1.5.14-0.canary.10664/hls.min.js.map.br
- hls.js/1.5.14-0.canary.10664/hls.min.js.map.gz
- hls.js/1.5.14-0.canary.10664/hls.mjs.br
- hls.js/1.5.14-0.canary.10664/hls.mjs.gz
- hls.js/1.5.14-0.canary.10664/hls.mjs.map.br
- hls.js/1.5.14-0.canary.10664/hls.mjs.map.gz
- hls.js/1.5.14-0.canary.10664/hls.worker.js.br
- hls.js/1.5.14-0.canary.10664/hls.worker.js.gz
- hls.js/1.5.14-0.canary.10664/hls.worker.js.map.br
- hls.js/1.5.14-0.canary.10664/hls.worker.js.map.gz
- hls.js/1.5.14-0.canary.10664/hls.worker.min.js.br
- hls.js/1.5.14-0.canary.10664/hls.worker.min.js.gz
SRIs:
- hls.js/1.5.14-0.canary.10664/hls.worker.js: sha512-N7VfeOSA15v4zF54OqImrUlPrq3QV4vYL87v4lSr1OomnabQqw6Jwbm6RF8KJic8hwg9UMJSaEGZeRllIDQBog==
- hls.js/1.5.14-0.canary.10664/hls.worker.min.js: sha512-6U3xMGoy/7RBpgLHCWDcpqIhzZBl687tIyEIJ/Nzu//PQ25mKS3YZB1Ugbuxhz4jjC0c3EAqFRRbxZ6fV2IV9g==
- hls.js/1.5.14-0.canary.10664/hls.js: sha512-SMi3Ir5ylNIyaTh7Rk/BWuHhhHOEylCFnIjhHxBj4rEfJcQ+vnycp+WnMdHPZ7en9U6cp0kzNofTwJ0UGOFuGg==
- hls.js/1.5.14-0.canary.10664/hls.light.js: sha512-n/TE0Q+x04/OjBtSX0gNlnSlaL6qGyvrtrJNIMp7fGW6pjglzfUc9I7ASNMZrdM43jMUZht4SJKyZpD5Mche8g==
- hls.js/1.5.14-0.canary.10664/hls.light.min.js: sha512-RvLnvzyeWvKe1W8HtjiILLqkehgVNL6WZDhFs52QJkIZhQQ4QT5PHYXVcOWOht4g40TKoqFHHn3wacmY6um3Fw==
- hls.js/1.5.14-0.canary.10664/hls.min.js: sha512-qRScaYMDLbtau/kkGVJ6Q/zkIgTf9iXRmbUZfX1zKGCSooyZUo/pRsJGZvS5FF00OxgBR++j4AMqM8euz6TVVA==
