2024/04/02 08:33:19 optimizing files (Js true, Css true, Png true, Jpg true)
2024/04/02 08:33:20 compress: run /node_modules/uglify-js/bin/uglifyjs (3.15.4) [--mangle --compress if_return=true -o /tmp/work/dist/rambda.min.js /tmp/work/dist/rambda.js]
2024/04/02 08:33:20 compress: run /node_modules/uglify-js/bin/uglifyjs (3.15.4) [--mangle --compress if_return=true -o /tmp/work/dist/rambda.umd.min.js /tmp/work/dist/rambda.umd.js]
2024/04/02 08:33:20 sri /tmp/work/dist/rambda.min.js -> /output/rambda.min.js.sri
2024/04/02 08:33:20 algorithm: run /usr/bin/brotli --quality=11 --output=/output/rambda.min.js.br /tmp/work/dist/rambda.min.js
2024/04/02 08:33:20 br /tmp/work/dist/rambda.min.js -> /output/rambda.min.js.br
2024/04/02 08:33:20 gz /tmp/work/dist/rambda.min.js -> /output/rambda.min.js.gz
2024/04/02 08:33:20 sri /tmp/work/dist/rambda.js -> /output/rambda.js.sri
2024/04/02 08:33:20 algorithm: run /usr/bin/brotli --quality=11 --output=/output/rambda.js.br /tmp/work/dist/rambda.js
2024/04/02 08:33:20 sri /tmp/work/dist/rambda.umd.min.js -> /output/rambda.umd.min.js.sri
2024/04/02 08:33:20 algorithm: run /usr/bin/brotli --quality=11 --output=/output/rambda.umd.min.js.br /tmp/work/dist/rambda.umd.min.js
2024/04/02 08:33:20 br /tmp/work/dist/rambda.umd.min.js -> /output/rambda.umd.min.js.br
2024/04/02 08:33:20 gz /tmp/work/dist/rambda.umd.min.js -> /output/rambda.umd.min.js.gz
2024/04/02 08:33:20 sri /tmp/work/dist/rambda.umd.js -> /output/rambda.umd.js.sri
2024/04/02 08:33:20 algorithm: run /usr/bin/brotli --quality=11 --output=/output/rambda.umd.js.br /tmp/work/dist/rambda.umd.js
2024/04/02 08:33:21 br /tmp/work/dist/rambda.js -> /output/rambda.js.br
2024/04/02 08:33:21 gz /tmp/work/dist/rambda.js -> /output/rambda.js.gz
2024/04/02 08:33:21 br /tmp/work/dist/rambda.umd.js -> /output/rambda.umd.js.br
2024/04/02 08:33:21 gz /tmp/work/dist/rambda.umd.js -> /output/rambda.umd.js.gz
2024/04/02 08:33:21 processed rambda
