config: {"authors":[{"name":"Google Inc."}],"autoupdate":{"source":"npm","target":"@fontsource/homenaje","fileMap":[{"basePath":"","files":["*.css","files/*.@(woff|woff2)"]}],"excludeFromSearch":true},"description":"Self-host the Homenaje font in a neatly bundled NPM package.","filename":"index.css","homepage":"https://fontsource.org/fonts/homenaje","keywords":["fontsource","font","font family","google fonts","homenaje","Homenaje","css","sass","front-end","web","typeface","variable"],"license":"OFL-1.1","name":"fontsource-homenaje","repository":{"type":"git","url":"git+https://github.com/fontsource/font-files.git"},"author":"Google Inc."}
KV keys:
- fontsource-homenaje/5.0.12/400.css.br
- fontsource-homenaje/5.0.12/400.css.gz
- fontsource-homenaje/5.0.12/400.min.css.br
- fontsource-homenaje/5.0.12/400.min.css.gz
- fontsource-homenaje/5.0.12/files/homenaje-latin-400-normal.woff.br
- fontsource-homenaje/5.0.12/files/homenaje-latin-400-normal.woff.gz
- fontsource-homenaje/5.0.12/files/homenaje-latin-400-normal.woff2
- fontsource-homenaje/5.0.12/index.css.br
- fontsource-homenaje/5.0.12/index.css.gz
- fontsource-homenaje/5.0.12/index.min.css.br
- fontsource-homenaje/5.0.12/index.min.css.gz
- fontsource-homenaje/5.0.12/latin-400.css.br
- fontsource-homenaje/5.0.12/latin-400.css.gz
- fontsource-homenaje/5.0.12/latin-400.min.css.br
- fontsource-homenaje/5.0.12/latin-400.min.css.gz
- fontsource-homenaje/5.0.12/latin.css.br
- fontsource-homenaje/5.0.12/latin.css.gz
- fontsource-homenaje/5.0.12/latin.min.css.br
- fontsource-homenaje/5.0.12/latin.min.css.gz
SRIs:
- fontsource-homenaje/5.0.12/latin-400.min.css: sha512-bYxhLfmJZf59cjQDDNDpN73C5zY+G3jAhppt5+CkZ6iDNjggkEtDNncfEmdNUPX+owPx+DjGBqTkOHo2XgUiyA==
- fontsource-homenaje/5.0.12/latin.css: sha512-2W13k1JqZznVACh6jzfxYJQIBHSIxAd/aU35AB4tp/R1sTrySG9nZp9wmj53rBIpRtWSX+5+TXyJsbhwPeqz/Q==
- fontsource-homenaje/5.0.12/latin.min.css: sha512-bYxhLfmJZf59cjQDDNDpN73C5zY+G3jAhppt5+CkZ6iDNjggkEtDNncfEmdNUPX+owPx+DjGBqTkOHo2XgUiyA==
- fontsource-homenaje/5.0.12/400.css: sha512-Kyo7YgDNXlXlCrL/BUtEcwdJtKbL/G0bpwGpp+xUHys/xhgVfjd3hDASlxKQm8OOjhyYu55pdXEDaiJXwomc0g==
- fontsource-homenaje/5.0.12/400.min.css: sha512-M+hQgym8x7777OL3N0MsRQT+LsspbSWB/LfxXqKthtzQfGtyJdr2SUJIzsD20zetleHANEagK/6L77mEcJil7Q==
- fontsource-homenaje/5.0.12/index.css: sha512-Kyo7YgDNXlXlCrL/BUtEcwdJtKbL/G0bpwGpp+xUHys/xhgVfjd3hDASlxKQm8OOjhyYu55pdXEDaiJXwomc0g==
- fontsource-homenaje/5.0.12/index.min.css: sha512-M+hQgym8x7777OL3N0MsRQT+LsspbSWB/LfxXqKthtzQfGtyJdr2SUJIzsD20zetleHANEagK/6L77mEcJil7Q==
- fontsource-homenaje/5.0.12/latin-400.css: sha512-2W13k1JqZznVACh6jzfxYJQIBHSIxAd/aU35AB4tp/R1sTrySG9nZp9wmj53rBIpRtWSX+5+TXyJsbhwPeqz/Q==
