config: {"authors":[{"name":"andrewtelnov","email":"andrew.telnov@gmail.com"}],"autoupdate":{"source":"npm","target":"survey-jquery","fileMap":[{"basePath":"","files":["survey*"]}]},"description":"survey.js is a JavaScript Survey Library. It is a modern way to add a survey to your website. It uses JSON for survey metadata and results.","filename":"survey.jquery.min.js","homepage":"https://surveyjs.org/","keywords":["Survey","JavaScript","Bootstrap","Library","jquery","jquery-plugin"],"license":"MIT","name":"survey-jquery","repository":{"type":"git","url":"git+https://github.com/andrewtelnov/surveyjs.git"},"author":"andrewtelnov \u003candrew.telnov@gmail.com\u003e"}
KV keys:
- survey-jquery/1.9.92/survey-jquery.d.ts.br
- survey-jquery/1.9.92/survey-jquery.d.ts.gz
- survey-jquery/1.9.92/survey.css.br
- survey-jquery/1.9.92/survey.css.gz
- survey-jquery/1.9.92/survey.css.map.br
- survey-jquery/1.9.92/survey.css.map.gz
- survey-jquery/1.9.92/survey.jquery.d.ts.br
- survey-jquery/1.9.92/survey.jquery.d.ts.gz
- survey-jquery/1.9.92/survey.jquery.js.br
- survey-jquery/1.9.92/survey.jquery.js.gz
- survey-jquery/1.9.92/survey.jquery.js.map.br
- survey-jquery/1.9.92/survey.jquery.js.map.gz
- survey-jquery/1.9.92/survey.jquery.min.js.br
- survey-jquery/1.9.92/survey.jquery.min.js.gz
- survey-jquery/1.9.92/survey.min.css.br
- survey-jquery/1.9.92/survey.min.css.gz
SRIs:
- survey-jquery/1.9.92/survey.css: sha512-66j4Yx9h5spJuuFfJQetlRrCntOI5QcRkjKlb3B6XyZiOIoHyDHPJ8qhut9gCveKPXWStukF7XnejZ9h8ZBF6A==
- survey-jquery/1.9.92/survey.jquery.js: sha512-isuzuAxbK5PxxKpLvqDyDW7WPTcMkMLRE06OKz0uk/3xLxXQBff4Cjb7dnF7bPG9xvhmiWZjqTs+IFZ2sKJ6hA==
- survey-jquery/1.9.92/survey.jquery.min.js: sha512-h5Cf4D7BcbFEBYKatWcWHLnYsxZNwoZCCekJVBanlKrDxhMRaR87ZdrpxMTmdwu9dRc04646ckr/XwM9PeswJQ==
- survey-jquery/1.9.92/survey.min.css: sha512-/z9UlSf6hd7SmD6zUq5NpbB3KAzt3A8hz2GmVf4HvxkQp0DWq85yU8CLrNEcZ9OOGyjRxiF7uyycIFEKguVy9A==
