Files:
- styled-components/6.0.0-rc.4/base.d.ts.br
- styled-components/6.0.0-rc.4/base.d.ts.gz
- styled-components/6.0.0-rc.4/constants.d.ts.br
- styled-components/6.0.0-rc.4/constants.d.ts.gz
- styled-components/6.0.0-rc.4/constructors/constructWithOptions.d.ts.br
- styled-components/6.0.0-rc.4/constructors/constructWithOptions.d.ts.gz
- styled-components/6.0.0-rc.4/constructors/createGlobalStyle.d.ts.br
- styled-components/6.0.0-rc.4/constructors/createGlobalStyle.d.ts.gz
- styled-components/6.0.0-rc.4/constructors/css.d.ts.br
- styled-components/6.0.0-rc.4/constructors/css.d.ts.gz
- styled-components/6.0.0-rc.4/constructors/keyframes.d.ts.br
- styled-components/6.0.0-rc.4/constructors/keyframes.d.ts.gz
- styled-components/6.0.0-rc.4/constructors/styled.d.ts.br
- styled-components/6.0.0-rc.4/constructors/styled.d.ts.gz
- styled-components/6.0.0-rc.4/hoc/withTheme.d.ts.br
- styled-components/6.0.0-rc.4/hoc/withTheme.d.ts.gz
- styled-components/6.0.0-rc.4/hoc/withTheme.spec.d.ts.br
- styled-components/6.0.0-rc.4/hoc/withTheme.spec.d.ts.gz
- styled-components/6.0.0-rc.4/index-standalone.d.ts.br
- styled-components/6.0.0-rc.4/index-standalone.d.ts.gz
- styled-components/6.0.0-rc.4/index.d.ts.br
- styled-components/6.0.0-rc.4/index.d.ts.gz
- styled-components/6.0.0-rc.4/macro/index.d.ts.br
- styled-components/6.0.0-rc.4/macro/index.d.ts.gz
- styled-components/6.0.0-rc.4/models/ComponentStyle.d.ts.br
- styled-components/6.0.0-rc.4/models/ComponentStyle.d.ts.gz
- styled-components/6.0.0-rc.4/models/GlobalStyle.d.ts.br
- styled-components/6.0.0-rc.4/models/GlobalStyle.d.ts.gz
- styled-components/6.0.0-rc.4/models/InlineStyle.d.ts.br
- styled-components/6.0.0-rc.4/models/InlineStyle.d.ts.gz
- styled-components/6.0.0-rc.4/models/Keyframes.d.ts.br
- styled-components/6.0.0-rc.4/models/Keyframes.d.ts.gz
- styled-components/6.0.0-rc.4/models/ServerStyleSheet.d.ts.br
- styled-components/6.0.0-rc.4/models/ServerStyleSheet.d.ts.gz
- styled-components/6.0.0-rc.4/models/StyleSheetManager.d.ts.br
- styled-components/6.0.0-rc.4/models/StyleSheetManager.d.ts.gz
- styled-components/6.0.0-rc.4/models/StyledComponent.d.ts.br
- styled-components/6.0.0-rc.4/models/StyledComponent.d.ts.gz
- styled-components/6.0.0-rc.4/models/StyledNativeComponent.d.ts.br
- styled-components/6.0.0-rc.4/models/StyledNativeComponent.d.ts.gz
- styled-components/6.0.0-rc.4/models/ThemeProvider.d.ts.br
- styled-components/6.0.0-rc.4/models/ThemeProvider.d.ts.gz
- styled-components/6.0.0-rc.4/native/index.d.ts.br
- styled-components/6.0.0-rc.4/native/index.d.ts.gz
- styled-components/6.0.0-rc.4/secretInternals.d.ts.br
- styled-components/6.0.0-rc.4/secretInternals.d.ts.gz
- styled-components/6.0.0-rc.4/sheet/GroupIDAllocator.d.ts.br
- styled-components/6.0.0-rc.4/sheet/GroupIDAllocator.d.ts.gz
- styled-components/6.0.0-rc.4/sheet/GroupedTag.d.ts.br
- styled-components/6.0.0-rc.4/sheet/GroupedTag.d.ts.gz
- styled-components/6.0.0-rc.4/sheet/Rehydration.d.ts.br
- styled-components/6.0.0-rc.4/sheet/Rehydration.d.ts.gz
- styled-components/6.0.0-rc.4/sheet/Sheet.d.ts.br
- styled-components/6.0.0-rc.4/sheet/Sheet.d.ts.gz
- styled-components/6.0.0-rc.4/sheet/Tag.d.ts.br
- styled-components/6.0.0-rc.4/sheet/Tag.d.ts.gz
- styled-components/6.0.0-rc.4/sheet/dom.d.ts.br
- styled-components/6.0.0-rc.4/sheet/dom.d.ts.gz
- styled-components/6.0.0-rc.4/sheet/index.d.ts.br
- styled-components/6.0.0-rc.4/sheet/index.d.ts.gz
- styled-components/6.0.0-rc.4/sheet/types.d.ts.br
- styled-components/6.0.0-rc.4/sheet/types.d.ts.gz
- styled-components/6.0.0-rc.4/styled-components-macro.cjs.js.br
- styled-components/6.0.0-rc.4/styled-components-macro.cjs.js.gz
- styled-components/6.0.0-rc.4/styled-components-macro.cjs.js.map.br
- styled-components/6.0.0-rc.4/styled-components-macro.cjs.js.map.gz
- styled-components/6.0.0-rc.4/styled-components-macro.cjs.min.js.br
- styled-components/6.0.0-rc.4/styled-components-macro.cjs.min.js.gz
- styled-components/6.0.0-rc.4/styled-components-macro.esm.js.br
- styled-components/6.0.0-rc.4/styled-components-macro.esm.js.gz
- styled-components/6.0.0-rc.4/styled-components-macro.esm.js.map.br
- styled-components/6.0.0-rc.4/styled-components-macro.esm.js.map.gz
- styled-components/6.0.0-rc.4/styled-components-macro.esm.min.js.br
- styled-components/6.0.0-rc.4/styled-components-macro.esm.min.js.gz
- styled-components/6.0.0-rc.4/styled-components.browser.cjs.js.br
- styled-components/6.0.0-rc.4/styled-components.browser.cjs.js.gz
- styled-components/6.0.0-rc.4/styled-components.browser.cjs.js.map.br
- styled-components/6.0.0-rc.4/styled-components.browser.cjs.js.map.gz
- styled-components/6.0.0-rc.4/styled-components.browser.cjs.min.js.br
- styled-components/6.0.0-rc.4/styled-components.browser.cjs.min.js.gz
- styled-components/6.0.0-rc.4/styled-components.browser.esm.js.br
- styled-components/6.0.0-rc.4/styled-components.browser.esm.js.gz
- styled-components/6.0.0-rc.4/styled-components.browser.esm.js.map.br
- styled-components/6.0.0-rc.4/styled-components.browser.esm.js.map.gz
- styled-components/6.0.0-rc.4/styled-components.browser.esm.min.js.br
- styled-components/6.0.0-rc.4/styled-components.browser.esm.min.js.gz
- styled-components/6.0.0-rc.4/styled-components.cjs.js.br
- styled-components/6.0.0-rc.4/styled-components.cjs.js.gz
- styled-components/6.0.0-rc.4/styled-components.cjs.js.map.br
- styled-components/6.0.0-rc.4/styled-components.cjs.js.map.gz
- styled-components/6.0.0-rc.4/styled-components.cjs.min.js.br
- styled-components/6.0.0-rc.4/styled-components.cjs.min.js.gz
- styled-components/6.0.0-rc.4/styled-components.esm.js.br
- styled-components/6.0.0-rc.4/styled-components.esm.js.gz
- styled-components/6.0.0-rc.4/styled-components.esm.js.map.br
- styled-components/6.0.0-rc.4/styled-components.esm.js.map.gz
- styled-components/6.0.0-rc.4/styled-components.esm.min.js.br
- styled-components/6.0.0-rc.4/styled-components.esm.min.js.gz
- styled-components/6.0.0-rc.4/styled-components.js.br
- styled-components/6.0.0-rc.4/styled-components.js.gz
- styled-components/6.0.0-rc.4/styled-components.js.map.br
- styled-components/6.0.0-rc.4/styled-components.js.map.gz
- styled-components/6.0.0-rc.4/styled-components.min.js.br
- styled-components/6.0.0-rc.4/styled-components.min.js.gz
- styled-components/6.0.0-rc.4/styled-components.min.js.map.br
- styled-components/6.0.0-rc.4/styled-components.min.js.map.gz
- styled-components/6.0.0-rc.4/test/globals.d.ts.br
- styled-components/6.0.0-rc.4/test/globals.d.ts.gz
- styled-components/6.0.0-rc.4/test/types.d.ts.br
- styled-components/6.0.0-rc.4/test/types.d.ts.gz
- styled-components/6.0.0-rc.4/test/utils.d.ts.br
- styled-components/6.0.0-rc.4/test/utils.d.ts.gz
- styled-components/6.0.0-rc.4/test/veryLargeUnionType.d.ts.br
- styled-components/6.0.0-rc.4/test/veryLargeUnionType.d.ts.gz
- styled-components/6.0.0-rc.4/types.d.ts.br
- styled-components/6.0.0-rc.4/types.d.ts.gz
- styled-components/6.0.0-rc.4/utils/addUnitIfNeeded.d.ts.br
- styled-components/6.0.0-rc.4/utils/addUnitIfNeeded.d.ts.gz
- styled-components/6.0.0-rc.4/utils/checkDynamicCreation.d.ts.br
- styled-components/6.0.0-rc.4/utils/checkDynamicCreation.d.ts.gz
- styled-components/6.0.0-rc.4/utils/createWarnTooManyClasses.d.ts.br
- styled-components/6.0.0-rc.4/utils/createWarnTooManyClasses.d.ts.gz
- styled-components/6.0.0-rc.4/utils/determineTheme.d.ts.br
- styled-components/6.0.0-rc.4/utils/determineTheme.d.ts.gz
- styled-components/6.0.0-rc.4/utils/domElements.d.ts.br
- styled-components/6.0.0-rc.4/utils/domElements.d.ts.gz
- styled-components/6.0.0-rc.4/utils/empties.d.ts.br
- styled-components/6.0.0-rc.4/utils/empties.d.ts.gz
- styled-components/6.0.0-rc.4/utils/error.d.ts.br
- styled-components/6.0.0-rc.4/utils/error.d.ts.gz
- styled-components/6.0.0-rc.4/utils/errors.d.ts.br
- styled-components/6.0.0-rc.4/utils/errors.d.ts.gz
- styled-components/6.0.0-rc.4/utils/escape.d.ts.br
- styled-components/6.0.0-rc.4/utils/escape.d.ts.gz
- styled-components/6.0.0-rc.4/utils/flatten.d.ts.br
- styled-components/6.0.0-rc.4/utils/flatten.d.ts.gz
- styled-components/6.0.0-rc.4/utils/generateAlphabeticName.d.ts.br
- styled-components/6.0.0-rc.4/utils/generateAlphabeticName.d.ts.gz
- styled-components/6.0.0-rc.4/utils/generateComponentId.d.ts.br
- styled-components/6.0.0-rc.4/utils/generateComponentId.d.ts.gz
- styled-components/6.0.0-rc.4/utils/generateDisplayName.d.ts.br
- styled-components/6.0.0-rc.4/utils/generateDisplayName.d.ts.gz
- styled-components/6.0.0-rc.4/utils/getComponentName.d.ts.br
- styled-components/6.0.0-rc.4/utils/getComponentName.d.ts.gz
- styled-components/6.0.0-rc.4/utils/hash.d.ts.br
- styled-components/6.0.0-rc.4/utils/hash.d.ts.gz
- styled-components/6.0.0-rc.4/utils/hoist.d.ts.br
- styled-components/6.0.0-rc.4/utils/hoist.d.ts.gz
- styled-components/6.0.0-rc.4/utils/hyphenateStyleName.d.ts.br
- styled-components/6.0.0-rc.4/utils/hyphenateStyleName.d.ts.gz
- styled-components/6.0.0-rc.4/utils/interleave.d.ts.br
- styled-components/6.0.0-rc.4/utils/interleave.d.ts.gz
- styled-components/6.0.0-rc.4/utils/isFunction.d.ts.br
- styled-components/6.0.0-rc.4/utils/isFunction.d.ts.gz
- styled-components/6.0.0-rc.4/utils/isPlainObject.d.ts.br
- styled-components/6.0.0-rc.4/utils/isPlainObject.d.ts.gz
- styled-components/6.0.0-rc.4/utils/isStatelessFunction.d.ts.br
- styled-components/6.0.0-rc.4/utils/isStatelessFunction.d.ts.gz
- styled-components/6.0.0-rc.4/utils/isStaticRules.d.ts.br
- styled-components/6.0.0-rc.4/utils/isStaticRules.d.ts.gz
- styled-components/6.0.0-rc.4/utils/isStyledComponent.d.ts.br
- styled-components/6.0.0-rc.4/utils/isStyledComponent.d.ts.gz
- styled-components/6.0.0-rc.4/utils/isTag.d.ts.br
- styled-components/6.0.0-rc.4/utils/isTag.d.ts.gz
- styled-components/6.0.0-rc.4/utils/joinStrings.d.ts.br
- styled-components/6.0.0-rc.4/utils/joinStrings.d.ts.gz
- styled-components/6.0.0-rc.4/utils/mixinDeep.d.ts.br
- styled-components/6.0.0-rc.4/utils/mixinDeep.d.ts.gz
- styled-components/6.0.0-rc.4/utils/nonce.d.ts.br
- styled-components/6.0.0-rc.4/utils/nonce.d.ts.gz
- styled-components/6.0.0-rc.4/utils/setToString.d.ts.br
- styled-components/6.0.0-rc.4/utils/setToString.d.ts.gz
- styled-components/6.0.0-rc.4/utils/stylis.d.ts.br
- styled-components/6.0.0-rc.4/utils/stylis.d.ts.gz
