Files:
- fontsource-sanchez/5.0.20/400-italic.css.br
- fontsource-sanchez/5.0.20/400-italic.css.gz
- fontsource-sanchez/5.0.20/400-italic.css.sri
- fontsource-sanchez/5.0.20/400-italic.min.css.br
- fontsource-sanchez/5.0.20/400-italic.min.css.gz
- fontsource-sanchez/5.0.20/400-italic.min.css.sri
- fontsource-sanchez/5.0.20/400.css.br
- fontsource-sanchez/5.0.20/400.css.gz
- fontsource-sanchez/5.0.20/400.css.sri
- fontsource-sanchez/5.0.20/400.min.css.br
- fontsource-sanchez/5.0.20/400.min.css.gz
- fontsource-sanchez/5.0.20/400.min.css.sri
- fontsource-sanchez/5.0.20/files/sanchez-latin-400-italic.woff.br
- fontsource-sanchez/5.0.20/files/sanchez-latin-400-italic.woff.gz
- fontsource-sanchez/5.0.20/files/sanchez-latin-400-italic.woff2
- fontsource-sanchez/5.0.20/files/sanchez-latin-400-normal.woff.br
- fontsource-sanchez/5.0.20/files/sanchez-latin-400-normal.woff.gz
- fontsource-sanchez/5.0.20/files/sanchez-latin-400-normal.woff2
- fontsource-sanchez/5.0.20/files/sanchez-latin-ext-400-italic.woff.br
- fontsource-sanchez/5.0.20/files/sanchez-latin-ext-400-italic.woff.gz
- fontsource-sanchez/5.0.20/files/sanchez-latin-ext-400-italic.woff2
- fontsource-sanchez/5.0.20/files/sanchez-latin-ext-400-normal.woff.br
- fontsource-sanchez/5.0.20/files/sanchez-latin-ext-400-normal.woff.gz
- fontsource-sanchez/5.0.20/files/sanchez-latin-ext-400-normal.woff2
- fontsource-sanchez/5.0.20/index.css.br
- fontsource-sanchez/5.0.20/index.css.gz
- fontsource-sanchez/5.0.20/index.css.sri
- fontsource-sanchez/5.0.20/index.min.css.br
- fontsource-sanchez/5.0.20/index.min.css.gz
- fontsource-sanchez/5.0.20/index.min.css.sri
- fontsource-sanchez/5.0.20/latin-400-italic.css.br
- fontsource-sanchez/5.0.20/latin-400-italic.css.gz
- fontsource-sanchez/5.0.20/latin-400-italic.css.sri
- fontsource-sanchez/5.0.20/latin-400-italic.min.css.br
- fontsource-sanchez/5.0.20/latin-400-italic.min.css.gz
- fontsource-sanchez/5.0.20/latin-400-italic.min.css.sri
- fontsource-sanchez/5.0.20/latin-400.css.br
- fontsource-sanchez/5.0.20/latin-400.css.gz
- fontsource-sanchez/5.0.20/latin-400.css.sri
- fontsource-sanchez/5.0.20/latin-400.min.css.br
- fontsource-sanchez/5.0.20/latin-400.min.css.gz
- fontsource-sanchez/5.0.20/latin-400.min.css.sri
- fontsource-sanchez/5.0.20/latin-ext-400-italic.css.br
- fontsource-sanchez/5.0.20/latin-ext-400-italic.css.gz
- fontsource-sanchez/5.0.20/latin-ext-400-italic.css.sri
- fontsource-sanchez/5.0.20/latin-ext-400-italic.min.css.br
- fontsource-sanchez/5.0.20/latin-ext-400-italic.min.css.gz
- fontsource-sanchez/5.0.20/latin-ext-400-italic.min.css.sri
- fontsource-sanchez/5.0.20/latin-ext-400.css.br
- fontsource-sanchez/5.0.20/latin-ext-400.css.gz
- fontsource-sanchez/5.0.20/latin-ext-400.css.sri
- fontsource-sanchez/5.0.20/latin-ext-400.min.css.br
- fontsource-sanchez/5.0.20/latin-ext-400.min.css.gz
- fontsource-sanchez/5.0.20/latin-ext-400.min.css.sri
- fontsource-sanchez/5.0.20/latin-ext-italic.css.br
- fontsource-sanchez/5.0.20/latin-ext-italic.css.gz
- fontsource-sanchez/5.0.20/latin-ext-italic.css.sri
- fontsource-sanchez/5.0.20/latin-ext-italic.min.css.br
- fontsource-sanchez/5.0.20/latin-ext-italic.min.css.gz
- fontsource-sanchez/5.0.20/latin-ext-italic.min.css.sri
- fontsource-sanchez/5.0.20/latin-ext.css.br
- fontsource-sanchez/5.0.20/latin-ext.css.gz
- fontsource-sanchez/5.0.20/latin-ext.css.sri
- fontsource-sanchez/5.0.20/latin-ext.min.css.br
- fontsource-sanchez/5.0.20/latin-ext.min.css.gz
- fontsource-sanchez/5.0.20/latin-ext.min.css.sri
- fontsource-sanchez/5.0.20/latin-italic.css.br
- fontsource-sanchez/5.0.20/latin-italic.css.gz
- fontsource-sanchez/5.0.20/latin-italic.css.sri
- fontsource-sanchez/5.0.20/latin-italic.min.css.br
- fontsource-sanchez/5.0.20/latin-italic.min.css.gz
- fontsource-sanchez/5.0.20/latin-italic.min.css.sri
- fontsource-sanchez/5.0.20/latin.css.br
- fontsource-sanchez/5.0.20/latin.css.gz
- fontsource-sanchez/5.0.20/latin.css.sri
- fontsource-sanchez/5.0.20/latin.min.css.br
- fontsource-sanchez/5.0.20/latin.min.css.gz
- fontsource-sanchez/5.0.20/latin.min.css.sri
