2021/12/20 09:34:41 optimizing files (Js true, Css true, Png true, Jpg true)
2021/12/20 09:34:41 compressed file already exists: /tmp/work/public/assets/scripts/choices.min.js
2021/12/20 09:34:41 /tmp/work/public/assets/styles/base.css already has a compressed version: /tmp/work/public/assets/styles/base.min.css
2021/12/20 09:34:41 /tmp/work/public/assets/scripts/choices.min.js.min.js compressed file already exists
2021/12/20 09:34:41 sri /tmp/work/public/assets/styles/base.css -> /output/base.css.sri
2021/12/20 09:34:41 algorithm: run /usr/bin/brotli --quality=11 --output=/output/base.css.br /tmp/work/public/assets/styles/base.css
2021/12/20 09:34:41 /tmp/work/public/assets/styles/choices.css already has a compressed version: /tmp/work/public/assets/styles/choices.min.css
2021/12/20 09:34:41 sri /tmp/work/public/assets/styles/base.min.css -> /output/base.min.css.sri
2021/12/20 09:34:41 sri /tmp/work/public/assets/styles/choices.css -> /output/choices.css.sri
2021/12/20 09:34:41 algorithm: run /usr/bin/brotli --quality=11 --output=/output/choices.css.br /tmp/work/public/assets/styles/choices.css
2021/12/20 09:34:41 algorithm: run /usr/bin/brotli --quality=11 --output=/output/base.min.css.br /tmp/work/public/assets/styles/base.min.css
2021/12/20 09:34:41 sri /tmp/work/public/assets/scripts/choices.min.js -> /output/choices.min.js.sri
2021/12/20 09:34:41 algorithm: run /usr/bin/brotli --quality=11 --output=/output/choices.min.js.br /tmp/work/public/assets/scripts/choices.min.js
2021/12/20 09:34:41 sri /tmp/work/public/assets/styles/choices.min.css -> /output/choices.min.css.sri
2021/12/20 09:34:41 algorithm: run /usr/bin/brotli --quality=11 --output=/output/choices.min.css.br /tmp/work/public/assets/styles/choices.min.css
2021/12/20 09:34:41 sri /tmp/work/public/assets/scripts/choices.js -> /output/choices.js.sri
2021/12/20 09:34:41 algorithm: run /usr/bin/brotli --quality=11 --output=/output/choices.js.br /tmp/work/public/assets/scripts/choices.js
2021/12/20 09:34:41 br /tmp/work/public/assets/styles/base.min.css -> /output/base.min.css.br
2021/12/20 09:34:41 gz /tmp/work/public/assets/styles/base.min.css -> /output/base.min.css.gz
2021/12/20 09:34:41 br /tmp/work/public/assets/styles/base.css -> /output/base.css.br
2021/12/20 09:34:41 gz /tmp/work/public/assets/styles/base.css -> /output/base.css.gz
2021/12/20 09:34:41 br /tmp/work/public/assets/styles/choices.css -> /output/choices.css.br
2021/12/20 09:34:41 gz /tmp/work/public/assets/styles/choices.css -> /output/choices.css.gz
2021/12/20 09:34:41 br /tmp/work/public/assets/styles/choices.min.css -> /output/choices.min.css.br
2021/12/20 09:34:41 gz /tmp/work/public/assets/styles/choices.min.css -> /output/choices.min.css.gz
2021/12/20 09:34:41 br /tmp/work/public/assets/scripts/choices.min.js -> /output/choices.min.js.br
2021/12/20 09:34:41 gz /tmp/work/public/assets/scripts/choices.min.js -> /output/choices.min.js.gz
2021/12/20 09:34:42 br /tmp/work/public/assets/scripts/choices.js -> /output/choices.js.br
2021/12/20 09:34:42 gz /tmp/work/public/assets/scripts/choices.js -> /output/choices.js.gz
2021/12/20 09:34:42 processed choices.js
