Files:
- fontsource-noto-sans-khmer/4.5.8/100.css.br
- fontsource-noto-sans-khmer/4.5.8/100.css.gz
- fontsource-noto-sans-khmer/4.5.8/100.min.css.br
- fontsource-noto-sans-khmer/4.5.8/100.min.css.gz
- fontsource-noto-sans-khmer/4.5.8/200.css.br
- fontsource-noto-sans-khmer/4.5.8/200.css.gz
- fontsource-noto-sans-khmer/4.5.8/200.min.css.br
- fontsource-noto-sans-khmer/4.5.8/200.min.css.gz
- fontsource-noto-sans-khmer/4.5.8/300.css.br
- fontsource-noto-sans-khmer/4.5.8/300.css.gz
- fontsource-noto-sans-khmer/4.5.8/300.min.css.br
- fontsource-noto-sans-khmer/4.5.8/300.min.css.gz
- fontsource-noto-sans-khmer/4.5.8/400.css.br
- fontsource-noto-sans-khmer/4.5.8/400.css.gz
- fontsource-noto-sans-khmer/4.5.8/400.min.css.br
- fontsource-noto-sans-khmer/4.5.8/400.min.css.gz
- fontsource-noto-sans-khmer/4.5.8/500.css.br
- fontsource-noto-sans-khmer/4.5.8/500.css.gz
- fontsource-noto-sans-khmer/4.5.8/500.min.css.br
- fontsource-noto-sans-khmer/4.5.8/500.min.css.gz
- fontsource-noto-sans-khmer/4.5.8/600.css.br
- fontsource-noto-sans-khmer/4.5.8/600.css.gz
- fontsource-noto-sans-khmer/4.5.8/600.min.css.br
- fontsource-noto-sans-khmer/4.5.8/600.min.css.gz
- fontsource-noto-sans-khmer/4.5.8/700.css.br
- fontsource-noto-sans-khmer/4.5.8/700.css.gz
- fontsource-noto-sans-khmer/4.5.8/700.min.css.br
- fontsource-noto-sans-khmer/4.5.8/700.min.css.gz
- fontsource-noto-sans-khmer/4.5.8/800.css.br
- fontsource-noto-sans-khmer/4.5.8/800.css.gz
- fontsource-noto-sans-khmer/4.5.8/800.min.css.br
- fontsource-noto-sans-khmer/4.5.8/800.min.css.gz
- fontsource-noto-sans-khmer/4.5.8/900.css.br
- fontsource-noto-sans-khmer/4.5.8/900.css.gz
- fontsource-noto-sans-khmer/4.5.8/900.min.css.br
- fontsource-noto-sans-khmer/4.5.8/900.min.css.gz
- fontsource-noto-sans-khmer/4.5.8/files/noto-sans-khmer-all-100-normal.woff.br
- fontsource-noto-sans-khmer/4.5.8/files/noto-sans-khmer-all-100-normal.woff.gz
- fontsource-noto-sans-khmer/4.5.8/files/noto-sans-khmer-all-200-normal.woff.br
- fontsource-noto-sans-khmer/4.5.8/files/noto-sans-khmer-all-200-normal.woff.gz
- fontsource-noto-sans-khmer/4.5.8/files/noto-sans-khmer-all-300-normal.woff.br
- fontsource-noto-sans-khmer/4.5.8/files/noto-sans-khmer-all-300-normal.woff.gz
- fontsource-noto-sans-khmer/4.5.8/files/noto-sans-khmer-all-400-normal.woff.br
- fontsource-noto-sans-khmer/4.5.8/files/noto-sans-khmer-all-400-normal.woff.gz
- fontsource-noto-sans-khmer/4.5.8/files/noto-sans-khmer-all-500-normal.woff.br
- fontsource-noto-sans-khmer/4.5.8/files/noto-sans-khmer-all-500-normal.woff.gz
- fontsource-noto-sans-khmer/4.5.8/files/noto-sans-khmer-all-600-normal.woff.br
- fontsource-noto-sans-khmer/4.5.8/files/noto-sans-khmer-all-600-normal.woff.gz
- fontsource-noto-sans-khmer/4.5.8/files/noto-sans-khmer-all-700-normal.woff.br
- fontsource-noto-sans-khmer/4.5.8/files/noto-sans-khmer-all-700-normal.woff.gz
- fontsource-noto-sans-khmer/4.5.8/files/noto-sans-khmer-all-800-normal.woff.br
- fontsource-noto-sans-khmer/4.5.8/files/noto-sans-khmer-all-800-normal.woff.gz
- fontsource-noto-sans-khmer/4.5.8/files/noto-sans-khmer-all-900-normal.woff.br
- fontsource-noto-sans-khmer/4.5.8/files/noto-sans-khmer-all-900-normal.woff.gz
- fontsource-noto-sans-khmer/4.5.8/files/noto-sans-khmer-khmer-100-normal.woff.br
- fontsource-noto-sans-khmer/4.5.8/files/noto-sans-khmer-khmer-100-normal.woff.gz
- fontsource-noto-sans-khmer/4.5.8/files/noto-sans-khmer-khmer-100-normal.woff2
- fontsource-noto-sans-khmer/4.5.8/files/noto-sans-khmer-khmer-200-normal.woff.br
- fontsource-noto-sans-khmer/4.5.8/files/noto-sans-khmer-khmer-200-normal.woff.gz
- fontsource-noto-sans-khmer/4.5.8/files/noto-sans-khmer-khmer-200-normal.woff2
- fontsource-noto-sans-khmer/4.5.8/files/noto-sans-khmer-khmer-300-normal.woff.br
- fontsource-noto-sans-khmer/4.5.8/files/noto-sans-khmer-khmer-300-normal.woff.gz
- fontsource-noto-sans-khmer/4.5.8/files/noto-sans-khmer-khmer-300-normal.woff2
- fontsource-noto-sans-khmer/4.5.8/files/noto-sans-khmer-khmer-400-normal.woff.br
- fontsource-noto-sans-khmer/4.5.8/files/noto-sans-khmer-khmer-400-normal.woff.gz
- fontsource-noto-sans-khmer/4.5.8/files/noto-sans-khmer-khmer-400-normal.woff2
- fontsource-noto-sans-khmer/4.5.8/files/noto-sans-khmer-khmer-500-normal.woff.br
- fontsource-noto-sans-khmer/4.5.8/files/noto-sans-khmer-khmer-500-normal.woff.gz
- fontsource-noto-sans-khmer/4.5.8/files/noto-sans-khmer-khmer-500-normal.woff2
- fontsource-noto-sans-khmer/4.5.8/files/noto-sans-khmer-khmer-600-normal.woff.br
- fontsource-noto-sans-khmer/4.5.8/files/noto-sans-khmer-khmer-600-normal.woff.gz
- fontsource-noto-sans-khmer/4.5.8/files/noto-sans-khmer-khmer-600-normal.woff2
- fontsource-noto-sans-khmer/4.5.8/files/noto-sans-khmer-khmer-700-normal.woff.br
- fontsource-noto-sans-khmer/4.5.8/files/noto-sans-khmer-khmer-700-normal.woff.gz
- fontsource-noto-sans-khmer/4.5.8/files/noto-sans-khmer-khmer-700-normal.woff2
- fontsource-noto-sans-khmer/4.5.8/files/noto-sans-khmer-khmer-800-normal.woff.br
- fontsource-noto-sans-khmer/4.5.8/files/noto-sans-khmer-khmer-800-normal.woff.gz
- fontsource-noto-sans-khmer/4.5.8/files/noto-sans-khmer-khmer-800-normal.woff2
- fontsource-noto-sans-khmer/4.5.8/files/noto-sans-khmer-khmer-900-normal.woff.br
- fontsource-noto-sans-khmer/4.5.8/files/noto-sans-khmer-khmer-900-normal.woff.gz
- fontsource-noto-sans-khmer/4.5.8/files/noto-sans-khmer-khmer-900-normal.woff2
- fontsource-noto-sans-khmer/4.5.8/files/noto-sans-khmer-khmer-variable-full-normal.woff2
- fontsource-noto-sans-khmer/4.5.8/files/noto-sans-khmer-khmer-variable-wghtOnly-normal.woff2
- fontsource-noto-sans-khmer/4.5.8/index.css.br
- fontsource-noto-sans-khmer/4.5.8/index.css.gz
- fontsource-noto-sans-khmer/4.5.8/index.min.css.br
- fontsource-noto-sans-khmer/4.5.8/index.min.css.gz
- fontsource-noto-sans-khmer/4.5.8/khmer-100.css.br
- fontsource-noto-sans-khmer/4.5.8/khmer-100.css.gz
- fontsource-noto-sans-khmer/4.5.8/khmer-100.min.css.br
- fontsource-noto-sans-khmer/4.5.8/khmer-100.min.css.gz
- fontsource-noto-sans-khmer/4.5.8/khmer-200.css.br
- fontsource-noto-sans-khmer/4.5.8/khmer-200.css.gz
- fontsource-noto-sans-khmer/4.5.8/khmer-200.min.css.br
- fontsource-noto-sans-khmer/4.5.8/khmer-200.min.css.gz
- fontsource-noto-sans-khmer/4.5.8/khmer-300.css.br
- fontsource-noto-sans-khmer/4.5.8/khmer-300.css.gz
- fontsource-noto-sans-khmer/4.5.8/khmer-300.min.css.br
- fontsource-noto-sans-khmer/4.5.8/khmer-300.min.css.gz
- fontsource-noto-sans-khmer/4.5.8/khmer-400.css.br
- fontsource-noto-sans-khmer/4.5.8/khmer-400.css.gz
- fontsource-noto-sans-khmer/4.5.8/khmer-400.min.css.br
- fontsource-noto-sans-khmer/4.5.8/khmer-400.min.css.gz
- fontsource-noto-sans-khmer/4.5.8/khmer-500.css.br
- fontsource-noto-sans-khmer/4.5.8/khmer-500.css.gz
- fontsource-noto-sans-khmer/4.5.8/khmer-500.min.css.br
- fontsource-noto-sans-khmer/4.5.8/khmer-500.min.css.gz
- fontsource-noto-sans-khmer/4.5.8/khmer-600.css.br
- fontsource-noto-sans-khmer/4.5.8/khmer-600.css.gz
- fontsource-noto-sans-khmer/4.5.8/khmer-600.min.css.br
- fontsource-noto-sans-khmer/4.5.8/khmer-600.min.css.gz
- fontsource-noto-sans-khmer/4.5.8/khmer-700.css.br
- fontsource-noto-sans-khmer/4.5.8/khmer-700.css.gz
- fontsource-noto-sans-khmer/4.5.8/khmer-700.min.css.br
- fontsource-noto-sans-khmer/4.5.8/khmer-700.min.css.gz
- fontsource-noto-sans-khmer/4.5.8/khmer-800.css.br
- fontsource-noto-sans-khmer/4.5.8/khmer-800.css.gz
- fontsource-noto-sans-khmer/4.5.8/khmer-800.min.css.br
- fontsource-noto-sans-khmer/4.5.8/khmer-800.min.css.gz
- fontsource-noto-sans-khmer/4.5.8/khmer-900.css.br
- fontsource-noto-sans-khmer/4.5.8/khmer-900.css.gz
- fontsource-noto-sans-khmer/4.5.8/khmer-900.min.css.br
- fontsource-noto-sans-khmer/4.5.8/khmer-900.min.css.gz
- fontsource-noto-sans-khmer/4.5.8/khmer.css.br
- fontsource-noto-sans-khmer/4.5.8/khmer.css.gz
- fontsource-noto-sans-khmer/4.5.8/khmer.min.css.br
- fontsource-noto-sans-khmer/4.5.8/khmer.min.css.gz
- fontsource-noto-sans-khmer/4.5.8/variable-full.css.br
- fontsource-noto-sans-khmer/4.5.8/variable-full.css.gz
- fontsource-noto-sans-khmer/4.5.8/variable-full.min.css.br
- fontsource-noto-sans-khmer/4.5.8/variable-full.min.css.gz
- fontsource-noto-sans-khmer/4.5.8/variable.css.br
- fontsource-noto-sans-khmer/4.5.8/variable.css.gz
- fontsource-noto-sans-khmer/4.5.8/variable.min.css.br
- fontsource-noto-sans-khmer/4.5.8/variable.min.css.gz
