config: {"authors":[{"name":"Facebook"}],"autoupdate":{"source":"npm","target":"react-dom","fileMap":[{"basePath":"dist","files":["**/*"]},{"basePath":"","files":["+(cjs|umd)/**/*"]}],"ignoreVersions":["*-alpha.*[a-z]*","0.0.0-*"]},"description":"The entry point of the DOM-related rendering paths. It is intended to be paired with the isomorphic React, which is shipped as react to npm.","filename":"umd/react-dom.production.min.js","homepage":"https://facebook.github.io/react/","keywords":["react","jsx","transformer","view","dom","server"],"license":"MIT","name":"react-dom","repository":{"type":"git","url":"https://github.com/facebook/react"},"author":"Facebook"}
KV keys:
- react-dom/18.0.0-rc.2-next-2bf7c02f0-20220314/cjs/react-dom-server-legacy.browser.development.js.br
- react-dom/18.0.0-rc.2-next-2bf7c02f0-20220314/cjs/react-dom-server-legacy.browser.development.js.gz
- react-dom/18.0.0-rc.2-next-2bf7c02f0-20220314/cjs/react-dom-server-legacy.browser.development.min.js.br
- react-dom/18.0.0-rc.2-next-2bf7c02f0-20220314/cjs/react-dom-server-legacy.browser.development.min.js.gz
- react-dom/18.0.0-rc.2-next-2bf7c02f0-20220314/cjs/react-dom-server-legacy.browser.production.min.js.br
- react-dom/18.0.0-rc.2-next-2bf7c02f0-20220314/cjs/react-dom-server-legacy.browser.production.min.js.gz
- react-dom/18.0.0-rc.2-next-2bf7c02f0-20220314/cjs/react-dom-server-legacy.node.development.js.br
- react-dom/18.0.0-rc.2-next-2bf7c02f0-20220314/cjs/react-dom-server-legacy.node.development.js.gz
- react-dom/18.0.0-rc.2-next-2bf7c02f0-20220314/cjs/react-dom-server-legacy.node.development.min.js.br
- react-dom/18.0.0-rc.2-next-2bf7c02f0-20220314/cjs/react-dom-server-legacy.node.development.min.js.gz
- react-dom/18.0.0-rc.2-next-2bf7c02f0-20220314/cjs/react-dom-server-legacy.node.production.min.js.br
- react-dom/18.0.0-rc.2-next-2bf7c02f0-20220314/cjs/react-dom-server-legacy.node.production.min.js.gz
- react-dom/18.0.0-rc.2-next-2bf7c02f0-20220314/cjs/react-dom-server.browser.development.js.br
- react-dom/18.0.0-rc.2-next-2bf7c02f0-20220314/cjs/react-dom-server.browser.development.js.gz
- react-dom/18.0.0-rc.2-next-2bf7c02f0-20220314/cjs/react-dom-server.browser.development.min.js.br
- react-dom/18.0.0-rc.2-next-2bf7c02f0-20220314/cjs/react-dom-server.browser.development.min.js.gz
- react-dom/18.0.0-rc.2-next-2bf7c02f0-20220314/cjs/react-dom-server.browser.production.min.js.br
- react-dom/18.0.0-rc.2-next-2bf7c02f0-20220314/cjs/react-dom-server.browser.production.min.js.gz
- react-dom/18.0.0-rc.2-next-2bf7c02f0-20220314/cjs/react-dom-server.node.development.js.br
- react-dom/18.0.0-rc.2-next-2bf7c02f0-20220314/cjs/react-dom-server.node.development.js.gz
- react-dom/18.0.0-rc.2-next-2bf7c02f0-20220314/cjs/react-dom-server.node.development.min.js.br
- react-dom/18.0.0-rc.2-next-2bf7c02f0-20220314/cjs/react-dom-server.node.development.min.js.gz
- react-dom/18.0.0-rc.2-next-2bf7c02f0-20220314/cjs/react-dom-server.node.production.min.js.br
- react-dom/18.0.0-rc.2-next-2bf7c02f0-20220314/cjs/react-dom-server.node.production.min.js.gz
- react-dom/18.0.0-rc.2-next-2bf7c02f0-20220314/cjs/react-dom-test-utils.development.js.br
- react-dom/18.0.0-rc.2-next-2bf7c02f0-20220314/cjs/react-dom-test-utils.development.js.gz
- react-dom/18.0.0-rc.2-next-2bf7c02f0-20220314/cjs/react-dom-test-utils.development.min.js.br
- react-dom/18.0.0-rc.2-next-2bf7c02f0-20220314/cjs/react-dom-test-utils.development.min.js.gz
- react-dom/18.0.0-rc.2-next-2bf7c02f0-20220314/cjs/react-dom-test-utils.production.min.js.br
- react-dom/18.0.0-rc.2-next-2bf7c02f0-20220314/cjs/react-dom-test-utils.production.min.js.gz
- react-dom/18.0.0-rc.2-next-2bf7c02f0-20220314/cjs/react-dom.development.js.br
- react-dom/18.0.0-rc.2-next-2bf7c02f0-20220314/cjs/react-dom.development.js.gz
- react-dom/18.0.0-rc.2-next-2bf7c02f0-20220314/cjs/react-dom.development.min.js.br
- react-dom/18.0.0-rc.2-next-2bf7c02f0-20220314/cjs/react-dom.development.min.js.gz
- react-dom/18.0.0-rc.2-next-2bf7c02f0-20220314/cjs/react-dom.production.min.js.br
- react-dom/18.0.0-rc.2-next-2bf7c02f0-20220314/cjs/react-dom.production.min.js.gz
- react-dom/18.0.0-rc.2-next-2bf7c02f0-20220314/cjs/react-dom.profiling.min.js.br
- react-dom/18.0.0-rc.2-next-2bf7c02f0-20220314/cjs/react-dom.profiling.min.js.gz
- react-dom/18.0.0-rc.2-next-2bf7c02f0-20220314/umd/react-dom-server-legacy.browser.development.js.br
- react-dom/18.0.0-rc.2-next-2bf7c02f0-20220314/umd/react-dom-server-legacy.browser.development.js.gz
- react-dom/18.0.0-rc.2-next-2bf7c02f0-20220314/umd/react-dom-server-legacy.browser.development.min.js.br
- react-dom/18.0.0-rc.2-next-2bf7c02f0-20220314/umd/react-dom-server-legacy.browser.development.min.js.gz
- react-dom/18.0.0-rc.2-next-2bf7c02f0-20220314/umd/react-dom-server-legacy.browser.production.min.js.br
- react-dom/18.0.0-rc.2-next-2bf7c02f0-20220314/umd/react-dom-server-legacy.browser.production.min.js.gz
- react-dom/18.0.0-rc.2-next-2bf7c02f0-20220314/umd/react-dom-server.browser.development.js.br
- react-dom/18.0.0-rc.2-next-2bf7c02f0-20220314/umd/react-dom-server.browser.development.js.gz
- react-dom/18.0.0-rc.2-next-2bf7c02f0-20220314/umd/react-dom-server.browser.development.min.js.br
- react-dom/18.0.0-rc.2-next-2bf7c02f0-20220314/umd/react-dom-server.browser.development.min.js.gz
- react-dom/18.0.0-rc.2-next-2bf7c02f0-20220314/umd/react-dom-server.browser.production.min.js.br
- react-dom/18.0.0-rc.2-next-2bf7c02f0-20220314/umd/react-dom-server.browser.production.min.js.gz
- react-dom/18.0.0-rc.2-next-2bf7c02f0-20220314/umd/react-dom-test-utils.development.js.br
- react-dom/18.0.0-rc.2-next-2bf7c02f0-20220314/umd/react-dom-test-utils.development.js.gz
- react-dom/18.0.0-rc.2-next-2bf7c02f0-20220314/umd/react-dom-test-utils.development.min.js.br
- react-dom/18.0.0-rc.2-next-2bf7c02f0-20220314/umd/react-dom-test-utils.development.min.js.gz
- react-dom/18.0.0-rc.2-next-2bf7c02f0-20220314/umd/react-dom-test-utils.production.min.js.br
- react-dom/18.0.0-rc.2-next-2bf7c02f0-20220314/umd/react-dom-test-utils.production.min.js.gz
- react-dom/18.0.0-rc.2-next-2bf7c02f0-20220314/umd/react-dom.development.js.br
- react-dom/18.0.0-rc.2-next-2bf7c02f0-20220314/umd/react-dom.development.js.gz
- react-dom/18.0.0-rc.2-next-2bf7c02f0-20220314/umd/react-dom.development.min.js.br
- react-dom/18.0.0-rc.2-next-2bf7c02f0-20220314/umd/react-dom.development.min.js.gz
- react-dom/18.0.0-rc.2-next-2bf7c02f0-20220314/umd/react-dom.production.min.js.br
- react-dom/18.0.0-rc.2-next-2bf7c02f0-20220314/umd/react-dom.production.min.js.gz
- react-dom/18.0.0-rc.2-next-2bf7c02f0-20220314/umd/react-dom.profiling.min.js.br
- react-dom/18.0.0-rc.2-next-2bf7c02f0-20220314/umd/react-dom.profiling.min.js.gz
SRIs:
- react-dom/18.0.0-rc.2-next-2bf7c02f0-20220314/cjs/react-dom.development.min.js: sha512-dpvDN4NurSH5kklrjAWnNGIsufI5q8NDk//5LJ/M1jY+Y/JobeoZ0DvK1qFU8kgjlwulaZ2xj6dR6IztxxH3wA==
- react-dom/18.0.0-rc.2-next-2bf7c02f0-20220314/umd/react-dom-test-utils.development.min.js: sha512-uakH/hm/EqDYcivq+8f0CZuUvNBJ9j4WzOJyNLbgt10K2nbE4ME0UxyY+d3FAF+FHjWBOjy2HOvpHVbRNwklgA==
- react-dom/18.0.0-rc.2-next-2bf7c02f0-20220314/cjs/react-dom-server-legacy.node.development.min.js: sha512-POAjP01KGzxT089rfKtGfohSXU8ZAkcYXLuBCpiqtRIpv/0p+ynXoA/UoRgnEO74KbplE/xXeRYG2ddDr3XIKQ==
- react-dom/18.0.0-rc.2-next-2bf7c02f0-20220314/cjs/react-dom-server-legacy.node.production.min.js: sha512-KpnWZTHqdVF51suXDweyZEzCyhLmNdrSIXIJATrprBWsw4k2gBSTr5z0OPvvzsqqO7578c17ub9a9Q6uIaq7nw==
- react-dom/18.0.0-rc.2-next-2bf7c02f0-20220314/cjs/react-dom-server.browser.production.min.js: sha512-V5KW0kA+MMbXZP0+bXgg9M73wUJPnYAqBmk82P70fWSUsII0J1Cfuj7TcBu0xrkxswj36Kdu41C6wedJEBleIA==
- react-dom/18.0.0-rc.2-next-2bf7c02f0-20220314/cjs/react-dom-server.node.production.min.js: sha512-5/G0uegMYo5rzueeI/IJMFmOpBa6J9nci12C8kuSzEeComb/hql2b3X9yis6trcD1CiBT5QYZH+lG6eKK4Ecsw==
- react-dom/18.0.0-rc.2-next-2bf7c02f0-20220314/cjs/react-dom.development.js: sha512-uHOTnpUQzxCACFgwGQ2DN1nk6sdRqebi2REOYi9X/fyCw+J2CEDHW7rBUg7/UKMUDWg+UfGGK56rmWMWv6h8zA==
- react-dom/18.0.0-rc.2-next-2bf7c02f0-20220314/cjs/react-dom.production.min.js: sha512-UpoN6nsfXL4vdHOn2X+DzFRuVnU+wQeXXSYdOxFaddV/6yGp+092fCYrpGEUlWo0jKlVparP9jcDuw4snWkeuA==
- react-dom/18.0.0-rc.2-next-2bf7c02f0-20220314/cjs/react-dom.profiling.min.js: sha512-k5uadQik+lit6kR2aHOsNxMM9ZeMqCGGW/IjfVMRurxPbFcpbu+zzWfQlZb/FQLhXob8qHMqT0iKKJYIm4VR1g==
- react-dom/18.0.0-rc.2-next-2bf7c02f0-20220314/umd/react-dom.development.min.js: sha512-fJpNwqJ0cMvO95B9METIDr++GqKZaisMMPY2ifuz5HM/xuFXWauGy8SPLrFjGumi4abkYmFwZfm4C8Z576T8EA==
- react-dom/18.0.0-rc.2-next-2bf7c02f0-20220314/cjs/react-dom-server.node.development.js: sha512-CurjlL9nweQvZibwZPWwktIv1tmEENTGa7HqcDZr/wplwU1CGttwrPSymxskXpjEl56MLlMci+oVa/IPmL0lgw==
- react-dom/18.0.0-rc.2-next-2bf7c02f0-20220314/cjs/react-dom-test-utils.development.min.js: sha512-JI/GrvumCbbU7QmS+HfAy7nQb/AdhHS3OQ0xEY1W6sdd1RaRDzHsdYEPU0RruQWfVK505S50zoBVnJ5K+iDE6w==
- react-dom/18.0.0-rc.2-next-2bf7c02f0-20220314/cjs/react-dom-test-utils.production.min.js: sha512-il6frAQpEzCnCvjN7NEdO5imULGObgkOgiAQO7Q9TbBN3H8RRj7vBSBlVov+xAJnNaNhp8m4U6AXRPPsyaNGBQ==
- react-dom/18.0.0-rc.2-next-2bf7c02f0-20220314/umd/react-dom.production.min.js: sha512-Cy/ft3vMpTozHNbw1Q47i3hh5yxpZW1elcXcFlHRb+eEqdOPqyB7F3vrAPoU54ZY2+BzZFh4k/dATRSt1DTjTQ==
- react-dom/18.0.0-rc.2-next-2bf7c02f0-20220314/cjs/react-dom-server-legacy.browser.development.js: sha512-N4gI92jbfJaXCvcn5ouaC35crNmg71i8iyCIXMUqrYSON2VHb9PhCPHSH4MhFiklgS/k6Nf68ik1FwN2BHTuWQ==
- react-dom/18.0.0-rc.2-next-2bf7c02f0-20220314/cjs/react-dom-server-legacy.browser.production.min.js: sha512-XQAUBWn0B8IP16C/s8wKMoggV9iM3tQgh11YVTkYm99XDJFeFEG32Pz23zYol/Q7w1CQBb0Id0NYuL959uVLNw==
- react-dom/18.0.0-rc.2-next-2bf7c02f0-20220314/umd/react-dom-server.browser.production.min.js: sha512-Z4pUzsJbxz8s7pfzYNOi/EiilYHsHtRcKXh1sBflTTZSN/fSO+2f/FJuCyI2g3aLQ4l75CeYdkrntfrblGGmTQ==
- react-dom/18.0.0-rc.2-next-2bf7c02f0-20220314/umd/react-dom-test-utils.development.js: sha512-wbXDYwUSTne2GxaN75p+PrdJB5Zb+hCvAHBbghbW1pgg5V3IS20EqW+UglDKFuOjvxdMKOp8hQNVob9gnLl6Sw==
- react-dom/18.0.0-rc.2-next-2bf7c02f0-20220314/umd/react-dom-test-utils.production.min.js: sha512-0sy9GJPTrJIoG47rBSYw9u9n6iUuW2PI/I1pXrsXWkXCp22lM/xgq6vJagC6CHrsAuCMCmjzDhcDOnEYLsl+6w==
- react-dom/18.0.0-rc.2-next-2bf7c02f0-20220314/cjs/react-dom-server.browser.development.js: sha512-6jcOioQN30QRX4zo5gdA+1LlV5yLRW6eKhyRTNYVEMVAFpU1ibAxlwhoKiRO0w8yfIoyrkbhfarQbWPcoYdbFg==
- react-dom/18.0.0-rc.2-next-2bf7c02f0-20220314/cjs/react-dom-server.browser.development.min.js: sha512-xCUW8dUSGSp7F/R2XGhTZv2Z7Pdlz58lpgndP4d6m8s81aXqRpyzGtY3bsBHIz5rjxqePXNkWYUBrfUyuDS59w==
- react-dom/18.0.0-rc.2-next-2bf7c02f0-20220314/umd/react-dom-server-legacy.browser.development.js: sha512-igvVJU+em/zbkgMBphK00JeqjgKPaOdusbWtuFvw/BseMROx9KMKfbNQjuC//XZ7zKQvW6TmEqLPBXL648oP2A==
- react-dom/18.0.0-rc.2-next-2bf7c02f0-20220314/umd/react-dom.development.js: sha512-kwQnv6VDBezDmMPgp/cPhVE5/mhKtS16mvYlVs7WYY88JDGK3uZReHX+xsVHoigdNvH8ZUC0h4pnsbwwDzVohA==
- react-dom/18.0.0-rc.2-next-2bf7c02f0-20220314/umd/react-dom.profiling.min.js: sha512-DLO6Ma5GdOKN6o0TCTqmKBCBdi+VSrAvmloiNOC+Ed0fSeNa75/NRskVIJkS0CE+fb5GEdoA/orkcfJ2p/bg7A==
- react-dom/18.0.0-rc.2-next-2bf7c02f0-20220314/umd/react-dom-server-legacy.browser.development.min.js: sha512-rq9avVRz2gng8jWBY2ac5W/yVeh+9yjKh59GDd2+D3vckbcm2jElkyxtASbf2S8RgTLPMgwOgVs6aTkdZCzXVQ==
- react-dom/18.0.0-rc.2-next-2bf7c02f0-20220314/umd/react-dom-server-legacy.browser.production.min.js: sha512-PnfeFcUb0cHypbAquZb6wYqEUv44+TrXqRTUXlYgN6hyjXggWII5cbD7qHKv9TqZTyH2yZtoBD/vTfYXcmdONA==
- react-dom/18.0.0-rc.2-next-2bf7c02f0-20220314/umd/react-dom-server.browser.development.js: sha512-gQq2gifnVC/8g/WLMwfnkpr1IbkszjDy0+q28TPBYGKKdYXKHuA1TRCJnK6wYtsU0VcQuEx9YYV5TqmF48vbzg==
- react-dom/18.0.0-rc.2-next-2bf7c02f0-20220314/cjs/react-dom-server.node.development.min.js: sha512-l/Rs064AFE0ZfETGecjmwLRCYqC28o4rcLLOMAU8PIskNMaDHdqzryNzWz1akyvdcON4T3Gw6TS5k2X/U4Wp9A==
- react-dom/18.0.0-rc.2-next-2bf7c02f0-20220314/cjs/react-dom-test-utils.development.js: sha512-yyWdN/61EWoSxxtM/SdTR9DNUfFApK7txLw0zV84otDOqtIw1pxTvGdCPBKO58wwhPDPv23fm/Jk3RD3UuZLyg==
- react-dom/18.0.0-rc.2-next-2bf7c02f0-20220314/cjs/react-dom-server-legacy.browser.development.min.js: sha512-+bCmZTNu1vOe0tafm3YILP08kRafX2L0Vk+9QdqRx7B9Zof91/qJxvF5ahRhyotJS09F1mO0/pU5R4gEGU62yg==
- react-dom/18.0.0-rc.2-next-2bf7c02f0-20220314/cjs/react-dom-server-legacy.node.development.js: sha512-gs6S9uHAXICe7rGwJQcZmevsEgfrTSwjmK+RKSacVENxlu0hsSzgTyF99tEBGqgccvw0V4HrXclLT9/IkCrdpA==
- react-dom/18.0.0-rc.2-next-2bf7c02f0-20220314/umd/react-dom-server.browser.development.min.js: sha512-WtyyW3a2tbbm3OLYK4sxLYpp96FW+PLeL7h7xs1NtuQCfR5RWMff+ohEjSRg1I/3jy7jyHO/PSY5GXKbhQe18w==
