Files:
- fontsource-luxurious-roman/5.0.16/400.css.br
- fontsource-luxurious-roman/5.0.16/400.min.css.br
- fontsource-luxurious-roman/5.0.16/files/luxurious-roman-latin-400-normal.woff.br
- fontsource-luxurious-roman/5.0.16/files/luxurious-roman-latin-ext-400-normal.woff.br
- fontsource-luxurious-roman/5.0.16/files/luxurious-roman-vietnamese-400-normal.woff.br
- fontsource-luxurious-roman/5.0.16/index.css.br
- fontsource-luxurious-roman/5.0.16/index.min.css.br
- fontsource-luxurious-roman/5.0.16/latin-400.css.br
- fontsource-luxurious-roman/5.0.16/latin-400.min.css.br
- fontsource-luxurious-roman/5.0.16/latin-ext-400.css.br
- fontsource-luxurious-roman/5.0.16/latin-ext-400.min.css.br
- fontsource-luxurious-roman/5.0.16/latin-ext.css.br
- fontsource-luxurious-roman/5.0.16/latin-ext.min.css.br
- fontsource-luxurious-roman/5.0.16/latin.css.br
- fontsource-luxurious-roman/5.0.16/latin.min.css.br
- fontsource-luxurious-roman/5.0.16/vietnamese-400.css.br
- fontsource-luxurious-roman/5.0.16/vietnamese-400.min.css.br
- fontsource-luxurious-roman/5.0.16/vietnamese.css.br
- fontsource-luxurious-roman/5.0.16/vietnamese.min.css.br
