2022/04/17 12:35:25 optimizing files (Js true, Css true, Png true, Jpg true)
2022/04/17 12:35:25 match **/* in /tmp/work/build but doesn't exists
2022/04/17 12:35:25 /tmp/work/dist/bootstrap-vue-icons.common.min.js already has corresponding compressed file
2022/04/17 12:35:25 /tmp/work/dist/bootstrap-vue-icons.common.min.js is already compressed
2022/04/17 12:35:25 /tmp/work/dist/bootstrap-vue-icons.css already has a compressed version: /tmp/work/dist/bootstrap-vue-icons.min.css
2022/04/17 12:35:25 algorithm: run /usr/bin/brotli --quality=11 --output=/output/bootstrap-vue-icons.common.js.map.br /tmp/work/dist/bootstrap-vue-icons.common.js.map
2022/04/17 12:35:25 algorithm: run /usr/bin/brotli --quality=11 --output=/output/bootstrap-vue-icons.common.min.js.map.br /tmp/work/dist/bootstrap-vue-icons.common.min.js.map
2022/04/17 12:35:25 /tmp/work/dist/bootstrap-vue-icons.esm.min.js already has corresponding compressed file
2022/04/17 12:35:25 sri /tmp/work/dist/bootstrap-vue-icons.css -> /output/bootstrap-vue-icons.css.sri
2022/04/17 12:35:25 algorithm: run /usr/bin/brotli --quality=11 --output=/output/bootstrap-vue-icons.css.br /tmp/work/dist/bootstrap-vue-icons.css
2022/04/17 12:35:25 algorithm: run /usr/bin/brotli --quality=11 --output=/output/bootstrap-vue-icons.css.map.br /tmp/work/dist/bootstrap-vue-icons.css.map
2022/04/17 12:35:25 algorithm: run /usr/bin/brotli --quality=11 --output=/output/bootstrap-vue-icons.esm.js.map.br /tmp/work/dist/bootstrap-vue-icons.esm.js.map
2022/04/17 12:35:25 sri /tmp/work/dist/bootstrap-vue-icons.common.min.js -> /output/bootstrap-vue-icons.common.min.js.sri
2022/04/17 12:35:25 algorithm: run /usr/bin/brotli --quality=11 --output=/output/bootstrap-vue-icons.common.min.js.br /tmp/work/dist/bootstrap-vue-icons.common.min.js
2022/04/17 12:35:25 sri /tmp/work/dist/bootstrap-vue-icons.common.js -> /output/bootstrap-vue-icons.common.js.sri
2022/04/17 12:35:25 algorithm: run /usr/bin/brotli --quality=11 --output=/output/bootstrap-vue-icons.common.js.br /tmp/work/dist/bootstrap-vue-icons.common.js
2022/04/17 12:35:25 sri /tmp/work/dist/bootstrap-vue-icons.esm.js -> /output/bootstrap-vue-icons.esm.js.sri
2022/04/17 12:35:25 algorithm: run /usr/bin/brotli --quality=11 --output=/output/bootstrap-vue-icons.esm.js.br /tmp/work/dist/bootstrap-vue-icons.esm.js
2022/04/17 12:35:25 br /tmp/work/dist/bootstrap-vue-icons.css -> /output/bootstrap-vue-icons.css.br
2022/04/17 12:35:25 gz /tmp/work/dist/bootstrap-vue-icons.css -> /output/bootstrap-vue-icons.css.gz
2022/04/17 12:35:25 /tmp/work/dist/bootstrap-vue-icons.esm.min.js is already compressed
2022/04/17 12:35:25 sri /tmp/work/dist/bootstrap-vue-icons.esm.min.js -> /output/bootstrap-vue-icons.esm.min.js.sri
2022/04/17 12:35:25 algorithm: run /usr/bin/brotli --quality=11 --output=/output/bootstrap-vue-icons.esm.min.js.br /tmp/work/dist/bootstrap-vue-icons.esm.min.js
2022/04/17 12:35:25 br /tmp/work/dist/bootstrap-vue-icons.css.map -> /output/bootstrap-vue-icons.css.map.br
2022/04/17 12:35:25 gz /tmp/work/dist/bootstrap-vue-icons.css.map -> /output/bootstrap-vue-icons.css.map.gz
2022/04/17 12:35:25 algorithm: run /usr/bin/brotli --quality=11 --output=/output/bootstrap-vue-icons.esm.min.js.map.br /tmp/work/dist/bootstrap-vue-icons.esm.min.js.map
2022/04/17 12:35:28 br /tmp/work/dist/bootstrap-vue-icons.esm.min.js -> /output/bootstrap-vue-icons.esm.min.js.br
2022/04/17 12:35:28 br /tmp/work/dist/bootstrap-vue-icons.common.min.js -> /output/bootstrap-vue-icons.common.min.js.br
2022/04/17 12:35:28 gz /tmp/work/dist/bootstrap-vue-icons.esm.min.js -> /output/bootstrap-vue-icons.esm.min.js.gz
2022/04/17 12:35:28 /tmp/work/dist/bootstrap-vue-icons.min.js already has corresponding compressed file
2022/04/17 12:35:28 sri /tmp/work/dist/bootstrap-vue-icons.js -> /output/bootstrap-vue-icons.js.sri
2022/04/17 12:35:28 algorithm: run /usr/bin/brotli --quality=11 --output=/output/bootstrap-vue-icons.js.br /tmp/work/dist/bootstrap-vue-icons.js
2022/04/17 12:35:28 gz /tmp/work/dist/bootstrap-vue-icons.common.min.js -> /output/bootstrap-vue-icons.common.min.js.gz
2022/04/17 12:35:28 algorithm: run /usr/bin/brotli --quality=11 --output=/output/bootstrap-vue-icons.js.map.br /tmp/work/dist/bootstrap-vue-icons.js.map
2022/04/17 12:35:28 br /tmp/work/dist/bootstrap-vue-icons.esm.js -> /output/bootstrap-vue-icons.esm.js.br
2022/04/17 12:35:28 br /tmp/work/dist/bootstrap-vue-icons.common.js -> /output/bootstrap-vue-icons.common.js.br
2022/04/17 12:35:28 gz /tmp/work/dist/bootstrap-vue-icons.esm.js -> /output/bootstrap-vue-icons.esm.js.gz
2022/04/17 12:35:28 sri /tmp/work/dist/bootstrap-vue-icons.min.css -> /output/bootstrap-vue-icons.min.css.sri
2022/04/17 12:35:28 algorithm: run /usr/bin/brotli --quality=11 --output=/output/bootstrap-vue-icons.min.css.br /tmp/work/dist/bootstrap-vue-icons.min.css
2022/04/17 12:35:28 br /tmp/work/dist/bootstrap-vue-icons.min.css -> /output/bootstrap-vue-icons.min.css.br
2022/04/17 12:35:28 gz /tmp/work/dist/bootstrap-vue-icons.min.css -> /output/bootstrap-vue-icons.min.css.gz
2022/04/17 12:35:28 algorithm: run /usr/bin/brotli --quality=11 --output=/output/bootstrap-vue-icons.min.css.map.br /tmp/work/dist/bootstrap-vue-icons.min.css.map
2022/04/17 12:35:28 gz /tmp/work/dist/bootstrap-vue-icons.common.js -> /output/bootstrap-vue-icons.common.js.gz
2022/04/17 12:35:28 /tmp/work/dist/bootstrap-vue-icons.min.js is already compressed
2022/04/17 12:35:28 sri /tmp/work/dist/bootstrap-vue-icons.min.js -> /output/bootstrap-vue-icons.min.js.sri
2022/04/17 12:35:28 algorithm: run /usr/bin/brotli --quality=11 --output=/output/bootstrap-vue-icons.min.js.br /tmp/work/dist/bootstrap-vue-icons.min.js
2022/04/17 12:35:28 br /tmp/work/dist/bootstrap-vue-icons.min.css.map -> /output/bootstrap-vue-icons.min.css.map.br
2022/04/17 12:35:28 gz /tmp/work/dist/bootstrap-vue-icons.min.css.map -> /output/bootstrap-vue-icons.min.css.map.gz
2022/04/17 12:35:28 algorithm: run /usr/bin/brotli --quality=11 --output=/output/bootstrap-vue-icons.min.js.map.br /tmp/work/dist/bootstrap-vue-icons.min.js.map
2022/04/17 12:35:29 br /tmp/work/dist/bootstrap-vue-icons.common.min.js.map -> /output/bootstrap-vue-icons.common.min.js.map.br
2022/04/17 12:35:29 gz /tmp/work/dist/bootstrap-vue-icons.common.min.js.map -> /output/bootstrap-vue-icons.common.min.js.map.gz
2022/04/17 12:35:29 /tmp/work/dist/bootstrap-vue.common.min.js already has corresponding compressed file
2022/04/17 12:35:29 sri /tmp/work/dist/bootstrap-vue.common.js -> /output/bootstrap-vue.common.js.sri
2022/04/17 12:35:29 algorithm: run /usr/bin/brotli --quality=11 --output=/output/bootstrap-vue.common.js.br /tmp/work/dist/bootstrap-vue.common.js
2022/04/17 12:35:29 br /tmp/work/dist/bootstrap-vue-icons.esm.min.js.map -> /output/bootstrap-vue-icons.esm.min.js.map.br
2022/04/17 12:35:29 gz /tmp/work/dist/bootstrap-vue-icons.esm.min.js.map -> /output/bootstrap-vue-icons.esm.min.js.map.gz
2022/04/17 12:35:29 algorithm: run /usr/bin/brotli --quality=11 --output=/output/bootstrap-vue.common.js.map.br /tmp/work/dist/bootstrap-vue.common.js.map
2022/04/17 12:35:29 br /tmp/work/dist/bootstrap-vue-icons.esm.js.map -> /output/bootstrap-vue-icons.esm.js.map.br
2022/04/17 12:35:29 br /tmp/work/dist/bootstrap-vue-icons.common.js.map -> /output/bootstrap-vue-icons.common.js.map.br
2022/04/17 12:35:29 gz /tmp/work/dist/bootstrap-vue-icons.esm.js.map -> /output/bootstrap-vue-icons.esm.js.map.gz
2022/04/17 12:35:29 /tmp/work/dist/bootstrap-vue.common.min.js is already compressed
2022/04/17 12:35:29 sri /tmp/work/dist/bootstrap-vue.common.min.js -> /output/bootstrap-vue.common.min.js.sri
2022/04/17 12:35:29 algorithm: run /usr/bin/brotli --quality=11 --output=/output/bootstrap-vue.common.min.js.br /tmp/work/dist/bootstrap-vue.common.min.js
2022/04/17 12:35:29 gz /tmp/work/dist/bootstrap-vue-icons.common.js.map -> /output/bootstrap-vue-icons.common.js.map.gz
2022/04/17 12:35:29 algorithm: run /usr/bin/brotli --quality=11 --output=/output/bootstrap-vue.common.min.js.map.br /tmp/work/dist/bootstrap-vue.common.min.js.map
2022/04/17 12:35:30 br /tmp/work/dist/bootstrap-vue-icons.js -> /output/bootstrap-vue-icons.js.br
2022/04/17 12:35:31 gz /tmp/work/dist/bootstrap-vue-icons.js -> /output/bootstrap-vue-icons.js.gz
2022/04/17 12:35:31 /tmp/work/dist/bootstrap-vue.css already has a compressed version: /tmp/work/dist/bootstrap-vue.min.css
2022/04/17 12:35:31 sri /tmp/work/dist/bootstrap-vue.css -> /output/bootstrap-vue.css.sri
2022/04/17 12:35:31 algorithm: run /usr/bin/brotli --quality=11 --output=/output/bootstrap-vue.css.br /tmp/work/dist/bootstrap-vue.css
2022/04/17 12:35:31 br /tmp/work/dist/bootstrap-vue-icons.min.js -> /output/bootstrap-vue-icons.min.js.br
2022/04/17 12:35:31 gz /tmp/work/dist/bootstrap-vue-icons.min.js -> /output/bootstrap-vue-icons.min.js.gz
2022/04/17 12:35:31 algorithm: run /usr/bin/brotli --quality=11 --output=/output/bootstrap-vue.css.map.br /tmp/work/dist/bootstrap-vue.css.map
2022/04/17 12:35:31 br /tmp/work/dist/bootstrap-vue.css -> /output/bootstrap-vue.css.br
2022/04/17 12:35:31 gz /tmp/work/dist/bootstrap-vue.css -> /output/bootstrap-vue.css.gz
2022/04/17 12:35:31 /tmp/work/dist/bootstrap-vue.esm.min.js already has corresponding compressed file
2022/04/17 12:35:31 sri /tmp/work/dist/bootstrap-vue.esm.js -> /output/bootstrap-vue.esm.js.sri
2022/04/17 12:35:31 algorithm: run /usr/bin/brotli --quality=11 --output=/output/bootstrap-vue.esm.js.br /tmp/work/dist/bootstrap-vue.esm.js
2022/04/17 12:35:31 br /tmp/work/dist/bootstrap-vue.css.map -> /output/bootstrap-vue.css.map.br
2022/04/17 12:35:31 gz /tmp/work/dist/bootstrap-vue.css.map -> /output/bootstrap-vue.css.map.gz
2022/04/17 12:35:31 algorithm: run /usr/bin/brotli --quality=11 --output=/output/bootstrap-vue.esm.js.map.br /tmp/work/dist/bootstrap-vue.esm.js.map
2022/04/17 12:35:31 br /tmp/work/dist/bootstrap-vue-icons.js.map -> /output/bootstrap-vue-icons.js.map.br
2022/04/17 12:35:32 gz /tmp/work/dist/bootstrap-vue-icons.js.map -> /output/bootstrap-vue-icons.js.map.gz
2022/04/17 12:35:32 /tmp/work/dist/bootstrap-vue.esm.min.js is already compressed
2022/04/17 12:35:32 sri /tmp/work/dist/bootstrap-vue.esm.min.js -> /output/bootstrap-vue.esm.min.js.sri
2022/04/17 12:35:32 algorithm: run /usr/bin/brotli --quality=11 --output=/output/bootstrap-vue.esm.min.js.br /tmp/work/dist/bootstrap-vue.esm.min.js
2022/04/17 12:35:32 br /tmp/work/dist/bootstrap-vue-icons.min.js.map -> /output/bootstrap-vue-icons.min.js.map.br
2022/04/17 12:35:32 gz /tmp/work/dist/bootstrap-vue-icons.min.js.map -> /output/bootstrap-vue-icons.min.js.map.gz
2022/04/17 12:35:32 algorithm: run /usr/bin/brotli --quality=11 --output=/output/bootstrap-vue.esm.min.js.map.br /tmp/work/dist/bootstrap-vue.esm.min.js.map
2022/04/17 12:35:32 br /tmp/work/dist/bootstrap-vue.common.min.js -> /output/bootstrap-vue.common.min.js.br
2022/04/17 12:35:33 gz /tmp/work/dist/bootstrap-vue.common.min.js -> /output/bootstrap-vue.common.min.js.gz
2022/04/17 12:35:33 /tmp/work/dist/bootstrap-vue.min.js already has corresponding compressed file
2022/04/17 12:35:33 sri /tmp/work/dist/bootstrap-vue.js -> /output/bootstrap-vue.js.sri
2022/04/17 12:35:33 algorithm: run /usr/bin/brotli --quality=11 --output=/output/bootstrap-vue.js.br /tmp/work/dist/bootstrap-vue.js
2022/04/17 12:35:35 br /tmp/work/dist/bootstrap-vue.common.js -> /output/bootstrap-vue.common.js.br
2022/04/17 12:35:35 gz /tmp/work/dist/bootstrap-vue.common.js -> /output/bootstrap-vue.common.js.gz
2022/04/17 12:35:35 algorithm: run /usr/bin/brotli --quality=11 --output=/output/bootstrap-vue.js.map.br /tmp/work/dist/bootstrap-vue.js.map
2022/04/17 12:35:35 br /tmp/work/dist/bootstrap-vue.esm.min.js -> /output/bootstrap-vue.esm.min.js.br
2022/04/17 12:35:35 gz /tmp/work/dist/bootstrap-vue.esm.min.js -> /output/bootstrap-vue.esm.min.js.gz
2022/04/17 12:35:35 sri /tmp/work/dist/bootstrap-vue.min.css -> /output/bootstrap-vue.min.css.sri
2022/04/17 12:35:35 algorithm: run /usr/bin/brotli --quality=11 --output=/output/bootstrap-vue.min.css.br /tmp/work/dist/bootstrap-vue.min.css
2022/04/17 12:35:35 br /tmp/work/dist/bootstrap-vue.min.css -> /output/bootstrap-vue.min.css.br
2022/04/17 12:35:35 gz /tmp/work/dist/bootstrap-vue.min.css -> /output/bootstrap-vue.min.css.gz
2022/04/17 12:35:35 algorithm: run /usr/bin/brotli --quality=11 --output=/output/bootstrap-vue.min.css.map.br /tmp/work/dist/bootstrap-vue.min.css.map
2022/04/17 12:35:36 br /tmp/work/dist/bootstrap-vue.min.css.map -> /output/bootstrap-vue.min.css.map.br
2022/04/17 12:35:36 gz /tmp/work/dist/bootstrap-vue.min.css.map -> /output/bootstrap-vue.min.css.map.gz
2022/04/17 12:35:36 /tmp/work/dist/bootstrap-vue.min.js is already compressed
2022/04/17 12:35:36 sri /tmp/work/dist/bootstrap-vue.min.js -> /output/bootstrap-vue.min.js.sri
2022/04/17 12:35:36 algorithm: run /usr/bin/brotli --quality=11 --output=/output/bootstrap-vue.min.js.br /tmp/work/dist/bootstrap-vue.min.js
2022/04/17 12:35:36 br /tmp/work/dist/bootstrap-vue.js -> /output/bootstrap-vue.js.br
2022/04/17 12:35:37 gz /tmp/work/dist/bootstrap-vue.js -> /output/bootstrap-vue.js.gz
2022/04/17 12:35:37 algorithm: run /usr/bin/brotli --quality=11 --output=/output/bootstrap-vue.min.js.map.br /tmp/work/dist/bootstrap-vue.min.js.map
2022/04/17 12:35:37 br /tmp/work/dist/bootstrap-vue.esm.js -> /output/bootstrap-vue.esm.js.br
2022/04/17 12:35:37 gz /tmp/work/dist/bootstrap-vue.esm.js -> /output/bootstrap-vue.esm.js.gz
2022/04/17 12:35:37 algorithm: run /usr/bin/brotli --quality=11 --output=/output/vetur-attributes.json.br /tmp/work/dist/vetur-attributes.json
2022/04/17 12:35:37 br /tmp/work/dist/bootstrap-vue.common.min.js.map -> /output/bootstrap-vue.common.min.js.map.br
2022/04/17 12:35:37 br /tmp/work/dist/bootstrap-vue.min.js -> /output/bootstrap-vue.min.js.br
2022/04/17 12:35:37 gz /tmp/work/dist/bootstrap-vue.min.js -> /output/bootstrap-vue.min.js.gz
2022/04/17 12:35:37 algorithm: run /usr/bin/brotli --quality=11 --output=/output/vetur-tags.json.br /tmp/work/dist/vetur-tags.json
2022/04/17 12:35:38 gz /tmp/work/dist/bootstrap-vue.common.min.js.map -> /output/bootstrap-vue.common.min.js.map.gz
2022/04/17 12:35:38 algorithm: run /usr/bin/brotli --quality=11 --output=/output/web-types.json.br /tmp/work/dist/web-types.json
2022/04/17 12:35:38 br /tmp/work/dist/vetur-tags.json -> /output/vetur-tags.json.br
2022/04/17 12:35:38 gz /tmp/work/dist/vetur-tags.json -> /output/vetur-tags.json.gz
2022/04/17 12:35:39 br /tmp/work/dist/bootstrap-vue.common.js.map -> /output/bootstrap-vue.common.js.map.br
2022/04/17 12:35:39 gz /tmp/work/dist/bootstrap-vue.common.js.map -> /output/bootstrap-vue.common.js.map.gz
2022/04/17 12:35:40 br /tmp/work/dist/bootstrap-vue.esm.min.js.map -> /output/bootstrap-vue.esm.min.js.map.br
2022/04/17 12:35:40 gz /tmp/work/dist/bootstrap-vue.esm.min.js.map -> /output/bootstrap-vue.esm.min.js.map.gz
2022/04/17 12:35:41 br /tmp/work/dist/bootstrap-vue.esm.js.map -> /output/bootstrap-vue.esm.js.map.br
2022/04/17 12:35:41 br /tmp/work/dist/web-types.json -> /output/web-types.json.br
2022/04/17 12:35:42 gz /tmp/work/dist/bootstrap-vue.esm.js.map -> /output/bootstrap-vue.esm.js.map.gz
2022/04/17 12:35:42 gz /tmp/work/dist/web-types.json -> /output/web-types.json.gz
2022/04/17 12:35:42 br /tmp/work/dist/bootstrap-vue.js.map -> /output/bootstrap-vue.js.map.br
2022/04/17 12:35:43 gz /tmp/work/dist/bootstrap-vue.js.map -> /output/bootstrap-vue.js.map.gz
2022/04/17 12:35:43 br /tmp/work/dist/bootstrap-vue.min.js.map -> /output/bootstrap-vue.min.js.map.br
2022/04/17 12:35:43 gz /tmp/work/dist/bootstrap-vue.min.js.map -> /output/bootstrap-vue.min.js.map.gz
2022/04/17 12:35:46 br /tmp/work/dist/vetur-attributes.json -> /output/vetur-attributes.json.br
2022/04/17 12:35:46 gz /tmp/work/dist/vetur-attributes.json -> /output/vetur-attributes.json.gz
2022/04/17 12:35:46 processed bootstrap-vue
