config: {"authors":[{"name":"Google Inc."}],"autoupdate":{"source":"npm","target":"@fontsource/encode-sans-semi-expanded","fileMap":[{"basePath":"","files":["*.css","files/*.@(woff|woff2)"]}],"excludeFromSearch":true},"description":"Self-host the Encode Sans Semi Expanded font in a neatly bundled NPM package.","filename":"index.css","homepage":"https://fontsource.org/fonts/encode-sans-semi-expanded","keywords":["fontsource","font","font family","google fonts","encode-sans-semi-expanded","Encode Sans Semi Expanded","css","sass","front-end","web","typeface","variable"],"license":"OFL-1.1","name":"fontsource-encode-sans-semi-expanded","repository":{"type":"git","url":"git+https://github.com/fontsource/font-files.git"},"author":"Google Inc."}
KV keys:
- fontsource-encode-sans-semi-expanded/5.0.21/100.css.br
- fontsource-encode-sans-semi-expanded/5.0.21/100.css.gz
- fontsource-encode-sans-semi-expanded/5.0.21/100.min.css.br
- fontsource-encode-sans-semi-expanded/5.0.21/100.min.css.gz
- fontsource-encode-sans-semi-expanded/5.0.21/200.css.br
- fontsource-encode-sans-semi-expanded/5.0.21/200.css.gz
- fontsource-encode-sans-semi-expanded/5.0.21/200.min.css.br
- fontsource-encode-sans-semi-expanded/5.0.21/200.min.css.gz
- fontsource-encode-sans-semi-expanded/5.0.21/300.css.br
- fontsource-encode-sans-semi-expanded/5.0.21/300.css.gz
- fontsource-encode-sans-semi-expanded/5.0.21/300.min.css.br
- fontsource-encode-sans-semi-expanded/5.0.21/300.min.css.gz
- fontsource-encode-sans-semi-expanded/5.0.21/400.css.br
- fontsource-encode-sans-semi-expanded/5.0.21/400.css.gz
- fontsource-encode-sans-semi-expanded/5.0.21/400.min.css.br
- fontsource-encode-sans-semi-expanded/5.0.21/400.min.css.gz
- fontsource-encode-sans-semi-expanded/5.0.21/500.css.br
- fontsource-encode-sans-semi-expanded/5.0.21/500.css.gz
- fontsource-encode-sans-semi-expanded/5.0.21/500.min.css.br
- fontsource-encode-sans-semi-expanded/5.0.21/500.min.css.gz
- fontsource-encode-sans-semi-expanded/5.0.21/600.css.br
- fontsource-encode-sans-semi-expanded/5.0.21/600.css.gz
- fontsource-encode-sans-semi-expanded/5.0.21/600.min.css.br
- fontsource-encode-sans-semi-expanded/5.0.21/600.min.css.gz
- fontsource-encode-sans-semi-expanded/5.0.21/700.css.br
- fontsource-encode-sans-semi-expanded/5.0.21/700.css.gz
- fontsource-encode-sans-semi-expanded/5.0.21/700.min.css.br
- fontsource-encode-sans-semi-expanded/5.0.21/700.min.css.gz
- fontsource-encode-sans-semi-expanded/5.0.21/800.css.br
- fontsource-encode-sans-semi-expanded/5.0.21/800.css.gz
- fontsource-encode-sans-semi-expanded/5.0.21/800.min.css.br
- fontsource-encode-sans-semi-expanded/5.0.21/800.min.css.gz
- fontsource-encode-sans-semi-expanded/5.0.21/900.css.br
- fontsource-encode-sans-semi-expanded/5.0.21/900.css.gz
- fontsource-encode-sans-semi-expanded/5.0.21/900.min.css.br
- fontsource-encode-sans-semi-expanded/5.0.21/900.min.css.gz
- fontsource-encode-sans-semi-expanded/5.0.21/files/encode-sans-semi-expanded-latin-100-normal.woff.br
- fontsource-encode-sans-semi-expanded/5.0.21/files/encode-sans-semi-expanded-latin-100-normal.woff.gz
- fontsource-encode-sans-semi-expanded/5.0.21/files/encode-sans-semi-expanded-latin-100-normal.woff2
- fontsource-encode-sans-semi-expanded/5.0.21/files/encode-sans-semi-expanded-latin-200-normal.woff.br
- fontsource-encode-sans-semi-expanded/5.0.21/files/encode-sans-semi-expanded-latin-200-normal.woff.gz
- fontsource-encode-sans-semi-expanded/5.0.21/files/encode-sans-semi-expanded-latin-200-normal.woff2
- fontsource-encode-sans-semi-expanded/5.0.21/files/encode-sans-semi-expanded-latin-300-normal.woff.br
- fontsource-encode-sans-semi-expanded/5.0.21/files/encode-sans-semi-expanded-latin-300-normal.woff.gz
- fontsource-encode-sans-semi-expanded/5.0.21/files/encode-sans-semi-expanded-latin-300-normal.woff2
- fontsource-encode-sans-semi-expanded/5.0.21/files/encode-sans-semi-expanded-latin-400-normal.woff.br
- fontsource-encode-sans-semi-expanded/5.0.21/files/encode-sans-semi-expanded-latin-400-normal.woff.gz
- fontsource-encode-sans-semi-expanded/5.0.21/files/encode-sans-semi-expanded-latin-400-normal.woff2
- fontsource-encode-sans-semi-expanded/5.0.21/files/encode-sans-semi-expanded-latin-500-normal.woff.br
- fontsource-encode-sans-semi-expanded/5.0.21/files/encode-sans-semi-expanded-latin-500-normal.woff.gz
- fontsource-encode-sans-semi-expanded/5.0.21/files/encode-sans-semi-expanded-latin-500-normal.woff2
- fontsource-encode-sans-semi-expanded/5.0.21/files/encode-sans-semi-expanded-latin-600-normal.woff.br
- fontsource-encode-sans-semi-expanded/5.0.21/files/encode-sans-semi-expanded-latin-600-normal.woff.gz
- fontsource-encode-sans-semi-expanded/5.0.21/files/encode-sans-semi-expanded-latin-600-normal.woff2
- fontsource-encode-sans-semi-expanded/5.0.21/files/encode-sans-semi-expanded-latin-700-normal.woff.br
- fontsource-encode-sans-semi-expanded/5.0.21/files/encode-sans-semi-expanded-latin-700-normal.woff.gz
- fontsource-encode-sans-semi-expanded/5.0.21/files/encode-sans-semi-expanded-latin-700-normal.woff2
- fontsource-encode-sans-semi-expanded/5.0.21/files/encode-sans-semi-expanded-latin-800-normal.woff.br
- fontsource-encode-sans-semi-expanded/5.0.21/files/encode-sans-semi-expanded-latin-800-normal.woff.gz
- fontsource-encode-sans-semi-expanded/5.0.21/files/encode-sans-semi-expanded-latin-800-normal.woff2
- fontsource-encode-sans-semi-expanded/5.0.21/files/encode-sans-semi-expanded-latin-900-normal.woff.br
- fontsource-encode-sans-semi-expanded/5.0.21/files/encode-sans-semi-expanded-latin-900-normal.woff.gz
- fontsource-encode-sans-semi-expanded/5.0.21/files/encode-sans-semi-expanded-latin-900-normal.woff2
- fontsource-encode-sans-semi-expanded/5.0.21/files/encode-sans-semi-expanded-latin-ext-100-normal.woff.br
- fontsource-encode-sans-semi-expanded/5.0.21/files/encode-sans-semi-expanded-latin-ext-100-normal.woff.gz
- fontsource-encode-sans-semi-expanded/5.0.21/files/encode-sans-semi-expanded-latin-ext-100-normal.woff2
- fontsource-encode-sans-semi-expanded/5.0.21/files/encode-sans-semi-expanded-latin-ext-200-normal.woff.br
- fontsource-encode-sans-semi-expanded/5.0.21/files/encode-sans-semi-expanded-latin-ext-200-normal.woff.gz
- fontsource-encode-sans-semi-expanded/5.0.21/files/encode-sans-semi-expanded-latin-ext-200-normal.woff2
- fontsource-encode-sans-semi-expanded/5.0.21/files/encode-sans-semi-expanded-latin-ext-300-normal.woff.br
- fontsource-encode-sans-semi-expanded/5.0.21/files/encode-sans-semi-expanded-latin-ext-300-normal.woff.gz
- fontsource-encode-sans-semi-expanded/5.0.21/files/encode-sans-semi-expanded-latin-ext-300-normal.woff2
- fontsource-encode-sans-semi-expanded/5.0.21/files/encode-sans-semi-expanded-latin-ext-400-normal.woff.br
- fontsource-encode-sans-semi-expanded/5.0.21/files/encode-sans-semi-expanded-latin-ext-400-normal.woff.gz
- fontsource-encode-sans-semi-expanded/5.0.21/files/encode-sans-semi-expanded-latin-ext-400-normal.woff2
- fontsource-encode-sans-semi-expanded/5.0.21/files/encode-sans-semi-expanded-latin-ext-500-normal.woff.br
- fontsource-encode-sans-semi-expanded/5.0.21/files/encode-sans-semi-expanded-latin-ext-500-normal.woff.gz
- fontsource-encode-sans-semi-expanded/5.0.21/files/encode-sans-semi-expanded-latin-ext-500-normal.woff2
- fontsource-encode-sans-semi-expanded/5.0.21/files/encode-sans-semi-expanded-latin-ext-600-normal.woff.br
- fontsource-encode-sans-semi-expanded/5.0.21/files/encode-sans-semi-expanded-latin-ext-600-normal.woff.gz
- fontsource-encode-sans-semi-expanded/5.0.21/files/encode-sans-semi-expanded-latin-ext-600-normal.woff2
- fontsource-encode-sans-semi-expanded/5.0.21/files/encode-sans-semi-expanded-latin-ext-700-normal.woff.br
- fontsource-encode-sans-semi-expanded/5.0.21/files/encode-sans-semi-expanded-latin-ext-700-normal.woff.gz
- fontsource-encode-sans-semi-expanded/5.0.21/files/encode-sans-semi-expanded-latin-ext-700-normal.woff2
- fontsource-encode-sans-semi-expanded/5.0.21/files/encode-sans-semi-expanded-latin-ext-800-normal.woff.br
- fontsource-encode-sans-semi-expanded/5.0.21/files/encode-sans-semi-expanded-latin-ext-800-normal.woff.gz
- fontsource-encode-sans-semi-expanded/5.0.21/files/encode-sans-semi-expanded-latin-ext-800-normal.woff2
- fontsource-encode-sans-semi-expanded/5.0.21/files/encode-sans-semi-expanded-latin-ext-900-normal.woff.br
- fontsource-encode-sans-semi-expanded/5.0.21/files/encode-sans-semi-expanded-latin-ext-900-normal.woff.gz
- fontsource-encode-sans-semi-expanded/5.0.21/files/encode-sans-semi-expanded-latin-ext-900-normal.woff2
- fontsource-encode-sans-semi-expanded/5.0.21/files/encode-sans-semi-expanded-vietnamese-100-normal.woff.br
- fontsource-encode-sans-semi-expanded/5.0.21/files/encode-sans-semi-expanded-vietnamese-100-normal.woff.gz
- fontsource-encode-sans-semi-expanded/5.0.21/files/encode-sans-semi-expanded-vietnamese-100-normal.woff2
- fontsource-encode-sans-semi-expanded/5.0.21/files/encode-sans-semi-expanded-vietnamese-200-normal.woff.br
- fontsource-encode-sans-semi-expanded/5.0.21/files/encode-sans-semi-expanded-vietnamese-200-normal.woff.gz
- fontsource-encode-sans-semi-expanded/5.0.21/files/encode-sans-semi-expanded-vietnamese-200-normal.woff2
- fontsource-encode-sans-semi-expanded/5.0.21/files/encode-sans-semi-expanded-vietnamese-300-normal.woff.br
- fontsource-encode-sans-semi-expanded/5.0.21/files/encode-sans-semi-expanded-vietnamese-300-normal.woff.gz
- fontsource-encode-sans-semi-expanded/5.0.21/files/encode-sans-semi-expanded-vietnamese-300-normal.woff2
- fontsource-encode-sans-semi-expanded/5.0.21/files/encode-sans-semi-expanded-vietnamese-400-normal.woff.br
- fontsource-encode-sans-semi-expanded/5.0.21/files/encode-sans-semi-expanded-vietnamese-400-normal.woff.gz
- fontsource-encode-sans-semi-expanded/5.0.21/files/encode-sans-semi-expanded-vietnamese-400-normal.woff2
- fontsource-encode-sans-semi-expanded/5.0.21/files/encode-sans-semi-expanded-vietnamese-500-normal.woff.br
- fontsource-encode-sans-semi-expanded/5.0.21/files/encode-sans-semi-expanded-vietnamese-500-normal.woff.gz
- fontsource-encode-sans-semi-expanded/5.0.21/files/encode-sans-semi-expanded-vietnamese-500-normal.woff2
- fontsource-encode-sans-semi-expanded/5.0.21/files/encode-sans-semi-expanded-vietnamese-600-normal.woff.br
- fontsource-encode-sans-semi-expanded/5.0.21/files/encode-sans-semi-expanded-vietnamese-600-normal.woff.gz
- fontsource-encode-sans-semi-expanded/5.0.21/files/encode-sans-semi-expanded-vietnamese-600-normal.woff2
- fontsource-encode-sans-semi-expanded/5.0.21/files/encode-sans-semi-expanded-vietnamese-700-normal.woff.br
- fontsource-encode-sans-semi-expanded/5.0.21/files/encode-sans-semi-expanded-vietnamese-700-normal.woff.gz
- fontsource-encode-sans-semi-expanded/5.0.21/files/encode-sans-semi-expanded-vietnamese-700-normal.woff2
- fontsource-encode-sans-semi-expanded/5.0.21/files/encode-sans-semi-expanded-vietnamese-800-normal.woff.br
- fontsource-encode-sans-semi-expanded/5.0.21/files/encode-sans-semi-expanded-vietnamese-800-normal.woff.gz
- fontsource-encode-sans-semi-expanded/5.0.21/files/encode-sans-semi-expanded-vietnamese-800-normal.woff2
- fontsource-encode-sans-semi-expanded/5.0.21/files/encode-sans-semi-expanded-vietnamese-900-normal.woff.br
- fontsource-encode-sans-semi-expanded/5.0.21/files/encode-sans-semi-expanded-vietnamese-900-normal.woff.gz
- fontsource-encode-sans-semi-expanded/5.0.21/files/encode-sans-semi-expanded-vietnamese-900-normal.woff2
- fontsource-encode-sans-semi-expanded/5.0.21/index.css.br
- fontsource-encode-sans-semi-expanded/5.0.21/index.css.gz
- fontsource-encode-sans-semi-expanded/5.0.21/index.min.css.br
- fontsource-encode-sans-semi-expanded/5.0.21/index.min.css.gz
- fontsource-encode-sans-semi-expanded/5.0.21/latin-100.css.br
- fontsource-encode-sans-semi-expanded/5.0.21/latin-100.css.gz
- fontsource-encode-sans-semi-expanded/5.0.21/latin-100.min.css.br
- fontsource-encode-sans-semi-expanded/5.0.21/latin-100.min.css.gz
- fontsource-encode-sans-semi-expanded/5.0.21/latin-200.css.br
- fontsource-encode-sans-semi-expanded/5.0.21/latin-200.css.gz
- fontsource-encode-sans-semi-expanded/5.0.21/latin-200.min.css.br
- fontsource-encode-sans-semi-expanded/5.0.21/latin-200.min.css.gz
- fontsource-encode-sans-semi-expanded/5.0.21/latin-300.css.br
- fontsource-encode-sans-semi-expanded/5.0.21/latin-300.css.gz
- fontsource-encode-sans-semi-expanded/5.0.21/latin-300.min.css.br
- fontsource-encode-sans-semi-expanded/5.0.21/latin-300.min.css.gz
- fontsource-encode-sans-semi-expanded/5.0.21/latin-400.css.br
- fontsource-encode-sans-semi-expanded/5.0.21/latin-400.css.gz
- fontsource-encode-sans-semi-expanded/5.0.21/latin-400.min.css.br
- fontsource-encode-sans-semi-expanded/5.0.21/latin-400.min.css.gz
- fontsource-encode-sans-semi-expanded/5.0.21/latin-500.css.br
- fontsource-encode-sans-semi-expanded/5.0.21/latin-500.css.gz
- fontsource-encode-sans-semi-expanded/5.0.21/latin-500.min.css.br
- fontsource-encode-sans-semi-expanded/5.0.21/latin-500.min.css.gz
- fontsource-encode-sans-semi-expanded/5.0.21/latin-600.css.br
- fontsource-encode-sans-semi-expanded/5.0.21/latin-600.css.gz
- fontsource-encode-sans-semi-expanded/5.0.21/latin-600.min.css.br
- fontsource-encode-sans-semi-expanded/5.0.21/latin-600.min.css.gz
- fontsource-encode-sans-semi-expanded/5.0.21/latin-700.css.br
- fontsource-encode-sans-semi-expanded/5.0.21/latin-700.css.gz
- fontsource-encode-sans-semi-expanded/5.0.21/latin-700.min.css.br
- fontsource-encode-sans-semi-expanded/5.0.21/latin-700.min.css.gz
- fontsource-encode-sans-semi-expanded/5.0.21/latin-800.css.br
- fontsource-encode-sans-semi-expanded/5.0.21/latin-800.css.gz
- fontsource-encode-sans-semi-expanded/5.0.21/latin-800.min.css.br
- fontsource-encode-sans-semi-expanded/5.0.21/latin-800.min.css.gz
- fontsource-encode-sans-semi-expanded/5.0.21/latin-900.css.br
- fontsource-encode-sans-semi-expanded/5.0.21/latin-900.css.gz
- fontsource-encode-sans-semi-expanded/5.0.21/latin-900.min.css.br
- fontsource-encode-sans-semi-expanded/5.0.21/latin-900.min.css.gz
- fontsource-encode-sans-semi-expanded/5.0.21/latin-ext-100.css.br
- fontsource-encode-sans-semi-expanded/5.0.21/latin-ext-100.css.gz
- fontsource-encode-sans-semi-expanded/5.0.21/latin-ext-100.min.css.br
- fontsource-encode-sans-semi-expanded/5.0.21/latin-ext-100.min.css.gz
- fontsource-encode-sans-semi-expanded/5.0.21/latin-ext-200.css.br
- fontsource-encode-sans-semi-expanded/5.0.21/latin-ext-200.css.gz
- fontsource-encode-sans-semi-expanded/5.0.21/latin-ext-200.min.css.br
- fontsource-encode-sans-semi-expanded/5.0.21/latin-ext-200.min.css.gz
- fontsource-encode-sans-semi-expanded/5.0.21/latin-ext-300.css.br
- fontsource-encode-sans-semi-expanded/5.0.21/latin-ext-300.css.gz
- fontsource-encode-sans-semi-expanded/5.0.21/latin-ext-300.min.css.br
- fontsource-encode-sans-semi-expanded/5.0.21/latin-ext-300.min.css.gz
- fontsource-encode-sans-semi-expanded/5.0.21/latin-ext-400.css.br
- fontsource-encode-sans-semi-expanded/5.0.21/latin-ext-400.css.gz
- fontsource-encode-sans-semi-expanded/5.0.21/latin-ext-400.min.css.br
- fontsource-encode-sans-semi-expanded/5.0.21/latin-ext-400.min.css.gz
- fontsource-encode-sans-semi-expanded/5.0.21/latin-ext-500.css.br
- fontsource-encode-sans-semi-expanded/5.0.21/latin-ext-500.css.gz
- fontsource-encode-sans-semi-expanded/5.0.21/latin-ext-500.min.css.br
- fontsource-encode-sans-semi-expanded/5.0.21/latin-ext-500.min.css.gz
- fontsource-encode-sans-semi-expanded/5.0.21/latin-ext-600.css.br
- fontsource-encode-sans-semi-expanded/5.0.21/latin-ext-600.css.gz
- fontsource-encode-sans-semi-expanded/5.0.21/latin-ext-600.min.css.br
- fontsource-encode-sans-semi-expanded/5.0.21/latin-ext-600.min.css.gz
- fontsource-encode-sans-semi-expanded/5.0.21/latin-ext-700.css.br
- fontsource-encode-sans-semi-expanded/5.0.21/latin-ext-700.css.gz
- fontsource-encode-sans-semi-expanded/5.0.21/latin-ext-700.min.css.br
- fontsource-encode-sans-semi-expanded/5.0.21/latin-ext-700.min.css.gz
- fontsource-encode-sans-semi-expanded/5.0.21/latin-ext-800.css.br
- fontsource-encode-sans-semi-expanded/5.0.21/latin-ext-800.css.gz
- fontsource-encode-sans-semi-expanded/5.0.21/latin-ext-800.min.css.br
- fontsource-encode-sans-semi-expanded/5.0.21/latin-ext-800.min.css.gz
- fontsource-encode-sans-semi-expanded/5.0.21/latin-ext-900.css.br
- fontsource-encode-sans-semi-expanded/5.0.21/latin-ext-900.css.gz
- fontsource-encode-sans-semi-expanded/5.0.21/latin-ext-900.min.css.br
- fontsource-encode-sans-semi-expanded/5.0.21/latin-ext-900.min.css.gz
- fontsource-encode-sans-semi-expanded/5.0.21/latin-ext.css.br
- fontsource-encode-sans-semi-expanded/5.0.21/latin-ext.css.gz
- fontsource-encode-sans-semi-expanded/5.0.21/latin-ext.min.css.br
- fontsource-encode-sans-semi-expanded/5.0.21/latin-ext.min.css.gz
- fontsource-encode-sans-semi-expanded/5.0.21/latin.css.br
- fontsource-encode-sans-semi-expanded/5.0.21/latin.css.gz
- fontsource-encode-sans-semi-expanded/5.0.21/latin.min.css.br
- fontsource-encode-sans-semi-expanded/5.0.21/latin.min.css.gz
- fontsource-encode-sans-semi-expanded/5.0.21/vietnamese-100.css.br
- fontsource-encode-sans-semi-expanded/5.0.21/vietnamese-100.css.gz
- fontsource-encode-sans-semi-expanded/5.0.21/vietnamese-100.min.css.br
- fontsource-encode-sans-semi-expanded/5.0.21/vietnamese-100.min.css.gz
- fontsource-encode-sans-semi-expanded/5.0.21/vietnamese-200.css.br
- fontsource-encode-sans-semi-expanded/5.0.21/vietnamese-200.css.gz
- fontsource-encode-sans-semi-expanded/5.0.21/vietnamese-200.min.css.br
- fontsource-encode-sans-semi-expanded/5.0.21/vietnamese-200.min.css.gz
- fontsource-encode-sans-semi-expanded/5.0.21/vietnamese-300.css.br
- fontsource-encode-sans-semi-expanded/5.0.21/vietnamese-300.css.gz
- fontsource-encode-sans-semi-expanded/5.0.21/vietnamese-300.min.css.br
- fontsource-encode-sans-semi-expanded/5.0.21/vietnamese-300.min.css.gz
- fontsource-encode-sans-semi-expanded/5.0.21/vietnamese-400.css.br
- fontsource-encode-sans-semi-expanded/5.0.21/vietnamese-400.css.gz
- fontsource-encode-sans-semi-expanded/5.0.21/vietnamese-400.min.css.br
- fontsource-encode-sans-semi-expanded/5.0.21/vietnamese-400.min.css.gz
- fontsource-encode-sans-semi-expanded/5.0.21/vietnamese-500.css.br
- fontsource-encode-sans-semi-expanded/5.0.21/vietnamese-500.css.gz
- fontsource-encode-sans-semi-expanded/5.0.21/vietnamese-500.min.css.br
- fontsource-encode-sans-semi-expanded/5.0.21/vietnamese-500.min.css.gz
- fontsource-encode-sans-semi-expanded/5.0.21/vietnamese-600.css.br
- fontsource-encode-sans-semi-expanded/5.0.21/vietnamese-600.css.gz
- fontsource-encode-sans-semi-expanded/5.0.21/vietnamese-600.min.css.br
- fontsource-encode-sans-semi-expanded/5.0.21/vietnamese-600.min.css.gz
- fontsource-encode-sans-semi-expanded/5.0.21/vietnamese-700.css.br
- fontsource-encode-sans-semi-expanded/5.0.21/vietnamese-700.css.gz
- fontsource-encode-sans-semi-expanded/5.0.21/vietnamese-700.min.css.br
- fontsource-encode-sans-semi-expanded/5.0.21/vietnamese-700.min.css.gz
- fontsource-encode-sans-semi-expanded/5.0.21/vietnamese-800.css.br
- fontsource-encode-sans-semi-expanded/5.0.21/vietnamese-800.css.gz
- fontsource-encode-sans-semi-expanded/5.0.21/vietnamese-800.min.css.br
- fontsource-encode-sans-semi-expanded/5.0.21/vietnamese-800.min.css.gz
- fontsource-encode-sans-semi-expanded/5.0.21/vietnamese-900.css.br
- fontsource-encode-sans-semi-expanded/5.0.21/vietnamese-900.css.gz
- fontsource-encode-sans-semi-expanded/5.0.21/vietnamese-900.min.css.br
- fontsource-encode-sans-semi-expanded/5.0.21/vietnamese-900.min.css.gz
- fontsource-encode-sans-semi-expanded/5.0.21/vietnamese.css.br
- fontsource-encode-sans-semi-expanded/5.0.21/vietnamese.css.gz
- fontsource-encode-sans-semi-expanded/5.0.21/vietnamese.min.css.br
- fontsource-encode-sans-semi-expanded/5.0.21/vietnamese.min.css.gz
SRIs:
- fontsource-encode-sans-semi-expanded/5.0.21/latin-800.css: sha512-e8+GBo/MueDtAY97uzKSru1aWLVjU0++ml0odY7dnGpsUcESn6Oaj+1TBFZfJeVLL8phsdmHc8qRj7OKLvCLAw==
- fontsource-encode-sans-semi-expanded/5.0.21/latin-ext-700.min.css: sha512-jQt9Uah1eKYYsRVa1kvdVMo9b9K9LhmnCZ7IQBicFNf2Fz910bQiq9XMf42BI+EYMsWqVemJwrgTzU/cqX8M5A==
- fontsource-encode-sans-semi-expanded/5.0.21/vietnamese-800.min.css: sha512-W2pcAxAl9yH3hZ1Q6A92iT7tnf+Ui1QI9D069q75caAm3REIjOYkCzNy3k7KpIyj8v1df2ot+JNYiGSNPNbGGw==
- fontsource-encode-sans-semi-expanded/5.0.21/latin-700.css: sha512-XxuM8r3OM3wa035t0bEmGguIk8MbLgUTBjG3GELYLRAnr6B7F0PZmr3S1ewqFuDdspPeEBDVit0lSfA2dl4VcQ==
- fontsource-encode-sans-semi-expanded/5.0.21/latin-ext-200.css: sha512-jZYyoBMDPikDn9Q4XUg9aec7W/zGxBXxdftXNqoInp9nlUwLrYzQuxJIAnvVf7lDV5hTqW8fuSRUoQWAXsk+wQ==
- fontsource-encode-sans-semi-expanded/5.0.21/latin-ext-200.min.css: sha512-9TPj7j4ALJpUrJodJUqx1I/QioUXBcAmZWQQ7tUBU8A7JlPDIqE5P+dhZmg+JlWpanxtSAif6KWbf8QRbqI0Jg==
- fontsource-encode-sans-semi-expanded/5.0.21/800.css: sha512-xGLLo/Cf04dpXWF0tMF10kLSbbTDKiP+AKDe/ckSx3BIoYf6edgWXGk3VIVugRLIIEQwhVi4x/Scw+ornPWkZw==
- fontsource-encode-sans-semi-expanded/5.0.21/latin-400.css: sha512-ciU6vrRUXHIqB2Vl6wNadXea8UiEs48fnk+wxNZQj9v0vYwmeVXvjDEVoZ8xOKRONswEmOG08unWeTejxvJ5JA==
- fontsource-encode-sans-semi-expanded/5.0.21/latin-ext-600.css: sha512-wHs19NmnjwF35wGbA6M3To0iYHsDj980jtPeEHg3d07+HNRMial090uH3gHU+LOmKoo4Yt4W4CbbyU5b9mJ+IQ==
- fontsource-encode-sans-semi-expanded/5.0.21/latin-ext-800.min.css: sha512-aNcZvg3cn0dDwmjkuAtP0WSMfWROYbOWRLJMTnQB75TJXQ7IBpCzVSUO6bbLtlgc3Aa1M+BmW3wDiQB2UcELyQ==
- fontsource-encode-sans-semi-expanded/5.0.21/vietnamese-500.min.css: sha512-FnauyuX0x6RdCDn4tvXxrPxkvcgeQFmkyqh7igHyz+U1l3OTu1Laf/6WIqEj8JW4YRWl6G0d4yGiYwoCcfh2UQ==
- fontsource-encode-sans-semi-expanded/5.0.21/vietnamese.css: sha512-KEgPVTYYVX1B3j2etuWiv3BfJDFKANei86lLpkgTVlPjk1GR86DdE0QcCfpNjCD8gmll/W9g9R8yCygAaxCeTg==
- fontsource-encode-sans-semi-expanded/5.0.21/300.css: sha512-vyTsajME4JZPz7Q+B2osX9QhjIosm53vN7ntSIzqZ6oKq3SDjgnt2K09fIXTLw+hiZ+3HWNiS/YWzfTrCDCdEA==
- fontsource-encode-sans-semi-expanded/5.0.21/latin-ext-900.min.css: sha512-b1pi9d3CH0ul2ionL6PvcniIuYAWGPpBnZd5RCqZU8zouT3Zu/hqXwir9N5Lnjar2bgfXfi+Xgge8Ms60McP+Q==
- fontsource-encode-sans-semi-expanded/5.0.21/vietnamese-900.css: sha512-10gIw7VCRkGdfHSB0HSZ+EG+iUnm2N6yL8OY40HtSiJiVTcauj5TF90YwqayWsbw29SY/WDQ1au5VdwCQruR9g==
- fontsource-encode-sans-semi-expanded/5.0.21/600.min.css: sha512-pz7+U7M/1Z9sofc/LCY2zLuMzjMXGGMlFxXc6Q62CbxkvvoxTUdDRbWmc+OiRWMHQMv5cBvahKI36y45AvK/Zw==
- fontsource-encode-sans-semi-expanded/5.0.21/700.min.css: sha512-8lh1VHU2AbgOCpOnoDa9EfPCEj4QiW9rLETYELFf6Y0CR0Xq2G6xP9jadAtS9A24OXAtNIVd1GM9Lb4G+i33Iw==
- fontsource-encode-sans-semi-expanded/5.0.21/latin-ext-400.css: sha512-n5TpcPUeLsKARQN8sezGpvXeibui4IG/9hXFIwrSfWo2JdrsQ1CIkA3xcm25Pkf6k/rNoxhTFUfMThl8xA022A==
- fontsource-encode-sans-semi-expanded/5.0.21/latin-ext-500.css: sha512-qN47btaoM/qKC9R6VYzZRUQR74ZfaruUl2sSXhzkcYw8V76MUmDKqYE3Ir/Voo8LP+Vhl4iAC/xqLeGUWzXG6A==
- fontsource-encode-sans-semi-expanded/5.0.21/latin-ext-700.css: sha512-OwBo4DaSmroOTS3g5APFSzwsR8ShZNF+leBL0MD2ZiCeVcVWM4dPFyRqHYYWa3sh7Y7jbGTFNWFfkwlkpie7lA==
- fontsource-encode-sans-semi-expanded/5.0.21/400.min.css: sha512-pN+c8FlYS9dDbqTXZJwbBJfGJYr4seGiItzs8UPF8tY+XP3octDhrDqzQbU5t83UjdUjvoU58bAbq8EoxZMAaQ==
- fontsource-encode-sans-semi-expanded/5.0.21/900.css: sha512-Z8749SQ7c+uaTEYvjovycEMau5l1sDnUurVIltVXFiL4NnTKUzadVofixKTv2WgduC0y+hy/Wh/rYPJRVoQnaA==
- fontsource-encode-sans-semi-expanded/5.0.21/latin-200.min.css: sha512-4K4Kw/97R6rSNxBQNFbPgj9SfAT3bGW/YmUpj7Mt8iM03IHxxypBYzdIrF0Xmedcy6s5nh0Qn0WEuzQOwXZQkA==
- fontsource-encode-sans-semi-expanded/5.0.21/latin-600.min.css: sha512-Sxhex9fm0cd+NXgHTvjDxbNYAPn9m6AWQIBpf+klIlAt+tr/G4L5XXBqOGgoxqtaFTuFQxB9dTSjG7RHPpGVVg==
- fontsource-encode-sans-semi-expanded/5.0.21/latin-ext-900.css: sha512-g0XufvhS3BfITZvDWA3jXpTyzG4AID31fmXdyEJz5P10j7QGRtqepXnTNDyJzK2VSE1mfeu8UhL4mbgPc1XZpA==
- fontsource-encode-sans-semi-expanded/5.0.21/vietnamese-100.css: sha512-wWkXrrrxojYyIWpTW/NGq5N5BfRCpkp/GnE71221J8Sxx/8xuih0OZEZ+xlDIBVwMMpi6rFAyXuT9euTr23/1w==
- fontsource-encode-sans-semi-expanded/5.0.21/latin-700.min.css: sha512-fkkCp5EXlBnjv5IHWcMon7jngvBz1UO0RcORR/9LkgGjA+h4MZTpjEWiKO2K3/Hirn4kH8J3uWPxZp+VKjv/dg==
- fontsource-encode-sans-semi-expanded/5.0.21/latin-ext-300.min.css: sha512-lUucv9JKQkLfnSqOpCyvk8LbFxOw+rTil8DJspj8F2/0qMN0HWTrPvFT2jz4TZtfI66+GbqIji+XOYs0ZAyjHw==
- fontsource-encode-sans-semi-expanded/5.0.21/vietnamese-500.css: sha512-kDNeTUsks6JTi/WeKABeCbIEXat2BLTuFJxRZGjpO/3mfobtDYSep3GkryLEC+JUdhQiFVLaRDKeZ1wsAr7MQw==
- fontsource-encode-sans-semi-expanded/5.0.21/300.min.css: sha512-JB0XRw6DAtPL4WpDhaivCT2EJb40W983gE550EJkRw5XNiy+onHxsFq/JuVyid73Fbo2kbLlZI1zh1MIcwWK+g==
- fontsource-encode-sans-semi-expanded/5.0.21/latin-100.css: sha512-vYEnOoHOd8SdJ8Z1/uYgxz0Ceek/JRtGsnT/ISyAccL3EpUUOXKW+fjWXzhqhCJqAj/PMUvRczhUeslhr4y92g==
- fontsource-encode-sans-semi-expanded/5.0.21/latin-100.min.css: sha512-jj3vGtnVM9iSw+jfGAEL27hj+F3uB05Is7UmQ7afIjwpCzgcnicuqc6/7WV0z5k+B24jzRC1IEkj/YOMcuFM3g==
- fontsource-encode-sans-semi-expanded/5.0.21/vietnamese-600.min.css: sha512-sW1KondyduzEGz0PqlZ3GlLfmPReHOvj8998WBSF/3gdME8df9WHOBPlIsZ6p4aiWYEuXHGrLjaDeMvCE44CEw==
- fontsource-encode-sans-semi-expanded/5.0.21/100.min.css: sha512-QebSb27l3xHLogeoh+KuLT/Ln794GM9xfN3msDhk/GXW/z0iyZEfdmPRTnhTkoC6aXnTwZa9RMlEqpswQhRsLA==
- fontsource-encode-sans-semi-expanded/5.0.21/index.min.css: sha512-pN+c8FlYS9dDbqTXZJwbBJfGJYr4seGiItzs8UPF8tY+XP3octDhrDqzQbU5t83UjdUjvoU58bAbq8EoxZMAaQ==
- fontsource-encode-sans-semi-expanded/5.0.21/latin-900.css: sha512-7UWLSbQd8C5bcSMt6oPNWSSupLgt0pg9VZZy7ZG8nvOMEW9ReNIH8/AUTBiIbmAPNru+GvlktZTj5mAaQVxOVw==
- fontsource-encode-sans-semi-expanded/5.0.21/latin-ext-300.css: sha512-2Hi/taAPc1DpFb0q/86+TFwZF5VkZ/NmHWENiTLUQnrg4g+6sImuQG++EgKx4E2YiEj1Rl4ZtctngXMTybPcYg==
- fontsource-encode-sans-semi-expanded/5.0.21/latin-ext-400.min.css: sha512-UCFQoJvIeaEPSGq1V3y4EtOftWvxt5PSYqy+UnN0Yzvn6i5sNsunB+hr/lFP3u+uoVqXAkg1WHA7gmXX5qq3dw==
- fontsource-encode-sans-semi-expanded/5.0.21/vietnamese-300.css: sha512-/WNJ9htqomTrfSaOpulpTB2OQFr7i5IDwbEtrQG3JfzVEEKtNc5TKYguI8Sdnejj2eXD4LV+I00stbvF3/jsXQ==
- fontsource-encode-sans-semi-expanded/5.0.21/vietnamese-600.css: sha512-96raXiSWvFVqaQK8DxwxonR9Q2lxa98h4TjV+WlG2C+vFq8WFo8HF1fRt00wiDcv0LbWM3FePz1Vgs6d2QvPtg==
- fontsource-encode-sans-semi-expanded/5.0.21/index.css: sha512-IHBHBGDwaIj1llTyPqzdXyype5WPjTdFt7UAVqBd1rrydAnkI0Qy/VxDPnIdJPYGI9KdtS6kFG38wzURMV0LgA==
- fontsource-encode-sans-semi-expanded/5.0.21/latin-300.min.css: sha512-3PDxYOFgik+/HHLJ02OfqUL4gIdwD0h+ycYv/SoJ+7HeQu3fjgvkvacwADE2l0hg59cGz2NSQLPeS2i4KBbgNg==
- fontsource-encode-sans-semi-expanded/5.0.21/latin-ext-800.css: sha512-8jnG6wlK+hFT0p3DfkT/y8+bsIRXTh+O2HNwEsTsVeD0b6YxsdpNteBGG5wYtKgJQA0C5G88kylHp/UI7AEJvg==
- fontsource-encode-sans-semi-expanded/5.0.21/latin-ext.min.css: sha512-C/H5VIG1xo4U/SPPGjM6Elmu5RcPuvmKyksYRg7c844At6cLRZ7yUyAe9n5NC52VM+RNiZ5D2l/5oXkbZmeq1g==
- fontsource-encode-sans-semi-expanded/5.0.21/vietnamese-200.min.css: sha512-b0EA9Vc2kq/EBUHsT5l2/IreVeZ0N0V99GZtL55YeXvPHZudExIL0lvBYK3hFzkbVpGSTWJDzXxakKjfXuBH9Q==
- fontsource-encode-sans-semi-expanded/5.0.21/vietnamese-400.css: sha512-CIoqtCdsL7x4D/anyT0eulEAL7W4aJ2wMUT80ANBPspf7a9oBL93CAgkHnaF2E5nQ3JAW8UOXA382ZV3Ji/Z3w==
- fontsource-encode-sans-semi-expanded/5.0.21/400.css: sha512-IHBHBGDwaIj1llTyPqzdXyype5WPjTdFt7UAVqBd1rrydAnkI0Qy/VxDPnIdJPYGI9KdtS6kFG38wzURMV0LgA==
- fontsource-encode-sans-semi-expanded/5.0.21/latin-400.min.css: sha512-N+zapuubPHqbnTNc7GTJma2dQI1sn27km0Zo3vFFYm7J/kSlQUNRCFkKE0Du/jYeyvkn9uKaxlvq+MXqFF7BaQ==
- fontsource-encode-sans-semi-expanded/5.0.21/latin-600.css: sha512-OJ/ixbSiRrITdgUAmfjVMRkO+4cD1DN38BnrThjI135eiHs0C69Z8scJnGNTE6Sy4kLweAZckAYQ6UPCS+E3rA==
- fontsource-encode-sans-semi-expanded/5.0.21/latin-800.min.css: sha512-pKubjolmzgVTDhn4xXa0mBatB96lAR0jee5bDO6qiH2dqYbBxuNUVUKLEvKFZ4tSHsSFQJYkp26SY4ktHRAlcw==
- fontsource-encode-sans-semi-expanded/5.0.21/latin-ext-100.css: sha512-pFfplVFH6M4+WT4nx5QAt5n7JBOpXsZ3r90NET0Hv1SzLpbcX2XPF0d7T/xxLWzxChJTxypkJsHK4cwaLzU+Kw==
- fontsource-encode-sans-semi-expanded/5.0.21/latin-ext-500.min.css: sha512-TDhxy5JenQ2gCSOw6oq3HjQD9xJOpsZzxePSOq39nyTgq8zbvtOxzEPl3sCMyv/6IFJNtTUisb8koDsOo4QcHw==
- fontsource-encode-sans-semi-expanded/5.0.21/200.min.css: sha512-P4lvBnWX3p4ADEI4jCRhxDZMjqCoDcfEOYXBHe4F4xCF92WHXcW4KXPW6EzIpgX/rmwULaEQtrE5FeuRcnO/Nw==
- fontsource-encode-sans-semi-expanded/5.0.21/latin-ext.css: sha512-X47DnYCQ/hJfNj034KlMIr7Qtbdykm4V8/fKi7FuILUUjWEN2gdr/4dJp05ACxFCtPtcUdOMmfMcnxdvUMN2tQ==
- fontsource-encode-sans-semi-expanded/5.0.21/800.min.css: sha512-vyQq86Zl+Scfg/+444adB/WkYBXQvlfICsWE6ke2gYjTYnkCPI7u/0zZatkC4nlXss+lDQmH77YefHE1ipry/g==
- fontsource-encode-sans-semi-expanded/5.0.21/latin-500.css: sha512-ZConYnE/nMDZsYzD9QLhHsjbhtfGXSJQ29Eie7LbV8hRUi++ZqZkmv1wTAHCMO1JRfCB2W/K9/VTPXVl2f84Xw==
- fontsource-encode-sans-semi-expanded/5.0.21/latin-900.min.css: sha512-cJawN6x3Yilui/0EkyignTK6ztD7wxQcdfOqQ/C5d1gqM90/VSdl1yLV5N0Sbxd89Rpku1X7dddK3Hyhf79Rzw==
- fontsource-encode-sans-semi-expanded/5.0.21/latin.css: sha512-woAZAotUogjPBQzGPm3b0VsPy/8ucH4+uxH/0CkEDAEAjQzUe9qQQoA4WHFGS2BgQEUFdPYnUZvWD2SZenJOHw==
- fontsource-encode-sans-semi-expanded/5.0.21/vietnamese-100.min.css: sha512-WTDXoNBw2cnNxhwcFru/M5Az7CCBTvdaAIGa/bthMggOPSARg4l0/ihiP/tGFPLMbAjf1h2/2zVvIsLPMzUkVA==
- fontsource-encode-sans-semi-expanded/5.0.21/vietnamese-900.min.css: sha512-E0vZVXQQuwAs72Ypx0QPcktOjNxes4dBStvhOk6vVElUTBPzzJFeGi4ybucbdofFFq8qKkTTxSUyTXrwLpw/Cw==
- fontsource-encode-sans-semi-expanded/5.0.21/100.css: sha512-b4ae+9hC/28sLpVS/hgpTVNC1Rvodi3oy0+dTiRr1PI6uYJT5eOEEvNRUZ4swGeGzu5SjSihGZJTsZkUSu3kow==
- fontsource-encode-sans-semi-expanded/5.0.21/200.css: sha512-ZNm1h7TUtmu0vuiYuQ42O/HwHPgXcgOFsUJvVAowFvNTKVh1WLDWDUKIFHbZoYxLvuPtDWL6BElYeIEwCitmcA==
- fontsource-encode-sans-semi-expanded/5.0.21/500.css: sha512-L3vXfCkp8N1ssMYy4JDqP2yjlduXF5i38R1143fm4ZYxAkMMDb/GA/lv6vJnzMHpaDRwEZ7cNRAmuQBrrMJEug==
- fontsource-encode-sans-semi-expanded/5.0.21/600.css: sha512-2YM36VLIVpa4LiVfkzPpzoMeD4rHovLCKoFqHLoytHIIVv3p1KK1D4E1tqEC3AE7/Z6jxgzfSSAuogTqn7aBRw==
- fontsource-encode-sans-semi-expanded/5.0.21/900.min.css: sha512-im8PIENG4BIkCqj8cTEPKyB0zqcbORxfw+J95eldlfCC1mSNIi5zK3UyxsMkZcgwUCa+X1E7kNS8tYQJWWLeGw==
- fontsource-encode-sans-semi-expanded/5.0.21/vietnamese-800.css: sha512-AA9OqsAl9fJ2mzyw7LNmUAje1O+Lk4JaiX0SIYGAuJ8ADhGfB8lXiNygzsoFgHFIu/xH1RCFNT+3oJjAf5ykpw==
- fontsource-encode-sans-semi-expanded/5.0.21/700.css: sha512-zZkJy3kVYfL5cQ+7VGvbWx0xEe5BcTDAPB6QRQfT65K2cn9Za5NvCaFJ3+OpcPtLwWpPCgcW9/gThQk1H1Cxdw==
- fontsource-encode-sans-semi-expanded/5.0.21/latin-300.css: sha512-y/NGi3xehG5fSO0PSs6MFdOKqQOEsiEBNO32tU3Jo5HRxnAe4hCuJKzgY5837FwgrvgSxtSWx6i2xaKlsQTjyQ==
- fontsource-encode-sans-semi-expanded/5.0.21/latin-ext-100.min.css: sha512-FVgbZn49uKVY+pm99VTexuWpuXTGGDQkgOJ7Ztg6ju536cwbuzSMoF6a4MuFp8lDKGS+v+FWlbKP0P8FPkPAag==
- fontsource-encode-sans-semi-expanded/5.0.21/latin-ext-600.min.css: sha512-W53uk3IxM5jvsuOr4sSwyBb9RhHMhkRSTqkoPrnG2sSkflkm8BvCFuzjaq1FV72dSqDN9K/pb3V6eYfmXOXHBQ==
- fontsource-encode-sans-semi-expanded/5.0.21/latin.min.css: sha512-Bw30IgzVJnQ2sCOMIItQnVEwvGc1ZwVtTwM/uAbsffA4b8TZhSxP7CJruUrhhkYSKV6h0CoJrxqqTwzGyGacTg==
- fontsource-encode-sans-semi-expanded/5.0.21/vietnamese-200.css: sha512-rQrt+4AzPMqfuk/T5yWUTPj+zW0z23RgG9R/K5tEfctm0LmcUOc4OKtrLJkenynoJktQXslDjYn13WmCaAyb/g==
- fontsource-encode-sans-semi-expanded/5.0.21/vietnamese-300.min.css: sha512-G0LeQiZHcBmKdlZM28nlgs6i1nqplTxxUdsuWWP4cwhnLHKDe1DeYNvC6InnSm94lvyeC2CDw5b58djXQf/9LA==
- fontsource-encode-sans-semi-expanded/5.0.21/vietnamese-400.min.css: sha512-zep1GsQnoF2qhUuMWxZEulkpWdHMRsYTpMRUsMKhRrN7MJ/pe86bbpHFUbr3Kt/jd3tAnS8Fb2nHpi6jBeL/nw==
- fontsource-encode-sans-semi-expanded/5.0.21/vietnamese.min.css: sha512-F7cjVgtID0zWdRYgha7biZge0+sNMHsFhzP1jIFD4NzVBqrEo1BqiGHnzLUjQtwOWZa8kxJzh4rO7K7J9p6D1Q==
- fontsource-encode-sans-semi-expanded/5.0.21/500.min.css: sha512-FudoKz3527OPH2VTBPdNa3OYbisl0yuKTDjUIokZ3V9rVlhX3k4hzG92kU6VVNhDhrszYnWMJqtUgC9WzJG8Ag==
- fontsource-encode-sans-semi-expanded/5.0.21/latin-200.css: sha512-p8DzpH1jsbg40nzXoeSC/O2Ykfcz4MJaeEB3lVHUuzjZrM0cVV4LLk/FcCPFxx8mf85rL9oQ4UCVRBWdX5B7Fw==
- fontsource-encode-sans-semi-expanded/5.0.21/latin-500.min.css: sha512-OIdDWgrSkmNpiJ+FqGeWzgyaVj3PUQtJNfzjqG3hPqOy5wdEJK+9wPUmsQiMid/TycpceXPwQWWEa+j+0gsdKw==
- fontsource-encode-sans-semi-expanded/5.0.21/vietnamese-700.css: sha512-4n8/iCnr8LhvF0tYEOvk0btppKS5xkjz/T81PFSwu1CRcwaGKLZ9P/IhPIA4Yyg0BxBa+e+60+a/DA7OzXsQvQ==
- fontsource-encode-sans-semi-expanded/5.0.21/vietnamese-700.min.css: sha512-pjRzGmL2EP/gk4eVClb+jlk3xQicSCKjh7gM/XIY7ehL4RzigWujUSLsjblcsiGwnMU9/zXxfHKz9CXrLss1sw==
