config: {"authors":[{"name":"qwqcode"}],"autoupdate":{"source":"npm","target":"artalk","fileMap":[{"basePath":"dist","files":["*.@(js|css)"]}]},"description":"A Selfhosted Comment System","filename":"Artalk.js","homepage":"https://artalk.js.org","keywords":["comment-system","comments-widget","comment","comments","blog"],"license":"LGPL-3.0","name":"artalk","repository":{"type":"git","url":"git+https://github.com/ArtalkJS/Artalk.git"},"author":"qwqcode"}
KV keys:
- artalk/2.2.12/Artalk.css.br
- artalk/2.2.12/Artalk.css.gz
- artalk/2.2.12/Artalk.es.js.br
- artalk/2.2.12/Artalk.es.js.gz
- artalk/2.2.12/Artalk.es.min.js.br
- artalk/2.2.12/Artalk.es.min.js.gz
- artalk/2.2.12/Artalk.iife.js.br
- artalk/2.2.12/Artalk.iife.js.gz
- artalk/2.2.12/Artalk.iife.min.js.br
- artalk/2.2.12/Artalk.iife.min.js.gz
- artalk/2.2.12/Artalk.js.br
- artalk/2.2.12/Artalk.js.gz
- artalk/2.2.12/Artalk.min.css.br
- artalk/2.2.12/Artalk.min.css.gz
- artalk/2.2.12/Artalk.min.js.br
- artalk/2.2.12/Artalk.min.js.gz
SRIs:
- artalk/2.2.12/Artalk.min.js: sha512-/RqrMm0xIDyOpC4wYDZo7ZQAjvjUuXBJOK3oVGHOxuyqWj3yblWxF0ytqJMKm/uXRWTdTQNN3/0OT8d+Elxu6Q==
- artalk/2.2.12/Artalk.css: sha512-qN9f+/GG8kvv5dtfXyEF7NdUApRDha0m6tL34OsksGsMc0QKW+q0IL5DJYtA9L3/TlG8fKJM9PeAeeIdRDfVQw==
- artalk/2.2.12/Artalk.es.js: sha512-3dsIYiJtEcqGVJJEmK9csHLLL6oCDlhI4VEf+0WKdF2tTuPhB6VyS3gjoUdV8qUZXe3ygCqztkXD+FZXxAwGXA==
- artalk/2.2.12/Artalk.es.min.js: sha512-aLapzokFym0vA/Y0iTsqBvgzF96zgEsFz2Q8b9Ruic7dkBWAm2skJbdoKPq/QwUKN7vLJJ+vLk2gk50/MHgkfw==
- artalk/2.2.12/Artalk.iife.js: sha512-jZozS5/H1JUwQpjpiIi3I6sXaYGLv4rBQqIF4IEYQQuA54y7jOWhZmquczWvFg/HsN3U+GjCE0pr/HJRU+0PQQ==
- artalk/2.2.12/Artalk.iife.min.js: sha512-EKvtuoSBoiFRISyYg2+jq0XhFa83tUYYP0UqAknVeBXp8Ro0K/OUM62lgaPCJcTPZHXFUGcnULFUEpoBwFtBPw==
- artalk/2.2.12/Artalk.js: sha512-9vIPz+adN/OG+hyFrZmVXAzo667XC/SZX/j6mbOvrN7eQVekEOHizg5Kn8cND+t4o0eC7lw0DkIzpzm8JjiCmg==
- artalk/2.2.12/Artalk.min.css: sha512-IyQ0b9YlEfaOvNGqnj0d02b0wrUeqKpvj6yUtoTSP8xhOsGZGrfmjoj182ZEqB+NMOs/TsNS+qC2V+oV7gY3dA==
