config: {"authors":[{"name":"Developer Express Inc.","email":"js@devexpress.com","url":"https://www.devexpress.com/"}],"autoupdate":{"source":"npm","target":"devextreme","fileMap":[{"basePath":"dist","files":["js/!(*.debug).js","js/localization/*.js","js/vectormap-data/*.js","css/*.css","css/@(fonts|icons)/*.@(ttf|woff|woff2)"]}]},"description":"HTML5 JavaScript Component Suite for Responsive Web Development","filename":"js/dx.all.js","homepage":"https://js.devexpress.com/","keywords":["html5","controls","widgets","components","jquery","knockout","angular","web","ui","datagrid","pivotgrid","scheduler","treelist","chart"],"license":"https://js.devexpress.com/Licensing/","name":"devextreme","repository":{"type":"git","url":"https://github.com/DevExpress/DevExtreme.git"},"author":"Developer Express Inc. \u003cjs@devexpress.com\u003e (https://www.devexpress.com/)"}
KV keys:
- devextreme/21.1.8-build-21361-1723/css/dx.carmine.compact.css.br
- devextreme/21.1.8-build-21361-1723/css/dx.carmine.compact.css.gz
- devextreme/21.1.8-build-21361-1723/css/dx.carmine.compact.min.css.br
- devextreme/21.1.8-build-21361-1723/css/dx.carmine.compact.min.css.gz
- devextreme/21.1.8-build-21361-1723/css/dx.carmine.css.br
- devextreme/21.1.8-build-21361-1723/css/dx.carmine.css.gz
- devextreme/21.1.8-build-21361-1723/css/dx.carmine.min.css.br
- devextreme/21.1.8-build-21361-1723/css/dx.carmine.min.css.gz
- devextreme/21.1.8-build-21361-1723/css/dx.common.css.br
- devextreme/21.1.8-build-21361-1723/css/dx.common.css.gz
- devextreme/21.1.8-build-21361-1723/css/dx.common.min.css.br
- devextreme/21.1.8-build-21361-1723/css/dx.common.min.css.gz
- devextreme/21.1.8-build-21361-1723/css/dx.contrast.compact.css.br
- devextreme/21.1.8-build-21361-1723/css/dx.contrast.compact.css.gz
- devextreme/21.1.8-build-21361-1723/css/dx.contrast.compact.min.css.br
- devextreme/21.1.8-build-21361-1723/css/dx.contrast.compact.min.css.gz
- devextreme/21.1.8-build-21361-1723/css/dx.contrast.css.br
- devextreme/21.1.8-build-21361-1723/css/dx.contrast.css.gz
- devextreme/21.1.8-build-21361-1723/css/dx.contrast.min.css.br
- devextreme/21.1.8-build-21361-1723/css/dx.contrast.min.css.gz
- devextreme/21.1.8-build-21361-1723/css/dx.dark.compact.css.br
- devextreme/21.1.8-build-21361-1723/css/dx.dark.compact.css.gz
- devextreme/21.1.8-build-21361-1723/css/dx.dark.compact.min.css.br
- devextreme/21.1.8-build-21361-1723/css/dx.dark.compact.min.css.gz
- devextreme/21.1.8-build-21361-1723/css/dx.dark.css.br
- devextreme/21.1.8-build-21361-1723/css/dx.dark.css.gz
- devextreme/21.1.8-build-21361-1723/css/dx.dark.min.css.br
- devextreme/21.1.8-build-21361-1723/css/dx.dark.min.css.gz
- devextreme/21.1.8-build-21361-1723/css/dx.darkmoon.compact.css.br
- devextreme/21.1.8-build-21361-1723/css/dx.darkmoon.compact.css.gz
- devextreme/21.1.8-build-21361-1723/css/dx.darkmoon.compact.min.css.br
- devextreme/21.1.8-build-21361-1723/css/dx.darkmoon.compact.min.css.gz
- devextreme/21.1.8-build-21361-1723/css/dx.darkmoon.css.br
- devextreme/21.1.8-build-21361-1723/css/dx.darkmoon.css.gz
- devextreme/21.1.8-build-21361-1723/css/dx.darkmoon.min.css.br
- devextreme/21.1.8-build-21361-1723/css/dx.darkmoon.min.css.gz
- devextreme/21.1.8-build-21361-1723/css/dx.darkviolet.compact.css.br
- devextreme/21.1.8-build-21361-1723/css/dx.darkviolet.compact.css.gz
- devextreme/21.1.8-build-21361-1723/css/dx.darkviolet.compact.min.css.br
- devextreme/21.1.8-build-21361-1723/css/dx.darkviolet.compact.min.css.gz
- devextreme/21.1.8-build-21361-1723/css/dx.darkviolet.css.br
- devextreme/21.1.8-build-21361-1723/css/dx.darkviolet.css.gz
- devextreme/21.1.8-build-21361-1723/css/dx.darkviolet.min.css.br
- devextreme/21.1.8-build-21361-1723/css/dx.darkviolet.min.css.gz
- devextreme/21.1.8-build-21361-1723/css/dx.greenmist.compact.css.br
- devextreme/21.1.8-build-21361-1723/css/dx.greenmist.compact.css.gz
- devextreme/21.1.8-build-21361-1723/css/dx.greenmist.compact.min.css.br
- devextreme/21.1.8-build-21361-1723/css/dx.greenmist.compact.min.css.gz
- devextreme/21.1.8-build-21361-1723/css/dx.greenmist.css.br
- devextreme/21.1.8-build-21361-1723/css/dx.greenmist.css.gz
- devextreme/21.1.8-build-21361-1723/css/dx.greenmist.min.css.br
- devextreme/21.1.8-build-21361-1723/css/dx.greenmist.min.css.gz
- devextreme/21.1.8-build-21361-1723/css/dx.light.compact.css.br
- devextreme/21.1.8-build-21361-1723/css/dx.light.compact.css.gz
- devextreme/21.1.8-build-21361-1723/css/dx.light.compact.min.css.br
- devextreme/21.1.8-build-21361-1723/css/dx.light.compact.min.css.gz
- devextreme/21.1.8-build-21361-1723/css/dx.light.css.br
- devextreme/21.1.8-build-21361-1723/css/dx.light.css.gz
- devextreme/21.1.8-build-21361-1723/css/dx.light.min.css.br
- devextreme/21.1.8-build-21361-1723/css/dx.light.min.css.gz
- devextreme/21.1.8-build-21361-1723/css/dx.material.blue.dark.compact.css.br
- devextreme/21.1.8-build-21361-1723/css/dx.material.blue.dark.compact.css.gz
- devextreme/21.1.8-build-21361-1723/css/dx.material.blue.dark.compact.min.css.br
- devextreme/21.1.8-build-21361-1723/css/dx.material.blue.dark.compact.min.css.gz
- devextreme/21.1.8-build-21361-1723/css/dx.material.blue.dark.css.br
- devextreme/21.1.8-build-21361-1723/css/dx.material.blue.dark.css.gz
- devextreme/21.1.8-build-21361-1723/css/dx.material.blue.dark.min.css.br
- devextreme/21.1.8-build-21361-1723/css/dx.material.blue.dark.min.css.gz
- devextreme/21.1.8-build-21361-1723/css/dx.material.blue.light.compact.css.br
- devextreme/21.1.8-build-21361-1723/css/dx.material.blue.light.compact.css.gz
- devextreme/21.1.8-build-21361-1723/css/dx.material.blue.light.compact.min.css.br
- devextreme/21.1.8-build-21361-1723/css/dx.material.blue.light.compact.min.css.gz
- devextreme/21.1.8-build-21361-1723/css/dx.material.blue.light.css.br
- devextreme/21.1.8-build-21361-1723/css/dx.material.blue.light.css.gz
- devextreme/21.1.8-build-21361-1723/css/dx.material.blue.light.min.css.br
- devextreme/21.1.8-build-21361-1723/css/dx.material.blue.light.min.css.gz
- devextreme/21.1.8-build-21361-1723/css/dx.material.lime.dark.compact.css.br
- devextreme/21.1.8-build-21361-1723/css/dx.material.lime.dark.compact.css.gz
- devextreme/21.1.8-build-21361-1723/css/dx.material.lime.dark.compact.min.css.br
- devextreme/21.1.8-build-21361-1723/css/dx.material.lime.dark.compact.min.css.gz
- devextreme/21.1.8-build-21361-1723/css/dx.material.lime.dark.css.br
- devextreme/21.1.8-build-21361-1723/css/dx.material.lime.dark.css.gz
- devextreme/21.1.8-build-21361-1723/css/dx.material.lime.dark.min.css.br
- devextreme/21.1.8-build-21361-1723/css/dx.material.lime.dark.min.css.gz
- devextreme/21.1.8-build-21361-1723/css/dx.material.lime.light.compact.css.br
- devextreme/21.1.8-build-21361-1723/css/dx.material.lime.light.compact.css.gz
- devextreme/21.1.8-build-21361-1723/css/dx.material.lime.light.compact.min.css.br
- devextreme/21.1.8-build-21361-1723/css/dx.material.lime.light.compact.min.css.gz
- devextreme/21.1.8-build-21361-1723/css/dx.material.lime.light.css.br
- devextreme/21.1.8-build-21361-1723/css/dx.material.lime.light.css.gz
- devextreme/21.1.8-build-21361-1723/css/dx.material.lime.light.min.css.br
- devextreme/21.1.8-build-21361-1723/css/dx.material.lime.light.min.css.gz
- devextreme/21.1.8-build-21361-1723/css/dx.material.orange.dark.compact.css.br
- devextreme/21.1.8-build-21361-1723/css/dx.material.orange.dark.compact.css.gz
- devextreme/21.1.8-build-21361-1723/css/dx.material.orange.dark.compact.min.css.br
- devextreme/21.1.8-build-21361-1723/css/dx.material.orange.dark.compact.min.css.gz
- devextreme/21.1.8-build-21361-1723/css/dx.material.orange.dark.css.br
- devextreme/21.1.8-build-21361-1723/css/dx.material.orange.dark.css.gz
- devextreme/21.1.8-build-21361-1723/css/dx.material.orange.dark.min.css.br
- devextreme/21.1.8-build-21361-1723/css/dx.material.orange.dark.min.css.gz
- devextreme/21.1.8-build-21361-1723/css/dx.material.orange.light.compact.css.br
- devextreme/21.1.8-build-21361-1723/css/dx.material.orange.light.compact.css.gz
- devextreme/21.1.8-build-21361-1723/css/dx.material.orange.light.compact.min.css.br
- devextreme/21.1.8-build-21361-1723/css/dx.material.orange.light.compact.min.css.gz
- devextreme/21.1.8-build-21361-1723/css/dx.material.orange.light.css.br
- devextreme/21.1.8-build-21361-1723/css/dx.material.orange.light.css.gz
- devextreme/21.1.8-build-21361-1723/css/dx.material.orange.light.min.css.br
- devextreme/21.1.8-build-21361-1723/css/dx.material.orange.light.min.css.gz
- devextreme/21.1.8-build-21361-1723/css/dx.material.purple.dark.compact.css.br
- devextreme/21.1.8-build-21361-1723/css/dx.material.purple.dark.compact.css.gz
- devextreme/21.1.8-build-21361-1723/css/dx.material.purple.dark.compact.min.css.br
- devextreme/21.1.8-build-21361-1723/css/dx.material.purple.dark.compact.min.css.gz
- devextreme/21.1.8-build-21361-1723/css/dx.material.purple.dark.css.br
- devextreme/21.1.8-build-21361-1723/css/dx.material.purple.dark.css.gz
- devextreme/21.1.8-build-21361-1723/css/dx.material.purple.dark.min.css.br
- devextreme/21.1.8-build-21361-1723/css/dx.material.purple.dark.min.css.gz
- devextreme/21.1.8-build-21361-1723/css/dx.material.purple.light.compact.css.br
- devextreme/21.1.8-build-21361-1723/css/dx.material.purple.light.compact.css.gz
- devextreme/21.1.8-build-21361-1723/css/dx.material.purple.light.compact.min.css.br
- devextreme/21.1.8-build-21361-1723/css/dx.material.purple.light.compact.min.css.gz
- devextreme/21.1.8-build-21361-1723/css/dx.material.purple.light.css.br
- devextreme/21.1.8-build-21361-1723/css/dx.material.purple.light.css.gz
- devextreme/21.1.8-build-21361-1723/css/dx.material.purple.light.min.css.br
- devextreme/21.1.8-build-21361-1723/css/dx.material.purple.light.min.css.gz
- devextreme/21.1.8-build-21361-1723/css/dx.material.teal.dark.compact.css.br
- devextreme/21.1.8-build-21361-1723/css/dx.material.teal.dark.compact.css.gz
- devextreme/21.1.8-build-21361-1723/css/dx.material.teal.dark.compact.min.css.br
- devextreme/21.1.8-build-21361-1723/css/dx.material.teal.dark.compact.min.css.gz
- devextreme/21.1.8-build-21361-1723/css/dx.material.teal.dark.css.br
- devextreme/21.1.8-build-21361-1723/css/dx.material.teal.dark.css.gz
- devextreme/21.1.8-build-21361-1723/css/dx.material.teal.dark.min.css.br
- devextreme/21.1.8-build-21361-1723/css/dx.material.teal.dark.min.css.gz
- devextreme/21.1.8-build-21361-1723/css/dx.material.teal.light.compact.css.br
- devextreme/21.1.8-build-21361-1723/css/dx.material.teal.light.compact.css.gz
- devextreme/21.1.8-build-21361-1723/css/dx.material.teal.light.compact.min.css.br
- devextreme/21.1.8-build-21361-1723/css/dx.material.teal.light.compact.min.css.gz
- devextreme/21.1.8-build-21361-1723/css/dx.material.teal.light.css.br
- devextreme/21.1.8-build-21361-1723/css/dx.material.teal.light.css.gz
- devextreme/21.1.8-build-21361-1723/css/dx.material.teal.light.min.css.br
- devextreme/21.1.8-build-21361-1723/css/dx.material.teal.light.min.css.gz
- devextreme/21.1.8-build-21361-1723/css/dx.softblue.compact.css.br
- devextreme/21.1.8-build-21361-1723/css/dx.softblue.compact.css.gz
- devextreme/21.1.8-build-21361-1723/css/dx.softblue.compact.min.css.br
- devextreme/21.1.8-build-21361-1723/css/dx.softblue.compact.min.css.gz
- devextreme/21.1.8-build-21361-1723/css/dx.softblue.css.br
- devextreme/21.1.8-build-21361-1723/css/dx.softblue.css.gz
- devextreme/21.1.8-build-21361-1723/css/dx.softblue.min.css.br
- devextreme/21.1.8-build-21361-1723/css/dx.softblue.min.css.gz
- devextreme/21.1.8-build-21361-1723/css/fonts/Roboto-300.ttf.br
- devextreme/21.1.8-build-21361-1723/css/fonts/Roboto-300.ttf.gz
- devextreme/21.1.8-build-21361-1723/css/fonts/Roboto-300.woff.br
- devextreme/21.1.8-build-21361-1723/css/fonts/Roboto-300.woff.gz
- devextreme/21.1.8-build-21361-1723/css/fonts/Roboto-300.woff2
- devextreme/21.1.8-build-21361-1723/css/fonts/Roboto-400.ttf.br
- devextreme/21.1.8-build-21361-1723/css/fonts/Roboto-400.ttf.gz
- devextreme/21.1.8-build-21361-1723/css/fonts/Roboto-400.woff.br
- devextreme/21.1.8-build-21361-1723/css/fonts/Roboto-400.woff.gz
- devextreme/21.1.8-build-21361-1723/css/fonts/Roboto-400.woff2
- devextreme/21.1.8-build-21361-1723/css/fonts/Roboto-500.ttf.br
- devextreme/21.1.8-build-21361-1723/css/fonts/Roboto-500.ttf.gz
- devextreme/21.1.8-build-21361-1723/css/fonts/Roboto-500.woff.br
- devextreme/21.1.8-build-21361-1723/css/fonts/Roboto-500.woff.gz
- devextreme/21.1.8-build-21361-1723/css/fonts/Roboto-500.woff2
- devextreme/21.1.8-build-21361-1723/css/fonts/Roboto-700.ttf.br
- devextreme/21.1.8-build-21361-1723/css/fonts/Roboto-700.ttf.gz
- devextreme/21.1.8-build-21361-1723/css/fonts/Roboto-700.woff.br
- devextreme/21.1.8-build-21361-1723/css/fonts/Roboto-700.woff.gz
- devextreme/21.1.8-build-21361-1723/css/fonts/Roboto-700.woff2
- devextreme/21.1.8-build-21361-1723/css/icons/dxicons.ttf.br
- devextreme/21.1.8-build-21361-1723/css/icons/dxicons.ttf.gz
- devextreme/21.1.8-build-21361-1723/css/icons/dxicons.woff.br
- devextreme/21.1.8-build-21361-1723/css/icons/dxicons.woff.gz
- devextreme/21.1.8-build-21361-1723/css/icons/dxicons.woff2
- devextreme/21.1.8-build-21361-1723/css/icons/dxiconsmaterial.ttf.br
- devextreme/21.1.8-build-21361-1723/css/icons/dxiconsmaterial.ttf.gz
- devextreme/21.1.8-build-21361-1723/css/icons/dxiconsmaterial.woff.br
- devextreme/21.1.8-build-21361-1723/css/icons/dxiconsmaterial.woff.gz
- devextreme/21.1.8-build-21361-1723/css/icons/dxiconsmaterial.woff2
- devextreme/21.1.8-build-21361-1723/js/dx.all.js.br
- devextreme/21.1.8-build-21361-1723/js/dx.all.js.gz
- devextreme/21.1.8-build-21361-1723/js/dx.all.min.js.br
- devextreme/21.1.8-build-21361-1723/js/dx.all.min.js.gz
- devextreme/21.1.8-build-21361-1723/js/dx.aspnet.mvc.js.br
- devextreme/21.1.8-build-21361-1723/js/dx.aspnet.mvc.js.gz
- devextreme/21.1.8-build-21361-1723/js/dx.aspnet.mvc.min.js.br
- devextreme/21.1.8-build-21361-1723/js/dx.aspnet.mvc.min.js.gz
- devextreme/21.1.8-build-21361-1723/js/localization/dx.messages.cs.js.br
- devextreme/21.1.8-build-21361-1723/js/localization/dx.messages.cs.js.gz
- devextreme/21.1.8-build-21361-1723/js/localization/dx.messages.cs.min.js.br
- devextreme/21.1.8-build-21361-1723/js/localization/dx.messages.cs.min.js.gz
- devextreme/21.1.8-build-21361-1723/js/localization/dx.messages.de.js.br
- devextreme/21.1.8-build-21361-1723/js/localization/dx.messages.de.js.gz
- devextreme/21.1.8-build-21361-1723/js/localization/dx.messages.de.min.js.br
- devextreme/21.1.8-build-21361-1723/js/localization/dx.messages.de.min.js.gz
- devextreme/21.1.8-build-21361-1723/js/localization/dx.messages.el.js.br
- devextreme/21.1.8-build-21361-1723/js/localization/dx.messages.el.js.gz
- devextreme/21.1.8-build-21361-1723/js/localization/dx.messages.el.min.js.br
- devextreme/21.1.8-build-21361-1723/js/localization/dx.messages.el.min.js.gz
- devextreme/21.1.8-build-21361-1723/js/localization/dx.messages.en.js.br
- devextreme/21.1.8-build-21361-1723/js/localization/dx.messages.en.js.gz
- devextreme/21.1.8-build-21361-1723/js/localization/dx.messages.en.min.js.br
- devextreme/21.1.8-build-21361-1723/js/localization/dx.messages.en.min.js.gz
- devextreme/21.1.8-build-21361-1723/js/localization/dx.messages.es.js.br
- devextreme/21.1.8-build-21361-1723/js/localization/dx.messages.es.js.gz
- devextreme/21.1.8-build-21361-1723/js/localization/dx.messages.es.min.js.br
- devextreme/21.1.8-build-21361-1723/js/localization/dx.messages.es.min.js.gz
- devextreme/21.1.8-build-21361-1723/js/localization/dx.messages.fi.js.br
- devextreme/21.1.8-build-21361-1723/js/localization/dx.messages.fi.js.gz
- devextreme/21.1.8-build-21361-1723/js/localization/dx.messages.fi.min.js.br
- devextreme/21.1.8-build-21361-1723/js/localization/dx.messages.fi.min.js.gz
- devextreme/21.1.8-build-21361-1723/js/localization/dx.messages.fr.js.br
- devextreme/21.1.8-build-21361-1723/js/localization/dx.messages.fr.js.gz
- devextreme/21.1.8-build-21361-1723/js/localization/dx.messages.fr.min.js.br
- devextreme/21.1.8-build-21361-1723/js/localization/dx.messages.fr.min.js.gz
- devextreme/21.1.8-build-21361-1723/js/localization/dx.messages.hu.js.br
- devextreme/21.1.8-build-21361-1723/js/localization/dx.messages.hu.js.gz
- devextreme/21.1.8-build-21361-1723/js/localization/dx.messages.hu.min.js.br
- devextreme/21.1.8-build-21361-1723/js/localization/dx.messages.hu.min.js.gz
- devextreme/21.1.8-build-21361-1723/js/localization/dx.messages.it.js.br
- devextreme/21.1.8-build-21361-1723/js/localization/dx.messages.it.js.gz
- devextreme/21.1.8-build-21361-1723/js/localization/dx.messages.it.min.js.br
- devextreme/21.1.8-build-21361-1723/js/localization/dx.messages.it.min.js.gz
- devextreme/21.1.8-build-21361-1723/js/localization/dx.messages.ja.js.br
- devextreme/21.1.8-build-21361-1723/js/localization/dx.messages.ja.js.gz
- devextreme/21.1.8-build-21361-1723/js/localization/dx.messages.ja.min.js.br
- devextreme/21.1.8-build-21361-1723/js/localization/dx.messages.ja.min.js.gz
- devextreme/21.1.8-build-21361-1723/js/localization/dx.messages.nl.js.br
- devextreme/21.1.8-build-21361-1723/js/localization/dx.messages.nl.js.gz
- devextreme/21.1.8-build-21361-1723/js/localization/dx.messages.nl.min.js.br
- devextreme/21.1.8-build-21361-1723/js/localization/dx.messages.nl.min.js.gz
- devextreme/21.1.8-build-21361-1723/js/localization/dx.messages.pt.js.br
- devextreme/21.1.8-build-21361-1723/js/localization/dx.messages.pt.js.gz
- devextreme/21.1.8-build-21361-1723/js/localization/dx.messages.pt.min.js.br
- devextreme/21.1.8-build-21361-1723/js/localization/dx.messages.pt.min.js.gz
- devextreme/21.1.8-build-21361-1723/js/localization/dx.messages.ru.js.br
- devextreme/21.1.8-build-21361-1723/js/localization/dx.messages.ru.js.gz
- devextreme/21.1.8-build-21361-1723/js/localization/dx.messages.ru.min.js.br
- devextreme/21.1.8-build-21361-1723/js/localization/dx.messages.ru.min.js.gz
- devextreme/21.1.8-build-21361-1723/js/localization/dx.messages.sl.js.br
- devextreme/21.1.8-build-21361-1723/js/localization/dx.messages.sl.js.gz
- devextreme/21.1.8-build-21361-1723/js/localization/dx.messages.sl.min.js.br
- devextreme/21.1.8-build-21361-1723/js/localization/dx.messages.sl.min.js.gz
- devextreme/21.1.8-build-21361-1723/js/localization/dx.messages.sv.js.br
- devextreme/21.1.8-build-21361-1723/js/localization/dx.messages.sv.js.gz
- devextreme/21.1.8-build-21361-1723/js/localization/dx.messages.sv.min.js.br
- devextreme/21.1.8-build-21361-1723/js/localization/dx.messages.sv.min.js.gz
- devextreme/21.1.8-build-21361-1723/js/localization/dx.messages.tr.js.br
- devextreme/21.1.8-build-21361-1723/js/localization/dx.messages.tr.js.gz
- devextreme/21.1.8-build-21361-1723/js/localization/dx.messages.tr.min.js.br
- devextreme/21.1.8-build-21361-1723/js/localization/dx.messages.tr.min.js.gz
- devextreme/21.1.8-build-21361-1723/js/localization/dx.messages.vi.js.br
- devextreme/21.1.8-build-21361-1723/js/localization/dx.messages.vi.js.gz
- devextreme/21.1.8-build-21361-1723/js/localization/dx.messages.vi.min.js.br
- devextreme/21.1.8-build-21361-1723/js/localization/dx.messages.vi.min.js.gz
- devextreme/21.1.8-build-21361-1723/js/localization/dx.messages.zh-tw.js.br
- devextreme/21.1.8-build-21361-1723/js/localization/dx.messages.zh-tw.js.gz
- devextreme/21.1.8-build-21361-1723/js/localization/dx.messages.zh-tw.min.js.br
- devextreme/21.1.8-build-21361-1723/js/localization/dx.messages.zh-tw.min.js.gz
- devextreme/21.1.8-build-21361-1723/js/localization/dx.messages.zh.js.br
- devextreme/21.1.8-build-21361-1723/js/localization/dx.messages.zh.js.gz
- devextreme/21.1.8-build-21361-1723/js/localization/dx.messages.zh.min.js.br
- devextreme/21.1.8-build-21361-1723/js/localization/dx.messages.zh.min.js.gz
- devextreme/21.1.8-build-21361-1723/js/vectormap-data/africa.js.br
- devextreme/21.1.8-build-21361-1723/js/vectormap-data/africa.js.gz
- devextreme/21.1.8-build-21361-1723/js/vectormap-data/africa.min.js.br
- devextreme/21.1.8-build-21361-1723/js/vectormap-data/africa.min.js.gz
- devextreme/21.1.8-build-21361-1723/js/vectormap-data/canada.js.br
- devextreme/21.1.8-build-21361-1723/js/vectormap-data/canada.js.gz
- devextreme/21.1.8-build-21361-1723/js/vectormap-data/canada.min.js.br
- devextreme/21.1.8-build-21361-1723/js/vectormap-data/canada.min.js.gz
- devextreme/21.1.8-build-21361-1723/js/vectormap-data/eurasia.js.br
- devextreme/21.1.8-build-21361-1723/js/vectormap-data/eurasia.js.gz
- devextreme/21.1.8-build-21361-1723/js/vectormap-data/eurasia.min.js.br
- devextreme/21.1.8-build-21361-1723/js/vectormap-data/eurasia.min.js.gz
- devextreme/21.1.8-build-21361-1723/js/vectormap-data/europe.js.br
- devextreme/21.1.8-build-21361-1723/js/vectormap-data/europe.js.gz
- devextreme/21.1.8-build-21361-1723/js/vectormap-data/europe.min.js.br
- devextreme/21.1.8-build-21361-1723/js/vectormap-data/europe.min.js.gz
- devextreme/21.1.8-build-21361-1723/js/vectormap-data/usa.js.br
- devextreme/21.1.8-build-21361-1723/js/vectormap-data/usa.js.gz
- devextreme/21.1.8-build-21361-1723/js/vectormap-data/usa.min.js.br
- devextreme/21.1.8-build-21361-1723/js/vectormap-data/usa.min.js.gz
- devextreme/21.1.8-build-21361-1723/js/vectormap-data/world.js.br
- devextreme/21.1.8-build-21361-1723/js/vectormap-data/world.js.gz
- devextreme/21.1.8-build-21361-1723/js/vectormap-data/world.min.js.br
- devextreme/21.1.8-build-21361-1723/js/vectormap-data/world.min.js.gz
SRIs:
- devextreme/21.1.8-build-21361-1723/css/dx.greenmist.compact.min.css: sha512-LzzucKzhJdVzSIW7UXNFVK3jTM4mKUXfI6WCKVTsTyG6atgjYl08h3j0tkOMPdv53gSPb19EddyoP3VutNHN4g==
- devextreme/21.1.8-build-21361-1723/js/vectormap-data/europe.js: sha512-IYDdiaNyLOytPUM2P9hYd7oG1UE7qOcqCMpzL001abSQDE7T4dhIqp9B04v+b3CRYRVh8EuOntWcvH9XUMDwNQ==
- devextreme/21.1.8-build-21361-1723/js/vectormap-data/europe.min.js: sha512-3toeZYJeiDe0LJB3wuQawWHarz8QtxFID8T/de0k756f3T5KhvNw1qdmIScLMcWmpsydIH8t77rMMLN9oiRGUg==
- devextreme/21.1.8-build-21361-1723/css/dx.greenmist.css: sha512-iXXR2rmOhWbi0zifs+kkAqOYBzJgWrr/m9zQ6q8JWpxZH/GsqxYJ6o75Env4WrJfLC9ZE+BS2tQLKfHWFN0/UQ==
- devextreme/21.1.8-build-21361-1723/css/dx.material.lime.light.compact.css: sha512-7A0wZFr4iJmhpp7Y6L7OQyNOdCJe7jYYnaQX8GMwZxh7Sj4JGtgykl5HmL+MUeEX4teP7jNwC0U7BIW7YgqpiQ==
- devextreme/21.1.8-build-21361-1723/js/localization/dx.messages.hu.min.js: sha512-C5Ubeq1QyWlGTGhEgX3aemmKhWJxjG7LkXY8mSBm4EbHIyqc+wvAGA5B6cxY+/7gdJ19T7Fo10GLDC8EB9HwsQ==
- devextreme/21.1.8-build-21361-1723/js/localization/dx.messages.zh-tw.min.js: sha512-va6LewscLX1Ef37iXj8o/LqnV+cwp9oGDAlv5bYnNRADpBm6+z0l2NRIlF+I9RePR6eCiP6ZaB5snb/ds4cFYQ==
- devextreme/21.1.8-build-21361-1723/js/localization/dx.messages.zh.js: sha512-bsYIiW7XTRQrrcFyf6xPFFiPRgqoujlxfErK2A99BI3koyWB8Cp/VRQ2ATjBApt8UYDtZbefXRIZWn3v3PTVcg==
- devextreme/21.1.8-build-21361-1723/js/vectormap-data/canada.min.js: sha512-0XLERAfoSgOIJDTJ7OSiZvdvaER393pzeuZ+vJomw6qSUqUn7ZPuRVhSC0kTWGKcVau54xSzKt1D//sINEIAlg==
- devextreme/21.1.8-build-21361-1723/css/dx.carmine.compact.min.css: sha512-a/+l3EZSSLE1WRLe9jbZ3OwUv+OGXU13VkFD/xl8DeZe8wvAVKf0nnWk1rp+iIJhEypFgWcOlhgjXnUOzYzLvA==
- devextreme/21.1.8-build-21361-1723/js/dx.aspnet.mvc.js: sha512-xgQ/L5FUZBoIWs0P/N4i1uhSj/qzSnqbwbfhFmOZXkis8EqYCBKLjS3jZqLJMPM/RWEQqOumwfrFMvmSuEy2aA==
- devextreme/21.1.8-build-21361-1723/js/localization/dx.messages.nl.js: sha512-Wga4zQLLqlbJ36EgfvnNYIUh+Ol2NlI75eixRLtJhB+NsJ0deaaOK6n0NXvYxdzSARako3TvD46n9hTuTrM5LQ==
- devextreme/21.1.8-build-21361-1723/js/localization/dx.messages.pt.js: sha512-XL1dag56TnO35XZGKRioesguRkCaUqiei+oXDaGgQTlFuMpNGma7XXK87PihQMeFKgkF2epEzw8uUy/Spgob8Q==
- devextreme/21.1.8-build-21361-1723/js/localization/dx.messages.sv.min.js: sha512-erjVdHsxtC+9dT73pVNNjcdIKvfdPFSscQYTOnMP8y+UyNhO45V+qZzf3m2YN6//OUaABRPq3i6xsSFp0syCEg==
- devextreme/21.1.8-build-21361-1723/css/dx.contrast.min.css: sha512-7YJuRDpzEowF8wZUJWDIwprqUyGiPuD2svyR1bVZ8vLBt8opzfhqUWuQjD6ajc5NtSstDB+vc+tClVRR+G9UIA==
- devextreme/21.1.8-build-21361-1723/css/dx.light.compact.min.css: sha512-ndcAMWxqBhxvGJrvGpvEy+uVgb24T5Z8y7ByRQ1LOowHD/YQgbSjMTPumvoIJZDO5cDhOGU9nEdKoEnpx84hEA==
- devextreme/21.1.8-build-21361-1723/js/localization/dx.messages.cs.js: sha512-1G7oMT/OJQy6fxbuaF2qf7tpyrDRtqzvHGADzQR2Tg4JQWn3LYf/azdGYy4Cossil9cAgD0+RDQu9NbzDd2SHA==
- devextreme/21.1.8-build-21361-1723/js/vectormap-data/canada.js: sha512-u5qf5VbcnMWNBt7933l6u7PAoZfx8nYTubYosm1P/duQyRt9X0NbhuzY90NgzN8zscxQjC1D/nErBxTlHzoTNQ==
- devextreme/21.1.8-build-21361-1723/js/localization/dx.messages.vi.js: sha512-jF1OMW2tak4za2j3odLjevbSHQTq3sQhTLNOPqnZxjQPnEuV2Q95BtJf0X5cD3WfRJ0KFaSJmNj5wJZDZ2zHXg==
- devextreme/21.1.8-build-21361-1723/css/dx.material.teal.dark.css: sha512-3RZNcFp81Al/83wqtwqJE5kL5fXhrOraYRfye7V4IBwFiWAxxNJU+I0BitqALKDagcJBauHVfVsuJ+8FnRyvgA==
- devextreme/21.1.8-build-21361-1723/js/localization/dx.messages.fr.min.js: sha512-ZqVvpw9fn6zF9j6HvzPBtLWUuMjQ8tFT9eTJhnzd5wyxsryhm6hjBPVpRJoUQ352Z94l6YDfgYEn0SG1o73v/g==
- devextreme/21.1.8-build-21361-1723/js/vectormap-data/africa.min.js: sha512-2WWoeTeZq4x2f0lQVMPsOPWAxnJOxRvHV5YW7E+v3uRti+WvwSRXrKa5jZElHvZ53OZIrlAulpCVZ2E3KR+MDQ==
- devextreme/21.1.8-build-21361-1723/css/dx.material.orange.light.compact.min.css: sha512-5xtPCZgmJntBfWx3bOUNm7dLx1Rd4fKfA4EwXIBPntU7jLukqK/GpFabapxQH5nBb5eRC4vIRej5XMt9LEttTg==
- devextreme/21.1.8-build-21361-1723/css/dx.material.orange.light.css: sha512-GI9Uak8pXgIqugOchKmjHlL2HtQiQ4Tudahvd2xnsqljov8heaZvK70eABjES2/CtW6W2g4zVVIR7BbfsCwhIQ==
- devextreme/21.1.8-build-21361-1723/js/localization/dx.messages.en.min.js: sha512-6PwsOvy5i1Q/MRU0BApFAJyGMWfCuL/t3Yh/H51Xh9D7nszjhwDMduteMHWOtQtuyYtR05BufEWRa08OKaeGpA==
- devextreme/21.1.8-build-21361-1723/js/localization/dx.messages.es.js: sha512-3OoPaRUoLlG7nEmhpCO1ynu5hlwrIt5jE1/Gk7Un9K4MnGX4RkogNahAuGAEYWQuXOoUNy4b/HrwnRItY7ZThQ==
- devextreme/21.1.8-build-21361-1723/js/localization/dx.messages.tr.min.js: sha512-uMOm9yF1zHHkaHNjHmDarmMKR7Yqt0j/brctnUEvnYH7ugGjasvXnpsaeM2TSLdakIwx/fQYtELm+vMlxtzl5Q==
- devextreme/21.1.8-build-21361-1723/css/dx.contrast.compact.min.css: sha512-rcYiEMERrwpzU5bfBgD2SEeleqhWN357FClcciKhva2ENvQI59fAGHaJBfRf7F9F3L9Bmx9gAfvNPMCxc0nnjw==
- devextreme/21.1.8-build-21361-1723/css/dx.darkmoon.compact.min.css: sha512-5jBqrOFS2dK+YXl9seBA0B9GG5qUn+iJqFPyjupPCd6R7WyM1wH/MRMM+D6MgEsU4Q+6Z1YaWxT+38yQnjjz/w==
- devextreme/21.1.8-build-21361-1723/css/dx.material.purple.dark.compact.min.css: sha512-BFUloMNAwuzFXJTromr/8F5qS7BxCSLG2dJKJJ+qhvBGylZdFoam7C8LJTTgd5dTSkhSviUy1knHBkgVdy24cQ==
- devextreme/21.1.8-build-21361-1723/css/dx.carmine.css: sha512-IdSLRHBPAIVlTTmr2YDqJ+4hbvIjlku6l9Z77NLtJaMk6Rd5pHiLA3LA9DA1yXO7W+KoskKwi42sblC3m2xrSw==
- devextreme/21.1.8-build-21361-1723/css/dx.darkviolet.compact.min.css: sha512-aDsSzFCs35S7oRD4ZfbHoq+3N4PyVKpbKOec1RXlfyWPfNaHneK1+bm9KQ/FkBYXsKwmsgXlyvYbBfRfEJ+KdQ==
- devextreme/21.1.8-build-21361-1723/js/localization/dx.messages.es.min.js: sha512-Ps6D9mJIEt/CD8NCokBO/34N2ekVl/oDILuNhRJdyY9b0XDZRWeQ3V2lNnKnsRa2ykS8i1N7Px5MDd7GQpf9hw==
- devextreme/21.1.8-build-21361-1723/js/localization/dx.messages.it.js: sha512-2AGNYZhE7Xz7MtE0v0oEiEroY8AWB1YaTxwvVFCMlLlCaOCLa2yFVJHUAqm9GSjZG+l/lu4oGwofnbqRmimVjw==
- devextreme/21.1.8-build-21361-1723/css/dx.material.purple.light.css: sha512-fYysuVcNlwqA10gxTk68C5Qsgl3pM14DqATr0YaH2D4ENCDgp2YTiYAvIwMBXICIUiFEWGG/2BYBDsw4fph98w==
- devextreme/21.1.8-build-21361-1723/css/dx.material.teal.dark.compact.css: sha512-dtSa6Ksmhcuk0MzgobfBxThk6mL9wZ0OHB/e37SO08dQhrHvvdBVCTEIYcOFEisZjtXLCGSzncj7jhtrcYD3Ww==
- devextreme/21.1.8-build-21361-1723/css/dx.material.teal.light.css: sha512-ssP1Y4izvFE5kMF2pv69H5OloopmyG9+1TIy2FeTab/YKtJOzgOnQRjumRwfohoGjuK/Kquy8fmEVsRRVCvjuw==
- devextreme/21.1.8-build-21361-1723/css/dx.carmine.min.css: sha512-WQuud4SPFxaN+SbWElr9HQF8a9jnI4HW/6i+Qdn+2177KtvPXzJ3+Q9bLgtKawjbslnJuf7aBwm35LaN4uDWaw==
- devextreme/21.1.8-build-21361-1723/css/dx.darkmoon.compact.css: sha512-t/239LLMNguK2TF3IWAcwnMwjLKXCtoZx9IrVLwU1uKt0R8r/zoc3cTXtH+lA8qjPB72HFgzsFFawWa0bEflMg==
- devextreme/21.1.8-build-21361-1723/css/dx.material.blue.dark.css: sha512-6UuuPlvL5ZL1OED9bGc/Auif+buNVqNWAzDhZGgl6G99WDSz0gj2CJODs7NC9tRjAggKHMD+Hlig3EC+kOJ5hQ==
- devextreme/21.1.8-build-21361-1723/css/dx.material.orange.light.min.css: sha512-2bsNNdIt795yimyoN0z9W/qK1UUsw86iK5mgplyBac7As3/b11bYtINgnxqbaasw44bbzmWPa0d5yN0N99cyOA==
- devextreme/21.1.8-build-21361-1723/css/dx.material.purple.dark.min.css: sha512-dq48X7FdSjAx+34pgRzeYEpdzoggNqBjA+kFEiyziIS8SVjGzn2gqQ1ceyy1JJbs6Zho88AwPDdjzwuRvLWkYw==
- devextreme/21.1.8-build-21361-1723/css/dx.contrast.compact.css: sha512-5Xn0lK+mHqbA3r4oXhNITUQSR0naA4CYxnUwvwMEHNhrg8Kn1hagH93sg7SOLeaudpkpn+WqN5JEtRAtZooLfw==
- devextreme/21.1.8-build-21361-1723/css/dx.material.blue.dark.compact.css: sha512-zC3JzOpiXIfpqqYo+qAQ/rdUKGrO0QiYk4WJNgapxSC7/DHnlOJtOajbO34vHisbu+VE3jPPZGRXR7/Tvnx8bA==
- devextreme/21.1.8-build-21361-1723/css/dx.material.purple.dark.css: sha512-2v7J5JTHwPMdhzUcN03dBTj8DWG90BNgGk5nzkf0yb3tmEvKpVZL1u0/vKQj0Y5c+TCcCyogo3SGaMIOMofZqg==
- devextreme/21.1.8-build-21361-1723/js/localization/dx.messages.zh.min.js: sha512-BILE+xjiaBWAQRW4Yt8AcMmjyTNRRcNGdksc2i4o43cK2+MIquTRfziUf2zOxD3u469uamb8++w2D8X4HsCFaw==
- devextreme/21.1.8-build-21361-1723/js/vectormap-data/world.js: sha512-oCqwbaC/hljqrYHLNl1Nr4ttIJs/VcQpFvcVf3PnVwqqLVGCzBopJ4bpIiwjLsmsUbAFIbk3/0abXdAFdLHi1g==
- devextreme/21.1.8-build-21361-1723/css/dx.light.css: sha512-NpwP+Q9q/JXmZGMtQsRiBlDYlWh5dUXdZXbPVmb7SSELkkIkEtU61g6dgmENdZTzsZ8hNK5/wUbLRo6yDtw5Ug==
- devextreme/21.1.8-build-21361-1723/css/dx.light.min.css: sha512-UZsFa7G0cXEVuG7D5r/+fUoIGIjS76fGU+hCiio2xQcXRgggyA2v5GzGu8nfZgV7cS6nt+HUGL4BpPesUAdERA==
- devextreme/21.1.8-build-21361-1723/css/dx.material.teal.light.compact.css: sha512-lMDX18TYdPjJjU/qeDQxHGckJPGkOBIznxwrvgjd3vU6LgMcLid/6EBSyZWm4COU5qY3hnLnq2rM7hpZSEUyNQ==
- devextreme/21.1.8-build-21361-1723/js/dx.all.min.js: sha512-nOZvdSK30gfV3WsmgIKI/A1TiLMy736lMS5R9pfWTktX4b9lEF3zk/6qMAZxRYUIxOyGS+Y+PECdny5ItvnERA==
- devextreme/21.1.8-build-21361-1723/css/dx.material.lime.light.min.css: sha512-259dPK25zpkA2judEe7EhwPkYpho9q2JaTddtPgk5+o94/F9BVGiMoQzPqG4kSWX3DM9MLEHBAmi2gru/jGJMw==
- devextreme/21.1.8-build-21361-1723/css/dx.material.purple.light.min.css: sha512-nErnCL8DWSGNs+hfxnLfAaOpNSPKTxPcYLd+fqq0X9RKIceHqaIzj4cewk3cB7206VduDbFe5PTsMdgjRpcugA==
- devextreme/21.1.8-build-21361-1723/js/localization/dx.messages.de.js: sha512-sUstVKlMQybXL0C3IMk1ZL22CMkLP0g7n2bpP5gXvgpGSIvBM/O7kemH6i4rIFG5cqoqQqLTKCV2KI9FmlPdwQ==
- devextreme/21.1.8-build-21361-1723/js/localization/dx.messages.vi.min.js: sha512-EkL98LX+P2gf3sTCESO973kR+QwU0PyZPrXXgZFMlVRAWLEg1evk7pp/F9I7WNphs4Qq8Q184CEbtbKa3DB5Ug==
- devextreme/21.1.8-build-21361-1723/js/localization/dx.messages.zh-tw.js: sha512-inBPIHVYA+8Lj8baUzgtk+3UxBOjhW0/dqhaueOnE8JfTah/RYISXXH9AwDSZC7m4zVapXm94xcpd3lami+K2Q==
- devextreme/21.1.8-build-21361-1723/css/dx.material.blue.light.css: sha512-m2gRexmALgchwjqB7bKq7NBJTS+JaS4pHt6xdoGwzJVKLuRVufktyPGKj55HxF0G1Hr9s6d6cQ12c08mg513TQ==
- devextreme/21.1.8-build-21361-1723/css/dx.material.lime.dark.compact.css: sha512-0E/0y42QWvAsll+BiCz7FK+rVYdF9i6kjUof3YEsZQNTlTqN1bC59DL1RYAtpRzvq94aSH7KgG8mfTa9URRc2w==
- devextreme/21.1.8-build-21361-1723/css/dx.material.teal.dark.min.css: sha512-GKINrrcAPaZioJBsN0xSXoWWsgqchc0gbCcnM/Dgj9rl++KivUrzd7vwrFWbbP8CFFmFOSAuYf/5l36vECgabg==
- devextreme/21.1.8-build-21361-1723/js/dx.aspnet.mvc.min.js: sha512-CJWMZJ0EB6ExkJQZV0PcJHFSxTRfOw72fVVCr+yJ6InEMaWnHOs50ZsQzljX957uRQIGfbzHmcGjIibbC4wCaQ==
- devextreme/21.1.8-build-21361-1723/js/localization/dx.messages.fi.min.js: sha512-sljqx0EGButLXSU9GD7ZCqcQ/95jhjujlD3DW3ySe+xC/Y/rPqZhOYGEF744thSEkaiTCXhQuLEf2G1B+QTuDg==
- devextreme/21.1.8-build-21361-1723/js/vectormap-data/usa.js: sha512-cDqaJzHm0ZNQLpy4Zo669gtMAMZRDrQp0Alqe4wRd008aoznjZnqEP/7viNLdirwc2MopZ2K8ECL0v9z7vOgnA==
- devextreme/21.1.8-build-21361-1723/css/dx.dark.css: sha512-LziE1mbDENPmRgE5cWTq5IRagzGJPzebrVsyP9jWHpdvCD2rHlFlvCzjkQTrHDIK/FaNFwCEFbsTCMJZCFL8ZA==
- devextreme/21.1.8-build-21361-1723/css/dx.greenmist.compact.css: sha512-kVNv7By3WK09K+kVgH9Fd6i5gT2DmSwOfBfJHGNWY2qG0Hlzydf0e6YyPxfQnth3V9tTtd1+NlHJx8h3woRMGw==
- devextreme/21.1.8-build-21361-1723/css/dx.material.purple.light.compact.css: sha512-ARjDS/NTlfvLRC791VoofWfafSemnL4z+B5eRaR5oeqYixoZNI9o7L0U5Egg2tuYBcJrAB1aBIliiiISEb4z1g==
- devextreme/21.1.8-build-21361-1723/js/localization/dx.messages.ru.js: sha512-n9WZRqYeN3bjDbG6sY5NgGDUO5DuLEE3LtsVfYhuU9o1z2IUt8lcvzlMDM7PEqfbiOyw4fgA9ThSj2pq6EO9vg==
- devextreme/21.1.8-build-21361-1723/js/vectormap-data/eurasia.min.js: sha512-mI70Li1ga/62+SsHfP74wJvNhRaCkNwzySLmHlMPKcWYpTea12IReYj4a7yu2kAwfMDUDtFtaCKww82lkbdPpg==
- devextreme/21.1.8-build-21361-1723/css/dx.dark.compact.min.css: sha512-awdxRK9WzImOtz856P4Ol49nniy1eNvSVvgT+UXo1lIQZu9DvApWIsRBfvqTzzBu4oLhNHJHE68u+feW2UrLeg==
- devextreme/21.1.8-build-21361-1723/css/dx.dark.min.css: sha512-gYHreYXhn7x0H24w6vI4ZSo1GF6S4IW+Gji2ju0q3dgu57HsVRaERWCPGWjjmKP440Ia481RRXT55GvCaN2xDA==
- devextreme/21.1.8-build-21361-1723/css/dx.greenmist.min.css: sha512-Sds9rA3UO7SRRh1uXEiAyN6hSq5x3Fwk/LTH33XBQU/MKPbxAxB5QfY8C7hV1vhkERVeqGDU9LX2OR5S9gE6cQ==
- devextreme/21.1.8-build-21361-1723/css/dx.material.orange.dark.css: sha512-8KhXsVbL4LMNty14gwuIlNTsumQP1rnYP5/7UzFtDIGe9KQBGLfN1485o6TFAxVncEdRtEh1i7n2/7Ktcq6rBw==
- devextreme/21.1.8-build-21361-1723/js/vectormap-data/world.min.js: sha512-M9MmhCV0942lQmJRhGDObxmMwAacN7x5taE5d6+HtezKnKaAPw9MBH65dICGdkbCsHcF1jANXnnvAOxGn+liZw==
- devextreme/21.1.8-build-21361-1723/js/localization/dx.messages.ru.min.js: sha512-CPmOMKK20g7X2vavSmiTRnBJ6fPuKBA5pXbl6AyohhXOYSUW6jqTBmcg8UU/Z77DVFwUKzi0gP1NZMcXSAeVww==
- devextreme/21.1.8-build-21361-1723/css/dx.carmine.compact.css: sha512-qsL8OMcnPAThwRCjJKIzg1LY7MgIGmBHUFgmLSdvmw3xzq4cKIG5eEpf4/sL8UFeavTnMXSHoMu5DaN858fzog==
- devextreme/21.1.8-build-21361-1723/css/dx.darkviolet.compact.css: sha512-e9Nq4Q96wv12yek9TJqRZZvYExD8C9lKNWZwWUx/84cYO/fS/MQa72tKPdjMe1KD9hcS1SRAGA8VP7vIBfjrEg==
- devextreme/21.1.8-build-21361-1723/css/dx.material.lime.light.compact.min.css: sha512-/cztanKf7gt8BX1432dEefVIrrnSehrzcvhkXTYH+21LQnUo9vRhn4fXzOtN3fYaJx0H+1UAFt6eyXAB4/Zx9Q==
- devextreme/21.1.8-build-21361-1723/css/dx.material.orange.dark.min.css: sha512-HBVUmO8ZQ+l+yRHK489GMQ7Y8ImUC0+co/RoSDcaLx9R5aOT3wbu1LS06zmRX2NSZdWF/Dfbly9shmyFoRw7TQ==
- devextreme/21.1.8-build-21361-1723/js/localization/dx.messages.el.js: sha512-B0coGtOMlp1gmnW5j+kNScDyuyiLIcwBOaRK76kJ/rqZq/Vn6v2XW+lKuIevGn5+IvR6Kxv1ocKoZEsxTxhb4g==
- devextreme/21.1.8-build-21361-1723/css/dx.softblue.css: sha512-zrdwLjY7ExRvKUl9nNo/nZ9VSWQyoo03nhNBo1jISnPaIF9IDuiDh2kDO0NzCqcbOqHdbcoEoYaOW2Q0zFYOqw==
- devextreme/21.1.8-build-21361-1723/js/localization/dx.messages.fi.js: sha512-ZTaSQb6bF/OMSqXlqqpTpG75O4dh93ifwSytr+KhspK0oCqLKJbBWiTXfoSp1rAOY2fucqOQLOtdx4FR+tD+4Q==
- devextreme/21.1.8-build-21361-1723/css/dx.darkmoon.css: sha512-HlMZiLtnkUP59bgYmPEortbN6YyfZKrGBbeS3nZ0nEHrqBgRfyqLEfAnzM+ZjLwajgEPiRzf2Z0FAr6JX7otdw==
- devextreme/21.1.8-build-21361-1723/js/dx.all.js: sha512-9kAWw2cO1S+2mTErKv25cONb46b8dGmx4iFvxLxhHdB/MaEbb9OdD+ObxrOdgXh7Gaj8q7SDuSk+b2mGM5OjCA==
- devextreme/21.1.8-build-21361-1723/js/localization/dx.messages.sv.js: sha512-ZK5ZxIX0KnhvvwiSINk4Zmx7vHUFj3DlqhEFyZDqQBw+wUAglurnRFk0Oc9yD2NDkRmRBQFHKYPCrlSfBfRVlw==
- devextreme/21.1.8-build-21361-1723/css/dx.material.lime.dark.compact.min.css: sha512-mY/sZevG9dWmBd3Hj3qJH2j+eupe6xtqeG8uT2NnuAYYxov5wFIP7y7qDkuHma21ujQ90ff0c5jGzKwjCJg9Qw==
- devextreme/21.1.8-build-21361-1723/css/dx.material.orange.dark.compact.min.css: sha512-n642aarIcmEVfWTQ1tPXctnSwa9pdhPuJfidn13kZmvQI5Kbwkaluh0SDnTTk3FZcac+joItZIaLGAZ8s6HjRw==
- devextreme/21.1.8-build-21361-1723/css/dx.darkmoon.min.css: sha512-HvPz0TMUB31MEcrX2FnKkH1OrfxzUpOzmf53nT8iWCi9WQg5KZAYJ31rwDcbM6/XJ1lXuaiJV2AS8VXpXFHw3A==
- devextreme/21.1.8-build-21361-1723/css/dx.darkviolet.min.css: sha512-SFwFdCgvsJYrxENtDJe/Odce8BvpGKXZHo4CXrzZl5Tn1r0XPpMihftdr6545BzmeW7/HHU8OfV9cxuL8DEiZA==
- devextreme/21.1.8-build-21361-1723/css/dx.material.purple.dark.compact.css: sha512-BqF1McxHrhisFpLx1SowowwjbOIdlPnp7T23592pvt/pf8FUHFxtzZAVazAaGvXY8EDg0vSzHfFGGSREfQk+Xg==
- devextreme/21.1.8-build-21361-1723/css/dx.material.teal.dark.compact.min.css: sha512-2PWv923FmHWY3An7UYnO1d91tanSN4RfM/1Xgjkfw4SfZDVWjs4YDXXMm7BXnoXDnNe9bZF5S9v2y9cbgTDB+g==
- devextreme/21.1.8-build-21361-1723/css/dx.dark.compact.css: sha512-/dfJ0osVTMVspTXNmEoYher8+YyqEri6hn3ZmigpLhAtF/7AvEJdZzg4g7sUFeCsvenDfWaQPbjd20B6ZoldgA==
- devextreme/21.1.8-build-21361-1723/css/dx.softblue.compact.min.css: sha512-q3eF1oltjVdbxPnE/j1Ia4E3ICr5qk4WkigDBUcr996MCk8bHri9KDYFQPbelTGVEwsRLgDgUK97+5F3dAngTw==
- devextreme/21.1.8-build-21361-1723/css/dx.softblue.min.css: sha512-zYD618bxTN3ep+epSdWMYwbSXyZtMrC/GB93KnENO8MnYbKwyyUVzkbf3uh0F1GfcXQA1uN9mjzt2pGcOo5bdw==
- devextreme/21.1.8-build-21361-1723/js/localization/dx.messages.el.min.js: sha512-zwv6LZ91reW/otjV+Xw7hyPrRoOt7ESAGiVlO6ex4P1Mruy3Y5DI2SyXnVwnAdvCgpAZmPNVqKMXagt+mVdlYw==
- devextreme/21.1.8-build-21361-1723/js/localization/dx.messages.it.min.js: sha512-BraQwpWdZTiNrlzTIYCIGMh5LPU70QGAmXg/RnBMgA4Q4Vr+IhAGuFtBYIPp/LyxKuW+x4ymNCNFFWcf5U8fSw==
- devextreme/21.1.8-build-21361-1723/css/dx.contrast.css: sha512-8/wVp0ro+KJaAYgyVBqet1nzZ9bFAMI9ANjADO60wNNPXOcY1MicXZ1CCxypTtubpDkj2t2VRLXcmTOMliYUrw==
- devextreme/21.1.8-build-21361-1723/css/dx.darkviolet.css: sha512-XKv4/N7dsyZjKmvTb4BXNEaa5vqn4POaigtyucrkiat7WaTB5d0NHyA6zRzCCJfhUO5GzxlaTiLv8IY7o0AibQ==
- devextreme/21.1.8-build-21361-1723/css/dx.material.orange.dark.compact.css: sha512-hIN3v/DxJbJHZqvQZNO4nr/Hd07SR/vOjlDYJxIts4Z5T91AHe1G1WtnUVIfve4IiL29uGT8ARAlBIMdkac3Gg==
- devextreme/21.1.8-build-21361-1723/js/localization/dx.messages.ja.min.js: sha512-etqxAbGhvolra/6fBPz96lgRArRHbuRsPLsMGUMwaTlAbbqAkbMRkrtB1Vt7XFNFcyxfBYuu3eFgleRU1Iggcw==
- devextreme/21.1.8-build-21361-1723/js/localization/dx.messages.pt.min.js: sha512-7bfz4cqjT2ChW6zK1SZbP2tuA7Oel4WjobrXUGULffFfjD/knINyQ4yd8GQSAj0xBd/lhb19xsHOKfz7d4Gq3A==
- devextreme/21.1.8-build-21361-1723/css/dx.material.purple.light.compact.min.css: sha512-hW+YYVnW8eE5H+SOu1XBZob60IO/ZNTJZOts/VlppZ9ugk3pP5EdmcY0t9nIlWYyeQ9iNswfRXFkiLQm0soEtg==
- devextreme/21.1.8-build-21361-1723/js/localization/dx.messages.nl.min.js: sha512-3S74npj8m3ujh8u2KV6PLj2CB/RujK9nW50dvkwai/38K8JaA+Ng3jJYrkgo9JlMiJEE5Zq/batstHlZkl0oYw==
- devextreme/21.1.8-build-21361-1723/js/localization/dx.messages.sl.js: sha512-I7lTA0HPxA/s3nV8rzQqhJJg2wbshRl5n52+v3ZkvC5fKeU3dd/AhXaDIXKvD+1NewRnUP8Gy2xat7k91NjC5Q==
- devextreme/21.1.8-build-21361-1723/css/dx.material.blue.dark.compact.min.css: sha512-7Ub3yw+yHGaYmQK5qjDL98Hy9aiLUPvvxbQrCqq9YBUJFHqwM3ncud/IHZhCnP0y5bYgr9yX8piF7rCjHDiMBQ==
- devextreme/21.1.8-build-21361-1723/js/localization/dx.messages.hu.js: sha512-i7plJKDeZrTBeU2Un8v730MMOZlp05d3beLmlmgbQrKsF+gwiQ/CWvijzsHsWedKQ9dx6G6pARU1e6OsA+8pTA==
- devextreme/21.1.8-build-21361-1723/js/localization/dx.messages.sl.min.js: sha512-svk0N/XHs6P2ReYZR7OEQPcXdQBs2Cl1gVL6EaHDJL3LmrP3ZqvavbNKmQoIvGj+aIcxmcigdOFOJZB0DL/7WQ==
- devextreme/21.1.8-build-21361-1723/css/dx.material.blue.light.compact.css: sha512-ISsYSgyQTIQPvVWEIOFZ8gptJMXtm0SOrCc77r8N1WCvHjVzcNbjvfqUQjLB2OxLkyTR1mV0qCpiMFux3btA4A==
- devextreme/21.1.8-build-21361-1723/css/dx.material.lime.dark.min.css: sha512-08hWBCdMROYRkRR/cw3xjpLkfZZ6NSI38OH7LZyz6kOXRUHsapn9YzUYQjgOQ3xVb1q2EVhaKY/mgFpcaofhYw==
- devextreme/21.1.8-build-21361-1723/js/localization/dx.messages.cs.min.js: sha512-6cLO1jILWON+VM0XkzH/D3zpdGikacdv77SM+9C2Bxhevyx5DRk+zfNF6szO1jdZZcwuR5l6ouwMlF4pd5Lxxw==
- devextreme/21.1.8-build-21361-1723/js/localization/dx.messages.fr.js: sha512-SFg2fbnQT/XCjI9m5GmA/NadMk2oh4r3wmLCCYkkJkVGni8Ktl5I1HB20GNxTQBvlu7L60QrRHnfSJzNdxRNVQ==
- devextreme/21.1.8-build-21361-1723/js/localization/dx.messages.ja.js: sha512-y9rT1/avEeiBX/k+s1gp62McVImGGB8DZHbdoE13ETw8GpjRfmjzBWyzA1IZzZF716XX/bBrkxiUG51yL2lTNQ==
- devextreme/21.1.8-build-21361-1723/css/dx.material.blue.dark.min.css: sha512-QgoEt5iyDCWrHys/0DUxno8joKlOCKScyOvERCFHddiGzXFsbKqWDmb93WSMIQPRjbrsCyqJMAnryPyQEqd1Og==
- devextreme/21.1.8-build-21361-1723/css/dx.material.blue.light.compact.min.css: sha512-c+TfoPaeN/dOqAWZYDLqyB11Owgj4qlHg996R5AU9Ryn1Irzza02NeeLvcG/HnKMa+wpGKzr4STmJGi1AVG7nQ==
- devextreme/21.1.8-build-21361-1723/css/dx.material.orange.light.compact.css: sha512-qlwu4H0+IwEM/nSDCEoTysxSu1CvJc0Usz1TGZwet15lhzf0aPYd3oNr/y3Q+wR62huCJL8KcSmj8qefpcLyUg==
- devextreme/21.1.8-build-21361-1723/css/dx.material.teal.light.compact.min.css: sha512-zIbv4v7AbSVnsRKLDKXOUeHnWHn2bmtFzKrHR3qgGxH0RRzOSJYGdLVtPlF0rmE+RauG+7CiPOplGE2GtrpfxA==
- devextreme/21.1.8-build-21361-1723/js/vectormap-data/africa.js: sha512-/914vm1ix+/hIG0+pWQznBhQEDOHPn7c+l10UwxlgyTEqr1Dy9JHBh6BXNSw1MxRRVop6zH0+mAO0b0XF1+huw==
- devextreme/21.1.8-build-21361-1723/css/dx.material.lime.dark.css: sha512-BZtG1zVBeCbOygLDuauCjD9ZVKjeEujjiVrEDpHJpJbAU5KIsa0Oi7pV5lenZW2MqI8JMz4g3X1sxOaZ6psPLA==
- devextreme/21.1.8-build-21361-1723/js/localization/dx.messages.de.min.js: sha512-1utWtnweZLgwyKYE3DCmoCsmH9RYEpbvQ4r+fNxklWdNe7C3U1N00KiqjivqurBO+l0WqzYaXpyQE3VM9FhlcQ==
- devextreme/21.1.8-build-21361-1723/js/localization/dx.messages.en.js: sha512-Dm9D2fY2hFjxWw73zLUW+0wyfgSZmW0dtSppuawXgv40zO6pUu8exofnHkB0egXQhl+ZN6AQSV1hg9Bz+THbYw==
- devextreme/21.1.8-build-21361-1723/css/dx.common.css: sha512-7SxD7DbWSB3h1MWtPpP0wy5nP2PJlCCj8MgZU60bNfZXYtI2KCBNkLZ7bzXyjZZXI1WWe/hfz/O7o0F/9tQUlQ==
- devextreme/21.1.8-build-21361-1723/css/dx.material.blue.light.min.css: sha512-NabPdi0yeo/Eod5BWjRvVFBahxKFwWCisGXcsYOsxaEUEStRbL/JpAHoXWhHYfFsIFD7c4PhVrNmekQyV6bHYQ==
- devextreme/21.1.8-build-21361-1723/css/dx.material.lime.light.css: sha512-9GfgWo+yL+BhKiqRg3KNLSe/m2mC7x0i92anYHmKRI61CA0wnh1Bvdey/DDGwailMQ4GmNQleU7e6NvMjjXj8g==
- devextreme/21.1.8-build-21361-1723/css/dx.material.teal.light.min.css: sha512-dtUwWZFddktIIyOK8iprka2bjqx2mySLwYLKbsAyBBki8EUZtUVh6XZ7la/C5mB0z0aW5CCLccgzGYsNvHdwgA==
- devextreme/21.1.8-build-21361-1723/js/vectormap-data/usa.min.js: sha512-Cz2QrXZkkz42uEXNZVXTSj5+knZ+BrHwn2GTKZm3n6bMq9S86AKg/V+fcTutVupKnNPEue+aV7jE8wM1TTYElQ==
- devextreme/21.1.8-build-21361-1723/css/dx.light.compact.css: sha512-wJxnzrQCmIhV3LSlsRiH0S1QEctSDPECvEaLzru4LQFANuvRqX5LKmxC4FKNTeqRos94jsVKREeQmb5BK/VzLQ==
- devextreme/21.1.8-build-21361-1723/css/dx.softblue.compact.css: sha512-h59LKUkwoCcCygjuNm/2TVNJEBP8HOdjU+AWF3dMyvY59NdoEb2mN5F5o0R0ebMG4RGhTQvDftQJ9v5Oh4ed0g==
- devextreme/21.1.8-build-21361-1723/js/localization/dx.messages.tr.js: sha512-GsQgwU51RvuYczbnT/tCS29STHkGSZTBzxSa0pbwWF9gsA0utUTCDmrscNfoTVtp7JIckvKvHvqswGCZur7d0A==
- devextreme/21.1.8-build-21361-1723/css/dx.common.min.css: sha512-EVRL7JviixMHZIcXVqUkjLu2D43qMOeIOaRkXkN7g2cRbfoCCFFOJ17QNev381ZOvBFzexv5v2DJsygpCxlvzg==
- devextreme/21.1.8-build-21361-1723/js/vectormap-data/eurasia.js: sha512-8dmydbdKJkQTaGlJ/HJTHnQgSzpOb3UoRVE1jax70uobi7sDs9oNMn0j01GiYPk7yBUGkS6H1qfFMnW7Trz0XA==
