Files:
- fancyapps-ui/5.0.25/carousel/carousel.autoplay.css.br
- fancyapps-ui/5.0.25/carousel/carousel.autoplay.esm.js.br
- fancyapps-ui/5.0.25/carousel/carousel.autoplay.esm.min.js.br
- fancyapps-ui/5.0.25/carousel/carousel.autoplay.min.css.br
- fancyapps-ui/5.0.25/carousel/carousel.autoplay.umd.js.br
- fancyapps-ui/5.0.25/carousel/carousel.autoplay.umd.min.js.br
- fancyapps-ui/5.0.25/carousel/carousel.css.br
- fancyapps-ui/5.0.25/carousel/carousel.esm.js.br
- fancyapps-ui/5.0.25/carousel/carousel.esm.min.js.br
- fancyapps-ui/5.0.25/carousel/carousel.min.css.br
- fancyapps-ui/5.0.25/carousel/carousel.thumbs.css.br
- fancyapps-ui/5.0.25/carousel/carousel.thumbs.esm.js.br
- fancyapps-ui/5.0.25/carousel/carousel.thumbs.esm.min.js.br
- fancyapps-ui/5.0.25/carousel/carousel.thumbs.min.css.br
- fancyapps-ui/5.0.25/carousel/carousel.thumbs.umd.js.br
- fancyapps-ui/5.0.25/carousel/carousel.thumbs.umd.min.js.br
- fancyapps-ui/5.0.25/carousel/carousel.umd.js.br
- fancyapps-ui/5.0.25/carousel/carousel.umd.min.js.br
- fancyapps-ui/5.0.25/carousel/l10n/cs.esm.js.br
- fancyapps-ui/5.0.25/carousel/l10n/cs.esm.min.js.br
- fancyapps-ui/5.0.25/carousel/l10n/cs.umd.js.br
- fancyapps-ui/5.0.25/carousel/l10n/cs.umd.min.js.br
- fancyapps-ui/5.0.25/carousel/l10n/de.esm.js.br
- fancyapps-ui/5.0.25/carousel/l10n/de.esm.min.js.br
- fancyapps-ui/5.0.25/carousel/l10n/de.umd.js.br
- fancyapps-ui/5.0.25/carousel/l10n/de.umd.min.js.br
- fancyapps-ui/5.0.25/carousel/l10n/en.esm.js.br
- fancyapps-ui/5.0.25/carousel/l10n/en.esm.min.js.br
- fancyapps-ui/5.0.25/carousel/l10n/en.umd.js.br
- fancyapps-ui/5.0.25/carousel/l10n/en.umd.min.js.br
- fancyapps-ui/5.0.25/carousel/l10n/es.esm.js.br
- fancyapps-ui/5.0.25/carousel/l10n/es.esm.min.js.br
- fancyapps-ui/5.0.25/carousel/l10n/es.umd.js.br
- fancyapps-ui/5.0.25/carousel/l10n/es.umd.min.js.br
- fancyapps-ui/5.0.25/carousel/l10n/fr.esm.js.br
- fancyapps-ui/5.0.25/carousel/l10n/fr.esm.min.js.br
- fancyapps-ui/5.0.25/carousel/l10n/fr.umd.js.br
- fancyapps-ui/5.0.25/carousel/l10n/fr.umd.min.js.br
- fancyapps-ui/5.0.25/carousel/l10n/it.esm.js.br
- fancyapps-ui/5.0.25/carousel/l10n/it.esm.min.js.br
- fancyapps-ui/5.0.25/carousel/l10n/it.umd.js.br
- fancyapps-ui/5.0.25/carousel/l10n/it.umd.min.js.br
- fancyapps-ui/5.0.25/carousel/l10n/ja.esm.js.br
- fancyapps-ui/5.0.25/carousel/l10n/ja.esm.min.js.br
- fancyapps-ui/5.0.25/carousel/l10n/ja.umd.js.br
- fancyapps-ui/5.0.25/carousel/l10n/ja.umd.min.js.br
- fancyapps-ui/5.0.25/carousel/l10n/lv.esm.js.br
- fancyapps-ui/5.0.25/carousel/l10n/lv.esm.min.js.br
- fancyapps-ui/5.0.25/carousel/l10n/lv.umd.js.br
- fancyapps-ui/5.0.25/carousel/l10n/lv.umd.min.js.br
- fancyapps-ui/5.0.25/carousel/l10n/pl.esm.js.br
- fancyapps-ui/5.0.25/carousel/l10n/pl.esm.min.js.br
- fancyapps-ui/5.0.25/carousel/l10n/pl.umd.js.br
- fancyapps-ui/5.0.25/carousel/l10n/pl.umd.min.js.br
- fancyapps-ui/5.0.25/carousel/l10n/sk.esm.js.br
- fancyapps-ui/5.0.25/carousel/l10n/sk.esm.min.js.br
- fancyapps-ui/5.0.25/carousel/l10n/sk.umd.js.br
- fancyapps-ui/5.0.25/carousel/l10n/sk.umd.min.js.br
- fancyapps-ui/5.0.25/carousel/l10n/zh_CN.esm.js.br
- fancyapps-ui/5.0.25/carousel/l10n/zh_CN.esm.min.js.br
- fancyapps-ui/5.0.25/carousel/l10n/zh_CN.umd.js.br
- fancyapps-ui/5.0.25/carousel/l10n/zh_CN.umd.min.js.br
- fancyapps-ui/5.0.25/fancybox/fancybox.css.br
- fancyapps-ui/5.0.25/fancybox/fancybox.esm.js.br
- fancyapps-ui/5.0.25/fancybox/fancybox.esm.min.js.br
- fancyapps-ui/5.0.25/fancybox/fancybox.min.css.br
- fancyapps-ui/5.0.25/fancybox/fancybox.umd.js.br
- fancyapps-ui/5.0.25/fancybox/fancybox.umd.min.js.br
- fancyapps-ui/5.0.25/fancybox/l10n/cs.esm.js.br
- fancyapps-ui/5.0.25/fancybox/l10n/cs.esm.min.js.br
- fancyapps-ui/5.0.25/fancybox/l10n/cs.umd.js.br
- fancyapps-ui/5.0.25/fancybox/l10n/cs.umd.min.js.br
- fancyapps-ui/5.0.25/fancybox/l10n/de.esm.js.br
- fancyapps-ui/5.0.25/fancybox/l10n/de.esm.min.js.br
- fancyapps-ui/5.0.25/fancybox/l10n/de.umd.js.br
- fancyapps-ui/5.0.25/fancybox/l10n/de.umd.min.js.br
- fancyapps-ui/5.0.25/fancybox/l10n/en.esm.js.br
- fancyapps-ui/5.0.25/fancybox/l10n/en.esm.min.js.br
- fancyapps-ui/5.0.25/fancybox/l10n/en.umd.js.br
- fancyapps-ui/5.0.25/fancybox/l10n/en.umd.min.js.br
- fancyapps-ui/5.0.25/fancybox/l10n/es.esm.js.br
- fancyapps-ui/5.0.25/fancybox/l10n/es.esm.min.js.br
- fancyapps-ui/5.0.25/fancybox/l10n/es.umd.js.br
- fancyapps-ui/5.0.25/fancybox/l10n/es.umd.min.js.br
- fancyapps-ui/5.0.25/fancybox/l10n/fr.esm.js.br
- fancyapps-ui/5.0.25/fancybox/l10n/fr.esm.min.js.br
- fancyapps-ui/5.0.25/fancybox/l10n/fr.umd.js.br
- fancyapps-ui/5.0.25/fancybox/l10n/fr.umd.min.js.br
- fancyapps-ui/5.0.25/fancybox/l10n/it.esm.js.br
- fancyapps-ui/5.0.25/fancybox/l10n/it.esm.min.js.br
- fancyapps-ui/5.0.25/fancybox/l10n/it.umd.js.br
- fancyapps-ui/5.0.25/fancybox/l10n/it.umd.min.js.br
- fancyapps-ui/5.0.25/fancybox/l10n/ja.esm.js.br
- fancyapps-ui/5.0.25/fancybox/l10n/ja.esm.min.js.br
- fancyapps-ui/5.0.25/fancybox/l10n/ja.umd.js.br
- fancyapps-ui/5.0.25/fancybox/l10n/ja.umd.min.js.br
- fancyapps-ui/5.0.25/fancybox/l10n/lv.esm.js.br
- fancyapps-ui/5.0.25/fancybox/l10n/lv.esm.min.js.br
- fancyapps-ui/5.0.25/fancybox/l10n/lv.umd.js.br
- fancyapps-ui/5.0.25/fancybox/l10n/lv.umd.min.js.br
- fancyapps-ui/5.0.25/fancybox/l10n/pl.esm.js.br
- fancyapps-ui/5.0.25/fancybox/l10n/pl.esm.min.js.br
- fancyapps-ui/5.0.25/fancybox/l10n/pl.umd.js.br
- fancyapps-ui/5.0.25/fancybox/l10n/pl.umd.min.js.br
- fancyapps-ui/5.0.25/fancybox/l10n/sk.esm.js.br
- fancyapps-ui/5.0.25/fancybox/l10n/sk.esm.min.js.br
- fancyapps-ui/5.0.25/fancybox/l10n/sk.umd.js.br
- fancyapps-ui/5.0.25/fancybox/l10n/sk.umd.min.js.br
- fancyapps-ui/5.0.25/fancybox/l10n/zh_CN.esm.js.br
- fancyapps-ui/5.0.25/fancybox/l10n/zh_CN.esm.min.js.br
- fancyapps-ui/5.0.25/fancybox/l10n/zh_CN.umd.js.br
- fancyapps-ui/5.0.25/fancybox/l10n/zh_CN.umd.min.js.br
- fancyapps-ui/5.0.25/index.esm.js.br
- fancyapps-ui/5.0.25/index.esm.min.js.br
- fancyapps-ui/5.0.25/index.umd.js.br
- fancyapps-ui/5.0.25/index.umd.min.js.br
- fancyapps-ui/5.0.25/panzoom/l10n/cs.esm.js.br
- fancyapps-ui/5.0.25/panzoom/l10n/cs.esm.min.js.br
- fancyapps-ui/5.0.25/panzoom/l10n/cs.umd.js.br
- fancyapps-ui/5.0.25/panzoom/l10n/cs.umd.min.js.br
- fancyapps-ui/5.0.25/panzoom/l10n/de.esm.js.br
- fancyapps-ui/5.0.25/panzoom/l10n/de.esm.min.js.br
- fancyapps-ui/5.0.25/panzoom/l10n/de.umd.js.br
- fancyapps-ui/5.0.25/panzoom/l10n/de.umd.min.js.br
- fancyapps-ui/5.0.25/panzoom/l10n/en.esm.js.br
- fancyapps-ui/5.0.25/panzoom/l10n/en.esm.min.js.br
- fancyapps-ui/5.0.25/panzoom/l10n/en.umd.js.br
- fancyapps-ui/5.0.25/panzoom/l10n/en.umd.min.js.br
- fancyapps-ui/5.0.25/panzoom/l10n/es.esm.js.br
- fancyapps-ui/5.0.25/panzoom/l10n/es.esm.min.js.br
- fancyapps-ui/5.0.25/panzoom/l10n/es.umd.js.br
- fancyapps-ui/5.0.25/panzoom/l10n/es.umd.min.js.br
- fancyapps-ui/5.0.25/panzoom/l10n/fr.esm.js.br
- fancyapps-ui/5.0.25/panzoom/l10n/fr.esm.min.js.br
- fancyapps-ui/5.0.25/panzoom/l10n/fr.umd.js.br
- fancyapps-ui/5.0.25/panzoom/l10n/fr.umd.min.js.br
- fancyapps-ui/5.0.25/panzoom/l10n/it.esm.js.br
- fancyapps-ui/5.0.25/panzoom/l10n/it.esm.min.js.br
- fancyapps-ui/5.0.25/panzoom/l10n/it.umd.js.br
- fancyapps-ui/5.0.25/panzoom/l10n/it.umd.min.js.br
- fancyapps-ui/5.0.25/panzoom/l10n/ja.esm.js.br
- fancyapps-ui/5.0.25/panzoom/l10n/ja.esm.min.js.br
- fancyapps-ui/5.0.25/panzoom/l10n/ja.umd.js.br
- fancyapps-ui/5.0.25/panzoom/l10n/ja.umd.min.js.br
- fancyapps-ui/5.0.25/panzoom/l10n/lv.esm.js.br
- fancyapps-ui/5.0.25/panzoom/l10n/lv.esm.min.js.br
- fancyapps-ui/5.0.25/panzoom/l10n/lv.umd.js.br
- fancyapps-ui/5.0.25/panzoom/l10n/lv.umd.min.js.br
- fancyapps-ui/5.0.25/panzoom/l10n/pl.esm.js.br
- fancyapps-ui/5.0.25/panzoom/l10n/pl.esm.min.js.br
- fancyapps-ui/5.0.25/panzoom/l10n/pl.umd.js.br
- fancyapps-ui/5.0.25/panzoom/l10n/pl.umd.min.js.br
- fancyapps-ui/5.0.25/panzoom/l10n/sk.esm.js.br
- fancyapps-ui/5.0.25/panzoom/l10n/sk.esm.min.js.br
- fancyapps-ui/5.0.25/panzoom/l10n/sk.umd.js.br
- fancyapps-ui/5.0.25/panzoom/l10n/sk.umd.min.js.br
- fancyapps-ui/5.0.25/panzoom/l10n/zh_CN.esm.js.br
- fancyapps-ui/5.0.25/panzoom/l10n/zh_CN.esm.min.js.br
- fancyapps-ui/5.0.25/panzoom/l10n/zh_CN.umd.js.br
- fancyapps-ui/5.0.25/panzoom/l10n/zh_CN.umd.min.js.br
- fancyapps-ui/5.0.25/panzoom/panzoom.css.br
- fancyapps-ui/5.0.25/panzoom/panzoom.esm.js.br
- fancyapps-ui/5.0.25/panzoom/panzoom.esm.min.js.br
- fancyapps-ui/5.0.25/panzoom/panzoom.min.css.br
- fancyapps-ui/5.0.25/panzoom/panzoom.pins.css.br
- fancyapps-ui/5.0.25/panzoom/panzoom.pins.esm.js.br
- fancyapps-ui/5.0.25/panzoom/panzoom.pins.esm.min.js.br
- fancyapps-ui/5.0.25/panzoom/panzoom.pins.min.css.br
- fancyapps-ui/5.0.25/panzoom/panzoom.pins.umd.js.br
- fancyapps-ui/5.0.25/panzoom/panzoom.pins.umd.min.js.br
- fancyapps-ui/5.0.25/panzoom/panzoom.toolbar.css.br
- fancyapps-ui/5.0.25/panzoom/panzoom.toolbar.esm.js.br
- fancyapps-ui/5.0.25/panzoom/panzoom.toolbar.esm.min.js.br
- fancyapps-ui/5.0.25/panzoom/panzoom.toolbar.min.css.br
- fancyapps-ui/5.0.25/panzoom/panzoom.toolbar.umd.js.br
- fancyapps-ui/5.0.25/panzoom/panzoom.toolbar.umd.min.js.br
- fancyapps-ui/5.0.25/panzoom/panzoom.umd.js.br
- fancyapps-ui/5.0.25/panzoom/panzoom.umd.min.js.br
