Files:
- fontsource-alumni-sans-collegiate-one/5.0.8/400-italic.css.gz
- fontsource-alumni-sans-collegiate-one/5.0.8/400-italic.min.css.gz
- fontsource-alumni-sans-collegiate-one/5.0.8/400.css.gz
- fontsource-alumni-sans-collegiate-one/5.0.8/400.min.css.gz
- fontsource-alumni-sans-collegiate-one/5.0.8/cyrillic-400-italic.css.gz
- fontsource-alumni-sans-collegiate-one/5.0.8/cyrillic-400-italic.min.css.gz
- fontsource-alumni-sans-collegiate-one/5.0.8/cyrillic-400.css.gz
- fontsource-alumni-sans-collegiate-one/5.0.8/cyrillic-400.min.css.gz
- fontsource-alumni-sans-collegiate-one/5.0.8/cyrillic-italic.css.gz
- fontsource-alumni-sans-collegiate-one/5.0.8/cyrillic-italic.min.css.gz
- fontsource-alumni-sans-collegiate-one/5.0.8/cyrillic.css.gz
- fontsource-alumni-sans-collegiate-one/5.0.8/cyrillic.min.css.gz
- fontsource-alumni-sans-collegiate-one/5.0.8/files/alumni-sans-collegiate-one-cyrillic-400-italic.woff.gz
- fontsource-alumni-sans-collegiate-one/5.0.8/files/alumni-sans-collegiate-one-cyrillic-400-normal.woff.gz
- fontsource-alumni-sans-collegiate-one/5.0.8/files/alumni-sans-collegiate-one-latin-400-italic.woff.gz
- fontsource-alumni-sans-collegiate-one/5.0.8/files/alumni-sans-collegiate-one-latin-400-normal.woff.gz
- fontsource-alumni-sans-collegiate-one/5.0.8/files/alumni-sans-collegiate-one-latin-ext-400-italic.woff.gz
- fontsource-alumni-sans-collegiate-one/5.0.8/files/alumni-sans-collegiate-one-latin-ext-400-normal.woff.gz
- fontsource-alumni-sans-collegiate-one/5.0.8/files/alumni-sans-collegiate-one-vietnamese-400-italic.woff.gz
- fontsource-alumni-sans-collegiate-one/5.0.8/files/alumni-sans-collegiate-one-vietnamese-400-normal.woff.gz
- fontsource-alumni-sans-collegiate-one/5.0.8/index.css.gz
- fontsource-alumni-sans-collegiate-one/5.0.8/index.min.css.gz
- fontsource-alumni-sans-collegiate-one/5.0.8/latin-400-italic.css.gz
- fontsource-alumni-sans-collegiate-one/5.0.8/latin-400-italic.min.css.gz
- fontsource-alumni-sans-collegiate-one/5.0.8/latin-400.css.gz
- fontsource-alumni-sans-collegiate-one/5.0.8/latin-400.min.css.gz
- fontsource-alumni-sans-collegiate-one/5.0.8/latin-ext-400-italic.css.gz
- fontsource-alumni-sans-collegiate-one/5.0.8/latin-ext-400-italic.min.css.gz
- fontsource-alumni-sans-collegiate-one/5.0.8/latin-ext-400.css.gz
- fontsource-alumni-sans-collegiate-one/5.0.8/latin-ext-400.min.css.gz
- fontsource-alumni-sans-collegiate-one/5.0.8/latin-ext-italic.css.gz
- fontsource-alumni-sans-collegiate-one/5.0.8/latin-ext-italic.min.css.gz
- fontsource-alumni-sans-collegiate-one/5.0.8/latin-ext.css.gz
- fontsource-alumni-sans-collegiate-one/5.0.8/latin-ext.min.css.gz
- fontsource-alumni-sans-collegiate-one/5.0.8/latin-italic.css.gz
- fontsource-alumni-sans-collegiate-one/5.0.8/latin-italic.min.css.gz
- fontsource-alumni-sans-collegiate-one/5.0.8/latin.css.gz
- fontsource-alumni-sans-collegiate-one/5.0.8/latin.min.css.gz
- fontsource-alumni-sans-collegiate-one/5.0.8/vietnamese-400-italic.css.gz
- fontsource-alumni-sans-collegiate-one/5.0.8/vietnamese-400-italic.min.css.gz
- fontsource-alumni-sans-collegiate-one/5.0.8/vietnamese-400.css.gz
- fontsource-alumni-sans-collegiate-one/5.0.8/vietnamese-400.min.css.gz
- fontsource-alumni-sans-collegiate-one/5.0.8/vietnamese-italic.css.gz
- fontsource-alumni-sans-collegiate-one/5.0.8/vietnamese-italic.min.css.gz
- fontsource-alumni-sans-collegiate-one/5.0.8/vietnamese.css.gz
- fontsource-alumni-sans-collegiate-one/5.0.8/vietnamese.min.css.gz
