Files:
- fontsource-noto-serif-toto/5.0.7/400.css.br
- fontsource-noto-serif-toto/5.0.7/400.min.css.br
- fontsource-noto-serif-toto/5.0.7/500.css.br
- fontsource-noto-serif-toto/5.0.7/500.min.css.br
- fontsource-noto-serif-toto/5.0.7/600.css.br
- fontsource-noto-serif-toto/5.0.7/600.min.css.br
- fontsource-noto-serif-toto/5.0.7/700.css.br
- fontsource-noto-serif-toto/5.0.7/700.min.css.br
- fontsource-noto-serif-toto/5.0.7/files/noto-serif-toto-latin-400-normal.woff.br
- fontsource-noto-serif-toto/5.0.7/files/noto-serif-toto-latin-500-normal.woff.br
- fontsource-noto-serif-toto/5.0.7/files/noto-serif-toto-latin-600-normal.woff.br
- fontsource-noto-serif-toto/5.0.7/files/noto-serif-toto-latin-700-normal.woff.br
- fontsource-noto-serif-toto/5.0.7/files/noto-serif-toto-latin-ext-400-normal.woff.br
- fontsource-noto-serif-toto/5.0.7/files/noto-serif-toto-latin-ext-500-normal.woff.br
- fontsource-noto-serif-toto/5.0.7/files/noto-serif-toto-latin-ext-600-normal.woff.br
- fontsource-noto-serif-toto/5.0.7/files/noto-serif-toto-latin-ext-700-normal.woff.br
- fontsource-noto-serif-toto/5.0.7/files/noto-serif-toto-toto-400-normal.woff.br
- fontsource-noto-serif-toto/5.0.7/files/noto-serif-toto-toto-500-normal.woff.br
- fontsource-noto-serif-toto/5.0.7/files/noto-serif-toto-toto-600-normal.woff.br
- fontsource-noto-serif-toto/5.0.7/files/noto-serif-toto-toto-700-normal.woff.br
- fontsource-noto-serif-toto/5.0.7/index.css.br
- fontsource-noto-serif-toto/5.0.7/index.min.css.br
- fontsource-noto-serif-toto/5.0.7/latin-400.css.br
- fontsource-noto-serif-toto/5.0.7/latin-400.min.css.br
- fontsource-noto-serif-toto/5.0.7/latin-500.css.br
- fontsource-noto-serif-toto/5.0.7/latin-500.min.css.br
- fontsource-noto-serif-toto/5.0.7/latin-600.css.br
- fontsource-noto-serif-toto/5.0.7/latin-600.min.css.br
- fontsource-noto-serif-toto/5.0.7/latin-700.css.br
- fontsource-noto-serif-toto/5.0.7/latin-700.min.css.br
- fontsource-noto-serif-toto/5.0.7/latin-ext-400.css.br
- fontsource-noto-serif-toto/5.0.7/latin-ext-400.min.css.br
- fontsource-noto-serif-toto/5.0.7/latin-ext-500.css.br
- fontsource-noto-serif-toto/5.0.7/latin-ext-500.min.css.br
- fontsource-noto-serif-toto/5.0.7/latin-ext-600.css.br
- fontsource-noto-serif-toto/5.0.7/latin-ext-600.min.css.br
- fontsource-noto-serif-toto/5.0.7/latin-ext-700.css.br
- fontsource-noto-serif-toto/5.0.7/latin-ext-700.min.css.br
- fontsource-noto-serif-toto/5.0.7/latin-ext.css.br
- fontsource-noto-serif-toto/5.0.7/latin-ext.min.css.br
- fontsource-noto-serif-toto/5.0.7/latin.css.br
- fontsource-noto-serif-toto/5.0.7/latin.min.css.br
- fontsource-noto-serif-toto/5.0.7/toto-400.css.br
- fontsource-noto-serif-toto/5.0.7/toto-400.min.css.br
- fontsource-noto-serif-toto/5.0.7/toto-500.css.br
- fontsource-noto-serif-toto/5.0.7/toto-500.min.css.br
- fontsource-noto-serif-toto/5.0.7/toto-600.css.br
- fontsource-noto-serif-toto/5.0.7/toto-600.min.css.br
- fontsource-noto-serif-toto/5.0.7/toto-700.css.br
- fontsource-noto-serif-toto/5.0.7/toto-700.min.css.br
- fontsource-noto-serif-toto/5.0.7/toto.css.br
- fontsource-noto-serif-toto/5.0.7/toto.min.css.br
