2022/05/19 10:00:44 optimizing files (Js true, Css true, Png true, Jpg true)
2022/05/19 10:00:44 compress: run /node_modules/uglify-js/bin/uglifyjs --mangle --compress if_return=true -o /tmp/work/babylon.min.js /tmp/work/babylon.js
2022/05/19 10:00:44 algorithm: run /usr/bin/brotli --quality=11 --output=/output/babylon.d.ts.br /tmp/work/babylon.d.ts
2022/05/19 10:00:44 algorithm: run /usr/bin/brotli --quality=11 --output=/output/babylon.js.map.br /tmp/work/babylon.js.map
2022/05/19 10:00:44 algorithm: run /usr/bin/brotli --quality=11 --output=/output/babylon.module.d.ts.br /tmp/work/babylon.module.d.ts
2022/05/19 10:00:44 algorithm: run /usr/bin/brotli --quality=11 --output=/output/babylon.max.js.map.br /tmp/work/babylon.max.js.map
2022/05/19 10:00:44 compress: run /node_modules/uglify-js/bin/uglifyjs --mangle --compress if_return=true -o /tmp/work/babylon.max.min.js /tmp/work/babylon.max.js
2022/05/19 10:00:58 br /tmp/work/babylon.d.ts -> /output/babylon.d.ts.br
2022/05/19 10:00:58 gz /tmp/work/babylon.d.ts -> /output/babylon.d.ts.gz
2022/05/19 10:01:09 br /tmp/work/babylon.module.d.ts -> /output/babylon.module.d.ts.br
2022/05/19 10:01:09 gz /tmp/work/babylon.module.d.ts -> /output/babylon.module.d.ts.gz
2022/05/19 10:01:20 sri /tmp/work/babylon.min.js -> /output/babylon.min.js.sri
2022/05/19 10:01:20 algorithm: run /usr/bin/brotli --quality=11 --output=/output/babylon.min.js.br /tmp/work/babylon.min.js
2022/05/19 10:01:26 sri /tmp/work/babylon.max.min.js -> /output/babylon.max.min.js.sri
2022/05/19 10:01:26 algorithm: run /usr/bin/brotli --quality=11 --output=/output/babylon.max.min.js.br /tmp/work/babylon.max.min.js
2022/05/19 10:01:30 br /tmp/work/babylon.min.js -> /output/babylon.min.js.br
2022/05/19 10:01:30 gz /tmp/work/babylon.min.js -> /output/babylon.min.js.gz
2022/05/19 10:01:30 sri /tmp/work/babylon.js -> /output/babylon.js.sri
2022/05/19 10:01:30 algorithm: run /usr/bin/brotli --quality=11 --output=/output/babylon.js.br /tmp/work/babylon.js
2022/05/19 10:01:32 br /tmp/work/babylon.js.map -> /output/babylon.js.map.br
2022/05/19 10:01:33 gz /tmp/work/babylon.js.map -> /output/babylon.js.map.gz
2022/05/19 10:01:36 br /tmp/work/babylon.max.js.map -> /output/babylon.max.js.map.br
2022/05/19 10:01:37 br /tmp/work/babylon.max.min.js -> /output/babylon.max.min.js.br
2022/05/19 10:01:38 gz /tmp/work/babylon.max.min.js -> /output/babylon.max.min.js.gz
2022/05/19 10:01:38 sri /tmp/work/babylon.max.js -> /output/babylon.max.js.sri
2022/05/19 10:01:38 algorithm: run /usr/bin/brotli --quality=11 --output=/output/babylon.max.js.br /tmp/work/babylon.max.js
2022/05/19 10:01:38 gz /tmp/work/babylon.max.js.map -> /output/babylon.max.js.map.gz
2022/05/19 10:01:40 br /tmp/work/babylon.js -> /output/babylon.js.br
2022/05/19 10:01:41 gz /tmp/work/babylon.js -> /output/babylon.js.gz
2022/05/19 10:02:10 br /tmp/work/babylon.max.js -> /output/babylon.max.js.br
2022/05/19 10:02:11 gz /tmp/work/babylon.max.js -> /output/babylon.max.js.gz
2022/05/19 10:02:11 processed babylonjs
