Files:
- fontsource-ruthie/5.0.5/400.css.gz
- fontsource-ruthie/5.0.5/400.min.css.gz
- fontsource-ruthie/5.0.5/files/ruthie-latin-400-normal.woff.gz
- fontsource-ruthie/5.0.5/files/ruthie-latin-ext-400-normal.woff.gz
- fontsource-ruthie/5.0.5/files/ruthie-vietnamese-400-normal.woff.gz
- fontsource-ruthie/5.0.5/index.css.gz
- fontsource-ruthie/5.0.5/index.min.css.gz
- fontsource-ruthie/5.0.5/latin-400.css.gz
- fontsource-ruthie/5.0.5/latin-400.min.css.gz
- fontsource-ruthie/5.0.5/latin-ext-400.css.gz
- fontsource-ruthie/5.0.5/latin-ext-400.min.css.gz
- fontsource-ruthie/5.0.5/latin-ext.css.gz
- fontsource-ruthie/5.0.5/latin-ext.min.css.gz
- fontsource-ruthie/5.0.5/latin.css.gz
- fontsource-ruthie/5.0.5/latin.min.css.gz
- fontsource-ruthie/5.0.5/vietnamese-400.css.gz
- fontsource-ruthie/5.0.5/vietnamese-400.min.css.gz
- fontsource-ruthie/5.0.5/vietnamese.css.gz
- fontsource-ruthie/5.0.5/vietnamese.min.css.gz
