config: {"authors":[{"name":"Facebook"}],"autoupdate":{"source":"npm","target":"react-dom","fileMap":[{"basePath":"dist","files":["**/*"]},{"basePath":"","files":["+(cjs|umd)/**/*"]}],"ignoreVersions":["*-alpha.*[a-z]*","0.0.0-*"]},"description":"The entry point of the DOM-related rendering paths. It is intended to be paired with the isomorphic React, which is shipped as react to npm.","filename":"umd/react-dom.production.min.js","homepage":"https://facebook.github.io/react/","keywords":["react","jsx","transformer","view","dom","server"],"license":"MIT","name":"react-dom","repository":{"type":"git","url":"https://github.com/facebook/react"},"author":"Facebook"}
KV keys:
- react-dom/18.3.0-next-d1432ba93-20220628/cjs/react-dom-server-legacy.browser.development.js.br
- react-dom/18.3.0-next-d1432ba93-20220628/cjs/react-dom-server-legacy.browser.development.js.gz
- react-dom/18.3.0-next-d1432ba93-20220628/cjs/react-dom-server-legacy.browser.development.min.js.br
- react-dom/18.3.0-next-d1432ba93-20220628/cjs/react-dom-server-legacy.browser.development.min.js.gz
- react-dom/18.3.0-next-d1432ba93-20220628/cjs/react-dom-server-legacy.browser.production.min.js.br
- react-dom/18.3.0-next-d1432ba93-20220628/cjs/react-dom-server-legacy.browser.production.min.js.gz
- react-dom/18.3.0-next-d1432ba93-20220628/cjs/react-dom-server-legacy.node.development.js.br
- react-dom/18.3.0-next-d1432ba93-20220628/cjs/react-dom-server-legacy.node.development.js.gz
- react-dom/18.3.0-next-d1432ba93-20220628/cjs/react-dom-server-legacy.node.development.min.js.br
- react-dom/18.3.0-next-d1432ba93-20220628/cjs/react-dom-server-legacy.node.development.min.js.gz
- react-dom/18.3.0-next-d1432ba93-20220628/cjs/react-dom-server-legacy.node.production.min.js.br
- react-dom/18.3.0-next-d1432ba93-20220628/cjs/react-dom-server-legacy.node.production.min.js.gz
- react-dom/18.3.0-next-d1432ba93-20220628/cjs/react-dom-server.browser.development.js.br
- react-dom/18.3.0-next-d1432ba93-20220628/cjs/react-dom-server.browser.development.js.gz
- react-dom/18.3.0-next-d1432ba93-20220628/cjs/react-dom-server.browser.development.min.js.br
- react-dom/18.3.0-next-d1432ba93-20220628/cjs/react-dom-server.browser.development.min.js.gz
- react-dom/18.3.0-next-d1432ba93-20220628/cjs/react-dom-server.browser.production.min.js.br
- react-dom/18.3.0-next-d1432ba93-20220628/cjs/react-dom-server.browser.production.min.js.gz
- react-dom/18.3.0-next-d1432ba93-20220628/cjs/react-dom-server.node.development.js.br
- react-dom/18.3.0-next-d1432ba93-20220628/cjs/react-dom-server.node.development.js.gz
- react-dom/18.3.0-next-d1432ba93-20220628/cjs/react-dom-server.node.development.min.js.br
- react-dom/18.3.0-next-d1432ba93-20220628/cjs/react-dom-server.node.development.min.js.gz
- react-dom/18.3.0-next-d1432ba93-20220628/cjs/react-dom-server.node.production.min.js.br
- react-dom/18.3.0-next-d1432ba93-20220628/cjs/react-dom-server.node.production.min.js.gz
- react-dom/18.3.0-next-d1432ba93-20220628/cjs/react-dom-test-utils.development.js.br
- react-dom/18.3.0-next-d1432ba93-20220628/cjs/react-dom-test-utils.development.js.gz
- react-dom/18.3.0-next-d1432ba93-20220628/cjs/react-dom-test-utils.development.min.js.br
- react-dom/18.3.0-next-d1432ba93-20220628/cjs/react-dom-test-utils.development.min.js.gz
- react-dom/18.3.0-next-d1432ba93-20220628/cjs/react-dom-test-utils.production.min.js.br
- react-dom/18.3.0-next-d1432ba93-20220628/cjs/react-dom-test-utils.production.min.js.gz
- react-dom/18.3.0-next-d1432ba93-20220628/cjs/react-dom.development.js.br
- react-dom/18.3.0-next-d1432ba93-20220628/cjs/react-dom.development.js.gz
- react-dom/18.3.0-next-d1432ba93-20220628/cjs/react-dom.development.min.js.br
- react-dom/18.3.0-next-d1432ba93-20220628/cjs/react-dom.development.min.js.gz
- react-dom/18.3.0-next-d1432ba93-20220628/cjs/react-dom.production.min.js.br
- react-dom/18.3.0-next-d1432ba93-20220628/cjs/react-dom.production.min.js.gz
- react-dom/18.3.0-next-d1432ba93-20220628/cjs/react-dom.profiling.min.js.br
- react-dom/18.3.0-next-d1432ba93-20220628/cjs/react-dom.profiling.min.js.gz
- react-dom/18.3.0-next-d1432ba93-20220628/umd/react-dom-server-legacy.browser.development.js.br
- react-dom/18.3.0-next-d1432ba93-20220628/umd/react-dom-server-legacy.browser.development.js.gz
- react-dom/18.3.0-next-d1432ba93-20220628/umd/react-dom-server-legacy.browser.development.min.js.br
- react-dom/18.3.0-next-d1432ba93-20220628/umd/react-dom-server-legacy.browser.development.min.js.gz
- react-dom/18.3.0-next-d1432ba93-20220628/umd/react-dom-server-legacy.browser.production.min.js.br
- react-dom/18.3.0-next-d1432ba93-20220628/umd/react-dom-server-legacy.browser.production.min.js.gz
- react-dom/18.3.0-next-d1432ba93-20220628/umd/react-dom-server.browser.development.js.br
- react-dom/18.3.0-next-d1432ba93-20220628/umd/react-dom-server.browser.development.js.gz
- react-dom/18.3.0-next-d1432ba93-20220628/umd/react-dom-server.browser.development.min.js.br
- react-dom/18.3.0-next-d1432ba93-20220628/umd/react-dom-server.browser.development.min.js.gz
- react-dom/18.3.0-next-d1432ba93-20220628/umd/react-dom-server.browser.production.min.js.br
- react-dom/18.3.0-next-d1432ba93-20220628/umd/react-dom-server.browser.production.min.js.gz
- react-dom/18.3.0-next-d1432ba93-20220628/umd/react-dom-test-utils.development.js.br
- react-dom/18.3.0-next-d1432ba93-20220628/umd/react-dom-test-utils.development.js.gz
- react-dom/18.3.0-next-d1432ba93-20220628/umd/react-dom-test-utils.development.min.js.br
- react-dom/18.3.0-next-d1432ba93-20220628/umd/react-dom-test-utils.development.min.js.gz
- react-dom/18.3.0-next-d1432ba93-20220628/umd/react-dom-test-utils.production.min.js.br
- react-dom/18.3.0-next-d1432ba93-20220628/umd/react-dom-test-utils.production.min.js.gz
- react-dom/18.3.0-next-d1432ba93-20220628/umd/react-dom.development.js.br
- react-dom/18.3.0-next-d1432ba93-20220628/umd/react-dom.development.js.gz
- react-dom/18.3.0-next-d1432ba93-20220628/umd/react-dom.development.min.js.br
- react-dom/18.3.0-next-d1432ba93-20220628/umd/react-dom.development.min.js.gz
- react-dom/18.3.0-next-d1432ba93-20220628/umd/react-dom.production.min.js.br
- react-dom/18.3.0-next-d1432ba93-20220628/umd/react-dom.production.min.js.gz
- react-dom/18.3.0-next-d1432ba93-20220628/umd/react-dom.profiling.min.js.br
- react-dom/18.3.0-next-d1432ba93-20220628/umd/react-dom.profiling.min.js.gz
SRIs:
- react-dom/18.3.0-next-d1432ba93-20220628/umd/react-dom-test-utils.development.min.js: sha512-IDm8o3miDuMteb6RUUxEcsP9hjJEd+MJ0aVJVfDZxeqmNDRI5m/plT5V5hu+7SNhIOvXO69q/dwYDbMNpnc9Xg==
- react-dom/18.3.0-next-d1432ba93-20220628/cjs/react-dom-server-legacy.browser.development.min.js: sha512-UNOTZI+4IxHQxx0s4V0c8iEQ+P5mwEH63Pmt19XQofFd2u0Q8rp/S8Rmw0Lh9OPNwi1rVkvFlzhcrrb70+rikA==
- react-dom/18.3.0-next-d1432ba93-20220628/cjs/react-dom-server-legacy.node.development.min.js: sha512-r7CF0aWoFNvZzn1MQ3SKl4q7nUBdaM9nuycm+y6tKDzTKxQmT3+ZruxCLWuFnrRB68ClfPG8vcF7OusZhRmSnw==
- react-dom/18.3.0-next-d1432ba93-20220628/cjs/react-dom-server.browser.development.min.js: sha512-+EfbLC688pCD4KxTX+aTlAKbJuNRtVB/atw4aSvFGi3iMKJmAtIs9YXv6ihb06aOEsgGVPALIGYfreYp8RfxOw==
- react-dom/18.3.0-next-d1432ba93-20220628/umd/react-dom-server.browser.development.min.js: sha512-nEMUeqKQsZamtXlkQLgfWJBtip26HXoCncRUHh77GXrLi2V+FDdG1S2PzqXj3m9ru9oV22LdcQQQm0u8/msOUQ==
- react-dom/18.3.0-next-d1432ba93-20220628/umd/react-dom-server-legacy.browser.development.js: sha512-Z5RtFpPrPslqP9IeTP8yyKZMy4N5gzrkT6pGgURALuNYwNaS0YbGf79HleAItAi8rrfOVSn9K5QSyOmtZMhScg==
- react-dom/18.3.0-next-d1432ba93-20220628/umd/react-dom.profiling.min.js: sha512-WQJuwmwrSNzltifWxldwzDOQv5Mdm+zDvQBNYptDNs5XrSUlvMdnMkp+P9YkxKJWimGyec/H+cO+5Do3DjAKTA==
- react-dom/18.3.0-next-d1432ba93-20220628/cjs/react-dom-server-legacy.browser.production.min.js: sha512-MpGE5ToA2pjnw6zZhr9nzrek4hiJ7UaPmX5gQg2NvCpHciuxq1OnXATyz6ZTz6GTSfrLVlXEYITgWl5BmylFmg==
- react-dom/18.3.0-next-d1432ba93-20220628/cjs/react-dom-test-utils.development.js: sha512-yyWdN/61EWoSxxtM/SdTR9DNUfFApK7txLw0zV84otDOqtIw1pxTvGdCPBKO58wwhPDPv23fm/Jk3RD3UuZLyg==
- react-dom/18.3.0-next-d1432ba93-20220628/cjs/react-dom.development.min.js: sha512-RpGtSj/RWD0fYc4cTgZXKl+I1YCOILlhnmhejivT9/T/yZWAC72VJwStnR9YlNvQno+4XCHX/VyNpUAOgDXWgQ==
- react-dom/18.3.0-next-d1432ba93-20220628/cjs/react-dom.profiling.min.js: sha512-+DZ+NvyBWXS/xJl3oO64wGuTSEoH633ssh2V4lcuk4yek1wKElgu8nDHjzhToynGAyIh0wQ3u3mZik0MJ79U9A==
- react-dom/18.3.0-next-d1432ba93-20220628/cjs/react-dom-server-legacy.node.development.js: sha512-cbudHAQXhSVMW6rGsqzklrGmIckLxMmEYAvIDLDKtJJHIhSq0xcWmJ8sWglqfhWTs1d3wW8ogTjmtMQd+uYAUA==
- react-dom/18.3.0-next-d1432ba93-20220628/cjs/react-dom-server.node.development.js: sha512-K3B/O8/xKnpPASoPM1GGOxAB9chqlAeck8QQ0+DayuaNWoW+5rj7kyucKTyKapjKAw/MjX9Xo6rzLg7sQLxIzg==
- react-dom/18.3.0-next-d1432ba93-20220628/umd/react-dom-server-legacy.browser.development.min.js: sha512-JAUmUZdw9zBoFAefMNW8oBSwUTawtQfR7/ZLWCRZmZqF4tvarshejAfaelv8h5LlhpvSLupcXogGHrpMUu4h9Q==
- react-dom/18.3.0-next-d1432ba93-20220628/cjs/react-dom-server-legacy.browser.development.js: sha512-f6yH5mztBNBL08CrWGcUXqsLovK7cYahlJoLQgIYdlyd5pz2CrzUpYuevstAy9pdmjuX0QEdAg66y4P90m8ZsA==
- react-dom/18.3.0-next-d1432ba93-20220628/cjs/react-dom-server.node.development.min.js: sha512-WcL8BzABOF/RWfS2BrjLXQVtyF/zj/d+UjHY0ti8cEM+mPvcJEHF8LzOwK5nC+PigHByVjeDgco16Rsdg7S6wA==
- react-dom/18.3.0-next-d1432ba93-20220628/cjs/react-dom-test-utils.development.min.js: sha512-H20aoOejSulRDs2gGPm2KvXtNR312K9AIVold+o23J5aY4G+at0O6mfkx3Xhb5Wgx2ei+9CIF8WMeVu1+Stpzw==
- react-dom/18.3.0-next-d1432ba93-20220628/umd/react-dom-server.browser.production.min.js: sha512-n+Nicd1f27HlHwcGvXxFR9gzu0wDP6p1Wi57hXEHvPiztxDfheo0t1dPjFEEDI82DA76kdGc28213tZd15W98g==
- react-dom/18.3.0-next-d1432ba93-20220628/cjs/react-dom-server-legacy.node.production.min.js: sha512-Iy3+LF+lchVeJ+Huos4+6v6BhXUkAuxsdgp7ss1JCyJX/ZGkVDbzGaqkv8obDTi0/y+F+5Mm8gQq7PPHAXfPOg==
- react-dom/18.3.0-next-d1432ba93-20220628/cjs/react-dom-server.browser.development.js: sha512-FNK61sg/9JFL05YO4nONFEOcesCHo1vgSZtd3a4vrlDa1bC15QLTQauL712nsOD/2qqX6goSKzhcAomdm+y/WQ==
- react-dom/18.3.0-next-d1432ba93-20220628/umd/react-dom-test-utils.production.min.js: sha512-0sy9GJPTrJIoG47rBSYw9u9n6iUuW2PI/I1pXrsXWkXCp22lM/xgq6vJagC6CHrsAuCMCmjzDhcDOnEYLsl+6w==
- react-dom/18.3.0-next-d1432ba93-20220628/umd/react-dom.production.min.js: sha512-mFoGxgj4E20vBvbvsnhCaHY1BrhKoDVDJkwymd+XWR/foMkZhX1PVV1QzO0qTOWX+pa8heMgmDpX/qmR6y5DFQ==
- react-dom/18.3.0-next-d1432ba93-20220628/cjs/react-dom-server.browser.production.min.js: sha512-Do1N7V4y7ZysD41WqVDrWFW8PvhLVHBHAMPw0SiAQPEtn/p9vk7VksvOs78QnRYESw57NVZJtHH0hpbpulqDjw==
- react-dom/18.3.0-next-d1432ba93-20220628/cjs/react-dom-server.node.production.min.js: sha512-tmXp5JlkNv8byusgPOGCx7+q/+xOS7QXZ/nT6hD74ThCNCXWJ3BV4SfyQElptAg7KSkc0qRiArMnhr4lNeqi3g==
- react-dom/18.3.0-next-d1432ba93-20220628/cjs/react-dom.development.js: sha512-kecvsuHtLmn8kNzj6OplqNCyZYreNWB1RmwoLkxpNhwAC3qemmWYXlgFU79SujWb5V3ucINZ8aKF6Z2Jr8AMaQ==
- react-dom/18.3.0-next-d1432ba93-20220628/umd/react-dom.development.min.js: sha512-m2NEQNBQ2p/RCd9JX27qVPXt/rSSv1uXJ7Rqp7DYDHiGc1G8CyjvbVLKoGeRgHzzrGDqo1N3AGlO5M3XdLOMdA==
- react-dom/18.3.0-next-d1432ba93-20220628/cjs/react-dom.production.min.js: sha512-oZ32PWbRvJkU7/Fn9F0tHi86Mh/5i2rax4iFOR5ybMFEZBLgNh2jtBcTza+HARVdGAyuEr58KURj16A3gRC9Gg==
- react-dom/18.3.0-next-d1432ba93-20220628/umd/react-dom-server-legacy.browser.production.min.js: sha512-2zDpm+8Xk5/mXmgCE9vTcQC8S0RXT5SN3ZHENFdwiw9wyv+gHxiqbF7nU0K60WqLLUGrU39M0LqTlemcm8Sxww==
- react-dom/18.3.0-next-d1432ba93-20220628/umd/react-dom-test-utils.development.js: sha512-wbXDYwUSTne2GxaN75p+PrdJB5Zb+hCvAHBbghbW1pgg5V3IS20EqW+UglDKFuOjvxdMKOp8hQNVob9gnLl6Sw==
- react-dom/18.3.0-next-d1432ba93-20220628/umd/react-dom.development.js: sha512-ubgoU0nBDA2tOkMn+JjpAKLDb67ZchR/8UHn9akx8McPuIL9q5//GZQo69+BKOA8xuqsduoj1B63oERqRDlMdQ==
- react-dom/18.3.0-next-d1432ba93-20220628/cjs/react-dom-test-utils.production.min.js: sha512-il6frAQpEzCnCvjN7NEdO5imULGObgkOgiAQO7Q9TbBN3H8RRj7vBSBlVov+xAJnNaNhp8m4U6AXRPPsyaNGBQ==
- react-dom/18.3.0-next-d1432ba93-20220628/umd/react-dom-server.browser.development.js: sha512-wiDdvFzIHcLYP8jfkuzI4WqLhNhX2s88eVnAXdCeP71MWbfMEvT6z8ztVCA93La3/kpy5JCb6ZlIKuYr+2uOeA==
