Files:
- fontsource-noto-sans-bhaiksuki/5.0.12/400.css.br
- fontsource-noto-sans-bhaiksuki/5.0.12/400.min.css.br
- fontsource-noto-sans-bhaiksuki/5.0.12/bhaiksuki-400.css.br
- fontsource-noto-sans-bhaiksuki/5.0.12/bhaiksuki-400.min.css.br
- fontsource-noto-sans-bhaiksuki/5.0.12/bhaiksuki.css.br
- fontsource-noto-sans-bhaiksuki/5.0.12/bhaiksuki.min.css.br
- fontsource-noto-sans-bhaiksuki/5.0.12/files/noto-sans-bhaiksuki-bhaiksuki-400-normal.woff.br
- fontsource-noto-sans-bhaiksuki/5.0.12/files/noto-sans-bhaiksuki-latin-400-normal.woff.br
- fontsource-noto-sans-bhaiksuki/5.0.12/files/noto-sans-bhaiksuki-latin-ext-400-normal.woff.br
- fontsource-noto-sans-bhaiksuki/5.0.12/index.css.br
- fontsource-noto-sans-bhaiksuki/5.0.12/index.min.css.br
- fontsource-noto-sans-bhaiksuki/5.0.12/latin-400.css.br
- fontsource-noto-sans-bhaiksuki/5.0.12/latin-400.min.css.br
- fontsource-noto-sans-bhaiksuki/5.0.12/latin-ext-400.css.br
- fontsource-noto-sans-bhaiksuki/5.0.12/latin-ext-400.min.css.br
- fontsource-noto-sans-bhaiksuki/5.0.12/latin-ext.css.br
- fontsource-noto-sans-bhaiksuki/5.0.12/latin-ext.min.css.br
- fontsource-noto-sans-bhaiksuki/5.0.12/latin.css.br
- fontsource-noto-sans-bhaiksuki/5.0.12/latin.min.css.br
