Files:
- fontsource-neuton/5.0.19/200.css.br
- fontsource-neuton/5.0.19/200.min.css.br
- fontsource-neuton/5.0.19/300.css.br
- fontsource-neuton/5.0.19/300.min.css.br
- fontsource-neuton/5.0.19/400-italic.css.br
- fontsource-neuton/5.0.19/400-italic.min.css.br
- fontsource-neuton/5.0.19/400.css.br
- fontsource-neuton/5.0.19/400.min.css.br
- fontsource-neuton/5.0.19/700.css.br
- fontsource-neuton/5.0.19/700.min.css.br
- fontsource-neuton/5.0.19/800.css.br
- fontsource-neuton/5.0.19/800.min.css.br
- fontsource-neuton/5.0.19/files/neuton-latin-200-normal.woff.br
- fontsource-neuton/5.0.19/files/neuton-latin-300-normal.woff.br
- fontsource-neuton/5.0.19/files/neuton-latin-400-italic.woff.br
- fontsource-neuton/5.0.19/files/neuton-latin-400-normal.woff.br
- fontsource-neuton/5.0.19/files/neuton-latin-700-normal.woff.br
- fontsource-neuton/5.0.19/files/neuton-latin-800-normal.woff.br
- fontsource-neuton/5.0.19/files/neuton-latin-ext-200-normal.woff.br
- fontsource-neuton/5.0.19/files/neuton-latin-ext-300-normal.woff.br
- fontsource-neuton/5.0.19/files/neuton-latin-ext-400-italic.woff.br
- fontsource-neuton/5.0.19/files/neuton-latin-ext-400-normal.woff.br
- fontsource-neuton/5.0.19/files/neuton-latin-ext-700-normal.woff.br
- fontsource-neuton/5.0.19/files/neuton-latin-ext-800-normal.woff.br
- fontsource-neuton/5.0.19/index.css.br
- fontsource-neuton/5.0.19/index.min.css.br
- fontsource-neuton/5.0.19/latin-200.css.br
- fontsource-neuton/5.0.19/latin-200.min.css.br
- fontsource-neuton/5.0.19/latin-300.css.br
- fontsource-neuton/5.0.19/latin-300.min.css.br
- fontsource-neuton/5.0.19/latin-400-italic.css.br
- fontsource-neuton/5.0.19/latin-400-italic.min.css.br
- fontsource-neuton/5.0.19/latin-400.css.br
- fontsource-neuton/5.0.19/latin-400.min.css.br
- fontsource-neuton/5.0.19/latin-700.css.br
- fontsource-neuton/5.0.19/latin-700.min.css.br
- fontsource-neuton/5.0.19/latin-800.css.br
- fontsource-neuton/5.0.19/latin-800.min.css.br
- fontsource-neuton/5.0.19/latin-ext-200.css.br
- fontsource-neuton/5.0.19/latin-ext-200.min.css.br
- fontsource-neuton/5.0.19/latin-ext-300.css.br
- fontsource-neuton/5.0.19/latin-ext-300.min.css.br
- fontsource-neuton/5.0.19/latin-ext-400-italic.css.br
- fontsource-neuton/5.0.19/latin-ext-400-italic.min.css.br
- fontsource-neuton/5.0.19/latin-ext-400.css.br
- fontsource-neuton/5.0.19/latin-ext-400.min.css.br
- fontsource-neuton/5.0.19/latin-ext-700.css.br
- fontsource-neuton/5.0.19/latin-ext-700.min.css.br
- fontsource-neuton/5.0.19/latin-ext-800.css.br
- fontsource-neuton/5.0.19/latin-ext-800.min.css.br
- fontsource-neuton/5.0.19/latin-ext-italic.css.br
- fontsource-neuton/5.0.19/latin-ext-italic.min.css.br
- fontsource-neuton/5.0.19/latin-ext.css.br
- fontsource-neuton/5.0.19/latin-ext.min.css.br
- fontsource-neuton/5.0.19/latin-italic.css.br
- fontsource-neuton/5.0.19/latin-italic.min.css.br
- fontsource-neuton/5.0.19/latin.css.br
- fontsource-neuton/5.0.19/latin.min.css.br
