config: {"authors":[{"name":"afc163","url":"https://github.com/afc163"}],"autoupdate":{"source":"npm","target":"antd","fileMap":[{"basePath":"dist","files":["**/*.!(less)"]}]},"description":"An UI design language","filename":"antd.min.js","homepage":"http://ant.design/","keywords":["ant","design","react","react-component","component","components","ui","framework","frontend"],"license":"MIT","name":"antd","repository":{"type":"git","url":"https://github.com/ant-design/ant-design"},"author":"afc163 (https://github.com/afc163)"}
KV keys:
- antd/5.12.4/antd-with-locales.js.br
- antd/5.12.4/antd-with-locales.js.gz
- antd/5.12.4/antd-with-locales.js.map.br
- antd/5.12.4/antd-with-locales.js.map.gz
- antd/5.12.4/antd-with-locales.min.js.LICENSE.txt.br
- antd/5.12.4/antd-with-locales.min.js.LICENSE.txt.gz
- antd/5.12.4/antd-with-locales.min.js.br
- antd/5.12.4/antd-with-locales.min.js.gz
- antd/5.12.4/antd-with-locales.min.js.map.br
- antd/5.12.4/antd-with-locales.min.js.map.gz
- antd/5.12.4/antd.js.br
- antd/5.12.4/antd.js.gz
- antd/5.12.4/antd.js.map.br
- antd/5.12.4/antd.js.map.gz
- antd/5.12.4/antd.min.js.LICENSE.txt.br
- antd/5.12.4/antd.min.js.LICENSE.txt.gz
- antd/5.12.4/antd.min.js.br
- antd/5.12.4/antd.min.js.gz
- antd/5.12.4/antd.min.js.map.br
- antd/5.12.4/antd.min.js.map.gz
- antd/5.12.4/reset.css.br
- antd/5.12.4/reset.css.gz
- antd/5.12.4/reset.min.css.br
- antd/5.12.4/reset.min.css.gz
SRIs:
- antd/5.12.4/antd-with-locales.js: sha512-txJ+coqzXBI2ibziNEqfzZffJTl6GptrBLs3nCcKDvH/EBqKno2uy7EZH2fZaBZtpWf+wosVoF5PA2iekgGiLA==
- antd/5.12.4/antd-with-locales.min.js: sha512-NTQG+aE1gdhlB0VSwk0ohITZjx1kWu0Hq2z5C0NQ8k3nQ0QNTr9ItlaKMhoUi6JqzoTzUsdVUQkf9KE/2JK9Ug==
- antd/5.12.4/antd.js: sha512-tTQ5XG1WDyTrIqrRj+gXdEq4Lj1uXbbg0VpcrjGWWVcVlaFn/68HFHVZmrHlbBv7MxC/Gxck694/9gqLdC5kNg==
- antd/5.12.4/antd.min.js: sha512-ZaVjonKImyWD5n67C5/ysPK5fKpO8HhQq8lrpRdRgQlOoOWrD+nmuPyvJ5uKSTechZJUKQbr/+G8cOR3Zmj0lg==
- antd/5.12.4/reset.css: sha512-pZC2IRT+WsRU/IqN5Bhe0rqQVQUOOQhMrChWriipYy+lcncFKe9C+7p+CI2bz+jqlMAxOulcioNxbvZcsD7erw==
- antd/5.12.4/reset.min.css: sha512-vw1Eh0YXwSfFcRPIxtAvonjwHTEqKqwq7ucziF/ZCMEzRlmECgzmGSIHecwetYQXMUE1AL4mlxI7OCt38WvOgw==
