Files:
- fontsource-dynapuff/5.0.18/400.css.br
- fontsource-dynapuff/5.0.18/400.min.css.br
- fontsource-dynapuff/5.0.18/500.css.br
- fontsource-dynapuff/5.0.18/500.min.css.br
- fontsource-dynapuff/5.0.18/600.css.br
- fontsource-dynapuff/5.0.18/600.min.css.br
- fontsource-dynapuff/5.0.18/700.css.br
- fontsource-dynapuff/5.0.18/700.min.css.br
- fontsource-dynapuff/5.0.18/cyrillic-ext-400.css.br
- fontsource-dynapuff/5.0.18/cyrillic-ext-400.min.css.br
- fontsource-dynapuff/5.0.18/cyrillic-ext-500.css.br
- fontsource-dynapuff/5.0.18/cyrillic-ext-500.min.css.br
- fontsource-dynapuff/5.0.18/cyrillic-ext-600.css.br
- fontsource-dynapuff/5.0.18/cyrillic-ext-600.min.css.br
- fontsource-dynapuff/5.0.18/cyrillic-ext-700.css.br
- fontsource-dynapuff/5.0.18/cyrillic-ext-700.min.css.br
- fontsource-dynapuff/5.0.18/cyrillic-ext.css.br
- fontsource-dynapuff/5.0.18/cyrillic-ext.min.css.br
- fontsource-dynapuff/5.0.18/files/dynapuff-cyrillic-ext-400-normal.woff.br
- fontsource-dynapuff/5.0.18/files/dynapuff-cyrillic-ext-500-normal.woff.br
- fontsource-dynapuff/5.0.18/files/dynapuff-cyrillic-ext-600-normal.woff.br
- fontsource-dynapuff/5.0.18/files/dynapuff-cyrillic-ext-700-normal.woff.br
- fontsource-dynapuff/5.0.18/files/dynapuff-latin-400-normal.woff.br
- fontsource-dynapuff/5.0.18/files/dynapuff-latin-500-normal.woff.br
- fontsource-dynapuff/5.0.18/files/dynapuff-latin-600-normal.woff.br
- fontsource-dynapuff/5.0.18/files/dynapuff-latin-700-normal.woff.br
- fontsource-dynapuff/5.0.18/files/dynapuff-latin-ext-400-normal.woff.br
- fontsource-dynapuff/5.0.18/files/dynapuff-latin-ext-500-normal.woff.br
- fontsource-dynapuff/5.0.18/files/dynapuff-latin-ext-600-normal.woff.br
- fontsource-dynapuff/5.0.18/files/dynapuff-latin-ext-700-normal.woff.br
- fontsource-dynapuff/5.0.18/index.css.br
- fontsource-dynapuff/5.0.18/index.min.css.br
- fontsource-dynapuff/5.0.18/latin-400.css.br
- fontsource-dynapuff/5.0.18/latin-400.min.css.br
- fontsource-dynapuff/5.0.18/latin-500.css.br
- fontsource-dynapuff/5.0.18/latin-500.min.css.br
- fontsource-dynapuff/5.0.18/latin-600.css.br
- fontsource-dynapuff/5.0.18/latin-600.min.css.br
- fontsource-dynapuff/5.0.18/latin-700.css.br
- fontsource-dynapuff/5.0.18/latin-700.min.css.br
- fontsource-dynapuff/5.0.18/latin-ext-400.css.br
- fontsource-dynapuff/5.0.18/latin-ext-400.min.css.br
- fontsource-dynapuff/5.0.18/latin-ext-500.css.br
- fontsource-dynapuff/5.0.18/latin-ext-500.min.css.br
- fontsource-dynapuff/5.0.18/latin-ext-600.css.br
- fontsource-dynapuff/5.0.18/latin-ext-600.min.css.br
- fontsource-dynapuff/5.0.18/latin-ext-700.css.br
- fontsource-dynapuff/5.0.18/latin-ext-700.min.css.br
- fontsource-dynapuff/5.0.18/latin-ext.css.br
- fontsource-dynapuff/5.0.18/latin-ext.min.css.br
- fontsource-dynapuff/5.0.18/latin.css.br
- fontsource-dynapuff/5.0.18/latin.min.css.br
