config: {"authors":[{"name":"Google Inc."}],"autoupdate":{"source":"npm","target":"@fontsource/rubik-marker-hatch","fileMap":[{"basePath":"","files":["*.css","files/*.@(woff|woff2)"]}],"excludeFromSearch":true},"description":"Self-host the Rubik Marker Hatch font in a neatly bundled NPM package.","filename":"index.css","homepage":"https://fontsource.org/fonts/rubik-marker-hatch","keywords":["fontsource","font","font family","google fonts","rubik-marker-hatch","Rubik Marker Hatch","css","sass","front-end","web","typeface","variable"],"license":"OFL-1.1","name":"fontsource-rubik-marker-hatch","repository":{"type":"git","url":"git+https://github.com/fontsource/font-files.git"},"author":"Google Inc."}
KV keys:
- fontsource-rubik-marker-hatch/5.0.12/400.css.br
- fontsource-rubik-marker-hatch/5.0.12/400.css.gz
- fontsource-rubik-marker-hatch/5.0.12/400.min.css.br
- fontsource-rubik-marker-hatch/5.0.12/400.min.css.gz
- fontsource-rubik-marker-hatch/5.0.12/cyrillic-400.css.br
- fontsource-rubik-marker-hatch/5.0.12/cyrillic-400.css.gz
- fontsource-rubik-marker-hatch/5.0.12/cyrillic-400.min.css.br
- fontsource-rubik-marker-hatch/5.0.12/cyrillic-400.min.css.gz
- fontsource-rubik-marker-hatch/5.0.12/cyrillic-ext-400.css.br
- fontsource-rubik-marker-hatch/5.0.12/cyrillic-ext-400.css.gz
- fontsource-rubik-marker-hatch/5.0.12/cyrillic-ext-400.min.css.br
- fontsource-rubik-marker-hatch/5.0.12/cyrillic-ext-400.min.css.gz
- fontsource-rubik-marker-hatch/5.0.12/cyrillic-ext.css.br
- fontsource-rubik-marker-hatch/5.0.12/cyrillic-ext.css.gz
- fontsource-rubik-marker-hatch/5.0.12/cyrillic-ext.min.css.br
- fontsource-rubik-marker-hatch/5.0.12/cyrillic-ext.min.css.gz
- fontsource-rubik-marker-hatch/5.0.12/cyrillic.css.br
- fontsource-rubik-marker-hatch/5.0.12/cyrillic.css.gz
- fontsource-rubik-marker-hatch/5.0.12/cyrillic.min.css.br
- fontsource-rubik-marker-hatch/5.0.12/cyrillic.min.css.gz
- fontsource-rubik-marker-hatch/5.0.12/files/rubik-marker-hatch-cyrillic-400-normal.woff.br
- fontsource-rubik-marker-hatch/5.0.12/files/rubik-marker-hatch-cyrillic-400-normal.woff.gz
- fontsource-rubik-marker-hatch/5.0.12/files/rubik-marker-hatch-cyrillic-400-normal.woff2
- fontsource-rubik-marker-hatch/5.0.12/files/rubik-marker-hatch-cyrillic-ext-400-normal.woff.br
- fontsource-rubik-marker-hatch/5.0.12/files/rubik-marker-hatch-cyrillic-ext-400-normal.woff.gz
- fontsource-rubik-marker-hatch/5.0.12/files/rubik-marker-hatch-cyrillic-ext-400-normal.woff2
- fontsource-rubik-marker-hatch/5.0.12/files/rubik-marker-hatch-hebrew-400-normal.woff.br
- fontsource-rubik-marker-hatch/5.0.12/files/rubik-marker-hatch-hebrew-400-normal.woff.gz
- fontsource-rubik-marker-hatch/5.0.12/files/rubik-marker-hatch-hebrew-400-normal.woff2
- fontsource-rubik-marker-hatch/5.0.12/files/rubik-marker-hatch-latin-400-normal.woff.br
- fontsource-rubik-marker-hatch/5.0.12/files/rubik-marker-hatch-latin-400-normal.woff.gz
- fontsource-rubik-marker-hatch/5.0.12/files/rubik-marker-hatch-latin-400-normal.woff2
- fontsource-rubik-marker-hatch/5.0.12/files/rubik-marker-hatch-latin-ext-400-normal.woff.br
- fontsource-rubik-marker-hatch/5.0.12/files/rubik-marker-hatch-latin-ext-400-normal.woff.gz
- fontsource-rubik-marker-hatch/5.0.12/files/rubik-marker-hatch-latin-ext-400-normal.woff2
- fontsource-rubik-marker-hatch/5.0.12/hebrew-400.css.br
- fontsource-rubik-marker-hatch/5.0.12/hebrew-400.css.gz
- fontsource-rubik-marker-hatch/5.0.12/hebrew-400.min.css.br
- fontsource-rubik-marker-hatch/5.0.12/hebrew-400.min.css.gz
- fontsource-rubik-marker-hatch/5.0.12/hebrew.css.br
- fontsource-rubik-marker-hatch/5.0.12/hebrew.css.gz
- fontsource-rubik-marker-hatch/5.0.12/hebrew.min.css.br
- fontsource-rubik-marker-hatch/5.0.12/hebrew.min.css.gz
- fontsource-rubik-marker-hatch/5.0.12/index.css.br
- fontsource-rubik-marker-hatch/5.0.12/index.css.gz
- fontsource-rubik-marker-hatch/5.0.12/index.min.css.br
- fontsource-rubik-marker-hatch/5.0.12/index.min.css.gz
- fontsource-rubik-marker-hatch/5.0.12/latin-400.css.br
- fontsource-rubik-marker-hatch/5.0.12/latin-400.css.gz
- fontsource-rubik-marker-hatch/5.0.12/latin-400.min.css.br
- fontsource-rubik-marker-hatch/5.0.12/latin-400.min.css.gz
- fontsource-rubik-marker-hatch/5.0.12/latin-ext-400.css.br
- fontsource-rubik-marker-hatch/5.0.12/latin-ext-400.css.gz
- fontsource-rubik-marker-hatch/5.0.12/latin-ext-400.min.css.br
- fontsource-rubik-marker-hatch/5.0.12/latin-ext-400.min.css.gz
- fontsource-rubik-marker-hatch/5.0.12/latin-ext.css.br
- fontsource-rubik-marker-hatch/5.0.12/latin-ext.css.gz
- fontsource-rubik-marker-hatch/5.0.12/latin-ext.min.css.br
- fontsource-rubik-marker-hatch/5.0.12/latin-ext.min.css.gz
- fontsource-rubik-marker-hatch/5.0.12/latin.css.br
- fontsource-rubik-marker-hatch/5.0.12/latin.css.gz
- fontsource-rubik-marker-hatch/5.0.12/latin.min.css.br
- fontsource-rubik-marker-hatch/5.0.12/latin.min.css.gz
SRIs:
- fontsource-rubik-marker-hatch/5.0.12/cyrillic-400.css: sha512-jA3haY9rUXvWpCEwT9jcQn1rilD1cEfq8UQBv8l1qEyGS2LdcSgJkw4fsD5bU9MsFXoVv6ppLcYSOTDkQmHtJQ==
- fontsource-rubik-marker-hatch/5.0.12/cyrillic-400.min.css: sha512-Pk42Aob7rrRySGKXloHo2ufF6oJQllr88D4lc3wQ1ABGV0jwCLBGiU9kCk9j1KeybpMfMIKnHHwhUEwcS92oiw==
- fontsource-rubik-marker-hatch/5.0.12/cyrillic-ext.css: sha512-ITjl+qhR04lEbo8LQx4eMw6cS6J3ottxh6DlCZORxj+yWc1eadVVtOqNJ8ooxnadq2sG70dKIvD7EzVwu0YJfQ==
- fontsource-rubik-marker-hatch/5.0.12/cyrillic.css: sha512-jA3haY9rUXvWpCEwT9jcQn1rilD1cEfq8UQBv8l1qEyGS2LdcSgJkw4fsD5bU9MsFXoVv6ppLcYSOTDkQmHtJQ==
- fontsource-rubik-marker-hatch/5.0.12/cyrillic.min.css: sha512-Pk42Aob7rrRySGKXloHo2ufF6oJQllr88D4lc3wQ1ABGV0jwCLBGiU9kCk9j1KeybpMfMIKnHHwhUEwcS92oiw==
- fontsource-rubik-marker-hatch/5.0.12/index.css: sha512-oeiLPFUqjmm2i2YMSd+NqvEvDhqTAMfdVPJc38r5apFxNAJcY3s/k1si5E+JjZQAr8dW3V09Ocaq5o61XvluxA==
- fontsource-rubik-marker-hatch/5.0.12/latin-400.min.css: sha512-ZrUybUmJqdJDluUwREPzVY4n1sbOc5oWUdgvBrSlMB8Dw7BdvJVa4TqiL9U8hc43RD2gBk94se2vGtMAiAmzuQ==
- fontsource-rubik-marker-hatch/5.0.12/400.css: sha512-oeiLPFUqjmm2i2YMSd+NqvEvDhqTAMfdVPJc38r5apFxNAJcY3s/k1si5E+JjZQAr8dW3V09Ocaq5o61XvluxA==
- fontsource-rubik-marker-hatch/5.0.12/latin.css: sha512-4JODGb1o+kEEJilo6+QfbmmnnSahLwWO0t5jm/BsT/+r4yjZzcoud/gswTU/6aGDmv1x8TCkP+njR9w4VwJMXQ==
- fontsource-rubik-marker-hatch/5.0.12/latin-ext-400.css: sha512-NxbXLgpZIl/B3ZhRSeP5IG0m6JC+4awt3ZXC5jGm+Ldk/MigQhpAl5QTpezm7oDljeceiuUBL8VpXfOLyNTiig==
- fontsource-rubik-marker-hatch/5.0.12/hebrew-400.css: sha512-Mko+yNga+3CkFze8qfeDY8a9xdKl2/Wt2275Awx8fI183A0tRs79ZS1IFDpPZj5/qn7Vk3G4X4yIcQiF327y7Q==
- fontsource-rubik-marker-hatch/5.0.12/hebrew-400.min.css: sha512-4nQYEI1oimWA6TUSpsR1dW4HvvIwpCXmcWI7zWa+lEeob4xo01pkOuIQLzGo45czk/vXykx4iJaBWlhzYAhJdg==
- fontsource-rubik-marker-hatch/5.0.12/hebrew.css: sha512-Mko+yNga+3CkFze8qfeDY8a9xdKl2/Wt2275Awx8fI183A0tRs79ZS1IFDpPZj5/qn7Vk3G4X4yIcQiF327y7Q==
- fontsource-rubik-marker-hatch/5.0.12/hebrew.min.css: sha512-4nQYEI1oimWA6TUSpsR1dW4HvvIwpCXmcWI7zWa+lEeob4xo01pkOuIQLzGo45czk/vXykx4iJaBWlhzYAhJdg==
- fontsource-rubik-marker-hatch/5.0.12/index.min.css: sha512-awO36erXAKgBOwJ0rjIgo03HaCGABz9hVKbvwwpLqjga4EoP+mUyE9vEaG6cXw2mARdhO9Z1dLdhPNFSOOyKQQ==
- fontsource-rubik-marker-hatch/5.0.12/latin-ext.css: sha512-NxbXLgpZIl/B3ZhRSeP5IG0m6JC+4awt3ZXC5jGm+Ldk/MigQhpAl5QTpezm7oDljeceiuUBL8VpXfOLyNTiig==
- fontsource-rubik-marker-hatch/5.0.12/cyrillic-ext-400.min.css: sha512-LYzdmzNz/Zs29TzIu41ZLQECusAaatrsXoVyoiYgkcBYavQARYj9FviJpbhhvGC/hdWfEGYh0GACSSf1B1QISA==
- fontsource-rubik-marker-hatch/5.0.12/latin-ext.min.css: sha512-JdUz3WwA4Unf3B1v5/AatreEVsJ4JtYmLZ0/AFSAZVQGvRlrc8XTimUYN3Q+RDMAKNDsBqYUXQJKhBDrhuqDLQ==
- fontsource-rubik-marker-hatch/5.0.12/latin-ext-400.min.css: sha512-JdUz3WwA4Unf3B1v5/AatreEVsJ4JtYmLZ0/AFSAZVQGvRlrc8XTimUYN3Q+RDMAKNDsBqYUXQJKhBDrhuqDLQ==
- fontsource-rubik-marker-hatch/5.0.12/cyrillic-ext-400.css: sha512-ITjl+qhR04lEbo8LQx4eMw6cS6J3ottxh6DlCZORxj+yWc1eadVVtOqNJ8ooxnadq2sG70dKIvD7EzVwu0YJfQ==
- fontsource-rubik-marker-hatch/5.0.12/cyrillic-ext.min.css: sha512-LYzdmzNz/Zs29TzIu41ZLQECusAaatrsXoVyoiYgkcBYavQARYj9FviJpbhhvGC/hdWfEGYh0GACSSf1B1QISA==
- fontsource-rubik-marker-hatch/5.0.12/latin-400.css: sha512-4JODGb1o+kEEJilo6+QfbmmnnSahLwWO0t5jm/BsT/+r4yjZzcoud/gswTU/6aGDmv1x8TCkP+njR9w4VwJMXQ==
- fontsource-rubik-marker-hatch/5.0.12/latin.min.css: sha512-ZrUybUmJqdJDluUwREPzVY4n1sbOc5oWUdgvBrSlMB8Dw7BdvJVa4TqiL9U8hc43RD2gBk94se2vGtMAiAmzuQ==
- fontsource-rubik-marker-hatch/5.0.12/400.min.css: sha512-awO36erXAKgBOwJ0rjIgo03HaCGABz9hVKbvwwpLqjga4EoP+mUyE9vEaG6cXw2mARdhO9Z1dLdhPNFSOOyKQQ==
