2024/04/25 02:01:49 optimizing files (Js true, Css true, Png true, Jpg true)
2024/04/25 02:01:49 /tmp/work/dist/antd-with-locales.min.js already has corresponding compressed file
2024/04/25 02:01:49 /tmp/work/dist/antd-with-locales.min.js is already compressed
2024/04/25 02:01:49 algorithm: run /usr/bin/brotli --quality=11 --output=/output/antd-with-locales.min.js.LICENSE.txt.br /tmp/work/dist/antd-with-locales.min.js.LICENSE.txt
2024/04/25 02:01:49 algorithm: run /usr/bin/brotli --quality=11 --output=/output/antd-with-locales.min.js.map.br /tmp/work/dist/antd-with-locales.min.js.map
2024/04/25 02:01:49 /tmp/work/dist/antd.esm.min.js already has corresponding compressed file
2024/04/25 02:01:49 algorithm: run /usr/bin/brotli --quality=11 --output=/output/antd.esm.js.map.br /tmp/work/dist/antd.esm.js.map
2024/04/25 02:01:49 algorithm: run /usr/bin/brotli --quality=11 --output=/output/antd-with-locales.js.map.br /tmp/work/dist/antd-with-locales.js.map
2024/04/25 02:01:49 /tmp/work/dist/antd.esm.min.js is already compressed
2024/04/25 02:01:49 br /tmp/work/dist/antd-with-locales.min.js.LICENSE.txt -> /output/antd-with-locales.min.js.LICENSE.txt.br
2024/04/25 02:01:49 sri /tmp/work/dist/antd.esm.min.js -> /output/antd.esm.min.js.sri
2024/04/25 02:01:49 gz /tmp/work/dist/antd-with-locales.min.js.LICENSE.txt -> /output/antd-with-locales.min.js.LICENSE.txt.gz
2024/04/25 02:01:49 sri /tmp/work/dist/antd-with-locales.js -> /output/antd-with-locales.js.sri
2024/04/25 02:01:49 algorithm: run /usr/bin/brotli --quality=11 --output=/output/antd-with-locales.js.br /tmp/work/dist/antd-with-locales.js
2024/04/25 02:01:49 algorithm: run /usr/bin/brotli --quality=11 --output=/output/antd.esm.min.js.br /tmp/work/dist/antd.esm.min.js
2024/04/25 02:01:49 sri /tmp/work/dist/antd.esm.js -> /output/antd.esm.js.sri
2024/04/25 02:01:49 sri /tmp/work/dist/antd-with-locales.min.js -> /output/antd-with-locales.min.js.sri
2024/04/25 02:01:49 algorithm: run /usr/bin/brotli --quality=11 --output=/output/antd-with-locales.min.js.br /tmp/work/dist/antd-with-locales.min.js
2024/04/25 02:01:49 algorithm: run /usr/bin/brotli --quality=11 --output=/output/antd.esm.min.js.LICENSE.txt.br /tmp/work/dist/antd.esm.min.js.LICENSE.txt
2024/04/25 02:01:49 algorithm: run /usr/bin/brotli --quality=11 --output=/output/antd.esm.js.br /tmp/work/dist/antd.esm.js
2024/04/25 02:01:49 br /tmp/work/dist/antd.esm.min.js.LICENSE.txt -> /output/antd.esm.min.js.LICENSE.txt.br
2024/04/25 02:01:49 gz /tmp/work/dist/antd.esm.min.js.LICENSE.txt -> /output/antd.esm.min.js.LICENSE.txt.gz
2024/04/25 02:01:49 algorithm: run /usr/bin/brotli --quality=11 --output=/output/antd.esm.min.js.map.br /tmp/work/dist/antd.esm.min.js.map
2024/04/25 02:01:53 br /tmp/work/dist/antd.esm.min.js -> /output/antd.esm.min.js.br
2024/04/25 02:01:53 gz /tmp/work/dist/antd.esm.min.js -> /output/antd.esm.min.js.gz
2024/04/25 02:01:53 /tmp/work/dist/antd.min.js already has corresponding compressed file
2024/04/25 02:01:53 sri /tmp/work/dist/antd.js -> /output/antd.js.sri
2024/04/25 02:01:53 algorithm: run /usr/bin/brotli --quality=11 --output=/output/antd.js.br /tmp/work/dist/antd.js
2024/04/25 02:01:54 br /tmp/work/dist/antd-with-locales.min.js -> /output/antd-with-locales.min.js.br
2024/04/25 02:01:54 gz /tmp/work/dist/antd-with-locales.min.js -> /output/antd-with-locales.min.js.gz
2024/04/25 02:01:54 algorithm: run /usr/bin/brotli --quality=11 --output=/output/antd.js.map.br /tmp/work/dist/antd.js.map
2024/04/25 02:02:04 br /tmp/work/dist/antd.esm.js -> /output/antd.esm.js.br
2024/04/25 02:02:05 gz /tmp/work/dist/antd.esm.js -> /output/antd.esm.js.gz
2024/04/25 02:02:05 /tmp/work/dist/antd.min.js is already compressed
2024/04/25 02:02:05 sri /tmp/work/dist/antd.min.js -> /output/antd.min.js.sri
2024/04/25 02:02:05 algorithm: run /usr/bin/brotli --quality=11 --output=/output/antd.min.js.br /tmp/work/dist/antd.min.js
2024/04/25 02:02:05 br /tmp/work/dist/antd.esm.min.js.map -> /output/antd.esm.min.js.map.br
2024/04/25 02:02:06 gz /tmp/work/dist/antd.esm.min.js.map -> /output/antd.esm.min.js.map.gz
2024/04/25 02:02:06 algorithm: run /usr/bin/brotli --quality=11 --output=/output/antd.min.js.LICENSE.txt.br /tmp/work/dist/antd.min.js.LICENSE.txt
2024/04/25 02:02:06 br /tmp/work/dist/antd.min.js.LICENSE.txt -> /output/antd.min.js.LICENSE.txt.br
2024/04/25 02:02:06 gz /tmp/work/dist/antd.min.js.LICENSE.txt -> /output/antd.min.js.LICENSE.txt.gz
2024/04/25 02:02:06 algorithm: run /usr/bin/brotli --quality=11 --output=/output/antd.min.js.map.br /tmp/work/dist/antd.min.js.map
2024/04/25 02:02:06 br /tmp/work/dist/antd-with-locales.js -> /output/antd-with-locales.js.br
2024/04/25 02:02:06 gz /tmp/work/dist/antd-with-locales.js -> /output/antd-with-locales.js.gz
2024/04/25 02:02:06 compress: run /node_modules/clean-css-cli/bin/cleancss (3.3.10) [--compatibility --s0 -o /tmp/work/dist/reset.min.css /tmp/work/dist/reset.css]
2024/04/25 02:02:06 br /tmp/work/dist/antd-with-locales.min.js.map -> /output/antd-with-locales.min.js.map.br
2024/04/25 02:02:07 sri /tmp/work/dist/reset.min.css -> /output/reset.min.css.sri
2024/04/25 02:02:07 algorithm: run /usr/bin/brotli --quality=11 --output=/output/reset.min.css.br /tmp/work/dist/reset.min.css
2024/04/25 02:02:07 br /tmp/work/dist/reset.min.css -> /output/reset.min.css.br
2024/04/25 02:02:07 gz /tmp/work/dist/reset.min.css -> /output/reset.min.css.gz
2024/04/25 02:02:07 sri /tmp/work/dist/reset.css -> /output/reset.css.sri
2024/04/25 02:02:07 algorithm: run /usr/bin/brotli --quality=11 --output=/output/reset.css.br /tmp/work/dist/reset.css
2024/04/25 02:02:07 br /tmp/work/dist/reset.css -> /output/reset.css.br
2024/04/25 02:02:07 gz /tmp/work/dist/reset.css -> /output/reset.css.gz
2024/04/25 02:02:07 gz /tmp/work/dist/antd-with-locales.min.js.map -> /output/antd-with-locales.min.js.map.gz
2024/04/25 02:02:08 br /tmp/work/dist/antd.js -> /output/antd.js.br
2024/04/25 02:02:08 br /tmp/work/dist/antd.esm.js.map -> /output/antd.esm.js.map.br
2024/04/25 02:02:08 gz /tmp/work/dist/antd.js -> /output/antd.js.gz
2024/04/25 02:02:09 gz /tmp/work/dist/antd.esm.js.map -> /output/antd.esm.js.map.gz
2024/04/25 02:02:09 br /tmp/work/dist/antd.min.js -> /output/antd.min.js.br
2024/04/25 02:02:09 gz /tmp/work/dist/antd.min.js -> /output/antd.min.js.gz
2024/04/25 02:02:09 br /tmp/work/dist/antd-with-locales.js.map -> /output/antd-with-locales.js.map.br
2024/04/25 02:02:10 gz /tmp/work/dist/antd-with-locales.js.map -> /output/antd-with-locales.js.map.gz
2024/04/25 02:02:11 br /tmp/work/dist/antd.js.map -> /output/antd.js.map.br
2024/04/25 02:02:12 gz /tmp/work/dist/antd.js.map -> /output/antd.js.map.gz
2024/04/25 02:02:17 br /tmp/work/dist/antd.min.js.map -> /output/antd.min.js.map.br
2024/04/25 02:02:17 gz /tmp/work/dist/antd.min.js.map -> /output/antd.min.js.map.gz
2024/04/25 02:02:17 processed ant-design-vue
