config: {"authors":[{"name":"Google Inc."}],"autoupdate":{"source":"npm","target":"@fontsource/galada","fileMap":[{"basePath":"","files":["*.css","files/*.@(woff|woff2)"]}],"excludeFromSearch":true},"description":"Self-host the Galada font in a neatly bundled NPM package.","filename":"index.css","homepage":"https://fontsource.org/fonts/galada","keywords":["fontsource","font","font family","google fonts","galada","Galada","css","sass","front-end","web","typeface","variable"],"license":"OFL-1.1","name":"fontsource-galada","repository":{"type":"git","url":"git+https://github.com/fontsource/font-files.git"},"author":"Google Inc."}
KV keys:
- fontsource-galada/4.5.8/400.css.br
- fontsource-galada/4.5.8/400.css.gz
- fontsource-galada/4.5.8/400.min.css.br
- fontsource-galada/4.5.8/400.min.css.gz
- fontsource-galada/4.5.8/bengali-400.css.br
- fontsource-galada/4.5.8/bengali-400.css.gz
- fontsource-galada/4.5.8/bengali-400.min.css.br
- fontsource-galada/4.5.8/bengali-400.min.css.gz
- fontsource-galada/4.5.8/bengali.css.br
- fontsource-galada/4.5.8/bengali.css.gz
- fontsource-galada/4.5.8/bengali.min.css.br
- fontsource-galada/4.5.8/bengali.min.css.gz
- fontsource-galada/4.5.8/files/galada-all-400-normal.woff.br
- fontsource-galada/4.5.8/files/galada-all-400-normal.woff.gz
- fontsource-galada/4.5.8/files/galada-bengali-400-normal.woff.br
- fontsource-galada/4.5.8/files/galada-bengali-400-normal.woff.gz
- fontsource-galada/4.5.8/files/galada-bengali-400-normal.woff2
- fontsource-galada/4.5.8/files/galada-latin-400-normal.woff.br
- fontsource-galada/4.5.8/files/galada-latin-400-normal.woff.gz
- fontsource-galada/4.5.8/files/galada-latin-400-normal.woff2
- fontsource-galada/4.5.8/index.css.br
- fontsource-galada/4.5.8/index.css.gz
- fontsource-galada/4.5.8/index.min.css.br
- fontsource-galada/4.5.8/index.min.css.gz
- fontsource-galada/4.5.8/latin-400.css.br
- fontsource-galada/4.5.8/latin-400.css.gz
- fontsource-galada/4.5.8/latin-400.min.css.br
- fontsource-galada/4.5.8/latin-400.min.css.gz
- fontsource-galada/4.5.8/latin.css.br
- fontsource-galada/4.5.8/latin.css.gz
- fontsource-galada/4.5.8/latin.min.css.br
- fontsource-galada/4.5.8/latin.min.css.gz
SRIs:
- fontsource-galada/4.5.8/latin-400.css: sha512-abAv/+DwKpLbqmKnq898aikjDK1yipM8chYqQ2VDwe25+zsZENf7T8CCNpE/E1aa+MxXZ8v8Gry9NamrbqtG0w==
- fontsource-galada/4.5.8/latin-400.min.css: sha512-sOSENQuOAudTusaEqo+8qFkIvLXX0suja3Xd/e/KMt7PBF/ZGMLOCM2duQt0XU/L3VwsFtXkMxxTKZoBgZBevA==
- fontsource-galada/4.5.8/400.min.css: sha512-yXp7fSgpx1pPOXnj9leXGvk8eG0BXdc+lcq28XdwBtrbirpm3bDTbGvbAvis6sGFy8iwJnXQBgC5EC/9bEyGlQ==
- fontsource-galada/4.5.8/bengali-400.css: sha512-A2DXfPSMagNwjlhk2U4URNhcQuG31Kn5bs7hu42USviPzvGS/tFJSD/9n0aTkA45PFQkjR5ac1jYBenZRR1j8w==
- fontsource-galada/4.5.8/bengali-400.min.css: sha512-ujg2iZZy2HpodFQGZ/Ieu2ukwK/3kxiZIN9mFCKtc33mx900OWg+svKYkR0fgKa6Cc+jljmkTBpQLdoA0Nkpxw==
- fontsource-galada/4.5.8/index.min.css: sha512-yXp7fSgpx1pPOXnj9leXGvk8eG0BXdc+lcq28XdwBtrbirpm3bDTbGvbAvis6sGFy8iwJnXQBgC5EC/9bEyGlQ==
- fontsource-galada/4.5.8/latin.css: sha512-abAv/+DwKpLbqmKnq898aikjDK1yipM8chYqQ2VDwe25+zsZENf7T8CCNpE/E1aa+MxXZ8v8Gry9NamrbqtG0w==
- fontsource-galada/4.5.8/latin.min.css: sha512-sOSENQuOAudTusaEqo+8qFkIvLXX0suja3Xd/e/KMt7PBF/ZGMLOCM2duQt0XU/L3VwsFtXkMxxTKZoBgZBevA==
- fontsource-galada/4.5.8/400.css: sha512-11RwWgdD1fJ/ulxJ9mzOlBdwYg46JbAFomb3xPPqLYYXOVTrqjO4QUfrnVTx531FgPHTC9RQ9fG8UQ3nN/krXw==
- fontsource-galada/4.5.8/bengali.css: sha512-A2DXfPSMagNwjlhk2U4URNhcQuG31Kn5bs7hu42USviPzvGS/tFJSD/9n0aTkA45PFQkjR5ac1jYBenZRR1j8w==
- fontsource-galada/4.5.8/bengali.min.css: sha512-ujg2iZZy2HpodFQGZ/Ieu2ukwK/3kxiZIN9mFCKtc33mx900OWg+svKYkR0fgKa6Cc+jljmkTBpQLdoA0Nkpxw==
- fontsource-galada/4.5.8/index.css: sha512-11RwWgdD1fJ/ulxJ9mzOlBdwYg46JbAFomb3xPPqLYYXOVTrqjO4QUfrnVTx531FgPHTC9RQ9fG8UQ3nN/krXw==
