2021/09/29 19:06:10 optimizing files (Js true, Css true, Png true, Jpg true)
2021/09/29 19:06:10 compress: run /node_modules/uglify-js/bin/uglifyjs --mangle --compress if_return=true -o /tmp/work/dist/mermaid.core.min.js /tmp/work/dist/mermaid.core.js
2021/09/29 19:06:10 algorithm: run /usr/bin/brotli --quality=11 --output=/output/mermaid.js.map.br /tmp/work/dist/mermaid.js.map
2021/09/29 19:06:10 /tmp/work/dist/mermaid.min.js.min.js compressed file already exists
2021/09/29 19:06:10 algorithm: run /usr/bin/brotli --quality=11 --output=/output/mermaid.core.js.map.br /tmp/work/dist/mermaid.core.js.map
2021/09/29 19:06:10 algorithm: run /usr/bin/brotli --quality=11 --output=/output/mermaid.min.js.map.br /tmp/work/dist/mermaid.min.js.map
2021/09/29 19:06:10 compressed file already exists: /tmp/work/dist/mermaid.min.js
2021/09/29 19:06:10 sri /tmp/work/dist/mermaid.min.js -> /output/mermaid.min.js.sri
2021/09/29 19:06:10 algorithm: run /usr/bin/brotli --quality=11 --output=/output/mermaid.min.js.br /tmp/work/dist/mermaid.min.js
2021/09/29 19:06:10 sri /tmp/work/dist/mermaid.js -> /output/mermaid.js.sri
2021/09/29 19:06:10 algorithm: run /usr/bin/brotli --quality=11 --output=/output/mermaid.js.br /tmp/work/dist/mermaid.js
2021/09/29 19:06:14 br /tmp/work/dist/mermaid.core.js.map -> /output/mermaid.core.js.map.br
2021/09/29 19:06:14 gz /tmp/work/dist/mermaid.core.js.map -> /output/mermaid.core.js.map.gz
2021/09/29 19:06:14 br /tmp/work/dist/mermaid.min.js -> /output/mermaid.min.js.br
2021/09/29 19:06:14 gz /tmp/work/dist/mermaid.min.js -> /output/mermaid.min.js.gz
2021/09/29 19:06:19 br /tmp/work/dist/mermaid.min.js.map -> /output/mermaid.min.js.map.br
2021/09/29 19:06:19 br /tmp/work/dist/mermaid.js.map -> /output/mermaid.js.map.br
2021/09/29 19:06:20 gz /tmp/work/dist/mermaid.min.js.map -> /output/mermaid.min.js.map.gz
2021/09/29 19:06:20 gz /tmp/work/dist/mermaid.js.map -> /output/mermaid.js.map.gz
2021/09/29 19:06:20 sri /tmp/work/dist/mermaid.core.min.js -> /output/mermaid.core.min.js.sri
2021/09/29 19:06:20 algorithm: run /usr/bin/brotli --quality=11 --output=/output/mermaid.core.min.js.br /tmp/work/dist/mermaid.core.min.js
2021/09/29 19:06:21 br /tmp/work/dist/mermaid.core.min.js -> /output/mermaid.core.min.js.br
2021/09/29 19:06:21 gz /tmp/work/dist/mermaid.core.min.js -> /output/mermaid.core.min.js.gz
2021/09/29 19:06:21 sri /tmp/work/dist/mermaid.core.js -> /output/mermaid.core.js.sri
2021/09/29 19:06:21 algorithm: run /usr/bin/brotli --quality=11 --output=/output/mermaid.core.js.br /tmp/work/dist/mermaid.core.js
2021/09/29 19:06:23 br /tmp/work/dist/mermaid.js -> /output/mermaid.js.br
2021/09/29 19:06:23 gz /tmp/work/dist/mermaid.js -> /output/mermaid.js.gz
2021/09/29 19:06:23 br /tmp/work/dist/mermaid.core.js -> /output/mermaid.core.js.br
2021/09/29 19:06:23 gz /tmp/work/dist/mermaid.core.js -> /output/mermaid.core.js.gz
2021/09/29 19:06:23 processed mermaid
