config: {"authors":[{"name":"Google Inc."}],"autoupdate":{"source":"npm","target":"@fontsource/pavanam","fileMap":[{"basePath":"","files":["*.css","files/*.@(woff|woff2)"]}],"excludeFromSearch":true},"description":"Self-host the Pavanam font in a neatly bundled NPM package.","filename":"index.css","homepage":"https://fontsource.org/fonts/pavanam","keywords":["fontsource","font","font family","google fonts","pavanam","Pavanam","css","sass","front-end","web","typeface","variable"],"license":"OFL-1.1","name":"fontsource-pavanam","repository":{"type":"git","url":"git+https://github.com/fontsource/font-files.git"},"author":"Google Inc."}
KV keys:
- fontsource-pavanam/4.5.10/400.css.br
- fontsource-pavanam/4.5.10/400.css.gz
- fontsource-pavanam/4.5.10/400.min.css.br
- fontsource-pavanam/4.5.10/400.min.css.gz
- fontsource-pavanam/4.5.10/files/pavanam-all-400-normal.woff.br
- fontsource-pavanam/4.5.10/files/pavanam-all-400-normal.woff.gz
- fontsource-pavanam/4.5.10/files/pavanam-latin-400-normal.woff.br
- fontsource-pavanam/4.5.10/files/pavanam-latin-400-normal.woff.gz
- fontsource-pavanam/4.5.10/files/pavanam-latin-400-normal.woff2
- fontsource-pavanam/4.5.10/files/pavanam-latin-ext-400-normal.woff.br
- fontsource-pavanam/4.5.10/files/pavanam-latin-ext-400-normal.woff.gz
- fontsource-pavanam/4.5.10/files/pavanam-latin-ext-400-normal.woff2
- fontsource-pavanam/4.5.10/files/pavanam-tamil-400-normal.woff.br
- fontsource-pavanam/4.5.10/files/pavanam-tamil-400-normal.woff.gz
- fontsource-pavanam/4.5.10/files/pavanam-tamil-400-normal.woff2
- fontsource-pavanam/4.5.10/index.css.br
- fontsource-pavanam/4.5.10/index.css.gz
- fontsource-pavanam/4.5.10/index.min.css.br
- fontsource-pavanam/4.5.10/index.min.css.gz
- fontsource-pavanam/4.5.10/latin-400.css.br
- fontsource-pavanam/4.5.10/latin-400.css.gz
- fontsource-pavanam/4.5.10/latin-400.min.css.br
- fontsource-pavanam/4.5.10/latin-400.min.css.gz
- fontsource-pavanam/4.5.10/latin-ext-400.css.br
- fontsource-pavanam/4.5.10/latin-ext-400.css.gz
- fontsource-pavanam/4.5.10/latin-ext-400.min.css.br
- fontsource-pavanam/4.5.10/latin-ext-400.min.css.gz
- fontsource-pavanam/4.5.10/latin-ext.css.br
- fontsource-pavanam/4.5.10/latin-ext.css.gz
- fontsource-pavanam/4.5.10/latin-ext.min.css.br
- fontsource-pavanam/4.5.10/latin-ext.min.css.gz
- fontsource-pavanam/4.5.10/latin.css.br
- fontsource-pavanam/4.5.10/latin.css.gz
- fontsource-pavanam/4.5.10/latin.min.css.br
- fontsource-pavanam/4.5.10/latin.min.css.gz
- fontsource-pavanam/4.5.10/tamil-400.css.br
- fontsource-pavanam/4.5.10/tamil-400.css.gz
- fontsource-pavanam/4.5.10/tamil-400.min.css.br
- fontsource-pavanam/4.5.10/tamil-400.min.css.gz
- fontsource-pavanam/4.5.10/tamil.css.br
- fontsource-pavanam/4.5.10/tamil.css.gz
- fontsource-pavanam/4.5.10/tamil.min.css.br
- fontsource-pavanam/4.5.10/tamil.min.css.gz
SRIs:
- fontsource-pavanam/4.5.10/400.css: sha512-GprShmZjKVRWjxb0WlUkLEjTHv/qaDT8hQcYLsk3RK1GCaaLwVEQLsaeibZxv6giGTLrESQIIZE2GJGTpDHCTg==
- fontsource-pavanam/4.5.10/index.min.css: sha512-apCachSS2LlLkNHnTcWYUmk4lujNtKU1DzuihXfnc0bMeKhDS5ksRhigtrYgQxIjvWLMK2GDgAFrDyDtbMIcjQ==
- fontsource-pavanam/4.5.10/latin-400.min.css: sha512-6EUoYHJQexNXmy1lQH27aGT06SUp8Qvm5fhSqzsmoWcagTu5/xU6K1JRKcuE78OQYRPlW7mxm68ekTbQLPHWFQ==
- fontsource-pavanam/4.5.10/latin-ext-400.min.css: sha512-PCrWU0hzFBPZ6I1Bd9zKSMfSMiew9/Ho6XPVwHgdNK8RA4XMrXY0dpWUdJxI32o31jE1KCxV5U3SvVFy6TuBqw==
- fontsource-pavanam/4.5.10/latin-ext.css: sha512-n1SP8bMWfbJqRyG4w25YMBAjcvATomfyxqlihtsBa/dc0AzFhRnyXDo0B5cPQxmyHvnuI6B+lgA5cSOUhQZ4bg==
- fontsource-pavanam/4.5.10/tamil-400.min.css: sha512-H9JW5c+QORHN1mIjJ7aIRGNKJFro+dYy+GMZCLkmvDhaHSxC7Yjz1jsQdduiAt8UQkxe7jNPaucpgTp6BF9qZQ==
- fontsource-pavanam/4.5.10/tamil.min.css: sha512-H9JW5c+QORHN1mIjJ7aIRGNKJFro+dYy+GMZCLkmvDhaHSxC7Yjz1jsQdduiAt8UQkxe7jNPaucpgTp6BF9qZQ==
- fontsource-pavanam/4.5.10/tamil-400.css: sha512-/YgZdTDC+px/C58EEUYnbrFTdh8pU9Q+pcJ3XJVeoQFQtOxxZTg/99oZz4bxhWTB4CUVUZz/XPp986t+v2kJoA==
- fontsource-pavanam/4.5.10/latin-400.css: sha512-N7pIxbr3G3RmPCU3SrBo4rVAkGy4QRWy1+TT+bnqS7PIrYAhtgNsei89w3QHQY/ROgHfjuIOk+gImTJjt/4aqg==
- fontsource-pavanam/4.5.10/latin-ext-400.css: sha512-n1SP8bMWfbJqRyG4w25YMBAjcvATomfyxqlihtsBa/dc0AzFhRnyXDo0B5cPQxmyHvnuI6B+lgA5cSOUhQZ4bg==
- fontsource-pavanam/4.5.10/400.min.css: sha512-apCachSS2LlLkNHnTcWYUmk4lujNtKU1DzuihXfnc0bMeKhDS5ksRhigtrYgQxIjvWLMK2GDgAFrDyDtbMIcjQ==
- fontsource-pavanam/4.5.10/index.css: sha512-GprShmZjKVRWjxb0WlUkLEjTHv/qaDT8hQcYLsk3RK1GCaaLwVEQLsaeibZxv6giGTLrESQIIZE2GJGTpDHCTg==
- fontsource-pavanam/4.5.10/latin-ext.min.css: sha512-PCrWU0hzFBPZ6I1Bd9zKSMfSMiew9/Ho6XPVwHgdNK8RA4XMrXY0dpWUdJxI32o31jE1KCxV5U3SvVFy6TuBqw==
- fontsource-pavanam/4.5.10/latin.css: sha512-N7pIxbr3G3RmPCU3SrBo4rVAkGy4QRWy1+TT+bnqS7PIrYAhtgNsei89w3QHQY/ROgHfjuIOk+gImTJjt/4aqg==
- fontsource-pavanam/4.5.10/latin.min.css: sha512-6EUoYHJQexNXmy1lQH27aGT06SUp8Qvm5fhSqzsmoWcagTu5/xU6K1JRKcuE78OQYRPlW7mxm68ekTbQLPHWFQ==
- fontsource-pavanam/4.5.10/tamil.css: sha512-/YgZdTDC+px/C58EEUYnbrFTdh8pU9Q+pcJ3XJVeoQFQtOxxZTg/99oZz4bxhWTB4CUVUZz/XPp986t+v2kJoA==
