2024/08/09 18:01:26 optimizing files (Js true, Css true, Png true, Jpg true)
2024/08/09 18:01:26 /tmp/work/dist/gd-sprest-bs-icons.min.js already has corresponding compressed file
2024/08/09 18:01:26 /tmp/work/dist/gd-sprest-bs.min.js already has corresponding compressed file
2024/08/09 18:01:26 /tmp/work/dist/gd-sprest-bs.min.js is already compressed
2024/08/09 18:01:26 /tmp/work/dist/gd-sprest-bs-icons.min.js is already compressed
2024/08/09 18:01:26 algorithm: run /usr/bin/brotli --quality=11 --output=/output/gd-sprest-bs.d.ts.br /tmp/work/dist/gd-sprest-bs.d.ts
2024/08/09 18:01:26 sri /tmp/work/dist/gd-sprest-bs.min.js -> /output/gd-sprest-bs.min.js.sri
2024/08/09 18:01:26 algorithm: run /usr/bin/brotli --quality=11 --output=/output/gd-sprest-bs.min.js.br /tmp/work/dist/gd-sprest-bs.min.js
2024/08/09 18:01:26 sri /tmp/work/dist/gd-sprest-bs.js -> /output/gd-sprest-bs.js.sri
2024/08/09 18:01:26 algorithm: run /usr/bin/brotli --quality=11 --output=/output/gd-sprest-bs.js.br /tmp/work/dist/gd-sprest-bs.js
2024/08/09 18:01:26 sri /tmp/work/dist/gd-sprest-bs-icons.min.js -> /output/gd-sprest-bs-icons.min.js.sri
2024/08/09 18:01:26 algorithm: run /usr/bin/brotli --quality=11 --output=/output/gd-sprest-bs-icons.min.js.br /tmp/work/dist/gd-sprest-bs-icons.min.js
2024/08/09 18:01:26 sri /tmp/work/dist/gd-sprest-bs-icons.js -> /output/gd-sprest-bs-icons.js.sri
2024/08/09 18:01:26 algorithm: run /usr/bin/brotli --quality=11 --output=/output/gd-sprest-bs-icons.js.br /tmp/work/dist/gd-sprest-bs-icons.js
2024/08/09 18:01:26 br /tmp/work/dist/gd-sprest-bs.d.ts -> /output/gd-sprest-bs.d.ts.br
2024/08/09 18:01:26 gz /tmp/work/dist/gd-sprest-bs.d.ts -> /output/gd-sprest-bs.d.ts.gz
2024/08/09 18:01:29 br /tmp/work/dist/gd-sprest-bs.min.js -> /output/gd-sprest-bs.min.js.br
2024/08/09 18:01:29 gz /tmp/work/dist/gd-sprest-bs.min.js -> /output/gd-sprest-bs.min.js.gz
2024/08/09 18:01:31 br /tmp/work/dist/gd-sprest-bs.js -> /output/gd-sprest-bs.js.br
2024/08/09 18:01:31 br /tmp/work/dist/gd-sprest-bs-icons.min.js -> /output/gd-sprest-bs-icons.min.js.br
2024/08/09 18:01:32 gz /tmp/work/dist/gd-sprest-bs-icons.min.js -> /output/gd-sprest-bs-icons.min.js.gz
2024/08/09 18:01:32 gz /tmp/work/dist/gd-sprest-bs.js -> /output/gd-sprest-bs.js.gz
2024/08/09 18:01:36 br /tmp/work/dist/gd-sprest-bs-icons.js -> /output/gd-sprest-bs-icons.js.br
2024/08/09 18:01:36 gz /tmp/work/dist/gd-sprest-bs-icons.js -> /output/gd-sprest-bs-icons.js.gz
2024/08/09 18:01:36 processed gd-sprest-bs
