Files:
- fontsource-roboto-flex/5.1.0/400.css.br
- fontsource-roboto-flex/5.1.0/400.css.gz
- fontsource-roboto-flex/5.1.0/400.css.sri
- fontsource-roboto-flex/5.1.0/400.min.css.br
- fontsource-roboto-flex/5.1.0/400.min.css.gz
- fontsource-roboto-flex/5.1.0/400.min.css.sri
- fontsource-roboto-flex/5.1.0/cyrillic-400.css.br
- fontsource-roboto-flex/5.1.0/cyrillic-400.css.gz
- fontsource-roboto-flex/5.1.0/cyrillic-400.css.sri
- fontsource-roboto-flex/5.1.0/cyrillic-400.min.css.br
- fontsource-roboto-flex/5.1.0/cyrillic-400.min.css.gz
- fontsource-roboto-flex/5.1.0/cyrillic-400.min.css.sri
- fontsource-roboto-flex/5.1.0/cyrillic-ext-400.css.br
- fontsource-roboto-flex/5.1.0/cyrillic-ext-400.css.gz
- fontsource-roboto-flex/5.1.0/cyrillic-ext-400.css.sri
- fontsource-roboto-flex/5.1.0/cyrillic-ext-400.min.css.br
- fontsource-roboto-flex/5.1.0/cyrillic-ext-400.min.css.gz
- fontsource-roboto-flex/5.1.0/cyrillic-ext-400.min.css.sri
- fontsource-roboto-flex/5.1.0/cyrillic-ext.css.br
- fontsource-roboto-flex/5.1.0/cyrillic-ext.css.gz
- fontsource-roboto-flex/5.1.0/cyrillic-ext.css.sri
- fontsource-roboto-flex/5.1.0/cyrillic-ext.min.css.br
- fontsource-roboto-flex/5.1.0/cyrillic-ext.min.css.gz
- fontsource-roboto-flex/5.1.0/cyrillic-ext.min.css.sri
- fontsource-roboto-flex/5.1.0/cyrillic.css.br
- fontsource-roboto-flex/5.1.0/cyrillic.css.gz
- fontsource-roboto-flex/5.1.0/cyrillic.css.sri
- fontsource-roboto-flex/5.1.0/cyrillic.min.css.br
- fontsource-roboto-flex/5.1.0/cyrillic.min.css.gz
- fontsource-roboto-flex/5.1.0/cyrillic.min.css.sri
- fontsource-roboto-flex/5.1.0/files/roboto-flex-cyrillic-400-normal.woff.br
- fontsource-roboto-flex/5.1.0/files/roboto-flex-cyrillic-400-normal.woff.gz
- fontsource-roboto-flex/5.1.0/files/roboto-flex-cyrillic-400-normal.woff2
- fontsource-roboto-flex/5.1.0/files/roboto-flex-cyrillic-ext-400-normal.woff.br
- fontsource-roboto-flex/5.1.0/files/roboto-flex-cyrillic-ext-400-normal.woff.gz
- fontsource-roboto-flex/5.1.0/files/roboto-flex-cyrillic-ext-400-normal.woff2
- fontsource-roboto-flex/5.1.0/files/roboto-flex-greek-400-normal.woff.br
- fontsource-roboto-flex/5.1.0/files/roboto-flex-greek-400-normal.woff.gz
- fontsource-roboto-flex/5.1.0/files/roboto-flex-greek-400-normal.woff2
- fontsource-roboto-flex/5.1.0/files/roboto-flex-latin-400-normal.woff.br
- fontsource-roboto-flex/5.1.0/files/roboto-flex-latin-400-normal.woff.gz
- fontsource-roboto-flex/5.1.0/files/roboto-flex-latin-400-normal.woff2
- fontsource-roboto-flex/5.1.0/files/roboto-flex-latin-ext-400-normal.woff.br
- fontsource-roboto-flex/5.1.0/files/roboto-flex-latin-ext-400-normal.woff.gz
- fontsource-roboto-flex/5.1.0/files/roboto-flex-latin-ext-400-normal.woff2
- fontsource-roboto-flex/5.1.0/files/roboto-flex-vietnamese-400-normal.woff.br
- fontsource-roboto-flex/5.1.0/files/roboto-flex-vietnamese-400-normal.woff.gz
- fontsource-roboto-flex/5.1.0/files/roboto-flex-vietnamese-400-normal.woff2
- fontsource-roboto-flex/5.1.0/greek-400.css.br
- fontsource-roboto-flex/5.1.0/greek-400.css.gz
- fontsource-roboto-flex/5.1.0/greek-400.css.sri
- fontsource-roboto-flex/5.1.0/greek-400.min.css.br
- fontsource-roboto-flex/5.1.0/greek-400.min.css.gz
- fontsource-roboto-flex/5.1.0/greek-400.min.css.sri
- fontsource-roboto-flex/5.1.0/greek.css.br
- fontsource-roboto-flex/5.1.0/greek.css.gz
- fontsource-roboto-flex/5.1.0/greek.css.sri
- fontsource-roboto-flex/5.1.0/greek.min.css.br
- fontsource-roboto-flex/5.1.0/greek.min.css.gz
- fontsource-roboto-flex/5.1.0/greek.min.css.sri
- fontsource-roboto-flex/5.1.0/index.css.br
- fontsource-roboto-flex/5.1.0/index.css.gz
- fontsource-roboto-flex/5.1.0/index.css.sri
- fontsource-roboto-flex/5.1.0/index.min.css.br
- fontsource-roboto-flex/5.1.0/index.min.css.gz
- fontsource-roboto-flex/5.1.0/index.min.css.sri
- fontsource-roboto-flex/5.1.0/latin-400.css.br
- fontsource-roboto-flex/5.1.0/latin-400.css.gz
- fontsource-roboto-flex/5.1.0/latin-400.css.sri
- fontsource-roboto-flex/5.1.0/latin-400.min.css.br
- fontsource-roboto-flex/5.1.0/latin-400.min.css.gz
- fontsource-roboto-flex/5.1.0/latin-400.min.css.sri
- fontsource-roboto-flex/5.1.0/latin-ext-400.css.br
- fontsource-roboto-flex/5.1.0/latin-ext-400.css.gz
- fontsource-roboto-flex/5.1.0/latin-ext-400.css.sri
- fontsource-roboto-flex/5.1.0/latin-ext-400.min.css.br
- fontsource-roboto-flex/5.1.0/latin-ext-400.min.css.gz
- fontsource-roboto-flex/5.1.0/latin-ext-400.min.css.sri
- fontsource-roboto-flex/5.1.0/latin-ext.css.br
- fontsource-roboto-flex/5.1.0/latin-ext.css.gz
- fontsource-roboto-flex/5.1.0/latin-ext.css.sri
- fontsource-roboto-flex/5.1.0/latin-ext.min.css.br
- fontsource-roboto-flex/5.1.0/latin-ext.min.css.gz
- fontsource-roboto-flex/5.1.0/latin-ext.min.css.sri
- fontsource-roboto-flex/5.1.0/latin.css.br
- fontsource-roboto-flex/5.1.0/latin.css.gz
- fontsource-roboto-flex/5.1.0/latin.css.sri
- fontsource-roboto-flex/5.1.0/latin.min.css.br
- fontsource-roboto-flex/5.1.0/latin.min.css.gz
- fontsource-roboto-flex/5.1.0/latin.min.css.sri
- fontsource-roboto-flex/5.1.0/vietnamese-400.css.br
- fontsource-roboto-flex/5.1.0/vietnamese-400.css.gz
- fontsource-roboto-flex/5.1.0/vietnamese-400.css.sri
- fontsource-roboto-flex/5.1.0/vietnamese-400.min.css.br
- fontsource-roboto-flex/5.1.0/vietnamese-400.min.css.gz
- fontsource-roboto-flex/5.1.0/vietnamese-400.min.css.sri
- fontsource-roboto-flex/5.1.0/vietnamese.css.br
- fontsource-roboto-flex/5.1.0/vietnamese.css.gz
- fontsource-roboto-flex/5.1.0/vietnamese.css.sri
- fontsource-roboto-flex/5.1.0/vietnamese.min.css.br
- fontsource-roboto-flex/5.1.0/vietnamese.min.css.gz
- fontsource-roboto-flex/5.1.0/vietnamese.min.css.sri
