2023/03/15 16:38:43 optimizing files (Js true, Css true, Png true, Jpg true)
2023/03/15 16:38:43 /tmp/work/dist/material-components-web.css already has a compressed version: /tmp/work/dist/material-components-web.min.css
2023/03/15 16:38:43 algorithm: run /usr/bin/brotli --quality=11 --output=/output/material-components-web.css.map.br /tmp/work/dist/material-components-web.css.map
2023/03/15 16:38:43 /tmp/work/dist/material-components-web.min.js already has corresponding compressed file
2023/03/15 16:38:43 /tmp/work/dist/material-components-web.min.js is already compressed
2023/03/15 16:38:43 algorithm: run /usr/bin/brotli --quality=11 --output=/output/material-components-web.js.map.br /tmp/work/dist/material-components-web.js.map
2023/03/15 16:38:43 algorithm: run /usr/bin/brotli --quality=11 --output=/output/material-components-web.min.css.map.br /tmp/work/dist/material-components-web.min.css.map
2023/03/15 16:38:43 sri /tmp/work/dist/material-components-web.min.css -> /output/material-components-web.min.css.sri
2023/03/15 16:38:43 algorithm: run /usr/bin/brotli --quality=11 --output=/output/material-components-web.min.css.br /tmp/work/dist/material-components-web.min.css
2023/03/15 16:38:43 sri /tmp/work/dist/material-components-web.css -> /output/material-components-web.css.sri
2023/03/15 16:38:43 algorithm: run /usr/bin/brotli --quality=11 --output=/output/material-components-web.css.br /tmp/work/dist/material-components-web.css
2023/03/15 16:38:43 sri /tmp/work/dist/material-components-web.js -> /output/material-components-web.js.sri
2023/03/15 16:38:43 algorithm: run /usr/bin/brotli --quality=11 --output=/output/material-components-web.js.br /tmp/work/dist/material-components-web.js
2023/03/15 16:38:43 sri /tmp/work/dist/material-components-web.min.js -> /output/material-components-web.min.js.sri
2023/03/15 16:38:43 algorithm: run /usr/bin/brotli --quality=11 --output=/output/material-components-web.min.js.br /tmp/work/dist/material-components-web.min.js
2023/03/15 16:38:44 br /tmp/work/dist/material-components-web.min.js -> /output/material-components-web.min.js.br
2023/03/15 16:38:44 gz /tmp/work/dist/material-components-web.min.js -> /output/material-components-web.min.js.gz
2023/03/15 16:38:44 br /tmp/work/dist/material-components-web.min.css -> /output/material-components-web.min.css.br
2023/03/15 16:38:44 gz /tmp/work/dist/material-components-web.min.css -> /output/material-components-web.min.css.gz
2023/03/15 16:38:45 br /tmp/work/dist/material-components-web.css -> /output/material-components-web.css.br
2023/03/15 16:38:45 gz /tmp/work/dist/material-components-web.css -> /output/material-components-web.css.gz
2023/03/15 16:38:46 br /tmp/work/dist/material-components-web.min.css.map -> /output/material-components-web.min.css.map.br
2023/03/15 16:38:46 gz /tmp/work/dist/material-components-web.min.css.map -> /output/material-components-web.min.css.map.gz
2023/03/15 16:38:46 br /tmp/work/dist/material-components-web.js -> /output/material-components-web.js.br
2023/03/15 16:38:46 gz /tmp/work/dist/material-components-web.js -> /output/material-components-web.js.gz
2023/03/15 16:38:46 br /tmp/work/dist/material-components-web.js.map -> /output/material-components-web.js.map.br
2023/03/15 16:38:47 gz /tmp/work/dist/material-components-web.js.map -> /output/material-components-web.js.map.gz
2023/03/15 16:38:47 br /tmp/work/dist/material-components-web.css.map -> /output/material-components-web.css.map.br
2023/03/15 16:38:47 gz /tmp/work/dist/material-components-web.css.map -> /output/material-components-web.css.map.gz
2023/03/15 16:38:47 processed material-components-web
