Files:
- fontsource-rubik-mono-one/5.0.9/400.css.br
- fontsource-rubik-mono-one/5.0.9/400.min.css.br
- fontsource-rubik-mono-one/5.0.9/cyrillic-400.css.br
- fontsource-rubik-mono-one/5.0.9/cyrillic-400.min.css.br
- fontsource-rubik-mono-one/5.0.9/cyrillic.css.br
- fontsource-rubik-mono-one/5.0.9/cyrillic.min.css.br
- fontsource-rubik-mono-one/5.0.9/files/rubik-mono-one-cyrillic-400-normal.woff.br
- fontsource-rubik-mono-one/5.0.9/files/rubik-mono-one-latin-400-normal.woff.br
- fontsource-rubik-mono-one/5.0.9/files/rubik-mono-one-latin-ext-400-normal.woff.br
- fontsource-rubik-mono-one/5.0.9/index.css.br
- fontsource-rubik-mono-one/5.0.9/index.min.css.br
- fontsource-rubik-mono-one/5.0.9/latin-400.css.br
- fontsource-rubik-mono-one/5.0.9/latin-400.min.css.br
- fontsource-rubik-mono-one/5.0.9/latin-ext-400.css.br
- fontsource-rubik-mono-one/5.0.9/latin-ext-400.min.css.br
- fontsource-rubik-mono-one/5.0.9/latin-ext.css.br
- fontsource-rubik-mono-one/5.0.9/latin-ext.min.css.br
- fontsource-rubik-mono-one/5.0.9/latin.css.br
- fontsource-rubik-mono-one/5.0.9/latin.min.css.br
