Files:
- fontsource-noto-sans-bassa-vah/4.5.8/400.css.br
- fontsource-noto-sans-bassa-vah/4.5.8/400.css.gz
- fontsource-noto-sans-bassa-vah/4.5.8/400.min.css.br
- fontsource-noto-sans-bassa-vah/4.5.8/400.min.css.gz
- fontsource-noto-sans-bassa-vah/4.5.8/bassa-vah-400.css.br
- fontsource-noto-sans-bassa-vah/4.5.8/bassa-vah-400.css.gz
- fontsource-noto-sans-bassa-vah/4.5.8/bassa-vah-400.min.css.br
- fontsource-noto-sans-bassa-vah/4.5.8/bassa-vah-400.min.css.gz
- fontsource-noto-sans-bassa-vah/4.5.8/bassa-vah.css.br
- fontsource-noto-sans-bassa-vah/4.5.8/bassa-vah.css.gz
- fontsource-noto-sans-bassa-vah/4.5.8/bassa-vah.min.css.br
- fontsource-noto-sans-bassa-vah/4.5.8/bassa-vah.min.css.gz
- fontsource-noto-sans-bassa-vah/4.5.8/files/noto-sans-bassa-vah-all-400-normal.woff.br
- fontsource-noto-sans-bassa-vah/4.5.8/files/noto-sans-bassa-vah-all-400-normal.woff.gz
- fontsource-noto-sans-bassa-vah/4.5.8/files/noto-sans-bassa-vah-bassa-vah-400-normal.woff.br
- fontsource-noto-sans-bassa-vah/4.5.8/files/noto-sans-bassa-vah-bassa-vah-400-normal.woff.gz
- fontsource-noto-sans-bassa-vah/4.5.8/files/noto-sans-bassa-vah-bassa-vah-400-normal.woff2
- fontsource-noto-sans-bassa-vah/4.5.8/index.css.br
- fontsource-noto-sans-bassa-vah/4.5.8/index.css.gz
- fontsource-noto-sans-bassa-vah/4.5.8/index.min.css.br
- fontsource-noto-sans-bassa-vah/4.5.8/index.min.css.gz
