Files:
- fontsource-nokora/5.0.15/100.css.gz
- fontsource-nokora/5.0.15/100.min.css.gz
- fontsource-nokora/5.0.15/300.css.gz
- fontsource-nokora/5.0.15/300.min.css.gz
- fontsource-nokora/5.0.15/400.css.gz
- fontsource-nokora/5.0.15/400.min.css.gz
- fontsource-nokora/5.0.15/700.css.gz
- fontsource-nokora/5.0.15/700.min.css.gz
- fontsource-nokora/5.0.15/900.css.gz
- fontsource-nokora/5.0.15/900.min.css.gz
- fontsource-nokora/5.0.15/files/nokora-khmer-100-normal.woff.gz
- fontsource-nokora/5.0.15/files/nokora-khmer-300-normal.woff.gz
- fontsource-nokora/5.0.15/files/nokora-khmer-400-normal.woff.gz
- fontsource-nokora/5.0.15/files/nokora-khmer-700-normal.woff.gz
- fontsource-nokora/5.0.15/files/nokora-khmer-900-normal.woff.gz
- fontsource-nokora/5.0.15/files/nokora-latin-100-normal.woff.gz
- fontsource-nokora/5.0.15/files/nokora-latin-300-normal.woff.gz
- fontsource-nokora/5.0.15/files/nokora-latin-400-normal.woff.gz
- fontsource-nokora/5.0.15/files/nokora-latin-700-normal.woff.gz
- fontsource-nokora/5.0.15/files/nokora-latin-900-normal.woff.gz
- fontsource-nokora/5.0.15/index.css.gz
- fontsource-nokora/5.0.15/index.min.css.gz
- fontsource-nokora/5.0.15/khmer-100.css.gz
- fontsource-nokora/5.0.15/khmer-100.min.css.gz
- fontsource-nokora/5.0.15/khmer-300.css.gz
- fontsource-nokora/5.0.15/khmer-300.min.css.gz
- fontsource-nokora/5.0.15/khmer-400.css.gz
- fontsource-nokora/5.0.15/khmer-400.min.css.gz
- fontsource-nokora/5.0.15/khmer-700.css.gz
- fontsource-nokora/5.0.15/khmer-700.min.css.gz
- fontsource-nokora/5.0.15/khmer-900.css.gz
- fontsource-nokora/5.0.15/khmer-900.min.css.gz
- fontsource-nokora/5.0.15/khmer.css.gz
- fontsource-nokora/5.0.15/khmer.min.css.gz
- fontsource-nokora/5.0.15/latin-100.css.gz
- fontsource-nokora/5.0.15/latin-100.min.css.gz
- fontsource-nokora/5.0.15/latin-300.css.gz
- fontsource-nokora/5.0.15/latin-300.min.css.gz
- fontsource-nokora/5.0.15/latin-400.css.gz
- fontsource-nokora/5.0.15/latin-400.min.css.gz
- fontsource-nokora/5.0.15/latin-700.css.gz
- fontsource-nokora/5.0.15/latin-700.min.css.gz
- fontsource-nokora/5.0.15/latin-900.css.gz
- fontsource-nokora/5.0.15/latin-900.min.css.gz
- fontsource-nokora/5.0.15/latin.css.gz
- fontsource-nokora/5.0.15/latin.min.css.gz
