config: {"autoupdate":{"source":"npm","target":"ember-source","fileMap":[{"basePath":"dist","files":["ember*.@(js|map)"]}]},"description":"Ember is a JavaScript framework for creating ambitious web applications that eliminates boilerplate and provides a standard application architecture.","filename":"ember.debug.js","homepage":"http://emberjs.com/","keywords":["ember","ember.js"],"license":"MIT","name":"ember.js","repository":{"type":"git","url":"https://github.com/emberjs/ember.js"}}
KV keys:
- ember.js/4.10.0-alpha.5/ember-template-compiler.js.br
- ember.js/4.10.0-alpha.5/ember-template-compiler.js.gz
- ember.js/4.10.0-alpha.5/ember-template-compiler.map.br
- ember.js/4.10.0-alpha.5/ember-template-compiler.map.gz
- ember.js/4.10.0-alpha.5/ember-template-compiler.min.js.br
- ember.js/4.10.0-alpha.5/ember-template-compiler.min.js.gz
- ember.js/4.10.0-alpha.5/ember-testing.js.br
- ember.js/4.10.0-alpha.5/ember-testing.js.gz
- ember.js/4.10.0-alpha.5/ember-testing.map.br
- ember.js/4.10.0-alpha.5/ember-testing.map.gz
- ember.js/4.10.0-alpha.5/ember-testing.min.js.br
- ember.js/4.10.0-alpha.5/ember-testing.min.js.gz
- ember.js/4.10.0-alpha.5/ember.debug.js.br
- ember.js/4.10.0-alpha.5/ember.debug.js.gz
- ember.js/4.10.0-alpha.5/ember.debug.map.br
- ember.js/4.10.0-alpha.5/ember.debug.map.gz
- ember.js/4.10.0-alpha.5/ember.debug.min.js.br
- ember.js/4.10.0-alpha.5/ember.debug.min.js.gz
SRIs:
- ember.js/4.10.0-alpha.5/ember-template-compiler.js: sha512-KX4427ZyfPrjLuBvhbAakpdkhmxXtZ0rN71PsQlW2Xy2pfl0Ds9Pr11yD4p0MNK95qYFwuY3c4tTUe0DwiLQgw==
- ember.js/4.10.0-alpha.5/ember-template-compiler.min.js: sha512-f43dVOohqrKbyu+k2sRjfi9cbxLMASxBXfIIDAJeWWiTukFjoaW2ZtAGXrumsqNL7fnKRWspk2PWAoshyMoGTg==
- ember.js/4.10.0-alpha.5/ember-testing.js: sha512-xqxrqrvWfLJ9PORKMnX/9jLiMd59dPuRYJpfdthWC72aIC6FvuQMtvf4rj/Ve1YJ7kWLNTyJVL+1neOEl/Anrg==
- ember.js/4.10.0-alpha.5/ember-testing.min.js: sha512-X1OXghi0yhDzOkwJRd4uGkTsNwfrES3mWTRVNVWnts/+KsmrZgr8yV3msp8+lYG+eQNcnSAh0ETRGz3VXxGCnA==
- ember.js/4.10.0-alpha.5/ember.debug.js: sha512-+QVH3kXpZ9P74nQvLJkndsZN4qyGGHqIhF6Ekq13z5uh7f9QOrkugVyQ3Rv90TWZQDlrYgwsrAJ1hvquKqjAYA==
- ember.js/4.10.0-alpha.5/ember.debug.min.js: sha512-57t/lwPCMN+hwqesBo3EeBpXaBmx+SSYgwQN0V1rzQn07tLnAwR8jg3Xw1S+TnkmkNXdI9DhXn/IlYBVC9gyCA==
