config: {"authors":[{"name":"Microsoft"}],"autoupdate":{"source":"npm","target":"@fluentui/react","fileMap":[{"basePath":"dist","files":["*.@(js|ts|map)"]}]},"description":"Reusable React components for building web experiences.","filename":"fluentui-react.min.js","homepage":"https://github.com/microsoft/fluentui#readme","keywords":["react","react-components","office-ui-fabric","microsoft"],"license":"MIT","name":"fluentui-react","repository":{"type":"git","url":"git+https://github.com/microsoft/fluentui.git"},"author":"Microsoft"}
KV keys:
- fluentui-react/8.14.5/fluentui-react.js.br
- fluentui-react/8.14.5/fluentui-react.js.gz
- fluentui-react/8.14.5/fluentui-react.js.map.br
- fluentui-react/8.14.5/fluentui-react.js.map.gz
- fluentui-react/8.14.5/fluentui-react.min.js.br
- fluentui-react/8.14.5/fluentui-react.min.js.gz
- fluentui-react/8.14.5/fluentui-react.min.js.map.br
- fluentui-react/8.14.5/fluentui-react.min.js.map.gz
- fluentui-react/8.14.5/fluentui-react.umd.js.br
- fluentui-react/8.14.5/fluentui-react.umd.js.gz
- fluentui-react/8.14.5/fluentui-react.umd.js.map.br
- fluentui-react/8.14.5/fluentui-react.umd.js.map.gz
- fluentui-react/8.14.5/fluentui-react.umd.min.js.br
- fluentui-react/8.14.5/fluentui-react.umd.min.js.gz
- fluentui-react/8.14.5/react.d.ts.br
- fluentui-react/8.14.5/react.d.ts.gz
SRIs:
- fluentui-react/8.14.5/fluentui-react.js: sha512-tj0k1drKbEjznOQUhwpAoQ855uJdW1nK9LWBvtlgmZ6VDoUUKUJb2K+sd6HsQFjmlQl9XvF5szAjMs4s4KZr0g==
- fluentui-react/8.14.5/fluentui-react.min.js: sha512-rCoeMlYngN9KunqSxazU+ev4lCvkiL4XMoiUJNQx+8TVBDGUaSacYmsrXJDezmeioyr6epyk7KS3ji1k9IR/XA==
- fluentui-react/8.14.5/fluentui-react.umd.js: sha512-ejm+hgd52WZFDHOgwgdF5f2ruwFYNxf9/YoX2A9C691gy8JkAIs1lM1akNLD6mTzVkWlzG1EtACL1TRcYVOiUw==
- fluentui-react/8.14.5/fluentui-react.umd.min.js: sha512-HwEPZM6PTFPr2n8kB+8/QnBvWmpXkYZIDqUa6r5FmdWW4Mo2k53yKYwNp4xB5Bq2Yp8jv4tmfhvPPoSVfhm5tA==
