Files:
- fontsource-antic/4.5.6/400.css.br
- fontsource-antic/4.5.6/400.css.gz
- fontsource-antic/4.5.6/400.min.css.br
- fontsource-antic/4.5.6/400.min.css.gz
- fontsource-antic/4.5.6/files/antic-all-400-normal.woff.br
- fontsource-antic/4.5.6/files/antic-all-400-normal.woff.gz
- fontsource-antic/4.5.6/files/antic-latin-400-normal.woff.br
- fontsource-antic/4.5.6/files/antic-latin-400-normal.woff.gz
- fontsource-antic/4.5.6/files/antic-latin-400-normal.woff2
- fontsource-antic/4.5.6/index.css.br
- fontsource-antic/4.5.6/index.css.gz
- fontsource-antic/4.5.6/index.min.css.br
- fontsource-antic/4.5.6/index.min.css.gz
- fontsource-antic/4.5.6/latin-400.css.br
- fontsource-antic/4.5.6/latin-400.css.gz
- fontsource-antic/4.5.6/latin-400.min.css.br
- fontsource-antic/4.5.6/latin-400.min.css.gz
- fontsource-antic/4.5.6/latin.css.br
- fontsource-antic/4.5.6/latin.css.gz
- fontsource-antic/4.5.6/latin.min.css.br
- fontsource-antic/4.5.6/latin.min.css.gz
