config: {"authors":[{"name":"Google Inc."}],"autoupdate":{"source":"npm","target":"@fontsource/duru-sans","fileMap":[{"basePath":"","files":["*.css","files/*.@(woff|woff2)"]}],"excludeFromSearch":true},"description":"Self-host the Duru Sans font in a neatly bundled NPM package.","filename":"index.css","homepage":"https://fontsource.org/fonts/duru-sans","keywords":["fontsource","font","font family","google fonts","duru-sans","Duru Sans","css","sass","front-end","web","typeface","variable"],"license":"OFL-1.1","name":"fontsource-duru-sans","repository":{"type":"git","url":"git+https://github.com/fontsource/font-files.git"},"author":"Google Inc."}
KV keys:
- fontsource-duru-sans/5.0.4/400.css.br
- fontsource-duru-sans/5.0.4/400.css.gz
- fontsource-duru-sans/5.0.4/400.min.css.br
- fontsource-duru-sans/5.0.4/400.min.css.gz
- fontsource-duru-sans/5.0.4/files/duru-sans-latin-400-normal.woff.br
- fontsource-duru-sans/5.0.4/files/duru-sans-latin-400-normal.woff.gz
- fontsource-duru-sans/5.0.4/files/duru-sans-latin-400-normal.woff2
- fontsource-duru-sans/5.0.4/files/duru-sans-latin-ext-400-normal.woff.br
- fontsource-duru-sans/5.0.4/files/duru-sans-latin-ext-400-normal.woff.gz
- fontsource-duru-sans/5.0.4/files/duru-sans-latin-ext-400-normal.woff2
- fontsource-duru-sans/5.0.4/index.css.br
- fontsource-duru-sans/5.0.4/index.css.gz
- fontsource-duru-sans/5.0.4/index.min.css.br
- fontsource-duru-sans/5.0.4/index.min.css.gz
- fontsource-duru-sans/5.0.4/latin-400.css.br
- fontsource-duru-sans/5.0.4/latin-400.css.gz
- fontsource-duru-sans/5.0.4/latin-400.min.css.br
- fontsource-duru-sans/5.0.4/latin-400.min.css.gz
- fontsource-duru-sans/5.0.4/latin-ext-400.css.br
- fontsource-duru-sans/5.0.4/latin-ext-400.css.gz
- fontsource-duru-sans/5.0.4/latin-ext-400.min.css.br
- fontsource-duru-sans/5.0.4/latin-ext-400.min.css.gz
- fontsource-duru-sans/5.0.4/latin-ext.css.br
- fontsource-duru-sans/5.0.4/latin-ext.css.gz
- fontsource-duru-sans/5.0.4/latin-ext.min.css.br
- fontsource-duru-sans/5.0.4/latin-ext.min.css.gz
- fontsource-duru-sans/5.0.4/latin.css.br
- fontsource-duru-sans/5.0.4/latin.css.gz
- fontsource-duru-sans/5.0.4/latin.min.css.br
- fontsource-duru-sans/5.0.4/latin.min.css.gz
SRIs:
- fontsource-duru-sans/5.0.4/latin-400.min.css: sha512-YXnbr3QgIuBPnzHmjE7NzjCfRTdlXyTUqnfGhe0Nsv751oZUqNdAOhkH1nwlNN5cLoVQAsHhK9BkxxHmwhotlA==
- fontsource-duru-sans/5.0.4/latin-ext.css: sha512-hh6XJrIfpRUwe7DtdZeL40sxjKnI9N4ziqYAM9hgTL/wTuuMxNaomUtXirTjPO/LUpBpL/BhyuAOvQdEjbmrEQ==
- fontsource-duru-sans/5.0.4/400.css: sha512-PFUyQv3zbhflJPcw+b7YEaVh52jt8A0anIY2Mc8/h8aL8a0VHtkoHnTs06qALtJJ1yg8VxHu/vW0cG9tRENwnA==
- fontsource-duru-sans/5.0.4/index.css: sha512-PFUyQv3zbhflJPcw+b7YEaVh52jt8A0anIY2Mc8/h8aL8a0VHtkoHnTs06qALtJJ1yg8VxHu/vW0cG9tRENwnA==
- fontsource-duru-sans/5.0.4/index.min.css: sha512-jD2a656VbBZ0ESGNlqLKk1AYWw5S7QaBUzKcczxCJtc9JE7I86ERL8iSjC7p989OnmgTJvrIu81na0DzMiDRUQ==
- fontsource-duru-sans/5.0.4/latin-400.css: sha512-6+HpruefF178DDw3CADZNWWCPa/T00Q6Ay4f8WUl2J9MAxeYEjK/JRnvWcDWeYsBzZutKSb8T6CEXyMTBiHTxQ==
- fontsource-duru-sans/5.0.4/latin-ext-400.css: sha512-hh6XJrIfpRUwe7DtdZeL40sxjKnI9N4ziqYAM9hgTL/wTuuMxNaomUtXirTjPO/LUpBpL/BhyuAOvQdEjbmrEQ==
- fontsource-duru-sans/5.0.4/latin-ext-400.min.css: sha512-1Emitl6IJCq59HeKodUq9XsajqxGU4iuoPzCpH+6SlNE8qMAVdlII7HlfpQakBb3QIOIJ0GCbvDCnfAlRG6DtA==
- fontsource-duru-sans/5.0.4/latin-ext.min.css: sha512-1Emitl6IJCq59HeKodUq9XsajqxGU4iuoPzCpH+6SlNE8qMAVdlII7HlfpQakBb3QIOIJ0GCbvDCnfAlRG6DtA==
- fontsource-duru-sans/5.0.4/latin.css: sha512-6+HpruefF178DDw3CADZNWWCPa/T00Q6Ay4f8WUl2J9MAxeYEjK/JRnvWcDWeYsBzZutKSb8T6CEXyMTBiHTxQ==
- fontsource-duru-sans/5.0.4/400.min.css: sha512-jD2a656VbBZ0ESGNlqLKk1AYWw5S7QaBUzKcczxCJtc9JE7I86ERL8iSjC7p989OnmgTJvrIu81na0DzMiDRUQ==
- fontsource-duru-sans/5.0.4/latin.min.css: sha512-YXnbr3QgIuBPnzHmjE7NzjCfRTdlXyTUqnfGhe0Nsv751oZUqNdAOhkH1nwlNN5cLoVQAsHhK9BkxxHmwhotlA==
