2023/10/18 03:38:35 optimizing files (Js true, Css true, Png true, Jpg true)
2023/10/18 03:38:35 /tmp/work/dist/antd-with-locales.min.js already has corresponding compressed file
2023/10/18 03:38:35 /tmp/work/dist/antd-with-locales.min.js is already compressed
2023/10/18 03:38:35 algorithm: run /usr/bin/brotli --quality=11 --output=/output/antd-with-locales.js.map.br /tmp/work/dist/antd-with-locales.js.map
2023/10/18 03:38:35 /tmp/work/dist/antd.esm.min.js already has corresponding compressed file
2023/10/18 03:38:35 algorithm: run /usr/bin/brotli --quality=11 --output=/output/antd.esm.js.map.br /tmp/work/dist/antd.esm.js.map
2023/10/18 03:38:35 /tmp/work/dist/antd.esm.min.js is already compressed
2023/10/18 03:38:35 algorithm: run /usr/bin/brotli --quality=11 --output=/output/antd-with-locales.min.js.map.br /tmp/work/dist/antd-with-locales.min.js.map
2023/10/18 03:38:35 algorithm: run /usr/bin/brotli --quality=11 --output=/output/antd-with-locales.min.js.LICENSE.txt.br /tmp/work/dist/antd-with-locales.min.js.LICENSE.txt
2023/10/18 03:38:35 br /tmp/work/dist/antd-with-locales.min.js.LICENSE.txt -> /output/antd-with-locales.min.js.LICENSE.txt.br
2023/10/18 03:38:35 gz /tmp/work/dist/antd-with-locales.min.js.LICENSE.txt -> /output/antd-with-locales.min.js.LICENSE.txt.gz
2023/10/18 03:38:35 algorithm: run /usr/bin/brotli --quality=11 --output=/output/antd.esm.min.js.LICENSE.txt.br /tmp/work/dist/antd.esm.min.js.LICENSE.txt
2023/10/18 03:38:35 sri /tmp/work/dist/antd-with-locales.min.js -> /output/antd-with-locales.min.js.sri
2023/10/18 03:38:35 algorithm: run /usr/bin/brotli --quality=11 --output=/output/antd-with-locales.min.js.br /tmp/work/dist/antd-with-locales.min.js
2023/10/18 03:38:35 sri /tmp/work/dist/antd.esm.min.js -> /output/antd.esm.min.js.sri
2023/10/18 03:38:35 algorithm: run /usr/bin/brotli --quality=11 --output=/output/antd.esm.min.js.br /tmp/work/dist/antd.esm.min.js
2023/10/18 03:38:35 br /tmp/work/dist/antd.esm.min.js.LICENSE.txt -> /output/antd.esm.min.js.LICENSE.txt.br
2023/10/18 03:38:35 gz /tmp/work/dist/antd.esm.min.js.LICENSE.txt -> /output/antd.esm.min.js.LICENSE.txt.gz
2023/10/18 03:38:35 algorithm: run /usr/bin/brotli --quality=11 --output=/output/antd.esm.min.js.map.br /tmp/work/dist/antd.esm.min.js.map
2023/10/18 03:38:35 sri /tmp/work/dist/antd-with-locales.js -> /output/antd-with-locales.js.sri
2023/10/18 03:38:35 algorithm: run /usr/bin/brotli --quality=11 --output=/output/antd-with-locales.js.br /tmp/work/dist/antd-with-locales.js
2023/10/18 03:38:35 sri /tmp/work/dist/antd.esm.js -> /output/antd.esm.js.sri
2023/10/18 03:38:35 algorithm: run /usr/bin/brotli --quality=11 --output=/output/antd.esm.js.br /tmp/work/dist/antd.esm.js
2023/10/18 03:38:39 br /tmp/work/dist/antd.esm.min.js -> /output/antd.esm.min.js.br
2023/10/18 03:38:39 gz /tmp/work/dist/antd.esm.min.js -> /output/antd.esm.min.js.gz
2023/10/18 03:38:39 /tmp/work/dist/antd.min.js already has corresponding compressed file
2023/10/18 03:38:39 sri /tmp/work/dist/antd.js -> /output/antd.js.sri
2023/10/18 03:38:39 algorithm: run /usr/bin/brotli --quality=11 --output=/output/antd.js.br /tmp/work/dist/antd.js
2023/10/18 03:38:40 br /tmp/work/dist/antd-with-locales.min.js -> /output/antd-with-locales.min.js.br
2023/10/18 03:38:40 gz /tmp/work/dist/antd-with-locales.min.js -> /output/antd-with-locales.min.js.gz
2023/10/18 03:38:40 algorithm: run /usr/bin/brotli --quality=11 --output=/output/antd.js.map.br /tmp/work/dist/antd.js.map
2023/10/18 03:38:51 br /tmp/work/dist/antd.esm.js -> /output/antd.esm.js.br
2023/10/18 03:38:51 gz /tmp/work/dist/antd.esm.js -> /output/antd.esm.js.gz
2023/10/18 03:38:51 /tmp/work/dist/antd.min.js is already compressed
2023/10/18 03:38:51 sri /tmp/work/dist/antd.min.js -> /output/antd.min.js.sri
2023/10/18 03:38:51 algorithm: run /usr/bin/brotli --quality=11 --output=/output/antd.min.js.br /tmp/work/dist/antd.min.js
2023/10/18 03:38:52 br /tmp/work/dist/antd.esm.min.js.map -> /output/antd.esm.min.js.map.br
2023/10/18 03:38:53 gz /tmp/work/dist/antd.esm.min.js.map -> /output/antd.esm.min.js.map.gz
2023/10/18 03:38:53 algorithm: run /usr/bin/brotli --quality=11 --output=/output/antd.min.js.LICENSE.txt.br /tmp/work/dist/antd.min.js.LICENSE.txt
2023/10/18 03:38:53 br /tmp/work/dist/antd.min.js.LICENSE.txt -> /output/antd.min.js.LICENSE.txt.br
2023/10/18 03:38:53 gz /tmp/work/dist/antd.min.js.LICENSE.txt -> /output/antd.min.js.LICENSE.txt.gz
2023/10/18 03:38:53 algorithm: run /usr/bin/brotli --quality=11 --output=/output/antd.min.js.map.br /tmp/work/dist/antd.min.js.map
2023/10/18 03:38:53 br /tmp/work/dist/antd-with-locales.js -> /output/antd-with-locales.js.br
2023/10/18 03:38:53 gz /tmp/work/dist/antd-with-locales.js -> /output/antd-with-locales.js.gz
2023/10/18 03:38:53 compress: run /node_modules/clean-css-cli/bin/cleancss --compatibility --s0 -o /tmp/work/dist/reset.min.css /tmp/work/dist/reset.css
2023/10/18 03:38:53 sri /tmp/work/dist/reset.min.css -> /output/reset.min.css.sri
2023/10/18 03:38:53 algorithm: run /usr/bin/brotli --quality=11 --output=/output/reset.min.css.br /tmp/work/dist/reset.min.css
2023/10/18 03:38:53 br /tmp/work/dist/reset.min.css -> /output/reset.min.css.br
2023/10/18 03:38:53 gz /tmp/work/dist/reset.min.css -> /output/reset.min.css.gz
2023/10/18 03:38:53 sri /tmp/work/dist/reset.css -> /output/reset.css.sri
2023/10/18 03:38:53 algorithm: run /usr/bin/brotli --quality=11 --output=/output/reset.css.br /tmp/work/dist/reset.css
2023/10/18 03:38:53 br /tmp/work/dist/reset.css -> /output/reset.css.br
2023/10/18 03:38:53 gz /tmp/work/dist/reset.css -> /output/reset.css.gz
2023/10/18 03:38:54 br /tmp/work/dist/antd-with-locales.min.js.map -> /output/antd-with-locales.min.js.map.br
2023/10/18 03:38:54 gz /tmp/work/dist/antd-with-locales.min.js.map -> /output/antd-with-locales.min.js.map.gz
2023/10/18 03:38:55 br /tmp/work/dist/antd.js -> /output/antd.js.br
2023/10/18 03:38:55 br /tmp/work/dist/antd.esm.js.map -> /output/antd.esm.js.map.br
2023/10/18 03:38:55 gz /tmp/work/dist/antd.js -> /output/antd.js.gz
2023/10/18 03:38:56 br /tmp/work/dist/antd.min.js -> /output/antd.min.js.br
2023/10/18 03:38:56 gz /tmp/work/dist/antd.min.js -> /output/antd.min.js.gz
2023/10/18 03:38:56 gz /tmp/work/dist/antd.esm.js.map -> /output/antd.esm.js.map.gz
2023/10/18 03:38:57 br /tmp/work/dist/antd-with-locales.js.map -> /output/antd-with-locales.js.map.br
2023/10/18 03:38:58 gz /tmp/work/dist/antd-with-locales.js.map -> /output/antd-with-locales.js.map.gz
2023/10/18 03:38:59 br /tmp/work/dist/antd.js.map -> /output/antd.js.map.br
2023/10/18 03:39:00 gz /tmp/work/dist/antd.js.map -> /output/antd.js.map.gz
2023/10/18 03:39:04 br /tmp/work/dist/antd.min.js.map -> /output/antd.min.js.map.br
2023/10/18 03:39:05 gz /tmp/work/dist/antd.min.js.map -> /output/antd.min.js.map.gz
2023/10/18 03:39:05 processed ant-design-vue
