Files:
- fontsource-bungee/4.5.6/400.css.br
- fontsource-bungee/4.5.6/400.css.gz
- fontsource-bungee/4.5.6/400.min.css.br
- fontsource-bungee/4.5.6/400.min.css.gz
- fontsource-bungee/4.5.6/files/bungee-all-400-normal.woff.br
- fontsource-bungee/4.5.6/files/bungee-all-400-normal.woff.gz
- fontsource-bungee/4.5.6/files/bungee-latin-400-normal.woff.br
- fontsource-bungee/4.5.6/files/bungee-latin-400-normal.woff.gz
- fontsource-bungee/4.5.6/files/bungee-latin-400-normal.woff2
- fontsource-bungee/4.5.6/files/bungee-latin-ext-400-normal.woff.br
- fontsource-bungee/4.5.6/files/bungee-latin-ext-400-normal.woff.gz
- fontsource-bungee/4.5.6/files/bungee-latin-ext-400-normal.woff2
- fontsource-bungee/4.5.6/files/bungee-vietnamese-400-normal.woff.br
- fontsource-bungee/4.5.6/files/bungee-vietnamese-400-normal.woff.gz
- fontsource-bungee/4.5.6/files/bungee-vietnamese-400-normal.woff2
- fontsource-bungee/4.5.6/index.css.br
- fontsource-bungee/4.5.6/index.css.gz
- fontsource-bungee/4.5.6/index.min.css.br
- fontsource-bungee/4.5.6/index.min.css.gz
- fontsource-bungee/4.5.6/latin-400.css.br
- fontsource-bungee/4.5.6/latin-400.css.gz
- fontsource-bungee/4.5.6/latin-400.min.css.br
- fontsource-bungee/4.5.6/latin-400.min.css.gz
- fontsource-bungee/4.5.6/latin-ext-400.css.br
- fontsource-bungee/4.5.6/latin-ext-400.css.gz
- fontsource-bungee/4.5.6/latin-ext-400.min.css.br
- fontsource-bungee/4.5.6/latin-ext-400.min.css.gz
- fontsource-bungee/4.5.6/latin-ext.css.br
- fontsource-bungee/4.5.6/latin-ext.css.gz
- fontsource-bungee/4.5.6/latin-ext.min.css.br
- fontsource-bungee/4.5.6/latin-ext.min.css.gz
- fontsource-bungee/4.5.6/latin.css.br
- fontsource-bungee/4.5.6/latin.css.gz
- fontsource-bungee/4.5.6/latin.min.css.br
- fontsource-bungee/4.5.6/latin.min.css.gz
- fontsource-bungee/4.5.6/vietnamese-400.css.br
- fontsource-bungee/4.5.6/vietnamese-400.css.gz
- fontsource-bungee/4.5.6/vietnamese-400.min.css.br
- fontsource-bungee/4.5.6/vietnamese-400.min.css.gz
- fontsource-bungee/4.5.6/vietnamese.css.br
- fontsource-bungee/4.5.6/vietnamese.css.gz
- fontsource-bungee/4.5.6/vietnamese.min.css.br
- fontsource-bungee/4.5.6/vietnamese.min.css.gz
