config: {"authors":[{"name":"Google Inc."}],"autoupdate":{"source":"npm","target":"@fontsource/dekko","fileMap":[{"basePath":"","files":["*.css","files/*.@(woff|woff2)"]}],"excludeFromSearch":true},"description":"Self-host the Dekko font in a neatly bundled NPM package.","filename":"index.css","homepage":"https://fontsource.org/fonts/dekko","keywords":["fontsource","font","font family","google fonts","dekko","Dekko","css","sass","front-end","web","typeface","variable"],"license":"OFL-1.1","name":"fontsource-dekko","repository":{"type":"git","url":"git+https://github.com/fontsource/font-files.git"},"author":"Google Inc."}
KV keys:
- fontsource-dekko/4.5.9/400.css.br
- fontsource-dekko/4.5.9/400.css.gz
- fontsource-dekko/4.5.9/400.min.css.br
- fontsource-dekko/4.5.9/400.min.css.gz
- fontsource-dekko/4.5.9/devanagari-400.css.br
- fontsource-dekko/4.5.9/devanagari-400.css.gz
- fontsource-dekko/4.5.9/devanagari-400.min.css.br
- fontsource-dekko/4.5.9/devanagari-400.min.css.gz
- fontsource-dekko/4.5.9/devanagari.css.br
- fontsource-dekko/4.5.9/devanagari.css.gz
- fontsource-dekko/4.5.9/devanagari.min.css.br
- fontsource-dekko/4.5.9/devanagari.min.css.gz
- fontsource-dekko/4.5.9/files/dekko-all-400-normal.woff.br
- fontsource-dekko/4.5.9/files/dekko-all-400-normal.woff.gz
- fontsource-dekko/4.5.9/files/dekko-devanagari-400-normal.woff.br
- fontsource-dekko/4.5.9/files/dekko-devanagari-400-normal.woff.gz
- fontsource-dekko/4.5.9/files/dekko-devanagari-400-normal.woff2
- fontsource-dekko/4.5.9/files/dekko-latin-400-normal.woff.br
- fontsource-dekko/4.5.9/files/dekko-latin-400-normal.woff.gz
- fontsource-dekko/4.5.9/files/dekko-latin-400-normal.woff2
- fontsource-dekko/4.5.9/files/dekko-latin-ext-400-normal.woff.br
- fontsource-dekko/4.5.9/files/dekko-latin-ext-400-normal.woff.gz
- fontsource-dekko/4.5.9/files/dekko-latin-ext-400-normal.woff2
- fontsource-dekko/4.5.9/index.css.br
- fontsource-dekko/4.5.9/index.css.gz
- fontsource-dekko/4.5.9/index.min.css.br
- fontsource-dekko/4.5.9/index.min.css.gz
- fontsource-dekko/4.5.9/latin-400.css.br
- fontsource-dekko/4.5.9/latin-400.css.gz
- fontsource-dekko/4.5.9/latin-400.min.css.br
- fontsource-dekko/4.5.9/latin-400.min.css.gz
- fontsource-dekko/4.5.9/latin-ext-400.css.br
- fontsource-dekko/4.5.9/latin-ext-400.css.gz
- fontsource-dekko/4.5.9/latin-ext-400.min.css.br
- fontsource-dekko/4.5.9/latin-ext-400.min.css.gz
- fontsource-dekko/4.5.9/latin-ext.css.br
- fontsource-dekko/4.5.9/latin-ext.css.gz
- fontsource-dekko/4.5.9/latin-ext.min.css.br
- fontsource-dekko/4.5.9/latin-ext.min.css.gz
- fontsource-dekko/4.5.9/latin.css.br
- fontsource-dekko/4.5.9/latin.css.gz
- fontsource-dekko/4.5.9/latin.min.css.br
- fontsource-dekko/4.5.9/latin.min.css.gz
SRIs:
- fontsource-dekko/4.5.9/400.min.css: sha512-PWgU6tletiX+3ug+U0M1q3p+L6XB9fmlNU6eKjvFUFAqKwHV9QHVLnJHQ/sBb8vpnB/J8SYCiWlXktNPON/ezw==
- fontsource-dekko/4.5.9/devanagari-400.css: sha512-UF6/L8mkwCy3B0B6RW/vPwtR4oT4qiNNfxFf8MrV7h2rn+pksf5el6y3gytVuPp6xCM4Zj8mHpzrBHH1FqIzuQ==
- fontsource-dekko/4.5.9/index.css: sha512-Q/h+v+WdplbE0uWQK390Etxk9hQNpx4eRRnCzhPN2p7fv2ApsCj+pXOu7Hzt+xTe0gYEBVRtll5iTeoLCulvlQ==
- fontsource-dekko/4.5.9/index.min.css: sha512-PWgU6tletiX+3ug+U0M1q3p+L6XB9fmlNU6eKjvFUFAqKwHV9QHVLnJHQ/sBb8vpnB/J8SYCiWlXktNPON/ezw==
- fontsource-dekko/4.5.9/latin-ext-400.css: sha512-lF12RnqUGnVvVY4m/P5bLqF/pAIHOS8e1xlQmMOwUaHRBMroOJ/0boHAqcfNTMyej2fPKkkdJyhjcQJxI3yOAA==
- fontsource-dekko/4.5.9/latin-ext-400.min.css: sha512-dcJXVabx50DPo8iCu3aH3XNe3hiNgP/WzaMqzERspnIM3yi28xgwpDqulbVt/K3QDL6GdGmkaqOWHJMAgs7hng==
- fontsource-dekko/4.5.9/devanagari.css: sha512-UF6/L8mkwCy3B0B6RW/vPwtR4oT4qiNNfxFf8MrV7h2rn+pksf5el6y3gytVuPp6xCM4Zj8mHpzrBHH1FqIzuQ==
- fontsource-dekko/4.5.9/latin-400.min.css: sha512-+WTTJyOuKYaP9NbJls6qa1abnyqtbTPrqT96aNMI2Rz6QU/Pi1zG+3TevmV0/r+RtAJipFMJ/FDn3ROm9JJKEA==
- fontsource-dekko/4.5.9/latin-ext.css: sha512-lF12RnqUGnVvVY4m/P5bLqF/pAIHOS8e1xlQmMOwUaHRBMroOJ/0boHAqcfNTMyej2fPKkkdJyhjcQJxI3yOAA==
- fontsource-dekko/4.5.9/latin.min.css: sha512-+WTTJyOuKYaP9NbJls6qa1abnyqtbTPrqT96aNMI2Rz6QU/Pi1zG+3TevmV0/r+RtAJipFMJ/FDn3ROm9JJKEA==
- fontsource-dekko/4.5.9/devanagari.min.css: sha512-rbftabTMxjt0JN2CbiJYHnBzhxk1xQS1NS0MU+N3c6QFlAE2cwDlGHDSaql/Rbr5srOIdGYl9WqDEqkFCaOUeQ==
- fontsource-dekko/4.5.9/latin-400.css: sha512-aTeucpmcLWRVKouxRFa7Hs0VTdLWXUqZdpH8HpiSVn3g+V3ZByVyp47wZDhMf2RbMQbinec/Ll1aZbf5/XSBqw==
- fontsource-dekko/4.5.9/400.css: sha512-Q/h+v+WdplbE0uWQK390Etxk9hQNpx4eRRnCzhPN2p7fv2ApsCj+pXOu7Hzt+xTe0gYEBVRtll5iTeoLCulvlQ==
- fontsource-dekko/4.5.9/devanagari-400.min.css: sha512-rbftabTMxjt0JN2CbiJYHnBzhxk1xQS1NS0MU+N3c6QFlAE2cwDlGHDSaql/Rbr5srOIdGYl9WqDEqkFCaOUeQ==
- fontsource-dekko/4.5.9/latin-ext.min.css: sha512-dcJXVabx50DPo8iCu3aH3XNe3hiNgP/WzaMqzERspnIM3yi28xgwpDqulbVt/K3QDL6GdGmkaqOWHJMAgs7hng==
- fontsource-dekko/4.5.9/latin.css: sha512-aTeucpmcLWRVKouxRFa7Hs0VTdLWXUqZdpH8HpiSVn3g+V3ZByVyp47wZDhMf2RbMQbinec/Ll1aZbf5/XSBqw==
