config: {"authors":[{"name":"Guillaume du Pontavice","email":"g.du.pontavice@gmail.com"}],"autoupdate":{"source":"npm","target":"hls.js","fileMap":[{"basePath":"dist","files":["**/!(*-demo.*)"]}],"ignoreVersions":["*-canary.*"]},"description":"JavaScript HLS client using MediaSourceExtension","filename":"hls.min.js","homepage":"https://hls-js.netlify.com/demo/","keywords":["hls.js","video","streaming","mediasource","player"],"license":"Apache-2.0","name":"hls.js","repository":{"type":"git","url":"git://github.com/video-dev/hls.js"},"author":"Guillaume du Pontavice \u003cg.du.pontavice@gmail.com\u003e"}
KV keys:
- hls.js/1.0.8-0.canary.7845/hls.js.br
- hls.js/1.0.8-0.canary.7845/hls.js.d.ts.br
- hls.js/1.0.8-0.canary.7845/hls.js.d.ts.gz
- hls.js/1.0.8-0.canary.7845/hls.js.gz
- hls.js/1.0.8-0.canary.7845/hls.js.map.br
- hls.js/1.0.8-0.canary.7845/hls.js.map.gz
- hls.js/1.0.8-0.canary.7845/hls.light.js.br
- hls.js/1.0.8-0.canary.7845/hls.light.js.gz
- hls.js/1.0.8-0.canary.7845/hls.light.js.map.br
- hls.js/1.0.8-0.canary.7845/hls.light.js.map.gz
- hls.js/1.0.8-0.canary.7845/hls.light.min.js.br
- hls.js/1.0.8-0.canary.7845/hls.light.min.js.gz
- hls.js/1.0.8-0.canary.7845/hls.light.min.js.map.br
- hls.js/1.0.8-0.canary.7845/hls.light.min.js.map.gz
- hls.js/1.0.8-0.canary.7845/hls.min.js.br
- hls.js/1.0.8-0.canary.7845/hls.min.js.gz
- hls.js/1.0.8-0.canary.7845/hls.min.js.map.br
- hls.js/1.0.8-0.canary.7845/hls.min.js.map.gz
SRIs:
- hls.js/1.0.8-0.canary.7845/hls.js: sha512-VCeuwxNE6ONBlvlSktEEL/XKryqw/8PVcYBPXV6NcHRMz28mY2+wGp48StyxwNDkgY0FalSvIXTeAPqXqz0h9A==
- hls.js/1.0.8-0.canary.7845/hls.light.js: sha512-ktzMsFmO+qhkPEi8sM/PlL6DsrVYbJH+A6VwvHW8QbOM66aUXDUtva1Q/YO8YaJ0NVhl5M5eb2g33GpmMKDewg==
- hls.js/1.0.8-0.canary.7845/hls.light.min.js: sha512-BWwjTouGRv3ULiFkzn+lE8dh3sNamY6uT6E+hUAIadou/LO1q1BNZL++7wKT2ywDa4xgUefYWn+GbKRNdjXmMA==
- hls.js/1.0.8-0.canary.7845/hls.min.js: sha512-xnTQrxoKLATdjt8DncIscw9W3TQUzml+8WqYwlbY8Wfs2JTdF9Xbj9sHCNHiyyDzzT1pO56QCZwl28S6HQL0CQ==
