config: {"authors":[{"name":"UIkit Team","email":"info@getuikit.com","url":"https://getuikit.com"}],"autoupdate":{"source":"npm","target":"uikit","fileMap":[{"basePath":"dist","files":["js/**/*.js","css/*.css"]}],"ignoreVersions":["*-dev.*"]},"description":"UIkit is a lightweight and modular front-end framework for developing fast and powerful web interfaces.","filename":"js/uikit.min.js","homepage":"https://getuikit.com","keywords":["uikit","css","framework"],"license":"MIT","name":"uikit","repository":{"type":"git","url":"git://github.com/uikit/uikit"},"author":"UIkit Team \u003cinfo@getuikit.com\u003e (https://getuikit.com)"}
KV keys:
- uikit/3.21.3/css/uikit-core-rtl.css.br
- uikit/3.21.3/css/uikit-core-rtl.css.gz
- uikit/3.21.3/css/uikit-core-rtl.min.css.br
- uikit/3.21.3/css/uikit-core-rtl.min.css.gz
- uikit/3.21.3/css/uikit-core.css.br
- uikit/3.21.3/css/uikit-core.css.gz
- uikit/3.21.3/css/uikit-core.min.css.br
- uikit/3.21.3/css/uikit-core.min.css.gz
- uikit/3.21.3/css/uikit-rtl.css.br
- uikit/3.21.3/css/uikit-rtl.css.gz
- uikit/3.21.3/css/uikit-rtl.min.css.br
- uikit/3.21.3/css/uikit-rtl.min.css.gz
- uikit/3.21.3/css/uikit.css.br
- uikit/3.21.3/css/uikit.css.gz
- uikit/3.21.3/css/uikit.min.css.br
- uikit/3.21.3/css/uikit.min.css.gz
- uikit/3.21.3/js/components/countdown.js.br
- uikit/3.21.3/js/components/countdown.js.gz
- uikit/3.21.3/js/components/countdown.min.js.br
- uikit/3.21.3/js/components/countdown.min.js.gz
- uikit/3.21.3/js/components/filter.js.br
- uikit/3.21.3/js/components/filter.js.gz
- uikit/3.21.3/js/components/filter.min.js.br
- uikit/3.21.3/js/components/filter.min.js.gz
- uikit/3.21.3/js/components/lightbox-panel.js.br
- uikit/3.21.3/js/components/lightbox-panel.js.gz
- uikit/3.21.3/js/components/lightbox-panel.min.js.br
- uikit/3.21.3/js/components/lightbox-panel.min.js.gz
- uikit/3.21.3/js/components/lightbox.js.br
- uikit/3.21.3/js/components/lightbox.js.gz
- uikit/3.21.3/js/components/lightbox.min.js.br
- uikit/3.21.3/js/components/lightbox.min.js.gz
- uikit/3.21.3/js/components/notification.js.br
- uikit/3.21.3/js/components/notification.js.gz
- uikit/3.21.3/js/components/notification.min.js.br
- uikit/3.21.3/js/components/notification.min.js.gz
- uikit/3.21.3/js/components/parallax.js.br
- uikit/3.21.3/js/components/parallax.js.gz
- uikit/3.21.3/js/components/parallax.min.js.br
- uikit/3.21.3/js/components/parallax.min.js.gz
- uikit/3.21.3/js/components/slider-parallax.js.br
- uikit/3.21.3/js/components/slider-parallax.js.gz
- uikit/3.21.3/js/components/slider-parallax.min.js.br
- uikit/3.21.3/js/components/slider-parallax.min.js.gz
- uikit/3.21.3/js/components/slider.js.br
- uikit/3.21.3/js/components/slider.js.gz
- uikit/3.21.3/js/components/slider.min.js.br
- uikit/3.21.3/js/components/slider.min.js.gz
- uikit/3.21.3/js/components/slideshow-parallax.js.br
- uikit/3.21.3/js/components/slideshow-parallax.js.gz
- uikit/3.21.3/js/components/slideshow-parallax.min.js.br
- uikit/3.21.3/js/components/slideshow-parallax.min.js.gz
- uikit/3.21.3/js/components/slideshow.js.br
- uikit/3.21.3/js/components/slideshow.js.gz
- uikit/3.21.3/js/components/slideshow.min.js.br
- uikit/3.21.3/js/components/slideshow.min.js.gz
- uikit/3.21.3/js/components/sortable.js.br
- uikit/3.21.3/js/components/sortable.js.gz
- uikit/3.21.3/js/components/sortable.min.js.br
- uikit/3.21.3/js/components/sortable.min.js.gz
- uikit/3.21.3/js/components/tooltip.js.br
- uikit/3.21.3/js/components/tooltip.js.gz
- uikit/3.21.3/js/components/tooltip.min.js.br
- uikit/3.21.3/js/components/tooltip.min.js.gz
- uikit/3.21.3/js/components/upload.js.br
- uikit/3.21.3/js/components/upload.js.gz
- uikit/3.21.3/js/components/upload.min.js.br
- uikit/3.21.3/js/components/upload.min.js.gz
- uikit/3.21.3/js/uikit-core.js.br
- uikit/3.21.3/js/uikit-core.js.gz
- uikit/3.21.3/js/uikit-core.min.js.br
- uikit/3.21.3/js/uikit-core.min.js.gz
- uikit/3.21.3/js/uikit-icons.js.br
- uikit/3.21.3/js/uikit-icons.js.gz
- uikit/3.21.3/js/uikit-icons.min.js.br
- uikit/3.21.3/js/uikit-icons.min.js.gz
- uikit/3.21.3/js/uikit.js.br
- uikit/3.21.3/js/uikit.js.gz
- uikit/3.21.3/js/uikit.min.js.br
- uikit/3.21.3/js/uikit.min.js.gz
SRIs:
- uikit/3.21.3/js/components/tooltip.js: sha512-pBUaW/ZDZXdM09Kvez3IW6suDHx4Qw1d5ESThSSr6nxOCxwPh6ZyhPPj0MttQQ9th3esVIy5pMDix4xAedgoFw==
- uikit/3.21.3/js/uikit-icons.js: sha512-WVtjTb4RdaDga6tZ5OH24ycEdY2EwFfmAC6OuxBwJDhiQmqyOvZACGhg/F3kpF2L3vG5Hb7201p6mbshsVJDYQ==
- uikit/3.21.3/js/uikit.min.js: sha512-HXdTBq2uPC9JJsxk2XqLWz4EKIxrU31pTzW3FJ6N9GXj18p+Ljr+ECWEUtQHxmwQe8LVh/dsMNpK/Lo/rkd4vA==
- uikit/3.21.3/css/uikit-core-rtl.css: sha512-KlXeMcOk/Tnqr1u3Epany1BszNvmJyyVfCM6yv2TNgPe9Rp+EwWQjQVmJpTRxh0+Ld36v+j43VH8uSrOsxXSXQ==
- uikit/3.21.3/css/uikit-rtl.min.css: sha512-rF1d/FrFWIVR4xxX/LVvxk5rXfKuk3TM90Q++yXT+nnwtj5K7nBbZzXD7Vp6FoKV7rxBFwjdx8aUo6GUsVyh8w==
- uikit/3.21.3/js/components/countdown.min.js: sha512-pDzCCzrLBU8YAERKzf0SCt9oAhGs3VJ9wb91rVG/BVOLZe+R6L7ZAIJCi/fJxWZyiQwNAxBQu7OqKfl9W8nuiQ==
- uikit/3.21.3/js/components/lightbox.js: sha512-BxCAIFB1Sh/poLb+8vsqO/rKI0RM/1Uq4rZX/TXmBu8vdShHAlKwSqTtNbiqqs0tItSgEgkVmfl4xj75GTmXUw==
- uikit/3.21.3/js/components/notification.min.js: sha512-wyS/aodGQQtaEo3bFc7WHuaEZd4DbJVtusjy0VHAeHi2OZLEYlH1zZi9vfHWjOOl2R7L61h1jEhNq5YwOwh4OQ==
- uikit/3.21.3/js/components/parallax.min.js: sha512-WNBbQEy9ZkyFHzQCdhv9VKiZgQufRBtmX6fT/eYylpBntg/GKgL/dwabuEQBdk5hT0Ojxf7IrtgElgdXN/hHww==
- uikit/3.21.3/js/components/slideshow-parallax.js: sha512-FkhE81tKsl+g6yWfmV235Of4p/moip/G95pCnsicePuNWkz1on1awCSQRm46HxOxxTkdMPr3cPfEo7Aq3rZSlw==
- uikit/3.21.3/js/components/upload.min.js: sha512-XwaTxZaIF/2O/MCcnoExzsxlUaT2hWP0+HNYcS36zjXPSH3Bp2YLXIYfRwuZ4fSstu4nu1zA1G2fXK/viA6jbQ==
- uikit/3.21.3/css/uikit-rtl.css: sha512-n02QAT5uFB3JXJcsUx0uC7fLzArFPMOIi1Ruoxwt0dj2BeSlsc1cTM4+TEhci+kUIQJ3h7bKaU7JE9a++qV2rQ==
- uikit/3.21.3/js/components/slider-parallax.min.js: sha512-nyhySUpuopdyUdWUzGvWIHK9eEnwoo8mi94g7S1+wnJezXinpd7xrue9lYrt1yOE5Rp2zyVL0I99ggBJhzfIPg==
- uikit/3.21.3/js/components/slideshow.js: sha512-1mNKz9axEO04ruq81MWXVIidYOPoexwa8aPjDQ7Ob4zC3Pty9NZVO6lk5T8x0XrsnygUBoxcUfzdF/6SKR8Ovw==
- uikit/3.21.3/js/components/sortable.min.js: sha512-vy15qOrg47WmEmr8xaGHTSx1W15yNRWn9YMpKQH3HmvFrPEb8DHkHFox6SbFJfVFJtbtTRfWAcuzaF1ACTfBBw==
- uikit/3.21.3/css/uikit-core.min.css: sha512-QB+WG4w9ojbpQFQ6S9W4CUAlLooIT304bRLPRGsUAihY1C03IdFko4Ci2fSJWlmFdNWqyRtxTT2ir1i62Y3fVw==
- uikit/3.21.3/css/uikit.css: sha512-oa6CivVMlIN0veC7Z16umVQg7i+Sqhsia/HD85SeESVEMsk0g0YejmOx9JFZcRh5nzCIu9kq5tAFfN9gdT0COg==
- uikit/3.21.3/js/components/filter.js: sha512-HfxPpFB9Px+lIkqjqTRoet3KU4f/onupoRuJHKiJn+2V7XiqkrdzxBYA1zmf68IFZfhklxXbjehqDuXqZC4rkQ==
- uikit/3.21.3/js/components/slider-parallax.js: sha512-VzGiS9bhyLral/5PcmNxZNv/QFKqWqcpsS8YYFYObIdVZmTAKHw87GJycedt7GT9qPAvHh2klHieEpFieWzafw==
- uikit/3.21.3/js/components/sortable.js: sha512-/onpgZOQhtD2ppafUDoPyqdZjQq5c/+ZJLcG3RjN4tBguIROn4Eriz94h2NbWY3NCqVBcn276Bkn6+v+VkPD3w==
- uikit/3.21.3/js/components/tooltip.min.js: sha512-w9xCcteadHdC/bPAfY3iUaJY0YjpY1F7OPAxc5PaardOlfEpCNz/+8f+ERqssCNU4gul4xRKyokI4pxGmZl5yw==
- uikit/3.21.3/js/uikit-icons.min.js: sha512-WUtDRLemAqPJ8oqT4p50PTZLx0aRKTkt+DZdWfZQ7Rv3c5YP1ZegFMRTjbQ8JhEBs1Wxb5+spPeOnmr54ZU0pw==
- uikit/3.21.3/js/uikit.js: sha512-diUlQsv+eWDMqKOmgcDZ+l+ej8rr1/rQ/SP+XzACXftrGp2iD/sW9MpG+GSTAwXapwGIQ1Z/6bWNnxczwwbmGw==
- uikit/3.21.3/js/components/slider.min.js: sha512-duqYvqYc9xhq+7AWSjeRejB0BFHle48rcuVdn+ylx3RMsUvHO4xitQ2gK/pBQ9KtPDb1m5D7pERMrjM9iat7WA==
- uikit/3.21.3/js/components/countdown.js: sha512-r4GPpvXmH7aZLZnzv40k6UdFO08BjTyiiQ56WaBJCX3ZusLgDI1vf0GuwL5VnYwKh0dCqMyhxa6ajzYe0FXV9g==
- uikit/3.21.3/js/components/lightbox-panel.js: sha512-hkC5fGf3A55R5eSIYlSeIVr41fOxncu9QQWZrj+NUQWFJEPtwt3VjQ03Y8YB75mKdqvSngZGrLulpdNjXx74qw==
- uikit/3.21.3/js/components/notification.js: sha512-aZM8s0j/BzNcTUPon5IEnDhKo+cRhRYDe3ei8EzrMRIhPCIkG4STAjtbDT42gbMNxcZ6iTuiRwrkAyoWzNEqMg==
- uikit/3.21.3/js/components/upload.js: sha512-PeSrvDucDg04EQtNn2LOFF0kkniga3+Bv4J733lRg/sK76bEUHfKZwGSNOBO4/cQWjW7FrDoUd/jZM72epGo5A==
- uikit/3.21.3/css/uikit-core-rtl.min.css: sha512-7YOpaV3CokWznBq2Kq5MaIdcCyt1HpgIEyKyWN2dJqGhEjlhlahptwM78bqOKFmthrAeWNc7WSOKdhvCa8E8SA==
- uikit/3.21.3/css/uikit-core.css: sha512-igxIS9F7Gs1TXHM5IdbXNCJG5xyDzUySQm1CVVHTfOGOHilfya/B9wLSA11MGenI+vPYHhg4dXmRIlS/7oXg8g==
- uikit/3.21.3/js/components/lightbox-panel.min.js: sha512-FXIYHvo5EAhE3S/ZE8/aVuWXCwBknVUbOK6++wR3jnMg3VIPMvUMPjiULGrJMC2g6OQpimSmMadb9E7liFhSiA==
- uikit/3.21.3/js/components/slider.js: sha512-8R0GCTv6NaE3ZCCA0LisvcYgJUpxAoPonWp4lbs44uXQ0hual/rcXL8qelWO143SJfjv6Jje2nrXTtDPnCwohg==
- uikit/3.21.3/js/components/slideshow.min.js: sha512-r9tJUa9IkKfcefTA7r/nlXCUfDjjNGUfNQMOW1F9czhI8CO+pka+la/dcP93csShOKpF73HYG30Y1zUwtg3Zew==
- uikit/3.21.3/js/uikit-core.js: sha512-Kq5nVrhhC4mY36n6cxJxYAmFBrLUX3haBamyCeB3yml+3/16fiMo8S6ls7Rq9gUKLXHrf/KXPpef0zfVcT2hRw==
- uikit/3.21.3/js/uikit-core.min.js: sha512-BSIniuh6uo6frh4G6FuF9ipjVaeob/ABzGKHQa1v38Cq7hRyZVtVrzwA7360LvFeBAjZ3zIFe4aekzYzxUjg1A==
- uikit/3.21.3/css/uikit.min.css: sha512-+ySz24UNnzP+4kJ7dqcOheKEWQu1sMTtdp+SGcrhESM1dNMXGDZVLRzjv/DiJu41/hDdhhvPSiFzpW5QUaHQnQ==
- uikit/3.21.3/js/components/filter.min.js: sha512-4Urgb2MpgViAZUNXGJAxbw+3Xt283GpWDXyVy8X+Rq4fyOjrswXXYqgJOxljdUlZSi7pFAp2iYdVGlQ+R0NW0A==
- uikit/3.21.3/js/components/lightbox.min.js: sha512-7oz0SdKTunF7PdDvI/JB+E2QcpZnTdsnszLTjcrVmIpMLXLXIkjYxLHJXA5fvjiHfcLxiN7/NEFnUOSrkntQ0w==
- uikit/3.21.3/js/components/parallax.js: sha512-D+B4HZvaZ49e/Mhqx4Qf2MzPY1kTkMbVIx8aRGpmBiPVlS1P5UYpA93YypfOaBFRCmJUgxThTpb/cIRxbUz+gA==
- uikit/3.21.3/js/components/slideshow-parallax.min.js: sha512-Mgd4nZmPlgfXM7viHyROjmLY6pkHREpvvA99f+n9PDLfwnyPFfnPz+AC3M6Gwl1JdNBrVA+JEdYe2JS14aoPdg==
