config: {"authors":[{"name":"Google Inc."}],"autoupdate":{"source":"npm","target":"@fontsource/poor-story","fileMap":[{"basePath":"","files":["*.css","files/*.@(woff|woff2)"]}],"excludeFromSearch":true},"description":"Self-host the Poor Story font in a neatly bundled NPM package.","filename":"index.css","homepage":"https://fontsource.org/fonts/poor-story","keywords":["fontsource","font","font family","google fonts","poor-story","Poor Story","css","sass","front-end","web","typeface","variable"],"license":"OFL-1.1","name":"fontsource-poor-story","repository":{"type":"git","url":"git+https://github.com/fontsource/font-files.git"},"author":"Google Inc."}
KV keys:
- fontsource-poor-story/4.5.6/400.css.br
- fontsource-poor-story/4.5.6/400.css.gz
- fontsource-poor-story/4.5.6/400.min.css.br
- fontsource-poor-story/4.5.6/400.min.css.gz
- fontsource-poor-story/4.5.6/index.css.br
- fontsource-poor-story/4.5.6/index.css.gz
- fontsource-poor-story/4.5.6/index.min.css.br
- fontsource-poor-story/4.5.6/index.min.css.gz
- fontsource-poor-story/4.5.6/korean-400.css.br
- fontsource-poor-story/4.5.6/korean-400.css.gz
- fontsource-poor-story/4.5.6/korean-400.min.css.br
- fontsource-poor-story/4.5.6/korean-400.min.css.gz
- fontsource-poor-story/4.5.6/korean.css.br
- fontsource-poor-story/4.5.6/korean.css.gz
- fontsource-poor-story/4.5.6/korean.min.css.br
- fontsource-poor-story/4.5.6/korean.min.css.gz
- fontsource-poor-story/4.5.6/latin-400.css.br
- fontsource-poor-story/4.5.6/latin-400.css.gz
- fontsource-poor-story/4.5.6/latin-400.min.css.br
- fontsource-poor-story/4.5.6/latin-400.min.css.gz
- fontsource-poor-story/4.5.6/latin.css.br
- fontsource-poor-story/4.5.6/latin.css.gz
- fontsource-poor-story/4.5.6/latin.min.css.br
- fontsource-poor-story/4.5.6/latin.min.css.gz
SRIs:
- fontsource-poor-story/4.5.6/latin-400.css: sha512-aY3izk5ZR+udOi7JjIplpfIk1JjgID/dL2/Zn9VC/rNnlVmtprjpK+tA1UtPNAmsi4Cj5FEqnjE7EhkIub53bQ==
- fontsource-poor-story/4.5.6/latin-400.min.css: sha512-SOZbJhVseVUyeNJaRhx/Ozp94ZnxBfRtqaXdyeQSqw9/yKlNLm/17JZ8Q5bMlorJOG2LN7gKqOikX97/UExbxw==
- fontsource-poor-story/4.5.6/400.css: sha512-Rd9pXdt3Z/d2pAcAlZIwMK6GuaecJeqFsjqYaIfVvNpJhvgt+aO9lrE3T1iAwVR0E7VXxUJ+aYj0wQT2qrTuNg==
- fontsource-poor-story/4.5.6/index.min.css: sha512-IPqS+AiyN8pnYF4Fe9RllWRNHBHQi+d26eeqj1PgLoPjErF2DCCFINV6LF7CdSOXYYob4dviS9wKjoCuP7xcbA==
- fontsource-poor-story/4.5.6/korean-400.css: sha512-VvZn//qPRoi62pKxo1FUdlp/mcK1hqrCOt+xtAG4qBGLCyKxA3vVNQixiOCqMEBaIHznoqj3Y6KWlkmnsPrU4Q==
- fontsource-poor-story/4.5.6/korean-400.min.css: sha512-fLBJZT3JTchLYOvImMaDmYqGOkd7xeKvIgmueBG40CjWpJCN+lujA0X/XjIXiYR4EYPW0F7rl2ltrCYcl2oGQA==
- fontsource-poor-story/4.5.6/korean.css: sha512-VvZn//qPRoi62pKxo1FUdlp/mcK1hqrCOt+xtAG4qBGLCyKxA3vVNQixiOCqMEBaIHznoqj3Y6KWlkmnsPrU4Q==
- fontsource-poor-story/4.5.6/korean.min.css: sha512-fLBJZT3JTchLYOvImMaDmYqGOkd7xeKvIgmueBG40CjWpJCN+lujA0X/XjIXiYR4EYPW0F7rl2ltrCYcl2oGQA==
- fontsource-poor-story/4.5.6/latin.min.css: sha512-SOZbJhVseVUyeNJaRhx/Ozp94ZnxBfRtqaXdyeQSqw9/yKlNLm/17JZ8Q5bMlorJOG2LN7gKqOikX97/UExbxw==
- fontsource-poor-story/4.5.6/400.min.css: sha512-IPqS+AiyN8pnYF4Fe9RllWRNHBHQi+d26eeqj1PgLoPjErF2DCCFINV6LF7CdSOXYYob4dviS9wKjoCuP7xcbA==
- fontsource-poor-story/4.5.6/index.css: sha512-Rd9pXdt3Z/d2pAcAlZIwMK6GuaecJeqFsjqYaIfVvNpJhvgt+aO9lrE3T1iAwVR0E7VXxUJ+aYj0wQT2qrTuNg==
- fontsource-poor-story/4.5.6/latin.css: sha512-aY3izk5ZR+udOi7JjIplpfIk1JjgID/dL2/Zn9VC/rNnlVmtprjpK+tA1UtPNAmsi4Cj5FEqnjE7EhkIub53bQ==
