config: {"authors":[{"name":"Google Inc."}],"autoupdate":{"source":"npm","target":"@fontsource/shojumaru","fileMap":[{"basePath":"","files":["*.css","files/*.@(woff|woff2)"]}],"excludeFromSearch":true},"description":"Self-host the Shojumaru font in a neatly bundled NPM package.","filename":"index.css","homepage":"https://fontsource.org/fonts/shojumaru","keywords":["fontsource","font","font family","google fonts","shojumaru","Shojumaru","css","sass","front-end","web","typeface","variable"],"license":"OFL-1.1","name":"fontsource-shojumaru","repository":{"type":"git","url":"git+https://github.com/fontsource/font-files.git"},"author":"Google Inc."}
KV keys:
- fontsource-shojumaru/4.5.10/400.css.br
- fontsource-shojumaru/4.5.10/400.css.gz
- fontsource-shojumaru/4.5.10/400.min.css.br
- fontsource-shojumaru/4.5.10/400.min.css.gz
- fontsource-shojumaru/4.5.10/files/shojumaru-all-400-normal.woff.br
- fontsource-shojumaru/4.5.10/files/shojumaru-all-400-normal.woff.gz
- fontsource-shojumaru/4.5.10/files/shojumaru-latin-400-normal.woff.br
- fontsource-shojumaru/4.5.10/files/shojumaru-latin-400-normal.woff.gz
- fontsource-shojumaru/4.5.10/files/shojumaru-latin-400-normal.woff2
- fontsource-shojumaru/4.5.10/files/shojumaru-latin-ext-400-normal.woff.br
- fontsource-shojumaru/4.5.10/files/shojumaru-latin-ext-400-normal.woff.gz
- fontsource-shojumaru/4.5.10/files/shojumaru-latin-ext-400-normal.woff2
- fontsource-shojumaru/4.5.10/index.css.br
- fontsource-shojumaru/4.5.10/index.css.gz
- fontsource-shojumaru/4.5.10/index.min.css.br
- fontsource-shojumaru/4.5.10/index.min.css.gz
- fontsource-shojumaru/4.5.10/latin-400.css.br
- fontsource-shojumaru/4.5.10/latin-400.css.gz
- fontsource-shojumaru/4.5.10/latin-400.min.css.br
- fontsource-shojumaru/4.5.10/latin-400.min.css.gz
- fontsource-shojumaru/4.5.10/latin-ext-400.css.br
- fontsource-shojumaru/4.5.10/latin-ext-400.css.gz
- fontsource-shojumaru/4.5.10/latin-ext-400.min.css.br
- fontsource-shojumaru/4.5.10/latin-ext-400.min.css.gz
- fontsource-shojumaru/4.5.10/latin-ext.css.br
- fontsource-shojumaru/4.5.10/latin-ext.css.gz
- fontsource-shojumaru/4.5.10/latin-ext.min.css.br
- fontsource-shojumaru/4.5.10/latin-ext.min.css.gz
- fontsource-shojumaru/4.5.10/latin.css.br
- fontsource-shojumaru/4.5.10/latin.css.gz
- fontsource-shojumaru/4.5.10/latin.min.css.br
- fontsource-shojumaru/4.5.10/latin.min.css.gz
SRIs:
- fontsource-shojumaru/4.5.10/400.min.css: sha512-GxTa6+fL6P1wpYcRqKVWiLcBYl5ExBWJrH5Ir5nKnwfAOA40c11rUPAO5HsfDU5UnKT7rra2vfyYogyUQOJ+jg==
- fontsource-shojumaru/4.5.10/index.css: sha512-XKs5VxffNFxsnFdB+ldEsSCFj2Jy8u30MyIGfflrJSbSkB4z/7qNAzNvZXj0mA6Ojd5RwOZrJjKt9hv1J/rcHQ==
- fontsource-shojumaru/4.5.10/index.min.css: sha512-GxTa6+fL6P1wpYcRqKVWiLcBYl5ExBWJrH5Ir5nKnwfAOA40c11rUPAO5HsfDU5UnKT7rra2vfyYogyUQOJ+jg==
- fontsource-shojumaru/4.5.10/latin-400.min.css: sha512-NfLqiJ4PGMXlHHBeffKk3c0C6orpwLZtPgTEZXg6DhfQfSfpRCRxvDiKTqncxfTt3r9FS6mWUNnMVQfTaOxzyA==
- fontsource-shojumaru/4.5.10/latin-ext-400.min.css: sha512-67FtJPEO2Q+W1AXYyVTShgiBEiQR3LF2BPj96YSs5SQ8eaxD2zphxJRnJnDVBThMvl5KbiCSBINcxLbrdnQnzw==
- fontsource-shojumaru/4.5.10/latin-ext.css: sha512-zIrWIA5NLVZbUcnCWoJzcVMLQp5mqZ5hsUPFFs+mNNSBIUQgMhCbbMGKoWfSxzLHukqU4qo9PhAdvmlpl1PfHw==
- fontsource-shojumaru/4.5.10/latin.min.css: sha512-NfLqiJ4PGMXlHHBeffKk3c0C6orpwLZtPgTEZXg6DhfQfSfpRCRxvDiKTqncxfTt3r9FS6mWUNnMVQfTaOxzyA==
- fontsource-shojumaru/4.5.10/400.css: sha512-XKs5VxffNFxsnFdB+ldEsSCFj2Jy8u30MyIGfflrJSbSkB4z/7qNAzNvZXj0mA6Ojd5RwOZrJjKt9hv1J/rcHQ==
- fontsource-shojumaru/4.5.10/latin-400.css: sha512-bnovPbR6LWD0RM6NxJYrLPnk92UyzlZplLG59pliNP447s0Yz085cI1iay6sRrDrebP0/i9s2ybjwHGYR4sqZQ==
- fontsource-shojumaru/4.5.10/latin-ext-400.css: sha512-zIrWIA5NLVZbUcnCWoJzcVMLQp5mqZ5hsUPFFs+mNNSBIUQgMhCbbMGKoWfSxzLHukqU4qo9PhAdvmlpl1PfHw==
- fontsource-shojumaru/4.5.10/latin-ext.min.css: sha512-67FtJPEO2Q+W1AXYyVTShgiBEiQR3LF2BPj96YSs5SQ8eaxD2zphxJRnJnDVBThMvl5KbiCSBINcxLbrdnQnzw==
- fontsource-shojumaru/4.5.10/latin.css: sha512-bnovPbR6LWD0RM6NxJYrLPnk92UyzlZplLG59pliNP447s0Yz085cI1iay6sRrDrebP0/i9s2ybjwHGYR4sqZQ==
