config: {"authors":[{"name":"Google Inc."}],"autoupdate":{"source":"npm","target":"@fontsource/kaisei-opti","fileMap":[{"basePath":"","files":["*.css","files/*.@(woff|woff2)"]}],"excludeFromSearch":true},"description":"Self-host the Kaisei Opti font in a neatly bundled NPM package.","filename":"index.css","homepage":"https://fontsource.org/fonts/kaisei-opti","keywords":["fontsource","font","font family","google fonts","kaisei-opti","Kaisei Opti","css","sass","front-end","web","typeface","variable"],"license":"OFL-1.1","name":"fontsource-kaisei-opti","repository":{"type":"git","url":"git+https://github.com/fontsource/font-files.git"},"author":"Google Inc."}
KV keys:
- fontsource-kaisei-opti/5.0.1/400.css.br
- fontsource-kaisei-opti/5.0.1/400.css.gz
- fontsource-kaisei-opti/5.0.1/400.min.css.br
- fontsource-kaisei-opti/5.0.1/400.min.css.gz
- fontsource-kaisei-opti/5.0.1/500.css.br
- fontsource-kaisei-opti/5.0.1/500.css.gz
- fontsource-kaisei-opti/5.0.1/500.min.css.br
- fontsource-kaisei-opti/5.0.1/500.min.css.gz
- fontsource-kaisei-opti/5.0.1/700.css.br
- fontsource-kaisei-opti/5.0.1/700.css.gz
- fontsource-kaisei-opti/5.0.1/700.min.css.br
- fontsource-kaisei-opti/5.0.1/700.min.css.gz
- fontsource-kaisei-opti/5.0.1/cyrillic-400.css.br
- fontsource-kaisei-opti/5.0.1/cyrillic-400.css.gz
- fontsource-kaisei-opti/5.0.1/cyrillic-400.min.css.br
- fontsource-kaisei-opti/5.0.1/cyrillic-400.min.css.gz
- fontsource-kaisei-opti/5.0.1/cyrillic-500.css.br
- fontsource-kaisei-opti/5.0.1/cyrillic-500.css.gz
- fontsource-kaisei-opti/5.0.1/cyrillic-500.min.css.br
- fontsource-kaisei-opti/5.0.1/cyrillic-500.min.css.gz
- fontsource-kaisei-opti/5.0.1/cyrillic-700.css.br
- fontsource-kaisei-opti/5.0.1/cyrillic-700.css.gz
- fontsource-kaisei-opti/5.0.1/cyrillic-700.min.css.br
- fontsource-kaisei-opti/5.0.1/cyrillic-700.min.css.gz
- fontsource-kaisei-opti/5.0.1/cyrillic.css.br
- fontsource-kaisei-opti/5.0.1/cyrillic.css.gz
- fontsource-kaisei-opti/5.0.1/cyrillic.min.css.br
- fontsource-kaisei-opti/5.0.1/cyrillic.min.css.gz
- fontsource-kaisei-opti/5.0.1/files/kaisei-opti-0-400-normal.woff.br
- fontsource-kaisei-opti/5.0.1/files/kaisei-opti-0-400-normal.woff.gz
- fontsource-kaisei-opti/5.0.1/files/kaisei-opti-0-400-normal.woff2
- fontsource-kaisei-opti/5.0.1/files/kaisei-opti-0-500-normal.woff.br
- fontsource-kaisei-opti/5.0.1/files/kaisei-opti-0-500-normal.woff.gz
- fontsource-kaisei-opti/5.0.1/files/kaisei-opti-0-500-normal.woff2
- fontsource-kaisei-opti/5.0.1/files/kaisei-opti-0-700-normal.woff.br
- fontsource-kaisei-opti/5.0.1/files/kaisei-opti-0-700-normal.woff.gz
- fontsource-kaisei-opti/5.0.1/files/kaisei-opti-0-700-normal.woff2
- fontsource-kaisei-opti/5.0.1/files/kaisei-opti-1-400-normal.woff.br
- fontsource-kaisei-opti/5.0.1/files/kaisei-opti-1-400-normal.woff.gz
- fontsource-kaisei-opti/5.0.1/files/kaisei-opti-1-400-normal.woff2
- fontsource-kaisei-opti/5.0.1/files/kaisei-opti-1-500-normal.woff.br
- fontsource-kaisei-opti/5.0.1/files/kaisei-opti-1-500-normal.woff.gz
- fontsource-kaisei-opti/5.0.1/files/kaisei-opti-1-500-normal.woff2
- fontsource-kaisei-opti/5.0.1/files/kaisei-opti-1-700-normal.woff.br
- fontsource-kaisei-opti/5.0.1/files/kaisei-opti-1-700-normal.woff.gz
- fontsource-kaisei-opti/5.0.1/files/kaisei-opti-1-700-normal.woff2
- fontsource-kaisei-opti/5.0.1/files/kaisei-opti-10-400-normal.woff.br
- fontsource-kaisei-opti/5.0.1/files/kaisei-opti-10-400-normal.woff.gz
- fontsource-kaisei-opti/5.0.1/files/kaisei-opti-10-400-normal.woff2
- fontsource-kaisei-opti/5.0.1/files/kaisei-opti-10-500-normal.woff.br
- fontsource-kaisei-opti/5.0.1/files/kaisei-opti-10-500-normal.woff.gz
- fontsource-kaisei-opti/5.0.1/files/kaisei-opti-10-500-normal.woff2
- fontsource-kaisei-opti/5.0.1/files/kaisei-opti-10-700-normal.woff.br
- fontsource-kaisei-opti/5.0.1/files/kaisei-opti-10-700-normal.woff.gz
- fontsource-kaisei-opti/5.0.1/files/kaisei-opti-10-700-normal.woff2
- fontsource-kaisei-opti/5.0.1/files/kaisei-opti-100-400-normal.woff.br
- fontsource-kaisei-opti/5.0.1/files/kaisei-opti-100-400-normal.woff.gz
- fontsource-kaisei-opti/5.0.1/files/kaisei-opti-100-400-normal.woff2
- fontsource-kaisei-opti/5.0.1/files/kaisei-opti-100-500-normal.woff.br
- fontsource-kaisei-opti/5.0.1/files/kaisei-opti-100-500-normal.woff.gz
- fontsource-kaisei-opti/5.0.1/files/kaisei-opti-100-500-normal.woff2
- fontsource-kaisei-opti/5.0.1/files/kaisei-opti-100-700-normal.woff.br
- fontsource-kaisei-opti/5.0.1/files/kaisei-opti-100-700-normal.woff.gz
- fontsource-kaisei-opti/5.0.1/files/kaisei-opti-100-700-normal.woff2
- fontsource-kaisei-opti/5.0.1/files/kaisei-opti-101-400-normal.woff.br
- fontsource-kaisei-opti/5.0.1/files/kaisei-opti-101-400-normal.woff.gz
- fontsource-kaisei-opti/5.0.1/files/kaisei-opti-101-400-normal.woff2
- fontsource-kaisei-opti/5.0.1/files/kaisei-opti-101-500-normal.woff.br
- fontsource-kaisei-opti/5.0.1/files/kaisei-opti-101-500-normal.woff.gz
- fontsource-kaisei-opti/5.0.1/files/kaisei-opti-101-500-normal.woff2
- fontsource-kaisei-opti/5.0.1/files/kaisei-opti-101-700-normal.woff.br
- fontsource-kaisei-opti/5.0.1/files/kaisei-opti-101-700-normal.woff.gz
- fontsource-kaisei-opti/5.0.1/files/kaisei-opti-101-700-normal.woff2
- fontsource-kaisei-opti/5.0.1/files/kaisei-opti-102-400-normal.woff.br
- fontsource-kaisei-opti/5.0.1/files/kaisei-opti-102-400-normal.woff.gz
- fontsource-kaisei-opti/5.0.1/files/kaisei-opti-102-400-normal.woff2
- fontsource-kaisei-opti/5.0.1/files/kaisei-opti-102-500-normal.woff.br
- fontsource-kaisei-opti/5.0.1/files/kaisei-opti-102-500-normal.woff.gz
- fontsource-kaisei-opti/5.0.1/files/kaisei-opti-102-500-normal.woff2
- fontsource-kaisei-opti/5.0.1/files/kaisei-opti-102-700-normal.woff.br
- fontsource-kaisei-opti/5.0.1/files/kaisei-opti-102-700-normal.woff.gz
- fontsource-kaisei-opti/5.0.1/files/kaisei-opti-102-700-normal.woff2
- fontsource-kaisei-opti/5.0.1/files/kaisei-opti-103-400-normal.woff.br
- fontsource-kaisei-opti/5.0.1/files/kaisei-opti-103-400-normal.woff.gz
- fontsource-kaisei-opti/5.0.1/files/kaisei-opti-103-400-normal.woff2
- fontsource-kaisei-opti/5.0.1/files/kaisei-opti-103-500-normal.woff.br
- fontsource-kaisei-opti/5.0.1/files/kaisei-opti-103-500-normal.woff.gz
- fontsource-kaisei-opti/5.0.1/files/kaisei-opti-103-500-normal.woff2
- fontsource-kaisei-opti/5.0.1/files/kaisei-opti-103-700-normal.woff.br
- fontsource-kaisei-opti/5.0.1/files/kaisei-opti-103-700-normal.woff.gz
- fontsource-kaisei-opti/5.0.1/files/kaisei-opti-103-700-normal.woff2
- fontsource-kaisei-opti/5.0.1/files/kaisei-opti-104-400-normal.woff.br
- fontsource-kaisei-opti/5.0.1/files/kaisei-opti-104-400-normal.woff.gz
- fontsource-kaisei-opti/5.0.1/files/kaisei-opti-104-400-normal.woff2
- fontsource-kaisei-opti/5.0.1/files/kaisei-opti-104-500-normal.woff.br
- fontsource-kaisei-opti/5.0.1/files/kaisei-opti-104-500-normal.woff.gz
- fontsource-kaisei-opti/5.0.1/files/kaisei-opti-104-500-normal.woff2
- fontsource-kaisei-opti/5.0.1/files/kaisei-opti-104-700-normal.woff.br
- fontsource-kaisei-opti/5.0.1/files/kaisei-opti-104-700-normal.woff.gz
- fontsource-kaisei-opti/5.0.1/files/kaisei-opti-104-700-normal.woff2
- fontsource-kaisei-opti/5.0.1/files/kaisei-opti-105-400-normal.woff.br
- fontsource-kaisei-opti/5.0.1/files/kaisei-opti-105-400-normal.woff.gz
- fontsource-kaisei-opti/5.0.1/files/kaisei-opti-105-400-normal.woff2
- fontsource-kaisei-opti/5.0.1/files/kaisei-opti-105-500-normal.woff.br
- fontsource-kaisei-opti/5.0.1/files/kaisei-opti-105-500-normal.woff.gz
- fontsource-kaisei-opti/5.0.1/files/kaisei-opti-105-500-normal.woff2
- fontsource-kaisei-opti/5.0.1/files/kaisei-opti-105-700-normal.woff.br
- fontsource-kaisei-opti/5.0.1/files/kaisei-opti-105-700-normal.woff.gz
- fontsource-kaisei-opti/5.0.1/files/kaisei-opti-105-700-normal.woff2
- fontsource-kaisei-opti/5.0.1/files/kaisei-opti-106-400-normal.woff.br
- fontsource-kaisei-opti/5.0.1/files/kaisei-opti-106-400-normal.woff.gz
- fontsource-kaisei-opti/5.0.1/files/kaisei-opti-106-400-normal.woff2
- fontsource-kaisei-opti/5.0.1/files/kaisei-opti-106-500-normal.woff.br
- fontsource-kaisei-opti/5.0.1/files/kaisei-opti-106-500-normal.woff.gz
- fontsource-kaisei-opti/5.0.1/files/kaisei-opti-106-500-normal.woff2
- fontsource-kaisei-opti/5.0.1/files/kaisei-opti-106-700-normal.woff.br
- fontsource-kaisei-opti/5.0.1/files/kaisei-opti-106-700-normal.woff.gz
- fontsource-kaisei-opti/5.0.1/files/kaisei-opti-106-700-normal.woff2
- fontsource-kaisei-opti/5.0.1/files/kaisei-opti-107-400-normal.woff.br
- fontsource-kaisei-opti/5.0.1/files/kaisei-opti-107-400-normal.woff.gz
- fontsource-kaisei-opti/5.0.1/files/kaisei-opti-107-400-normal.woff2
- fontsource-kaisei-opti/5.0.1/files/kaisei-opti-107-500-normal.woff.br
- fontsource-kaisei-opti/5.0.1/files/kaisei-opti-107-500-normal.woff.gz
- fontsource-kaisei-opti/5.0.1/files/kaisei-opti-107-500-normal.woff2
- fontsource-kaisei-opti/5.0.1/files/kaisei-opti-107-700-normal.woff.br
- fontsource-kaisei-opti/5.0.1/files/kaisei-opti-107-700-normal.woff.gz
- fontsource-kaisei-opti/5.0.1/files/kaisei-opti-107-700-normal.woff2
- fontsource-kaisei-opti/5.0.1/files/kaisei-opti-108-400-normal.woff.br
- fontsource-kaisei-opti/5.0.1/files/kaisei-opti-108-400-normal.woff.gz
- fontsource-kaisei-opti/5.0.1/files/kaisei-opti-108-400-normal.woff2
- fontsource-kaisei-opti/5.0.1/files/kaisei-opti-108-500-normal.woff.br
- fontsource-kaisei-opti/5.0.1/files/kaisei-opti-108-500-normal.woff.gz
- fontsource-kaisei-opti/5.0.1/files/kaisei-opti-108-500-normal.woff2
- fontsource-kaisei-opti/5.0.1/files/kaisei-opti-108-700-normal.woff.br
- fontsource-kaisei-opti/5.0.1/files/kaisei-opti-108-700-normal.woff.gz
- fontsource-kaisei-opti/5.0.1/files/kaisei-opti-108-700-normal.woff2
- fontsource-kaisei-opti/5.0.1/files/kaisei-opti-109-400-normal.woff.br
- fontsource-kaisei-opti/5.0.1/files/kaisei-opti-109-400-normal.woff.gz
- fontsource-kaisei-opti/5.0.1/files/kaisei-opti-109-400-normal.woff2
- fontsource-kaisei-opti/5.0.1/files/kaisei-opti-109-500-normal.woff.br
- fontsource-kaisei-opti/5.0.1/files/kaisei-opti-109-500-normal.woff.gz
- fontsource-kaisei-opti/5.0.1/files/kaisei-opti-109-500-normal.woff2
- fontsource-kaisei-opti/5.0.1/files/kaisei-opti-109-700-normal.woff.br
- fontsource-kaisei-opti/5.0.1/files/kaisei-opti-109-700-normal.woff.gz
- fontsource-kaisei-opti/5.0.1/files/kaisei-opti-109-700-normal.woff2
- fontsource-kaisei-opti/5.0.1/files/kaisei-opti-11-400-normal.woff.br
- fontsource-kaisei-opti/5.0.1/files/kaisei-opti-11-400-normal.woff.gz
- fontsource-kaisei-opti/5.0.1/files/kaisei-opti-11-400-normal.woff2
- fontsource-kaisei-opti/5.0.1/files/kaisei-opti-11-500-normal.woff.br
- fontsource-kaisei-opti/5.0.1/files/kaisei-opti-11-500-normal.woff.gz
- fontsource-kaisei-opti/5.0.1/files/kaisei-opti-11-500-normal.woff2
- fontsource-kaisei-opti/5.0.1/files/kaisei-opti-11-700-normal.woff.br
- fontsource-kaisei-opti/5.0.1/files/kaisei-opti-11-700-normal.woff.gz
- fontsource-kaisei-opti/5.0.1/files/kaisei-opti-11-700-normal.woff2
- fontsource-kaisei-opti/5.0.1/files/kaisei-opti-110-400-normal.woff.br
- fontsource-kaisei-opti/5.0.1/files/kaisei-opti-110-400-normal.woff.gz
- fontsource-kaisei-opti/5.0.1/files/kaisei-opti-110-400-normal.woff2
- fontsource-kaisei-opti/5.0.1/files/kaisei-opti-110-500-normal.woff.br
- fontsource-kaisei-opti/5.0.1/files/kaisei-opti-110-500-normal.woff.gz
- fontsource-kaisei-opti/5.0.1/files/kaisei-opti-110-500-normal.woff2
- fontsource-kaisei-opti/5.0.1/files/kaisei-opti-110-700-normal.woff.br
- fontsource-kaisei-opti/5.0.1/files/kaisei-opti-110-700-normal.woff.gz
- fontsource-kaisei-opti/5.0.1/files/kaisei-opti-110-700-normal.woff2
- fontsource-kaisei-opti/5.0.1/files/kaisei-opti-111-400-normal.woff.br
- fontsource-kaisei-opti/5.0.1/files/kaisei-opti-111-400-normal.woff.gz
- fontsource-kaisei-opti/5.0.1/files/kaisei-opti-111-400-normal.woff2
- fontsource-kaisei-opti/5.0.1/files/kaisei-opti-111-500-normal.woff.br
- fontsource-kaisei-opti/5.0.1/files/kaisei-opti-111-500-normal.woff.gz
- fontsource-kaisei-opti/5.0.1/files/kaisei-opti-111-500-normal.woff2
- fontsource-kaisei-opti/5.0.1/files/kaisei-opti-111-700-normal.woff.br
- fontsource-kaisei-opti/5.0.1/files/kaisei-opti-111-700-normal.woff.gz
- fontsource-kaisei-opti/5.0.1/files/kaisei-opti-111-700-normal.woff2
- fontsource-kaisei-opti/5.0.1/files/kaisei-opti-112-400-normal.woff.br
- fontsource-kaisei-opti/5.0.1/files/kaisei-opti-112-400-normal.woff.gz
- fontsource-kaisei-opti/5.0.1/files/kaisei-opti-112-400-normal.woff2
- fontsource-kaisei-opti/5.0.1/files/kaisei-opti-112-500-normal.woff.br
- fontsource-kaisei-opti/5.0.1/files/kaisei-opti-112-500-normal.woff.gz
- fontsource-kaisei-opti/5.0.1/files/kaisei-opti-112-500-normal.woff2
- fontsource-kaisei-opti/5.0.1/files/kaisei-opti-112-700-normal.woff.br
- fontsource-kaisei-opti/5.0.1/files/kaisei-opti-112-700-normal.woff.gz
- fontsource-kaisei-opti/5.0.1/files/kaisei-opti-112-700-normal.woff2
- fontsource-kaisei-opti/5.0.1/files/kaisei-opti-113-400-normal.woff.br
- fontsource-kaisei-opti/5.0.1/files/kaisei-opti-113-400-normal.woff.gz
- fontsource-kaisei-opti/5.0.1/files/kaisei-opti-113-400-normal.woff2
- fontsource-kaisei-opti/5.0.1/files/kaisei-opti-113-500-normal.woff.br
- fontsource-kaisei-opti/5.0.1/files/kaisei-opti-113-500-normal.woff.gz
- fontsource-kaisei-opti/5.0.1/files/kaisei-opti-113-500-normal.woff2
- fontsource-kaisei-opti/5.0.1/files/kaisei-opti-113-700-normal.woff.br
- fontsource-kaisei-opti/5.0.1/files/kaisei-opti-113-700-normal.woff.gz
- fontsource-kaisei-opti/5.0.1/files/kaisei-opti-113-700-normal.woff2
- fontsource-kaisei-opti/5.0.1/files/kaisei-opti-114-400-normal.woff.br
- fontsource-kaisei-opti/5.0.1/files/kaisei-opti-114-400-normal.woff.gz
- fontsource-kaisei-opti/5.0.1/files/kaisei-opti-114-400-normal.woff2
- fontsource-kaisei-opti/5.0.1/files/kaisei-opti-114-500-normal.woff.br
- fontsource-kaisei-opti/5.0.1/files/kaisei-opti-114-500-normal.woff.gz
- fontsource-kaisei-opti/5.0.1/files/kaisei-opti-114-500-normal.woff2
- fontsource-kaisei-opti/5.0.1/files/kaisei-opti-114-700-normal.woff.br
- fontsource-kaisei-opti/5.0.1/files/kaisei-opti-114-700-normal.woff.gz
- fontsource-kaisei-opti/5.0.1/files/kaisei-opti-114-700-normal.woff2
- fontsource-kaisei-opti/5.0.1/files/kaisei-opti-115-400-normal.woff.br
- fontsource-kaisei-opti/5.0.1/files/kaisei-opti-115-400-normal.woff.gz
- fontsource-kaisei-opti/5.0.1/files/kaisei-opti-115-400-normal.woff2
- fontsource-kaisei-opti/5.0.1/files/kaisei-opti-115-500-normal.woff.br
- fontsource-kaisei-opti/5.0.1/files/kaisei-opti-115-500-normal.woff.gz
- fontsource-kaisei-opti/5.0.1/files/kaisei-opti-115-500-normal.woff2
- fontsource-kaisei-opti/5.0.1/files/kaisei-opti-115-700-normal.woff.br
- fontsource-kaisei-opti/5.0.1/files/kaisei-opti-115-700-normal.woff.gz
- fontsource-kaisei-opti/5.0.1/files/kaisei-opti-115-700-normal.woff2
- fontsource-kaisei-opti/5.0.1/files/kaisei-opti-116-400-normal.woff.br
- fontsource-kaisei-opti/5.0.1/files/kaisei-opti-116-400-normal.woff.gz
- fontsource-kaisei-opti/5.0.1/files/kaisei-opti-116-400-normal.woff2
- fontsource-kaisei-opti/5.0.1/files/kaisei-opti-116-500-normal.woff.br
- fontsource-kaisei-opti/5.0.1/files/kaisei-opti-116-500-normal.woff.gz
- fontsource-kaisei-opti/5.0.1/files/kaisei-opti-116-500-normal.woff2
- fontsource-kaisei-opti/5.0.1/files/kaisei-opti-116-700-normal.woff.br
- fontsource-kaisei-opti/5.0.1/files/kaisei-opti-116-700-normal.woff.gz
- fontsource-kaisei-opti/5.0.1/files/kaisei-opti-116-700-normal.woff2
- fontsource-kaisei-opti/5.0.1/files/kaisei-opti-117-400-normal.woff.br
- fontsource-kaisei-opti/5.0.1/files/kaisei-opti-117-400-normal.woff.gz
- fontsource-kaisei-opti/5.0.1/files/kaisei-opti-117-400-normal.woff2
- fontsource-kaisei-opti/5.0.1/files/kaisei-opti-117-500-normal.woff.br
- fontsource-kaisei-opti/5.0.1/files/kaisei-opti-117-500-normal.woff.gz
- fontsource-kaisei-opti/5.0.1/files/kaisei-opti-117-500-normal.woff2
- fontsource-kaisei-opti/5.0.1/files/kaisei-opti-117-700-normal.woff.br
- fontsource-kaisei-opti/5.0.1/files/kaisei-opti-117-700-normal.woff.gz
- fontsource-kaisei-opti/5.0.1/files/kaisei-opti-117-700-normal.woff2
- fontsource-kaisei-opti/5.0.1/files/kaisei-opti-118-400-normal.woff.br
- fontsource-kaisei-opti/5.0.1/files/kaisei-opti-118-400-normal.woff.gz
- fontsource-kaisei-opti/5.0.1/files/kaisei-opti-118-400-normal.woff2
- fontsource-kaisei-opti/5.0.1/files/kaisei-opti-118-500-normal.woff.br
- fontsource-kaisei-opti/5.0.1/files/kaisei-opti-118-500-normal.woff.gz
- fontsource-kaisei-opti/5.0.1/files/kaisei-opti-118-500-normal.woff2
- fontsource-kaisei-opti/5.0.1/files/kaisei-opti-118-700-normal.woff.br
- fontsource-kaisei-opti/5.0.1/files/kaisei-opti-118-700-normal.woff.gz
- fontsource-kaisei-opti/5.0.1/files/kaisei-opti-118-700-normal.woff2
- fontsource-kaisei-opti/5.0.1/files/kaisei-opti-119-400-normal.woff.br
- fontsource-kaisei-opti/5.0.1/files/kaisei-opti-119-400-normal.woff.gz
- fontsource-kaisei-opti/5.0.1/files/kaisei-opti-119-400-normal.woff2
- fontsource-kaisei-opti/5.0.1/files/kaisei-opti-119-500-normal.woff.br
- fontsource-kaisei-opti/5.0.1/files/kaisei-opti-119-500-normal.woff.gz
- fontsource-kaisei-opti/5.0.1/files/kaisei-opti-119-500-normal.woff2
- fontsource-kaisei-opti/5.0.1/files/kaisei-opti-119-700-normal.woff.br
- fontsource-kaisei-opti/5.0.1/files/kaisei-opti-119-700-normal.woff.gz
- fontsource-kaisei-opti/5.0.1/files/kaisei-opti-119-700-normal.woff2
- fontsource-kaisei-opti/5.0.1/files/kaisei-opti-12-400-normal.woff.br
- fontsource-kaisei-opti/5.0.1/files/kaisei-opti-12-400-normal.woff.gz
- fontsource-kaisei-opti/5.0.1/files/kaisei-opti-12-400-normal.woff2
- fontsource-kaisei-opti/5.0.1/files/kaisei-opti-12-500-normal.woff.br
- fontsource-kaisei-opti/5.0.1/files/kaisei-opti-12-500-normal.woff.gz
- fontsource-kaisei-opti/5.0.1/files/kaisei-opti-12-500-normal.woff2
- fontsource-kaisei-opti/5.0.1/files/kaisei-opti-12-700-normal.woff.br
- fontsource-kaisei-opti/5.0.1/files/kaisei-opti-12-700-normal.woff.gz
- fontsource-kaisei-opti/5.0.1/files/kaisei-opti-12-700-normal.woff2
- fontsource-kaisei-opti/5.0.1/files/kaisei-opti-13-400-normal.woff.br
- fontsource-kaisei-opti/5.0.1/files/kaisei-opti-13-400-normal.woff.gz
- fontsource-kaisei-opti/5.0.1/files/kaisei-opti-13-400-normal.woff2
- fontsource-kaisei-opti/5.0.1/files/kaisei-opti-13-500-normal.woff.br
- fontsource-kaisei-opti/5.0.1/files/kaisei-opti-13-500-normal.woff.gz
- fontsource-kaisei-opti/5.0.1/files/kaisei-opti-13-500-normal.woff2
- fontsource-kaisei-opti/5.0.1/files/kaisei-opti-13-700-normal.woff.br
- fontsource-kaisei-opti/5.0.1/files/kaisei-opti-13-700-normal.woff.gz
- fontsource-kaisei-opti/5.0.1/files/kaisei-opti-13-700-normal.woff2
- fontsource-kaisei-opti/5.0.1/files/kaisei-opti-14-400-normal.woff.br
- fontsource-kaisei-opti/5.0.1/files/kaisei-opti-14-400-normal.woff.gz
- fontsource-kaisei-opti/5.0.1/files/kaisei-opti-14-400-normal.woff2
- fontsource-kaisei-opti/5.0.1/files/kaisei-opti-14-500-normal.woff.br
- fontsource-kaisei-opti/5.0.1/files/kaisei-opti-14-500-normal.woff.gz
- fontsource-kaisei-opti/5.0.1/files/kaisei-opti-14-500-normal.woff2
- fontsource-kaisei-opti/5.0.1/files/kaisei-opti-14-700-normal.woff.br
- fontsource-kaisei-opti/5.0.1/files/kaisei-opti-14-700-normal.woff.gz
- fontsource-kaisei-opti/5.0.1/files/kaisei-opti-14-700-normal.woff2
- fontsource-kaisei-opti/5.0.1/files/kaisei-opti-15-400-normal.woff.br
- fontsource-kaisei-opti/5.0.1/files/kaisei-opti-15-400-normal.woff.gz
- fontsource-kaisei-opti/5.0.1/files/kaisei-opti-15-400-normal.woff2
- fontsource-kaisei-opti/5.0.1/files/kaisei-opti-15-500-normal.woff.br
- fontsource-kaisei-opti/5.0.1/files/kaisei-opti-15-500-normal.woff.gz
- fontsource-kaisei-opti/5.0.1/files/kaisei-opti-15-500-normal.woff2
- fontsource-kaisei-opti/5.0.1/files/kaisei-opti-15-700-normal.woff.br
- fontsource-kaisei-opti/5.0.1/files/kaisei-opti-15-700-normal.woff.gz
- fontsource-kaisei-opti/5.0.1/files/kaisei-opti-15-700-normal.woff2
- fontsource-kaisei-opti/5.0.1/files/kaisei-opti-16-400-normal.woff.br
- fontsource-kaisei-opti/5.0.1/files/kaisei-opti-16-400-normal.woff.gz
- fontsource-kaisei-opti/5.0.1/files/kaisei-opti-16-400-normal.woff2
- fontsource-kaisei-opti/5.0.1/files/kaisei-opti-16-500-normal.woff.br
- fontsource-kaisei-opti/5.0.1/files/kaisei-opti-16-500-normal.woff.gz
- fontsource-kaisei-opti/5.0.1/files/kaisei-opti-16-500-normal.woff2
- fontsource-kaisei-opti/5.0.1/files/kaisei-opti-16-700-normal.woff.br
- fontsource-kaisei-opti/5.0.1/files/kaisei-opti-16-700-normal.woff.gz
- fontsource-kaisei-opti/5.0.1/files/kaisei-opti-16-700-normal.woff2
- fontsource-kaisei-opti/5.0.1/files/kaisei-opti-17-400-normal.woff.br
- fontsource-kaisei-opti/5.0.1/files/kaisei-opti-17-400-normal.woff.gz
- fontsource-kaisei-opti/5.0.1/files/kaisei-opti-17-400-normal.woff2
- fontsource-kaisei-opti/5.0.1/files/kaisei-opti-17-500-normal.woff.br
- fontsource-kaisei-opti/5.0.1/files/kaisei-opti-17-500-normal.woff.gz
- fontsource-kaisei-opti/5.0.1/files/kaisei-opti-17-500-normal.woff2
- fontsource-kaisei-opti/5.0.1/files/kaisei-opti-17-700-normal.woff.br
- fontsource-kaisei-opti/5.0.1/files/kaisei-opti-17-700-normal.woff.gz
- fontsource-kaisei-opti/5.0.1/files/kaisei-opti-17-700-normal.woff2
- fontsource-kaisei-opti/5.0.1/files/kaisei-opti-18-400-normal.woff.br
- fontsource-kaisei-opti/5.0.1/files/kaisei-opti-18-400-normal.woff.gz
- fontsource-kaisei-opti/5.0.1/files/kaisei-opti-18-400-normal.woff2
- fontsource-kaisei-opti/5.0.1/files/kaisei-opti-18-500-normal.woff.br
- fontsource-kaisei-opti/5.0.1/files/kaisei-opti-18-500-normal.woff.gz
- fontsource-kaisei-opti/5.0.1/files/kaisei-opti-18-500-normal.woff2
- fontsource-kaisei-opti/5.0.1/files/kaisei-opti-18-700-normal.woff.br
- fontsource-kaisei-opti/5.0.1/files/kaisei-opti-18-700-normal.woff.gz
- fontsource-kaisei-opti/5.0.1/files/kaisei-opti-18-700-normal.woff2
- fontsource-kaisei-opti/5.0.1/files/kaisei-opti-19-400-normal.woff.br
- fontsource-kaisei-opti/5.0.1/files/kaisei-opti-19-400-normal.woff.gz
- fontsource-kaisei-opti/5.0.1/files/kaisei-opti-19-400-normal.woff2
- fontsource-kaisei-opti/5.0.1/files/kaisei-opti-19-500-normal.woff.br
- fontsource-kaisei-opti/5.0.1/files/kaisei-opti-19-500-normal.woff.gz
- fontsource-kaisei-opti/5.0.1/files/kaisei-opti-19-500-normal.woff2
- fontsource-kaisei-opti/5.0.1/files/kaisei-opti-19-700-normal.woff.br
- fontsource-kaisei-opti/5.0.1/files/kaisei-opti-19-700-normal.woff.gz
- fontsource-kaisei-opti/5.0.1/files/kaisei-opti-19-700-normal.woff2
- fontsource-kaisei-opti/5.0.1/files/kaisei-opti-2-400-normal.woff.br
- fontsource-kaisei-opti/5.0.1/files/kaisei-opti-2-400-normal.woff.gz
- fontsource-kaisei-opti/5.0.1/files/kaisei-opti-2-400-normal.woff2
- fontsource-kaisei-opti/5.0.1/files/kaisei-opti-2-500-normal.woff.br
- fontsource-kaisei-opti/5.0.1/files/kaisei-opti-2-500-normal.woff.gz
- fontsource-kaisei-opti/5.0.1/files/kaisei-opti-2-500-normal.woff2
- fontsource-kaisei-opti/5.0.1/files/kaisei-opti-2-700-normal.woff.br
- fontsource-kaisei-opti/5.0.1/files/kaisei-opti-2-700-normal.woff.gz
- fontsource-kaisei-opti/5.0.1/files/kaisei-opti-2-700-normal.woff2
- fontsource-kaisei-opti/5.0.1/files/kaisei-opti-20-400-normal.woff.br
- fontsource-kaisei-opti/5.0.1/files/kaisei-opti-20-400-normal.woff.gz
- fontsource-kaisei-opti/5.0.1/files/kaisei-opti-20-400-normal.woff2
- fontsource-kaisei-opti/5.0.1/files/kaisei-opti-20-500-normal.woff.br
- fontsource-kaisei-opti/5.0.1/files/kaisei-opti-20-500-normal.woff.gz
- fontsource-kaisei-opti/5.0.1/files/kaisei-opti-20-500-normal.woff2
- fontsource-kaisei-opti/5.0.1/files/kaisei-opti-20-700-normal.woff.br
- fontsource-kaisei-opti/5.0.1/files/kaisei-opti-20-700-normal.woff.gz
- fontsource-kaisei-opti/5.0.1/files/kaisei-opti-20-700-normal.woff2
- fontsource-kaisei-opti/5.0.1/files/kaisei-opti-21-400-normal.woff.br
- fontsource-kaisei-opti/5.0.1/files/kaisei-opti-21-400-normal.woff.gz
- fontsource-kaisei-opti/5.0.1/files/kaisei-opti-21-400-normal.woff2
- fontsource-kaisei-opti/5.0.1/files/kaisei-opti-21-500-normal.woff.br
- fontsource-kaisei-opti/5.0.1/files/kaisei-opti-21-500-normal.woff.gz
- fontsource-kaisei-opti/5.0.1/files/kaisei-opti-21-500-normal.woff2
- fontsource-kaisei-opti/5.0.1/files/kaisei-opti-21-700-normal.woff.br
- fontsource-kaisei-opti/5.0.1/files/kaisei-opti-21-700-normal.woff.gz
- fontsource-kaisei-opti/5.0.1/files/kaisei-opti-21-700-normal.woff2
- fontsource-kaisei-opti/5.0.1/files/kaisei-opti-22-400-normal.woff.br
- fontsource-kaisei-opti/5.0.1/files/kaisei-opti-22-400-normal.woff.gz
- fontsource-kaisei-opti/5.0.1/files/kaisei-opti-22-400-normal.woff2
- fontsource-kaisei-opti/5.0.1/files/kaisei-opti-22-500-normal.woff.br
- fontsource-kaisei-opti/5.0.1/files/kaisei-opti-22-500-normal.woff.gz
- fontsource-kaisei-opti/5.0.1/files/kaisei-opti-22-500-normal.woff2
- fontsource-kaisei-opti/5.0.1/files/kaisei-opti-22-700-normal.woff.br
- fontsource-kaisei-opti/5.0.1/files/kaisei-opti-22-700-normal.woff.gz
- fontsource-kaisei-opti/5.0.1/files/kaisei-opti-22-700-normal.woff2
- fontsource-kaisei-opti/5.0.1/files/kaisei-opti-23-400-normal.woff.br
- fontsource-kaisei-opti/5.0.1/files/kaisei-opti-23-400-normal.woff.gz
- fontsource-kaisei-opti/5.0.1/files/kaisei-opti-23-400-normal.woff2
- fontsource-kaisei-opti/5.0.1/files/kaisei-opti-23-500-normal.woff.br
- fontsource-kaisei-opti/5.0.1/files/kaisei-opti-23-500-normal.woff.gz
- fontsource-kaisei-opti/5.0.1/files/kaisei-opti-23-500-normal.woff2
- fontsource-kaisei-opti/5.0.1/files/kaisei-opti-23-700-normal.woff.br
- fontsource-kaisei-opti/5.0.1/files/kaisei-opti-23-700-normal.woff.gz
- fontsource-kaisei-opti/5.0.1/files/kaisei-opti-23-700-normal.woff2
- fontsource-kaisei-opti/5.0.1/files/kaisei-opti-24-400-normal.woff.br
- fontsource-kaisei-opti/5.0.1/files/kaisei-opti-24-400-normal.woff.gz
- fontsource-kaisei-opti/5.0.1/files/kaisei-opti-24-400-normal.woff2
- fontsource-kaisei-opti/5.0.1/files/kaisei-opti-24-500-normal.woff.br
- fontsource-kaisei-opti/5.0.1/files/kaisei-opti-24-500-normal.woff.gz
- fontsource-kaisei-opti/5.0.1/files/kaisei-opti-24-500-normal.woff2
- fontsource-kaisei-opti/5.0.1/files/kaisei-opti-24-700-normal.woff.br
- fontsource-kaisei-opti/5.0.1/files/kaisei-opti-24-700-normal.woff.gz
- fontsource-kaisei-opti/5.0.1/files/kaisei-opti-24-700-normal.woff2
- fontsource-kaisei-opti/5.0.1/files/kaisei-opti-25-400-normal.woff.br
- fontsource-kaisei-opti/5.0.1/files/kaisei-opti-25-400-normal.woff.gz
- fontsource-kaisei-opti/5.0.1/files/kaisei-opti-25-400-normal.woff2
- fontsource-kaisei-opti/5.0.1/files/kaisei-opti-25-500-normal.woff.br
- fontsource-kaisei-opti/5.0.1/files/kaisei-opti-25-500-normal.woff.gz
- fontsource-kaisei-opti/5.0.1/files/kaisei-opti-25-500-normal.woff2
- fontsource-kaisei-opti/5.0.1/files/kaisei-opti-25-700-normal.woff.br
- fontsource-kaisei-opti/5.0.1/files/kaisei-opti-25-700-normal.woff.gz
- fontsource-kaisei-opti/5.0.1/files/kaisei-opti-25-700-normal.woff2
- fontsource-kaisei-opti/5.0.1/files/kaisei-opti-26-400-normal.woff.br
- fontsource-kaisei-opti/5.0.1/files/kaisei-opti-26-400-normal.woff.gz
- fontsource-kaisei-opti/5.0.1/files/kaisei-opti-26-400-normal.woff2
- fontsource-kaisei-opti/5.0.1/files/kaisei-opti-26-500-normal.woff.br
- fontsource-kaisei-opti/5.0.1/files/kaisei-opti-26-500-normal.woff.gz
- fontsource-kaisei-opti/5.0.1/files/kaisei-opti-26-500-normal.woff2
- fontsource-kaisei-opti/5.0.1/files/kaisei-opti-26-700-normal.woff.br
- fontsource-kaisei-opti/5.0.1/files/kaisei-opti-26-700-normal.woff.gz
- fontsource-kaisei-opti/5.0.1/files/kaisei-opti-26-700-normal.woff2
- fontsource-kaisei-opti/5.0.1/files/kaisei-opti-27-400-normal.woff.br
- fontsource-kaisei-opti/5.0.1/files/kaisei-opti-27-400-normal.woff.gz
- fontsource-kaisei-opti/5.0.1/files/kaisei-opti-27-400-normal.woff2
- fontsource-kaisei-opti/5.0.1/files/kaisei-opti-27-500-normal.woff.br
- fontsource-kaisei-opti/5.0.1/files/kaisei-opti-27-500-normal.woff.gz
- fontsource-kaisei-opti/5.0.1/files/kaisei-opti-27-500-normal.woff2
- fontsource-kaisei-opti/5.0.1/files/kaisei-opti-27-700-normal.woff.br
- fontsource-kaisei-opti/5.0.1/files/kaisei-opti-27-700-normal.woff.gz
- fontsource-kaisei-opti/5.0.1/files/kaisei-opti-27-700-normal.woff2
- fontsource-kaisei-opti/5.0.1/files/kaisei-opti-28-400-normal.woff.br
- fontsource-kaisei-opti/5.0.1/files/kaisei-opti-28-400-normal.woff.gz
- fontsource-kaisei-opti/5.0.1/files/kaisei-opti-28-400-normal.woff2
- fontsource-kaisei-opti/5.0.1/files/kaisei-opti-28-500-normal.woff.br
- fontsource-kaisei-opti/5.0.1/files/kaisei-opti-28-500-normal.woff.gz
- fontsource-kaisei-opti/5.0.1/files/kaisei-opti-28-500-normal.woff2
- fontsource-kaisei-opti/5.0.1/files/kaisei-opti-28-700-normal.woff.br
- fontsource-kaisei-opti/5.0.1/files/kaisei-opti-28-700-normal.woff.gz
- fontsource-kaisei-opti/5.0.1/files/kaisei-opti-28-700-normal.woff2
- fontsource-kaisei-opti/5.0.1/files/kaisei-opti-29-400-normal.woff.br
- fontsource-kaisei-opti/5.0.1/files/kaisei-opti-29-400-normal.woff.gz
- fontsource-kaisei-opti/5.0.1/files/kaisei-opti-29-400-normal.woff2
- fontsource-kaisei-opti/5.0.1/files/kaisei-opti-29-500-normal.woff.br
- fontsource-kaisei-opti/5.0.1/files/kaisei-opti-29-500-normal.woff.gz
- fontsource-kaisei-opti/5.0.1/files/kaisei-opti-29-500-normal.woff2
- fontsource-kaisei-opti/5.0.1/files/kaisei-opti-29-700-normal.woff.br
- fontsource-kaisei-opti/5.0.1/files/kaisei-opti-29-700-normal.woff.gz
- fontsource-kaisei-opti/5.0.1/files/kaisei-opti-29-700-normal.woff2
- fontsource-kaisei-opti/5.0.1/files/kaisei-opti-3-400-normal.woff.br
- fontsource-kaisei-opti/5.0.1/files/kaisei-opti-3-400-normal.woff.gz
- fontsource-kaisei-opti/5.0.1/files/kaisei-opti-3-400-normal.woff2
- fontsource-kaisei-opti/5.0.1/files/kaisei-opti-3-500-normal.woff.br
- fontsource-kaisei-opti/5.0.1/files/kaisei-opti-3-500-normal.woff.gz
- fontsource-kaisei-opti/5.0.1/files/kaisei-opti-3-500-normal.woff2
- fontsource-kaisei-opti/5.0.1/files/kaisei-opti-3-700-normal.woff.br
- fontsource-kaisei-opti/5.0.1/files/kaisei-opti-3-700-normal.woff.gz
- fontsource-kaisei-opti/5.0.1/files/kaisei-opti-3-700-normal.woff2
- fontsource-kaisei-opti/5.0.1/files/kaisei-opti-30-400-normal.woff.br
- fontsource-kaisei-opti/5.0.1/files/kaisei-opti-30-400-normal.woff.gz
- fontsource-kaisei-opti/5.0.1/files/kaisei-opti-30-400-normal.woff2
- fontsource-kaisei-opti/5.0.1/files/kaisei-opti-30-500-normal.woff.br
- fontsource-kaisei-opti/5.0.1/files/kaisei-opti-30-500-normal.woff.gz
- fontsource-kaisei-opti/5.0.1/files/kaisei-opti-30-500-normal.woff2
- fontsource-kaisei-opti/5.0.1/files/kaisei-opti-30-700-normal.woff.br
- fontsource-kaisei-opti/5.0.1/files/kaisei-opti-30-700-normal.woff.gz
- fontsource-kaisei-opti/5.0.1/files/kaisei-opti-30-700-normal.woff2
- fontsource-kaisei-opti/5.0.1/files/kaisei-opti-31-400-normal.woff.br
- fontsource-kaisei-opti/5.0.1/files/kaisei-opti-31-400-normal.woff.gz
- fontsource-kaisei-opti/5.0.1/files/kaisei-opti-31-400-normal.woff2
- fontsource-kaisei-opti/5.0.1/files/kaisei-opti-31-500-normal.woff.br
- fontsource-kaisei-opti/5.0.1/files/kaisei-opti-31-500-normal.woff.gz
- fontsource-kaisei-opti/5.0.1/files/kaisei-opti-31-500-normal.woff2
- fontsource-kaisei-opti/5.0.1/files/kaisei-opti-31-700-normal.woff.br
- fontsource-kaisei-opti/5.0.1/files/kaisei-opti-31-700-normal.woff.gz
- fontsource-kaisei-opti/5.0.1/files/kaisei-opti-31-700-normal.woff2
- fontsource-kaisei-opti/5.0.1/files/kaisei-opti-32-400-normal.woff.br
- fontsource-kaisei-opti/5.0.1/files/kaisei-opti-32-400-normal.woff.gz
- fontsource-kaisei-opti/5.0.1/files/kaisei-opti-32-400-normal.woff2
- fontsource-kaisei-opti/5.0.1/files/kaisei-opti-32-500-normal.woff.br
- fontsource-kaisei-opti/5.0.1/files/kaisei-opti-32-500-normal.woff.gz
- fontsource-kaisei-opti/5.0.1/files/kaisei-opti-32-500-normal.woff2
- fontsource-kaisei-opti/5.0.1/files/kaisei-opti-32-700-normal.woff.br
- fontsource-kaisei-opti/5.0.1/files/kaisei-opti-32-700-normal.woff.gz
- fontsource-kaisei-opti/5.0.1/files/kaisei-opti-32-700-normal.woff2
- fontsource-kaisei-opti/5.0.1/files/kaisei-opti-33-400-normal.woff.br
- fontsource-kaisei-opti/5.0.1/files/kaisei-opti-33-400-normal.woff.gz
- fontsource-kaisei-opti/5.0.1/files/kaisei-opti-33-400-normal.woff2
- fontsource-kaisei-opti/5.0.1/files/kaisei-opti-33-500-normal.woff.br
- fontsource-kaisei-opti/5.0.1/files/kaisei-opti-33-500-normal.woff.gz
- fontsource-kaisei-opti/5.0.1/files/kaisei-opti-33-500-normal.woff2
- fontsource-kaisei-opti/5.0.1/files/kaisei-opti-33-700-normal.woff.br
- fontsource-kaisei-opti/5.0.1/files/kaisei-opti-33-700-normal.woff.gz
- fontsource-kaisei-opti/5.0.1/files/kaisei-opti-33-700-normal.woff2
- fontsource-kaisei-opti/5.0.1/files/kaisei-opti-34-400-normal.woff.br
- fontsource-kaisei-opti/5.0.1/files/kaisei-opti-34-400-normal.woff.gz
- fontsource-kaisei-opti/5.0.1/files/kaisei-opti-34-400-normal.woff2
- fontsource-kaisei-opti/5.0.1/files/kaisei-opti-34-500-normal.woff.br
- fontsource-kaisei-opti/5.0.1/files/kaisei-opti-34-500-normal.woff.gz
- fontsource-kaisei-opti/5.0.1/files/kaisei-opti-34-500-normal.woff2
- fontsource-kaisei-opti/5.0.1/files/kaisei-opti-34-700-normal.woff.br
- fontsource-kaisei-opti/5.0.1/files/kaisei-opti-34-700-normal.woff.gz
- fontsource-kaisei-opti/5.0.1/files/kaisei-opti-34-700-normal.woff2
- fontsource-kaisei-opti/5.0.1/files/kaisei-opti-35-400-normal.woff.br
- fontsource-kaisei-opti/5.0.1/files/kaisei-opti-35-400-normal.woff.gz
- fontsource-kaisei-opti/5.0.1/files/kaisei-opti-35-400-normal.woff2
- fontsource-kaisei-opti/5.0.1/files/kaisei-opti-35-500-normal.woff.br
- fontsource-kaisei-opti/5.0.1/files/kaisei-opti-35-500-normal.woff.gz
- fontsource-kaisei-opti/5.0.1/files/kaisei-opti-35-500-normal.woff2
- fontsource-kaisei-opti/5.0.1/files/kaisei-opti-35-700-normal.woff.br
- fontsource-kaisei-opti/5.0.1/files/kaisei-opti-35-700-normal.woff.gz
- fontsource-kaisei-opti/5.0.1/files/kaisei-opti-35-700-normal.woff2
- fontsource-kaisei-opti/5.0.1/files/kaisei-opti-36-400-normal.woff.br
- fontsource-kaisei-opti/5.0.1/files/kaisei-opti-36-400-normal.woff.gz
- fontsource-kaisei-opti/5.0.1/files/kaisei-opti-36-400-normal.woff2
- fontsource-kaisei-opti/5.0.1/files/kaisei-opti-36-500-normal.woff.br
- fontsource-kaisei-opti/5.0.1/files/kaisei-opti-36-500-normal.woff.gz
- fontsource-kaisei-opti/5.0.1/files/kaisei-opti-36-500-normal.woff2
- fontsource-kaisei-opti/5.0.1/files/kaisei-opti-36-700-normal.woff.br
- fontsource-kaisei-opti/5.0.1/files/kaisei-opti-36-700-normal.woff.gz
- fontsource-kaisei-opti/5.0.1/files/kaisei-opti-36-700-normal.woff2
- fontsource-kaisei-opti/5.0.1/files/kaisei-opti-37-400-normal.woff.br
- fontsource-kaisei-opti/5.0.1/files/kaisei-opti-37-400-normal.woff.gz
- fontsource-kaisei-opti/5.0.1/files/kaisei-opti-37-400-normal.woff2
- fontsource-kaisei-opti/5.0.1/files/kaisei-opti-37-500-normal.woff.br
- fontsource-kaisei-opti/5.0.1/files/kaisei-opti-37-500-normal.woff.gz
- fontsource-kaisei-opti/5.0.1/files/kaisei-opti-37-500-normal.woff2
- fontsource-kaisei-opti/5.0.1/files/kaisei-opti-37-700-normal.woff.br
- fontsource-kaisei-opti/5.0.1/files/kaisei-opti-37-700-normal.woff.gz
- fontsource-kaisei-opti/5.0.1/files/kaisei-opti-37-700-normal.woff2
- fontsource-kaisei-opti/5.0.1/files/kaisei-opti-38-400-normal.woff.br
- fontsource-kaisei-opti/5.0.1/files/kaisei-opti-38-400-normal.woff.gz
- fontsource-kaisei-opti/5.0.1/files/kaisei-opti-38-400-normal.woff2
- fontsource-kaisei-opti/5.0.1/files/kaisei-opti-38-500-normal.woff.br
- fontsource-kaisei-opti/5.0.1/files/kaisei-opti-38-500-normal.woff.gz
- fontsource-kaisei-opti/5.0.1/files/kaisei-opti-38-500-normal.woff2
- fontsource-kaisei-opti/5.0.1/files/kaisei-opti-38-700-normal.woff.br
- fontsource-kaisei-opti/5.0.1/files/kaisei-opti-38-700-normal.woff.gz
- fontsource-kaisei-opti/5.0.1/files/kaisei-opti-38-700-normal.woff2
- fontsource-kaisei-opti/5.0.1/files/kaisei-opti-39-400-normal.woff.br
- fontsource-kaisei-opti/5.0.1/files/kaisei-opti-39-400-normal.woff.gz
- fontsource-kaisei-opti/5.0.1/files/kaisei-opti-39-400-normal.woff2
- fontsource-kaisei-opti/5.0.1/files/kaisei-opti-39-500-normal.woff.br
- fontsource-kaisei-opti/5.0.1/files/kaisei-opti-39-500-normal.woff.gz
- fontsource-kaisei-opti/5.0.1/files/kaisei-opti-39-500-normal.woff2
- fontsource-kaisei-opti/5.0.1/files/kaisei-opti-39-700-normal.woff.br
- fontsource-kaisei-opti/5.0.1/files/kaisei-opti-39-700-normal.woff.gz
- fontsource-kaisei-opti/5.0.1/files/kaisei-opti-39-700-normal.woff2
- fontsource-kaisei-opti/5.0.1/files/kaisei-opti-4-400-normal.woff.br
- fontsource-kaisei-opti/5.0.1/files/kaisei-opti-4-400-normal.woff.gz
- fontsource-kaisei-opti/5.0.1/files/kaisei-opti-4-400-normal.woff2
- fontsource-kaisei-opti/5.0.1/files/kaisei-opti-4-500-normal.woff.br
- fontsource-kaisei-opti/5.0.1/files/kaisei-opti-4-500-normal.woff.gz
- fontsource-kaisei-opti/5.0.1/files/kaisei-opti-4-500-normal.woff2
- fontsource-kaisei-opti/5.0.1/files/kaisei-opti-4-700-normal.woff.br
- fontsource-kaisei-opti/5.0.1/files/kaisei-opti-4-700-normal.woff.gz
- fontsource-kaisei-opti/5.0.1/files/kaisei-opti-4-700-normal.woff2
- fontsource-kaisei-opti/5.0.1/files/kaisei-opti-40-400-normal.woff.br
- fontsource-kaisei-opti/5.0.1/files/kaisei-opti-40-400-normal.woff.gz
- fontsource-kaisei-opti/5.0.1/files/kaisei-opti-40-400-normal.woff2
- fontsource-kaisei-opti/5.0.1/files/kaisei-opti-40-500-normal.woff.br
- fontsource-kaisei-opti/5.0.1/files/kaisei-opti-40-500-normal.woff.gz
- fontsource-kaisei-opti/5.0.1/files/kaisei-opti-40-500-normal.woff2
- fontsource-kaisei-opti/5.0.1/files/kaisei-opti-40-700-normal.woff.br
- fontsource-kaisei-opti/5.0.1/files/kaisei-opti-40-700-normal.woff.gz
- fontsource-kaisei-opti/5.0.1/files/kaisei-opti-40-700-normal.woff2
- fontsource-kaisei-opti/5.0.1/files/kaisei-opti-41-400-normal.woff.br
- fontsource-kaisei-opti/5.0.1/files/kaisei-opti-41-400-normal.woff.gz
- fontsource-kaisei-opti/5.0.1/files/kaisei-opti-41-400-normal.woff2
- fontsource-kaisei-opti/5.0.1/files/kaisei-opti-41-500-normal.woff.br
- fontsource-kaisei-opti/5.0.1/files/kaisei-opti-41-500-normal.woff.gz
- fontsource-kaisei-opti/5.0.1/files/kaisei-opti-41-500-normal.woff2
- fontsource-kaisei-opti/5.0.1/files/kaisei-opti-41-700-normal.woff.br
- fontsource-kaisei-opti/5.0.1/files/kaisei-opti-41-700-normal.woff.gz
- fontsource-kaisei-opti/5.0.1/files/kaisei-opti-41-700-normal.woff2
- fontsource-kaisei-opti/5.0.1/files/kaisei-opti-42-400-normal.woff.br
- fontsource-kaisei-opti/5.0.1/files/kaisei-opti-42-400-normal.woff.gz
- fontsource-kaisei-opti/5.0.1/files/kaisei-opti-42-400-normal.woff2
- fontsource-kaisei-opti/5.0.1/files/kaisei-opti-42-500-normal.woff.br
- fontsource-kaisei-opti/5.0.1/files/kaisei-opti-42-500-normal.woff.gz
- fontsource-kaisei-opti/5.0.1/files/kaisei-opti-42-500-normal.woff2
- fontsource-kaisei-opti/5.0.1/files/kaisei-opti-42-700-normal.woff.br
- fontsource-kaisei-opti/5.0.1/files/kaisei-opti-42-700-normal.woff.gz
- fontsource-kaisei-opti/5.0.1/files/kaisei-opti-42-700-normal.woff2
- fontsource-kaisei-opti/5.0.1/files/kaisei-opti-43-400-normal.woff.br
- fontsource-kaisei-opti/5.0.1/files/kaisei-opti-43-400-normal.woff.gz
- fontsource-kaisei-opti/5.0.1/files/kaisei-opti-43-400-normal.woff2
- fontsource-kaisei-opti/5.0.1/files/kaisei-opti-43-500-normal.woff.br
- fontsource-kaisei-opti/5.0.1/files/kaisei-opti-43-500-normal.woff.gz
- fontsource-kaisei-opti/5.0.1/files/kaisei-opti-43-500-normal.woff2
- fontsource-kaisei-opti/5.0.1/files/kaisei-opti-43-700-normal.woff.br
- fontsource-kaisei-opti/5.0.1/files/kaisei-opti-43-700-normal.woff.gz
- fontsource-kaisei-opti/5.0.1/files/kaisei-opti-43-700-normal.woff2
- fontsource-kaisei-opti/5.0.1/files/kaisei-opti-44-400-normal.woff.br
- fontsource-kaisei-opti/5.0.1/files/kaisei-opti-44-400-normal.woff.gz
- fontsource-kaisei-opti/5.0.1/files/kaisei-opti-44-400-normal.woff2
- fontsource-kaisei-opti/5.0.1/files/kaisei-opti-44-500-normal.woff.br
- fontsource-kaisei-opti/5.0.1/files/kaisei-opti-44-500-normal.woff.gz
- fontsource-kaisei-opti/5.0.1/files/kaisei-opti-44-500-normal.woff2
- fontsource-kaisei-opti/5.0.1/files/kaisei-opti-44-700-normal.woff.br
- fontsource-kaisei-opti/5.0.1/files/kaisei-opti-44-700-normal.woff.gz
- fontsource-kaisei-opti/5.0.1/files/kaisei-opti-44-700-normal.woff2
- fontsource-kaisei-opti/5.0.1/files/kaisei-opti-45-400-normal.woff.br
- fontsource-kaisei-opti/5.0.1/files/kaisei-opti-45-400-normal.woff.gz
- fontsource-kaisei-opti/5.0.1/files/kaisei-opti-45-400-normal.woff2
- fontsource-kaisei-opti/5.0.1/files/kaisei-opti-45-500-normal.woff.br
- fontsource-kaisei-opti/5.0.1/files/kaisei-opti-45-500-normal.woff.gz
- fontsource-kaisei-opti/5.0.1/files/kaisei-opti-45-500-normal.woff2
- fontsource-kaisei-opti/5.0.1/files/kaisei-opti-45-700-normal.woff.br
- fontsource-kaisei-opti/5.0.1/files/kaisei-opti-45-700-normal.woff.gz
- fontsource-kaisei-opti/5.0.1/files/kaisei-opti-45-700-normal.woff2
- fontsource-kaisei-opti/5.0.1/files/kaisei-opti-46-400-normal.woff.br
- fontsource-kaisei-opti/5.0.1/files/kaisei-opti-46-400-normal.woff.gz
- fontsource-kaisei-opti/5.0.1/files/kaisei-opti-46-400-normal.woff2
- fontsource-kaisei-opti/5.0.1/files/kaisei-opti-46-500-normal.woff.br
- fontsource-kaisei-opti/5.0.1/files/kaisei-opti-46-500-normal.woff.gz
- fontsource-kaisei-opti/5.0.1/files/kaisei-opti-46-500-normal.woff2
- fontsource-kaisei-opti/5.0.1/files/kaisei-opti-46-700-normal.woff.br
- fontsource-kaisei-opti/5.0.1/files/kaisei-opti-46-700-normal.woff.gz
- fontsource-kaisei-opti/5.0.1/files/kaisei-opti-46-700-normal.woff2
- fontsource-kaisei-opti/5.0.1/files/kaisei-opti-47-400-normal.woff.br
- fontsource-kaisei-opti/5.0.1/files/kaisei-opti-47-400-normal.woff.gz
- fontsource-kaisei-opti/5.0.1/files/kaisei-opti-47-400-normal.woff2
- fontsource-kaisei-opti/5.0.1/files/kaisei-opti-47-500-normal.woff.br
- fontsource-kaisei-opti/5.0.1/files/kaisei-opti-47-500-normal.woff.gz
- fontsource-kaisei-opti/5.0.1/files/kaisei-opti-47-500-normal.woff2
- fontsource-kaisei-opti/5.0.1/files/kaisei-opti-47-700-normal.woff.br
- fontsource-kaisei-opti/5.0.1/files/kaisei-opti-47-700-normal.woff.gz
- fontsource-kaisei-opti/5.0.1/files/kaisei-opti-47-700-normal.woff2
- fontsource-kaisei-opti/5.0.1/files/kaisei-opti-48-400-normal.woff.br
- fontsource-kaisei-opti/5.0.1/files/kaisei-opti-48-400-normal.woff.gz
- fontsource-kaisei-opti/5.0.1/files/kaisei-opti-48-400-normal.woff2
- fontsource-kaisei-opti/5.0.1/files/kaisei-opti-48-500-normal.woff.br
- fontsource-kaisei-opti/5.0.1/files/kaisei-opti-48-500-normal.woff.gz
- fontsource-kaisei-opti/5.0.1/files/kaisei-opti-48-500-normal.woff2
- fontsource-kaisei-opti/5.0.1/files/kaisei-opti-48-700-normal.woff.br
- fontsource-kaisei-opti/5.0.1/files/kaisei-opti-48-700-normal.woff.gz
- fontsource-kaisei-opti/5.0.1/files/kaisei-opti-48-700-normal.woff2
- fontsource-kaisei-opti/5.0.1/files/kaisei-opti-49-400-normal.woff.br
- fontsource-kaisei-opti/5.0.1/files/kaisei-opti-49-400-normal.woff.gz
- fontsource-kaisei-opti/5.0.1/files/kaisei-opti-49-400-normal.woff2
- fontsource-kaisei-opti/5.0.1/files/kaisei-opti-49-500-normal.woff.br
- fontsource-kaisei-opti/5.0.1/files/kaisei-opti-49-500-normal.woff.gz
- fontsource-kaisei-opti/5.0.1/files/kaisei-opti-49-500-normal.woff2
- fontsource-kaisei-opti/5.0.1/files/kaisei-opti-49-700-normal.woff.br
- fontsource-kaisei-opti/5.0.1/files/kaisei-opti-49-700-normal.woff.gz
- fontsource-kaisei-opti/5.0.1/files/kaisei-opti-49-700-normal.woff2
- fontsource-kaisei-opti/5.0.1/files/kaisei-opti-5-400-normal.woff.br
- fontsource-kaisei-opti/5.0.1/files/kaisei-opti-5-400-normal.woff.gz
- fontsource-kaisei-opti/5.0.1/files/kaisei-opti-5-400-normal.woff2
- fontsource-kaisei-opti/5.0.1/files/kaisei-opti-5-500-normal.woff.br
- fontsource-kaisei-opti/5.0.1/files/kaisei-opti-5-500-normal.woff.gz
- fontsource-kaisei-opti/5.0.1/files/kaisei-opti-5-500-normal.woff2
- fontsource-kaisei-opti/5.0.1/files/kaisei-opti-5-700-normal.woff.br
- fontsource-kaisei-opti/5.0.1/files/kaisei-opti-5-700-normal.woff.gz
- fontsource-kaisei-opti/5.0.1/files/kaisei-opti-5-700-normal.woff2
- fontsource-kaisei-opti/5.0.1/files/kaisei-opti-50-400-normal.woff.br
- fontsource-kaisei-opti/5.0.1/files/kaisei-opti-50-400-normal.woff.gz
- fontsource-kaisei-opti/5.0.1/files/kaisei-opti-50-400-normal.woff2
- fontsource-kaisei-opti/5.0.1/files/kaisei-opti-50-500-normal.woff.br
- fontsource-kaisei-opti/5.0.1/files/kaisei-opti-50-500-normal.woff.gz
- fontsource-kaisei-opti/5.0.1/files/kaisei-opti-50-500-normal.woff2
- fontsource-kaisei-opti/5.0.1/files/kaisei-opti-50-700-normal.woff.br
- fontsource-kaisei-opti/5.0.1/files/kaisei-opti-50-700-normal.woff.gz
- fontsource-kaisei-opti/5.0.1/files/kaisei-opti-50-700-normal.woff2
- fontsource-kaisei-opti/5.0.1/files/kaisei-opti-51-400-normal.woff.br
- fontsource-kaisei-opti/5.0.1/files/kaisei-opti-51-400-normal.woff.gz
- fontsource-kaisei-opti/5.0.1/files/kaisei-opti-51-400-normal.woff2
- fontsource-kaisei-opti/5.0.1/files/kaisei-opti-51-500-normal.woff.br
- fontsource-kaisei-opti/5.0.1/files/kaisei-opti-51-500-normal.woff.gz
- fontsource-kaisei-opti/5.0.1/files/kaisei-opti-51-500-normal.woff2
- fontsource-kaisei-opti/5.0.1/files/kaisei-opti-51-700-normal.woff.br
- fontsource-kaisei-opti/5.0.1/files/kaisei-opti-51-700-normal.woff.gz
- fontsource-kaisei-opti/5.0.1/files/kaisei-opti-51-700-normal.woff2
- fontsource-kaisei-opti/5.0.1/files/kaisei-opti-52-400-normal.woff.br
- fontsource-kaisei-opti/5.0.1/files/kaisei-opti-52-400-normal.woff.gz
- fontsource-kaisei-opti/5.0.1/files/kaisei-opti-52-400-normal.woff2
- fontsource-kaisei-opti/5.0.1/files/kaisei-opti-52-500-normal.woff.br
- fontsource-kaisei-opti/5.0.1/files/kaisei-opti-52-500-normal.woff.gz
- fontsource-kaisei-opti/5.0.1/files/kaisei-opti-52-500-normal.woff2
- fontsource-kaisei-opti/5.0.1/files/kaisei-opti-52-700-normal.woff.br
- fontsource-kaisei-opti/5.0.1/files/kaisei-opti-52-700-normal.woff.gz
- fontsource-kaisei-opti/5.0.1/files/kaisei-opti-52-700-normal.woff2
- fontsource-kaisei-opti/5.0.1/files/kaisei-opti-53-400-normal.woff.br
- fontsource-kaisei-opti/5.0.1/files/kaisei-opti-53-400-normal.woff.gz
- fontsource-kaisei-opti/5.0.1/files/kaisei-opti-53-400-normal.woff2
- fontsource-kaisei-opti/5.0.1/files/kaisei-opti-53-500-normal.woff.br
- fontsource-kaisei-opti/5.0.1/files/kaisei-opti-53-500-normal.woff.gz
- fontsource-kaisei-opti/5.0.1/files/kaisei-opti-53-500-normal.woff2
- fontsource-kaisei-opti/5.0.1/files/kaisei-opti-53-700-normal.woff.br
- fontsource-kaisei-opti/5.0.1/files/kaisei-opti-53-700-normal.woff.gz
- fontsource-kaisei-opti/5.0.1/files/kaisei-opti-53-700-normal.woff2
- fontsource-kaisei-opti/5.0.1/files/kaisei-opti-54-400-normal.woff.br
- fontsource-kaisei-opti/5.0.1/files/kaisei-opti-54-400-normal.woff.gz
- fontsource-kaisei-opti/5.0.1/files/kaisei-opti-54-400-normal.woff2
- fontsource-kaisei-opti/5.0.1/files/kaisei-opti-54-500-normal.woff.br
- fontsource-kaisei-opti/5.0.1/files/kaisei-opti-54-500-normal.woff.gz
- fontsource-kaisei-opti/5.0.1/files/kaisei-opti-54-500-normal.woff2
- fontsource-kaisei-opti/5.0.1/files/kaisei-opti-54-700-normal.woff.br
- fontsource-kaisei-opti/5.0.1/files/kaisei-opti-54-700-normal.woff.gz
- fontsource-kaisei-opti/5.0.1/files/kaisei-opti-54-700-normal.woff2
- fontsource-kaisei-opti/5.0.1/files/kaisei-opti-55-400-normal.woff.br
- fontsource-kaisei-opti/5.0.1/files/kaisei-opti-55-400-normal.woff.gz
- fontsource-kaisei-opti/5.0.1/files/kaisei-opti-55-400-normal.woff2
- fontsource-kaisei-opti/5.0.1/files/kaisei-opti-55-500-normal.woff.br
- fontsource-kaisei-opti/5.0.1/files/kaisei-opti-55-500-normal.woff.gz
- fontsource-kaisei-opti/5.0.1/files/kaisei-opti-55-500-normal.woff2
- fontsource-kaisei-opti/5.0.1/files/kaisei-opti-55-700-normal.woff.br
- fontsource-kaisei-opti/5.0.1/files/kaisei-opti-55-700-normal.woff.gz
- fontsource-kaisei-opti/5.0.1/files/kaisei-opti-55-700-normal.woff2
- fontsource-kaisei-opti/5.0.1/files/kaisei-opti-56-400-normal.woff.br
- fontsource-kaisei-opti/5.0.1/files/kaisei-opti-56-400-normal.woff.gz
- fontsource-kaisei-opti/5.0.1/files/kaisei-opti-56-400-normal.woff2
- fontsource-kaisei-opti/5.0.1/files/kaisei-opti-56-500-normal.woff.br
- fontsource-kaisei-opti/5.0.1/files/kaisei-opti-56-500-normal.woff.gz
- fontsource-kaisei-opti/5.0.1/files/kaisei-opti-56-500-normal.woff2
- fontsource-kaisei-opti/5.0.1/files/kaisei-opti-56-700-normal.woff.br
- fontsource-kaisei-opti/5.0.1/files/kaisei-opti-56-700-normal.woff.gz
- fontsource-kaisei-opti/5.0.1/files/kaisei-opti-56-700-normal.woff2
- fontsource-kaisei-opti/5.0.1/files/kaisei-opti-57-400-normal.woff.br
- fontsource-kaisei-opti/5.0.1/files/kaisei-opti-57-400-normal.woff.gz
- fontsource-kaisei-opti/5.0.1/files/kaisei-opti-57-400-normal.woff2
- fontsource-kaisei-opti/5.0.1/files/kaisei-opti-57-500-normal.woff.br
- fontsource-kaisei-opti/5.0.1/files/kaisei-opti-57-500-normal.woff.gz
- fontsource-kaisei-opti/5.0.1/files/kaisei-opti-57-500-normal.woff2
- fontsource-kaisei-opti/5.0.1/files/kaisei-opti-57-700-normal.woff.br
- fontsource-kaisei-opti/5.0.1/files/kaisei-opti-57-700-normal.woff.gz
- fontsource-kaisei-opti/5.0.1/files/kaisei-opti-57-700-normal.woff2
- fontsource-kaisei-opti/5.0.1/files/kaisei-opti-58-400-normal.woff.br
- fontsource-kaisei-opti/5.0.1/files/kaisei-opti-58-400-normal.woff.gz
- fontsource-kaisei-opti/5.0.1/files/kaisei-opti-58-400-normal.woff2
- fontsource-kaisei-opti/5.0.1/files/kaisei-opti-58-500-normal.woff.br
- fontsource-kaisei-opti/5.0.1/files/kaisei-opti-58-500-normal.woff.gz
- fontsource-kaisei-opti/5.0.1/files/kaisei-opti-58-500-normal.woff2
- fontsource-kaisei-opti/5.0.1/files/kaisei-opti-58-700-normal.woff.br
- fontsource-kaisei-opti/5.0.1/files/kaisei-opti-58-700-normal.woff.gz
- fontsource-kaisei-opti/5.0.1/files/kaisei-opti-58-700-normal.woff2
- fontsource-kaisei-opti/5.0.1/files/kaisei-opti-59-400-normal.woff.br
- fontsource-kaisei-opti/5.0.1/files/kaisei-opti-59-400-normal.woff.gz
- fontsource-kaisei-opti/5.0.1/files/kaisei-opti-59-400-normal.woff2
- fontsource-kaisei-opti/5.0.1/files/kaisei-opti-59-500-normal.woff.br
- fontsource-kaisei-opti/5.0.1/files/kaisei-opti-59-500-normal.woff.gz
- fontsource-kaisei-opti/5.0.1/files/kaisei-opti-59-500-normal.woff2
- fontsource-kaisei-opti/5.0.1/files/kaisei-opti-59-700-normal.woff.br
- fontsource-kaisei-opti/5.0.1/files/kaisei-opti-59-700-normal.woff.gz
- fontsource-kaisei-opti/5.0.1/files/kaisei-opti-59-700-normal.woff2
- fontsource-kaisei-opti/5.0.1/files/kaisei-opti-6-400-normal.woff.br
- fontsource-kaisei-opti/5.0.1/files/kaisei-opti-6-400-normal.woff.gz
- fontsource-kaisei-opti/5.0.1/files/kaisei-opti-6-400-normal.woff2
- fontsource-kaisei-opti/5.0.1/files/kaisei-opti-6-500-normal.woff.br
- fontsource-kaisei-opti/5.0.1/files/kaisei-opti-6-500-normal.woff.gz
- fontsource-kaisei-opti/5.0.1/files/kaisei-opti-6-500-normal.woff2
- fontsource-kaisei-opti/5.0.1/files/kaisei-opti-6-700-normal.woff.br
- fontsource-kaisei-opti/5.0.1/files/kaisei-opti-6-700-normal.woff.gz
- fontsource-kaisei-opti/5.0.1/files/kaisei-opti-6-700-normal.woff2
- fontsource-kaisei-opti/5.0.1/files/kaisei-opti-60-400-normal.woff.br
- fontsource-kaisei-opti/5.0.1/files/kaisei-opti-60-400-normal.woff.gz
- fontsource-kaisei-opti/5.0.1/files/kaisei-opti-60-400-normal.woff2
- fontsource-kaisei-opti/5.0.1/files/kaisei-opti-60-500-normal.woff.br
- fontsource-kaisei-opti/5.0.1/files/kaisei-opti-60-500-normal.woff.gz
- fontsource-kaisei-opti/5.0.1/files/kaisei-opti-60-500-normal.woff2
- fontsource-kaisei-opti/5.0.1/files/kaisei-opti-60-700-normal.woff.br
- fontsource-kaisei-opti/5.0.1/files/kaisei-opti-60-700-normal.woff.gz
- fontsource-kaisei-opti/5.0.1/files/kaisei-opti-60-700-normal.woff2
- fontsource-kaisei-opti/5.0.1/files/kaisei-opti-61-400-normal.woff.br
- fontsource-kaisei-opti/5.0.1/files/kaisei-opti-61-400-normal.woff.gz
- fontsource-kaisei-opti/5.0.1/files/kaisei-opti-61-400-normal.woff2
- fontsource-kaisei-opti/5.0.1/files/kaisei-opti-61-500-normal.woff.br
- fontsource-kaisei-opti/5.0.1/files/kaisei-opti-61-500-normal.woff.gz
- fontsource-kaisei-opti/5.0.1/files/kaisei-opti-61-500-normal.woff2
- fontsource-kaisei-opti/5.0.1/files/kaisei-opti-61-700-normal.woff.br
- fontsource-kaisei-opti/5.0.1/files/kaisei-opti-61-700-normal.woff.gz
- fontsource-kaisei-opti/5.0.1/files/kaisei-opti-61-700-normal.woff2
- fontsource-kaisei-opti/5.0.1/files/kaisei-opti-62-400-normal.woff.br
- fontsource-kaisei-opti/5.0.1/files/kaisei-opti-62-400-normal.woff.gz
- fontsource-kaisei-opti/5.0.1/files/kaisei-opti-62-400-normal.woff2
- fontsource-kaisei-opti/5.0.1/files/kaisei-opti-62-500-normal.woff.br
- fontsource-kaisei-opti/5.0.1/files/kaisei-opti-62-500-normal.woff.gz
- fontsource-kaisei-opti/5.0.1/files/kaisei-opti-62-500-normal.woff2
- fontsource-kaisei-opti/5.0.1/files/kaisei-opti-62-700-normal.woff.br
- fontsource-kaisei-opti/5.0.1/files/kaisei-opti-62-700-normal.woff.gz
- fontsource-kaisei-opti/5.0.1/files/kaisei-opti-62-700-normal.woff2
- fontsource-kaisei-opti/5.0.1/files/kaisei-opti-63-400-normal.woff.br
- fontsource-kaisei-opti/5.0.1/files/kaisei-opti-63-400-normal.woff.gz
- fontsource-kaisei-opti/5.0.1/files/kaisei-opti-63-400-normal.woff2
- fontsource-kaisei-opti/5.0.1/files/kaisei-opti-63-500-normal.woff.br
- fontsource-kaisei-opti/5.0.1/files/kaisei-opti-63-500-normal.woff.gz
- fontsource-kaisei-opti/5.0.1/files/kaisei-opti-63-500-normal.woff2
- fontsource-kaisei-opti/5.0.1/files/kaisei-opti-63-700-normal.woff.br
- fontsource-kaisei-opti/5.0.1/files/kaisei-opti-63-700-normal.woff.gz
- fontsource-kaisei-opti/5.0.1/files/kaisei-opti-63-700-normal.woff2
- fontsource-kaisei-opti/5.0.1/files/kaisei-opti-64-400-normal.woff.br
- fontsource-kaisei-opti/5.0.1/files/kaisei-opti-64-400-normal.woff.gz
- fontsource-kaisei-opti/5.0.1/files/kaisei-opti-64-400-normal.woff2
- fontsource-kaisei-opti/5.0.1/files/kaisei-opti-64-500-normal.woff.br
- fontsource-kaisei-opti/5.0.1/files/kaisei-opti-64-500-normal.woff.gz
- fontsource-kaisei-opti/5.0.1/files/kaisei-opti-64-500-normal.woff2
- fontsource-kaisei-opti/5.0.1/files/kaisei-opti-64-700-normal.woff.br
- fontsource-kaisei-opti/5.0.1/files/kaisei-opti-64-700-normal.woff.gz
- fontsource-kaisei-opti/5.0.1/files/kaisei-opti-64-700-normal.woff2
- fontsource-kaisei-opti/5.0.1/files/kaisei-opti-65-400-normal.woff.br
- fontsource-kaisei-opti/5.0.1/files/kaisei-opti-65-400-normal.woff.gz
- fontsource-kaisei-opti/5.0.1/files/kaisei-opti-65-400-normal.woff2
- fontsource-kaisei-opti/5.0.1/files/kaisei-opti-65-500-normal.woff.br
- fontsource-kaisei-opti/5.0.1/files/kaisei-opti-65-500-normal.woff.gz
- fontsource-kaisei-opti/5.0.1/files/kaisei-opti-65-500-normal.woff2
- fontsource-kaisei-opti/5.0.1/files/kaisei-opti-65-700-normal.woff.br
- fontsource-kaisei-opti/5.0.1/files/kaisei-opti-65-700-normal.woff.gz
- fontsource-kaisei-opti/5.0.1/files/kaisei-opti-65-700-normal.woff2
- fontsource-kaisei-opti/5.0.1/files/kaisei-opti-66-400-normal.woff.br
- fontsource-kaisei-opti/5.0.1/files/kaisei-opti-66-400-normal.woff.gz
- fontsource-kaisei-opti/5.0.1/files/kaisei-opti-66-400-normal.woff2
- fontsource-kaisei-opti/5.0.1/files/kaisei-opti-66-500-normal.woff.br
- fontsource-kaisei-opti/5.0.1/files/kaisei-opti-66-500-normal.woff.gz
- fontsource-kaisei-opti/5.0.1/files/kaisei-opti-66-500-normal.woff2
- fontsource-kaisei-opti/5.0.1/files/kaisei-opti-66-700-normal.woff.br
- fontsource-kaisei-opti/5.0.1/files/kaisei-opti-66-700-normal.woff.gz
- fontsource-kaisei-opti/5.0.1/files/kaisei-opti-66-700-normal.woff2
- fontsource-kaisei-opti/5.0.1/files/kaisei-opti-67-400-normal.woff.br
- fontsource-kaisei-opti/5.0.1/files/kaisei-opti-67-400-normal.woff.gz
- fontsource-kaisei-opti/5.0.1/files/kaisei-opti-67-400-normal.woff2
- fontsource-kaisei-opti/5.0.1/files/kaisei-opti-67-500-normal.woff.br
- fontsource-kaisei-opti/5.0.1/files/kaisei-opti-67-500-normal.woff.gz
- fontsource-kaisei-opti/5.0.1/files/kaisei-opti-67-500-normal.woff2
- fontsource-kaisei-opti/5.0.1/files/kaisei-opti-67-700-normal.woff.br
- fontsource-kaisei-opti/5.0.1/files/kaisei-opti-67-700-normal.woff.gz
- fontsource-kaisei-opti/5.0.1/files/kaisei-opti-67-700-normal.woff2
- fontsource-kaisei-opti/5.0.1/files/kaisei-opti-68-400-normal.woff.br
- fontsource-kaisei-opti/5.0.1/files/kaisei-opti-68-400-normal.woff.gz
- fontsource-kaisei-opti/5.0.1/files/kaisei-opti-68-400-normal.woff2
- fontsource-kaisei-opti/5.0.1/files/kaisei-opti-68-500-normal.woff.br
- fontsource-kaisei-opti/5.0.1/files/kaisei-opti-68-500-normal.woff.gz
- fontsource-kaisei-opti/5.0.1/files/kaisei-opti-68-500-normal.woff2
- fontsource-kaisei-opti/5.0.1/files/kaisei-opti-68-700-normal.woff.br
- fontsource-kaisei-opti/5.0.1/files/kaisei-opti-68-700-normal.woff.gz
- fontsource-kaisei-opti/5.0.1/files/kaisei-opti-68-700-normal.woff2
- fontsource-kaisei-opti/5.0.1/files/kaisei-opti-69-400-normal.woff.br
- fontsource-kaisei-opti/5.0.1/files/kaisei-opti-69-400-normal.woff.gz
- fontsource-kaisei-opti/5.0.1/files/kaisei-opti-69-400-normal.woff2
- fontsource-kaisei-opti/5.0.1/files/kaisei-opti-69-500-normal.woff.br
- fontsource-kaisei-opti/5.0.1/files/kaisei-opti-69-500-normal.woff.gz
- fontsource-kaisei-opti/5.0.1/files/kaisei-opti-69-500-normal.woff2
- fontsource-kaisei-opti/5.0.1/files/kaisei-opti-69-700-normal.woff.br
- fontsource-kaisei-opti/5.0.1/files/kaisei-opti-69-700-normal.woff.gz
- fontsource-kaisei-opti/5.0.1/files/kaisei-opti-69-700-normal.woff2
- fontsource-kaisei-opti/5.0.1/files/kaisei-opti-7-400-normal.woff.br
- fontsource-kaisei-opti/5.0.1/files/kaisei-opti-7-400-normal.woff.gz
- fontsource-kaisei-opti/5.0.1/files/kaisei-opti-7-400-normal.woff2
- fontsource-kaisei-opti/5.0.1/files/kaisei-opti-7-500-normal.woff.br
- fontsource-kaisei-opti/5.0.1/files/kaisei-opti-7-500-normal.woff.gz
- fontsource-kaisei-opti/5.0.1/files/kaisei-opti-7-500-normal.woff2
- fontsource-kaisei-opti/5.0.1/files/kaisei-opti-7-700-normal.woff.br
- fontsource-kaisei-opti/5.0.1/files/kaisei-opti-7-700-normal.woff.gz
- fontsource-kaisei-opti/5.0.1/files/kaisei-opti-7-700-normal.woff2
- fontsource-kaisei-opti/5.0.1/files/kaisei-opti-70-400-normal.woff.br
- fontsource-kaisei-opti/5.0.1/files/kaisei-opti-70-400-normal.woff.gz
- fontsource-kaisei-opti/5.0.1/files/kaisei-opti-70-400-normal.woff2
- fontsource-kaisei-opti/5.0.1/files/kaisei-opti-70-500-normal.woff.br
- fontsource-kaisei-opti/5.0.1/files/kaisei-opti-70-500-normal.woff.gz
- fontsource-kaisei-opti/5.0.1/files/kaisei-opti-70-500-normal.woff2
- fontsource-kaisei-opti/5.0.1/files/kaisei-opti-70-700-normal.woff.br
- fontsource-kaisei-opti/5.0.1/files/kaisei-opti-70-700-normal.woff.gz
- fontsource-kaisei-opti/5.0.1/files/kaisei-opti-70-700-normal.woff2
- fontsource-kaisei-opti/5.0.1/files/kaisei-opti-71-400-normal.woff.br
- fontsource-kaisei-opti/5.0.1/files/kaisei-opti-71-400-normal.woff.gz
- fontsource-kaisei-opti/5.0.1/files/kaisei-opti-71-400-normal.woff2
- fontsource-kaisei-opti/5.0.1/files/kaisei-opti-71-500-normal.woff.br
- fontsource-kaisei-opti/5.0.1/files/kaisei-opti-71-500-normal.woff.gz
- fontsource-kaisei-opti/5.0.1/files/kaisei-opti-71-500-normal.woff2
- fontsource-kaisei-opti/5.0.1/files/kaisei-opti-71-700-normal.woff.br
- fontsource-kaisei-opti/5.0.1/files/kaisei-opti-71-700-normal.woff.gz
- fontsource-kaisei-opti/5.0.1/files/kaisei-opti-71-700-normal.woff2
- fontsource-kaisei-opti/5.0.1/files/kaisei-opti-72-400-normal.woff.br
- fontsource-kaisei-opti/5.0.1/files/kaisei-opti-72-400-normal.woff.gz
- fontsource-kaisei-opti/5.0.1/files/kaisei-opti-72-400-normal.woff2
- fontsource-kaisei-opti/5.0.1/files/kaisei-opti-72-500-normal.woff.br
- fontsource-kaisei-opti/5.0.1/files/kaisei-opti-72-500-normal.woff.gz
- fontsource-kaisei-opti/5.0.1/files/kaisei-opti-72-500-normal.woff2
- fontsource-kaisei-opti/5.0.1/files/kaisei-opti-72-700-normal.woff.br
- fontsource-kaisei-opti/5.0.1/files/kaisei-opti-72-700-normal.woff.gz
- fontsource-kaisei-opti/5.0.1/files/kaisei-opti-72-700-normal.woff2
- fontsource-kaisei-opti/5.0.1/files/kaisei-opti-73-400-normal.woff.br
- fontsource-kaisei-opti/5.0.1/files/kaisei-opti-73-400-normal.woff.gz
- fontsource-kaisei-opti/5.0.1/files/kaisei-opti-73-400-normal.woff2
- fontsource-kaisei-opti/5.0.1/files/kaisei-opti-73-500-normal.woff.br
- fontsource-kaisei-opti/5.0.1/files/kaisei-opti-73-500-normal.woff.gz
- fontsource-kaisei-opti/5.0.1/files/kaisei-opti-73-500-normal.woff2
- fontsource-kaisei-opti/5.0.1/files/kaisei-opti-73-700-normal.woff.br
- fontsource-kaisei-opti/5.0.1/files/kaisei-opti-73-700-normal.woff.gz
- fontsource-kaisei-opti/5.0.1/files/kaisei-opti-73-700-normal.woff2
- fontsource-kaisei-opti/5.0.1/files/kaisei-opti-74-400-normal.woff.br
- fontsource-kaisei-opti/5.0.1/files/kaisei-opti-74-400-normal.woff.gz
- fontsource-kaisei-opti/5.0.1/files/kaisei-opti-74-400-normal.woff2
- fontsource-kaisei-opti/5.0.1/files/kaisei-opti-74-500-normal.woff.br
- fontsource-kaisei-opti/5.0.1/files/kaisei-opti-74-500-normal.woff.gz
- fontsource-kaisei-opti/5.0.1/files/kaisei-opti-74-500-normal.woff2
- fontsource-kaisei-opti/5.0.1/files/kaisei-opti-74-700-normal.woff.br
- fontsource-kaisei-opti/5.0.1/files/kaisei-opti-74-700-normal.woff.gz
- fontsource-kaisei-opti/5.0.1/files/kaisei-opti-74-700-normal.woff2
- fontsource-kaisei-opti/5.0.1/files/kaisei-opti-75-400-normal.woff.br
- fontsource-kaisei-opti/5.0.1/files/kaisei-opti-75-400-normal.woff.gz
- fontsource-kaisei-opti/5.0.1/files/kaisei-opti-75-400-normal.woff2
- fontsource-kaisei-opti/5.0.1/files/kaisei-opti-75-500-normal.woff.br
- fontsource-kaisei-opti/5.0.1/files/kaisei-opti-75-500-normal.woff.gz
- fontsource-kaisei-opti/5.0.1/files/kaisei-opti-75-500-normal.woff2
- fontsource-kaisei-opti/5.0.1/files/kaisei-opti-75-700-normal.woff.br
- fontsource-kaisei-opti/5.0.1/files/kaisei-opti-75-700-normal.woff.gz
- fontsource-kaisei-opti/5.0.1/files/kaisei-opti-75-700-normal.woff2
- fontsource-kaisei-opti/5.0.1/files/kaisei-opti-76-400-normal.woff.br
- fontsource-kaisei-opti/5.0.1/files/kaisei-opti-76-400-normal.woff.gz
- fontsource-kaisei-opti/5.0.1/files/kaisei-opti-76-400-normal.woff2
- fontsource-kaisei-opti/5.0.1/files/kaisei-opti-76-500-normal.woff.br
- fontsource-kaisei-opti/5.0.1/files/kaisei-opti-76-500-normal.woff.gz
- fontsource-kaisei-opti/5.0.1/files/kaisei-opti-76-500-normal.woff2
- fontsource-kaisei-opti/5.0.1/files/kaisei-opti-76-700-normal.woff.br
- fontsource-kaisei-opti/5.0.1/files/kaisei-opti-76-700-normal.woff.gz
- fontsource-kaisei-opti/5.0.1/files/kaisei-opti-76-700-normal.woff2
- fontsource-kaisei-opti/5.0.1/files/kaisei-opti-77-400-normal.woff.br
- fontsource-kaisei-opti/5.0.1/files/kaisei-opti-77-400-normal.woff.gz
- fontsource-kaisei-opti/5.0.1/files/kaisei-opti-77-400-normal.woff2
- fontsource-kaisei-opti/5.0.1/files/kaisei-opti-77-500-normal.woff.br
- fontsource-kaisei-opti/5.0.1/files/kaisei-opti-77-500-normal.woff.gz
- fontsource-kaisei-opti/5.0.1/files/kaisei-opti-77-500-normal.woff2
- fontsource-kaisei-opti/5.0.1/files/kaisei-opti-77-700-normal.woff.br
- fontsource-kaisei-opti/5.0.1/files/kaisei-opti-77-700-normal.woff.gz
- fontsource-kaisei-opti/5.0.1/files/kaisei-opti-77-700-normal.woff2
- fontsource-kaisei-opti/5.0.1/files/kaisei-opti-78-400-normal.woff.br
- fontsource-kaisei-opti/5.0.1/files/kaisei-opti-78-400-normal.woff.gz
- fontsource-kaisei-opti/5.0.1/files/kaisei-opti-78-400-normal.woff2
- fontsource-kaisei-opti/5.0.1/files/kaisei-opti-78-500-normal.woff.br
- fontsource-kaisei-opti/5.0.1/files/kaisei-opti-78-500-normal.woff.gz
- fontsource-kaisei-opti/5.0.1/files/kaisei-opti-78-500-normal.woff2
- fontsource-kaisei-opti/5.0.1/files/kaisei-opti-78-700-normal.woff.br
- fontsource-kaisei-opti/5.0.1/files/kaisei-opti-78-700-normal.woff.gz
- fontsource-kaisei-opti/5.0.1/files/kaisei-opti-78-700-normal.woff2
- fontsource-kaisei-opti/5.0.1/files/kaisei-opti-79-400-normal.woff.br
- fontsource-kaisei-opti/5.0.1/files/kaisei-opti-79-400-normal.woff.gz
- fontsource-kaisei-opti/5.0.1/files/kaisei-opti-79-400-normal.woff2
- fontsource-kaisei-opti/5.0.1/files/kaisei-opti-79-500-normal.woff.br
- fontsource-kaisei-opti/5.0.1/files/kaisei-opti-79-500-normal.woff.gz
- fontsource-kaisei-opti/5.0.1/files/kaisei-opti-79-500-normal.woff2
- fontsource-kaisei-opti/5.0.1/files/kaisei-opti-79-700-normal.woff.br
- fontsource-kaisei-opti/5.0.1/files/kaisei-opti-79-700-normal.woff.gz
- fontsource-kaisei-opti/5.0.1/files/kaisei-opti-79-700-normal.woff2
- fontsource-kaisei-opti/5.0.1/files/kaisei-opti-8-400-normal.woff.br
- fontsource-kaisei-opti/5.0.1/files/kaisei-opti-8-400-normal.woff.gz
- fontsource-kaisei-opti/5.0.1/files/kaisei-opti-8-400-normal.woff2
- fontsource-kaisei-opti/5.0.1/files/kaisei-opti-8-500-normal.woff.br
- fontsource-kaisei-opti/5.0.1/files/kaisei-opti-8-500-normal.woff.gz
- fontsource-kaisei-opti/5.0.1/files/kaisei-opti-8-500-normal.woff2
- fontsource-kaisei-opti/5.0.1/files/kaisei-opti-8-700-normal.woff.br
- fontsource-kaisei-opti/5.0.1/files/kaisei-opti-8-700-normal.woff.gz
- fontsource-kaisei-opti/5.0.1/files/kaisei-opti-8-700-normal.woff2
- fontsource-kaisei-opti/5.0.1/files/kaisei-opti-80-400-normal.woff.br
- fontsource-kaisei-opti/5.0.1/files/kaisei-opti-80-400-normal.woff.gz
- fontsource-kaisei-opti/5.0.1/files/kaisei-opti-80-400-normal.woff2
- fontsource-kaisei-opti/5.0.1/files/kaisei-opti-80-500-normal.woff.br
- fontsource-kaisei-opti/5.0.1/files/kaisei-opti-80-500-normal.woff.gz
- fontsource-kaisei-opti/5.0.1/files/kaisei-opti-80-500-normal.woff2
- fontsource-kaisei-opti/5.0.1/files/kaisei-opti-80-700-normal.woff.br
- fontsource-kaisei-opti/5.0.1/files/kaisei-opti-80-700-normal.woff.gz
- fontsource-kaisei-opti/5.0.1/files/kaisei-opti-80-700-normal.woff2
- fontsource-kaisei-opti/5.0.1/files/kaisei-opti-81-400-normal.woff.br
- fontsource-kaisei-opti/5.0.1/files/kaisei-opti-81-400-normal.woff.gz
- fontsource-kaisei-opti/5.0.1/files/kaisei-opti-81-400-normal.woff2
- fontsource-kaisei-opti/5.0.1/files/kaisei-opti-81-500-normal.woff.br
- fontsource-kaisei-opti/5.0.1/files/kaisei-opti-81-500-normal.woff.gz
- fontsource-kaisei-opti/5.0.1/files/kaisei-opti-81-500-normal.woff2
- fontsource-kaisei-opti/5.0.1/files/kaisei-opti-81-700-normal.woff.br
- fontsource-kaisei-opti/5.0.1/files/kaisei-opti-81-700-normal.woff.gz
- fontsource-kaisei-opti/5.0.1/files/kaisei-opti-81-700-normal.woff2
- fontsource-kaisei-opti/5.0.1/files/kaisei-opti-82-400-normal.woff.br
- fontsource-kaisei-opti/5.0.1/files/kaisei-opti-82-400-normal.woff.gz
- fontsource-kaisei-opti/5.0.1/files/kaisei-opti-82-400-normal.woff2
- fontsource-kaisei-opti/5.0.1/files/kaisei-opti-82-500-normal.woff.br
- fontsource-kaisei-opti/5.0.1/files/kaisei-opti-82-500-normal.woff.gz
- fontsource-kaisei-opti/5.0.1/files/kaisei-opti-82-500-normal.woff2
- fontsource-kaisei-opti/5.0.1/files/kaisei-opti-82-700-normal.woff.br
- fontsource-kaisei-opti/5.0.1/files/kaisei-opti-82-700-normal.woff.gz
- fontsource-kaisei-opti/5.0.1/files/kaisei-opti-82-700-normal.woff2
- fontsource-kaisei-opti/5.0.1/files/kaisei-opti-83-400-normal.woff.br
- fontsource-kaisei-opti/5.0.1/files/kaisei-opti-83-400-normal.woff.gz
- fontsource-kaisei-opti/5.0.1/files/kaisei-opti-83-400-normal.woff2
- fontsource-kaisei-opti/5.0.1/files/kaisei-opti-83-500-normal.woff.br
- fontsource-kaisei-opti/5.0.1/files/kaisei-opti-83-500-normal.woff.gz
- fontsource-kaisei-opti/5.0.1/files/kaisei-opti-83-500-normal.woff2
- fontsource-kaisei-opti/5.0.1/files/kaisei-opti-83-700-normal.woff.br
- fontsource-kaisei-opti/5.0.1/files/kaisei-opti-83-700-normal.woff.gz
- fontsource-kaisei-opti/5.0.1/files/kaisei-opti-83-700-normal.woff2
- fontsource-kaisei-opti/5.0.1/files/kaisei-opti-84-400-normal.woff.br
- fontsource-kaisei-opti/5.0.1/files/kaisei-opti-84-400-normal.woff.gz
- fontsource-kaisei-opti/5.0.1/files/kaisei-opti-84-400-normal.woff2
- fontsource-kaisei-opti/5.0.1/files/kaisei-opti-84-500-normal.woff.br
- fontsource-kaisei-opti/5.0.1/files/kaisei-opti-84-500-normal.woff.gz
- fontsource-kaisei-opti/5.0.1/files/kaisei-opti-84-500-normal.woff2
- fontsource-kaisei-opti/5.0.1/files/kaisei-opti-84-700-normal.woff.br
- fontsource-kaisei-opti/5.0.1/files/kaisei-opti-84-700-normal.woff.gz
- fontsource-kaisei-opti/5.0.1/files/kaisei-opti-84-700-normal.woff2
- fontsource-kaisei-opti/5.0.1/files/kaisei-opti-85-400-normal.woff.br
- fontsource-kaisei-opti/5.0.1/files/kaisei-opti-85-400-normal.woff.gz
- fontsource-kaisei-opti/5.0.1/files/kaisei-opti-85-400-normal.woff2
- fontsource-kaisei-opti/5.0.1/files/kaisei-opti-85-500-normal.woff.br
- fontsource-kaisei-opti/5.0.1/files/kaisei-opti-85-500-normal.woff.gz
- fontsource-kaisei-opti/5.0.1/files/kaisei-opti-85-500-normal.woff2
- fontsource-kaisei-opti/5.0.1/files/kaisei-opti-85-700-normal.woff.br
- fontsource-kaisei-opti/5.0.1/files/kaisei-opti-85-700-normal.woff.gz
- fontsource-kaisei-opti/5.0.1/files/kaisei-opti-85-700-normal.woff2
- fontsource-kaisei-opti/5.0.1/files/kaisei-opti-86-400-normal.woff.br
- fontsource-kaisei-opti/5.0.1/files/kaisei-opti-86-400-normal.woff.gz
- fontsource-kaisei-opti/5.0.1/files/kaisei-opti-86-400-normal.woff2
- fontsource-kaisei-opti/5.0.1/files/kaisei-opti-86-500-normal.woff.br
- fontsource-kaisei-opti/5.0.1/files/kaisei-opti-86-500-normal.woff.gz
- fontsource-kaisei-opti/5.0.1/files/kaisei-opti-86-500-normal.woff2
- fontsource-kaisei-opti/5.0.1/files/kaisei-opti-86-700-normal.woff.br
- fontsource-kaisei-opti/5.0.1/files/kaisei-opti-86-700-normal.woff.gz
- fontsource-kaisei-opti/5.0.1/files/kaisei-opti-86-700-normal.woff2
- fontsource-kaisei-opti/5.0.1/files/kaisei-opti-87-400-normal.woff.br
- fontsource-kaisei-opti/5.0.1/files/kaisei-opti-87-400-normal.woff.gz
- fontsource-kaisei-opti/5.0.1/files/kaisei-opti-87-400-normal.woff2
- fontsource-kaisei-opti/5.0.1/files/kaisei-opti-87-500-normal.woff.br
- fontsource-kaisei-opti/5.0.1/files/kaisei-opti-87-500-normal.woff.gz
- fontsource-kaisei-opti/5.0.1/files/kaisei-opti-87-500-normal.woff2
- fontsource-kaisei-opti/5.0.1/files/kaisei-opti-87-700-normal.woff.br
- fontsource-kaisei-opti/5.0.1/files/kaisei-opti-87-700-normal.woff.gz
- fontsource-kaisei-opti/5.0.1/files/kaisei-opti-87-700-normal.woff2
- fontsource-kaisei-opti/5.0.1/files/kaisei-opti-88-400-normal.woff.br
- fontsource-kaisei-opti/5.0.1/files/kaisei-opti-88-400-normal.woff.gz
- fontsource-kaisei-opti/5.0.1/files/kaisei-opti-88-400-normal.woff2
- fontsource-kaisei-opti/5.0.1/files/kaisei-opti-88-500-normal.woff.br
- fontsource-kaisei-opti/5.0.1/files/kaisei-opti-88-500-normal.woff.gz
- fontsource-kaisei-opti/5.0.1/files/kaisei-opti-88-500-normal.woff2
- fontsource-kaisei-opti/5.0.1/files/kaisei-opti-88-700-normal.woff.br
- fontsource-kaisei-opti/5.0.1/files/kaisei-opti-88-700-normal.woff.gz
- fontsource-kaisei-opti/5.0.1/files/kaisei-opti-88-700-normal.woff2
- fontsource-kaisei-opti/5.0.1/files/kaisei-opti-89-400-normal.woff.br
- fontsource-kaisei-opti/5.0.1/files/kaisei-opti-89-400-normal.woff.gz
- fontsource-kaisei-opti/5.0.1/files/kaisei-opti-89-400-normal.woff2
- fontsource-kaisei-opti/5.0.1/files/kaisei-opti-89-500-normal.woff.br
- fontsource-kaisei-opti/5.0.1/files/kaisei-opti-89-500-normal.woff.gz
- fontsource-kaisei-opti/5.0.1/files/kaisei-opti-89-500-normal.woff2
- fontsource-kaisei-opti/5.0.1/files/kaisei-opti-89-700-normal.woff.br
- fontsource-kaisei-opti/5.0.1/files/kaisei-opti-89-700-normal.woff.gz
- fontsource-kaisei-opti/5.0.1/files/kaisei-opti-89-700-normal.woff2
- fontsource-kaisei-opti/5.0.1/files/kaisei-opti-9-400-normal.woff.br
- fontsource-kaisei-opti/5.0.1/files/kaisei-opti-9-400-normal.woff.gz
- fontsource-kaisei-opti/5.0.1/files/kaisei-opti-9-400-normal.woff2
- fontsource-kaisei-opti/5.0.1/files/kaisei-opti-9-500-normal.woff.br
- fontsource-kaisei-opti/5.0.1/files/kaisei-opti-9-500-normal.woff.gz
- fontsource-kaisei-opti/5.0.1/files/kaisei-opti-9-500-normal.woff2
- fontsource-kaisei-opti/5.0.1/files/kaisei-opti-9-700-normal.woff.br
- fontsource-kaisei-opti/5.0.1/files/kaisei-opti-9-700-normal.woff.gz
- fontsource-kaisei-opti/5.0.1/files/kaisei-opti-9-700-normal.woff2
- fontsource-kaisei-opti/5.0.1/files/kaisei-opti-90-400-normal.woff.br
- fontsource-kaisei-opti/5.0.1/files/kaisei-opti-90-400-normal.woff.gz
- fontsource-kaisei-opti/5.0.1/files/kaisei-opti-90-400-normal.woff2
- fontsource-kaisei-opti/5.0.1/files/kaisei-opti-90-500-normal.woff.br
- fontsource-kaisei-opti/5.0.1/files/kaisei-opti-90-500-normal.woff.gz
- fontsource-kaisei-opti/5.0.1/files/kaisei-opti-90-500-normal.woff2
- fontsource-kaisei-opti/5.0.1/files/kaisei-opti-90-700-normal.woff.br
- fontsource-kaisei-opti/5.0.1/files/kaisei-opti-90-700-normal.woff.gz
- fontsource-kaisei-opti/5.0.1/files/kaisei-opti-90-700-normal.woff2
- fontsource-kaisei-opti/5.0.1/files/kaisei-opti-91-400-normal.woff.br
- fontsource-kaisei-opti/5.0.1/files/kaisei-opti-91-400-normal.woff.gz
- fontsource-kaisei-opti/5.0.1/files/kaisei-opti-91-400-normal.woff2
- fontsource-kaisei-opti/5.0.1/files/kaisei-opti-91-500-normal.woff.br
- fontsource-kaisei-opti/5.0.1/files/kaisei-opti-91-500-normal.woff.gz
- fontsource-kaisei-opti/5.0.1/files/kaisei-opti-91-500-normal.woff2
- fontsource-kaisei-opti/5.0.1/files/kaisei-opti-91-700-normal.woff.br
- fontsource-kaisei-opti/5.0.1/files/kaisei-opti-91-700-normal.woff.gz
- fontsource-kaisei-opti/5.0.1/files/kaisei-opti-91-700-normal.woff2
- fontsource-kaisei-opti/5.0.1/files/kaisei-opti-92-400-normal.woff.br
- fontsource-kaisei-opti/5.0.1/files/kaisei-opti-92-400-normal.woff.gz
- fontsource-kaisei-opti/5.0.1/files/kaisei-opti-92-400-normal.woff2
- fontsource-kaisei-opti/5.0.1/files/kaisei-opti-92-500-normal.woff.br
- fontsource-kaisei-opti/5.0.1/files/kaisei-opti-92-500-normal.woff.gz
- fontsource-kaisei-opti/5.0.1/files/kaisei-opti-92-500-normal.woff2
- fontsource-kaisei-opti/5.0.1/files/kaisei-opti-92-700-normal.woff.br
- fontsource-kaisei-opti/5.0.1/files/kaisei-opti-92-700-normal.woff.gz
- fontsource-kaisei-opti/5.0.1/files/kaisei-opti-92-700-normal.woff2
- fontsource-kaisei-opti/5.0.1/files/kaisei-opti-93-400-normal.woff.br
- fontsource-kaisei-opti/5.0.1/files/kaisei-opti-93-400-normal.woff.gz
- fontsource-kaisei-opti/5.0.1/files/kaisei-opti-93-400-normal.woff2
- fontsource-kaisei-opti/5.0.1/files/kaisei-opti-93-500-normal.woff.br
- fontsource-kaisei-opti/5.0.1/files/kaisei-opti-93-500-normal.woff.gz
- fontsource-kaisei-opti/5.0.1/files/kaisei-opti-93-500-normal.woff2
- fontsource-kaisei-opti/5.0.1/files/kaisei-opti-93-700-normal.woff.br
- fontsource-kaisei-opti/5.0.1/files/kaisei-opti-93-700-normal.woff.gz
- fontsource-kaisei-opti/5.0.1/files/kaisei-opti-93-700-normal.woff2
- fontsource-kaisei-opti/5.0.1/files/kaisei-opti-94-400-normal.woff.br
- fontsource-kaisei-opti/5.0.1/files/kaisei-opti-94-400-normal.woff.gz
- fontsource-kaisei-opti/5.0.1/files/kaisei-opti-94-400-normal.woff2
- fontsource-kaisei-opti/5.0.1/files/kaisei-opti-94-500-normal.woff.br
- fontsource-kaisei-opti/5.0.1/files/kaisei-opti-94-500-normal.woff.gz
- fontsource-kaisei-opti/5.0.1/files/kaisei-opti-94-500-normal.woff2
- fontsource-kaisei-opti/5.0.1/files/kaisei-opti-94-700-normal.woff.br
- fontsource-kaisei-opti/5.0.1/files/kaisei-opti-94-700-normal.woff.gz
- fontsource-kaisei-opti/5.0.1/files/kaisei-opti-94-700-normal.woff2
- fontsource-kaisei-opti/5.0.1/files/kaisei-opti-95-400-normal.woff.br
- fontsource-kaisei-opti/5.0.1/files/kaisei-opti-95-400-normal.woff.gz
- fontsource-kaisei-opti/5.0.1/files/kaisei-opti-95-400-normal.woff2
- fontsource-kaisei-opti/5.0.1/files/kaisei-opti-95-500-normal.woff.br
- fontsource-kaisei-opti/5.0.1/files/kaisei-opti-95-500-normal.woff.gz
- fontsource-kaisei-opti/5.0.1/files/kaisei-opti-95-500-normal.woff2
- fontsource-kaisei-opti/5.0.1/files/kaisei-opti-95-700-normal.woff.br
- fontsource-kaisei-opti/5.0.1/files/kaisei-opti-95-700-normal.woff.gz
- fontsource-kaisei-opti/5.0.1/files/kaisei-opti-95-700-normal.woff2
- fontsource-kaisei-opti/5.0.1/files/kaisei-opti-96-400-normal.woff.br
- fontsource-kaisei-opti/5.0.1/files/kaisei-opti-96-400-normal.woff.gz
- fontsource-kaisei-opti/5.0.1/files/kaisei-opti-96-400-normal.woff2
- fontsource-kaisei-opti/5.0.1/files/kaisei-opti-96-500-normal.woff.br
- fontsource-kaisei-opti/5.0.1/files/kaisei-opti-96-500-normal.woff.gz
- fontsource-kaisei-opti/5.0.1/files/kaisei-opti-96-500-normal.woff2
- fontsource-kaisei-opti/5.0.1/files/kaisei-opti-96-700-normal.woff.br
- fontsource-kaisei-opti/5.0.1/files/kaisei-opti-96-700-normal.woff.gz
- fontsource-kaisei-opti/5.0.1/files/kaisei-opti-96-700-normal.woff2
- fontsource-kaisei-opti/5.0.1/files/kaisei-opti-97-400-normal.woff.br
- fontsource-kaisei-opti/5.0.1/files/kaisei-opti-97-400-normal.woff.gz
- fontsource-kaisei-opti/5.0.1/files/kaisei-opti-97-400-normal.woff2
- fontsource-kaisei-opti/5.0.1/files/kaisei-opti-97-500-normal.woff.br
- fontsource-kaisei-opti/5.0.1/files/kaisei-opti-97-500-normal.woff.gz
- fontsource-kaisei-opti/5.0.1/files/kaisei-opti-97-500-normal.woff2
- fontsource-kaisei-opti/5.0.1/files/kaisei-opti-97-700-normal.woff.br
- fontsource-kaisei-opti/5.0.1/files/kaisei-opti-97-700-normal.woff.gz
- fontsource-kaisei-opti/5.0.1/files/kaisei-opti-97-700-normal.woff2
- fontsource-kaisei-opti/5.0.1/files/kaisei-opti-98-400-normal.woff.br
- fontsource-kaisei-opti/5.0.1/files/kaisei-opti-98-400-normal.woff.gz
- fontsource-kaisei-opti/5.0.1/files/kaisei-opti-98-400-normal.woff2
- fontsource-kaisei-opti/5.0.1/files/kaisei-opti-98-500-normal.woff.br
- fontsource-kaisei-opti/5.0.1/files/kaisei-opti-98-500-normal.woff.gz
- fontsource-kaisei-opti/5.0.1/files/kaisei-opti-98-500-normal.woff2
- fontsource-kaisei-opti/5.0.1/files/kaisei-opti-98-700-normal.woff.br
- fontsource-kaisei-opti/5.0.1/files/kaisei-opti-98-700-normal.woff.gz
- fontsource-kaisei-opti/5.0.1/files/kaisei-opti-98-700-normal.woff2
- fontsource-kaisei-opti/5.0.1/files/kaisei-opti-99-400-normal.woff.br
- fontsource-kaisei-opti/5.0.1/files/kaisei-opti-99-400-normal.woff.gz
- fontsource-kaisei-opti/5.0.1/files/kaisei-opti-99-400-normal.woff2
- fontsource-kaisei-opti/5.0.1/files/kaisei-opti-99-500-normal.woff.br
- fontsource-kaisei-opti/5.0.1/files/kaisei-opti-99-500-normal.woff.gz
- fontsource-kaisei-opti/5.0.1/files/kaisei-opti-99-500-normal.woff2
- fontsource-kaisei-opti/5.0.1/files/kaisei-opti-99-700-normal.woff.br
- fontsource-kaisei-opti/5.0.1/files/kaisei-opti-99-700-normal.woff.gz
- fontsource-kaisei-opti/5.0.1/files/kaisei-opti-99-700-normal.woff2
- fontsource-kaisei-opti/5.0.1/files/kaisei-opti-cyrillic-400-normal.woff.br
- fontsource-kaisei-opti/5.0.1/files/kaisei-opti-cyrillic-400-normal.woff.gz
- fontsource-kaisei-opti/5.0.1/files/kaisei-opti-cyrillic-400-normal.woff2
- fontsource-kaisei-opti/5.0.1/files/kaisei-opti-cyrillic-500-normal.woff.br
- fontsource-kaisei-opti/5.0.1/files/kaisei-opti-cyrillic-500-normal.woff.gz
- fontsource-kaisei-opti/5.0.1/files/kaisei-opti-cyrillic-500-normal.woff2
- fontsource-kaisei-opti/5.0.1/files/kaisei-opti-cyrillic-700-normal.woff.br
- fontsource-kaisei-opti/5.0.1/files/kaisei-opti-cyrillic-700-normal.woff.gz
- fontsource-kaisei-opti/5.0.1/files/kaisei-opti-cyrillic-700-normal.woff2
- fontsource-kaisei-opti/5.0.1/files/kaisei-opti-japanese-400-normal.woff.br
- fontsource-kaisei-opti/5.0.1/files/kaisei-opti-japanese-400-normal.woff.gz
- fontsource-kaisei-opti/5.0.1/files/kaisei-opti-japanese-400-normal.woff2
- fontsource-kaisei-opti/5.0.1/files/kaisei-opti-japanese-500-normal.woff.br
- fontsource-kaisei-opti/5.0.1/files/kaisei-opti-japanese-500-normal.woff.gz
- fontsource-kaisei-opti/5.0.1/files/kaisei-opti-japanese-500-normal.woff2
- fontsource-kaisei-opti/5.0.1/files/kaisei-opti-japanese-700-normal.woff.br
- fontsource-kaisei-opti/5.0.1/files/kaisei-opti-japanese-700-normal.woff.gz
- fontsource-kaisei-opti/5.0.1/files/kaisei-opti-japanese-700-normal.woff2
- fontsource-kaisei-opti/5.0.1/files/kaisei-opti-latin-400-normal.woff.br
- fontsource-kaisei-opti/5.0.1/files/kaisei-opti-latin-400-normal.woff.gz
- fontsource-kaisei-opti/5.0.1/files/kaisei-opti-latin-400-normal.woff2
- fontsource-kaisei-opti/5.0.1/files/kaisei-opti-latin-500-normal.woff.br
- fontsource-kaisei-opti/5.0.1/files/kaisei-opti-latin-500-normal.woff.gz
- fontsource-kaisei-opti/5.0.1/files/kaisei-opti-latin-500-normal.woff2
- fontsource-kaisei-opti/5.0.1/files/kaisei-opti-latin-700-normal.woff.br
- fontsource-kaisei-opti/5.0.1/files/kaisei-opti-latin-700-normal.woff.gz
- fontsource-kaisei-opti/5.0.1/files/kaisei-opti-latin-700-normal.woff2
- fontsource-kaisei-opti/5.0.1/files/kaisei-opti-latin-ext-400-normal.woff.br
- fontsource-kaisei-opti/5.0.1/files/kaisei-opti-latin-ext-400-normal.woff.gz
- fontsource-kaisei-opti/5.0.1/files/kaisei-opti-latin-ext-400-normal.woff2
- fontsource-kaisei-opti/5.0.1/files/kaisei-opti-latin-ext-500-normal.woff.br
- fontsource-kaisei-opti/5.0.1/files/kaisei-opti-latin-ext-500-normal.woff.gz
- fontsource-kaisei-opti/5.0.1/files/kaisei-opti-latin-ext-500-normal.woff2
- fontsource-kaisei-opti/5.0.1/files/kaisei-opti-latin-ext-700-normal.woff.br
- fontsource-kaisei-opti/5.0.1/files/kaisei-opti-latin-ext-700-normal.woff.gz
- fontsource-kaisei-opti/5.0.1/files/kaisei-opti-latin-ext-700-normal.woff2
- fontsource-kaisei-opti/5.0.1/index.css.br
- fontsource-kaisei-opti/5.0.1/index.css.gz
- fontsource-kaisei-opti/5.0.1/index.min.css.br
- fontsource-kaisei-opti/5.0.1/index.min.css.gz
- fontsource-kaisei-opti/5.0.1/japanese-400.css.br
- fontsource-kaisei-opti/5.0.1/japanese-400.css.gz
- fontsource-kaisei-opti/5.0.1/japanese-400.min.css.br
- fontsource-kaisei-opti/5.0.1/japanese-400.min.css.gz
- fontsource-kaisei-opti/5.0.1/japanese-500.css.br
- fontsource-kaisei-opti/5.0.1/japanese-500.css.gz
- fontsource-kaisei-opti/5.0.1/japanese-500.min.css.br
- fontsource-kaisei-opti/5.0.1/japanese-500.min.css.gz
- fontsource-kaisei-opti/5.0.1/japanese-700.css.br
- fontsource-kaisei-opti/5.0.1/japanese-700.css.gz
- fontsource-kaisei-opti/5.0.1/japanese-700.min.css.br
- fontsource-kaisei-opti/5.0.1/japanese-700.min.css.gz
- fontsource-kaisei-opti/5.0.1/japanese.css.br
- fontsource-kaisei-opti/5.0.1/japanese.css.gz
- fontsource-kaisei-opti/5.0.1/japanese.min.css.br
- fontsource-kaisei-opti/5.0.1/japanese.min.css.gz
- fontsource-kaisei-opti/5.0.1/latin-400.css.br
- fontsource-kaisei-opti/5.0.1/latin-400.css.gz
- fontsource-kaisei-opti/5.0.1/latin-400.min.css.br
- fontsource-kaisei-opti/5.0.1/latin-400.min.css.gz
- fontsource-kaisei-opti/5.0.1/latin-500.css.br
- fontsource-kaisei-opti/5.0.1/latin-500.css.gz
- fontsource-kaisei-opti/5.0.1/latin-500.min.css.br
- fontsource-kaisei-opti/5.0.1/latin-500.min.css.gz
- fontsource-kaisei-opti/5.0.1/latin-700.css.br
- fontsource-kaisei-opti/5.0.1/latin-700.css.gz
- fontsource-kaisei-opti/5.0.1/latin-700.min.css.br
- fontsource-kaisei-opti/5.0.1/latin-700.min.css.gz
- fontsource-kaisei-opti/5.0.1/latin-ext-400.css.br
- fontsource-kaisei-opti/5.0.1/latin-ext-400.css.gz
- fontsource-kaisei-opti/5.0.1/latin-ext-400.min.css.br
- fontsource-kaisei-opti/5.0.1/latin-ext-400.min.css.gz
- fontsource-kaisei-opti/5.0.1/latin-ext-500.css.br
- fontsource-kaisei-opti/5.0.1/latin-ext-500.css.gz
- fontsource-kaisei-opti/5.0.1/latin-ext-500.min.css.br
- fontsource-kaisei-opti/5.0.1/latin-ext-500.min.css.gz
- fontsource-kaisei-opti/5.0.1/latin-ext-700.css.br
- fontsource-kaisei-opti/5.0.1/latin-ext-700.css.gz
- fontsource-kaisei-opti/5.0.1/latin-ext-700.min.css.br
- fontsource-kaisei-opti/5.0.1/latin-ext-700.min.css.gz
- fontsource-kaisei-opti/5.0.1/latin-ext.css.br
- fontsource-kaisei-opti/5.0.1/latin-ext.css.gz
- fontsource-kaisei-opti/5.0.1/latin-ext.min.css.br
- fontsource-kaisei-opti/5.0.1/latin-ext.min.css.gz
- fontsource-kaisei-opti/5.0.1/latin.css.br
- fontsource-kaisei-opti/5.0.1/latin.css.gz
- fontsource-kaisei-opti/5.0.1/latin.min.css.br
- fontsource-kaisei-opti/5.0.1/latin.min.css.gz
SRIs:
- fontsource-kaisei-opti/5.0.1/latin-ext.css: sha512-n9rvNyDd3FW3y5yva6BaBiZXSR8y79dFNwvFuIOIbNs4QCDwhJFZgtWUTOvkAgXoKZAnZc45GL51DyEFwF8g9A==
- fontsource-kaisei-opti/5.0.1/latin-ext.min.css: sha512-mpxcLM1CRBRKvHE+KJxMgBpjco+1QjnuatW7OS0fOJ9vB6TS/gAyyUyrP8SwQYfducfxPufA18MtNGatUy0Bng==
- fontsource-kaisei-opti/5.0.1/cyrillic-500.min.css: sha512-JxoD296sbKnCCcBlXEb1+sAELlpEhiPt087q9f58TRyhMm7zRBJylRydk8souqC1ZPqU4bjApgGVgeYrM/LPqg==
- fontsource-kaisei-opti/5.0.1/cyrillic-700.min.css: sha512-eK6n/7fpDCOi7Scm6CVDT1O9+PvekfxzkOj5IaVwPfZvYFYNQbC0BTE45z6d2se22eljW8cmWWQx5nzLcJinrQ==
- fontsource-kaisei-opti/5.0.1/latin-500.css: sha512-P5MmTppS06IZD873DLvoVG4iCXg+vQlkLq0sCNNTuwSbDfI+j15JibPZAqV+b/BrH9gcogEf3yK+hjO1krM5xA==
- fontsource-kaisei-opti/5.0.1/cyrillic-400.css: sha512-sxNYHL9NxozkAuq5OBZGC6BpepmTAl0MyTLO358SVsdpkeeKrV+poHY0kN5sSk6vrxxVqSb0/N28ByGWj596NA==
- fontsource-kaisei-opti/5.0.1/cyrillic-500.css: sha512-FPIExajDFfrNqhNl1h2lxu3eshj6BgIpOaM4Qu2px0ahI+QQTx0aoi7u5ASG1IRdpLhKdkcRgQLI4SNi+HlWHg==
- fontsource-kaisei-opti/5.0.1/japanese-700.min.css: sha512-t7VuKQhAXxUA/WamvKb3buSM3kd+9GTqYeH3XEHbab0mpR+68pe/7np3Dd17S9f6GGKNbD6WlsQno+JVDwxI9A==
- fontsource-kaisei-opti/5.0.1/latin-ext-400.min.css: sha512-L/HS8w64VJhekEUoxhWZszwPdjqtdcoiJVPX8N6IjtmL3fNFRL60hsw0S6yxnSuoLr1Qu6IFoE9VB5Fy3VjYDg==
- fontsource-kaisei-opti/5.0.1/latin.min.css: sha512-+Ro5t0KlRtDk2vNmjTklyq3jdMP+p6DkxozVZ9Wtf1jMYrW07zuAw7lXTPeNLHdscycl7hOFVSRJcxlBUTqqeQ==
- fontsource-kaisei-opti/5.0.1/400.css: sha512-TPE3QWXmobOapSc1ASXRfkgXtKzKOlNrm6tZVxW4msJKMjcB/VCdLhYHUD7kWmTaKxfguKeWXEiaN86Cm6vDgw==
- fontsource-kaisei-opti/5.0.1/400.min.css: sha512-wO7wtcntEariLv324VVwlMktYZW9YQgAT2P/y1Iypy93xosQtqZp6gJowyrauP0prIKpSNUptTeEvn2g69+Dmw==
- fontsource-kaisei-opti/5.0.1/500.min.css: sha512-T+ksMYDPAUENaelfiMb/v1eIfVeT+ltHoow6SsVbVsuK+tgkWsL/n5Y3skNERg38U5JJhBB1B7jshi0CVGI9YA==
- fontsource-kaisei-opti/5.0.1/latin-500.min.css: sha512-vRGClVqYp0Ha00yllZUxfu2VmHh+HvC5ZctHj2Xd+xDL2KpKUctGeu/SL7MMdR5KI+STkWE7CWpqZEQnkWZuvw==
- fontsource-kaisei-opti/5.0.1/latin-ext-400.css: sha512-fspVWCHl97ZKn1ZMD46OwDQnp6YptlTXSSOQaySlz0N/WU1INkXLKPhP+PoOIf/Tzd12xdQTiaxYQZUwXcRsRA==
- fontsource-kaisei-opti/5.0.1/latin-ext-700.min.css: sha512-k4JwC5z9+BVPDKWD88BmXBEBShZDlhWJwSKKkcXaLPFAp2+DHSRrKLn99TcUxt9adAt7WPUZ28InxcmEYZJyGA==
- fontsource-kaisei-opti/5.0.1/latin-ext-500.min.css: sha512-0B2Dl3eoQvxLDQB0UI8tK/db/iXdlnVXuNVgb/k4TLmTzc8uq1D5pft8jNRCRK1JweDzY32Ya2CMEf0HnIjhKQ==
- fontsource-kaisei-opti/5.0.1/cyrillic-400.min.css: sha512-ivOpiGylOI9WWw0+crBVj3xYaHWbtz9Eg6F1dsa187NwhWdfP+aAQU29wdNT0bA+6/6MDknTUt4rCpUyPy8BIQ==
- fontsource-kaisei-opti/5.0.1/cyrillic-700.css: sha512-iTNjGUM5eYCFjjR6J6yDrMwDqB2BDev69+TYhdGIPnLurDyER2vIVGq65gs/Doy/JYHMOxOqWEzgGMEBzdTE5A==
- fontsource-kaisei-opti/5.0.1/latin-400.min.css: sha512-XXkGABfw9IVvS/dw9lrRLEnUwv1rJPJJySFLiCCmIVeHY01e4qs50Dl7DATOVUW+y7kbBl5h1DUh4vrcIWZwXA==
- fontsource-kaisei-opti/5.0.1/index.min.css: sha512-wO7wtcntEariLv324VVwlMktYZW9YQgAT2P/y1Iypy93xosQtqZp6gJowyrauP0prIKpSNUptTeEvn2g69+Dmw==
- fontsource-kaisei-opti/5.0.1/japanese-400.min.css: sha512-gn+XS/+Fxpaa7cubc4fxgBXGpVEjVdo+QkDgoqsINqTGplY3F+g1UeH5uD8g8jm66YdYszoZd24M4sfoL/76+Q==
- fontsource-kaisei-opti/5.0.1/latin-400.css: sha512-cW++Z/6B3bNuFddiziz/qHyRiPpZlP54mcNTt7p6pzDD9Pxp/HNi4SrzpYOTlhiZxxSomphLC/ElNAYnyymTQw==
- fontsource-kaisei-opti/5.0.1/latin-700.min.css: sha512-j0Dr7tBUSCQxAbuNTK9JOf6Neyrq9F3vGcWQEDH0NUzS1a4zJgG7skVLXPQLIVxzqumwufqdBg3DU7/x92gLCg==
- fontsource-kaisei-opti/5.0.1/500.css: sha512-PRu6OEAJYG1hQsH1RFE+/6MqWUzQ5XM4kNvSOuz0ZdbEQVZJV5toKMkNc1YDmKURnl5cdAFyGxvvm69oyNTyxw==
- fontsource-kaisei-opti/5.0.1/700.min.css: sha512-tQsxNh3EsgRgacycOapzjqt9Ac+HirsDRl6eAOqyqQfMMezWBOZlP6BQ34rDcvwig0jWqf/w4SVMv1DyLLFsbQ==
- fontsource-kaisei-opti/5.0.1/cyrillic.min.css: sha512-na0iZ3V9qoemCGbuGEEHzy9cyFOCGYvP278nD+WNsBBWBjX+fGScA6O4QJpWtUH9SSOBy2jDOObNcBq1nHufLw==
- fontsource-kaisei-opti/5.0.1/latin-700.css: sha512-OSFyLJNNYZg8H/XkJEvwBHE5fXJdBaS3tQY8EtuTc2SPTV8MQJvmlIlOywSSt+daOsQz58lkD3iRb/sX5KgRrQ==
- fontsource-kaisei-opti/5.0.1/latin-ext-700.css: sha512-/62o/wTEG+AtMp/xBv2or0Ld1r+Eyym5NUxcaSFGEagf9dz1ivY3a7QhgCp5wLVBvO1C2plGmluBm/01vfZDTw==
- fontsource-kaisei-opti/5.0.1/latin.css: sha512-AvEL2t0jtyZ/e+hMFnX+vdH2c5ICm6P6PmBMT45FU8zkMV7cOqrB+9DFgqPQuJzcbPr2Y85LqVlScjAbnUMteg==
- fontsource-kaisei-opti/5.0.1/700.css: sha512-gLKHCIh/ruBePMu0Dps/6TqYwI1lxGz2RX6f0Glun3l5cuzdtK/MfOmBEgnQeiAVlOE6XoAXIKb3ibLsItv0XQ==
- fontsource-kaisei-opti/5.0.1/cyrillic.css: sha512-bhmgR+iavTC3qFItVvNjkJtVU9KQbyApcqB71BmQfTg6IAo3vgvVUTmGh981v2/5eIlN1dmSwKAcXk5Qrz1DyA==
- fontsource-kaisei-opti/5.0.1/japanese-500.min.css: sha512-K1DKcUIc3rrHqSVjzegGi2BHkAz7hwjn5nngyymkt9AxYJPyucDIJYC7p2uJNpLtMZxdOTzKcHz/c4IRWHx4DQ==
- fontsource-kaisei-opti/5.0.1/japanese-500.css: sha512-qfuATvzpdhs4/q/7TLi0En1M135vziaElqQCHRKEU6Yov5xZykRNFXW5AuzLZmc+h+FrphN36jnJDNdsSILYYw==
- fontsource-kaisei-opti/5.0.1/japanese-700.css: sha512-UZZjbNmyBlyOCJ4ZbbVOEWsbNxTsuHmaH2dUbnTFS0r9sjr/DqvBdFXluNripfFtN94hYzRqV5u5op5CJbj1Cg==
- fontsource-kaisei-opti/5.0.1/japanese.min.css: sha512-Ef51XaRA+sG+tk5X9jhI83sCL0WBIuFmQ4a5CtWyt2KeYLLJlwISUSM6vzGoIAe7oY6RRXtJ/X9vBhqhmWMx1g==
- fontsource-kaisei-opti/5.0.1/latin-ext-500.css: sha512-Z4tXPXEYWw+5NkuOHiH3X0DJn/7oR9tu/lxtcYYcq7PGxQJXnvdDfpSwrDYt86Vo/DwCHTA69THaQkb7eaeNOg==
- fontsource-kaisei-opti/5.0.1/index.css: sha512-TPE3QWXmobOapSc1ASXRfkgXtKzKOlNrm6tZVxW4msJKMjcB/VCdLhYHUD7kWmTaKxfguKeWXEiaN86Cm6vDgw==
- fontsource-kaisei-opti/5.0.1/japanese-400.css: sha512-c/nevyae3K9KZB1ftwxMr02Gw1qpkQDwvWnM9fRKr64I51+BfZj7R8rn4XQ5GOlH8SYpd1ciqRYmowR76ebL1w==
- fontsource-kaisei-opti/5.0.1/japanese.css: sha512-X4qdetstcXVpN3TUH5bJxVVGU/ZfNpZ/fRkgHDDokQvG8cu5oaPSftJ9/KZeJwocKS5Ld89xrLN4ijHYiEwR9Q==
