Files:
- fontsource-outfit/5.0.0/100.css.gz
- fontsource-outfit/5.0.0/100.min.css.gz
- fontsource-outfit/5.0.0/200.css.gz
- fontsource-outfit/5.0.0/200.min.css.gz
- fontsource-outfit/5.0.0/300.css.gz
- fontsource-outfit/5.0.0/300.min.css.gz
- fontsource-outfit/5.0.0/400.css.gz
- fontsource-outfit/5.0.0/400.min.css.gz
- fontsource-outfit/5.0.0/500.css.gz
- fontsource-outfit/5.0.0/500.min.css.gz
- fontsource-outfit/5.0.0/600.css.gz
- fontsource-outfit/5.0.0/600.min.css.gz
- fontsource-outfit/5.0.0/700.css.gz
- fontsource-outfit/5.0.0/700.min.css.gz
- fontsource-outfit/5.0.0/800.css.gz
- fontsource-outfit/5.0.0/800.min.css.gz
- fontsource-outfit/5.0.0/900.css.gz
- fontsource-outfit/5.0.0/900.min.css.gz
- fontsource-outfit/5.0.0/files/outfit-latin-100-normal.woff.gz
- fontsource-outfit/5.0.0/files/outfit-latin-200-normal.woff.gz
- fontsource-outfit/5.0.0/files/outfit-latin-300-normal.woff.gz
- fontsource-outfit/5.0.0/files/outfit-latin-400-normal.woff.gz
- fontsource-outfit/5.0.0/files/outfit-latin-500-normal.woff.gz
- fontsource-outfit/5.0.0/files/outfit-latin-600-normal.woff.gz
- fontsource-outfit/5.0.0/files/outfit-latin-700-normal.woff.gz
- fontsource-outfit/5.0.0/files/outfit-latin-800-normal.woff.gz
- fontsource-outfit/5.0.0/files/outfit-latin-900-normal.woff.gz
- fontsource-outfit/5.0.0/files/outfit-latin-ext-100-normal.woff.gz
- fontsource-outfit/5.0.0/files/outfit-latin-ext-200-normal.woff.gz
- fontsource-outfit/5.0.0/files/outfit-latin-ext-300-normal.woff.gz
- fontsource-outfit/5.0.0/files/outfit-latin-ext-400-normal.woff.gz
- fontsource-outfit/5.0.0/files/outfit-latin-ext-500-normal.woff.gz
- fontsource-outfit/5.0.0/files/outfit-latin-ext-600-normal.woff.gz
- fontsource-outfit/5.0.0/files/outfit-latin-ext-700-normal.woff.gz
- fontsource-outfit/5.0.0/files/outfit-latin-ext-800-normal.woff.gz
- fontsource-outfit/5.0.0/files/outfit-latin-ext-900-normal.woff.gz
- fontsource-outfit/5.0.0/index.css.gz
- fontsource-outfit/5.0.0/index.min.css.gz
- fontsource-outfit/5.0.0/latin-100.css.gz
- fontsource-outfit/5.0.0/latin-100.min.css.gz
- fontsource-outfit/5.0.0/latin-200.css.gz
- fontsource-outfit/5.0.0/latin-200.min.css.gz
- fontsource-outfit/5.0.0/latin-300.css.gz
- fontsource-outfit/5.0.0/latin-300.min.css.gz
- fontsource-outfit/5.0.0/latin-400.css.gz
- fontsource-outfit/5.0.0/latin-400.min.css.gz
- fontsource-outfit/5.0.0/latin-500.css.gz
- fontsource-outfit/5.0.0/latin-500.min.css.gz
- fontsource-outfit/5.0.0/latin-600.css.gz
- fontsource-outfit/5.0.0/latin-600.min.css.gz
- fontsource-outfit/5.0.0/latin-700.css.gz
- fontsource-outfit/5.0.0/latin-700.min.css.gz
- fontsource-outfit/5.0.0/latin-800.css.gz
- fontsource-outfit/5.0.0/latin-800.min.css.gz
- fontsource-outfit/5.0.0/latin-900.css.gz
- fontsource-outfit/5.0.0/latin-900.min.css.gz
- fontsource-outfit/5.0.0/latin-ext-100.css.gz
- fontsource-outfit/5.0.0/latin-ext-100.min.css.gz
- fontsource-outfit/5.0.0/latin-ext-200.css.gz
- fontsource-outfit/5.0.0/latin-ext-200.min.css.gz
- fontsource-outfit/5.0.0/latin-ext-300.css.gz
- fontsource-outfit/5.0.0/latin-ext-300.min.css.gz
- fontsource-outfit/5.0.0/latin-ext-400.css.gz
- fontsource-outfit/5.0.0/latin-ext-400.min.css.gz
- fontsource-outfit/5.0.0/latin-ext-500.css.gz
- fontsource-outfit/5.0.0/latin-ext-500.min.css.gz
- fontsource-outfit/5.0.0/latin-ext-600.css.gz
- fontsource-outfit/5.0.0/latin-ext-600.min.css.gz
- fontsource-outfit/5.0.0/latin-ext-700.css.gz
- fontsource-outfit/5.0.0/latin-ext-700.min.css.gz
- fontsource-outfit/5.0.0/latin-ext-800.css.gz
- fontsource-outfit/5.0.0/latin-ext-800.min.css.gz
- fontsource-outfit/5.0.0/latin-ext-900.css.gz
- fontsource-outfit/5.0.0/latin-ext-900.min.css.gz
- fontsource-outfit/5.0.0/latin-ext.css.gz
- fontsource-outfit/5.0.0/latin-ext.min.css.gz
- fontsource-outfit/5.0.0/latin.css.gz
- fontsource-outfit/5.0.0/latin.min.css.gz
