config: {"autoupdate":{"source":"npm","target":"@atlassian/aui","fileMap":[{"basePath":"dist","files":["**/*.@(js|css|eot|ttf|woff|svg)?(.map)"]}],"ignoreVersions":["*do-not-use"]},"description":"Atlassian User Interface Framework","filename":"aui/js/aui.min.js","homepage":"https://docs.atlassian.com/aui/","keywords":["atlassian","aui","adg"],"license":"Apache-2.0","name":"aui","repository":{"type":"git","url":"https://bitbucket.org/atlassian/aui"}}
KV keys:
- aui/8.3.11/aui/aui-css-deprecations.js.br
- aui/8.3.11/aui/aui-css-deprecations.js.gz
- aui/8.3.11/aui/aui-css-deprecations.js.map.br
- aui/8.3.11/aui/aui-css-deprecations.js.map.gz
- aui/8.3.11/aui/aui-css-deprecations.min.js.br
- aui/8.3.11/aui/aui-css-deprecations.min.js.gz
- aui/8.3.11/aui/aui-prototyping.css.br
- aui/8.3.11/aui/aui-prototyping.css.gz
- aui/8.3.11/aui/aui-prototyping.js.br
- aui/8.3.11/aui/aui-prototyping.js.gz
- aui/8.3.11/aui/aui-prototyping.js.map.br
- aui/8.3.11/aui/aui-prototyping.js.map.gz
- aui/8.3.11/aui/aui-prototyping.min.css.br
- aui/8.3.11/aui/aui-prototyping.min.css.gz
- aui/8.3.11/aui/aui-prototyping.min.js.br
- aui/8.3.11/aui/aui-prototyping.min.js.gz
- aui/8.3.11/aui/aui-prototyping.nodeps.css.br
- aui/8.3.11/aui/aui-prototyping.nodeps.css.gz
- aui/8.3.11/aui/aui-prototyping.nodeps.js.br
- aui/8.3.11/aui/aui-prototyping.nodeps.js.gz
- aui/8.3.11/aui/aui-prototyping.nodeps.js.map.br
- aui/8.3.11/aui/aui-prototyping.nodeps.js.map.gz
- aui/8.3.11/aui/aui-prototyping.nodeps.min.css.br
- aui/8.3.11/aui/aui-prototyping.nodeps.min.css.gz
- aui/8.3.11/aui/aui-prototyping.nodeps.min.js.br
- aui/8.3.11/aui/aui-prototyping.nodeps.min.js.gz
- aui/8.3.11/aui/fonts/adgs-icons.eot.br
- aui/8.3.11/aui/fonts/adgs-icons.eot.gz
- aui/8.3.11/aui/fonts/adgs-icons.ttf.br
- aui/8.3.11/aui/fonts/adgs-icons.ttf.gz
- aui/8.3.11/aui/fonts/adgs-icons.woff.br
- aui/8.3.11/aui/fonts/adgs-icons.woff.gz
- aui/8.3.11/aui/fonts/atlassian-icons.eot.br
- aui/8.3.11/aui/fonts/atlassian-icons.eot.gz
- aui/8.3.11/aui/fonts/atlassian-icons.ttf.br
- aui/8.3.11/aui/fonts/atlassian-icons.ttf.gz
- aui/8.3.11/aui/fonts/atlassian-icons.woff.br
- aui/8.3.11/aui/fonts/atlassian-icons.woff.gz
- aui/8.3.11/aui/images/adgs-icons.svg.br
- aui/8.3.11/aui/images/adgs-icons.svg.gz
- aui/8.3.11/aui/images/atlassian-community-white.svg.br
- aui/8.3.11/aui/images/atlassian-community-white.svg.gz
- aui/8.3.11/aui/images/atlassian-developer-white.svg.br
- aui/8.3.11/aui/images/atlassian-developer-white.svg.gz
- aui/8.3.11/aui/images/atlassian-horizontal-blue.svg.br
- aui/8.3.11/aui/images/atlassian-horizontal-blue.svg.gz
- aui/8.3.11/aui/images/atlassian-horizontal-neutral.svg.br
- aui/8.3.11/aui/images/atlassian-horizontal-neutral.svg.gz
- aui/8.3.11/aui/images/atlassian-horizontal-white.svg.br
- aui/8.3.11/aui/images/atlassian-horizontal-white.svg.gz
- aui/8.3.11/aui/images/atlassian-icons.svg.br
- aui/8.3.11/aui/images/atlassian-icons.svg.gz
- aui/8.3.11/aui/images/atlassian-marketplace-white.svg.br
- aui/8.3.11/aui/images/atlassian-marketplace-white.svg.gz
- aui/8.3.11/aui/images/atlassian-partner-program-white.svg.br
- aui/8.3.11/aui/images/atlassian-partner-program-white.svg.gz
- aui/8.3.11/aui/images/atlassian-support-white.svg.br
- aui/8.3.11/aui/images/atlassian-support-white.svg.gz
- aui/8.3.11/aui/images/atlassian-university-white.svg.br
- aui/8.3.11/aui/images/atlassian-university-white.svg.gz
- aui/8.3.11/aui/images/bamboo-white.svg.br
- aui/8.3.11/aui/images/bamboo-white.svg.gz
- aui/8.3.11/aui/images/bitbucket-white.svg.br
- aui/8.3.11/aui/images/bitbucket-white.svg.gz
- aui/8.3.11/aui/images/clover-white.svg.br
- aui/8.3.11/aui/images/clover-white.svg.gz
- aui/8.3.11/aui/images/confluence-white.svg.br
- aui/8.3.11/aui/images/confluence-white.svg.gz
- aui/8.3.11/aui/images/crowd-white.svg.br
- aui/8.3.11/aui/images/crowd-white.svg.gz
- aui/8.3.11/aui/images/crucible-white.svg.br
- aui/8.3.11/aui/images/crucible-white.svg.gz
- aui/8.3.11/aui/images/fisheye-white.svg.br
- aui/8.3.11/aui/images/fisheye-white.svg.gz
- aui/8.3.11/aui/images/hipchat-white.svg.br
- aui/8.3.11/aui/images/hipchat-white.svg.gz
- aui/8.3.11/aui/images/jira-core-white.svg.br
- aui/8.3.11/aui/images/jira-core-white.svg.gz
- aui/8.3.11/aui/images/jira-service-desk-white.svg.br
- aui/8.3.11/aui/images/jira-service-desk-white.svg.gz
- aui/8.3.11/aui/images/jira-software-white.svg.br
- aui/8.3.11/aui/images/jira-software-white.svg.gz
- aui/8.3.11/aui/images/jira-white.svg.br
- aui/8.3.11/aui/images/jira-white.svg.gz
- aui/8.3.11/aui/images/jira-with-core-white.svg.br
- aui/8.3.11/aui/images/jira-with-core-white.svg.gz
- aui/8.3.11/aui/images/jira-with-service-desk-white.svg.br
- aui/8.3.11/aui/images/jira-with-service-desk-white.svg.gz
- aui/8.3.11/aui/images/jira-with-software-white.svg.br
- aui/8.3.11/aui/images/jira-with-software-white.svg.gz
SRIs:
- aui/8.3.11/aui/aui-css-deprecations.js: sha512-r6X3cJo6lPcevkkRtLVqNMNw76QQ5srVMr3lLiO31VGUBlxv+fMaeX28Gi/RFUOCvf1tEK0MpJqmPJWFOa+yuQ==
- aui/8.3.11/aui/aui-prototyping.min.css: sha512-FP0IO/1bV4tYBgLSHDVzxSspbgF1CV6za4bRj3nFCHaMS9B7E2NGl1rnwY8zgIBqtvvvBcxubPA1ujZi6PqZDg==
- aui/8.3.11/aui/aui-prototyping.min.js: sha512-uzwZ/qIjVt2b3oCUQBHjh3OQgVSWYCEESkJCrJ74feTlGsARx3gwJL55eQWHzADzVh5x2iQ8HKiJkGMye9oM4g==
- aui/8.3.11/aui/aui-prototyping.nodeps.js: sha512-7I+l9rO5qkw4N7N4tjm7cftbjDGSDcX55POswtcYsWHIjtDZ6154NRiQYbXY3Cx9hlfBT2Fi/BIzaEUp6xsyIA==
- aui/8.3.11/aui/aui-prototyping.nodeps.min.css: sha512-FP0IO/1bV4tYBgLSHDVzxSspbgF1CV6za4bRj3nFCHaMS9B7E2NGl1rnwY8zgIBqtvvvBcxubPA1ujZi6PqZDg==
- aui/8.3.11/aui/aui-css-deprecations.min.js: sha512-CIp4LLWfQZzVXl8nZWvlT8T/LgarZMgYEL+KaaiKro8/00r/jvS2nL8JIyU1OHdaVnEivbjwOu/ENjytfa/RsQ==
- aui/8.3.11/aui/aui-prototyping.css: sha512-/bi/sN2EHtGD+rGZKdtGTBGcRpgva7VM0NCVc2H6Jl4YLoDlLSD3bc0CL4I4mMutAr7y+sTMQ3ICYdUHJIajjw==
- aui/8.3.11/aui/aui-prototyping.js: sha512-kycovMmL3y5MBhKQfCmhnObIJHVGSpoWn7O6FbOf4BrnsqM8LS4iXbYtln+1OgSIzRnAQmRcfuihK8CzrK24qA==
- aui/8.3.11/aui/aui-prototyping.nodeps.css: sha512-/bi/sN2EHtGD+rGZKdtGTBGcRpgva7VM0NCVc2H6Jl4YLoDlLSD3bc0CL4I4mMutAr7y+sTMQ3ICYdUHJIajjw==
- aui/8.3.11/aui/aui-prototyping.nodeps.min.js: sha512-+3Mo9gkD0HNidr7emvYxXtlbPQ10/LIgbCIdRTAvlCVwO1O7v0zfT5CSgxdfTh5nnLpkS729Wz16nqKrqmycvA==
