config: {"authors":[{"name":"Matt Zabriskie"}],"autoupdate":{"source":"git","target":"git://github.com/mzabriskie/axios.git","fileMap":[{"basePath":"dist","files":["**/*"]}]},"description":"Promise based HTTP client for the browser and node.js","filename":"axios.min.js","keywords":["xhr","http","ajax","promise","node"],"license":"MIT","name":"axios","repository":{"type":"git","url":"https://github.com/mzabriskie/axios.git"},"author":"Matt Zabriskie"}
KV keys:
- axios/1.7.4/axios.js.br
- axios/1.7.4/axios.js.gz
- axios/1.7.4/axios.js.map.br
- axios/1.7.4/axios.js.map.gz
- axios/1.7.4/axios.min.js.br
- axios/1.7.4/axios.min.js.gz
- axios/1.7.4/axios.min.js.map.br
- axios/1.7.4/axios.min.js.map.gz
- axios/1.7.4/browser/axios.cjs.br
- axios/1.7.4/browser/axios.cjs.gz
- axios/1.7.4/browser/axios.cjs.map.br
- axios/1.7.4/browser/axios.cjs.map.gz
- axios/1.7.4/esm/axios.js.br
- axios/1.7.4/esm/axios.js.gz
- axios/1.7.4/esm/axios.js.map.br
- axios/1.7.4/esm/axios.js.map.gz
- axios/1.7.4/esm/axios.min.js.br
- axios/1.7.4/esm/axios.min.js.gz
- axios/1.7.4/esm/axios.min.js.map.br
- axios/1.7.4/esm/axios.min.js.map.gz
- axios/1.7.4/node/axios.cjs.br
- axios/1.7.4/node/axios.cjs.gz
- axios/1.7.4/node/axios.cjs.map.br
- axios/1.7.4/node/axios.cjs.map.gz
SRIs:
- axios/1.7.4/esm/axios.js: sha512-Txy8fnGVXvtAOpvLgUgogBNtFNwZLtHU3Iq/5V6T3L6+1Dv+zDIV/ywsoPLmFJ5BLVIYGxVRJh1a1V8BT7+POw==
- axios/1.7.4/esm/axios.min.js: sha512-laoYYMAySMrKrn3xG1Eh+V6JmJY6jSHAqrrSDDpIFI7joJRCXxLAmkQnPQqbMgUL04rjP7KxPDt73oAjJxLm5g==
- axios/1.7.4/axios.js: sha512-HIcdQKr9Ts5iol6pF0Ud9t0kLPk0PbqDFuVwWqz36SE+AEaGGaUToHJ8FighPFDECLsMADbmmX4bj7w3ObJN1Q==
- axios/1.7.4/axios.min.js: sha512-6VJrgykcg/InSIutW2biLwA1Wyq+7bZmMivHw19fI+ycW0jIjsadm8wKQQLlfv3YUS4owfMDlZU38NtaAK6fSg==
