config: {"authors":[{"name":"Pouya Saadeghi"}],"autoupdate":{"source":"npm","target":"daisyui","fileMap":[{"basePath":"dist","files":["*.css"]}]},"description":"Tailwind CSS Components","filename":"full.css","homepage":"https://daisyui.com/","keywords":["design-system","tailwindcss","components","ui-library","component","framework","tailwind","theming","postcss","design","css","ui"],"license":"MIT","name":"daisyui","repository":{"type":"git","url":"https://github.com/saadeghi/daisyui.git"},"author":"Pouya Saadeghi"}
KV keys:
- daisyui/4.3.0-alpha.1/full.css.br
- daisyui/4.3.0-alpha.1/full.css.gz
- daisyui/4.3.0-alpha.1/full.min.css.br
- daisyui/4.3.0-alpha.1/full.min.css.gz
- daisyui/4.3.0-alpha.1/styled.css.br
- daisyui/4.3.0-alpha.1/styled.css.gz
- daisyui/4.3.0-alpha.1/styled.min.css.br
- daisyui/4.3.0-alpha.1/styled.min.css.gz
- daisyui/4.3.0-alpha.1/themes.css.br
- daisyui/4.3.0-alpha.1/themes.css.gz
- daisyui/4.3.0-alpha.1/themes.min.css.br
- daisyui/4.3.0-alpha.1/themes.min.css.gz
- daisyui/4.3.0-alpha.1/unstyled.css.br
- daisyui/4.3.0-alpha.1/unstyled.css.gz
- daisyui/4.3.0-alpha.1/unstyled.min.css.br
- daisyui/4.3.0-alpha.1/unstyled.min.css.gz
SRIs:
- daisyui/4.3.0-alpha.1/styled.css: sha512-Bb7nUmP0LJmXi79EYkIA8gR2NGrs/cMySn+EANOX6HrMDUyASfnbrbspNFIaqETg6csboHGn8ULRfxQ+D0+vYA==
- daisyui/4.3.0-alpha.1/styled.min.css: sha512-LJVq2hmApVlgYkh6Abjotyzdl5tbfYTCXr/sonpNXwnMwPk8eNNks4pKy/4lOh5PtbgjHy0QGD/+Ghu5ZUciRQ==
- daisyui/4.3.0-alpha.1/themes.css: sha512-/ASqlGh2gXjs4Nd9Y9/vDJIVfCaXyO/fCJywYrk6WEsiWPCknr0Na6hVcVlYstv0u/lCgvO/EjwbWJutlVAayQ==
- daisyui/4.3.0-alpha.1/themes.min.css: sha512-zTV8eHzHrBC1IWbtzaW9EhDl7sJDSPqfTOZ6kQjjFY5zD3ToPHj7JTBywiXkPF6t0DUPFuEmUNh/GRh+rO/Xlg==
- daisyui/4.3.0-alpha.1/unstyled.css: sha512-yZ04xOEaM2eL58UTs+UNWm7V8aXhqmg+uP4L0nIt5n/WFRnhXgH67ewg9zJvdMv61yaOrcAfsGIKzHl20o2VrA==
- daisyui/4.3.0-alpha.1/unstyled.min.css: sha512-3sDEMSJQLHwFASVkjAQt4VNt6yjAApJA2p7a6RuVBQ6p9aN03xn2b/PlD2QxClpa9+/9OcV/zBklrft1yYrHeg==
- daisyui/4.3.0-alpha.1/full.css: sha512-dAunx9cF0JXH79usIeOy9Ex5v5KmZxqPMZ/Zr9jKbZAHxLAUERy4H0ulWsoy0EpV46wTqSbn/umRFFYdEWCnFw==
- daisyui/4.3.0-alpha.1/full.min.css: sha512-ahIJRwn+hxfC2PqE6edBnpYzRRozblZmdJrY9+h5sn9yQVpw6Ct9QZIme/03zZ2AEmAfOFjJiHjTCMveGcjcLA==
