config: {"authors":[{"name":"kazuya kawaguchi","email":"kawakazu80@gmail.com"}],"autoupdate":{"source":"npm","target":"vue-i18n","fileMap":[{"basePath":"dist","files":["**/*.!(md)"]}]},"description":"Internationalization plugin for Vue.js","filename":"vue-i18n.min.js","keywords":["i18n","internationalization","plugin","vue","vue.js"],"license":"MIT","name":"vue-i18n","repository":{"type":"git","url":"git+https://github.com/kazupon/vue-i18n.git"},"author":"kazuya kawaguchi \u003ckawakazu80@gmail.com\u003e"}
KV keys:
- vue-i18n/8.26.6/vue-i18n.common.js.br
- vue-i18n/8.26.6/vue-i18n.common.js.gz
- vue-i18n/8.26.6/vue-i18n.common.min.js.br
- vue-i18n/8.26.6/vue-i18n.common.min.js.gz
- vue-i18n/8.26.6/vue-i18n.esm.browser.js.br
- vue-i18n/8.26.6/vue-i18n.esm.browser.js.gz
- vue-i18n/8.26.6/vue-i18n.esm.browser.min.js.br
- vue-i18n/8.26.6/vue-i18n.esm.browser.min.js.gz
- vue-i18n/8.26.6/vue-i18n.esm.js.br
- vue-i18n/8.26.6/vue-i18n.esm.js.gz
- vue-i18n/8.26.6/vue-i18n.esm.min.js.br
- vue-i18n/8.26.6/vue-i18n.esm.min.js.gz
- vue-i18n/8.26.6/vue-i18n.js.br
- vue-i18n/8.26.6/vue-i18n.js.gz
- vue-i18n/8.26.6/vue-i18n.min.js.br
- vue-i18n/8.26.6/vue-i18n.min.js.gz
SRIs:
- vue-i18n/8.26.6/vue-i18n.esm.browser.min.js: sha512-f5yTc9HNqfJO2jRgpKX9LTvoEduJJ4Sk44xpIdhmqcOuGOsPecwUQ2nCWfdZpu7maug9F4M9mPV1YO6Qagfo2w==
- vue-i18n/8.26.6/vue-i18n.esm.js: sha512-CPt/xJg0Z3c3rjQMeLpfk1Yyu/4B54OgND/z5UgEAH0Xil7iY35Cssj8gVC2fP74MrwXIrRe1rYs44JoxdRAQQ==
- vue-i18n/8.26.6/vue-i18n.esm.min.js: sha512-/wBvSqYTDMvqgX6qAp3AxtfUILuxFsYiz3QlaVscnV5EJWcmTyTSkuN7Z2K8rbaewz1jCsJcmYAINOZa4C7JSQ==
- vue-i18n/8.26.6/vue-i18n.js: sha512-Rn4s6T5Y9cXoVwTpppLxkWkfwWQ93V86lOKgWF0C6UJCMmgEb1Aay2k9xaETaIToRp9bI0ZyPguWiGuJ0O75EQ==
- vue-i18n/8.26.6/vue-i18n.min.js: sha512-g1hP20PoH1f9CXD8s7TwpEC4zpPhBvRlV+1VGnKD9qj2JMtUtNOG3IjdYkIHJVrrQFnqARl3v/+UnksfYASP4g==
- vue-i18n/8.26.6/vue-i18n.common.js: sha512-nEY+E5QGwpCx5zHGK9MugeYZmpU7+mYwUGJnoJ5fv9kfGEARCUR3xgnDAXD5OP1jdRTz3nCkMZBH8kVaV4YF4w==
- vue-i18n/8.26.6/vue-i18n.common.min.js: sha512-DR2/NeB+PUpSiWmjS9ZaYAyJuFAJahJRtrqPBQ+lDMiE/clR1U9jZxeY4X/Im8b2eDeWWGev6Q6eeHeKo6CtcA==
- vue-i18n/8.26.6/vue-i18n.esm.browser.js: sha512-bC5p6hCyx1E8k+vkH6wMhFvsGFbMz0QqgeZmmGH3aDxAS0ffhlsudI0QsI9RIe5Ewl2GoknnrVHnEgXPMuA2Kw==
