config: {"authors":[{"name":"ruffle contributors","url":"https://github.com/ruffle-rs/ruffle/graphs/contributors"}],"autoupdate":{"source":"npm","target":"@ruffle-rs/ruffle","fileMap":[{"basePath":"","files":["*.@(js|wasm)"]}]},"description":"Putting Flash back on the web. Ruffle will polyfill all Flash content and replace it with the Ruffle flash player.","filename":"ruffle.js","homepage":"https://ruffle.rs","keywords":["flash","swf"],"license":"(MIT OR Apache-2.0)","name":"ruffle-rs","repository":{"type":"git","url":"git+https://github.com/ruffle-rs/ruffle.git"},"author":"ruffle contributors (https://github.com/ruffle-rs/ruffle/graphs/contributors)"}
KV keys:
- ruffle-rs/0.1.0-nightly.2023.8.8/1eabe9296e1505b61d13.wasm.br
- ruffle-rs/0.1.0-nightly.2023.8.8/1eabe9296e1505b61d13.wasm.gz
- ruffle-rs/0.1.0-nightly.2023.8.8/a101d8f11af9f3bebe34.wasm.br
- ruffle-rs/0.1.0-nightly.2023.8.8/a101d8f11af9f3bebe34.wasm.gz
- ruffle-rs/0.1.0-nightly.2023.8.8/core.ruffle.0f3b88711b849ea6b5c4.js.br
- ruffle-rs/0.1.0-nightly.2023.8.8/core.ruffle.0f3b88711b849ea6b5c4.js.gz
- ruffle-rs/0.1.0-nightly.2023.8.8/core.ruffle.0f3b88711b849ea6b5c4.min.js.br
- ruffle-rs/0.1.0-nightly.2023.8.8/core.ruffle.0f3b88711b849ea6b5c4.min.js.gz
- ruffle-rs/0.1.0-nightly.2023.8.8/core.ruffle.1dc2d4a7e4ffa0d9fd4c.js.br
- ruffle-rs/0.1.0-nightly.2023.8.8/core.ruffle.1dc2d4a7e4ffa0d9fd4c.js.gz
- ruffle-rs/0.1.0-nightly.2023.8.8/core.ruffle.1dc2d4a7e4ffa0d9fd4c.min.js.br
- ruffle-rs/0.1.0-nightly.2023.8.8/core.ruffle.1dc2d4a7e4ffa0d9fd4c.min.js.gz
- ruffle-rs/0.1.0-nightly.2023.8.8/ruffle.js.br
- ruffle-rs/0.1.0-nightly.2023.8.8/ruffle.js.gz
- ruffle-rs/0.1.0-nightly.2023.8.8/ruffle.min.js.br
- ruffle-rs/0.1.0-nightly.2023.8.8/ruffle.min.js.gz
SRIs:
- ruffle-rs/0.1.0-nightly.2023.8.8/core.ruffle.0f3b88711b849ea6b5c4.js: sha512-tf8oHeBvqkpNro7vn7Q9qxmfjCdVX2zUStFWVViJYWm+qwPqU8GpuQ5XLhRVNu6tA6NRxf2R1Yfc0PYXCsbLXg==
- ruffle-rs/0.1.0-nightly.2023.8.8/core.ruffle.0f3b88711b849ea6b5c4.min.js: sha512-Fb7nmcqHXjuTkR1u//9VzugAf2cYCjq9Afnu0GNb9vSAXlBbd7fACgwzQy7AKpeab3pd9DLbVl0yxpZBeeE/5g==
- ruffle-rs/0.1.0-nightly.2023.8.8/core.ruffle.1dc2d4a7e4ffa0d9fd4c.js: sha512-fwUv8Hgs5NMosNLsbIKmuD3iWuluZH6ANYZZC89mmqvJp5n7tk+U+j2ThoNCdudO82Zb1kjqiSFn4Pa4lKPjqg==
- ruffle-rs/0.1.0-nightly.2023.8.8/core.ruffle.1dc2d4a7e4ffa0d9fd4c.min.js: sha512-F/tpuDuRMryVv4ePevmQKPx9T8x848VxAPV/ifVNwlG7Ix8OQBGF89+dVQjx2LpgBlG+2ymNN5ILgFDZ+QhHsw==
- ruffle-rs/0.1.0-nightly.2023.8.8/ruffle.js: sha512-LWTv5kAhMi54xtfrhZaMQcuMJcKTC0HbxHjXVZhNCsX31ltQOumzrTdMXVroBXuSq8ETumf3kCSWFYfwcnsUyw==
- ruffle-rs/0.1.0-nightly.2023.8.8/ruffle.min.js: sha512-19wpLNCMFMO9XLDWnsztjLiPVb0WiONB5654dwCgEthAgm1PcoX7vs+hGxWdY6T6zBmoMEx1aFo09Vs+/mXcvQ==
