config: {"authors":[{"name":"Facebook"}],"autoupdate":{"source":"npm","target":"react-dom","fileMap":[{"basePath":"dist","files":["**/*"]},{"basePath":"","files":["+(cjs|umd)/**/*"]}],"ignoreVersions":["*-alpha.*[a-z]*","0.0.0-*"]},"description":"The entry point of the DOM-related rendering paths. It is intended to be paired with the isomorphic React, which is shipped as react to npm.","filename":"umd/react-dom.production.min.js","homepage":"https://facebook.github.io/react/","keywords":["react","jsx","transformer","view","dom","server"],"license":"MIT","name":"react-dom","repository":{"type":"git","url":"https://github.com/facebook/react"},"author":"Facebook"}
KV keys:
- react-dom/18.3.0-next-4a4ef2706-20230212/cjs/react-dom-server-legacy.browser.development.js.br
- react-dom/18.3.0-next-4a4ef2706-20230212/cjs/react-dom-server-legacy.browser.development.js.gz
- react-dom/18.3.0-next-4a4ef2706-20230212/cjs/react-dom-server-legacy.browser.development.min.js.br
- react-dom/18.3.0-next-4a4ef2706-20230212/cjs/react-dom-server-legacy.browser.development.min.js.gz
- react-dom/18.3.0-next-4a4ef2706-20230212/cjs/react-dom-server-legacy.browser.production.min.js.br
- react-dom/18.3.0-next-4a4ef2706-20230212/cjs/react-dom-server-legacy.browser.production.min.js.gz
- react-dom/18.3.0-next-4a4ef2706-20230212/cjs/react-dom-server-legacy.node.development.js.br
- react-dom/18.3.0-next-4a4ef2706-20230212/cjs/react-dom-server-legacy.node.development.js.gz
- react-dom/18.3.0-next-4a4ef2706-20230212/cjs/react-dom-server-legacy.node.development.min.js.br
- react-dom/18.3.0-next-4a4ef2706-20230212/cjs/react-dom-server-legacy.node.development.min.js.gz
- react-dom/18.3.0-next-4a4ef2706-20230212/cjs/react-dom-server-legacy.node.production.min.js.br
- react-dom/18.3.0-next-4a4ef2706-20230212/cjs/react-dom-server-legacy.node.production.min.js.gz
- react-dom/18.3.0-next-4a4ef2706-20230212/cjs/react-dom-server-rendering-stub.development.js.br
- react-dom/18.3.0-next-4a4ef2706-20230212/cjs/react-dom-server-rendering-stub.development.js.gz
- react-dom/18.3.0-next-4a4ef2706-20230212/cjs/react-dom-server-rendering-stub.development.min.js.br
- react-dom/18.3.0-next-4a4ef2706-20230212/cjs/react-dom-server-rendering-stub.development.min.js.gz
- react-dom/18.3.0-next-4a4ef2706-20230212/cjs/react-dom-server-rendering-stub.production.min.js.br
- react-dom/18.3.0-next-4a4ef2706-20230212/cjs/react-dom-server-rendering-stub.production.min.js.gz
- react-dom/18.3.0-next-4a4ef2706-20230212/cjs/react-dom-server.browser.development.js.br
- react-dom/18.3.0-next-4a4ef2706-20230212/cjs/react-dom-server.browser.development.js.gz
- react-dom/18.3.0-next-4a4ef2706-20230212/cjs/react-dom-server.browser.development.min.js.br
- react-dom/18.3.0-next-4a4ef2706-20230212/cjs/react-dom-server.browser.development.min.js.gz
- react-dom/18.3.0-next-4a4ef2706-20230212/cjs/react-dom-server.browser.production.min.js.br
- react-dom/18.3.0-next-4a4ef2706-20230212/cjs/react-dom-server.browser.production.min.js.gz
- react-dom/18.3.0-next-4a4ef2706-20230212/cjs/react-dom-server.bun.development.js.br
- react-dom/18.3.0-next-4a4ef2706-20230212/cjs/react-dom-server.bun.development.js.gz
- react-dom/18.3.0-next-4a4ef2706-20230212/cjs/react-dom-server.bun.development.min.js.br
- react-dom/18.3.0-next-4a4ef2706-20230212/cjs/react-dom-server.bun.development.min.js.gz
- react-dom/18.3.0-next-4a4ef2706-20230212/cjs/react-dom-server.bun.production.min.js.br
- react-dom/18.3.0-next-4a4ef2706-20230212/cjs/react-dom-server.bun.production.min.js.gz
- react-dom/18.3.0-next-4a4ef2706-20230212/cjs/react-dom-server.edge.development.js.br
- react-dom/18.3.0-next-4a4ef2706-20230212/cjs/react-dom-server.edge.development.js.gz
- react-dom/18.3.0-next-4a4ef2706-20230212/cjs/react-dom-server.edge.development.min.js.br
- react-dom/18.3.0-next-4a4ef2706-20230212/cjs/react-dom-server.edge.development.min.js.gz
- react-dom/18.3.0-next-4a4ef2706-20230212/cjs/react-dom-server.edge.production.min.js.br
- react-dom/18.3.0-next-4a4ef2706-20230212/cjs/react-dom-server.edge.production.min.js.gz
- react-dom/18.3.0-next-4a4ef2706-20230212/cjs/react-dom-server.node.development.js.br
- react-dom/18.3.0-next-4a4ef2706-20230212/cjs/react-dom-server.node.development.js.gz
- react-dom/18.3.0-next-4a4ef2706-20230212/cjs/react-dom-server.node.development.min.js.br
- react-dom/18.3.0-next-4a4ef2706-20230212/cjs/react-dom-server.node.development.min.js.gz
- react-dom/18.3.0-next-4a4ef2706-20230212/cjs/react-dom-server.node.production.min.js.br
- react-dom/18.3.0-next-4a4ef2706-20230212/cjs/react-dom-server.node.production.min.js.gz
- react-dom/18.3.0-next-4a4ef2706-20230212/cjs/react-dom-test-utils.development.js.br
- react-dom/18.3.0-next-4a4ef2706-20230212/cjs/react-dom-test-utils.development.js.gz
- react-dom/18.3.0-next-4a4ef2706-20230212/cjs/react-dom-test-utils.development.min.js.br
- react-dom/18.3.0-next-4a4ef2706-20230212/cjs/react-dom-test-utils.development.min.js.gz
- react-dom/18.3.0-next-4a4ef2706-20230212/cjs/react-dom-test-utils.production.min.js.br
- react-dom/18.3.0-next-4a4ef2706-20230212/cjs/react-dom-test-utils.production.min.js.gz
- react-dom/18.3.0-next-4a4ef2706-20230212/cjs/react-dom.development.js.br
- react-dom/18.3.0-next-4a4ef2706-20230212/cjs/react-dom.development.js.gz
- react-dom/18.3.0-next-4a4ef2706-20230212/cjs/react-dom.development.min.js.br
- react-dom/18.3.0-next-4a4ef2706-20230212/cjs/react-dom.development.min.js.gz
- react-dom/18.3.0-next-4a4ef2706-20230212/cjs/react-dom.production.min.js.br
- react-dom/18.3.0-next-4a4ef2706-20230212/cjs/react-dom.production.min.js.gz
- react-dom/18.3.0-next-4a4ef2706-20230212/cjs/react-dom.profiling.min.js.br
- react-dom/18.3.0-next-4a4ef2706-20230212/cjs/react-dom.profiling.min.js.gz
- react-dom/18.3.0-next-4a4ef2706-20230212/umd/react-dom-server-legacy.browser.development.js.br
- react-dom/18.3.0-next-4a4ef2706-20230212/umd/react-dom-server-legacy.browser.development.js.gz
- react-dom/18.3.0-next-4a4ef2706-20230212/umd/react-dom-server-legacy.browser.development.min.js.br
- react-dom/18.3.0-next-4a4ef2706-20230212/umd/react-dom-server-legacy.browser.development.min.js.gz
- react-dom/18.3.0-next-4a4ef2706-20230212/umd/react-dom-server-legacy.browser.production.min.js.br
- react-dom/18.3.0-next-4a4ef2706-20230212/umd/react-dom-server-legacy.browser.production.min.js.gz
- react-dom/18.3.0-next-4a4ef2706-20230212/umd/react-dom-server-rendering-stub.development.js.br
- react-dom/18.3.0-next-4a4ef2706-20230212/umd/react-dom-server-rendering-stub.development.js.gz
- react-dom/18.3.0-next-4a4ef2706-20230212/umd/react-dom-server-rendering-stub.development.min.js.br
- react-dom/18.3.0-next-4a4ef2706-20230212/umd/react-dom-server-rendering-stub.development.min.js.gz
- react-dom/18.3.0-next-4a4ef2706-20230212/umd/react-dom-server-rendering-stub.production.min.js.br
- react-dom/18.3.0-next-4a4ef2706-20230212/umd/react-dom-server-rendering-stub.production.min.js.gz
- react-dom/18.3.0-next-4a4ef2706-20230212/umd/react-dom-server.browser.development.js.br
- react-dom/18.3.0-next-4a4ef2706-20230212/umd/react-dom-server.browser.development.js.gz
- react-dom/18.3.0-next-4a4ef2706-20230212/umd/react-dom-server.browser.development.min.js.br
- react-dom/18.3.0-next-4a4ef2706-20230212/umd/react-dom-server.browser.development.min.js.gz
- react-dom/18.3.0-next-4a4ef2706-20230212/umd/react-dom-server.browser.production.min.js.br
- react-dom/18.3.0-next-4a4ef2706-20230212/umd/react-dom-server.browser.production.min.js.gz
- react-dom/18.3.0-next-4a4ef2706-20230212/umd/react-dom-test-utils.development.js.br
- react-dom/18.3.0-next-4a4ef2706-20230212/umd/react-dom-test-utils.development.js.gz
- react-dom/18.3.0-next-4a4ef2706-20230212/umd/react-dom-test-utils.development.min.js.br
- react-dom/18.3.0-next-4a4ef2706-20230212/umd/react-dom-test-utils.development.min.js.gz
- react-dom/18.3.0-next-4a4ef2706-20230212/umd/react-dom-test-utils.production.min.js.br
- react-dom/18.3.0-next-4a4ef2706-20230212/umd/react-dom-test-utils.production.min.js.gz
- react-dom/18.3.0-next-4a4ef2706-20230212/umd/react-dom.development.js.br
- react-dom/18.3.0-next-4a4ef2706-20230212/umd/react-dom.development.js.gz
- react-dom/18.3.0-next-4a4ef2706-20230212/umd/react-dom.development.min.js.br
- react-dom/18.3.0-next-4a4ef2706-20230212/umd/react-dom.development.min.js.gz
- react-dom/18.3.0-next-4a4ef2706-20230212/umd/react-dom.production.min.js.br
- react-dom/18.3.0-next-4a4ef2706-20230212/umd/react-dom.production.min.js.gz
- react-dom/18.3.0-next-4a4ef2706-20230212/umd/react-dom.profiling.min.js.br
- react-dom/18.3.0-next-4a4ef2706-20230212/umd/react-dom.profiling.min.js.gz
SRIs:
- react-dom/18.3.0-next-4a4ef2706-20230212/cjs/react-dom-server.browser.production.min.js: sha512-n9DOQ67bP0OPymjY1Ik7P/4SFTirKDYAELvT8rA3pitcyIP1ZF38gqJZni9s6VvJiWyCKsEanB7CjB5eYXT6jg==
- react-dom/18.3.0-next-4a4ef2706-20230212/cjs/react-dom-server.edge.development.js: sha512-nNg2aDlY6tLul9oaOmu50uOXloGu5k+Nr4g1m/ddQex8w5rQpiKa2rDuzaigxE4q0jMQZtupSkTHiRhdHwtfGQ==
- react-dom/18.3.0-next-4a4ef2706-20230212/cjs/react-dom-server.node.production.min.js: sha512-Gv9aQmhlYu0elw2FDNQ+wO5hWJFVevWgfeQNfYnAtm64sNsirfWbyjibq9VlP+b/cW3/kEEaiA7WX0MaldVGMw==
- react-dom/18.3.0-next-4a4ef2706-20230212/umd/react-dom-server-legacy.browser.development.js: sha512-T7gRqaSHNl+q0EAfrYLiEP+epVp19Qo3WFj3l9G+lJt9vE2O2IWh/f14j4sMuFR/6XH1Jr0ipSEQtUi/Hu/Otw==
- react-dom/18.3.0-next-4a4ef2706-20230212/umd/react-dom-server-rendering-stub.production.min.js: sha512-7gnWQ0GDg94h2yeD/mAGJnpuHLfVHA7ZKKZ/iCONwTpjzQDZL4tlKFgcPv5E3Uk7QFTgs+HInUkui6o6kwC+EA==
- react-dom/18.3.0-next-4a4ef2706-20230212/umd/react-dom-test-utils.production.min.js: sha512-+0nz0Vs6siU04iJStGujjjD1ILwtNuAGaRG91/EnqRCTZnJrDZovXNznudZJeIg6vJ/Vt8PMfuRh4gHKuSsxUA==
- react-dom/18.3.0-next-4a4ef2706-20230212/cjs/react-dom-server-rendering-stub.production.min.js: sha512-h8Qx1Y2thFYWZmSGecP6/ziGKoPp/RGSsQaiW6FAv2DU6RROLZ1/RbHWew+n6o+IAKIB4BWfo23cvrL1vSFrGg==
- react-dom/18.3.0-next-4a4ef2706-20230212/cjs/react-dom-server.browser.development.min.js: sha512-Oen9+eTPexn34eIiVsHxVzSqE8Of4KCzh7Nbv7ZLYn/l4wZB3ztA0BoysFGyaLqXMt31Q4BfXr2WHrvDKiv6gw==
- react-dom/18.3.0-next-4a4ef2706-20230212/umd/react-dom.production.min.js: sha512-i1Z9inNl0Yh5mbDTLDe/8OisOIDuHnRv0CKZBRR2umSUxAs2Y4VJAA+9CIXCfq3b2qVy4iBdpeDQZaT6BKauCQ==
- react-dom/18.3.0-next-4a4ef2706-20230212/cjs/react-dom-server-rendering-stub.development.min.js: sha512-oXJeqGjl8HvI0o2Dc31vZWzsPUyke/Z4S3mcLcAxjdccOx6/i0qo3OGWy7GGXFA9ES7VSGlc4WUn2IweilIHyA==
- react-dom/18.3.0-next-4a4ef2706-20230212/cjs/react-dom-server.bun.development.min.js: sha512-1lupe/u1mDM0Nnz19IkREEtxtUuZ91zg9tHV28nE/QP7fWJur550oyjIHp6UFtE7c50EeYP6mGtdGdAWFN477Q==
- react-dom/18.3.0-next-4a4ef2706-20230212/cjs/react-dom-test-utils.production.min.js: sha512-P9fJUdX3kYuBhc8lWQ/vfYzEDA2KdPrxL55XlUWrOONZTW0SX9Nk8oR4Qi9mcRpeljvbueffYhQGbEPHhDYFvg==
- react-dom/18.3.0-next-4a4ef2706-20230212/umd/react-dom-server-legacy.browser.development.min.js: sha512-wed4kSxi1sKAwJfg3LQo/arhoTFVyfvkO0K/dwyWNiUIr2KXAU5sWBHFoAVAk0AsJ97JXghxxHD++dr91QN35A==
- react-dom/18.3.0-next-4a4ef2706-20230212/umd/react-dom-server.browser.production.min.js: sha512-DuHOv87PguI44mMsej0I8ZI12IbAPZ7x6KmKMjll7vmMCcUA5L/UuO9JHBBNuJl7hFuoa1Js5f+goO9ohY3tqQ==
- react-dom/18.3.0-next-4a4ef2706-20230212/umd/react-dom-test-utils.development.js: sha512-+dG9xoazsps4zxaKocjaHneu1dMQoj4CA9bRF9RLW7MI+VG3/3EOSxb7M931/kBcQwqz0FJRWZLjiUX5QAWpZQ==
- react-dom/18.3.0-next-4a4ef2706-20230212/cjs/react-dom-server-legacy.browser.development.js: sha512-54HnPQjLODc0aRCBeNSq/cr0767DBYXRupOzBe4rXguHNN2CMnvx7eDkbtlloSWsJD/ChfbFjrU6fYYCXsq/8A==
- react-dom/18.3.0-next-4a4ef2706-20230212/cjs/react-dom-server-legacy.node.development.min.js: sha512-c0AL8iD+5Acxs2Ac8JTSm3y/ZN7Gz7q1Qq28hQ5DY60184TkdhcIeRSeOkUSC6YX+dKk3aX9NheDZ9Mdq4ot6g==
- react-dom/18.3.0-next-4a4ef2706-20230212/umd/react-dom-test-utils.development.min.js: sha512-8kz49BAsG2jsHK184H6VSPUEJoB+AFxqozLKC+N2upffMUL8CcG1GKGb7SwkN1edw4fnCVt8kddvjymevQBu6w==
- react-dom/18.3.0-next-4a4ef2706-20230212/umd/react-dom.profiling.min.js: sha512-znej55iKfrVNOHA/Yy2lBLO/mk7A4+83lvihf/vqyNRyOdcj0Ouv+H1RhB14OApZF5uWDTCC7HdqMIU8KoHtRQ==
- react-dom/18.3.0-next-4a4ef2706-20230212/cjs/react-dom-server-legacy.browser.development.min.js: sha512-Os73U5hMDBjvnMFNwbG3L1XSG/35qQeVUnkfK7F+uGBK3XDj24aIhxCCk4QiQK5Re9sAwOkDlfF66I4MdFtwnA==
- react-dom/18.3.0-next-4a4ef2706-20230212/umd/react-dom-server-rendering-stub.development.min.js: sha512-EDs2Y3jvyR68xBn05RjGq3k++jMMGVdpE6ktiDjEyOzTGzy020PRcNiZP1bvuBHcX2vkIP0n4nIhIsw8oplBdQ==
- react-dom/18.3.0-next-4a4ef2706-20230212/cjs/react-dom-server.edge.production.min.js: sha512-hysxSbUOqLxk1OeQbocKKpORmjVbMASVmLfEgFI39+7XpVKEt5LpJFST7HodVGCh6hSjFeOQSdcJwVd/EuQEPw==
- react-dom/18.3.0-next-4a4ef2706-20230212/cjs/react-dom-server.node.development.js: sha512-9J3MsDxZT3UYu0JRtdTd13BAhWdJaIlIkNd/xrCTWZxvEPtUD1pcPhlUZIuIZgamOVOD0eMNGmKrdfJPFmtOBA==
- react-dom/18.3.0-next-4a4ef2706-20230212/cjs/react-dom.development.min.js: sha512-6DZFXrf+EAHp84Eb1iheYMVdLVlcRGA1Gir72drG8UvQZ20OnO5YIjJwaWxPgoooyETBf7+h+Fn2z0z6u7k/ow==
- react-dom/18.3.0-next-4a4ef2706-20230212/cjs/react-dom-server-rendering-stub.development.js: sha512-eHb7WGjZLiF8gsNqUx4EFsTjzIqIMyEZhuQ+APoVHMWF6qJlIYjGF0HNLyVjAxfyN6Xz3L6iz9ouX8tlEYe2uQ==
- react-dom/18.3.0-next-4a4ef2706-20230212/cjs/react-dom-server.browser.development.js: sha512-7h9pujkRHLaeu2332Bq0wszkOY7Ru0W2PVeLx5eiY2gl/xhnApBezPSRgjoipCGaYnmW0cUK9lCZ4VILf76jfg==
- react-dom/18.3.0-next-4a4ef2706-20230212/cjs/react-dom.production.min.js: sha512-y6Ego53rI1fj3AwrC26fTnlb2Z/tuxiQnTe95oZY8dlmndmgTeBtZDXzBVxGdyqyU3uyuRC/f9q8w/PlbUz5+w==
- react-dom/18.3.0-next-4a4ef2706-20230212/cjs/react-dom.profiling.min.js: sha512-3P+J7Y5dF3yIblFaDYGrNw4d/N6G9yWC531Wgo1lfWg3T2nsGGQmhvdYEkzAtV3KBOtBD9zM+yZTDRvhctO4qg==
- react-dom/18.3.0-next-4a4ef2706-20230212/umd/react-dom-server-legacy.browser.production.min.js: sha512-lMJuBplrGdYQPI7qExTf02le2cGisOsZcCBit5vdCEVrjGtZsXb4+55DcA0ShWluf2bnYNazGHMG/tklIN3aYQ==
- react-dom/18.3.0-next-4a4ef2706-20230212/umd/react-dom.development.min.js: sha512-27hC67OrkVIrxEdnIBSBla7JvcDiVNuPXHy7QSQbC+mFJc+U/nsKvJ4A1+EVw00WCQl1US3RzGNnOOZMqViwfA==
- react-dom/18.3.0-next-4a4ef2706-20230212/cjs/react-dom-server-legacy.browser.production.min.js: sha512-zMEPzXZzqLDIyABty3ak7VuiJKlHD7nnAh7++CrNeKsCaKal9dusdWnGDaIyiGXpvAh2qZYVBcT1WhTNif9fYg==
- react-dom/18.3.0-next-4a4ef2706-20230212/cjs/react-dom-server-legacy.node.production.min.js: sha512-rJjKC95SL7KYqUNhukJunEp7USrRsXOjyIKzdFSR7jGjKZd8/VbbGfcRRboOl5Rfx82qJzwUQdFTh8734TVxmg==
- react-dom/18.3.0-next-4a4ef2706-20230212/umd/react-dom.development.js: sha512-9P2gRtCXA6r5sh9URYIOlUpL0cG7ElPm+2JK9/BlSoPINEz1jLVKpVH4kjWnIiSATQ9lGL/4g+XVRdPmrTkINg==
- react-dom/18.3.0-next-4a4ef2706-20230212/cjs/react-dom-server.bun.production.min.js: sha512-7MQGkyDBBNixwNpISwu4tGyD7Q1SdGYj7Dg+DYlyTJM9thRHHpH8IReP6jiLWKIzctXaFkM/rWt0uPYxSrd6lw==
- react-dom/18.3.0-next-4a4ef2706-20230212/cjs/react-dom-test-utils.development.min.js: sha512-SC6uXMz4Aa48GitWgnrb5OMiql82LXYxKiVxsWEQyqA3ewdR1Vn4hDWbs00IDU2OjhaJ0tHY/+9bvKxqsoQAWg==
- react-dom/18.3.0-next-4a4ef2706-20230212/cjs/react-dom-server.node.development.min.js: sha512-wXW3PuLrAq+PRv7cVWQ7IVS9GSe52aBHsqMAY9XI08LAVe7zajsgbb/daflN4Z82gtC4BpMtMwFZHu+5iAtTPw==
- react-dom/18.3.0-next-4a4ef2706-20230212/cjs/react-dom.development.js: sha512-Rlud7UDbmiNdWa1JqfCBBdyVHkbJU5MaJLc6GxoRi6cU0CsAa/6JytQzdep2EUmLDr3IhFbuY/bFMrTpQ1z0qA==
- react-dom/18.3.0-next-4a4ef2706-20230212/umd/react-dom-server-rendering-stub.development.js: sha512-DY2FE2a2JaGRxEimWGxLCtax90K9Zy4Hwfze5rL3I2G1E3wuTLz0tURB3UTWzsVg4WMnDMPPUrOkGk/+bUNnLQ==
- react-dom/18.3.0-next-4a4ef2706-20230212/umd/react-dom-server.browser.development.min.js: sha512-C8heCQOIYXLF7gP2n6Ja9gWTWG9zb9Hrv9hfcHVwh2GKRueR84NPWIoQHtwKGxuUZifMtE0WUsYY0EayBYw+AQ==
- react-dom/18.3.0-next-4a4ef2706-20230212/cjs/react-dom-server.bun.development.js: sha512-9mBZE40omdr0ixrQIloA8U6AyE6tk1h73LF+UQ2z6rwGZXurYdLmAsRd8d45ICyZ0Nc/uw6MHlU6kp/OzIGqrw==
- react-dom/18.3.0-next-4a4ef2706-20230212/cjs/react-dom-server.edge.development.min.js: sha512-USzr3TmP1bhT+UfuIhHgUwq7HRuSKfMbajFHkAAI+6DgV8yBvCN9Ha2dOSWQg+3klk5sZiDbAeyeX+1Q9giTog==
- react-dom/18.3.0-next-4a4ef2706-20230212/umd/react-dom-server.browser.development.js: sha512-dwlokIS1D14UEjzhbHDepd2btHp/k4XHyh21JDdmcQN5YdQGJF1zFKNgyEUGj6d8ZEIB3QW5qRZzly0VPKK1Fw==
- react-dom/18.3.0-next-4a4ef2706-20230212/cjs/react-dom-server-legacy.node.development.js: sha512-faKmKkihJSMGE2SEG7zvkWD5iPxbETpjgayB0DqPpeq2lK8mucLlv8k+9wVgLPNsWN3X+FFNF5b4VVAJ5yu1DQ==
- react-dom/18.3.0-next-4a4ef2706-20230212/cjs/react-dom-test-utils.development.js: sha512-jGFWY8bISjfbac1t8/6JmEnjsaAaa/0zGgzrwpUISIkJujHutWmZG8L3gjp34kAh81AJFAl7mIawEUiUIagvkw==
