config: {"authors":[{"name":"afc163","url":"https://github.com/afc163"}],"autoupdate":{"source":"npm","target":"antd","fileMap":[{"basePath":"dist","files":["**/*.!(less)"]}]},"description":"An UI design language","filename":"antd.min.js","homepage":"http://ant.design/","keywords":["ant","design","react","react-component","component","components","ui","framework","frontend"],"license":"MIT","name":"antd","repository":{"type":"git","url":"https://github.com/ant-design/ant-design"},"author":"afc163 (https://github.com/afc163)"}
KV keys:
- antd/5.0.0-alpha.3/antd-with-locales.js.br
- antd/5.0.0-alpha.3/antd-with-locales.js.gz
- antd/5.0.0-alpha.3/antd-with-locales.js.map.br
- antd/5.0.0-alpha.3/antd-with-locales.js.map.gz
- antd/5.0.0-alpha.3/antd-with-locales.min.js.br
- antd/5.0.0-alpha.3/antd-with-locales.min.js.gz
- antd/5.0.0-alpha.3/antd-with-locales.min.js.map.br
- antd/5.0.0-alpha.3/antd-with-locales.min.js.map.gz
- antd/5.0.0-alpha.3/antd.js.br
- antd/5.0.0-alpha.3/antd.js.gz
- antd/5.0.0-alpha.3/antd.js.map.br
- antd/5.0.0-alpha.3/antd.js.map.gz
- antd/5.0.0-alpha.3/antd.min.js.br
- antd/5.0.0-alpha.3/antd.min.js.gz
- antd/5.0.0-alpha.3/antd.min.js.map.br
- antd/5.0.0-alpha.3/antd.min.js.map.gz
- antd/5.0.0-alpha.3/reset.css.br
- antd/5.0.0-alpha.3/reset.css.gz
- antd/5.0.0-alpha.3/reset.min.css.br
- antd/5.0.0-alpha.3/reset.min.css.gz
SRIs:
- antd/5.0.0-alpha.3/antd.js: sha512-h0f05MCuTW4Q62xlaOxLUytsF6UiqGudyU9TXvEBu0YknOrEj0EqcNnSjpOAjtnmTX4oQDfBxCoopWTh6VrikQ==
- antd/5.0.0-alpha.3/antd.min.js: sha512-iZQ+Tc6b2qoIuXIQ9bQktY83oaP7F/BUmIGB4KctittyO+inTEW/m6Q9GfU2D3KQQGtvZfap4lIAsKi637NP/Q==
- antd/5.0.0-alpha.3/reset.css: sha512-pZC2IRT+WsRU/IqN5Bhe0rqQVQUOOQhMrChWriipYy+lcncFKe9C+7p+CI2bz+jqlMAxOulcioNxbvZcsD7erw==
- antd/5.0.0-alpha.3/reset.min.css: sha512-vw1Eh0YXwSfFcRPIxtAvonjwHTEqKqwq7ucziF/ZCMEzRlmECgzmGSIHecwetYQXMUE1AL4mlxI7OCt38WvOgw==
- antd/5.0.0-alpha.3/antd-with-locales.js: sha512-zbhCsZCimTLie5WAYpcaNymSc5jVveMlnR/COF9qU1CyitCku8w3ctCBC+0z0vZ5g0iNFBVHAFkc3Pc9VVkMSQ==
- antd/5.0.0-alpha.3/antd-with-locales.min.js: sha512-b3V77F3r8G/F2wsbvVkICl3KanisMIptfXx6pectQC9v97QrGuXVQMHQfXxUQnpXEg0Kko/dFHkwafVqWmMr4g==
