Files:
- wavesurfer.js/7.1.0/base-plugin.d.ts.br
- wavesurfer.js/7.1.0/base-plugin.d.ts.gz
- wavesurfer.js/7.1.0/base-plugin.js.br
- wavesurfer.js/7.1.0/base-plugin.js.gz
- wavesurfer.js/7.1.0/base-plugin.min.js.br
- wavesurfer.js/7.1.0/base-plugin.min.js.gz
- wavesurfer.js/7.1.0/decoder.d.ts.br
- wavesurfer.js/7.1.0/decoder.d.ts.gz
- wavesurfer.js/7.1.0/decoder.js.br
- wavesurfer.js/7.1.0/decoder.js.gz
- wavesurfer.js/7.1.0/decoder.min.js.br
- wavesurfer.js/7.1.0/decoder.min.js.gz
- wavesurfer.js/7.1.0/draggable.d.ts.br
- wavesurfer.js/7.1.0/draggable.d.ts.gz
- wavesurfer.js/7.1.0/draggable.js.br
- wavesurfer.js/7.1.0/draggable.js.gz
- wavesurfer.js/7.1.0/draggable.min.js.br
- wavesurfer.js/7.1.0/draggable.min.js.gz
- wavesurfer.js/7.1.0/event-emitter.d.ts.br
- wavesurfer.js/7.1.0/event-emitter.d.ts.gz
- wavesurfer.js/7.1.0/event-emitter.js.br
- wavesurfer.js/7.1.0/event-emitter.js.gz
- wavesurfer.js/7.1.0/event-emitter.min.js.br
- wavesurfer.js/7.1.0/event-emitter.min.js.gz
- wavesurfer.js/7.1.0/fetcher.d.ts.br
- wavesurfer.js/7.1.0/fetcher.d.ts.gz
- wavesurfer.js/7.1.0/fetcher.js.br
- wavesurfer.js/7.1.0/fetcher.js.gz
- wavesurfer.js/7.1.0/fetcher.min.js.br
- wavesurfer.js/7.1.0/fetcher.min.js.gz
- wavesurfer.js/7.1.0/player.d.ts.br
- wavesurfer.js/7.1.0/player.d.ts.gz
- wavesurfer.js/7.1.0/player.js.br
- wavesurfer.js/7.1.0/player.js.gz
- wavesurfer.js/7.1.0/player.min.js.br
- wavesurfer.js/7.1.0/player.min.js.gz
- wavesurfer.js/7.1.0/plugins/base-plugin.d.ts.br
- wavesurfer.js/7.1.0/plugins/base-plugin.d.ts.gz
- wavesurfer.js/7.1.0/plugins/decoder.d.ts.br
- wavesurfer.js/7.1.0/plugins/decoder.d.ts.gz
- wavesurfer.js/7.1.0/plugins/draggable.d.ts.br
- wavesurfer.js/7.1.0/plugins/draggable.d.ts.gz
- wavesurfer.js/7.1.0/plugins/envelope.cjs.br
- wavesurfer.js/7.1.0/plugins/envelope.cjs.gz
- wavesurfer.js/7.1.0/plugins/envelope.d.ts.br
- wavesurfer.js/7.1.0/plugins/envelope.d.ts.gz
- wavesurfer.js/7.1.0/plugins/envelope.esm.js.br
- wavesurfer.js/7.1.0/plugins/envelope.esm.js.gz
- wavesurfer.js/7.1.0/plugins/envelope.esm.min.js.br
- wavesurfer.js/7.1.0/plugins/envelope.esm.min.js.gz
- wavesurfer.js/7.1.0/plugins/envelope.js.br
- wavesurfer.js/7.1.0/plugins/envelope.js.gz
- wavesurfer.js/7.1.0/plugins/envelope.min.js.br
- wavesurfer.js/7.1.0/plugins/envelope.min.js.gz
- wavesurfer.js/7.1.0/plugins/event-emitter.d.ts.br
- wavesurfer.js/7.1.0/plugins/event-emitter.d.ts.gz
- wavesurfer.js/7.1.0/plugins/fetcher.d.ts.br
- wavesurfer.js/7.1.0/plugins/fetcher.d.ts.gz
- wavesurfer.js/7.1.0/plugins/hover.cjs.br
- wavesurfer.js/7.1.0/plugins/hover.cjs.gz
- wavesurfer.js/7.1.0/plugins/hover.d.ts.br
- wavesurfer.js/7.1.0/plugins/hover.d.ts.gz
- wavesurfer.js/7.1.0/plugins/hover.esm.js.br
- wavesurfer.js/7.1.0/plugins/hover.esm.js.gz
- wavesurfer.js/7.1.0/plugins/hover.esm.min.js.br
- wavesurfer.js/7.1.0/plugins/hover.esm.min.js.gz
- wavesurfer.js/7.1.0/plugins/hover.js.br
- wavesurfer.js/7.1.0/plugins/hover.js.gz
- wavesurfer.js/7.1.0/plugins/hover.min.js.br
- wavesurfer.js/7.1.0/plugins/hover.min.js.gz
- wavesurfer.js/7.1.0/plugins/minimap.cjs.br
- wavesurfer.js/7.1.0/plugins/minimap.cjs.gz
- wavesurfer.js/7.1.0/plugins/minimap.d.ts.br
- wavesurfer.js/7.1.0/plugins/minimap.d.ts.gz
- wavesurfer.js/7.1.0/plugins/minimap.esm.js.br
- wavesurfer.js/7.1.0/plugins/minimap.esm.js.gz
- wavesurfer.js/7.1.0/plugins/minimap.esm.min.js.br
- wavesurfer.js/7.1.0/plugins/minimap.esm.min.js.gz
- wavesurfer.js/7.1.0/plugins/minimap.js.br
- wavesurfer.js/7.1.0/plugins/minimap.js.gz
- wavesurfer.js/7.1.0/plugins/minimap.min.js.br
- wavesurfer.js/7.1.0/plugins/minimap.min.js.gz
- wavesurfer.js/7.1.0/plugins/player.d.ts.br
- wavesurfer.js/7.1.0/plugins/player.d.ts.gz
- wavesurfer.js/7.1.0/plugins/plugins/envelope.d.ts.br
- wavesurfer.js/7.1.0/plugins/plugins/envelope.d.ts.gz
- wavesurfer.js/7.1.0/plugins/plugins/hover.d.ts.br
- wavesurfer.js/7.1.0/plugins/plugins/hover.d.ts.gz
- wavesurfer.js/7.1.0/plugins/plugins/minimap.d.ts.br
- wavesurfer.js/7.1.0/plugins/plugins/minimap.d.ts.gz
- wavesurfer.js/7.1.0/plugins/plugins/record.d.ts.br
- wavesurfer.js/7.1.0/plugins/plugins/record.d.ts.gz
- wavesurfer.js/7.1.0/plugins/plugins/regions.d.ts.br
- wavesurfer.js/7.1.0/plugins/plugins/regions.d.ts.gz
- wavesurfer.js/7.1.0/plugins/plugins/spectrogram.d.ts.br
- wavesurfer.js/7.1.0/plugins/plugins/spectrogram.d.ts.gz
- wavesurfer.js/7.1.0/plugins/plugins/timeline.d.ts.br
- wavesurfer.js/7.1.0/plugins/plugins/timeline.d.ts.gz
- wavesurfer.js/7.1.0/plugins/record.cjs.br
- wavesurfer.js/7.1.0/plugins/record.cjs.gz
- wavesurfer.js/7.1.0/plugins/record.d.ts.br
- wavesurfer.js/7.1.0/plugins/record.d.ts.gz
- wavesurfer.js/7.1.0/plugins/record.esm.js.br
- wavesurfer.js/7.1.0/plugins/record.esm.js.gz
- wavesurfer.js/7.1.0/plugins/record.esm.min.js.br
- wavesurfer.js/7.1.0/plugins/record.esm.min.js.gz
- wavesurfer.js/7.1.0/plugins/record.js.br
- wavesurfer.js/7.1.0/plugins/record.js.gz
- wavesurfer.js/7.1.0/plugins/record.min.js.br
- wavesurfer.js/7.1.0/plugins/record.min.js.gz
- wavesurfer.js/7.1.0/plugins/regions.cjs.br
- wavesurfer.js/7.1.0/plugins/regions.cjs.gz
- wavesurfer.js/7.1.0/plugins/regions.d.ts.br
- wavesurfer.js/7.1.0/plugins/regions.d.ts.gz
- wavesurfer.js/7.1.0/plugins/regions.esm.js.br
- wavesurfer.js/7.1.0/plugins/regions.esm.js.gz
- wavesurfer.js/7.1.0/plugins/regions.esm.min.js.br
- wavesurfer.js/7.1.0/plugins/regions.esm.min.js.gz
- wavesurfer.js/7.1.0/plugins/regions.js.br
- wavesurfer.js/7.1.0/plugins/regions.js.gz
- wavesurfer.js/7.1.0/plugins/regions.min.js.br
- wavesurfer.js/7.1.0/plugins/regions.min.js.gz
- wavesurfer.js/7.1.0/plugins/renderer.d.ts.br
- wavesurfer.js/7.1.0/plugins/renderer.d.ts.gz
- wavesurfer.js/7.1.0/plugins/spectrogram.cjs.br
- wavesurfer.js/7.1.0/plugins/spectrogram.cjs.gz
- wavesurfer.js/7.1.0/plugins/spectrogram.d.ts.br
- wavesurfer.js/7.1.0/plugins/spectrogram.d.ts.gz
- wavesurfer.js/7.1.0/plugins/spectrogram.esm.js.br
- wavesurfer.js/7.1.0/plugins/spectrogram.esm.js.gz
- wavesurfer.js/7.1.0/plugins/spectrogram.esm.min.js.br
- wavesurfer.js/7.1.0/plugins/spectrogram.esm.min.js.gz
- wavesurfer.js/7.1.0/plugins/spectrogram.js.br
- wavesurfer.js/7.1.0/plugins/spectrogram.js.gz
- wavesurfer.js/7.1.0/plugins/spectrogram.min.js.br
- wavesurfer.js/7.1.0/plugins/spectrogram.min.js.gz
- wavesurfer.js/7.1.0/plugins/timeline.cjs.br
- wavesurfer.js/7.1.0/plugins/timeline.cjs.gz
- wavesurfer.js/7.1.0/plugins/timeline.d.ts.br
- wavesurfer.js/7.1.0/plugins/timeline.d.ts.gz
- wavesurfer.js/7.1.0/plugins/timeline.esm.js.br
- wavesurfer.js/7.1.0/plugins/timeline.esm.js.gz
- wavesurfer.js/7.1.0/plugins/timeline.esm.min.js.br
- wavesurfer.js/7.1.0/plugins/timeline.esm.min.js.gz
- wavesurfer.js/7.1.0/plugins/timeline.js.br
- wavesurfer.js/7.1.0/plugins/timeline.js.gz
- wavesurfer.js/7.1.0/plugins/timeline.min.js.br
- wavesurfer.js/7.1.0/plugins/timeline.min.js.gz
- wavesurfer.js/7.1.0/plugins/timer.d.ts.br
- wavesurfer.js/7.1.0/plugins/timer.d.ts.gz
- wavesurfer.js/7.1.0/plugins/wavesurfer.d.ts.br
- wavesurfer.js/7.1.0/plugins/wavesurfer.d.ts.gz
- wavesurfer.js/7.1.0/renderer.d.ts.br
- wavesurfer.js/7.1.0/renderer.d.ts.gz
- wavesurfer.js/7.1.0/renderer.js.br
- wavesurfer.js/7.1.0/renderer.js.gz
- wavesurfer.js/7.1.0/renderer.min.js.br
- wavesurfer.js/7.1.0/renderer.min.js.gz
- wavesurfer.js/7.1.0/timer.d.ts.br
- wavesurfer.js/7.1.0/timer.d.ts.gz
- wavesurfer.js/7.1.0/timer.js.br
- wavesurfer.js/7.1.0/timer.js.gz
- wavesurfer.js/7.1.0/timer.min.js.br
- wavesurfer.js/7.1.0/timer.min.js.gz
- wavesurfer.js/7.1.0/wavesurfer.cjs.br
- wavesurfer.js/7.1.0/wavesurfer.cjs.gz
- wavesurfer.js/7.1.0/wavesurfer.d.ts.br
- wavesurfer.js/7.1.0/wavesurfer.d.ts.gz
- wavesurfer.js/7.1.0/wavesurfer.esm.js.br
- wavesurfer.js/7.1.0/wavesurfer.esm.js.gz
- wavesurfer.js/7.1.0/wavesurfer.esm.min.js.br
- wavesurfer.js/7.1.0/wavesurfer.esm.min.js.gz
- wavesurfer.js/7.1.0/wavesurfer.js.br
- wavesurfer.js/7.1.0/wavesurfer.js.gz
- wavesurfer.js/7.1.0/wavesurfer.min.js.br
- wavesurfer.js/7.1.0/wavesurfer.min.js.gz
