Files:
- fontsource-henny-penny/5.0.1/400.css.br
- fontsource-henny-penny/5.0.1/400.css.gz
- fontsource-henny-penny/5.0.1/400.min.css.br
- fontsource-henny-penny/5.0.1/400.min.css.gz
- fontsource-henny-penny/5.0.1/files/henny-penny-latin-400-normal.woff.br
- fontsource-henny-penny/5.0.1/files/henny-penny-latin-400-normal.woff.gz
- fontsource-henny-penny/5.0.1/files/henny-penny-latin-400-normal.woff2
- fontsource-henny-penny/5.0.1/index.css.br
- fontsource-henny-penny/5.0.1/index.css.gz
- fontsource-henny-penny/5.0.1/index.min.css.br
- fontsource-henny-penny/5.0.1/index.min.css.gz
- fontsource-henny-penny/5.0.1/latin-400.css.br
- fontsource-henny-penny/5.0.1/latin-400.css.gz
- fontsource-henny-penny/5.0.1/latin-400.min.css.br
- fontsource-henny-penny/5.0.1/latin-400.min.css.gz
- fontsource-henny-penny/5.0.1/latin.css.br
- fontsource-henny-penny/5.0.1/latin.css.gz
- fontsource-henny-penny/5.0.1/latin.min.css.br
- fontsource-henny-penny/5.0.1/latin.min.css.gz
