config: {"authors":[{"name":"Google"}],"autoupdate":{"source":"npm","target":"shaka-player","fileMap":[{"basePath":"dist","files":["shaka-player*","controls.css*"]}]},"description":"DASH/EME video player library","filename":"shaka-player.compiled.js","keywords":["shaka","player"],"license":"Apache License 2.0","name":"shaka-player","repository":{"type":"git","url":"https://github.com/google/shaka-player"},"author":"Google"}
KV keys:
- shaka-player/3.2.9/controls.css.br
- shaka-player/3.2.9/controls.css.gz
- shaka-player/3.2.9/controls.css.map.br
- shaka-player/3.2.9/controls.css.map.gz
- shaka-player/3.2.9/controls.min.css.br
- shaka-player/3.2.9/controls.min.css.gz
- shaka-player/3.2.9/shaka-player.compiled.d.ts.br
- shaka-player/3.2.9/shaka-player.compiled.d.ts.gz
- shaka-player/3.2.9/shaka-player.compiled.debug.d.ts.br
- shaka-player/3.2.9/shaka-player.compiled.debug.d.ts.gz
- shaka-player/3.2.9/shaka-player.compiled.debug.externs.js.br
- shaka-player/3.2.9/shaka-player.compiled.debug.externs.js.gz
- shaka-player/3.2.9/shaka-player.compiled.debug.externs.min.js.br
- shaka-player/3.2.9/shaka-player.compiled.debug.externs.min.js.gz
- shaka-player/3.2.9/shaka-player.compiled.debug.js.br
- shaka-player/3.2.9/shaka-player.compiled.debug.js.gz
- shaka-player/3.2.9/shaka-player.compiled.debug.map.br
- shaka-player/3.2.9/shaka-player.compiled.debug.map.gz
- shaka-player/3.2.9/shaka-player.compiled.debug.min.js.br
- shaka-player/3.2.9/shaka-player.compiled.debug.min.js.gz
- shaka-player/3.2.9/shaka-player.compiled.externs.js.br
- shaka-player/3.2.9/shaka-player.compiled.externs.js.gz
- shaka-player/3.2.9/shaka-player.compiled.externs.min.js.br
- shaka-player/3.2.9/shaka-player.compiled.externs.min.js.gz
- shaka-player/3.2.9/shaka-player.compiled.js.br
- shaka-player/3.2.9/shaka-player.compiled.js.gz
- shaka-player/3.2.9/shaka-player.compiled.map.br
- shaka-player/3.2.9/shaka-player.compiled.map.gz
- shaka-player/3.2.9/shaka-player.compiled.min.js.br
- shaka-player/3.2.9/shaka-player.compiled.min.js.gz
- shaka-player/3.2.9/shaka-player.ui.d.ts.br
- shaka-player/3.2.9/shaka-player.ui.d.ts.gz
- shaka-player/3.2.9/shaka-player.ui.debug.d.ts.br
- shaka-player/3.2.9/shaka-player.ui.debug.d.ts.gz
- shaka-player/3.2.9/shaka-player.ui.debug.externs.js.br
- shaka-player/3.2.9/shaka-player.ui.debug.externs.js.gz
- shaka-player/3.2.9/shaka-player.ui.debug.externs.min.js.br
- shaka-player/3.2.9/shaka-player.ui.debug.externs.min.js.gz
- shaka-player/3.2.9/shaka-player.ui.debug.js.br
- shaka-player/3.2.9/shaka-player.ui.debug.js.gz
- shaka-player/3.2.9/shaka-player.ui.debug.map.br
- shaka-player/3.2.9/shaka-player.ui.debug.map.gz
- shaka-player/3.2.9/shaka-player.ui.debug.min.js.br
- shaka-player/3.2.9/shaka-player.ui.debug.min.js.gz
- shaka-player/3.2.9/shaka-player.ui.externs.js.br
- shaka-player/3.2.9/shaka-player.ui.externs.js.gz
- shaka-player/3.2.9/shaka-player.ui.externs.min.js.br
- shaka-player/3.2.9/shaka-player.ui.externs.min.js.gz
- shaka-player/3.2.9/shaka-player.ui.js.br
- shaka-player/3.2.9/shaka-player.ui.js.gz
- shaka-player/3.2.9/shaka-player.ui.map.br
- shaka-player/3.2.9/shaka-player.ui.map.gz
- shaka-player/3.2.9/shaka-player.ui.min.js.br
- shaka-player/3.2.9/shaka-player.ui.min.js.gz
SRIs:
- shaka-player/3.2.9/controls.min.css: sha512-uQeUQyZ5tH4zIm+wISMb/bVn8U0bXrhe+5Pph1MFFc8PVkpvi+HtxedKD8V4T90LfA7k2LfNU2RDD6UVsQT0gA==
- shaka-player/3.2.9/shaka-player.compiled.debug.js: sha512-hjDZrYDPvmBqBnm2w+f7jmQ6yA+7AeYjD6dX4PR6F4Z1EhYhfc8LWzKvmuPgHGAnxOwgrtJqaj688akcurt73w==
- shaka-player/3.2.9/shaka-player.compiled.min.js: sha512-B48sk3Hf+cGRhp/DjbqpLHp/rZ895XGCgotAI7X3OmYvB1CnoS32qs5cHloPMc7+rWcIO9fyFDPxkZyX49Wdsg==
- shaka-player/3.2.9/shaka-player.ui.debug.externs.js: sha512-ircvABt6sijn/zVbmWPmIA+Gxml37FE1Q4Q+sG+HrJLrJxUszaK+Bnx0KFqwHqYLR3+N2oNLIZk+uWjzsuM5rA==
- shaka-player/3.2.9/shaka-player.ui.externs.min.js: sha512-w1oy7hfaXDHaa5MTxKEfj73+Shc6TfRKCQ4VMm/IMJVXrmD0xufLB1Wz5x9RtBiiXw7XQIcLrEqm/SftP75fwQ==
- shaka-player/3.2.9/controls.css: sha512-l0+D7FGXzJo39hkn52akLaxbWpKXg5PQdFZQRO5wBdU5UuWb+nYg3EVhohRZMMdc8JKZrNxBh1WEWVfOD02C/g==
- shaka-player/3.2.9/shaka-player.compiled.debug.externs.min.js: sha512-u01FYPhFWCbt02vGNWFFmoqlCbyPQSpFxsi9B9JVOY4bLnuv9Nx1se4Nkx8djcttET0CN+MB5AwRL5tnTDAV/Q==
- shaka-player/3.2.9/shaka-player.compiled.externs.min.js: sha512-u01FYPhFWCbt02vGNWFFmoqlCbyPQSpFxsi9B9JVOY4bLnuv9Nx1se4Nkx8djcttET0CN+MB5AwRL5tnTDAV/Q==
- shaka-player/3.2.9/shaka-player.compiled.js: sha512-RWdYEXqmGWs7URnil+8f26r6yuVmjZbQAn3vlrqn2oNW7uZPMdH9FadLsPwklNDRos7ky21wjY5Wqym7VCHiPw==
- shaka-player/3.2.9/shaka-player.ui.js: sha512-G1OtMBzYIKN2EGa6q5s76s0f41JDlN+ysC6nkvnXD1m5685pGGVi6G6djnJclIFuUSl7jKLofXdsj1Tqp6c8KQ==
- shaka-player/3.2.9/shaka-player.ui.min.js: sha512-iuFAf8Bkk0Q0yTf/dvmdTAuNN/1e4OUjx+xP6wJTTtc5wje66z69/l2YWzdz0jgfqCrpAYED73pmZCbwtEPQsQ==
- shaka-player/3.2.9/shaka-player.compiled.debug.min.js: sha512-CWJgp8YSnmwsb7bSNz5T4aiHZoy600szO7ROuNTk2tfFaW7DBz1p+N6H2IhcDERqO5vcQ6sULeo7bTMkk90dCg==
- shaka-player/3.2.9/shaka-player.ui.debug.min.js: sha512-RVwi4hsR0nrlQnSz9kqmkXpOrArGX9df29U1NpJN3Eri029WKxuIZ3Nlo8S2AAQpI8G6sK655pkGmTOQHOO1NQ==
- shaka-player/3.2.9/shaka-player.compiled.debug.externs.js: sha512-EzfxjwdOXFifelVuNbgkZO0KxsPc97VDrHZQ7It9lNtTs92jmO4sDvzejDNLaeh+XO/4FFHpejV+b1hNnBLKKg==
- shaka-player/3.2.9/shaka-player.compiled.externs.js: sha512-EzfxjwdOXFifelVuNbgkZO0KxsPc97VDrHZQ7It9lNtTs92jmO4sDvzejDNLaeh+XO/4FFHpejV+b1hNnBLKKg==
- shaka-player/3.2.9/shaka-player.ui.debug.externs.min.js: sha512-w1oy7hfaXDHaa5MTxKEfj73+Shc6TfRKCQ4VMm/IMJVXrmD0xufLB1Wz5x9RtBiiXw7XQIcLrEqm/SftP75fwQ==
- shaka-player/3.2.9/shaka-player.ui.debug.js: sha512-QsPNshjXpQBK1UzYUed40A9LykrLPTYlCe2t9Npp3ceyhGMxWWGOzMQdCM2Q6z5WmeOAgscHwRICqISSVcqAiA==
- shaka-player/3.2.9/shaka-player.ui.externs.js: sha512-ircvABt6sijn/zVbmWPmIA+Gxml37FE1Q4Q+sG+HrJLrJxUszaK+Bnx0KFqwHqYLR3+N2oNLIZk+uWjzsuM5rA==
