Files:
- fontsource-kantumruy/5.0.3/300.css.gz
- fontsource-kantumruy/5.0.3/300.min.css.gz
- fontsource-kantumruy/5.0.3/400.css.gz
- fontsource-kantumruy/5.0.3/400.min.css.gz
- fontsource-kantumruy/5.0.3/700.css.gz
- fontsource-kantumruy/5.0.3/700.min.css.gz
- fontsource-kantumruy/5.0.3/files/kantumruy-khmer-300-normal.woff.gz
- fontsource-kantumruy/5.0.3/files/kantumruy-khmer-400-normal.woff.gz
- fontsource-kantumruy/5.0.3/files/kantumruy-khmer-700-normal.woff.gz
- fontsource-kantumruy/5.0.3/index.css.gz
- fontsource-kantumruy/5.0.3/index.min.css.gz
- fontsource-kantumruy/5.0.3/khmer-300.css.gz
- fontsource-kantumruy/5.0.3/khmer-300.min.css.gz
- fontsource-kantumruy/5.0.3/khmer-400.css.gz
- fontsource-kantumruy/5.0.3/khmer-400.min.css.gz
- fontsource-kantumruy/5.0.3/khmer-700.css.gz
- fontsource-kantumruy/5.0.3/khmer-700.min.css.gz
- fontsource-kantumruy/5.0.3/khmer.css.gz
- fontsource-kantumruy/5.0.3/khmer.min.css.gz
