config: {"authors":[{"name":"Guillaume du Pontavice","email":"g.du.pontavice@gmail.com"}],"autoupdate":{"source":"npm","target":"hls.js","fileMap":[{"basePath":"dist","files":["**/!(*-demo.*)"]}],"ignoreVersions":["*-canary.*"]},"description":"JavaScript HLS client using MediaSourceExtension","filename":"hls.min.js","homepage":"https://hls-js.netlify.com/demo/","keywords":["hls.js","video","streaming","mediasource","player"],"license":"Apache-2.0","name":"hls.js","repository":{"type":"git","url":"git://github.com/video-dev/hls.js"},"author":"Guillaume du Pontavice \u003cg.du.pontavice@gmail.com\u003e"}
KV keys:
- hls.js/1.3.2-0.canary.8913/hls.js.br
- hls.js/1.3.2-0.canary.8913/hls.js.d.ts.br
- hls.js/1.3.2-0.canary.8913/hls.js.d.ts.gz
- hls.js/1.3.2-0.canary.8913/hls.js.gz
- hls.js/1.3.2-0.canary.8913/hls.js.map.br
- hls.js/1.3.2-0.canary.8913/hls.js.map.gz
- hls.js/1.3.2-0.canary.8913/hls.light.js.br
- hls.js/1.3.2-0.canary.8913/hls.light.js.gz
- hls.js/1.3.2-0.canary.8913/hls.light.js.map.br
- hls.js/1.3.2-0.canary.8913/hls.light.js.map.gz
- hls.js/1.3.2-0.canary.8913/hls.light.min.js.br
- hls.js/1.3.2-0.canary.8913/hls.light.min.js.gz
- hls.js/1.3.2-0.canary.8913/hls.light.min.js.map.br
- hls.js/1.3.2-0.canary.8913/hls.light.min.js.map.gz
- hls.js/1.3.2-0.canary.8913/hls.min.js.br
- hls.js/1.3.2-0.canary.8913/hls.min.js.gz
- hls.js/1.3.2-0.canary.8913/hls.min.js.map.br
- hls.js/1.3.2-0.canary.8913/hls.min.js.map.gz
SRIs:
- hls.js/1.3.2-0.canary.8913/hls.min.js: sha512-oFlOSVaDhKgILZxh9pLHF4IBIRPiuIuEc8EQOHcJzTV4lTt69bS7oSl7/pK++jGTtIDISuiXd0gWdNoOAwhn4Q==
- hls.js/1.3.2-0.canary.8913/hls.js: sha512-4xYfteu72+Jt+7TCMjf9lGVirtQk1b3AjsxeylevMZdt9Hl0fDKPcC2tcPmOjxYUCanSe4lhxXR/yRnjtVjTYQ==
- hls.js/1.3.2-0.canary.8913/hls.light.js: sha512-kFXOFLj2u0E2X05JYna+sBloDuJmOSgea9IpfPSOl0SDAJTlTT7HNJixlt7EyTCcza91yj91H4xq7eKqlIGDZg==
- hls.js/1.3.2-0.canary.8913/hls.light.min.js: sha512-unoKr+JhrypHgsnyetNirO9bbCKcNxkKauhKbo/0ZQkix5+RQ6JEzrMi5v23XgESkIcBtc2GXZuXkDm5g22yGg==
