config: {"authors":[{"name":"andrewtelnov","email":"andrew.telnov@gmail.com"}],"autoupdate":{"source":"npm","target":"survey-vue","fileMap":[{"basePath":"","files":["survey!(*.ts|*-vue.js)"]}]},"description":"survey.js is a JavaScript Survey Library. It is a modern way to add a survey to your website. It uses JSON for survey metadata and results.","filename":"survey.vue.min.js","homepage":"https://surveyjs.org/","keywords":["Survey","JavaScript","Bootstrap","Library","vue"],"license":"MIT","name":"survey-vue","repository":{"type":"git","url":"git+https://github.com/andrewtelnov/surveyjs.git"},"author":"andrewtelnov \u003candrew.telnov@gmail.com\u003e"}
KV keys:
- survey-vue/1.9.121/survey-vue.min.js.br
- survey-vue/1.9.121/survey-vue.min.js.gz
- survey-vue/1.9.121/survey.css.br
- survey-vue/1.9.121/survey.css.gz
- survey-vue/1.9.121/survey.css.map.br
- survey-vue/1.9.121/survey.css.map.gz
- survey-vue/1.9.121/survey.min.css.br
- survey-vue/1.9.121/survey.min.css.gz
- survey-vue/1.9.121/survey.vue.js.br
- survey-vue/1.9.121/survey.vue.js.gz
- survey-vue/1.9.121/survey.vue.js.map.br
- survey-vue/1.9.121/survey.vue.js.map.gz
- survey-vue/1.9.121/survey.vue.min.js.br
- survey-vue/1.9.121/survey.vue.min.js.gz
SRIs:
- survey-vue/1.9.121/survey.vue.min.js: sha512-buQZ+J02I704JEH/MRwL256xi57zeVXriFNJMvSN+lc6VkzFUdgkeLRrXlshWkwahXOnr0/qbtukCyW+kOkWGA==
- survey-vue/1.9.121/survey-vue.min.js: sha512-buQZ+J02I704JEH/MRwL256xi57zeVXriFNJMvSN+lc6VkzFUdgkeLRrXlshWkwahXOnr0/qbtukCyW+kOkWGA==
- survey-vue/1.9.121/survey.css: sha512-s3POdaVrpZqJJgqxNoC1M/XCoXTk4alsl5fEqa8D4Bfx5SKEtyHfP9hl1MqD8Xr6dr9xtecRuDbj9uyTOmHxnw==
- survey-vue/1.9.121/survey.min.css: sha512-J2vJa1Lo+0lNPPbSOQPsKvLn9zU3VA6pRIjTUpSb9OjSTgZG8QbGc6WUJku0qtN1rSp+Tg5sxb1Kput+qzkHCA==
- survey-vue/1.9.121/survey.vue.js: sha512-190dOKtPR1VPG4EjFsD6Tahv42nBUZjwAaRlrRpiV8dVWssCbr/2z7Yu78yQ3xCkctknWkeRzVKzplVTuolABg==
