config: {"autoupdate":{"source":"npm","target":"@atlassian/aui","fileMap":[{"basePath":"dist","files":["**/*.@(js|css|eot|ttf|woff|svg)?(.map)"]}],"ignoreVersions":["*do-not-use"]},"description":"Atlassian User Interface Framework","filename":"aui/js/aui.min.js","homepage":"https://docs.atlassian.com/aui/","keywords":["atlassian","aui","adg"],"license":"Apache-2.0","name":"aui","repository":{"type":"git","url":"https://bitbucket.org/atlassian/aui"}}
KV keys:
- aui/9.11.6/aui/aui-css-deprecations.js.br
- aui/9.11.6/aui/aui-css-deprecations.js.gz
- aui/9.11.6/aui/aui-css-deprecations.js.map.br
- aui/9.11.6/aui/aui-css-deprecations.js.map.gz
- aui/9.11.6/aui/aui-css-deprecations.min.js.br
- aui/9.11.6/aui/aui-css-deprecations.min.js.gz
- aui/9.11.6/aui/aui-prototyping-browserfocus.css.br
- aui/9.11.6/aui/aui-prototyping-browserfocus.css.gz
- aui/9.11.6/aui/aui-prototyping-browserfocus.css.map.br
- aui/9.11.6/aui/aui-prototyping-browserfocus.css.map.gz
- aui/9.11.6/aui/aui-prototyping-browserfocus.min.css.br
- aui/9.11.6/aui/aui-prototyping-browserfocus.min.css.gz
- aui/9.11.6/aui/aui-prototyping-darkmode.css.br
- aui/9.11.6/aui/aui-prototyping-darkmode.css.gz
- aui/9.11.6/aui/aui-prototyping-darkmode.css.map.br
- aui/9.11.6/aui/aui-prototyping-darkmode.css.map.gz
- aui/9.11.6/aui/aui-prototyping-darkmode.min.css.br
- aui/9.11.6/aui/aui-prototyping-darkmode.min.css.gz
- aui/9.11.6/aui/aui-prototyping-design-tokens-api-full.js.br
- aui/9.11.6/aui/aui-prototyping-design-tokens-api-full.js.gz
- aui/9.11.6/aui/aui-prototyping-design-tokens-api-full.js.map.br
- aui/9.11.6/aui/aui-prototyping-design-tokens-api-full.js.map.gz
- aui/9.11.6/aui/aui-prototyping-design-tokens-api-full.min.js.br
- aui/9.11.6/aui/aui-prototyping-design-tokens-api-full.min.js.gz
- aui/9.11.6/aui/aui-prototyping-design-tokens-api.js.br
- aui/9.11.6/aui/aui-prototyping-design-tokens-api.js.gz
- aui/9.11.6/aui/aui-prototyping-design-tokens-api.js.map.br
- aui/9.11.6/aui/aui-prototyping-design-tokens-api.js.map.gz
- aui/9.11.6/aui/aui-prototyping-design-tokens-api.min.js.br
- aui/9.11.6/aui/aui-prototyping-design-tokens-api.min.js.gz
- aui/9.11.6/aui/aui-prototyping-design-tokens-base-themes-css.css.br
- aui/9.11.6/aui/aui-prototyping-design-tokens-base-themes-css.css.gz
- aui/9.11.6/aui/aui-prototyping-design-tokens-base-themes-css.css.map.br
- aui/9.11.6/aui/aui-prototyping-design-tokens-base-themes-css.css.map.gz
- aui/9.11.6/aui/aui-prototyping-design-tokens-base-themes-css.js.br
- aui/9.11.6/aui/aui-prototyping-design-tokens-base-themes-css.js.gz
- aui/9.11.6/aui/aui-prototyping-design-tokens-base-themes-css.js.map.br
- aui/9.11.6/aui/aui-prototyping-design-tokens-base-themes-css.js.map.gz
- aui/9.11.6/aui/aui-prototyping-design-tokens-base-themes-css.min.css.br
- aui/9.11.6/aui/aui-prototyping-design-tokens-base-themes-css.min.css.gz
- aui/9.11.6/aui/aui-prototyping-design-tokens-base-themes-css.min.js.br
- aui/9.11.6/aui/aui-prototyping-design-tokens-base-themes-css.min.js.gz
- aui/9.11.6/aui/aui-prototyping-design-tokens-base-themes.js.br
- aui/9.11.6/aui/aui-prototyping-design-tokens-base-themes.js.gz
- aui/9.11.6/aui/aui-prototyping-design-tokens-base-themes.js.map.br
- aui/9.11.6/aui/aui-prototyping-design-tokens-base-themes.js.map.gz
- aui/9.11.6/aui/aui-prototyping-design-tokens-base-themes.min.js.br
- aui/9.11.6/aui/aui-prototyping-design-tokens-base-themes.min.js.gz
- aui/9.11.6/aui/aui-prototyping-design-tokens-compatibility.css.br
- aui/9.11.6/aui/aui-prototyping-design-tokens-compatibility.css.gz
- aui/9.11.6/aui/aui-prototyping-design-tokens-compatibility.css.map.br
- aui/9.11.6/aui/aui-prototyping-design-tokens-compatibility.css.map.gz
- aui/9.11.6/aui/aui-prototyping-design-tokens-compatibility.min.css.br
- aui/9.11.6/aui/aui-prototyping-design-tokens-compatibility.min.css.gz
- aui/9.11.6/aui/aui-prototyping.css.br
- aui/9.11.6/aui/aui-prototyping.css.gz
- aui/9.11.6/aui/aui-prototyping.css.map.br
- aui/9.11.6/aui/aui-prototyping.css.map.gz
- aui/9.11.6/aui/aui-prototyping.js.br
- aui/9.11.6/aui/aui-prototyping.js.gz
- aui/9.11.6/aui/aui-prototyping.js.map.br
- aui/9.11.6/aui/aui-prototyping.js.map.gz
- aui/9.11.6/aui/aui-prototyping.min.css.br
- aui/9.11.6/aui/aui-prototyping.min.css.gz
- aui/9.11.6/aui/aui-prototyping.min.js.br
- aui/9.11.6/aui/aui-prototyping.min.js.gz
- aui/9.11.6/aui/aui-prototyping.nodeps.css.br
- aui/9.11.6/aui/aui-prototyping.nodeps.css.gz
- aui/9.11.6/aui/aui-prototyping.nodeps.css.map.br
- aui/9.11.6/aui/aui-prototyping.nodeps.css.map.gz
- aui/9.11.6/aui/aui-prototyping.nodeps.js.br
- aui/9.11.6/aui/aui-prototyping.nodeps.js.gz
- aui/9.11.6/aui/aui-prototyping.nodeps.js.map.br
- aui/9.11.6/aui/aui-prototyping.nodeps.js.map.gz
- aui/9.11.6/aui/aui-prototyping.nodeps.min.css.br
- aui/9.11.6/aui/aui-prototyping.nodeps.min.css.gz
- aui/9.11.6/aui/aui-prototyping.nodeps.min.js.br
- aui/9.11.6/aui/aui-prototyping.nodeps.min.js.gz
- aui/9.11.6/aui/fonts/adgs-icons.eot.br
- aui/9.11.6/aui/fonts/adgs-icons.eot.gz
- aui/9.11.6/aui/fonts/adgs-icons.ttf.br
- aui/9.11.6/aui/fonts/adgs-icons.ttf.gz
- aui/9.11.6/aui/fonts/adgs-icons.woff.br
- aui/9.11.6/aui/fonts/adgs-icons.woff.gz
- aui/9.11.6/aui/fonts/atlassian-icons.eot.br
- aui/9.11.6/aui/fonts/atlassian-icons.eot.gz
- aui/9.11.6/aui/fonts/atlassian-icons.ttf.br
- aui/9.11.6/aui/fonts/atlassian-icons.ttf.gz
- aui/9.11.6/aui/fonts/atlassian-icons.woff.br
- aui/9.11.6/aui/fonts/atlassian-icons.woff.gz
- aui/9.11.6/aui/images/adgs-icons.svg.br
- aui/9.11.6/aui/images/adgs-icons.svg.gz
- aui/9.11.6/aui/images/atlassian-icons.svg.br
- aui/9.11.6/aui/images/atlassian-icons.svg.gz
- aui/9.11.6/aui/themes/dark-future.js.br
- aui/9.11.6/aui/themes/dark-future.js.gz
- aui/9.11.6/aui/themes/dark-future.js.map.br
- aui/9.11.6/aui/themes/dark-future.js.map.gz
- aui/9.11.6/aui/themes/dark-future.min.js.br
- aui/9.11.6/aui/themes/dark-future.min.js.gz
- aui/9.11.6/aui/themes/dark-new-input-border.js.br
- aui/9.11.6/aui/themes/dark-new-input-border.js.gz
- aui/9.11.6/aui/themes/dark-new-input-border.js.map.br
- aui/9.11.6/aui/themes/dark-new-input-border.js.map.gz
- aui/9.11.6/aui/themes/dark-new-input-border.min.js.br
- aui/9.11.6/aui/themes/dark-new-input-border.min.js.gz
- aui/9.11.6/aui/themes/dark.js.br
- aui/9.11.6/aui/themes/dark.js.gz
- aui/9.11.6/aui/themes/dark.js.map.br
- aui/9.11.6/aui/themes/dark.js.map.gz
- aui/9.11.6/aui/themes/dark.min.js.br
- aui/9.11.6/aui/themes/dark.min.js.gz
- aui/9.11.6/aui/themes/legacy-dark.js.br
- aui/9.11.6/aui/themes/legacy-dark.js.gz
- aui/9.11.6/aui/themes/legacy-dark.js.map.br
- aui/9.11.6/aui/themes/legacy-dark.js.map.gz
- aui/9.11.6/aui/themes/legacy-dark.min.js.br
- aui/9.11.6/aui/themes/legacy-dark.min.js.gz
- aui/9.11.6/aui/themes/legacy-light.js.br
- aui/9.11.6/aui/themes/legacy-light.js.gz
- aui/9.11.6/aui/themes/legacy-light.js.map.br
- aui/9.11.6/aui/themes/legacy-light.js.map.gz
- aui/9.11.6/aui/themes/legacy-light.min.js.br
- aui/9.11.6/aui/themes/legacy-light.min.js.gz
- aui/9.11.6/aui/themes/light-future.js.br
- aui/9.11.6/aui/themes/light-future.js.gz
- aui/9.11.6/aui/themes/light-future.js.map.br
- aui/9.11.6/aui/themes/light-future.js.map.gz
- aui/9.11.6/aui/themes/light-future.min.js.br
- aui/9.11.6/aui/themes/light-future.min.js.gz
- aui/9.11.6/aui/themes/light-new-input-border.js.br
- aui/9.11.6/aui/themes/light-new-input-border.js.gz
- aui/9.11.6/aui/themes/light-new-input-border.js.map.br
- aui/9.11.6/aui/themes/light-new-input-border.js.map.gz
- aui/9.11.6/aui/themes/light-new-input-border.min.js.br
- aui/9.11.6/aui/themes/light-new-input-border.min.js.gz
- aui/9.11.6/aui/themes/light.js.br
- aui/9.11.6/aui/themes/light.js.gz
- aui/9.11.6/aui/themes/light.js.map.br
- aui/9.11.6/aui/themes/light.js.map.gz
- aui/9.11.6/aui/themes/light.min.js.br
- aui/9.11.6/aui/themes/light.min.js.gz
- aui/9.11.6/aui/themes/shape.js.br
- aui/9.11.6/aui/themes/shape.js.gz
- aui/9.11.6/aui/themes/shape.js.map.br
- aui/9.11.6/aui/themes/shape.js.map.gz
- aui/9.11.6/aui/themes/shape.min.js.br
- aui/9.11.6/aui/themes/shape.min.js.gz
- aui/9.11.6/aui/themes/spacing.js.br
- aui/9.11.6/aui/themes/spacing.js.gz
- aui/9.11.6/aui/themes/spacing.js.map.br
- aui/9.11.6/aui/themes/spacing.js.map.gz
- aui/9.11.6/aui/themes/spacing.min.js.br
- aui/9.11.6/aui/themes/spacing.min.js.gz
- aui/9.11.6/aui/themes/typography-adg3.js.br
- aui/9.11.6/aui/themes/typography-adg3.js.gz
- aui/9.11.6/aui/themes/typography-adg3.js.map.br
- aui/9.11.6/aui/themes/typography-adg3.js.map.gz
- aui/9.11.6/aui/themes/typography-adg3.min.js.br
- aui/9.11.6/aui/themes/typography-adg3.min.js.gz
- aui/9.11.6/aui/themes/typography-minor3.js.br
- aui/9.11.6/aui/themes/typography-minor3.js.gz
- aui/9.11.6/aui/themes/typography-minor3.js.map.br
- aui/9.11.6/aui/themes/typography-minor3.js.map.gz
- aui/9.11.6/aui/themes/typography-minor3.min.js.br
- aui/9.11.6/aui/themes/typography-minor3.min.js.gz
SRIs:
- aui/9.11.6/aui/themes/light-future.js: sha512-QuM4hoT/teYKxtP9t7Gurd7Pv4mZ6x1gjHz8mJUKMC9xIL5M3fuazbDbegp8QRXJePz8icMjUEDiKLzJCDHE9g==
- aui/9.11.6/aui/themes/light.min.js: sha512-29f6TV/K6rB8LhUXsKpy7GIuRTS+PcQnG5wI3OBPpkOW0pVo9TNfnAK0HmzWcv74NvskPcT/QKnBcZtpxsarNQ==
- aui/9.11.6/aui/themes/typography-adg3.min.js: sha512-Fr9zj8uHgMLSPU7Jd9K+kgV3xMvwFYCJUUIIkq+R9Tuww8sAOIsBDBkrg/456GGmTVSm6WP/cqxXrFHnRpPhlQ==
- aui/9.11.6/aui/aui-css-deprecations.min.js: sha512-uy7REjE2KgdB1zmDsO+v6IaFTyIP8nLLa7aIEG/e030z+o8dx/SCq83iDyZMS9AFU413gikhv3YDI3zRGaAdaw==
- aui/9.11.6/aui/aui-prototyping-design-tokens-compatibility.css: sha512-WSfhligDjxbiVDX2QTxQeRnojxlP92JqDHHwDn+nz/B1njSjsQujkE/tasL3Oq1jWYGdsXmzhQ0m1TqRl7ywaQ==
- aui/9.11.6/aui/aui-prototyping.min.css: sha512-Ihj2uLm92ekNFylb7FRr20bhlxD05HdfoB1rZ2HZ5zLU6AZGgmxkf1pgh/jjraDu3lYcclEZRT0ELNpFvnHDZQ==
- aui/9.11.6/aui/aui-prototyping.nodeps.css: sha512-F+78nhwaSaPrLuT00FLXH07x0sTigTjK/NB4SuCgOLoJFvFO0JLqwTHAUCbB7p4sCpUsouJbIWKYaVEys6p5tw==
- aui/9.11.6/aui/themes/legacy-light.min.js: sha512-1ldln90RnlQ4/waMix55w+Uj5lj2As/w9bb3/28tFBGqH10cuWzBWWe0xSJeg4wGCPBo/z6BXZeQtrDEN6YWVA==
- aui/9.11.6/aui/aui-prototyping-darkmode.min.css: sha512-83nKj88e6Sr1HWSfcml7kl6nN0g5dsfOuftpSDh5mQvGakXmDwwdLm4RIDvFTsUyvPrhdEM80384dj2OuB5bMw==
- aui/9.11.6/aui/aui-prototyping.nodeps.js: sha512-OCPsCoKZt8kQA2lhpoKN3hMcTNDbHpDBoN+nHmShffcvnef06/Y40UHsO9qY/Ms9c1UISNeeN5U0rozAo+QkrA==
- aui/9.11.6/aui/themes/legacy-dark.min.js: sha512-4ntFE9VrZMo67XBMIWDZiGFUUwiu7WfsBvN5oo1U/TcyC7D3deoug/7ZPpnJ7T8ooIDayEufWbjWt/2fdEpEeA==
- aui/9.11.6/aui/themes/light-new-input-border.js: sha512-0WbMFhK706EiOb9BUnSjP+CNGHa2AendmveaYX39sQiE7Yr3ekTXgYgUQf1Luiya/FBY9tMuGyxZmNqpMGCnng==
- aui/9.11.6/aui/themes/legacy-light.js: sha512-YH8NHBuj/mt4DyhsYtDak8GDrMS+j5P7XGYSvNKTUPCy19dscpHKnKi1qG3uRBW3S9FPyosBzX+g3YSf4nvAPQ==
- aui/9.11.6/aui/themes/light-new-input-border.min.js: sha512-sGoxmjANvuuR/rDYgn8ghs1EhTbpazWlDZBxC3rsjYLJOuoM61zVnTVGruRjA6NyAHH0zso3HCYyqMzdbXaeXQ==
- aui/9.11.6/aui/themes/light.js: sha512-ySsjwAUl/DEroAr7qAfUkh4d1gd7Yl2f11bzB8LbmpS/eRjDdW208dsZXp3edDC8/HMsIeG5HHXFbInwJJz9PA==
- aui/9.11.6/aui/themes/dark-future.min.js: sha512-yHd9TUVIrcDJca6ig+f6t+PIvm5lgWk0Jq1WuDLafJyfMqISCbQthZr/cjUqxMNrI5fyiZz9Ez2/I3j6WFXwJg==
- aui/9.11.6/aui/themes/light-future.min.js: sha512-STjvmYVyaf4/4Xy9lZYtgsXDNm7dzT4Jk/V/x5XH2J972UAqmLJOuDhKAg9NYsoNsHsFwJnpN07HS9FrSOoBYA==
- aui/9.11.6/aui/themes/spacing.min.js: sha512-fCE2g1zg6Z8gDLcJOh/xwzxOz77UX1cMBuwPjonDTqRmGqvD11MQv/tw7NSlRucDaXjVRSn050VA7vYUFLZS/A==
- aui/9.11.6/aui/aui-prototyping-design-tokens-api-full.js: sha512-N7vMwqr1Wv2b2L0keXKA2fm8g5wwxPZE6t0+31V/zldIyoVV8xwu3aIN2M6kN+e2+w9TWGZ0K2jnSVmQ1U808A==
- aui/9.11.6/aui/aui-prototyping-design-tokens-api.js: sha512-fB5URGQ0rlajgS59rDD8xLCu8El8eIFpAsj1DWhjUBSVv3xmb8NB5fsEdXlsFkVi5fGozVAjcUDsRVpE0F3avQ==
- aui/9.11.6/aui/aui-prototyping-design-tokens-base-themes-css.js: sha512-TBBOzyZdpVRl1v9assYhz4qvuNYoHPCin97veIcO6enPPsy8jCGpv1fpLHkMna1qH1hhqOUD95trZGBdElawUA==
- aui/9.11.6/aui/aui-prototyping-design-tokens-compatibility.min.css: sha512-ntdvMdci6ZVOPu3erbJuiYCtPf7zwQqsNSVfQJ5M+vhCfx1lAZFygXlFJBKSsU/E4ItbwvSsoSqmqSxPWMfqbA==
- aui/9.11.6/aui/aui-prototyping.css: sha512-pyF9DagMNFrxREoQ2G0HfrHDnhNavJQeW5wg8SfY7aFxQ3C8IiHhHT3GGNetpyaqAoVI3C+HfXyyrXwLxcIWmQ==
- aui/9.11.6/aui/themes/typography-minor3.js: sha512-KWZpvKa/wWiF/AdC0/V+Iwb0Gtcfl4JRjkn06gKPfgDKCHw0wa2RDh9KeJhUdyMKreGeFzd6gPcGkFevsC1f1w==
- aui/9.11.6/aui/themes/typography-minor3.min.js: sha512-MqrVgYj8c9XwS1SKei+DlnOWCdSCYiQr+C4QnDaGuxWv36Y5vp1SnApaD5OT675T9EdLUGBlNH2kbUPvM94v2A==
- aui/9.11.6/aui/aui-prototyping-browserfocus.min.css: sha512-ZgJvHrfwEVeqfaYz1zdgTK1sbsPiqXQvR9/EEsqEEB0eptjLCB6SWo1rDz9Lx8bY3kjmTAn0mmWd4P913jrL4A==
- aui/9.11.6/aui/aui-prototyping-design-tokens-api.min.js: sha512-9GnAG0i+GdPCl3jl5hsQK6lFQxfELoMDHcPwrNSMmJUilJN3xKJNRuUXdaA4XFbcz95wxXm7J7BmTGC2Wq+lUg==
- aui/9.11.6/aui/aui-prototyping-design-tokens-base-themes-css.min.css: sha512-HzynnBhqtdj1MicYonaRoHike/QhOE3TdGGgWogn880QkbH+nBpl7MCQDupuUWmEIBRH0RZ2V4zmLD22Rg8Gtg==
- aui/9.11.6/aui/aui-prototyping-design-tokens-base-themes.js: sha512-0JbtmT4MSu8wz83NPm9AiJER8La2fjn0nH05a2pT53mIOFxYJUFxe2OKN9/qtzZIyuBW041W1Csr+uS0aKPjXw==
- aui/9.11.6/aui/aui-prototyping.js: sha512-6rS4JIGbYLPgJvMo2YsVWLR2Ij6CirbVAJh36ibldNqQahdzGSVv4kTSBr/PwBrS2tYh/yNuZXKln67nWEubWA==
- aui/9.11.6/aui/themes/spacing.js: sha512-OHicxUJS18WlCulx0nPglMwiz2cYVoDYdBwIrOa56gvDOkqXLhxlPyT1MyOicAadF8/v9iBR2HPfjNWUOjQOcQ==
- aui/9.11.6/aui/aui-prototyping-browserfocus.css: sha512-7gWaYY21R4E/jeBqfnmnGliTCMX7Zo1W74lSXN/wGb8V8pEP0hDy1vJqHLerPzUNjBUcTiO9wBeDlG+wCOBxzQ==
- aui/9.11.6/aui/aui-prototyping-darkmode.css: sha512-4BW9HGEeBpIuA8jgRGFSk4ycQX9nxi/tdfXpBW0h38WKoh+cMepAejVzlNgKCWlh+acNLIRZzz+LtE7R6+U2XQ==
- aui/9.11.6/aui/aui-prototyping-design-tokens-base-themes-css.css: sha512-rlOP4cEb9nrNURo1uLqUfRYFdGj67TmQenRa/6ZxO0ooNHg3aYfBWSe1tQjusv2aCBW1sgjTfTMEWxXk8lawzA==
- aui/9.11.6/aui/aui-prototyping.min.js: sha512-63gCD5hWY6awmQmb0aiFMlw9XkYycmFoLU1ARw1XXpZVXyNlTTrdpR13BiOPpPDWp9JpskPxOGpvNiUJEsOA/g==
- aui/9.11.6/aui/aui-prototyping.nodeps.min.js: sha512-zxrY1MXXD5d7zanLidYuuCCRQubgXroLVmli2TRABQF7OlrAQXQrwjrv15bTtlO/u6kzEDb7i5zOW/ssoKVXTg==
- aui/9.11.6/aui/themes/legacy-dark.js: sha512-MkN8tIKmzb2I2gsVD8JR6B58Z7AZcgDZ/HU4eHH45fFQU353bsacG3l6M8/QQ4iaOWrLa5MI/RA857pGkUmuLA==
- aui/9.11.6/aui/themes/shape.js: sha512-69Sio8pvfJ8obtdI/etmeCcDPUvUjkLdDt2nQ8QIR26N9ebCMHlsY9fjihxcWRmsF/FF/vrQ77fFsJIGLPvIAg==
- aui/9.11.6/aui/themes/dark-future.js: sha512-XveHJ7fIu3ghqVNQSrxRxZWSt3g4317VuC0WEyfrc2J6rPef+cY8xcEoFWZcNT86k0nRf5xvGVhbmhiNuk2Msg==
- aui/9.11.6/aui/themes/dark-new-input-border.js: sha512-kjNBR4WwptkXX+bAo+8vv8w8P8ZJiqfZJdWSujzNiLO8Ju15X6nkw1/uxmxugAfIqq1hpXTp7IV3hC8USTlhxA==
- aui/9.11.6/aui/themes/dark-new-input-border.min.js: sha512-4jT1xAqhHDArd06GnOKHD9T9O3hYSY5uj0Zxs6tWB0wxQeP2kaxjufiqg1qysUEYmRH/RZprouabh5eDz40rVw==
- aui/9.11.6/aui/themes/dark.js: sha512-H6L5RdsS+qhOdQ2b5aV9sOCX63WPdAQzy1CTGSH/lhdZuaJM3k+UC6Sddxr9uhTRT9+r0BYhz6lg7E5KbxN8dw==
- aui/9.11.6/aui/themes/dark.min.js: sha512-XikMY0h5cw2GWoeCzC8GgVqWvDW1FlWrapfqBErUvImtP98UN14N6L1qj+9fDsu3DaThUd4DR/LvbVRcbvo9Ug==
- aui/9.11.6/aui/themes/shape.min.js: sha512-aRt/vTuxRzxX9jFvMAp3GWPcLw1bc7WN9xadmWxlLs/Ka+vbCHHT4CT+DL2HcWCn4njd3Qa/tM09WgKK3urDiQ==
- aui/9.11.6/aui/themes/typography-adg3.js: sha512-+D+sZe84OE9+Nh2JelaeQ8wjzyuZp1a8SP3iHnxqXthAQ9l3W8FG6YFd7rdVbYWcqMDyGwU+dEVqCYdJrCjO+A==
- aui/9.11.6/aui/aui-css-deprecations.js: sha512-Ez1XCoKNdyxmvuA9xOBGKOALf2bTdA8+CCSEbnhDJHZmHm/M3/aYcCyUg6w0PUGwycNBUyotjgNAjf1DOYUNeg==
- aui/9.11.6/aui/aui-prototyping-design-tokens-api-full.min.js: sha512-/dGogwMUa1P+Zg+pnURooT9jWOdugyNpDYXIOAOkjbDg1Y3IO0Um9a2/CmCnAhsFsGrME8tL5LJFEjYf1EKUKw==
- aui/9.11.6/aui/aui-prototyping-design-tokens-base-themes-css.min.js: sha512-BXeQCbytkLTibCJFRp1284Aah+AqODY4T+6YuJRYLVnggX6Xxp81cEJ5MkL8dBf3tUICJ4eMrltEzWTh/iX9nA==
- aui/9.11.6/aui/aui-prototyping-design-tokens-base-themes.min.js: sha512-9cKXzOhivMMdbWI6b17OwHgqXDae/HppnAzshDMZ3qwX+15oQCo6bvrNLtyQgT1UDo0b3JNPDXASBeuNArmrSA==
- aui/9.11.6/aui/aui-prototyping.nodeps.min.css: sha512-Ihj2uLm92ekNFylb7FRr20bhlxD05HdfoB1rZ2HZ5zLU6AZGgmxkf1pgh/jjraDu3lYcclEZRT0ELNpFvnHDZQ==
