config: {"authors":[{"name":"andrewtelnov","email":"andrew.telnov@gmail.com"}],"autoupdate":{"source":"npm","target":"survey-knockout","fileMap":[{"basePath":"","files":["survey*"]}]},"description":"survey.js is a JavaScript Survey Library. It is a modern way to add a survey to your website. It uses JSON for survey metadata and results.","filename":"survey.ko.min.js","homepage":"https://surveyjs.org/","keywords":["Survey","JavaScript","Bootstrap","Library","Knockout"],"license":"MIT","name":"survey-knockout","repository":{"type":"git","url":"git+https://github.com/andrewtelnov/surveyjs.git"},"author":"andrewtelnov \u003candrew.telnov@gmail.com\u003e"}
KV keys:
- survey-knockout/1.11.5/survey-knockout.d.ts.br
- survey-knockout/1.11.5/survey-knockout.d.ts.gz
- survey-knockout/1.11.5/survey.css.br
- survey-knockout/1.11.5/survey.css.gz
- survey-knockout/1.11.5/survey.css.map.br
- survey-knockout/1.11.5/survey.css.map.gz
- survey-knockout/1.11.5/survey.ko.d.ts.br
- survey-knockout/1.11.5/survey.ko.d.ts.gz
- survey-knockout/1.11.5/survey.ko.js.br
- survey-knockout/1.11.5/survey.ko.js.gz
- survey-knockout/1.11.5/survey.ko.js.map.br
- survey-knockout/1.11.5/survey.ko.js.map.gz
- survey-knockout/1.11.5/survey.ko.min.js.br
- survey-knockout/1.11.5/survey.ko.min.js.gz
- survey-knockout/1.11.5/survey.min.css.br
- survey-knockout/1.11.5/survey.min.css.gz
SRIs:
- survey-knockout/1.11.5/survey.css: sha512-NLXwbab9iJhzEMqrPc1o8v0wbKgvqt2yBy1nssdi4j4Zuvwsc5Rc3EkgHuTnaMlQTwKpkBmSaUTCYaoNNFgNrA==
- survey-knockout/1.11.5/survey.ko.js: sha512-BEOUd1fAMCZ2PrkklDtbZx3n4j8Ji1ytzM1g2MVbSxReRYrR8qj4fDXji2pIemUaHy90rT27l0jMOoaJnhviMw==
- survey-knockout/1.11.5/survey.ko.min.js: sha512-N+ed1eaFuZiREybBsVR6UeF9KsDDu8Jt3oLb799+9NfB63czrkxU1vqEcYNTu0N8Z43kqhBlMIY4m6yjYatEZQ==
- survey-knockout/1.11.5/survey.min.css: sha512-9zJGkj1Bee+aKS+ssyXSf0wHCs+WMRJUJ3f11P5gM4zdRRNMZrB+gAxZi35Eu/DRYVayupvavd35BJcEiMD4fw==
