2024/05/23 21:30:21 optimizing files (Js true, Css true, Png true, Jpg true)
2024/05/23 21:30:21 /tmp/work/dist/tocbot.min.js already has corresponding compressed file
2024/05/23 21:30:21 /tmp/work/dist/tocbot.min.js is already compressed
2024/05/23 21:30:21 sri /tmp/work/dist/tocbot.min.js -> /output/tocbot.min.js.sri
2024/05/23 21:30:21 sri /tmp/work/dist/tocbot.js -> /output/tocbot.js.sri
2024/05/23 21:30:21 algorithm: run /usr/bin/brotli --quality=11 --output=/output/tocbot.min.js.br /tmp/work/dist/tocbot.min.js
2024/05/23 21:30:21 algorithm: run /usr/bin/brotli --quality=11 --output=/output/tocbot.js.br /tmp/work/dist/tocbot.js
2024/05/23 21:30:21 br /tmp/work/dist/tocbot.min.js -> /output/tocbot.min.js.br
2024/05/23 21:30:21 gz /tmp/work/dist/tocbot.min.js -> /output/tocbot.min.js.gz
2024/05/23 21:30:21 compress: run /node_modules/clean-css-cli/bin/cleancss (3.3.10) [--compatibility --s0 -o /tmp/work/dist/tocbot.min.css /tmp/work/dist/tocbot.css]
2024/05/23 21:30:22 br /tmp/work/dist/tocbot.js -> /output/tocbot.js.br
2024/05/23 21:30:22 gz /tmp/work/dist/tocbot.js -> /output/tocbot.js.gz
2024/05/23 21:30:22 sri /tmp/work/dist/tocbot.min.css -> /output/tocbot.min.css.sri
2024/05/23 21:30:22 algorithm: run /usr/bin/brotli --quality=11 --output=/output/tocbot.min.css.br /tmp/work/dist/tocbot.min.css
2024/05/23 21:30:22 br /tmp/work/dist/tocbot.min.css -> /output/tocbot.min.css.br
2024/05/23 21:30:22 gz /tmp/work/dist/tocbot.min.css -> /output/tocbot.min.css.gz
2024/05/23 21:30:22 sri /tmp/work/dist/tocbot.css -> /output/tocbot.css.sri
2024/05/23 21:30:22 algorithm: run /usr/bin/brotli --quality=11 --output=/output/tocbot.css.br /tmp/work/dist/tocbot.css
2024/05/23 21:30:22 br /tmp/work/dist/tocbot.css -> /output/tocbot.css.br
2024/05/23 21:30:22 gz /tmp/work/dist/tocbot.css -> /output/tocbot.css.gz
2024/05/23 21:30:22 processed tocbot
