config: {"authors":[{"name":"andrewtelnov","email":"andrew.telnov@gmail.com"}],"autoupdate":{"source":"npm","target":"survey-jquery","fileMap":[{"basePath":"","files":["survey*"]}]},"description":"survey.js is a JavaScript Survey Library. It is a modern way to add a survey to your website. It uses JSON for survey metadata and results.","filename":"survey.jquery.min.js","homepage":"https://surveyjs.org/","keywords":["Survey","JavaScript","Bootstrap","Library","jquery","jquery-plugin"],"license":"MIT","name":"survey-jquery","repository":{"type":"git","url":"git+https://github.com/andrewtelnov/surveyjs.git"},"author":"andrewtelnov \u003candrew.telnov@gmail.com\u003e"}
KV keys:
- survey-jquery/1.9.89/survey-jquery.d.ts.br
- survey-jquery/1.9.89/survey-jquery.d.ts.gz
- survey-jquery/1.9.89/survey.css.br
- survey-jquery/1.9.89/survey.css.gz
- survey-jquery/1.9.89/survey.css.map.br
- survey-jquery/1.9.89/survey.css.map.gz
- survey-jquery/1.9.89/survey.jquery.d.ts.br
- survey-jquery/1.9.89/survey.jquery.d.ts.gz
- survey-jquery/1.9.89/survey.jquery.js.br
- survey-jquery/1.9.89/survey.jquery.js.gz
- survey-jquery/1.9.89/survey.jquery.js.map.br
- survey-jquery/1.9.89/survey.jquery.js.map.gz
- survey-jquery/1.9.89/survey.jquery.min.js.br
- survey-jquery/1.9.89/survey.jquery.min.js.gz
- survey-jquery/1.9.89/survey.min.css.br
- survey-jquery/1.9.89/survey.min.css.gz
SRIs:
- survey-jquery/1.9.89/survey.css: sha512-IE4z0riYiU7SOcY0C2k7fTUsMn5US+XR8KNlIksonQw/CS4inwKQVLaJgK8hMbNV75ynfAyb/HXGXtczaQcsMA==
- survey-jquery/1.9.89/survey.jquery.js: sha512-L1K4Jgz8qHdRPZjmU4Y9xvhLdCOqqeCtAqAUzxv93QlcmLUMaz5rUO781VqLVft/D3thi8+jcd7MgWC965VRsQ==
- survey-jquery/1.9.89/survey.jquery.min.js: sha512-5TcOz34FMYZX/WhdJVexh7i9Sc2+cm+ttNF0W0fweeRKpl/545U+b719SMkloLClLzAwIV+nfUaEGxULrJzV0Q==
- survey-jquery/1.9.89/survey.min.css: sha512-F0jLOm1UqY0oJIuSIJBTkmlBvvy6xbxMJmYVKeXuu1NvAydVHbVxUn4DhWBl2BLntICbpYEwyzdfmOOhGM9Zew==
