2023/11/23 18:05:37 optimizing files (Js true, Css true, Png true, Jpg true)
2023/11/23 18:05:37 algorithm: run /usr/bin/brotli --quality=11 --output=/output/0d9b8e3f73ef66b82727.wasm.br /tmp/work/0d9b8e3f73ef66b82727.wasm
2023/11/23 18:05:37 algorithm: run /usr/bin/brotli --quality=11 --output=/output/ace8a47c2163142925df.wasm.br /tmp/work/ace8a47c2163142925df.wasm
2023/11/23 18:05:37 compress: run /node_modules/uglify-js/bin/uglifyjs --mangle --compress if_return=true -o /tmp/work/core.ruffle.653512aa9dcef7e382c4.min.js /tmp/work/core.ruffle.653512aa9dcef7e382c4.js
2023/11/23 18:05:37 compress: run /node_modules/uglify-js/bin/uglifyjs --mangle --compress if_return=true -o /tmp/work/core.ruffle.222bd550cffb1baf0a76.min.js /tmp/work/core.ruffle.222bd550cffb1baf0a76.js
2023/11/23 18:05:37 compress: run /node_modules/uglify-js/bin/uglifyjs --mangle --compress if_return=true -o /tmp/work/ruffle.min.js /tmp/work/ruffle.js
2023/11/23 18:05:39 sri /tmp/work/core.ruffle.653512aa9dcef7e382c4.min.js -> /output/core.ruffle.653512aa9dcef7e382c4.min.js.sri
2023/11/23 18:05:39 algorithm: run /usr/bin/brotli --quality=11 --output=/output/core.ruffle.653512aa9dcef7e382c4.min.js.br /tmp/work/core.ruffle.653512aa9dcef7e382c4.min.js
2023/11/23 18:05:39 br /tmp/work/core.ruffle.653512aa9dcef7e382c4.min.js -> /output/core.ruffle.653512aa9dcef7e382c4.min.js.br
2023/11/23 18:05:39 gz /tmp/work/core.ruffle.653512aa9dcef7e382c4.min.js -> /output/core.ruffle.653512aa9dcef7e382c4.min.js.gz
2023/11/23 18:05:39 sri /tmp/work/core.ruffle.653512aa9dcef7e382c4.js -> /output/core.ruffle.653512aa9dcef7e382c4.js.sri
2023/11/23 18:05:39 algorithm: run /usr/bin/brotli --quality=11 --output=/output/core.ruffle.653512aa9dcef7e382c4.js.br /tmp/work/core.ruffle.653512aa9dcef7e382c4.js
2023/11/23 18:05:39 br /tmp/work/core.ruffle.653512aa9dcef7e382c4.js -> /output/core.ruffle.653512aa9dcef7e382c4.js.br
2023/11/23 18:05:39 gz /tmp/work/core.ruffle.653512aa9dcef7e382c4.js -> /output/core.ruffle.653512aa9dcef7e382c4.js.gz
2023/11/23 18:05:39 sri /tmp/work/core.ruffle.222bd550cffb1baf0a76.min.js -> /output/core.ruffle.222bd550cffb1baf0a76.min.js.sri
2023/11/23 18:05:39 algorithm: run /usr/bin/brotli --quality=11 --output=/output/core.ruffle.222bd550cffb1baf0a76.min.js.br /tmp/work/core.ruffle.222bd550cffb1baf0a76.min.js
2023/11/23 18:05:39 br /tmp/work/core.ruffle.222bd550cffb1baf0a76.min.js -> /output/core.ruffle.222bd550cffb1baf0a76.min.js.br
2023/11/23 18:05:39 gz /tmp/work/core.ruffle.222bd550cffb1baf0a76.min.js -> /output/core.ruffle.222bd550cffb1baf0a76.min.js.gz
2023/11/23 18:05:39 sri /tmp/work/core.ruffle.222bd550cffb1baf0a76.js -> /output/core.ruffle.222bd550cffb1baf0a76.js.sri
2023/11/23 18:05:39 algorithm: run /usr/bin/brotli --quality=11 --output=/output/core.ruffle.222bd550cffb1baf0a76.js.br /tmp/work/core.ruffle.222bd550cffb1baf0a76.js
2023/11/23 18:05:40 br /tmp/work/core.ruffle.222bd550cffb1baf0a76.js -> /output/core.ruffle.222bd550cffb1baf0a76.js.br
2023/11/23 18:05:40 gz /tmp/work/core.ruffle.222bd550cffb1baf0a76.js -> /output/core.ruffle.222bd550cffb1baf0a76.js.gz
2023/11/23 18:05:41 sri /tmp/work/ruffle.min.js -> /output/ruffle.min.js.sri
2023/11/23 18:05:41 algorithm: run /usr/bin/brotli --quality=11 --output=/output/ruffle.min.js.br /tmp/work/ruffle.min.js
2023/11/23 18:05:41 br /tmp/work/ruffle.min.js -> /output/ruffle.min.js.br
2023/11/23 18:05:41 gz /tmp/work/ruffle.min.js -> /output/ruffle.min.js.gz
2023/11/23 18:05:41 sri /tmp/work/ruffle.js -> /output/ruffle.js.sri
2023/11/23 18:05:41 algorithm: run /usr/bin/brotli --quality=11 --output=/output/ruffle.js.br /tmp/work/ruffle.js
2023/11/23 18:05:42 br /tmp/work/ruffle.js -> /output/ruffle.js.br
2023/11/23 18:05:42 gz /tmp/work/ruffle.js -> /output/ruffle.js.gz
2023/11/23 18:06:25 br /tmp/work/ace8a47c2163142925df.wasm -> /output/ace8a47c2163142925df.wasm.br
2023/11/23 18:06:25 br /tmp/work/0d9b8e3f73ef66b82727.wasm -> /output/0d9b8e3f73ef66b82727.wasm.br
2023/11/23 18:06:25 gz /tmp/work/ace8a47c2163142925df.wasm -> /output/ace8a47c2163142925df.wasm.gz
2023/11/23 18:06:25 gz /tmp/work/0d9b8e3f73ef66b82727.wasm -> /output/0d9b8e3f73ef66b82727.wasm.gz
2023/11/23 18:06:25 processed ruffle-rs
