config: {"authors":[{"name":"hifocus"}],"autoupdate":{"source":"git","target":"git://github.com/qr-merger/merger.git","fileMap":[{"basePath":"assets","files":["js/*.js","styles/*.css","bundles/*.js","bundles/*.css"]}]},"description":"📲 Merge Your Qrcodes Together. Even Quicker.","filename":"bundles/function.main.js","homepage":"https://qrcdn.com","keywords":["qr","code","qrcode","merger","二维码合并"],"license":"GPL-3.0-or-later","name":"merger","repository":{"type":"git","url":"git://github.com/qr-merger/merger.git"},"author":"hifocus"}
KV keys:
- merger/0.28.1-beta/bundles/function.main.js.br
- merger/0.28.1-beta/bundles/function.main.js.gz
- merger/0.28.1-beta/bundles/function.main.min.js.br
- merger/0.28.1-beta/bundles/function.main.min.js.gz
- merger/0.28.1-beta/bundles/function_main.js.br
- merger/0.28.1-beta/bundles/function_main.js.gz
- merger/0.28.1-beta/bundles/function_main.min.js.br
- merger/0.28.1-beta/bundles/function_main.min.js.gz
- merger/0.28.1-beta/bundles/style.main.css.br
- merger/0.28.1-beta/bundles/style.main.css.gz
- merger/0.28.1-beta/bundles/style.main.min.css.br
- merger/0.28.1-beta/bundles/style.main.min.css.gz
- merger/0.28.1-beta/bundles/style_main.css.br
- merger/0.28.1-beta/bundles/style_main.css.gz
- merger/0.28.1-beta/bundles/style_main.min.css.br
- merger/0.28.1-beta/bundles/style_main.min.css.gz
- merger/0.28.1-beta/js/function.js.br
- merger/0.28.1-beta/js/function.js.gz
- merger/0.28.1-beta/js/function.min.js.br
- merger/0.28.1-beta/js/function.min.js.gz
- merger/0.28.1-beta/js/iconfont.js.br
- merger/0.28.1-beta/js/iconfont.js.gz
- merger/0.28.1-beta/js/iconfont.min.js.br
- merger/0.28.1-beta/js/iconfont.min.js.gz
- merger/0.28.1-beta/styles/style.css.br
- merger/0.28.1-beta/styles/style.css.gz
- merger/0.28.1-beta/styles/style.min.css.br
- merger/0.28.1-beta/styles/style.min.css.gz
SRIs:
- merger/0.28.1-beta/bundles/function.main.js: sha512-gtTVM5OvJnokJN1z3gNgve1t9SuyDtob8ktM0N+zUElhSIsbpqU0H1UP/aiO2vF1BXWYv8zG++rbZ/2QVr9uSg==
- merger/0.28.1-beta/bundles/function_main.js: sha512-gtTVM5OvJnokJN1z3gNgve1t9SuyDtob8ktM0N+zUElhSIsbpqU0H1UP/aiO2vF1BXWYv8zG++rbZ/2QVr9uSg==
- merger/0.28.1-beta/bundles/function_main.min.js: sha512-2M4ifJzqZu8RB9CdOZNHxczZZ/S6fwGttECjZrdRag3fq+G9zNn6FS/NAkw6XrF5S2eOd58l/IhTO9z9mkzqxw==
- merger/0.28.1-beta/js/iconfont.js: sha512-ubJPL4ScGiFfLsyM3/bmBnCAZQU9bEpf3HTGhWgdK1MvqfAHBSSlaMngc1pn/QVzCJ3ix0rUDoOqk6Etp9wOkw==
- merger/0.28.1-beta/styles/style.css: sha512-9eji+GMFMpBeoP/HIqLCZnVNvVZ226KXh1hH1QtD/b2zzQV6LVIvDwenBVoNSLTIdq8Fgfxjqi3wu1aAuA24tw==
- merger/0.28.1-beta/js/iconfont.min.js: sha512-VaBruRn6aeXmyTekfwx5IqWWw/bkoaZh5lEU2zyA3Nd6nUyOH9yKTosFLC+3fk25K4nXE1QjGcD+aUZW8KO12A==
- merger/0.28.1-beta/styles/style.min.css: sha512-LcjSZAOAmJ0RB6/qgEZEQRC/Q9GSSejHHRC5atbb+yX87ZpnbaNeGYEK60xU6BGJZgmY6XHQcYIXHKXNniWeyg==
- merger/0.28.1-beta/bundles/style.main.css: sha512-2iHRmZpyw643nk7EI3iJWwuI3VubUR6rTo9LcxcvbiVbnDydvy6+y0nYKeCEPONIFub8yJjhsKwA/RecM4140Q==
- merger/0.28.1-beta/bundles/style_main.css: sha512-2iHRmZpyw643nk7EI3iJWwuI3VubUR6rTo9LcxcvbiVbnDydvy6+y0nYKeCEPONIFub8yJjhsKwA/RecM4140Q==
- merger/0.28.1-beta/bundles/style_main.min.css: sha512-2iHRmZpyw643nk7EI3iJWwuI3VubUR6rTo9LcxcvbiVbnDydvy6+y0nYKeCEPONIFub8yJjhsKwA/RecM4140Q==
- merger/0.28.1-beta/js/function.js: sha512-ZRypFIXWlRUPzAE2Fp95S2js2EizH6bIFAINcr5EeIIV0NTOFOUUpI/AyjRjzxf1H4sYRrFqREyE2BkeHreBxg==
- merger/0.28.1-beta/js/function.min.js: sha512-skUo5N0rtKxKDGhi5ooz6v1CFj5I1Q3+/CiCT1chur3py5W/ah4jLrT+IJfRCrLcDkxcj1u9OVxfewdwJF/y+A==
- merger/0.28.1-beta/bundles/function.main.min.js: sha512-2M4ifJzqZu8RB9CdOZNHxczZZ/S6fwGttECjZrdRag3fq+G9zNn6FS/NAkw6XrF5S2eOd58l/IhTO9z9mkzqxw==
- merger/0.28.1-beta/bundles/style.main.min.css: sha512-2iHRmZpyw643nk7EI3iJWwuI3VubUR6rTo9LcxcvbiVbnDydvy6+y0nYKeCEPONIFub8yJjhsKwA/RecM4140Q==
