2021/06/07 13:36:10 /tmp/work/dist/adaptor.min.js.min.js compressed file already exists
2021/06/07 13:36:10 compress: run /node_modules/clean-css-cli/bin/cleancss --compatibility --s0 -o /tmp/work/dist/next-noreset.min-1.min.css /tmp/work/dist/next-noreset.min-1.css
2021/06/07 13:36:10 compress: run /node_modules/clean-css-cli/bin/cleancss --compatibility --s0 -o /tmp/work/dist/next-noreset-2.min.css /tmp/work/dist/next-noreset-2.css
2021/06/07 13:36:10 compress: run /node_modules/clean-css-cli/bin/cleancss --compatibility --s0 -o /tmp/work/dist/next-noreset-1.min.css /tmp/work/dist/next-noreset-1.css
2021/06/07 13:36:10 compress: run /node_modules/clean-css-cli/bin/cleancss --compatibility --s0 -o /tmp/work/dist/next-1.min.css /tmp/work/dist/next-1.css
2021/06/07 13:36:10 compress: run /node_modules/clean-css-cli/bin/cleancss --compatibility --s0 -o /tmp/work/dist/next-noreset.min-2.min.css /tmp/work/dist/next-noreset.min-2.css
2021/06/07 13:36:10 /tmp/work/dist/next-noreset.css already has a compressed version: /tmp/work/dist/next-noreset.min.css
2021/06/07 13:36:10 compress: run /node_modules/clean-css-cli/bin/cleancss --compatibility --s0 -o /tmp/work/dist/next-2.min.css /tmp/work/dist/next-2.css
2021/06/07 13:36:10 sri /tmp/work/dist/adaptor.min.js -> /output/adaptor.min.js.sri
2021/06/07 13:36:10 algorithm: run /usr/bin/brotli --quality=11 --output=/output/adaptor.min.js.br /tmp/work/dist/adaptor.min.js
2021/06/07 13:36:10 sri /tmp/work/dist/next-noreset.css -> /output/next-noreset.css.sri
2021/06/07 13:36:10 algorithm: run /usr/bin/brotli --quality=11 --output=/output/next-noreset.css.br /tmp/work/dist/next-noreset.css
2021/06/07 13:36:10 br /tmp/work/dist/adaptor.min.js -> /output/adaptor.min.js.br
2021/06/07 13:36:10 gz /tmp/work/dist/adaptor.min.js -> /output/adaptor.min.js.gz
2021/06/07 13:36:10 sri /tmp/work/dist/next-noreset.min.css -> /output/next-noreset.min.css.sri
2021/06/07 13:36:10 algorithm: run /usr/bin/brotli --quality=11 --output=/output/next-noreset.min.css.br /tmp/work/dist/next-noreset.min.css
2021/06/07 13:36:11 sri /tmp/work/dist/next-noreset.min-2.min.css -> /output/next-noreset.min-2.min.css.sri
2021/06/07 13:36:11 algorithm: run /usr/bin/brotli --quality=11 --output=/output/next-noreset.min-2.min.css.br /tmp/work/dist/next-noreset.min-2.min.css
2021/06/07 13:36:11 sri /tmp/work/dist/next-noreset-2.min.css -> /output/next-noreset-2.min.css.sri
2021/06/07 13:36:11 algorithm: run /usr/bin/brotli --quality=11 --output=/output/next-noreset-2.min.css.br /tmp/work/dist/next-noreset-2.min.css
2021/06/07 13:36:12 sri /tmp/work/dist/next-2.min.css -> /output/next-2.min.css.sri
2021/06/07 13:36:12 algorithm: run /usr/bin/brotli --quality=11 --output=/output/next-2.min.css.br /tmp/work/dist/next-2.min.css
2021/06/07 13:36:12 sri /tmp/work/dist/next-noreset.min-1.min.css -> /output/next-noreset.min-1.min.css.sri
2021/06/07 13:36:12 algorithm: run /usr/bin/brotli --quality=11 --output=/output/next-noreset.min-1.min.css.br /tmp/work/dist/next-noreset.min-1.min.css
2021/06/07 13:36:12 sri /tmp/work/dist/next-1.min.css -> /output/next-1.min.css.sri
2021/06/07 13:36:12 algorithm: run /usr/bin/brotli --quality=11 --output=/output/next-1.min.css.br /tmp/work/dist/next-1.min.css
2021/06/07 13:36:12 sri /tmp/work/dist/next-noreset-1.min.css -> /output/next-noreset-1.min.css.sri
2021/06/07 13:36:12 algorithm: run /usr/bin/brotli --quality=11 --output=/output/next-noreset-1.min.css.br /tmp/work/dist/next-noreset-1.min.css
2021/06/07 13:36:12 br /tmp/work/dist/next-noreset.min.css -> /output/next-noreset.min.css.br
2021/06/07 13:36:12 gz /tmp/work/dist/next-noreset.min.css -> /output/next-noreset.min.css.gz
2021/06/07 13:36:12 compress: run /node_modules/clean-css-cli/bin/cleancss --compatibility --s0 -o /tmp/work/dist/next-noreset.var-1.min.css /tmp/work/dist/next-noreset.var-1.css
2021/06/07 13:36:12 br /tmp/work/dist/next-noreset.min-2.min.css -> /output/next-noreset.min-2.min.css.br
2021/06/07 13:36:12 gz /tmp/work/dist/next-noreset.min-2.min.css -> /output/next-noreset.min-2.min.css.gz
2021/06/07 13:36:12 sri /tmp/work/dist/next-noreset.min-2.css -> /output/next-noreset.min-2.css.sri
2021/06/07 13:36:12 algorithm: run /usr/bin/brotli --quality=11 --output=/output/next-noreset.min-2.css.br /tmp/work/dist/next-noreset.min-2.css
2021/06/07 13:36:13 br /tmp/work/dist/next-noreset-2.min.css -> /output/next-noreset-2.min.css.br
2021/06/07 13:36:13 gz /tmp/work/dist/next-noreset-2.min.css -> /output/next-noreset-2.min.css.gz
2021/06/07 13:36:13 sri /tmp/work/dist/next-noreset-2.css -> /output/next-noreset-2.css.sri
2021/06/07 13:36:13 algorithm: run /usr/bin/brotli --quality=11 --output=/output/next-noreset-2.css.br /tmp/work/dist/next-noreset-2.css
2021/06/07 13:36:13 br /tmp/work/dist/next-2.min.css -> /output/next-2.min.css.br
2021/06/07 13:36:13 br /tmp/work/dist/next-noreset.css -> /output/next-noreset.css.br
2021/06/07 13:36:13 gz /tmp/work/dist/next-2.min.css -> /output/next-2.min.css.gz
2021/06/07 13:36:13 sri /tmp/work/dist/next-2.css -> /output/next-2.css.sri
2021/06/07 13:36:13 algorithm: run /usr/bin/brotli --quality=11 --output=/output/next-2.css.br /tmp/work/dist/next-2.css
2021/06/07 13:36:13 br /tmp/work/dist/next-noreset.min-1.min.css -> /output/next-noreset.min-1.min.css.br
2021/06/07 13:36:13 gz /tmp/work/dist/next-noreset.min-1.min.css -> /output/next-noreset.min-1.min.css.gz
2021/06/07 13:36:13 sri /tmp/work/dist/next-noreset.min-1.css -> /output/next-noreset.min-1.css.sri
2021/06/07 13:36:13 algorithm: run /usr/bin/brotli --quality=11 --output=/output/next-noreset.min-1.css.br /tmp/work/dist/next-noreset.min-1.css
2021/06/07 13:36:13 gz /tmp/work/dist/next-noreset.css -> /output/next-noreset.css.gz
2021/06/07 13:36:13 compress: run /node_modules/clean-css-cli/bin/cleancss --compatibility --s0 -o /tmp/work/dist/next-noreset.var-2.min.css /tmp/work/dist/next-noreset.var-2.css
2021/06/07 13:36:13 br /tmp/work/dist/next-1.min.css -> /output/next-1.min.css.br
2021/06/07 13:36:13 gz /tmp/work/dist/next-1.min.css -> /output/next-1.min.css.gz
2021/06/07 13:36:13 sri /tmp/work/dist/next-1.css -> /output/next-1.css.sri
2021/06/07 13:36:13 algorithm: run /usr/bin/brotli --quality=11 --output=/output/next-1.css.br /tmp/work/dist/next-1.css
2021/06/07 13:36:13 br /tmp/work/dist/next-noreset-1.min.css -> /output/next-noreset-1.min.css.br
2021/06/07 13:36:13 gz /tmp/work/dist/next-noreset-1.min.css -> /output/next-noreset-1.min.css.gz
2021/06/07 13:36:13 sri /tmp/work/dist/next-noreset-1.css -> /output/next-noreset-1.css.sri
2021/06/07 13:36:13 algorithm: run /usr/bin/brotli --quality=11 --output=/output/next-noreset-1.css.br /tmp/work/dist/next-noreset-1.css
2021/06/07 13:36:14 br /tmp/work/dist/next-noreset.min-2.css -> /output/next-noreset.min-2.css.br
2021/06/07 13:36:14 gz /tmp/work/dist/next-noreset.min-2.css -> /output/next-noreset.min-2.css.gz
2021/06/07 13:36:14 /tmp/work/dist/next-noreset.var.css already has a compressed version: /tmp/work/dist/next-noreset.var.min.css
2021/06/07 13:36:14 sri /tmp/work/dist/next-noreset.var.css -> /output/next-noreset.var.css.sri
2021/06/07 13:36:14 algorithm: run /usr/bin/brotli --quality=11 --output=/output/next-noreset.var.css.br /tmp/work/dist/next-noreset.var.css
2021/06/07 13:36:14 br /tmp/work/dist/next-noreset.min-1.css -> /output/next-noreset.min-1.css.br
2021/06/07 13:36:14 gz /tmp/work/dist/next-noreset.min-1.css -> /output/next-noreset.min-1.css.gz
2021/06/07 13:36:14 compress: run /node_modules/clean-css-cli/bin/cleancss --compatibility --s0 -o /tmp/work/dist/next-noreset.var.min-1.min.css /tmp/work/dist/next-noreset.var.min-1.css
2021/06/07 13:36:14 br /tmp/work/dist/next-noreset-2.css -> /output/next-noreset-2.css.br
2021/06/07 13:36:14 gz /tmp/work/dist/next-noreset-2.css -> /output/next-noreset-2.css.gz
2021/06/07 13:36:14 compress: run /node_modules/clean-css-cli/bin/cleancss --compatibility --s0 -o /tmp/work/dist/next-noreset.var.min-2.min.css /tmp/work/dist/next-noreset.var.min-2.css
2021/06/07 13:36:14 br /tmp/work/dist/next-2.css -> /output/next-2.css.br
2021/06/07 13:36:14 gz /tmp/work/dist/next-2.css -> /output/next-2.css.gz
2021/06/07 13:36:14 sri /tmp/work/dist/next-noreset.var.min.css -> /output/next-noreset.var.min.css.sri
2021/06/07 13:36:14 algorithm: run /usr/bin/brotli --quality=11 --output=/output/next-noreset.var.min.css.br /tmp/work/dist/next-noreset.var.min.css
2021/06/07 13:36:14 br /tmp/work/dist/next-1.css -> /output/next-1.css.br
2021/06/07 13:36:14 gz /tmp/work/dist/next-1.css -> /output/next-1.css.gz
2021/06/07 13:36:14 compressed file already exists: /tmp/work/dist/next-with-locales.min.js
2021/06/07 13:36:14 sri /tmp/work/dist/next-with-locales.js -> /output/next-with-locales.js.sri
2021/06/07 13:36:14 algorithm: run /usr/bin/brotli --quality=11 --output=/output/next-with-locales.js.br /tmp/work/dist/next-with-locales.js
2021/06/07 13:36:14 br /tmp/work/dist/next-noreset-1.css -> /output/next-noreset-1.css.br
2021/06/07 13:36:14 gz /tmp/work/dist/next-noreset-1.css -> /output/next-noreset-1.css.gz
2021/06/07 13:36:14 /tmp/work/dist/next-with-locales.min.js.min.js compressed file already exists
2021/06/07 13:36:14 sri /tmp/work/dist/next-with-locales.min.js -> /output/next-with-locales.min.js.sri
2021/06/07 13:36:14 algorithm: run /usr/bin/brotli --quality=11 --output=/output/next-with-locales.min.js.br /tmp/work/dist/next-with-locales.min.js
2021/06/07 13:36:15 sri /tmp/work/dist/next-noreset.var-1.min.css -> /output/next-noreset.var-1.min.css.sri
2021/06/07 13:36:15 algorithm: run /usr/bin/brotli --quality=11 --output=/output/next-noreset.var-1.min.css.br /tmp/work/dist/next-noreset.var-1.min.css
2021/06/07 13:36:15 sri /tmp/work/dist/next-noreset.var-2.min.css -> /output/next-noreset.var-2.min.css.sri
2021/06/07 13:36:15 algorithm: run /usr/bin/brotli --quality=11 --output=/output/next-noreset.var-2.min.css.br /tmp/work/dist/next-noreset.var-2.min.css
2021/06/07 13:36:16 sri /tmp/work/dist/next-noreset.var.min-2.min.css -> /output/next-noreset.var.min-2.min.css.sri
2021/06/07 13:36:16 algorithm: run /usr/bin/brotli --quality=11 --output=/output/next-noreset.var.min-2.min.css.br /tmp/work/dist/next-noreset.var.min-2.min.css
2021/06/07 13:36:16 br /tmp/work/dist/next-noreset.var-1.min.css -> /output/next-noreset.var-1.min.css.br
2021/06/07 13:36:16 gz /tmp/work/dist/next-noreset.var-1.min.css -> /output/next-noreset.var-1.min.css.gz
2021/06/07 13:36:16 sri /tmp/work/dist/next-noreset.var-1.css -> /output/next-noreset.var-1.css.sri
2021/06/07 13:36:16 algorithm: run /usr/bin/brotli --quality=11 --output=/output/next-noreset.var-1.css.br /tmp/work/dist/next-noreset.var-1.css
2021/06/07 13:36:16 sri /tmp/work/dist/next-noreset.var.min-1.min.css -> /output/next-noreset.var.min-1.min.css.sri
2021/06/07 13:36:16 algorithm: run /usr/bin/brotli --quality=11 --output=/output/next-noreset.var.min-1.min.css.br /tmp/work/dist/next-noreset.var.min-1.min.css
2021/06/07 13:36:17 br /tmp/work/dist/next-noreset.var-2.min.css -> /output/next-noreset.var-2.min.css.br
2021/06/07 13:36:17 gz /tmp/work/dist/next-noreset.var-2.min.css -> /output/next-noreset.var-2.min.css.gz
2021/06/07 13:36:17 sri /tmp/work/dist/next-noreset.var-2.css -> /output/next-noreset.var-2.css.sri
2021/06/07 13:36:17 algorithm: run /usr/bin/brotli --quality=11 --output=/output/next-noreset.var-2.css.br /tmp/work/dist/next-noreset.var-2.css
2021/06/07 13:36:17 br /tmp/work/dist/next-noreset.var.min-1.min.css -> /output/next-noreset.var.min-1.min.css.br
2021/06/07 13:36:17 gz /tmp/work/dist/next-noreset.var.min-1.min.css -> /output/next-noreset.var.min-1.min.css.gz
2021/06/07 13:36:17 br /tmp/work/dist/next-noreset.var.min.css -> /output/next-noreset.var.min.css.br
2021/06/07 13:36:17 sri /tmp/work/dist/next-noreset.var.min-1.css -> /output/next-noreset.var.min-1.css.sri
2021/06/07 13:36:17 algorithm: run /usr/bin/brotli --quality=11 --output=/output/next-noreset.var.min-1.css.br /tmp/work/dist/next-noreset.var.min-1.css
2021/06/07 13:36:17 gz /tmp/work/dist/next-noreset.var.min.css -> /output/next-noreset.var.min.css.gz
2021/06/07 13:36:17 /tmp/work/dist/next.css already has a compressed version: /tmp/work/dist/next.min.css
2021/06/07 13:36:17 sri /tmp/work/dist/next.css -> /output/next.css.sri
2021/06/07 13:36:17 algorithm: run /usr/bin/brotli --quality=11 --output=/output/next.css.br /tmp/work/dist/next.css
2021/06/07 13:36:17 br /tmp/work/dist/next-noreset.var.css -> /output/next-noreset.var.css.br
2021/06/07 13:36:17 br /tmp/work/dist/next-noreset.var-1.css -> /output/next-noreset.var-1.css.br
2021/06/07 13:36:17 br /tmp/work/dist/next-noreset.var.min-2.min.css -> /output/next-noreset.var.min-2.min.css.br
2021/06/07 13:36:17 gz /tmp/work/dist/next-noreset.var-1.css -> /output/next-noreset.var-1.css.gz
2021/06/07 13:36:17 compressed file already exists: /tmp/work/dist/next.min.js
2021/06/07 13:36:17 gz /tmp/work/dist/next-noreset.var.min-2.min.css -> /output/next-noreset.var.min-2.min.css.gz
2021/06/07 13:36:17 sri /tmp/work/dist/next-noreset.var.min-2.css -> /output/next-noreset.var.min-2.css.sri
2021/06/07 13:36:17 algorithm: run /usr/bin/brotli --quality=11 --output=/output/next-noreset.var.min-2.css.br /tmp/work/dist/next-noreset.var.min-2.css
2021/06/07 13:36:18 gz /tmp/work/dist/next-noreset.var.css -> /output/next-noreset.var.css.gz
2021/06/07 13:36:18 compress: run /node_modules/clean-css-cli/bin/cleancss --compatibility --s0 -o /tmp/work/dist/next.min-1.min.css /tmp/work/dist/next.min-1.css
2021/06/07 13:36:18 sri /tmp/work/dist/next.js -> /output/next.js.sri
2021/06/07 13:36:18 algorithm: run /usr/bin/brotli --quality=11 --output=/output/next.js.br /tmp/work/dist/next.js
2021/06/07 13:36:18 br /tmp/work/dist/next-with-locales.min.js -> /output/next-with-locales.min.js.br
2021/06/07 13:36:18 br /tmp/work/dist/next-noreset.var.min-1.css -> /output/next-noreset.var.min-1.css.br
2021/06/07 13:36:18 gz /tmp/work/dist/next-noreset.var.min-1.css -> /output/next-noreset.var.min-1.css.gz
2021/06/07 13:36:18 compress: run /node_modules/clean-css-cli/bin/cleancss --compatibility --s0 -o /tmp/work/dist/next.min-2.min.css /tmp/work/dist/next.min-2.css
2021/06/07 13:36:18 gz /tmp/work/dist/next-with-locales.min.js -> /output/next-with-locales.min.js.gz
2021/06/07 13:36:18 sri /tmp/work/dist/next.min.css -> /output/next.min.css.sri
2021/06/07 13:36:18 algorithm: run /usr/bin/brotli --quality=11 --output=/output/next.min.css.br /tmp/work/dist/next.min.css
2021/06/07 13:36:19 br /tmp/work/dist/next-noreset.var-2.css -> /output/next-noreset.var-2.css.br
2021/06/07 13:36:19 gz /tmp/work/dist/next-noreset.var-2.css -> /output/next-noreset.var-2.css.gz
2021/06/07 13:36:19 /tmp/work/dist/next.min.js.min.js compressed file already exists
2021/06/07 13:36:19 sri /tmp/work/dist/next.min.js -> /output/next.min.js.sri
2021/06/07 13:36:19 algorithm: run /usr/bin/brotli --quality=11 --output=/output/next.min.js.br /tmp/work/dist/next.min.js
2021/06/07 13:36:19 br /tmp/work/dist/next-noreset.var.min-2.css -> /output/next-noreset.var.min-2.css.br
2021/06/07 13:36:19 gz /tmp/work/dist/next-noreset.var.min-2.css -> /output/next-noreset.var.min-2.css.gz
2021/06/07 13:36:19 compress: run /node_modules/clean-css-cli/bin/cleancss --compatibility --s0 -o /tmp/work/dist/next.var-1.min.css /tmp/work/dist/next.var-1.css
2021/06/07 13:36:19 sri /tmp/work/dist/next.min-1.min.css -> /output/next.min-1.min.css.sri
2021/06/07 13:36:19 algorithm: run /usr/bin/brotli --quality=11 --output=/output/next.min-1.min.css.br /tmp/work/dist/next.min-1.min.css
2021/06/07 13:36:20 sri /tmp/work/dist/next.min-2.min.css -> /output/next.min-2.min.css.sri
2021/06/07 13:36:20 algorithm: run /usr/bin/brotli --quality=11 --output=/output/next.min-2.min.css.br /tmp/work/dist/next.min-2.min.css
2021/06/07 13:36:20 br /tmp/work/dist/next.css -> /output/next.css.br
2021/06/07 13:36:20 gz /tmp/work/dist/next.css -> /output/next.css.gz
2021/06/07 13:36:20 compress: run /node_modules/clean-css-cli/bin/cleancss --compatibility --s0 -o /tmp/work/dist/next.var-2.min.css /tmp/work/dist/next.var-2.css
2021/06/07 13:36:20 br /tmp/work/dist/next.min-1.min.css -> /output/next.min-1.min.css.br
2021/06/07 13:36:20 gz /tmp/work/dist/next.min-1.min.css -> /output/next.min-1.min.css.gz
2021/06/07 13:36:20 sri /tmp/work/dist/next.min-1.css -> /output/next.min-1.css.sri
2021/06/07 13:36:20 algorithm: run /usr/bin/brotli --quality=11 --output=/output/next.min-1.css.br /tmp/work/dist/next.min-1.css
2021/06/07 13:36:21 br /tmp/work/dist/next.min.css -> /output/next.min.css.br
2021/06/07 13:36:21 gz /tmp/work/dist/next.min.css -> /output/next.min.css.gz
2021/06/07 13:36:21 /tmp/work/dist/next.var.css already has a compressed version: /tmp/work/dist/next.var.min.css
2021/06/07 13:36:21 sri /tmp/work/dist/next.var.css -> /output/next.var.css.sri
2021/06/07 13:36:21 algorithm: run /usr/bin/brotli --quality=11 --output=/output/next.var.css.br /tmp/work/dist/next.var.css
2021/06/07 13:36:21 br /tmp/work/dist/next.min-2.min.css -> /output/next.min-2.min.css.br
2021/06/07 13:36:21 gz /tmp/work/dist/next.min-2.min.css -> /output/next.min-2.min.css.gz
2021/06/07 13:36:21 sri /tmp/work/dist/next.min-2.css -> /output/next.min-2.css.sri
2021/06/07 13:36:21 algorithm: run /usr/bin/brotli --quality=11 --output=/output/next.min-2.css.br /tmp/work/dist/next.min-2.css
2021/06/07 13:36:21 br /tmp/work/dist/next.min-1.css -> /output/next.min-1.css.br
2021/06/07 13:36:21 sri /tmp/work/dist/next.var-1.min.css -> /output/next.var-1.min.css.sri
2021/06/07 13:36:21 algorithm: run /usr/bin/brotli --quality=11 --output=/output/next.var-1.min.css.br /tmp/work/dist/next.var-1.min.css
2021/06/07 13:36:22 gz /tmp/work/dist/next.min-1.css -> /output/next.min-1.css.gz
2021/06/07 13:36:22 compress: run /node_modules/clean-css-cli/bin/cleancss --compatibility --s0 -o /tmp/work/dist/next.var.min-1.min.css /tmp/work/dist/next.var.min-1.css
2021/06/07 13:36:22 br /tmp/work/dist/next.min-2.css -> /output/next.min-2.css.br
2021/06/07 13:36:22 gz /tmp/work/dist/next.min-2.css -> /output/next.min-2.css.gz
2021/06/07 13:36:22 compress: run /node_modules/clean-css-cli/bin/cleancss --compatibility --s0 -o /tmp/work/dist/next.var.min-2.min.css /tmp/work/dist/next.var.min-2.css
2021/06/07 13:36:22 sri /tmp/work/dist/next.var-2.min.css -> /output/next.var-2.min.css.sri
2021/06/07 13:36:22 algorithm: run /usr/bin/brotli --quality=11 --output=/output/next.var-2.min.css.br /tmp/work/dist/next.var-2.min.css
2021/06/07 13:36:23 br /tmp/work/dist/next.min.js -> /output/next.min.js.br
2021/06/07 13:36:23 br /tmp/work/dist/next.var-1.min.css -> /output/next.var-1.min.css.br
2021/06/07 13:36:23 gz /tmp/work/dist/next.var-1.min.css -> /output/next.var-1.min.css.gz
2021/06/07 13:36:23 sri /tmp/work/dist/next.var-1.css -> /output/next.var-1.css.sri
2021/06/07 13:36:23 algorithm: run /usr/bin/brotli --quality=11 --output=/output/next.var-1.css.br /tmp/work/dist/next.var-1.css
2021/06/07 13:36:23 gz /tmp/work/dist/next.min.js -> /output/next.min.js.gz
2021/06/07 13:36:23 sri /tmp/work/dist/next.var.min.css -> /output/next.var.min.css.sri
2021/06/07 13:36:23 algorithm: run /usr/bin/brotli --quality=11 --output=/output/next.var.min.css.br /tmp/work/dist/next.var.min.css
2021/06/07 13:36:24 sri /tmp/work/dist/next.var.min-1.min.css -> /output/next.var.min-1.min.css.sri
2021/06/07 13:36:24 algorithm: run /usr/bin/brotli --quality=11 --output=/output/next.var.min-1.min.css.br /tmp/work/dist/next.var.min-1.min.css
2021/06/07 13:36:24 sri /tmp/work/dist/next.var.min-2.min.css -> /output/next.var.min-2.min.css.sri
2021/06/07 13:36:24 algorithm: run /usr/bin/brotli --quality=11 --output=/output/next.var.min-2.min.css.br /tmp/work/dist/next.var.min-2.min.css
2021/06/07 13:36:24 br /tmp/work/dist/next-with-locales.js -> /output/next-with-locales.js.br
2021/06/07 13:36:24 br /tmp/work/dist/next.var-2.min.css -> /output/next.var-2.min.css.br
2021/06/07 13:36:24 gz /tmp/work/dist/next.var-2.min.css -> /output/next.var-2.min.css.gz
2021/06/07 13:36:24 sri /tmp/work/dist/next.var-2.css -> /output/next.var-2.css.sri
2021/06/07 13:36:24 algorithm: run /usr/bin/brotli --quality=11 --output=/output/next.var-2.css.br /tmp/work/dist/next.var-2.css
2021/06/07 13:36:24 br /tmp/work/dist/next.var-1.css -> /output/next.var-1.css.br
2021/06/07 13:36:24 gz /tmp/work/dist/next.var-1.css -> /output/next.var-1.css.gz
2021/06/07 13:36:24 gz /tmp/work/dist/next-with-locales.js -> /output/next-with-locales.js.gz
2021/06/07 13:36:25 br /tmp/work/dist/next.var.css -> /output/next.var.css.br
2021/06/07 13:36:25 gz /tmp/work/dist/next.var.css -> /output/next.var.css.gz
2021/06/07 13:36:25 br /tmp/work/dist/next.var.min-1.min.css -> /output/next.var.min-1.min.css.br
2021/06/07 13:36:25 gz /tmp/work/dist/next.var.min-1.min.css -> /output/next.var.min-1.min.css.gz
2021/06/07 13:36:25 sri /tmp/work/dist/next.var.min-1.css -> /output/next.var.min-1.css.sri
2021/06/07 13:36:25 algorithm: run /usr/bin/brotli --quality=11 --output=/output/next.var.min-1.css.br /tmp/work/dist/next.var.min-1.css
2021/06/07 13:36:25 br /tmp/work/dist/next.var.min-2.min.css -> /output/next.var.min-2.min.css.br
2021/06/07 13:36:25 gz /tmp/work/dist/next.var.min-2.min.css -> /output/next.var.min-2.min.css.gz
2021/06/07 13:36:25 sri /tmp/work/dist/next.var.min-2.css -> /output/next.var.min-2.css.sri
2021/06/07 13:36:25 algorithm: run /usr/bin/brotli --quality=11 --output=/output/next.var.min-2.css.br /tmp/work/dist/next.var.min-2.css
2021/06/07 13:36:26 br /tmp/work/dist/next.var.min-1.css -> /output/next.var.min-1.css.br
2021/06/07 13:36:26 gz /tmp/work/dist/next.var.min-1.css -> /output/next.var.min-1.css.gz
2021/06/07 13:36:26 br /tmp/work/dist/next.var-2.css -> /output/next.var-2.css.br
2021/06/07 13:36:26 gz /tmp/work/dist/next.var-2.css -> /output/next.var-2.css.gz
2021/06/07 13:36:26 br /tmp/work/dist/next.var.min.css -> /output/next.var.min.css.br
2021/06/07 13:36:26 gz /tmp/work/dist/next.var.min.css -> /output/next.var.min.css.gz
2021/06/07 13:36:26 br /tmp/work/dist/next.var.min-2.css -> /output/next.var.min-2.css.br
2021/06/07 13:36:26 gz /tmp/work/dist/next.var.min-2.css -> /output/next.var.min-2.css.gz
2021/06/07 13:36:27 br /tmp/work/dist/next.js -> /output/next.js.br
2021/06/07 13:36:27 gz /tmp/work/dist/next.js -> /output/next.js.gz
2021/06/07 13:36:27 processed alifd__next
