config: {"authors":[{"name":"andrewtelnov","email":"andrew.telnov@gmail.com"}],"autoupdate":{"source":"npm","target":"survey-angular","fileMap":[{"basePath":"","files":["survey*"]}]},"description":"survey.js is a JavaScript Survey Library. It is a modern way to add a survey to your website. It uses JSON for survey metadata and results.","filename":"survey.angular.min.js","homepage":"https://surveyjs.org/","keywords":["Survey","JavaScript","Bootstrap","Library","angular","Knockout","angular-component"],"license":"MIT","name":"survey-angular","repository":{"type":"git","url":"git+https://github.com/andrewtelnov/surveyjs.git"},"author":"andrewtelnov \u003candrew.telnov@gmail.com\u003e"}
KV keys:
- survey-angular/1.9.125/survey-angular.d.ts.br
- survey-angular/1.9.125/survey-angular.d.ts.gz
- survey-angular/1.9.125/survey.angular.d.ts.br
- survey-angular/1.9.125/survey.angular.d.ts.gz
- survey-angular/1.9.125/survey.angular.js.br
- survey-angular/1.9.125/survey.angular.js.gz
- survey-angular/1.9.125/survey.angular.js.map.br
- survey-angular/1.9.125/survey.angular.js.map.gz
- survey-angular/1.9.125/survey.angular.min.js.br
- survey-angular/1.9.125/survey.angular.min.js.gz
- survey-angular/1.9.125/survey.css.br
- survey-angular/1.9.125/survey.css.gz
- survey-angular/1.9.125/survey.css.map.br
- survey-angular/1.9.125/survey.css.map.gz
- survey-angular/1.9.125/survey.min.css.br
- survey-angular/1.9.125/survey.min.css.gz
SRIs:
- survey-angular/1.9.125/survey.angular.js: sha512-qcfwWhtESPPOKQgGTr/WO5nX1QarvPxf7RMWV4aI4priQnj+t5YhCrKEY49tRoavsISG4BPdht2VZ3eLnCLyWw==
- survey-angular/1.9.125/survey.angular.min.js: sha512-5ch+bPbpW46/L4nRqauE9SzOQSoddf0uvdrHd5L5OMPkhUdebyy1tINPHSuSe5mCfWKuHzpxM2sAFqbUtl6fDQ==
- survey-angular/1.9.125/survey.css: sha512-ix4CBvvo2rXMTa+R40SiVTbhKbfWTQWS2seCH5jBlwLSFw2b2FjHoAUE3sK/3GNqb1+um+3zK6E4oD7CbiB6Dg==
- survey-angular/1.9.125/survey.min.css: sha512-kcVVQ3JfzG2yxYYv6ZunWX8VNifZzelSgb9gSPtcgxkwAIXr4/hwgSc51F6risWTyW4UIyQsKPN34C8qmEpLzw==
