Files:
- fontsource-bigelow-rules/5.0.7/400.css.br
- fontsource-bigelow-rules/5.0.7/400.css.gz
- fontsource-bigelow-rules/5.0.7/400.min.css.br
- fontsource-bigelow-rules/5.0.7/400.min.css.gz
- fontsource-bigelow-rules/5.0.7/files/bigelow-rules-latin-400-normal.woff.br
- fontsource-bigelow-rules/5.0.7/files/bigelow-rules-latin-400-normal.woff.gz
- fontsource-bigelow-rules/5.0.7/files/bigelow-rules-latin-400-normal.woff2
- fontsource-bigelow-rules/5.0.7/files/bigelow-rules-latin-ext-400-normal.woff.br
- fontsource-bigelow-rules/5.0.7/files/bigelow-rules-latin-ext-400-normal.woff.gz
- fontsource-bigelow-rules/5.0.7/files/bigelow-rules-latin-ext-400-normal.woff2
- fontsource-bigelow-rules/5.0.7/index.css.br
- fontsource-bigelow-rules/5.0.7/index.css.gz
- fontsource-bigelow-rules/5.0.7/index.min.css.br
- fontsource-bigelow-rules/5.0.7/index.min.css.gz
- fontsource-bigelow-rules/5.0.7/latin-400.css.br
- fontsource-bigelow-rules/5.0.7/latin-400.css.gz
- fontsource-bigelow-rules/5.0.7/latin-400.min.css.br
- fontsource-bigelow-rules/5.0.7/latin-400.min.css.gz
- fontsource-bigelow-rules/5.0.7/latin-ext-400.css.br
- fontsource-bigelow-rules/5.0.7/latin-ext-400.css.gz
- fontsource-bigelow-rules/5.0.7/latin-ext-400.min.css.br
- fontsource-bigelow-rules/5.0.7/latin-ext-400.min.css.gz
- fontsource-bigelow-rules/5.0.7/latin-ext.css.br
- fontsource-bigelow-rules/5.0.7/latin-ext.css.gz
- fontsource-bigelow-rules/5.0.7/latin-ext.min.css.br
- fontsource-bigelow-rules/5.0.7/latin-ext.min.css.gz
- fontsource-bigelow-rules/5.0.7/latin.css.br
- fontsource-bigelow-rules/5.0.7/latin.css.gz
- fontsource-bigelow-rules/5.0.7/latin.min.css.br
- fontsource-bigelow-rules/5.0.7/latin.min.css.gz
