config: {"authors":[{"name":"Google Inc."}],"autoupdate":{"source":"npm","target":"@fontsource/radio-canada","fileMap":[{"basePath":"","files":["*.css","files/*.@(woff|woff2)"]}],"excludeFromSearch":true},"description":"Self-host the Radio Canada font in a neatly bundled NPM package.","filename":"index.css","homepage":"https://fontsource.org/fonts/radio-canada","keywords":["fontsource","font","font family","google fonts","radio-canada","Radio Canada","css","sass","front-end","web","typeface","variable"],"license":"OFL-1.1","name":"fontsource-radio-canada","repository":{"type":"git","url":"git+https://github.com/fontsource/font-files.git"},"author":"Google Inc."}
KV keys:
- fontsource-radio-canada/5.0.1/300-italic.css.br
- fontsource-radio-canada/5.0.1/300-italic.css.gz
- fontsource-radio-canada/5.0.1/300-italic.min.css.br
- fontsource-radio-canada/5.0.1/300-italic.min.css.gz
- fontsource-radio-canada/5.0.1/300.css.br
- fontsource-radio-canada/5.0.1/300.css.gz
- fontsource-radio-canada/5.0.1/300.min.css.br
- fontsource-radio-canada/5.0.1/300.min.css.gz
- fontsource-radio-canada/5.0.1/400-italic.css.br
- fontsource-radio-canada/5.0.1/400-italic.css.gz
- fontsource-radio-canada/5.0.1/400-italic.min.css.br
- fontsource-radio-canada/5.0.1/400-italic.min.css.gz
- fontsource-radio-canada/5.0.1/400.css.br
- fontsource-radio-canada/5.0.1/400.css.gz
- fontsource-radio-canada/5.0.1/400.min.css.br
- fontsource-radio-canada/5.0.1/400.min.css.gz
- fontsource-radio-canada/5.0.1/500-italic.css.br
- fontsource-radio-canada/5.0.1/500-italic.css.gz
- fontsource-radio-canada/5.0.1/500-italic.min.css.br
- fontsource-radio-canada/5.0.1/500-italic.min.css.gz
- fontsource-radio-canada/5.0.1/500.css.br
- fontsource-radio-canada/5.0.1/500.css.gz
- fontsource-radio-canada/5.0.1/500.min.css.br
- fontsource-radio-canada/5.0.1/500.min.css.gz
- fontsource-radio-canada/5.0.1/600-italic.css.br
- fontsource-radio-canada/5.0.1/600-italic.css.gz
- fontsource-radio-canada/5.0.1/600-italic.min.css.br
- fontsource-radio-canada/5.0.1/600-italic.min.css.gz
- fontsource-radio-canada/5.0.1/600.css.br
- fontsource-radio-canada/5.0.1/600.css.gz
- fontsource-radio-canada/5.0.1/600.min.css.br
- fontsource-radio-canada/5.0.1/600.min.css.gz
- fontsource-radio-canada/5.0.1/700-italic.css.br
- fontsource-radio-canada/5.0.1/700-italic.css.gz
- fontsource-radio-canada/5.0.1/700-italic.min.css.br
- fontsource-radio-canada/5.0.1/700-italic.min.css.gz
- fontsource-radio-canada/5.0.1/700.css.br
- fontsource-radio-canada/5.0.1/700.css.gz
- fontsource-radio-canada/5.0.1/700.min.css.br
- fontsource-radio-canada/5.0.1/700.min.css.gz
- fontsource-radio-canada/5.0.1/files/radio-canada-latin-300-italic.woff.br
- fontsource-radio-canada/5.0.1/files/radio-canada-latin-300-italic.woff.gz
- fontsource-radio-canada/5.0.1/files/radio-canada-latin-300-italic.woff2
- fontsource-radio-canada/5.0.1/files/radio-canada-latin-300-normal.woff.br
- fontsource-radio-canada/5.0.1/files/radio-canada-latin-300-normal.woff.gz
- fontsource-radio-canada/5.0.1/files/radio-canada-latin-300-normal.woff2
- fontsource-radio-canada/5.0.1/files/radio-canada-latin-400-italic.woff.br
- fontsource-radio-canada/5.0.1/files/radio-canada-latin-400-italic.woff.gz
- fontsource-radio-canada/5.0.1/files/radio-canada-latin-400-italic.woff2
- fontsource-radio-canada/5.0.1/files/radio-canada-latin-400-normal.woff.br
- fontsource-radio-canada/5.0.1/files/radio-canada-latin-400-normal.woff.gz
- fontsource-radio-canada/5.0.1/files/radio-canada-latin-400-normal.woff2
- fontsource-radio-canada/5.0.1/files/radio-canada-latin-500-italic.woff.br
- fontsource-radio-canada/5.0.1/files/radio-canada-latin-500-italic.woff.gz
- fontsource-radio-canada/5.0.1/files/radio-canada-latin-500-italic.woff2
- fontsource-radio-canada/5.0.1/files/radio-canada-latin-500-normal.woff.br
- fontsource-radio-canada/5.0.1/files/radio-canada-latin-500-normal.woff.gz
- fontsource-radio-canada/5.0.1/files/radio-canada-latin-500-normal.woff2
- fontsource-radio-canada/5.0.1/files/radio-canada-latin-600-italic.woff.br
- fontsource-radio-canada/5.0.1/files/radio-canada-latin-600-italic.woff.gz
- fontsource-radio-canada/5.0.1/files/radio-canada-latin-600-italic.woff2
- fontsource-radio-canada/5.0.1/files/radio-canada-latin-600-normal.woff.br
- fontsource-radio-canada/5.0.1/files/radio-canada-latin-600-normal.woff.gz
- fontsource-radio-canada/5.0.1/files/radio-canada-latin-600-normal.woff2
- fontsource-radio-canada/5.0.1/files/radio-canada-latin-700-italic.woff.br
- fontsource-radio-canada/5.0.1/files/radio-canada-latin-700-italic.woff.gz
- fontsource-radio-canada/5.0.1/files/radio-canada-latin-700-italic.woff2
- fontsource-radio-canada/5.0.1/files/radio-canada-latin-700-normal.woff.br
- fontsource-radio-canada/5.0.1/files/radio-canada-latin-700-normal.woff.gz
- fontsource-radio-canada/5.0.1/files/radio-canada-latin-700-normal.woff2
- fontsource-radio-canada/5.0.1/files/radio-canada-latin-ext-300-italic.woff.br
- fontsource-radio-canada/5.0.1/files/radio-canada-latin-ext-300-italic.woff.gz
- fontsource-radio-canada/5.0.1/files/radio-canada-latin-ext-300-italic.woff2
- fontsource-radio-canada/5.0.1/files/radio-canada-latin-ext-300-normal.woff.br
- fontsource-radio-canada/5.0.1/files/radio-canada-latin-ext-300-normal.woff.gz
- fontsource-radio-canada/5.0.1/files/radio-canada-latin-ext-300-normal.woff2
- fontsource-radio-canada/5.0.1/files/radio-canada-latin-ext-400-italic.woff.br
- fontsource-radio-canada/5.0.1/files/radio-canada-latin-ext-400-italic.woff.gz
- fontsource-radio-canada/5.0.1/files/radio-canada-latin-ext-400-italic.woff2
- fontsource-radio-canada/5.0.1/files/radio-canada-latin-ext-400-normal.woff.br
- fontsource-radio-canada/5.0.1/files/radio-canada-latin-ext-400-normal.woff.gz
- fontsource-radio-canada/5.0.1/files/radio-canada-latin-ext-400-normal.woff2
- fontsource-radio-canada/5.0.1/files/radio-canada-latin-ext-500-italic.woff.br
- fontsource-radio-canada/5.0.1/files/radio-canada-latin-ext-500-italic.woff.gz
- fontsource-radio-canada/5.0.1/files/radio-canada-latin-ext-500-italic.woff2
- fontsource-radio-canada/5.0.1/files/radio-canada-latin-ext-500-normal.woff.br
- fontsource-radio-canada/5.0.1/files/radio-canada-latin-ext-500-normal.woff.gz
- fontsource-radio-canada/5.0.1/files/radio-canada-latin-ext-500-normal.woff2
- fontsource-radio-canada/5.0.1/files/radio-canada-latin-ext-600-italic.woff.br
- fontsource-radio-canada/5.0.1/files/radio-canada-latin-ext-600-italic.woff.gz
- fontsource-radio-canada/5.0.1/files/radio-canada-latin-ext-600-italic.woff2
- fontsource-radio-canada/5.0.1/files/radio-canada-latin-ext-600-normal.woff.br
- fontsource-radio-canada/5.0.1/files/radio-canada-latin-ext-600-normal.woff.gz
- fontsource-radio-canada/5.0.1/files/radio-canada-latin-ext-600-normal.woff2
- fontsource-radio-canada/5.0.1/files/radio-canada-latin-ext-700-italic.woff.br
- fontsource-radio-canada/5.0.1/files/radio-canada-latin-ext-700-italic.woff.gz
- fontsource-radio-canada/5.0.1/files/radio-canada-latin-ext-700-italic.woff2
- fontsource-radio-canada/5.0.1/files/radio-canada-latin-ext-700-normal.woff.br
- fontsource-radio-canada/5.0.1/files/radio-canada-latin-ext-700-normal.woff.gz
- fontsource-radio-canada/5.0.1/files/radio-canada-latin-ext-700-normal.woff2
- fontsource-radio-canada/5.0.1/files/radio-canada-vietnamese-300-italic.woff.br
- fontsource-radio-canada/5.0.1/files/radio-canada-vietnamese-300-italic.woff.gz
- fontsource-radio-canada/5.0.1/files/radio-canada-vietnamese-300-italic.woff2
- fontsource-radio-canada/5.0.1/files/radio-canada-vietnamese-300-normal.woff.br
- fontsource-radio-canada/5.0.1/files/radio-canada-vietnamese-300-normal.woff.gz
- fontsource-radio-canada/5.0.1/files/radio-canada-vietnamese-300-normal.woff2
- fontsource-radio-canada/5.0.1/files/radio-canada-vietnamese-400-italic.woff.br
- fontsource-radio-canada/5.0.1/files/radio-canada-vietnamese-400-italic.woff.gz
- fontsource-radio-canada/5.0.1/files/radio-canada-vietnamese-400-italic.woff2
- fontsource-radio-canada/5.0.1/files/radio-canada-vietnamese-400-normal.woff.br
- fontsource-radio-canada/5.0.1/files/radio-canada-vietnamese-400-normal.woff.gz
- fontsource-radio-canada/5.0.1/files/radio-canada-vietnamese-400-normal.woff2
- fontsource-radio-canada/5.0.1/files/radio-canada-vietnamese-500-italic.woff.br
- fontsource-radio-canada/5.0.1/files/radio-canada-vietnamese-500-italic.woff.gz
- fontsource-radio-canada/5.0.1/files/radio-canada-vietnamese-500-italic.woff2
- fontsource-radio-canada/5.0.1/files/radio-canada-vietnamese-500-normal.woff.br
- fontsource-radio-canada/5.0.1/files/radio-canada-vietnamese-500-normal.woff.gz
- fontsource-radio-canada/5.0.1/files/radio-canada-vietnamese-500-normal.woff2
- fontsource-radio-canada/5.0.1/files/radio-canada-vietnamese-600-italic.woff.br
- fontsource-radio-canada/5.0.1/files/radio-canada-vietnamese-600-italic.woff.gz
- fontsource-radio-canada/5.0.1/files/radio-canada-vietnamese-600-italic.woff2
- fontsource-radio-canada/5.0.1/files/radio-canada-vietnamese-600-normal.woff.br
- fontsource-radio-canada/5.0.1/files/radio-canada-vietnamese-600-normal.woff.gz
- fontsource-radio-canada/5.0.1/files/radio-canada-vietnamese-600-normal.woff2
- fontsource-radio-canada/5.0.1/files/radio-canada-vietnamese-700-italic.woff.br
- fontsource-radio-canada/5.0.1/files/radio-canada-vietnamese-700-italic.woff.gz
- fontsource-radio-canada/5.0.1/files/radio-canada-vietnamese-700-italic.woff2
- fontsource-radio-canada/5.0.1/files/radio-canada-vietnamese-700-normal.woff.br
- fontsource-radio-canada/5.0.1/files/radio-canada-vietnamese-700-normal.woff.gz
- fontsource-radio-canada/5.0.1/files/radio-canada-vietnamese-700-normal.woff2
- fontsource-radio-canada/5.0.1/index.css.br
- fontsource-radio-canada/5.0.1/index.css.gz
- fontsource-radio-canada/5.0.1/index.min.css.br
- fontsource-radio-canada/5.0.1/index.min.css.gz
- fontsource-radio-canada/5.0.1/latin-300-italic.css.br
- fontsource-radio-canada/5.0.1/latin-300-italic.css.gz
- fontsource-radio-canada/5.0.1/latin-300-italic.min.css.br
- fontsource-radio-canada/5.0.1/latin-300-italic.min.css.gz
- fontsource-radio-canada/5.0.1/latin-300.css.br
- fontsource-radio-canada/5.0.1/latin-300.css.gz
- fontsource-radio-canada/5.0.1/latin-300.min.css.br
- fontsource-radio-canada/5.0.1/latin-300.min.css.gz
- fontsource-radio-canada/5.0.1/latin-400-italic.css.br
- fontsource-radio-canada/5.0.1/latin-400-italic.css.gz
- fontsource-radio-canada/5.0.1/latin-400-italic.min.css.br
- fontsource-radio-canada/5.0.1/latin-400-italic.min.css.gz
- fontsource-radio-canada/5.0.1/latin-400.css.br
- fontsource-radio-canada/5.0.1/latin-400.css.gz
- fontsource-radio-canada/5.0.1/latin-400.min.css.br
- fontsource-radio-canada/5.0.1/latin-400.min.css.gz
- fontsource-radio-canada/5.0.1/latin-500-italic.css.br
- fontsource-radio-canada/5.0.1/latin-500-italic.css.gz
- fontsource-radio-canada/5.0.1/latin-500-italic.min.css.br
- fontsource-radio-canada/5.0.1/latin-500-italic.min.css.gz
- fontsource-radio-canada/5.0.1/latin-500.css.br
- fontsource-radio-canada/5.0.1/latin-500.css.gz
- fontsource-radio-canada/5.0.1/latin-500.min.css.br
- fontsource-radio-canada/5.0.1/latin-500.min.css.gz
- fontsource-radio-canada/5.0.1/latin-600-italic.css.br
- fontsource-radio-canada/5.0.1/latin-600-italic.css.gz
- fontsource-radio-canada/5.0.1/latin-600-italic.min.css.br
- fontsource-radio-canada/5.0.1/latin-600-italic.min.css.gz
- fontsource-radio-canada/5.0.1/latin-600.css.br
- fontsource-radio-canada/5.0.1/latin-600.css.gz
- fontsource-radio-canada/5.0.1/latin-600.min.css.br
- fontsource-radio-canada/5.0.1/latin-600.min.css.gz
- fontsource-radio-canada/5.0.1/latin-700-italic.css.br
- fontsource-radio-canada/5.0.1/latin-700-italic.css.gz
- fontsource-radio-canada/5.0.1/latin-700-italic.min.css.br
- fontsource-radio-canada/5.0.1/latin-700-italic.min.css.gz
- fontsource-radio-canada/5.0.1/latin-700.css.br
- fontsource-radio-canada/5.0.1/latin-700.css.gz
- fontsource-radio-canada/5.0.1/latin-700.min.css.br
- fontsource-radio-canada/5.0.1/latin-700.min.css.gz
- fontsource-radio-canada/5.0.1/latin-ext-300-italic.css.br
- fontsource-radio-canada/5.0.1/latin-ext-300-italic.css.gz
- fontsource-radio-canada/5.0.1/latin-ext-300-italic.min.css.br
- fontsource-radio-canada/5.0.1/latin-ext-300-italic.min.css.gz
- fontsource-radio-canada/5.0.1/latin-ext-300.css.br
- fontsource-radio-canada/5.0.1/latin-ext-300.css.gz
- fontsource-radio-canada/5.0.1/latin-ext-300.min.css.br
- fontsource-radio-canada/5.0.1/latin-ext-300.min.css.gz
- fontsource-radio-canada/5.0.1/latin-ext-400-italic.css.br
- fontsource-radio-canada/5.0.1/latin-ext-400-italic.css.gz
- fontsource-radio-canada/5.0.1/latin-ext-400-italic.min.css.br
- fontsource-radio-canada/5.0.1/latin-ext-400-italic.min.css.gz
- fontsource-radio-canada/5.0.1/latin-ext-400.css.br
- fontsource-radio-canada/5.0.1/latin-ext-400.css.gz
- fontsource-radio-canada/5.0.1/latin-ext-400.min.css.br
- fontsource-radio-canada/5.0.1/latin-ext-400.min.css.gz
- fontsource-radio-canada/5.0.1/latin-ext-500-italic.css.br
- fontsource-radio-canada/5.0.1/latin-ext-500-italic.css.gz
- fontsource-radio-canada/5.0.1/latin-ext-500-italic.min.css.br
- fontsource-radio-canada/5.0.1/latin-ext-500-italic.min.css.gz
- fontsource-radio-canada/5.0.1/latin-ext-500.css.br
- fontsource-radio-canada/5.0.1/latin-ext-500.css.gz
- fontsource-radio-canada/5.0.1/latin-ext-500.min.css.br
- fontsource-radio-canada/5.0.1/latin-ext-500.min.css.gz
- fontsource-radio-canada/5.0.1/latin-ext-600-italic.css.br
- fontsource-radio-canada/5.0.1/latin-ext-600-italic.css.gz
- fontsource-radio-canada/5.0.1/latin-ext-600-italic.min.css.br
- fontsource-radio-canada/5.0.1/latin-ext-600-italic.min.css.gz
- fontsource-radio-canada/5.0.1/latin-ext-600.css.br
- fontsource-radio-canada/5.0.1/latin-ext-600.css.gz
- fontsource-radio-canada/5.0.1/latin-ext-600.min.css.br
- fontsource-radio-canada/5.0.1/latin-ext-600.min.css.gz
- fontsource-radio-canada/5.0.1/latin-ext-700-italic.css.br
- fontsource-radio-canada/5.0.1/latin-ext-700-italic.css.gz
- fontsource-radio-canada/5.0.1/latin-ext-700-italic.min.css.br
- fontsource-radio-canada/5.0.1/latin-ext-700-italic.min.css.gz
- fontsource-radio-canada/5.0.1/latin-ext-700.css.br
- fontsource-radio-canada/5.0.1/latin-ext-700.css.gz
- fontsource-radio-canada/5.0.1/latin-ext-700.min.css.br
- fontsource-radio-canada/5.0.1/latin-ext-700.min.css.gz
- fontsource-radio-canada/5.0.1/latin-ext-italic.css.br
- fontsource-radio-canada/5.0.1/latin-ext-italic.css.gz
- fontsource-radio-canada/5.0.1/latin-ext-italic.min.css.br
- fontsource-radio-canada/5.0.1/latin-ext-italic.min.css.gz
- fontsource-radio-canada/5.0.1/latin-ext.css.br
- fontsource-radio-canada/5.0.1/latin-ext.css.gz
- fontsource-radio-canada/5.0.1/latin-ext.min.css.br
- fontsource-radio-canada/5.0.1/latin-ext.min.css.gz
- fontsource-radio-canada/5.0.1/latin-italic.css.br
- fontsource-radio-canada/5.0.1/latin-italic.css.gz
- fontsource-radio-canada/5.0.1/latin-italic.min.css.br
- fontsource-radio-canada/5.0.1/latin-italic.min.css.gz
- fontsource-radio-canada/5.0.1/latin.css.br
- fontsource-radio-canada/5.0.1/latin.css.gz
- fontsource-radio-canada/5.0.1/latin.min.css.br
- fontsource-radio-canada/5.0.1/latin.min.css.gz
- fontsource-radio-canada/5.0.1/vietnamese-300-italic.css.br
- fontsource-radio-canada/5.0.1/vietnamese-300-italic.css.gz
- fontsource-radio-canada/5.0.1/vietnamese-300-italic.min.css.br
- fontsource-radio-canada/5.0.1/vietnamese-300-italic.min.css.gz
- fontsource-radio-canada/5.0.1/vietnamese-300.css.br
- fontsource-radio-canada/5.0.1/vietnamese-300.css.gz
- fontsource-radio-canada/5.0.1/vietnamese-300.min.css.br
- fontsource-radio-canada/5.0.1/vietnamese-300.min.css.gz
- fontsource-radio-canada/5.0.1/vietnamese-400-italic.css.br
- fontsource-radio-canada/5.0.1/vietnamese-400-italic.css.gz
- fontsource-radio-canada/5.0.1/vietnamese-400-italic.min.css.br
- fontsource-radio-canada/5.0.1/vietnamese-400-italic.min.css.gz
- fontsource-radio-canada/5.0.1/vietnamese-400.css.br
- fontsource-radio-canada/5.0.1/vietnamese-400.css.gz
- fontsource-radio-canada/5.0.1/vietnamese-400.min.css.br
- fontsource-radio-canada/5.0.1/vietnamese-400.min.css.gz
- fontsource-radio-canada/5.0.1/vietnamese-500-italic.css.br
- fontsource-radio-canada/5.0.1/vietnamese-500-italic.css.gz
- fontsource-radio-canada/5.0.1/vietnamese-500-italic.min.css.br
- fontsource-radio-canada/5.0.1/vietnamese-500-italic.min.css.gz
- fontsource-radio-canada/5.0.1/vietnamese-500.css.br
- fontsource-radio-canada/5.0.1/vietnamese-500.css.gz
- fontsource-radio-canada/5.0.1/vietnamese-500.min.css.br
- fontsource-radio-canada/5.0.1/vietnamese-500.min.css.gz
- fontsource-radio-canada/5.0.1/vietnamese-600-italic.css.br
- fontsource-radio-canada/5.0.1/vietnamese-600-italic.css.gz
- fontsource-radio-canada/5.0.1/vietnamese-600-italic.min.css.br
- fontsource-radio-canada/5.0.1/vietnamese-600-italic.min.css.gz
- fontsource-radio-canada/5.0.1/vietnamese-600.css.br
- fontsource-radio-canada/5.0.1/vietnamese-600.css.gz
- fontsource-radio-canada/5.0.1/vietnamese-600.min.css.br
- fontsource-radio-canada/5.0.1/vietnamese-600.min.css.gz
- fontsource-radio-canada/5.0.1/vietnamese-700-italic.css.br
- fontsource-radio-canada/5.0.1/vietnamese-700-italic.css.gz
- fontsource-radio-canada/5.0.1/vietnamese-700-italic.min.css.br
- fontsource-radio-canada/5.0.1/vietnamese-700-italic.min.css.gz
- fontsource-radio-canada/5.0.1/vietnamese-700.css.br
- fontsource-radio-canada/5.0.1/vietnamese-700.css.gz
- fontsource-radio-canada/5.0.1/vietnamese-700.min.css.br
- fontsource-radio-canada/5.0.1/vietnamese-700.min.css.gz
- fontsource-radio-canada/5.0.1/vietnamese-italic.css.br
- fontsource-radio-canada/5.0.1/vietnamese-italic.css.gz
- fontsource-radio-canada/5.0.1/vietnamese-italic.min.css.br
- fontsource-radio-canada/5.0.1/vietnamese-italic.min.css.gz
- fontsource-radio-canada/5.0.1/vietnamese.css.br
- fontsource-radio-canada/5.0.1/vietnamese.css.gz
- fontsource-radio-canada/5.0.1/vietnamese.min.css.br
- fontsource-radio-canada/5.0.1/vietnamese.min.css.gz
SRIs:
- fontsource-radio-canada/5.0.1/latin-ext.css: sha512-furiWAKDfUZvmdAM0TmeYPvhmO9vRh1rn7nPY4XmnU2lNJYtoaQuK06aXX870092B2hx4I7Iq7MLBrkS7weffg==
- fontsource-radio-canada/5.0.1/vietnamese-300-italic.min.css: sha512-lPPIlUnEQHQm0qxnIxYOPzVfF9ezDwQSxH9imlP/bh7k/e9eOlPOVKqayPK21ulg/QI9bjNG+CuRjEhN7dJbfw==
- fontsource-radio-canada/5.0.1/vietnamese-500-italic.css: sha512-u5mtC+0iecRv2Hp3h8WvVKghOOGy2cHZv7zaltKkL1Bc4OSzrwVY14DCP7eT+79ydiXP1xYAd0UFjI9eWyyDCA==
- fontsource-radio-canada/5.0.1/vietnamese-500.min.css: sha512-CMMLy3GOBDYy4yQPHi2jc1xhYm+ZvKqS2t0TJITwBWNlUD4ybB2CT8KCE8thE9jpi/bCBq2bM6+hN9pQsIsfxA==
- fontsource-radio-canada/5.0.1/400.min.css: sha512-DRWHHwVktCP2FZj2ttzjgOH0GJW5KJvFIRKtx3/e+gDXsV4SsMRKmHpUTyRn8G0zpNZTOWpAqbj7HZ7VMMz4WQ==
- fontsource-radio-canada/5.0.1/latin-700-italic.css: sha512-Cu+0uC4twSSVgqd2GguZJEp/4e3LVCTZx3wHK8RwL06PGwSkYrpTm/6K8WKrRV4aomI3xIpGKSut7258xm1mbA==
- fontsource-radio-canada/5.0.1/latin-ext-300-italic.css: sha512-/UEPWmkis0w6IzauS72Dbst3vUNpUllK005NWE2oBgJn1NlU8snPiar+naImKFIiML3S6Hhx7n528yWpOnMJfw==
- fontsource-radio-canada/5.0.1/latin-ext-700.css: sha512-nffx7pwskrcweIgsepoGFTkS6alDFUNfQSucahmnekb88b1ZKezDxgKj0JebXp7VvdwGomyCGFEI9+VZXWqGXg==
- fontsource-radio-canada/5.0.1/vietnamese-700.css: sha512-06Pya6CGFkP8P+WKozAZdpCpRS650HG31fXgIKos4Kdj4iMA8dB6+mYL5k0yKA6OkrtfYfkMiySTP1rVYnpEIg==
- fontsource-radio-canada/5.0.1/vietnamese-italic.min.css: sha512-6WF9x+eLWhRJNa7xsgOPraG4EI/Y+wV2bBvyFOV01lRekn1AaG8/6uf5aCsap6UvuBmXcmcOMTxwpxTj/K1Qaw==
- fontsource-radio-canada/5.0.1/latin-300.min.css: sha512-b71n/ylo4vOZyBk4RQTVXKvfg8qFGwjPbGAN+NSBrjfxcXP75DEICzZJw2j9SoixvAqsQxx5EH/gDrD6q45ytw==
- fontsource-radio-canada/5.0.1/latin-500.min.css: sha512-SCawmO1zlt+iL0chl0+mXAO1Wuv0DFwFt2b10er9T4MY8B4dcLzIemcrUbVjOfh1Kou7OiGzLGo45KLlL7GJWA==
- fontsource-radio-canada/5.0.1/latin-ext-300.min.css: sha512-WWODr/hp5NRJvESBfuRkiRKfZ7fIkL0J4FaoWVmT9Ll87hfLTmA4evPn9TzAZKP+sGGd0hvyo3JCnfmoatdpVQ==
- fontsource-radio-canada/5.0.1/vietnamese-300.css: sha512-K0OSP6XhH/xuuwGUjuplg2G94SBZQV7RYsbKhl31DO6KDLmJBx02ymIR7SRENUlLGjc0Sve9JTVwRJZ8GUKBvQ==
- fontsource-radio-canada/5.0.1/index.min.css: sha512-DRWHHwVktCP2FZj2ttzjgOH0GJW5KJvFIRKtx3/e+gDXsV4SsMRKmHpUTyRn8G0zpNZTOWpAqbj7HZ7VMMz4WQ==
- fontsource-radio-canada/5.0.1/vietnamese-400.css: sha512-yguKJjirX3S4dxNN0ttyZ0S1w4jt3DWInhdAKSXNjc4Dj2t+ee8MTESohaVzkVcuFHqXZag9XS8dNi1Ssuh+PA==
- fontsource-radio-canada/5.0.1/vietnamese-600.min.css: sha512-EfgoQ7tIeCCTqsgBUccBU6y55gaTPEWX3qycKJ7VDMHuTcgmRwiPZnDV3uooFBQ5PWoeYa+5C3e7GjVnaXhI1A==
- fontsource-radio-canada/5.0.1/latin-ext-600-italic.min.css: sha512-NCSPUpnOmwVilfem1ICtLIPrVGx/fN32YvEEYxP5H0wSexgej4qE8HmASndBiBuW57YZ0sSrk1r0uDiN2Xvr9g==
- fontsource-radio-canada/5.0.1/latin-ext-600.min.css: sha512-tymrPjjwqAS9EMG9pTj9s6H8NuwoW43WQ779TbFvVv7MKiirXqA2pYLnFMyjcQYDK8f5VkKMmuNbrG2Q8SgoRg==
- fontsource-radio-canada/5.0.1/latin-ext-700-italic.css: sha512-uJcXK6sppDG/WoijQzSmXQe46Tqt34+AbrpihMUVKfb0EurBlTMKNOsVIqssAgBy1we24GbjmW/tpcX/nyfxIQ==
- fontsource-radio-canada/5.0.1/vietnamese.css: sha512-XPRLHsWfa1kYbntNShbj8IYwyx9Ovd4L9vYCeNbBPRM8y/b7riRHcbbuX19CvLeKvNwtdgRLdFumxssAcs1n/g==
- fontsource-radio-canada/5.0.1/400.css: sha512-/pKdVQcjj1YuCgzznZNci8YdgMJqM/22J0Yji07kW3XSyihYkdZ1fR9Y1S4RaaJvWXOdN0dpMQKYc42IHd5Bdg==
- fontsource-radio-canada/5.0.1/500-italic.min.css: sha512-VzQ3LF8TOnZMO4rmNUELmrwlfcZjnt2w7DbCwK94SeeWY5bqBlkRIjCir7vRIQCwFDm+bVqxSjV6razVxQDewA==
- fontsource-radio-canada/5.0.1/index.css: sha512-/pKdVQcjj1YuCgzznZNci8YdgMJqM/22J0Yji07kW3XSyihYkdZ1fR9Y1S4RaaJvWXOdN0dpMQKYc42IHd5Bdg==
- fontsource-radio-canada/5.0.1/latin-ext-400.css: sha512-YJMg9/ZAMjM89cWbWlNXuAXODsJzCv8691IxEUuvP0O5gtsTnmtWeeECR+taxQwC925fyI96y4NQzALBhxxLhA==
- fontsource-radio-canada/5.0.1/latin-ext-400-italic.css: sha512-w4uNlhpwst0yIY0fBZtbHuFnwn00IMfpZqBFD9BtyOIdWsrhrmb2gVe9/uD02NnYFE3WOJ3UG6DQ6QSLhiXDow==
- fontsource-radio-canada/5.0.1/latin-ext-700-italic.min.css: sha512-Tous6sbWgXzAzIO1xohGKjjk2e6l4H0KXaJ8o39YIIzdYDlor5/6lIxz1TcMr8kUkNg0acUfguRJIeI3o3q4gQ==
- fontsource-radio-canada/5.0.1/latin-ext-italic.min.css: sha512-+XXyz2aE1tIk4yZwwrFNgybkm3faFyqymOZxHLWhzK4pEvqQw2e00OKz9X67CS85WooOJMTYAesyRsDLj2p3Vw==
- fontsource-radio-canada/5.0.1/latin-ext.min.css: sha512-R80REpu75Gez1p5rax2Bv+x4heCi2QoTXy7hm0goJaBlMM9MI11Y3+yaD1UDPTRE7K94cZxa2WuhSA8SEH+jeA==
- fontsource-radio-canada/5.0.1/500-italic.css: sha512-dEgxbV1JFaEjGeg1vTVjL5lpkMn4bCgSLhTPEakDIsVJ6Cc6leo05NDPhD/487f75tybKXLdXiK6FmJAuv+vDw==
- fontsource-radio-canada/5.0.1/700.css: sha512-CiNhXq2yJTrGa4TIbtelsTVS5D4LgE+Sc7h7n/GG04kRA9XsctHW99ggru9eaB51hvoZdfd+3ZWC3Zr7XR772w==
- fontsource-radio-canada/5.0.1/700.min.css: sha512-IvfTJV14slS4qIo/e2XuiMRlTxniHvpe4mZvciLjc0UlZuw4vcKgHxLQaDwJmFzuLrchENQSUWcvSK/YyB9osw==
- fontsource-radio-canada/5.0.1/latin-500-italic.css: sha512-MmpyLX55WRRcBmP5qWfIaLHDa8TXKFf1s76a/N09UMwzkpBlhhzjOSa+7b2mdIXvSm+Z3qlTVdOdh/BObm0z6g==
- fontsource-radio-canada/5.0.1/vietnamese-400-italic.css: sha512-qzF3fOMigLnw7WwpQDV4F/boaYcYsuWTt3kLodxZ0+sw+MkBuEg48ENfOg4LI6/7GxdZQuxm3niYXVLgAwHPFQ==
- fontsource-radio-canada/5.0.1/vietnamese-500-italic.min.css: sha512-Yni0ScpVMGi0izfq2TQPBRHaUBByICUxgtHO3jtOYmaEkiw0A87oPML130dh6p7MC7Wy6tve+bjhRD+dEZScCA==
- fontsource-radio-canada/5.0.1/300.min.css: sha512-+4MyGyTbAe+ChgFh60ja3Be7KKXKgK6HV8WNrC3uC27D7SlIVNwBZS9D49B+6dGU9V/awbokdqC3HPtxOFfHIg==
- fontsource-radio-canada/5.0.1/600.min.css: sha512-iCzAKRe3RvRXgwhp2g576fmOjwkO9W+4zQjjevRfYQ2aiIQ7bmhukWGbv1NOZ8hz8VtiRuapDZ2KYyoPFlU59g==
- fontsource-radio-canada/5.0.1/latin-400.css: sha512-zmAfyte0KZ9j+EtYIFrczLNIoIo0kWQWye7AtNu8LLhj1dNbC00Q20ma9wCVXylL6j0sQkq/RGckdY8XiK2VUQ==
- fontsource-radio-canada/5.0.1/latin-italic.min.css: sha512-KOvgUZ8OOtV0BFWqZmj9+vVbP3dQoi4J2xEerVPOt58EkAsuCuxanlkRqKtCUnh3uI8Z/DtdmdsAtsrguWnm2A==
- fontsource-radio-canada/5.0.1/latin-500.css: sha512-SytWlKIFlTLABrg0aq7cal3LaCLJ0T0rk3auol8i9f2axyTUfF44RiLg4hWKN7P3BxmnXJXCJb2EJwB2Buw6kQ==
- fontsource-radio-canada/5.0.1/latin-ext-400.min.css: sha512-WlHpfrGOEZRzFWX5IKLe52/8kO7zVkUfDkJUAP/aOb2FFPNdhYrHWkawRxDfnRk4Rpfib8pOFc1b4/x6Z1DDaA==
- fontsource-radio-canada/5.0.1/latin-ext-italic.css: sha512-6vyAeocWPQxmDAavaVujfjAg+VH3SXigEM7Rcnr/yhLKWv5abphzaqKQBB58q7P45xCjF4lahyI2xfCgDYsO3w==
- fontsource-radio-canada/5.0.1/vietnamese-700.min.css: sha512-0FysekjRSri+qcgucO9PVDKgKGkUTxCkvzSl75AeO8VxNX6cgx2+yIi1UrM9PEyF299MbtoDpVZLUO0/7BZQgg==
- fontsource-radio-canada/5.0.1/300-italic.min.css: sha512-18ItUk/URoaCTJD4Vcl2PILz+UH7/Ravroz+aDm8nC/L6HKRnqX0kYicImJd2mT993Vu7i6SVkKRtncThCJNlw==
- fontsource-radio-canada/5.0.1/500.css: sha512-AzIt04D+SbOj7TK/hbNxjcIvSzPTUgpR68F+raaqvz4lN1V/S+by1aPX1ELKJ4f6QdSwh+znhwlZ1EzPp6Dvhw==
- fontsource-radio-canada/5.0.1/700-italic.css: sha512-aLpZSwcsjIaU++4Wd8ELq4LctL5FyKCJ+ztB2fGX5hye5LXnaWoriNaU9wbJ3sAA0LZX4l9PhRMjp6wIO7k21g==
- fontsource-radio-canada/5.0.1/latin-600-italic.css: sha512-empmlsC/8hhcRjj4Wdc1T3E1Xt0nb6KN+tsf7TQQnlwCM6JXaTesI1cvnwQdJ6IMVbXKkb5ziYRogIYsnWXjPA==
- fontsource-radio-canada/5.0.1/latin-italic.css: sha512-OpcGJKVQTxcMJP6WMcx9skmzd2hbn1wkkhpADSoXekT1HTK5nfYu49qskxRLdHmHMowsTYZD9DEZmTH899toeg==
- fontsource-radio-canada/5.0.1/vietnamese-600.css: sha512-3vdM5H0oqZ1y3ddA5YDIohtSPpIeJxFhhTCOcFg/PU691H0Ou4fPw2OQDs6Y0ida1+ArC3qJ4df6uZvqJnmcwg==
- fontsource-radio-canada/5.0.1/vietnamese-300.min.css: sha512-2EodHCMHkrFMUqou46YYQlg0HfXayGjTGEZ1mXeh9FqHko1r8rBuoRXBD3S6wmxJpTLiYe+6OMOEuxFuHN7uWg==
- fontsource-radio-canada/5.0.1/vietnamese-600-italic.css: sha512-P8zd/FQNPXzw99+CPD9HVQHCpwYNMlI5EiH8RRrwB4BpzekEp5KtAXL0fVaUCED6n7nOwwtindVJGZcoTVLG2A==
- fontsource-radio-canada/5.0.1/vietnamese-600-italic.min.css: sha512-bNfFZJ13bqgMhvoHsdKUoNIXavqxUIumymPvwfqhdWGpKzPYhemveEfiulxgOxw5899rwUZeHHyKIEz8T7hgsQ==
- fontsource-radio-canada/5.0.1/vietnamese-700-italic.css: sha512-R1NLaJXWdtRpduOfSrfN81DGS5MSrtnRfHyq0xjg1K/Lc0axKffA2hvDbxO7PmyFWjTlTpS1BqApmxG5+u51/Q==
- fontsource-radio-canada/5.0.1/600.css: sha512-+/VcDQAHGzAkd0o2jnKinLzSDF2IhhvhmX80zaAbOfGKdnlQqWkWKRhyfXNluu0nuggxwZxKlnBFKsySZEFSxw==
- fontsource-radio-canada/5.0.1/latin-400-italic.min.css: sha512-bgmpryviCjeTBjneT7d8PbLgAHDeWpuDSd2KG1AX19Rp6yZdgjTnczE506WQ6UAvh9xGT8J9SPt2cBk8tPEzdA==
- fontsource-radio-canada/5.0.1/latin-600-italic.min.css: sha512-thXVcQSGxuqnsNBOp+c618VI5zqZim2DP0+cGyt92dSeVkShQ5BYJVhErLYKzRlDf+6MXuM+QW/xo8UQugkcXA==
- fontsource-radio-canada/5.0.1/latin-ext-400-italic.min.css: sha512-cwINsnPI2QF/n5RuibJXsaTa/7Or9gwP4ybpF7hvDhovq7DTbzAmDqM3+TKqxdOPf4CestRaIBJIVOEWp0UA0Q==
- fontsource-radio-canada/5.0.1/latin-400-italic.css: sha512-lq2JH5J6nV7kUpSEqPCvhM99ag09u2riizWq7dcry9jaogVkrsgMNQFCpgc5H6ybtMcl7hM8QgS3ydgiCDU5XQ==
- fontsource-radio-canada/5.0.1/latin-ext-300-italic.min.css: sha512-AH+V2jV9Piai6eTxqa9b74r//jiZKRJpCs2AXUv3NoIa81SAesvl0J/EXF9DiOC9g2qL7uBmBBi3BcA7OrXAUw==
- fontsource-radio-canada/5.0.1/latin-ext-500-italic.css: sha512-aQT/qr5QqYrCZ5y6hkswFvbZFU2uXJUiJ6FnPB5yYwxaBChJKizSIFiZofKsa4u46PkuY+JjK/V9sWGn54daxg==
- fontsource-radio-canada/5.0.1/latin-ext-600-italic.css: sha512-CtdqAIwELHEFHH3KENInqXyyPCRHSGXcZE7Hc4AKwwI9byfAEdFvcPVeAu510WE8VvxzuuRzXZLvtBIJq0rPnQ==
- fontsource-radio-canada/5.0.1/latin.css: sha512-orMvTOxOFwfOapLtAqYqo2P6HUGNqf/pN4uOT2zif4h9AVYQMY1n8P/UQrvu4MjKZePaYDn/YNNzLzcU7+zxtg==
- fontsource-radio-canada/5.0.1/400-italic.css: sha512-jpWs5j3d06Kt6BCeQE8j79YdaCM2w7lWofGBBDoYvxauI9ZDESBUHwNrkx3YFQdE1uEeh6EOJEBccDzITLYuWw==
- fontsource-radio-canada/5.0.1/400-italic.min.css: sha512-3RUKycPaOJm9wMvKDwLg9irNBLV0m+yOOCoe+5EqTgNsTFZ558DPZP9tcfnpftHti7X2iYRjqTRvzOaUll54jQ==
- fontsource-radio-canada/5.0.1/latin-ext-500.css: sha512-UxCnlZfUWNiw6/rjx62CTcEcjedHv9nKjY60Kw1UtreDw469kf4YaN2YUmsodoeHCLXk75/Xg3eXNBZgX2Dsxw==
- fontsource-radio-canada/5.0.1/latin-ext-500.min.css: sha512-Q6rKOwYGBOtgc7asuU3s9VETIzyf2dAqh11Jx9NhD1/4cZnfaitQbXoqblPTUqNAlDJyfa6cmDys0rABPYtS9g==
- fontsource-radio-canada/5.0.1/latin-300-italic.min.css: sha512-dyT4jxf6+c3VN5YvIowPvtKfVPCiPGQRghaF6VdYVJl5kzQ4JLGzvhwTqFgnHq1xr+FjUFIupSJ8GJmgK/MeKA==
- fontsource-radio-canada/5.0.1/latin-700-italic.min.css: sha512-c3IjFcogqJ/j9QJimDuF75OVVkojSEf3MAfyFDeqpT6pMOdwMQD49UYpgYlxM6pl1BcuO/jq00Cl1j4JOAjjzA==
- fontsource-radio-canada/5.0.1/latin-ext-700.min.css: sha512-nLUizDB7CdO2oR9fuKAapdl1jWtlOwtgtMemTnkJ7V1Xhcrgmq3xTML/Dn3WxhrmrNs8lKFxjpKDJqOXGLe/Lw==
- fontsource-radio-canada/5.0.1/vietnamese-400.min.css: sha512-N8VZ7HlzokT8htAP7GPFbQlzzy0Oy9TvruYPMa4YSXf4fPtMZILDLlD62TKC+uQjPurZjhQmPZu50R1ZHF0jtQ==
- fontsource-radio-canada/5.0.1/latin.min.css: sha512-EvQ+BsNc8moWXbRM3gJ2LLi3mulTslsS5WhR6mqTNgchOZCp4V4irfMZx0kbHWqAATcK7p8eoccpCB5cmr5S9A==
- fontsource-radio-canada/5.0.1/vietnamese-400-italic.min.css: sha512-sVc0xrnIK4pfYb/BOQzuMe5O7I158JmjLogy807gMEduWU3vRW4+ZRM6e7xG9bWonNKSKu+PqrjLKetgPfdVEQ==
- fontsource-radio-canada/5.0.1/vietnamese-500.css: sha512-0d77T3TYB7FHdbGewDsrIdGz2Gom+tlZudtE9UhjblDNq1ra+CV9R85w6AzG6jp9sN3uDPgFZsi0kxEdHBd2QQ==
- fontsource-radio-canada/5.0.1/300-italic.css: sha512-6daTutGFK9OsP4+WdK2M55oNgjLOQMUSge1gARbp0ZJV+JvVQQi2GrQbLwCdpQDjbw0oK4zB13Qy6D04XwsPuA==
- fontsource-radio-canada/5.0.1/600-italic.min.css: sha512-SGQ5XOH15EbnjeSF37OKuRA5rzRWiU44kxyfwS0ugNQy+34Ki43JtyEUzfvBikH/9pEaqIVL45peGXao3324vg==
- fontsource-radio-canada/5.0.1/latin-300.css: sha512-KYXUO4TX1IF+DX/fru2RcMeeveKdm54gSY9WGreqpLVNLDl6ILjHFbgSf3Xzv6s/5h31HrpdY/cq4jN7Uyeb/w==
- fontsource-radio-canada/5.0.1/latin-ext-500-italic.min.css: sha512-RyLutllk6ezMDtfkYEXEXw5Cmw+NPpsUw1SUWfuXNi4VEawjnbDXQ0e6Xd1bvumBUqCdk5VPByP3vZoupUXdWw==
- fontsource-radio-canada/5.0.1/latin-600.min.css: sha512-cU96nl0taYmBhgvuDDvOkVPOWN2GOPOgJeBixY6ZyHrRcp5ZVxUeFDquB9dFGAYvHSYjR8i32qQCfkPZiT3T2w==
- fontsource-radio-canada/5.0.1/latin-700.css: sha512-8eW7UPd5lzXCkex/WUbustd7WGBum/yizgkr/Ab8x46lryPGsS92yBoniYFbcZwU6Rln2/blkuANxBlopwwp/w==
- fontsource-radio-canada/5.0.1/latin-ext-600.css: sha512-8405WpJIJdp9szis40ZgJYzSy+j5+ey6AGHqDFGj8/bo8JF/tXbE/qPIvi5llKHpWXpujoalI5fLbcsiwAZaHA==
- fontsource-radio-canada/5.0.1/vietnamese.min.css: sha512-vn6VJBRWqkrwaCnyJ+AqloExgJt2dSwVHOrRBaX6Z23M7DJgyq1Vw/k9E5GMVkod9lWtdMRVlHoc4vTEuRK1mQ==
- fontsource-radio-canada/5.0.1/500.min.css: sha512-1bFdRPuCfaSYNinZ3Z3Ys2ferFXgWRSKNwx5GAGlcwNUGbNgrVC7tclEesepwuPsS39vDGHeBI6vWtSEb1sAww==
- fontsource-radio-canada/5.0.1/latin-300-italic.css: sha512-wZ/9X5WVavUQ9XMhJgsku8Km4kkFxZLkRON/zuwYP8Wdl4p2IXThIZ+hOHIVKwzXcPtDauBTjpr1XBVwNqBo0g==
- fontsource-radio-canada/5.0.1/latin-400.min.css: sha512-0FQpSZWoLZKG0b9wtPlTCM/Mnq0w5/qNrykHFnXO2qrlWjeDvQMFtsgKuEZD8GkvJLUw6ViJn7HUe/OWGe0K4Q==
- fontsource-radio-canada/5.0.1/latin-500-italic.min.css: sha512-2EhZVMBEz/oKiVotcy/wxB7H/CLALPqzgAO0MLE7ns4Fc+jtCrAdV9eTl86wcOUik+SBb3m89Z4Yt7H58JDVzA==
- fontsource-radio-canada/5.0.1/latin-700.min.css: sha512-pUYF29rqrPm96VynUV0lfNLzavkw8DBMb0KTh/zF3cvu9jatlUWd/fEqG5iyIQSf0uFt8D0azToYS4lEZO1ufA==
- fontsource-radio-canada/5.0.1/latin-ext-300.css: sha512-zguNtaV6b4latCMJhiZ+ECSdlSKRCCoYicxB/YS0ou6B/ppMln1Fvucs46JuiDbuTpc7PnVUBeYvacV5kZBupw==
- fontsource-radio-canada/5.0.1/vietnamese-300-italic.css: sha512-m5p5tY/5f0EcAZBauE+ukJ3XsImdJqL0u6dUM9Z3Jg11c+ZwHSUxgptfZR1w6CesX3TrrO6bQ+TZwa6pvqW10A==
- fontsource-radio-canada/5.0.1/vietnamese-700-italic.min.css: sha512-qVUP4Y4O0n3qWCX7lIIlZBomSEwgLm0pI6m/qYEunMamxO37CD6LZ4Dp9g8P99aMvHRl6+WuZ57jzvb9oNAXOg==
- fontsource-radio-canada/5.0.1/300.css: sha512-tspskgmrUU9bLD+dR/Kj/6dmXk0Tnj4r6rMhG8KCfeCLFYVl34MtY9i01AMNtRDCJi0x5ZPY9N9ePE/XpXODGA==
- fontsource-radio-canada/5.0.1/600-italic.css: sha512-jrs6WVb5kk6AWwKEGopfVNOhCR9WZ178BMPFErVRGMp3vcQkMRW+JndzYB0hFZTsvLgloyU3J/5Pvg8WvRJZwQ==
- fontsource-radio-canada/5.0.1/700-italic.min.css: sha512-f956RJyJVBtSCzhKSQWcz02r/UyFSL/sPBDecv6/lAyJOKMG7iUCPExvMgublInBJxuGbOfSV19R5UckNu2jaA==
- fontsource-radio-canada/5.0.1/latin-600.css: sha512-pG/0rYnXJzzFi53Nfzu4MWwtyJoUQh+j06TV9havyt+orT6Czd6x6M4i4zlb6xcaA7WUqrA13OH/6/n3HW6AZg==
- fontsource-radio-canada/5.0.1/vietnamese-italic.css: sha512-bp+Z+/SUAG3g2rRvS6DlCwx7zyt8q5BQzGLM3pepi2racYDyiiAB5qIxWf+zUefs/a6S0Z2JlGM+yZtYeRCuGQ==
