2023/02/28 12:32:01 optimizing files (Js true, Css true, Png true, Jpg true)
2023/02/28 12:32:01 /tmp/work/js/buttons.semanticui.min.js already has corresponding compressed file
2023/02/28 12:32:01 /tmp/work/css/buttons.semanticui.css already has a compressed version: /tmp/work/css/buttons.semanticui.min.css
2023/02/28 12:32:01 sri /tmp/work/css/buttons.semanticui.min.css -> /output/buttons.semanticui.min.css.sri
2023/02/28 12:32:01 /tmp/work/js/buttons.semanticui.min.js is already compressed
2023/02/28 12:32:01 sri /tmp/work/js/buttons.semanticui.js -> /output/buttons.semanticui.js.sri
2023/02/28 12:32:01 sri /tmp/work/css/buttons.semanticui.css -> /output/buttons.semanticui.css.sri
2023/02/28 12:32:01 algorithm: run /usr/bin/brotli --quality=11 --output=/output/buttons.semanticui.min.css.br /tmp/work/css/buttons.semanticui.min.css
2023/02/28 12:32:01 algorithm: run /usr/bin/brotli --quality=11 --output=/output/buttons.semanticui.js.br /tmp/work/js/buttons.semanticui.js
2023/02/28 12:32:01 sri /tmp/work/js/buttons.semanticui.min.js -> /output/buttons.semanticui.min.js.sri
2023/02/28 12:32:01 algorithm: run /usr/bin/brotli --quality=11 --output=/output/buttons.semanticui.css.br /tmp/work/css/buttons.semanticui.css
2023/02/28 12:32:01 algorithm: run /usr/bin/brotli --quality=11 --output=/output/buttons.semanticui.min.js.br /tmp/work/js/buttons.semanticui.min.js
2023/02/28 12:32:01 br /tmp/work/js/buttons.semanticui.min.js -> /output/buttons.semanticui.min.js.br
2023/02/28 12:32:01 gz /tmp/work/js/buttons.semanticui.min.js -> /output/buttons.semanticui.min.js.gz
2023/02/28 12:32:01 br /tmp/work/js/buttons.semanticui.js -> /output/buttons.semanticui.js.br
2023/02/28 12:32:01 gz /tmp/work/js/buttons.semanticui.js -> /output/buttons.semanticui.js.gz
2023/02/28 12:32:01 br /tmp/work/css/buttons.semanticui.css -> /output/buttons.semanticui.css.br
2023/02/28 12:32:01 gz /tmp/work/css/buttons.semanticui.css -> /output/buttons.semanticui.css.gz
2023/02/28 12:32:01 br /tmp/work/css/buttons.semanticui.min.css -> /output/buttons.semanticui.min.css.br
2023/02/28 12:32:01 gz /tmp/work/css/buttons.semanticui.min.css -> /output/buttons.semanticui.min.css.gz
2023/02/28 12:32:01 processed datatables.net-buttons-se
