config: {"authors":[{"name":"Daybrush","url":"https://github.com/daybrush"}],"autoupdate":{"source":"npm","target":"moveable","fileMap":[{"basePath":"dist","files":["*.js?(.map)"]}]},"description":"Moveable is Draggable, Resizable, Scalable, Rotatable, Warpable, Pinchable, Groupable, Snappable.","filename":"moveable.min.js","homepage":"https://daybrush.com/moveable","keywords":["moveable","resizable","scalable","draggable","rotatable","groupable","movable","warpable","pinchable","snappable","clippable","roundable","border","origin","dom","resize","scale","drag","move","warp","rotate","react","preact","throttle","group","pinchi","snap"],"license":"MIT","name":"moveable","repository":{"type":"git","url":"https://github.com/daybrush/moveable.git"},"author":"Daybrush (https://github.com/daybrush)"}
KV keys:
- moveable/0.51.1/moveable.cjs.js.br
- moveable/0.51.1/moveable.cjs.js.gz
- moveable/0.51.1/moveable.cjs.js.map.br
- moveable/0.51.1/moveable.cjs.js.map.gz
- moveable/0.51.1/moveable.cjs.min.js.br
- moveable/0.51.1/moveable.cjs.min.js.gz
- moveable/0.51.1/moveable.esm.js.br
- moveable/0.51.1/moveable.esm.js.gz
- moveable/0.51.1/moveable.esm.js.map.br
- moveable/0.51.1/moveable.esm.js.map.gz
- moveable/0.51.1/moveable.esm.min.js.br
- moveable/0.51.1/moveable.esm.min.js.gz
- moveable/0.51.1/moveable.js.br
- moveable/0.51.1/moveable.js.gz
- moveable/0.51.1/moveable.js.map.br
- moveable/0.51.1/moveable.js.map.gz
- moveable/0.51.1/moveable.min.js.br
- moveable/0.51.1/moveable.min.js.gz
- moveable/0.51.1/moveable.min.js.map.br
- moveable/0.51.1/moveable.min.js.map.gz
SRIs:
- moveable/0.51.1/moveable.cjs.js: sha512-DDnB5C5ie3z8V5ChRK+jbyLYmcN+PJwOay9MGhCOzSSW1tRL3jQpY4drkYiNOj8xVN9+l4EY1M5v95dMVG8wJg==
- moveable/0.51.1/moveable.cjs.min.js: sha512-amkv52B6qL37c6qAzOhXIBfpBhfhjiDKp3sYQ++VYtwbE3qisMe5V3rs8Y0mIu9/PV+/uyx1xG0tVg0Jakl9/Q==
- moveable/0.51.1/moveable.esm.js: sha512-VFxbXJWDL0fntDuORjAwzL6gNzE/ASEzviAegOqMdudttMdqDAw8k0vhkNg9NMRfdXqkafHInNBcx+OnhCd7jw==
- moveable/0.51.1/moveable.esm.min.js: sha512-38fbx/FfOhftW6r49bl8K9oau21Hnfx2pQ/NSRKi4QPwM8+dwyIRl+sKgCZ1Q7q2/Frt2ZKnVUK+aJBAVJ3TKg==
- moveable/0.51.1/moveable.js: sha512-hBQb8pphl63uc0fUo3RXcTEvK5Zn/1pJdz91sIv5VwhHZa6l2VnJFnNkUxhEw+OxCINTagK05zYDC+9ywIn0Yg==
- moveable/0.51.1/moveable.min.js: sha512-iuRyWl+6D9HWPSRnYvPSq1wddJ9zzViNFoUnxqwF07OSPowXZ7h6lG6IIMSpO/Dihv9/YvYMiMVZWkF1NB8Z1A==
