config: {"authors":[{"name":"Tony Tam","email":"fehguy@gmail.com"}],"autoupdate":{"source":"git","target":"git://github.com/swagger-api/swagger-ui.git","fileMap":[{"basePath":"dist","files":["**/swagger-ui*"]}],"ignoreVersions":["v"]},"description":"Swagger UI is a dependency-free collection of HTML, JavaScript, and CSS assets that dynamically generate beautiful documentation from a Swagger-compliant API","filename":"swagger-ui.js","homepage":"http://swagger.io/","keywords":["swagger-ui","library","ajax","framework","toolkit","api"],"license":"Apache-2.0","name":"swagger-ui","repository":{"type":"git","url":"https://github.com/swagger-api/swagger-ui.git"},"author":"Tony Tam \u003cfehguy@gmail.com\u003e"}
KV keys:
- swagger-ui/5.4.2/swagger-ui-bundle.js.br
- swagger-ui/5.4.2/swagger-ui-bundle.js.gz
- swagger-ui/5.4.2/swagger-ui-bundle.js.map.br
- swagger-ui/5.4.2/swagger-ui-bundle.js.map.gz
- swagger-ui/5.4.2/swagger-ui-bundle.min.js.br
- swagger-ui/5.4.2/swagger-ui-bundle.min.js.gz
- swagger-ui/5.4.2/swagger-ui-es-bundle-core.js.br
- swagger-ui/5.4.2/swagger-ui-es-bundle-core.js.gz
- swagger-ui/5.4.2/swagger-ui-es-bundle-core.js.map.br
- swagger-ui/5.4.2/swagger-ui-es-bundle-core.js.map.gz
- swagger-ui/5.4.2/swagger-ui-es-bundle-core.min.js.br
- swagger-ui/5.4.2/swagger-ui-es-bundle-core.min.js.gz
- swagger-ui/5.4.2/swagger-ui-es-bundle.js.br
- swagger-ui/5.4.2/swagger-ui-es-bundle.js.gz
- swagger-ui/5.4.2/swagger-ui-es-bundle.js.map.br
- swagger-ui/5.4.2/swagger-ui-es-bundle.js.map.gz
- swagger-ui/5.4.2/swagger-ui-es-bundle.min.js.br
- swagger-ui/5.4.2/swagger-ui-es-bundle.min.js.gz
- swagger-ui/5.4.2/swagger-ui-standalone-preset.js.br
- swagger-ui/5.4.2/swagger-ui-standalone-preset.js.gz
- swagger-ui/5.4.2/swagger-ui-standalone-preset.js.map.br
- swagger-ui/5.4.2/swagger-ui-standalone-preset.js.map.gz
- swagger-ui/5.4.2/swagger-ui-standalone-preset.min.js.br
- swagger-ui/5.4.2/swagger-ui-standalone-preset.min.js.gz
- swagger-ui/5.4.2/swagger-ui.css.br
- swagger-ui/5.4.2/swagger-ui.css.gz
- swagger-ui/5.4.2/swagger-ui.css.map.br
- swagger-ui/5.4.2/swagger-ui.css.map.gz
- swagger-ui/5.4.2/swagger-ui.js.br
- swagger-ui/5.4.2/swagger-ui.js.gz
- swagger-ui/5.4.2/swagger-ui.js.map.br
- swagger-ui/5.4.2/swagger-ui.js.map.gz
- swagger-ui/5.4.2/swagger-ui.min.css.br
- swagger-ui/5.4.2/swagger-ui.min.css.gz
- swagger-ui/5.4.2/swagger-ui.min.js.br
- swagger-ui/5.4.2/swagger-ui.min.js.gz
SRIs:
- swagger-ui/5.4.2/swagger-ui-es-bundle-core.js: sha512-FTYXIT0Cko9W1St1hoytwf4dcLPN8DVXQcB65EG0AGoD3VN/d0JxtD3S12NVx99M1l0GUEBCcGDoKbFbVrZITg==
- swagger-ui/5.4.2/swagger-ui-es-bundle.js: sha512-5SBl+3EioirXpR5gLXiDCMd6xUzwrSP9GNxNSq7M7Per2gJZ2IL5Tg95Ggo0RcZHfxxflbxurRZAdjLBkSwFvA==
- swagger-ui/5.4.2/swagger-ui-standalone-preset.js: sha512-ZO2PlQdCF10PXVY+W1LRzOZHPbkqcOUbWXkMaWHNgCS/c1HPGc0UbxRmCIGzrpI6guFRsCSYiltFpmg29WTUNQ==
- swagger-ui/5.4.2/swagger-ui-standalone-preset.min.js: sha512-o20NIVIiMOcY7Xu7/I2rpNFb7a+/aEYJBmqcq0WBieLWvCvqw8yTc+Ie3aY+eB1x4M97RemIz1yZnbhG3oNhsQ==
- swagger-ui/5.4.2/swagger-ui.css: sha512-9ZJfeEZ6DAr3pstOThylJAyPbhr+BXMiyPsiCWmozVeJrcInppRXLZ9sUOL64n7H7DHsdDlSCRI3qk5/clvnXA==
- swagger-ui/5.4.2/swagger-ui.min.js: sha512-ZGU1SJq7KZYCBpxd9Jhb42MdpDwrpCmKNodYL2HPhP11IPnv3sE9KXvbbQWOKIboldhhVJm4qtFws2Nf9uh8lA==
- swagger-ui/5.4.2/swagger-ui-bundle.js: sha512-l5/LYUvqCJKr9NblefbJPkYEpD3yUiOOXiLUKlibcIbVynsY3UopPYBr0xisoV8By8MulIth7yTLc+KOVt6YeQ==
- swagger-ui/5.4.2/swagger-ui-es-bundle-core.min.js: sha512-ijyL+FIBl0QA1U7tT4+2vdoo8DDFEf/ZOuPaPJrS8IcmgOWxfhnJmQf86FLNdeexDutRwBclLfEk/0i+SDEI7Q==
- swagger-ui/5.4.2/swagger-ui-es-bundle.min.js: sha512-6eU9D6MW8j1NHL6OnxF7Aw2zx8KBAFY70AAcHBbBzwTbW4m8y8PTGO4rNGMMBeBrTwPv0CQltC90vkFhXdRriQ==
- swagger-ui/5.4.2/swagger-ui.js: sha512-C6gaS7ULGTrWEFrJAjZ3Cvug5jgG6W2VaQU8Oke0ibjs/p9VkkFQ+/N1uIdUn+PECC8NdtW5ViwXW7B5cIcqMA==
- swagger-ui/5.4.2/swagger-ui.min.css: sha512-wjyFPe3jl9Y/d+vaEDd04b2+wzgLdgKPVoy9m1FYNpJSMHM328G50WPU57xayVkZwxWi45vA+4QN+9erPZIeig==
- swagger-ui/5.4.2/swagger-ui-bundle.min.js: sha512-9I24bBaI/j2BF/163y1K63vwR1KjpCGWbY77lhxPCPJ2v0LbXcwnuxDiiqUHKsjXBf3qT76/M/VdZBIrcZrm3Q==
