config: {"authors":[{"name":"Google Inc."}],"autoupdate":{"source":"npm","target":"@fontsource/libre-barcode-39-text","fileMap":[{"basePath":"","files":["*.css","files/*.@(woff|woff2)"]}],"excludeFromSearch":true},"description":"Self-host the Libre Barcode 39 Text font in a neatly bundled NPM package.","filename":"index.css","homepage":"https://fontsource.org/fonts/libre-barcode-39-text","keywords":["fontsource","font","font family","google fonts","libre-barcode-39-text","Libre Barcode 39 Text","css","sass","front-end","web","typeface","variable"],"license":"OFL-1.1","name":"fontsource-libre-barcode-39-text","repository":{"type":"git","url":"git+https://github.com/fontsource/font-files.git"},"author":"Google Inc."}
KV keys:
- fontsource-libre-barcode-39-text/4.5.6/400.css.br
- fontsource-libre-barcode-39-text/4.5.6/400.css.gz
- fontsource-libre-barcode-39-text/4.5.6/400.min.css.br
- fontsource-libre-barcode-39-text/4.5.6/400.min.css.gz
- fontsource-libre-barcode-39-text/4.5.6/files/libre-barcode-39-text-all-400-normal.woff.br
- fontsource-libre-barcode-39-text/4.5.6/files/libre-barcode-39-text-all-400-normal.woff.gz
- fontsource-libre-barcode-39-text/4.5.6/files/libre-barcode-39-text-latin-400-normal.woff.br
- fontsource-libre-barcode-39-text/4.5.6/files/libre-barcode-39-text-latin-400-normal.woff.gz
- fontsource-libre-barcode-39-text/4.5.6/files/libre-barcode-39-text-latin-400-normal.woff2
- fontsource-libre-barcode-39-text/4.5.6/index.css.br
- fontsource-libre-barcode-39-text/4.5.6/index.css.gz
- fontsource-libre-barcode-39-text/4.5.6/index.min.css.br
- fontsource-libre-barcode-39-text/4.5.6/index.min.css.gz
- fontsource-libre-barcode-39-text/4.5.6/latin-400.css.br
- fontsource-libre-barcode-39-text/4.5.6/latin-400.css.gz
- fontsource-libre-barcode-39-text/4.5.6/latin-400.min.css.br
- fontsource-libre-barcode-39-text/4.5.6/latin-400.min.css.gz
- fontsource-libre-barcode-39-text/4.5.6/latin.css.br
- fontsource-libre-barcode-39-text/4.5.6/latin.css.gz
- fontsource-libre-barcode-39-text/4.5.6/latin.min.css.br
- fontsource-libre-barcode-39-text/4.5.6/latin.min.css.gz
SRIs:
- fontsource-libre-barcode-39-text/4.5.6/latin-400.min.css: sha512-uQ117dy7lAEP5zUjXSSjwMLheE13i9Ewo5xEwvGNYOOY3EUdj63VMxcJQKUv/qwuJj21CEJ8RHvvtEXduA3Vyg==
- fontsource-libre-barcode-39-text/4.5.6/latin.css: sha512-6vqQS0pIhtXnii3/JgHySASZCZeFdIJxsx15irTSZwZLdY1W6XIuTO1oG3OlhHY0ljV/5L1bm1GMYz0++LpyXA==
- fontsource-libre-barcode-39-text/4.5.6/latin.min.css: sha512-uQ117dy7lAEP5zUjXSSjwMLheE13i9Ewo5xEwvGNYOOY3EUdj63VMxcJQKUv/qwuJj21CEJ8RHvvtEXduA3Vyg==
- fontsource-libre-barcode-39-text/4.5.6/400.css: sha512-GbInTT95Z4B6NM+Jy02P8KYAvMTwcqAbYZZBTCzlQdFY27X18kxscuV+P3d9xaUPO6hrOSfvIoFF2WpN/ASI9w==
- fontsource-libre-barcode-39-text/4.5.6/400.min.css: sha512-00obMNvKL2dwwkKTK4b43GOxVw+albBdod3nqRR3MC+oI+dDhGCRpIdPNb+UV6p3CRqqBa2Mid6V8LbvIh9ejw==
- fontsource-libre-barcode-39-text/4.5.6/index.css: sha512-GbInTT95Z4B6NM+Jy02P8KYAvMTwcqAbYZZBTCzlQdFY27X18kxscuV+P3d9xaUPO6hrOSfvIoFF2WpN/ASI9w==
- fontsource-libre-barcode-39-text/4.5.6/index.min.css: sha512-00obMNvKL2dwwkKTK4b43GOxVw+albBdod3nqRR3MC+oI+dDhGCRpIdPNb+UV6p3CRqqBa2Mid6V8LbvIh9ejw==
- fontsource-libre-barcode-39-text/4.5.6/latin-400.css: sha512-6vqQS0pIhtXnii3/JgHySASZCZeFdIJxsx15irTSZwZLdY1W6XIuTO1oG3OlhHY0ljV/5L1bm1GMYz0++LpyXA==
