config: {"authors":[{"name":"afc163","url":"https://github.com/afc163"}],"autoupdate":{"source":"npm","target":"antd","fileMap":[{"basePath":"dist","files":["**/*.!(less)"]}]},"description":"An UI design language","filename":"antd.min.js","homepage":"http://ant.design/","keywords":["ant","design","react","react-component","component","components","ui","framework","frontend"],"license":"MIT","name":"antd","repository":{"type":"git","url":"https://github.com/ant-design/ant-design"},"author":"afc163 (https://github.com/afc163)"}
KV keys:
- antd/5.4.0/antd-with-locales.js.br
- antd/5.4.0/antd-with-locales.js.gz
- antd/5.4.0/antd-with-locales.js.map.br
- antd/5.4.0/antd-with-locales.js.map.gz
- antd/5.4.0/antd-with-locales.min.js.br
- antd/5.4.0/antd-with-locales.min.js.gz
- antd/5.4.0/antd-with-locales.min.js.map.br
- antd/5.4.0/antd-with-locales.min.js.map.gz
- antd/5.4.0/antd.js.br
- antd/5.4.0/antd.js.gz
- antd/5.4.0/antd.js.map.br
- antd/5.4.0/antd.js.map.gz
- antd/5.4.0/antd.min.js.br
- antd/5.4.0/antd.min.js.gz
- antd/5.4.0/antd.min.js.map.br
- antd/5.4.0/antd.min.js.map.gz
- antd/5.4.0/reset.css.br
- antd/5.4.0/reset.css.gz
- antd/5.4.0/reset.min.css.br
- antd/5.4.0/reset.min.css.gz
SRIs:
- antd/5.4.0/antd.js: sha512-O9MfQcUCL2gMwwmMbB7UYPm3ELYU+LJOtYpuEe0RjgHSmSYb2hQQ7iFBi+GhtM7Bt9YWKDQBnaEv1ZWSV3aXag==
- antd/5.4.0/antd.min.js: sha512-165quvFWHTJDSKk8RpOLEXFaCBezG4OoHMujKN2M4RDnn8gmSulq4vbTI2NBF93Rlsiyh3HgloVBBi0BAqF2Rw==
- antd/5.4.0/reset.css: sha512-pZC2IRT+WsRU/IqN5Bhe0rqQVQUOOQhMrChWriipYy+lcncFKe9C+7p+CI2bz+jqlMAxOulcioNxbvZcsD7erw==
- antd/5.4.0/reset.min.css: sha512-vw1Eh0YXwSfFcRPIxtAvonjwHTEqKqwq7ucziF/ZCMEzRlmECgzmGSIHecwetYQXMUE1AL4mlxI7OCt38WvOgw==
- antd/5.4.0/antd-with-locales.js: sha512-xaseshhLqckFXffLgmdQFa3AI0vVP6BEbVuFyl6FcQVmOEX6/PlRdNFBodhYLEpb03p+LfhBfAUG2iHzqPZiUQ==
- antd/5.4.0/antd-with-locales.min.js: sha512-tBGuENP+b+cmu0Ypj+IB7PRaYp4o8AV9EPa4hGPmPxftHMGtqJ3X5fpYUd1zOe9ld/ChrSrk8+OoFLkdoNaqhA==
