config: {"authors":[{"name":"Facebook"}],"autoupdate":{"source":"npm","target":"react-dom","fileMap":[{"basePath":"dist","files":["**/*"]},{"basePath":"","files":["+(cjs|umd)/**/*"]}],"ignoreVersions":["*-alpha.*[a-z]*","0.0.0-*"]},"description":"The entry point of the DOM-related rendering paths. It is intended to be paired with the isomorphic React, which is shipped as react to npm.","filename":"umd/react-dom.production.min.js","homepage":"https://facebook.github.io/react/","keywords":["react","jsx","transformer","view","dom","server"],"license":"MIT","name":"react-dom","repository":{"type":"git","url":"https://github.com/facebook/react"},"author":"Facebook"}
KV keys:
- react-dom/18.0.0-alpha-bc4e75112-20210815/cjs/react-dom-server-legacy.browser.development.js.br
- react-dom/18.0.0-alpha-bc4e75112-20210815/cjs/react-dom-server-legacy.browser.development.js.gz
- react-dom/18.0.0-alpha-bc4e75112-20210815/cjs/react-dom-server-legacy.browser.development.min.js.br
- react-dom/18.0.0-alpha-bc4e75112-20210815/cjs/react-dom-server-legacy.browser.development.min.js.gz
- react-dom/18.0.0-alpha-bc4e75112-20210815/cjs/react-dom-server-legacy.browser.production.min.js.br
- react-dom/18.0.0-alpha-bc4e75112-20210815/cjs/react-dom-server-legacy.browser.production.min.js.gz
- react-dom/18.0.0-alpha-bc4e75112-20210815/cjs/react-dom-server-legacy.node.development.js.br
- react-dom/18.0.0-alpha-bc4e75112-20210815/cjs/react-dom-server-legacy.node.development.js.gz
- react-dom/18.0.0-alpha-bc4e75112-20210815/cjs/react-dom-server-legacy.node.development.min.js.br
- react-dom/18.0.0-alpha-bc4e75112-20210815/cjs/react-dom-server-legacy.node.development.min.js.gz
- react-dom/18.0.0-alpha-bc4e75112-20210815/cjs/react-dom-server-legacy.node.production.min.js.br
- react-dom/18.0.0-alpha-bc4e75112-20210815/cjs/react-dom-server-legacy.node.production.min.js.gz
- react-dom/18.0.0-alpha-bc4e75112-20210815/cjs/react-dom-server.browser.development.js.br
- react-dom/18.0.0-alpha-bc4e75112-20210815/cjs/react-dom-server.browser.development.js.gz
- react-dom/18.0.0-alpha-bc4e75112-20210815/cjs/react-dom-server.browser.development.min.js.br
- react-dom/18.0.0-alpha-bc4e75112-20210815/cjs/react-dom-server.browser.development.min.js.gz
- react-dom/18.0.0-alpha-bc4e75112-20210815/cjs/react-dom-server.browser.production.min.js.br
- react-dom/18.0.0-alpha-bc4e75112-20210815/cjs/react-dom-server.browser.production.min.js.gz
- react-dom/18.0.0-alpha-bc4e75112-20210815/cjs/react-dom-server.node.development.js.br
- react-dom/18.0.0-alpha-bc4e75112-20210815/cjs/react-dom-server.node.development.js.gz
- react-dom/18.0.0-alpha-bc4e75112-20210815/cjs/react-dom-server.node.development.min.js.br
- react-dom/18.0.0-alpha-bc4e75112-20210815/cjs/react-dom-server.node.development.min.js.gz
- react-dom/18.0.0-alpha-bc4e75112-20210815/cjs/react-dom-server.node.production.min.js.br
- react-dom/18.0.0-alpha-bc4e75112-20210815/cjs/react-dom-server.node.production.min.js.gz
- react-dom/18.0.0-alpha-bc4e75112-20210815/cjs/react-dom-test-utils.development.js.br
- react-dom/18.0.0-alpha-bc4e75112-20210815/cjs/react-dom-test-utils.development.js.gz
- react-dom/18.0.0-alpha-bc4e75112-20210815/cjs/react-dom-test-utils.development.min.js.br
- react-dom/18.0.0-alpha-bc4e75112-20210815/cjs/react-dom-test-utils.development.min.js.gz
- react-dom/18.0.0-alpha-bc4e75112-20210815/cjs/react-dom-test-utils.production.min.js.br
- react-dom/18.0.0-alpha-bc4e75112-20210815/cjs/react-dom-test-utils.production.min.js.gz
- react-dom/18.0.0-alpha-bc4e75112-20210815/cjs/react-dom.development.js.br
- react-dom/18.0.0-alpha-bc4e75112-20210815/cjs/react-dom.development.js.gz
- react-dom/18.0.0-alpha-bc4e75112-20210815/cjs/react-dom.development.min.js.br
- react-dom/18.0.0-alpha-bc4e75112-20210815/cjs/react-dom.development.min.js.gz
- react-dom/18.0.0-alpha-bc4e75112-20210815/cjs/react-dom.production.min.js.br
- react-dom/18.0.0-alpha-bc4e75112-20210815/cjs/react-dom.production.min.js.gz
- react-dom/18.0.0-alpha-bc4e75112-20210815/cjs/react-dom.profiling.min.js.br
- react-dom/18.0.0-alpha-bc4e75112-20210815/cjs/react-dom.profiling.min.js.gz
- react-dom/18.0.0-alpha-bc4e75112-20210815/umd/react-dom-server-legacy.browser.development.js.br
- react-dom/18.0.0-alpha-bc4e75112-20210815/umd/react-dom-server-legacy.browser.development.js.gz
- react-dom/18.0.0-alpha-bc4e75112-20210815/umd/react-dom-server-legacy.browser.development.min.js.br
- react-dom/18.0.0-alpha-bc4e75112-20210815/umd/react-dom-server-legacy.browser.development.min.js.gz
- react-dom/18.0.0-alpha-bc4e75112-20210815/umd/react-dom-server-legacy.browser.production.min.js.br
- react-dom/18.0.0-alpha-bc4e75112-20210815/umd/react-dom-server-legacy.browser.production.min.js.gz
- react-dom/18.0.0-alpha-bc4e75112-20210815/umd/react-dom-server.browser.development.js.br
- react-dom/18.0.0-alpha-bc4e75112-20210815/umd/react-dom-server.browser.development.js.gz
- react-dom/18.0.0-alpha-bc4e75112-20210815/umd/react-dom-server.browser.development.min.js.br
- react-dom/18.0.0-alpha-bc4e75112-20210815/umd/react-dom-server.browser.development.min.js.gz
- react-dom/18.0.0-alpha-bc4e75112-20210815/umd/react-dom-server.browser.production.min.js.br
- react-dom/18.0.0-alpha-bc4e75112-20210815/umd/react-dom-server.browser.production.min.js.gz
- react-dom/18.0.0-alpha-bc4e75112-20210815/umd/react-dom-test-utils.development.js.br
- react-dom/18.0.0-alpha-bc4e75112-20210815/umd/react-dom-test-utils.development.js.gz
- react-dom/18.0.0-alpha-bc4e75112-20210815/umd/react-dom-test-utils.development.min.js.br
- react-dom/18.0.0-alpha-bc4e75112-20210815/umd/react-dom-test-utils.development.min.js.gz
- react-dom/18.0.0-alpha-bc4e75112-20210815/umd/react-dom-test-utils.production.min.js.br
- react-dom/18.0.0-alpha-bc4e75112-20210815/umd/react-dom-test-utils.production.min.js.gz
- react-dom/18.0.0-alpha-bc4e75112-20210815/umd/react-dom.development.js.br
- react-dom/18.0.0-alpha-bc4e75112-20210815/umd/react-dom.development.js.gz
- react-dom/18.0.0-alpha-bc4e75112-20210815/umd/react-dom.development.min.js.br
- react-dom/18.0.0-alpha-bc4e75112-20210815/umd/react-dom.development.min.js.gz
- react-dom/18.0.0-alpha-bc4e75112-20210815/umd/react-dom.production.min.js.br
- react-dom/18.0.0-alpha-bc4e75112-20210815/umd/react-dom.production.min.js.gz
- react-dom/18.0.0-alpha-bc4e75112-20210815/umd/react-dom.profiling.min.js.br
- react-dom/18.0.0-alpha-bc4e75112-20210815/umd/react-dom.profiling.min.js.gz
SRIs:
- react-dom/18.0.0-alpha-bc4e75112-20210815/umd/react-dom-server.browser.development.js: sha512-s9v4cPrtRSD5VsKQoEOeOATPYHK9Es5MjhQy55y1d4SVOmYNKiBiXZOFFgCDMVnAFCGt1IE/dXz9xgU6YSiVFg==
- react-dom/18.0.0-alpha-bc4e75112-20210815/cjs/react-dom-server.node.production.min.js: sha512-jw+nIAaWf6bI8D9QTNq/t2uz5T+etTOvAYURuyTpG/7OVgBjyabetBJrpUrGlabPOwe84hWVR1m+F2sKl3sApw==
- react-dom/18.0.0-alpha-bc4e75112-20210815/umd/react-dom-server.browser.production.min.js: sha512-3b7xdGFPxmDqU2uF3VrEXrQqnzmehOOp+RisLTHMHxPZEOTob8l61nFyW2PIR4I2tV+pLwim7OzkQTAwNHA7Zw==
- react-dom/18.0.0-alpha-bc4e75112-20210815/umd/react-dom-test-utils.development.min.js: sha512-8y0495w1v9BbeMMOY+2chfoiLNtsC+hr+FJdvi32HhzXU4OaHuK6n0VV7+2d098mvWqZryUW5Ebr32S3Z3rmjA==
- react-dom/18.0.0-alpha-bc4e75112-20210815/umd/react-dom.production.min.js: sha512-DMCGkVCF04hYYSO4X1mQhMfjdiilNTja3T/NnK02Zs/hsc/jpfnYQ/+Ura375lTzlKrI1z9eoe2X+W4P3pmbGg==
- react-dom/18.0.0-alpha-bc4e75112-20210815/umd/react-dom.profiling.min.js: sha512-SW8udhWmBE9kZXkQHxu9yuVm5UXzETjCKpba/rUsx11lWSZHbF5V0b//A+Ch/4Nf3Pnz/q1op31z0IRh9G1ldw==
- react-dom/18.0.0-alpha-bc4e75112-20210815/cjs/react-dom-server-legacy.browser.development.js: sha512-FjuMxK1XD9a4cTDGFjzcE1ibGaaeQQu4RPl2E/0X2t0O7XDUn5rKQPTkslG+8KmZBz2fOsRiEPoA/7r8kvo1+g==
- react-dom/18.0.0-alpha-bc4e75112-20210815/cjs/react-dom-server-legacy.browser.development.min.js: sha512-/ZTn8/1a0+5J4aIrqbLm/tnaELJHnMfPdYjgA5Dd5s4KSwufya4amznoxzgfnv1mmlnhKNxgnBgTLP1sDZV5UA==
- react-dom/18.0.0-alpha-bc4e75112-20210815/cjs/react-dom-server-legacy.node.development.js: sha512-Bibf3b2ymSF+PWLIZzxjzk6vuUJbPZcDkhjJhbNiPndV6spNUch4eczKPTd0KlgQyT6bZ0P2dbI1GHENyJQUCg==
- react-dom/18.0.0-alpha-bc4e75112-20210815/cjs/react-dom-server.node.development.js: sha512-MsbUvZCcsSr0Pwwl/mjpqEtUnFYS7i60iqomI5c5jHCExMkLIxLgB8pckaj9BHSr0Y09ThVJcKwpAKro9uu/gA==
- react-dom/18.0.0-alpha-bc4e75112-20210815/cjs/react-dom.production.min.js: sha512-Yp9TqKrvnPXM4YaJaUvvr74sXTwz6ACA4k3MFgfLBSU9ASDVwbQ5GnHI/8uWsia3oXearfUkjKq6WClLrAXiMA==
- react-dom/18.0.0-alpha-bc4e75112-20210815/umd/react-dom-server.browser.development.min.js: sha512-BwjSpdZCuVZcAlpiFo1HKt+do4Mq34lM1emCMC9EQt4O3MGt/R0jmuyvKsQqqLHX40sJQDCnUVWMgMrdRzhmHg==
- react-dom/18.0.0-alpha-bc4e75112-20210815/cjs/react-dom-server-legacy.node.production.min.js: sha512-cYaZQvr4OEJoOrZI+0HAi62MHnY4FDyAX55q3GlzRdWacPNy7JG6ek5a+fwu6jffiOWxTQRgmlpjdaM8NGoBKA==
- react-dom/18.0.0-alpha-bc4e75112-20210815/cjs/react-dom-test-utils.production.min.js: sha512-vyu90kcvGr25XIUTHoHJJeMyE/JG3xCYtdwkp8lJ7jG91TicgZVRcVA7JrDDaXuJIAeyxzfb3bax/6AOkw1HDQ==
- react-dom/18.0.0-alpha-bc4e75112-20210815/umd/react-dom-server-legacy.browser.development.js: sha512-QkCY472V0Eo5UBH9mdC+KvswtGU3gQpbE1zFoCP/lRpxlHmJqgQMcX87juChDeYMxjdgzb+TVsyLseuYnTbqNg==
- react-dom/18.0.0-alpha-bc4e75112-20210815/umd/react-dom-server-legacy.browser.production.min.js: sha512-WxB7ml4iDZlO5F+51atHZvrXx8AYKdgu/JmfIjDvRDdKsTC93sIxM2VjF/ctKDFGitObarwekj6wYgAG2s10+Q==
- react-dom/18.0.0-alpha-bc4e75112-20210815/cjs/react-dom-server-legacy.browser.production.min.js: sha512-0rhVq5go5iPaBVyTuuWrfxf3ywm/SaJekkNVSJEO5RdPBjRC/F6iFq+LLHWpzcErB98AVX8rq4a5EPCm2rDTsQ==
- react-dom/18.0.0-alpha-bc4e75112-20210815/cjs/react-dom-test-utils.development.min.js: sha512-0InIW/mOKi94gUlBNk2pOqQcgMlEkEF5LKmqBgI2JShL7FhwkrDx6ldQqDGatd739IlQQbBnvv44uPQAZ43xZA==
- react-dom/18.0.0-alpha-bc4e75112-20210815/cjs/react-dom.development.min.js: sha512-9DpmS8cgOU2/m+MD5K3YRkxXu8O9oLcq6jge0bqA8R75q3zaPuu9O+NS+dj2Tzs072B8ZTuLNf5+d1QKySgkcQ==
- react-dom/18.0.0-alpha-bc4e75112-20210815/umd/react-dom-test-utils.development.js: sha512-FXadv5KGWPeS8pX1Jck/0WsvBd10h+jboG0xeTzdbiz0L2YpvxMUXkuAiq3IBHzbRka0cy7DMd2WKZCXpGRrlw==
- react-dom/18.0.0-alpha-bc4e75112-20210815/umd/react-dom.development.min.js: sha512-aAE1uFmQEZTe6CAlXMyEbaw574tOozP8xdin/tkkbDG0SzlXvQKmE77Wor8o31cSqhE5W469wcjneumHxX9Vdg==
- react-dom/18.0.0-alpha-bc4e75112-20210815/cjs/react-dom-server.browser.development.js: sha512-0yAWPOgqmjpL5vB9DC1P0yFhB6kxA2IR4fe5YnI4Pd1iR58VuT4qS8YlIK+7D5jB8PsII7fPMY+NPqGBydDO0Q==
- react-dom/18.0.0-alpha-bc4e75112-20210815/cjs/react-dom-server.browser.development.min.js: sha512-YvLgiQ761S7SxEuD1SZr+QWPJ3Na/xAgtpoeoPmd++FMvj6IQAXkvBVeT0KlB7Vadpjm5KqHlRxRd46PZXGtOg==
- react-dom/18.0.0-alpha-bc4e75112-20210815/cjs/react-dom-server.browser.production.min.js: sha512-KaeoNSREqi6K45hott3FzWqp6vaPb9gGajmTtjNSlsMaTvndz4No4Ds5MZAJ/wLOaDt19kyaCWs0ZXUr1UPK3A==
- react-dom/18.0.0-alpha-bc4e75112-20210815/umd/react-dom-test-utils.production.min.js: sha512-MjGDmPD259/JgNa5vjm6q0oiHqCDLkh/zb3ZfzLbbjpj70wHfSoIzJo7qto3+algBSQl4iP0wkcQksPUxAnz0Q==
- react-dom/18.0.0-alpha-bc4e75112-20210815/cjs/react-dom.profiling.min.js: sha512-++IFT8uBxo1prblZGvNaWKRrnc5iDWiX07k/yMP7QgrN2ml6TpqU5+MeSzI0ooUtA2UEKbrkY5tMbAiJ/DfsYQ==
- react-dom/18.0.0-alpha-bc4e75112-20210815/umd/react-dom-server-legacy.browser.development.min.js: sha512-lOSIgoIfDqsg8BB9QiHh3PD8pxDjElENgtBS54drAzpL4UJsrhplJX8sApKaKBXT/siTcyErzVeodZME4E+xiw==
- react-dom/18.0.0-alpha-bc4e75112-20210815/umd/react-dom.development.js: sha512-D8U5Az5q6h9e7baSQ9mtcn7iH/32AHkO9KIRf0tgFi4NV49G0InpzRSVzQs41IXa9okoXjHKwxv+l+Pmf8DiGQ==
- react-dom/18.0.0-alpha-bc4e75112-20210815/cjs/react-dom-server-legacy.node.development.min.js: sha512-MnugrCP05pTDOYaYPq0WoHy4HbnU1s1O54A3n6jeLZtCEHQc2wQlA6U66xC0DTJs70XjFt9yPpgTV3+LY4d5hg==
- react-dom/18.0.0-alpha-bc4e75112-20210815/cjs/react-dom-server.node.development.min.js: sha512-Hd4FCPPkkinToWp22FO//TQ1JzNtOCLaqYOHO+0bvimyontfwVhS7fPBnjKIVz+D5RqFY5+vpDThuXMGy7SzhQ==
- react-dom/18.0.0-alpha-bc4e75112-20210815/cjs/react-dom-test-utils.development.js: sha512-dRoU1ULVIjcMqH0L3a6RcZcW2RJk2QUxYo2pYuZg4bIjkPZCNy3Y4TFFNdxCBYLRWAHoThXbXgdFp3rFvv016w==
- react-dom/18.0.0-alpha-bc4e75112-20210815/cjs/react-dom.development.js: sha512-50q5QAWYmDejBiaX6emx9JUds8DubxfhymZWSYyokpwvGx9QRN677UdHEiLCUKZTQWiNqxEX7UB99w8HtQdsvg==
