2021/08/14 00:31:23 optimizing files (Js true, Css true, Png true, Jpg true)
2021/08/14 00:31:23 match **/* in /tmp/work/dist but doesn't exists
2021/08/14 00:31:24 compress: run /node_modules/uglify-js/bin/uglifyjs --mangle --compress if_return=true -o /tmp/work/cjs/react-dom-server-legacy.browser.development.min.js /tmp/work/cjs/react-dom-server-legacy.browser.development.js
2021/08/14 00:31:24 /tmp/work/cjs/react-dom-server-legacy.browser.production.min.js.min.js compressed file already exists
2021/08/14 00:31:24 compress: run /node_modules/uglify-js/bin/uglifyjs --mangle --compress if_return=true -o /tmp/work/cjs/react-dom-server-legacy.node.development.min.js /tmp/work/cjs/react-dom-server-legacy.node.development.js
2021/08/14 00:31:24 /tmp/work/cjs/react-dom-server-legacy.node.production.min.js.min.js compressed file already exists
2021/08/14 00:31:24 compress: run /node_modules/uglify-js/bin/uglifyjs --mangle --compress if_return=true -o /tmp/work/cjs/react-dom-server.browser.development.min.js /tmp/work/cjs/react-dom-server.browser.development.js
2021/08/14 00:31:24 /tmp/work/cjs/react-dom-server.browser.production.min.js.min.js compressed file already exists
2021/08/14 00:31:24 sri /tmp/work/cjs/react-dom-server-legacy.browser.production.min.js -> /output/cjs/react-dom-server-legacy.browser.production.min.js.sri
2021/08/14 00:31:24 compress: run /node_modules/uglify-js/bin/uglifyjs --mangle --compress if_return=true -o /tmp/work/cjs/react-dom-server.node.development.min.js /tmp/work/cjs/react-dom-server.node.development.js
2021/08/14 00:31:24 algorithm: run /usr/bin/brotli --quality=11 --output=/output/cjs/react-dom-server-legacy.browser.production.min.js.br /tmp/work/cjs/react-dom-server-legacy.browser.production.min.js
2021/08/14 00:31:24 /tmp/work/cjs/react-dom-server.node.production.min.js.min.js compressed file already exists
2021/08/14 00:31:24 sri /tmp/work/cjs/react-dom-server-legacy.node.production.min.js -> /output/cjs/react-dom-server-legacy.node.production.min.js.sri
2021/08/14 00:31:24 sri /tmp/work/cjs/react-dom-server.browser.production.min.js -> /output/cjs/react-dom-server.browser.production.min.js.sri
2021/08/14 00:31:24 algorithm: run /usr/bin/brotli --quality=11 --output=/output/cjs/react-dom-server.browser.production.min.js.br /tmp/work/cjs/react-dom-server.browser.production.min.js
2021/08/14 00:31:24 sri /tmp/work/cjs/react-dom-server.node.production.min.js -> /output/cjs/react-dom-server.node.production.min.js.sri
2021/08/14 00:31:24 algorithm: run /usr/bin/brotli --quality=11 --output=/output/cjs/react-dom-server-legacy.node.production.min.js.br /tmp/work/cjs/react-dom-server-legacy.node.production.min.js
2021/08/14 00:31:24 algorithm: run /usr/bin/brotli --quality=11 --output=/output/cjs/react-dom-server.node.production.min.js.br /tmp/work/cjs/react-dom-server.node.production.min.js
2021/08/14 00:31:24 br /tmp/work/cjs/react-dom-server.browser.production.min.js -> /output/cjs/react-dom-server.browser.production.min.js.br
2021/08/14 00:31:24 br /tmp/work/cjs/react-dom-server-legacy.browser.production.min.js -> /output/cjs/react-dom-server-legacy.browser.production.min.js.br
2021/08/14 00:31:24 br /tmp/work/cjs/react-dom-server.node.production.min.js -> /output/cjs/react-dom-server.node.production.min.js.br
2021/08/14 00:31:24 gz /tmp/work/cjs/react-dom-server.browser.production.min.js -> /output/cjs/react-dom-server.browser.production.min.js.gz
2021/08/14 00:31:24 compress: run /node_modules/uglify-js/bin/uglifyjs --mangle --compress if_return=true -o /tmp/work/cjs/react-dom-test-utils.development.min.js /tmp/work/cjs/react-dom-test-utils.development.js
2021/08/14 00:31:24 gz /tmp/work/cjs/react-dom-server-legacy.browser.production.min.js -> /output/cjs/react-dom-server-legacy.browser.production.min.js.gz
2021/08/14 00:31:24 /tmp/work/cjs/react-dom-test-utils.production.min.js.min.js compressed file already exists
2021/08/14 00:31:24 sri /tmp/work/cjs/react-dom-test-utils.production.min.js -> /output/cjs/react-dom-test-utils.production.min.js.sri
2021/08/14 00:31:24 algorithm: run /usr/bin/brotli --quality=11 --output=/output/cjs/react-dom-test-utils.production.min.js.br /tmp/work/cjs/react-dom-test-utils.production.min.js
2021/08/14 00:31:24 br /tmp/work/cjs/react-dom-server-legacy.node.production.min.js -> /output/cjs/react-dom-server-legacy.node.production.min.js.br
2021/08/14 00:31:24 gz /tmp/work/cjs/react-dom-server.node.production.min.js -> /output/cjs/react-dom-server.node.production.min.js.gz
2021/08/14 00:31:24 compress: run /node_modules/uglify-js/bin/uglifyjs --mangle --compress if_return=true -o /tmp/work/cjs/react-dom.development.min.js /tmp/work/cjs/react-dom.development.js
2021/08/14 00:31:24 gz /tmp/work/cjs/react-dom-server-legacy.node.production.min.js -> /output/cjs/react-dom-server-legacy.node.production.min.js.gz
2021/08/14 00:31:24 /tmp/work/cjs/react-dom.production.min.js.min.js compressed file already exists
2021/08/14 00:31:24 sri /tmp/work/cjs/react-dom.production.min.js -> /output/cjs/react-dom.production.min.js.sri
2021/08/14 00:31:24 algorithm: run /usr/bin/brotli --quality=11 --output=/output/cjs/react-dom.production.min.js.br /tmp/work/cjs/react-dom.production.min.js
2021/08/14 00:31:24 br /tmp/work/cjs/react-dom-test-utils.production.min.js -> /output/cjs/react-dom-test-utils.production.min.js.br
2021/08/14 00:31:24 gz /tmp/work/cjs/react-dom-test-utils.production.min.js -> /output/cjs/react-dom-test-utils.production.min.js.gz
2021/08/14 00:31:24 /tmp/work/cjs/react-dom.profiling.min.js.min.js compressed file already exists
2021/08/14 00:31:24 sri /tmp/work/cjs/react-dom.profiling.min.js -> /output/cjs/react-dom.profiling.min.js.sri
2021/08/14 00:31:24 algorithm: run /usr/bin/brotli --quality=11 --output=/output/cjs/react-dom.profiling.min.js.br /tmp/work/cjs/react-dom.profiling.min.js
2021/08/14 00:31:24 br /tmp/work/cjs/react-dom.production.min.js -> /output/cjs/react-dom.production.min.js.br
2021/08/14 00:31:24 gz /tmp/work/cjs/react-dom.production.min.js -> /output/cjs/react-dom.production.min.js.gz
2021/08/14 00:31:24 compress: run /node_modules/uglify-js/bin/uglifyjs --mangle --compress if_return=true -o /tmp/work/umd/react-dom-server-legacy.browser.development.min.js /tmp/work/umd/react-dom-server-legacy.browser.development.js
2021/08/14 00:31:24 br /tmp/work/cjs/react-dom.profiling.min.js -> /output/cjs/react-dom.profiling.min.js.br
2021/08/14 00:31:24 gz /tmp/work/cjs/react-dom.profiling.min.js -> /output/cjs/react-dom.profiling.min.js.gz
2021/08/14 00:31:24 /tmp/work/umd/react-dom-server-legacy.browser.production.min.js.min.js compressed file already exists
2021/08/14 00:31:24 sri /tmp/work/umd/react-dom-server-legacy.browser.production.min.js -> /output/umd/react-dom-server-legacy.browser.production.min.js.sri
2021/08/14 00:31:24 algorithm: run /usr/bin/brotli --quality=11 --output=/output/umd/react-dom-server-legacy.browser.production.min.js.br /tmp/work/umd/react-dom-server-legacy.browser.production.min.js
2021/08/14 00:31:24 br /tmp/work/umd/react-dom-server-legacy.browser.production.min.js -> /output/umd/react-dom-server-legacy.browser.production.min.js.br
2021/08/14 00:31:24 gz /tmp/work/umd/react-dom-server-legacy.browser.production.min.js -> /output/umd/react-dom-server-legacy.browser.production.min.js.gz
2021/08/14 00:31:24 compress: run /node_modules/uglify-js/bin/uglifyjs --mangle --compress if_return=true -o /tmp/work/umd/react-dom-server.browser.development.min.js /tmp/work/umd/react-dom-server.browser.development.js
2021/08/14 00:31:25 sri /tmp/work/cjs/react-dom-test-utils.development.min.js -> /output/cjs/react-dom-test-utils.development.min.js.sri
2021/08/14 00:31:25 algorithm: run /usr/bin/brotli --quality=11 --output=/output/cjs/react-dom-test-utils.development.min.js.br /tmp/work/cjs/react-dom-test-utils.development.min.js
2021/08/14 00:31:25 br /tmp/work/cjs/react-dom-test-utils.development.min.js -> /output/cjs/react-dom-test-utils.development.min.js.br
2021/08/14 00:31:25 gz /tmp/work/cjs/react-dom-test-utils.development.min.js -> /output/cjs/react-dom-test-utils.development.min.js.gz
2021/08/14 00:31:25 sri /tmp/work/cjs/react-dom-test-utils.development.js -> /output/cjs/react-dom-test-utils.development.js.sri
2021/08/14 00:31:25 algorithm: run /usr/bin/brotli --quality=11 --output=/output/cjs/react-dom-test-utils.development.js.br /tmp/work/cjs/react-dom-test-utils.development.js
2021/08/14 00:31:25 br /tmp/work/cjs/react-dom-test-utils.development.js -> /output/cjs/react-dom-test-utils.development.js.br
2021/08/14 00:31:25 gz /tmp/work/cjs/react-dom-test-utils.development.js -> /output/cjs/react-dom-test-utils.development.js.gz
2021/08/14 00:31:25 /tmp/work/umd/react-dom-server.browser.production.min.js.min.js compressed file already exists
2021/08/14 00:31:25 sri /tmp/work/umd/react-dom-server.browser.production.min.js -> /output/umd/react-dom-server.browser.production.min.js.sri
2021/08/14 00:31:25 algorithm: run /usr/bin/brotli --quality=11 --output=/output/umd/react-dom-server.browser.production.min.js.br /tmp/work/umd/react-dom-server.browser.production.min.js
2021/08/14 00:31:26 br /tmp/work/umd/react-dom-server.browser.production.min.js -> /output/umd/react-dom-server.browser.production.min.js.br
2021/08/14 00:31:26 gz /tmp/work/umd/react-dom-server.browser.production.min.js -> /output/umd/react-dom-server.browser.production.min.js.gz
2021/08/14 00:31:26 compress: run /node_modules/uglify-js/bin/uglifyjs --mangle --compress if_return=true -o /tmp/work/umd/react-dom-test-utils.development.min.js /tmp/work/umd/react-dom-test-utils.development.js
2021/08/14 00:31:27 sri /tmp/work/umd/react-dom-test-utils.development.min.js -> /output/umd/react-dom-test-utils.development.min.js.sri
2021/08/14 00:31:27 algorithm: run /usr/bin/brotli --quality=11 --output=/output/umd/react-dom-test-utils.development.min.js.br /tmp/work/umd/react-dom-test-utils.development.min.js
2021/08/14 00:31:27 br /tmp/work/umd/react-dom-test-utils.development.min.js -> /output/umd/react-dom-test-utils.development.min.js.br
2021/08/14 00:31:28 gz /tmp/work/umd/react-dom-test-utils.development.min.js -> /output/umd/react-dom-test-utils.development.min.js.gz
2021/08/14 00:31:28 sri /tmp/work/umd/react-dom-test-utils.development.js -> /output/umd/react-dom-test-utils.development.js.sri
2021/08/14 00:31:28 algorithm: run /usr/bin/brotli --quality=11 --output=/output/umd/react-dom-test-utils.development.js.br /tmp/work/umd/react-dom-test-utils.development.js
2021/08/14 00:31:28 br /tmp/work/umd/react-dom-test-utils.development.js -> /output/umd/react-dom-test-utils.development.js.br
2021/08/14 00:31:28 gz /tmp/work/umd/react-dom-test-utils.development.js -> /output/umd/react-dom-test-utils.development.js.gz
2021/08/14 00:31:28 /tmp/work/umd/react-dom-test-utils.production.min.js.min.js compressed file already exists
2021/08/14 00:31:28 sri /tmp/work/umd/react-dom-test-utils.production.min.js -> /output/umd/react-dom-test-utils.production.min.js.sri
2021/08/14 00:31:28 algorithm: run /usr/bin/brotli --quality=11 --output=/output/umd/react-dom-test-utils.production.min.js.br /tmp/work/umd/react-dom-test-utils.production.min.js
2021/08/14 00:31:28 br /tmp/work/umd/react-dom-test-utils.production.min.js -> /output/umd/react-dom-test-utils.production.min.js.br
2021/08/14 00:31:28 gz /tmp/work/umd/react-dom-test-utils.production.min.js -> /output/umd/react-dom-test-utils.production.min.js.gz
2021/08/14 00:31:28 compress: run /node_modules/uglify-js/bin/uglifyjs --mangle --compress if_return=true -o /tmp/work/umd/react-dom.development.min.js /tmp/work/umd/react-dom.development.js
2021/08/14 00:31:29 sri /tmp/work/cjs/react-dom-server-legacy.node.development.min.js -> /output/cjs/react-dom-server-legacy.node.development.min.js.sri
2021/08/14 00:31:29 algorithm: run /usr/bin/brotli --quality=11 --output=/output/cjs/react-dom-server-legacy.node.development.min.js.br /tmp/work/cjs/react-dom-server-legacy.node.development.min.js
2021/08/14 00:31:29 sri /tmp/work/cjs/react-dom-server.browser.development.min.js -> /output/cjs/react-dom-server.browser.development.min.js.sri
2021/08/14 00:31:29 algorithm: run /usr/bin/brotli --quality=11 --output=/output/cjs/react-dom-server.browser.development.min.js.br /tmp/work/cjs/react-dom-server.browser.development.min.js
2021/08/14 00:31:29 sri /tmp/work/cjs/react-dom-server.node.development.min.js -> /output/cjs/react-dom-server.node.development.min.js.sri
2021/08/14 00:31:29 algorithm: run /usr/bin/brotli --quality=11 --output=/output/cjs/react-dom-server.node.development.min.js.br /tmp/work/cjs/react-dom-server.node.development.min.js
2021/08/14 00:31:29 sri /tmp/work/cjs/react-dom-server-legacy.browser.development.min.js -> /output/cjs/react-dom-server-legacy.browser.development.min.js.sri
2021/08/14 00:31:29 algorithm: run /usr/bin/brotli --quality=11 --output=/output/cjs/react-dom-server-legacy.browser.development.min.js.br /tmp/work/cjs/react-dom-server-legacy.browser.development.min.js
2021/08/14 00:31:29 br /tmp/work/cjs/react-dom-server.node.development.min.js -> /output/cjs/react-dom-server.node.development.min.js.br
2021/08/14 00:31:29 gz /tmp/work/cjs/react-dom-server.node.development.min.js -> /output/cjs/react-dom-server.node.development.min.js.gz
2021/08/14 00:31:29 sri /tmp/work/cjs/react-dom-server.node.development.js -> /output/cjs/react-dom-server.node.development.js.sri
2021/08/14 00:31:29 algorithm: run /usr/bin/brotli --quality=11 --output=/output/cjs/react-dom-server.node.development.js.br /tmp/work/cjs/react-dom-server.node.development.js
2021/08/14 00:31:29 br /tmp/work/cjs/react-dom-server.browser.development.min.js -> /output/cjs/react-dom-server.browser.development.min.js.br
2021/08/14 00:31:29 br /tmp/work/cjs/react-dom-server-legacy.node.development.min.js -> /output/cjs/react-dom-server-legacy.node.development.min.js.br
2021/08/14 00:31:29 gz /tmp/work/cjs/react-dom-server.browser.development.min.js -> /output/cjs/react-dom-server.browser.development.min.js.gz
2021/08/14 00:31:29 gz /tmp/work/cjs/react-dom-server-legacy.node.development.min.js -> /output/cjs/react-dom-server-legacy.node.development.min.js.gz
2021/08/14 00:31:29 sri /tmp/work/cjs/react-dom-server-legacy.node.development.js -> /output/cjs/react-dom-server-legacy.node.development.js.sri
2021/08/14 00:31:29 algorithm: run /usr/bin/brotli --quality=11 --output=/output/cjs/react-dom-server-legacy.node.development.js.br /tmp/work/cjs/react-dom-server-legacy.node.development.js
2021/08/14 00:31:29 sri /tmp/work/cjs/react-dom-server.browser.development.js -> /output/cjs/react-dom-server.browser.development.js.sri
2021/08/14 00:31:29 algorithm: run /usr/bin/brotli --quality=11 --output=/output/cjs/react-dom-server.browser.development.js.br /tmp/work/cjs/react-dom-server.browser.development.js
2021/08/14 00:31:29 br /tmp/work/cjs/react-dom-server-legacy.browser.development.min.js -> /output/cjs/react-dom-server-legacy.browser.development.min.js.br
2021/08/14 00:31:29 gz /tmp/work/cjs/react-dom-server-legacy.browser.development.min.js -> /output/cjs/react-dom-server-legacy.browser.development.min.js.gz
2021/08/14 00:31:29 sri /tmp/work/cjs/react-dom-server-legacy.browser.development.js -> /output/cjs/react-dom-server-legacy.browser.development.js.sri
2021/08/14 00:31:29 algorithm: run /usr/bin/brotli --quality=11 --output=/output/cjs/react-dom-server-legacy.browser.development.js.br /tmp/work/cjs/react-dom-server-legacy.browser.development.js
2021/08/14 00:31:30 sri /tmp/work/umd/react-dom-server-legacy.browser.development.min.js -> /output/umd/react-dom-server-legacy.browser.development.min.js.sri
2021/08/14 00:31:30 algorithm: run /usr/bin/brotli --quality=11 --output=/output/umd/react-dom-server-legacy.browser.development.min.js.br /tmp/work/umd/react-dom-server-legacy.browser.development.min.js
2021/08/14 00:31:30 sri /tmp/work/umd/react-dom-server.browser.development.min.js -> /output/umd/react-dom-server.browser.development.min.js.sri
2021/08/14 00:31:30 algorithm: run /usr/bin/brotli --quality=11 --output=/output/umd/react-dom-server.browser.development.min.js.br /tmp/work/umd/react-dom-server.browser.development.min.js
2021/08/14 00:31:30 br /tmp/work/umd/react-dom-server-legacy.browser.development.min.js -> /output/umd/react-dom-server-legacy.browser.development.min.js.br
2021/08/14 00:31:30 gz /tmp/work/umd/react-dom-server-legacy.browser.development.min.js -> /output/umd/react-dom-server-legacy.browser.development.min.js.gz
2021/08/14 00:31:30 sri /tmp/work/umd/react-dom-server-legacy.browser.development.js -> /output/umd/react-dom-server-legacy.browser.development.js.sri
2021/08/14 00:31:30 algorithm: run /usr/bin/brotli --quality=11 --output=/output/umd/react-dom-server-legacy.browser.development.js.br /tmp/work/umd/react-dom-server-legacy.browser.development.js
2021/08/14 00:31:30 br /tmp/work/umd/react-dom-server.browser.development.min.js -> /output/umd/react-dom-server.browser.development.min.js.br
2021/08/14 00:31:30 gz /tmp/work/umd/react-dom-server.browser.development.min.js -> /output/umd/react-dom-server.browser.development.min.js.gz
2021/08/14 00:31:30 sri /tmp/work/umd/react-dom-server.browser.development.js -> /output/umd/react-dom-server.browser.development.js.sri
2021/08/14 00:31:30 algorithm: run /usr/bin/brotli --quality=11 --output=/output/umd/react-dom-server.browser.development.js.br /tmp/work/umd/react-dom-server.browser.development.js
2021/08/14 00:31:30 br /tmp/work/cjs/react-dom-server.node.development.js -> /output/cjs/react-dom-server.node.development.js.br
2021/08/14 00:31:30 gz /tmp/work/cjs/react-dom-server.node.development.js -> /output/cjs/react-dom-server.node.development.js.gz
2021/08/14 00:31:30 /tmp/work/umd/react-dom.production.min.js.min.js compressed file already exists
2021/08/14 00:31:30 sri /tmp/work/umd/react-dom.production.min.js -> /output/umd/react-dom.production.min.js.sri
2021/08/14 00:31:30 algorithm: run /usr/bin/brotli --quality=11 --output=/output/umd/react-dom.production.min.js.br /tmp/work/umd/react-dom.production.min.js
2021/08/14 00:31:30 br /tmp/work/cjs/react-dom-server-legacy.node.development.js -> /output/cjs/react-dom-server-legacy.node.development.js.br
2021/08/14 00:31:30 gz /tmp/work/cjs/react-dom-server-legacy.node.development.js -> /output/cjs/react-dom-server-legacy.node.development.js.gz
2021/08/14 00:31:30 /tmp/work/umd/react-dom.profiling.min.js.min.js compressed file already exists
2021/08/14 00:31:30 sri /tmp/work/umd/react-dom.profiling.min.js -> /output/umd/react-dom.profiling.min.js.sri
2021/08/14 00:31:30 algorithm: run /usr/bin/brotli --quality=11 --output=/output/umd/react-dom.profiling.min.js.br /tmp/work/umd/react-dom.profiling.min.js
2021/08/14 00:31:30 br /tmp/work/cjs/react-dom-server.browser.development.js -> /output/cjs/react-dom-server.browser.development.js.br
2021/08/14 00:31:30 gz /tmp/work/cjs/react-dom-server.browser.development.js -> /output/cjs/react-dom-server.browser.development.js.gz
2021/08/14 00:31:30 br /tmp/work/cjs/react-dom-server-legacy.browser.development.js -> /output/cjs/react-dom-server-legacy.browser.development.js.br
2021/08/14 00:31:30 gz /tmp/work/cjs/react-dom-server-legacy.browser.development.js -> /output/cjs/react-dom-server-legacy.browser.development.js.gz
2021/08/14 00:31:30 br /tmp/work/umd/react-dom.production.min.js -> /output/umd/react-dom.production.min.js.br
2021/08/14 00:31:30 gz /tmp/work/umd/react-dom.production.min.js -> /output/umd/react-dom.production.min.js.gz
2021/08/14 00:31:30 br /tmp/work/umd/react-dom.profiling.min.js -> /output/umd/react-dom.profiling.min.js.br
2021/08/14 00:31:30 gz /tmp/work/umd/react-dom.profiling.min.js -> /output/umd/react-dom.profiling.min.js.gz
2021/08/14 00:31:31 br /tmp/work/umd/react-dom-server.browser.development.js -> /output/umd/react-dom-server.browser.development.js.br
2021/08/14 00:31:31 br /tmp/work/umd/react-dom-server-legacy.browser.development.js -> /output/umd/react-dom-server-legacy.browser.development.js.br
2021/08/14 00:31:31 gz /tmp/work/umd/react-dom-server.browser.development.js -> /output/umd/react-dom-server.browser.development.js.gz
2021/08/14 00:31:31 gz /tmp/work/umd/react-dom-server-legacy.browser.development.js -> /output/umd/react-dom-server-legacy.browser.development.js.gz
2021/08/14 00:31:36 sri /tmp/work/cjs/react-dom.development.min.js -> /output/cjs/react-dom.development.min.js.sri
2021/08/14 00:31:36 algorithm: run /usr/bin/brotli --quality=11 --output=/output/cjs/react-dom.development.min.js.br /tmp/work/cjs/react-dom.development.min.js
2021/08/14 00:31:36 br /tmp/work/cjs/react-dom.development.min.js -> /output/cjs/react-dom.development.min.js.br
2021/08/14 00:31:36 gz /tmp/work/cjs/react-dom.development.min.js -> /output/cjs/react-dom.development.min.js.gz
2021/08/14 00:31:36 sri /tmp/work/cjs/react-dom.development.js -> /output/cjs/react-dom.development.js.sri
2021/08/14 00:31:36 algorithm: run /usr/bin/brotli --quality=11 --output=/output/cjs/react-dom.development.js.br /tmp/work/cjs/react-dom.development.js
2021/08/14 00:31:37 sri /tmp/work/umd/react-dom.development.min.js -> /output/umd/react-dom.development.min.js.sri
2021/08/14 00:31:37 algorithm: run /usr/bin/brotli --quality=11 --output=/output/umd/react-dom.development.min.js.br /tmp/work/umd/react-dom.development.min.js
2021/08/14 00:31:38 br /tmp/work/umd/react-dom.development.min.js -> /output/umd/react-dom.development.min.js.br
2021/08/14 00:31:38 gz /tmp/work/umd/react-dom.development.min.js -> /output/umd/react-dom.development.min.js.gz
2021/08/14 00:31:38 sri /tmp/work/umd/react-dom.development.js -> /output/umd/react-dom.development.js.sri
2021/08/14 00:31:38 algorithm: run /usr/bin/brotli --quality=11 --output=/output/umd/react-dom.development.js.br /tmp/work/umd/react-dom.development.js
2021/08/14 00:31:39 br /tmp/work/cjs/react-dom.development.js -> /output/cjs/react-dom.development.js.br
2021/08/14 00:31:39 gz /tmp/work/cjs/react-dom.development.js -> /output/cjs/react-dom.development.js.gz
2021/08/14 00:31:40 br /tmp/work/umd/react-dom.development.js -> /output/umd/react-dom.development.js.br
2021/08/14 00:31:40 gz /tmp/work/umd/react-dom.development.js -> /output/umd/react-dom.development.js.gz
2021/08/14 00:31:40 processed react-dom
