Files:
- fontsource-noto-serif-grantha/5.0.0/400.css.br
- fontsource-noto-serif-grantha/5.0.0/400.css.gz
- fontsource-noto-serif-grantha/5.0.0/400.min.css.br
- fontsource-noto-serif-grantha/5.0.0/400.min.css.gz
- fontsource-noto-serif-grantha/5.0.0/files/noto-serif-grantha-grantha-400-normal.woff.br
- fontsource-noto-serif-grantha/5.0.0/files/noto-serif-grantha-grantha-400-normal.woff.gz
- fontsource-noto-serif-grantha/5.0.0/files/noto-serif-grantha-grantha-400-normal.woff2
- fontsource-noto-serif-grantha/5.0.0/files/noto-serif-grantha-latin-400-normal.woff.br
- fontsource-noto-serif-grantha/5.0.0/files/noto-serif-grantha-latin-400-normal.woff.gz
- fontsource-noto-serif-grantha/5.0.0/files/noto-serif-grantha-latin-400-normal.woff2
- fontsource-noto-serif-grantha/5.0.0/files/noto-serif-grantha-latin-ext-400-normal.woff.br
- fontsource-noto-serif-grantha/5.0.0/files/noto-serif-grantha-latin-ext-400-normal.woff.gz
- fontsource-noto-serif-grantha/5.0.0/files/noto-serif-grantha-latin-ext-400-normal.woff2
- fontsource-noto-serif-grantha/5.0.0/grantha-400.css.br
- fontsource-noto-serif-grantha/5.0.0/grantha-400.css.gz
- fontsource-noto-serif-grantha/5.0.0/grantha-400.min.css.br
- fontsource-noto-serif-grantha/5.0.0/grantha-400.min.css.gz
- fontsource-noto-serif-grantha/5.0.0/grantha.css.br
- fontsource-noto-serif-grantha/5.0.0/grantha.css.gz
- fontsource-noto-serif-grantha/5.0.0/grantha.min.css.br
- fontsource-noto-serif-grantha/5.0.0/grantha.min.css.gz
- fontsource-noto-serif-grantha/5.0.0/index.css.br
- fontsource-noto-serif-grantha/5.0.0/index.css.gz
- fontsource-noto-serif-grantha/5.0.0/index.min.css.br
- fontsource-noto-serif-grantha/5.0.0/index.min.css.gz
- fontsource-noto-serif-grantha/5.0.0/latin-400.css.br
- fontsource-noto-serif-grantha/5.0.0/latin-400.css.gz
- fontsource-noto-serif-grantha/5.0.0/latin-400.min.css.br
- fontsource-noto-serif-grantha/5.0.0/latin-400.min.css.gz
- fontsource-noto-serif-grantha/5.0.0/latin-ext-400.css.br
- fontsource-noto-serif-grantha/5.0.0/latin-ext-400.css.gz
- fontsource-noto-serif-grantha/5.0.0/latin-ext-400.min.css.br
- fontsource-noto-serif-grantha/5.0.0/latin-ext-400.min.css.gz
- fontsource-noto-serif-grantha/5.0.0/latin-ext.css.br
- fontsource-noto-serif-grantha/5.0.0/latin-ext.css.gz
- fontsource-noto-serif-grantha/5.0.0/latin-ext.min.css.br
- fontsource-noto-serif-grantha/5.0.0/latin-ext.min.css.gz
- fontsource-noto-serif-grantha/5.0.0/latin.css.br
- fontsource-noto-serif-grantha/5.0.0/latin.css.gz
- fontsource-noto-serif-grantha/5.0.0/latin.min.css.br
- fontsource-noto-serif-grantha/5.0.0/latin.min.css.gz
