Files:
- fontsource-sigmar/5.0.17/400.css.br
- fontsource-sigmar/5.0.17/400.min.css.br
- fontsource-sigmar/5.0.17/files/sigmar-latin-400-normal.woff.br
- fontsource-sigmar/5.0.17/files/sigmar-latin-ext-400-normal.woff.br
- fontsource-sigmar/5.0.17/files/sigmar-vietnamese-400-normal.woff.br
- fontsource-sigmar/5.0.17/index.css.br
- fontsource-sigmar/5.0.17/index.min.css.br
- fontsource-sigmar/5.0.17/latin-400.css.br
- fontsource-sigmar/5.0.17/latin-400.min.css.br
- fontsource-sigmar/5.0.17/latin-ext-400.css.br
- fontsource-sigmar/5.0.17/latin-ext-400.min.css.br
- fontsource-sigmar/5.0.17/latin-ext.css.br
- fontsource-sigmar/5.0.17/latin-ext.min.css.br
- fontsource-sigmar/5.0.17/latin.css.br
- fontsource-sigmar/5.0.17/latin.min.css.br
- fontsource-sigmar/5.0.17/vietnamese-400.css.br
- fontsource-sigmar/5.0.17/vietnamese-400.min.css.br
- fontsource-sigmar/5.0.17/vietnamese.css.br
- fontsource-sigmar/5.0.17/vietnamese.min.css.br
