2021/11/23 23:05:53 optimizing files (Js true, Css true, Png true, Jpg true)
2021/11/23 23:05:53 compressed file already exists: /tmp/work/graphiql.min.js
2021/11/23 23:05:53 /tmp/work/graphiql.css already has a compressed version: /tmp/work/graphiql.min.css
2021/11/23 23:05:53 /tmp/work/graphiql.min.js.min.js compressed file already exists
2021/11/23 23:05:53 sri /tmp/work/graphiql.min.css -> /output/graphiql.min.css.sri
2021/11/23 23:05:53 sri /tmp/work/graphiql.css -> /output/graphiql.css.sri
2021/11/23 23:05:53 algorithm: run /usr/bin/brotli --quality=11 --output=/output/graphiql.css.br /tmp/work/graphiql.css
2021/11/23 23:05:53 algorithm: run /usr/bin/brotli --quality=11 --output=/output/graphiql.min.css.br /tmp/work/graphiql.min.css
2021/11/23 23:05:53 sri /tmp/work/graphiql.min.js -> /output/graphiql.min.js.sri
2021/11/23 23:05:53 algorithm: run /usr/bin/brotli --quality=11 --output=/output/graphiql.min.js.br /tmp/work/graphiql.min.js
2021/11/23 23:05:53 sri /tmp/work/graphiql.js -> /output/graphiql.js.sri
2021/11/23 23:05:53 algorithm: run /usr/bin/brotli --quality=11 --output=/output/graphiql.js.br /tmp/work/graphiql.js
2021/11/23 23:05:53 br /tmp/work/graphiql.min.css -> /output/graphiql.min.css.br
2021/11/23 23:05:53 gz /tmp/work/graphiql.min.css -> /output/graphiql.min.css.gz
2021/11/23 23:05:53 br /tmp/work/graphiql.css -> /output/graphiql.css.br
2021/11/23 23:05:53 gz /tmp/work/graphiql.css -> /output/graphiql.css.gz
2021/11/23 23:05:55 br /tmp/work/graphiql.min.js -> /output/graphiql.min.js.br
2021/11/23 23:05:55 gz /tmp/work/graphiql.min.js -> /output/graphiql.min.js.gz
2021/11/23 23:06:07 br /tmp/work/graphiql.js -> /output/graphiql.js.br
2021/11/23 23:06:07 gz /tmp/work/graphiql.js -> /output/graphiql.js.gz
2021/11/23 23:06:07 processed graphiql
