config: {"authors":[{"name":"Google Inc."}],"autoupdate":{"source":"npm","target":"@fontsource/noto-sans-armenian","fileMap":[{"basePath":"","files":["*.css","files/*.@(woff|woff2)"]}],"excludeFromSearch":true},"description":"Self-host the Noto Sans Armenian font in a neatly bundled NPM package.","filename":"index.css","homepage":"https://fontsource.org/fonts/noto-sans-armenian","keywords":["fontsource","font","font family","google fonts","noto-sans-armenian","Noto Sans Armenian","css","sass","front-end","web","typeface","variable"],"license":"OFL-1.1","name":"fontsource-noto-sans-armenian","repository":{"type":"git","url":"git+https://github.com/fontsource/font-files.git"},"author":"Google Inc."}
KV keys:
- fontsource-noto-sans-armenian/5.0.1/100.css.br
- fontsource-noto-sans-armenian/5.0.1/100.css.gz
- fontsource-noto-sans-armenian/5.0.1/100.min.css.br
- fontsource-noto-sans-armenian/5.0.1/100.min.css.gz
- fontsource-noto-sans-armenian/5.0.1/200.css.br
- fontsource-noto-sans-armenian/5.0.1/200.css.gz
- fontsource-noto-sans-armenian/5.0.1/200.min.css.br
- fontsource-noto-sans-armenian/5.0.1/200.min.css.gz
- fontsource-noto-sans-armenian/5.0.1/300.css.br
- fontsource-noto-sans-armenian/5.0.1/300.css.gz
- fontsource-noto-sans-armenian/5.0.1/300.min.css.br
- fontsource-noto-sans-armenian/5.0.1/300.min.css.gz
- fontsource-noto-sans-armenian/5.0.1/400.css.br
- fontsource-noto-sans-armenian/5.0.1/400.css.gz
- fontsource-noto-sans-armenian/5.0.1/400.min.css.br
- fontsource-noto-sans-armenian/5.0.1/400.min.css.gz
- fontsource-noto-sans-armenian/5.0.1/500.css.br
- fontsource-noto-sans-armenian/5.0.1/500.css.gz
- fontsource-noto-sans-armenian/5.0.1/500.min.css.br
- fontsource-noto-sans-armenian/5.0.1/500.min.css.gz
- fontsource-noto-sans-armenian/5.0.1/600.css.br
- fontsource-noto-sans-armenian/5.0.1/600.css.gz
- fontsource-noto-sans-armenian/5.0.1/600.min.css.br
- fontsource-noto-sans-armenian/5.0.1/600.min.css.gz
- fontsource-noto-sans-armenian/5.0.1/700.css.br
- fontsource-noto-sans-armenian/5.0.1/700.css.gz
- fontsource-noto-sans-armenian/5.0.1/700.min.css.br
- fontsource-noto-sans-armenian/5.0.1/700.min.css.gz
- fontsource-noto-sans-armenian/5.0.1/800.css.br
- fontsource-noto-sans-armenian/5.0.1/800.css.gz
- fontsource-noto-sans-armenian/5.0.1/800.min.css.br
- fontsource-noto-sans-armenian/5.0.1/800.min.css.gz
- fontsource-noto-sans-armenian/5.0.1/900.css.br
- fontsource-noto-sans-armenian/5.0.1/900.css.gz
- fontsource-noto-sans-armenian/5.0.1/900.min.css.br
- fontsource-noto-sans-armenian/5.0.1/900.min.css.gz
- fontsource-noto-sans-armenian/5.0.1/armenian-100.css.br
- fontsource-noto-sans-armenian/5.0.1/armenian-100.css.gz
- fontsource-noto-sans-armenian/5.0.1/armenian-100.min.css.br
- fontsource-noto-sans-armenian/5.0.1/armenian-100.min.css.gz
- fontsource-noto-sans-armenian/5.0.1/armenian-200.css.br
- fontsource-noto-sans-armenian/5.0.1/armenian-200.css.gz
- fontsource-noto-sans-armenian/5.0.1/armenian-200.min.css.br
- fontsource-noto-sans-armenian/5.0.1/armenian-200.min.css.gz
- fontsource-noto-sans-armenian/5.0.1/armenian-300.css.br
- fontsource-noto-sans-armenian/5.0.1/armenian-300.css.gz
- fontsource-noto-sans-armenian/5.0.1/armenian-300.min.css.br
- fontsource-noto-sans-armenian/5.0.1/armenian-300.min.css.gz
- fontsource-noto-sans-armenian/5.0.1/armenian-400.css.br
- fontsource-noto-sans-armenian/5.0.1/armenian-400.css.gz
- fontsource-noto-sans-armenian/5.0.1/armenian-400.min.css.br
- fontsource-noto-sans-armenian/5.0.1/armenian-400.min.css.gz
- fontsource-noto-sans-armenian/5.0.1/armenian-500.css.br
- fontsource-noto-sans-armenian/5.0.1/armenian-500.css.gz
- fontsource-noto-sans-armenian/5.0.1/armenian-500.min.css.br
- fontsource-noto-sans-armenian/5.0.1/armenian-500.min.css.gz
- fontsource-noto-sans-armenian/5.0.1/armenian-600.css.br
- fontsource-noto-sans-armenian/5.0.1/armenian-600.css.gz
- fontsource-noto-sans-armenian/5.0.1/armenian-600.min.css.br
- fontsource-noto-sans-armenian/5.0.1/armenian-600.min.css.gz
- fontsource-noto-sans-armenian/5.0.1/armenian-700.css.br
- fontsource-noto-sans-armenian/5.0.1/armenian-700.css.gz
- fontsource-noto-sans-armenian/5.0.1/armenian-700.min.css.br
- fontsource-noto-sans-armenian/5.0.1/armenian-700.min.css.gz
- fontsource-noto-sans-armenian/5.0.1/armenian-800.css.br
- fontsource-noto-sans-armenian/5.0.1/armenian-800.css.gz
- fontsource-noto-sans-armenian/5.0.1/armenian-800.min.css.br
- fontsource-noto-sans-armenian/5.0.1/armenian-800.min.css.gz
- fontsource-noto-sans-armenian/5.0.1/armenian-900.css.br
- fontsource-noto-sans-armenian/5.0.1/armenian-900.css.gz
- fontsource-noto-sans-armenian/5.0.1/armenian-900.min.css.br
- fontsource-noto-sans-armenian/5.0.1/armenian-900.min.css.gz
- fontsource-noto-sans-armenian/5.0.1/armenian.css.br
- fontsource-noto-sans-armenian/5.0.1/armenian.css.gz
- fontsource-noto-sans-armenian/5.0.1/armenian.min.css.br
- fontsource-noto-sans-armenian/5.0.1/armenian.min.css.gz
- fontsource-noto-sans-armenian/5.0.1/files/noto-sans-armenian-armenian-100-normal.woff.br
- fontsource-noto-sans-armenian/5.0.1/files/noto-sans-armenian-armenian-100-normal.woff.gz
- fontsource-noto-sans-armenian/5.0.1/files/noto-sans-armenian-armenian-100-normal.woff2
- fontsource-noto-sans-armenian/5.0.1/files/noto-sans-armenian-armenian-200-normal.woff.br
- fontsource-noto-sans-armenian/5.0.1/files/noto-sans-armenian-armenian-200-normal.woff.gz
- fontsource-noto-sans-armenian/5.0.1/files/noto-sans-armenian-armenian-200-normal.woff2
- fontsource-noto-sans-armenian/5.0.1/files/noto-sans-armenian-armenian-300-normal.woff.br
- fontsource-noto-sans-armenian/5.0.1/files/noto-sans-armenian-armenian-300-normal.woff.gz
- fontsource-noto-sans-armenian/5.0.1/files/noto-sans-armenian-armenian-300-normal.woff2
- fontsource-noto-sans-armenian/5.0.1/files/noto-sans-armenian-armenian-400-normal.woff.br
- fontsource-noto-sans-armenian/5.0.1/files/noto-sans-armenian-armenian-400-normal.woff.gz
- fontsource-noto-sans-armenian/5.0.1/files/noto-sans-armenian-armenian-400-normal.woff2
- fontsource-noto-sans-armenian/5.0.1/files/noto-sans-armenian-armenian-500-normal.woff.br
- fontsource-noto-sans-armenian/5.0.1/files/noto-sans-armenian-armenian-500-normal.woff.gz
- fontsource-noto-sans-armenian/5.0.1/files/noto-sans-armenian-armenian-500-normal.woff2
- fontsource-noto-sans-armenian/5.0.1/files/noto-sans-armenian-armenian-600-normal.woff.br
- fontsource-noto-sans-armenian/5.0.1/files/noto-sans-armenian-armenian-600-normal.woff.gz
- fontsource-noto-sans-armenian/5.0.1/files/noto-sans-armenian-armenian-600-normal.woff2
- fontsource-noto-sans-armenian/5.0.1/files/noto-sans-armenian-armenian-700-normal.woff.br
- fontsource-noto-sans-armenian/5.0.1/files/noto-sans-armenian-armenian-700-normal.woff.gz
- fontsource-noto-sans-armenian/5.0.1/files/noto-sans-armenian-armenian-700-normal.woff2
- fontsource-noto-sans-armenian/5.0.1/files/noto-sans-armenian-armenian-800-normal.woff.br
- fontsource-noto-sans-armenian/5.0.1/files/noto-sans-armenian-armenian-800-normal.woff.gz
- fontsource-noto-sans-armenian/5.0.1/files/noto-sans-armenian-armenian-800-normal.woff2
- fontsource-noto-sans-armenian/5.0.1/files/noto-sans-armenian-armenian-900-normal.woff.br
- fontsource-noto-sans-armenian/5.0.1/files/noto-sans-armenian-armenian-900-normal.woff.gz
- fontsource-noto-sans-armenian/5.0.1/files/noto-sans-armenian-armenian-900-normal.woff2
- fontsource-noto-sans-armenian/5.0.1/files/noto-sans-armenian-latin-100-normal.woff.br
- fontsource-noto-sans-armenian/5.0.1/files/noto-sans-armenian-latin-100-normal.woff.gz
- fontsource-noto-sans-armenian/5.0.1/files/noto-sans-armenian-latin-100-normal.woff2
- fontsource-noto-sans-armenian/5.0.1/files/noto-sans-armenian-latin-200-normal.woff.br
- fontsource-noto-sans-armenian/5.0.1/files/noto-sans-armenian-latin-200-normal.woff.gz
- fontsource-noto-sans-armenian/5.0.1/files/noto-sans-armenian-latin-200-normal.woff2
- fontsource-noto-sans-armenian/5.0.1/files/noto-sans-armenian-latin-300-normal.woff.br
- fontsource-noto-sans-armenian/5.0.1/files/noto-sans-armenian-latin-300-normal.woff.gz
- fontsource-noto-sans-armenian/5.0.1/files/noto-sans-armenian-latin-300-normal.woff2
- fontsource-noto-sans-armenian/5.0.1/files/noto-sans-armenian-latin-400-normal.woff.br
- fontsource-noto-sans-armenian/5.0.1/files/noto-sans-armenian-latin-400-normal.woff.gz
- fontsource-noto-sans-armenian/5.0.1/files/noto-sans-armenian-latin-400-normal.woff2
- fontsource-noto-sans-armenian/5.0.1/files/noto-sans-armenian-latin-500-normal.woff.br
- fontsource-noto-sans-armenian/5.0.1/files/noto-sans-armenian-latin-500-normal.woff.gz
- fontsource-noto-sans-armenian/5.0.1/files/noto-sans-armenian-latin-500-normal.woff2
- fontsource-noto-sans-armenian/5.0.1/files/noto-sans-armenian-latin-600-normal.woff.br
- fontsource-noto-sans-armenian/5.0.1/files/noto-sans-armenian-latin-600-normal.woff.gz
- fontsource-noto-sans-armenian/5.0.1/files/noto-sans-armenian-latin-600-normal.woff2
- fontsource-noto-sans-armenian/5.0.1/files/noto-sans-armenian-latin-700-normal.woff.br
- fontsource-noto-sans-armenian/5.0.1/files/noto-sans-armenian-latin-700-normal.woff.gz
- fontsource-noto-sans-armenian/5.0.1/files/noto-sans-armenian-latin-700-normal.woff2
- fontsource-noto-sans-armenian/5.0.1/files/noto-sans-armenian-latin-800-normal.woff.br
- fontsource-noto-sans-armenian/5.0.1/files/noto-sans-armenian-latin-800-normal.woff.gz
- fontsource-noto-sans-armenian/5.0.1/files/noto-sans-armenian-latin-800-normal.woff2
- fontsource-noto-sans-armenian/5.0.1/files/noto-sans-armenian-latin-900-normal.woff.br
- fontsource-noto-sans-armenian/5.0.1/files/noto-sans-armenian-latin-900-normal.woff.gz
- fontsource-noto-sans-armenian/5.0.1/files/noto-sans-armenian-latin-900-normal.woff2
- fontsource-noto-sans-armenian/5.0.1/files/noto-sans-armenian-latin-ext-100-normal.woff.br
- fontsource-noto-sans-armenian/5.0.1/files/noto-sans-armenian-latin-ext-100-normal.woff.gz
- fontsource-noto-sans-armenian/5.0.1/files/noto-sans-armenian-latin-ext-100-normal.woff2
- fontsource-noto-sans-armenian/5.0.1/files/noto-sans-armenian-latin-ext-200-normal.woff.br
- fontsource-noto-sans-armenian/5.0.1/files/noto-sans-armenian-latin-ext-200-normal.woff.gz
- fontsource-noto-sans-armenian/5.0.1/files/noto-sans-armenian-latin-ext-200-normal.woff2
- fontsource-noto-sans-armenian/5.0.1/files/noto-sans-armenian-latin-ext-300-normal.woff.br
- fontsource-noto-sans-armenian/5.0.1/files/noto-sans-armenian-latin-ext-300-normal.woff.gz
- fontsource-noto-sans-armenian/5.0.1/files/noto-sans-armenian-latin-ext-300-normal.woff2
- fontsource-noto-sans-armenian/5.0.1/files/noto-sans-armenian-latin-ext-400-normal.woff.br
- fontsource-noto-sans-armenian/5.0.1/files/noto-sans-armenian-latin-ext-400-normal.woff.gz
- fontsource-noto-sans-armenian/5.0.1/files/noto-sans-armenian-latin-ext-400-normal.woff2
- fontsource-noto-sans-armenian/5.0.1/files/noto-sans-armenian-latin-ext-500-normal.woff.br
- fontsource-noto-sans-armenian/5.0.1/files/noto-sans-armenian-latin-ext-500-normal.woff.gz
- fontsource-noto-sans-armenian/5.0.1/files/noto-sans-armenian-latin-ext-500-normal.woff2
- fontsource-noto-sans-armenian/5.0.1/files/noto-sans-armenian-latin-ext-600-normal.woff.br
- fontsource-noto-sans-armenian/5.0.1/files/noto-sans-armenian-latin-ext-600-normal.woff.gz
- fontsource-noto-sans-armenian/5.0.1/files/noto-sans-armenian-latin-ext-600-normal.woff2
- fontsource-noto-sans-armenian/5.0.1/files/noto-sans-armenian-latin-ext-700-normal.woff.br
- fontsource-noto-sans-armenian/5.0.1/files/noto-sans-armenian-latin-ext-700-normal.woff.gz
- fontsource-noto-sans-armenian/5.0.1/files/noto-sans-armenian-latin-ext-700-normal.woff2
- fontsource-noto-sans-armenian/5.0.1/files/noto-sans-armenian-latin-ext-800-normal.woff.br
- fontsource-noto-sans-armenian/5.0.1/files/noto-sans-armenian-latin-ext-800-normal.woff.gz
- fontsource-noto-sans-armenian/5.0.1/files/noto-sans-armenian-latin-ext-800-normal.woff2
- fontsource-noto-sans-armenian/5.0.1/files/noto-sans-armenian-latin-ext-900-normal.woff.br
- fontsource-noto-sans-armenian/5.0.1/files/noto-sans-armenian-latin-ext-900-normal.woff.gz
- fontsource-noto-sans-armenian/5.0.1/files/noto-sans-armenian-latin-ext-900-normal.woff2
- fontsource-noto-sans-armenian/5.0.1/index.css.br
- fontsource-noto-sans-armenian/5.0.1/index.css.gz
- fontsource-noto-sans-armenian/5.0.1/index.min.css.br
- fontsource-noto-sans-armenian/5.0.1/index.min.css.gz
- fontsource-noto-sans-armenian/5.0.1/latin-100.css.br
- fontsource-noto-sans-armenian/5.0.1/latin-100.css.gz
- fontsource-noto-sans-armenian/5.0.1/latin-100.min.css.br
- fontsource-noto-sans-armenian/5.0.1/latin-100.min.css.gz
- fontsource-noto-sans-armenian/5.0.1/latin-200.css.br
- fontsource-noto-sans-armenian/5.0.1/latin-200.css.gz
- fontsource-noto-sans-armenian/5.0.1/latin-200.min.css.br
- fontsource-noto-sans-armenian/5.0.1/latin-200.min.css.gz
- fontsource-noto-sans-armenian/5.0.1/latin-300.css.br
- fontsource-noto-sans-armenian/5.0.1/latin-300.css.gz
- fontsource-noto-sans-armenian/5.0.1/latin-300.min.css.br
- fontsource-noto-sans-armenian/5.0.1/latin-300.min.css.gz
- fontsource-noto-sans-armenian/5.0.1/latin-400.css.br
- fontsource-noto-sans-armenian/5.0.1/latin-400.css.gz
- fontsource-noto-sans-armenian/5.0.1/latin-400.min.css.br
- fontsource-noto-sans-armenian/5.0.1/latin-400.min.css.gz
- fontsource-noto-sans-armenian/5.0.1/latin-500.css.br
- fontsource-noto-sans-armenian/5.0.1/latin-500.css.gz
- fontsource-noto-sans-armenian/5.0.1/latin-500.min.css.br
- fontsource-noto-sans-armenian/5.0.1/latin-500.min.css.gz
- fontsource-noto-sans-armenian/5.0.1/latin-600.css.br
- fontsource-noto-sans-armenian/5.0.1/latin-600.css.gz
- fontsource-noto-sans-armenian/5.0.1/latin-600.min.css.br
- fontsource-noto-sans-armenian/5.0.1/latin-600.min.css.gz
- fontsource-noto-sans-armenian/5.0.1/latin-700.css.br
- fontsource-noto-sans-armenian/5.0.1/latin-700.css.gz
- fontsource-noto-sans-armenian/5.0.1/latin-700.min.css.br
- fontsource-noto-sans-armenian/5.0.1/latin-700.min.css.gz
- fontsource-noto-sans-armenian/5.0.1/latin-800.css.br
- fontsource-noto-sans-armenian/5.0.1/latin-800.css.gz
- fontsource-noto-sans-armenian/5.0.1/latin-800.min.css.br
- fontsource-noto-sans-armenian/5.0.1/latin-800.min.css.gz
- fontsource-noto-sans-armenian/5.0.1/latin-900.css.br
- fontsource-noto-sans-armenian/5.0.1/latin-900.css.gz
- fontsource-noto-sans-armenian/5.0.1/latin-900.min.css.br
- fontsource-noto-sans-armenian/5.0.1/latin-900.min.css.gz
- fontsource-noto-sans-armenian/5.0.1/latin-ext-100.css.br
- fontsource-noto-sans-armenian/5.0.1/latin-ext-100.css.gz
- fontsource-noto-sans-armenian/5.0.1/latin-ext-100.min.css.br
- fontsource-noto-sans-armenian/5.0.1/latin-ext-100.min.css.gz
- fontsource-noto-sans-armenian/5.0.1/latin-ext-200.css.br
- fontsource-noto-sans-armenian/5.0.1/latin-ext-200.css.gz
- fontsource-noto-sans-armenian/5.0.1/latin-ext-200.min.css.br
- fontsource-noto-sans-armenian/5.0.1/latin-ext-200.min.css.gz
- fontsource-noto-sans-armenian/5.0.1/latin-ext-300.css.br
- fontsource-noto-sans-armenian/5.0.1/latin-ext-300.css.gz
- fontsource-noto-sans-armenian/5.0.1/latin-ext-300.min.css.br
- fontsource-noto-sans-armenian/5.0.1/latin-ext-300.min.css.gz
- fontsource-noto-sans-armenian/5.0.1/latin-ext-400.css.br
- fontsource-noto-sans-armenian/5.0.1/latin-ext-400.css.gz
- fontsource-noto-sans-armenian/5.0.1/latin-ext-400.min.css.br
- fontsource-noto-sans-armenian/5.0.1/latin-ext-400.min.css.gz
- fontsource-noto-sans-armenian/5.0.1/latin-ext-500.css.br
- fontsource-noto-sans-armenian/5.0.1/latin-ext-500.css.gz
- fontsource-noto-sans-armenian/5.0.1/latin-ext-500.min.css.br
- fontsource-noto-sans-armenian/5.0.1/latin-ext-500.min.css.gz
- fontsource-noto-sans-armenian/5.0.1/latin-ext-600.css.br
- fontsource-noto-sans-armenian/5.0.1/latin-ext-600.css.gz
- fontsource-noto-sans-armenian/5.0.1/latin-ext-600.min.css.br
- fontsource-noto-sans-armenian/5.0.1/latin-ext-600.min.css.gz
- fontsource-noto-sans-armenian/5.0.1/latin-ext-700.css.br
- fontsource-noto-sans-armenian/5.0.1/latin-ext-700.css.gz
- fontsource-noto-sans-armenian/5.0.1/latin-ext-700.min.css.br
- fontsource-noto-sans-armenian/5.0.1/latin-ext-700.min.css.gz
- fontsource-noto-sans-armenian/5.0.1/latin-ext-800.css.br
- fontsource-noto-sans-armenian/5.0.1/latin-ext-800.css.gz
- fontsource-noto-sans-armenian/5.0.1/latin-ext-800.min.css.br
- fontsource-noto-sans-armenian/5.0.1/latin-ext-800.min.css.gz
- fontsource-noto-sans-armenian/5.0.1/latin-ext-900.css.br
- fontsource-noto-sans-armenian/5.0.1/latin-ext-900.css.gz
- fontsource-noto-sans-armenian/5.0.1/latin-ext-900.min.css.br
- fontsource-noto-sans-armenian/5.0.1/latin-ext-900.min.css.gz
- fontsource-noto-sans-armenian/5.0.1/latin-ext.css.br
- fontsource-noto-sans-armenian/5.0.1/latin-ext.css.gz
- fontsource-noto-sans-armenian/5.0.1/latin-ext.min.css.br
- fontsource-noto-sans-armenian/5.0.1/latin-ext.min.css.gz
- fontsource-noto-sans-armenian/5.0.1/latin.css.br
- fontsource-noto-sans-armenian/5.0.1/latin.css.gz
- fontsource-noto-sans-armenian/5.0.1/latin.min.css.br
- fontsource-noto-sans-armenian/5.0.1/latin.min.css.gz
SRIs:
- fontsource-noto-sans-armenian/5.0.1/100.css: sha512-zLQsnfBlBy/4fr5O86TqT82IEscR+m493u6mhDv/2cWVrPv9QIES4VHkZy1wXwJ0eBxErnIJu3/YUcTFmvqf2g==
- fontsource-noto-sans-armenian/5.0.1/600.css: sha512-fYp9nzPeP1BVb6EtCPQ+fCaURosi42mtSmkHXJ5EdoCsBBQgc28dTaivzrVVaaf29MwEpGnFDQa6vC7FKK3DJg==
- fontsource-noto-sans-armenian/5.0.1/latin-500.css: sha512-5vHJVXMG5R7lOf1tMFOmmHmqXox1kCsPQdqxNDyowUGox87ZXF0AhdcMynXkwlxzJwtEAnTq/UTL4/in7CLTtA==
- fontsource-noto-sans-armenian/5.0.1/latin-600.css: sha512-1Pmb5dU7uDVuHFVVPT1X9QGan74r1jeLLSj8lBuORjgrool+sbrc71FBhpPqLcPLWuDtnxCKCgxoCNZOlHKcSA==
- fontsource-noto-sans-armenian/5.0.1/300.css: sha512-ItZBUytZ6TodubUOje42v5nA0ktaLnX9a6hLy1SU85Ho6Hjc3wAt1Ulw1jtMbR89qDnvOO7i58heHPCP/cQ+Kg==
- fontsource-noto-sans-armenian/5.0.1/400.css: sha512-kCAL2fpBSxzjdhdS9Uoqnz5Ty5SoQK6iUFOIaXpTEfgEaOMrrXsrfWUR68U72xiYdzQvf/HONBuzf76HUCdLug==
- fontsource-noto-sans-armenian/5.0.1/800.css: sha512-3v3rLxVyHuPiFIOxJ14uJUsbgwIifUIJHSXBSKs9TrWWpFHPDIIfngwjCJg/2rb2xwbswJ4WeM+w/spNRBBbaQ==
- fontsource-noto-sans-armenian/5.0.1/armenian-100.css: sha512-JCy/FsBMEklp+HoO0C4BquMf8qZWyxFT31Xl3+kVC0lsY3LRQzppfVY5gokmqrPvY5S55WUw7Trmzf/3mdWOqg==
- fontsource-noto-sans-armenian/5.0.1/latin-400.css: sha512-TM25YL0TIJuLukwgcHH7sWOHff1qaT4Tn1CS91LAej2PtWjioBbXAAhaDEWTqkCs6+RkKqAiZerne9H+cJYdNA==
- fontsource-noto-sans-armenian/5.0.1/armenian-200.css: sha512-PdKqPy2iS+LiCONQIyxetQNTiwL/EY7np1IENV8qezrysJeHFNAfWDAZVTRDqy1ljhd7eRwSdLw8w371ytLjYw==
- fontsource-noto-sans-armenian/5.0.1/latin-100.css: sha512-Pk8gmHrvJkeyhzOWaNqMoz4chHjd6iiIZggiW25bKMmt3pJYHrF5dBYaY/1uTwQJnSMGB8wrpWfRTetLzpzVAw==
- fontsource-noto-sans-armenian/5.0.1/latin-300.css: sha512-QoqhNrFsesgIC0R/YUbraPLdew7Rdwr4hSDwT84qCSQyfmRAh5VuOevIT9K4Q+n+gzjMXxKvzP0zwTyKrjihaQ==
- fontsource-noto-sans-armenian/5.0.1/latin-ext-200.css: sha512-fI3hJxRgwOp/Zd3RXCptR+6rmm/hW/V6JIAPzZ18AEHvYtGgD5db48xtWx56FKptHurw63PZFWl5bj5HkO9j1Q==
- fontsource-noto-sans-armenian/5.0.1/latin-ext-900.css: sha512-vwqEenA0s9R+JX58RiRV6TRNIbU0IcfbTRsC2Vwov+sKlvklhE+69HguyQrvMbwhi5ajIe+p8BE7tnPdupxBtg==
- fontsource-noto-sans-armenian/5.0.1/300.min.css: sha512-Sq/6eFhZIkBjiiu63bmOCwmowl1CsiRrkn0lNJ62gXXtWEVtZDb/ohvUdBUu85ibV2E8z0vjjn+w+DaXn4Z1sw==
- fontsource-noto-sans-armenian/5.0.1/latin-200.min.css: sha512-rqn99IOzpN+XjW+Nz1wjIcAE4uP1st7ArDy7JV9ClS/THdEH3GYvMXhli8DEJN0+6M83DARGtmgLpbvgBTQtCQ==
- fontsource-noto-sans-armenian/5.0.1/latin-ext-400.css: sha512-bClsMAMAp23T7zeT748UjVzqx9gP6RZLKe4HJMVwMoUVXIGmb3j/Gk5+t7OT2ZQIHzoTW3MrNlHEu9E0Z+pw4g==
- fontsource-noto-sans-armenian/5.0.1/400.min.css: sha512-Elva6w2b6J30VsCKdrSygSikjDxuAa0gc38nN/aOTIzoqmT7/PFb04RGnqbUnrct7vp1RbE4o7EEWwGOE/YpHQ==
- fontsource-noto-sans-armenian/5.0.1/armenian-100.min.css: sha512-FFe+NOpJnJenh5rjECWXj1Du+9UGK/VVSBRflW+oQTU5Uo/GOjXJgvfO1F59Pw8fxgvdcpNMn+FIMIVQhduvkg==
- fontsource-noto-sans-armenian/5.0.1/armenian-600.css: sha512-auIqBLtfFmPqoAJmORGKieLHH57RXwE2Lu6eDCaBLtS/WeGRPhM1TgR1N0zT5mlrKuJXt6UySRamzTC5JHbFuA==
- fontsource-noto-sans-armenian/5.0.1/armenian-900.min.css: sha512-StWM4Q+RwWOZo6xAv6GPwwGh9xgt3xsAw7MZDexwnNratozs6tPxDMUs8MgA5yBybdr3mjvOgikg7I+hdaTL8Q==
- fontsource-noto-sans-armenian/5.0.1/armenian.css: sha512-5Uyri52C2JShPDL4Yh/xBFcAR7HxmhU7lrtTMOWxs6hFg255FNhmxdFSzOyWpUxfoEwF5CAwytLq48YgzxzeYQ==
- fontsource-noto-sans-armenian/5.0.1/latin-ext-100.css: sha512-Wu0+U1tl821ETvGwVX4ltMjthZhXWqb7mKzu34slxXNgfOLEUqrZvYOgBXyt/X/giJlOa2cPkmgc+xlm492obw==
- fontsource-noto-sans-armenian/5.0.1/latin.css: sha512-vaz+aBMMlhpyhxDHgDs6O9pLySYQ8jL7UxJ9JBv4kpPJ7V3+wx0fp3l7QXknrPsTVBS6c/DmjyJ49lUQ1HSWsQ==
- fontsource-noto-sans-armenian/5.0.1/latin-ext-500.min.css: sha512-JOqfrahU2No4FOCrHbLNnPhhe32stLZbskkYuRh2UOUBrEHT2KMKoJrszMMWaJvIi1r8d8Loay5fUnEluOf6/A==
- fontsource-noto-sans-armenian/5.0.1/500.css: sha512-TLAHQi46T+AMXDrRd5Zaap7arNdXRoU/NYRli2wY2V3YURkltakec6vLw61GK/sufpZpt937Dw9r2m61dPjs7Q==
- fontsource-noto-sans-armenian/5.0.1/900.min.css: sha512-/p2A0lwSsPX2MZne1nZAMcnQTnK7trvrvTpc6IQhGtMZcpB0Xd51/+g238AY39njW2v0rcCOUzF9rrC5Gxnnmw==
- fontsource-noto-sans-armenian/5.0.1/armenian-200.min.css: sha512-rhTScPuROnylkoHqGiYbbGqHkpLiY5BKhXX30DLBt0xPCmaA03XsaZ8tsjw2HA7foLXSRcWwOnM1K9/YlZBPmA==
- fontsource-noto-sans-armenian/5.0.1/index.min.css: sha512-Elva6w2b6J30VsCKdrSygSikjDxuAa0gc38nN/aOTIzoqmT7/PFb04RGnqbUnrct7vp1RbE4o7EEWwGOE/YpHQ==
- fontsource-noto-sans-armenian/5.0.1/latin-600.min.css: sha512-x4+Sg4a9Z2xeWA4WRMX1mkxcMeP4fSHx5fsd+wtPvWmW7oM3J+rtMn58PKhMz9lHQ4uIyd/550ug1vgH9XTm4w==
- fontsource-noto-sans-armenian/5.0.1/latin-900.css: sha512-YypCfNbkz6GhhwdDJhvuDpir0ZeMON/0ngTwGNIzVQjO/nWqeY23oxR++rFUB6a2tjwgrba91C6ps64npk5GoQ==
- fontsource-noto-sans-armenian/5.0.1/latin-ext-500.css: sha512-Q3++tLH2CJQGxdZ41Gma3eLxBkpf7eoVk0A8P0+AjN/inifyY0mPj1hNNCcH36jUP8DXN1HSedGwWuIqtCiawA==
- fontsource-noto-sans-armenian/5.0.1/armenian-800.min.css: sha512-Ywui969z+/MBcLzxblUzh4ahcMko2boIB79lIGZqDXLh2hVVZ+IIjsMJHmY51lTOB2OJdCIsxDn7WX1xU+bwPQ==
- fontsource-noto-sans-armenian/5.0.1/latin-800.css: sha512-CtR/vrJqBSp/2NTMmz9fHCAkQsLSKI/oh8ODFAVpnD8+eIwClS7xLiKiAJUjNlG0jHhiVtaG7fB2XVGa3u4ucA==
- fontsource-noto-sans-armenian/5.0.1/latin-ext.min.css: sha512-YMbUEfbxjHMI6JnM9ofdGwI/ZrCBSq9nvsFgs9gnqs5uJ4GKyh5lshO96rBKj1gEaFK+INmwhkCSrhBQy6SFOQ==
- fontsource-noto-sans-armenian/5.0.1/latin-300.min.css: sha512-mfujcmVtQPD3wus2ck+EAAzVSOeQ5jTXJLyrl4WRS7yqcNhSLt73w6Bd2Zjfm2XnTT4yyHRBrF+KwXcNnvLhRw==
- fontsource-noto-sans-armenian/5.0.1/latin-700.min.css: sha512-mVSyfdsy5BEqlauqrhaamwGqnMtxmkTqS9N+F5I7bXgzELnx9K7CHeE56J65ySF+wY3Yn9EiHhnTiMb6zwmX9g==
- fontsource-noto-sans-armenian/5.0.1/latin-ext-800.min.css: sha512-wmEplM74zXcutMewFAhJ1vIIPNxHFJlwsuAm/Go4iqKMRwmKxIWMMlqABkYWS7ezOLOhFzIkkAMrovEqWrbYZw==
- fontsource-noto-sans-armenian/5.0.1/200.css: sha512-NcfrgLfa8kWTYivAOkfh++lQ6vU3mxbMMsjheY5vH7DWV/PZ/yy5b9wVREDHtnKL6HMMOYzo1JuEiqQNJo8dBQ==
- fontsource-noto-sans-armenian/5.0.1/800.min.css: sha512-nEVmwv39WrY0J4kynd2QszTlYzvd0bqqEfB2oSXZa4ATvxReWXe+TZkQmdiG3/kmOennnT6XC6kEQ+xbGj+KAw==
- fontsource-noto-sans-armenian/5.0.1/900.css: sha512-KnSEweoS0eIJF5iREEW0lt/QMlL4OQexwfZ8HYX6eKMC+ark4w106TAKus5rFYcoSTZD8xm05HoRi2Axb4jfwg==
- fontsource-noto-sans-armenian/5.0.1/latin-200.css: sha512-Sdjw24biD4v047/PjKhjZ0BXa0AJEddi5bLgIUCgTVbekvtKE5FenEr9eFOV06hOdiQcECyfZCmLv5VjHfT1aQ==
- fontsource-noto-sans-armenian/5.0.1/latin-400.min.css: sha512-CW4NlNQyxciVozvnWfGwzRv1a0ru6ACjVQzlSqP2OCiTbxes+JhdYXYneGxeC6CxxLFqF3gq2M/ekQQ1d4QUCg==
- fontsource-noto-sans-armenian/5.0.1/latin-ext-100.min.css: sha512-vQ40fcLQRolCY6CEL+lZPJ2RiBjjre+fRuGeVfi0XRQHyayjcv4aIkuDvsFde4pqlgRJsOpL7t6wLFRt/vUwNQ==
- fontsource-noto-sans-armenian/5.0.1/600.min.css: sha512-k9XPOUIbx9jWFHjWBK1P5HVEC8UdzLSWeqXxEmG4E8YL76gVXmquq2b/xzAD0tOlocSuBD87FY3PXEqJnUTKlQ==
- fontsource-noto-sans-armenian/5.0.1/armenian-600.min.css: sha512-P3/zpILUbu+DPP2GLApxxeNFXPovFn7VD87D1u3CC09EqAfsCrm/dxduJLvBQzxYZvvhoV14p9OC86HZWtB7Dg==
- fontsource-noto-sans-armenian/5.0.1/armenian-700.min.css: sha512-kABHsd4Qudoz2jfJ6/f/4pWv4IdrYKWmnom6o4fgazOOcOio8PAA445LtvVEg/xGIDMWr5pEikmn8ppkQ1tvQQ==
- fontsource-noto-sans-armenian/5.0.1/latin-500.min.css: sha512-cFhtUbU+PBx9TdPDcWP7vpnP+47CkjP7Bb0x9k73BoqWoMaWxxbGhdGSCYkqaQot27+6n/aY7f6kR+o7MExVrw==
- fontsource-noto-sans-armenian/5.0.1/latin-ext-800.css: sha512-epwAv7Ws8DkEvzjlIDMtvw60hjg146eDW39eCbdz/3yhAAdvErNqRrFfUpOY3KIas3Q9l1ZHxONiXrio5gHTxg==
- fontsource-noto-sans-armenian/5.0.1/armenian-400.css: sha512-Xi8ZPIScgjkhe8IG0pumjZgFGvna/qTcxtaQDBrg6eHYFxCePyOhRhTyCHB2Brgw9iUSqO14BaDQNXaXOH1r9w==
- fontsource-noto-sans-armenian/5.0.1/armenian-400.min.css: sha512-N1DVyEKMo8jamKcxGZhdDW3Zb3EbecSN68fR9xY/YHrIeUvBd9XweLgkU+gRqYX3Gxr61OBp+WswWdGtwiOSug==
- fontsource-noto-sans-armenian/5.0.1/armenian-500.css: sha512-q0wPXX1mzc4futWPc/oPT+eoR2w7qBRM4K6prrkLrivEDCMRkDKyMWQsgCFcWYtv1L3Q8E7JneXaX9g3yvUumA==
- fontsource-noto-sans-armenian/5.0.1/armenian-500.min.css: sha512-5u8fSTfviwyI7J32FsFUff4gkEG40D51iZhSL3ynmtvAWlPM/D5Vb2h1I7sV7zKWYEVBOzZq9WRUc5v/qdcyTg==
- fontsource-noto-sans-armenian/5.0.1/latin-ext-300.min.css: sha512-kvXiMLKhb/eBzTX7vcA0YJYFgv+xejt0Tmd5UgaG75gI0xQK7AG5HCPfA0HvdxnN8jQufzKE0ZKt2Jwc75ioFg==
- fontsource-noto-sans-armenian/5.0.1/latin-ext-700.css: sha512-G7kOvHSeT89n8H2MHOoywFXUjIDx6KpoSGOgEVfktqoOwE9+7Q+tcsFGogPxi9mkFidTEwYZlX+cpBnyu+q3vQ==
- fontsource-noto-sans-armenian/5.0.1/armenian-700.css: sha512-ZpjElm1yC71/R4m7Y29G+OQm9ze3fkxtzHm9ISoi3lC43E8HBhhO6TLpSjtWLKYdu1u4XJoBrtEo5UuPbcRdWg==
- fontsource-noto-sans-armenian/5.0.1/latin-100.min.css: sha512-+1Lpb+l8IhT2GWrO5c8kc0ZUX1P8YJO7NLxSJIfkIWdahLwfVLmsc8vd1NRc3LGTmFa/t6HyW6d/e00gUS6R9g==
- fontsource-noto-sans-armenian/5.0.1/latin-ext-400.min.css: sha512-xIZuP5PYwkg1bRVE5d9t2MpkSrzivyHCocLUpjrkhdLjsjMMCWGPJXFrM6us0/Nihz2LVU2sgbT8OCDZhFrwng==
- fontsource-noto-sans-armenian/5.0.1/latin-ext-600.min.css: sha512-vwZx3CzzcS+IkpRvWGra/gVrV5qMoBHReJdJoBBsORFY61J3CgvdkR4X0USdQFE4haSLGNdkws8tvIGaqr3biA==
- fontsource-noto-sans-armenian/5.0.1/latin.min.css: sha512-yMJHMpFPPgG2AXtYKGRIl6ldbGIUXDpEJ899lgiOWXrKM6bl+mZhj0r7ly12CimIgx8SVgJtr7f7PNFFN5bHnQ==
- fontsource-noto-sans-armenian/5.0.1/200.min.css: sha512-Gn4AhOc05cuiOQPEW0OKqESw1uoDJSuXtKzx0X11klGCFvkVTEPmUpaXbR0y9RzGgqIeO5pgXBiHygeaLt0/vA==
- fontsource-noto-sans-armenian/5.0.1/latin-800.min.css: sha512-T2i50+BHSZ/JIGq7408Gu6t1qMrhwSoahQR0Qq6pbAKLl+dEYexj3ceWEnb9AOd044SdA4nFiD3egJ6GfCPQTg==
- fontsource-noto-sans-armenian/5.0.1/latin-ext-600.css: sha512-srrIP0TuoxidMqkS15Q68kXwELVk868LpQmUNwrD1c0XTeYGEtvoaGTIiE/FHX5YAP8BesoF+UfNqf4bz9bhpQ==
- fontsource-noto-sans-armenian/5.0.1/latin-ext.css: sha512-4btRaVoznFugvSzGN1X3jbOJKpu4lFlQl36VgeP6ctH5SgJdhPysznEc3AAKnYht/zg0mvcI5ovYbY2a+XJi8Q==
- fontsource-noto-sans-armenian/5.0.1/armenian.min.css: sha512-YRBXPKSzd1nXhQt/w/VCKsBf3FyLZ42ARpFtfys5oMNtha6RG4kH+3mU3bplazMvO9nPI9+mxY7nheSxzE9uRg==
- fontsource-noto-sans-armenian/5.0.1/index.css: sha512-kCAL2fpBSxzjdhdS9Uoqnz5Ty5SoQK6iUFOIaXpTEfgEaOMrrXsrfWUR68U72xiYdzQvf/HONBuzf76HUCdLug==
- fontsource-noto-sans-armenian/5.0.1/latin-700.css: sha512-OF2TSQ++DmII7I+JI1EVpeb9wL7Dg+5TNp9U7sl5jAQdfCveV2gPx01ffdY9bebVXrChYPHg8BDFyhwysncnzQ==
- fontsource-noto-sans-armenian/5.0.1/100.min.css: sha512-ybnaxw+zJauqb6Eeic/5sJWWsXH88NMOyBJa+kCaSJ/R+sEyw/izle+IH9u8qqkSpFlGNbyjV0DaXzLK9bzFMQ==
- fontsource-noto-sans-armenian/5.0.1/armenian-300.css: sha512-eko74LkfHI8bHq3+FmI4QiJ7PnYS8q9QIRcGJ8u+jNkNeAsG/e2OC7ufIY6RSYw5iEgLs5zJ1PC9TuajJshWTw==
- fontsource-noto-sans-armenian/5.0.1/armenian-300.min.css: sha512-6fESNaZM2uqu0O4d1TYVc2np/TPev7rxVoQNi+bu4QI63BwcmQw87TnIAvm0jy89VuDJzXpCPi3nzwlz5Mcfsw==
- fontsource-noto-sans-armenian/5.0.1/armenian-900.css: sha512-w2VDrj0TaagG7SDUv0HF2hEYjapV6a0RRtyHfmYIr7dRLVOIkPhZYqs74wODjWIB0y25OWcP0VHSlWl6Bq8/sA==
- fontsource-noto-sans-armenian/5.0.1/latin-ext-300.css: sha512-sG2K+i/m9EPcBXD4iL9UCDCX0HG5Kv2dR5A7/44GMrwp9mnaEXz8LC6icwRSAhtvNR9dLdybx3JFMSM80f0MgA==
- fontsource-noto-sans-armenian/5.0.1/latin-ext-900.min.css: sha512-UW7eFJifqIeVJ1GQx4tG0IL4RiHGbT7vq6jbXOIVO/tQOkfwBJtL3xWorrsH+uP9UbLGA5XT/n3LUW1ullM3gg==
- fontsource-noto-sans-armenian/5.0.1/500.min.css: sha512-jZnaURnqp4mLS8Y3H2mF/iVP3cyfa1KRO9b9aFafCK9AW8PsJ7Rm7cMQ8Bxm7cRCT5rk9sSNuIa0kDeoFnV4Zw==
- fontsource-noto-sans-armenian/5.0.1/700.css: sha512-Bm3dpACxXl5AQx4oCXJZSQNr8S9JM7g4fFKRhk/S3lCop4ftcI6BcChRCLIT3WJ2VeidtBI59ybyGTH54kwd6Q==
- fontsource-noto-sans-armenian/5.0.1/700.min.css: sha512-/tpA3lt0Q/sp5jm0CxZsUKxMgxve9I0TLCiW6lmwhGEZYKXFwPq7P5/bYLhl+35xZpDY4xxDQ5WO6tHLuKybaA==
- fontsource-noto-sans-armenian/5.0.1/armenian-800.css: sha512-RoZNU5mvq9VUSX6zjnaQU/xQhmXogxHZFGH79PXlLJYujQY/aFhNxJNtjQSWmDJBR+O63O8evWAWq8vmjY4jeQ==
- fontsource-noto-sans-armenian/5.0.1/latin-900.min.css: sha512-C3fEp22QwEBbq7W71yqjxVx0hvK19zuRwdMKGNFKWkAu/Xxsqkhjvkx97oVZ9xdLqtaPofpZs1EFV/XQRLP82A==
- fontsource-noto-sans-armenian/5.0.1/latin-ext-200.min.css: sha512-AWStrrmcqgOZ77/mHJI0DIMY+/Ri+lMHDRhFXR2TUm/gUJfbAN1ssA2gwI4Vhmi65oHXnOPww/AqMctUYLdh2w==
- fontsource-noto-sans-armenian/5.0.1/latin-ext-700.min.css: sha512-Cl9UuCC7j8U8j4UxnZpaCY7e6WJ+4vmFGBTwXO1WbXJrFqqNLskAmikBT3rXKXYKc4G1uHbwkGmVSXJwINi6UQ==
