2024/09/04 07:32:12 optimizing files (Js true, Css true, Png true, Jpg true)
2024/09/04 07:32:12 /tmp/work/dist/umd/react-router-dom.production.min.js is already compressed
2024/09/04 07:32:12 /tmp/work/dist/umd/react-router.production.min.js is already compressed
2024/09/04 07:32:12 algorithm: run /usr/bin/brotli --quality=11 --output=/output/react-router-dom.production.min.js.map.br /tmp/work/dist/umd/react-router-dom.production.min.js.map
2024/09/04 07:32:12 algorithm: run /usr/bin/brotli --quality=11 --output=/output/react-router.development.js.map.br /tmp/work/dist/umd/react-router.development.js.map
2024/09/04 07:32:12 sri /tmp/work/dist/umd/react-router-dom.production.min.js -> /output/react-router-dom.production.min.js.sri
2024/09/04 07:32:12 algorithm: run /usr/bin/brotli --quality=11 --output=/output/react-router.production.min.js.map.br /tmp/work/dist/umd/react-router.production.min.js.map
2024/09/04 07:32:12 compress: run /node_modules/uglify-js/bin/uglifyjs (3.15.4) [--mangle --compress if_return=true -o /tmp/work/dist/umd/react-router.development.min.js /tmp/work/dist/umd/react-router.development.js]
2024/09/04 07:32:12 algorithm: run /usr/bin/brotli --quality=11 --output=/output/react-router-dom.production.min.js.br /tmp/work/dist/umd/react-router-dom.production.min.js
2024/09/04 07:32:12 compress: run /node_modules/uglify-js/bin/uglifyjs (3.15.4) [--mangle --compress if_return=true -o /tmp/work/dist/umd/react-router-dom.development.min.js /tmp/work/dist/umd/react-router-dom.development.js]
2024/09/04 07:32:12 algorithm: run /usr/bin/brotli --quality=11 --output=/output/react-router-dom.development.js.map.br /tmp/work/dist/umd/react-router-dom.development.js.map
2024/09/04 07:32:12 sri /tmp/work/dist/umd/react-router.production.min.js -> /output/react-router.production.min.js.sri
2024/09/04 07:32:12 algorithm: run /usr/bin/brotli --quality=11 --output=/output/react-router.production.min.js.br /tmp/work/dist/umd/react-router.production.min.js
2024/09/04 07:32:12 br /tmp/work/dist/umd/react-router-dom.production.min.js -> /output/react-router-dom.production.min.js.br
2024/09/04 07:32:12 gz /tmp/work/dist/umd/react-router-dom.production.min.js -> /output/react-router-dom.production.min.js.gz
2024/09/04 07:32:12 br /tmp/work/dist/umd/react-router-dom.production.min.js.map -> /output/react-router-dom.production.min.js.map.br
2024/09/04 07:32:12 gz /tmp/work/dist/umd/react-router-dom.production.min.js.map -> /output/react-router-dom.production.min.js.map.gz
2024/09/04 07:32:12 br /tmp/work/dist/umd/react-router-dom.development.js.map -> /output/react-router-dom.development.js.map.br
2024/09/04 07:32:12 gz /tmp/work/dist/umd/react-router-dom.development.js.map -> /output/react-router-dom.development.js.map.gz
2024/09/04 07:32:12 br /tmp/work/dist/umd/react-router.production.min.js -> /output/react-router.production.min.js.br
2024/09/04 07:32:12 gz /tmp/work/dist/umd/react-router.production.min.js -> /output/react-router.production.min.js.gz
2024/09/04 07:32:12 sri /tmp/work/dist/umd/react-router-dom.development.min.js -> /output/react-router-dom.development.min.js.sri
2024/09/04 07:32:12 algorithm: run /usr/bin/brotli --quality=11 --output=/output/react-router-dom.development.min.js.br /tmp/work/dist/umd/react-router-dom.development.min.js
2024/09/04 07:32:12 br /tmp/work/dist/umd/react-router-dom.development.min.js -> /output/react-router-dom.development.min.js.br
2024/09/04 07:32:12 gz /tmp/work/dist/umd/react-router-dom.development.min.js -> /output/react-router-dom.development.min.js.gz
2024/09/04 07:32:12 sri /tmp/work/dist/umd/react-router-dom.development.js -> /output/react-router-dom.development.js.sri
2024/09/04 07:32:12 algorithm: run /usr/bin/brotli --quality=11 --output=/output/react-router-dom.development.js.br /tmp/work/dist/umd/react-router-dom.development.js
2024/09/04 07:32:12 br /tmp/work/dist/umd/react-router-dom.development.js -> /output/react-router-dom.development.js.br
2024/09/04 07:32:12 gz /tmp/work/dist/umd/react-router-dom.development.js -> /output/react-router-dom.development.js.gz
2024/09/04 07:32:13 br /tmp/work/dist/umd/react-router.production.min.js.map -> /output/react-router.production.min.js.map.br
2024/09/04 07:32:13 gz /tmp/work/dist/umd/react-router.production.min.js.map -> /output/react-router.production.min.js.map.gz
2024/09/04 07:32:14 br /tmp/work/dist/umd/react-router.development.js.map -> /output/react-router.development.js.map.br
2024/09/04 07:32:14 sri /tmp/work/dist/umd/react-router.development.min.js -> /output/react-router.development.min.js.sri
2024/09/04 07:32:14 algorithm: run /usr/bin/brotli --quality=11 --output=/output/react-router.development.min.js.br /tmp/work/dist/umd/react-router.development.min.js
2024/09/04 07:32:14 gz /tmp/work/dist/umd/react-router.development.js.map -> /output/react-router.development.js.map.gz
2024/09/04 07:32:14 br /tmp/work/dist/umd/react-router.development.min.js -> /output/react-router.development.min.js.br
2024/09/04 07:32:14 gz /tmp/work/dist/umd/react-router.development.min.js -> /output/react-router.development.min.js.gz
2024/09/04 07:32:14 sri /tmp/work/dist/umd/react-router.development.js -> /output/react-router.development.js.sri
2024/09/04 07:32:14 algorithm: run /usr/bin/brotli --quality=11 --output=/output/react-router.development.js.br /tmp/work/dist/umd/react-router.development.js
2024/09/04 07:32:15 br /tmp/work/dist/umd/react-router.development.js -> /output/react-router.development.js.br
2024/09/04 07:32:15 gz /tmp/work/dist/umd/react-router.development.js -> /output/react-router.development.js.gz
2024/09/04 07:32:15 processed react-router
