config: {"authors":[{"name":"jSuites","email":"contact@jsuites.net"}],"autoupdate":{"source":"npm","target":"jsuites","fileMap":[{"basePath":"dist","files":["*.@(js|css)"]}]},"description":"jSuites is a collection of lightweight common required javascript plugins and web components. It is composed of fully responsive vanilla plugins to help you bring the best user experience to your projects, independent of the platform.","filename":"jsuites.js","homepage":"https://github.com/jsuites/jsuites","keywords":["javascript plugins"],"license":"MIT","name":"jsuites","repository":{"type":"git","url":"git+https://github.com/jsuites/jsuites.git"},"author":"jSuites \u003ccontact@jsuites.net\u003e"}
KV keys:
- jsuites/4.16.7/jsuites.basic.css.br
- jsuites/4.16.7/jsuites.basic.css.gz
- jsuites/4.16.7/jsuites.basic.js.br
- jsuites/4.16.7/jsuites.basic.js.gz
- jsuites/4.16.7/jsuites.basic.min.css.br
- jsuites/4.16.7/jsuites.basic.min.css.gz
- jsuites/4.16.7/jsuites.basic.min.js.br
- jsuites/4.16.7/jsuites.basic.min.js.gz
- jsuites/4.16.7/jsuites.css.br
- jsuites/4.16.7/jsuites.css.gz
- jsuites/4.16.7/jsuites.js.br
- jsuites/4.16.7/jsuites.js.gz
- jsuites/4.16.7/jsuites.layout.css.br
- jsuites/4.16.7/jsuites.layout.css.gz
- jsuites/4.16.7/jsuites.layout.js.br
- jsuites/4.16.7/jsuites.layout.js.gz
- jsuites/4.16.7/jsuites.layout.min.css.br
- jsuites/4.16.7/jsuites.layout.min.css.gz
- jsuites/4.16.7/jsuites.layout.min.js.br
- jsuites/4.16.7/jsuites.layout.min.js.gz
- jsuites/4.16.7/jsuites.min.css.br
- jsuites/4.16.7/jsuites.min.css.gz
- jsuites/4.16.7/jsuites.min.js.br
- jsuites/4.16.7/jsuites.min.js.gz
- jsuites/4.16.7/jsuites.webcomponents.js.br
- jsuites/4.16.7/jsuites.webcomponents.js.gz
- jsuites/4.16.7/jsuites.webcomponents.min.js.br
- jsuites/4.16.7/jsuites.webcomponents.min.js.gz
SRIs:
- jsuites/4.16.7/jsuites.basic.css: sha512-f75+RfhB+1Djn9n1mP29NzRMV4pHthaE9948YpbyM6GtrEnfCV2cdFdfHL7/jQYiqcePntEOySCIXsHJ5a5k4A==
- jsuites/4.16.7/jsuites.basic.js: sha512-JyvVHKDDf7SrQW7flIiY5pUk3Qin/h/6Pm6RM2iWqlus8ME7h0QNYmtnWlbL7g/QA9qOx44qWK6MJHN8szcBGg==
- jsuites/4.16.7/jsuites.js: sha512-h88/taMZ1oJsoIzRJn7Dta6PT4cvOIx8OHUtzNsxKM2Gpd5JVUSAOOKvbj/V5be1hYZRqdGD/VzqUa+cOh/15A==
- jsuites/4.16.7/jsuites.layout.js: sha512-jksBuL935X0841VQyFpX/lWaARnusfnluMUq+pDYhSj96uHdFltl2FVFCyotTKkGCeE8l41oO8zwvClaoGw4Yw==
- jsuites/4.16.7/jsuites.webcomponents.min.js: sha512-H106PzkRdAqq9zsKsHIPtBWqIDhryIA292qnRgB6JN67IvVFj5cvM6bqHWMPytwcj7S2zMDVSAqTebHJnopNaQ==
- jsuites/4.16.7/jsuites.basic.min.css: sha512-X166OA6bxsqCHLWqzNZpt/Bv5yzL0iwopgKADLmb/oJEGpuJkr8pWORrdGMdxw2Lh3X3odw5OTn0LwVgcFDaNQ==
- jsuites/4.16.7/jsuites.basic.min.js: sha512-l5IzY2xm5krV6tkwA93gIqbROm6IiwjJzjkiqBLIno95EPqjiF3KAMkjIpmoHultY7WCXyAcbCeDbtAKMoLkyA==
- jsuites/4.16.7/jsuites.min.js: sha512-+W/R0cSBuUNvjrz/syOX5NykkyqO+bhla58khRlSiSj4ISN4wct3aLbAgi1dfVHCmley0ZT6XZbu/EozoMvmRg==
- jsuites/4.16.7/jsuites.css: sha512-9fuvBWZsmrLcGMn1Gk/oSI4NqdMTHRD7zcT9cdMnEdXC6qaelqgN9lGZquHPpSDmAkr4DrPkBDQoNexEQ/6aiw==
- jsuites/4.16.7/jsuites.layout.min.css: sha512-+5KUFU5MLc07bxfnI9C61iqXShKqWtLbgrQCl7uP0mYOCkqkrAVyfqiZKia3h8JUEwIb0OC27sNiNOmxz+ppfg==
- jsuites/4.16.7/jsuites.min.css: sha512-vjU++2VpgcCt9Yvin9U8xvWHZL14y66sUgVHIRfY4ryx5imUIF+aJeGxojgV+opTLIxTV5UL1NwJUiJEf1//yw==
- jsuites/4.16.7/jsuites.layout.css: sha512-/7tT2fgc1rfQsORpQd40vcHIc3YhqlvcqeJpR3Fy5lF4CrsLkvGUv8S9L39u2FkaMnDZ72lxaGHh5oZA/xQVyg==
- jsuites/4.16.7/jsuites.layout.min.js: sha512-sOPUusLkIrZdLIHUJZCojI9lpBLVsY1hxStbLTDJYJtRhSOBeuGwPHBtlKEfZgXpCHIVgNHe/I52kYch+0TbBQ==
- jsuites/4.16.7/jsuites.webcomponents.js: sha512-445yc07igDlBbHo2WQq8pvMhw83oQY46jfxLzYJfQIM+0j1xmTjjTjqO9sO/W/Us+fhzbFlx0oTAO7a69Ru25g==
