Files:
- fontsource-noto-sans-tamil-supplement/5.0.5/400.css.br
- fontsource-noto-sans-tamil-supplement/5.0.5/400.css.gz
- fontsource-noto-sans-tamil-supplement/5.0.5/400.min.css.br
- fontsource-noto-sans-tamil-supplement/5.0.5/400.min.css.gz
- fontsource-noto-sans-tamil-supplement/5.0.5/files/noto-sans-tamil-supplement-tamil-supplement-400-normal.woff.br
- fontsource-noto-sans-tamil-supplement/5.0.5/files/noto-sans-tamil-supplement-tamil-supplement-400-normal.woff.gz
- fontsource-noto-sans-tamil-supplement/5.0.5/files/noto-sans-tamil-supplement-tamil-supplement-400-normal.woff2
- fontsource-noto-sans-tamil-supplement/5.0.5/index.css.br
- fontsource-noto-sans-tamil-supplement/5.0.5/index.css.gz
- fontsource-noto-sans-tamil-supplement/5.0.5/index.min.css.br
- fontsource-noto-sans-tamil-supplement/5.0.5/index.min.css.gz
- fontsource-noto-sans-tamil-supplement/5.0.5/tamil-supplement-400.css.br
- fontsource-noto-sans-tamil-supplement/5.0.5/tamil-supplement-400.css.gz
- fontsource-noto-sans-tamil-supplement/5.0.5/tamil-supplement-400.min.css.br
- fontsource-noto-sans-tamil-supplement/5.0.5/tamil-supplement-400.min.css.gz
- fontsource-noto-sans-tamil-supplement/5.0.5/tamil-supplement.css.br
- fontsource-noto-sans-tamil-supplement/5.0.5/tamil-supplement.css.gz
- fontsource-noto-sans-tamil-supplement/5.0.5/tamil-supplement.min.css.br
- fontsource-noto-sans-tamil-supplement/5.0.5/tamil-supplement.min.css.gz
