config: {"authors":[{"name":"Evan You","email":"yyx990803@gmail.com"}],"autoupdate":{"source":"npm","target":"vue","fileMap":[{"basePath":"dist","files":["**/*.+(js|map)"]}]},"description":"Simple, Fast \u0026 Composable MVVM for building interactive interfaces","filename":"vue.min.js","homepage":"http://vuejs.org","keywords":["mvvm","browser","framework"],"license":"MIT","name":"vue","repository":{"type":"git","url":"https://github.com/vuejs/vue.git"},"author":"Evan You \u003cyyx990803@gmail.com\u003e"}
KV keys:
- vue/3.4.0-rc.2/vue.cjs.js.br
- vue/3.4.0-rc.2/vue.cjs.js.gz
- vue/3.4.0-rc.2/vue.cjs.min.js.br
- vue/3.4.0-rc.2/vue.cjs.min.js.gz
- vue/3.4.0-rc.2/vue.cjs.prod.js.br
- vue/3.4.0-rc.2/vue.cjs.prod.js.gz
- vue/3.4.0-rc.2/vue.cjs.prod.min.js.br
- vue/3.4.0-rc.2/vue.cjs.prod.min.js.gz
- vue/3.4.0-rc.2/vue.esm-browser.js.br
- vue/3.4.0-rc.2/vue.esm-browser.js.gz
- vue/3.4.0-rc.2/vue.esm-browser.min.js.br
- vue/3.4.0-rc.2/vue.esm-browser.min.js.gz
- vue/3.4.0-rc.2/vue.esm-browser.prod.js.br
- vue/3.4.0-rc.2/vue.esm-browser.prod.js.gz
- vue/3.4.0-rc.2/vue.esm-browser.prod.min.js.br
- vue/3.4.0-rc.2/vue.esm-browser.prod.min.js.gz
- vue/3.4.0-rc.2/vue.esm-bundler.js.br
- vue/3.4.0-rc.2/vue.esm-bundler.js.gz
- vue/3.4.0-rc.2/vue.esm-bundler.min.js.br
- vue/3.4.0-rc.2/vue.esm-bundler.min.js.gz
- vue/3.4.0-rc.2/vue.global.js.br
- vue/3.4.0-rc.2/vue.global.js.gz
- vue/3.4.0-rc.2/vue.global.min.js.br
- vue/3.4.0-rc.2/vue.global.min.js.gz
- vue/3.4.0-rc.2/vue.global.prod.js.br
- vue/3.4.0-rc.2/vue.global.prod.js.gz
- vue/3.4.0-rc.2/vue.global.prod.min.js.br
- vue/3.4.0-rc.2/vue.global.prod.min.js.gz
- vue/3.4.0-rc.2/vue.runtime.esm-browser.js.br
- vue/3.4.0-rc.2/vue.runtime.esm-browser.js.gz
- vue/3.4.0-rc.2/vue.runtime.esm-browser.min.js.br
- vue/3.4.0-rc.2/vue.runtime.esm-browser.min.js.gz
- vue/3.4.0-rc.2/vue.runtime.esm-browser.prod.js.br
- vue/3.4.0-rc.2/vue.runtime.esm-browser.prod.js.gz
- vue/3.4.0-rc.2/vue.runtime.esm-browser.prod.min.js.br
- vue/3.4.0-rc.2/vue.runtime.esm-browser.prod.min.js.gz
- vue/3.4.0-rc.2/vue.runtime.esm-bundler.js.br
- vue/3.4.0-rc.2/vue.runtime.esm-bundler.js.gz
- vue/3.4.0-rc.2/vue.runtime.esm-bundler.min.js.br
- vue/3.4.0-rc.2/vue.runtime.esm-bundler.min.js.gz
- vue/3.4.0-rc.2/vue.runtime.global.js.br
- vue/3.4.0-rc.2/vue.runtime.global.js.gz
- vue/3.4.0-rc.2/vue.runtime.global.min.js.br
- vue/3.4.0-rc.2/vue.runtime.global.min.js.gz
- vue/3.4.0-rc.2/vue.runtime.global.prod.js.br
- vue/3.4.0-rc.2/vue.runtime.global.prod.js.gz
- vue/3.4.0-rc.2/vue.runtime.global.prod.min.js.br
- vue/3.4.0-rc.2/vue.runtime.global.prod.min.js.gz
SRIs:
- vue/3.4.0-rc.2/vue.esm-browser.js: sha512-V3TVwhVxvooapSSaWq9g9rYlENZ8KMnwb2zGPleoje5+F/EfBGOd71P0hOTcGbuwBb98U+5aLYbAPD8CSs43Uw==
- vue/3.4.0-rc.2/vue.esm-browser.min.js: sha512-je3sAeQqvM3MbBzfgi0tEJ01pEg+gr5L29VBUFHFyyV57iOCPEbfxdniUZGBsA8Zx9CBMIwzkn5lwKXO8SVufg==
- vue/3.4.0-rc.2/vue.global.js: sha512-A4TEoKvVPMdapWzLXEBHczWPyx+AiF3ue+XnJJg1PkH05OqPVDd2eKuLOe3PYdnzAwxAWjaCp2Xankd9cHHq+w==
- vue/3.4.0-rc.2/vue.runtime.esm-browser.js: sha512-6wQkIam8nGoZ0tLB6239mtuVKenixq0hst/Aeqncquuazok/vPD5G+s7N0WkO33T7LtWpzvzRahlYf1mONDoQg==
- vue/3.4.0-rc.2/vue.runtime.esm-browser.prod.js: sha512-xKu1tvsDNkjnyViRSW0HAO7k+RaeIbVRmhLrR5g25gLdb07caRra257mUEU20IGAYcw7lDtpi1bmQPbZzsPbLA==
- vue/3.4.0-rc.2/vue.runtime.esm-bundler.js: sha512-tOOVVe9oQfgRlwLJWkhZ30fTSNzWLB+khBSMCQo+coDtreo72qA4yF2iJd+oq6xllFXjxxsChmMJez7U+GAcCA==
- vue/3.4.0-rc.2/vue.cjs.js: sha512-uJSRYSBzKmCaA8Y4fKzhSIuwqub9VA5dIHZeFFnSPPHYY9xMKCTeCB688NatAGTH33h/qC9JSMF8ttl/aFzGKg==
- vue/3.4.0-rc.2/vue.cjs.min.js: sha512-0iiTIkY3h448LMfv6vcOAgwsnSIQ4QYgSyAbyWDtqrig7Xc8PAukJjyXCeYxVGncMyIbd6feVBRwoRayeEvmJQ==
- vue/3.4.0-rc.2/vue.cjs.prod.min.js: sha512-9seNe8DbsgNWdi1MkJhaZQ/wljpmeBMDBNmVS9xrCExYsoqNvztDCkYOKBS7sIQ9ajkvP37nOBKoP9Dr9oPvQQ==
- vue/3.4.0-rc.2/vue.esm-bundler.min.js: sha512-q3BsalH9P4TheEAPAUX6dWJX+2bYhA9khRSEB0r99EyNddREIwzaFjy7XqHhK8rsjSKW2vbHheN74vNUzviI3A==
- vue/3.4.0-rc.2/vue.runtime.esm-bundler.min.js: sha512-dyemhqIIhuHgfR6yEgvau3JRK3LJHuCJt+e8xRIuCQ6M1i2qwvud6ROnU/E98lJQmDx3Tc5P6KJvzUpegf6Vyw==
- vue/3.4.0-rc.2/vue.runtime.global.prod.js: sha512-8rNClv6yg94+OwmkLlqe/vcmK/jECMgYgEt1fsW+7PrngWIgCPR+XDqSo6MAg/N0Flgvs7VKHwpHQ6EfCgVADw==
- vue/3.4.0-rc.2/vue.runtime.esm-browser.min.js: sha512-jMJHYmXyL+5azFThFcpI5hx3O1b7tuLhSIUp+RQyI8XMTwZsWq94adNsncxzP+7FtzxLzDncFn/UQC1QF9w+2Q==
- vue/3.4.0-rc.2/vue.runtime.global.js: sha512-+4CozACxK7RyIH++zEUUL4VOorfMKzTjuoNLILzg1GqPZU29fbDTvcPINAOelVNalqmVtma9mIzoskpTdMq3sw==
- vue/3.4.0-rc.2/vue.cjs.prod.js: sha512-g37Qv6z5O+aPYRfqbqkcnI3w/9zvH3HbIimmDI8VbAUua2r6H/4RFATe0cKEuVzgQxxgnZFvF0/7Obgzm+V+YA==
- vue/3.4.0-rc.2/vue.esm-browser.prod.js: sha512-NKe3nZZFQ/7G8r1RXv5Kt0Qou5W2YwOeDPUZa3tGteq5eYfjkxXktWYrJUO0KrzUHZdoJ9pT5mkOGTNDGfQ7RQ==
- vue/3.4.0-rc.2/vue.esm-bundler.js: sha512-GscUYmEC4A0opZlxClFcQck1GbvBGfdeqh2yWQny9JHHPwNAZnJWOAeZ0LHHahbLIqZERu9iQes0LFpFa7Ht0Q==
- vue/3.4.0-rc.2/vue.global.min.js: sha512-jF2GJPzfDQGUL54u8PDZykrTxMMn//YcSk0lP3r9KYeCyk8hLQ7/zlHNm0sRp/UJXquPEzi1Rong3bUASyCSEg==
- vue/3.4.0-rc.2/vue.global.prod.js: sha512-H/78DzeRt0+BQYBfstfcTQPLRzUavG5HUZzmAXVswJZtXYlumdp6zJ75CiJA4lKXs6rTJQ+3P20F3sSgXzDe5Q==
- vue/3.4.0-rc.2/vue.global.prod.min.js: sha512-e3q6rcqXCB4bes0xfPVYtn4MWw1GALQLvjUgSwD0XlWmOg3+aAAbDR3+MiYD/OJU4tGipQB7Qf2I3USMurFXyA==
- vue/3.4.0-rc.2/vue.runtime.global.prod.min.js: sha512-Ba9zwkXkHVd2a2TCG7u4MRHnF6FRZ/y+wEgQfbgyg84WWoiZQp2h6t4g+7yV82QgVFkt5khdVwMSSq1iIGYjIw==
- vue/3.4.0-rc.2/vue.esm-browser.prod.min.js: sha512-Kv5OQz6tfGU/CyUz9Fsq+54j8VAlRE1h0LEJoeqPe+imeYJ3vTL8HnoBDoH9bl4Y+KJeSG4ZlE+zydUX7cOghw==
- vue/3.4.0-rc.2/vue.runtime.esm-browser.prod.min.js: sha512-50yntrq8Y/qdt4ZeBFL7itbZ6pUsdN21B6adcVJLjPxmtNaNyCGyMHw5657p0iQDQ+lRxS5Li3hzjvxbGEGZQw==
- vue/3.4.0-rc.2/vue.runtime.global.min.js: sha512-WiGiMeErTdSSFgTvv9a/xDWkRd+zDm1Q247YRC8Fx7O9Zu0s30meQ4GcF/Qp2X6OBlbbMDzP7w6+XVYLFs2c1w==
