config: {"authors":[{"name":"Google"}],"autoupdate":{"source":"npm","target":"shaka-player","fileMap":[{"basePath":"dist","files":["shaka-player*","controls.css*"]}]},"description":"DASH/EME video player library","filename":"shaka-player.compiled.js","keywords":["shaka","player"],"license":"Apache License 2.0","name":"shaka-player","repository":{"type":"git","url":"https://github.com/google/shaka-player"},"author":"Google"}
KV keys:
- shaka-player/4.5.0/controls.css.br
- shaka-player/4.5.0/controls.css.gz
- shaka-player/4.5.0/controls.css.map.br
- shaka-player/4.5.0/controls.css.map.gz
- shaka-player/4.5.0/controls.min.css.br
- shaka-player/4.5.0/controls.min.css.gz
- shaka-player/4.5.0/shaka-player.compiled.d.ts.br
- shaka-player/4.5.0/shaka-player.compiled.d.ts.gz
- shaka-player/4.5.0/shaka-player.compiled.debug.d.ts.br
- shaka-player/4.5.0/shaka-player.compiled.debug.d.ts.gz
- shaka-player/4.5.0/shaka-player.compiled.debug.externs.js.br
- shaka-player/4.5.0/shaka-player.compiled.debug.externs.js.gz
- shaka-player/4.5.0/shaka-player.compiled.debug.externs.min.js.br
- shaka-player/4.5.0/shaka-player.compiled.debug.externs.min.js.gz
- shaka-player/4.5.0/shaka-player.compiled.debug.js.br
- shaka-player/4.5.0/shaka-player.compiled.debug.js.gz
- shaka-player/4.5.0/shaka-player.compiled.debug.map.br
- shaka-player/4.5.0/shaka-player.compiled.debug.map.gz
- shaka-player/4.5.0/shaka-player.compiled.debug.min.js.br
- shaka-player/4.5.0/shaka-player.compiled.debug.min.js.gz
- shaka-player/4.5.0/shaka-player.compiled.externs.js.br
- shaka-player/4.5.0/shaka-player.compiled.externs.js.gz
- shaka-player/4.5.0/shaka-player.compiled.externs.min.js.br
- shaka-player/4.5.0/shaka-player.compiled.externs.min.js.gz
- shaka-player/4.5.0/shaka-player.compiled.js.br
- shaka-player/4.5.0/shaka-player.compiled.js.gz
- shaka-player/4.5.0/shaka-player.compiled.map.br
- shaka-player/4.5.0/shaka-player.compiled.map.gz
- shaka-player/4.5.0/shaka-player.compiled.min.js.br
- shaka-player/4.5.0/shaka-player.compiled.min.js.gz
- shaka-player/4.5.0/shaka-player.ui.d.ts.br
- shaka-player/4.5.0/shaka-player.ui.d.ts.gz
- shaka-player/4.5.0/shaka-player.ui.debug.d.ts.br
- shaka-player/4.5.0/shaka-player.ui.debug.d.ts.gz
- shaka-player/4.5.0/shaka-player.ui.debug.externs.js.br
- shaka-player/4.5.0/shaka-player.ui.debug.externs.js.gz
- shaka-player/4.5.0/shaka-player.ui.debug.externs.min.js.br
- shaka-player/4.5.0/shaka-player.ui.debug.externs.min.js.gz
- shaka-player/4.5.0/shaka-player.ui.debug.js.br
- shaka-player/4.5.0/shaka-player.ui.debug.js.gz
- shaka-player/4.5.0/shaka-player.ui.debug.map.br
- shaka-player/4.5.0/shaka-player.ui.debug.map.gz
- shaka-player/4.5.0/shaka-player.ui.debug.min.js.br
- shaka-player/4.5.0/shaka-player.ui.debug.min.js.gz
- shaka-player/4.5.0/shaka-player.ui.externs.js.br
- shaka-player/4.5.0/shaka-player.ui.externs.js.gz
- shaka-player/4.5.0/shaka-player.ui.externs.min.js.br
- shaka-player/4.5.0/shaka-player.ui.externs.min.js.gz
- shaka-player/4.5.0/shaka-player.ui.js.br
- shaka-player/4.5.0/shaka-player.ui.js.gz
- shaka-player/4.5.0/shaka-player.ui.map.br
- shaka-player/4.5.0/shaka-player.ui.map.gz
- shaka-player/4.5.0/shaka-player.ui.min.js.br
- shaka-player/4.5.0/shaka-player.ui.min.js.gz
SRIs:
- shaka-player/4.5.0/shaka-player.ui.min.js: sha512-AM80q22JySKHfg2XYrygTDQDXCxuQLUxPZwYSO/C8o6UNGroe1YfH5w9Armxco1Bn4k27M5OVGreuPY557EKkA==
- shaka-player/4.5.0/controls.css: sha512-xbYQ28LIDnz75w+l0ZJ05z8feDqFOhuqyY3RvpOA5S1HUAorepA5bBOded9KPuJGyeeV8EtYKeOA53qNAChy7g==
- shaka-player/4.5.0/shaka-player.compiled.min.js: sha512-4ic8d54VSdWVVmu4fDULd8zfVdvHxdqDvJuJdfohLWYL03y+O5zT5N3hQXyu227Z4irXRkVmlIVhwEEn+g5RNg==
- shaka-player/4.5.0/shaka-player.ui.externs.js: sha512-7Ht3C9P35aXRFCekkC0fVmOFTamwtGELDu0ptodFeZaIvFGRXA6C41TEmAyrLEHQ0QCSBo1Z1wJzLa0LoGtSzw==
- shaka-player/4.5.0/shaka-player.ui.externs.min.js: sha512-HU+RdYb2yFnyUEAKZXfgS4bwT2lJwmTBgmAfYffI5NKHBLaxH8KH5YhZEZEZVd/Fz0s1IVAY5Sm2VgGnTkOg5A==
- shaka-player/4.5.0/shaka-player.compiled.debug.externs.js: sha512-PLpmBWYKa5zpDX47DtsBA+XCkinl4NG73/M35PDsI0tDbFQzclEZ3bz2eLlwbkYgy+PF63NC8i4y7pue9aDmVA==
- shaka-player/4.5.0/shaka-player.compiled.debug.min.js: sha512-zczTG5V5ll+Ujy5avtnuDwcVcwYgiM8czE78A/r+tCQ7ULGKTKhK4Y10znEmNoE2FIS+dWuVamCBo5Bn1rOhWQ==
- shaka-player/4.5.0/shaka-player.ui.debug.externs.js: sha512-7Ht3C9P35aXRFCekkC0fVmOFTamwtGELDu0ptodFeZaIvFGRXA6C41TEmAyrLEHQ0QCSBo1Z1wJzLa0LoGtSzw==
- shaka-player/4.5.0/shaka-player.ui.debug.js: sha512-QrU2uaXNXRdnGk5VIXoWPppM7AbH+oczyl9LDjVnB63KF8V8A9Fu8zNDITRGL2GZm8SROs+cR0KsqxQzZLJ65g==
- shaka-player/4.5.0/shaka-player.ui.js: sha512-f3lROLm1KVsJ1P0SI1sRYN6rAyb2Btqvk6WTTqm6glLJRnCkPVzJ81yQWUo1OdQSTvzxzG58WTP4KTKjb5pn2A==
- shaka-player/4.5.0/shaka-player.compiled.debug.externs.min.js: sha512-oJ2C7Unrf1Wu2w3caAQsYEuNINfwe0U0QGiyGrd+Ib2NQoddGpfIRVV4uQF2thNgVf+tVvngIZ+cepl8/5QzTw==
- shaka-player/4.5.0/shaka-player.compiled.js: sha512-DxTXgzEp54JXAGOw0IAG5O6R51jQ9qs6vWyGTnC9EaCjIGKTiDstF7kRHMFYzCkEw83/QoSwIxe2TGzT+CwDhg==
- shaka-player/4.5.0/shaka-player.ui.debug.externs.min.js: sha512-HU+RdYb2yFnyUEAKZXfgS4bwT2lJwmTBgmAfYffI5NKHBLaxH8KH5YhZEZEZVd/Fz0s1IVAY5Sm2VgGnTkOg5A==
- shaka-player/4.5.0/shaka-player.compiled.externs.min.js: sha512-oJ2C7Unrf1Wu2w3caAQsYEuNINfwe0U0QGiyGrd+Ib2NQoddGpfIRVV4uQF2thNgVf+tVvngIZ+cepl8/5QzTw==
- shaka-player/4.5.0/shaka-player.ui.debug.min.js: sha512-VvYIuF5jEpB5nYNkUcop9qWhHQXWqPNHQOh+6WDDLqCJivmHJQm2bjRoP/jC1xruoJMHCtJnwDpQ+rn5qlCp3A==
- shaka-player/4.5.0/controls.min.css: sha512-t4K06bi0RcRW6M6E96OlsxLigoRqK9h+3DWO1ES9MaecUk2dSgtMV6dNH3m20yRSjjPfyPQDzbwBW+w2iykCyw==
- shaka-player/4.5.0/shaka-player.compiled.debug.js: sha512-1gqqWpKeDaSknorOkhjBvx01lUXp3DuFYZGt6Y3Cpn5gm8XkRqRUxKQspldWc0rJZFtFE2NtNO0P3DrCv/+4aA==
- shaka-player/4.5.0/shaka-player.compiled.externs.js: sha512-PLpmBWYKa5zpDX47DtsBA+XCkinl4NG73/M35PDsI0tDbFQzclEZ3bz2eLlwbkYgy+PF63NC8i4y7pue9aDmVA==
