Files:
- fontsource-adamina/4.5.7/400.css.br
- fontsource-adamina/4.5.7/400.css.gz
- fontsource-adamina/4.5.7/400.min.css.br
- fontsource-adamina/4.5.7/400.min.css.gz
- fontsource-adamina/4.5.7/files/adamina-all-400-normal.woff.br
- fontsource-adamina/4.5.7/files/adamina-all-400-normal.woff.gz
- fontsource-adamina/4.5.7/files/adamina-latin-400-normal.woff.br
- fontsource-adamina/4.5.7/files/adamina-latin-400-normal.woff.gz
- fontsource-adamina/4.5.7/files/adamina-latin-400-normal.woff2
- fontsource-adamina/4.5.7/index.css.br
- fontsource-adamina/4.5.7/index.css.gz
- fontsource-adamina/4.5.7/index.min.css.br
- fontsource-adamina/4.5.7/index.min.css.gz
- fontsource-adamina/4.5.7/latin-400.css.br
- fontsource-adamina/4.5.7/latin-400.css.gz
- fontsource-adamina/4.5.7/latin-400.min.css.br
- fontsource-adamina/4.5.7/latin-400.min.css.gz
- fontsource-adamina/4.5.7/latin.css.br
- fontsource-adamina/4.5.7/latin.css.gz
- fontsource-adamina/4.5.7/latin.min.css.br
- fontsource-adamina/4.5.7/latin.min.css.gz
