config: {"authors":[{"name":"Google Inc."}],"autoupdate":{"source":"npm","target":"@fontsource/maven-pro","fileMap":[{"basePath":"","files":["*.css","files/*.@(woff|woff2)"]}],"excludeFromSearch":true},"description":"Self-host the Maven Pro font in a neatly bundled NPM package.","filename":"index.css","homepage":"https://fontsource.org/fonts/maven-pro","keywords":["fontsource","font","font family","google fonts","maven-pro","Maven Pro","css","sass","front-end","web","typeface","variable"],"license":"OFL-1.1","name":"fontsource-maven-pro","repository":{"type":"git","url":"git+https://github.com/fontsource/font-files.git"},"author":"Google Inc."}
KV keys:
- fontsource-maven-pro/5.0.20/400.css.br
- fontsource-maven-pro/5.0.20/400.css.gz
- fontsource-maven-pro/5.0.20/400.min.css.br
- fontsource-maven-pro/5.0.20/400.min.css.gz
- fontsource-maven-pro/5.0.20/500.css.br
- fontsource-maven-pro/5.0.20/500.css.gz
- fontsource-maven-pro/5.0.20/500.min.css.br
- fontsource-maven-pro/5.0.20/500.min.css.gz
- fontsource-maven-pro/5.0.20/600.css.br
- fontsource-maven-pro/5.0.20/600.css.gz
- fontsource-maven-pro/5.0.20/600.min.css.br
- fontsource-maven-pro/5.0.20/600.min.css.gz
- fontsource-maven-pro/5.0.20/700.css.br
- fontsource-maven-pro/5.0.20/700.css.gz
- fontsource-maven-pro/5.0.20/700.min.css.br
- fontsource-maven-pro/5.0.20/700.min.css.gz
- fontsource-maven-pro/5.0.20/800.css.br
- fontsource-maven-pro/5.0.20/800.css.gz
- fontsource-maven-pro/5.0.20/800.min.css.br
- fontsource-maven-pro/5.0.20/800.min.css.gz
- fontsource-maven-pro/5.0.20/900.css.br
- fontsource-maven-pro/5.0.20/900.css.gz
- fontsource-maven-pro/5.0.20/900.min.css.br
- fontsource-maven-pro/5.0.20/900.min.css.gz
- fontsource-maven-pro/5.0.20/files/maven-pro-latin-400-normal.woff.br
- fontsource-maven-pro/5.0.20/files/maven-pro-latin-400-normal.woff.gz
- fontsource-maven-pro/5.0.20/files/maven-pro-latin-400-normal.woff2
- fontsource-maven-pro/5.0.20/files/maven-pro-latin-500-normal.woff.br
- fontsource-maven-pro/5.0.20/files/maven-pro-latin-500-normal.woff.gz
- fontsource-maven-pro/5.0.20/files/maven-pro-latin-500-normal.woff2
- fontsource-maven-pro/5.0.20/files/maven-pro-latin-600-normal.woff.br
- fontsource-maven-pro/5.0.20/files/maven-pro-latin-600-normal.woff.gz
- fontsource-maven-pro/5.0.20/files/maven-pro-latin-600-normal.woff2
- fontsource-maven-pro/5.0.20/files/maven-pro-latin-700-normal.woff.br
- fontsource-maven-pro/5.0.20/files/maven-pro-latin-700-normal.woff.gz
- fontsource-maven-pro/5.0.20/files/maven-pro-latin-700-normal.woff2
- fontsource-maven-pro/5.0.20/files/maven-pro-latin-800-normal.woff.br
- fontsource-maven-pro/5.0.20/files/maven-pro-latin-800-normal.woff.gz
- fontsource-maven-pro/5.0.20/files/maven-pro-latin-800-normal.woff2
- fontsource-maven-pro/5.0.20/files/maven-pro-latin-900-normal.woff.br
- fontsource-maven-pro/5.0.20/files/maven-pro-latin-900-normal.woff.gz
- fontsource-maven-pro/5.0.20/files/maven-pro-latin-900-normal.woff2
- fontsource-maven-pro/5.0.20/files/maven-pro-latin-ext-400-normal.woff.br
- fontsource-maven-pro/5.0.20/files/maven-pro-latin-ext-400-normal.woff.gz
- fontsource-maven-pro/5.0.20/files/maven-pro-latin-ext-400-normal.woff2
- fontsource-maven-pro/5.0.20/files/maven-pro-latin-ext-500-normal.woff.br
- fontsource-maven-pro/5.0.20/files/maven-pro-latin-ext-500-normal.woff.gz
- fontsource-maven-pro/5.0.20/files/maven-pro-latin-ext-500-normal.woff2
- fontsource-maven-pro/5.0.20/files/maven-pro-latin-ext-600-normal.woff.br
- fontsource-maven-pro/5.0.20/files/maven-pro-latin-ext-600-normal.woff.gz
- fontsource-maven-pro/5.0.20/files/maven-pro-latin-ext-600-normal.woff2
- fontsource-maven-pro/5.0.20/files/maven-pro-latin-ext-700-normal.woff.br
- fontsource-maven-pro/5.0.20/files/maven-pro-latin-ext-700-normal.woff.gz
- fontsource-maven-pro/5.0.20/files/maven-pro-latin-ext-700-normal.woff2
- fontsource-maven-pro/5.0.20/files/maven-pro-latin-ext-800-normal.woff.br
- fontsource-maven-pro/5.0.20/files/maven-pro-latin-ext-800-normal.woff.gz
- fontsource-maven-pro/5.0.20/files/maven-pro-latin-ext-800-normal.woff2
- fontsource-maven-pro/5.0.20/files/maven-pro-latin-ext-900-normal.woff.br
- fontsource-maven-pro/5.0.20/files/maven-pro-latin-ext-900-normal.woff.gz
- fontsource-maven-pro/5.0.20/files/maven-pro-latin-ext-900-normal.woff2
- fontsource-maven-pro/5.0.20/files/maven-pro-vietnamese-400-normal.woff.br
- fontsource-maven-pro/5.0.20/files/maven-pro-vietnamese-400-normal.woff.gz
- fontsource-maven-pro/5.0.20/files/maven-pro-vietnamese-400-normal.woff2
- fontsource-maven-pro/5.0.20/files/maven-pro-vietnamese-500-normal.woff.br
- fontsource-maven-pro/5.0.20/files/maven-pro-vietnamese-500-normal.woff.gz
- fontsource-maven-pro/5.0.20/files/maven-pro-vietnamese-500-normal.woff2
- fontsource-maven-pro/5.0.20/files/maven-pro-vietnamese-600-normal.woff.br
- fontsource-maven-pro/5.0.20/files/maven-pro-vietnamese-600-normal.woff.gz
- fontsource-maven-pro/5.0.20/files/maven-pro-vietnamese-600-normal.woff2
- fontsource-maven-pro/5.0.20/files/maven-pro-vietnamese-700-normal.woff.br
- fontsource-maven-pro/5.0.20/files/maven-pro-vietnamese-700-normal.woff.gz
- fontsource-maven-pro/5.0.20/files/maven-pro-vietnamese-700-normal.woff2
- fontsource-maven-pro/5.0.20/files/maven-pro-vietnamese-800-normal.woff.br
- fontsource-maven-pro/5.0.20/files/maven-pro-vietnamese-800-normal.woff.gz
- fontsource-maven-pro/5.0.20/files/maven-pro-vietnamese-800-normal.woff2
- fontsource-maven-pro/5.0.20/files/maven-pro-vietnamese-900-normal.woff.br
- fontsource-maven-pro/5.0.20/files/maven-pro-vietnamese-900-normal.woff.gz
- fontsource-maven-pro/5.0.20/files/maven-pro-vietnamese-900-normal.woff2
- fontsource-maven-pro/5.0.20/index.css.br
- fontsource-maven-pro/5.0.20/index.css.gz
- fontsource-maven-pro/5.0.20/index.min.css.br
- fontsource-maven-pro/5.0.20/index.min.css.gz
- fontsource-maven-pro/5.0.20/latin-400.css.br
- fontsource-maven-pro/5.0.20/latin-400.css.gz
- fontsource-maven-pro/5.0.20/latin-400.min.css.br
- fontsource-maven-pro/5.0.20/latin-400.min.css.gz
- fontsource-maven-pro/5.0.20/latin-500.css.br
- fontsource-maven-pro/5.0.20/latin-500.css.gz
- fontsource-maven-pro/5.0.20/latin-500.min.css.br
- fontsource-maven-pro/5.0.20/latin-500.min.css.gz
- fontsource-maven-pro/5.0.20/latin-600.css.br
- fontsource-maven-pro/5.0.20/latin-600.css.gz
- fontsource-maven-pro/5.0.20/latin-600.min.css.br
- fontsource-maven-pro/5.0.20/latin-600.min.css.gz
- fontsource-maven-pro/5.0.20/latin-700.css.br
- fontsource-maven-pro/5.0.20/latin-700.css.gz
- fontsource-maven-pro/5.0.20/latin-700.min.css.br
- fontsource-maven-pro/5.0.20/latin-700.min.css.gz
- fontsource-maven-pro/5.0.20/latin-800.css.br
- fontsource-maven-pro/5.0.20/latin-800.css.gz
- fontsource-maven-pro/5.0.20/latin-800.min.css.br
- fontsource-maven-pro/5.0.20/latin-800.min.css.gz
- fontsource-maven-pro/5.0.20/latin-900.css.br
- fontsource-maven-pro/5.0.20/latin-900.css.gz
- fontsource-maven-pro/5.0.20/latin-900.min.css.br
- fontsource-maven-pro/5.0.20/latin-900.min.css.gz
- fontsource-maven-pro/5.0.20/latin-ext-400.css.br
- fontsource-maven-pro/5.0.20/latin-ext-400.css.gz
- fontsource-maven-pro/5.0.20/latin-ext-400.min.css.br
- fontsource-maven-pro/5.0.20/latin-ext-400.min.css.gz
- fontsource-maven-pro/5.0.20/latin-ext-500.css.br
- fontsource-maven-pro/5.0.20/latin-ext-500.css.gz
- fontsource-maven-pro/5.0.20/latin-ext-500.min.css.br
- fontsource-maven-pro/5.0.20/latin-ext-500.min.css.gz
- fontsource-maven-pro/5.0.20/latin-ext-600.css.br
- fontsource-maven-pro/5.0.20/latin-ext-600.css.gz
- fontsource-maven-pro/5.0.20/latin-ext-600.min.css.br
- fontsource-maven-pro/5.0.20/latin-ext-600.min.css.gz
- fontsource-maven-pro/5.0.20/latin-ext-700.css.br
- fontsource-maven-pro/5.0.20/latin-ext-700.css.gz
- fontsource-maven-pro/5.0.20/latin-ext-700.min.css.br
- fontsource-maven-pro/5.0.20/latin-ext-700.min.css.gz
- fontsource-maven-pro/5.0.20/latin-ext-800.css.br
- fontsource-maven-pro/5.0.20/latin-ext-800.css.gz
- fontsource-maven-pro/5.0.20/latin-ext-800.min.css.br
- fontsource-maven-pro/5.0.20/latin-ext-800.min.css.gz
- fontsource-maven-pro/5.0.20/latin-ext-900.css.br
- fontsource-maven-pro/5.0.20/latin-ext-900.css.gz
- fontsource-maven-pro/5.0.20/latin-ext-900.min.css.br
- fontsource-maven-pro/5.0.20/latin-ext-900.min.css.gz
- fontsource-maven-pro/5.0.20/latin-ext.css.br
- fontsource-maven-pro/5.0.20/latin-ext.css.gz
- fontsource-maven-pro/5.0.20/latin-ext.min.css.br
- fontsource-maven-pro/5.0.20/latin-ext.min.css.gz
- fontsource-maven-pro/5.0.20/latin.css.br
- fontsource-maven-pro/5.0.20/latin.css.gz
- fontsource-maven-pro/5.0.20/latin.min.css.br
- fontsource-maven-pro/5.0.20/latin.min.css.gz
- fontsource-maven-pro/5.0.20/vietnamese-400.css.br
- fontsource-maven-pro/5.0.20/vietnamese-400.css.gz
- fontsource-maven-pro/5.0.20/vietnamese-400.min.css.br
- fontsource-maven-pro/5.0.20/vietnamese-400.min.css.gz
- fontsource-maven-pro/5.0.20/vietnamese-500.css.br
- fontsource-maven-pro/5.0.20/vietnamese-500.css.gz
- fontsource-maven-pro/5.0.20/vietnamese-500.min.css.br
- fontsource-maven-pro/5.0.20/vietnamese-500.min.css.gz
- fontsource-maven-pro/5.0.20/vietnamese-600.css.br
- fontsource-maven-pro/5.0.20/vietnamese-600.css.gz
- fontsource-maven-pro/5.0.20/vietnamese-600.min.css.br
- fontsource-maven-pro/5.0.20/vietnamese-600.min.css.gz
- fontsource-maven-pro/5.0.20/vietnamese-700.css.br
- fontsource-maven-pro/5.0.20/vietnamese-700.css.gz
- fontsource-maven-pro/5.0.20/vietnamese-700.min.css.br
- fontsource-maven-pro/5.0.20/vietnamese-700.min.css.gz
- fontsource-maven-pro/5.0.20/vietnamese-800.css.br
- fontsource-maven-pro/5.0.20/vietnamese-800.css.gz
- fontsource-maven-pro/5.0.20/vietnamese-800.min.css.br
- fontsource-maven-pro/5.0.20/vietnamese-800.min.css.gz
- fontsource-maven-pro/5.0.20/vietnamese-900.css.br
- fontsource-maven-pro/5.0.20/vietnamese-900.css.gz
- fontsource-maven-pro/5.0.20/vietnamese-900.min.css.br
- fontsource-maven-pro/5.0.20/vietnamese-900.min.css.gz
- fontsource-maven-pro/5.0.20/vietnamese.css.br
- fontsource-maven-pro/5.0.20/vietnamese.css.gz
- fontsource-maven-pro/5.0.20/vietnamese.min.css.br
- fontsource-maven-pro/5.0.20/vietnamese.min.css.gz
SRIs:
- fontsource-maven-pro/5.0.20/500.min.css: sha512-93dB9pAlxFnMsDiJZBOJCN5A28nexm7d4m9dV4ShdWOn7+WV4QsZilxm1SXD3mAILlRWgLFlE0J0ttgQvgDrJQ==
- fontsource-maven-pro/5.0.20/latin-ext.min.css: sha512-4WmF0/IOk96RtENXnY5pbbaX2rLvgTI7nTvL8f7h3yTrvIcuHRZATdZGbRyal8AoQ0BU+IFat3cOL5MIfSBLEA==
- fontsource-maven-pro/5.0.20/latin-900.css: sha512-GyineeFo8lAHhysApZinqYS8avBjS700JjIsOBnmxvxQ1o5fDTFqSZfOi2zYoFRhEhZpM//tYnb+YRqwwUyzrQ==
- fontsource-maven-pro/5.0.20/latin-ext-600.css: sha512-aHRbs1x2rtgWdT0rSh3bkMDDW+XWyttcdVZAm3gWhTn9PQNVzA5/T7Ynb5wwi+yZZagyf9lWaoyFQVvQkFOJfw==
- fontsource-maven-pro/5.0.20/latin-ext-800.css: sha512-L2SzeHiegc6XK2uiJVqVRSXX4hb9DaBfznCvlL4R1buiywTwiyueuFpQevtVSOl5xL8GjFixV4/2L6Ezs8Ql5A==
- fontsource-maven-pro/5.0.20/latin-500.min.css: sha512-BpZeiO+qwjTp8VdMaiL/iZq2/lhNwLQPW1ki35U0bSxAKIbzclzbfXS/hxgLQInX1rlFcTdKzFcbW4qBsexwhQ==
- fontsource-maven-pro/5.0.20/700.min.css: sha512-rYhq2VevPk/PMJ6ZBL/taLfkA8rLhLNpyNPRe4K74fRlLSzTI0EodnbtdFx0UvAXNkv5tV8V+h2hpG2gJ9dh6w==
- fontsource-maven-pro/5.0.20/index.min.css: sha512-HW2RpjqtZWQ345PnxQZo4vkAobIqxDHQVRDNKqhuXRh+1Qho1BrxRbZG7OQMCdSdsI1Bd4+eauCg+z7CQnTbaw==
- fontsource-maven-pro/5.0.20/latin-400.css: sha512-J56EZ6PbidRTVeDZXozM/a1QXOG2kaxrCFjywMudXCW10JceBF9ukUwf6Il6gKR+QCJ63DVz9qjTLyURpgb9Rw==
- fontsource-maven-pro/5.0.20/vietnamese-500.min.css: sha512-29Q574wcxs5oKBwbykqJY47/rlmADTML87r65wjPMnhDZRPNpanjjeI9x5X3VdU8W7yyQOyYVsvmzuEQZY3IRQ==
- fontsource-maven-pro/5.0.20/900.css: sha512-/dVEheP7QXpijnBaasyI6c7r5UsLMS/WsfevbN9uDAsGC4vKoe4852V8N6xgFvw+EltgcsC/89fKYI2SiRYUHA==
- fontsource-maven-pro/5.0.20/latin-700.css: sha512-ZwxMh2Z8unHk5hGeplD+XgTs7ZXtGoOIkZxiXKfWrPTlVOt5bVYqZn/KlWO1QzuC9ofc2Rqi1Ph7Nl/WmAlUeA==
- fontsource-maven-pro/5.0.20/vietnamese-500.css: sha512-nYKUjbRjOZs5RLzDGQTz9aQH6zHVSOzpy1cESJntf6cQ9Bu+6W3ymP1zh3GXHBCyTU/RmzyVEWXHcOjbNnhOpg==
- fontsource-maven-pro/5.0.20/latin-400.min.css: sha512-E0SKap2CJqnr131r5BPzoXQpdTcNT4EEem6RHKKI+m29wMNSHxxHwC34eDhV+3z61wv+WZGaYoo7Rn2WvvEaSg==
- fontsource-maven-pro/5.0.20/latin-500.css: sha512-SzfA6tndgNtXxhkPKzxGB8rO1kIgdJ02ZDawQR+Qr9peYhddCT1c0HhOrfh1a2ifqgkVmR+nGlLsIXIUUyYBfA==
- fontsource-maven-pro/5.0.20/latin-ext-600.min.css: sha512-GzFi/lv7S1YQFUUywim7NUf1eUN1LPN4pKo+aLsThA7zXIz1PoNSMk9Go0rKxF6rPeVs3xZqGl1CaZmSYQTLYw==
- fontsource-maven-pro/5.0.20/500.css: sha512-TxWmWbhEJMYSfDph+WPz8LGh+RjUE7bPnH6XiqBsEuz4PkcQi7bqCQsX5sZIXiO65T2BZqOynvYP9hTEPO+Viw==
- fontsource-maven-pro/5.0.20/600.css: sha512-N0OxFkLED0qVn3SB3ackOa4qJKb96oqXjZDA7gkIIupvvLW2LdrbKqTHC/q7vUt8nYrjJAO3yS+LD7gjUpOZSA==
- fontsource-maven-pro/5.0.20/900.min.css: sha512-PfHQY8TpnP8txqt+HE0vKeNZnG1ltzIcy7bFZBAFUGWo7pbCi1nDKvnVHSOfljwphwAIb3pi3uwaKcLCF28zNg==
- fontsource-maven-pro/5.0.20/800.css: sha512-Om0wucB+aI4GV9ko5WozkYv4jCBWmMw/wLMEoivW6Svnys0OYSDV1/2gbcuwsJTp91dpTH6tbLU4dU8bD3M0ow==
- fontsource-maven-pro/5.0.20/latin-ext-900.min.css: sha512-IGTCLst0zCnFzNWscOiAXX89l8O2cPjCmtk0fiCXxybKij/62HZaBd+A6hS4dHqQwnHY+YAwqH6lYt89dAXlfA==
- fontsource-maven-pro/5.0.20/latin-600.min.css: sha512-VpXGN9ecD5iUbFf6ylaXfxZEmZTQRt2QIpzW54Gl2amLRC0r4OCqab2XhsxuE84XzUFL22wByx3+y48y7s2LYA==
- fontsource-maven-pro/5.0.20/latin-900.min.css: sha512-YIwVPl+tHtSxgTlEeaf4a9eoXVg40Yyj/PW7jf6eG5zQ8Dd/VVdsq8PxOpfRTtv+eJqEqo/O+qWpIZ9vNLuyVQ==
- fontsource-maven-pro/5.0.20/latin-ext-700.css: sha512-0D6yqLWO8ACNrYHvN7KTBcsuB3DzFz67OXqDTo6K2XH/wmYMQ23Euu3vG72dd9Vv6+BUGiUzYE9+6FJPDo9YHg==
- fontsource-maven-pro/5.0.20/400.min.css: sha512-HW2RpjqtZWQ345PnxQZo4vkAobIqxDHQVRDNKqhuXRh+1Qho1BrxRbZG7OQMCdSdsI1Bd4+eauCg+z7CQnTbaw==
- fontsource-maven-pro/5.0.20/latin-ext-800.min.css: sha512-0XkhJy20aaFrzND539xCgb1BhZNSrtmEDQ/kql04yDkj5F3MC448MtyzgIue97xiawmwTrdCGBduwB6dbS11lQ==
- fontsource-maven-pro/5.0.20/vietnamese-700.min.css: sha512-aV2SkZtfS7AXXxsSrvHTolOOcSPmW8g0B2Gd/9GkSA40ETbpRilsmf3/F09H5BxAD1nohKnhGKmHbdj3spYS6g==
- fontsource-maven-pro/5.0.20/vietnamese-400.css: sha512-Klk6Lp4HGYj9BBb758n2m5EqhdiNm4vXgDWFxcqoIXtJxrIMbHrkMnuFXqUn7F6UOBXphmUYLP+CpAMJ4RqnhQ==
- fontsource-maven-pro/5.0.20/vietnamese-800.css: sha512-vn/l5GulgbSmWmzkyshT0Vw/Mfn7t9RsFDYLzheRA2HrjCzNzTY/zmwOeWAbKFjhCdCtYZXsA1enyPpQlpgbrA==
- fontsource-maven-pro/5.0.20/latin-ext-400.css: sha512-/rNmOFJSNaG+q8EJX4ruQnzTTBhispVHchrLUyVE6qBHgyY808JcR1F6/1SUNI72ynMBotnpu79nEHaXwt8LEw==
- fontsource-maven-pro/5.0.20/latin.css: sha512-+a+NNIc6xtg+409wl/aps0bhdDKHUarwYUM0IWM+A72Obdlf4yakhuYRhXTnUEr4k4J+cix9/04Vy5PyyIcjPg==
- fontsource-maven-pro/5.0.20/latin.min.css: sha512-6sXI+yGxMGkz76SR+YNdGZf4m0/70ZRa1FQY0s88oP3h29WCVLFF/cDc6l7BFU2iZFYHDSjpAfTn0pZ8GZ+wtw==
- fontsource-maven-pro/5.0.20/vietnamese-900.min.css: sha512-fBOFosziC584LXKfPu2HRBtUzllFDnNT5DQhhZrHiCqpzyYkG8vHqCJ8YPQlltM9o92ShT+hWx/lE2A60tssIw==
- fontsource-maven-pro/5.0.20/700.css: sha512-ACcKeowNAZgTEax9zgnI5dPfSrENpLpkPBmPb8U6JUsxOZaWUfeUT24VK3fQG5rryr2mp7wPKNQ+5iW07h6y0Q==
- fontsource-maven-pro/5.0.20/800.min.css: sha512-yhpe4sX8eKSJ1NJZn58aZFzTZBBSCTAy8BWRTxtnpVV88+l6gg8bBjxE6HNX8dbuxOB/aMP6BjUEEk6GP7C3/g==
- fontsource-maven-pro/5.0.20/latin-ext-500.min.css: sha512-b63m8vHp4O6AdKKud+MkA2qfnY5bgBVwPdO1b2dFaFdUgV+zKi3Wm7rxRGDAdYHOyiAtPAkxckzVNCjgcNdjhg==
- fontsource-maven-pro/5.0.20/600.min.css: sha512-+t/6xd+HNMvqVQauQJfH2TZ2XadW3Bgb7UppHpWKTVyg8jZoAgt6OBmzn5TGxtbLCXf2DdpTQDHwB9qtMQbsAg==
- fontsource-maven-pro/5.0.20/latin-800.min.css: sha512-aL239mKy3kv1SrA+gJddeymLc+jdxHbVDliUbJYqJEOjqippi5fCuCH3ZyaBOx1DUF+PywCFngZWgidklSZiGA==
- fontsource-maven-pro/5.0.20/latin-ext-500.css: sha512-Iw7Pm/sVnjTCYMOVuchBm3xlZDOu4i1296aYtwOvhmbXrMq972trrjulNmMun/xd4jTjwkiu8cEGZy+zucbzDA==
- fontsource-maven-pro/5.0.20/vietnamese-600.min.css: sha512-v3FMthUDO7t9NFGxyVYDhEoy/gAMypBuzUxqq7MAlTsh+sxWvs6St9DD6ybfGasQJv8D441iiYSnWJnONkctsA==
- fontsource-maven-pro/5.0.20/latin-ext-400.min.css: sha512-1eqnuh5QZddIthVMdulPUCbqAs7PIfz4E+saPMZeHdI2SS2BKORJenck44mewvPh+d40+crgXnxffXY18iucTw==
- fontsource-maven-pro/5.0.20/latin-ext-700.min.css: sha512-pJ8zWZ9jKYB4DDa/EofG9Bqa+AdQ+B7pN7KQ0aIw+UGDs8LHqHVRsJ8G0UdQ9Kq5kQkZkhHB0OPdiPVkUsS3Og==
- fontsource-maven-pro/5.0.20/latin-ext-900.css: sha512-rH2efZhZiKEjop2F6fUCU2PD/Y1OoIWyAwJUQmbLzvxFvb9Y9oM4olRl4rZsTZTtyfE/DemiIuk3WasDIMbhbg==
- fontsource-maven-pro/5.0.20/vietnamese-600.css: sha512-cCZfjPRrkOzgU65vV1EC1PadLz89RMpfUGuc3b2jQbZCJmnjbex+DPldHQhRxGGyeEZTDEo55IXfUA3fsW5RPA==
- fontsource-maven-pro/5.0.20/vietnamese-800.min.css: sha512-w9xZZFYivM9mqpRRiUcpyt4dmADKo8ZFRUCWwbAgtWbH/d5aSWaH3WxbuLATpTe7BcYMPq2mj5fA3u34roD5cA==
- fontsource-maven-pro/5.0.20/vietnamese-400.min.css: sha512-7xhjHpShkCQ2PwSoTmgVWY4oPSWwSJVsAZPR7RPyFZDu3ZxIS0cNWhQRFatPtpar8cAkL8cXTewxYVDDBkNzCA==
- fontsource-maven-pro/5.0.20/vietnamese.css: sha512-GdkQK5bZ58ijqwl6vivFoeVxidYL/nD8bwA4U7h7ZLLLX2OFcDgXvCfmwbCngInLKBvm9Sah+X2dgEsSOXUdYA==
- fontsource-maven-pro/5.0.20/400.css: sha512-eJL1tqX/ypNW1Mkp41beHXkSmmcdQBAapEbkd+WCjSteIZ9scJJD7s6xpaDdwDCRFAKX5lsxC6c0b0q7Mgdivg==
- fontsource-maven-pro/5.0.20/latin-700.min.css: sha512-I63NbVS4XE/V2qk53pFru67vFvLCW6rx2UxDc26JWjdIxhTw1g9PEtiG16IqHjNVx6RXHuRXToHPUArAERqEuw==
- fontsource-maven-pro/5.0.20/latin-ext.css: sha512-zFbFq2IDLpey8t0uH1/uNFOmfob9ujEMwfI/wSGoK5xUhDOoCsEXeYyho9taH/FKeaQxlyUBy97tflAeOSlKMQ==
- fontsource-maven-pro/5.0.20/vietnamese.min.css: sha512-4GZU3T+EhaUzp9opPuMAffHs41WEWoYXWkoD9+9ygFEVgv9FKb5l/btrxphplTOv6pr0WJXbCNPo5bxSPif2qA==
- fontsource-maven-pro/5.0.20/index.css: sha512-eJL1tqX/ypNW1Mkp41beHXkSmmcdQBAapEbkd+WCjSteIZ9scJJD7s6xpaDdwDCRFAKX5lsxC6c0b0q7Mgdivg==
- fontsource-maven-pro/5.0.20/latin-600.css: sha512-blGEQQteexMje0NvS1paWrRTq6Sdhar/cBfQZUtorO7l07ljDKxYUK/wfgV7L7s8MksxTXoLUrvyhHZjIacZLg==
- fontsource-maven-pro/5.0.20/vietnamese-900.css: sha512-wyAVOBNc6hEZyl6gUKFc7QvMJShLPxiOFCU5ppljf06h9x0aiIPUi7KSPNrMwhaggRB1r6XXFF6+w6KHUKqF/g==
- fontsource-maven-pro/5.0.20/latin-800.css: sha512-4nIli6bW+CUfQyHZTirL3KGS4xIp6KSip7lNJouDu1jLQXupQpiN9sDwA6vprYCf5K0m8uXHB2a9W7O0Lrj93Q==
- fontsource-maven-pro/5.0.20/vietnamese-700.css: sha512-ViU86ZAI8voYhyGzDqpiwC3/baV+8NRyKRxNFFIfZd0IfraI1Bt79WUWn3HX99TtFUuJ+w0R+74KdvPC97hzxg==
