config: {"authors":[{"name":"Guillaume du Pontavice","email":"g.du.pontavice@gmail.com"}],"autoupdate":{"source":"npm","target":"hls.js","fileMap":[{"basePath":"dist","files":["**/!(*-demo.*)"]}],"ignoreVersions":["*-canary.*"]},"description":"JavaScript HLS client using MediaSourceExtension","filename":"hls.min.js","homepage":"https://hls-js.netlify.com/demo/","keywords":["hls.js","video","streaming","mediasource","player"],"license":"Apache-2.0","name":"hls.js","repository":{"type":"git","url":"git://github.com/video-dev/hls.js"},"author":"Guillaume du Pontavice \u003cg.du.pontavice@gmail.com\u003e"}
KV keys:
- hls.js/1.2.2-0.canary.8576/hls.js.br
- hls.js/1.2.2-0.canary.8576/hls.js.d.ts.br
- hls.js/1.2.2-0.canary.8576/hls.js.d.ts.gz
- hls.js/1.2.2-0.canary.8576/hls.js.gz
- hls.js/1.2.2-0.canary.8576/hls.js.map.br
- hls.js/1.2.2-0.canary.8576/hls.js.map.gz
- hls.js/1.2.2-0.canary.8576/hls.light.js.br
- hls.js/1.2.2-0.canary.8576/hls.light.js.gz
- hls.js/1.2.2-0.canary.8576/hls.light.js.map.br
- hls.js/1.2.2-0.canary.8576/hls.light.js.map.gz
- hls.js/1.2.2-0.canary.8576/hls.light.min.js.br
- hls.js/1.2.2-0.canary.8576/hls.light.min.js.gz
- hls.js/1.2.2-0.canary.8576/hls.light.min.js.map.br
- hls.js/1.2.2-0.canary.8576/hls.light.min.js.map.gz
- hls.js/1.2.2-0.canary.8576/hls.min.js.br
- hls.js/1.2.2-0.canary.8576/hls.min.js.gz
- hls.js/1.2.2-0.canary.8576/hls.min.js.map.br
- hls.js/1.2.2-0.canary.8576/hls.min.js.map.gz
SRIs:
- hls.js/1.2.2-0.canary.8576/hls.js: sha512-CK0Ddpeo1D/R0Wc0kaKYP3UZ4Y7X+Akbg2oIaCZM8v1GZlJp0/djooGNwsqYoEz4V6RrrBwSXbejRMPBf0x7hw==
- hls.js/1.2.2-0.canary.8576/hls.light.js: sha512-9WavjuP9Zri/bz+lcj6/f9lSI7hBaF4wyLeBhxnhDYpXmSEMyqYqgUYJxXKx3dDzjtmu+hoGHCL22QZnjFBtuA==
- hls.js/1.2.2-0.canary.8576/hls.light.min.js: sha512-40mhpzkipnYRmn539R6JbcZxD4h/JvmUfhiO4JMokaQtk8ye7yNXEr9xXTiWXn0V/XgMKC5HiAw0gKXk9Aiq8A==
- hls.js/1.2.2-0.canary.8576/hls.min.js: sha512-kuMwgSCiq5NCtbzLBt84bQ55IimU3mKn40/ZPP27bhE7d+WlHtALnIQduvSOgz1gxUEkzJyF5XONX/Z786dKng==
