config: {"authors":[{"name":"Google Inc."}],"autoupdate":{"source":"npm","target":"@fontsource/abhaya-libre","fileMap":[{"basePath":"","files":["*.css","files/*.@(woff|woff2)"]}],"excludeFromSearch":true},"description":"Self-host the Abhaya Libre font in a neatly bundled NPM package.","filename":"index.css","homepage":"https://fontsource.org/fonts/abhaya-libre","keywords":["fontsource","font","font family","google fonts","abhaya-libre","Abhaya Libre","css","sass","front-end","web","typeface","variable"],"license":"OFL-1.1","name":"fontsource-abhaya-libre","repository":{"type":"git","url":"git+https://github.com/fontsource/font-files.git"},"author":"Google Inc."}
KV keys:
- fontsource-abhaya-libre/5.0.0/400.css.br
- fontsource-abhaya-libre/5.0.0/400.css.gz
- fontsource-abhaya-libre/5.0.0/400.min.css.br
- fontsource-abhaya-libre/5.0.0/400.min.css.gz
- fontsource-abhaya-libre/5.0.0/500.css.br
- fontsource-abhaya-libre/5.0.0/500.css.gz
- fontsource-abhaya-libre/5.0.0/500.min.css.br
- fontsource-abhaya-libre/5.0.0/500.min.css.gz
- fontsource-abhaya-libre/5.0.0/600.css.br
- fontsource-abhaya-libre/5.0.0/600.css.gz
- fontsource-abhaya-libre/5.0.0/600.min.css.br
- fontsource-abhaya-libre/5.0.0/600.min.css.gz
- fontsource-abhaya-libre/5.0.0/700.css.br
- fontsource-abhaya-libre/5.0.0/700.css.gz
- fontsource-abhaya-libre/5.0.0/700.min.css.br
- fontsource-abhaya-libre/5.0.0/700.min.css.gz
- fontsource-abhaya-libre/5.0.0/800.css.br
- fontsource-abhaya-libre/5.0.0/800.css.gz
- fontsource-abhaya-libre/5.0.0/800.min.css.br
- fontsource-abhaya-libre/5.0.0/800.min.css.gz
- fontsource-abhaya-libre/5.0.0/files/abhaya-libre-latin-400-normal.woff.br
- fontsource-abhaya-libre/5.0.0/files/abhaya-libre-latin-400-normal.woff.gz
- fontsource-abhaya-libre/5.0.0/files/abhaya-libre-latin-400-normal.woff2
- fontsource-abhaya-libre/5.0.0/files/abhaya-libre-latin-500-normal.woff.br
- fontsource-abhaya-libre/5.0.0/files/abhaya-libre-latin-500-normal.woff.gz
- fontsource-abhaya-libre/5.0.0/files/abhaya-libre-latin-500-normal.woff2
- fontsource-abhaya-libre/5.0.0/files/abhaya-libre-latin-600-normal.woff.br
- fontsource-abhaya-libre/5.0.0/files/abhaya-libre-latin-600-normal.woff.gz
- fontsource-abhaya-libre/5.0.0/files/abhaya-libre-latin-600-normal.woff2
- fontsource-abhaya-libre/5.0.0/files/abhaya-libre-latin-700-normal.woff.br
- fontsource-abhaya-libre/5.0.0/files/abhaya-libre-latin-700-normal.woff.gz
- fontsource-abhaya-libre/5.0.0/files/abhaya-libre-latin-700-normal.woff2
- fontsource-abhaya-libre/5.0.0/files/abhaya-libre-latin-800-normal.woff.br
- fontsource-abhaya-libre/5.0.0/files/abhaya-libre-latin-800-normal.woff.gz
- fontsource-abhaya-libre/5.0.0/files/abhaya-libre-latin-800-normal.woff2
- fontsource-abhaya-libre/5.0.0/files/abhaya-libre-latin-ext-400-normal.woff.br
- fontsource-abhaya-libre/5.0.0/files/abhaya-libre-latin-ext-400-normal.woff.gz
- fontsource-abhaya-libre/5.0.0/files/abhaya-libre-latin-ext-400-normal.woff2
- fontsource-abhaya-libre/5.0.0/files/abhaya-libre-latin-ext-500-normal.woff.br
- fontsource-abhaya-libre/5.0.0/files/abhaya-libre-latin-ext-500-normal.woff.gz
- fontsource-abhaya-libre/5.0.0/files/abhaya-libre-latin-ext-500-normal.woff2
- fontsource-abhaya-libre/5.0.0/files/abhaya-libre-latin-ext-600-normal.woff.br
- fontsource-abhaya-libre/5.0.0/files/abhaya-libre-latin-ext-600-normal.woff.gz
- fontsource-abhaya-libre/5.0.0/files/abhaya-libre-latin-ext-600-normal.woff2
- fontsource-abhaya-libre/5.0.0/files/abhaya-libre-latin-ext-700-normal.woff.br
- fontsource-abhaya-libre/5.0.0/files/abhaya-libre-latin-ext-700-normal.woff.gz
- fontsource-abhaya-libre/5.0.0/files/abhaya-libre-latin-ext-700-normal.woff2
- fontsource-abhaya-libre/5.0.0/files/abhaya-libre-latin-ext-800-normal.woff.br
- fontsource-abhaya-libre/5.0.0/files/abhaya-libre-latin-ext-800-normal.woff.gz
- fontsource-abhaya-libre/5.0.0/files/abhaya-libre-latin-ext-800-normal.woff2
- fontsource-abhaya-libre/5.0.0/files/abhaya-libre-sinhala-400-normal.woff.br
- fontsource-abhaya-libre/5.0.0/files/abhaya-libre-sinhala-400-normal.woff.gz
- fontsource-abhaya-libre/5.0.0/files/abhaya-libre-sinhala-400-normal.woff2
- fontsource-abhaya-libre/5.0.0/files/abhaya-libre-sinhala-500-normal.woff.br
- fontsource-abhaya-libre/5.0.0/files/abhaya-libre-sinhala-500-normal.woff.gz
- fontsource-abhaya-libre/5.0.0/files/abhaya-libre-sinhala-500-normal.woff2
- fontsource-abhaya-libre/5.0.0/files/abhaya-libre-sinhala-600-normal.woff.br
- fontsource-abhaya-libre/5.0.0/files/abhaya-libre-sinhala-600-normal.woff.gz
- fontsource-abhaya-libre/5.0.0/files/abhaya-libre-sinhala-600-normal.woff2
- fontsource-abhaya-libre/5.0.0/files/abhaya-libre-sinhala-700-normal.woff.br
- fontsource-abhaya-libre/5.0.0/files/abhaya-libre-sinhala-700-normal.woff.gz
- fontsource-abhaya-libre/5.0.0/files/abhaya-libre-sinhala-700-normal.woff2
- fontsource-abhaya-libre/5.0.0/files/abhaya-libre-sinhala-800-normal.woff.br
- fontsource-abhaya-libre/5.0.0/files/abhaya-libre-sinhala-800-normal.woff.gz
- fontsource-abhaya-libre/5.0.0/files/abhaya-libre-sinhala-800-normal.woff2
- fontsource-abhaya-libre/5.0.0/index.css.br
- fontsource-abhaya-libre/5.0.0/index.css.gz
- fontsource-abhaya-libre/5.0.0/index.min.css.br
- fontsource-abhaya-libre/5.0.0/index.min.css.gz
- fontsource-abhaya-libre/5.0.0/latin-400.css.br
- fontsource-abhaya-libre/5.0.0/latin-400.css.gz
- fontsource-abhaya-libre/5.0.0/latin-400.min.css.br
- fontsource-abhaya-libre/5.0.0/latin-400.min.css.gz
- fontsource-abhaya-libre/5.0.0/latin-500.css.br
- fontsource-abhaya-libre/5.0.0/latin-500.css.gz
- fontsource-abhaya-libre/5.0.0/latin-500.min.css.br
- fontsource-abhaya-libre/5.0.0/latin-500.min.css.gz
- fontsource-abhaya-libre/5.0.0/latin-600.css.br
- fontsource-abhaya-libre/5.0.0/latin-600.css.gz
- fontsource-abhaya-libre/5.0.0/latin-600.min.css.br
- fontsource-abhaya-libre/5.0.0/latin-600.min.css.gz
- fontsource-abhaya-libre/5.0.0/latin-700.css.br
- fontsource-abhaya-libre/5.0.0/latin-700.css.gz
- fontsource-abhaya-libre/5.0.0/latin-700.min.css.br
- fontsource-abhaya-libre/5.0.0/latin-700.min.css.gz
- fontsource-abhaya-libre/5.0.0/latin-800.css.br
- fontsource-abhaya-libre/5.0.0/latin-800.css.gz
- fontsource-abhaya-libre/5.0.0/latin-800.min.css.br
- fontsource-abhaya-libre/5.0.0/latin-800.min.css.gz
- fontsource-abhaya-libre/5.0.0/latin-ext-400.css.br
- fontsource-abhaya-libre/5.0.0/latin-ext-400.css.gz
- fontsource-abhaya-libre/5.0.0/latin-ext-400.min.css.br
- fontsource-abhaya-libre/5.0.0/latin-ext-400.min.css.gz
- fontsource-abhaya-libre/5.0.0/latin-ext-500.css.br
- fontsource-abhaya-libre/5.0.0/latin-ext-500.css.gz
- fontsource-abhaya-libre/5.0.0/latin-ext-500.min.css.br
- fontsource-abhaya-libre/5.0.0/latin-ext-500.min.css.gz
- fontsource-abhaya-libre/5.0.0/latin-ext-600.css.br
- fontsource-abhaya-libre/5.0.0/latin-ext-600.css.gz
- fontsource-abhaya-libre/5.0.0/latin-ext-600.min.css.br
- fontsource-abhaya-libre/5.0.0/latin-ext-600.min.css.gz
- fontsource-abhaya-libre/5.0.0/latin-ext-700.css.br
- fontsource-abhaya-libre/5.0.0/latin-ext-700.css.gz
- fontsource-abhaya-libre/5.0.0/latin-ext-700.min.css.br
- fontsource-abhaya-libre/5.0.0/latin-ext-700.min.css.gz
- fontsource-abhaya-libre/5.0.0/latin-ext-800.css.br
- fontsource-abhaya-libre/5.0.0/latin-ext-800.css.gz
- fontsource-abhaya-libre/5.0.0/latin-ext-800.min.css.br
- fontsource-abhaya-libre/5.0.0/latin-ext-800.min.css.gz
- fontsource-abhaya-libre/5.0.0/latin-ext.css.br
- fontsource-abhaya-libre/5.0.0/latin-ext.css.gz
- fontsource-abhaya-libre/5.0.0/latin-ext.min.css.br
- fontsource-abhaya-libre/5.0.0/latin-ext.min.css.gz
- fontsource-abhaya-libre/5.0.0/latin.css.br
- fontsource-abhaya-libre/5.0.0/latin.css.gz
- fontsource-abhaya-libre/5.0.0/latin.min.css.br
- fontsource-abhaya-libre/5.0.0/latin.min.css.gz
- fontsource-abhaya-libre/5.0.0/sinhala-400.css.br
- fontsource-abhaya-libre/5.0.0/sinhala-400.css.gz
- fontsource-abhaya-libre/5.0.0/sinhala-400.min.css.br
- fontsource-abhaya-libre/5.0.0/sinhala-400.min.css.gz
- fontsource-abhaya-libre/5.0.0/sinhala-500.css.br
- fontsource-abhaya-libre/5.0.0/sinhala-500.css.gz
- fontsource-abhaya-libre/5.0.0/sinhala-500.min.css.br
- fontsource-abhaya-libre/5.0.0/sinhala-500.min.css.gz
- fontsource-abhaya-libre/5.0.0/sinhala-600.css.br
- fontsource-abhaya-libre/5.0.0/sinhala-600.css.gz
- fontsource-abhaya-libre/5.0.0/sinhala-600.min.css.br
- fontsource-abhaya-libre/5.0.0/sinhala-600.min.css.gz
- fontsource-abhaya-libre/5.0.0/sinhala-700.css.br
- fontsource-abhaya-libre/5.0.0/sinhala-700.css.gz
- fontsource-abhaya-libre/5.0.0/sinhala-700.min.css.br
- fontsource-abhaya-libre/5.0.0/sinhala-700.min.css.gz
- fontsource-abhaya-libre/5.0.0/sinhala-800.css.br
- fontsource-abhaya-libre/5.0.0/sinhala-800.css.gz
- fontsource-abhaya-libre/5.0.0/sinhala-800.min.css.br
- fontsource-abhaya-libre/5.0.0/sinhala-800.min.css.gz
- fontsource-abhaya-libre/5.0.0/sinhala.css.br
- fontsource-abhaya-libre/5.0.0/sinhala.css.gz
- fontsource-abhaya-libre/5.0.0/sinhala.min.css.br
- fontsource-abhaya-libre/5.0.0/sinhala.min.css.gz
SRIs:
- fontsource-abhaya-libre/5.0.0/600.css: sha512-pICXT8woF/uTgN+tjz3o9eUHLT6wFVIcgA/KUk3eL2jUBafDw6MHN0xQtoPiC+6JtBct8DjaeLw3iIp46GhnCA==
- fontsource-abhaya-libre/5.0.0/700.min.css: sha512-pG0ai1VKk9H/Xtoy+Cij0wyzczUNz6+n2308yghw+nb9WR8Ebwd1dPP/cGEDNZ7ShU+cr/6CpVTKBPl//lBPtg==
- fontsource-abhaya-libre/5.0.0/index.css: sha512-9chLC0Vm+wuO8W9t5q9znoJ5yxz5c/HZijntkaJX2/+ilRKzF3zt9GC1TEjcbgtheMapJPlb09gYZmMrORheVQ==
- fontsource-abhaya-libre/5.0.0/latin-ext-500.css: sha512-kAZPqGyOaSSdHzfjAFBAv6q5WFvruVseZzIaoYrv2dlGWV0OBo9g1zev6vHkNBOTgRFqYP0fidodyswVBXyE3A==
- fontsource-abhaya-libre/5.0.0/latin-ext-600.css: sha512-i3wXo25kj6pJMu3FLrap0y7SUbpbcrA78FznKpN4rJeoUd4lX0WvvhZd0tSwjRDPp54aXuCLxJQzAVkNlrlITA==
- fontsource-abhaya-libre/5.0.0/latin-ext.css: sha512-mWxTtFtg4PHeodZTSlYkbK+y+GABatreD3dHyBGbsi5cFMYNE9u8eeSgIiV/ea4hgNheHx8d8WbqcNgR2Dqxcg==
- fontsource-abhaya-libre/5.0.0/sinhala-600.min.css: sha512-mdnHLGfQjB+GdwyAUp6Kfzvl8ky4ir2tDrYinhnCiFsRz0r2TQQ4OkWNz73to//MeZLbMLKNVAYHxWqFkIhWTw==
- fontsource-abhaya-libre/5.0.0/sinhala-700.min.css: sha512-EI9cSHTyWu+1PPHsc/iaQItjzsz1LypRDydvjwemQtRr2nkAu2+ME3TI9pbN2M34DagHezAUnBYWp2c907+JjA==
- fontsource-abhaya-libre/5.0.0/latin-ext-400.css: sha512-gZ+Ed7NUMaETMpPW9N3zMQVUHf3GrlH17cSOEVZjXvRzhXqt48LldrJ6KdYwQ2/6EQSjLKUIj7WXfgCjw8Wl4A==
- fontsource-abhaya-libre/5.0.0/latin-ext-800.css: sha512-e156vgbc1jj20zn0KL3zWCEmtwHLIojRnC5++UsgnDOrKez5GsoWWgP8LHuo0wBUW9bSF9f/zwvk61qExLRQlw==
- fontsource-abhaya-libre/5.0.0/latin-ext.min.css: sha512-ZgbR1qX+sLiEGw1pR59woZA9Jy4xav2gUwNyDSTfs6rZL4oakXVGJf1q+o4+v7WYBduJ9VeTQPTfWGuLajJ+hA==
- fontsource-abhaya-libre/5.0.0/800.css: sha512-z98RdCh394ZDp98b0WCKK8lD2cFDwpGhv3xa0PXrA5HO4yVJGVTunRy5p+uEnJRHvy7berYJxwKF2hVqOossGQ==
- fontsource-abhaya-libre/5.0.0/800.min.css: sha512-/yf+4Dovgpya0dr3MLYHq+T+tHjj4+W7Izm8ANmGrlf/rFKMmrkzm+U64FXloe/azjKEus8oVrRR8B7JQxbh8Q==
- fontsource-abhaya-libre/5.0.0/latin-400.css: sha512-ga1sNz9wmx1teVRhrutubY59toELRyR5msD47FGl7HHk87qpvwpX5DUcKYqs/Bqo9NjlLcd824vS/djwWZIRmg==
- fontsource-abhaya-libre/5.0.0/latin-500.css: sha512-yMns3E0ZADVuVSxdpTB2UpydDaIdwwvx6szPZZzPOWxNcaYQbC2PHaX1O4xKFs0GlWkUv8o3CZeMjXphVM+30g==
- fontsource-abhaya-libre/5.0.0/latin-800.css: sha512-XAIvjXcng0qzUap+J45khk5fhAYfGCLnh9J+U70CNBAtF1qqi9bLcOswHEHXDRi6cH+0J6q7JAZWsfg+NZvXSA==
- fontsource-abhaya-libre/5.0.0/latin.css: sha512-7ROeIAgF0NWxHw1pWaKclOHQmD+uqWd1Zw6iZDfpIjdMklwRv4kns8nxMaF/MociaYsRJ9NDu3AZ7teKh42/+Q==
- fontsource-abhaya-libre/5.0.0/sinhala-700.css: sha512-FawpSOSFWSj5IF/AtG7g4iqWcrv3HH8YpQUEtvWLVUqa6ZrSas/4bG2mR+YGFd8ww3plJuLU9n8S8YSQBnHgcA==
- fontsource-abhaya-libre/5.0.0/400.min.css: sha512-Eq8mROVJUbpXiWKKGG+3bj7LDAPB3HQ9H9yv1AnP1tBnL32zm4yrcyEi+MfntiyyCnfz/hQ6JjEEAQvnCv9KyA==
- fontsource-abhaya-libre/5.0.0/700.css: sha512-g2GaKKpR8fZ1EaQhSPtYCykWmpavU8rZrkbhkIYUGTVAYYVmQ5xzAA8ayDoVmGaP921HHxHW+nsqT/tdg7aJlg==
- fontsource-abhaya-libre/5.0.0/latin-ext-800.min.css: sha512-NfnZfD8fhm5Oj7qjFO6elMDEDQ3ZEcAsaYq3RA9VUHfxTnblt5OrWBVtuihV2nBIflHaKDA5+8hHq0DyWPzvcQ==
- fontsource-abhaya-libre/5.0.0/sinhala-500.min.css: sha512-7HzIM+npg5+VBiqBhuCTaBV4BGGY5Vyyss2RyH2mkBrxFMgWd+eMKV5jBJRabQs+rNLfDLAwZoWnuyUX3Vcz7A==
- fontsource-abhaya-libre/5.0.0/500.css: sha512-ZM5X2kxIXvQl2pPpFB3dCTxk5Xp3O098zXdSCMOY0x1ZAZXK/NDBP823+P3EFRaNLgf8/j3ViAWrgETGvfJ7aQ==
- fontsource-abhaya-libre/5.0.0/latin-700.css: sha512-3wAnWbpejiW1LkcP5W0/gbuoalRn8+CgD0PysQteJv0TVo3+6xKMs1hUGCd7xEO4vwHly163z0gRiqQIeDxwIg==
- fontsource-abhaya-libre/5.0.0/sinhala-800.css: sha512-7QcQFb8EAc8Ej7aWc5KhVlZrSQ8sd1a9xnYmaUbgpL2+t+iztMzWM1MAGpBi436WidSRb69s68I5uQCNxl3Ozw==
- fontsource-abhaya-libre/5.0.0/sinhala-800.min.css: sha512-Zgh4ur9Yp3zwBcSjcENctoNYcxRaqoD/zoPjIYtHfiv0/dB5Bvhh3kl6RJMkyBqNhw8pI0N7OrDjH0wtmFzJHg==
- fontsource-abhaya-libre/5.0.0/sinhala.css: sha512-1n11kw4iW7LmTBJc6W1T9YhjEqnc1D+jpaF2tk88l31L96wIWLN2rIzV3cdsKZcW54PLWAyRIQ7o5QnfvwwRgA==
- fontsource-abhaya-libre/5.0.0/500.min.css: sha512-78u8PBN6fWX3YF9uau8s1lTCXqFoImyVfnKJ1+MGcFh50CoxMPKslVEwXpnJoMFbF7bMqST26LZAaAtZVoxZkA==
- fontsource-abhaya-libre/5.0.0/latin-500.min.css: sha512-1++kEmhlFN5bdAMgD59hq7IB7JgAneNTYvfLfob52ncrGN9XjDRiVlge3334b7kixBaTQHS1ODnfXcmcsEDjug==
- fontsource-abhaya-libre/5.0.0/latin-600.css: sha512-hRya89MIP6kz0VuQ6aBHrpuql5BgfZBn8RCuwS3S7/4/NCJY539pFuaE5LXQYNEPjFN21De0PK/HBoITYKZLvg==
- fontsource-abhaya-libre/5.0.0/latin-ext-500.min.css: sha512-3h/dYDDQuBtExoIjZSrDBs7doB8RSmZh/rBZMrI8LJyJ4pmx1nf+nYZl9fUI0k0/d0uEZljWVjHIgMD4+zrKnw==
- fontsource-abhaya-libre/5.0.0/sinhala.min.css: sha512-yovCxRANLLyc9DKVDU3M+MnWguWBU1zPCyo/AHG+CPsirXfBQIno3XlBjY4lTYvPf3plUU4XSRiWv1/dw12vSA==
- fontsource-abhaya-libre/5.0.0/600.min.css: sha512-9kqDrElT3vsW6WWgcUaSgxqoE2+AtZenLFUWgSYc5mqidD2T48o2rNDrh1UH37lTuRJURN2m1dVTdbPiEc5oVg==
- fontsource-abhaya-libre/5.0.0/index.min.css: sha512-Eq8mROVJUbpXiWKKGG+3bj7LDAPB3HQ9H9yv1AnP1tBnL32zm4yrcyEi+MfntiyyCnfz/hQ6JjEEAQvnCv9KyA==
- fontsource-abhaya-libre/5.0.0/latin-ext-400.min.css: sha512-C89iHqQsI5Nqiz3YO+F5uLXmIncAD+Y0OTV2PkNVdzNj4T1nkl/Aomc9KyzfbnPaaB+akPjfqV4EUe6pRu/S6w==
- fontsource-abhaya-libre/5.0.0/latin.min.css: sha512-7Cqw5/dlwSgcBDR3Mhjzc+MpFXJheYRByQSleskgzF7fm7Whled3E8pUn77sdA0Yqrc1YRWHkW0mXzTWKmf4nw==
- fontsource-abhaya-libre/5.0.0/sinhala-400.min.css: sha512-VPwFqwlIKZvRMUULPHG/8YrJ+HDq/M+5yZc+Z4x8dJPpUsP3KIAUnLNgzVvM/ysvukAapSnneoLRczZBnXUg2w==
- fontsource-abhaya-libre/5.0.0/sinhala-600.css: sha512-pOxShCpdffxq481P6WxRsmP55dA4sedXp7v5A4s8l+zOVryhse5TmZWtuSiucLxhaKGGCdsMZHbeNzAVKr6odQ==
- fontsource-abhaya-libre/5.0.0/400.css: sha512-9chLC0Vm+wuO8W9t5q9znoJ5yxz5c/HZijntkaJX2/+ilRKzF3zt9GC1TEjcbgtheMapJPlb09gYZmMrORheVQ==
- fontsource-abhaya-libre/5.0.0/latin-400.min.css: sha512-5HeXZHPg5csn/1SCqPV9LBbtIXtnlOwRJ9oBL5/20EyqbKGV3iwGtCgWqjdvHBJPuIVS9xzL4LJezY2eySb+kg==
- fontsource-abhaya-libre/5.0.0/latin-600.min.css: sha512-0IY9ANLivv1rIDW11d/VloCezGtMMJMOmG+GG+5T4aCY1SAY6rvnE+6iJjTFcvW4sEQPH1Dpw2F1uLVl+109PQ==
- fontsource-abhaya-libre/5.0.0/latin-700.min.css: sha512-Afo5J1QkrbouvLVzBpWt09rvTLqURAOBPBexykLFBzkrKKjKs/NmqnJsW2P7znWwGnuzta+uK6HfTpCnuQSYIA==
- fontsource-abhaya-libre/5.0.0/latin-800.min.css: sha512-exGUk9pWychuBBG70LjTeeo4S8a0oY73FRLR6Rv+Z4ZYO9APIp3p2UMMuGP5YKOcgbzqQvA1qG7pFJt3vp53QQ==
- fontsource-abhaya-libre/5.0.0/latin-ext-600.min.css: sha512-QXTnAt5MlJ3P2nd+71hdPO6or38gldCxZ+sYZzOsVuS+IJQ67wlrpkED2ezd8COa/Mv87Pp3TEv24Yqyd2gTPg==
- fontsource-abhaya-libre/5.0.0/latin-ext-700.css: sha512-93+OBuJRAfa1UeQOhiwMF4SBHZc8aTa9ak/ciJOtvxOVVe+ebWW2HDiYUV5rHhSOAfqb6Y7Vq1ZVhcFCP9oLpg==
- fontsource-abhaya-libre/5.0.0/latin-ext-700.min.css: sha512-hxhsiIdb5wEyULdoJ53wiO0EID4njr6kdAbSL9jrJLWKhVGRIgaEAjUkZ+xAKVzFgO88b3v7Oj+dLLHDXfx63Q==
- fontsource-abhaya-libre/5.0.0/sinhala-400.css: sha512-jopgDm37RM1XiaIDD7kD6J4Iu4l+6VKNQn2fqe7gr5sc0lgO9BOli9NwPhVcG7vdS1kLsetMO62WsdZ0cfeVSw==
- fontsource-abhaya-libre/5.0.0/sinhala-500.css: sha512-6hzyufbHOoVCstkGZfxiMD04KVkvwLo6/nJmnpzErXjaI2Xavxi/8oFsy24HRbxvK5IOK7VSPMWXfdAYi0w/LA==
