2021/11/06 08:00:14 optimizing files (Js true, Css true, Png true, Jpg true)
2021/11/06 08:00:14 compress: run /node_modules/uglify-js/bin/uglifyjs --mangle --compress if_return=true -o /tmp/work/release/go-debug.min.js /tmp/work/release/go-debug.js
2021/11/06 08:00:14 compress: run /node_modules/uglify-js/bin/uglifyjs --mangle --compress if_return=true -o /tmp/work/release/go.min.js /tmp/work/release/go.js
2021/11/06 08:00:14 compress: run /node_modules/uglify-js/bin/uglifyjs --mangle --compress if_return=true -o /tmp/work/release/go-module.min.js /tmp/work/release/go-module.js
2021/11/06 08:00:14 compress: run /node_modules/uglify-js/bin/uglifyjs --mangle --compress if_return=true -o /tmp/work/release/go-debug-module.min.js /tmp/work/release/go-debug-module.js
2021/11/06 08:00:43 sri /tmp/work/release/go.min.js -> /output/go.min.js.sri
2021/11/06 08:00:43 algorithm: run /usr/bin/brotli --quality=11 --output=/output/go.min.js.br /tmp/work/release/go.min.js
2021/11/06 08:00:43 sri /tmp/work/release/go-module.min.js -> /output/go-module.min.js.sri
2021/11/06 08:00:43 algorithm: run /usr/bin/brotli --quality=11 --output=/output/go-module.min.js.br /tmp/work/release/go-module.min.js
2021/11/06 08:00:44 sri /tmp/work/release/go-debug.min.js -> /output/go-debug.min.js.sri
2021/11/06 08:00:44 algorithm: run /usr/bin/brotli --quality=11 --output=/output/go-debug.min.js.br /tmp/work/release/go-debug.min.js
2021/11/06 08:00:45 br /tmp/work/release/go.min.js -> /output/go.min.js.br
2021/11/06 08:00:45 br /tmp/work/release/go-module.min.js -> /output/go-module.min.js.br
2021/11/06 08:00:45 gz /tmp/work/release/go.min.js -> /output/go.min.js.gz
2021/11/06 08:00:45 sri /tmp/work/release/go.js -> /output/go.js.sri
2021/11/06 08:00:45 algorithm: run /usr/bin/brotli --quality=11 --output=/output/go.js.br /tmp/work/release/go.js
2021/11/06 08:00:45 gz /tmp/work/release/go-module.min.js -> /output/go-module.min.js.gz
2021/11/06 08:00:45 sri /tmp/work/release/go-debug-module.min.js -> /output/go-debug-module.min.js.sri
2021/11/06 08:00:45 algorithm: run /usr/bin/brotli --quality=11 --output=/output/go-debug-module.min.js.br /tmp/work/release/go-debug-module.min.js
2021/11/06 08:00:45 sri /tmp/work/release/go-module.js -> /output/go-module.js.sri
2021/11/06 08:00:45 algorithm: run /usr/bin/brotli --quality=11 --output=/output/go-module.js.br /tmp/work/release/go-module.js
2021/11/06 08:00:46 br /tmp/work/release/go-debug.min.js -> /output/go-debug.min.js.br
2021/11/06 08:00:46 gz /tmp/work/release/go-debug.min.js -> /output/go-debug.min.js.gz
2021/11/06 08:00:46 sri /tmp/work/release/go-debug.js -> /output/go-debug.js.sri
2021/11/06 08:00:46 algorithm: run /usr/bin/brotli --quality=11 --output=/output/go-debug.js.br /tmp/work/release/go-debug.js
2021/11/06 08:00:48 br /tmp/work/release/go.js -> /output/go.js.br
2021/11/06 08:00:48 gz /tmp/work/release/go.js -> /output/go.js.gz
2021/11/06 08:00:48 br /tmp/work/release/go-module.js -> /output/go-module.js.br
2021/11/06 08:00:48 gz /tmp/work/release/go-module.js -> /output/go-module.js.gz
2021/11/06 08:00:48 br /tmp/work/release/go-debug-module.min.js -> /output/go-debug-module.min.js.br
2021/11/06 08:00:48 gz /tmp/work/release/go-debug-module.min.js -> /output/go-debug-module.min.js.gz
2021/11/06 08:00:48 sri /tmp/work/release/go-debug-module.js -> /output/go-debug-module.js.sri
2021/11/06 08:00:48 algorithm: run /usr/bin/brotli --quality=11 --output=/output/go-debug-module.js.br /tmp/work/release/go-debug-module.js
2021/11/06 08:00:49 br /tmp/work/release/go-debug.js -> /output/go-debug.js.br
2021/11/06 08:00:49 gz /tmp/work/release/go-debug.js -> /output/go-debug.js.gz
2021/11/06 08:00:50 br /tmp/work/release/go-debug-module.js -> /output/go-debug-module.js.br
2021/11/06 08:00:50 gz /tmp/work/release/go-debug-module.js -> /output/go-debug-module.js.gz
2021/11/06 08:00:50 processed gojs
