config: {"authors":[{"name":"Developer Express Inc.","email":"js@devexpress.com","url":"https://www.devexpress.com/"}],"autoupdate":{"source":"npm","target":"devextreme","fileMap":[{"basePath":"dist","files":["js/!(*.debug).js","js/localization/*.js","js/vectormap-data/*.js","css/*.css","css/@(fonts|icons)/*.@(ttf|woff|woff2)"]}]},"description":"HTML5 JavaScript Component Suite for Responsive Web Development","filename":"js/dx.all.js","homepage":"https://js.devexpress.com/","keywords":["html5","controls","widgets","components","jquery","knockout","angular","web","ui","datagrid","pivotgrid","scheduler","treelist","chart"],"license":"https://js.devexpress.com/Licensing/","name":"devextreme","repository":{"type":"git","url":"https://github.com/DevExpress/DevExtreme.git"},"author":"Developer Express Inc. \u003cjs@devexpress.com\u003e (https://www.devexpress.com/)"}
KV keys:
- devextreme/20.1.14/css/dx.carmine.compact.css.br
- devextreme/20.1.14/css/dx.carmine.compact.css.gz
- devextreme/20.1.14/css/dx.carmine.compact.min.css.br
- devextreme/20.1.14/css/dx.carmine.compact.min.css.gz
- devextreme/20.1.14/css/dx.carmine.css.br
- devextreme/20.1.14/css/dx.carmine.css.gz
- devextreme/20.1.14/css/dx.carmine.min.css.br
- devextreme/20.1.14/css/dx.carmine.min.css.gz
- devextreme/20.1.14/css/dx.common.css.br
- devextreme/20.1.14/css/dx.common.css.gz
- devextreme/20.1.14/css/dx.common.min.css.br
- devextreme/20.1.14/css/dx.common.min.css.gz
- devextreme/20.1.14/css/dx.contrast.compact.css.br
- devextreme/20.1.14/css/dx.contrast.compact.css.gz
- devextreme/20.1.14/css/dx.contrast.compact.min.css.br
- devextreme/20.1.14/css/dx.contrast.compact.min.css.gz
- devextreme/20.1.14/css/dx.contrast.css.br
- devextreme/20.1.14/css/dx.contrast.css.gz
- devextreme/20.1.14/css/dx.contrast.min.css.br
- devextreme/20.1.14/css/dx.contrast.min.css.gz
- devextreme/20.1.14/css/dx.dark.compact.css.br
- devextreme/20.1.14/css/dx.dark.compact.css.gz
- devextreme/20.1.14/css/dx.dark.compact.min.css.br
- devextreme/20.1.14/css/dx.dark.compact.min.css.gz
- devextreme/20.1.14/css/dx.dark.css.br
- devextreme/20.1.14/css/dx.dark.css.gz
- devextreme/20.1.14/css/dx.dark.min.css.br
- devextreme/20.1.14/css/dx.dark.min.css.gz
- devextreme/20.1.14/css/dx.darkmoon.compact.css.br
- devextreme/20.1.14/css/dx.darkmoon.compact.css.gz
- devextreme/20.1.14/css/dx.darkmoon.compact.min.css.br
- devextreme/20.1.14/css/dx.darkmoon.compact.min.css.gz
- devextreme/20.1.14/css/dx.darkmoon.css.br
- devextreme/20.1.14/css/dx.darkmoon.css.gz
- devextreme/20.1.14/css/dx.darkmoon.min.css.br
- devextreme/20.1.14/css/dx.darkmoon.min.css.gz
- devextreme/20.1.14/css/dx.darkviolet.compact.css.br
- devextreme/20.1.14/css/dx.darkviolet.compact.css.gz
- devextreme/20.1.14/css/dx.darkviolet.compact.min.css.br
- devextreme/20.1.14/css/dx.darkviolet.compact.min.css.gz
- devextreme/20.1.14/css/dx.darkviolet.css.br
- devextreme/20.1.14/css/dx.darkviolet.css.gz
- devextreme/20.1.14/css/dx.darkviolet.min.css.br
- devextreme/20.1.14/css/dx.darkviolet.min.css.gz
- devextreme/20.1.14/css/dx.greenmist.compact.css.br
- devextreme/20.1.14/css/dx.greenmist.compact.css.gz
- devextreme/20.1.14/css/dx.greenmist.compact.min.css.br
- devextreme/20.1.14/css/dx.greenmist.compact.min.css.gz
- devextreme/20.1.14/css/dx.greenmist.css.br
- devextreme/20.1.14/css/dx.greenmist.css.gz
- devextreme/20.1.14/css/dx.greenmist.min.css.br
- devextreme/20.1.14/css/dx.greenmist.min.css.gz
- devextreme/20.1.14/css/dx.ios7.default.css.br
- devextreme/20.1.14/css/dx.ios7.default.css.gz
- devextreme/20.1.14/css/dx.ios7.default.min.css.br
- devextreme/20.1.14/css/dx.ios7.default.min.css.gz
- devextreme/20.1.14/css/dx.light.compact.css.br
- devextreme/20.1.14/css/dx.light.compact.css.gz
- devextreme/20.1.14/css/dx.light.compact.min.css.br
- devextreme/20.1.14/css/dx.light.compact.min.css.gz
- devextreme/20.1.14/css/dx.light.css.br
- devextreme/20.1.14/css/dx.light.css.gz
- devextreme/20.1.14/css/dx.light.min.css.br
- devextreme/20.1.14/css/dx.light.min.css.gz
- devextreme/20.1.14/css/dx.material.blue.dark.compact.css.br
- devextreme/20.1.14/css/dx.material.blue.dark.compact.css.gz
- devextreme/20.1.14/css/dx.material.blue.dark.compact.min.css.br
- devextreme/20.1.14/css/dx.material.blue.dark.compact.min.css.gz
- devextreme/20.1.14/css/dx.material.blue.dark.css.br
- devextreme/20.1.14/css/dx.material.blue.dark.css.gz
- devextreme/20.1.14/css/dx.material.blue.dark.min.css.br
- devextreme/20.1.14/css/dx.material.blue.dark.min.css.gz
- devextreme/20.1.14/css/dx.material.blue.light.compact.css.br
- devextreme/20.1.14/css/dx.material.blue.light.compact.css.gz
- devextreme/20.1.14/css/dx.material.blue.light.compact.min.css.br
- devextreme/20.1.14/css/dx.material.blue.light.compact.min.css.gz
- devextreme/20.1.14/css/dx.material.blue.light.css.br
- devextreme/20.1.14/css/dx.material.blue.light.css.gz
- devextreme/20.1.14/css/dx.material.blue.light.min.css.br
- devextreme/20.1.14/css/dx.material.blue.light.min.css.gz
- devextreme/20.1.14/css/dx.material.lime.dark.compact.css.br
- devextreme/20.1.14/css/dx.material.lime.dark.compact.css.gz
- devextreme/20.1.14/css/dx.material.lime.dark.compact.min.css.br
- devextreme/20.1.14/css/dx.material.lime.dark.compact.min.css.gz
- devextreme/20.1.14/css/dx.material.lime.dark.css.br
- devextreme/20.1.14/css/dx.material.lime.dark.css.gz
- devextreme/20.1.14/css/dx.material.lime.dark.min.css.br
- devextreme/20.1.14/css/dx.material.lime.dark.min.css.gz
- devextreme/20.1.14/css/dx.material.lime.light.compact.css.br
- devextreme/20.1.14/css/dx.material.lime.light.compact.css.gz
- devextreme/20.1.14/css/dx.material.lime.light.compact.min.css.br
- devextreme/20.1.14/css/dx.material.lime.light.compact.min.css.gz
- devextreme/20.1.14/css/dx.material.lime.light.css.br
- devextreme/20.1.14/css/dx.material.lime.light.css.gz
- devextreme/20.1.14/css/dx.material.lime.light.min.css.br
- devextreme/20.1.14/css/dx.material.lime.light.min.css.gz
- devextreme/20.1.14/css/dx.material.orange.dark.compact.css.br
- devextreme/20.1.14/css/dx.material.orange.dark.compact.css.gz
- devextreme/20.1.14/css/dx.material.orange.dark.compact.min.css.br
- devextreme/20.1.14/css/dx.material.orange.dark.compact.min.css.gz
- devextreme/20.1.14/css/dx.material.orange.dark.css.br
- devextreme/20.1.14/css/dx.material.orange.dark.css.gz
- devextreme/20.1.14/css/dx.material.orange.dark.min.css.br
- devextreme/20.1.14/css/dx.material.orange.dark.min.css.gz
- devextreme/20.1.14/css/dx.material.orange.light.compact.css.br
- devextreme/20.1.14/css/dx.material.orange.light.compact.css.gz
- devextreme/20.1.14/css/dx.material.orange.light.compact.min.css.br
- devextreme/20.1.14/css/dx.material.orange.light.compact.min.css.gz
- devextreme/20.1.14/css/dx.material.orange.light.css.br
- devextreme/20.1.14/css/dx.material.orange.light.css.gz
- devextreme/20.1.14/css/dx.material.orange.light.min.css.br
- devextreme/20.1.14/css/dx.material.orange.light.min.css.gz
- devextreme/20.1.14/css/dx.material.purple.dark.compact.css.br
- devextreme/20.1.14/css/dx.material.purple.dark.compact.css.gz
- devextreme/20.1.14/css/dx.material.purple.dark.compact.min.css.br
- devextreme/20.1.14/css/dx.material.purple.dark.compact.min.css.gz
- devextreme/20.1.14/css/dx.material.purple.dark.css.br
- devextreme/20.1.14/css/dx.material.purple.dark.css.gz
- devextreme/20.1.14/css/dx.material.purple.dark.min.css.br
- devextreme/20.1.14/css/dx.material.purple.dark.min.css.gz
- devextreme/20.1.14/css/dx.material.purple.light.compact.css.br
- devextreme/20.1.14/css/dx.material.purple.light.compact.css.gz
- devextreme/20.1.14/css/dx.material.purple.light.compact.min.css.br
- devextreme/20.1.14/css/dx.material.purple.light.compact.min.css.gz
- devextreme/20.1.14/css/dx.material.purple.light.css.br
- devextreme/20.1.14/css/dx.material.purple.light.css.gz
- devextreme/20.1.14/css/dx.material.purple.light.min.css.br
- devextreme/20.1.14/css/dx.material.purple.light.min.css.gz
- devextreme/20.1.14/css/dx.material.teal.dark.compact.css.br
- devextreme/20.1.14/css/dx.material.teal.dark.compact.css.gz
- devextreme/20.1.14/css/dx.material.teal.dark.compact.min.css.br
- devextreme/20.1.14/css/dx.material.teal.dark.compact.min.css.gz
- devextreme/20.1.14/css/dx.material.teal.dark.css.br
- devextreme/20.1.14/css/dx.material.teal.dark.css.gz
- devextreme/20.1.14/css/dx.material.teal.dark.min.css.br
- devextreme/20.1.14/css/dx.material.teal.dark.min.css.gz
- devextreme/20.1.14/css/dx.material.teal.light.compact.css.br
- devextreme/20.1.14/css/dx.material.teal.light.compact.css.gz
- devextreme/20.1.14/css/dx.material.teal.light.compact.min.css.br
- devextreme/20.1.14/css/dx.material.teal.light.compact.min.css.gz
- devextreme/20.1.14/css/dx.material.teal.light.css.br
- devextreme/20.1.14/css/dx.material.teal.light.css.gz
- devextreme/20.1.14/css/dx.material.teal.light.min.css.br
- devextreme/20.1.14/css/dx.material.teal.light.min.css.gz
- devextreme/20.1.14/css/dx.softblue.compact.css.br
- devextreme/20.1.14/css/dx.softblue.compact.css.gz
- devextreme/20.1.14/css/dx.softblue.compact.min.css.br
- devextreme/20.1.14/css/dx.softblue.compact.min.css.gz
- devextreme/20.1.14/css/dx.softblue.css.br
- devextreme/20.1.14/css/dx.softblue.css.gz
- devextreme/20.1.14/css/dx.softblue.min.css.br
- devextreme/20.1.14/css/dx.softblue.min.css.gz
- devextreme/20.1.14/css/fonts/Roboto-300.ttf.br
- devextreme/20.1.14/css/fonts/Roboto-300.ttf.gz
- devextreme/20.1.14/css/fonts/Roboto-300.woff.br
- devextreme/20.1.14/css/fonts/Roboto-300.woff.gz
- devextreme/20.1.14/css/fonts/Roboto-300.woff2
- devextreme/20.1.14/css/fonts/Roboto-400.ttf.br
- devextreme/20.1.14/css/fonts/Roboto-400.ttf.gz
- devextreme/20.1.14/css/fonts/Roboto-400.woff.br
- devextreme/20.1.14/css/fonts/Roboto-400.woff.gz
- devextreme/20.1.14/css/fonts/Roboto-400.woff2
- devextreme/20.1.14/css/fonts/Roboto-500.ttf.br
- devextreme/20.1.14/css/fonts/Roboto-500.ttf.gz
- devextreme/20.1.14/css/fonts/Roboto-500.woff.br
- devextreme/20.1.14/css/fonts/Roboto-500.woff.gz
- devextreme/20.1.14/css/fonts/Roboto-500.woff2
- devextreme/20.1.14/css/fonts/Roboto-700.ttf.br
- devextreme/20.1.14/css/fonts/Roboto-700.ttf.gz
- devextreme/20.1.14/css/fonts/Roboto-700.woff.br
- devextreme/20.1.14/css/fonts/Roboto-700.woff.gz
- devextreme/20.1.14/css/fonts/Roboto-700.woff2
- devextreme/20.1.14/css/icons/dxicons.ttf.br
- devextreme/20.1.14/css/icons/dxicons.ttf.gz
- devextreme/20.1.14/css/icons/dxicons.woff.br
- devextreme/20.1.14/css/icons/dxicons.woff.gz
- devextreme/20.1.14/css/icons/dxicons.woff2
- devextreme/20.1.14/css/icons/dxiconsios.ttf.br
- devextreme/20.1.14/css/icons/dxiconsios.ttf.gz
- devextreme/20.1.14/css/icons/dxiconsios.woff.br
- devextreme/20.1.14/css/icons/dxiconsios.woff.gz
- devextreme/20.1.14/css/icons/dxiconsios.woff2
- devextreme/20.1.14/css/icons/dxiconsmaterial.ttf.br
- devextreme/20.1.14/css/icons/dxiconsmaterial.ttf.gz
- devextreme/20.1.14/css/icons/dxiconsmaterial.woff.br
- devextreme/20.1.14/css/icons/dxiconsmaterial.woff.gz
- devextreme/20.1.14/css/icons/dxiconsmaterial.woff2
- devextreme/20.1.14/js/dx.all.js.br
- devextreme/20.1.14/js/dx.all.js.gz
- devextreme/20.1.14/js/dx.all.min.js.br
- devextreme/20.1.14/js/dx.all.min.js.gz
- devextreme/20.1.14/js/dx.aspnet.mvc.js.br
- devextreme/20.1.14/js/dx.aspnet.mvc.js.gz
- devextreme/20.1.14/js/dx.aspnet.mvc.min.js.br
- devextreme/20.1.14/js/dx.aspnet.mvc.min.js.gz
- devextreme/20.1.14/js/dx.viz-web.js.br
- devextreme/20.1.14/js/dx.viz-web.js.gz
- devextreme/20.1.14/js/dx.viz-web.min.js.br
- devextreme/20.1.14/js/dx.viz-web.min.js.gz
- devextreme/20.1.14/js/dx.viz.js.br
- devextreme/20.1.14/js/dx.viz.js.gz
- devextreme/20.1.14/js/dx.viz.min.js.br
- devextreme/20.1.14/js/dx.viz.min.js.gz
- devextreme/20.1.14/js/dx.web.js.br
- devextreme/20.1.14/js/dx.web.js.gz
- devextreme/20.1.14/js/dx.web.min.js.br
- devextreme/20.1.14/js/dx.web.min.js.gz
- devextreme/20.1.14/js/localization/dx.messages.cs.js.br
- devextreme/20.1.14/js/localization/dx.messages.cs.js.gz
- devextreme/20.1.14/js/localization/dx.messages.cs.min.js.br
- devextreme/20.1.14/js/localization/dx.messages.cs.min.js.gz
- devextreme/20.1.14/js/localization/dx.messages.de.js.br
- devextreme/20.1.14/js/localization/dx.messages.de.js.gz
- devextreme/20.1.14/js/localization/dx.messages.de.min.js.br
- devextreme/20.1.14/js/localization/dx.messages.de.min.js.gz
- devextreme/20.1.14/js/localization/dx.messages.el.js.br
- devextreme/20.1.14/js/localization/dx.messages.el.js.gz
- devextreme/20.1.14/js/localization/dx.messages.el.min.js.br
- devextreme/20.1.14/js/localization/dx.messages.el.min.js.gz
- devextreme/20.1.14/js/localization/dx.messages.en.js.br
- devextreme/20.1.14/js/localization/dx.messages.en.js.gz
- devextreme/20.1.14/js/localization/dx.messages.en.min.js.br
- devextreme/20.1.14/js/localization/dx.messages.en.min.js.gz
- devextreme/20.1.14/js/localization/dx.messages.es.js.br
- devextreme/20.1.14/js/localization/dx.messages.es.js.gz
- devextreme/20.1.14/js/localization/dx.messages.es.min.js.br
- devextreme/20.1.14/js/localization/dx.messages.es.min.js.gz
- devextreme/20.1.14/js/localization/dx.messages.fi.js.br
- devextreme/20.1.14/js/localization/dx.messages.fi.js.gz
- devextreme/20.1.14/js/localization/dx.messages.fi.min.js.br
- devextreme/20.1.14/js/localization/dx.messages.fi.min.js.gz
- devextreme/20.1.14/js/localization/dx.messages.fr.js.br
- devextreme/20.1.14/js/localization/dx.messages.fr.js.gz
- devextreme/20.1.14/js/localization/dx.messages.fr.min.js.br
- devextreme/20.1.14/js/localization/dx.messages.fr.min.js.gz
- devextreme/20.1.14/js/localization/dx.messages.hu.js.br
- devextreme/20.1.14/js/localization/dx.messages.hu.js.gz
- devextreme/20.1.14/js/localization/dx.messages.hu.min.js.br
- devextreme/20.1.14/js/localization/dx.messages.hu.min.js.gz
- devextreme/20.1.14/js/localization/dx.messages.it.js.br
- devextreme/20.1.14/js/localization/dx.messages.it.js.gz
- devextreme/20.1.14/js/localization/dx.messages.it.min.js.br
- devextreme/20.1.14/js/localization/dx.messages.it.min.js.gz
- devextreme/20.1.14/js/localization/dx.messages.ja.js.br
- devextreme/20.1.14/js/localization/dx.messages.ja.js.gz
- devextreme/20.1.14/js/localization/dx.messages.ja.min.js.br
- devextreme/20.1.14/js/localization/dx.messages.ja.min.js.gz
- devextreme/20.1.14/js/localization/dx.messages.nl.js.br
- devextreme/20.1.14/js/localization/dx.messages.nl.js.gz
- devextreme/20.1.14/js/localization/dx.messages.nl.min.js.br
- devextreme/20.1.14/js/localization/dx.messages.nl.min.js.gz
- devextreme/20.1.14/js/localization/dx.messages.pt.js.br
- devextreme/20.1.14/js/localization/dx.messages.pt.js.gz
- devextreme/20.1.14/js/localization/dx.messages.pt.min.js.br
- devextreme/20.1.14/js/localization/dx.messages.pt.min.js.gz
- devextreme/20.1.14/js/localization/dx.messages.ru.js.br
- devextreme/20.1.14/js/localization/dx.messages.ru.js.gz
- devextreme/20.1.14/js/localization/dx.messages.ru.min.js.br
- devextreme/20.1.14/js/localization/dx.messages.ru.min.js.gz
- devextreme/20.1.14/js/localization/dx.messages.sl.js.br
- devextreme/20.1.14/js/localization/dx.messages.sl.js.gz
- devextreme/20.1.14/js/localization/dx.messages.sl.min.js.br
- devextreme/20.1.14/js/localization/dx.messages.sl.min.js.gz
- devextreme/20.1.14/js/localization/dx.messages.sv.js.br
- devextreme/20.1.14/js/localization/dx.messages.sv.js.gz
- devextreme/20.1.14/js/localization/dx.messages.sv.min.js.br
- devextreme/20.1.14/js/localization/dx.messages.sv.min.js.gz
- devextreme/20.1.14/js/localization/dx.messages.tr.js.br
- devextreme/20.1.14/js/localization/dx.messages.tr.js.gz
- devextreme/20.1.14/js/localization/dx.messages.tr.min.js.br
- devextreme/20.1.14/js/localization/dx.messages.tr.min.js.gz
- devextreme/20.1.14/js/localization/dx.messages.vi.js.br
- devextreme/20.1.14/js/localization/dx.messages.vi.js.gz
- devextreme/20.1.14/js/localization/dx.messages.vi.min.js.br
- devextreme/20.1.14/js/localization/dx.messages.vi.min.js.gz
- devextreme/20.1.14/js/localization/dx.messages.zh-tw.js.br
- devextreme/20.1.14/js/localization/dx.messages.zh-tw.js.gz
- devextreme/20.1.14/js/localization/dx.messages.zh-tw.min.js.br
- devextreme/20.1.14/js/localization/dx.messages.zh-tw.min.js.gz
- devextreme/20.1.14/js/localization/dx.messages.zh.js.br
- devextreme/20.1.14/js/localization/dx.messages.zh.js.gz
- devextreme/20.1.14/js/localization/dx.messages.zh.min.js.br
- devextreme/20.1.14/js/localization/dx.messages.zh.min.js.gz
- devextreme/20.1.14/js/vectormap-data/africa.js.br
- devextreme/20.1.14/js/vectormap-data/africa.js.gz
- devextreme/20.1.14/js/vectormap-data/africa.min.js.br
- devextreme/20.1.14/js/vectormap-data/africa.min.js.gz
- devextreme/20.1.14/js/vectormap-data/canada.js.br
- devextreme/20.1.14/js/vectormap-data/canada.js.gz
- devextreme/20.1.14/js/vectormap-data/canada.min.js.br
- devextreme/20.1.14/js/vectormap-data/canada.min.js.gz
- devextreme/20.1.14/js/vectormap-data/eurasia.js.br
- devextreme/20.1.14/js/vectormap-data/eurasia.js.gz
- devextreme/20.1.14/js/vectormap-data/eurasia.min.js.br
- devextreme/20.1.14/js/vectormap-data/eurasia.min.js.gz
- devextreme/20.1.14/js/vectormap-data/europe.js.br
- devextreme/20.1.14/js/vectormap-data/europe.js.gz
- devextreme/20.1.14/js/vectormap-data/europe.min.js.br
- devextreme/20.1.14/js/vectormap-data/europe.min.js.gz
- devextreme/20.1.14/js/vectormap-data/usa.js.br
- devextreme/20.1.14/js/vectormap-data/usa.js.gz
- devextreme/20.1.14/js/vectormap-data/usa.min.js.br
- devextreme/20.1.14/js/vectormap-data/usa.min.js.gz
- devextreme/20.1.14/js/vectormap-data/world.js.br
- devextreme/20.1.14/js/vectormap-data/world.js.gz
- devextreme/20.1.14/js/vectormap-data/world.min.js.br
- devextreme/20.1.14/js/vectormap-data/world.min.js.gz
SRIs:
- devextreme/20.1.14/css/dx.darkviolet.compact.css: sha512-ii9xhoWHKFdhN/8/vYQs8m3c9imEMri87WRBhxwdx7WHklT1bSpdM5AkmgQkEJFTqCjmOk3EEP5gYGxFo22SKg==
- devextreme/20.1.14/css/dx.light.compact.css: sha512-CLBu+G9PltCTt/izyz4QOv2Q9l1M3c83zHWeJkeXnBUmo/pVIMYFmMlpaBDCuob33GBS9dvN0xGPrSLiGld8bw==
- devextreme/20.1.14/js/vectormap-data/world.min.js: sha512-M9MmhCV0942lQmJRhGDObxmMwAacN7x5taE5d6+HtezKnKaAPw9MBH65dICGdkbCsHcF1jANXnnvAOxGn+liZw==
- devextreme/20.1.14/css/dx.common.min.css: sha512-X/hp2o9KvW9amC7iBSZXdf4zjw4lvhFfhYV9b4Rsh17bynppOMEEzP8oJsyyE0g7GAPS1ZCBlGi1BQ6owYQ+AA==
- devextreme/20.1.14/js/localization/dx.messages.de.js: sha512-+45UyN5FM8t3H7vbe/PtA3/iDoTLtmJm/FbMQ62LTxAyC4dSJuPMAAbg9+70nGt9vjbQpuDL9p5QJLNg0rOnMw==
- devextreme/20.1.14/css/dx.greenmist.compact.css: sha512-3iq8/pL2IUEbhadkNuU/TDc5rSpS+fKJmBZ7JUVpDjWLRg0H0O5aYJ8zzDRe1QXOLJ7qiG6GJs111/25UKzQBw==
- devextreme/20.1.14/css/dx.material.lime.light.min.css: sha512-RmCcAAjJPlKd3zpHVE+vFMIM23Fr6jRgLprFuB/0ifjvRFT8qNibYPwmgvxJ2r+Xy7AZAjtsy4ObuGRyN3PYbg==
- devextreme/20.1.14/css/dx.material.purple.dark.compact.min.css: sha512-z9RxuX4HnOqagIQZpF9Bl3i26bZaUgBNoukQ99MDCVppZC6xYe/HxzhnA836MktoIwiFpazQHM9Xs/j7iz1JlA==
- devextreme/20.1.14/css/dx.material.teal.light.css: sha512-D+D7kc6Mh80l+XH/ZeyGLUfcubrbJ0tceYG0c1v724By3GzC7mLi5NsZrwpRO9DssrDp4OOOE76xPfHJ4CikLA==
- devextreme/20.1.14/css/dx.carmine.compact.css: sha512-DQ2oDVPAT1azMbUSx/7HcRLMRp6zRmh9W9zCzfSrcLobcoUnID/k9YCldi1A/d2n3rAzYql5cdIgspb8UqSgdQ==
- devextreme/20.1.14/css/dx.material.lime.light.css: sha512-7JVugpA/O0mZIDW3lU4qK0KbDYwKBZ+WZmNqHsurJ8pt/cJgLI3cAFCHAoEZvov7dPHP16oswqIVLtAzQI93ug==
- devextreme/20.1.14/css/dx.softblue.compact.min.css: sha512-99C02LvlI84iCaNLazGvZYRSf2DNUDji13Ovp3FJ9/2Lh3n6iHixr5HgK02NpOkJINzsrtYugqRUVVXNeE4V5A==
- devextreme/20.1.14/js/localization/dx.messages.en.js: sha512-BZSvfG9TJRzxjvTMPIS9QYM0t3vg6cOalQ51RisrIhAQxOclBY38Q3xd/2Kk44+G0u07Pk8X2imoXgkC4FjKsA==
- devextreme/20.1.14/css/dx.darkmoon.compact.css: sha512-p896Tg5yFUmJ/9w3GUvM2k672I6l6FahTCcxr8E3u6Wk8fzXV5i2ZQPh3DAp6pvxDdvBZHoilS5g5qImyAGpTg==
- devextreme/20.1.14/css/dx.material.lime.dark.compact.css: sha512-zpWiPQjIMNBNNhIV9DfW3KZ0RBg/GFAE7gTOeDtEZS7YeAijYEXz7bl3ceP97MN138Y8R3kIt+dIuS0mTgbw3A==
- devextreme/20.1.14/css/dx.material.orange.dark.compact.min.css: sha512-PF3dUKxrh5TLkbr2QkunUgo/+CbbvhTFOBCYose/f+Jt42BJ3WnmPSzVfqeuNZX+pUv2dgIGAV5ADVgSeQtRyA==
- devextreme/20.1.14/css/dx.softblue.compact.css: sha512-zO+iUn9mXAcsSFCWJkxkQI038oQWJnn6keucdWZGJJhpyRkTkWO1ygvIyAaeo129bb6o3OEs9Be31OQvSr4eOA==
- devextreme/20.1.14/js/localization/dx.messages.zh.js: sha512-3j32gov4cmeCeZSifX9GctSniNeWzwFiWUCRXA/cThon8CZx1VNy/4NGJOeK5LK6zDlkHmtpK0GEp1OB5etGPA==
- devextreme/20.1.14/css/dx.contrast.css: sha512-XCXzc2mP7wyVg3sGK7FI/u/wvVybUaElHcogHgUrAQlFy0Gs4jXHqM+d4TnoirPftwX06/kHFursh33cCiI4rw==
- devextreme/20.1.14/js/localization/dx.messages.ja.js: sha512-MO/JRP+Ns1FmQcuG6GOOoi1opET0PTS2RaN4K86+rs8n1UCs16W9+x/OoKHId67MOLqFxRV278nFqbIoCFLl+Q==
- devextreme/20.1.14/js/localization/dx.messages.ru.js: sha512-Q61lVyuUT9LwVHjppLUAJKPSJRpuALC3JgAy7CxjOS6qTienMWsrclKH57xqHWVAcI1Y7XTIvjydbR0MDPsekw==
- devextreme/20.1.14/js/localization/dx.messages.ru.min.js: sha512-isqMlxoyLV/ATyLBCL4pHLpLS80Kz7pwkUpLi8hUHjE6Y7tv9TvKi0Nj/CLzPunK/P6BK5G0qCTgNojDZb9U2w==
- devextreme/20.1.14/css/dx.darkviolet.compact.min.css: sha512-fQoP2Cngc8+V4V8+NPmd7aV+RNrEeqGWYgmCX5s04TDza3CeX+dwcEgB0pM3BtUss9H5cuU/MHcC6QoZyIHREA==
- devextreme/20.1.14/css/dx.material.blue.light.css: sha512-r354yLxOL2UoyS7uL8AXtyTpfcYYz4FNULXcjbWHrOo6hohXHVciH8q/m52yd5XW9lnWCkz3cbNQM/92QK+Xbw==
- devextreme/20.1.14/css/dx.material.lime.dark.min.css: sha512-aBSqlPukvpRG10JzEMRCyhiXWaGxupHbOdyCqTmmBZKjGmfAozaRfBW1SOPRBHxp5XJ23ouIjcL+s1uUtyxwIg==
- devextreme/20.1.14/css/dx.material.orange.dark.css: sha512-YH3KX49D5bxNQwYvCAix/g6PRJqld4upkbpmoBD+e0TuNaKZj2m61hNWa63DMwBh4Sf9AiWCIaNF2MhLxUs++Q==
- devextreme/20.1.14/js/localization/dx.messages.cs.js: sha512-r9A1Z56yd1zWLl/dn70h0Z/j4ewrQhLYLPdYAgZ4DbHayw0I2JfCOfIRUHFFNpvIpiCQ1hSi4jRmPNw69/X/zw==
- devextreme/20.1.14/js/localization/dx.messages.it.min.js: sha512-wWwKBMB5iPeRig/BFO2sIfxehsMoll2X6AuTGpkAysIiCZdLJLNpnRSQOVOK6r9t1dC8KoBlB8LYavtNgqRQTg==
- devextreme/20.1.14/css/dx.material.blue.dark.min.css: sha512-hAKZK5t1y4JqOmDfjSD//UQRst+Vs4SwICNNCjWdfbMbg2E838PBn74yuCKzg+vSnQRfUzso22va1BNfu21LFg==
- devextreme/20.1.14/css/dx.material.purple.light.min.css: sha512-UDGQ63lBVIq6NYjDK1Rnd0x9CeZ6cFN0qVcCQaD6gQ8SVmyuWhwy6G0MVZagxib1hxZJ9FQHrsXJNiq1lH2FEw==
- devextreme/20.1.14/css/dx.material.teal.light.compact.css: sha512-oQ5In1vgSXH77xyhOOtCqthkJsjsLAHMNqnoMlSM7hxzpIvyOwJ0PssaCdSN9N+jFYmNoZ49lQAncvCLgS6cOg==
- devextreme/20.1.14/js/localization/dx.messages.zh-tw.js: sha512-aJhzeruYUpmwEps6nBGp++oKbSiZ0kWnJ9MdswqvXpOSBQTt3cXDa2hZvt1hKKWGwP/iJySh2mrEG4EBBKBb6w==
- devextreme/20.1.14/css/dx.material.purple.dark.css: sha512-9dJZybhToVI2lfxqgp93tOo8VmWbKlegfH2Ch3P/y6HOd4U0oA5DLy6804Tg0WjI8dVMaYpaNsx8Q0I+Nlje+Q==
- devextreme/20.1.14/js/vectormap-data/africa.js: sha512-/914vm1ix+/hIG0+pWQznBhQEDOHPn7c+l10UwxlgyTEqr1Dy9JHBh6BXNSw1MxRRVop6zH0+mAO0b0XF1+huw==
- devextreme/20.1.14/js/vectormap-data/canada.js: sha512-u5qf5VbcnMWNBt7933l6u7PAoZfx8nYTubYosm1P/duQyRt9X0NbhuzY90NgzN8zscxQjC1D/nErBxTlHzoTNQ==
- devextreme/20.1.14/css/dx.greenmist.css: sha512-1NkCnexwkbK/e/dTCtQXsd4Y4ssZcjTIRjcB7Y63sITkke0xNBa1W/N6pcOIBehGHa6UUVJluvqdxog7uEa2Qg==
- devextreme/20.1.14/css/dx.material.orange.light.css: sha512-0SJS7I0v5AK26sJkzifRvHu8nS0dbhrGYsTaMltoFYKAiWu2o64/21N8kqvkVotshB14KSWHmtqW0ZgtNIJwWA==
- devextreme/20.1.14/js/localization/dx.messages.de.min.js: sha512-BrHZn7olOR2CNPUdw+EsXwe75bmmGvfMLUwplGU/f/b0ahxCGlXjAur0eQjnFuy2vLChekQfHjY2zOOxm1Db2w==
- devextreme/20.1.14/js/localization/dx.messages.tr.min.js: sha512-w1uYLFYwfl+VDgSzqOCMQe4iDn1VUE5hNuvv4+expuNUhxCgxg1bqDtNBptfxoenPT3mjfWoc86cOYLPHU41yA==
- devextreme/20.1.14/css/dx.material.blue.light.compact.min.css: sha512-0sG1MH6cOQdOWuUPTMPi6SFCiux7TJZWenwrW1MjdcQhHqSmQoOwJeTWtzIkowQLa34AYc/+kT6eJzl/8HhWow==
- devextreme/20.1.14/js/localization/dx.messages.fr.js: sha512-eDJnZ3jf48HfWDZviLyR8VctXSMktnk3ElH7T1e3uWgei7FsXZwVHaivbU2lgCv2eIRxibA7VFTRGaRl7AiCOw==
- devextreme/20.1.14/js/localization/dx.messages.it.js: sha512-B3SUnxk5FSp+nGxsZ48MEqHzdQg8e5F3YEtYFIFAvoLNGNNs4QqxlBgvDVCLoXtbkVySOVTaFb+uWIBGuDPFqA==
- devextreme/20.1.14/css/dx.darkmoon.min.css: sha512-i32xMcUgLKBUqGKhlFwlNdk2FjsudAm40+dsd3VbQYzQzohye5ddZ53iMPPj8tfm5VogXbZtyA3Xw5CDyEelQw==
- devextreme/20.1.14/css/dx.greenmist.compact.min.css: sha512-YkHX/F566532S3BcjijA08VYtrprSd3aCa7PICOMAwyUr1vKmWavI2OhIpa9KxedQxr4MdjUftUOLPeuXmcIzQ==
- devextreme/20.1.14/css/dx.material.orange.light.min.css: sha512-ESpWv/WexZ636nyhVDOhLGdmzeTdo3N7A7NFexqUDLGws3rKt4k4hT1nZSqK/IS344r9Yklf4xHn33H11j079A==
- devextreme/20.1.14/js/localization/dx.messages.zh-tw.min.js: sha512-gJaniLlVScOobbgU/CRVKaEEAnOROdJFkRUHItoHHWklh4fn7wfHx449tgMEZHD+ly4qoiVudGH1fgPTl/RlxQ==
- devextreme/20.1.14/css/dx.dark.css: sha512-dfLf59EhoISrUoPOQs5HUOElhngIkaFKa2lk+NWBVLRrebF5JPiTGndyBeRXPHibUgXZkNqbdHwqskDxPy+mNQ==
- devextreme/20.1.14/css/dx.softblue.min.css: sha512-ozQlEibaye9E7cwAiVA9pBif0nuwbxpc/yyvHxGsmgIIzMc7pwcbdVgNar3/yeLYz/bXesUXzirkRTk+IAO+IQ==
- devextreme/20.1.14/js/dx.aspnet.mvc.js: sha512-CtmeOJYzJCMymvYPIbCiNMMbP7gW7sAZ1T7DATS/cmT/DataTJha2Gk/yAhKhZZguYFlr8kVWDYul6Jmp44EWw==
- devextreme/20.1.14/js/localization/dx.messages.el.js: sha512-Lg7AeC3DFY9tXhOTnHnve6cGga0WwjcG6jGBv9O562aGNIs2XlyJ19UV5QsVbJSNs4ywP4gW3oWKpbDAyL98sw==
- devextreme/20.1.14/js/localization/dx.messages.es.js: sha512-mqi6u2FeUKklZ9Qzi2bEjfUAl8vddlarYrDfvVmrMqAFj/skt+m5QoEPBUqsRRGm/9PjtJ9aMw/OQ6MPXkvKQA==
- devextreme/20.1.14/js/vectormap-data/africa.min.js: sha512-2WWoeTeZq4x2f0lQVMPsOPWAxnJOxRvHV5YW7E+v3uRti+WvwSRXrKa5jZElHvZ53OZIrlAulpCVZ2E3KR+MDQ==
- devextreme/20.1.14/css/dx.darkviolet.css: sha512-KiIfQIC7JEvjG9xtDbwFiyV7lMwA9KGjKoIRFDacAPcteuG6f45odxyBwb0C0x+ROe/JgPeO1h8gdM1Vdr4mQg==
- devextreme/20.1.14/css/dx.material.lime.dark.compact.min.css: sha512-fM4x1Pmx5vPHC2IOEbVv46oeBYFGl947LFy7Zx0/7iS5jWaZOo2J20UthHuRnS0dgHlOWT/6Svem5CogTy5vqQ==
- devextreme/20.1.14/js/dx.viz.js: sha512-RG0pScJ50UL6/cEUOicOkIDbQWTpUZoP3BzhN8KK3PXWSgbI0CjGrdUXCQ3u1wQw0mh7Trgnuf3ituAUOQKkpw==
- devextreme/20.1.14/js/localization/dx.messages.hu.js: sha512-f8CFx1gpPlBoK+k1yU3PcxpIP6UC1qtalA2BLxtGYl1htYtmllp44h17OD4tMaMi6X+aixJ/K+VAXFwCZESLMw==
- devextreme/20.1.14/js/localization/dx.messages.tr.js: sha512-vVfHTolEa1wZxgWJYCxAmAIhrTU4dz/f8aarLqpSQ0iIo5A166U6W+PSR6KAtKAr22Ag4QLn/13DwGMCbs7MtA==
- devextreme/20.1.14/js/vectormap-data/eurasia.min.js: sha512-mI70Li1ga/62+SsHfP74wJvNhRaCkNwzySLmHlMPKcWYpTea12IReYj4a7yu2kAwfMDUDtFtaCKww82lkbdPpg==
- devextreme/20.1.14/js/vectormap-data/usa.min.js: sha512-Cz2QrXZkkz42uEXNZVXTSj5+knZ+BrHwn2GTKZm3n6bMq9S86AKg/V+fcTutVupKnNPEue+aV7jE8wM1TTYElQ==
- devextreme/20.1.14/css/dx.light.css: sha512-jkeG9gnViuSvJz8dA6DaIvXMqcJMH+U9k0s2NNg4t4QJJxPLTczk3nlXtxk5myG1CK13OaS3TDC447FRGPPQoA==
- devextreme/20.1.14/css/dx.material.purple.light.css: sha512-dfzyoAzQmlx5mA8YzxuyHe53nIEXmTQ+0KoFJ+dBRVcoZL1+Z1AvTclVVaAZZYGTegh+7PhGiEw2V5qsbhiHHQ==
- devextreme/20.1.14/css/dx.material.purple.dark.compact.css: sha512-xv+sCRvVXD7+SMpChXOTn382hWLkxoVzhuQBgjlbl8zSl2GYTGYQgUAi35v1IM9cXvVHwg7FNgEtupPlJQTtZA==
- devextreme/20.1.14/js/localization/dx.messages.sv.js: sha512-JniPSUgqYR3cRpyVhPlnIpeSrZZzeq3FSbaVhqjWsc09WixYISHMoI5m19n7u+UziOOROJij3SLnoE1oORreqQ==
- devextreme/20.1.14/js/localization/dx.messages.ja.min.js: sha512-1YJArYM5sAYY75ZhzSNb2XP5BDMHSZ7xbYlYIJ/dpYzL7Wa5aV9zzQH2/1/rhxyuGRvPZ12ELzcpu/kSzsgtAA==
- devextreme/20.1.14/css/dx.dark.compact.min.css: sha512-8KXF/7N3zH5KdgLr/A1wKHiuLEXIkgZxl1VXjtWcIqLYdIZFF4JUCY5lC3y3AmVqW82oXWrPjHTkkDkTOlleSg==
- devextreme/20.1.14/css/dx.material.lime.dark.css: sha512-QwVMMa0Wo7hq9PKmTfipaKcptpTxbJG5fYnYlVygX7AJzMO5QxuK+PLallTObuWW/BNIiMKgoiiGhUtTsF47fQ==
- devextreme/20.1.14/css/dx.material.lime.light.compact.min.css: sha512-6u221ejhdiIjk4+vq0Dn5gNtNrJcz+bVkC6BL3dH8v8boV63wwto9s4xOk2xtBDohovpfgwfkPgeoyLxn34rNA==
- devextreme/20.1.14/css/dx.material.orange.light.compact.css: sha512-F7vdSWD+ABz6x6ThijJhiCEXnRq1h1ipoR1hXeb2t4TwAWGKImEsxonkv8AxDdr2d2n+TkupnxQ8LylzHCfQIg==
- devextreme/20.1.14/css/dx.material.purple.light.compact.css: sha512-53Gzu14ROOoI19aF8r0LWlVRIGB+2lDizAOsV0tj6CTLW2D4XbqCJR4ZYcmyur5mcxvYFG29jfGelsmJWlMGMQ==
- devextreme/20.1.14/css/dx.material.teal.dark.compact.min.css: sha512-8AmBzZcSmyJz2LUaG4J31epeOTClWNMgjxyXrqQ1s5e7utBqQ3g+bf7GGyOX6h8JeDlHFnaWKD9IM71gh+Odpg==
- devextreme/20.1.14/js/localization/dx.messages.sl.js: sha512-Hv1uLxD62LrBxXeVXgZZybwBkAxZw53lDjb/rf2u9tysNeon/TEsN/2BSoirkdOmZl8oBzTqV6B1ljsELLgO8Q==
- devextreme/20.1.14/css/dx.contrast.compact.min.css: sha512-7pi+FmMp0xUdaMAPZ2W/4ecXB+ZLwkb95+tYd4d5GVO/zB0ONK7p3r6yYSD68zKQvgYCX6XjzwutzMgWPK9Fog==
- devextreme/20.1.14/js/vectormap-data/canada.min.js: sha512-0XLERAfoSgOIJDTJ7OSiZvdvaER393pzeuZ+vJomw6qSUqUn7ZPuRVhSC0kTWGKcVau54xSzKt1D//sINEIAlg==
- devextreme/20.1.14/js/dx.web.min.js: sha512-kULZFSGbhY2VzUIlpZ+Re4gndV6QVGa6g042oTbTrxUB0L8mH+vLWQ/nk49VOknguwyf0X7W1TEZkj5L/SfTUA==
- devextreme/20.1.14/css/dx.common.css: sha512-uLLSqIqP5JoOBfA6YEszNFknwopMa+3V/0Je5WGIVUNHh69lz+GMseBetcnGRjztEE/X9C8nfu5Y3oC0L1kHYg==
- devextreme/20.1.14/css/dx.contrast.min.css: sha512-2bfppll0Vmrc1Sph3gjefV0QSA5mUTiHs1IIe4i7H/akki8IfheHp8HsBpvaQPL227NHmnQSdliKbI1eYbrSFQ==
- devextreme/20.1.14/css/dx.dark.compact.css: sha512-odvQaabAeu7mTkQK5vviUivlY+g3VY+tFaTJ5tu7Kz5VfyE71Wol/eXLQ6OOxEir5BAsrUkgDKKjAAa4MV/A5w==
- devextreme/20.1.14/js/localization/dx.messages.fi.min.js: sha512-bdHyR/BKBsVw1o5JGdG75oMkQhPayELDJby9vf90sOiYfSH+ndZ3fzI3Mu9nClLq04mD2yKdBEhKo7fPAYoikQ==
- devextreme/20.1.14/js/localization/dx.messages.sl.min.js: sha512-kOyj/GRQiYb5/u+6nCbJFuDz+KU5PuwKxkrCFPkx+sxa7MEo5I/J1VWg/Vzp/7Z+TlVQuN+9Y9Y7MdQIvae2mw==
- devextreme/20.1.14/css/dx.carmine.min.css: sha512-fz22KrsfiP4TEEHuGft2Nf1+ssB82R+rdUkXpRA1EUTlyfYy9mcKG04hEGa7QfBy8RcbJUmo2oAUflq47rVc8g==
- devextreme/20.1.14/css/dx.material.orange.dark.compact.css: sha512-IOVzEfeDzMHVrvZvhNlBsrJdW6boSeDrDn9H2bBHlRMCOB2u/az0neN3hNogAdnqfo6Rm7IQgJyNmsXSAHnDvg==
- devextreme/20.1.14/css/dx.material.orange.light.compact.min.css: sha512-jgOVbOcY3Khgki8PaybIvi+cfU+oRZ7ufWG+eQg6eUoRX5UgMkSPKgfse3duWYgWN0vcRM8w0Wr9O4/X4YriUA==
- devextreme/20.1.14/js/dx.all.js: sha512-iNs6MKT5EvxpXfUfqtxauwJRTwn6EvTHfpk3BW+d7ogw4zsp1u33LpzbQESPgpQl+YtqMHCKauZ2IJypQR9QcA==
- devextreme/20.1.14/js/dx.aspnet.mvc.min.js: sha512-CJWMZJ0EB6ExkJQZV0PcJHFSxTRfOw72fVVCr+yJ6InEMaWnHOs50ZsQzljX957uRQIGfbzHmcGjIibbC4wCaQ==
- devextreme/20.1.14/css/dx.ios7.default.min.css: sha512-c3xoIk8SfmsS1K4bhA1zpErrIeHgj/xxqUs9nzJQCE0CJoT5l41nRZqkIaKxRqHXPaWaoi4OPQNVNistX3htEg==
- devextreme/20.1.14/css/dx.darkmoon.compact.min.css: sha512-uoVOVAwtqalSEyqM9sppTbjzHFLkBDrxHq7AyUwok90PIT0Cz6oE9w6/VMPqzZyBLB5m9N3TatuzzAu47oFbHg==
- devextreme/20.1.14/css/dx.material.lime.light.compact.css: sha512-FV6N4y1W97QM+XGPDA0SzQh1yPBL6HcfFe3Wx6SNF47L+kGqppMxy3GJO6oBmZqHJP/4FJ/gDfiWviEIuk7K8w==
- devextreme/20.1.14/js/dx.viz.min.js: sha512-ArCEtXFCiPKPnuXakTZ2NRCxD4BNgyzpK7dlHQpDpFTxF7empMs/OnoAMmEoVtpHaPRejZ7XrvFreowLUJDEzw==
- devextreme/20.1.14/js/localization/dx.messages.fr.min.js: sha512-2EbLlOST/H9JF8gR1h5XlRgVWFexITbk/0u9NK4CJjrKvi/IrvesdTa9jvc+hfbUbSimcQ+fqrLMoovFQila+A==
- devextreme/20.1.14/js/localization/dx.messages.sv.min.js: sha512-gLYJ6wuwR19NWVkvufdefatvZyp1z/gPd5Dr040bSpHdB39pc8j/YiMDFqVNfKtsMoRhvi9wyrSezMsY+YRkVg==
- devextreme/20.1.14/js/localization/dx.messages.zh.min.js: sha512-KmyGPq8BvtSW0kjir5Fffeo2eevUQ9BpeXVFmSdOw6eFHng3qz2qSP6Dfl5RVWrl3Mq5kqDZAcnFdS3qZ5vLqQ==
- devextreme/20.1.14/css/dx.carmine.compact.min.css: sha512-XVPG6k/gh84dJLrWNjwOpjVKgsboKFyPHDxUa8Fz2uYmvNbPrgy5Q98vpwXpLgpnDBcSsV3uww6xE6CXrWB/Zw==
- devextreme/20.1.14/css/dx.softblue.css: sha512-BSGI9ltSj3tEQhuulnX6GKoW4Rv1ecPO7Sr0o3b5l4s86ePcASRvENMO2g2cZbmzBrLdMWpCeKF+L+81D0YH0w==
- devextreme/20.1.14/js/dx.all.min.js: sha512-ebq6Lzm7+1G/zcGhVGxs62JdK4OrI7A4SRZqvfsvR5FGOwhD3+M/2SdGRu4MEWO6kyfPZpniM3TKgalq1sBFCA==
- devextreme/20.1.14/js/localization/dx.messages.pt.min.js: sha512-aMeqi06EY4hFStINsA2LOef5qyf43no5DWjNtt4UBOGOJETfJs8owGd0IByAg2mUT/ftbToM1CNxzWNJPRQBgg==
- devextreme/20.1.14/css/dx.carmine.css: sha512-jP3g5ved7FdFcjGIWALQuv2Q2LJH/VSffv0NaqPdsU/XDxDm6R41dA2oLtU7BPvW6++8zfva2uQa/cKFFtgaWA==
- devextreme/20.1.14/css/dx.material.blue.light.compact.css: sha512-aI2hPjpvnQQM8tb0cEnSYAzS66WbRnr7qDwfWRXuUMv7hfTDfq/Br070gLZd85tk94Oxpxk25RWhrDi2K98Tsg==
- devextreme/20.1.14/css/dx.material.teal.light.compact.min.css: sha512-4n4Cgma9Y3DrXLjoCLj2Pln1aVFy8W3EohOGq2+6gP7jHkUMsvzC+wRCRRRA0C6V2M80+oUq5pKg/PHDMU/cPw==
- devextreme/20.1.14/js/localization/dx.messages.hu.min.js: sha512-zbIdAtbwdx6kI+UIoRaFd4bfau0jftpBy6MnCoKIcjo13LlQbV/rr4Ok7dRX0w1K8ZbMrvLW01rPKmMWs1O/Hw==
- devextreme/20.1.14/js/localization/dx.messages.pt.js: sha512-rg91Dn9FYcROQKBALMsYy2rJAqOm0eJU6dMA6TcdCMpENjOwNrDQmgy/3CV1pUU5zXVjWdCSQYcHY4SgPSzrpg==
- devextreme/20.1.14/css/dx.material.blue.dark.css: sha512-Y9W0RGwv5B+osrUPK5KXRYKDxKsqLDgXoBuOJN4id09A41Ua+hT9KaDBg1lY4BfWRJSb26fqA4dryLX4dU/DaA==
- devextreme/20.1.14/js/localization/dx.messages.es.min.js: sha512-YZKnyhuvFj8xO5J8aI0QzkvvJdCDxMFQ8EU09vSJTcnQWO1oNCqd1i2wYo2riYKqo3KBbPKg0DahCLNaBDu0yw==
- devextreme/20.1.14/js/localization/dx.messages.nl.js: sha512-erjDLNLXezOqC3Rgrky0twrdyLFNKZBOBcp+ksCr1Cjjlf6wu+5sRRGj+ZiQtTBc955d0DVAWmJqqDCA9WFCMA==
- devextreme/20.1.14/js/vectormap-data/eurasia.js: sha512-8dmydbdKJkQTaGlJ/HJTHnQgSzpOb3UoRVE1jax70uobi7sDs9oNMn0j01GiYPk7yBUGkS6H1qfFMnW7Trz0XA==
- devextreme/20.1.14/js/vectormap-data/world.js: sha512-oCqwbaC/hljqrYHLNl1Nr4ttIJs/VcQpFvcVf3PnVwqqLVGCzBopJ4bpIiwjLsmsUbAFIbk3/0abXdAFdLHi1g==
- devextreme/20.1.14/css/dx.dark.min.css: sha512-HoGCuAUyYYhitSuWrmw7kfRl38kiNWWppL1PhIQNHpKodae/vRnOKTfRPc/L434/JSDA8PdRPGJNs65ikxB84Q==
- devextreme/20.1.14/css/dx.light.min.css: sha512-hM3Il+n950pT2zAJPK5DhmI7VJqAY1iSOCuRT6ta1OpaUnXVhkysrcZsec4OhY4Yqij0t411Yo3lpainaFksfA==
- devextreme/20.1.14/css/dx.material.blue.light.min.css: sha512-v1Ykhy7YCbliN1ii9BnxAGB+HDC8wgile8LlH5dlbEWXM84pUxw2KOXJx0XK7ho4gCQTb2LJqsajV29CSWG2kw==
- devextreme/20.1.14/js/dx.web.js: sha512-reyu3kZnvpq82V2+3XseoPW9SHQRMJE0e8Ii3Cfcv52Oo+B7w8NppFvptteBT/6xWJFDnUmLdSrW639B6469Wg==
- devextreme/20.1.14/js/localization/dx.messages.vi.js: sha512-kB84VjRwPHGzrzXIq8p1Q9l2AbOz0tzpUXa3WU/fEkyLetLa4xZS9xuQ/terKwqxhfFVidsfB6tTINPx9uE8nQ==
- devextreme/20.1.14/js/vectormap-data/usa.js: sha512-cDqaJzHm0ZNQLpy4Zo669gtMAMZRDrQp0Alqe4wRd008aoznjZnqEP/7viNLdirwc2MopZ2K8ECL0v9z7vOgnA==
- devextreme/20.1.14/css/dx.ios7.default.css: sha512-X+sM6UXyDDzg0sZMunIpaZU54lgItzQ7KajY/CB6jlMNwNRyQYP+LYK7c95orImdtLSyhtGYmq70BhUNfHoGdA==
- devextreme/20.1.14/css/dx.darkviolet.min.css: sha512-bBnCvAB6RkvPXQxmp4BO6tjjBsdwQ5vAU5KVUKnjCdWUkwanvqAhaN5GtGuveCQb2dd1C1uu20U/blGEVVY6Fw==
- devextreme/20.1.14/js/localization/dx.messages.el.min.js: sha512-BKw86xCa99n6yoRiMYV4T5LaGFNp4nr0EXugW1NPt+lKlxpCD/eQL477BsMk70tokV/soR8CFbt1CxVHWhoifA==
- devextreme/20.1.14/js/localization/dx.messages.nl.min.js: sha512-0LPvRp3pt0fQYtfjISQC0jMkHPZficl7ZOEISFF+x65/8cyXm8YwAh68IxudKbWlBuxEmFMMMl4ZkJYXyj2y+Q==
- devextreme/20.1.14/css/dx.darkmoon.css: sha512-yD5mout05vTxwilGTuAAkMaM++qHMIkErhBKHcGUspenfEuseqTQ5GGN5EEGs0HL4YXvB7O3me01okjXErH70A==
- devextreme/20.1.14/js/localization/dx.messages.cs.min.js: sha512-OcqHYNB8YiVeaVJdSQhPN7E8merxfezm8ZEJ+K816CkPEBtX4KKJxLmRd2v/48X6GIGamIvmgqVEPMQUc3dp8w==
- devextreme/20.1.14/js/localization/dx.messages.en.min.js: sha512-vrxHsM7dH+cXTnXyRbkS9yLcfovZ9n+GnULxDrzC7hD7YxfpksIMcn+6tcvIJLJ0UB59qe3f2UDRwv21kxDSNg==
- devextreme/20.1.14/js/vectormap-data/europe.js: sha512-IYDdiaNyLOytPUM2P9hYd7oG1UE7qOcqCMpzL001abSQDE7T4dhIqp9B04v+b3CRYRVh8EuOntWcvH9XUMDwNQ==
- devextreme/20.1.14/css/dx.material.purple.light.compact.min.css: sha512-4KFFJdffXU3PGzVBqs/yUJH0KkJ2wboHsJMBBi3adY/KnQ20+ibKC+IrvJ811slZvb88vrIeOiBHULPq0oWw/Q==
- devextreme/20.1.14/css/dx.material.teal.dark.compact.css: sha512-/zz2q2U6DmB2Y/HgHz/IDgRjxEkdpRhYLM5KGdM4kIjlsaXMwDQHJrenQoL324ra1WDlUNjQbMwwNFsu3d8MRg==
- devextreme/20.1.14/css/dx.material.teal.dark.css: sha512-2RWzosfQnqjWpKgaFwHF9u7AMyt3AASM1XBe/d4VFG00GczX3gqb0FZwaYYNzeLZ9yIyowOW4L8Gn4jHWNThwA==
- devextreme/20.1.14/css/dx.material.teal.light.min.css: sha512-TqnonIbY+OazO2kLdP2kuD8bQn8POEdjj29nKaP/OB6kvOX9c2bRyCLTa+CQ60JdfnQDN4IKu4pJPmofzXKv/A==
- devextreme/20.1.14/js/localization/dx.messages.vi.min.js: sha512-XtCgcR3dngXNRHbXRF2XhWrfn2PTbc7BKllVsmmOWinl352HH8ozkMmQlf7HSNsdD5pwdAY4w2TNWNaHEJT4/A==
- devextreme/20.1.14/css/dx.material.purple.dark.min.css: sha512-XZL6d+a3Vmp+3aBzINNnObxSBr0KCgDVJY6swpKY9p+SZQqp/0MZVz5OkxHMHcaZ7O1fN5jL4uKEtCoIBrz40A==
- devextreme/20.1.14/css/dx.material.orange.dark.min.css: sha512-L1MyMMS0xJn1ETCBRATMn32yKufdXR/BC4ZePk63av5X7b0g5Vts3srSeHaT3+pYv8N+vOC9Reb+IX9OIGpI/w==
- devextreme/20.1.14/js/dx.viz-web.min.js: sha512-59dVgcrA/ZPKFZ5ZCKCaCWPdnxhJcY+qDr6iSeATrp6POKtewB+Hb6H2r2ce2ZmelNoXQFNczflmzIYwWH2n+g==
- devextreme/20.1.14/js/localization/dx.messages.fi.js: sha512-bkqsfEQeggkZBIpOFxb4dVP5F5HmIQqkrVUmeKhPIkwXduK/K1Q8G76yGuF2e4v+9jAGFbP2Mg2MwOpPPOBgCQ==
- devextreme/20.1.14/js/vectormap-data/europe.min.js: sha512-3toeZYJeiDe0LJB3wuQawWHarz8QtxFID8T/de0k756f3T5KhvNw1qdmIScLMcWmpsydIH8t77rMMLN9oiRGUg==
- devextreme/20.1.14/css/dx.material.blue.dark.compact.css: sha512-51iAQJSeKI9+udjmE7wJYCXAI/QZefhwOfs/Ge0HSIAFXdg3rbbMGy1Ns5KoqwohDPDFinnUNsG2E76lr83rHg==
- devextreme/20.1.14/css/dx.material.teal.dark.min.css: sha512-Na4M6JNVvZ5hv0OhgBwYb7eY9kYvTy+KzdNBVkqIJFPDbLI5asxoloH/jFN9ike6f3VZNVhzADeyFEC+yHek+Q==
- devextreme/20.1.14/css/dx.contrast.compact.css: sha512-C543EWc6HbDcpPRUGHNkMWN9FD1K5wpjf7x/6YT5q9MUE9/opqlt81I+nRfa7sP0CWTuIp90BkXlHN12t3plhA==
- devextreme/20.1.14/css/dx.material.blue.dark.compact.min.css: sha512-2Y75Wrpeo2NpE2PMQHLXXIiFXTWAjvtDz3It/EpP8++6r6jXrhC/IFU6j0AR2CCsV77KJxrsX/VDtcUlY2q7dA==
- devextreme/20.1.14/js/dx.viz-web.js: sha512-XPcF8BPkvyp4h0oMeJCWxV2ne4O5isCQQUh8BdA8Ob+BvTfpArLS9CB57CZE7ytNM4yhn91F2AVCm4hnMSSgvQ==
- devextreme/20.1.14/css/dx.light.compact.min.css: sha512-OfcR++OvqXaAyedhBUPq9sHrjQm7xmtl09HTtQkQcb+1cNgedOwxgqfs7rvttm5y1LsfJe80r9N5+X5mZga1+w==
- devextreme/20.1.14/css/dx.greenmist.min.css: sha512-/GpXWzE4wWFsAvoDYD4rg3/Qz2BE+NC4OzYnYlzpIg8D/A6nVjY7DVHV9BKvA6zT50QOlT95RPXbkEQ94ghc8w==
