config: {"authors":[{"name":"Google Inc."}],"autoupdate":{"source":"npm","target":"@fontsource/hurricane","fileMap":[{"basePath":"","files":["*.css","files/*.@(woff|woff2)"]}],"excludeFromSearch":true},"description":"Self-host the Hurricane font in a neatly bundled NPM package.","filename":"index.css","homepage":"https://fontsource.org/fonts/hurricane","keywords":["fontsource","font","font family","google fonts","hurricane","Hurricane","css","sass","front-end","web","typeface","variable"],"license":"OFL-1.1","name":"fontsource-hurricane","repository":{"type":"git","url":"git+https://github.com/fontsource/font-files.git"},"author":"Google Inc."}
KV keys:
- fontsource-hurricane/5.0.19/400.css.br
- fontsource-hurricane/5.0.19/400.css.gz
- fontsource-hurricane/5.0.19/400.min.css.br
- fontsource-hurricane/5.0.19/400.min.css.gz
- fontsource-hurricane/5.0.19/files/hurricane-latin-400-normal.woff.br
- fontsource-hurricane/5.0.19/files/hurricane-latin-400-normal.woff.gz
- fontsource-hurricane/5.0.19/files/hurricane-latin-400-normal.woff2
- fontsource-hurricane/5.0.19/files/hurricane-latin-ext-400-normal.woff.br
- fontsource-hurricane/5.0.19/files/hurricane-latin-ext-400-normal.woff.gz
- fontsource-hurricane/5.0.19/files/hurricane-latin-ext-400-normal.woff2
- fontsource-hurricane/5.0.19/files/hurricane-vietnamese-400-normal.woff.br
- fontsource-hurricane/5.0.19/files/hurricane-vietnamese-400-normal.woff.gz
- fontsource-hurricane/5.0.19/files/hurricane-vietnamese-400-normal.woff2
- fontsource-hurricane/5.0.19/index.css.br
- fontsource-hurricane/5.0.19/index.css.gz
- fontsource-hurricane/5.0.19/index.min.css.br
- fontsource-hurricane/5.0.19/index.min.css.gz
- fontsource-hurricane/5.0.19/latin-400.css.br
- fontsource-hurricane/5.0.19/latin-400.css.gz
- fontsource-hurricane/5.0.19/latin-400.min.css.br
- fontsource-hurricane/5.0.19/latin-400.min.css.gz
- fontsource-hurricane/5.0.19/latin-ext-400.css.br
- fontsource-hurricane/5.0.19/latin-ext-400.css.gz
- fontsource-hurricane/5.0.19/latin-ext-400.min.css.br
- fontsource-hurricane/5.0.19/latin-ext-400.min.css.gz
- fontsource-hurricane/5.0.19/latin-ext.css.br
- fontsource-hurricane/5.0.19/latin-ext.css.gz
- fontsource-hurricane/5.0.19/latin-ext.min.css.br
- fontsource-hurricane/5.0.19/latin-ext.min.css.gz
- fontsource-hurricane/5.0.19/latin.css.br
- fontsource-hurricane/5.0.19/latin.css.gz
- fontsource-hurricane/5.0.19/latin.min.css.br
- fontsource-hurricane/5.0.19/latin.min.css.gz
- fontsource-hurricane/5.0.19/vietnamese-400.css.br
- fontsource-hurricane/5.0.19/vietnamese-400.css.gz
- fontsource-hurricane/5.0.19/vietnamese-400.min.css.br
- fontsource-hurricane/5.0.19/vietnamese-400.min.css.gz
- fontsource-hurricane/5.0.19/vietnamese.css.br
- fontsource-hurricane/5.0.19/vietnamese.css.gz
- fontsource-hurricane/5.0.19/vietnamese.min.css.br
- fontsource-hurricane/5.0.19/vietnamese.min.css.gz
SRIs:
- fontsource-hurricane/5.0.19/latin-400.css: sha512-d4gSYbHEfNRbAJbuMdRsxvj+hk5NB5Ji995tqC6w39lYWSmNk8HEGQNhz6TUg2JZpEM616jcTR6k3fJhK+tCVw==
- fontsource-hurricane/5.0.19/latin-400.min.css: sha512-OS3g2JyorUtcTGg03vVt7iNtnmBkeL/D1fFymKtCeCylTbP/XfP75OouDnqXeZlP+OIspYJeFrJKAPeETvT44A==
- fontsource-hurricane/5.0.19/latin-ext-400.css: sha512-+eyblcNjl/PAPlowYPskMXr0Wk0+fQk76WRm7aoHILlO6ro5JWlR/fzmKB2lREHbox7rOxMacODJ7ttUGHu/7g==
- fontsource-hurricane/5.0.19/latin.css: sha512-d4gSYbHEfNRbAJbuMdRsxvj+hk5NB5Ji995tqC6w39lYWSmNk8HEGQNhz6TUg2JZpEM616jcTR6k3fJhK+tCVw==
- fontsource-hurricane/5.0.19/vietnamese-400.min.css: sha512-JO6fGResJgpDuHL+Qr7oIx+VlhtwefhLSlpWlwgW0ZJpbFljmiiZePXtGM/9Fp71qBw8bk5DIeaIy+fAprwEdg==
- fontsource-hurricane/5.0.19/vietnamese.css: sha512-2jyj9dDSTMDadrvGZHrlMeAw3LWl7pxoPHNPr3eEso94Nv8aXrNFUMy2eTz/iwiwiQIIPV10IOxaJBrANsys9w==
- fontsource-hurricane/5.0.19/400.min.css: sha512-G8Lw6JldXELDDBM2csQQbKP5lFdCuX+/ARCm3rYUEBIcO26jfvX1MOmksB9H7/p/AygrSSBwAaiXGYOvPQLZHg==
- fontsource-hurricane/5.0.19/index.css: sha512-XE9UOo1Kd/4GQnhKuV7uRuElbRI+UgOrGR7S75O4TfDyUGN3vsVsMupy6MHbjzLig0sLqPKiIiLpDgjeqh9evw==
- fontsource-hurricane/5.0.19/latin-ext-400.min.css: sha512-AjqcWmrYib/HZGCAgWD+1ud+cpmPn6Vh7o2doWpfr1RPqvfxyo05/wIWwIqFuK4JoT2w/3IP9zb1JL1FaDceOw==
- fontsource-hurricane/5.0.19/latin.min.css: sha512-OS3g2JyorUtcTGg03vVt7iNtnmBkeL/D1fFymKtCeCylTbP/XfP75OouDnqXeZlP+OIspYJeFrJKAPeETvT44A==
- fontsource-hurricane/5.0.19/latin-ext.min.css: sha512-AjqcWmrYib/HZGCAgWD+1ud+cpmPn6Vh7o2doWpfr1RPqvfxyo05/wIWwIqFuK4JoT2w/3IP9zb1JL1FaDceOw==
- fontsource-hurricane/5.0.19/vietnamese-400.css: sha512-2jyj9dDSTMDadrvGZHrlMeAw3LWl7pxoPHNPr3eEso94Nv8aXrNFUMy2eTz/iwiwiQIIPV10IOxaJBrANsys9w==
- fontsource-hurricane/5.0.19/vietnamese.min.css: sha512-JO6fGResJgpDuHL+Qr7oIx+VlhtwefhLSlpWlwgW0ZJpbFljmiiZePXtGM/9Fp71qBw8bk5DIeaIy+fAprwEdg==
- fontsource-hurricane/5.0.19/400.css: sha512-XE9UOo1Kd/4GQnhKuV7uRuElbRI+UgOrGR7S75O4TfDyUGN3vsVsMupy6MHbjzLig0sLqPKiIiLpDgjeqh9evw==
- fontsource-hurricane/5.0.19/index.min.css: sha512-G8Lw6JldXELDDBM2csQQbKP5lFdCuX+/ARCm3rYUEBIcO26jfvX1MOmksB9H7/p/AygrSSBwAaiXGYOvPQLZHg==
- fontsource-hurricane/5.0.19/latin-ext.css: sha512-+eyblcNjl/PAPlowYPskMXr0Wk0+fQk76WRm7aoHILlO6ro5JWlR/fzmKB2lREHbox7rOxMacODJ7ttUGHu/7g==
