config: {"authors":[{"name":"Mat Groves"}],"autoupdate":{"source":"npm","target":"pixi.js","fileMap":[{"basePath":"dist","files":["**/*"]}]},"description":"Pixi.js is a fast lightweight 2D library that works across all devices.","filename":"pixi.min.js","homepage":"http://goodboydigital.com/","keywords":["2d","animation","canvas","graphics","rendering","webgl"],"license":"MIT","name":"pixi.js","repository":{"type":"git","url":"https://github.com/pixijs/pixi.js.git"},"author":"Mat Groves"}
KV keys:
- pixi.js/6.5.4/browser/pixi.js.br
- pixi.js/6.5.4/browser/pixi.js.gz
- pixi.js/6.5.4/browser/pixi.js.map.br
- pixi.js/6.5.4/browser/pixi.js.map.gz
- pixi.js/6.5.4/browser/pixi.min.js.br
- pixi.js/6.5.4/browser/pixi.min.js.gz
- pixi.js/6.5.4/browser/pixi.min.js.map.br
- pixi.js/6.5.4/browser/pixi.min.js.map.gz
- pixi.js/6.5.4/browser/pixi.min.mjs.br
- pixi.js/6.5.4/browser/pixi.min.mjs.gz
- pixi.js/6.5.4/browser/pixi.min.mjs.map.br
- pixi.js/6.5.4/browser/pixi.min.mjs.map.gz
- pixi.js/6.5.4/browser/pixi.mjs.br
- pixi.js/6.5.4/browser/pixi.mjs.gz
- pixi.js/6.5.4/browser/pixi.mjs.map.br
- pixi.js/6.5.4/browser/pixi.mjs.map.gz
- pixi.js/6.5.4/cjs/pixi.js.br
- pixi.js/6.5.4/cjs/pixi.js.gz
- pixi.js/6.5.4/cjs/pixi.js.map.br
- pixi.js/6.5.4/cjs/pixi.js.map.gz
- pixi.js/6.5.4/cjs/pixi.min.js.br
- pixi.js/6.5.4/cjs/pixi.min.js.gz
- pixi.js/6.5.4/cjs/pixi.min.js.map.br
- pixi.js/6.5.4/cjs/pixi.min.js.map.gz
- pixi.js/6.5.4/esm/pixi.min.mjs.br
- pixi.js/6.5.4/esm/pixi.min.mjs.gz
- pixi.js/6.5.4/esm/pixi.min.mjs.map.br
- pixi.js/6.5.4/esm/pixi.min.mjs.map.gz
- pixi.js/6.5.4/esm/pixi.mjs.br
- pixi.js/6.5.4/esm/pixi.mjs.gz
- pixi.js/6.5.4/esm/pixi.mjs.map.br
- pixi.js/6.5.4/esm/pixi.mjs.map.gz
SRIs:
- pixi.js/6.5.4/browser/pixi.js: sha512-1bqNgRBtOM67aNav23ZOUNor/VsUzjdwy8B24TBOGvFjZa3TfoC8CLai7gqhMe0nVCFwKGYBGlwRxLLzYXQQpA==
- pixi.js/6.5.4/browser/pixi.min.js: sha512-MLJM72M8frjnFXEvWn3NaVkrSxlDnbRK/Iwyr7loPca+13SdS9B5sNLHoIkDxfPOndP8WReNdwGLxisYUapc7A==
- pixi.js/6.5.4/cjs/pixi.js: sha512-lnbdCMPIwj1cFk78uShY2vZD6Ijg6dQ3v8v3vjNzAqIc7DOEKaB0rixjV6NtQoCjlSiqfN87V6DbCSx8+BgQXQ==
- pixi.js/6.5.4/cjs/pixi.min.js: sha512-/YAL3/wnGrnx2lP8G9+yQx25tyb1X5MNGW/fBspT2TTtbqU/v33DmsQykza6/PPyz8qwEqGWf0vp76WNO13GGQ==
