Files:
- fontsource-shrikhand/5.0.14/400.css.gz
- fontsource-shrikhand/5.0.14/400.min.css.gz
- fontsource-shrikhand/5.0.14/files/shrikhand-gujarati-400-normal.woff.gz
- fontsource-shrikhand/5.0.14/files/shrikhand-latin-400-normal.woff.gz
- fontsource-shrikhand/5.0.14/files/shrikhand-latin-ext-400-normal.woff.gz
- fontsource-shrikhand/5.0.14/gujarati-400.css.gz
- fontsource-shrikhand/5.0.14/gujarati-400.min.css.gz
- fontsource-shrikhand/5.0.14/gujarati.css.gz
- fontsource-shrikhand/5.0.14/gujarati.min.css.gz
- fontsource-shrikhand/5.0.14/index.css.gz
- fontsource-shrikhand/5.0.14/index.min.css.gz
- fontsource-shrikhand/5.0.14/latin-400.css.gz
- fontsource-shrikhand/5.0.14/latin-400.min.css.gz
- fontsource-shrikhand/5.0.14/latin-ext-400.css.gz
- fontsource-shrikhand/5.0.14/latin-ext-400.min.css.gz
- fontsource-shrikhand/5.0.14/latin-ext.css.gz
- fontsource-shrikhand/5.0.14/latin-ext.min.css.gz
- fontsource-shrikhand/5.0.14/latin.css.gz
- fontsource-shrikhand/5.0.14/latin.min.css.gz
