config: {"authors":[{"name":"lucaburgio"}],"autoupdate":{"source":"git","target":"git://github.com/lucaburgio/iconoir.git","fileMap":[{"basePath":"","files":["css/*.css","icons/*.svg"]}]},"description":"A Simple and Definitive Open-Source Icons Library","filename":"css/iconoir.css","homepage":"https://iconoir.com","keywords":["icons","svg","library"],"license":"MIT","name":"iconoir","repository":{"type":"git","url":"git://github.com/lucaburgio/iconoir.git"},"author":"lucaburgio"}
KV keys:
- iconoir/7.5.0/css/iconoir-regular.css.br
- iconoir/7.5.0/css/iconoir-regular.css.gz
- iconoir/7.5.0/css/iconoir-regular.min.css.br
- iconoir/7.5.0/css/iconoir-regular.min.css.gz
- iconoir/7.5.0/css/iconoir-solid.css.br
- iconoir/7.5.0/css/iconoir-solid.css.gz
- iconoir/7.5.0/css/iconoir-solid.min.css.br
- iconoir/7.5.0/css/iconoir-solid.min.css.gz
- iconoir/7.5.0/css/iconoir.css.br
- iconoir/7.5.0/css/iconoir.css.gz
- iconoir/7.5.0/css/iconoir.min.css.br
- iconoir/7.5.0/css/iconoir.min.css.gz
SRIs:
- iconoir/7.5.0/css/iconoir.css: sha512-yxtSHClRpOjiUM6AXYfaX1tUASo38utUBLg32nOr9uSqFfr4JWUwRy72kCgNGOvsvN1G//w/8FptozDcpaK2dA==
- iconoir/7.5.0/css/iconoir.min.css: sha512-/f4aEBFK+J0hap0l1kZdsI92zhlrKPREmXBYoqEsPhvINBDUe/CqEOIAJKJtHTcML5xOenK/q6na+rdcSA4UGw==
- iconoir/7.5.0/css/iconoir-regular.css: sha512-zQrakBxUvt48Ve+iU2D7pwyhrHvoHqPG/3roHRvs30f5Qq97xormGHqLzBqQenN8DagqFZtbHyFBVpzZ2zqu2Q==
- iconoir/7.5.0/css/iconoir-regular.min.css: sha512-9Evg37RzrZEoRGx2W4vo5GV1MhII8ThZcKnqjeGkvlR2XUvGagpN5onUY94ShxK03EAXotc3bZEZMRwWuT3+ig==
- iconoir/7.5.0/css/iconoir-solid.css: sha512-3w30BvcwOwRPR60e+g2W+IyxRqpXRgFeWGtcUHN1d5RrDzfrNFuH2PpCp9f35n7wwi9pU+3iistIgiuJJ6xVGw==
- iconoir/7.5.0/css/iconoir-solid.min.css: sha512-xIvfZkLwBHOnjwNUmu/sGJxJRAD7cSLgSGFQIOenYPDzmHO29v0JOHZrPqGTv71apQv7P6435wnExLC8jYmw1g==
