config: {"autoupdate":{"source":"npm","target":"@docsearch/css","fileMap":[{"basePath":"dist","files":["*.css"]}]},"description":"Styles for DocSearch.","filename":"style.css","homepage":"https://docsearch.algolia.com/","keywords":["doc","search"],"license":"MIT","name":"docsearch-css","repository":{"type":"git","url":"https://github.com/algolia/docsearch.git"}}
KV keys:
- docsearch-css/3.4.0/_variables.css.br
- docsearch-css/3.4.0/_variables.css.gz
- docsearch-css/3.4.0/_variables.min.css.br
- docsearch-css/3.4.0/_variables.min.css.gz
- docsearch-css/3.4.0/button.css.br
- docsearch-css/3.4.0/button.css.gz
- docsearch-css/3.4.0/button.min.css.br
- docsearch-css/3.4.0/button.min.css.gz
- docsearch-css/3.4.0/modal.css.br
- docsearch-css/3.4.0/modal.css.gz
- docsearch-css/3.4.0/modal.min.css.br
- docsearch-css/3.4.0/modal.min.css.gz
- docsearch-css/3.4.0/style.css.br
- docsearch-css/3.4.0/style.css.gz
- docsearch-css/3.4.0/style.min.css.br
- docsearch-css/3.4.0/style.min.css.gz
SRIs:
- docsearch-css/3.4.0/button.css: sha512-/bSQkbmB/GGlL/nioICvSuvhjCOGlCeisOMcDVnZMlPRv2v8XmJLIuka7bZfsGKQYBZgSqdy4gSx9K7X9DDQaw==
- docsearch-css/3.4.0/button.min.css: sha512-5+SGVuGtBHTRT68YNSAhWNj9iUgE/+vvWO+pcJXjzja0qD+v9Nn2sgDSUejlT55rmwicC8rB7FuVauv/WNiMuA==
- docsearch-css/3.4.0/modal.css: sha512-5/OqD4f2ORW0geteW3CvOCLynp+mYAL2rHBI27xApRHd4fV19PP1CfZs/wwaZjnJMcPDAdEb6r75yblLPLazjA==
- docsearch-css/3.4.0/modal.min.css: sha512-aJBdEl/aa51NiLOOcjCHDxnRcu3qATCfwPWWl/o0NR010nABJlzZgfogpPEGPMPP9tyiXNWX28Q5+uZjzMpHlA==
- docsearch-css/3.4.0/style.css: sha512-OwGQ+134qG1UxuFFEnse/H9WG2TliVkNzP4PhfbcCk75hlnPrGoMg+CTCym0sTsYEkcQGIUpKfZOEpdRCILo5A==
- docsearch-css/3.4.0/style.min.css: sha512-2S723euphMjNwGBcWrfpL6JtZIjL3Kqacxc6BcP9saZadST4l+bzNY3PqR6TrukVscD9n9qatd8GU9s8+0Wl+Q==
- docsearch-css/3.4.0/_variables.css: sha512-FG9C40qDmcUTC2R1BZxnZTF8LPBVeK6AapfQJ3kpAlhWk6ZKSIiEtHVyI36VRD0nDnpfLACXHhbacXJWNuefFw==
- docsearch-css/3.4.0/_variables.min.css: sha512-wKy/hvSHK+CqzVKOA+H2A+EJHgFm29R9qEnDKk/Vpv08pJNPBCGu6huoClX3Cg+yTeRPLm4J/xYx4xgB4qq9Rg==
