config: {"authors":[{"name":"ruffle contributors","url":"https://github.com/ruffle-rs/ruffle/graphs/contributors"}],"autoupdate":{"source":"npm","target":"@ruffle-rs/ruffle","fileMap":[{"basePath":"","files":["*.@(js|wasm)"]}]},"description":"Putting Flash back on the web. Ruffle will polyfill all Flash content and replace it with the Ruffle flash player.","filename":"ruffle.js","homepage":"https://ruffle.rs","keywords":["flash","swf"],"license":"(MIT OR Apache-2.0)","name":"ruffle-rs","repository":{"type":"git","url":"git+https://github.com/ruffle-rs/ruffle.git"},"author":"ruffle contributors (https://github.com/ruffle-rs/ruffle/graphs/contributors)"}
KV keys:
- ruffle-rs/0.1.0-nightly.2024.4.16/6a86b7d687d04cd39ac5.wasm.br
- ruffle-rs/0.1.0-nightly.2024.4.16/6a86b7d687d04cd39ac5.wasm.gz
- ruffle-rs/0.1.0-nightly.2024.4.16/89e0319c8bf9831376e6.wasm.br
- ruffle-rs/0.1.0-nightly.2024.4.16/89e0319c8bf9831376e6.wasm.gz
- ruffle-rs/0.1.0-nightly.2024.4.16/core.ruffle.3bcde85286694456184d.js.br
- ruffle-rs/0.1.0-nightly.2024.4.16/core.ruffle.3bcde85286694456184d.js.gz
- ruffle-rs/0.1.0-nightly.2024.4.16/core.ruffle.3bcde85286694456184d.min.js.br
- ruffle-rs/0.1.0-nightly.2024.4.16/core.ruffle.3bcde85286694456184d.min.js.gz
- ruffle-rs/0.1.0-nightly.2024.4.16/core.ruffle.3e02c5bbe9e6f18ec730.js.br
- ruffle-rs/0.1.0-nightly.2024.4.16/core.ruffle.3e02c5bbe9e6f18ec730.js.gz
- ruffle-rs/0.1.0-nightly.2024.4.16/core.ruffle.3e02c5bbe9e6f18ec730.min.js.br
- ruffle-rs/0.1.0-nightly.2024.4.16/core.ruffle.3e02c5bbe9e6f18ec730.min.js.gz
- ruffle-rs/0.1.0-nightly.2024.4.16/ruffle.js.br
- ruffle-rs/0.1.0-nightly.2024.4.16/ruffle.js.gz
- ruffle-rs/0.1.0-nightly.2024.4.16/ruffle.min.js.br
- ruffle-rs/0.1.0-nightly.2024.4.16/ruffle.min.js.gz
SRIs:
- ruffle-rs/0.1.0-nightly.2024.4.16/core.ruffle.3e02c5bbe9e6f18ec730.js: sha512-ggyHOXCxfHIGhFjPNJTf8elt1RnOeaud2HPRTfX/m8IUHbl6GXErXFxhBtdm+bSUyrVRkw8d9zCD07Emc5Oeww==
- ruffle-rs/0.1.0-nightly.2024.4.16/core.ruffle.3e02c5bbe9e6f18ec730.min.js: sha512-b1S9HNK7VGHa3WuQLUF/HcsKxhChNMzcsRz+JX6TYMkDq++Tf3YkadMvrXsYdOdqucvuydAXsWZRzm8VHa6ebQ==
- ruffle-rs/0.1.0-nightly.2024.4.16/ruffle.js: sha512-7tyQxw+oZvKU8scGNweK9YlHdjm1Os78SEmuNRMDE2dj6U5DZ3vJ4qCXir/UOJqvVE8gkdxHaZFhfdONzfGIoQ==
- ruffle-rs/0.1.0-nightly.2024.4.16/ruffle.min.js: sha512-9lPTIXjACTt9GZTHctJyj9SiA6EwsCKc2xVOfQOV2jzARLSb5eyfz6MEi4Fp3a+UZaM1XJAJUeAXiEKNV5XY7Q==
- ruffle-rs/0.1.0-nightly.2024.4.16/core.ruffle.3bcde85286694456184d.js: sha512-+9Q6ztFJDmzPFA3TvfwdUz0pLBZZx6gPpsLGqikCi6uhzaGUxMszNIm5u3ixPrfKJwJlOIAH2dXo0c2R+PCeoQ==
- ruffle-rs/0.1.0-nightly.2024.4.16/core.ruffle.3bcde85286694456184d.min.js: sha512-hE3Ni5LFzwrhDLXwTLBhiy3sz6cNXJx87DkhpAWykkcwTyCoTEtWYmffWIEG6BAdEGpVNhr1HFdPYKfEvgc5yg==
