Files:
- fontsource-aref-ruqaa-ink/4.5.0/400.css.br
- fontsource-aref-ruqaa-ink/4.5.0/400.css.gz
- fontsource-aref-ruqaa-ink/4.5.0/400.min.css.br
- fontsource-aref-ruqaa-ink/4.5.0/400.min.css.gz
- fontsource-aref-ruqaa-ink/4.5.0/700.css.br
- fontsource-aref-ruqaa-ink/4.5.0/700.css.gz
- fontsource-aref-ruqaa-ink/4.5.0/700.min.css.br
- fontsource-aref-ruqaa-ink/4.5.0/700.min.css.gz
- fontsource-aref-ruqaa-ink/4.5.0/arabic-400.css.br
- fontsource-aref-ruqaa-ink/4.5.0/arabic-400.css.gz
- fontsource-aref-ruqaa-ink/4.5.0/arabic-400.min.css.br
- fontsource-aref-ruqaa-ink/4.5.0/arabic-400.min.css.gz
- fontsource-aref-ruqaa-ink/4.5.0/arabic-700.css.br
- fontsource-aref-ruqaa-ink/4.5.0/arabic-700.css.gz
- fontsource-aref-ruqaa-ink/4.5.0/arabic-700.min.css.br
- fontsource-aref-ruqaa-ink/4.5.0/arabic-700.min.css.gz
- fontsource-aref-ruqaa-ink/4.5.0/arabic.css.br
- fontsource-aref-ruqaa-ink/4.5.0/arabic.css.gz
- fontsource-aref-ruqaa-ink/4.5.0/arabic.min.css.br
- fontsource-aref-ruqaa-ink/4.5.0/arabic.min.css.gz
- fontsource-aref-ruqaa-ink/4.5.0/files/aref-ruqaa-ink-all-400-normal.woff.br
- fontsource-aref-ruqaa-ink/4.5.0/files/aref-ruqaa-ink-all-400-normal.woff.gz
- fontsource-aref-ruqaa-ink/4.5.0/files/aref-ruqaa-ink-all-700-normal.woff.br
- fontsource-aref-ruqaa-ink/4.5.0/files/aref-ruqaa-ink-all-700-normal.woff.gz
- fontsource-aref-ruqaa-ink/4.5.0/files/aref-ruqaa-ink-arabic-400-normal.woff.br
- fontsource-aref-ruqaa-ink/4.5.0/files/aref-ruqaa-ink-arabic-400-normal.woff.gz
- fontsource-aref-ruqaa-ink/4.5.0/files/aref-ruqaa-ink-arabic-400-normal.woff2
- fontsource-aref-ruqaa-ink/4.5.0/files/aref-ruqaa-ink-arabic-700-normal.woff.br
- fontsource-aref-ruqaa-ink/4.5.0/files/aref-ruqaa-ink-arabic-700-normal.woff.gz
- fontsource-aref-ruqaa-ink/4.5.0/files/aref-ruqaa-ink-arabic-700-normal.woff2
- fontsource-aref-ruqaa-ink/4.5.0/files/aref-ruqaa-ink-latin-400-normal.woff.br
- fontsource-aref-ruqaa-ink/4.5.0/files/aref-ruqaa-ink-latin-400-normal.woff.gz
- fontsource-aref-ruqaa-ink/4.5.0/files/aref-ruqaa-ink-latin-400-normal.woff2
- fontsource-aref-ruqaa-ink/4.5.0/files/aref-ruqaa-ink-latin-700-normal.woff.br
- fontsource-aref-ruqaa-ink/4.5.0/files/aref-ruqaa-ink-latin-700-normal.woff.gz
- fontsource-aref-ruqaa-ink/4.5.0/files/aref-ruqaa-ink-latin-700-normal.woff2
- fontsource-aref-ruqaa-ink/4.5.0/files/aref-ruqaa-ink-latin-ext-400-normal.woff.br
- fontsource-aref-ruqaa-ink/4.5.0/files/aref-ruqaa-ink-latin-ext-400-normal.woff.gz
- fontsource-aref-ruqaa-ink/4.5.0/files/aref-ruqaa-ink-latin-ext-400-normal.woff2
- fontsource-aref-ruqaa-ink/4.5.0/files/aref-ruqaa-ink-latin-ext-700-normal.woff.br
- fontsource-aref-ruqaa-ink/4.5.0/files/aref-ruqaa-ink-latin-ext-700-normal.woff.gz
- fontsource-aref-ruqaa-ink/4.5.0/files/aref-ruqaa-ink-latin-ext-700-normal.woff2
- fontsource-aref-ruqaa-ink/4.5.0/index.css.br
- fontsource-aref-ruqaa-ink/4.5.0/index.css.gz
- fontsource-aref-ruqaa-ink/4.5.0/index.min.css.br
- fontsource-aref-ruqaa-ink/4.5.0/index.min.css.gz
- fontsource-aref-ruqaa-ink/4.5.0/latin-400.css.br
- fontsource-aref-ruqaa-ink/4.5.0/latin-400.css.gz
- fontsource-aref-ruqaa-ink/4.5.0/latin-400.min.css.br
- fontsource-aref-ruqaa-ink/4.5.0/latin-400.min.css.gz
- fontsource-aref-ruqaa-ink/4.5.0/latin-700.css.br
- fontsource-aref-ruqaa-ink/4.5.0/latin-700.css.gz
- fontsource-aref-ruqaa-ink/4.5.0/latin-700.min.css.br
- fontsource-aref-ruqaa-ink/4.5.0/latin-700.min.css.gz
- fontsource-aref-ruqaa-ink/4.5.0/latin-ext-400.css.br
- fontsource-aref-ruqaa-ink/4.5.0/latin-ext-400.css.gz
- fontsource-aref-ruqaa-ink/4.5.0/latin-ext-400.min.css.br
- fontsource-aref-ruqaa-ink/4.5.0/latin-ext-400.min.css.gz
- fontsource-aref-ruqaa-ink/4.5.0/latin-ext-700.css.br
- fontsource-aref-ruqaa-ink/4.5.0/latin-ext-700.css.gz
- fontsource-aref-ruqaa-ink/4.5.0/latin-ext-700.min.css.br
- fontsource-aref-ruqaa-ink/4.5.0/latin-ext-700.min.css.gz
- fontsource-aref-ruqaa-ink/4.5.0/latin-ext.css.br
- fontsource-aref-ruqaa-ink/4.5.0/latin-ext.css.gz
- fontsource-aref-ruqaa-ink/4.5.0/latin-ext.min.css.br
- fontsource-aref-ruqaa-ink/4.5.0/latin-ext.min.css.gz
- fontsource-aref-ruqaa-ink/4.5.0/latin.css.br
- fontsource-aref-ruqaa-ink/4.5.0/latin.css.gz
- fontsource-aref-ruqaa-ink/4.5.0/latin.min.css.br
- fontsource-aref-ruqaa-ink/4.5.0/latin.min.css.gz
