config: {"authors":[{"name":"andrewtelnov","email":"andrew.telnov@gmail.com"}],"autoupdate":{"source":"npm","target":"survey-react","fileMap":[{"basePath":"","files":["survey*"]}]},"description":"survey.js is a JavaScript Survey Library. It is a modern way to add a survey to your website. It uses JSON for survey metadata and results.","filename":"survey.react.min.js","homepage":"https://surveyjs.org/","keywords":["Survey","JavaScript","Bootstrap","Library","react","react-component"],"license":"MIT","name":"survey-react","repository":{"type":"git","url":"git+https://github.com/andrewtelnov/surveyjs.git"},"author":"andrewtelnov \u003candrew.telnov@gmail.com\u003e"}
KV keys:
- survey-react/1.9.113/survey-react.d.ts.br
- survey-react/1.9.113/survey-react.d.ts.gz
- survey-react/1.9.113/survey.css.br
- survey-react/1.9.113/survey.css.gz
- survey-react/1.9.113/survey.css.map.br
- survey-react/1.9.113/survey.css.map.gz
- survey-react/1.9.113/survey.min.css.br
- survey-react/1.9.113/survey.min.css.gz
- survey-react/1.9.113/survey.react.d.ts.br
- survey-react/1.9.113/survey.react.d.ts.gz
- survey-react/1.9.113/survey.react.js.br
- survey-react/1.9.113/survey.react.js.gz
- survey-react/1.9.113/survey.react.js.map.br
- survey-react/1.9.113/survey.react.js.map.gz
- survey-react/1.9.113/survey.react.min.js.br
- survey-react/1.9.113/survey.react.min.js.gz
SRIs:
- survey-react/1.9.113/survey.css: sha512-ZzfmLphjuverkxLCPvqnk+zRu+HTF+s08qbp3FoZZ6MSxpE1AR/D959Y616xL87vLzRmqJyNwH8AY4yXa7dcxg==
- survey-react/1.9.113/survey.min.css: sha512-sotmJzIx3Dy5WdsSBAz/Y8a8+BQjM1/Om8djyh0F09dqs4viqyNkmEUot9QeLASuwJaHDZrgRLPUeBrr40KhLQ==
- survey-react/1.9.113/survey.react.js: sha512-OoZ3xGJeovv59OCRGWe+GxirM9R5a96BhSq1nMAAqvkbZm67XwvZx97LgKtWblfzsFex8O8mjn9ZfrSMS2ZGiw==
- survey-react/1.9.113/survey.react.min.js: sha512-Xq8tYGBlbyy2fkXM8pGRY6Rs5SfrOaGaD8D/pQrIX6yyaFF9Vpx1Yw4ySoYgZgbuKh276hQr50es+mex9uG6sw==
