config: {"autoupdate":{"source":"npm","target":"antd-mobile","fileMap":[{"basePath":"bundle","files":["*.@(js|css)"]}]},"description":"A configurable Mobile UI specification and React-based implementation.","filename":"antd-mobile.compatible.umd.js","homepage":"http://mobile.ant.design","keywords":["ant","design","react","react-component","component","components","ui","framework","frontend"],"license":"MIT","name":"antd-mobile","repository":{"type":"git","url":"http://github.com/ant-design/ant-design-mobile"}}
KV keys:
- antd-mobile/5.34.0/antd-mobile.cjs.development.js.br
- antd-mobile/5.34.0/antd-mobile.cjs.development.js.gz
- antd-mobile/5.34.0/antd-mobile.cjs.development.min.js.br
- antd-mobile/5.34.0/antd-mobile.cjs.development.min.js.gz
- antd-mobile/5.34.0/antd-mobile.cjs.js.br
- antd-mobile/5.34.0/antd-mobile.cjs.js.gz
- antd-mobile/5.34.0/antd-mobile.cjs.min.js.br
- antd-mobile/5.34.0/antd-mobile.cjs.min.js.gz
- antd-mobile/5.34.0/antd-mobile.compatible.umd.js.br
- antd-mobile/5.34.0/antd-mobile.compatible.umd.js.gz
- antd-mobile/5.34.0/antd-mobile.compatible.umd.min.js.br
- antd-mobile/5.34.0/antd-mobile.compatible.umd.min.js.gz
- antd-mobile/5.34.0/antd-mobile.es.development.js.br
- antd-mobile/5.34.0/antd-mobile.es.development.js.gz
- antd-mobile/5.34.0/antd-mobile.es.development.min.js.br
- antd-mobile/5.34.0/antd-mobile.es.development.min.js.gz
- antd-mobile/5.34.0/antd-mobile.es.js.br
- antd-mobile/5.34.0/antd-mobile.es.js.gz
- antd-mobile/5.34.0/antd-mobile.es.min.js.br
- antd-mobile/5.34.0/antd-mobile.es.min.js.gz
- antd-mobile/5.34.0/antd-mobile.umd.development.js.br
- antd-mobile/5.34.0/antd-mobile.umd.development.js.gz
- antd-mobile/5.34.0/antd-mobile.umd.development.min.js.br
- antd-mobile/5.34.0/antd-mobile.umd.development.min.js.gz
- antd-mobile/5.34.0/antd-mobile.umd.js.br
- antd-mobile/5.34.0/antd-mobile.umd.js.gz
- antd-mobile/5.34.0/antd-mobile.umd.min.js.br
- antd-mobile/5.34.0/antd-mobile.umd.min.js.gz
- antd-mobile/5.34.0/css-vars-patch.css.br
- antd-mobile/5.34.0/css-vars-patch.css.gz
- antd-mobile/5.34.0/css-vars-patch.min.css.br
- antd-mobile/5.34.0/css-vars-patch.min.css.gz
- antd-mobile/5.34.0/style.css.br
- antd-mobile/5.34.0/style.css.gz
- antd-mobile/5.34.0/style.min.css.br
- antd-mobile/5.34.0/style.min.css.gz
SRIs:
- antd-mobile/5.34.0/antd-mobile.umd.development.js: sha512-F5ufDJ9ym+ed36JB1q/YoNK+KQ/2OxMdrI5w46O05tNVtt1NqhkOIGOFxOzu0Ibpgac4F+77e/aZWYxT3yP2gQ==
- antd-mobile/5.34.0/antd-mobile.umd.development.min.js: sha512-/p4+lXU7ioWx3ZrTx+LAaE90ERqZwgi2nrJiMkzN1+gq4EqtQFEowsuebQu7tUaJZbIhQq2xbYyrNd44V6r6fw==
- antd-mobile/5.34.0/antd-mobile.umd.js: sha512-1j5mn4oJ3Q2VNyy5wYXiZbHHZUDZP1MR3dkBDtoqTaLkfadj2CqPx3xzpf5G1bjvgjNJzxKQ6gX77/8gExIvhA==
- antd-mobile/5.34.0/style.css: sha512-l5WUosgZjMWQIllIz6CfZZU4Qv9wTDApIVYKjqmXDkrC5vvS8u7XxRDwfYX18yWb+omeKdpSXX6QiLwJChWjWw==
- antd-mobile/5.34.0/antd-mobile.compatible.umd.js: sha512-fGTlZoOqhGY9mErypnAJH7vgyt1tSic6K0k5yL2YCh5BwjKWTyzMvP7kVghCAfNWgCYzq57Lv6uPxHtLJc8WoQ==
- antd-mobile/5.34.0/antd-mobile.cjs.min.js: sha512-myF4bVrggNZr49KlEw6skDziy94s/bgSqyHmeUA5SoQOenaCWWWbjuCyp4iHbWKxqnEMo5fc8pEWAG9xtDd/XQ==
- antd-mobile/5.34.0/antd-mobile.compatible.umd.min.js: sha512-gPgKwC4ve+5r+80H+pgY1DaPIqREmwNrXao79HXa0C77L7ZT6hAETRb7epAwm0iEdJAZAM+WBlk+Eq9f+xRk9g==
- antd-mobile/5.34.0/antd-mobile.es.development.js: sha512-Zw2Vg08BVSpvhMZhyYhoPpFGf4FNvFx6OhUdO/xLw9voHtWfSNX8h77krv/ez+rJchQq/YImABWiS//jtwzvFg==
- antd-mobile/5.34.0/style.min.css: sha512-qhEWcOTQdMshNRloIUIoVaY9q32BbGuLGPUxDrCD+NE53t0toymnTHxN+nKwItVpmFqturm3n/csTQExcYHT7w==
- antd-mobile/5.34.0/antd-mobile.cjs.development.min.js: sha512-0L3Eijmswj+N7uQz5PoBflo2awJY2Qs/J3Yf+6vvS9lFW4VXKZKEAVGEq1otkWKe+rj4o/GUdrDOr80xup+qUw==
- antd-mobile/5.34.0/antd-mobile.es.development.min.js: sha512-MVfFFmmSMqzp/zQLv8rYyfwfsUZTuVqcF7RXXvg/+h1jbJihGtVRbcLOG7MpBTiEJO1DjQs5W0G1PGd6Q+o9TA==
- antd-mobile/5.34.0/antd-mobile.es.js: sha512-rkRiF6F5X+x+cGbJrdivnN3+yqIbUOUbfHz6Czj6atyaXXyiYnqcjrbyjcRbbNi/sqEMc0ij2edPmu67ApZ9JQ==
- antd-mobile/5.34.0/css-vars-patch.min.css: sha512-KBw2cgl+onQEZIQt8ZICqKPLtnImjcXvE3I9zYg1rfbswU8msfGEdTTfIMNLPTFS1gU1V+bf3XzuO3PQ4ADhGQ==
- antd-mobile/5.34.0/antd-mobile.cjs.development.js: sha512-0q+02GqhF8fufYI0FSSwamXkk2PXUCmFtCH1VdEekqnTcYHvpqLo8IKudUOgZ7JloPGfQdzA45aXgkYwcLA2vw==
- antd-mobile/5.34.0/antd-mobile.es.min.js: sha512-1tkww3cgxr3Mg9C2FX0PTmwuRZA5ajcLmTnXdb6VveqSShYMMuX9xbh0kl5RD8foykhJAzk9ocbhl6KDdKe55g==
- antd-mobile/5.34.0/antd-mobile.umd.min.js: sha512-765mhh58ON31QacTjfkVSQ2Xn+K6mgqfqmBRjmBmoM10TKEHZBCcZY+Eerk8WT2VgVqaFuVzn3BfDVaHx7gb+A==
- antd-mobile/5.34.0/css-vars-patch.css: sha512-bpvwKpUep8QQ7AG+fuS7V3nonU50t16YVIP66TFfOJcu0BEiVbWpX9CDnFs/9rb//9k1LYJo9u5hiXQV/CTlJA==
- antd-mobile/5.34.0/antd-mobile.cjs.js: sha512-TJoRaSIUUQwQimyPbs+UxpJKCWIgih9DkX51noNnfrt9uBwfeCJ9r/KiKPk41pN4H9b4+307ukARttmmnAuQCg==
