Files:
- fontsource-babylonica/5.1.0/400.css.br
- fontsource-babylonica/5.1.0/400.css.gz
- fontsource-babylonica/5.1.0/400.css.sri
- fontsource-babylonica/5.1.0/400.min.css.br
- fontsource-babylonica/5.1.0/400.min.css.gz
- fontsource-babylonica/5.1.0/400.min.css.sri
- fontsource-babylonica/5.1.0/files/babylonica-latin-400-normal.woff.br
- fontsource-babylonica/5.1.0/files/babylonica-latin-400-normal.woff.gz
- fontsource-babylonica/5.1.0/files/babylonica-latin-400-normal.woff2
- fontsource-babylonica/5.1.0/files/babylonica-latin-ext-400-normal.woff.br
- fontsource-babylonica/5.1.0/files/babylonica-latin-ext-400-normal.woff.gz
- fontsource-babylonica/5.1.0/files/babylonica-latin-ext-400-normal.woff2
- fontsource-babylonica/5.1.0/files/babylonica-vietnamese-400-normal.woff.br
- fontsource-babylonica/5.1.0/files/babylonica-vietnamese-400-normal.woff.gz
- fontsource-babylonica/5.1.0/files/babylonica-vietnamese-400-normal.woff2
- fontsource-babylonica/5.1.0/index.css.br
- fontsource-babylonica/5.1.0/index.css.gz
- fontsource-babylonica/5.1.0/index.css.sri
- fontsource-babylonica/5.1.0/index.min.css.br
- fontsource-babylonica/5.1.0/index.min.css.gz
- fontsource-babylonica/5.1.0/index.min.css.sri
- fontsource-babylonica/5.1.0/latin-400.css.br
- fontsource-babylonica/5.1.0/latin-400.css.gz
- fontsource-babylonica/5.1.0/latin-400.css.sri
- fontsource-babylonica/5.1.0/latin-400.min.css.br
- fontsource-babylonica/5.1.0/latin-400.min.css.gz
- fontsource-babylonica/5.1.0/latin-400.min.css.sri
- fontsource-babylonica/5.1.0/latin-ext-400.css.br
- fontsource-babylonica/5.1.0/latin-ext-400.css.gz
- fontsource-babylonica/5.1.0/latin-ext-400.css.sri
- fontsource-babylonica/5.1.0/latin-ext-400.min.css.br
- fontsource-babylonica/5.1.0/latin-ext-400.min.css.gz
- fontsource-babylonica/5.1.0/latin-ext-400.min.css.sri
- fontsource-babylonica/5.1.0/latin-ext.css.br
- fontsource-babylonica/5.1.0/latin-ext.css.gz
- fontsource-babylonica/5.1.0/latin-ext.css.sri
- fontsource-babylonica/5.1.0/latin-ext.min.css.br
- fontsource-babylonica/5.1.0/latin-ext.min.css.gz
- fontsource-babylonica/5.1.0/latin-ext.min.css.sri
- fontsource-babylonica/5.1.0/latin.css.br
- fontsource-babylonica/5.1.0/latin.css.gz
- fontsource-babylonica/5.1.0/latin.css.sri
- fontsource-babylonica/5.1.0/latin.min.css.br
- fontsource-babylonica/5.1.0/latin.min.css.gz
- fontsource-babylonica/5.1.0/latin.min.css.sri
- fontsource-babylonica/5.1.0/vietnamese-400.css.br
- fontsource-babylonica/5.1.0/vietnamese-400.css.gz
- fontsource-babylonica/5.1.0/vietnamese-400.css.sri
- fontsource-babylonica/5.1.0/vietnamese-400.min.css.br
- fontsource-babylonica/5.1.0/vietnamese-400.min.css.gz
- fontsource-babylonica/5.1.0/vietnamese-400.min.css.sri
- fontsource-babylonica/5.1.0/vietnamese.css.br
- fontsource-babylonica/5.1.0/vietnamese.css.gz
- fontsource-babylonica/5.1.0/vietnamese.css.sri
- fontsource-babylonica/5.1.0/vietnamese.min.css.br
- fontsource-babylonica/5.1.0/vietnamese.min.css.gz
- fontsource-babylonica/5.1.0/vietnamese.min.css.sri
