config: {"authors":[{"name":"Facebook"}],"autoupdate":{"source":"npm","target":"react","fileMap":[{"basePath":"dist","files":["**/*"]},{"basePath":"","files":["+(cjs|umd)/**/*"]}],"ignoreVersions":["*-alpha.*[a-z]*","0.0.0-*"]},"description":"React is a JavaScript library for building user interfaces.","filename":"umd/react.production.min.js","homepage":"https://facebook.github.io/react/","keywords":["react","jsx","transformer","view"],"license":"MIT","name":"react","repository":{"type":"git","url":"https://github.com/facebook/react"},"author":"Facebook"}
KV keys:
- react/18.3.0-next-b14d7fa4b-20221209/cjs/react-jsx-dev-runtime.development.js.br
- react/18.3.0-next-b14d7fa4b-20221209/cjs/react-jsx-dev-runtime.development.js.gz
- react/18.3.0-next-b14d7fa4b-20221209/cjs/react-jsx-dev-runtime.development.min.js.br
- react/18.3.0-next-b14d7fa4b-20221209/cjs/react-jsx-dev-runtime.development.min.js.gz
- react/18.3.0-next-b14d7fa4b-20221209/cjs/react-jsx-dev-runtime.production.min.js.br
- react/18.3.0-next-b14d7fa4b-20221209/cjs/react-jsx-dev-runtime.production.min.js.gz
- react/18.3.0-next-b14d7fa4b-20221209/cjs/react-jsx-dev-runtime.profiling.min.js.br
- react/18.3.0-next-b14d7fa4b-20221209/cjs/react-jsx-dev-runtime.profiling.min.js.gz
- react/18.3.0-next-b14d7fa4b-20221209/cjs/react-jsx-runtime.development.js.br
- react/18.3.0-next-b14d7fa4b-20221209/cjs/react-jsx-runtime.development.js.gz
- react/18.3.0-next-b14d7fa4b-20221209/cjs/react-jsx-runtime.development.min.js.br
- react/18.3.0-next-b14d7fa4b-20221209/cjs/react-jsx-runtime.development.min.js.gz
- react/18.3.0-next-b14d7fa4b-20221209/cjs/react-jsx-runtime.production.min.js.br
- react/18.3.0-next-b14d7fa4b-20221209/cjs/react-jsx-runtime.production.min.js.gz
- react/18.3.0-next-b14d7fa4b-20221209/cjs/react-jsx-runtime.profiling.min.js.br
- react/18.3.0-next-b14d7fa4b-20221209/cjs/react-jsx-runtime.profiling.min.js.gz
- react/18.3.0-next-b14d7fa4b-20221209/cjs/react.development.js.br
- react/18.3.0-next-b14d7fa4b-20221209/cjs/react.development.js.gz
- react/18.3.0-next-b14d7fa4b-20221209/cjs/react.development.min.js.br
- react/18.3.0-next-b14d7fa4b-20221209/cjs/react.development.min.js.gz
- react/18.3.0-next-b14d7fa4b-20221209/cjs/react.production.min.js.br
- react/18.3.0-next-b14d7fa4b-20221209/cjs/react.production.min.js.gz
- react/18.3.0-next-b14d7fa4b-20221209/cjs/react.shared-subset.development.js.br
- react/18.3.0-next-b14d7fa4b-20221209/cjs/react.shared-subset.development.js.gz
- react/18.3.0-next-b14d7fa4b-20221209/cjs/react.shared-subset.development.min.js.br
- react/18.3.0-next-b14d7fa4b-20221209/cjs/react.shared-subset.development.min.js.gz
- react/18.3.0-next-b14d7fa4b-20221209/cjs/react.shared-subset.production.min.js.br
- react/18.3.0-next-b14d7fa4b-20221209/cjs/react.shared-subset.production.min.js.gz
- react/18.3.0-next-b14d7fa4b-20221209/umd/react.development.js.br
- react/18.3.0-next-b14d7fa4b-20221209/umd/react.development.js.gz
- react/18.3.0-next-b14d7fa4b-20221209/umd/react.development.min.js.br
- react/18.3.0-next-b14d7fa4b-20221209/umd/react.development.min.js.gz
- react/18.3.0-next-b14d7fa4b-20221209/umd/react.production.min.js.br
- react/18.3.0-next-b14d7fa4b-20221209/umd/react.production.min.js.gz
- react/18.3.0-next-b14d7fa4b-20221209/umd/react.profiling.min.js.br
- react/18.3.0-next-b14d7fa4b-20221209/umd/react.profiling.min.js.gz
SRIs:
- react/18.3.0-next-b14d7fa4b-20221209/cjs/react-jsx-dev-runtime.development.js: sha512-HQ75zqRCv4v4rUECq/9LPnnfNPSjtPXZrxdLiC4pGpRZ50wKBQKZP/GLc12iYL5vOR1FtRz1gHg++qp6D/DddQ==
- react/18.3.0-next-b14d7fa4b-20221209/cjs/react-jsx-runtime.development.js: sha512-27hFeUiL4TC4j0YSyj1GeKgyIq0KBhyS7MBcW2hOIb5z9zR4vgK16G2PkUGwOEMDfZEyfqCCKEaUAVTpjwvqYg==
- react/18.3.0-next-b14d7fa4b-20221209/cjs/react-jsx-runtime.profiling.min.js: sha512-KQS3J6VACPrTCZpaf4V3VyG/P7yslDre5iqKpdKhupBLWBuqdoK1tX3CkYhwbA2BIY8f6UJ1QCAooXmWHUU2oA==
- react/18.3.0-next-b14d7fa4b-20221209/umd/react.production.min.js: sha512-cxVx7bAg7huzMv8nF74iRE41oXQmdSM1jqP3jq/AlAJ8C2vN4fkXAGEamPrzl/MnqaWFOgD3ihP83gzNRhON9g==
- react/18.3.0-next-b14d7fa4b-20221209/cjs/react-jsx-runtime.production.min.js: sha512-FoEFfFWcGA0+5NKNEF9Bh0W1gal5nlM1vCoAFKRa9WQQ3c06RibOK03hEcwRuJJHRAf3Xl1q8oabiHSwSZVA8A==
- react/18.3.0-next-b14d7fa4b-20221209/cjs/react.shared-subset.development.js: sha512-ymbzC99SM/+W1HBl7f9NKoF1p1qJQ7h+ndSwKElk/5P5KVbM5g639xuwyp4jlwJyAc/RFQJ9lLi+Ie+foeJcqA==
- react/18.3.0-next-b14d7fa4b-20221209/umd/react.development.min.js: sha512-/BUHyVHUJXQkf8MhwNEqprrwLmebFSWRcY52REPsMapAKGT63ZHJ0A3OFUcEs0BHx2kukolHqWYr2ASmTTrmig==
- react/18.3.0-next-b14d7fa4b-20221209/cjs/react-jsx-dev-runtime.development.min.js: sha512-iGQ6rhiKYcKr46vHJ0SxwxrePNIpPUjNDEkkyQkzJj8NnJM8DLvIFdX010s3J34gFy++hVb7UZNnBY7UaBn+XQ==
- react/18.3.0-next-b14d7fa4b-20221209/cjs/react-jsx-dev-runtime.profiling.min.js: sha512-U7HGYPHm082ccJHjbVAkDsf5YlzPuWnuBz8h11LV1kRsDEqacNccJltyO8fQ9R1DGAs1CAwENyASt26r23jeiw==
- react/18.3.0-next-b14d7fa4b-20221209/cjs/react.development.js: sha512-61boM3Eu1N6WV5c2h5MwaEDirlplOT8IVJjQv8nxP7TbikvirL5Qqwc7MrsklZQan59Aerna/DfK9qf2zHk0Tg==
- react/18.3.0-next-b14d7fa4b-20221209/cjs/react.development.min.js: sha512-f5lyxicSfiaAbPZ6YGyGqDNG2hceuxstCvjShS2lCRAhkCQyH5mPkatNwmM1zhYJSOulNfxwBqmfEO7FwVXvGg==
- react/18.3.0-next-b14d7fa4b-20221209/cjs/react.production.min.js: sha512-zrtiuLhq+NtsA9ezKb0aH7Rp5AHuKHGTa/8vtgmx6pgPqZj19QRKJkmG6vZBXwNjBFVEwJlw8gQoGEu8hKgZaQ==
- react/18.3.0-next-b14d7fa4b-20221209/cjs/react.shared-subset.development.min.js: sha512-mvBqWGOeQlEh3av4BGa7vzyxmeiucJLhOQaVfL2YQOeJQddmNhLg0NdwTNK8BVTXgxzDJIpP8XFPS7HZE1BLYA==
- react/18.3.0-next-b14d7fa4b-20221209/cjs/react.shared-subset.production.min.js: sha512-sXKuCMZKvWKyrtg2C7n+DaGJNpX/wjFQjBqedRnjvKqaVSc7M1f6SmBmS5KiEPF07fuQ0cq4nthQknOWykDUOg==
- react/18.3.0-next-b14d7fa4b-20221209/umd/react.profiling.min.js: sha512-00h+l0jjb5+PeL2YP6VG3uT2MOmm4wHfQhuf5W0+pgwo6obu0j2tw/c3YO57AGMXV0F1hWWdV8IiK9aFLIQ9tQ==
- react/18.3.0-next-b14d7fa4b-20221209/cjs/react-jsx-dev-runtime.production.min.js: sha512-s/r0YBh4TcQEFjooIz7x7zPYvZ98gwYuKHgPB3xhcDaxTPPxAIoicyUsV0q5rMaYLrqCQNo9pheRJi1e9lEOSQ==
- react/18.3.0-next-b14d7fa4b-20221209/cjs/react-jsx-runtime.development.min.js: sha512-v3x5YKFpCeowi9NG9ziNKw7RE8aBtYfqhW37oczjvc+oUnJOc6Az5XxaBn4ukXkVD2RYbtc0lHos3Ca3HgqdJA==
- react/18.3.0-next-b14d7fa4b-20221209/umd/react.development.js: sha512-zoRf2YLejhIAlYBsxK/ivaklpPKmCaBFdLuDnDVybiVZ0gTN4MzS7Ml7N05gNv1NnYMwF2sS8+XQYsjYgBU9wQ==
