Files:
- fontsource-wire-one/5.0.0/400.css.br
- fontsource-wire-one/5.0.0/400.css.gz
- fontsource-wire-one/5.0.0/400.min.css.br
- fontsource-wire-one/5.0.0/400.min.css.gz
- fontsource-wire-one/5.0.0/files/wire-one-latin-400-normal.woff.br
- fontsource-wire-one/5.0.0/files/wire-one-latin-400-normal.woff.gz
- fontsource-wire-one/5.0.0/files/wire-one-latin-400-normal.woff2
- fontsource-wire-one/5.0.0/index.css.br
- fontsource-wire-one/5.0.0/index.css.gz
- fontsource-wire-one/5.0.0/index.min.css.br
- fontsource-wire-one/5.0.0/index.min.css.gz
- fontsource-wire-one/5.0.0/latin-400.css.br
- fontsource-wire-one/5.0.0/latin-400.css.gz
- fontsource-wire-one/5.0.0/latin-400.min.css.br
- fontsource-wire-one/5.0.0/latin-400.min.css.gz
- fontsource-wire-one/5.0.0/latin.css.br
- fontsource-wire-one/5.0.0/latin.css.gz
- fontsource-wire-one/5.0.0/latin.min.css.br
- fontsource-wire-one/5.0.0/latin.min.css.gz
