config: {"authors":[{"name":"Google Inc."}],"autoupdate":{"source":"npm","target":"@fontsource/noto-sans-old-north-arabian","fileMap":[{"basePath":"","files":["*.css","files/*.@(woff|woff2)"]}],"excludeFromSearch":true},"description":"Self-host the Noto Sans Old North Arabian font in a neatly bundled NPM package.","filename":"index.css","homepage":"https://fontsource.org/fonts/noto-sans-old-north-arabian","keywords":["fontsource","font","font family","google fonts","noto-sans-old-north-arabian","Noto Sans Old North Arabian","css","sass","front-end","web","typeface","variable"],"license":"OFL-1.1","name":"fontsource-noto-sans-old-north-arabian","repository":{"type":"git","url":"git+https://github.com/fontsource/font-files.git"},"author":"Google Inc."}
KV keys:
- fontsource-noto-sans-old-north-arabian/5.0.7/400.css.br
- fontsource-noto-sans-old-north-arabian/5.0.7/400.css.gz
- fontsource-noto-sans-old-north-arabian/5.0.7/400.min.css.br
- fontsource-noto-sans-old-north-arabian/5.0.7/400.min.css.gz
- fontsource-noto-sans-old-north-arabian/5.0.7/files/noto-sans-old-north-arabian-latin-400-normal.woff.br
- fontsource-noto-sans-old-north-arabian/5.0.7/files/noto-sans-old-north-arabian-latin-400-normal.woff.gz
- fontsource-noto-sans-old-north-arabian/5.0.7/files/noto-sans-old-north-arabian-latin-400-normal.woff2
- fontsource-noto-sans-old-north-arabian/5.0.7/files/noto-sans-old-north-arabian-latin-ext-400-normal.woff.br
- fontsource-noto-sans-old-north-arabian/5.0.7/files/noto-sans-old-north-arabian-latin-ext-400-normal.woff.gz
- fontsource-noto-sans-old-north-arabian/5.0.7/files/noto-sans-old-north-arabian-latin-ext-400-normal.woff2
- fontsource-noto-sans-old-north-arabian/5.0.7/files/noto-sans-old-north-arabian-old-north-arabian-400-normal.woff.br
- fontsource-noto-sans-old-north-arabian/5.0.7/files/noto-sans-old-north-arabian-old-north-arabian-400-normal.woff.gz
- fontsource-noto-sans-old-north-arabian/5.0.7/files/noto-sans-old-north-arabian-old-north-arabian-400-normal.woff2
- fontsource-noto-sans-old-north-arabian/5.0.7/index.css.br
- fontsource-noto-sans-old-north-arabian/5.0.7/index.css.gz
- fontsource-noto-sans-old-north-arabian/5.0.7/index.min.css.br
- fontsource-noto-sans-old-north-arabian/5.0.7/index.min.css.gz
- fontsource-noto-sans-old-north-arabian/5.0.7/old-north-arabian-400.css.br
- fontsource-noto-sans-old-north-arabian/5.0.7/old-north-arabian-400.css.gz
- fontsource-noto-sans-old-north-arabian/5.0.7/old-north-arabian-400.min.css.br
- fontsource-noto-sans-old-north-arabian/5.0.7/old-north-arabian-400.min.css.gz
- fontsource-noto-sans-old-north-arabian/5.0.7/old-north-arabian.css.br
- fontsource-noto-sans-old-north-arabian/5.0.7/old-north-arabian.css.gz
- fontsource-noto-sans-old-north-arabian/5.0.7/old-north-arabian.min.css.br
- fontsource-noto-sans-old-north-arabian/5.0.7/old-north-arabian.min.css.gz
SRIs:
- fontsource-noto-sans-old-north-arabian/5.0.7/old-north-arabian-400.min.css: sha512-qE9rlPp1iUyW8/TE4JOYh79zlzijE+CFzdACP4haF9OcMCE5dIk+G2CDEqO9d58F4KrD3eEPfDeW/A8grSQotw==
- fontsource-noto-sans-old-north-arabian/5.0.7/old-north-arabian.css: sha512-w4C5IIt5pvS2qPXrw0lCaJbf/tHHPTC6ZMdnpwRqHZpxJLad5ND+ZGkDEoycKzEVrb+RRQpt3tgzFBhsNCP1YA==
- fontsource-noto-sans-old-north-arabian/5.0.7/old-north-arabian.min.css: sha512-qE9rlPp1iUyW8/TE4JOYh79zlzijE+CFzdACP4haF9OcMCE5dIk+G2CDEqO9d58F4KrD3eEPfDeW/A8grSQotw==
- fontsource-noto-sans-old-north-arabian/5.0.7/400.css: sha512-7DeFPnHXiC0lcee+zYjMlGznL39Oj+dUjDbUtIQjv040GDSazR2XZS+eDEleXyfrTNGlCW0aLTPjmjfT2xE3aQ==
- fontsource-noto-sans-old-north-arabian/5.0.7/400.min.css: sha512-XeA2fDmFr9a+h0u2EVc6GSyDSIl7nuBGZbE6S4WBE7v9O4+K0Y/b7xs6JqJFTcDNe7e2ZWes0Up343RYEGgFVQ==
- fontsource-noto-sans-old-north-arabian/5.0.7/index.css: sha512-7DeFPnHXiC0lcee+zYjMlGznL39Oj+dUjDbUtIQjv040GDSazR2XZS+eDEleXyfrTNGlCW0aLTPjmjfT2xE3aQ==
- fontsource-noto-sans-old-north-arabian/5.0.7/index.min.css: sha512-XeA2fDmFr9a+h0u2EVc6GSyDSIl7nuBGZbE6S4WBE7v9O4+K0Y/b7xs6JqJFTcDNe7e2ZWes0Up343RYEGgFVQ==
- fontsource-noto-sans-old-north-arabian/5.0.7/old-north-arabian-400.css: sha512-w4C5IIt5pvS2qPXrw0lCaJbf/tHHPTC6ZMdnpwRqHZpxJLad5ND+ZGkDEoycKzEVrb+RRQpt3tgzFBhsNCP1YA==
