config: {"authors":[{"name":"Google Inc."}],"autoupdate":{"source":"npm","target":"@fontsource/mystery-quest","fileMap":[{"basePath":"","files":["*.css","files/*.@(woff|woff2)"]}],"excludeFromSearch":true},"description":"Self-host the Mystery Quest font in a neatly bundled NPM package.","filename":"index.css","homepage":"https://fontsource.org/fonts/mystery-quest","keywords":["fontsource","font","font family","google fonts","mystery-quest","Mystery Quest","css","sass","front-end","web","typeface","variable"],"license":"OFL-1.1","name":"fontsource-mystery-quest","repository":{"type":"git","url":"git+https://github.com/fontsource/font-files.git"},"author":"Google Inc."}
KV keys:
- fontsource-mystery-quest/4.5.11/400.css.br
- fontsource-mystery-quest/4.5.11/400.css.gz
- fontsource-mystery-quest/4.5.11/400.min.css.br
- fontsource-mystery-quest/4.5.11/400.min.css.gz
- fontsource-mystery-quest/4.5.11/files/mystery-quest-all-400-normal.woff.br
- fontsource-mystery-quest/4.5.11/files/mystery-quest-all-400-normal.woff.gz
- fontsource-mystery-quest/4.5.11/files/mystery-quest-latin-400-normal.woff.br
- fontsource-mystery-quest/4.5.11/files/mystery-quest-latin-400-normal.woff.gz
- fontsource-mystery-quest/4.5.11/files/mystery-quest-latin-400-normal.woff2
- fontsource-mystery-quest/4.5.11/files/mystery-quest-latin-ext-400-normal.woff.br
- fontsource-mystery-quest/4.5.11/files/mystery-quest-latin-ext-400-normal.woff.gz
- fontsource-mystery-quest/4.5.11/files/mystery-quest-latin-ext-400-normal.woff2
- fontsource-mystery-quest/4.5.11/index.css.br
- fontsource-mystery-quest/4.5.11/index.css.gz
- fontsource-mystery-quest/4.5.11/index.min.css.br
- fontsource-mystery-quest/4.5.11/index.min.css.gz
- fontsource-mystery-quest/4.5.11/latin-400.css.br
- fontsource-mystery-quest/4.5.11/latin-400.css.gz
- fontsource-mystery-quest/4.5.11/latin-400.min.css.br
- fontsource-mystery-quest/4.5.11/latin-400.min.css.gz
- fontsource-mystery-quest/4.5.11/latin-ext-400.css.br
- fontsource-mystery-quest/4.5.11/latin-ext-400.css.gz
- fontsource-mystery-quest/4.5.11/latin-ext-400.min.css.br
- fontsource-mystery-quest/4.5.11/latin-ext-400.min.css.gz
- fontsource-mystery-quest/4.5.11/latin-ext.css.br
- fontsource-mystery-quest/4.5.11/latin-ext.css.gz
- fontsource-mystery-quest/4.5.11/latin-ext.min.css.br
- fontsource-mystery-quest/4.5.11/latin-ext.min.css.gz
- fontsource-mystery-quest/4.5.11/latin.css.br
- fontsource-mystery-quest/4.5.11/latin.css.gz
- fontsource-mystery-quest/4.5.11/latin.min.css.br
- fontsource-mystery-quest/4.5.11/latin.min.css.gz
SRIs:
- fontsource-mystery-quest/4.5.11/latin-400.css: sha512-nqXmg3coflKfOl0pMf3mh6lxivPiNSp/puhO3g6j4yuE0ASc4bEGAl7jHSB97PuURHZ3OoWYIn/yQcHaVJTIaw==
- fontsource-mystery-quest/4.5.11/latin-ext-400.css: sha512-v/wIU074Ptm+bvBfpmyKdSaJY9kjZV03Yw1pKONFkt6tWXiGncGUSAg/aR6Y6DWS9dJ907Tbirk2vH+vB9jIWQ==
- fontsource-mystery-quest/4.5.11/latin-ext.css: sha512-v/wIU074Ptm+bvBfpmyKdSaJY9kjZV03Yw1pKONFkt6tWXiGncGUSAg/aR6Y6DWS9dJ907Tbirk2vH+vB9jIWQ==
- fontsource-mystery-quest/4.5.11/latin-ext.min.css: sha512-IaiTHH96/2GVuBnt89b5E30qh2deCqRZUmmR48jYhDGMzlFmZFJ/F+YuVXU5ES3kdNh26nBxAuDb5N3w4+vjow==
- fontsource-mystery-quest/4.5.11/latin.css: sha512-nqXmg3coflKfOl0pMf3mh6lxivPiNSp/puhO3g6j4yuE0ASc4bEGAl7jHSB97PuURHZ3OoWYIn/yQcHaVJTIaw==
- fontsource-mystery-quest/4.5.11/400.css: sha512-YK0teSVnpd2FxhsaMYTLgOQ+6Kap4TamnnzwSgTHQOoFcFTzkoaHu7BfKgp3OlnWKgmPXEBSH7YfX9xvaGT7Eg==
- fontsource-mystery-quest/4.5.11/400.min.css: sha512-CItA6r6MHhMg6GwJBsyJEEzk+oqixv+ipHDsBUI2czFuwYh0XUKwLEVmSxXbYwMvqmcN0FqPVSkiBtuL1ebYRw==
- fontsource-mystery-quest/4.5.11/index.css: sha512-YK0teSVnpd2FxhsaMYTLgOQ+6Kap4TamnnzwSgTHQOoFcFTzkoaHu7BfKgp3OlnWKgmPXEBSH7YfX9xvaGT7Eg==
- fontsource-mystery-quest/4.5.11/latin.min.css: sha512-Jh4+HKbrh29MsvWElsQHjjsm6NtgpwkD4iWBv9omVeNXdkv8WjB8yg5O6umT0yWVhVAc4r2OVP+SOjpQ7epX7Q==
- fontsource-mystery-quest/4.5.11/index.min.css: sha512-CItA6r6MHhMg6GwJBsyJEEzk+oqixv+ipHDsBUI2czFuwYh0XUKwLEVmSxXbYwMvqmcN0FqPVSkiBtuL1ebYRw==
- fontsource-mystery-quest/4.5.11/latin-400.min.css: sha512-Jh4+HKbrh29MsvWElsQHjjsm6NtgpwkD4iWBv9omVeNXdkv8WjB8yg5O6umT0yWVhVAc4r2OVP+SOjpQ7epX7Q==
- fontsource-mystery-quest/4.5.11/latin-ext-400.min.css: sha512-IaiTHH96/2GVuBnt89b5E30qh2deCqRZUmmR48jYhDGMzlFmZFJ/F+YuVXU5ES3kdNh26nBxAuDb5N3w4+vjow==
