config: {"authors":[{"name":"Google Inc."}],"autoupdate":{"source":"npm","target":"@fontsource/biz-udpgothic","fileMap":[{"basePath":"","files":["*.css","files/*.@(woff|woff2)"]}],"excludeFromSearch":true},"description":"Self-host the BIZ UDPGothic font in a neatly bundled NPM package.","filename":"index.css","homepage":"https://fontsource.org/fonts/biz-udpgothic","keywords":["fontsource","font","font family","google fonts","biz-udpgothic","BIZ UDPGothic","css","sass","front-end","web","typeface","variable"],"license":"OFL-1.1","name":"fontsource-biz-udpgothic","repository":{"type":"git","url":"git+https://github.com/fontsource/font-files.git"},"author":"Google Inc."}
KV keys:
- fontsource-biz-udpgothic/5.0.4/400.css.br
- fontsource-biz-udpgothic/5.0.4/400.css.gz
- fontsource-biz-udpgothic/5.0.4/400.min.css.br
- fontsource-biz-udpgothic/5.0.4/400.min.css.gz
- fontsource-biz-udpgothic/5.0.4/700.css.br
- fontsource-biz-udpgothic/5.0.4/700.css.gz
- fontsource-biz-udpgothic/5.0.4/700.min.css.br
- fontsource-biz-udpgothic/5.0.4/700.min.css.gz
- fontsource-biz-udpgothic/5.0.4/cyrillic-400.css.br
- fontsource-biz-udpgothic/5.0.4/cyrillic-400.css.gz
- fontsource-biz-udpgothic/5.0.4/cyrillic-400.min.css.br
- fontsource-biz-udpgothic/5.0.4/cyrillic-400.min.css.gz
- fontsource-biz-udpgothic/5.0.4/cyrillic-700.css.br
- fontsource-biz-udpgothic/5.0.4/cyrillic-700.css.gz
- fontsource-biz-udpgothic/5.0.4/cyrillic-700.min.css.br
- fontsource-biz-udpgothic/5.0.4/cyrillic-700.min.css.gz
- fontsource-biz-udpgothic/5.0.4/cyrillic.css.br
- fontsource-biz-udpgothic/5.0.4/cyrillic.css.gz
- fontsource-biz-udpgothic/5.0.4/cyrillic.min.css.br
- fontsource-biz-udpgothic/5.0.4/cyrillic.min.css.gz
- fontsource-biz-udpgothic/5.0.4/files/biz-udpgothic-0-400-normal.woff.br
- fontsource-biz-udpgothic/5.0.4/files/biz-udpgothic-0-400-normal.woff.gz
- fontsource-biz-udpgothic/5.0.4/files/biz-udpgothic-0-400-normal.woff2
- fontsource-biz-udpgothic/5.0.4/files/biz-udpgothic-0-700-normal.woff.br
- fontsource-biz-udpgothic/5.0.4/files/biz-udpgothic-0-700-normal.woff.gz
- fontsource-biz-udpgothic/5.0.4/files/biz-udpgothic-0-700-normal.woff2
- fontsource-biz-udpgothic/5.0.4/files/biz-udpgothic-1-400-normal.woff.br
- fontsource-biz-udpgothic/5.0.4/files/biz-udpgothic-1-400-normal.woff.gz
- fontsource-biz-udpgothic/5.0.4/files/biz-udpgothic-1-400-normal.woff2
- fontsource-biz-udpgothic/5.0.4/files/biz-udpgothic-1-700-normal.woff.br
- fontsource-biz-udpgothic/5.0.4/files/biz-udpgothic-1-700-normal.woff.gz
- fontsource-biz-udpgothic/5.0.4/files/biz-udpgothic-1-700-normal.woff2
- fontsource-biz-udpgothic/5.0.4/files/biz-udpgothic-10-400-normal.woff.br
- fontsource-biz-udpgothic/5.0.4/files/biz-udpgothic-10-400-normal.woff.gz
- fontsource-biz-udpgothic/5.0.4/files/biz-udpgothic-10-400-normal.woff2
- fontsource-biz-udpgothic/5.0.4/files/biz-udpgothic-10-700-normal.woff.br
- fontsource-biz-udpgothic/5.0.4/files/biz-udpgothic-10-700-normal.woff.gz
- fontsource-biz-udpgothic/5.0.4/files/biz-udpgothic-10-700-normal.woff2
- fontsource-biz-udpgothic/5.0.4/files/biz-udpgothic-100-400-normal.woff.br
- fontsource-biz-udpgothic/5.0.4/files/biz-udpgothic-100-400-normal.woff.gz
- fontsource-biz-udpgothic/5.0.4/files/biz-udpgothic-100-400-normal.woff2
- fontsource-biz-udpgothic/5.0.4/files/biz-udpgothic-100-700-normal.woff.br
- fontsource-biz-udpgothic/5.0.4/files/biz-udpgothic-100-700-normal.woff.gz
- fontsource-biz-udpgothic/5.0.4/files/biz-udpgothic-100-700-normal.woff2
- fontsource-biz-udpgothic/5.0.4/files/biz-udpgothic-101-400-normal.woff.br
- fontsource-biz-udpgothic/5.0.4/files/biz-udpgothic-101-400-normal.woff.gz
- fontsource-biz-udpgothic/5.0.4/files/biz-udpgothic-101-400-normal.woff2
- fontsource-biz-udpgothic/5.0.4/files/biz-udpgothic-101-700-normal.woff.br
- fontsource-biz-udpgothic/5.0.4/files/biz-udpgothic-101-700-normal.woff.gz
- fontsource-biz-udpgothic/5.0.4/files/biz-udpgothic-101-700-normal.woff2
- fontsource-biz-udpgothic/5.0.4/files/biz-udpgothic-102-400-normal.woff.br
- fontsource-biz-udpgothic/5.0.4/files/biz-udpgothic-102-400-normal.woff.gz
- fontsource-biz-udpgothic/5.0.4/files/biz-udpgothic-102-400-normal.woff2
- fontsource-biz-udpgothic/5.0.4/files/biz-udpgothic-102-700-normal.woff.br
- fontsource-biz-udpgothic/5.0.4/files/biz-udpgothic-102-700-normal.woff.gz
- fontsource-biz-udpgothic/5.0.4/files/biz-udpgothic-102-700-normal.woff2
- fontsource-biz-udpgothic/5.0.4/files/biz-udpgothic-103-400-normal.woff.br
- fontsource-biz-udpgothic/5.0.4/files/biz-udpgothic-103-400-normal.woff.gz
- fontsource-biz-udpgothic/5.0.4/files/biz-udpgothic-103-400-normal.woff2
- fontsource-biz-udpgothic/5.0.4/files/biz-udpgothic-103-700-normal.woff.br
- fontsource-biz-udpgothic/5.0.4/files/biz-udpgothic-103-700-normal.woff.gz
- fontsource-biz-udpgothic/5.0.4/files/biz-udpgothic-103-700-normal.woff2
- fontsource-biz-udpgothic/5.0.4/files/biz-udpgothic-104-400-normal.woff.br
- fontsource-biz-udpgothic/5.0.4/files/biz-udpgothic-104-400-normal.woff.gz
- fontsource-biz-udpgothic/5.0.4/files/biz-udpgothic-104-400-normal.woff2
- fontsource-biz-udpgothic/5.0.4/files/biz-udpgothic-104-700-normal.woff.br
- fontsource-biz-udpgothic/5.0.4/files/biz-udpgothic-104-700-normal.woff.gz
- fontsource-biz-udpgothic/5.0.4/files/biz-udpgothic-104-700-normal.woff2
- fontsource-biz-udpgothic/5.0.4/files/biz-udpgothic-105-400-normal.woff.br
- fontsource-biz-udpgothic/5.0.4/files/biz-udpgothic-105-400-normal.woff.gz
- fontsource-biz-udpgothic/5.0.4/files/biz-udpgothic-105-400-normal.woff2
- fontsource-biz-udpgothic/5.0.4/files/biz-udpgothic-105-700-normal.woff.br
- fontsource-biz-udpgothic/5.0.4/files/biz-udpgothic-105-700-normal.woff.gz
- fontsource-biz-udpgothic/5.0.4/files/biz-udpgothic-105-700-normal.woff2
- fontsource-biz-udpgothic/5.0.4/files/biz-udpgothic-106-400-normal.woff.br
- fontsource-biz-udpgothic/5.0.4/files/biz-udpgothic-106-400-normal.woff.gz
- fontsource-biz-udpgothic/5.0.4/files/biz-udpgothic-106-400-normal.woff2
- fontsource-biz-udpgothic/5.0.4/files/biz-udpgothic-106-700-normal.woff.br
- fontsource-biz-udpgothic/5.0.4/files/biz-udpgothic-106-700-normal.woff.gz
- fontsource-biz-udpgothic/5.0.4/files/biz-udpgothic-106-700-normal.woff2
- fontsource-biz-udpgothic/5.0.4/files/biz-udpgothic-107-400-normal.woff.br
- fontsource-biz-udpgothic/5.0.4/files/biz-udpgothic-107-400-normal.woff.gz
- fontsource-biz-udpgothic/5.0.4/files/biz-udpgothic-107-400-normal.woff2
- fontsource-biz-udpgothic/5.0.4/files/biz-udpgothic-107-700-normal.woff.br
- fontsource-biz-udpgothic/5.0.4/files/biz-udpgothic-107-700-normal.woff.gz
- fontsource-biz-udpgothic/5.0.4/files/biz-udpgothic-107-700-normal.woff2
- fontsource-biz-udpgothic/5.0.4/files/biz-udpgothic-108-400-normal.woff.br
- fontsource-biz-udpgothic/5.0.4/files/biz-udpgothic-108-400-normal.woff.gz
- fontsource-biz-udpgothic/5.0.4/files/biz-udpgothic-108-400-normal.woff2
- fontsource-biz-udpgothic/5.0.4/files/biz-udpgothic-108-700-normal.woff.br
- fontsource-biz-udpgothic/5.0.4/files/biz-udpgothic-108-700-normal.woff.gz
- fontsource-biz-udpgothic/5.0.4/files/biz-udpgothic-108-700-normal.woff2
- fontsource-biz-udpgothic/5.0.4/files/biz-udpgothic-109-400-normal.woff.br
- fontsource-biz-udpgothic/5.0.4/files/biz-udpgothic-109-400-normal.woff.gz
- fontsource-biz-udpgothic/5.0.4/files/biz-udpgothic-109-400-normal.woff2
- fontsource-biz-udpgothic/5.0.4/files/biz-udpgothic-109-700-normal.woff.br
- fontsource-biz-udpgothic/5.0.4/files/biz-udpgothic-109-700-normal.woff.gz
- fontsource-biz-udpgothic/5.0.4/files/biz-udpgothic-109-700-normal.woff2
- fontsource-biz-udpgothic/5.0.4/files/biz-udpgothic-11-400-normal.woff.br
- fontsource-biz-udpgothic/5.0.4/files/biz-udpgothic-11-400-normal.woff.gz
- fontsource-biz-udpgothic/5.0.4/files/biz-udpgothic-11-400-normal.woff2
- fontsource-biz-udpgothic/5.0.4/files/biz-udpgothic-11-700-normal.woff.br
- fontsource-biz-udpgothic/5.0.4/files/biz-udpgothic-11-700-normal.woff.gz
- fontsource-biz-udpgothic/5.0.4/files/biz-udpgothic-11-700-normal.woff2
- fontsource-biz-udpgothic/5.0.4/files/biz-udpgothic-110-400-normal.woff.br
- fontsource-biz-udpgothic/5.0.4/files/biz-udpgothic-110-400-normal.woff.gz
- fontsource-biz-udpgothic/5.0.4/files/biz-udpgothic-110-400-normal.woff2
- fontsource-biz-udpgothic/5.0.4/files/biz-udpgothic-110-700-normal.woff.br
- fontsource-biz-udpgothic/5.0.4/files/biz-udpgothic-110-700-normal.woff.gz
- fontsource-biz-udpgothic/5.0.4/files/biz-udpgothic-110-700-normal.woff2
- fontsource-biz-udpgothic/5.0.4/files/biz-udpgothic-111-400-normal.woff.br
- fontsource-biz-udpgothic/5.0.4/files/biz-udpgothic-111-400-normal.woff.gz
- fontsource-biz-udpgothic/5.0.4/files/biz-udpgothic-111-400-normal.woff2
- fontsource-biz-udpgothic/5.0.4/files/biz-udpgothic-111-700-normal.woff.br
- fontsource-biz-udpgothic/5.0.4/files/biz-udpgothic-111-700-normal.woff.gz
- fontsource-biz-udpgothic/5.0.4/files/biz-udpgothic-111-700-normal.woff2
- fontsource-biz-udpgothic/5.0.4/files/biz-udpgothic-112-400-normal.woff.br
- fontsource-biz-udpgothic/5.0.4/files/biz-udpgothic-112-400-normal.woff.gz
- fontsource-biz-udpgothic/5.0.4/files/biz-udpgothic-112-400-normal.woff2
- fontsource-biz-udpgothic/5.0.4/files/biz-udpgothic-112-700-normal.woff.br
- fontsource-biz-udpgothic/5.0.4/files/biz-udpgothic-112-700-normal.woff.gz
- fontsource-biz-udpgothic/5.0.4/files/biz-udpgothic-112-700-normal.woff2
- fontsource-biz-udpgothic/5.0.4/files/biz-udpgothic-113-400-normal.woff.br
- fontsource-biz-udpgothic/5.0.4/files/biz-udpgothic-113-400-normal.woff.gz
- fontsource-biz-udpgothic/5.0.4/files/biz-udpgothic-113-400-normal.woff2
- fontsource-biz-udpgothic/5.0.4/files/biz-udpgothic-113-700-normal.woff.br
- fontsource-biz-udpgothic/5.0.4/files/biz-udpgothic-113-700-normal.woff.gz
- fontsource-biz-udpgothic/5.0.4/files/biz-udpgothic-113-700-normal.woff2
- fontsource-biz-udpgothic/5.0.4/files/biz-udpgothic-114-400-normal.woff.br
- fontsource-biz-udpgothic/5.0.4/files/biz-udpgothic-114-400-normal.woff.gz
- fontsource-biz-udpgothic/5.0.4/files/biz-udpgothic-114-400-normal.woff2
- fontsource-biz-udpgothic/5.0.4/files/biz-udpgothic-114-700-normal.woff.br
- fontsource-biz-udpgothic/5.0.4/files/biz-udpgothic-114-700-normal.woff.gz
- fontsource-biz-udpgothic/5.0.4/files/biz-udpgothic-114-700-normal.woff2
- fontsource-biz-udpgothic/5.0.4/files/biz-udpgothic-115-400-normal.woff.br
- fontsource-biz-udpgothic/5.0.4/files/biz-udpgothic-115-400-normal.woff.gz
- fontsource-biz-udpgothic/5.0.4/files/biz-udpgothic-115-400-normal.woff2
- fontsource-biz-udpgothic/5.0.4/files/biz-udpgothic-115-700-normal.woff.br
- fontsource-biz-udpgothic/5.0.4/files/biz-udpgothic-115-700-normal.woff.gz
- fontsource-biz-udpgothic/5.0.4/files/biz-udpgothic-115-700-normal.woff2
- fontsource-biz-udpgothic/5.0.4/files/biz-udpgothic-116-400-normal.woff.br
- fontsource-biz-udpgothic/5.0.4/files/biz-udpgothic-116-400-normal.woff.gz
- fontsource-biz-udpgothic/5.0.4/files/biz-udpgothic-116-400-normal.woff2
- fontsource-biz-udpgothic/5.0.4/files/biz-udpgothic-116-700-normal.woff.br
- fontsource-biz-udpgothic/5.0.4/files/biz-udpgothic-116-700-normal.woff.gz
- fontsource-biz-udpgothic/5.0.4/files/biz-udpgothic-116-700-normal.woff2
- fontsource-biz-udpgothic/5.0.4/files/biz-udpgothic-117-400-normal.woff.br
- fontsource-biz-udpgothic/5.0.4/files/biz-udpgothic-117-400-normal.woff.gz
- fontsource-biz-udpgothic/5.0.4/files/biz-udpgothic-117-400-normal.woff2
- fontsource-biz-udpgothic/5.0.4/files/biz-udpgothic-117-700-normal.woff.br
- fontsource-biz-udpgothic/5.0.4/files/biz-udpgothic-117-700-normal.woff.gz
- fontsource-biz-udpgothic/5.0.4/files/biz-udpgothic-117-700-normal.woff2
- fontsource-biz-udpgothic/5.0.4/files/biz-udpgothic-118-400-normal.woff.br
- fontsource-biz-udpgothic/5.0.4/files/biz-udpgothic-118-400-normal.woff.gz
- fontsource-biz-udpgothic/5.0.4/files/biz-udpgothic-118-400-normal.woff2
- fontsource-biz-udpgothic/5.0.4/files/biz-udpgothic-118-700-normal.woff.br
- fontsource-biz-udpgothic/5.0.4/files/biz-udpgothic-118-700-normal.woff.gz
- fontsource-biz-udpgothic/5.0.4/files/biz-udpgothic-118-700-normal.woff2
- fontsource-biz-udpgothic/5.0.4/files/biz-udpgothic-119-400-normal.woff.br
- fontsource-biz-udpgothic/5.0.4/files/biz-udpgothic-119-400-normal.woff.gz
- fontsource-biz-udpgothic/5.0.4/files/biz-udpgothic-119-400-normal.woff2
- fontsource-biz-udpgothic/5.0.4/files/biz-udpgothic-119-700-normal.woff.br
- fontsource-biz-udpgothic/5.0.4/files/biz-udpgothic-119-700-normal.woff.gz
- fontsource-biz-udpgothic/5.0.4/files/biz-udpgothic-119-700-normal.woff2
- fontsource-biz-udpgothic/5.0.4/files/biz-udpgothic-12-400-normal.woff.br
- fontsource-biz-udpgothic/5.0.4/files/biz-udpgothic-12-400-normal.woff.gz
- fontsource-biz-udpgothic/5.0.4/files/biz-udpgothic-12-400-normal.woff2
- fontsource-biz-udpgothic/5.0.4/files/biz-udpgothic-12-700-normal.woff.br
- fontsource-biz-udpgothic/5.0.4/files/biz-udpgothic-12-700-normal.woff.gz
- fontsource-biz-udpgothic/5.0.4/files/biz-udpgothic-12-700-normal.woff2
- fontsource-biz-udpgothic/5.0.4/files/biz-udpgothic-13-400-normal.woff.br
- fontsource-biz-udpgothic/5.0.4/files/biz-udpgothic-13-400-normal.woff.gz
- fontsource-biz-udpgothic/5.0.4/files/biz-udpgothic-13-400-normal.woff2
- fontsource-biz-udpgothic/5.0.4/files/biz-udpgothic-13-700-normal.woff.br
- fontsource-biz-udpgothic/5.0.4/files/biz-udpgothic-13-700-normal.woff.gz
- fontsource-biz-udpgothic/5.0.4/files/biz-udpgothic-13-700-normal.woff2
- fontsource-biz-udpgothic/5.0.4/files/biz-udpgothic-14-400-normal.woff.br
- fontsource-biz-udpgothic/5.0.4/files/biz-udpgothic-14-400-normal.woff.gz
- fontsource-biz-udpgothic/5.0.4/files/biz-udpgothic-14-400-normal.woff2
- fontsource-biz-udpgothic/5.0.4/files/biz-udpgothic-14-700-normal.woff.br
- fontsource-biz-udpgothic/5.0.4/files/biz-udpgothic-14-700-normal.woff.gz
- fontsource-biz-udpgothic/5.0.4/files/biz-udpgothic-14-700-normal.woff2
- fontsource-biz-udpgothic/5.0.4/files/biz-udpgothic-15-400-normal.woff.br
- fontsource-biz-udpgothic/5.0.4/files/biz-udpgothic-15-400-normal.woff.gz
- fontsource-biz-udpgothic/5.0.4/files/biz-udpgothic-15-400-normal.woff2
- fontsource-biz-udpgothic/5.0.4/files/biz-udpgothic-15-700-normal.woff.br
- fontsource-biz-udpgothic/5.0.4/files/biz-udpgothic-15-700-normal.woff.gz
- fontsource-biz-udpgothic/5.0.4/files/biz-udpgothic-15-700-normal.woff2
- fontsource-biz-udpgothic/5.0.4/files/biz-udpgothic-16-400-normal.woff.br
- fontsource-biz-udpgothic/5.0.4/files/biz-udpgothic-16-400-normal.woff.gz
- fontsource-biz-udpgothic/5.0.4/files/biz-udpgothic-16-400-normal.woff2
- fontsource-biz-udpgothic/5.0.4/files/biz-udpgothic-16-700-normal.woff.br
- fontsource-biz-udpgothic/5.0.4/files/biz-udpgothic-16-700-normal.woff.gz
- fontsource-biz-udpgothic/5.0.4/files/biz-udpgothic-16-700-normal.woff2
- fontsource-biz-udpgothic/5.0.4/files/biz-udpgothic-17-400-normal.woff.br
- fontsource-biz-udpgothic/5.0.4/files/biz-udpgothic-17-400-normal.woff.gz
- fontsource-biz-udpgothic/5.0.4/files/biz-udpgothic-17-400-normal.woff2
- fontsource-biz-udpgothic/5.0.4/files/biz-udpgothic-17-700-normal.woff.br
- fontsource-biz-udpgothic/5.0.4/files/biz-udpgothic-17-700-normal.woff.gz
- fontsource-biz-udpgothic/5.0.4/files/biz-udpgothic-17-700-normal.woff2
- fontsource-biz-udpgothic/5.0.4/files/biz-udpgothic-18-400-normal.woff.br
- fontsource-biz-udpgothic/5.0.4/files/biz-udpgothic-18-400-normal.woff.gz
- fontsource-biz-udpgothic/5.0.4/files/biz-udpgothic-18-400-normal.woff2
- fontsource-biz-udpgothic/5.0.4/files/biz-udpgothic-18-700-normal.woff.br
- fontsource-biz-udpgothic/5.0.4/files/biz-udpgothic-18-700-normal.woff.gz
- fontsource-biz-udpgothic/5.0.4/files/biz-udpgothic-18-700-normal.woff2
- fontsource-biz-udpgothic/5.0.4/files/biz-udpgothic-19-400-normal.woff.br
- fontsource-biz-udpgothic/5.0.4/files/biz-udpgothic-19-400-normal.woff.gz
- fontsource-biz-udpgothic/5.0.4/files/biz-udpgothic-19-400-normal.woff2
- fontsource-biz-udpgothic/5.0.4/files/biz-udpgothic-19-700-normal.woff.br
- fontsource-biz-udpgothic/5.0.4/files/biz-udpgothic-19-700-normal.woff.gz
- fontsource-biz-udpgothic/5.0.4/files/biz-udpgothic-19-700-normal.woff2
- fontsource-biz-udpgothic/5.0.4/files/biz-udpgothic-2-400-normal.woff.br
- fontsource-biz-udpgothic/5.0.4/files/biz-udpgothic-2-400-normal.woff.gz
- fontsource-biz-udpgothic/5.0.4/files/biz-udpgothic-2-400-normal.woff2
- fontsource-biz-udpgothic/5.0.4/files/biz-udpgothic-2-700-normal.woff.br
- fontsource-biz-udpgothic/5.0.4/files/biz-udpgothic-2-700-normal.woff.gz
- fontsource-biz-udpgothic/5.0.4/files/biz-udpgothic-2-700-normal.woff2
- fontsource-biz-udpgothic/5.0.4/files/biz-udpgothic-20-400-normal.woff.br
- fontsource-biz-udpgothic/5.0.4/files/biz-udpgothic-20-400-normal.woff.gz
- fontsource-biz-udpgothic/5.0.4/files/biz-udpgothic-20-400-normal.woff2
- fontsource-biz-udpgothic/5.0.4/files/biz-udpgothic-20-700-normal.woff.br
- fontsource-biz-udpgothic/5.0.4/files/biz-udpgothic-20-700-normal.woff.gz
- fontsource-biz-udpgothic/5.0.4/files/biz-udpgothic-20-700-normal.woff2
- fontsource-biz-udpgothic/5.0.4/files/biz-udpgothic-21-400-normal.woff.br
- fontsource-biz-udpgothic/5.0.4/files/biz-udpgothic-21-400-normal.woff.gz
- fontsource-biz-udpgothic/5.0.4/files/biz-udpgothic-21-400-normal.woff2
- fontsource-biz-udpgothic/5.0.4/files/biz-udpgothic-21-700-normal.woff.br
- fontsource-biz-udpgothic/5.0.4/files/biz-udpgothic-21-700-normal.woff.gz
- fontsource-biz-udpgothic/5.0.4/files/biz-udpgothic-21-700-normal.woff2
- fontsource-biz-udpgothic/5.0.4/files/biz-udpgothic-22-400-normal.woff.br
- fontsource-biz-udpgothic/5.0.4/files/biz-udpgothic-22-400-normal.woff.gz
- fontsource-biz-udpgothic/5.0.4/files/biz-udpgothic-22-400-normal.woff2
- fontsource-biz-udpgothic/5.0.4/files/biz-udpgothic-22-700-normal.woff.br
- fontsource-biz-udpgothic/5.0.4/files/biz-udpgothic-22-700-normal.woff.gz
- fontsource-biz-udpgothic/5.0.4/files/biz-udpgothic-22-700-normal.woff2
- fontsource-biz-udpgothic/5.0.4/files/biz-udpgothic-23-400-normal.woff.br
- fontsource-biz-udpgothic/5.0.4/files/biz-udpgothic-23-400-normal.woff.gz
- fontsource-biz-udpgothic/5.0.4/files/biz-udpgothic-23-400-normal.woff2
- fontsource-biz-udpgothic/5.0.4/files/biz-udpgothic-23-700-normal.woff.br
- fontsource-biz-udpgothic/5.0.4/files/biz-udpgothic-23-700-normal.woff.gz
- fontsource-biz-udpgothic/5.0.4/files/biz-udpgothic-23-700-normal.woff2
- fontsource-biz-udpgothic/5.0.4/files/biz-udpgothic-24-400-normal.woff.br
- fontsource-biz-udpgothic/5.0.4/files/biz-udpgothic-24-400-normal.woff.gz
- fontsource-biz-udpgothic/5.0.4/files/biz-udpgothic-24-400-normal.woff2
- fontsource-biz-udpgothic/5.0.4/files/biz-udpgothic-24-700-normal.woff.br
- fontsource-biz-udpgothic/5.0.4/files/biz-udpgothic-24-700-normal.woff.gz
- fontsource-biz-udpgothic/5.0.4/files/biz-udpgothic-24-700-normal.woff2
- fontsource-biz-udpgothic/5.0.4/files/biz-udpgothic-25-400-normal.woff.br
- fontsource-biz-udpgothic/5.0.4/files/biz-udpgothic-25-400-normal.woff.gz
- fontsource-biz-udpgothic/5.0.4/files/biz-udpgothic-25-400-normal.woff2
- fontsource-biz-udpgothic/5.0.4/files/biz-udpgothic-25-700-normal.woff.br
- fontsource-biz-udpgothic/5.0.4/files/biz-udpgothic-25-700-normal.woff.gz
- fontsource-biz-udpgothic/5.0.4/files/biz-udpgothic-25-700-normal.woff2
- fontsource-biz-udpgothic/5.0.4/files/biz-udpgothic-26-400-normal.woff.br
- fontsource-biz-udpgothic/5.0.4/files/biz-udpgothic-26-400-normal.woff.gz
- fontsource-biz-udpgothic/5.0.4/files/biz-udpgothic-26-400-normal.woff2
- fontsource-biz-udpgothic/5.0.4/files/biz-udpgothic-26-700-normal.woff.br
- fontsource-biz-udpgothic/5.0.4/files/biz-udpgothic-26-700-normal.woff.gz
- fontsource-biz-udpgothic/5.0.4/files/biz-udpgothic-26-700-normal.woff2
- fontsource-biz-udpgothic/5.0.4/files/biz-udpgothic-27-400-normal.woff.br
- fontsource-biz-udpgothic/5.0.4/files/biz-udpgothic-27-400-normal.woff.gz
- fontsource-biz-udpgothic/5.0.4/files/biz-udpgothic-27-400-normal.woff2
- fontsource-biz-udpgothic/5.0.4/files/biz-udpgothic-27-700-normal.woff.br
- fontsource-biz-udpgothic/5.0.4/files/biz-udpgothic-27-700-normal.woff.gz
- fontsource-biz-udpgothic/5.0.4/files/biz-udpgothic-27-700-normal.woff2
- fontsource-biz-udpgothic/5.0.4/files/biz-udpgothic-28-400-normal.woff.br
- fontsource-biz-udpgothic/5.0.4/files/biz-udpgothic-28-400-normal.woff.gz
- fontsource-biz-udpgothic/5.0.4/files/biz-udpgothic-28-400-normal.woff2
- fontsource-biz-udpgothic/5.0.4/files/biz-udpgothic-28-700-normal.woff.br
- fontsource-biz-udpgothic/5.0.4/files/biz-udpgothic-28-700-normal.woff.gz
- fontsource-biz-udpgothic/5.0.4/files/biz-udpgothic-28-700-normal.woff2
- fontsource-biz-udpgothic/5.0.4/files/biz-udpgothic-29-400-normal.woff.br
- fontsource-biz-udpgothic/5.0.4/files/biz-udpgothic-29-400-normal.woff.gz
- fontsource-biz-udpgothic/5.0.4/files/biz-udpgothic-29-400-normal.woff2
- fontsource-biz-udpgothic/5.0.4/files/biz-udpgothic-29-700-normal.woff.br
- fontsource-biz-udpgothic/5.0.4/files/biz-udpgothic-29-700-normal.woff.gz
- fontsource-biz-udpgothic/5.0.4/files/biz-udpgothic-29-700-normal.woff2
- fontsource-biz-udpgothic/5.0.4/files/biz-udpgothic-3-400-normal.woff.br
- fontsource-biz-udpgothic/5.0.4/files/biz-udpgothic-3-400-normal.woff.gz
- fontsource-biz-udpgothic/5.0.4/files/biz-udpgothic-3-400-normal.woff2
- fontsource-biz-udpgothic/5.0.4/files/biz-udpgothic-3-700-normal.woff.br
- fontsource-biz-udpgothic/5.0.4/files/biz-udpgothic-3-700-normal.woff.gz
- fontsource-biz-udpgothic/5.0.4/files/biz-udpgothic-3-700-normal.woff2
- fontsource-biz-udpgothic/5.0.4/files/biz-udpgothic-30-400-normal.woff.br
- fontsource-biz-udpgothic/5.0.4/files/biz-udpgothic-30-400-normal.woff.gz
- fontsource-biz-udpgothic/5.0.4/files/biz-udpgothic-30-400-normal.woff2
- fontsource-biz-udpgothic/5.0.4/files/biz-udpgothic-30-700-normal.woff.br
- fontsource-biz-udpgothic/5.0.4/files/biz-udpgothic-30-700-normal.woff.gz
- fontsource-biz-udpgothic/5.0.4/files/biz-udpgothic-30-700-normal.woff2
- fontsource-biz-udpgothic/5.0.4/files/biz-udpgothic-31-400-normal.woff.br
- fontsource-biz-udpgothic/5.0.4/files/biz-udpgothic-31-400-normal.woff.gz
- fontsource-biz-udpgothic/5.0.4/files/biz-udpgothic-31-400-normal.woff2
- fontsource-biz-udpgothic/5.0.4/files/biz-udpgothic-31-700-normal.woff.br
- fontsource-biz-udpgothic/5.0.4/files/biz-udpgothic-31-700-normal.woff.gz
- fontsource-biz-udpgothic/5.0.4/files/biz-udpgothic-31-700-normal.woff2
- fontsource-biz-udpgothic/5.0.4/files/biz-udpgothic-32-400-normal.woff.br
- fontsource-biz-udpgothic/5.0.4/files/biz-udpgothic-32-400-normal.woff.gz
- fontsource-biz-udpgothic/5.0.4/files/biz-udpgothic-32-400-normal.woff2
- fontsource-biz-udpgothic/5.0.4/files/biz-udpgothic-32-700-normal.woff.br
- fontsource-biz-udpgothic/5.0.4/files/biz-udpgothic-32-700-normal.woff.gz
- fontsource-biz-udpgothic/5.0.4/files/biz-udpgothic-32-700-normal.woff2
- fontsource-biz-udpgothic/5.0.4/files/biz-udpgothic-33-400-normal.woff.br
- fontsource-biz-udpgothic/5.0.4/files/biz-udpgothic-33-400-normal.woff.gz
- fontsource-biz-udpgothic/5.0.4/files/biz-udpgothic-33-400-normal.woff2
- fontsource-biz-udpgothic/5.0.4/files/biz-udpgothic-33-700-normal.woff.br
- fontsource-biz-udpgothic/5.0.4/files/biz-udpgothic-33-700-normal.woff.gz
- fontsource-biz-udpgothic/5.0.4/files/biz-udpgothic-33-700-normal.woff2
- fontsource-biz-udpgothic/5.0.4/files/biz-udpgothic-34-400-normal.woff.br
- fontsource-biz-udpgothic/5.0.4/files/biz-udpgothic-34-400-normal.woff.gz
- fontsource-biz-udpgothic/5.0.4/files/biz-udpgothic-34-400-normal.woff2
- fontsource-biz-udpgothic/5.0.4/files/biz-udpgothic-34-700-normal.woff.br
- fontsource-biz-udpgothic/5.0.4/files/biz-udpgothic-34-700-normal.woff.gz
- fontsource-biz-udpgothic/5.0.4/files/biz-udpgothic-34-700-normal.woff2
- fontsource-biz-udpgothic/5.0.4/files/biz-udpgothic-35-400-normal.woff.br
- fontsource-biz-udpgothic/5.0.4/files/biz-udpgothic-35-400-normal.woff.gz
- fontsource-biz-udpgothic/5.0.4/files/biz-udpgothic-35-400-normal.woff2
- fontsource-biz-udpgothic/5.0.4/files/biz-udpgothic-35-700-normal.woff.br
- fontsource-biz-udpgothic/5.0.4/files/biz-udpgothic-35-700-normal.woff.gz
- fontsource-biz-udpgothic/5.0.4/files/biz-udpgothic-35-700-normal.woff2
- fontsource-biz-udpgothic/5.0.4/files/biz-udpgothic-36-400-normal.woff.br
- fontsource-biz-udpgothic/5.0.4/files/biz-udpgothic-36-400-normal.woff.gz
- fontsource-biz-udpgothic/5.0.4/files/biz-udpgothic-36-400-normal.woff2
- fontsource-biz-udpgothic/5.0.4/files/biz-udpgothic-36-700-normal.woff.br
- fontsource-biz-udpgothic/5.0.4/files/biz-udpgothic-36-700-normal.woff.gz
- fontsource-biz-udpgothic/5.0.4/files/biz-udpgothic-36-700-normal.woff2
- fontsource-biz-udpgothic/5.0.4/files/biz-udpgothic-37-400-normal.woff.br
- fontsource-biz-udpgothic/5.0.4/files/biz-udpgothic-37-400-normal.woff.gz
- fontsource-biz-udpgothic/5.0.4/files/biz-udpgothic-37-400-normal.woff2
- fontsource-biz-udpgothic/5.0.4/files/biz-udpgothic-37-700-normal.woff.br
- fontsource-biz-udpgothic/5.0.4/files/biz-udpgothic-37-700-normal.woff.gz
- fontsource-biz-udpgothic/5.0.4/files/biz-udpgothic-37-700-normal.woff2
- fontsource-biz-udpgothic/5.0.4/files/biz-udpgothic-38-400-normal.woff.br
- fontsource-biz-udpgothic/5.0.4/files/biz-udpgothic-38-400-normal.woff.gz
- fontsource-biz-udpgothic/5.0.4/files/biz-udpgothic-38-400-normal.woff2
- fontsource-biz-udpgothic/5.0.4/files/biz-udpgothic-38-700-normal.woff.br
- fontsource-biz-udpgothic/5.0.4/files/biz-udpgothic-38-700-normal.woff.gz
- fontsource-biz-udpgothic/5.0.4/files/biz-udpgothic-38-700-normal.woff2
- fontsource-biz-udpgothic/5.0.4/files/biz-udpgothic-39-400-normal.woff.br
- fontsource-biz-udpgothic/5.0.4/files/biz-udpgothic-39-400-normal.woff.gz
- fontsource-biz-udpgothic/5.0.4/files/biz-udpgothic-39-400-normal.woff2
- fontsource-biz-udpgothic/5.0.4/files/biz-udpgothic-39-700-normal.woff.br
- fontsource-biz-udpgothic/5.0.4/files/biz-udpgothic-39-700-normal.woff.gz
- fontsource-biz-udpgothic/5.0.4/files/biz-udpgothic-39-700-normal.woff2
- fontsource-biz-udpgothic/5.0.4/files/biz-udpgothic-4-400-normal.woff.br
- fontsource-biz-udpgothic/5.0.4/files/biz-udpgothic-4-400-normal.woff.gz
- fontsource-biz-udpgothic/5.0.4/files/biz-udpgothic-4-400-normal.woff2
- fontsource-biz-udpgothic/5.0.4/files/biz-udpgothic-4-700-normal.woff.br
- fontsource-biz-udpgothic/5.0.4/files/biz-udpgothic-4-700-normal.woff.gz
- fontsource-biz-udpgothic/5.0.4/files/biz-udpgothic-4-700-normal.woff2
- fontsource-biz-udpgothic/5.0.4/files/biz-udpgothic-40-400-normal.woff.br
- fontsource-biz-udpgothic/5.0.4/files/biz-udpgothic-40-400-normal.woff.gz
- fontsource-biz-udpgothic/5.0.4/files/biz-udpgothic-40-400-normal.woff2
- fontsource-biz-udpgothic/5.0.4/files/biz-udpgothic-40-700-normal.woff.br
- fontsource-biz-udpgothic/5.0.4/files/biz-udpgothic-40-700-normal.woff.gz
- fontsource-biz-udpgothic/5.0.4/files/biz-udpgothic-40-700-normal.woff2
- fontsource-biz-udpgothic/5.0.4/files/biz-udpgothic-41-400-normal.woff.br
- fontsource-biz-udpgothic/5.0.4/files/biz-udpgothic-41-400-normal.woff.gz
- fontsource-biz-udpgothic/5.0.4/files/biz-udpgothic-41-400-normal.woff2
- fontsource-biz-udpgothic/5.0.4/files/biz-udpgothic-41-700-normal.woff.br
- fontsource-biz-udpgothic/5.0.4/files/biz-udpgothic-41-700-normal.woff.gz
- fontsource-biz-udpgothic/5.0.4/files/biz-udpgothic-41-700-normal.woff2
- fontsource-biz-udpgothic/5.0.4/files/biz-udpgothic-42-400-normal.woff.br
- fontsource-biz-udpgothic/5.0.4/files/biz-udpgothic-42-400-normal.woff.gz
- fontsource-biz-udpgothic/5.0.4/files/biz-udpgothic-42-400-normal.woff2
- fontsource-biz-udpgothic/5.0.4/files/biz-udpgothic-42-700-normal.woff.br
- fontsource-biz-udpgothic/5.0.4/files/biz-udpgothic-42-700-normal.woff.gz
- fontsource-biz-udpgothic/5.0.4/files/biz-udpgothic-42-700-normal.woff2
- fontsource-biz-udpgothic/5.0.4/files/biz-udpgothic-43-400-normal.woff.br
- fontsource-biz-udpgothic/5.0.4/files/biz-udpgothic-43-400-normal.woff.gz
- fontsource-biz-udpgothic/5.0.4/files/biz-udpgothic-43-400-normal.woff2
- fontsource-biz-udpgothic/5.0.4/files/biz-udpgothic-43-700-normal.woff.br
- fontsource-biz-udpgothic/5.0.4/files/biz-udpgothic-43-700-normal.woff.gz
- fontsource-biz-udpgothic/5.0.4/files/biz-udpgothic-43-700-normal.woff2
- fontsource-biz-udpgothic/5.0.4/files/biz-udpgothic-44-400-normal.woff.br
- fontsource-biz-udpgothic/5.0.4/files/biz-udpgothic-44-400-normal.woff.gz
- fontsource-biz-udpgothic/5.0.4/files/biz-udpgothic-44-400-normal.woff2
- fontsource-biz-udpgothic/5.0.4/files/biz-udpgothic-44-700-normal.woff.br
- fontsource-biz-udpgothic/5.0.4/files/biz-udpgothic-44-700-normal.woff.gz
- fontsource-biz-udpgothic/5.0.4/files/biz-udpgothic-44-700-normal.woff2
- fontsource-biz-udpgothic/5.0.4/files/biz-udpgothic-45-400-normal.woff.br
- fontsource-biz-udpgothic/5.0.4/files/biz-udpgothic-45-400-normal.woff.gz
- fontsource-biz-udpgothic/5.0.4/files/biz-udpgothic-45-400-normal.woff2
- fontsource-biz-udpgothic/5.0.4/files/biz-udpgothic-45-700-normal.woff.br
- fontsource-biz-udpgothic/5.0.4/files/biz-udpgothic-45-700-normal.woff.gz
- fontsource-biz-udpgothic/5.0.4/files/biz-udpgothic-45-700-normal.woff2
- fontsource-biz-udpgothic/5.0.4/files/biz-udpgothic-46-400-normal.woff.br
- fontsource-biz-udpgothic/5.0.4/files/biz-udpgothic-46-400-normal.woff.gz
- fontsource-biz-udpgothic/5.0.4/files/biz-udpgothic-46-400-normal.woff2
- fontsource-biz-udpgothic/5.0.4/files/biz-udpgothic-46-700-normal.woff.br
- fontsource-biz-udpgothic/5.0.4/files/biz-udpgothic-46-700-normal.woff.gz
- fontsource-biz-udpgothic/5.0.4/files/biz-udpgothic-46-700-normal.woff2
- fontsource-biz-udpgothic/5.0.4/files/biz-udpgothic-47-400-normal.woff.br
- fontsource-biz-udpgothic/5.0.4/files/biz-udpgothic-47-400-normal.woff.gz
- fontsource-biz-udpgothic/5.0.4/files/biz-udpgothic-47-400-normal.woff2
- fontsource-biz-udpgothic/5.0.4/files/biz-udpgothic-47-700-normal.woff.br
- fontsource-biz-udpgothic/5.0.4/files/biz-udpgothic-47-700-normal.woff.gz
- fontsource-biz-udpgothic/5.0.4/files/biz-udpgothic-47-700-normal.woff2
- fontsource-biz-udpgothic/5.0.4/files/biz-udpgothic-48-400-normal.woff.br
- fontsource-biz-udpgothic/5.0.4/files/biz-udpgothic-48-400-normal.woff.gz
- fontsource-biz-udpgothic/5.0.4/files/biz-udpgothic-48-400-normal.woff2
- fontsource-biz-udpgothic/5.0.4/files/biz-udpgothic-48-700-normal.woff.br
- fontsource-biz-udpgothic/5.0.4/files/biz-udpgothic-48-700-normal.woff.gz
- fontsource-biz-udpgothic/5.0.4/files/biz-udpgothic-48-700-normal.woff2
- fontsource-biz-udpgothic/5.0.4/files/biz-udpgothic-49-400-normal.woff.br
- fontsource-biz-udpgothic/5.0.4/files/biz-udpgothic-49-400-normal.woff.gz
- fontsource-biz-udpgothic/5.0.4/files/biz-udpgothic-49-400-normal.woff2
- fontsource-biz-udpgothic/5.0.4/files/biz-udpgothic-49-700-normal.woff.br
- fontsource-biz-udpgothic/5.0.4/files/biz-udpgothic-49-700-normal.woff.gz
- fontsource-biz-udpgothic/5.0.4/files/biz-udpgothic-49-700-normal.woff2
- fontsource-biz-udpgothic/5.0.4/files/biz-udpgothic-5-400-normal.woff.br
- fontsource-biz-udpgothic/5.0.4/files/biz-udpgothic-5-400-normal.woff.gz
- fontsource-biz-udpgothic/5.0.4/files/biz-udpgothic-5-400-normal.woff2
- fontsource-biz-udpgothic/5.0.4/files/biz-udpgothic-5-700-normal.woff.br
- fontsource-biz-udpgothic/5.0.4/files/biz-udpgothic-5-700-normal.woff.gz
- fontsource-biz-udpgothic/5.0.4/files/biz-udpgothic-5-700-normal.woff2
- fontsource-biz-udpgothic/5.0.4/files/biz-udpgothic-50-400-normal.woff.br
- fontsource-biz-udpgothic/5.0.4/files/biz-udpgothic-50-400-normal.woff.gz
- fontsource-biz-udpgothic/5.0.4/files/biz-udpgothic-50-400-normal.woff2
- fontsource-biz-udpgothic/5.0.4/files/biz-udpgothic-50-700-normal.woff.br
- fontsource-biz-udpgothic/5.0.4/files/biz-udpgothic-50-700-normal.woff.gz
- fontsource-biz-udpgothic/5.0.4/files/biz-udpgothic-50-700-normal.woff2
- fontsource-biz-udpgothic/5.0.4/files/biz-udpgothic-51-400-normal.woff.br
- fontsource-biz-udpgothic/5.0.4/files/biz-udpgothic-51-400-normal.woff.gz
- fontsource-biz-udpgothic/5.0.4/files/biz-udpgothic-51-400-normal.woff2
- fontsource-biz-udpgothic/5.0.4/files/biz-udpgothic-51-700-normal.woff.br
- fontsource-biz-udpgothic/5.0.4/files/biz-udpgothic-51-700-normal.woff.gz
- fontsource-biz-udpgothic/5.0.4/files/biz-udpgothic-51-700-normal.woff2
- fontsource-biz-udpgothic/5.0.4/files/biz-udpgothic-52-400-normal.woff.br
- fontsource-biz-udpgothic/5.0.4/files/biz-udpgothic-52-400-normal.woff.gz
- fontsource-biz-udpgothic/5.0.4/files/biz-udpgothic-52-400-normal.woff2
- fontsource-biz-udpgothic/5.0.4/files/biz-udpgothic-52-700-normal.woff.br
- fontsource-biz-udpgothic/5.0.4/files/biz-udpgothic-52-700-normal.woff.gz
- fontsource-biz-udpgothic/5.0.4/files/biz-udpgothic-52-700-normal.woff2
- fontsource-biz-udpgothic/5.0.4/files/biz-udpgothic-53-400-normal.woff.br
- fontsource-biz-udpgothic/5.0.4/files/biz-udpgothic-53-400-normal.woff.gz
- fontsource-biz-udpgothic/5.0.4/files/biz-udpgothic-53-400-normal.woff2
- fontsource-biz-udpgothic/5.0.4/files/biz-udpgothic-53-700-normal.woff.br
- fontsource-biz-udpgothic/5.0.4/files/biz-udpgothic-53-700-normal.woff.gz
- fontsource-biz-udpgothic/5.0.4/files/biz-udpgothic-53-700-normal.woff2
- fontsource-biz-udpgothic/5.0.4/files/biz-udpgothic-54-400-normal.woff.br
- fontsource-biz-udpgothic/5.0.4/files/biz-udpgothic-54-400-normal.woff.gz
- fontsource-biz-udpgothic/5.0.4/files/biz-udpgothic-54-400-normal.woff2
- fontsource-biz-udpgothic/5.0.4/files/biz-udpgothic-54-700-normal.woff.br
- fontsource-biz-udpgothic/5.0.4/files/biz-udpgothic-54-700-normal.woff.gz
- fontsource-biz-udpgothic/5.0.4/files/biz-udpgothic-54-700-normal.woff2
- fontsource-biz-udpgothic/5.0.4/files/biz-udpgothic-55-400-normal.woff.br
- fontsource-biz-udpgothic/5.0.4/files/biz-udpgothic-55-400-normal.woff.gz
- fontsource-biz-udpgothic/5.0.4/files/biz-udpgothic-55-400-normal.woff2
- fontsource-biz-udpgothic/5.0.4/files/biz-udpgothic-55-700-normal.woff.br
- fontsource-biz-udpgothic/5.0.4/files/biz-udpgothic-55-700-normal.woff.gz
- fontsource-biz-udpgothic/5.0.4/files/biz-udpgothic-55-700-normal.woff2
- fontsource-biz-udpgothic/5.0.4/files/biz-udpgothic-56-400-normal.woff.br
- fontsource-biz-udpgothic/5.0.4/files/biz-udpgothic-56-400-normal.woff.gz
- fontsource-biz-udpgothic/5.0.4/files/biz-udpgothic-56-400-normal.woff2
- fontsource-biz-udpgothic/5.0.4/files/biz-udpgothic-56-700-normal.woff.br
- fontsource-biz-udpgothic/5.0.4/files/biz-udpgothic-56-700-normal.woff.gz
- fontsource-biz-udpgothic/5.0.4/files/biz-udpgothic-56-700-normal.woff2
- fontsource-biz-udpgothic/5.0.4/files/biz-udpgothic-57-400-normal.woff.br
- fontsource-biz-udpgothic/5.0.4/files/biz-udpgothic-57-400-normal.woff.gz
- fontsource-biz-udpgothic/5.0.4/files/biz-udpgothic-57-400-normal.woff2
- fontsource-biz-udpgothic/5.0.4/files/biz-udpgothic-57-700-normal.woff.br
- fontsource-biz-udpgothic/5.0.4/files/biz-udpgothic-57-700-normal.woff.gz
- fontsource-biz-udpgothic/5.0.4/files/biz-udpgothic-57-700-normal.woff2
- fontsource-biz-udpgothic/5.0.4/files/biz-udpgothic-58-400-normal.woff.br
- fontsource-biz-udpgothic/5.0.4/files/biz-udpgothic-58-400-normal.woff.gz
- fontsource-biz-udpgothic/5.0.4/files/biz-udpgothic-58-400-normal.woff2
- fontsource-biz-udpgothic/5.0.4/files/biz-udpgothic-58-700-normal.woff.br
- fontsource-biz-udpgothic/5.0.4/files/biz-udpgothic-58-700-normal.woff.gz
- fontsource-biz-udpgothic/5.0.4/files/biz-udpgothic-58-700-normal.woff2
- fontsource-biz-udpgothic/5.0.4/files/biz-udpgothic-59-400-normal.woff.br
- fontsource-biz-udpgothic/5.0.4/files/biz-udpgothic-59-400-normal.woff.gz
- fontsource-biz-udpgothic/5.0.4/files/biz-udpgothic-59-400-normal.woff2
- fontsource-biz-udpgothic/5.0.4/files/biz-udpgothic-59-700-normal.woff.br
- fontsource-biz-udpgothic/5.0.4/files/biz-udpgothic-59-700-normal.woff.gz
- fontsource-biz-udpgothic/5.0.4/files/biz-udpgothic-59-700-normal.woff2
- fontsource-biz-udpgothic/5.0.4/files/biz-udpgothic-6-400-normal.woff.br
- fontsource-biz-udpgothic/5.0.4/files/biz-udpgothic-6-400-normal.woff.gz
- fontsource-biz-udpgothic/5.0.4/files/biz-udpgothic-6-400-normal.woff2
- fontsource-biz-udpgothic/5.0.4/files/biz-udpgothic-6-700-normal.woff.br
- fontsource-biz-udpgothic/5.0.4/files/biz-udpgothic-6-700-normal.woff.gz
- fontsource-biz-udpgothic/5.0.4/files/biz-udpgothic-6-700-normal.woff2
- fontsource-biz-udpgothic/5.0.4/files/biz-udpgothic-60-400-normal.woff.br
- fontsource-biz-udpgothic/5.0.4/files/biz-udpgothic-60-400-normal.woff.gz
- fontsource-biz-udpgothic/5.0.4/files/biz-udpgothic-60-400-normal.woff2
- fontsource-biz-udpgothic/5.0.4/files/biz-udpgothic-60-700-normal.woff.br
- fontsource-biz-udpgothic/5.0.4/files/biz-udpgothic-60-700-normal.woff.gz
- fontsource-biz-udpgothic/5.0.4/files/biz-udpgothic-60-700-normal.woff2
- fontsource-biz-udpgothic/5.0.4/files/biz-udpgothic-61-400-normal.woff.br
- fontsource-biz-udpgothic/5.0.4/files/biz-udpgothic-61-400-normal.woff.gz
- fontsource-biz-udpgothic/5.0.4/files/biz-udpgothic-61-400-normal.woff2
- fontsource-biz-udpgothic/5.0.4/files/biz-udpgothic-61-700-normal.woff.br
- fontsource-biz-udpgothic/5.0.4/files/biz-udpgothic-61-700-normal.woff.gz
- fontsource-biz-udpgothic/5.0.4/files/biz-udpgothic-61-700-normal.woff2
- fontsource-biz-udpgothic/5.0.4/files/biz-udpgothic-62-400-normal.woff.br
- fontsource-biz-udpgothic/5.0.4/files/biz-udpgothic-62-400-normal.woff.gz
- fontsource-biz-udpgothic/5.0.4/files/biz-udpgothic-62-400-normal.woff2
- fontsource-biz-udpgothic/5.0.4/files/biz-udpgothic-62-700-normal.woff.br
- fontsource-biz-udpgothic/5.0.4/files/biz-udpgothic-62-700-normal.woff.gz
- fontsource-biz-udpgothic/5.0.4/files/biz-udpgothic-62-700-normal.woff2
- fontsource-biz-udpgothic/5.0.4/files/biz-udpgothic-63-400-normal.woff.br
- fontsource-biz-udpgothic/5.0.4/files/biz-udpgothic-63-400-normal.woff.gz
- fontsource-biz-udpgothic/5.0.4/files/biz-udpgothic-63-400-normal.woff2
- fontsource-biz-udpgothic/5.0.4/files/biz-udpgothic-63-700-normal.woff.br
- fontsource-biz-udpgothic/5.0.4/files/biz-udpgothic-63-700-normal.woff.gz
- fontsource-biz-udpgothic/5.0.4/files/biz-udpgothic-63-700-normal.woff2
- fontsource-biz-udpgothic/5.0.4/files/biz-udpgothic-64-400-normal.woff.br
- fontsource-biz-udpgothic/5.0.4/files/biz-udpgothic-64-400-normal.woff.gz
- fontsource-biz-udpgothic/5.0.4/files/biz-udpgothic-64-400-normal.woff2
- fontsource-biz-udpgothic/5.0.4/files/biz-udpgothic-64-700-normal.woff.br
- fontsource-biz-udpgothic/5.0.4/files/biz-udpgothic-64-700-normal.woff.gz
- fontsource-biz-udpgothic/5.0.4/files/biz-udpgothic-64-700-normal.woff2
- fontsource-biz-udpgothic/5.0.4/files/biz-udpgothic-65-400-normal.woff.br
- fontsource-biz-udpgothic/5.0.4/files/biz-udpgothic-65-400-normal.woff.gz
- fontsource-biz-udpgothic/5.0.4/files/biz-udpgothic-65-400-normal.woff2
- fontsource-biz-udpgothic/5.0.4/files/biz-udpgothic-65-700-normal.woff.br
- fontsource-biz-udpgothic/5.0.4/files/biz-udpgothic-65-700-normal.woff.gz
- fontsource-biz-udpgothic/5.0.4/files/biz-udpgothic-65-700-normal.woff2
- fontsource-biz-udpgothic/5.0.4/files/biz-udpgothic-66-400-normal.woff.br
- fontsource-biz-udpgothic/5.0.4/files/biz-udpgothic-66-400-normal.woff.gz
- fontsource-biz-udpgothic/5.0.4/files/biz-udpgothic-66-400-normal.woff2
- fontsource-biz-udpgothic/5.0.4/files/biz-udpgothic-66-700-normal.woff.br
- fontsource-biz-udpgothic/5.0.4/files/biz-udpgothic-66-700-normal.woff.gz
- fontsource-biz-udpgothic/5.0.4/files/biz-udpgothic-66-700-normal.woff2
- fontsource-biz-udpgothic/5.0.4/files/biz-udpgothic-67-400-normal.woff.br
- fontsource-biz-udpgothic/5.0.4/files/biz-udpgothic-67-400-normal.woff.gz
- fontsource-biz-udpgothic/5.0.4/files/biz-udpgothic-67-400-normal.woff2
- fontsource-biz-udpgothic/5.0.4/files/biz-udpgothic-67-700-normal.woff.br
- fontsource-biz-udpgothic/5.0.4/files/biz-udpgothic-67-700-normal.woff.gz
- fontsource-biz-udpgothic/5.0.4/files/biz-udpgothic-67-700-normal.woff2
- fontsource-biz-udpgothic/5.0.4/files/biz-udpgothic-68-400-normal.woff.br
- fontsource-biz-udpgothic/5.0.4/files/biz-udpgothic-68-400-normal.woff.gz
- fontsource-biz-udpgothic/5.0.4/files/biz-udpgothic-68-400-normal.woff2
- fontsource-biz-udpgothic/5.0.4/files/biz-udpgothic-68-700-normal.woff.br
- fontsource-biz-udpgothic/5.0.4/files/biz-udpgothic-68-700-normal.woff.gz
- fontsource-biz-udpgothic/5.0.4/files/biz-udpgothic-68-700-normal.woff2
- fontsource-biz-udpgothic/5.0.4/files/biz-udpgothic-69-400-normal.woff.br
- fontsource-biz-udpgothic/5.0.4/files/biz-udpgothic-69-400-normal.woff.gz
- fontsource-biz-udpgothic/5.0.4/files/biz-udpgothic-69-400-normal.woff2
- fontsource-biz-udpgothic/5.0.4/files/biz-udpgothic-69-700-normal.woff.br
- fontsource-biz-udpgothic/5.0.4/files/biz-udpgothic-69-700-normal.woff.gz
- fontsource-biz-udpgothic/5.0.4/files/biz-udpgothic-69-700-normal.woff2
- fontsource-biz-udpgothic/5.0.4/files/biz-udpgothic-7-400-normal.woff.br
- fontsource-biz-udpgothic/5.0.4/files/biz-udpgothic-7-400-normal.woff.gz
- fontsource-biz-udpgothic/5.0.4/files/biz-udpgothic-7-400-normal.woff2
- fontsource-biz-udpgothic/5.0.4/files/biz-udpgothic-7-700-normal.woff.br
- fontsource-biz-udpgothic/5.0.4/files/biz-udpgothic-7-700-normal.woff.gz
- fontsource-biz-udpgothic/5.0.4/files/biz-udpgothic-7-700-normal.woff2
- fontsource-biz-udpgothic/5.0.4/files/biz-udpgothic-70-400-normal.woff.br
- fontsource-biz-udpgothic/5.0.4/files/biz-udpgothic-70-400-normal.woff.gz
- fontsource-biz-udpgothic/5.0.4/files/biz-udpgothic-70-400-normal.woff2
- fontsource-biz-udpgothic/5.0.4/files/biz-udpgothic-70-700-normal.woff.br
- fontsource-biz-udpgothic/5.0.4/files/biz-udpgothic-70-700-normal.woff.gz
- fontsource-biz-udpgothic/5.0.4/files/biz-udpgothic-70-700-normal.woff2
- fontsource-biz-udpgothic/5.0.4/files/biz-udpgothic-71-400-normal.woff.br
- fontsource-biz-udpgothic/5.0.4/files/biz-udpgothic-71-400-normal.woff.gz
- fontsource-biz-udpgothic/5.0.4/files/biz-udpgothic-71-400-normal.woff2
- fontsource-biz-udpgothic/5.0.4/files/biz-udpgothic-71-700-normal.woff.br
- fontsource-biz-udpgothic/5.0.4/files/biz-udpgothic-71-700-normal.woff.gz
- fontsource-biz-udpgothic/5.0.4/files/biz-udpgothic-71-700-normal.woff2
- fontsource-biz-udpgothic/5.0.4/files/biz-udpgothic-72-400-normal.woff.br
- fontsource-biz-udpgothic/5.0.4/files/biz-udpgothic-72-400-normal.woff.gz
- fontsource-biz-udpgothic/5.0.4/files/biz-udpgothic-72-400-normal.woff2
- fontsource-biz-udpgothic/5.0.4/files/biz-udpgothic-72-700-normal.woff.br
- fontsource-biz-udpgothic/5.0.4/files/biz-udpgothic-72-700-normal.woff.gz
- fontsource-biz-udpgothic/5.0.4/files/biz-udpgothic-72-700-normal.woff2
- fontsource-biz-udpgothic/5.0.4/files/biz-udpgothic-73-400-normal.woff.br
- fontsource-biz-udpgothic/5.0.4/files/biz-udpgothic-73-400-normal.woff.gz
- fontsource-biz-udpgothic/5.0.4/files/biz-udpgothic-73-400-normal.woff2
- fontsource-biz-udpgothic/5.0.4/files/biz-udpgothic-73-700-normal.woff.br
- fontsource-biz-udpgothic/5.0.4/files/biz-udpgothic-73-700-normal.woff.gz
- fontsource-biz-udpgothic/5.0.4/files/biz-udpgothic-73-700-normal.woff2
- fontsource-biz-udpgothic/5.0.4/files/biz-udpgothic-74-400-normal.woff.br
- fontsource-biz-udpgothic/5.0.4/files/biz-udpgothic-74-400-normal.woff.gz
- fontsource-biz-udpgothic/5.0.4/files/biz-udpgothic-74-400-normal.woff2
- fontsource-biz-udpgothic/5.0.4/files/biz-udpgothic-74-700-normal.woff.br
- fontsource-biz-udpgothic/5.0.4/files/biz-udpgothic-74-700-normal.woff.gz
- fontsource-biz-udpgothic/5.0.4/files/biz-udpgothic-74-700-normal.woff2
- fontsource-biz-udpgothic/5.0.4/files/biz-udpgothic-75-400-normal.woff.br
- fontsource-biz-udpgothic/5.0.4/files/biz-udpgothic-75-400-normal.woff.gz
- fontsource-biz-udpgothic/5.0.4/files/biz-udpgothic-75-400-normal.woff2
- fontsource-biz-udpgothic/5.0.4/files/biz-udpgothic-75-700-normal.woff.br
- fontsource-biz-udpgothic/5.0.4/files/biz-udpgothic-75-700-normal.woff.gz
- fontsource-biz-udpgothic/5.0.4/files/biz-udpgothic-75-700-normal.woff2
- fontsource-biz-udpgothic/5.0.4/files/biz-udpgothic-76-400-normal.woff.br
- fontsource-biz-udpgothic/5.0.4/files/biz-udpgothic-76-400-normal.woff.gz
- fontsource-biz-udpgothic/5.0.4/files/biz-udpgothic-76-400-normal.woff2
- fontsource-biz-udpgothic/5.0.4/files/biz-udpgothic-76-700-normal.woff.br
- fontsource-biz-udpgothic/5.0.4/files/biz-udpgothic-76-700-normal.woff.gz
- fontsource-biz-udpgothic/5.0.4/files/biz-udpgothic-76-700-normal.woff2
- fontsource-biz-udpgothic/5.0.4/files/biz-udpgothic-77-400-normal.woff.br
- fontsource-biz-udpgothic/5.0.4/files/biz-udpgothic-77-400-normal.woff.gz
- fontsource-biz-udpgothic/5.0.4/files/biz-udpgothic-77-400-normal.woff2
- fontsource-biz-udpgothic/5.0.4/files/biz-udpgothic-77-700-normal.woff.br
- fontsource-biz-udpgothic/5.0.4/files/biz-udpgothic-77-700-normal.woff.gz
- fontsource-biz-udpgothic/5.0.4/files/biz-udpgothic-77-700-normal.woff2
- fontsource-biz-udpgothic/5.0.4/files/biz-udpgothic-78-400-normal.woff.br
- fontsource-biz-udpgothic/5.0.4/files/biz-udpgothic-78-400-normal.woff.gz
- fontsource-biz-udpgothic/5.0.4/files/biz-udpgothic-78-400-normal.woff2
- fontsource-biz-udpgothic/5.0.4/files/biz-udpgothic-78-700-normal.woff.br
- fontsource-biz-udpgothic/5.0.4/files/biz-udpgothic-78-700-normal.woff.gz
- fontsource-biz-udpgothic/5.0.4/files/biz-udpgothic-78-700-normal.woff2
- fontsource-biz-udpgothic/5.0.4/files/biz-udpgothic-79-400-normal.woff.br
- fontsource-biz-udpgothic/5.0.4/files/biz-udpgothic-79-400-normal.woff.gz
- fontsource-biz-udpgothic/5.0.4/files/biz-udpgothic-79-400-normal.woff2
- fontsource-biz-udpgothic/5.0.4/files/biz-udpgothic-79-700-normal.woff.br
- fontsource-biz-udpgothic/5.0.4/files/biz-udpgothic-79-700-normal.woff.gz
- fontsource-biz-udpgothic/5.0.4/files/biz-udpgothic-79-700-normal.woff2
- fontsource-biz-udpgothic/5.0.4/files/biz-udpgothic-8-400-normal.woff.br
- fontsource-biz-udpgothic/5.0.4/files/biz-udpgothic-8-400-normal.woff.gz
- fontsource-biz-udpgothic/5.0.4/files/biz-udpgothic-8-400-normal.woff2
- fontsource-biz-udpgothic/5.0.4/files/biz-udpgothic-8-700-normal.woff.br
- fontsource-biz-udpgothic/5.0.4/files/biz-udpgothic-8-700-normal.woff.gz
- fontsource-biz-udpgothic/5.0.4/files/biz-udpgothic-8-700-normal.woff2
- fontsource-biz-udpgothic/5.0.4/files/biz-udpgothic-80-400-normal.woff.br
- fontsource-biz-udpgothic/5.0.4/files/biz-udpgothic-80-400-normal.woff.gz
- fontsource-biz-udpgothic/5.0.4/files/biz-udpgothic-80-400-normal.woff2
- fontsource-biz-udpgothic/5.0.4/files/biz-udpgothic-80-700-normal.woff.br
- fontsource-biz-udpgothic/5.0.4/files/biz-udpgothic-80-700-normal.woff.gz
- fontsource-biz-udpgothic/5.0.4/files/biz-udpgothic-80-700-normal.woff2
- fontsource-biz-udpgothic/5.0.4/files/biz-udpgothic-81-400-normal.woff.br
- fontsource-biz-udpgothic/5.0.4/files/biz-udpgothic-81-400-normal.woff.gz
- fontsource-biz-udpgothic/5.0.4/files/biz-udpgothic-81-400-normal.woff2
- fontsource-biz-udpgothic/5.0.4/files/biz-udpgothic-81-700-normal.woff.br
- fontsource-biz-udpgothic/5.0.4/files/biz-udpgothic-81-700-normal.woff.gz
- fontsource-biz-udpgothic/5.0.4/files/biz-udpgothic-81-700-normal.woff2
- fontsource-biz-udpgothic/5.0.4/files/biz-udpgothic-82-400-normal.woff.br
- fontsource-biz-udpgothic/5.0.4/files/biz-udpgothic-82-400-normal.woff.gz
- fontsource-biz-udpgothic/5.0.4/files/biz-udpgothic-82-400-normal.woff2
- fontsource-biz-udpgothic/5.0.4/files/biz-udpgothic-82-700-normal.woff.br
- fontsource-biz-udpgothic/5.0.4/files/biz-udpgothic-82-700-normal.woff.gz
- fontsource-biz-udpgothic/5.0.4/files/biz-udpgothic-82-700-normal.woff2
- fontsource-biz-udpgothic/5.0.4/files/biz-udpgothic-83-400-normal.woff.br
- fontsource-biz-udpgothic/5.0.4/files/biz-udpgothic-83-400-normal.woff.gz
- fontsource-biz-udpgothic/5.0.4/files/biz-udpgothic-83-400-normal.woff2
- fontsource-biz-udpgothic/5.0.4/files/biz-udpgothic-83-700-normal.woff.br
- fontsource-biz-udpgothic/5.0.4/files/biz-udpgothic-83-700-normal.woff.gz
- fontsource-biz-udpgothic/5.0.4/files/biz-udpgothic-83-700-normal.woff2
- fontsource-biz-udpgothic/5.0.4/files/biz-udpgothic-84-400-normal.woff.br
- fontsource-biz-udpgothic/5.0.4/files/biz-udpgothic-84-400-normal.woff.gz
- fontsource-biz-udpgothic/5.0.4/files/biz-udpgothic-84-400-normal.woff2
- fontsource-biz-udpgothic/5.0.4/files/biz-udpgothic-84-700-normal.woff.br
- fontsource-biz-udpgothic/5.0.4/files/biz-udpgothic-84-700-normal.woff.gz
- fontsource-biz-udpgothic/5.0.4/files/biz-udpgothic-84-700-normal.woff2
- fontsource-biz-udpgothic/5.0.4/files/biz-udpgothic-85-400-normal.woff.br
- fontsource-biz-udpgothic/5.0.4/files/biz-udpgothic-85-400-normal.woff.gz
- fontsource-biz-udpgothic/5.0.4/files/biz-udpgothic-85-400-normal.woff2
- fontsource-biz-udpgothic/5.0.4/files/biz-udpgothic-85-700-normal.woff.br
- fontsource-biz-udpgothic/5.0.4/files/biz-udpgothic-85-700-normal.woff.gz
- fontsource-biz-udpgothic/5.0.4/files/biz-udpgothic-85-700-normal.woff2
- fontsource-biz-udpgothic/5.0.4/files/biz-udpgothic-86-400-normal.woff.br
- fontsource-biz-udpgothic/5.0.4/files/biz-udpgothic-86-400-normal.woff.gz
- fontsource-biz-udpgothic/5.0.4/files/biz-udpgothic-86-400-normal.woff2
- fontsource-biz-udpgothic/5.0.4/files/biz-udpgothic-86-700-normal.woff.br
- fontsource-biz-udpgothic/5.0.4/files/biz-udpgothic-86-700-normal.woff.gz
- fontsource-biz-udpgothic/5.0.4/files/biz-udpgothic-86-700-normal.woff2
- fontsource-biz-udpgothic/5.0.4/files/biz-udpgothic-87-400-normal.woff.br
- fontsource-biz-udpgothic/5.0.4/files/biz-udpgothic-87-400-normal.woff.gz
- fontsource-biz-udpgothic/5.0.4/files/biz-udpgothic-87-400-normal.woff2
- fontsource-biz-udpgothic/5.0.4/files/biz-udpgothic-87-700-normal.woff.br
- fontsource-biz-udpgothic/5.0.4/files/biz-udpgothic-87-700-normal.woff.gz
- fontsource-biz-udpgothic/5.0.4/files/biz-udpgothic-87-700-normal.woff2
- fontsource-biz-udpgothic/5.0.4/files/biz-udpgothic-88-400-normal.woff.br
- fontsource-biz-udpgothic/5.0.4/files/biz-udpgothic-88-400-normal.woff.gz
- fontsource-biz-udpgothic/5.0.4/files/biz-udpgothic-88-400-normal.woff2
- fontsource-biz-udpgothic/5.0.4/files/biz-udpgothic-88-700-normal.woff.br
- fontsource-biz-udpgothic/5.0.4/files/biz-udpgothic-88-700-normal.woff.gz
- fontsource-biz-udpgothic/5.0.4/files/biz-udpgothic-88-700-normal.woff2
- fontsource-biz-udpgothic/5.0.4/files/biz-udpgothic-89-400-normal.woff.br
- fontsource-biz-udpgothic/5.0.4/files/biz-udpgothic-89-400-normal.woff.gz
- fontsource-biz-udpgothic/5.0.4/files/biz-udpgothic-89-400-normal.woff2
- fontsource-biz-udpgothic/5.0.4/files/biz-udpgothic-89-700-normal.woff.br
- fontsource-biz-udpgothic/5.0.4/files/biz-udpgothic-89-700-normal.woff.gz
- fontsource-biz-udpgothic/5.0.4/files/biz-udpgothic-89-700-normal.woff2
- fontsource-biz-udpgothic/5.0.4/files/biz-udpgothic-9-400-normal.woff.br
- fontsource-biz-udpgothic/5.0.4/files/biz-udpgothic-9-400-normal.woff.gz
- fontsource-biz-udpgothic/5.0.4/files/biz-udpgothic-9-400-normal.woff2
- fontsource-biz-udpgothic/5.0.4/files/biz-udpgothic-9-700-normal.woff.br
- fontsource-biz-udpgothic/5.0.4/files/biz-udpgothic-9-700-normal.woff.gz
- fontsource-biz-udpgothic/5.0.4/files/biz-udpgothic-9-700-normal.woff2
- fontsource-biz-udpgothic/5.0.4/files/biz-udpgothic-90-400-normal.woff.br
- fontsource-biz-udpgothic/5.0.4/files/biz-udpgothic-90-400-normal.woff.gz
- fontsource-biz-udpgothic/5.0.4/files/biz-udpgothic-90-400-normal.woff2
- fontsource-biz-udpgothic/5.0.4/files/biz-udpgothic-90-700-normal.woff.br
- fontsource-biz-udpgothic/5.0.4/files/biz-udpgothic-90-700-normal.woff.gz
- fontsource-biz-udpgothic/5.0.4/files/biz-udpgothic-90-700-normal.woff2
- fontsource-biz-udpgothic/5.0.4/files/biz-udpgothic-91-400-normal.woff.br
- fontsource-biz-udpgothic/5.0.4/files/biz-udpgothic-91-400-normal.woff.gz
- fontsource-biz-udpgothic/5.0.4/files/biz-udpgothic-91-400-normal.woff2
- fontsource-biz-udpgothic/5.0.4/files/biz-udpgothic-91-700-normal.woff.br
- fontsource-biz-udpgothic/5.0.4/files/biz-udpgothic-91-700-normal.woff.gz
- fontsource-biz-udpgothic/5.0.4/files/biz-udpgothic-91-700-normal.woff2
- fontsource-biz-udpgothic/5.0.4/files/biz-udpgothic-92-400-normal.woff.br
- fontsource-biz-udpgothic/5.0.4/files/biz-udpgothic-92-400-normal.woff.gz
- fontsource-biz-udpgothic/5.0.4/files/biz-udpgothic-92-400-normal.woff2
- fontsource-biz-udpgothic/5.0.4/files/biz-udpgothic-92-700-normal.woff.br
- fontsource-biz-udpgothic/5.0.4/files/biz-udpgothic-92-700-normal.woff.gz
- fontsource-biz-udpgothic/5.0.4/files/biz-udpgothic-92-700-normal.woff2
- fontsource-biz-udpgothic/5.0.4/files/biz-udpgothic-93-400-normal.woff.br
- fontsource-biz-udpgothic/5.0.4/files/biz-udpgothic-93-400-normal.woff.gz
- fontsource-biz-udpgothic/5.0.4/files/biz-udpgothic-93-400-normal.woff2
- fontsource-biz-udpgothic/5.0.4/files/biz-udpgothic-93-700-normal.woff.br
- fontsource-biz-udpgothic/5.0.4/files/biz-udpgothic-93-700-normal.woff.gz
- fontsource-biz-udpgothic/5.0.4/files/biz-udpgothic-93-700-normal.woff2
- fontsource-biz-udpgothic/5.0.4/files/biz-udpgothic-94-400-normal.woff.br
- fontsource-biz-udpgothic/5.0.4/files/biz-udpgothic-94-400-normal.woff.gz
- fontsource-biz-udpgothic/5.0.4/files/biz-udpgothic-94-400-normal.woff2
- fontsource-biz-udpgothic/5.0.4/files/biz-udpgothic-94-700-normal.woff.br
- fontsource-biz-udpgothic/5.0.4/files/biz-udpgothic-94-700-normal.woff.gz
- fontsource-biz-udpgothic/5.0.4/files/biz-udpgothic-94-700-normal.woff2
- fontsource-biz-udpgothic/5.0.4/files/biz-udpgothic-95-400-normal.woff.br
- fontsource-biz-udpgothic/5.0.4/files/biz-udpgothic-95-400-normal.woff.gz
- fontsource-biz-udpgothic/5.0.4/files/biz-udpgothic-95-400-normal.woff2
- fontsource-biz-udpgothic/5.0.4/files/biz-udpgothic-95-700-normal.woff.br
- fontsource-biz-udpgothic/5.0.4/files/biz-udpgothic-95-700-normal.woff.gz
- fontsource-biz-udpgothic/5.0.4/files/biz-udpgothic-95-700-normal.woff2
- fontsource-biz-udpgothic/5.0.4/files/biz-udpgothic-96-400-normal.woff.br
- fontsource-biz-udpgothic/5.0.4/files/biz-udpgothic-96-400-normal.woff.gz
- fontsource-biz-udpgothic/5.0.4/files/biz-udpgothic-96-400-normal.woff2
- fontsource-biz-udpgothic/5.0.4/files/biz-udpgothic-96-700-normal.woff.br
- fontsource-biz-udpgothic/5.0.4/files/biz-udpgothic-96-700-normal.woff.gz
- fontsource-biz-udpgothic/5.0.4/files/biz-udpgothic-96-700-normal.woff2
- fontsource-biz-udpgothic/5.0.4/files/biz-udpgothic-97-400-normal.woff.br
- fontsource-biz-udpgothic/5.0.4/files/biz-udpgothic-97-400-normal.woff.gz
- fontsource-biz-udpgothic/5.0.4/files/biz-udpgothic-97-400-normal.woff2
- fontsource-biz-udpgothic/5.0.4/files/biz-udpgothic-97-700-normal.woff.br
- fontsource-biz-udpgothic/5.0.4/files/biz-udpgothic-97-700-normal.woff.gz
- fontsource-biz-udpgothic/5.0.4/files/biz-udpgothic-97-700-normal.woff2
- fontsource-biz-udpgothic/5.0.4/files/biz-udpgothic-98-400-normal.woff.br
- fontsource-biz-udpgothic/5.0.4/files/biz-udpgothic-98-400-normal.woff.gz
- fontsource-biz-udpgothic/5.0.4/files/biz-udpgothic-98-400-normal.woff2
- fontsource-biz-udpgothic/5.0.4/files/biz-udpgothic-98-700-normal.woff.br
- fontsource-biz-udpgothic/5.0.4/files/biz-udpgothic-98-700-normal.woff.gz
- fontsource-biz-udpgothic/5.0.4/files/biz-udpgothic-98-700-normal.woff2
- fontsource-biz-udpgothic/5.0.4/files/biz-udpgothic-99-400-normal.woff.br
- fontsource-biz-udpgothic/5.0.4/files/biz-udpgothic-99-400-normal.woff.gz
- fontsource-biz-udpgothic/5.0.4/files/biz-udpgothic-99-400-normal.woff2
- fontsource-biz-udpgothic/5.0.4/files/biz-udpgothic-99-700-normal.woff.br
- fontsource-biz-udpgothic/5.0.4/files/biz-udpgothic-99-700-normal.woff.gz
- fontsource-biz-udpgothic/5.0.4/files/biz-udpgothic-99-700-normal.woff2
- fontsource-biz-udpgothic/5.0.4/files/biz-udpgothic-cyrillic-400-normal.woff.br
- fontsource-biz-udpgothic/5.0.4/files/biz-udpgothic-cyrillic-400-normal.woff.gz
- fontsource-biz-udpgothic/5.0.4/files/biz-udpgothic-cyrillic-400-normal.woff2
- fontsource-biz-udpgothic/5.0.4/files/biz-udpgothic-cyrillic-700-normal.woff.br
- fontsource-biz-udpgothic/5.0.4/files/biz-udpgothic-cyrillic-700-normal.woff.gz
- fontsource-biz-udpgothic/5.0.4/files/biz-udpgothic-cyrillic-700-normal.woff2
- fontsource-biz-udpgothic/5.0.4/files/biz-udpgothic-greek-ext-400-normal.woff.br
- fontsource-biz-udpgothic/5.0.4/files/biz-udpgothic-greek-ext-400-normal.woff.gz
- fontsource-biz-udpgothic/5.0.4/files/biz-udpgothic-greek-ext-400-normal.woff2
- fontsource-biz-udpgothic/5.0.4/files/biz-udpgothic-greek-ext-700-normal.woff.br
- fontsource-biz-udpgothic/5.0.4/files/biz-udpgothic-greek-ext-700-normal.woff.gz
- fontsource-biz-udpgothic/5.0.4/files/biz-udpgothic-greek-ext-700-normal.woff2
- fontsource-biz-udpgothic/5.0.4/files/biz-udpgothic-japanese-400-normal.woff.br
- fontsource-biz-udpgothic/5.0.4/files/biz-udpgothic-japanese-400-normal.woff.gz
- fontsource-biz-udpgothic/5.0.4/files/biz-udpgothic-japanese-400-normal.woff2
- fontsource-biz-udpgothic/5.0.4/files/biz-udpgothic-japanese-700-normal.woff.br
- fontsource-biz-udpgothic/5.0.4/files/biz-udpgothic-japanese-700-normal.woff.gz
- fontsource-biz-udpgothic/5.0.4/files/biz-udpgothic-japanese-700-normal.woff2
- fontsource-biz-udpgothic/5.0.4/files/biz-udpgothic-latin-400-normal.woff.br
- fontsource-biz-udpgothic/5.0.4/files/biz-udpgothic-latin-400-normal.woff.gz
- fontsource-biz-udpgothic/5.0.4/files/biz-udpgothic-latin-400-normal.woff2
- fontsource-biz-udpgothic/5.0.4/files/biz-udpgothic-latin-700-normal.woff.br
- fontsource-biz-udpgothic/5.0.4/files/biz-udpgothic-latin-700-normal.woff.gz
- fontsource-biz-udpgothic/5.0.4/files/biz-udpgothic-latin-700-normal.woff2
- fontsource-biz-udpgothic/5.0.4/files/biz-udpgothic-latin-ext-400-normal.woff.br
- fontsource-biz-udpgothic/5.0.4/files/biz-udpgothic-latin-ext-400-normal.woff.gz
- fontsource-biz-udpgothic/5.0.4/files/biz-udpgothic-latin-ext-400-normal.woff2
- fontsource-biz-udpgothic/5.0.4/files/biz-udpgothic-latin-ext-700-normal.woff.br
- fontsource-biz-udpgothic/5.0.4/files/biz-udpgothic-latin-ext-700-normal.woff.gz
- fontsource-biz-udpgothic/5.0.4/files/biz-udpgothic-latin-ext-700-normal.woff2
- fontsource-biz-udpgothic/5.0.4/greek-ext-400.css.br
- fontsource-biz-udpgothic/5.0.4/greek-ext-400.css.gz
- fontsource-biz-udpgothic/5.0.4/greek-ext-400.min.css.br
- fontsource-biz-udpgothic/5.0.4/greek-ext-400.min.css.gz
- fontsource-biz-udpgothic/5.0.4/greek-ext-700.css.br
- fontsource-biz-udpgothic/5.0.4/greek-ext-700.css.gz
- fontsource-biz-udpgothic/5.0.4/greek-ext-700.min.css.br
- fontsource-biz-udpgothic/5.0.4/greek-ext-700.min.css.gz
- fontsource-biz-udpgothic/5.0.4/greek-ext.css.br
- fontsource-biz-udpgothic/5.0.4/greek-ext.css.gz
- fontsource-biz-udpgothic/5.0.4/greek-ext.min.css.br
- fontsource-biz-udpgothic/5.0.4/greek-ext.min.css.gz
- fontsource-biz-udpgothic/5.0.4/index.css.br
- fontsource-biz-udpgothic/5.0.4/index.css.gz
- fontsource-biz-udpgothic/5.0.4/index.min.css.br
- fontsource-biz-udpgothic/5.0.4/index.min.css.gz
- fontsource-biz-udpgothic/5.0.4/japanese-400.css.br
- fontsource-biz-udpgothic/5.0.4/japanese-400.css.gz
- fontsource-biz-udpgothic/5.0.4/japanese-400.min.css.br
- fontsource-biz-udpgothic/5.0.4/japanese-400.min.css.gz
- fontsource-biz-udpgothic/5.0.4/japanese-700.css.br
- fontsource-biz-udpgothic/5.0.4/japanese-700.css.gz
- fontsource-biz-udpgothic/5.0.4/japanese-700.min.css.br
- fontsource-biz-udpgothic/5.0.4/japanese-700.min.css.gz
- fontsource-biz-udpgothic/5.0.4/japanese.css.br
- fontsource-biz-udpgothic/5.0.4/japanese.css.gz
- fontsource-biz-udpgothic/5.0.4/japanese.min.css.br
- fontsource-biz-udpgothic/5.0.4/japanese.min.css.gz
- fontsource-biz-udpgothic/5.0.4/latin-400.css.br
- fontsource-biz-udpgothic/5.0.4/latin-400.css.gz
- fontsource-biz-udpgothic/5.0.4/latin-400.min.css.br
- fontsource-biz-udpgothic/5.0.4/latin-400.min.css.gz
- fontsource-biz-udpgothic/5.0.4/latin-700.css.br
- fontsource-biz-udpgothic/5.0.4/latin-700.css.gz
- fontsource-biz-udpgothic/5.0.4/latin-700.min.css.br
- fontsource-biz-udpgothic/5.0.4/latin-700.min.css.gz
- fontsource-biz-udpgothic/5.0.4/latin-ext-400.css.br
- fontsource-biz-udpgothic/5.0.4/latin-ext-400.css.gz
- fontsource-biz-udpgothic/5.0.4/latin-ext-400.min.css.br
- fontsource-biz-udpgothic/5.0.4/latin-ext-400.min.css.gz
- fontsource-biz-udpgothic/5.0.4/latin-ext-700.css.br
- fontsource-biz-udpgothic/5.0.4/latin-ext-700.css.gz
- fontsource-biz-udpgothic/5.0.4/latin-ext-700.min.css.br
- fontsource-biz-udpgothic/5.0.4/latin-ext-700.min.css.gz
- fontsource-biz-udpgothic/5.0.4/latin-ext.css.br
- fontsource-biz-udpgothic/5.0.4/latin-ext.css.gz
- fontsource-biz-udpgothic/5.0.4/latin-ext.min.css.br
- fontsource-biz-udpgothic/5.0.4/latin-ext.min.css.gz
- fontsource-biz-udpgothic/5.0.4/latin.css.br
- fontsource-biz-udpgothic/5.0.4/latin.css.gz
- fontsource-biz-udpgothic/5.0.4/latin.min.css.br
- fontsource-biz-udpgothic/5.0.4/latin.min.css.gz
SRIs:
- fontsource-biz-udpgothic/5.0.4/cyrillic-700.min.css: sha512-xx6tS3MswrvT+a6P6nvYQoPj9V5QKpavdxJUwjbzweAlAHUAaUWaaxWE12A5viXszBUX61ZUyF+TpUYvvTJSew==
- fontsource-biz-udpgothic/5.0.4/cyrillic.css: sha512-hQUrej6SxRrm9sHLbpm9xyJGCQM9xgjQgOTnDkoin4xPNeaQ1dCwgFKmcs/4/lWsNgHeMCJOpwC2Q5frldH81Q==
- fontsource-biz-udpgothic/5.0.4/cyrillic.min.css: sha512-/6e0O1RTBGOHA/OPT4XUjaCk9c59L/J3lUsppF/zzuY51IWH3PnI8izQLhUNia5HvXHd3VUahBy4ZhHLdeeACQ==
- fontsource-biz-udpgothic/5.0.4/japanese-700.min.css: sha512-3dZQNW9YrVWqdzY7VfLcNoRviB0zdPgJ6PnlV6glRbuB7+Y17+7edf5l9z3rZLuf6Mg0wdtnN7nEz2qC+IVCWw==
- fontsource-biz-udpgothic/5.0.4/japanese.css: sha512-1J2K/a2LVPskgd0ZFvvE51Ydjm1++x2efrwSlaMAYrYxxHIJN6fMSbJX4CJ9bbEurlU2RFjdZ8A3r60KmI2oqg==
- fontsource-biz-udpgothic/5.0.4/cyrillic-400.min.css: sha512-pBRzECC42FOvTCO6bfDZRpSEv1RbgsPgxRZ+8fkWxzeMzaG+NxQVnpKlX2pTR0nH4evLTHEKBbGxNbZU/Ris8Q==
- fontsource-biz-udpgothic/5.0.4/greek-ext-700.min.css: sha512-8ufAhA2b3eAWUp4HXm1G9Hko/kEBCvtqbaarqFIbaQ0w/EFLJpROysblTZDEFtfvakSd4D7IQwHd1sFBm6kTUQ==
- fontsource-biz-udpgothic/5.0.4/index.css: sha512-K7DkdGcH5eddYiYPBFmtxEnDVk3RN2J/R6ShQWwzau/gFVOo2vz8HvP1uhW7YSImtRPGUBWwXDYc4cbwCsFgmQ==
- fontsource-biz-udpgothic/5.0.4/japanese-400.min.css: sha512-zAximrExoDaEieLNrGH5LLjEGs76B2unlwbAp3yWwwxIeiiqmN8wQzFPrXWU731mSb5fNqo7vquTmz+HwT5BPQ==
- fontsource-biz-udpgothic/5.0.4/latin-400.css: sha512-sYLgDAqHXr3V0xasXaYaqO8hU22vqP2TxTXPsND2PfpizoEXHArc9G/fR4ZwH3npqIZm56OHgQ7fxfAJ+gUNWQ==
- fontsource-biz-udpgothic/5.0.4/cyrillic-400.css: sha512-Y8T7nlZX+MAK/PW9CwDa+4Wxr5H0o0lDqprKxPQRoAKP/D6BiZsTcXH+dqdHQLfKyec8Ti4SqZAE+12BLiTI4A==
- fontsource-biz-udpgothic/5.0.4/japanese-400.css: sha512-dWGQf8IvZnxmd2jjHauhglaDC4ifTg99EkFHJH77uKl3hcxMA0JlgTtXoZyPuWDxiE89J3JWLfZ/kD6uC45Byw==
- fontsource-biz-udpgothic/5.0.4/japanese.min.css: sha512-NGFSECnhs5L+k8qaf1YxEgN1wB2xIBAjOlXUWWPunDTnWWkpLTbkvlA335HEqdWc11zdnJBj8LMT4YlMi1UZiA==
- fontsource-biz-udpgothic/5.0.4/latin-700.css: sha512-7Hz88eQv92jFKeXQsADSdav2oSievw0CJ4syx6Uabb90ZMiAtj1ICpzSK/bpNUBu7BQyeHAW5ft+pw/pBf+K8A==
- fontsource-biz-udpgothic/5.0.4/400.css: sha512-K7DkdGcH5eddYiYPBFmtxEnDVk3RN2J/R6ShQWwzau/gFVOo2vz8HvP1uhW7YSImtRPGUBWwXDYc4cbwCsFgmQ==
- fontsource-biz-udpgothic/5.0.4/700.min.css: sha512-3U4I11JfI9XN4AjmJiynp0aIDcgVwCIEG/WIfBEduW7lgNWnn01ettDFsqSiD28mXXgHzZbGiYT1sFeg1je2lw==
- fontsource-biz-udpgothic/5.0.4/greek-ext-400.css: sha512-RDo3/ds2z2XgSf6FiMnVrIMi6SiKaXnqXOMn02ydbxA1trpQ2/v0jqWcp4PK2qSoium3pOyir7upcAK9hQcF6A==
- fontsource-biz-udpgothic/5.0.4/greek-ext.css: sha512-uAmmLlDOgcHcRh41S36wSJ5pkiTRQoLvIkTu4UbkNmOr+uGMm8XMHOYTZcPjh2RA7/V2d5a1Sg0zf+s9Z4pQlw==
- fontsource-biz-udpgothic/5.0.4/japanese-700.css: sha512-mVY3o5YW3zIVFk/BvjqkAw49EQieHQPIeDjJ302SogbfIAUPxDkNLf9Y97BEti5IayxfZXxaYkAOjV+/XA5PRA==
- fontsource-biz-udpgothic/5.0.4/latin.css: sha512-O1dul7bn44iJu9C55eWHFlv+us0vULzIB2/8Y1YN9zfIWXanQIvNmSujNbxL4SKvWy3T9iq0OJoOkkAl+Dxt5g==
- fontsource-biz-udpgothic/5.0.4/700.css: sha512-C+/9z651J8SOzRwrJ7sBmSRB9bcc5wDIt+pfKNTZmSVCQYhLaiUP2rYA12Q1nkIWBWT0bv4NEpmd50nTLTsEdw==
- fontsource-biz-udpgothic/5.0.4/greek-ext-400.min.css: sha512-AHQIvvrAHsBYbAL3x+Dpul5wVxgZmUTUW75G0xEatjhYUBzvOWgg/KRwupgRLdFjWDr7HplX2ksK3QfffbdASQ==
- fontsource-biz-udpgothic/5.0.4/greek-ext-700.css: sha512-iI7Rf63fZOodlau7frlB+s91w3CNIhNP2/RcLOEuNyOdDuRkSOdz8Aqhd3IGPq7+eYqzX2kh+/F5eHgMJw0HIw==
- fontsource-biz-udpgothic/5.0.4/index.min.css: sha512-FQGBiAu17pyWWeXHzUK7Mk7UzMqjGYZjMDnWUKpD4ed+AEIMIoN26W2vMIyJyb/ULmjsA1kJuRQjWMBQNI/6jw==
- fontsource-biz-udpgothic/5.0.4/latin-ext-400.css: sha512-tjXM05fx3hmflF6QX9a7YKl8WBvOHpCjG/HQKtZj3PsOHvBJzk5ow5wMXk9icQBOtbkRHc7kYFAJEIQSiT9tew==
- fontsource-biz-udpgothic/5.0.4/latin-ext.min.css: sha512-FMOcvfau7NqVo9o98WPMAEqFFvnFqLYSoZjfla1HSY7ODJmyWFi3pockV4S6XL/BwaJgQMydY8bvMZ2ZIwtW3A==
- fontsource-biz-udpgothic/5.0.4/latin.min.css: sha512-v9RF08kR+BrXPUDBG8iBWbOPKD/pbWhQ4nacHFQwPcxjQ2XSbCxmMGUvqYlCWuUbzJyI5kHPb6WNSTVRK/VnXA==
- fontsource-biz-udpgothic/5.0.4/400.min.css: sha512-FQGBiAu17pyWWeXHzUK7Mk7UzMqjGYZjMDnWUKpD4ed+AEIMIoN26W2vMIyJyb/ULmjsA1kJuRQjWMBQNI/6jw==
- fontsource-biz-udpgothic/5.0.4/latin-400.min.css: sha512-Qp7sLmEIlDRSfKMJi8VDL4uvYGrF/SzpZu7zmtQnHH4fga0TlIVzrZrvrD+Hlpu2BFXbjwjYT1fNQjgwGuRTfQ==
- fontsource-biz-udpgothic/5.0.4/latin-700.min.css: sha512-JBYqEjju4Ex3lkZevhEyT9FTIwzl6PiGew9UkUjYwbKw5kxVV2AbTHNuZA0PTSgAE6FdLFtfDHDLIGnB4cvtfw==
- fontsource-biz-udpgothic/5.0.4/latin-ext-400.min.css: sha512-URgZtp0GiUnvp3Effg+QxnAcL/z4yWNZT7nooVnn1ZZu0qvoziQu21224vduswVu4i+KAsboLaLebzPd5lurJw==
- fontsource-biz-udpgothic/5.0.4/latin-ext-700.css: sha512-yibpYXFMyPJcBLQ6XljHfnub7Lx8Pv+orCrkr6I+qCbDzZBdEZF+JlZlcllGhOYe01Rs3HZfGy+2yJNO8FL4RA==
- fontsource-biz-udpgothic/5.0.4/latin-ext.css: sha512-6MuI3GOG2POghR+pWUCrx2TCn/V8Z1l2JjSrJdeg4eWuEpDkwuXwDyIwHu+myKrglSuEmh14RVYz5k0AsLsHcA==
- fontsource-biz-udpgothic/5.0.4/cyrillic-700.css: sha512-euhzr6L3yhPz5yaLcv+zx+mNGRjQC7Wne0w5q2JstWSZ6rYhdp5WcQ0TbvWzpSRy7EO+dI1C9b7ZY3og7bZZQA==
- fontsource-biz-udpgothic/5.0.4/greek-ext.min.css: sha512-+AgKVKsI6KFZc7plhv1j2uM7JdK5Q638HZ4rZ/hY5hsPt40kjgJCelcd3RaOzg/QSBwNW23zsoUXZkxhqnsg6Q==
- fontsource-biz-udpgothic/5.0.4/latin-ext-700.min.css: sha512-mwBfpZTwybxedlVL0LcuJerbuuuiRnpjFFCMssnP0bW4rBT0u52/6e9yWcBGRE5/w6bSX+MpWJknf5EAOasI7Q==
