Files:
- fontsource-estonia/4.5.8/400.css.br
- fontsource-estonia/4.5.8/400.css.gz
- fontsource-estonia/4.5.8/400.min.css.br
- fontsource-estonia/4.5.8/400.min.css.gz
- fontsource-estonia/4.5.8/files/estonia-all-400-normal.woff.br
- fontsource-estonia/4.5.8/files/estonia-all-400-normal.woff.gz
- fontsource-estonia/4.5.8/files/estonia-latin-400-normal.woff.br
- fontsource-estonia/4.5.8/files/estonia-latin-400-normal.woff.gz
- fontsource-estonia/4.5.8/files/estonia-latin-400-normal.woff2
- fontsource-estonia/4.5.8/files/estonia-latin-ext-400-normal.woff.br
- fontsource-estonia/4.5.8/files/estonia-latin-ext-400-normal.woff.gz
- fontsource-estonia/4.5.8/files/estonia-latin-ext-400-normal.woff2
- fontsource-estonia/4.5.8/files/estonia-vietnamese-400-normal.woff.br
- fontsource-estonia/4.5.8/files/estonia-vietnamese-400-normal.woff.gz
- fontsource-estonia/4.5.8/files/estonia-vietnamese-400-normal.woff2
- fontsource-estonia/4.5.8/index.css.br
- fontsource-estonia/4.5.8/index.css.gz
- fontsource-estonia/4.5.8/index.min.css.br
- fontsource-estonia/4.5.8/index.min.css.gz
- fontsource-estonia/4.5.8/latin-400.css.br
- fontsource-estonia/4.5.8/latin-400.css.gz
- fontsource-estonia/4.5.8/latin-400.min.css.br
- fontsource-estonia/4.5.8/latin-400.min.css.gz
- fontsource-estonia/4.5.8/latin-ext-400.css.br
- fontsource-estonia/4.5.8/latin-ext-400.css.gz
- fontsource-estonia/4.5.8/latin-ext-400.min.css.br
- fontsource-estonia/4.5.8/latin-ext-400.min.css.gz
- fontsource-estonia/4.5.8/latin-ext.css.br
- fontsource-estonia/4.5.8/latin-ext.css.gz
- fontsource-estonia/4.5.8/latin-ext.min.css.br
- fontsource-estonia/4.5.8/latin-ext.min.css.gz
- fontsource-estonia/4.5.8/latin.css.br
- fontsource-estonia/4.5.8/latin.css.gz
- fontsource-estonia/4.5.8/latin.min.css.br
- fontsource-estonia/4.5.8/latin.min.css.gz
- fontsource-estonia/4.5.8/vietnamese-400.css.br
- fontsource-estonia/4.5.8/vietnamese-400.css.gz
- fontsource-estonia/4.5.8/vietnamese-400.min.css.br
- fontsource-estonia/4.5.8/vietnamese-400.min.css.gz
- fontsource-estonia/4.5.8/vietnamese.css.br
- fontsource-estonia/4.5.8/vietnamese.css.gz
- fontsource-estonia/4.5.8/vietnamese.min.css.br
- fontsource-estonia/4.5.8/vietnamese.min.css.gz
