Files:
- fontsource-twinkle-star/5.0.13/400.css.gz
- fontsource-twinkle-star/5.0.13/400.min.css.gz
- fontsource-twinkle-star/5.0.13/files/twinkle-star-latin-400-normal.woff.gz
- fontsource-twinkle-star/5.0.13/files/twinkle-star-latin-ext-400-normal.woff.gz
- fontsource-twinkle-star/5.0.13/files/twinkle-star-vietnamese-400-normal.woff.gz
- fontsource-twinkle-star/5.0.13/index.css.gz
- fontsource-twinkle-star/5.0.13/index.min.css.gz
- fontsource-twinkle-star/5.0.13/latin-400.css.gz
- fontsource-twinkle-star/5.0.13/latin-400.min.css.gz
- fontsource-twinkle-star/5.0.13/latin-ext-400.css.gz
- fontsource-twinkle-star/5.0.13/latin-ext-400.min.css.gz
- fontsource-twinkle-star/5.0.13/latin-ext.css.gz
- fontsource-twinkle-star/5.0.13/latin-ext.min.css.gz
- fontsource-twinkle-star/5.0.13/latin.css.gz
- fontsource-twinkle-star/5.0.13/latin.min.css.gz
- fontsource-twinkle-star/5.0.13/vietnamese-400.css.gz
- fontsource-twinkle-star/5.0.13/vietnamese-400.min.css.gz
- fontsource-twinkle-star/5.0.13/vietnamese.css.gz
- fontsource-twinkle-star/5.0.13/vietnamese.min.css.gz
