config: {"authors":[{"name":"Harttle","url":"https://github.com/harttle"}],"autoupdate":{"source":"npm","target":"liquidjs","fileMap":[{"basePath":"dist","files":["liquid.browser*"]}]},"description":"A simple, expressive, safe and Shopify compatible template engine in pure JavaScript.","filename":"liquid.browser.min.js","keywords":["liquid","template engine","express","jinja","shopify"],"license":"MIT","name":"liquidjs","repository":{"type":"git","url":"https://github.com/harttle/liquidjs.git"},"author":"Harttle (https://github.com/harttle)"}
KV keys:
- liquidjs/10.15.0/liquid.browser.esm.js.br
- liquidjs/10.15.0/liquid.browser.esm.js.gz
- liquidjs/10.15.0/liquid.browser.esm.min.js.br
- liquidjs/10.15.0/liquid.browser.esm.min.js.gz
- liquidjs/10.15.0/liquid.browser.min.js.br
- liquidjs/10.15.0/liquid.browser.min.js.gz
- liquidjs/10.15.0/liquid.browser.min.js.map.br
- liquidjs/10.15.0/liquid.browser.min.js.map.gz
- liquidjs/10.15.0/liquid.browser.umd.js.br
- liquidjs/10.15.0/liquid.browser.umd.js.gz
- liquidjs/10.15.0/liquid.browser.umd.js.map.br
- liquidjs/10.15.0/liquid.browser.umd.js.map.gz
- liquidjs/10.15.0/liquid.browser.umd.min.js.br
- liquidjs/10.15.0/liquid.browser.umd.min.js.gz
SRIs:
- liquidjs/10.15.0/liquid.browser.esm.js: sha512-eqLSekZyshBQ130jDvHnjmB78YsgLwPwbRThp9DzrA/FYHa1sRnEw1Oaj65s9EiPJijatAxLJydrK7voK1iH0g==
- liquidjs/10.15.0/liquid.browser.esm.min.js: sha512-3B5lBpNDh9+4JGHB/cgZ9tv1s6sGzkuTBOQbZnxkFnGefVG7umBba9TSLyd/pTCQSka66oT+wnR6HCQ6gBNPdA==
- liquidjs/10.15.0/liquid.browser.min.js: sha512-xvz0lq5WeSBA8Btc973fZkPdCVS2eXFtkXlZrVo9ocAuYGesNrO6xV9MUgPiAAGGsLJP+FbHwVw67Oe9fX5Tuw==
- liquidjs/10.15.0/liquid.browser.umd.js: sha512-Tff70qRq1DwqCdNZGts5ZsPVRGVToPV2Gr8McY0dJhgmYibkNc3QuUW1OcdC5K++DEUWHfrBmmYhdjTiOlx2CQ==
- liquidjs/10.15.0/liquid.browser.umd.min.js: sha512-ZoZHdKYkgu8RQXV97ss42fnOnbq71Oxm5zS4k85ze5fFwW3R/E0QEAM83cLfuVg9ACWHi6NH8YGUCOlqWu5l+Q==
