config: {"authors":[{"name":"Christopher Jeffrey"}],"autoupdate":{"source":"npm","target":"marked","fileMap":[{"basePath":"","files":["marked.min.js","lib/*.@(cjs|js)"]}]},"description":"A markdown parser built for speed","filename":"marked.min.js","keywords":["markdown","markup","html"],"license":"MIT","name":"marked","repository":{"type":"git","url":"git://github.com/markedjs/marked.git"},"author":"Christopher Jeffrey"}
KV keys:
- marked/4.1.1/lib/marked.cjs.br
- marked/4.1.1/lib/marked.cjs.gz
- marked/4.1.1/lib/marked.esm.js.br
- marked/4.1.1/lib/marked.esm.js.gz
- marked/4.1.1/lib/marked.esm.min.js.br
- marked/4.1.1/lib/marked.esm.min.js.gz
- marked/4.1.1/lib/marked.umd.js.br
- marked/4.1.1/lib/marked.umd.js.gz
- marked/4.1.1/lib/marked.umd.min.js.br
- marked/4.1.1/lib/marked.umd.min.js.gz
- marked/4.1.1/marked.min.js.br
- marked/4.1.1/marked.min.js.gz
SRIs:
- marked/4.1.1/lib/marked.umd.js: sha512-aXZX9G7iFQpPnLOje7mXiKhZGL1iVRzqrcqc5A5SK+ipcORxzHciqlhnI5xQHPb0P5XG4QzuCkW9n7BEYemrHA==
- marked/4.1.1/lib/marked.umd.min.js: sha512-6cgEFJmGgwBe/Zl23fMbasC4u+YIzsy6wXRSiOWxnWuOzaS44XWm45SZB9WJ5I2Du7L4GwylD8Ek63ZhmMfL4w==
- marked/4.1.1/marked.min.js: sha512-+mCmSlBpa1bF0npQzdpxFWIyJaFbVdEcuyET6FtmHmlXIacQjN/vQs1paCsMlVHHZ2ltD2VTHy3fLFhXQu0AMA==
- marked/4.1.1/lib/marked.esm.js: sha512-WywATLpXNzUThGk37SUiafFUvN6N4kxdSHbNkYNA9IP32THgSGL4GnccSY1wtzeggn8t1B9pD9d7qkfhJsXasQ==
- marked/4.1.1/lib/marked.esm.min.js: sha512-P5Z+K8oztVovt5uOgsNPJyxU8ObKYAcG5J0BDCB3c2XVOJZ7IDpFxOVg6hUhEbnyBpU+T8EcsTwsnopfqbYlLw==
