Files:
- fontsource-trispace/5.0.6/100.css.br
- fontsource-trispace/5.0.6/100.min.css.br
- fontsource-trispace/5.0.6/200.css.br
- fontsource-trispace/5.0.6/200.min.css.br
- fontsource-trispace/5.0.6/300.css.br
- fontsource-trispace/5.0.6/300.min.css.br
- fontsource-trispace/5.0.6/400.css.br
- fontsource-trispace/5.0.6/400.min.css.br
- fontsource-trispace/5.0.6/500.css.br
- fontsource-trispace/5.0.6/500.min.css.br
- fontsource-trispace/5.0.6/600.css.br
- fontsource-trispace/5.0.6/600.min.css.br
- fontsource-trispace/5.0.6/700.css.br
- fontsource-trispace/5.0.6/700.min.css.br
- fontsource-trispace/5.0.6/800.css.br
- fontsource-trispace/5.0.6/800.min.css.br
- fontsource-trispace/5.0.6/files/trispace-latin-100-normal.woff.br
- fontsource-trispace/5.0.6/files/trispace-latin-200-normal.woff.br
- fontsource-trispace/5.0.6/files/trispace-latin-300-normal.woff.br
- fontsource-trispace/5.0.6/files/trispace-latin-400-normal.woff.br
- fontsource-trispace/5.0.6/files/trispace-latin-500-normal.woff.br
- fontsource-trispace/5.0.6/files/trispace-latin-600-normal.woff.br
- fontsource-trispace/5.0.6/files/trispace-latin-700-normal.woff.br
- fontsource-trispace/5.0.6/files/trispace-latin-800-normal.woff.br
- fontsource-trispace/5.0.6/files/trispace-latin-ext-100-normal.woff.br
- fontsource-trispace/5.0.6/files/trispace-latin-ext-200-normal.woff.br
- fontsource-trispace/5.0.6/files/trispace-latin-ext-300-normal.woff.br
- fontsource-trispace/5.0.6/files/trispace-latin-ext-400-normal.woff.br
- fontsource-trispace/5.0.6/files/trispace-latin-ext-500-normal.woff.br
- fontsource-trispace/5.0.6/files/trispace-latin-ext-600-normal.woff.br
- fontsource-trispace/5.0.6/files/trispace-latin-ext-700-normal.woff.br
- fontsource-trispace/5.0.6/files/trispace-latin-ext-800-normal.woff.br
- fontsource-trispace/5.0.6/files/trispace-vietnamese-100-normal.woff.br
- fontsource-trispace/5.0.6/files/trispace-vietnamese-200-normal.woff.br
- fontsource-trispace/5.0.6/files/trispace-vietnamese-300-normal.woff.br
- fontsource-trispace/5.0.6/files/trispace-vietnamese-400-normal.woff.br
- fontsource-trispace/5.0.6/files/trispace-vietnamese-500-normal.woff.br
- fontsource-trispace/5.0.6/files/trispace-vietnamese-600-normal.woff.br
- fontsource-trispace/5.0.6/files/trispace-vietnamese-700-normal.woff.br
- fontsource-trispace/5.0.6/files/trispace-vietnamese-800-normal.woff.br
- fontsource-trispace/5.0.6/index.css.br
- fontsource-trispace/5.0.6/index.min.css.br
- fontsource-trispace/5.0.6/latin-100.css.br
- fontsource-trispace/5.0.6/latin-100.min.css.br
- fontsource-trispace/5.0.6/latin-200.css.br
- fontsource-trispace/5.0.6/latin-200.min.css.br
- fontsource-trispace/5.0.6/latin-300.css.br
- fontsource-trispace/5.0.6/latin-300.min.css.br
- fontsource-trispace/5.0.6/latin-400.css.br
- fontsource-trispace/5.0.6/latin-400.min.css.br
- fontsource-trispace/5.0.6/latin-500.css.br
- fontsource-trispace/5.0.6/latin-500.min.css.br
- fontsource-trispace/5.0.6/latin-600.css.br
- fontsource-trispace/5.0.6/latin-600.min.css.br
- fontsource-trispace/5.0.6/latin-700.css.br
- fontsource-trispace/5.0.6/latin-700.min.css.br
- fontsource-trispace/5.0.6/latin-800.css.br
- fontsource-trispace/5.0.6/latin-800.min.css.br
- fontsource-trispace/5.0.6/latin-ext-100.css.br
- fontsource-trispace/5.0.6/latin-ext-100.min.css.br
- fontsource-trispace/5.0.6/latin-ext-200.css.br
- fontsource-trispace/5.0.6/latin-ext-200.min.css.br
- fontsource-trispace/5.0.6/latin-ext-300.css.br
- fontsource-trispace/5.0.6/latin-ext-300.min.css.br
- fontsource-trispace/5.0.6/latin-ext-400.css.br
- fontsource-trispace/5.0.6/latin-ext-400.min.css.br
- fontsource-trispace/5.0.6/latin-ext-500.css.br
- fontsource-trispace/5.0.6/latin-ext-500.min.css.br
- fontsource-trispace/5.0.6/latin-ext-600.css.br
- fontsource-trispace/5.0.6/latin-ext-600.min.css.br
- fontsource-trispace/5.0.6/latin-ext-700.css.br
- fontsource-trispace/5.0.6/latin-ext-700.min.css.br
- fontsource-trispace/5.0.6/latin-ext-800.css.br
- fontsource-trispace/5.0.6/latin-ext-800.min.css.br
- fontsource-trispace/5.0.6/latin-ext.css.br
- fontsource-trispace/5.0.6/latin-ext.min.css.br
- fontsource-trispace/5.0.6/latin.css.br
- fontsource-trispace/5.0.6/latin.min.css.br
- fontsource-trispace/5.0.6/vietnamese-100.css.br
- fontsource-trispace/5.0.6/vietnamese-100.min.css.br
- fontsource-trispace/5.0.6/vietnamese-200.css.br
- fontsource-trispace/5.0.6/vietnamese-200.min.css.br
- fontsource-trispace/5.0.6/vietnamese-300.css.br
- fontsource-trispace/5.0.6/vietnamese-300.min.css.br
- fontsource-trispace/5.0.6/vietnamese-400.css.br
- fontsource-trispace/5.0.6/vietnamese-400.min.css.br
- fontsource-trispace/5.0.6/vietnamese-500.css.br
- fontsource-trispace/5.0.6/vietnamese-500.min.css.br
- fontsource-trispace/5.0.6/vietnamese-600.css.br
- fontsource-trispace/5.0.6/vietnamese-600.min.css.br
- fontsource-trispace/5.0.6/vietnamese-700.css.br
- fontsource-trispace/5.0.6/vietnamese-700.min.css.br
- fontsource-trispace/5.0.6/vietnamese-800.css.br
- fontsource-trispace/5.0.6/vietnamese-800.min.css.br
- fontsource-trispace/5.0.6/vietnamese.css.br
- fontsource-trispace/5.0.6/vietnamese.min.css.br
