Files:
- fontsource-antonio/5.0.16/100.css.gz
- fontsource-antonio/5.0.16/100.min.css.gz
- fontsource-antonio/5.0.16/200.css.gz
- fontsource-antonio/5.0.16/200.min.css.gz
- fontsource-antonio/5.0.16/300.css.gz
- fontsource-antonio/5.0.16/300.min.css.gz
- fontsource-antonio/5.0.16/400.css.gz
- fontsource-antonio/5.0.16/400.min.css.gz
- fontsource-antonio/5.0.16/500.css.gz
- fontsource-antonio/5.0.16/500.min.css.gz
- fontsource-antonio/5.0.16/600.css.gz
- fontsource-antonio/5.0.16/600.min.css.gz
- fontsource-antonio/5.0.16/700.css.gz
- fontsource-antonio/5.0.16/700.min.css.gz
- fontsource-antonio/5.0.16/files/antonio-latin-100-normal.woff.gz
- fontsource-antonio/5.0.16/files/antonio-latin-200-normal.woff.gz
- fontsource-antonio/5.0.16/files/antonio-latin-300-normal.woff.gz
- fontsource-antonio/5.0.16/files/antonio-latin-400-normal.woff.gz
- fontsource-antonio/5.0.16/files/antonio-latin-500-normal.woff.gz
- fontsource-antonio/5.0.16/files/antonio-latin-600-normal.woff.gz
- fontsource-antonio/5.0.16/files/antonio-latin-700-normal.woff.gz
- fontsource-antonio/5.0.16/files/antonio-latin-ext-100-normal.woff.gz
- fontsource-antonio/5.0.16/files/antonio-latin-ext-200-normal.woff.gz
- fontsource-antonio/5.0.16/files/antonio-latin-ext-300-normal.woff.gz
- fontsource-antonio/5.0.16/files/antonio-latin-ext-400-normal.woff.gz
- fontsource-antonio/5.0.16/files/antonio-latin-ext-500-normal.woff.gz
- fontsource-antonio/5.0.16/files/antonio-latin-ext-600-normal.woff.gz
- fontsource-antonio/5.0.16/files/antonio-latin-ext-700-normal.woff.gz
- fontsource-antonio/5.0.16/index.css.gz
- fontsource-antonio/5.0.16/index.min.css.gz
- fontsource-antonio/5.0.16/latin-100.css.gz
- fontsource-antonio/5.0.16/latin-100.min.css.gz
- fontsource-antonio/5.0.16/latin-200.css.gz
- fontsource-antonio/5.0.16/latin-200.min.css.gz
- fontsource-antonio/5.0.16/latin-300.css.gz
- fontsource-antonio/5.0.16/latin-300.min.css.gz
- fontsource-antonio/5.0.16/latin-400.css.gz
- fontsource-antonio/5.0.16/latin-400.min.css.gz
- fontsource-antonio/5.0.16/latin-500.css.gz
- fontsource-antonio/5.0.16/latin-500.min.css.gz
- fontsource-antonio/5.0.16/latin-600.css.gz
- fontsource-antonio/5.0.16/latin-600.min.css.gz
- fontsource-antonio/5.0.16/latin-700.css.gz
- fontsource-antonio/5.0.16/latin-700.min.css.gz
- fontsource-antonio/5.0.16/latin-ext-100.css.gz
- fontsource-antonio/5.0.16/latin-ext-100.min.css.gz
- fontsource-antonio/5.0.16/latin-ext-200.css.gz
- fontsource-antonio/5.0.16/latin-ext-200.min.css.gz
- fontsource-antonio/5.0.16/latin-ext-300.css.gz
- fontsource-antonio/5.0.16/latin-ext-300.min.css.gz
- fontsource-antonio/5.0.16/latin-ext-400.css.gz
- fontsource-antonio/5.0.16/latin-ext-400.min.css.gz
- fontsource-antonio/5.0.16/latin-ext-500.css.gz
- fontsource-antonio/5.0.16/latin-ext-500.min.css.gz
- fontsource-antonio/5.0.16/latin-ext-600.css.gz
- fontsource-antonio/5.0.16/latin-ext-600.min.css.gz
- fontsource-antonio/5.0.16/latin-ext-700.css.gz
- fontsource-antonio/5.0.16/latin-ext-700.min.css.gz
- fontsource-antonio/5.0.16/latin-ext.css.gz
- fontsource-antonio/5.0.16/latin-ext.min.css.gz
- fontsource-antonio/5.0.16/latin.css.gz
- fontsource-antonio/5.0.16/latin.min.css.gz
