Files:
- fontsource-pt-sans-narrow/5.0.21/400.css.br
- fontsource-pt-sans-narrow/5.0.21/400.css.gz
- fontsource-pt-sans-narrow/5.0.21/400.css.sri
- fontsource-pt-sans-narrow/5.0.21/400.min.css.br
- fontsource-pt-sans-narrow/5.0.21/400.min.css.gz
- fontsource-pt-sans-narrow/5.0.21/400.min.css.sri
- fontsource-pt-sans-narrow/5.0.21/700.css.br
- fontsource-pt-sans-narrow/5.0.21/700.css.gz
- fontsource-pt-sans-narrow/5.0.21/700.css.sri
- fontsource-pt-sans-narrow/5.0.21/700.min.css.br
- fontsource-pt-sans-narrow/5.0.21/700.min.css.gz
- fontsource-pt-sans-narrow/5.0.21/700.min.css.sri
- fontsource-pt-sans-narrow/5.0.21/cyrillic-400.css.br
- fontsource-pt-sans-narrow/5.0.21/cyrillic-400.css.gz
- fontsource-pt-sans-narrow/5.0.21/cyrillic-400.css.sri
- fontsource-pt-sans-narrow/5.0.21/cyrillic-400.min.css.br
- fontsource-pt-sans-narrow/5.0.21/cyrillic-400.min.css.gz
- fontsource-pt-sans-narrow/5.0.21/cyrillic-400.min.css.sri
- fontsource-pt-sans-narrow/5.0.21/cyrillic-700.css.br
- fontsource-pt-sans-narrow/5.0.21/cyrillic-700.css.gz
- fontsource-pt-sans-narrow/5.0.21/cyrillic-700.css.sri
- fontsource-pt-sans-narrow/5.0.21/cyrillic-700.min.css.br
- fontsource-pt-sans-narrow/5.0.21/cyrillic-700.min.css.gz
- fontsource-pt-sans-narrow/5.0.21/cyrillic-700.min.css.sri
- fontsource-pt-sans-narrow/5.0.21/cyrillic-ext-400.css.br
- fontsource-pt-sans-narrow/5.0.21/cyrillic-ext-400.css.gz
- fontsource-pt-sans-narrow/5.0.21/cyrillic-ext-400.css.sri
- fontsource-pt-sans-narrow/5.0.21/cyrillic-ext-400.min.css.br
- fontsource-pt-sans-narrow/5.0.21/cyrillic-ext-400.min.css.gz
- fontsource-pt-sans-narrow/5.0.21/cyrillic-ext-400.min.css.sri
- fontsource-pt-sans-narrow/5.0.21/cyrillic-ext-700.css.br
- fontsource-pt-sans-narrow/5.0.21/cyrillic-ext-700.css.gz
- fontsource-pt-sans-narrow/5.0.21/cyrillic-ext-700.css.sri
- fontsource-pt-sans-narrow/5.0.21/cyrillic-ext-700.min.css.br
- fontsource-pt-sans-narrow/5.0.21/cyrillic-ext-700.min.css.gz
- fontsource-pt-sans-narrow/5.0.21/cyrillic-ext-700.min.css.sri
- fontsource-pt-sans-narrow/5.0.21/cyrillic-ext.css.br
- fontsource-pt-sans-narrow/5.0.21/cyrillic-ext.css.gz
- fontsource-pt-sans-narrow/5.0.21/cyrillic-ext.css.sri
- fontsource-pt-sans-narrow/5.0.21/cyrillic-ext.min.css.br
- fontsource-pt-sans-narrow/5.0.21/cyrillic-ext.min.css.gz
- fontsource-pt-sans-narrow/5.0.21/cyrillic-ext.min.css.sri
- fontsource-pt-sans-narrow/5.0.21/cyrillic.css.br
- fontsource-pt-sans-narrow/5.0.21/cyrillic.css.gz
- fontsource-pt-sans-narrow/5.0.21/cyrillic.css.sri
- fontsource-pt-sans-narrow/5.0.21/cyrillic.min.css.br
- fontsource-pt-sans-narrow/5.0.21/cyrillic.min.css.gz
- fontsource-pt-sans-narrow/5.0.21/cyrillic.min.css.sri
- fontsource-pt-sans-narrow/5.0.21/files/pt-sans-narrow-cyrillic-400-normal.woff.br
- fontsource-pt-sans-narrow/5.0.21/files/pt-sans-narrow-cyrillic-400-normal.woff.gz
- fontsource-pt-sans-narrow/5.0.21/files/pt-sans-narrow-cyrillic-400-normal.woff2
- fontsource-pt-sans-narrow/5.0.21/files/pt-sans-narrow-cyrillic-700-normal.woff.br
- fontsource-pt-sans-narrow/5.0.21/files/pt-sans-narrow-cyrillic-700-normal.woff.gz
- fontsource-pt-sans-narrow/5.0.21/files/pt-sans-narrow-cyrillic-700-normal.woff2
- fontsource-pt-sans-narrow/5.0.21/files/pt-sans-narrow-cyrillic-ext-400-normal.woff.br
- fontsource-pt-sans-narrow/5.0.21/files/pt-sans-narrow-cyrillic-ext-400-normal.woff.gz
- fontsource-pt-sans-narrow/5.0.21/files/pt-sans-narrow-cyrillic-ext-400-normal.woff2
- fontsource-pt-sans-narrow/5.0.21/files/pt-sans-narrow-cyrillic-ext-700-normal.woff.br
- fontsource-pt-sans-narrow/5.0.21/files/pt-sans-narrow-cyrillic-ext-700-normal.woff.gz
- fontsource-pt-sans-narrow/5.0.21/files/pt-sans-narrow-cyrillic-ext-700-normal.woff2
- fontsource-pt-sans-narrow/5.0.21/files/pt-sans-narrow-latin-400-normal.woff.br
- fontsource-pt-sans-narrow/5.0.21/files/pt-sans-narrow-latin-400-normal.woff.gz
- fontsource-pt-sans-narrow/5.0.21/files/pt-sans-narrow-latin-400-normal.woff2
- fontsource-pt-sans-narrow/5.0.21/files/pt-sans-narrow-latin-700-normal.woff.br
- fontsource-pt-sans-narrow/5.0.21/files/pt-sans-narrow-latin-700-normal.woff.gz
- fontsource-pt-sans-narrow/5.0.21/files/pt-sans-narrow-latin-700-normal.woff2
- fontsource-pt-sans-narrow/5.0.21/files/pt-sans-narrow-latin-ext-400-normal.woff.br
- fontsource-pt-sans-narrow/5.0.21/files/pt-sans-narrow-latin-ext-400-normal.woff.gz
- fontsource-pt-sans-narrow/5.0.21/files/pt-sans-narrow-latin-ext-400-normal.woff2
- fontsource-pt-sans-narrow/5.0.21/files/pt-sans-narrow-latin-ext-700-normal.woff.br
- fontsource-pt-sans-narrow/5.0.21/files/pt-sans-narrow-latin-ext-700-normal.woff.gz
- fontsource-pt-sans-narrow/5.0.21/files/pt-sans-narrow-latin-ext-700-normal.woff2
- fontsource-pt-sans-narrow/5.0.21/index.css.br
- fontsource-pt-sans-narrow/5.0.21/index.css.gz
- fontsource-pt-sans-narrow/5.0.21/index.css.sri
- fontsource-pt-sans-narrow/5.0.21/index.min.css.br
- fontsource-pt-sans-narrow/5.0.21/index.min.css.gz
- fontsource-pt-sans-narrow/5.0.21/index.min.css.sri
- fontsource-pt-sans-narrow/5.0.21/latin-400.css.br
- fontsource-pt-sans-narrow/5.0.21/latin-400.css.gz
- fontsource-pt-sans-narrow/5.0.21/latin-400.css.sri
- fontsource-pt-sans-narrow/5.0.21/latin-400.min.css.br
- fontsource-pt-sans-narrow/5.0.21/latin-400.min.css.gz
- fontsource-pt-sans-narrow/5.0.21/latin-400.min.css.sri
- fontsource-pt-sans-narrow/5.0.21/latin-700.css.br
- fontsource-pt-sans-narrow/5.0.21/latin-700.css.gz
- fontsource-pt-sans-narrow/5.0.21/latin-700.css.sri
- fontsource-pt-sans-narrow/5.0.21/latin-700.min.css.br
- fontsource-pt-sans-narrow/5.0.21/latin-700.min.css.gz
- fontsource-pt-sans-narrow/5.0.21/latin-700.min.css.sri
- fontsource-pt-sans-narrow/5.0.21/latin-ext-400.css.br
- fontsource-pt-sans-narrow/5.0.21/latin-ext-400.css.gz
- fontsource-pt-sans-narrow/5.0.21/latin-ext-400.css.sri
- fontsource-pt-sans-narrow/5.0.21/latin-ext-400.min.css.br
- fontsource-pt-sans-narrow/5.0.21/latin-ext-400.min.css.gz
- fontsource-pt-sans-narrow/5.0.21/latin-ext-400.min.css.sri
- fontsource-pt-sans-narrow/5.0.21/latin-ext-700.css.br
- fontsource-pt-sans-narrow/5.0.21/latin-ext-700.css.gz
- fontsource-pt-sans-narrow/5.0.21/latin-ext-700.css.sri
- fontsource-pt-sans-narrow/5.0.21/latin-ext-700.min.css.br
- fontsource-pt-sans-narrow/5.0.21/latin-ext-700.min.css.gz
- fontsource-pt-sans-narrow/5.0.21/latin-ext-700.min.css.sri
- fontsource-pt-sans-narrow/5.0.21/latin-ext.css.br
- fontsource-pt-sans-narrow/5.0.21/latin-ext.css.gz
- fontsource-pt-sans-narrow/5.0.21/latin-ext.css.sri
- fontsource-pt-sans-narrow/5.0.21/latin-ext.min.css.br
- fontsource-pt-sans-narrow/5.0.21/latin-ext.min.css.gz
- fontsource-pt-sans-narrow/5.0.21/latin-ext.min.css.sri
- fontsource-pt-sans-narrow/5.0.21/latin.css.br
- fontsource-pt-sans-narrow/5.0.21/latin.css.gz
- fontsource-pt-sans-narrow/5.0.21/latin.css.sri
- fontsource-pt-sans-narrow/5.0.21/latin.min.css.br
- fontsource-pt-sans-narrow/5.0.21/latin.min.css.gz
- fontsource-pt-sans-narrow/5.0.21/latin.min.css.sri
