config: {"authors":[{"name":"Cloudinary"}],"autoupdate":{"source":"npm","target":"cloudinary-video-player","fileMap":[{"basePath":"dist","files":["*.@(js|css)","fonts/*.svg"]}]},"description":"Cloudinary Video Player","filename":"cld-video-player.min.js","homepage":"https://github.com/cloudinary/cloudinary-video-player#readme","keywords":["hls","video","video-player"],"license":"MIT","name":"cloudinary-video-player","repository":{"type":"git","url":"https://github.com/cloudinary/cloudinary-video-player"},"author":"Cloudinary"}
KV keys:
- cloudinary-video-player/1.9.17-edge.2/cld-video-player.css.br
- cloudinary-video-player/1.9.17-edge.2/cld-video-player.css.gz
- cloudinary-video-player/1.9.17-edge.2/cld-video-player.js.br
- cloudinary-video-player/1.9.17-edge.2/cld-video-player.js.gz
- cloudinary-video-player/1.9.17-edge.2/cld-video-player.light.css.br
- cloudinary-video-player/1.9.17-edge.2/cld-video-player.light.css.gz
- cloudinary-video-player/1.9.17-edge.2/cld-video-player.light.js.br
- cloudinary-video-player/1.9.17-edge.2/cld-video-player.light.js.gz
- cloudinary-video-player/1.9.17-edge.2/cld-video-player.light.min.css.br
- cloudinary-video-player/1.9.17-edge.2/cld-video-player.light.min.css.gz
- cloudinary-video-player/1.9.17-edge.2/cld-video-player.light.min.js.br
- cloudinary-video-player/1.9.17-edge.2/cld-video-player.light.min.js.gz
- cloudinary-video-player/1.9.17-edge.2/cld-video-player.min.css.br
- cloudinary-video-player/1.9.17-edge.2/cld-video-player.min.css.gz
- cloudinary-video-player/1.9.17-edge.2/cld-video-player.min.js.br
- cloudinary-video-player/1.9.17-edge.2/cld-video-player.min.js.gz
- cloudinary-video-player/1.9.17-edge.2/dash.js.br
- cloudinary-video-player/1.9.17-edge.2/dash.js.gz
- cloudinary-video-player/1.9.17-edge.2/dash.min.js.br
- cloudinary-video-player/1.9.17-edge.2/dash.min.js.gz
SRIs:
- cloudinary-video-player/1.9.17-edge.2/cld-video-player.light.css: sha512-NCb0YN3hH/44h8bidszNX1HTMo+ozj9UHktGcr/DCCB5O9zALF643IV4OzxOYDu8/bPjTfSWtgcSq7yv+r1B/w==
- cloudinary-video-player/1.9.17-edge.2/cld-video-player.light.min.css: sha512-DQbJITEl34sp0FAAN4tY1vhWGO7KAmTWT7gBS4ywOMLvVNPSTgx12l4KLdeq6iNgXkrN2YobF0ZUuvFSYpGjiw==
- cloudinary-video-player/1.9.17-edge.2/cld-video-player.light.min.js: sha512-71Q0CJ+MA/kuqp0XWLyVI2JkL1LL4T9bdMsOnbq6cU7hKxsHWrctYNoJelEZV4dBRh70o0wfvrGmNHWBgAZoZA==
- cloudinary-video-player/1.9.17-edge.2/dash.js: sha512-n7Nr6xFw51AxvhK7sxLIFHRJx7O2ix7JxB5l7/06Ev/LQ3k3gQmtNRxMTy3Ov2F8WpfWuy5np3Y2U5CaYhs3VA==
- cloudinary-video-player/1.9.17-edge.2/cld-video-player.css: sha512-uWMGLqK4iDccS7q5KSH0Dd4YG7pAkFSd6viFDl7q4bH01h119XecrXCojrXsW5AmBqdbzHyG4LD+JhciQrVxhg==
- cloudinary-video-player/1.9.17-edge.2/cld-video-player.light.js: sha512-Mog57cZKYZf1F+nb+2i630PNlMbZltVehrfpMXz3O52WomNNC601dP8EpGXud6F4tTEdR2kzUzFaiGgthAYgvw==
- cloudinary-video-player/1.9.17-edge.2/cld-video-player.min.css: sha512-hlNG5xf5DRaRqYLUobXBGA7QiufMdapCtNqwr1YdFbXamWdGXmzMEldjtoC9n0OFYvRK/tmk9k+CLiaffYqHxQ==
- cloudinary-video-player/1.9.17-edge.2/cld-video-player.min.js: sha512-3tM8r6tD36h0cjDOPRbpJP+lXt32BOk+9iVFmQKyNBc6r1XqMgIvnMIofTDp30kMSE3pkCpi2ZvRzk/OM4i9yA==
- cloudinary-video-player/1.9.17-edge.2/dash.min.js: sha512-LxYlJaeFvCFfUHb/mEbv9eORtQ9qLKqD7/STMhkbbwWJ9MEtNIoMEhar4XwVAV+HIAdsYQwZxHKzh84gWPvuGg==
- cloudinary-video-player/1.9.17-edge.2/cld-video-player.js: sha512-lsAIvFaaWtKFAusZcBgdAW4mgGM72vJKkH+Tonta83WbS9SYttKPyseulungbI6LJQa0qGaAzmcb+UB8hYz2OQ==
