Files:
- fontsource-scope-one/5.0.3/400.css.br
- fontsource-scope-one/5.0.3/400.css.gz
- fontsource-scope-one/5.0.3/400.min.css.br
- fontsource-scope-one/5.0.3/400.min.css.gz
- fontsource-scope-one/5.0.3/files/scope-one-latin-400-normal.woff.br
- fontsource-scope-one/5.0.3/files/scope-one-latin-400-normal.woff.gz
- fontsource-scope-one/5.0.3/files/scope-one-latin-400-normal.woff2
- fontsource-scope-one/5.0.3/files/scope-one-latin-ext-400-normal.woff.br
- fontsource-scope-one/5.0.3/files/scope-one-latin-ext-400-normal.woff.gz
- fontsource-scope-one/5.0.3/files/scope-one-latin-ext-400-normal.woff2
- fontsource-scope-one/5.0.3/index.css.br
- fontsource-scope-one/5.0.3/index.css.gz
- fontsource-scope-one/5.0.3/index.min.css.br
- fontsource-scope-one/5.0.3/index.min.css.gz
- fontsource-scope-one/5.0.3/latin-400.css.br
- fontsource-scope-one/5.0.3/latin-400.css.gz
- fontsource-scope-one/5.0.3/latin-400.min.css.br
- fontsource-scope-one/5.0.3/latin-400.min.css.gz
- fontsource-scope-one/5.0.3/latin-ext-400.css.br
- fontsource-scope-one/5.0.3/latin-ext-400.css.gz
- fontsource-scope-one/5.0.3/latin-ext-400.min.css.br
- fontsource-scope-one/5.0.3/latin-ext-400.min.css.gz
- fontsource-scope-one/5.0.3/latin-ext.css.br
- fontsource-scope-one/5.0.3/latin-ext.css.gz
- fontsource-scope-one/5.0.3/latin-ext.min.css.br
- fontsource-scope-one/5.0.3/latin-ext.min.css.gz
- fontsource-scope-one/5.0.3/latin.css.br
- fontsource-scope-one/5.0.3/latin.css.gz
- fontsource-scope-one/5.0.3/latin.min.css.br
- fontsource-scope-one/5.0.3/latin.min.css.gz
