Files:
- fontsource-meie-script/4.5.11/400.css.br
- fontsource-meie-script/4.5.11/400.css.gz
- fontsource-meie-script/4.5.11/400.min.css.br
- fontsource-meie-script/4.5.11/400.min.css.gz
- fontsource-meie-script/4.5.11/files/meie-script-all-400-normal.woff.br
- fontsource-meie-script/4.5.11/files/meie-script-all-400-normal.woff.gz
- fontsource-meie-script/4.5.11/files/meie-script-latin-400-normal.woff.br
- fontsource-meie-script/4.5.11/files/meie-script-latin-400-normal.woff.gz
- fontsource-meie-script/4.5.11/files/meie-script-latin-400-normal.woff2
- fontsource-meie-script/4.5.11/files/meie-script-latin-ext-400-normal.woff.br
- fontsource-meie-script/4.5.11/files/meie-script-latin-ext-400-normal.woff.gz
- fontsource-meie-script/4.5.11/files/meie-script-latin-ext-400-normal.woff2
- fontsource-meie-script/4.5.11/index.css.br
- fontsource-meie-script/4.5.11/index.css.gz
- fontsource-meie-script/4.5.11/index.min.css.br
- fontsource-meie-script/4.5.11/index.min.css.gz
- fontsource-meie-script/4.5.11/latin-400.css.br
- fontsource-meie-script/4.5.11/latin-400.css.gz
- fontsource-meie-script/4.5.11/latin-400.min.css.br
- fontsource-meie-script/4.5.11/latin-400.min.css.gz
- fontsource-meie-script/4.5.11/latin-ext-400.css.br
- fontsource-meie-script/4.5.11/latin-ext-400.css.gz
- fontsource-meie-script/4.5.11/latin-ext-400.min.css.br
- fontsource-meie-script/4.5.11/latin-ext-400.min.css.gz
- fontsource-meie-script/4.5.11/latin-ext.css.br
- fontsource-meie-script/4.5.11/latin-ext.css.gz
- fontsource-meie-script/4.5.11/latin-ext.min.css.br
- fontsource-meie-script/4.5.11/latin-ext.min.css.gz
- fontsource-meie-script/4.5.11/latin.css.br
- fontsource-meie-script/4.5.11/latin.css.gz
- fontsource-meie-script/4.5.11/latin.min.css.br
- fontsource-meie-script/4.5.11/latin.min.css.gz
