config: {"authors":[{"name":"Guillaume du Pontavice","email":"g.du.pontavice@gmail.com"}],"autoupdate":{"source":"npm","target":"hls.js","fileMap":[{"basePath":"dist","files":["**/!(*-demo.*)"]}],"ignoreVersions":["*-canary.*"]},"description":"JavaScript HLS client using MediaSourceExtension","filename":"hls.min.js","homepage":"https://hls-js.netlify.com/demo/","keywords":["hls.js","video","streaming","mediasource","player"],"license":"Apache-2.0","name":"hls.js","repository":{"type":"git","url":"git://github.com/video-dev/hls.js"},"author":"Guillaume du Pontavice \u003cg.du.pontavice@gmail.com\u003e"}
KV keys:
- hls.js/1.5.8-0.canary.10143/hls.js.br
- hls.js/1.5.8-0.canary.10143/hls.js.d.ts.br
- hls.js/1.5.8-0.canary.10143/hls.js.d.ts.gz
- hls.js/1.5.8-0.canary.10143/hls.js.gz
- hls.js/1.5.8-0.canary.10143/hls.js.map.br
- hls.js/1.5.8-0.canary.10143/hls.js.map.gz
- hls.js/1.5.8-0.canary.10143/hls.light.js.br
- hls.js/1.5.8-0.canary.10143/hls.light.js.gz
- hls.js/1.5.8-0.canary.10143/hls.light.js.map.br
- hls.js/1.5.8-0.canary.10143/hls.light.js.map.gz
- hls.js/1.5.8-0.canary.10143/hls.light.min.js.br
- hls.js/1.5.8-0.canary.10143/hls.light.min.js.gz
- hls.js/1.5.8-0.canary.10143/hls.light.min.js.map.br
- hls.js/1.5.8-0.canary.10143/hls.light.min.js.map.gz
- hls.js/1.5.8-0.canary.10143/hls.light.mjs.br
- hls.js/1.5.8-0.canary.10143/hls.light.mjs.gz
- hls.js/1.5.8-0.canary.10143/hls.light.mjs.map.br
- hls.js/1.5.8-0.canary.10143/hls.light.mjs.map.gz
- hls.js/1.5.8-0.canary.10143/hls.min.js.br
- hls.js/1.5.8-0.canary.10143/hls.min.js.gz
- hls.js/1.5.8-0.canary.10143/hls.min.js.map.br
- hls.js/1.5.8-0.canary.10143/hls.min.js.map.gz
- hls.js/1.5.8-0.canary.10143/hls.mjs.br
- hls.js/1.5.8-0.canary.10143/hls.mjs.gz
- hls.js/1.5.8-0.canary.10143/hls.mjs.map.br
- hls.js/1.5.8-0.canary.10143/hls.mjs.map.gz
- hls.js/1.5.8-0.canary.10143/hls.worker.js.br
- hls.js/1.5.8-0.canary.10143/hls.worker.js.gz
- hls.js/1.5.8-0.canary.10143/hls.worker.js.map.br
- hls.js/1.5.8-0.canary.10143/hls.worker.js.map.gz
- hls.js/1.5.8-0.canary.10143/hls.worker.min.js.br
- hls.js/1.5.8-0.canary.10143/hls.worker.min.js.gz
SRIs:
- hls.js/1.5.8-0.canary.10143/hls.worker.js: sha512-FWuq0yGN2AqpPOwIqSdUiL8ZvSSWEQ1ShFxUB0M4sJaZtNGiNSJmBJ8kQOOVf9qSLgphQRQysgSx1wwuTv9TXw==
- hls.js/1.5.8-0.canary.10143/hls.worker.min.js: sha512-EHI0e71GKckLEopLKO4t2274x56XK3J1Z1GH+Ob3Dl2BjuSWfvVe9DN5aQ/HsleASe3HL5YoHJJzn9TrjBz9wQ==
- hls.js/1.5.8-0.canary.10143/hls.js: sha512-Xdx9YGcvh+aHqSq9SMDeamZdnr57Lv36OBzexBThKcdjG/r126yVtk3WPn1bbCQS6kj2i+APAL0aD/ym6hRndA==
- hls.js/1.5.8-0.canary.10143/hls.light.js: sha512-dCxSg8C99MaQDIPf5pfliAYgFQeRprhcyAVUdvO7S4vqbj9gTnzQyGw9U5XlLWfdNRyDt1onwrBexOFUK5kvWg==
- hls.js/1.5.8-0.canary.10143/hls.light.min.js: sha512-OgpdQDz88Rx/+hfzD0pf/RlozUL4XBNmnQBTAbQZgyuUKhfsmLvmWj+/53iZW5Jsu2b7ZcuGeNP5XpUTKX2iuQ==
- hls.js/1.5.8-0.canary.10143/hls.min.js: sha512-lRsd8fMEKhQdj7D45nqf8RK/+Vl4x2AGPF41h2STKKNppo+l+1xDejWLzhPCXpLB6LHraiW/32Z8vvBZfyeJdA==
