Files:
- fontsource-noto-sans-egyptian-hieroglyphs/5.0.16/400.css.gz
- fontsource-noto-sans-egyptian-hieroglyphs/5.0.16/400.min.css.gz
- fontsource-noto-sans-egyptian-hieroglyphs/5.0.16/egyptian-hieroglyphs-400.css.gz
- fontsource-noto-sans-egyptian-hieroglyphs/5.0.16/egyptian-hieroglyphs-400.min.css.gz
- fontsource-noto-sans-egyptian-hieroglyphs/5.0.16/egyptian-hieroglyphs.css.gz
- fontsource-noto-sans-egyptian-hieroglyphs/5.0.16/egyptian-hieroglyphs.min.css.gz
- fontsource-noto-sans-egyptian-hieroglyphs/5.0.16/files/noto-sans-egyptian-hieroglyphs-egyptian-hieroglyphs-400-normal.woff.gz
- fontsource-noto-sans-egyptian-hieroglyphs/5.0.16/files/noto-sans-egyptian-hieroglyphs-latin-400-normal.woff.gz
- fontsource-noto-sans-egyptian-hieroglyphs/5.0.16/files/noto-sans-egyptian-hieroglyphs-latin-ext-400-normal.woff.gz
- fontsource-noto-sans-egyptian-hieroglyphs/5.0.16/index.css.gz
- fontsource-noto-sans-egyptian-hieroglyphs/5.0.16/index.min.css.gz
- fontsource-noto-sans-egyptian-hieroglyphs/5.0.16/latin-400.css.gz
- fontsource-noto-sans-egyptian-hieroglyphs/5.0.16/latin-400.min.css.gz
- fontsource-noto-sans-egyptian-hieroglyphs/5.0.16/latin-ext-400.css.gz
- fontsource-noto-sans-egyptian-hieroglyphs/5.0.16/latin-ext-400.min.css.gz
- fontsource-noto-sans-egyptian-hieroglyphs/5.0.16/latin-ext.css.gz
- fontsource-noto-sans-egyptian-hieroglyphs/5.0.16/latin-ext.min.css.gz
- fontsource-noto-sans-egyptian-hieroglyphs/5.0.16/latin.css.gz
- fontsource-noto-sans-egyptian-hieroglyphs/5.0.16/latin.min.css.gz
