config: {"authors":[{"name":"Thomas Wilkerling"}],"autoupdate":{"source":"git","target":"git://github.com/nextapps-de/flexsearch.git","fileMap":[{"basePath":"dist","files":["!(flexsearch.node.js|flexsearch.pre.js)"]}]},"description":"Next-Generation full text search library with zero dependencies.","filename":"flexsearch.min.js","keywords":["search","fulltext","fastest","contextual","fuzzy","matching","scoring","indexing","fieldsearch"],"license":"Apache-2.0","name":"FlexSearch","repository":{"type":"git","url":"git://github.com/nextapps-de/flexsearch.git"},"author":"Thomas Wilkerling"}
KV keys:
- FlexSearch/0.7.2/flexsearch.bundle.js.br
- FlexSearch/0.7.2/flexsearch.bundle.js.gz
- FlexSearch/0.7.2/flexsearch.bundle.min.js.br
- FlexSearch/0.7.2/flexsearch.bundle.min.js.gz
- FlexSearch/0.7.2/flexsearch.compact.js.br
- FlexSearch/0.7.2/flexsearch.compact.js.gz
- FlexSearch/0.7.2/flexsearch.compact.min.js.br
- FlexSearch/0.7.2/flexsearch.compact.min.js.gz
- FlexSearch/0.7.2/flexsearch.debug.js.br
- FlexSearch/0.7.2/flexsearch.debug.js.gz
- FlexSearch/0.7.2/flexsearch.debug.min.js.br
- FlexSearch/0.7.2/flexsearch.debug.min.js.gz
- FlexSearch/0.7.2/flexsearch.es5.js.br
- FlexSearch/0.7.2/flexsearch.es5.js.gz
- FlexSearch/0.7.2/flexsearch.es5.min.js.br
- FlexSearch/0.7.2/flexsearch.es5.min.js.gz
- FlexSearch/0.7.2/flexsearch.light.js.br
- FlexSearch/0.7.2/flexsearch.light.js.gz
- FlexSearch/0.7.2/flexsearch.light.min.js.br
- FlexSearch/0.7.2/flexsearch.light.min.js.gz
SRIs:
- FlexSearch/0.7.2/flexsearch.es5.min.js: sha512-FqfYgFWRnZHvA7j0dp/93yM1pEZX1Iuqy7P9RRzXbTg/mw0/0FZ/xquOhQqxMzN2Gpk7cVCzErSPcPsNep0r2w==
- FlexSearch/0.7.2/flexsearch.bundle.min.js: sha512-nFmzFs0vxLvw95r3kpEArM496n1udEDP2OJ+uoyv00RaP4B6NOHbciX0Gr2V9/DxeaHi3fKXLYty8YTLgVkquw==
- FlexSearch/0.7.2/flexsearch.debug.min.js: sha512-Fdutk3HpMeqsgmNrS8JzAvW0KDSdp/2sAEOkcMtYo+LCeiyJG3NNpToOscnvQUGkiEOCr0lWJ3UbUNl8U4mHFw==
- FlexSearch/0.7.2/flexsearch.compact.min.js: sha512-ztmwsIjwvR+ypHhoZpW9FGJ8nC+agM+5nLsdeU6vvFU3OwkiFBVovqbfBo0QoPwPtMIWf1umOhv2QRA+UAjn9g==
- FlexSearch/0.7.2/flexsearch.debug.js: sha512-FsSEDt05MiL9aNsKIgw74psyygkhLsr1aEREqy7XUDKI6/YfKdGqEhI6FfwP3+DefztHxoAC5x9QEZL7ROsJbQ==
- FlexSearch/0.7.2/flexsearch.es5.js: sha512-wz43ZAB8+0NQD7Yd+QC9afZaVxkC74GLPn0IzewyfExb88Cziu7fD6iUZYyjAMCT3n5mR/80rB73tOJin4UKsw==
- FlexSearch/0.7.2/flexsearch.light.js: sha512-gO/zJcPJzkKmo18ss/iLgfiMEpfG7ln9PGhBT3Mbgy/655QM9av0OxPycSCR7H/8YW8Ub0iuLptEiofImY75Uw==
- FlexSearch/0.7.2/flexsearch.light.min.js: sha512-8mprE8jFQxOZnILt6WgzuEbw8npNHKTQd6UdTwNwp5vcK5hMa06oqTMmTvVzbU1Bps5rbJCRCu4qiMRhJmo2OQ==
- FlexSearch/0.7.2/flexsearch.bundle.js: sha512-rr6LtjJaF41KglL5pzjhLbxv2wMwZwL2nhKA7MZRE4eqTAn5vkNdgeS6Yv7MbMQNWPj508ivKuyHUzEB/YfjqQ==
- FlexSearch/0.7.2/flexsearch.compact.js: sha512-TaErQ88JIw/qJUfqJ9BCGoOCKCegd+pf3deJPl6UfGakiLcLAineo/o6XQgVArE5lNIpBs/otiebpBJ5PLkqgA==
