config: {"authors":[{"name":"Google Inc."}],"autoupdate":{"source":"npm","target":"@fontsource/rubik-burned","fileMap":[{"basePath":"","files":["*.css","files/*.@(woff|woff2)"]}],"excludeFromSearch":true},"description":"Self-host the Rubik Burned font in a neatly bundled NPM package.","filename":"index.css","homepage":"https://fontsource.org/fonts/rubik-burned","keywords":["fontsource","font","font family","google fonts","rubik-burned","Rubik Burned","css","sass","front-end","web","typeface","variable"],"license":"OFL-1.1","name":"fontsource-rubik-burned","repository":{"type":"git","url":"git+https://github.com/fontsource/font-files.git"},"author":"Google Inc."}
KV keys:
- fontsource-rubik-burned/4.5.0/400.css.br
- fontsource-rubik-burned/4.5.0/400.css.gz
- fontsource-rubik-burned/4.5.0/400.min.css.br
- fontsource-rubik-burned/4.5.0/400.min.css.gz
- fontsource-rubik-burned/4.5.0/cyrillic-400.css.br
- fontsource-rubik-burned/4.5.0/cyrillic-400.css.gz
- fontsource-rubik-burned/4.5.0/cyrillic-400.min.css.br
- fontsource-rubik-burned/4.5.0/cyrillic-400.min.css.gz
- fontsource-rubik-burned/4.5.0/cyrillic-ext-400.css.br
- fontsource-rubik-burned/4.5.0/cyrillic-ext-400.css.gz
- fontsource-rubik-burned/4.5.0/cyrillic-ext-400.min.css.br
- fontsource-rubik-burned/4.5.0/cyrillic-ext-400.min.css.gz
- fontsource-rubik-burned/4.5.0/cyrillic-ext.css.br
- fontsource-rubik-burned/4.5.0/cyrillic-ext.css.gz
- fontsource-rubik-burned/4.5.0/cyrillic-ext.min.css.br
- fontsource-rubik-burned/4.5.0/cyrillic-ext.min.css.gz
- fontsource-rubik-burned/4.5.0/cyrillic.css.br
- fontsource-rubik-burned/4.5.0/cyrillic.css.gz
- fontsource-rubik-burned/4.5.0/cyrillic.min.css.br
- fontsource-rubik-burned/4.5.0/cyrillic.min.css.gz
- fontsource-rubik-burned/4.5.0/files/rubik-burned-all-400-normal.woff.br
- fontsource-rubik-burned/4.5.0/files/rubik-burned-all-400-normal.woff.gz
- fontsource-rubik-burned/4.5.0/files/rubik-burned-cyrillic-400-normal.woff.br
- fontsource-rubik-burned/4.5.0/files/rubik-burned-cyrillic-400-normal.woff.gz
- fontsource-rubik-burned/4.5.0/files/rubik-burned-cyrillic-400-normal.woff2
- fontsource-rubik-burned/4.5.0/files/rubik-burned-cyrillic-ext-400-normal.woff.br
- fontsource-rubik-burned/4.5.0/files/rubik-burned-cyrillic-ext-400-normal.woff.gz
- fontsource-rubik-burned/4.5.0/files/rubik-burned-cyrillic-ext-400-normal.woff2
- fontsource-rubik-burned/4.5.0/files/rubik-burned-hebrew-400-normal.woff.br
- fontsource-rubik-burned/4.5.0/files/rubik-burned-hebrew-400-normal.woff.gz
- fontsource-rubik-burned/4.5.0/files/rubik-burned-hebrew-400-normal.woff2
- fontsource-rubik-burned/4.5.0/files/rubik-burned-latin-400-normal.woff.br
- fontsource-rubik-burned/4.5.0/files/rubik-burned-latin-400-normal.woff.gz
- fontsource-rubik-burned/4.5.0/files/rubik-burned-latin-400-normal.woff2
- fontsource-rubik-burned/4.5.0/files/rubik-burned-latin-ext-400-normal.woff.br
- fontsource-rubik-burned/4.5.0/files/rubik-burned-latin-ext-400-normal.woff.gz
- fontsource-rubik-burned/4.5.0/files/rubik-burned-latin-ext-400-normal.woff2
- fontsource-rubik-burned/4.5.0/hebrew-400.css.br
- fontsource-rubik-burned/4.5.0/hebrew-400.css.gz
- fontsource-rubik-burned/4.5.0/hebrew-400.min.css.br
- fontsource-rubik-burned/4.5.0/hebrew-400.min.css.gz
- fontsource-rubik-burned/4.5.0/hebrew.css.br
- fontsource-rubik-burned/4.5.0/hebrew.css.gz
- fontsource-rubik-burned/4.5.0/hebrew.min.css.br
- fontsource-rubik-burned/4.5.0/hebrew.min.css.gz
- fontsource-rubik-burned/4.5.0/index.css.br
- fontsource-rubik-burned/4.5.0/index.css.gz
- fontsource-rubik-burned/4.5.0/index.min.css.br
- fontsource-rubik-burned/4.5.0/index.min.css.gz
- fontsource-rubik-burned/4.5.0/latin-400.css.br
- fontsource-rubik-burned/4.5.0/latin-400.css.gz
- fontsource-rubik-burned/4.5.0/latin-400.min.css.br
- fontsource-rubik-burned/4.5.0/latin-400.min.css.gz
- fontsource-rubik-burned/4.5.0/latin-ext-400.css.br
- fontsource-rubik-burned/4.5.0/latin-ext-400.css.gz
- fontsource-rubik-burned/4.5.0/latin-ext-400.min.css.br
- fontsource-rubik-burned/4.5.0/latin-ext-400.min.css.gz
- fontsource-rubik-burned/4.5.0/latin-ext.css.br
- fontsource-rubik-burned/4.5.0/latin-ext.css.gz
- fontsource-rubik-burned/4.5.0/latin-ext.min.css.br
- fontsource-rubik-burned/4.5.0/latin-ext.min.css.gz
- fontsource-rubik-burned/4.5.0/latin.css.br
- fontsource-rubik-burned/4.5.0/latin.css.gz
- fontsource-rubik-burned/4.5.0/latin.min.css.br
- fontsource-rubik-burned/4.5.0/latin.min.css.gz
SRIs:
- fontsource-rubik-burned/4.5.0/cyrillic-ext-400.css: sha512-zyhzylRSWNhNPdMKhHDNN/vmG2c294ag53Z/LFCXKiyPAgV2TLjAyWkl7+WQXKQQ45w54ESVTUiE7x0OItjisA==
- fontsource-rubik-burned/4.5.0/cyrillic-ext.css: sha512-zyhzylRSWNhNPdMKhHDNN/vmG2c294ag53Z/LFCXKiyPAgV2TLjAyWkl7+WQXKQQ45w54ESVTUiE7x0OItjisA==
- fontsource-rubik-burned/4.5.0/cyrillic.min.css: sha512-7Ca6qT0O9L6rvkKS17QP5flXIHYLJOt5MiW0UldSapzQHWbLow42HvweE+5ARRqIMRMFcul8PmQk8CJTBOJY4Q==
- fontsource-rubik-burned/4.5.0/hebrew-400.min.css: sha512-Fb6FtKOvUuwAuABpSXjzyr9QascFnbvWR70n6wYsS5LsuyBD3x34CKmYORn/zxeK6j1hmsdu0MVe6CytchqV4w==
- fontsource-rubik-burned/4.5.0/index.css: sha512-npKMWReeTn3mi1VUNYapBlxs+mrK8VmdxDUQZmVma30s1SWH9we+MmnRB47SIxZ6t0NSV19KXSEn5ArG60JwQg==
- fontsource-rubik-burned/4.5.0/latin-ext-400.min.css: sha512-Wa4ZHAzvv2eyIX/Y0vlETyDIkd7TdL4h9pdS1GSIsB2VgHsA512IiZtZm8ZVg7wcbxWIaOESMILweoIfuFTJ5g==
- fontsource-rubik-burned/4.5.0/cyrillic-400.css: sha512-SEkyf9Hh0KB3Kh1WOwSloiLJB+TjlF9O5pcpKLUKZF2t5amWD4T1VLGmiNQMbYYuzpdMeWYbxFtJF/lYIg7JUA==
- fontsource-rubik-burned/4.5.0/cyrillic-ext.min.css: sha512-sn4ipSAOx64FevatvFpJKFVYTDjpO1vqpgiy8X7FI0w5e/GBKmyQRmFlonef1hBYb7Zr04/7357jMSn+QNSKAw==
- fontsource-rubik-burned/4.5.0/cyrillic.css: sha512-SEkyf9Hh0KB3Kh1WOwSloiLJB+TjlF9O5pcpKLUKZF2t5amWD4T1VLGmiNQMbYYuzpdMeWYbxFtJF/lYIg7JUA==
- fontsource-rubik-burned/4.5.0/index.min.css: sha512-RQ21/MwRYqlStUHxR0QOTi45lx0PyB+e66RWVwiPkoR0ycauxQ7N3thJd8oPm+Kh1zxOsB7EavqC1GPRjGeIuA==
- fontsource-rubik-burned/4.5.0/latin-ext.css: sha512-gLwPh3zbk9Qrwb8mkFlkzBZ+v+7gFGTj3Dh9TzQjhsRPGyf+uBZ8n4k3FEOJKXCXZ3pYL+IVsHfdDNIYQ/PJEg==
- fontsource-rubik-burned/4.5.0/latin-ext.min.css: sha512-Wa4ZHAzvv2eyIX/Y0vlETyDIkd7TdL4h9pdS1GSIsB2VgHsA512IiZtZm8ZVg7wcbxWIaOESMILweoIfuFTJ5g==
- fontsource-rubik-burned/4.5.0/latin.css: sha512-smBsTjUAm8RJAGjiOh9YgEb2A6Q41Su/BTCcurxpaJMNmXZr/8OixOtGIMVOg/78hbI9OBTyNLKk6Szq2LptCQ==
- fontsource-rubik-burned/4.5.0/latin.min.css: sha512-4n7XTgVFzCDyny+Fgd8zg83eVtYI8ep8aMrXrSHzFuskj6b9JLZ+7bL8nu5iIk4VC7rtPhharraYSj/ddCmpbQ==
- fontsource-rubik-burned/4.5.0/400.css: sha512-npKMWReeTn3mi1VUNYapBlxs+mrK8VmdxDUQZmVma30s1SWH9we+MmnRB47SIxZ6t0NSV19KXSEn5ArG60JwQg==
- fontsource-rubik-burned/4.5.0/latin-400.css: sha512-smBsTjUAm8RJAGjiOh9YgEb2A6Q41Su/BTCcurxpaJMNmXZr/8OixOtGIMVOg/78hbI9OBTyNLKk6Szq2LptCQ==
- fontsource-rubik-burned/4.5.0/latin-400.min.css: sha512-4n7XTgVFzCDyny+Fgd8zg83eVtYI8ep8aMrXrSHzFuskj6b9JLZ+7bL8nu5iIk4VC7rtPhharraYSj/ddCmpbQ==
- fontsource-rubik-burned/4.5.0/latin-ext-400.css: sha512-gLwPh3zbk9Qrwb8mkFlkzBZ+v+7gFGTj3Dh9TzQjhsRPGyf+uBZ8n4k3FEOJKXCXZ3pYL+IVsHfdDNIYQ/PJEg==
- fontsource-rubik-burned/4.5.0/cyrillic-ext-400.min.css: sha512-sn4ipSAOx64FevatvFpJKFVYTDjpO1vqpgiy8X7FI0w5e/GBKmyQRmFlonef1hBYb7Zr04/7357jMSn+QNSKAw==
- fontsource-rubik-burned/4.5.0/cyrillic-400.min.css: sha512-7Ca6qT0O9L6rvkKS17QP5flXIHYLJOt5MiW0UldSapzQHWbLow42HvweE+5ARRqIMRMFcul8PmQk8CJTBOJY4Q==
- fontsource-rubik-burned/4.5.0/hebrew-400.css: sha512-HjSIk1benCItE+8c2avZdsz1t4d33Ps0gFYUQ+FImeaEfdrCHFio52huRpV2dCWp6fnb7a5JnoJ9ZFNgJ9VNmQ==
- fontsource-rubik-burned/4.5.0/hebrew.css: sha512-HjSIk1benCItE+8c2avZdsz1t4d33Ps0gFYUQ+FImeaEfdrCHFio52huRpV2dCWp6fnb7a5JnoJ9ZFNgJ9VNmQ==
- fontsource-rubik-burned/4.5.0/hebrew.min.css: sha512-Fb6FtKOvUuwAuABpSXjzyr9QascFnbvWR70n6wYsS5LsuyBD3x34CKmYORn/zxeK6j1hmsdu0MVe6CytchqV4w==
- fontsource-rubik-burned/4.5.0/400.min.css: sha512-RQ21/MwRYqlStUHxR0QOTi45lx0PyB+e66RWVwiPkoR0ycauxQ7N3thJd8oPm+Kh1zxOsB7EavqC1GPRjGeIuA==
