config: {"authors":[{"name":"Google Inc."}],"autoupdate":{"source":"npm","target":"@fontsource/smooch","fileMap":[{"basePath":"","files":["*.css","files/*.@(woff|woff2)"]}],"excludeFromSearch":true},"description":"Self-host the Smooch font in a neatly bundled NPM package.","filename":"index.css","homepage":"https://fontsource.org/fonts/smooch","keywords":["fontsource","font","font family","google fonts","smooch","Smooch","css","sass","front-end","web","typeface","variable"],"license":"OFL-1.1","name":"fontsource-smooch","repository":{"type":"git","url":"git+https://github.com/fontsource/font-files.git"},"author":"Google Inc."}
KV keys:
- fontsource-smooch/4.5.10/400.css.br
- fontsource-smooch/4.5.10/400.css.gz
- fontsource-smooch/4.5.10/400.min.css.br
- fontsource-smooch/4.5.10/400.min.css.gz
- fontsource-smooch/4.5.10/files/smooch-all-400-normal.woff.br
- fontsource-smooch/4.5.10/files/smooch-all-400-normal.woff.gz
- fontsource-smooch/4.5.10/files/smooch-latin-400-normal.woff.br
- fontsource-smooch/4.5.10/files/smooch-latin-400-normal.woff.gz
- fontsource-smooch/4.5.10/files/smooch-latin-400-normal.woff2
- fontsource-smooch/4.5.10/files/smooch-latin-ext-400-normal.woff.br
- fontsource-smooch/4.5.10/files/smooch-latin-ext-400-normal.woff.gz
- fontsource-smooch/4.5.10/files/smooch-latin-ext-400-normal.woff2
- fontsource-smooch/4.5.10/files/smooch-vietnamese-400-normal.woff.br
- fontsource-smooch/4.5.10/files/smooch-vietnamese-400-normal.woff.gz
- fontsource-smooch/4.5.10/files/smooch-vietnamese-400-normal.woff2
- fontsource-smooch/4.5.10/index.css.br
- fontsource-smooch/4.5.10/index.css.gz
- fontsource-smooch/4.5.10/index.min.css.br
- fontsource-smooch/4.5.10/index.min.css.gz
- fontsource-smooch/4.5.10/latin-400.css.br
- fontsource-smooch/4.5.10/latin-400.css.gz
- fontsource-smooch/4.5.10/latin-400.min.css.br
- fontsource-smooch/4.5.10/latin-400.min.css.gz
- fontsource-smooch/4.5.10/latin-ext-400.css.br
- fontsource-smooch/4.5.10/latin-ext-400.css.gz
- fontsource-smooch/4.5.10/latin-ext-400.min.css.br
- fontsource-smooch/4.5.10/latin-ext-400.min.css.gz
- fontsource-smooch/4.5.10/latin-ext.css.br
- fontsource-smooch/4.5.10/latin-ext.css.gz
- fontsource-smooch/4.5.10/latin-ext.min.css.br
- fontsource-smooch/4.5.10/latin-ext.min.css.gz
- fontsource-smooch/4.5.10/latin.css.br
- fontsource-smooch/4.5.10/latin.css.gz
- fontsource-smooch/4.5.10/latin.min.css.br
- fontsource-smooch/4.5.10/latin.min.css.gz
- fontsource-smooch/4.5.10/vietnamese-400.css.br
- fontsource-smooch/4.5.10/vietnamese-400.css.gz
- fontsource-smooch/4.5.10/vietnamese-400.min.css.br
- fontsource-smooch/4.5.10/vietnamese-400.min.css.gz
- fontsource-smooch/4.5.10/vietnamese.css.br
- fontsource-smooch/4.5.10/vietnamese.css.gz
- fontsource-smooch/4.5.10/vietnamese.min.css.br
- fontsource-smooch/4.5.10/vietnamese.min.css.gz
SRIs:
- fontsource-smooch/4.5.10/latin-ext-400.css: sha512-Gs1onyNm1lrni1SyV7skYooZ2UcOXtPhZHWscBs/TvnGndma2wmjEouTs9WOEaX/qAOy2rU1wJbjB1WkXVvd2w==
- fontsource-smooch/4.5.10/latin-ext.css: sha512-Gs1onyNm1lrni1SyV7skYooZ2UcOXtPhZHWscBs/TvnGndma2wmjEouTs9WOEaX/qAOy2rU1wJbjB1WkXVvd2w==
- fontsource-smooch/4.5.10/latin-ext.min.css: sha512-MyZ92vsWfC+kTfbyhMs206yS3iiVx7xRO/frlXGGJo9sUt7fpU8Et25RInVFP1WBHIMHIuYwfi7nPuop1Fw2pQ==
- fontsource-smooch/4.5.10/400.min.css: sha512-TAlbjTPWkIoKVm3UMmWEL+3qRvvPrzFAxlXQriEU7cWT5XjT3uhsFRMVZhlRi6W+x5Xva20PRNFd3dRgpSwzyQ==
- fontsource-smooch/4.5.10/index.css: sha512-EEW7zdbj84QLQWrElU6fM4T9hh4L6gtQZ8cS4gx2Gw8KoMTfWhyHDyEyPDdNWp0Cq4ziKUVAEMwK1DcTZWDoxA==
- fontsource-smooch/4.5.10/vietnamese-400.min.css: sha512-mLPwYpuEQEReyMj7x7YtgbzAVYHr6IYDO65LRS+hKtf20Pns+fZkTR++PEZcaSIsgQ2pJgtgHN2eiTQhOG5x4g==
- fontsource-smooch/4.5.10/vietnamese.min.css: sha512-mLPwYpuEQEReyMj7x7YtgbzAVYHr6IYDO65LRS+hKtf20Pns+fZkTR++PEZcaSIsgQ2pJgtgHN2eiTQhOG5x4g==
- fontsource-smooch/4.5.10/latin.min.css: sha512-pDcBLKKN5E9IjkUnLPmilLWEJ+3zzIInVvXOU17N15CDEjUsJs2VfsmfCyLIFw1JaVXYQdU3iQ7UHtTzgBleIw==
- fontsource-smooch/4.5.10/latin-ext-400.min.css: sha512-MyZ92vsWfC+kTfbyhMs206yS3iiVx7xRO/frlXGGJo9sUt7fpU8Et25RInVFP1WBHIMHIuYwfi7nPuop1Fw2pQ==
- fontsource-smooch/4.5.10/latin.css: sha512-FFyuuHyQ1JjeR0DKMpFhQE8n2No8CSeiDLICGSJchFmxLJuNR4tkSwHd6DwWKDCUxLkiY8KYU7QclLVK1egmcw==
- fontsource-smooch/4.5.10/vietnamese-400.css: sha512-uZ7A5yxZo+88T/aDmG8BWn7ELid9+iAmaqiQa0wgvbbQKNSZXVgfalj649lQhs0nJfrMqauYw4Wpax88fqyArQ==
- fontsource-smooch/4.5.10/vietnamese.css: sha512-uZ7A5yxZo+88T/aDmG8BWn7ELid9+iAmaqiQa0wgvbbQKNSZXVgfalj649lQhs0nJfrMqauYw4Wpax88fqyArQ==
- fontsource-smooch/4.5.10/400.css: sha512-EEW7zdbj84QLQWrElU6fM4T9hh4L6gtQZ8cS4gx2Gw8KoMTfWhyHDyEyPDdNWp0Cq4ziKUVAEMwK1DcTZWDoxA==
- fontsource-smooch/4.5.10/index.min.css: sha512-TAlbjTPWkIoKVm3UMmWEL+3qRvvPrzFAxlXQriEU7cWT5XjT3uhsFRMVZhlRi6W+x5Xva20PRNFd3dRgpSwzyQ==
- fontsource-smooch/4.5.10/latin-400.css: sha512-FFyuuHyQ1JjeR0DKMpFhQE8n2No8CSeiDLICGSJchFmxLJuNR4tkSwHd6DwWKDCUxLkiY8KYU7QclLVK1egmcw==
- fontsource-smooch/4.5.10/latin-400.min.css: sha512-pDcBLKKN5E9IjkUnLPmilLWEJ+3zzIInVvXOU17N15CDEjUsJs2VfsmfCyLIFw1JaVXYQdU3iQ7UHtTzgBleIw==
