2024/09/03 19:02:27 optimizing files (Js true, Css true, Png true, Jpg true)
2024/09/03 19:02:27 compress: run /node_modules/uglify-js/bin/uglifyjs (3.15.4) [--mangle --compress if_return=true -o /tmp/work/dist/bundle.min.js /tmp/work/dist/bundle.js]
2024/09/03 19:02:27 algorithm: run /usr/bin/brotli --quality=11 --output=/output/connect.d.ts.br /tmp/work/dist/connect.d.ts
2024/09/03 19:02:27 compress: run /node_modules/uglify-js/bin/uglifyjs (3.15.4) [--mangle --compress if_return=true -o /tmp/work/dist/index.min.js /tmp/work/dist/index.js]
2024/09/03 19:02:27 algorithm: run /usr/bin/brotli --quality=11 --output=/output/constants.d.ts.br /tmp/work/dist/constants.d.ts
2024/09/03 19:02:27 algorithm: run /usr/bin/brotli --quality=11 --output=/output/links/protonWeb.d.ts.br /tmp/work/dist/links/protonWeb.d.ts
2024/09/03 19:02:27 algorithm: run /usr/bin/brotli --quality=11 --output=/output/index.d.ts.br /tmp/work/dist/index.d.ts
2024/09/03 19:02:27 algorithm: run /usr/bin/brotli --quality=11 --output=/output/storage.d.ts.br /tmp/work/dist/storage.d.ts
2024/09/03 19:02:27 algorithm: run /usr/bin/brotli --quality=11 --output=/output/links/cleos.d.ts.br /tmp/work/dist/links/cleos.d.ts
2024/09/03 19:02:27 br /tmp/work/dist/connect.d.ts -> /output/connect.d.ts.br
2024/09/03 19:02:27 br /tmp/work/dist/constants.d.ts -> /output/constants.d.ts.br
2024/09/03 19:02:27 br /tmp/work/dist/storage.d.ts -> /output/storage.d.ts.br
2024/09/03 19:02:27 br /tmp/work/dist/index.d.ts -> /output/index.d.ts.br
2024/09/03 19:02:27 gz /tmp/work/dist/constants.d.ts -> /output/constants.d.ts.gz
2024/09/03 19:02:27 algorithm: run /usr/bin/brotli --quality=11 --output=/output/styles.d.ts.br /tmp/work/dist/styles.d.ts
2024/09/03 19:02:27 gz /tmp/work/dist/connect.d.ts -> /output/connect.d.ts.gz
2024/09/03 19:02:27 algorithm: run /usr/bin/brotli --quality=11 --output=/output/types.d.ts.br /tmp/work/dist/types.d.ts
2024/09/03 19:02:27 gz /tmp/work/dist/index.d.ts -> /output/index.d.ts.gz
2024/09/03 19:02:27 gz /tmp/work/dist/storage.d.ts -> /output/storage.d.ts.gz
2024/09/03 19:02:27 algorithm: run /usr/bin/brotli --quality=11 --output=/output/walletTypeSelector.d.ts.br /tmp/work/dist/walletTypeSelector.d.ts
2024/09/03 19:02:27 br /tmp/work/dist/styles.d.ts -> /output/styles.d.ts.br
2024/09/03 19:02:27 gz /tmp/work/dist/styles.d.ts -> /output/styles.d.ts.gz
2024/09/03 19:02:27 br /tmp/work/dist/links/protonWeb.d.ts -> /output/links/protonWeb.d.ts.br
2024/09/03 19:02:27 br /tmp/work/dist/links/cleos.d.ts -> /output/links/cleos.d.ts.br
2024/09/03 19:02:27 gz /tmp/work/dist/links/cleos.d.ts -> /output/links/cleos.d.ts.gz
2024/09/03 19:02:27 gz /tmp/work/dist/links/protonWeb.d.ts -> /output/links/protonWeb.d.ts.gz
2024/09/03 19:02:27 br /tmp/work/dist/walletTypeSelector.d.ts -> /output/walletTypeSelector.d.ts.br
2024/09/03 19:02:27 gz /tmp/work/dist/walletTypeSelector.d.ts -> /output/walletTypeSelector.d.ts.gz
2024/09/03 19:02:27 br /tmp/work/dist/types.d.ts -> /output/types.d.ts.br
2024/09/03 19:02:27 gz /tmp/work/dist/types.d.ts -> /output/types.d.ts.gz
2024/09/03 19:02:28 sri /tmp/work/dist/index.min.js -> /output/index.min.js.sri
2024/09/03 19:02:28 algorithm: run /usr/bin/brotli --quality=11 --output=/output/index.min.js.br /tmp/work/dist/index.min.js
2024/09/03 19:02:28 br /tmp/work/dist/index.min.js -> /output/index.min.js.br
2024/09/03 19:02:28 gz /tmp/work/dist/index.min.js -> /output/index.min.js.gz
2024/09/03 19:02:28 sri /tmp/work/dist/index.js -> /output/index.js.sri
2024/09/03 19:02:28 algorithm: run /usr/bin/brotli --quality=11 --output=/output/index.js.br /tmp/work/dist/index.js
2024/09/03 19:02:28 br /tmp/work/dist/index.js -> /output/index.js.br
2024/09/03 19:02:28 gz /tmp/work/dist/index.js -> /output/index.js.gz
2024/09/03 19:02:33 sri /tmp/work/dist/bundle.min.js -> /output/bundle.min.js.sri
2024/09/03 19:02:33 algorithm: run /usr/bin/brotli --quality=11 --output=/output/bundle.min.js.br /tmp/work/dist/bundle.min.js
2024/09/03 19:02:34 br /tmp/work/dist/bundle.min.js -> /output/bundle.min.js.br
2024/09/03 19:02:34 gz /tmp/work/dist/bundle.min.js -> /output/bundle.min.js.gz
2024/09/03 19:02:34 sri /tmp/work/dist/bundle.js -> /output/bundle.js.sri
2024/09/03 19:02:34 algorithm: run /usr/bin/brotli --quality=11 --output=/output/bundle.js.br /tmp/work/dist/bundle.js
2024/09/03 19:02:35 br /tmp/work/dist/bundle.js -> /output/bundle.js.br
2024/09/03 19:02:35 gz /tmp/work/dist/bundle.js -> /output/bundle.js.gz
2024/09/03 19:02:35 processed proton-web-sdk
