config: {"authors":[{"name":"zazzaz"},{"name":"JeremyWuuuuu"},{"name":"Ryan2128"},{"name":"HerringtonDarkholme"}],"autoupdate":{"source":"npm","target":"element-plus","fileMap":[{"basePath":"","files":["theme-chalk/*.css"]},{"basePath":"dist","files":["*.@(js|mjs|css)","locale/*.js"]}]},"description":"A Vue.js 3.0 UI Library made by Element team","filename":"index.full.js","homepage":"https://element-plus.org","keywords":["vuejs","vue3","vue","element-ui","component-library","vue-composition-api"],"license":"MIT","name":"element-plus","repository":{"type":"git","url":"https://github.com/element-plus/element-plus.git"},"author":"zazzaz,JeremyWuuuuu,Ryan2128,HerringtonDarkholme"}
KV keys:
- element-plus/2.3.8/index.css.br
- element-plus/2.3.8/index.css.gz
- element-plus/2.3.8/index.full.js.br
- element-plus/2.3.8/index.full.js.gz
- element-plus/2.3.8/index.full.min.js.br
- element-plus/2.3.8/index.full.min.js.gz
- element-plus/2.3.8/index.full.min.mjs.br
- element-plus/2.3.8/index.full.min.mjs.gz
- element-plus/2.3.8/index.full.mjs.br
- element-plus/2.3.8/index.full.mjs.gz
- element-plus/2.3.8/index.min.css.br
- element-plus/2.3.8/index.min.css.gz
- element-plus/2.3.8/locale/af.js.br
- element-plus/2.3.8/locale/af.js.gz
- element-plus/2.3.8/locale/af.min.js.br
- element-plus/2.3.8/locale/af.min.js.gz
- element-plus/2.3.8/locale/ar.js.br
- element-plus/2.3.8/locale/ar.js.gz
- element-plus/2.3.8/locale/ar.min.js.br
- element-plus/2.3.8/locale/ar.min.js.gz
- element-plus/2.3.8/locale/az.js.br
- element-plus/2.3.8/locale/az.js.gz
- element-plus/2.3.8/locale/az.min.js.br
- element-plus/2.3.8/locale/az.min.js.gz
- element-plus/2.3.8/locale/bg.js.br
- element-plus/2.3.8/locale/bg.js.gz
- element-plus/2.3.8/locale/bg.min.js.br
- element-plus/2.3.8/locale/bg.min.js.gz
- element-plus/2.3.8/locale/bn.js.br
- element-plus/2.3.8/locale/bn.js.gz
- element-plus/2.3.8/locale/bn.min.js.br
- element-plus/2.3.8/locale/bn.min.js.gz
- element-plus/2.3.8/locale/ca.js.br
- element-plus/2.3.8/locale/ca.js.gz
- element-plus/2.3.8/locale/ca.min.js.br
- element-plus/2.3.8/locale/ca.min.js.gz
- element-plus/2.3.8/locale/ckb.js.br
- element-plus/2.3.8/locale/ckb.js.gz
- element-plus/2.3.8/locale/ckb.min.js.br
- element-plus/2.3.8/locale/ckb.min.js.gz
- element-plus/2.3.8/locale/cs.js.br
- element-plus/2.3.8/locale/cs.js.gz
- element-plus/2.3.8/locale/cs.min.js.br
- element-plus/2.3.8/locale/cs.min.js.gz
- element-plus/2.3.8/locale/da.js.br
- element-plus/2.3.8/locale/da.js.gz
- element-plus/2.3.8/locale/da.min.js.br
- element-plus/2.3.8/locale/da.min.js.gz
- element-plus/2.3.8/locale/de.js.br
- element-plus/2.3.8/locale/de.js.gz
- element-plus/2.3.8/locale/de.min.js.br
- element-plus/2.3.8/locale/de.min.js.gz
- element-plus/2.3.8/locale/el.js.br
- element-plus/2.3.8/locale/el.js.gz
- element-plus/2.3.8/locale/el.min.js.br
- element-plus/2.3.8/locale/el.min.js.gz
- element-plus/2.3.8/locale/en.js.br
- element-plus/2.3.8/locale/en.js.gz
- element-plus/2.3.8/locale/en.min.js.br
- element-plus/2.3.8/locale/en.min.js.gz
- element-plus/2.3.8/locale/eo.js.br
- element-plus/2.3.8/locale/eo.js.gz
- element-plus/2.3.8/locale/eo.min.js.br
- element-plus/2.3.8/locale/eo.min.js.gz
- element-plus/2.3.8/locale/es.js.br
- element-plus/2.3.8/locale/es.js.gz
- element-plus/2.3.8/locale/es.min.js.br
- element-plus/2.3.8/locale/es.min.js.gz
- element-plus/2.3.8/locale/et.js.br
- element-plus/2.3.8/locale/et.js.gz
- element-plus/2.3.8/locale/et.min.js.br
- element-plus/2.3.8/locale/et.min.js.gz
- element-plus/2.3.8/locale/eu.js.br
- element-plus/2.3.8/locale/eu.js.gz
- element-plus/2.3.8/locale/eu.min.js.br
- element-plus/2.3.8/locale/eu.min.js.gz
- element-plus/2.3.8/locale/fa.js.br
- element-plus/2.3.8/locale/fa.js.gz
- element-plus/2.3.8/locale/fa.min.js.br
- element-plus/2.3.8/locale/fa.min.js.gz
- element-plus/2.3.8/locale/fi.js.br
- element-plus/2.3.8/locale/fi.js.gz
- element-plus/2.3.8/locale/fi.min.js.br
- element-plus/2.3.8/locale/fi.min.js.gz
- element-plus/2.3.8/locale/fr.js.br
- element-plus/2.3.8/locale/fr.js.gz
- element-plus/2.3.8/locale/fr.min.js.br
- element-plus/2.3.8/locale/fr.min.js.gz
- element-plus/2.3.8/locale/he.js.br
- element-plus/2.3.8/locale/he.js.gz
- element-plus/2.3.8/locale/he.min.js.br
- element-plus/2.3.8/locale/he.min.js.gz
- element-plus/2.3.8/locale/hr.js.br
- element-plus/2.3.8/locale/hr.js.gz
- element-plus/2.3.8/locale/hr.min.js.br
- element-plus/2.3.8/locale/hr.min.js.gz
- element-plus/2.3.8/locale/hu.js.br
- element-plus/2.3.8/locale/hu.js.gz
- element-plus/2.3.8/locale/hu.min.js.br
- element-plus/2.3.8/locale/hu.min.js.gz
- element-plus/2.3.8/locale/hy-am.js.br
- element-plus/2.3.8/locale/hy-am.js.gz
- element-plus/2.3.8/locale/hy-am.min.js.br
- element-plus/2.3.8/locale/hy-am.min.js.gz
- element-plus/2.3.8/locale/id.js.br
- element-plus/2.3.8/locale/id.js.gz
- element-plus/2.3.8/locale/id.min.js.br
- element-plus/2.3.8/locale/id.min.js.gz
- element-plus/2.3.8/locale/it.js.br
- element-plus/2.3.8/locale/it.js.gz
- element-plus/2.3.8/locale/it.min.js.br
- element-plus/2.3.8/locale/it.min.js.gz
- element-plus/2.3.8/locale/ja.js.br
- element-plus/2.3.8/locale/ja.js.gz
- element-plus/2.3.8/locale/ja.min.js.br
- element-plus/2.3.8/locale/ja.min.js.gz
- element-plus/2.3.8/locale/kk.js.br
- element-plus/2.3.8/locale/kk.js.gz
- element-plus/2.3.8/locale/kk.min.js.br
- element-plus/2.3.8/locale/kk.min.js.gz
- element-plus/2.3.8/locale/km.js.br
- element-plus/2.3.8/locale/km.js.gz
- element-plus/2.3.8/locale/km.min.js.br
- element-plus/2.3.8/locale/km.min.js.gz
- element-plus/2.3.8/locale/ko.js.br
- element-plus/2.3.8/locale/ko.js.gz
- element-plus/2.3.8/locale/ko.min.js.br
- element-plus/2.3.8/locale/ko.min.js.gz
- element-plus/2.3.8/locale/ku.js.br
- element-plus/2.3.8/locale/ku.js.gz
- element-plus/2.3.8/locale/ku.min.js.br
- element-plus/2.3.8/locale/ku.min.js.gz
- element-plus/2.3.8/locale/ky.js.br
- element-plus/2.3.8/locale/ky.js.gz
- element-plus/2.3.8/locale/ky.min.js.br
- element-plus/2.3.8/locale/ky.min.js.gz
- element-plus/2.3.8/locale/lt.js.br
- element-plus/2.3.8/locale/lt.js.gz
- element-plus/2.3.8/locale/lt.min.js.br
- element-plus/2.3.8/locale/lt.min.js.gz
- element-plus/2.3.8/locale/lv.js.br
- element-plus/2.3.8/locale/lv.js.gz
- element-plus/2.3.8/locale/lv.min.js.br
- element-plus/2.3.8/locale/lv.min.js.gz
- element-plus/2.3.8/locale/mg.js.br
- element-plus/2.3.8/locale/mg.js.gz
- element-plus/2.3.8/locale/mg.min.js.br
- element-plus/2.3.8/locale/mg.min.js.gz
- element-plus/2.3.8/locale/mn.js.br
- element-plus/2.3.8/locale/mn.js.gz
- element-plus/2.3.8/locale/mn.min.js.br
- element-plus/2.3.8/locale/mn.min.js.gz
- element-plus/2.3.8/locale/nb-no.js.br
- element-plus/2.3.8/locale/nb-no.js.gz
- element-plus/2.3.8/locale/nb-no.min.js.br
- element-plus/2.3.8/locale/nb-no.min.js.gz
- element-plus/2.3.8/locale/nl.js.br
- element-plus/2.3.8/locale/nl.js.gz
- element-plus/2.3.8/locale/nl.min.js.br
- element-plus/2.3.8/locale/nl.min.js.gz
- element-plus/2.3.8/locale/pa.js.br
- element-plus/2.3.8/locale/pa.js.gz
- element-plus/2.3.8/locale/pa.min.js.br
- element-plus/2.3.8/locale/pa.min.js.gz
- element-plus/2.3.8/locale/pl.js.br
- element-plus/2.3.8/locale/pl.js.gz
- element-plus/2.3.8/locale/pl.min.js.br
- element-plus/2.3.8/locale/pl.min.js.gz
- element-plus/2.3.8/locale/pt-br.js.br
- element-plus/2.3.8/locale/pt-br.js.gz
- element-plus/2.3.8/locale/pt-br.min.js.br
- element-plus/2.3.8/locale/pt-br.min.js.gz
- element-plus/2.3.8/locale/pt.js.br
- element-plus/2.3.8/locale/pt.js.gz
- element-plus/2.3.8/locale/pt.min.js.br
- element-plus/2.3.8/locale/pt.min.js.gz
- element-plus/2.3.8/locale/ro.js.br
- element-plus/2.3.8/locale/ro.js.gz
- element-plus/2.3.8/locale/ro.min.js.br
- element-plus/2.3.8/locale/ro.min.js.gz
- element-plus/2.3.8/locale/ru.js.br
- element-plus/2.3.8/locale/ru.js.gz
- element-plus/2.3.8/locale/ru.min.js.br
- element-plus/2.3.8/locale/ru.min.js.gz
- element-plus/2.3.8/locale/sk.js.br
- element-plus/2.3.8/locale/sk.js.gz
- element-plus/2.3.8/locale/sk.min.js.br
- element-plus/2.3.8/locale/sk.min.js.gz
- element-plus/2.3.8/locale/sl.js.br
- element-plus/2.3.8/locale/sl.js.gz
- element-plus/2.3.8/locale/sl.min.js.br
- element-plus/2.3.8/locale/sl.min.js.gz
- element-plus/2.3.8/locale/sr.js.br
- element-plus/2.3.8/locale/sr.js.gz
- element-plus/2.3.8/locale/sr.min.js.br
- element-plus/2.3.8/locale/sr.min.js.gz
- element-plus/2.3.8/locale/sv.js.br
- element-plus/2.3.8/locale/sv.js.gz
- element-plus/2.3.8/locale/sv.min.js.br
- element-plus/2.3.8/locale/sv.min.js.gz
- element-plus/2.3.8/locale/ta.js.br
- element-plus/2.3.8/locale/ta.js.gz
- element-plus/2.3.8/locale/ta.min.js.br
- element-plus/2.3.8/locale/ta.min.js.gz
- element-plus/2.3.8/locale/th.js.br
- element-plus/2.3.8/locale/th.js.gz
- element-plus/2.3.8/locale/th.min.js.br
- element-plus/2.3.8/locale/th.min.js.gz
- element-plus/2.3.8/locale/tk.js.br
- element-plus/2.3.8/locale/tk.js.gz
- element-plus/2.3.8/locale/tk.min.js.br
- element-plus/2.3.8/locale/tk.min.js.gz
- element-plus/2.3.8/locale/tr.js.br
- element-plus/2.3.8/locale/tr.js.gz
- element-plus/2.3.8/locale/tr.min.js.br
- element-plus/2.3.8/locale/tr.min.js.gz
- element-plus/2.3.8/locale/ug-cn.js.br
- element-plus/2.3.8/locale/ug-cn.js.gz
- element-plus/2.3.8/locale/ug-cn.min.js.br
- element-plus/2.3.8/locale/ug-cn.min.js.gz
- element-plus/2.3.8/locale/uk.js.br
- element-plus/2.3.8/locale/uk.js.gz
- element-plus/2.3.8/locale/uk.min.js.br
- element-plus/2.3.8/locale/uk.min.js.gz
- element-plus/2.3.8/locale/uz-uz.js.br
- element-plus/2.3.8/locale/uz-uz.js.gz
- element-plus/2.3.8/locale/uz-uz.min.js.br
- element-plus/2.3.8/locale/uz-uz.min.js.gz
- element-plus/2.3.8/locale/vi.js.br
- element-plus/2.3.8/locale/vi.js.gz
- element-plus/2.3.8/locale/vi.min.js.br
- element-plus/2.3.8/locale/vi.min.js.gz
- element-plus/2.3.8/locale/zh-cn.js.br
- element-plus/2.3.8/locale/zh-cn.js.gz
- element-plus/2.3.8/locale/zh-cn.min.js.br
- element-plus/2.3.8/locale/zh-cn.min.js.gz
- element-plus/2.3.8/locale/zh-tw.js.br
- element-plus/2.3.8/locale/zh-tw.js.gz
- element-plus/2.3.8/locale/zh-tw.min.js.br
- element-plus/2.3.8/locale/zh-tw.min.js.gz
- element-plus/2.3.8/theme-chalk/base.css.br
- element-plus/2.3.8/theme-chalk/base.css.gz
- element-plus/2.3.8/theme-chalk/base.min.css.br
- element-plus/2.3.8/theme-chalk/base.min.css.gz
- element-plus/2.3.8/theme-chalk/display.css.br
- element-plus/2.3.8/theme-chalk/display.css.gz
- element-plus/2.3.8/theme-chalk/display.min.css.br
- element-plus/2.3.8/theme-chalk/display.min.css.gz
- element-plus/2.3.8/theme-chalk/el-affix.css.br
- element-plus/2.3.8/theme-chalk/el-affix.css.gz
- element-plus/2.3.8/theme-chalk/el-affix.min.css.br
- element-plus/2.3.8/theme-chalk/el-affix.min.css.gz
- element-plus/2.3.8/theme-chalk/el-alert.css.br
- element-plus/2.3.8/theme-chalk/el-alert.css.gz
- element-plus/2.3.8/theme-chalk/el-alert.min.css.br
- element-plus/2.3.8/theme-chalk/el-alert.min.css.gz
- element-plus/2.3.8/theme-chalk/el-aside.css.br
- element-plus/2.3.8/theme-chalk/el-aside.css.gz
- element-plus/2.3.8/theme-chalk/el-aside.min.css.br
- element-plus/2.3.8/theme-chalk/el-aside.min.css.gz
- element-plus/2.3.8/theme-chalk/el-autocomplete.css.br
- element-plus/2.3.8/theme-chalk/el-autocomplete.css.gz
- element-plus/2.3.8/theme-chalk/el-autocomplete.min.css.br
- element-plus/2.3.8/theme-chalk/el-autocomplete.min.css.gz
- element-plus/2.3.8/theme-chalk/el-avatar.css.br
- element-plus/2.3.8/theme-chalk/el-avatar.css.gz
- element-plus/2.3.8/theme-chalk/el-avatar.min.css.br
- element-plus/2.3.8/theme-chalk/el-avatar.min.css.gz
- element-plus/2.3.8/theme-chalk/el-backtop.css.br
- element-plus/2.3.8/theme-chalk/el-backtop.css.gz
- element-plus/2.3.8/theme-chalk/el-backtop.min.css.br
- element-plus/2.3.8/theme-chalk/el-backtop.min.css.gz
- element-plus/2.3.8/theme-chalk/el-badge.css.br
- element-plus/2.3.8/theme-chalk/el-badge.css.gz
- element-plus/2.3.8/theme-chalk/el-badge.min.css.br
- element-plus/2.3.8/theme-chalk/el-badge.min.css.gz
- element-plus/2.3.8/theme-chalk/el-breadcrumb-item.css.br
- element-plus/2.3.8/theme-chalk/el-breadcrumb-item.css.gz
- element-plus/2.3.8/theme-chalk/el-breadcrumb-item.min.css.br
- element-plus/2.3.8/theme-chalk/el-breadcrumb-item.min.css.gz
- element-plus/2.3.8/theme-chalk/el-breadcrumb.css.br
- element-plus/2.3.8/theme-chalk/el-breadcrumb.css.gz
- element-plus/2.3.8/theme-chalk/el-breadcrumb.min.css.br
- element-plus/2.3.8/theme-chalk/el-breadcrumb.min.css.gz
- element-plus/2.3.8/theme-chalk/el-button-group.css.br
- element-plus/2.3.8/theme-chalk/el-button-group.css.gz
- element-plus/2.3.8/theme-chalk/el-button-group.min.css.br
- element-plus/2.3.8/theme-chalk/el-button-group.min.css.gz
- element-plus/2.3.8/theme-chalk/el-button.css.br
- element-plus/2.3.8/theme-chalk/el-button.css.gz
- element-plus/2.3.8/theme-chalk/el-button.min.css.br
- element-plus/2.3.8/theme-chalk/el-button.min.css.gz
- element-plus/2.3.8/theme-chalk/el-calendar.css.br
- element-plus/2.3.8/theme-chalk/el-calendar.css.gz
- element-plus/2.3.8/theme-chalk/el-calendar.min.css.br
- element-plus/2.3.8/theme-chalk/el-calendar.min.css.gz
- element-plus/2.3.8/theme-chalk/el-card.css.br
- element-plus/2.3.8/theme-chalk/el-card.css.gz
- element-plus/2.3.8/theme-chalk/el-card.min.css.br
- element-plus/2.3.8/theme-chalk/el-card.min.css.gz
- element-plus/2.3.8/theme-chalk/el-carousel-item.css.br
- element-plus/2.3.8/theme-chalk/el-carousel-item.css.gz
- element-plus/2.3.8/theme-chalk/el-carousel-item.min.css.br
- element-plus/2.3.8/theme-chalk/el-carousel-item.min.css.gz
- element-plus/2.3.8/theme-chalk/el-carousel.css.br
- element-plus/2.3.8/theme-chalk/el-carousel.css.gz
- element-plus/2.3.8/theme-chalk/el-carousel.min.css.br
- element-plus/2.3.8/theme-chalk/el-carousel.min.css.gz
- element-plus/2.3.8/theme-chalk/el-cascader-panel.css.br
- element-plus/2.3.8/theme-chalk/el-cascader-panel.css.gz
- element-plus/2.3.8/theme-chalk/el-cascader-panel.min.css.br
- element-plus/2.3.8/theme-chalk/el-cascader-panel.min.css.gz
- element-plus/2.3.8/theme-chalk/el-cascader.css.br
- element-plus/2.3.8/theme-chalk/el-cascader.css.gz
- element-plus/2.3.8/theme-chalk/el-cascader.min.css.br
- element-plus/2.3.8/theme-chalk/el-cascader.min.css.gz
- element-plus/2.3.8/theme-chalk/el-check-tag.css.br
- element-plus/2.3.8/theme-chalk/el-check-tag.css.gz
- element-plus/2.3.8/theme-chalk/el-check-tag.min.css.br
- element-plus/2.3.8/theme-chalk/el-check-tag.min.css.gz
- element-plus/2.3.8/theme-chalk/el-checkbox-button.css.br
- element-plus/2.3.8/theme-chalk/el-checkbox-button.css.gz
- element-plus/2.3.8/theme-chalk/el-checkbox-button.min.css.br
- element-plus/2.3.8/theme-chalk/el-checkbox-button.min.css.gz
- element-plus/2.3.8/theme-chalk/el-checkbox-group.css.br
- element-plus/2.3.8/theme-chalk/el-checkbox-group.css.gz
- element-plus/2.3.8/theme-chalk/el-checkbox-group.min.css.br
- element-plus/2.3.8/theme-chalk/el-checkbox-group.min.css.gz
- element-plus/2.3.8/theme-chalk/el-checkbox.css.br
- element-plus/2.3.8/theme-chalk/el-checkbox.css.gz
- element-plus/2.3.8/theme-chalk/el-checkbox.min.css.br
- element-plus/2.3.8/theme-chalk/el-checkbox.min.css.gz
- element-plus/2.3.8/theme-chalk/el-col.css.br
- element-plus/2.3.8/theme-chalk/el-col.css.gz
- element-plus/2.3.8/theme-chalk/el-col.min.css.br
- element-plus/2.3.8/theme-chalk/el-col.min.css.gz
- element-plus/2.3.8/theme-chalk/el-collapse-item.css.br
- element-plus/2.3.8/theme-chalk/el-collapse-item.css.gz
- element-plus/2.3.8/theme-chalk/el-collapse-item.min.css.br
- element-plus/2.3.8/theme-chalk/el-collapse-item.min.css.gz
- element-plus/2.3.8/theme-chalk/el-collapse-transition.css.br
- element-plus/2.3.8/theme-chalk/el-collapse-transition.css.gz
- element-plus/2.3.8/theme-chalk/el-collapse-transition.min.css.br
- element-plus/2.3.8/theme-chalk/el-collapse-transition.min.css.gz
- element-plus/2.3.8/theme-chalk/el-collapse.css.br
- element-plus/2.3.8/theme-chalk/el-collapse.css.gz
- element-plus/2.3.8/theme-chalk/el-collapse.min.css.br
- element-plus/2.3.8/theme-chalk/el-collapse.min.css.gz
- element-plus/2.3.8/theme-chalk/el-color-picker.css.br
- element-plus/2.3.8/theme-chalk/el-color-picker.css.gz
- element-plus/2.3.8/theme-chalk/el-color-picker.min.css.br
- element-plus/2.3.8/theme-chalk/el-color-picker.min.css.gz
- element-plus/2.3.8/theme-chalk/el-config-provider.css.br
- element-plus/2.3.8/theme-chalk/el-config-provider.css.gz
- element-plus/2.3.8/theme-chalk/el-config-provider.min.css.br
- element-plus/2.3.8/theme-chalk/el-config-provider.min.css.gz
- element-plus/2.3.8/theme-chalk/el-container.css.br
- element-plus/2.3.8/theme-chalk/el-container.css.gz
- element-plus/2.3.8/theme-chalk/el-container.min.css.br
- element-plus/2.3.8/theme-chalk/el-container.min.css.gz
- element-plus/2.3.8/theme-chalk/el-date-picker.css.br
- element-plus/2.3.8/theme-chalk/el-date-picker.css.gz
- element-plus/2.3.8/theme-chalk/el-date-picker.min.css.br
- element-plus/2.3.8/theme-chalk/el-date-picker.min.css.gz
- element-plus/2.3.8/theme-chalk/el-descriptions-item.css.br
- element-plus/2.3.8/theme-chalk/el-descriptions-item.css.gz
- element-plus/2.3.8/theme-chalk/el-descriptions-item.min.css.br
- element-plus/2.3.8/theme-chalk/el-descriptions-item.min.css.gz
- element-plus/2.3.8/theme-chalk/el-descriptions.css.br
- element-plus/2.3.8/theme-chalk/el-descriptions.css.gz
- element-plus/2.3.8/theme-chalk/el-descriptions.min.css.br
- element-plus/2.3.8/theme-chalk/el-descriptions.min.css.gz
- element-plus/2.3.8/theme-chalk/el-dialog.css.br
- element-plus/2.3.8/theme-chalk/el-dialog.css.gz
- element-plus/2.3.8/theme-chalk/el-dialog.min.css.br
- element-plus/2.3.8/theme-chalk/el-dialog.min.css.gz
- element-plus/2.3.8/theme-chalk/el-divider.css.br
- element-plus/2.3.8/theme-chalk/el-divider.css.gz
- element-plus/2.3.8/theme-chalk/el-divider.min.css.br
- element-plus/2.3.8/theme-chalk/el-divider.min.css.gz
- element-plus/2.3.8/theme-chalk/el-drawer.css.br
- element-plus/2.3.8/theme-chalk/el-drawer.css.gz
- element-plus/2.3.8/theme-chalk/el-drawer.min.css.br
- element-plus/2.3.8/theme-chalk/el-drawer.min.css.gz
- element-plus/2.3.8/theme-chalk/el-dropdown-item.css.br
- element-plus/2.3.8/theme-chalk/el-dropdown-item.css.gz
- element-plus/2.3.8/theme-chalk/el-dropdown-item.min.css.br
- element-plus/2.3.8/theme-chalk/el-dropdown-item.min.css.gz
- element-plus/2.3.8/theme-chalk/el-dropdown-menu.css.br
- element-plus/2.3.8/theme-chalk/el-dropdown-menu.css.gz
- element-plus/2.3.8/theme-chalk/el-dropdown-menu.min.css.br
- element-plus/2.3.8/theme-chalk/el-dropdown-menu.min.css.gz
- element-plus/2.3.8/theme-chalk/el-dropdown.css.br
- element-plus/2.3.8/theme-chalk/el-dropdown.css.gz
- element-plus/2.3.8/theme-chalk/el-dropdown.min.css.br
- element-plus/2.3.8/theme-chalk/el-dropdown.min.css.gz
- element-plus/2.3.8/theme-chalk/el-empty.css.br
- element-plus/2.3.8/theme-chalk/el-empty.css.gz
- element-plus/2.3.8/theme-chalk/el-empty.min.css.br
- element-plus/2.3.8/theme-chalk/el-empty.min.css.gz
- element-plus/2.3.8/theme-chalk/el-footer.css.br
- element-plus/2.3.8/theme-chalk/el-footer.css.gz
- element-plus/2.3.8/theme-chalk/el-footer.min.css.br
- element-plus/2.3.8/theme-chalk/el-footer.min.css.gz
- element-plus/2.3.8/theme-chalk/el-form-item.css.br
- element-plus/2.3.8/theme-chalk/el-form-item.css.gz
- element-plus/2.3.8/theme-chalk/el-form-item.min.css.br
- element-plus/2.3.8/theme-chalk/el-form-item.min.css.gz
- element-plus/2.3.8/theme-chalk/el-form.css.br
- element-plus/2.3.8/theme-chalk/el-form.css.gz
- element-plus/2.3.8/theme-chalk/el-form.min.css.br
- element-plus/2.3.8/theme-chalk/el-form.min.css.gz
- element-plus/2.3.8/theme-chalk/el-header.css.br
- element-plus/2.3.8/theme-chalk/el-header.css.gz
- element-plus/2.3.8/theme-chalk/el-header.min.css.br
- element-plus/2.3.8/theme-chalk/el-header.min.css.gz
- element-plus/2.3.8/theme-chalk/el-icon.css.br
- element-plus/2.3.8/theme-chalk/el-icon.css.gz
- element-plus/2.3.8/theme-chalk/el-icon.min.css.br
- element-plus/2.3.8/theme-chalk/el-icon.min.css.gz
- element-plus/2.3.8/theme-chalk/el-image-viewer.css.br
- element-plus/2.3.8/theme-chalk/el-image-viewer.css.gz
- element-plus/2.3.8/theme-chalk/el-image-viewer.min.css.br
- element-plus/2.3.8/theme-chalk/el-image-viewer.min.css.gz
- element-plus/2.3.8/theme-chalk/el-image.css.br
- element-plus/2.3.8/theme-chalk/el-image.css.gz
- element-plus/2.3.8/theme-chalk/el-image.min.css.br
- element-plus/2.3.8/theme-chalk/el-image.min.css.gz
- element-plus/2.3.8/theme-chalk/el-infinite-scroll.css.br
- element-plus/2.3.8/theme-chalk/el-infinite-scroll.css.gz
- element-plus/2.3.8/theme-chalk/el-infinite-scroll.min.css.br
- element-plus/2.3.8/theme-chalk/el-infinite-scroll.min.css.gz
- element-plus/2.3.8/theme-chalk/el-input-number.css.br
- element-plus/2.3.8/theme-chalk/el-input-number.css.gz
- element-plus/2.3.8/theme-chalk/el-input-number.min.css.br
- element-plus/2.3.8/theme-chalk/el-input-number.min.css.gz
- element-plus/2.3.8/theme-chalk/el-input.css.br
- element-plus/2.3.8/theme-chalk/el-input.css.gz
- element-plus/2.3.8/theme-chalk/el-input.min.css.br
- element-plus/2.3.8/theme-chalk/el-input.min.css.gz
- element-plus/2.3.8/theme-chalk/el-link.css.br
- element-plus/2.3.8/theme-chalk/el-link.css.gz
- element-plus/2.3.8/theme-chalk/el-link.min.css.br
- element-plus/2.3.8/theme-chalk/el-link.min.css.gz
- element-plus/2.3.8/theme-chalk/el-loading.css.br
- element-plus/2.3.8/theme-chalk/el-loading.css.gz
- element-plus/2.3.8/theme-chalk/el-loading.min.css.br
- element-plus/2.3.8/theme-chalk/el-loading.min.css.gz
- element-plus/2.3.8/theme-chalk/el-main.css.br
- element-plus/2.3.8/theme-chalk/el-main.css.gz
- element-plus/2.3.8/theme-chalk/el-main.min.css.br
- element-plus/2.3.8/theme-chalk/el-main.min.css.gz
- element-plus/2.3.8/theme-chalk/el-menu-item-group.css.br
- element-plus/2.3.8/theme-chalk/el-menu-item-group.css.gz
- element-plus/2.3.8/theme-chalk/el-menu-item-group.min.css.br
- element-plus/2.3.8/theme-chalk/el-menu-item-group.min.css.gz
- element-plus/2.3.8/theme-chalk/el-menu-item.css.br
- element-plus/2.3.8/theme-chalk/el-menu-item.css.gz
- element-plus/2.3.8/theme-chalk/el-menu-item.min.css.br
- element-plus/2.3.8/theme-chalk/el-menu-item.min.css.gz
- element-plus/2.3.8/theme-chalk/el-menu.css.br
- element-plus/2.3.8/theme-chalk/el-menu.css.gz
- element-plus/2.3.8/theme-chalk/el-menu.min.css.br
- element-plus/2.3.8/theme-chalk/el-menu.min.css.gz
- element-plus/2.3.8/theme-chalk/el-message-box.css.br
- element-plus/2.3.8/theme-chalk/el-message-box.css.gz
- element-plus/2.3.8/theme-chalk/el-message-box.min.css.br
- element-plus/2.3.8/theme-chalk/el-message-box.min.css.gz
- element-plus/2.3.8/theme-chalk/el-message.css.br
- element-plus/2.3.8/theme-chalk/el-message.css.gz
- element-plus/2.3.8/theme-chalk/el-message.min.css.br
- element-plus/2.3.8/theme-chalk/el-message.min.css.gz
- element-plus/2.3.8/theme-chalk/el-notification.css.br
- element-plus/2.3.8/theme-chalk/el-notification.css.gz
- element-plus/2.3.8/theme-chalk/el-notification.min.css.br
- element-plus/2.3.8/theme-chalk/el-notification.min.css.gz
- element-plus/2.3.8/theme-chalk/el-option-group.css.br
- element-plus/2.3.8/theme-chalk/el-option-group.css.gz
- element-plus/2.3.8/theme-chalk/el-option-group.min.css.br
- element-plus/2.3.8/theme-chalk/el-option-group.min.css.gz
- element-plus/2.3.8/theme-chalk/el-option-item.css.br
- element-plus/2.3.8/theme-chalk/el-option-item.css.gz
- element-plus/2.3.8/theme-chalk/el-option-item.min.css.br
- element-plus/2.3.8/theme-chalk/el-option-item.min.css.gz
- element-plus/2.3.8/theme-chalk/el-option.css.br
- element-plus/2.3.8/theme-chalk/el-option.css.gz
- element-plus/2.3.8/theme-chalk/el-option.min.css.br
- element-plus/2.3.8/theme-chalk/el-option.min.css.gz
- element-plus/2.3.8/theme-chalk/el-overlay.css.br
- element-plus/2.3.8/theme-chalk/el-overlay.css.gz
- element-plus/2.3.8/theme-chalk/el-overlay.min.css.br
- element-plus/2.3.8/theme-chalk/el-overlay.min.css.gz
- element-plus/2.3.8/theme-chalk/el-page-header.css.br
- element-plus/2.3.8/theme-chalk/el-page-header.css.gz
- element-plus/2.3.8/theme-chalk/el-page-header.min.css.br
- element-plus/2.3.8/theme-chalk/el-page-header.min.css.gz
- element-plus/2.3.8/theme-chalk/el-pagination.css.br
- element-plus/2.3.8/theme-chalk/el-pagination.css.gz
- element-plus/2.3.8/theme-chalk/el-pagination.min.css.br
- element-plus/2.3.8/theme-chalk/el-pagination.min.css.gz
- element-plus/2.3.8/theme-chalk/el-popconfirm.css.br
- element-plus/2.3.8/theme-chalk/el-popconfirm.css.gz
- element-plus/2.3.8/theme-chalk/el-popconfirm.min.css.br
- element-plus/2.3.8/theme-chalk/el-popconfirm.min.css.gz
- element-plus/2.3.8/theme-chalk/el-popover.css.br
- element-plus/2.3.8/theme-chalk/el-popover.css.gz
- element-plus/2.3.8/theme-chalk/el-popover.min.css.br
- element-plus/2.3.8/theme-chalk/el-popover.min.css.gz
- element-plus/2.3.8/theme-chalk/el-popper.css.br
- element-plus/2.3.8/theme-chalk/el-popper.css.gz
- element-plus/2.3.8/theme-chalk/el-popper.min.css.br
- element-plus/2.3.8/theme-chalk/el-popper.min.css.gz
- element-plus/2.3.8/theme-chalk/el-progress.css.br
- element-plus/2.3.8/theme-chalk/el-progress.css.gz
- element-plus/2.3.8/theme-chalk/el-progress.min.css.br
- element-plus/2.3.8/theme-chalk/el-progress.min.css.gz
- element-plus/2.3.8/theme-chalk/el-radio-button.css.br
- element-plus/2.3.8/theme-chalk/el-radio-button.css.gz
- element-plus/2.3.8/theme-chalk/el-radio-button.min.css.br
- element-plus/2.3.8/theme-chalk/el-radio-button.min.css.gz
- element-plus/2.3.8/theme-chalk/el-radio-group.css.br
- element-plus/2.3.8/theme-chalk/el-radio-group.css.gz
- element-plus/2.3.8/theme-chalk/el-radio-group.min.css.br
- element-plus/2.3.8/theme-chalk/el-radio-group.min.css.gz
- element-plus/2.3.8/theme-chalk/el-radio.css.br
- element-plus/2.3.8/theme-chalk/el-radio.css.gz
- element-plus/2.3.8/theme-chalk/el-radio.min.css.br
- element-plus/2.3.8/theme-chalk/el-radio.min.css.gz
- element-plus/2.3.8/theme-chalk/el-rate.css.br
- element-plus/2.3.8/theme-chalk/el-rate.css.gz
- element-plus/2.3.8/theme-chalk/el-rate.min.css.br
- element-plus/2.3.8/theme-chalk/el-rate.min.css.gz
- element-plus/2.3.8/theme-chalk/el-reset.css.br
- element-plus/2.3.8/theme-chalk/el-reset.css.gz
- element-plus/2.3.8/theme-chalk/el-reset.min.css.br
- element-plus/2.3.8/theme-chalk/el-reset.min.css.gz
- element-plus/2.3.8/theme-chalk/el-result.css.br
- element-plus/2.3.8/theme-chalk/el-result.css.gz
- element-plus/2.3.8/theme-chalk/el-result.min.css.br
- element-plus/2.3.8/theme-chalk/el-result.min.css.gz
- element-plus/2.3.8/theme-chalk/el-row.css.br
- element-plus/2.3.8/theme-chalk/el-row.css.gz
- element-plus/2.3.8/theme-chalk/el-row.min.css.br
- element-plus/2.3.8/theme-chalk/el-row.min.css.gz
- element-plus/2.3.8/theme-chalk/el-scrollbar.css.br
- element-plus/2.3.8/theme-chalk/el-scrollbar.css.gz
- element-plus/2.3.8/theme-chalk/el-scrollbar.min.css.br
- element-plus/2.3.8/theme-chalk/el-scrollbar.min.css.gz
- element-plus/2.3.8/theme-chalk/el-select-dropdown-v2.css.br
- element-plus/2.3.8/theme-chalk/el-select-dropdown-v2.css.gz
- element-plus/2.3.8/theme-chalk/el-select-dropdown-v2.min.css.br
- element-plus/2.3.8/theme-chalk/el-select-dropdown-v2.min.css.gz
- element-plus/2.3.8/theme-chalk/el-select-dropdown.css.br
- element-plus/2.3.8/theme-chalk/el-select-dropdown.css.gz
- element-plus/2.3.8/theme-chalk/el-select-dropdown.min.css.br
- element-plus/2.3.8/theme-chalk/el-select-dropdown.min.css.gz
- element-plus/2.3.8/theme-chalk/el-select-v2.css.br
- element-plus/2.3.8/theme-chalk/el-select-v2.css.gz
- element-plus/2.3.8/theme-chalk/el-select-v2.min.css.br
- element-plus/2.3.8/theme-chalk/el-select-v2.min.css.gz
- element-plus/2.3.8/theme-chalk/el-select.css.br
- element-plus/2.3.8/theme-chalk/el-select.css.gz
- element-plus/2.3.8/theme-chalk/el-select.min.css.br
- element-plus/2.3.8/theme-chalk/el-select.min.css.gz
- element-plus/2.3.8/theme-chalk/el-skeleton-item.css.br
- element-plus/2.3.8/theme-chalk/el-skeleton-item.css.gz
- element-plus/2.3.8/theme-chalk/el-skeleton-item.min.css.br
- element-plus/2.3.8/theme-chalk/el-skeleton-item.min.css.gz
- element-plus/2.3.8/theme-chalk/el-skeleton.css.br
- element-plus/2.3.8/theme-chalk/el-skeleton.css.gz
- element-plus/2.3.8/theme-chalk/el-skeleton.min.css.br
- element-plus/2.3.8/theme-chalk/el-skeleton.min.css.gz
- element-plus/2.3.8/theme-chalk/el-slider.css.br
- element-plus/2.3.8/theme-chalk/el-slider.css.gz
- element-plus/2.3.8/theme-chalk/el-slider.min.css.br
- element-plus/2.3.8/theme-chalk/el-slider.min.css.gz
- element-plus/2.3.8/theme-chalk/el-space.css.br
- element-plus/2.3.8/theme-chalk/el-space.css.gz
- element-plus/2.3.8/theme-chalk/el-space.min.css.br
- element-plus/2.3.8/theme-chalk/el-space.min.css.gz
- element-plus/2.3.8/theme-chalk/el-spinner.css.br
- element-plus/2.3.8/theme-chalk/el-spinner.css.gz
- element-plus/2.3.8/theme-chalk/el-spinner.min.css.br
- element-plus/2.3.8/theme-chalk/el-spinner.min.css.gz
- element-plus/2.3.8/theme-chalk/el-statistic.css.br
- element-plus/2.3.8/theme-chalk/el-statistic.css.gz
- element-plus/2.3.8/theme-chalk/el-statistic.min.css.br
- element-plus/2.3.8/theme-chalk/el-statistic.min.css.gz
- element-plus/2.3.8/theme-chalk/el-step.css.br
- element-plus/2.3.8/theme-chalk/el-step.css.gz
- element-plus/2.3.8/theme-chalk/el-step.min.css.br
- element-plus/2.3.8/theme-chalk/el-step.min.css.gz
- element-plus/2.3.8/theme-chalk/el-steps.css.br
- element-plus/2.3.8/theme-chalk/el-steps.css.gz
- element-plus/2.3.8/theme-chalk/el-steps.min.css.br
- element-plus/2.3.8/theme-chalk/el-steps.min.css.gz
- element-plus/2.3.8/theme-chalk/el-sub-menu.css.br
- element-plus/2.3.8/theme-chalk/el-sub-menu.css.gz
- element-plus/2.3.8/theme-chalk/el-sub-menu.min.css.br
- element-plus/2.3.8/theme-chalk/el-sub-menu.min.css.gz
- element-plus/2.3.8/theme-chalk/el-switch.css.br
- element-plus/2.3.8/theme-chalk/el-switch.css.gz
- element-plus/2.3.8/theme-chalk/el-switch.min.css.br
- element-plus/2.3.8/theme-chalk/el-switch.min.css.gz
- element-plus/2.3.8/theme-chalk/el-tab-pane.css.br
- element-plus/2.3.8/theme-chalk/el-tab-pane.css.gz
- element-plus/2.3.8/theme-chalk/el-tab-pane.min.css.br
- element-plus/2.3.8/theme-chalk/el-tab-pane.min.css.gz
- element-plus/2.3.8/theme-chalk/el-table-column.css.br
- element-plus/2.3.8/theme-chalk/el-table-column.css.gz
- element-plus/2.3.8/theme-chalk/el-table-column.min.css.br
- element-plus/2.3.8/theme-chalk/el-table-column.min.css.gz
- element-plus/2.3.8/theme-chalk/el-table-v2.css.br
- element-plus/2.3.8/theme-chalk/el-table-v2.css.gz
- element-plus/2.3.8/theme-chalk/el-table-v2.min.css.br
- element-plus/2.3.8/theme-chalk/el-table-v2.min.css.gz
- element-plus/2.3.8/theme-chalk/el-table.css.br
- element-plus/2.3.8/theme-chalk/el-table.css.gz
- element-plus/2.3.8/theme-chalk/el-table.min.css.br
- element-plus/2.3.8/theme-chalk/el-table.min.css.gz
- element-plus/2.3.8/theme-chalk/el-tabs.css.br
- element-plus/2.3.8/theme-chalk/el-tabs.css.gz
- element-plus/2.3.8/theme-chalk/el-tabs.min.css.br
- element-plus/2.3.8/theme-chalk/el-tabs.min.css.gz
- element-plus/2.3.8/theme-chalk/el-tag.css.br
- element-plus/2.3.8/theme-chalk/el-tag.css.gz
- element-plus/2.3.8/theme-chalk/el-tag.min.css.br
- element-plus/2.3.8/theme-chalk/el-tag.min.css.gz
- element-plus/2.3.8/theme-chalk/el-text.css.br
- element-plus/2.3.8/theme-chalk/el-text.css.gz
- element-plus/2.3.8/theme-chalk/el-text.min.css.br
- element-plus/2.3.8/theme-chalk/el-text.min.css.gz
- element-plus/2.3.8/theme-chalk/el-time-picker.css.br
- element-plus/2.3.8/theme-chalk/el-time-picker.css.gz
- element-plus/2.3.8/theme-chalk/el-time-picker.min.css.br
- element-plus/2.3.8/theme-chalk/el-time-picker.min.css.gz
- element-plus/2.3.8/theme-chalk/el-time-select.css.br
- element-plus/2.3.8/theme-chalk/el-time-select.css.gz
- element-plus/2.3.8/theme-chalk/el-time-select.min.css.br
- element-plus/2.3.8/theme-chalk/el-time-select.min.css.gz
- element-plus/2.3.8/theme-chalk/el-timeline-item.css.br
- element-plus/2.3.8/theme-chalk/el-timeline-item.css.gz
- element-plus/2.3.8/theme-chalk/el-timeline-item.min.css.br
- element-plus/2.3.8/theme-chalk/el-timeline-item.min.css.gz
- element-plus/2.3.8/theme-chalk/el-timeline.css.br
- element-plus/2.3.8/theme-chalk/el-timeline.css.gz
- element-plus/2.3.8/theme-chalk/el-timeline.min.css.br
- element-plus/2.3.8/theme-chalk/el-timeline.min.css.gz
- element-plus/2.3.8/theme-chalk/el-tooltip-v2.css.br
- element-plus/2.3.8/theme-chalk/el-tooltip-v2.css.gz
- element-plus/2.3.8/theme-chalk/el-tooltip-v2.min.css.br
- element-plus/2.3.8/theme-chalk/el-tooltip-v2.min.css.gz
- element-plus/2.3.8/theme-chalk/el-tooltip.css.br
- element-plus/2.3.8/theme-chalk/el-tooltip.css.gz
- element-plus/2.3.8/theme-chalk/el-tooltip.min.css.br
- element-plus/2.3.8/theme-chalk/el-tooltip.min.css.gz
- element-plus/2.3.8/theme-chalk/el-transfer.css.br
- element-plus/2.3.8/theme-chalk/el-transfer.css.gz
- element-plus/2.3.8/theme-chalk/el-transfer.min.css.br
- element-plus/2.3.8/theme-chalk/el-transfer.min.css.gz
- element-plus/2.3.8/theme-chalk/el-tree-select.css.br
- element-plus/2.3.8/theme-chalk/el-tree-select.css.gz
- element-plus/2.3.8/theme-chalk/el-tree-select.min.css.br
- element-plus/2.3.8/theme-chalk/el-tree-select.min.css.gz
- element-plus/2.3.8/theme-chalk/el-tree.css.br
- element-plus/2.3.8/theme-chalk/el-tree.css.gz
- element-plus/2.3.8/theme-chalk/el-tree.min.css.br
- element-plus/2.3.8/theme-chalk/el-tree.min.css.gz
- element-plus/2.3.8/theme-chalk/el-upload.css.br
- element-plus/2.3.8/theme-chalk/el-upload.css.gz
- element-plus/2.3.8/theme-chalk/el-upload.min.css.br
- element-plus/2.3.8/theme-chalk/el-upload.min.css.gz
- element-plus/2.3.8/theme-chalk/el-var.css.br
- element-plus/2.3.8/theme-chalk/el-var.css.gz
- element-plus/2.3.8/theme-chalk/el-var.min.css.br
- element-plus/2.3.8/theme-chalk/el-var.min.css.gz
- element-plus/2.3.8/theme-chalk/el-virtual-list.css.br
- element-plus/2.3.8/theme-chalk/el-virtual-list.css.gz
- element-plus/2.3.8/theme-chalk/el-virtual-list.min.css.br
- element-plus/2.3.8/theme-chalk/el-virtual-list.min.css.gz
- element-plus/2.3.8/theme-chalk/index.css.br
- element-plus/2.3.8/theme-chalk/index.css.gz
- element-plus/2.3.8/theme-chalk/index.min.css.br
- element-plus/2.3.8/theme-chalk/index.min.css.gz
SRIs:
- element-plus/2.3.8/locale/pt.js: sha512-w6vdVYX0Yo433/Zopl7VWS3mRLpr6UBmDBaglm8NtdcCZyYuNgKTQBBrQBpvYacsT8zAjusvLDjRbai2pAPluQ==
- element-plus/2.3.8/theme-chalk/el-card.min.css: sha512-brXBDtvyUKIMTQx1L9UwrJUuk6uHpP0dPKYxGzeIge1ia7z/6dD8mnPZO4bobRmSCN+16CiE+QLlQb0HAbrC7g==
- element-plus/2.3.8/theme-chalk/el-container.min.css: sha512-31dkkrnDD3m/uBzuo0B6yQ5pSxSE9D3ajmlkIRwPpnp5jfe5M2joIi5FjpWP/lrQRXfBvp80v18I8xe4zPFbMQ==
- element-plus/2.3.8/theme-chalk/el-form-item.min.css: sha512-z4PhNX7vuL3xVChQ1m2AB9Yg5AULVxXcg/SpIdNs6c5H0NE8XYXysP+DGNKHfuwvY7kxvUdBeoGlODJ6+SfaPg==
- element-plus/2.3.8/theme-chalk/el-menu.css: sha512-SKD65YXF3tkT0DL1SkAqaILI+xDkqAqhgMtJvUq5dYT0ZsUV+ij884iHIFIZUyCEdQLvixAPjpPXjYRZV6NUJA==
- element-plus/2.3.8/locale/fa.js: sha512-/uB0YryPFrjgfQuEtDCMls1WG2WG8M3Ikp4EV9pNKMJR9RIYUFx7UgLjniqYCQL5ru408IOkAVplFf7dkTXO0Q==
- element-plus/2.3.8/locale/pt-br.min.js: sha512-NJU1dnv4aGbMFIh9gJyGM7NEHBSYaZebiCxyv7slhCRgi/rLElxLeaYSKhrRbRGVGobgQ0eVTAQCBqWqx/CEAQ==
- element-plus/2.3.8/theme-chalk/el-descriptions-item.min.css: sha512-zzJMcgARbi2nj+0jfRLzV3ibV1G9XJzfwWSYTjZ9CuR1rNRTn6TLeZ+JMSU/sdOQm0GH1qbleMaTak/Wfl6lKA==
- element-plus/2.3.8/theme-chalk/el-table.css: sha512-rNDvoEusNgi53fF3Ta5SuRBBd7rnBLXqVBwZG9E+q1TegvaMn+eonrSzOOT4rk/z1/wxqKD1pkZ3Pk9sL67wRQ==
- element-plus/2.3.8/theme-chalk/el-text.css: sha512-ZYMdYJNvMXVf5Ya/F9J2Yx9F0iKCvYeAM6E00fQdDCAqIwZPdUat4s52dRt8uF6SedaD4pGZNFOexF9FLJNfsA==
- element-plus/2.3.8/locale/sr.js: sha512-p2sZMt2TsKl5MsQsQ0CnM0d52vwB5TK5a66UiYo/W+pBeC61OwHweQGbD41W9nxZp4kHLXkCe7jeV50ezbugBg==
- element-plus/2.3.8/locale/sr.min.js: sha512-gjicP07AJ8pwc4yEZTqFyvBygzby0bjYn66dqdAQvpPWSjzQYrIV8PBdZsHummSBwlJML9pougn2phpAICJpfw==
- element-plus/2.3.8/locale/uz-uz.js: sha512-JHgPYzJS/qQnGyh/7YXa3hXENt8ksGXut6QQoMHMkQUZIo0QAOBeT+ib7EpViEWWaE7lSwEzOzFftef8KnZuIQ==
- element-plus/2.3.8/theme-chalk/el-backtop.min.css: sha512-qecaAE3NoQKUAHiLSXZ9+yQeXHK0ptEQw45QmCbR6X6LEeP1nfb1QcRWsW/VTKSZ+2SKF1sjs8QKU5YJw8gd6A==
- element-plus/2.3.8/theme-chalk/el-dropdown-menu.css: sha512-z4PhNX7vuL3xVChQ1m2AB9Yg5AULVxXcg/SpIdNs6c5H0NE8XYXysP+DGNKHfuwvY7kxvUdBeoGlODJ6+SfaPg==
- element-plus/2.3.8/theme-chalk/el-row.min.css: sha512-yPsQf3a3QCoFLL8djUx9IjUSK+olMQudBhveGQvkv6q0h9SOiryLVYxvG3m9wNaXTzAB6yHrNATIcLuuJ0AbDA==
- element-plus/2.3.8/theme-chalk/el-switch.min.css: sha512-F80ZJLomchRdrYomvcdSL33+/w5w9+hG6j3fN9Kgiykzs6csmUUpYXQ9oQndxHnzBsqg14aLF045jaZ5EdrPhg==
- element-plus/2.3.8/locale/it.min.js: sha512-58s1MtURyq4aTOTIBaYXty9ViFCb821KeV9OKoNEVQJiixwLmas+vccKU6KUlPs1Jl3wONpm/eoc9dD4DzYAsg==
- element-plus/2.3.8/locale/nl.min.js: sha512-UPkBOoeW5wigvVeNQNPp4wdwpSEd2lx5q9A3ZSriId5t4zXwl/tIUP8Xq8MhmqgkwKgtH2iaKTrkryrBAitkKg==
- element-plus/2.3.8/locale/zh-cn.js: sha512-4PRctogUddW2P6QRPZ3plDy2cqqSlrEp2a7mBuCEmPwQvEhFYkquCoAOK14W7swFiVCGKj7tq88aAfC/F/XXYQ==
- element-plus/2.3.8/theme-chalk/el-calendar.min.css: sha512-rB5/ebvCzTP638jXiQFYmYduVtuO1CfQHUEA2kIZXyS4VEqqGZ5yjREJiF/b9I8A7v5DC7pLJXMj2lmsiDST/g==
- element-plus/2.3.8/theme-chalk/el-carousel.css: sha512-jhTZ7El4UD+ywrHsJThR1DYClDsBWjWEz0xFxtVClURDxfQlvK5k+YLBgB9LpOKbX9tC4U+Nfai89JqZh4+cWQ==
- element-plus/2.3.8/theme-chalk/el-pagination.min.css: sha512-KwKaggcluWpgn28n3Vh/CkKuJGjS4kFMV60f4S1R4yPY9yUlj3WVIEVv6lKZwK+5oLxe3b0kt2IJQGSf9fNnvQ==
- element-plus/2.3.8/theme-chalk/el-steps.css: sha512-oS+YgQBcz0L+5RX+Qjzpuh6lOY2PAZ50sL7YYU3F/08t+HbWLw9McN4ajPaiCodQi8oNarITeqZLqHZ7Oq8DtQ==
- element-plus/2.3.8/theme-chalk/el-switch.css: sha512-F80ZJLomchRdrYomvcdSL33+/w5w9+hG6j3fN9Kgiykzs6csmUUpYXQ9oQndxHnzBsqg14aLF045jaZ5EdrPhg==
- element-plus/2.3.8/theme-chalk/el-table.min.css: sha512-rNDvoEusNgi53fF3Ta5SuRBBd7rnBLXqVBwZG9E+q1TegvaMn+eonrSzOOT4rk/z1/wxqKD1pkZ3Pk9sL67wRQ==
- element-plus/2.3.8/theme-chalk/el-loading.css: sha512-yJY2uBG0oWkPfG5BUAG6JtqDyj8PI5XAdSN0CdemH0a68npkFfY5CP+lV03mUgn0t8zrRsiCZDTqNiI5oM2KNA==
- element-plus/2.3.8/theme-chalk/el-select-dropdown.css: sha512-X5QpkaAhcIDJ1ve0kADvb28tQuQNF5SCJDS7wAzgnb1CpNSeubhn8bH4nnOI9CPm33U2L/ioGE1ZDicIspxqfg==
- element-plus/2.3.8/locale/el.js: sha512-W8BSDO4GN+DPvuI8FO7GE54lDXTtdjHALpLmnjanYyYyJKPxTz9LcKPhA9hooNNSiSmbhF8BfwSZyw5yjXN4Og==
- element-plus/2.3.8/locale/es.min.js: sha512-pVrlDJynmVXVugmcX7RpZpEXp4yKm8DDDmWJKiNhfzByDQaQa9gMwjwc+N7ndKON/m5Cnq0vE5VipAWGxFGEBw==
- element-plus/2.3.8/locale/ja.min.js: sha512-ofJYUomOmUVqvSQs6qTrLzfsHRuPAXFKE6b1UTPdRz9ozOD5fCefX11Uu2LjMXdVIgOlfpB2y9LqfEW1GzznEw==
- element-plus/2.3.8/locale/km.js: sha512-rVXb1PtNjDNbbrbu2ci+o2fNtlxMd8xUcCq4UgRsSDCRKYTCkRlNI3dsLb7eK4k39aNhTnBXERuJ9ASxSuKtBQ==
- element-plus/2.3.8/locale/mn.js: sha512-C6HA5otNvLpRonO73sWTFrSOrq83ceWQFtkWWr3Cw3/DVbgiCC3AmoSTnymJRcAVCWfPtyJDtLsmyB0SDCVV2A==
- element-plus/2.3.8/theme-chalk/el-check-tag.min.css: sha512-O4c02NSvn93lAPU7F/IdD49UgqgIUQ5EHzm8R2DYc6uCfzW7bNHSf2jbqko1oevU2yuM0gsm1NmYin6IR5x5Qg==
- element-plus/2.3.8/theme-chalk/el-select-v2.css: sha512-cl9Zx9oF2WOox4w7Tf/XZdTqVlFko0x5Aum334AUiXSfl3QPnxxeldKhyuAUhTyQAKfVd0s1kEnaR4SopAhvoQ==
- element-plus/2.3.8/theme-chalk/el-tag.min.css: sha512-lmSRmjpD3nHuy31kjX3O8mHcOhKUAFHi4phxg3emKZqst2hk453duAZwmI+MA/PdvVfNkMqJzFc+W+UxkAJwfw==
- element-plus/2.3.8/theme-chalk/el-transfer.min.css: sha512-kcCQDNAZ45HeGeS1Tjuz/Gb7EP4aNPxcS+XhrvHoum9eXYmVwRbt0UEWVBy4dz4Y1yxG0ycZUYFclE3v67J4sQ==
- element-plus/2.3.8/locale/ckb.js: sha512-I3Yh6NFAf5mBHhLXpvJ1MvEa97MPCcj3E5RBI1by23lmPM6y8ahvllqrSMx+SSqAoCiNkO+7KyjGEOKy04C4lA==
- element-plus/2.3.8/locale/lt.min.js: sha512-HdZMIRpwor97cqleydLoYGIZEVy3UNED87wv6xiRQf+D09sO6+v3BscldGgbSwSumlXTTivo+s/ADvXOma6ipQ==
- element-plus/2.3.8/locale/sv.min.js: sha512-V3XsCI9BUJ7qji0CCs80QN9/MnUCEnunFiI8dwPFeI9CIC+PqQe8PVQmwQRIc1/i3hZ0xDmpmgNTrpsCmy223A==
- element-plus/2.3.8/theme-chalk/el-breadcrumb-item.min.css: sha512-z4PhNX7vuL3xVChQ1m2AB9Yg5AULVxXcg/SpIdNs6c5H0NE8XYXysP+DGNKHfuwvY7kxvUdBeoGlODJ6+SfaPg==
- element-plus/2.3.8/theme-chalk/el-row.css: sha512-yPsQf3a3QCoFLL8djUx9IjUSK+olMQudBhveGQvkv6q0h9SOiryLVYxvG3m9wNaXTzAB6yHrNATIcLuuJ0AbDA==
- element-plus/2.3.8/theme-chalk/el-select.css: sha512-h9JtrKkHnARuVdfcbGTtAFhmXsCEQvR4sHP9FPSTFkrLyCcKQ/DdkvRh/P0GwdU8oFobVwU4hKBnBOxZ7XHvNA==
- element-plus/2.3.8/theme-chalk/el-tooltip-v2.css: sha512-XxYADFeCRfj2yL0QimfM5RSFiKX3W6MixXZGD08D2019RhF2QdAMJydUnd+zuFERWBJ0Nwrn/pXcRQAr5QwPUg==
- element-plus/2.3.8/locale/ca.min.js: sha512-KEdJIc48YST37ployazjnpJyhw4rDEfZhICRbZzm8rdXAEpXcZr9pio5SqEk2GIXkJ3WqYNPf7NQAu5utaOuMw==
- element-plus/2.3.8/locale/sk.js: sha512-W0583o88ADa+AN0fAiE8a6CdqZkzWDMKnv5iAUJUwZPVhAwAqv6xQOQqyfKmcdeP0hJTpb6OyN6OVuoGUYbeYw==
- element-plus/2.3.8/theme-chalk/el-breadcrumb.css: sha512-QNKa4wF8myfzDdZVQVIU0d9FI4v7qAwz1oXZMWS/HhFFvp+EFqmAY/1Q8kzHgB3dlPEjpHo7Mo4Pxg9K/F8qbQ==
- element-plus/2.3.8/theme-chalk/el-checkbox-group.css: sha512-lZEqn2EmAqTk+f2wNiaHjaT8Cy22GPs9moTnHUYGyw+vhpcDBmAPiq+LvbaxLYJkbDtkDDSOFqrR9DYPzw3bwA==
- element-plus/2.3.8/theme-chalk/el-menu-item-group.min.css: sha512-z4PhNX7vuL3xVChQ1m2AB9Yg5AULVxXcg/SpIdNs6c5H0NE8XYXysP+DGNKHfuwvY7kxvUdBeoGlODJ6+SfaPg==
- element-plus/2.3.8/theme-chalk/el-option-group.min.css: sha512-83cnULKTVJ2kHaO7L6okEq6L1nqP5ts/0CuHcy6aId9jYl4aDcGUNWYvD35wA7OF3p2ZON92dM0HpafWSXimuQ==
- element-plus/2.3.8/locale/ky.min.js: sha512-JJjZ652TmOPLuB+uuYOB0vWkznaLRsdgz25NP96U7y7OgxWnVWVc9ssSbRS7GXMeaK2a2cnUh2fQPKdwI/+1WQ==
- element-plus/2.3.8/theme-chalk/el-autocomplete.css: sha512-mzagj2Kue2HMu+NINYOCwDkHD2r++1QPv8pzqK0TZumQCKzmG4duhzoxT91vuCKqLCPMfy72ci/73xEXRtkDag==
- element-plus/2.3.8/theme-chalk/el-col.css: sha512-txyiSiSfxpoc0tIs7jmuBlX/HVrtv4Era2nsWMvRrMIb9dcCJLjGasx+uzQ4Zye6QEBWkVK3SSwPOuyhIfWz/Q==
- element-plus/2.3.8/theme-chalk/el-collapse.css: sha512-+luRQyabpw1/oA5n1Ul7VextiI2Q6e88MNq7J7c8EvwV/y8KA0fIwcfTHHTCvk7ME4oIQos7u7fKXrMQsur94g==
- element-plus/2.3.8/theme-chalk/el-var.min.css: sha512-BIVUlSRObo+mGlwWeF+BkEN9d99/Zt6Fr/akFOuuiWrErpv/DLEWpKNsGMjd4ait1c6HwVQmPN25wXUIezr7Lg==
- element-plus/2.3.8/locale/ru.js: sha512-0rjGu8Y7/zSP5J9DU1IukDGQ0VJGM5lM/XSbNRa1+G1uDAuKqsvnIgaSAVcCFVvsza5RK4luULE+Xd4JJx6EwQ==
- element-plus/2.3.8/locale/th.js: sha512-1DwnQ/MT9RvbGdhrAwJ0B8DKVXv/NWkz0/9ZAXbPDgUC9b/JNu/9KqZPkGb9ey0N12q+b3UjJnKna32HID5DuA==
- element-plus/2.3.8/theme-chalk/base.css: sha512-LA40fr+QRboJL8pVBnb3LytpxvWopttaxvSbIpc3E/vDxWs1B9wWRW3++klSQH9RaiwaveCfI4RKY6/v+IA9XQ==
- element-plus/2.3.8/theme-chalk/el-dropdown.min.css: sha512-cx0tTatQB31OSDUyORVyMgp8lhLs1S55w2whvy1zMYFEeroZx4UdjFYI1VR4Oli7cGD176ZcRnVUzZzyXZPpTQ==
- element-plus/2.3.8/theme-chalk/el-menu-item-group.css: sha512-z4PhNX7vuL3xVChQ1m2AB9Yg5AULVxXcg/SpIdNs6c5H0NE8XYXysP+DGNKHfuwvY7kxvUdBeoGlODJ6+SfaPg==
- element-plus/2.3.8/theme-chalk/el-popper.min.css: sha512-9ZeBCCg9j+sb7hips8Ndzh2mvWMBhPkGr+nrfxsM/fb19PWOBtLxsXLzP8Mhb3UZM9lG1zWBxxWtDgVHruFWwg==
- element-plus/2.3.8/locale/ar.min.js: sha512-C8ZJJTmBGLYubn6OWCp55PvjxBQLGe/vz65CRxoHfWkv07bnNPAinyD461YOoedpF3HnCAzpzjWidagdQ52MRA==
- element-plus/2.3.8/locale/it.js: sha512-kdE3zQ2roOrv3yVeDECjZowF6tA2Rq30BDOf3X0rU5omlsosbiwdEtFaO4PwE5nuRP4zqY1ovdibAtsP+4AaPQ==
- element-plus/2.3.8/locale/kk.js: sha512-fHRYQuFVyoPsE3J+Juxhf6dVuqkfkIIThhHKdv0Uphq7upW2dc8pUQjEfEbUP/a404WFacaIXeQEBY0AU9c6mg==
- element-plus/2.3.8/theme-chalk/el-icon.min.css: sha512-IA9sgUdh8PeeTMtNs2768jTEhn9LNeo4E66nbJ6ckhwjmcyByURDrWPBW7IUTW/7SiOQB6HuAI+0VCYWuSjmQg==
- element-plus/2.3.8/theme-chalk/el-overlay.min.css: sha512-cvQwNy+WlvFsg9j0tdHdUUL/Sq4Y1WHkQLbY4UL5J5ybRFglkzZl6mWVJeGZREdetpXs3KvPCel3KLvDhOujzQ==
- element-plus/2.3.8/theme-chalk/el-tab-pane.css: sha512-z4PhNX7vuL3xVChQ1m2AB9Yg5AULVxXcg/SpIdNs6c5H0NE8XYXysP+DGNKHfuwvY7kxvUdBeoGlODJ6+SfaPg==
- element-plus/2.3.8/locale/nl.js: sha512-M2aoG+V7eLVawrZltsbQXmVW0CZr7vZrjNYn7rcKVKVoXJunMx9/uv2dXyDnoU0ibTflPLhti3Og1SL7UrMYqQ==
- element-plus/2.3.8/locale/fi.min.js: sha512-J4D0JMB1x0ARpzUX6UdAtuzVpyoM8tn4e6eC9lcwCpeUD2Q/L9C9SC5JqIE03Jl6cGZQCaRltRCYkh2MIb/TSQ==
- element-plus/2.3.8/theme-chalk/el-drawer.min.css: sha512-9bYaG2KAHcHapiUTYDGQl++dQJJP6qtpuVsBxP7rFaKUh6lwrgtOXaQEJjZ/NDaX67qgQzHcBM/kyEW9DlUxlQ==
- element-plus/2.3.8/theme-chalk/el-infinite-scroll.min.css: sha512-z4PhNX7vuL3xVChQ1m2AB9Yg5AULVxXcg/SpIdNs6c5H0NE8XYXysP+DGNKHfuwvY7kxvUdBeoGlODJ6+SfaPg==
- element-plus/2.3.8/theme-chalk/el-steps.min.css: sha512-oS+YgQBcz0L+5RX+Qjzpuh6lOY2PAZ50sL7YYU3F/08t+HbWLw9McN4ajPaiCodQi8oNarITeqZLqHZ7Oq8DtQ==
- element-plus/2.3.8/locale/de.min.js: sha512-yDnNlf+pM+RDq6IaUkdrq6UDLKfpriwjXKbjRQRn1UTIfOk3eloTMqPe+Id3VW9dpIOYBBg1PQKR1Bb9SmP3Yg==
- element-plus/2.3.8/theme-chalk/el-checkbox.css: sha512-wGTZpiGRsw5rdpfy7orJB9OGEU3P+nhxsOlmc9qHa8G1tC8dudu8Sq9r8Tye2fkgYuo1HEIRENVgZbSJcdLUTA==
- element-plus/2.3.8/theme-chalk/el-color-picker.css: sha512-/sU1jrvi4qJ/zq1DNlPVn0KuvpNrxV5ymIO+BntvUz+h9azSza93bqDY8qmCxP9tgM5FOzqDGUjpQG9Y2qBBUQ==
- element-plus/2.3.8/theme-chalk/el-descriptions.min.css: sha512-cJLWNTmgRqiyRrvUR8lZ0lGyAlfu6tjTItGLWwrglXD1KoLgLdxnq7W2qChzPZnIvt61wUvTo7v51K+R6InBkg==
- element-plus/2.3.8/theme-chalk/el-header.css: sha512-KCRqdfieFavE8Ev7kAQ8IYLYj6VyvKoXC5a1exIMHwF6DGnC3ipLiCHbdzUlbfEo7gLzaZc/3TcQ9+LUzNFQXQ==
- element-plus/2.3.8/theme-chalk/el-scrollbar.min.css: sha512-PzXmJTDMfxqYLP1I1hG9qNoyl0licfegz1vBOv+35jvGZidjHyGubsG40b0TnSV5IFJ5UNC9iFZyCvhrZ6xYsw==
- element-plus/2.3.8/theme-chalk/el-tree-select.min.css: sha512-migxyr7dHtQfzei8DaYywMnyt1PvvJF1PMtS6G8Wca1OJRb6ejCt4mmuG7AMmEg1dEYn/DmUyTfPR969Bc73HA==
- element-plus/2.3.8/locale/ca.js: sha512-MW48lwckqmEwn2rExoAX4RdhZBAseBUakkz9qILygxI3mytQ+GMdbTAxGwT7rPbhYlsmKIWeMkldy1LPSMRizQ==
- element-plus/2.3.8/theme-chalk/el-aside.min.css: sha512-u6bIEhcO/j6+6Sw5ecfwa3vai0g8CG7lwi6FgKq/Sg5boyv1a00tVkyRKVDuusPf+WUf/1v08phDmFf4pgPQzg==
- element-plus/2.3.8/theme-chalk/el-cascader-panel.css: sha512-MU2gfJm4HJ+7nsXU6Qfj+/RMkkkHcxlnvIAo/p5YstFP0lCC7HrfW9AonAqDjL0mnFvotXQxzDgUcnRu8dbVhg==
- element-plus/2.3.8/theme-chalk/el-config-provider.css: sha512-z4PhNX7vuL3xVChQ1m2AB9Yg5AULVxXcg/SpIdNs6c5H0NE8XYXysP+DGNKHfuwvY7kxvUdBeoGlODJ6+SfaPg==
- element-plus/2.3.8/theme-chalk/el-divider.min.css: sha512-Sx9yBDabRx+/wHUQdFhgY/awqrAo8ljyeZtj0zu9TgpDh+MXTCZkM8qiVbTI9+xgGXVja6JwDeRQdC3zZyZgBA==
- element-plus/2.3.8/theme-chalk/el-radio.min.css: sha512-bEmex9N2kPCNuzaRoPFhszvuf/XNterFNjLpLVKxXLyVMYCpWcBRbRbA4xialascjkKUiKYl3Fv+Ehuga1HoRw==
- element-plus/2.3.8/theme-chalk/el-checkbox.min.css: sha512-wGTZpiGRsw5rdpfy7orJB9OGEU3P+nhxsOlmc9qHa8G1tC8dudu8Sq9r8Tye2fkgYuo1HEIRENVgZbSJcdLUTA==
- element-plus/2.3.8/theme-chalk/el-form-item.css: sha512-z4PhNX7vuL3xVChQ1m2AB9Yg5AULVxXcg/SpIdNs6c5H0NE8XYXysP+DGNKHfuwvY7kxvUdBeoGlODJ6+SfaPg==
- element-plus/2.3.8/theme-chalk/el-form.css: sha512-XIr9MVoLjVL+6AJIYDRQwO+m+mGij36gjv9aJjVccByHkLT7Fr9qBoZSGRwagmaszs6pv6rxMmunV2Kys0SW4w==
- element-plus/2.3.8/theme-chalk/el-notification.css: sha512-8h8i2n5OarATxxh7zj/cKSs0ue0LRWTDTbgCYbK0d3SqLPdjosjBYvtvr4mfe644Sh84YzDHA7PC5KI6qaum9A==
- element-plus/2.3.8/locale/pt-br.js: sha512-8vf/K5vsi7StrR7EXQkq98iZjnGxuMJeBAQp+BhJYpwe+ht9BGuWGqfbehOKGPRjLdcjtHwilkkQN+yjIwqlSA==
- element-plus/2.3.8/locale/ro.js: sha512-1GICVvTFsl/CdzD8n8pPCnrTdGhBmN9BJZ70lFS4fiyHhSiNdt5KSkrseXwGm8nsyGnFFe7QO4Cg2tUwzBy+7w==
- element-plus/2.3.8/theme-chalk/el-select-dropdown.min.css: sha512-X5QpkaAhcIDJ1ve0kADvb28tQuQNF5SCJDS7wAzgnb1CpNSeubhn8bH4nnOI9CPm33U2L/ioGE1ZDicIspxqfg==
- element-plus/2.3.8/locale/sv.js: sha512-6QX7lRdDZXWBDxjF9sLQlZVnmHh6VMIkDTXOCKYDPvgNBKSkw3ym5/ii+qh9RvwIzSHhLsJt5Ktht6hWAkpTbg==
- element-plus/2.3.8/theme-chalk/el-cascader.css: sha512-zhxjZznsMwAKdRRM2+tNlJFe27tQ5tqZSSIIXcV2Dcmk2ho7Nctod8QHUzMS+MveuykNiC049TP5EpDLuOLIwA==
- element-plus/2.3.8/locale/af.min.js: sha512-hujydjf8ZjS+zhHY74id5Wb5c5U7hQMtpDRwh9PVx9oH3lkgrWqszEB5sgAvmYVhlfl8Z4R3nEsIrfAqcIRrYQ==
- element-plus/2.3.8/locale/cs.min.js: sha512-k9754EK14gX/+zkGnlVZ1ohN3cVtbctJEuG0Y9piZGLZI3mXNFybGoSyshsK6CJBaDUYPyWb1087LmZdzbloOA==
- element-plus/2.3.8/locale/eu.js: sha512-59Anlrney+xwEnDpkLNKsfvnK7+b5+jGc0nAIUsbKrcDr4IyLmWVTDnbLjL20aPF31x0a5dFlOwB435LtKcDIw==
- element-plus/2.3.8/locale/ja.js: sha512-v10itQsa8egJ0hrW4iKMyIjHf7fNrLtS1rBt6Z7qJ75RPgd5oy/j1w0GmZ5geOFhNa7hzDylSs7OUf8AR8BH+Q==
- element-plus/2.3.8/locale/kk.min.js: sha512-vqKNFuRKyUfBKtN2fYnqpR1O9TuOl128skZzFYlbY4+JnzQoxuRbYK6PNPF4Kv521ZoEBx6XmHO4OG9mtDdvSg==
- element-plus/2.3.8/locale/nb-no.min.js: sha512-6quP36bbBT1rqwwLw/+aW7g16chAb0kLrQQE5AI2Yaff0b2E9RN8nT2fuATBnfbO+Rzd+f2k0R84OKgFeKCAYg==
- element-plus/2.3.8/theme-chalk/el-cascader.min.css: sha512-zhxjZznsMwAKdRRM2+tNlJFe27tQ5tqZSSIIXcV2Dcmk2ho7Nctod8QHUzMS+MveuykNiC049TP5EpDLuOLIwA==
- element-plus/2.3.8/theme-chalk/el-select-v2.min.css: sha512-cl9Zx9oF2WOox4w7Tf/XZdTqVlFko0x5Aum334AUiXSfl3QPnxxeldKhyuAUhTyQAKfVd0s1kEnaR4SopAhvoQ==
- element-plus/2.3.8/theme-chalk/el-skeleton.css: sha512-nWHRsSVlQiKokvPso3jN9UmNUmLakcnvakyiMdj2WJmBtIWFSBU60rVUIKC3lYY77ZNoXGc4FyeNk29+q9RN6A==
- element-plus/2.3.8/theme-chalk/el-table-v2.min.css: sha512-ggvz88mtbyfR0QUdDRK5oTC0jb0Ts2l3hJ3BjNSvdywt6g4IH6xmkjoA4FCfWCiAPZF0vue0TFADB9+1JGn1nQ==
- element-plus/2.3.8/theme-chalk/el-tabs.min.css: sha512-eKKKmzFXgz7pcC/DQmFqqQot0j6xutDvrSn1y3zxqRwt4Ghk8Gpe/gEKfl9RbjkvdWAlTpcCrtslM7ugtPtFpA==
- element-plus/2.3.8/locale/fa.min.js: sha512-Uzn1ieksjKbErzGeY5Zo+5OxUYllfFyUPfSrQY19MbByBJicSMopJzOQkdYacs1ePHKOjJY3H2iklq+RdLNE+g==
- element-plus/2.3.8/locale/lv.min.js: sha512-vTMyvpmDn4UYwXPcLtBbefh6vweMUBGh9TcAPplXiT7+aXORTbRpm3A8RYXA6j8x7x9np6I3KyOAwaTAWtwNPA==
- element-plus/2.3.8/theme-chalk/el-collapse-item.css: sha512-z4PhNX7vuL3xVChQ1m2AB9Yg5AULVxXcg/SpIdNs6c5H0NE8XYXysP+DGNKHfuwvY7kxvUdBeoGlODJ6+SfaPg==
- element-plus/2.3.8/theme-chalk/el-divider.css: sha512-Sx9yBDabRx+/wHUQdFhgY/awqrAo8ljyeZtj0zu9TgpDh+MXTCZkM8qiVbTI9+xgGXVja6JwDeRQdC3zZyZgBA==
- element-plus/2.3.8/theme-chalk/el-radio-button.min.css: sha512-oU94uJlJ/JatsmeDUuPb0ECqcjVzXQFPCmv8vFgsOPmCW4ZlfgyuNs5ubHFHVRa3Sfcj95249e0T/LEhLmAQhw==
- element-plus/2.3.8/theme-chalk/el-statistic.css: sha512-ak7uiBqj1A1FjD9YmGl8NBIiNZ6kBcS5ENw1QouoeTK9qIVfQnfNvgQiXmiNPJS9uCKoaw1mYizQn0VVIfUh/Q==
- element-plus/2.3.8/theme-chalk/el-timeline.css: sha512-ABPEQL84g8hdNjh5J4d1if2ukoRbOYMULFz12Nwty69Fz9bN6Fdok9vbroivX+bkJ7YjvS9QYrS/VqcCYmzlfw==
- element-plus/2.3.8/theme-chalk/el-var.css: sha512-BIVUlSRObo+mGlwWeF+BkEN9d99/Zt6Fr/akFOuuiWrErpv/DLEWpKNsGMjd4ait1c6HwVQmPN25wXUIezr7Lg==
- element-plus/2.3.8/theme-chalk/el-input.css: sha512-yPBA4RHsSPX6SzJYkqV+EMkzlb2w4qImamhXZugo2w2bjPoQvpogARq1J1n4/0TkSh5CCctgP2hU+OUyF4+0Hg==
- element-plus/2.3.8/theme-chalk/el-time-picker.min.css: sha512-eQm/bfEc0qZ9JjUYnNdTTeUmilXj0q+y4NScpmJaHKPxyfvW4jYf1e6VHViHMCQThKLI25B6L8zFRJMzTJIapw==
- element-plus/2.3.8/locale/da.js: sha512-nUc4UOdrPsApaZllz3E/WKSpZIP+/43dam+39cwSd7Zolo/Z0F26NZqR8yiIt1lDkwD/gFq9y3M74AdV1xYQNg==
- element-plus/2.3.8/locale/mg.min.js: sha512-Tug2ztHQQMu0WfwCJuIqhjjzl8Naxe9KlIBKVbVM9cEotbLAT4kgR7Neajuan+3bH2DPyrYloyYamyJTZ6FcPA==
- element-plus/2.3.8/locale/ta.min.js: sha512-GxBmibrFK60jKfHQxXvYpvxRaW+oUDf124uHbjHnsZB0HKyPsagcl2C4OtCkqUMB7gNvYaTbPd9aNeiCNChJSQ==
- element-plus/2.3.8/theme-chalk/el-carousel-item.css: sha512-WDOpJJQR4tfXIcdS8WwR+l5AGHkqrsUdnLZ7lu4PkEvUU312F+mVTNWfM1hHioyNKRSi2c1nzlteuoEnM0bLFw==
- element-plus/2.3.8/theme-chalk/el-dialog.min.css: sha512-Q0IeLA1n5kL9yif2eZQKzffJ0X++m5bSHFS1Pbtj22M2diVd6GGDWNa+eBX52fNXVfRcAIzrRxNCb9Gu1e5iiw==
- element-plus/2.3.8/theme-chalk/el-dropdown-menu.min.css: sha512-z4PhNX7vuL3xVChQ1m2AB9Yg5AULVxXcg/SpIdNs6c5H0NE8XYXysP+DGNKHfuwvY7kxvUdBeoGlODJ6+SfaPg==
- element-plus/2.3.8/index.min.css: sha512-KdgfGbUWDYvBbyYejEku+HXKfUURt6dX6BgxFX2ljhmXreLEHWVykF6Zc3oWPU34r7hxCj2f9DZrddfIzt7X/g==
- element-plus/2.3.8/locale/ta.js: sha512-UQUqm5pnKXABWYq4BYOfIkTC5bET0yy+mfAMeojZs+QXSeJe3w85nL7s/ME/hTjikSl+FW7YVgdz+1+EcmKbRw==
- element-plus/2.3.8/theme-chalk/el-dropdown.css: sha512-cx0tTatQB31OSDUyORVyMgp8lhLs1S55w2whvy1zMYFEeroZx4UdjFYI1VR4Oli7cGD176ZcRnVUzZzyXZPpTQ==
- element-plus/2.3.8/theme-chalk/el-menu.min.css: sha512-SKD65YXF3tkT0DL1SkAqaILI+xDkqAqhgMtJvUq5dYT0ZsUV+ij884iHIFIZUyCEdQLvixAPjpPXjYRZV6NUJA==
- element-plus/2.3.8/theme-chalk/el-skeleton.min.css: sha512-nWHRsSVlQiKokvPso3jN9UmNUmLakcnvakyiMdj2WJmBtIWFSBU60rVUIKC3lYY77ZNoXGc4FyeNk29+q9RN6A==
- element-plus/2.3.8/theme-chalk/el-table-column.css: sha512-7l2dOR2AnltfPccM1mHgXV8GLFVsbo7pA2v5qXXwfeWb94UWr+mF66eKA9lbRlsB+U6jkGaDrFxRbzHVlsnmnA==
- element-plus/2.3.8/theme-chalk/el-alert.min.css: sha512-IVjH2UPkMSL7te/X48SSqLMRtGQqoeT3lu/ALFleMVsyzJOaAThMx5DJzWXH0vn08RugtON+58KK1d9s/9aCTA==
- element-plus/2.3.8/theme-chalk/el-aside.css: sha512-u6bIEhcO/j6+6Sw5ecfwa3vai0g8CG7lwi6FgKq/Sg5boyv1a00tVkyRKVDuusPf+WUf/1v08phDmFf4pgPQzg==
- element-plus/2.3.8/theme-chalk/el-button-group.min.css: sha512-WRDcZmLCwOGHon60d/pEyvTS1MLFAB4BByT3XfrEaZXVvJyETrZCgc3XxNMibkVSQoczaDb1lGuGUrC2QbRP0g==
- element-plus/2.3.8/theme-chalk/el-page-header.css: sha512-viyLYSsrHMX8cFwjJ1cAZkReE4UdbDSZu+kaY7jtEqwptuOPuQ7nXgWTN7XUIPfNJnELM14abYpSF9CIu4tJrw==
- element-plus/2.3.8/theme-chalk/el-radio.css: sha512-bEmex9N2kPCNuzaRoPFhszvuf/XNterFNjLpLVKxXLyVMYCpWcBRbRbA4xialascjkKUiKYl3Fv+Ehuga1HoRw==
- element-plus/2.3.8/locale/he.min.js: sha512-QaHlNNMnCIYdqINSpumtkdWQ2347oDO6pqY8E0ncjivGjidhuHI1D7hCNHVCGPeCdxDob3+1GvzNTdx7nOM23g==
- element-plus/2.3.8/locale/sk.min.js: sha512-9GZSZAOXZKsSJ1CuDzkbjJdSv3GTPYyN3l8lLvB9p868NcN2UscGSE1+lfEDTF/BepEh4MRaEQY3mTd8qfPPeQ==
- element-plus/2.3.8/locale/tr.js: sha512-XFl/zy4XzoBp2lZ5qbyVfd9x+e8BaFR9Rp03e9OoO61jiE3OQ0zvPc6wepN/hJzucv7M+dTKrblMX2S06dYz0A==
- element-plus/2.3.8/locale/uz-uz.min.js: sha512-gQ43EMYi57PNKij4cyFEMsmQtcACV4hzVr/yC7xnP64BNOvgISrr8DXh5dvTDZuZnVN2NmBVhLDEX8MJ+S2YXg==
- element-plus/2.3.8/theme-chalk/el-config-provider.min.css: sha512-z4PhNX7vuL3xVChQ1m2AB9Yg5AULVxXcg/SpIdNs6c5H0NE8XYXysP+DGNKHfuwvY7kxvUdBeoGlODJ6+SfaPg==
- element-plus/2.3.8/theme-chalk/el-dropdown-item.min.css: sha512-z4PhNX7vuL3xVChQ1m2AB9Yg5AULVxXcg/SpIdNs6c5H0NE8XYXysP+DGNKHfuwvY7kxvUdBeoGlODJ6+SfaPg==
- element-plus/2.3.8/locale/sl.js: sha512-blHT0FLUMurosdvANVXp7N7b+UA/7czVqqHLjpH4NkoLowOf3K8al7RPkw7dTVMtvMNL8Ia/ShHCWYzwPCIYZg==
- element-plus/2.3.8/theme-chalk/el-carousel-item.min.css: sha512-WDOpJJQR4tfXIcdS8WwR+l5AGHkqrsUdnLZ7lu4PkEvUU312F+mVTNWfM1hHioyNKRSi2c1nzlteuoEnM0bLFw==
- element-plus/2.3.8/theme-chalk/el-option-item.min.css: sha512-HsyuOcx55X3cWkHMuPSBq6kuiBY+qbSyd7ePpSGqnVXtw2qUL2U2qI2bZZa2hxunk5C4eYI7lBUMXA0tmpj3rg==
- element-plus/2.3.8/theme-chalk/el-upload.css: sha512-SACXwxBncJqL6CS8il2PoyB2gxhGE+ik19mTy6QuaEj4oWTMHqezG50uVkOsPzcY5rFL7hu+S8GoII9zyFb9Rw==
- element-plus/2.3.8/theme-chalk/el-tree.css: sha512-F5yIhe6J9531MYAlbpAav7Jw+h9bxqAJ6xrV1goB2pgz3CVxsgkPt6BEJGHYVpxxlHq/CR1naZrU3jkBOOiNSw==
- element-plus/2.3.8/locale/en.js: sha512-tk4jsZ7qp95V4vPKvcpU/xR+gITbxdmvprgZ69yAJMiBS0hlQkftg6mYPsTR2pbPkvpggKirtoldkaAsnx/h3w==
- element-plus/2.3.8/locale/eo.min.js: sha512-LXBMsTve3R2KPLRDLg63QtIgDatCqGAaVlurGrwPnGiZWxVcADWbkDjBgV7tFxXgFNWbVooc5ykGvu0O7ZQGww==
- element-plus/2.3.8/locale/lv.js: sha512-qn6IKkk7sbU/p4DBi8KtRrd0rcwNXEkktp552yaKwyuM49osz5dLKsURLwWVAniRrRgWjYMxE+3mb7bkQpeCww==
- element-plus/2.3.8/locale/pt.min.js: sha512-ochJhUTZLb/uWkRzFA8btL8ikbkaIcShvzecMjMSXkUUBGnkV0DBNWLY6z6esw/2/WhlfUQhRNMg1epLM3EDIg==
- element-plus/2.3.8/theme-chalk/el-footer.css: sha512-P+AZJztakGNMiYs5zxvzjM6fONA5wW7qJ26Y1BEM5gJAaMtqHabSe9R3QYXhtXpBXfxdL6w4ye2uppPv1WnIug==
- element-plus/2.3.8/theme-chalk/el-footer.min.css: sha512-P+AZJztakGNMiYs5zxvzjM6fONA5wW7qJ26Y1BEM5gJAaMtqHabSe9R3QYXhtXpBXfxdL6w4ye2uppPv1WnIug==
- element-plus/2.3.8/theme-chalk/el-link.css: sha512-r/0+Y8VZSjUE5WtuvpIr6UhF1MlUmOEE6XhWixHvb2CYeCbxtiYDkBFR5dYiJP6mYpDwmQpStufdhJKF1hi4Sw==
- element-plus/2.3.8/theme-chalk/el-progress.min.css: sha512-3zhGiQOnCQEaEXPm4v03yjO/AFNnH9uaaWeFxww4iaXYbEy1ttge3FNK7iwoG7NtipQZRvJxx7LTp56+AqsRzQ==
- element-plus/2.3.8/locale/lt.js: sha512-x7/1yy42x9EyE7bZCL0mtWTJ22CnRkbYzSl0IpYFSTaG9ryo3S4TgH3a+So61SjqQBJirFjXzmx46vmJwQ0+eA==
- element-plus/2.3.8/locale/pl.min.js: sha512-XCv/Oh8FlIfqNPIZhkW7FMaooRP7g2rRhhNFq/wDzqe2DfhpZNB/NXMJVOSHcNZ/YmLFB2crdxkcI9/d3rLlpg==
- element-plus/2.3.8/locale/tr.min.js: sha512-0nVYDDM3pLSS8MgfVRMFrbekbNPOffB3i00Tix8hGV1bqNQ1/r31nIVAi7Wv5wzvfDJZTtgy92TlOUlU8RpH8g==
- element-plus/2.3.8/locale/zh-tw.js: sha512-A9g7SLnyTNgSuawgjE6tHBq1b3hCXvHAf5ISWkoQGeIW2truJoR1KIVtu/EngxGivZKQwjpN/3js6JttgXO3Lg==
- element-plus/2.3.8/theme-chalk/el-calendar.css: sha512-rB5/ebvCzTP638jXiQFYmYduVtuO1CfQHUEA2kIZXyS4VEqqGZ5yjREJiF/b9I8A7v5DC7pLJXMj2lmsiDST/g==
- element-plus/2.3.8/theme-chalk/el-check-tag.css: sha512-O4c02NSvn93lAPU7F/IdD49UgqgIUQ5EHzm8R2DYc6uCfzW7bNHSf2jbqko1oevU2yuM0gsm1NmYin6IR5x5Qg==
- element-plus/2.3.8/theme-chalk/el-avatar.min.css: sha512-Tzot6oy/uZgSZih6b4ua65U2d7luU9tm74cwvo9BK4sz/bj5RTYXBoo/K5VYcib6a/sg6DchsHnWllVN/dv0gA==
- element-plus/2.3.8/theme-chalk/el-backtop.css: sha512-qecaAE3NoQKUAHiLSXZ9+yQeXHK0ptEQw45QmCbR6X6LEeP1nfb1QcRWsW/VTKSZ+2SKF1sjs8QKU5YJw8gd6A==
- element-plus/2.3.8/theme-chalk/el-step.css: sha512-Q3NUMVo7JkJ6cU1ypC/w5b4bxFOPKKuSDd/yeIfR3qsgntemu22Bm5lcMoRDePCYkd8eQxGy2KOKB0DtfOR5Eg==
- element-plus/2.3.8/theme-chalk/index.css: sha512-KdgfGbUWDYvBbyYejEku+HXKfUURt6dX6BgxFX2ljhmXreLEHWVykF6Zc3oWPU34r7hxCj2f9DZrddfIzt7X/g==
- element-plus/2.3.8/locale/ku.js: sha512-dCuiwk+ugg02wD3joAkawJPzvMIt1qyBU6ZPu9KqGz/MetfQ2Vr0rtBdX0J0XZsnFc41dIeSvG9K+PifTfpTHA==
- element-plus/2.3.8/locale/th.min.js: sha512-GhLZe4uFlL4K3G0/Ohvybtj1Zb0y3ux864kmKeYtK3RCxkbleSrFV6+gLRYe7/LamKgkTnjUnfjq52VM9YNpFQ==
- element-plus/2.3.8/theme-chalk/base.min.css: sha512-LA40fr+QRboJL8pVBnb3LytpxvWopttaxvSbIpc3E/vDxWs1B9wWRW3++klSQH9RaiwaveCfI4RKY6/v+IA9XQ==
- element-plus/2.3.8/theme-chalk/el-empty.css: sha512-VWK4ZsW0HXo2KCBLc5mPxcdeAJYqgAB3ITJ8RdcvL5x5qcEBPiiLzbO8OieN3JJFmGUrs3Yny358MSGSJ2A/Xg==
- element-plus/2.3.8/theme-chalk/el-upload.min.css: sha512-SACXwxBncJqL6CS8il2PoyB2gxhGE+ik19mTy6QuaEj4oWTMHqezG50uVkOsPzcY5rFL7hu+S8GoII9zyFb9Rw==
- element-plus/2.3.8/theme-chalk/el-timeline-item.css: sha512-X5ZHLPEEKzyNupgOi2KYk4XdYo+bHYLq1N+1ELxN/FKjXeATGzImMITFBMlZK+RMqt5NHLwV6EANks7dtAUqUQ==
- element-plus/2.3.8/theme-chalk/el-tooltip.css: sha512-z4PhNX7vuL3xVChQ1m2AB9Yg5AULVxXcg/SpIdNs6c5H0NE8XYXysP+DGNKHfuwvY7kxvUdBeoGlODJ6+SfaPg==
- element-plus/2.3.8/locale/ar.js: sha512-KmX2wKW2JEYJVaelt9FWKxTqDCQewRhf+jePTevyChWGgRdAVo9YFT1H/ZgJ5Ajr33I1aQ0ZI+iqyFwrrk8u+w==
- element-plus/2.3.8/locale/nb-no.js: sha512-FAga/UfUUbtZzsLkvyFGzvdzhUHyc+N064rSSx2Wa2kpwZMHjC2CrtZiFgtxbbJcW5Jr8sLTbki90BM/iuSx7g==
- element-plus/2.3.8/locale/pl.js: sha512-14oAFBTzEBF8jOx1xe5jI41XM5H11E4VjS54Yb8Y7hDs5TL/LSYiELTYvr238oq+j7zfaplqUZ7Xu1Ax05MiVg==
- element-plus/2.3.8/theme-chalk/el-dialog.css: sha512-Q0IeLA1n5kL9yif2eZQKzffJ0X++m5bSHFS1Pbtj22M2diVd6GGDWNa+eBX52fNXVfRcAIzrRxNCb9Gu1e5iiw==
- element-plus/2.3.8/theme-chalk/el-dropdown-item.css: sha512-z4PhNX7vuL3xVChQ1m2AB9Yg5AULVxXcg/SpIdNs6c5H0NE8XYXysP+DGNKHfuwvY7kxvUdBeoGlODJ6+SfaPg==
- element-plus/2.3.8/theme-chalk/el-image.min.css: sha512-VjHnbZXvjSgwqV0ozBCLzxuGlGNhKvtksJmRcw9IgJYiKYG4Jf4mgSOc9ZBvJnaDurLk+wRFT8HssEXWTgTG4w==
- element-plus/2.3.8/theme-chalk/el-timeline-item.min.css: sha512-X5ZHLPEEKzyNupgOi2KYk4XdYo+bHYLq1N+1ELxN/FKjXeATGzImMITFBMlZK+RMqt5NHLwV6EANks7dtAUqUQ==
- element-plus/2.3.8/theme-chalk/el-virtual-list.css: sha512-1pKsrbuk5TlOIj0xNM82skX+n1ZF4ypnGLrnns8t5YZx5hAucZdT4ItBZYBzvUKn+ppJXAV9NXT+zR/riIUU2g==
- element-plus/2.3.8/locale/hy-am.js: sha512-ZMppYKTB8DenbaTLX/3009bKB5HGoPjtApnzcTYAdoxqCO2kEkMkQTg/E3TfJSvGQ5F51wxLBWjAy2/ImZLlIw==
- element-plus/2.3.8/locale/ku.min.js: sha512-Qw6VT1TpXcqVrOMny9y5jPK8HFlMbIMDNBO+Qi/xNTApMvufHy2YsShqjhzXzeZaBFKylUYkxrXyxBw/8GKcog==
- element-plus/2.3.8/theme-chalk/el-input.min.css: sha512-yPBA4RHsSPX6SzJYkqV+EMkzlb2w4qImamhXZugo2w2bjPoQvpogARq1J1n4/0TkSh5CCctgP2hU+OUyF4+0Hg==
- element-plus/2.3.8/theme-chalk/el-menu-item.min.css: sha512-z4PhNX7vuL3xVChQ1m2AB9Yg5AULVxXcg/SpIdNs6c5H0NE8XYXysP+DGNKHfuwvY7kxvUdBeoGlODJ6+SfaPg==
- element-plus/2.3.8/theme-chalk/el-slider.css: sha512-ZpRHCPFoi03rqBzzNkrPCgPPRXpoC87O09sPMjir+hzpId15ngpf/uiagoGxpzSkEtBXD0QBkLIIazfLOKv5Nw==
- element-plus/2.3.8/theme-chalk/el-time-select.css: sha512-L/gMOFMKfg3EpxOIrp259JUGUKYsMzdXyn7tue/lc/SOr8gwmazJD0kM1KE7U4XsQ4yw/AT5ryactwMx7xbQlQ==
- element-plus/2.3.8/index.full.js: sha512-4aSaUdTOFDJXRtCV6H4fTuNH2XvtASZCJZp3ts978ALSEaJUN8BtZpJIb4QYhouMwxageopOKB825TTi39f76A==
- element-plus/2.3.8/locale/eu.min.js: sha512-CWpECD700MLXOFWnKTAomdcrq0NL1Ak39gYYUdgVpUt8ZnLvSy+swJjiFqKt1WfTSHwQmMTx7gM6ynk+MT6cag==
- element-plus/2.3.8/locale/hr.min.js: sha512-Ihpo+/XZkk9+J6bSuHo5DC1eCJpMqL7M61b00jVVgqto+FboJMu2FhY/iVrEaZ5uPjZDlK3XWuwwlRvMRNS8ww==
- element-plus/2.3.8/locale/hu.js: sha512-PI6t3wwx8z90ztp3sySPZeAfeNYukH1XL2BoMJ8d0mE01QZfRnSWRFtAvt6bQFMUUivDfXONcFyReX4hW3kdPw==
- element-plus/2.3.8/locale/fi.js: sha512-tLrzCPs8n0BR/TZzINsPtptUtR3dilT1DGfsKkhy/4dMDBfknL0eyO8vnFiEfBS2QglAm/cwogjBrRQX883umg==
- element-plus/2.3.8/locale/pa.js: sha512-mzDXu2X33915w4Q3tOgy13u7kjPC62gUhXKeTkR5IpWdIrgfE+wvO2WIb0gn5OvjHtv3u+MgMvHfEKM1qqIZ4w==
- element-plus/2.3.8/theme-chalk/el-message-box.css: sha512-KBYHBK2EmXiZn/sY4VER4ZlTxjMADQBrnS+NtDrPtdHBc2DcfxAFoXiiYU8NeRduxRqi0MaDS4HsrOANaaG79w==
- element-plus/2.3.8/theme-chalk/el-reset.css: sha512-qLPyetkPD9fJudJIVjE6ZH1YZmrgxQwiK1xXI8q0B59MnOUasbZ3ZSemGb5Zy0m+xoePVpSgHq/j733pcELU5A==
- element-plus/2.3.8/theme-chalk/el-text.min.css: sha512-ZYMdYJNvMXVf5Ya/F9J2Yx9F0iKCvYeAM6E00fQdDCAqIwZPdUat4s52dRt8uF6SedaD4pGZNFOexF9FLJNfsA==
- element-plus/2.3.8/theme-chalk/el-select-dropdown-v2.min.css: sha512-EU8q41BsM4/X1hJ+Be4G5jnmYp3TIxUpaXMCYpaNVZG04BqgNEZ9TLRIjcZ4z7N7emZHhIM3RBMVGk2k7nMTvw==
- element-plus/2.3.8/theme-chalk/el-select.min.css: sha512-h9JtrKkHnARuVdfcbGTtAFhmXsCEQvR4sHP9FPSTFkrLyCcKQ/DdkvRh/P0GwdU8oFobVwU4hKBnBOxZ7XHvNA==
- element-plus/2.3.8/locale/mg.js: sha512-s5ZQNe0f1kFYO6GEypePUSJxGYE/P+9f6wztFacydb2NS1Rtw3ud4t2MRu6Xv8GbrFNPgXr/LTffel24tjV/Ew==
- element-plus/2.3.8/locale/ru.min.js: sha512-vjt8jvEfcTjQqgXOVOIxiRi5n0alibeOl+B8vTF1PBQo6YHb/JqF6XhY4KA9FCXhVCixYGVBDPr4UGD0IdcVEA==
- element-plus/2.3.8/locale/uk.js: sha512-lPeJy0lJNjPD5xcJr6gB/VCWDHCqeKMQPW2TBIlK4ty5fyBRwu8eUynI5i3JGtnR/Vp3rRCFcPV9DhfrSibtxA==
- element-plus/2.3.8/theme-chalk/el-tooltip.min.css: sha512-z4PhNX7vuL3xVChQ1m2AB9Yg5AULVxXcg/SpIdNs6c5H0NE8XYXysP+DGNKHfuwvY7kxvUdBeoGlODJ6+SfaPg==
- element-plus/2.3.8/theme-chalk/el-time-select.min.css: sha512-L/gMOFMKfg3EpxOIrp259JUGUKYsMzdXyn7tue/lc/SOr8gwmazJD0kM1KE7U4XsQ4yw/AT5ryactwMx7xbQlQ==
- element-plus/2.3.8/locale/hr.js: sha512-N3Y9Nx2fcaIXaZVCyJ0+To9GILqaIU3PCIJOUUB9SJKxl+LKPaAWPbMtJJA7w2WD9QF8bj0hu4/4MYBGcxaoHA==
- element-plus/2.3.8/locale/sl.min.js: sha512-lVrtPGwfkIhIFdkFSSzsIUTWrqjBgBtgK2liBwe/AlXJFX8OtZvO+VM29NR9JVBuFlCFA2BZxHqPfiIqEN6Heg==
- element-plus/2.3.8/theme-chalk/display.min.css: sha512-wvvkbrvSXyXn9QiwTNnh1XPkPeqvdECKMZKTPl7oO5xS+z3EdrXsygKG9ELA21akaCcjBwiZpn9NxeN0SMS+Cw==
- element-plus/2.3.8/theme-chalk/el-breadcrumb.min.css: sha512-QNKa4wF8myfzDdZVQVIU0d9FI4v7qAwz1oXZMWS/HhFFvp+EFqmAY/1Q8kzHgB3dlPEjpHo7Mo4Pxg9K/F8qbQ==
- element-plus/2.3.8/theme-chalk/el-radio-button.css: sha512-oU94uJlJ/JatsmeDUuPb0ECqcjVzXQFPCmv8vFgsOPmCW4ZlfgyuNs5ubHFHVRa3Sfcj95249e0T/LEhLmAQhw==
- element-plus/2.3.8/theme-chalk/el-spinner.css: sha512-8r19l+QZk4kH1pNQrbuzOigyVaQtNz2OHEMgpDozgqrMmUmZhJhkLyDne3zJmLcroRBUFn69+lYGX1getedQsQ==
- element-plus/2.3.8/theme-chalk/el-space.css: sha512-AJQrv2WRpZI60765DeSSyYSgPxsbx37UogImTxUXAfpbncwd0YpmPxwzJeMj1t4twqNrUqg5OneZwLD7vrT2YA==
- element-plus/2.3.8/locale/cs.js: sha512-rSNW5BxBBP4zHuY9ihR7/ik60Yvlg60ffbYYxr0gbYfjzC4uHKyyXK7LF5HETscJvNQoxa8IcZnjEqVLrsD3XA==
- element-plus/2.3.8/locale/he.js: sha512-+Le/kEYfGFAHTgAii3Hbc//hF/YPaXgSqHl8jA8sYl5RtoI5fJLcoOVCh1NqlubEnOrKiMnb9CZtekLS5+eHMA==
- element-plus/2.3.8/theme-chalk/el-date-picker.css: sha512-ri1DVWgou5Iuxr6+qdJSECNKJRbyERAc51bcb95qB/IOuK48F51nJbCNRE2UaYiOTmn5tj4cc2tSYv9RpPRuvQ==
- element-plus/2.3.8/theme-chalk/el-drawer.css: sha512-9bYaG2KAHcHapiUTYDGQl++dQJJP6qtpuVsBxP7rFaKUh6lwrgtOXaQEJjZ/NDaX67qgQzHcBM/kyEW9DlUxlQ==
- element-plus/2.3.8/locale/en.min.js: sha512-fH9ZRt019gssE5Ab2a74Cehn4yjJq5i2L86l77YrJeysAkM1pNi5i7YuEOKy7FNoLr3E3KYTA5M+d7lBL7h/9g==
- element-plus/2.3.8/locale/zh-tw.min.js: sha512-6D3Dy9ZHRLgHsbtwX10NGiDHPtn89qqrlPPP9AAmlcDq92Zyq6TvTEUpni1mIIbYiXwPcd9yt51T9yVAvPrB6w==
- element-plus/2.3.8/theme-chalk/el-table-column.min.css: sha512-7l2dOR2AnltfPccM1mHgXV8GLFVsbo7pA2v5qXXwfeWb94UWr+mF66eKA9lbRlsB+U6jkGaDrFxRbzHVlsnmnA==
- element-plus/2.3.8/theme-chalk/el-tree-select.css: sha512-migxyr7dHtQfzei8DaYywMnyt1PvvJF1PMtS6G8Wca1OJRb6ejCt4mmuG7AMmEg1dEYn/DmUyTfPR969Bc73HA==
- element-plus/2.3.8/locale/ro.min.js: sha512-kMdkCjUqjub/eyhgQMYbWW9sOboKyTuGx9S50d654mCC5/AvMPTAWiivKKmJN101NquJzFyW8mVgvQn2QkjlXg==
- element-plus/2.3.8/theme-chalk/el-select-dropdown-v2.css: sha512-EU8q41BsM4/X1hJ+Be4G5jnmYp3TIxUpaXMCYpaNVZG04BqgNEZ9TLRIjcZ4z7N7emZHhIM3RBMVGk2k7nMTvw==
- element-plus/2.3.8/locale/bn.js: sha512-4x2SiX/H9n3EzMXqrclRUDPWzTlylsV8VRJ/f4ldXWzZ4mgvdUOH/isJoc2hGfpPpqQ2mpAKE4ecGqByWdy3lg==
- element-plus/2.3.8/locale/eo.js: sha512-88QpQdcnXaCv1A14bRy/IvBlLcte0IjBwd+XPw7ROXmGqfuc/sGviBwZz53Fk+Fzntz+bXTbvO/mzzCv1/zRSQ==
- element-plus/2.3.8/theme-chalk/el-badge.css: sha512-golGP/Pul8F2aEp08BVkZ3Y+OmDLjUGdRFlrkqzW4PHaXZIEVNmI6Z+kI/uL+7D77RIKUYV0DONsXLGdAn0jzA==
- element-plus/2.3.8/theme-chalk/el-color-picker.min.css: sha512-/sU1jrvi4qJ/zq1DNlPVn0KuvpNrxV5ymIO+BntvUz+h9azSza93bqDY8qmCxP9tgM5FOzqDGUjpQG9Y2qBBUQ==
- element-plus/2.3.8/theme-chalk/el-empty.min.css: sha512-VWK4ZsW0HXo2KCBLc5mPxcdeAJYqgAB3ITJ8RdcvL5x5qcEBPiiLzbO8OieN3JJFmGUrs3Yny358MSGSJ2A/Xg==
- element-plus/2.3.8/theme-chalk/el-sub-menu.css: sha512-z4PhNX7vuL3xVChQ1m2AB9Yg5AULVxXcg/SpIdNs6c5H0NE8XYXysP+DGNKHfuwvY7kxvUdBeoGlODJ6+SfaPg==
- element-plus/2.3.8/theme-chalk/el-badge.min.css: sha512-golGP/Pul8F2aEp08BVkZ3Y+OmDLjUGdRFlrkqzW4PHaXZIEVNmI6Z+kI/uL+7D77RIKUYV0DONsXLGdAn0jzA==
- element-plus/2.3.8/theme-chalk/el-carousel.min.css: sha512-jhTZ7El4UD+ywrHsJThR1DYClDsBWjWEz0xFxtVClURDxfQlvK5k+YLBgB9LpOKbX9tC4U+Nfai89JqZh4+cWQ==
- element-plus/2.3.8/theme-chalk/el-header.min.css: sha512-KCRqdfieFavE8Ev7kAQ8IYLYj6VyvKoXC5a1exIMHwF6DGnC3ipLiCHbdzUlbfEo7gLzaZc/3TcQ9+LUzNFQXQ==
- element-plus/2.3.8/theme-chalk/el-image-viewer.min.css: sha512-yX98OFmeumYKdLnm9il6cqv3uGycVKeCJtT4ZBOKS/u0VHtQuRlMaZ2smDNlmw8nb5UDpcrEHZpd7gcVI3+OEg==
- element-plus/2.3.8/locale/az.js: sha512-WJbZ9rtE4AmHHFRuquGOIjgHUR0lYkS2hpqWGyNyunjxWWoYFDWvOu63WAizQCIU3JzVgDYqvQU13+eloWKrCQ==
- element-plus/2.3.8/theme-chalk/el-autocomplete.min.css: sha512-mzagj2Kue2HMu+NINYOCwDkHD2r++1QPv8pzqK0TZumQCKzmG4duhzoxT91vuCKqLCPMfy72ci/73xEXRtkDag==
- element-plus/2.3.8/theme-chalk/el-collapse.min.css: sha512-+luRQyabpw1/oA5n1Ul7VextiI2Q6e88MNq7J7c8EvwV/y8KA0fIwcfTHHTCvk7ME4oIQos7u7fKXrMQsur94g==
- element-plus/2.3.8/theme-chalk/el-icon.css: sha512-IA9sgUdh8PeeTMtNs2768jTEhn9LNeo4E66nbJ6ckhwjmcyByURDrWPBW7IUTW/7SiOQB6HuAI+0VCYWuSjmQg==
- element-plus/2.3.8/locale/pa.min.js: sha512-GjhiWMetUu8897D5yVoOUxrZRaO1D/UGN6/NRsfXitRYarDTRTYDdLGGgOnAPxD6q7lxG6pOlD5TQfl9N7SkGw==
- element-plus/2.3.8/theme-chalk/el-message-box.min.css: sha512-KBYHBK2EmXiZn/sY4VER4ZlTxjMADQBrnS+NtDrPtdHBc2DcfxAFoXiiYU8NeRduxRqi0MaDS4HsrOANaaG79w==
- element-plus/2.3.8/theme-chalk/el-option-group.css: sha512-83cnULKTVJ2kHaO7L6okEq6L1nqP5ts/0CuHcy6aId9jYl4aDcGUNWYvD35wA7OF3p2ZON92dM0HpafWSXimuQ==
- element-plus/2.3.8/theme-chalk/el-tree.min.css: sha512-F5yIhe6J9531MYAlbpAav7Jw+h9bxqAJ6xrV1goB2pgz3CVxsgkPt6BEJGHYVpxxlHq/CR1naZrU3jkBOOiNSw==
- element-plus/2.3.8/locale/ckb.min.js: sha512-WwnWh/5oKU5VPZtxu0b1TaITql/HeTk7twzsIHF+3Q6dTr5U83oascO7G+ZoDarCWcJO/4pgjHVrTVjbhD/L8g==
- element-plus/2.3.8/theme-chalk/el-affix.css: sha512-eNzxshIlaDPxQR3sa8Br+0Fxk5t7sUIKXr/4KXaP2No764aN6aH3Mhb42iCP0EpPptQFiK5w6rSfwOPRvFexbg==
- element-plus/2.3.8/theme-chalk/el-collapse-transition.css: sha512-z4PhNX7vuL3xVChQ1m2AB9Yg5AULVxXcg/SpIdNs6c5H0NE8XYXysP+DGNKHfuwvY7kxvUdBeoGlODJ6+SfaPg==
- element-plus/2.3.8/theme-chalk/el-pagination.css: sha512-KwKaggcluWpgn28n3Vh/CkKuJGjS4kFMV60f4S1R4yPY9yUlj3WVIEVv6lKZwK+5oLxe3b0kt2IJQGSf9fNnvQ==
- element-plus/2.3.8/locale/fr.js: sha512-3Wp+wZna9qKJWnYVgav9iykFsbLdyToV9itlOziw4BLd3ITqZ8sMdLmK2kGmEd+AJCRgUUHDtxrBwjIB0VoWDw==
- element-plus/2.3.8/theme-chalk/el-avatar.css: sha512-Tzot6oy/uZgSZih6b4ua65U2d7luU9tm74cwvo9BK4sz/bj5RTYXBoo/K5VYcib6a/sg6DchsHnWllVN/dv0gA==
- element-plus/2.3.8/theme-chalk/el-button-group.css: sha512-WRDcZmLCwOGHon60d/pEyvTS1MLFAB4BByT3XfrEaZXVvJyETrZCgc3XxNMibkVSQoczaDb1lGuGUrC2QbRP0g==
- element-plus/2.3.8/theme-chalk/el-main.css: sha512-MQGvfEL0NPowKp6itVXFtL0+Rjk6ybl16lscURKOvDKQnwbgT7XpRgiWv3LQM+xcOzeFsR9U7QVPqdyulJ3J0w==
- element-plus/2.3.8/theme-chalk/el-page-header.min.css: sha512-viyLYSsrHMX8cFwjJ1cAZkReE4UdbDSZu+kaY7jtEqwptuOPuQ7nXgWTN7XUIPfNJnELM14abYpSF9CIu4tJrw==
- element-plus/2.3.8/theme-chalk/el-reset.min.css: sha512-qLPyetkPD9fJudJIVjE6ZH1YZmrgxQwiK1xXI8q0B59MnOUasbZ3ZSemGb5Zy0m+xoePVpSgHq/j733pcELU5A==
- element-plus/2.3.8/theme-chalk/el-popconfirm.min.css: sha512-nYXFUuoJ+J9FtdeTznjygRjaCxf6WbgijzTamSv0w/7PfzO7H2Ysgh8rgtDmYT9T5VFM9OhmuYRisPGFqY8FdQ==
- element-plus/2.3.8/theme-chalk/el-scrollbar.css: sha512-PzXmJTDMfxqYLP1I1hG9qNoyl0licfegz1vBOv+35jvGZidjHyGubsG40b0TnSV5IFJ5UNC9iFZyCvhrZ6xYsw==
- element-plus/2.3.8/locale/da.min.js: sha512-bihR8z6Rlba0wwTdIpPE925zNqg8QAljYpflCjl6o0EPaVogVa7LU5KY0ObrWj7Nm7f/m/0yVOebtY9kVSSvqQ==
- element-plus/2.3.8/locale/es.js: sha512-DfWfLdrCqtBpN/Cs2z9mTD5T91jQmlZgUVJIJkwYA9M55UtCxb4Zy4YxBvz2EJTU3gq2hTNTOTbDsBsXe/yK3g==
- element-plus/2.3.8/locale/fr.min.js: sha512-f3fy0OiCvjs4PEWgzyc4QCm1fKy20Jl4S+nbBNwB1oIczXHbg8QOQEj1nfAA4xYGBeqMD+zWCRhd3ccng414AQ==
- element-plus/2.3.8/theme-chalk/el-col.min.css: sha512-txyiSiSfxpoc0tIs7jmuBlX/HVrtv4Era2nsWMvRrMIb9dcCJLjGasx+uzQ4Zye6QEBWkVK3SSwPOuyhIfWz/Q==
- element-plus/2.3.8/theme-chalk/el-form.min.css: sha512-XIr9MVoLjVL+6AJIYDRQwO+m+mGij36gjv9aJjVccByHkLT7Fr9qBoZSGRwagmaszs6pv6rxMmunV2Kys0SW4w==
- element-plus/2.3.8/theme-chalk/el-image.css: sha512-VjHnbZXvjSgwqV0ozBCLzxuGlGNhKvtksJmRcw9IgJYiKYG4Jf4mgSOc9ZBvJnaDurLk+wRFT8HssEXWTgTG4w==
- element-plus/2.3.8/theme-chalk/el-cascader-panel.min.css: sha512-MU2gfJm4HJ+7nsXU6Qfj+/RMkkkHcxlnvIAo/p5YstFP0lCC7HrfW9AonAqDjL0mnFvotXQxzDgUcnRu8dbVhg==
- element-plus/2.3.8/theme-chalk/el-checkbox-group.min.css: sha512-lZEqn2EmAqTk+f2wNiaHjaT8Cy22GPs9moTnHUYGyw+vhpcDBmAPiq+LvbaxLYJkbDtkDDSOFqrR9DYPzw3bwA==
- element-plus/2.3.8/locale/vi.min.js: sha512-v08hdQJbZtinGMNzpwBPS7nRpE0ve4OaFlFFshdwLNMXqd4s/K4h53JGgtwIy4QR0FyhLPdKX6AK306iYUw2Tw==
- element-plus/2.3.8/theme-chalk/el-container.css: sha512-31dkkrnDD3m/uBzuo0B6yQ5pSxSE9D3ajmlkIRwPpnp5jfe5M2joIi5FjpWP/lrQRXfBvp80v18I8xe4zPFbMQ==
- element-plus/2.3.8/theme-chalk/el-infinite-scroll.css: sha512-z4PhNX7vuL3xVChQ1m2AB9Yg5AULVxXcg/SpIdNs6c5H0NE8XYXysP+DGNKHfuwvY7kxvUdBeoGlODJ6+SfaPg==
- element-plus/2.3.8/theme-chalk/el-message.css: sha512-seFKQ062fEdNg12wRmU3chM03rV509YgWzMZIsn/DrgKgHLQuwa9ooAy12ET7UlgdqEHUW3vs+cYrTkRW5pTdQ==
- element-plus/2.3.8/locale/uk.min.js: sha512-LmC9cgoqiZLfCTUi5zJ/BBjbKWETZgtwxeXF1XSth9bd72T+bHDZWchDeYv/kb8d6jB1OTRjgqscbLREFCw59w==
- element-plus/2.3.8/theme-chalk/el-input-number.css: sha512-esPOM7m6KobFv0tMceu7vGcKfw0xq2oZyjxXKlC31rnOP5YTA8x9q+xyG/7JJ41tuZJuVCa58IxftluypRpV+w==
- element-plus/2.3.8/theme-chalk/el-link.min.css: sha512-r/0+Y8VZSjUE5WtuvpIr6UhF1MlUmOEE6XhWixHvb2CYeCbxtiYDkBFR5dYiJP6mYpDwmQpStufdhJKF1hi4Sw==
- element-plus/2.3.8/theme-chalk/el-skeleton-item.css: sha512-p8aqvBua6W/67ftB5fLepLWUXAtrmAGy3VAvSSvMbFbM93G43BHJ5AQTwN2MHbvtATlffUpFD6dNMAaHkYoMug==
- element-plus/2.3.8/theme-chalk/el-loading.min.css: sha512-yJY2uBG0oWkPfG5BUAG6JtqDyj8PI5XAdSN0CdemH0a68npkFfY5CP+lV03mUgn0t8zrRsiCZDTqNiI5oM2KNA==
- element-plus/2.3.8/theme-chalk/el-message.min.css: sha512-seFKQ062fEdNg12wRmU3chM03rV509YgWzMZIsn/DrgKgHLQuwa9ooAy12ET7UlgdqEHUW3vs+cYrTkRW5pTdQ==
- element-plus/2.3.8/locale/af.js: sha512-t8eQ3wOwPFEBXfRxR/64/Z7o3zlmji9mqZnrt12xVNlw88hBYno1C3prx+8nijVrwI8js/LsYyQ/HeVciUasFg==
- element-plus/2.3.8/locale/id.min.js: sha512-6OfA6gsVxBS03Ncc5Mp6fyqr7Ae333t6Zb6GjioFDjwHxlITAqmr4o0e2hclngzSfqsPxECd6JFlEOv4eiF+oA==
- element-plus/2.3.8/locale/ko.min.js: sha512-fWUOQ5fW6pvpqgQw50vL5+soJLzlwtqOtAAE1f9xaGV5MWhcIu6rQsGUgMPWylcJugHE6xoO8MhXQZ1XJxUe5w==
- element-plus/2.3.8/theme-chalk/el-alert.css: sha512-IVjH2UPkMSL7te/X48SSqLMRtGQqoeT3lu/ALFleMVsyzJOaAThMx5DJzWXH0vn08RugtON+58KK1d9s/9aCTA==
- element-plus/2.3.8/theme-chalk/el-button.min.css: sha512-2enpBTX3ki6nXB6wm+t47HVnT5sC0/jrUKTNVpSD/iRV9hhL8e3Go8MsvHn28VmlcTEFb7mq77Wgd5fpawF48w==
- element-plus/2.3.8/theme-chalk/el-image-viewer.css: sha512-yX98OFmeumYKdLnm9il6cqv3uGycVKeCJtT4ZBOKS/u0VHtQuRlMaZ2smDNlmw8nb5UDpcrEHZpd7gcVI3+OEg==
- element-plus/2.3.8/theme-chalk/el-option.min.css: sha512-1ZGMCorbHi95hcuE5TSFVzve29zzgGm4pe5yX+AD3+sYTvgDWu8KVSRoP66eWXeuWywtxJ1bbpV45Dv5YWgLQw==
- element-plus/2.3.8/theme-chalk/el-rate.min.css: sha512-KInDwQkVPPUhEO2k6PIlwswSXMqdYK2Ggpek7XSG5ku6kz2i1fbTRo6ARNlYa7oSv5QXVrBISNSgrO68jx8Qfg==
- element-plus/2.3.8/theme-chalk/el-tag.css: sha512-lmSRmjpD3nHuy31kjX3O8mHcOhKUAFHi4phxg3emKZqst2hk453duAZwmI+MA/PdvVfNkMqJzFc+W+UxkAJwfw==
- element-plus/2.3.8/locale/bg.min.js: sha512-wmLfdi8sS+j9dPfrLxwNBFwnHxVsODmBPn/8pIDquT8STZjlKGXJkpUVowm4wLq50kLDDSQ1OZuPEW0eY0xlhA==
- element-plus/2.3.8/locale/id.js: sha512-nFYK5r7gFkZYth6c0xzXTxltjeBK4IuxswfEVajllLnQ0h2/Rr854/wRkxgxH1pNtnz+GsluhWKc1vtAQS6nSg==
- element-plus/2.3.8/locale/ko.js: sha512-ZSWzh08G1pSIzhQAaKeOyxIoZ7p8nCZXyx23fw67KwTXyM80z8H+GJjDSDxmw+BtWdlqGM1jJGLoj7MUaENcfA==
- element-plus/2.3.8/theme-chalk/el-collapse-transition.min.css: sha512-z4PhNX7vuL3xVChQ1m2AB9Yg5AULVxXcg/SpIdNs6c5H0NE8XYXysP+DGNKHfuwvY7kxvUdBeoGlODJ6+SfaPg==
- element-plus/2.3.8/theme-chalk/el-popover.css: sha512-OVzC3YKdyYji8lzr6obeGiVvJg66PEazfF8PvcIoE5CDSZ4comjRNhtEGu0DT0l82bJL4jIqViOp1mvvH00MJQ==
- element-plus/2.3.8/theme-chalk/el-slider.min.css: sha512-ZpRHCPFoi03rqBzzNkrPCgPPRXpoC87O09sPMjir+hzpId15ngpf/uiagoGxpzSkEtBXD0QBkLIIazfLOKv5Nw==
- element-plus/2.3.8/locale/el.min.js: sha512-zfwULL/WFlQT5EGo36S0N8SHLBtpasUJgtGKmRsdyGfzjE81T0nkUyJViegwY3K5jya+7QxPownkUyBhwRlyHQ==
- element-plus/2.3.8/theme-chalk/el-input-number.min.css: sha512-esPOM7m6KobFv0tMceu7vGcKfw0xq2oZyjxXKlC31rnOP5YTA8x9q+xyG/7JJ41tuZJuVCa58IxftluypRpV+w==
- element-plus/2.3.8/theme-chalk/el-skeleton-item.min.css: sha512-p8aqvBua6W/67ftB5fLepLWUXAtrmAGy3VAvSSvMbFbM93G43BHJ5AQTwN2MHbvtATlffUpFD6dNMAaHkYoMug==
- element-plus/2.3.8/theme-chalk/el-popper.css: sha512-9ZeBCCg9j+sb7hips8Ndzh2mvWMBhPkGr+nrfxsM/fb19PWOBtLxsXLzP8Mhb3UZM9lG1zWBxxWtDgVHruFWwg==
- element-plus/2.3.8/theme-chalk/el-tab-pane.min.css: sha512-z4PhNX7vuL3xVChQ1m2AB9Yg5AULVxXcg/SpIdNs6c5H0NE8XYXysP+DGNKHfuwvY7kxvUdBeoGlODJ6+SfaPg==
- element-plus/2.3.8/locale/bn.min.js: sha512-Zt1mTtrc7GE8p0hwdJt1eZmfxb9k0xPAZ87VUtmhUZbTSZ1cDBUpMsf7fSWO7ieilmuDc9GfgwIMOzxFgs8nLg==
- element-plus/2.3.8/locale/mn.min.js: sha512-4eB2nS2NyAhH4dIjmHI1VdcrUZ1N7AJ3hMHs/CVLtg/CLCrWCAkR0lhpHJpmR97qjGC2AOFuuXRIDCVxfyI7RA==
- element-plus/2.3.8/theme-chalk/el-collapse-item.min.css: sha512-z4PhNX7vuL3xVChQ1m2AB9Yg5AULVxXcg/SpIdNs6c5H0NE8XYXysP+DGNKHfuwvY7kxvUdBeoGlODJ6+SfaPg==
- element-plus/2.3.8/theme-chalk/el-descriptions-item.css: sha512-zzJMcgARbi2nj+0jfRLzV3ibV1G9XJzfwWSYTjZ9CuR1rNRTn6TLeZ+JMSU/sdOQm0GH1qbleMaTak/Wfl6lKA==
- element-plus/2.3.8/theme-chalk/el-menu-item.css: sha512-z4PhNX7vuL3xVChQ1m2AB9Yg5AULVxXcg/SpIdNs6c5H0NE8XYXysP+DGNKHfuwvY7kxvUdBeoGlODJ6+SfaPg==
- element-plus/2.3.8/theme-chalk/el-option.css: sha512-1ZGMCorbHi95hcuE5TSFVzve29zzgGm4pe5yX+AD3+sYTvgDWu8KVSRoP66eWXeuWywtxJ1bbpV45Dv5YWgLQw==
- element-plus/2.3.8/theme-chalk/el-table-v2.css: sha512-ggvz88mtbyfR0QUdDRK5oTC0jb0Ts2l3hJ3BjNSvdywt6g4IH6xmkjoA4FCfWCiAPZF0vue0TFADB9+1JGn1nQ==
- element-plus/2.3.8/theme-chalk/el-transfer.css: sha512-kcCQDNAZ45HeGeS1Tjuz/Gb7EP4aNPxcS+XhrvHoum9eXYmVwRbt0UEWVBy4dz4Y1yxG0ycZUYFclE3v67J4sQ==
- element-plus/2.3.8/locale/ug-cn.js: sha512-3ap7rbNheI6/N2Lf4UK7v2WkK3IOnlMZ0Y9bCZFXfTycHaO/cgZife7268pVwCx1xty1PGetGp/4XXvjN56vaA==
- element-plus/2.3.8/theme-chalk/el-descriptions.css: sha512-cJLWNTmgRqiyRrvUR8lZ0lGyAlfu6tjTItGLWwrglXD1KoLgLdxnq7W2qChzPZnIvt61wUvTo7v51K+R6InBkg==
- element-plus/2.3.8/theme-chalk/el-popconfirm.css: sha512-nYXFUuoJ+J9FtdeTznjygRjaCxf6WbgijzTamSv0w/7PfzO7H2Ysgh8rgtDmYT9T5VFM9OhmuYRisPGFqY8FdQ==
- element-plus/2.3.8/theme-chalk/el-result.min.css: sha512-s8hkvQwKrEdZvRsObfuNCDIS+HhmvLtCwfE9k7HLfis3B7tka7p35jtvje/IpU3MTtKy16pUgaNBcggvC+jzJA==
- element-plus/2.3.8/theme-chalk/el-tooltip-v2.min.css: sha512-XxYADFeCRfj2yL0QimfM5RSFiKX3W6MixXZGD08D2019RhF2QdAMJydUnd+zuFERWBJ0Nwrn/pXcRQAr5QwPUg==
- element-plus/2.3.8/locale/ky.js: sha512-LFVVoI8ghjGil4ayJsLUGZGcuuYZi8oFfujuBOD8gnQjPDAK1I5k2Q7leqv/aXw0E1KQN74O0SFlQYjLgWzMVQ==
- element-plus/2.3.8/locale/ug-cn.min.js: sha512-mkluL7l/JuYgTWyb9cGnbdEgBMBy0mobkmvbXeHlU46VMkt+Ev1PzOv44C6qZcKBJpzROly1wGebYyQiYhvX4A==
- element-plus/2.3.8/theme-chalk/el-date-picker.min.css: sha512-ri1DVWgou5Iuxr6+qdJSECNKJRbyERAc51bcb95qB/IOuK48F51nJbCNRE2UaYiOTmn5tj4cc2tSYv9RpPRuvQ==
- element-plus/2.3.8/theme-chalk/el-radio-group.min.css: sha512-CWik1lLodOuYf2BtimrM+MFeD8Ky6Zlt3T7nI6EbnbZcPkQvoN5jtOpi8FLaDDNub2W3yu5vqFlFo+2APRl5Gg==
- element-plus/2.3.8/theme-chalk/el-step.min.css: sha512-Q3NUMVo7JkJ6cU1ypC/w5b4bxFOPKKuSDd/yeIfR3qsgntemu22Bm5lcMoRDePCYkd8eQxGy2KOKB0DtfOR5Eg==
- element-plus/2.3.8/locale/km.min.js: sha512-ZdAfVUwglQRBK1yh90xJB0QAzGQ2ATRtX82RCGIDxXJuR9kxHScMAATCt8Be6r3sTxAPSXYSLsRRsc//HieX0w==
- element-plus/2.3.8/theme-chalk/el-overlay.css: sha512-cvQwNy+WlvFsg9j0tdHdUUL/Sq4Y1WHkQLbY4UL5J5ybRFglkzZl6mWVJeGZREdetpXs3KvPCel3KLvDhOujzQ==
- element-plus/2.3.8/theme-chalk/el-progress.css: sha512-3zhGiQOnCQEaEXPm4v03yjO/AFNnH9uaaWeFxww4iaXYbEy1ttge3FNK7iwoG7NtipQZRvJxx7LTp56+AqsRzQ==
- element-plus/2.3.8/theme-chalk/el-rate.css: sha512-KInDwQkVPPUhEO2k6PIlwswSXMqdYK2Ggpek7XSG5ku6kz2i1fbTRo6ARNlYa7oSv5QXVrBISNSgrO68jx8Qfg==
- element-plus/2.3.8/locale/az.min.js: sha512-nJX4GVMHAJvDGmuTkrCbnhSzuMLV0wXtDclQKBsKJ15HuBYogCVyIHGgfm68CG9ZD5MAiq38lA1s6mILErvfoQ==
- element-plus/2.3.8/locale/tk.min.js: sha512-auUM9Cs4B1PhlcLK04+NwzXQoMpNVNXPp+9D8/TAwj076Ch+Rh2BaYRF7QaaXcNLyJ2LiCT28i9fEpIes9fXTA==
- element-plus/2.3.8/theme-chalk/display.css: sha512-wvvkbrvSXyXn9QiwTNnh1XPkPeqvdECKMZKTPl7oO5xS+z3EdrXsygKG9ELA21akaCcjBwiZpn9NxeN0SMS+Cw==
- element-plus/2.3.8/theme-chalk/el-checkbox-button.min.css: sha512-w3V+vtoASFT+veUlVKrs27LTjIplEINd38dqIpZ09aZtfXYngQqHuQAvSyNmZJkUtKasdIea8Q9RE/50151LLw==
- element-plus/2.3.8/theme-chalk/el-tabs.css: sha512-eKKKmzFXgz7pcC/DQmFqqQot0j6xutDvrSn1y3zxqRwt4Ghk8Gpe/gEKfl9RbjkvdWAlTpcCrtslM7ugtPtFpA==
- element-plus/2.3.8/locale/et.js: sha512-hx5rsNPkQZvnUxiAjqQFjLt2SgoyJEg0OoaF7hzTou98mLYdctN2kQ+VbtUA9Ct0lWolddx4bQx3s8phEQ9lrQ==
- element-plus/2.3.8/locale/et.min.js: sha512-TPC8CVf/FCGKfCyfZMYJb+GwTVjkj20VL1gdxslagRhpz+AjQsGbr37L2qpQCkJi5nWErjAvh4jLWxbQAaa72Q==
- element-plus/2.3.8/locale/hy-am.min.js: sha512-qzV8ZdBEVq9cBf8wtZpAKyDzf7o/yDyTgQr74hNzOawE0q+3RIlStnG0dvBD0J+s/ZavOIdZxwo3kueCbtIZiA==
- element-plus/2.3.8/theme-chalk/el-spinner.min.css: sha512-8r19l+QZk4kH1pNQrbuzOigyVaQtNz2OHEMgpDozgqrMmUmZhJhkLyDne3zJmLcroRBUFn69+lYGX1getedQsQ==
- element-plus/2.3.8/theme-chalk/index.min.css: sha512-KdgfGbUWDYvBbyYejEku+HXKfUURt6dX6BgxFX2ljhmXreLEHWVykF6Zc3oWPU34r7hxCj2f9DZrddfIzt7X/g==
- element-plus/2.3.8/theme-chalk/el-radio-group.css: sha512-CWik1lLodOuYf2BtimrM+MFeD8Ky6Zlt3T7nI6EbnbZcPkQvoN5jtOpi8FLaDDNub2W3yu5vqFlFo+2APRl5Gg==
- element-plus/2.3.8/theme-chalk/el-time-picker.css: sha512-eQm/bfEc0qZ9JjUYnNdTTeUmilXj0q+y4NScpmJaHKPxyfvW4jYf1e6VHViHMCQThKLI25B6L8zFRJMzTJIapw==
- element-plus/2.3.8/locale/tk.js: sha512-snxRPEjfmxU3T3Zv5Bg6rbPeayn1pGKIyhh8w8UOtwSSzBUHe2sdIfV5fcGGwR1kMiERFxXggHYwadLKm/bGJg==
- element-plus/2.3.8/theme-chalk/el-notification.min.css: sha512-8h8i2n5OarATxxh7zj/cKSs0ue0LRWTDTbgCYbK0d3SqLPdjosjBYvtvr4mfe644Sh84YzDHA7PC5KI6qaum9A==
- element-plus/2.3.8/theme-chalk/el-popover.min.css: sha512-OVzC3YKdyYji8lzr6obeGiVvJg66PEazfF8PvcIoE5CDSZ4comjRNhtEGu0DT0l82bJL4jIqViOp1mvvH00MJQ==
- element-plus/2.3.8/theme-chalk/el-space.min.css: sha512-AJQrv2WRpZI60765DeSSyYSgPxsbx37UogImTxUXAfpbncwd0YpmPxwzJeMj1t4twqNrUqg5OneZwLD7vrT2YA==
- element-plus/2.3.8/theme-chalk/el-statistic.min.css: sha512-ak7uiBqj1A1FjD9YmGl8NBIiNZ6kBcS5ENw1QouoeTK9qIVfQnfNvgQiXmiNPJS9uCKoaw1mYizQn0VVIfUh/Q==
- element-plus/2.3.8/theme-chalk/el-virtual-list.min.css: sha512-1pKsrbuk5TlOIj0xNM82skX+n1ZF4ypnGLrnns8t5YZx5hAucZdT4ItBZYBzvUKn+ppJXAV9NXT+zR/riIUU2g==
- element-plus/2.3.8/index.css: sha512-KdgfGbUWDYvBbyYejEku+HXKfUURt6dX6BgxFX2ljhmXreLEHWVykF6Zc3oWPU34r7hxCj2f9DZrddfIzt7X/g==
- element-plus/2.3.8/index.full.min.js: sha512-dZQTpfna/7x87sMIM7Ccfk4TCF3/xBHldNHdhxufbjj1ggpS7kJJquWcoIi72NZDstqMgICsOZ1naE5w0sMYbw==
- element-plus/2.3.8/locale/bg.js: sha512-wu6HAGwG8p4KezkPyFHtp9A3c5FJvSAHf0Jxig2nvHZ4TCg3a3dzVl37aDdygx6WiQFnpKrB0QaDvRIjTx5C3g==
- element-plus/2.3.8/locale/vi.js: sha512-0Sbum5AIn2th/7xEScu/Bu8YCEzkA6MNit0Idc3F2OhMZab6keE3MdqS3+dRAWmGG5MgpypLJY+tbbKG7f5ZVQ==
- element-plus/2.3.8/theme-chalk/el-card.css: sha512-brXBDtvyUKIMTQx1L9UwrJUuk6uHpP0dPKYxGzeIge1ia7z/6dD8mnPZO4bobRmSCN+16CiE+QLlQb0HAbrC7g==
- element-plus/2.3.8/theme-chalk/el-result.css: sha512-s8hkvQwKrEdZvRsObfuNCDIS+HhmvLtCwfE9k7HLfis3B7tka7p35jtvje/IpU3MTtKy16pUgaNBcggvC+jzJA==
- element-plus/2.3.8/locale/de.js: sha512-dcSqMom9jph+IuXGHZBXNtS7Oz4lHLXBToHe2OCynYP95VGlvnKeHc2apX4F6TXcgPO4mbd+GUPfZfxyu6Kmdg==
- element-plus/2.3.8/locale/zh-cn.min.js: sha512-OdCkzezptfaw4Cg2+vI/OJJLO35Vgc3vP7DHRfMJ/vbZmYX7Va8VHJ9do9Qdl+IMB35IHpBwzbtCRqn1Us2ZLA==
- element-plus/2.3.8/theme-chalk/el-button.css: sha512-2enpBTX3ki6nXB6wm+t47HVnT5sC0/jrUKTNVpSD/iRV9hhL8e3Go8MsvHn28VmlcTEFb7mq77Wgd5fpawF48w==
- element-plus/2.3.8/theme-chalk/el-checkbox-button.css: sha512-w3V+vtoASFT+veUlVKrs27LTjIplEINd38dqIpZ09aZtfXYngQqHuQAvSyNmZJkUtKasdIea8Q9RE/50151LLw==
- element-plus/2.3.8/theme-chalk/el-option-item.css: sha512-HsyuOcx55X3cWkHMuPSBq6kuiBY+qbSyd7ePpSGqnVXtw2qUL2U2qI2bZZa2hxunk5C4eYI7lBUMXA0tmpj3rg==
- element-plus/2.3.8/theme-chalk/el-timeline.min.css: sha512-ABPEQL84g8hdNjh5J4d1if2ukoRbOYMULFz12Nwty69Fz9bN6Fdok9vbroivX+bkJ7YjvS9QYrS/VqcCYmzlfw==
- element-plus/2.3.8/locale/hu.min.js: sha512-GbW6x8pq11iKp8gOiNaAR0AyNYzZFq4J9xgM7VLpCPknguVgX5nop4a6SHyle8KV3qrZG3FdKQ7HyTfHci/kaA==
- element-plus/2.3.8/theme-chalk/el-affix.min.css: sha512-eNzxshIlaDPxQR3sa8Br+0Fxk5t7sUIKXr/4KXaP2No764aN6aH3Mhb42iCP0EpPptQFiK5w6rSfwOPRvFexbg==
- element-plus/2.3.8/theme-chalk/el-breadcrumb-item.css: sha512-z4PhNX7vuL3xVChQ1m2AB9Yg5AULVxXcg/SpIdNs6c5H0NE8XYXysP+DGNKHfuwvY7kxvUdBeoGlODJ6+SfaPg==
- element-plus/2.3.8/theme-chalk/el-main.min.css: sha512-MQGvfEL0NPowKp6itVXFtL0+Rjk6ybl16lscURKOvDKQnwbgT7XpRgiWv3LQM+xcOzeFsR9U7QVPqdyulJ3J0w==
- element-plus/2.3.8/theme-chalk/el-sub-menu.min.css: sha512-z4PhNX7vuL3xVChQ1m2AB9Yg5AULVxXcg/SpIdNs6c5H0NE8XYXysP+DGNKHfuwvY7kxvUdBeoGlODJ6+SfaPg==
