Files:
- fontsource-konkhmer-sleokchher/5.0.5/400.css.br
- fontsource-konkhmer-sleokchher/5.0.5/400.min.css.br
- fontsource-konkhmer-sleokchher/5.0.5/files/konkhmer-sleokchher-khmer-400-normal.woff.br
- fontsource-konkhmer-sleokchher/5.0.5/files/konkhmer-sleokchher-latin-400-normal.woff.br
- fontsource-konkhmer-sleokchher/5.0.5/files/konkhmer-sleokchher-latin-ext-400-normal.woff.br
- fontsource-konkhmer-sleokchher/5.0.5/index.css.br
- fontsource-konkhmer-sleokchher/5.0.5/index.min.css.br
- fontsource-konkhmer-sleokchher/5.0.5/khmer-400.css.br
- fontsource-konkhmer-sleokchher/5.0.5/khmer-400.min.css.br
- fontsource-konkhmer-sleokchher/5.0.5/khmer.css.br
- fontsource-konkhmer-sleokchher/5.0.5/khmer.min.css.br
- fontsource-konkhmer-sleokchher/5.0.5/latin-400.css.br
- fontsource-konkhmer-sleokchher/5.0.5/latin-400.min.css.br
- fontsource-konkhmer-sleokchher/5.0.5/latin-ext-400.css.br
- fontsource-konkhmer-sleokchher/5.0.5/latin-ext-400.min.css.br
- fontsource-konkhmer-sleokchher/5.0.5/latin-ext.css.br
- fontsource-konkhmer-sleokchher/5.0.5/latin-ext.min.css.br
- fontsource-konkhmer-sleokchher/5.0.5/latin.css.br
- fontsource-konkhmer-sleokchher/5.0.5/latin.min.css.br
