config: {"authors":[{"name":"Rene Haas | KingSora"}],"autoupdate":{"source":"npm","target":"overlayscrollbars","fileMap":[{"basePath":"","files":["*.@(js|mjs|cjs)?(.map)","browser/*.js?(.map)","styles/*.css","types/*.d.ts"]}]},"description":"A javascript scrollbar plugin which hides the native scrollbars and provides custom styleable overlay scrollbars, but keeps the native functionality and feeling.","filename":"browser/overlayscrollbars.browser.es6.min.js","homepage":"https://kingsora.github.io/OverlayScrollbars","keywords":["overlayscrollbars","custom","scrollbar","scrollbars","scroll","frontend"],"license":"MIT","name":"overlayscrollbars","repository":{"type":"git","url":"https://github.com/KingSora/OverlayScrollbars"},"author":"Rene Haas | KingSora"}
KV keys:
- overlayscrollbars/2.7.2/browser/overlayscrollbars.browser.es5.js.br
- overlayscrollbars/2.7.2/browser/overlayscrollbars.browser.es5.js.gz
- overlayscrollbars/2.7.2/browser/overlayscrollbars.browser.es5.js.map.br
- overlayscrollbars/2.7.2/browser/overlayscrollbars.browser.es5.js.map.gz
- overlayscrollbars/2.7.2/browser/overlayscrollbars.browser.es5.min.js.br
- overlayscrollbars/2.7.2/browser/overlayscrollbars.browser.es5.min.js.gz
- overlayscrollbars/2.7.2/browser/overlayscrollbars.browser.es6.js.br
- overlayscrollbars/2.7.2/browser/overlayscrollbars.browser.es6.js.gz
- overlayscrollbars/2.7.2/browser/overlayscrollbars.browser.es6.js.map.br
- overlayscrollbars/2.7.2/browser/overlayscrollbars.browser.es6.js.map.gz
- overlayscrollbars/2.7.2/browser/overlayscrollbars.browser.es6.min.js.br
- overlayscrollbars/2.7.2/browser/overlayscrollbars.browser.es6.min.js.gz
- overlayscrollbars/2.7.2/overlayscrollbars.cjs.br
- overlayscrollbars/2.7.2/overlayscrollbars.cjs.gz
- overlayscrollbars/2.7.2/overlayscrollbars.cjs.js.br
- overlayscrollbars/2.7.2/overlayscrollbars.cjs.js.gz
- overlayscrollbars/2.7.2/overlayscrollbars.cjs.js.map.br
- overlayscrollbars/2.7.2/overlayscrollbars.cjs.js.map.gz
- overlayscrollbars/2.7.2/overlayscrollbars.cjs.map.br
- overlayscrollbars/2.7.2/overlayscrollbars.cjs.map.gz
- overlayscrollbars/2.7.2/overlayscrollbars.cjs.min.js.br
- overlayscrollbars/2.7.2/overlayscrollbars.cjs.min.js.gz
- overlayscrollbars/2.7.2/overlayscrollbars.esm.js.br
- overlayscrollbars/2.7.2/overlayscrollbars.esm.js.gz
- overlayscrollbars/2.7.2/overlayscrollbars.esm.js.map.br
- overlayscrollbars/2.7.2/overlayscrollbars.esm.js.map.gz
- overlayscrollbars/2.7.2/overlayscrollbars.esm.min.js.br
- overlayscrollbars/2.7.2/overlayscrollbars.esm.min.js.gz
- overlayscrollbars/2.7.2/overlayscrollbars.mjs.br
- overlayscrollbars/2.7.2/overlayscrollbars.mjs.gz
- overlayscrollbars/2.7.2/overlayscrollbars.mjs.map.br
- overlayscrollbars/2.7.2/overlayscrollbars.mjs.map.gz
- overlayscrollbars/2.7.2/styles/overlayscrollbars.css.br
- overlayscrollbars/2.7.2/styles/overlayscrollbars.css.gz
- overlayscrollbars/2.7.2/styles/overlayscrollbars.min.css.br
- overlayscrollbars/2.7.2/styles/overlayscrollbars.min.css.gz
- overlayscrollbars/2.7.2/types/overlayscrollbars.d.ts.br
- overlayscrollbars/2.7.2/types/overlayscrollbars.d.ts.gz
SRIs:
- overlayscrollbars/2.7.2/browser/overlayscrollbars.browser.es6.js: sha512-ctW+dZge9c5sJ7qYNNA9FKCvnpCQOWPievnaIFx/VpqtuRVDtpSe+9ax6XGQlMDvp/bWQTMR0AqhI2B0d6TzYQ==
- overlayscrollbars/2.7.2/overlayscrollbars.cjs.min.js: sha512-LNtFca7jy2os3yxgH5g1hKxyq7AVGadngaVolL33L2oSEXvcNsyWYRk1H2Od91LcHyhOQXvNVBME1yzJmk4Dtw==
- overlayscrollbars/2.7.2/overlayscrollbars.esm.js: sha512-OjHDJ605f4XyEt6oP5FNL4RNEytHSpT4aXQS2cCMAtx0EpEBrq/EVMr8PGRxYUzhYW6eheFpHdRl3r1O4yXUfA==
- overlayscrollbars/2.7.2/overlayscrollbars.esm.min.js: sha512-q+vCc+Rp1vysBxq58KIBzurgkKHcTMXfEKeOtY/Rf0XyRxW+/2Kgpnlj1IE5Z2UCNnMZUmcL/GFhZaqNmSrYaw==
- overlayscrollbars/2.7.2/browser/overlayscrollbars.browser.es5.js: sha512-HBF+JdSDd2GtrWPZ0lp/3HeCj7uzjQql5x8M5zH5uiJ2FDIbqWNx/N07IhR5AfoH0tm/ANxcL1KhVvEvHslmPQ==
- overlayscrollbars/2.7.2/browser/overlayscrollbars.browser.es5.min.js: sha512-wNx/6f0UNyXjYxXzFO1wWnGsirLKBe+IqZFsFbC8svwVVw8G1Oac18iQijqvFD2x0HBxhU1riJCYx3JRdHUKfA==
- overlayscrollbars/2.7.2/browser/overlayscrollbars.browser.es6.min.js: sha512-8dqrFXDzzmVTThgi86fbLjoh+PEagL4XKSCTU7Y7xKiogvukKaFf1psyQXfdOqFHttPOKnaPlP6Pg9HGaanfFg==
- overlayscrollbars/2.7.2/overlayscrollbars.cjs.js: sha512-tRUP7B7Hivh3CkJQxvHXbXdoGzltPCxD+Pvd4sJrCtJMRQaJ1uW/KDAJARfCQxAFyZgK+88obdGaP0XagTjkNw==
- overlayscrollbars/2.7.2/styles/overlayscrollbars.css: sha512-A2fmtZsVdwNSkI8p0sIAsR31p6qJ0lF0MplVOyc7KMu834Rr0POy4XUhTJdOFUnWavKfHMfP9xLMEGFGtt78QQ==
- overlayscrollbars/2.7.2/styles/overlayscrollbars.min.css: sha512-3x36aP3a8oxjeWy2lfmAerJPNkmS9atbQdt0H6RaseDmK2ONKncUXex+wYmJxW+t1eOIVE9WVhQPMLECnjSE9w==
