config: {"authors":[{"name":"Google Inc."}],"autoupdate":{"source":"npm","target":"@fontsource/noto-sans-vai","fileMap":[{"basePath":"","files":["*.css","files/*.@(woff|woff2)"]}],"excludeFromSearch":true},"description":"Self-host the Noto Sans Vai font in a neatly bundled NPM package.","filename":"index.css","homepage":"https://fontsource.org/fonts/noto-sans-vai","keywords":["fontsource","font","font family","google fonts","noto-sans-vai","Noto Sans Vai","css","sass","front-end","web","typeface","variable"],"license":"OFL-1.1","name":"fontsource-noto-sans-vai","repository":{"type":"git","url":"git+https://github.com/fontsource/font-files.git"},"author":"Google Inc."}
KV keys:
- fontsource-noto-sans-vai/4.5.10/400.css.br
- fontsource-noto-sans-vai/4.5.10/400.css.gz
- fontsource-noto-sans-vai/4.5.10/400.min.css.br
- fontsource-noto-sans-vai/4.5.10/400.min.css.gz
- fontsource-noto-sans-vai/4.5.10/files/noto-sans-vai-all-400-normal.woff.br
- fontsource-noto-sans-vai/4.5.10/files/noto-sans-vai-all-400-normal.woff.gz
- fontsource-noto-sans-vai/4.5.10/files/noto-sans-vai-vai-400-normal.woff.br
- fontsource-noto-sans-vai/4.5.10/files/noto-sans-vai-vai-400-normal.woff.gz
- fontsource-noto-sans-vai/4.5.10/files/noto-sans-vai-vai-400-normal.woff2
- fontsource-noto-sans-vai/4.5.10/index.css.br
- fontsource-noto-sans-vai/4.5.10/index.css.gz
- fontsource-noto-sans-vai/4.5.10/index.min.css.br
- fontsource-noto-sans-vai/4.5.10/index.min.css.gz
- fontsource-noto-sans-vai/4.5.10/vai-400.css.br
- fontsource-noto-sans-vai/4.5.10/vai-400.css.gz
- fontsource-noto-sans-vai/4.5.10/vai-400.min.css.br
- fontsource-noto-sans-vai/4.5.10/vai-400.min.css.gz
- fontsource-noto-sans-vai/4.5.10/vai.css.br
- fontsource-noto-sans-vai/4.5.10/vai.css.gz
- fontsource-noto-sans-vai/4.5.10/vai.min.css.br
- fontsource-noto-sans-vai/4.5.10/vai.min.css.gz
SRIs:
- fontsource-noto-sans-vai/4.5.10/vai.css: sha512-Ef597enlDk15g9xyyEyMXmnndHWYX6dJt2AA+orjKczPcQr++4YxwYhEmQcYLcHLdoE/5UFpB62DgLP8J00Kmg==
- fontsource-noto-sans-vai/4.5.10/vai.min.css: sha512-UrgBg1Irw56/J96iZK8K1eWQPpS5I4q/84HSSpsxwPUsoYHAcGMvHPhqpA9/AzgRTwH+p6JtOYSAcOUDopbaeg==
- fontsource-noto-sans-vai/4.5.10/400.css: sha512-KUap/cJhurwX3vtlBQtKThAkQBpEkckwbekbcqax8raPxg4knV1fahTro4iGl1CwNMd34wBSItXoxSCvlD96ng==
- fontsource-noto-sans-vai/4.5.10/400.min.css: sha512-qk1up3BYx4x09SzMzp7Ny5Nqs5D2qC/6IkKZkTCeXrGTNiEH46k/uPFAJcKjapkNvKQFh4M9v+q+KfLK6n4YeA==
- fontsource-noto-sans-vai/4.5.10/index.css: sha512-KUap/cJhurwX3vtlBQtKThAkQBpEkckwbekbcqax8raPxg4knV1fahTro4iGl1CwNMd34wBSItXoxSCvlD96ng==
- fontsource-noto-sans-vai/4.5.10/index.min.css: sha512-qk1up3BYx4x09SzMzp7Ny5Nqs5D2qC/6IkKZkTCeXrGTNiEH46k/uPFAJcKjapkNvKQFh4M9v+q+KfLK6n4YeA==
- fontsource-noto-sans-vai/4.5.10/vai-400.css: sha512-Ef597enlDk15g9xyyEyMXmnndHWYX6dJt2AA+orjKczPcQr++4YxwYhEmQcYLcHLdoE/5UFpB62DgLP8J00Kmg==
- fontsource-noto-sans-vai/4.5.10/vai-400.min.css: sha512-UrgBg1Irw56/J96iZK8K1eWQPpS5I4q/84HSSpsxwPUsoYHAcGMvHPhqpA9/AzgRTwH+p6JtOYSAcOUDopbaeg==
