2023/11/23 19:05:28 optimizing files (Js true, Css true, Png true, Jpg true)
2023/11/23 19:05:28 match **/* in /tmp/work/dist but doesn't exists
2023/11/23 19:05:28 /tmp/work/cjs/react-dom-server-legacy.browser.production.min.js is already compressed
2023/11/23 19:05:28 compress: run /node_modules/uglify-js/bin/uglifyjs --mangle --compress if_return=true -o /tmp/work/cjs/react-dom-server-legacy.browser.development.min.js /tmp/work/cjs/react-dom-server-legacy.browser.development.js
2023/11/23 19:05:28 /tmp/work/cjs/react-dom-server-legacy.browser.production.min.js already has corresponding compressed file
2023/11/23 19:05:28 /tmp/work/cjs/react-dom-server-legacy.node.production.min.js already has corresponding compressed file
2023/11/23 19:05:28 compress: run /node_modules/uglify-js/bin/uglifyjs --mangle --compress if_return=true -o /tmp/work/cjs/react-dom-server-legacy.node.development.min.js /tmp/work/cjs/react-dom-server-legacy.node.development.js
2023/11/23 19:05:28 /tmp/work/cjs/react-dom-server-legacy.node.production.min.js is already compressed
2023/11/23 19:05:28 algorithm: run /usr/bin/brotli --quality=11 --output=/output/cjs/react-dom-server-legacy.node.production.min.js.map.br /tmp/work/cjs/react-dom-server-legacy.node.production.min.js.map
2023/11/23 19:05:28 sri /tmp/work/cjs/react-dom-server-legacy.browser.production.min.js -> /output/cjs/react-dom-server-legacy.browser.production.min.js.sri
2023/11/23 19:05:28 sri /tmp/work/cjs/react-dom-server-legacy.node.production.min.js -> /output/cjs/react-dom-server-legacy.node.production.min.js.sri
2023/11/23 19:05:28 algorithm: run /usr/bin/brotli --quality=11 --output=/output/cjs/react-dom-server-legacy.browser.production.min.js.map.br /tmp/work/cjs/react-dom-server-legacy.browser.production.min.js.map
2023/11/23 19:05:28 algorithm: run /usr/bin/brotli --quality=11 --output=/output/cjs/react-dom-server-legacy.browser.production.min.js.br /tmp/work/cjs/react-dom-server-legacy.browser.production.min.js
2023/11/23 19:05:28 algorithm: run /usr/bin/brotli --quality=11 --output=/output/cjs/react-dom-server-legacy.node.production.min.js.br /tmp/work/cjs/react-dom-server-legacy.node.production.min.js
2023/11/23 19:05:28 sri /tmp/work/cjs/react-dom-server-legacy.browser.production.js -> /output/cjs/react-dom-server-legacy.browser.production.js.sri
2023/11/23 19:05:28 algorithm: run /usr/bin/brotli --quality=11 --output=/output/cjs/react-dom-server-legacy.browser.production.js.br /tmp/work/cjs/react-dom-server-legacy.browser.production.js
2023/11/23 19:05:28 sri /tmp/work/cjs/react-dom-server-legacy.node.production.js -> /output/cjs/react-dom-server-legacy.node.production.js.sri
2023/11/23 19:05:28 algorithm: run /usr/bin/brotli --quality=11 --output=/output/cjs/react-dom-server-legacy.node.production.js.br /tmp/work/cjs/react-dom-server-legacy.node.production.js
2023/11/23 19:05:29 br /tmp/work/cjs/react-dom-server-legacy.browser.production.min.js -> /output/cjs/react-dom-server-legacy.browser.production.min.js.br
2023/11/23 19:05:29 gz /tmp/work/cjs/react-dom-server-legacy.browser.production.min.js -> /output/cjs/react-dom-server-legacy.browser.production.min.js.gz
2023/11/23 19:05:29 compress: run /node_modules/uglify-js/bin/uglifyjs --mangle --compress if_return=true -o /tmp/work/cjs/react-dom-server-rendering-stub.development.min.js /tmp/work/cjs/react-dom-server-rendering-stub.development.js
2023/11/23 19:05:29 br /tmp/work/cjs/react-dom-server-legacy.node.production.min.js -> /output/cjs/react-dom-server-legacy.node.production.min.js.br
2023/11/23 19:05:29 gz /tmp/work/cjs/react-dom-server-legacy.node.production.min.js -> /output/cjs/react-dom-server-legacy.node.production.min.js.gz
2023/11/23 19:05:29 /tmp/work/cjs/react-dom-server-rendering-stub.production.min.js already has corresponding compressed file
2023/11/23 19:05:29 sri /tmp/work/cjs/react-dom-server-rendering-stub.production.js -> /output/cjs/react-dom-server-rendering-stub.production.js.sri
2023/11/23 19:05:29 algorithm: run /usr/bin/brotli --quality=11 --output=/output/cjs/react-dom-server-rendering-stub.production.js.br /tmp/work/cjs/react-dom-server-rendering-stub.production.js
2023/11/23 19:05:29 br /tmp/work/cjs/react-dom-server-rendering-stub.production.js -> /output/cjs/react-dom-server-rendering-stub.production.js.br
2023/11/23 19:05:29 gz /tmp/work/cjs/react-dom-server-rendering-stub.production.js -> /output/cjs/react-dom-server-rendering-stub.production.js.gz
2023/11/23 19:05:29 /tmp/work/cjs/react-dom-server-rendering-stub.production.min.js is already compressed
2023/11/23 19:05:29 sri /tmp/work/cjs/react-dom-server-rendering-stub.production.min.js -> /output/cjs/react-dom-server-rendering-stub.production.min.js.sri
2023/11/23 19:05:29 algorithm: run /usr/bin/brotli --quality=11 --output=/output/cjs/react-dom-server-rendering-stub.production.min.js.br /tmp/work/cjs/react-dom-server-rendering-stub.production.min.js
2023/11/23 19:05:29 br /tmp/work/cjs/react-dom-server-rendering-stub.production.min.js -> /output/cjs/react-dom-server-rendering-stub.production.min.js.br
2023/11/23 19:05:29 gz /tmp/work/cjs/react-dom-server-rendering-stub.production.min.js -> /output/cjs/react-dom-server-rendering-stub.production.min.js.gz
2023/11/23 19:05:29 algorithm: run /usr/bin/brotli --quality=11 --output=/output/cjs/react-dom-server-rendering-stub.production.min.js.map.br /tmp/work/cjs/react-dom-server-rendering-stub.production.min.js.map
2023/11/23 19:05:29 br /tmp/work/cjs/react-dom-server-rendering-stub.production.min.js.map -> /output/cjs/react-dom-server-rendering-stub.production.min.js.map.br
2023/11/23 19:05:29 gz /tmp/work/cjs/react-dom-server-rendering-stub.production.min.js.map -> /output/cjs/react-dom-server-rendering-stub.production.min.js.map.gz
2023/11/23 19:05:29 compress: run /node_modules/uglify-js/bin/uglifyjs --mangle --compress if_return=true -o /tmp/work/cjs/react-dom-server.browser.development.min.js /tmp/work/cjs/react-dom-server.browser.development.js
2023/11/23 19:05:29 br /tmp/work/cjs/react-dom-server-legacy.browser.production.min.js.map -> /output/cjs/react-dom-server-legacy.browser.production.min.js.map.br
2023/11/23 19:05:29 br /tmp/work/cjs/react-dom-server-legacy.node.production.min.js.map -> /output/cjs/react-dom-server-legacy.node.production.min.js.map.br
2023/11/23 19:05:29 gz /tmp/work/cjs/react-dom-server-legacy.browser.production.min.js.map -> /output/cjs/react-dom-server-legacy.browser.production.min.js.map.gz
2023/11/23 19:05:29 /tmp/work/cjs/react-dom-server.browser.production.min.js already has corresponding compressed file
2023/11/23 19:05:29 sri /tmp/work/cjs/react-dom-server.browser.production.js -> /output/cjs/react-dom-server.browser.production.js.sri
2023/11/23 19:05:29 algorithm: run /usr/bin/brotli --quality=11 --output=/output/cjs/react-dom-server.browser.production.js.br /tmp/work/cjs/react-dom-server.browser.production.js
2023/11/23 19:05:29 gz /tmp/work/cjs/react-dom-server-legacy.node.production.min.js.map -> /output/cjs/react-dom-server-legacy.node.production.min.js.map.gz
2023/11/23 19:05:29 /tmp/work/cjs/react-dom-server.browser.production.min.js is already compressed
2023/11/23 19:05:29 sri /tmp/work/cjs/react-dom-server.browser.production.min.js -> /output/cjs/react-dom-server.browser.production.min.js.sri
2023/11/23 19:05:29 algorithm: run /usr/bin/brotli --quality=11 --output=/output/cjs/react-dom-server.browser.production.min.js.br /tmp/work/cjs/react-dom-server.browser.production.min.js
2023/11/23 19:05:29 br /tmp/work/cjs/react-dom-server.browser.production.min.js -> /output/cjs/react-dom-server.browser.production.min.js.br
2023/11/23 19:05:29 gz /tmp/work/cjs/react-dom-server.browser.production.min.js -> /output/cjs/react-dom-server.browser.production.min.js.gz
2023/11/23 19:05:29 algorithm: run /usr/bin/brotli --quality=11 --output=/output/cjs/react-dom-server.browser.production.min.js.map.br /tmp/work/cjs/react-dom-server.browser.production.min.js.map
2023/11/23 19:05:29 br /tmp/work/cjs/react-dom-server-legacy.node.production.js -> /output/cjs/react-dom-server-legacy.node.production.js.br
2023/11/23 19:05:29 gz /tmp/work/cjs/react-dom-server-legacy.node.production.js -> /output/cjs/react-dom-server-legacy.node.production.js.gz
2023/11/23 19:05:29 compress: run /node_modules/uglify-js/bin/uglifyjs --mangle --compress if_return=true -o /tmp/work/cjs/react-dom-server.bun.development.min.js /tmp/work/cjs/react-dom-server.bun.development.js
2023/11/23 19:05:29 br /tmp/work/cjs/react-dom-server-legacy.browser.production.js -> /output/cjs/react-dom-server-legacy.browser.production.js.br
2023/11/23 19:05:29 sri /tmp/work/cjs/react-dom-server-rendering-stub.development.min.js -> /output/cjs/react-dom-server-rendering-stub.development.min.js.sri
2023/11/23 19:05:29 algorithm: run /usr/bin/brotli --quality=11 --output=/output/cjs/react-dom-server-rendering-stub.development.min.js.br /tmp/work/cjs/react-dom-server-rendering-stub.development.min.js
2023/11/23 19:05:29 gz /tmp/work/cjs/react-dom-server-legacy.browser.production.js -> /output/cjs/react-dom-server-legacy.browser.production.js.gz
2023/11/23 19:05:29 /tmp/work/cjs/react-dom-server.bun.production.min.js already has corresponding compressed file
2023/11/23 19:05:29 sri /tmp/work/cjs/react-dom-server.bun.production.js -> /output/cjs/react-dom-server.bun.production.js.sri
2023/11/23 19:05:29 algorithm: run /usr/bin/brotli --quality=11 --output=/output/cjs/react-dom-server.bun.production.js.br /tmp/work/cjs/react-dom-server.bun.production.js
2023/11/23 19:05:29 br /tmp/work/cjs/react-dom-server-rendering-stub.development.min.js -> /output/cjs/react-dom-server-rendering-stub.development.min.js.br
2023/11/23 19:05:29 gz /tmp/work/cjs/react-dom-server-rendering-stub.development.min.js -> /output/cjs/react-dom-server-rendering-stub.development.min.js.gz
2023/11/23 19:05:29 sri /tmp/work/cjs/react-dom-server-rendering-stub.development.js -> /output/cjs/react-dom-server-rendering-stub.development.js.sri
2023/11/23 19:05:29 algorithm: run /usr/bin/brotli --quality=11 --output=/output/cjs/react-dom-server-rendering-stub.development.js.br /tmp/work/cjs/react-dom-server-rendering-stub.development.js
2023/11/23 19:05:29 br /tmp/work/cjs/react-dom-server-rendering-stub.development.js -> /output/cjs/react-dom-server-rendering-stub.development.js.br
2023/11/23 19:05:29 gz /tmp/work/cjs/react-dom-server-rendering-stub.development.js -> /output/cjs/react-dom-server-rendering-stub.development.js.gz
2023/11/23 19:05:29 /tmp/work/cjs/react-dom-server.bun.production.min.js is already compressed
2023/11/23 19:05:29 sri /tmp/work/cjs/react-dom-server.bun.production.min.js -> /output/cjs/react-dom-server.bun.production.min.js.sri
2023/11/23 19:05:29 algorithm: run /usr/bin/brotli --quality=11 --output=/output/cjs/react-dom-server.bun.production.min.js.br /tmp/work/cjs/react-dom-server.bun.production.min.js
2023/11/23 19:05:29 br /tmp/work/cjs/react-dom-server.bun.production.min.js -> /output/cjs/react-dom-server.bun.production.min.js.br
2023/11/23 19:05:29 gz /tmp/work/cjs/react-dom-server.bun.production.min.js -> /output/cjs/react-dom-server.bun.production.min.js.gz
2023/11/23 19:05:29 algorithm: run /usr/bin/brotli --quality=11 --output=/output/cjs/react-dom-server.bun.production.min.js.map.br /tmp/work/cjs/react-dom-server.bun.production.min.js.map
2023/11/23 19:05:30 br /tmp/work/cjs/react-dom-server.browser.production.min.js.map -> /output/cjs/react-dom-server.browser.production.min.js.map.br
2023/11/23 19:05:30 br /tmp/work/cjs/react-dom-server.browser.production.js -> /output/cjs/react-dom-server.browser.production.js.br
2023/11/23 19:05:30 gz /tmp/work/cjs/react-dom-server.browser.production.js -> /output/cjs/react-dom-server.browser.production.js.gz
2023/11/23 19:05:30 compress: run /node_modules/uglify-js/bin/uglifyjs --mangle --compress if_return=true -o /tmp/work/cjs/react-dom-server.edge.development.min.js /tmp/work/cjs/react-dom-server.edge.development.js
2023/11/23 19:05:30 gz /tmp/work/cjs/react-dom-server.browser.production.min.js.map -> /output/cjs/react-dom-server.browser.production.min.js.map.gz
2023/11/23 19:05:30 /tmp/work/cjs/react-dom-server.edge.production.min.js already has corresponding compressed file
2023/11/23 19:05:30 sri /tmp/work/cjs/react-dom-server.edge.production.js -> /output/cjs/react-dom-server.edge.production.js.sri
2023/11/23 19:05:30 algorithm: run /usr/bin/brotli --quality=11 --output=/output/cjs/react-dom-server.edge.production.js.br /tmp/work/cjs/react-dom-server.edge.production.js
2023/11/23 19:05:30 br /tmp/work/cjs/react-dom-server.bun.production.js -> /output/cjs/react-dom-server.bun.production.js.br
2023/11/23 19:05:30 br /tmp/work/cjs/react-dom-server.bun.production.min.js.map -> /output/cjs/react-dom-server.bun.production.min.js.map.br
2023/11/23 19:05:30 gz /tmp/work/cjs/react-dom-server.bun.production.js -> /output/cjs/react-dom-server.bun.production.js.gz
2023/11/23 19:05:30 /tmp/work/cjs/react-dom-server.edge.production.min.js is already compressed
2023/11/23 19:05:30 sri /tmp/work/cjs/react-dom-server.edge.production.min.js -> /output/cjs/react-dom-server.edge.production.min.js.sri
2023/11/23 19:05:30 algorithm: run /usr/bin/brotli --quality=11 --output=/output/cjs/react-dom-server.edge.production.min.js.br /tmp/work/cjs/react-dom-server.edge.production.min.js
2023/11/23 19:05:30 gz /tmp/work/cjs/react-dom-server.bun.production.min.js.map -> /output/cjs/react-dom-server.bun.production.min.js.map.gz
2023/11/23 19:05:30 algorithm: run /usr/bin/brotli --quality=11 --output=/output/cjs/react-dom-server.edge.production.min.js.map.br /tmp/work/cjs/react-dom-server.edge.production.min.js.map
2023/11/23 19:05:30 br /tmp/work/cjs/react-dom-server.edge.production.min.js -> /output/cjs/react-dom-server.edge.production.min.js.br
2023/11/23 19:05:30 gz /tmp/work/cjs/react-dom-server.edge.production.min.js -> /output/cjs/react-dom-server.edge.production.min.js.gz
2023/11/23 19:05:30 compress: run /node_modules/uglify-js/bin/uglifyjs --mangle --compress if_return=true -o /tmp/work/cjs/react-dom-server.node.development.min.js /tmp/work/cjs/react-dom-server.node.development.js
2023/11/23 19:05:31 br /tmp/work/cjs/react-dom-server.edge.production.js -> /output/cjs/react-dom-server.edge.production.js.br
2023/11/23 19:05:31 gz /tmp/work/cjs/react-dom-server.edge.production.js -> /output/cjs/react-dom-server.edge.production.js.gz
2023/11/23 19:05:31 /tmp/work/cjs/react-dom-server.node.production.min.js already has corresponding compressed file
2023/11/23 19:05:31 br /tmp/work/cjs/react-dom-server.edge.production.min.js.map -> /output/cjs/react-dom-server.edge.production.min.js.map.br
2023/11/23 19:05:31 sri /tmp/work/cjs/react-dom-server.node.production.js -> /output/cjs/react-dom-server.node.production.js.sri
2023/11/23 19:05:31 algorithm: run /usr/bin/brotli --quality=11 --output=/output/cjs/react-dom-server.node.production.js.br /tmp/work/cjs/react-dom-server.node.production.js
2023/11/23 19:05:31 gz /tmp/work/cjs/react-dom-server.edge.production.min.js.map -> /output/cjs/react-dom-server.edge.production.min.js.map.gz
2023/11/23 19:05:31 /tmp/work/cjs/react-dom-server.node.production.min.js is already compressed
2023/11/23 19:05:31 sri /tmp/work/cjs/react-dom-server.node.production.min.js -> /output/cjs/react-dom-server.node.production.min.js.sri
2023/11/23 19:05:31 algorithm: run /usr/bin/brotli --quality=11 --output=/output/cjs/react-dom-server.node.production.min.js.br /tmp/work/cjs/react-dom-server.node.production.min.js
2023/11/23 19:05:31 br /tmp/work/cjs/react-dom-server.node.production.min.js -> /output/cjs/react-dom-server.node.production.min.js.br
2023/11/23 19:05:31 gz /tmp/work/cjs/react-dom-server.node.production.min.js -> /output/cjs/react-dom-server.node.production.min.js.gz
2023/11/23 19:05:31 algorithm: run /usr/bin/brotli --quality=11 --output=/output/cjs/react-dom-server.node.production.min.js.map.br /tmp/work/cjs/react-dom-server.node.production.min.js.map
2023/11/23 19:05:32 br /tmp/work/cjs/react-dom-server.node.production.min.js.map -> /output/cjs/react-dom-server.node.production.min.js.map.br
2023/11/23 19:05:32 gz /tmp/work/cjs/react-dom-server.node.production.min.js.map -> /output/cjs/react-dom-server.node.production.min.js.map.gz
2023/11/23 19:05:32 compress: run /node_modules/uglify-js/bin/uglifyjs --mangle --compress if_return=true -o /tmp/work/cjs/react-dom-test-utils.development.min.js /tmp/work/cjs/react-dom-test-utils.development.js
2023/11/23 19:05:32 br /tmp/work/cjs/react-dom-server.node.production.js -> /output/cjs/react-dom-server.node.production.js.br
2023/11/23 19:05:32 gz /tmp/work/cjs/react-dom-server.node.production.js -> /output/cjs/react-dom-server.node.production.js.gz
2023/11/23 19:05:32 /tmp/work/cjs/react-dom-test-utils.production.min.js already has corresponding compressed file
2023/11/23 19:05:32 sri /tmp/work/cjs/react-dom-test-utils.production.js -> /output/cjs/react-dom-test-utils.production.js.sri
2023/11/23 19:05:32 algorithm: run /usr/bin/brotli --quality=11 --output=/output/cjs/react-dom-test-utils.production.js.br /tmp/work/cjs/react-dom-test-utils.production.js
2023/11/23 19:05:32 br /tmp/work/cjs/react-dom-test-utils.production.js -> /output/cjs/react-dom-test-utils.production.js.br
2023/11/23 19:05:32 gz /tmp/work/cjs/react-dom-test-utils.production.js -> /output/cjs/react-dom-test-utils.production.js.gz
2023/11/23 19:05:32 /tmp/work/cjs/react-dom-test-utils.production.min.js is already compressed
2023/11/23 19:05:32 sri /tmp/work/cjs/react-dom-test-utils.production.min.js -> /output/cjs/react-dom-test-utils.production.min.js.sri
2023/11/23 19:05:32 algorithm: run /usr/bin/brotli --quality=11 --output=/output/cjs/react-dom-test-utils.production.min.js.br /tmp/work/cjs/react-dom-test-utils.production.min.js
2023/11/23 19:05:32 br /tmp/work/cjs/react-dom-test-utils.production.min.js -> /output/cjs/react-dom-test-utils.production.min.js.br
2023/11/23 19:05:32 gz /tmp/work/cjs/react-dom-test-utils.production.min.js -> /output/cjs/react-dom-test-utils.production.min.js.gz
2023/11/23 19:05:32 algorithm: run /usr/bin/brotli --quality=11 --output=/output/cjs/react-dom-test-utils.production.min.js.map.br /tmp/work/cjs/react-dom-test-utils.production.min.js.map
2023/11/23 19:05:32 br /tmp/work/cjs/react-dom-test-utils.production.min.js.map -> /output/cjs/react-dom-test-utils.production.min.js.map.br
2023/11/23 19:05:32 gz /tmp/work/cjs/react-dom-test-utils.production.min.js.map -> /output/cjs/react-dom-test-utils.production.min.js.map.gz
2023/11/23 19:05:32 compress: run /node_modules/uglify-js/bin/uglifyjs --mangle --compress if_return=true -o /tmp/work/cjs/react-dom.development.min.js /tmp/work/cjs/react-dom.development.js
2023/11/23 19:05:34 sri /tmp/work/cjs/react-dom-test-utils.development.min.js -> /output/cjs/react-dom-test-utils.development.min.js.sri
2023/11/23 19:05:34 algorithm: run /usr/bin/brotli --quality=11 --output=/output/cjs/react-dom-test-utils.development.min.js.br /tmp/work/cjs/react-dom-test-utils.development.min.js
2023/11/23 19:05:34 br /tmp/work/cjs/react-dom-test-utils.development.min.js -> /output/cjs/react-dom-test-utils.development.min.js.br
2023/11/23 19:05:34 gz /tmp/work/cjs/react-dom-test-utils.development.min.js -> /output/cjs/react-dom-test-utils.development.min.js.gz
2023/11/23 19:05:34 sri /tmp/work/cjs/react-dom-test-utils.development.js -> /output/cjs/react-dom-test-utils.development.js.sri
2023/11/23 19:05:34 algorithm: run /usr/bin/brotli --quality=11 --output=/output/cjs/react-dom-test-utils.development.js.br /tmp/work/cjs/react-dom-test-utils.development.js
2023/11/23 19:05:34 br /tmp/work/cjs/react-dom-test-utils.development.js -> /output/cjs/react-dom-test-utils.development.js.br
2023/11/23 19:05:34 gz /tmp/work/cjs/react-dom-test-utils.development.js -> /output/cjs/react-dom-test-utils.development.js.gz
2023/11/23 19:05:34 /tmp/work/cjs/react-dom.production.min.js already has corresponding compressed file
2023/11/23 19:05:34 sri /tmp/work/cjs/react-dom.production.js -> /output/cjs/react-dom.production.js.sri
2023/11/23 19:05:34 algorithm: run /usr/bin/brotli --quality=11 --output=/output/cjs/react-dom.production.js.br /tmp/work/cjs/react-dom.production.js
2023/11/23 19:05:35 sri /tmp/work/cjs/react-dom-server.bun.development.min.js -> /output/cjs/react-dom-server.bun.development.min.js.sri
2023/11/23 19:05:35 algorithm: run /usr/bin/brotli --quality=11 --output=/output/cjs/react-dom-server.bun.development.min.js.br /tmp/work/cjs/react-dom-server.bun.development.min.js
2023/11/23 19:05:36 br /tmp/work/cjs/react-dom-server.bun.development.min.js -> /output/cjs/react-dom-server.bun.development.min.js.br
2023/11/23 19:05:36 gz /tmp/work/cjs/react-dom-server.bun.development.min.js -> /output/cjs/react-dom-server.bun.development.min.js.gz
2023/11/23 19:05:36 sri /tmp/work/cjs/react-dom-server.bun.development.js -> /output/cjs/react-dom-server.bun.development.js.sri
2023/11/23 19:05:36 algorithm: run /usr/bin/brotli --quality=11 --output=/output/cjs/react-dom-server.bun.development.js.br /tmp/work/cjs/react-dom-server.bun.development.js
2023/11/23 19:05:37 sri /tmp/work/cjs/react-dom-server-legacy.browser.development.min.js -> /output/cjs/react-dom-server-legacy.browser.development.min.js.sri
2023/11/23 19:05:37 algorithm: run /usr/bin/brotli --quality=11 --output=/output/cjs/react-dom-server-legacy.browser.development.min.js.br /tmp/work/cjs/react-dom-server-legacy.browser.development.min.js
2023/11/23 19:05:37 br /tmp/work/cjs/react-dom-server.bun.development.js -> /output/cjs/react-dom-server.bun.development.js.br
2023/11/23 19:05:38 gz /tmp/work/cjs/react-dom-server.bun.development.js -> /output/cjs/react-dom-server.bun.development.js.gz
2023/11/23 19:05:38 /tmp/work/cjs/react-dom.production.min.js is already compressed
2023/11/23 19:05:38 sri /tmp/work/cjs/react-dom.production.min.js -> /output/cjs/react-dom.production.min.js.sri
2023/11/23 19:05:38 algorithm: run /usr/bin/brotli --quality=11 --output=/output/cjs/react-dom.production.min.js.br /tmp/work/cjs/react-dom.production.min.js
2023/11/23 19:05:38 sri /tmp/work/cjs/react-dom-server-legacy.node.development.min.js -> /output/cjs/react-dom-server-legacy.node.development.min.js.sri
2023/11/23 19:05:38 algorithm: run /usr/bin/brotli --quality=11 --output=/output/cjs/react-dom-server-legacy.node.development.min.js.br /tmp/work/cjs/react-dom-server-legacy.node.development.min.js
2023/11/23 19:05:38 sri /tmp/work/cjs/react-dom-server.browser.development.min.js -> /output/cjs/react-dom-server.browser.development.min.js.sri
2023/11/23 19:05:38 algorithm: run /usr/bin/brotli --quality=11 --output=/output/cjs/react-dom-server.browser.development.min.js.br /tmp/work/cjs/react-dom-server.browser.development.min.js
2023/11/23 19:05:38 br /tmp/work/cjs/react-dom-server-legacy.browser.development.min.js -> /output/cjs/react-dom-server-legacy.browser.development.min.js.br
2023/11/23 19:05:38 gz /tmp/work/cjs/react-dom-server-legacy.browser.development.min.js -> /output/cjs/react-dom-server-legacy.browser.development.min.js.gz
2023/11/23 19:05:38 sri /tmp/work/cjs/react-dom-server-legacy.browser.development.js -> /output/cjs/react-dom-server-legacy.browser.development.js.sri
2023/11/23 19:05:38 algorithm: run /usr/bin/brotli --quality=11 --output=/output/cjs/react-dom-server-legacy.browser.development.js.br /tmp/work/cjs/react-dom-server-legacy.browser.development.js
2023/11/23 19:05:38 br /tmp/work/cjs/react-dom-server.browser.development.min.js -> /output/cjs/react-dom-server.browser.development.min.js.br
2023/11/23 19:05:38 gz /tmp/work/cjs/react-dom-server.browser.development.min.js -> /output/cjs/react-dom-server.browser.development.min.js.gz
2023/11/23 19:05:38 sri /tmp/work/cjs/react-dom-server.browser.development.js -> /output/cjs/react-dom-server.browser.development.js.sri
2023/11/23 19:05:38 algorithm: run /usr/bin/brotli --quality=11 --output=/output/cjs/react-dom-server.browser.development.js.br /tmp/work/cjs/react-dom-server.browser.development.js
2023/11/23 19:05:38 br /tmp/work/cjs/react-dom-server-legacy.node.development.min.js -> /output/cjs/react-dom-server-legacy.node.development.min.js.br
2023/11/23 19:05:38 gz /tmp/work/cjs/react-dom-server-legacy.node.development.min.js -> /output/cjs/react-dom-server-legacy.node.development.min.js.gz
2023/11/23 19:05:38 sri /tmp/work/cjs/react-dom-server-legacy.node.development.js -> /output/cjs/react-dom-server-legacy.node.development.js.sri
2023/11/23 19:05:38 algorithm: run /usr/bin/brotli --quality=11 --output=/output/cjs/react-dom-server-legacy.node.development.js.br /tmp/work/cjs/react-dom-server-legacy.node.development.js
2023/11/23 19:05:38 br /tmp/work/cjs/react-dom.production.min.js -> /output/cjs/react-dom.production.min.js.br
2023/11/23 19:05:38 gz /tmp/work/cjs/react-dom.production.min.js -> /output/cjs/react-dom.production.min.js.gz
2023/11/23 19:05:38 algorithm: run /usr/bin/brotli --quality=11 --output=/output/cjs/react-dom.production.min.js.map.br /tmp/work/cjs/react-dom.production.min.js.map
2023/11/23 19:05:38 br /tmp/work/cjs/react-dom.production.js -> /output/cjs/react-dom.production.js.br
2023/11/23 19:05:38 gz /tmp/work/cjs/react-dom.production.js -> /output/cjs/react-dom.production.js.gz
2023/11/23 19:05:38 /tmp/work/cjs/react-dom.profiling.min.js already has corresponding compressed file
2023/11/23 19:05:38 sri /tmp/work/cjs/react-dom.profiling.js -> /output/cjs/react-dom.profiling.js.sri
2023/11/23 19:05:38 algorithm: run /usr/bin/brotli --quality=11 --output=/output/cjs/react-dom.profiling.js.br /tmp/work/cjs/react-dom.profiling.js
2023/11/23 19:05:39 br /tmp/work/cjs/react-dom-server-legacy.browser.development.js -> /output/cjs/react-dom-server-legacy.browser.development.js.br
2023/11/23 19:05:39 gz /tmp/work/cjs/react-dom-server-legacy.browser.development.js -> /output/cjs/react-dom-server-legacy.browser.development.js.gz
2023/11/23 19:05:39 /tmp/work/cjs/react-dom.profiling.min.js is already compressed
2023/11/23 19:05:39 sri /tmp/work/cjs/react-dom.profiling.min.js -> /output/cjs/react-dom.profiling.min.js.sri
2023/11/23 19:05:39 algorithm: run /usr/bin/brotli --quality=11 --output=/output/cjs/react-dom.profiling.min.js.br /tmp/work/cjs/react-dom.profiling.min.js
2023/11/23 19:05:39 sri /tmp/work/cjs/react-dom-server.edge.development.min.js -> /output/cjs/react-dom-server.edge.development.min.js.sri
2023/11/23 19:05:39 algorithm: run /usr/bin/brotli --quality=11 --output=/output/cjs/react-dom-server.edge.development.min.js.br /tmp/work/cjs/react-dom-server.edge.development.min.js
2023/11/23 19:05:39 sri /tmp/work/cjs/react-dom-server.node.development.min.js -> /output/cjs/react-dom-server.node.development.min.js.sri
2023/11/23 19:05:39 algorithm: run /usr/bin/brotli --quality=11 --output=/output/cjs/react-dom-server.node.development.min.js.br /tmp/work/cjs/react-dom-server.node.development.min.js
2023/11/23 19:05:39 br /tmp/work/cjs/react-dom-server-legacy.node.development.js -> /output/cjs/react-dom-server-legacy.node.development.js.br
2023/11/23 19:05:39 br /tmp/work/cjs/react-dom-server.browser.development.js -> /output/cjs/react-dom-server.browser.development.js.br
2023/11/23 19:05:39 gz /tmp/work/cjs/react-dom-server-legacy.node.development.js -> /output/cjs/react-dom-server-legacy.node.development.js.gz
2023/11/23 19:05:39 algorithm: run /usr/bin/brotli --quality=11 --output=/output/cjs/react-dom.profiling.min.js.map.br /tmp/work/cjs/react-dom.profiling.min.js.map
2023/11/23 19:05:39 gz /tmp/work/cjs/react-dom-server.browser.development.js -> /output/cjs/react-dom-server.browser.development.js.gz
2023/11/23 19:05:39 compress: run /node_modules/uglify-js/bin/uglifyjs --mangle --compress if_return=true -o /tmp/work/cjs/react-dom.shared-subset.development.min.js /tmp/work/cjs/react-dom.shared-subset.development.js
2023/11/23 19:05:40 br /tmp/work/cjs/react-dom-server.edge.development.min.js -> /output/cjs/react-dom-server.edge.development.min.js.br
2023/11/23 19:05:40 br /tmp/work/cjs/react-dom-server.node.development.min.js -> /output/cjs/react-dom-server.node.development.min.js.br
2023/11/23 19:05:40 gz /tmp/work/cjs/react-dom-server.edge.development.min.js -> /output/cjs/react-dom-server.edge.development.min.js.gz
2023/11/23 19:05:40 sri /tmp/work/cjs/react-dom-server.edge.development.js -> /output/cjs/react-dom-server.edge.development.js.sri
2023/11/23 19:05:40 algorithm: run /usr/bin/brotli --quality=11 --output=/output/cjs/react-dom-server.edge.development.js.br /tmp/work/cjs/react-dom-server.edge.development.js
2023/11/23 19:05:40 gz /tmp/work/cjs/react-dom-server.node.development.min.js -> /output/cjs/react-dom-server.node.development.min.js.gz
2023/11/23 19:05:40 sri /tmp/work/cjs/react-dom-server.node.development.js -> /output/cjs/react-dom-server.node.development.js.sri
2023/11/23 19:05:40 algorithm: run /usr/bin/brotli --quality=11 --output=/output/cjs/react-dom-server.node.development.js.br /tmp/work/cjs/react-dom-server.node.development.js
2023/11/23 19:05:40 br /tmp/work/cjs/react-dom.profiling.min.js -> /output/cjs/react-dom.profiling.min.js.br
2023/11/23 19:05:40 gz /tmp/work/cjs/react-dom.profiling.min.js -> /output/cjs/react-dom.profiling.min.js.gz
2023/11/23 19:05:40 /tmp/work/cjs/react-dom.shared-subset.production.min.js already has corresponding compressed file
2023/11/23 19:05:40 sri /tmp/work/cjs/react-dom.shared-subset.production.js -> /output/cjs/react-dom.shared-subset.production.js.sri
2023/11/23 19:05:40 algorithm: run /usr/bin/brotli --quality=11 --output=/output/cjs/react-dom.shared-subset.production.js.br /tmp/work/cjs/react-dom.shared-subset.production.js
2023/11/23 19:05:40 br /tmp/work/cjs/react-dom.shared-subset.production.js -> /output/cjs/react-dom.shared-subset.production.js.br
2023/11/23 19:05:40 gz /tmp/work/cjs/react-dom.shared-subset.production.js -> /output/cjs/react-dom.shared-subset.production.js.gz
2023/11/23 19:05:40 /tmp/work/cjs/react-dom.shared-subset.production.min.js is already compressed
2023/11/23 19:05:40 sri /tmp/work/cjs/react-dom.shared-subset.production.min.js -> /output/cjs/react-dom.shared-subset.production.min.js.sri
2023/11/23 19:05:40 algorithm: run /usr/bin/brotli --quality=11 --output=/output/cjs/react-dom.shared-subset.production.min.js.br /tmp/work/cjs/react-dom.shared-subset.production.min.js
2023/11/23 19:05:40 br /tmp/work/cjs/react-dom.shared-subset.production.min.js -> /output/cjs/react-dom.shared-subset.production.min.js.br
2023/11/23 19:05:40 gz /tmp/work/cjs/react-dom.shared-subset.production.min.js -> /output/cjs/react-dom.shared-subset.production.min.js.gz
2023/11/23 19:05:40 algorithm: run /usr/bin/brotli --quality=11 --output=/output/cjs/react-dom.shared-subset.production.min.js.map.br /tmp/work/cjs/react-dom.shared-subset.production.min.js.map
2023/11/23 19:05:40 br /tmp/work/cjs/react-dom.shared-subset.production.min.js.map -> /output/cjs/react-dom.shared-subset.production.min.js.map.br
2023/11/23 19:05:40 gz /tmp/work/cjs/react-dom.shared-subset.production.min.js.map -> /output/cjs/react-dom.shared-subset.production.min.js.map.gz
2023/11/23 19:05:40 compress: run /node_modules/uglify-js/bin/uglifyjs --mangle --compress if_return=true -o /tmp/work/umd/react-dom-server-legacy.browser.development.min.js /tmp/work/umd/react-dom-server-legacy.browser.development.js
2023/11/23 19:05:40 br /tmp/work/cjs/react-dom.production.min.js.map -> /output/cjs/react-dom.production.min.js.map.br
2023/11/23 19:05:40 gz /tmp/work/cjs/react-dom.production.min.js.map -> /output/cjs/react-dom.production.min.js.map.gz
2023/11/23 19:05:40 /tmp/work/umd/react-dom-server-legacy.browser.production.min.js is already compressed
2023/11/23 19:05:40 sri /tmp/work/umd/react-dom-server-legacy.browser.production.min.js -> /output/umd/react-dom-server-legacy.browser.production.min.js.sri
2023/11/23 19:05:40 algorithm: run /usr/bin/brotli --quality=11 --output=/output/umd/react-dom-server-legacy.browser.production.min.js.br /tmp/work/umd/react-dom-server-legacy.browser.production.min.js
2023/11/23 19:05:40 sri /tmp/work/cjs/react-dom.shared-subset.development.min.js -> /output/cjs/react-dom.shared-subset.development.min.js.sri
2023/11/23 19:05:40 algorithm: run /usr/bin/brotli --quality=11 --output=/output/cjs/react-dom.shared-subset.development.min.js.br /tmp/work/cjs/react-dom.shared-subset.development.min.js
2023/11/23 19:05:40 br /tmp/work/cjs/react-dom.shared-subset.development.min.js -> /output/cjs/react-dom.shared-subset.development.min.js.br
2023/11/23 19:05:40 gz /tmp/work/cjs/react-dom.shared-subset.development.min.js -> /output/cjs/react-dom.shared-subset.development.min.js.gz
2023/11/23 19:05:40 sri /tmp/work/cjs/react-dom.shared-subset.development.js -> /output/cjs/react-dom.shared-subset.development.js.sri
2023/11/23 19:05:40 algorithm: run /usr/bin/brotli --quality=11 --output=/output/cjs/react-dom.shared-subset.development.js.br /tmp/work/cjs/react-dom.shared-subset.development.js
2023/11/23 19:05:40 br /tmp/work/cjs/react-dom.shared-subset.development.js -> /output/cjs/react-dom.shared-subset.development.js.br
2023/11/23 19:05:40 gz /tmp/work/cjs/react-dom.shared-subset.development.js -> /output/cjs/react-dom.shared-subset.development.js.gz
2023/11/23 19:05:40 compress: run /node_modules/uglify-js/bin/uglifyjs --mangle --compress if_return=true -o /tmp/work/umd/react-dom-server-rendering-stub.development.min.js /tmp/work/umd/react-dom-server-rendering-stub.development.js
2023/11/23 19:05:40 br /tmp/work/umd/react-dom-server-legacy.browser.production.min.js -> /output/umd/react-dom-server-legacy.browser.production.min.js.br
2023/11/23 19:05:40 gz /tmp/work/umd/react-dom-server-legacy.browser.production.min.js -> /output/umd/react-dom-server-legacy.browser.production.min.js.gz
2023/11/23 19:05:40 /tmp/work/umd/react-dom-server-rendering-stub.production.min.js is already compressed
2023/11/23 19:05:40 sri /tmp/work/umd/react-dom-server-rendering-stub.production.min.js -> /output/umd/react-dom-server-rendering-stub.production.min.js.sri
2023/11/23 19:05:40 algorithm: run /usr/bin/brotli --quality=11 --output=/output/umd/react-dom-server-rendering-stub.production.min.js.br /tmp/work/umd/react-dom-server-rendering-stub.production.min.js
2023/11/23 19:05:40 br /tmp/work/umd/react-dom-server-rendering-stub.production.min.js -> /output/umd/react-dom-server-rendering-stub.production.min.js.br
2023/11/23 19:05:40 gz /tmp/work/umd/react-dom-server-rendering-stub.production.min.js -> /output/umd/react-dom-server-rendering-stub.production.min.js.gz
2023/11/23 19:05:40 compress: run /node_modules/uglify-js/bin/uglifyjs --mangle --compress if_return=true -o /tmp/work/umd/react-dom-server.browser.development.min.js /tmp/work/umd/react-dom-server.browser.development.js
2023/11/23 19:05:41 br /tmp/work/cjs/react-dom-server.node.development.js -> /output/cjs/react-dom-server.node.development.js.br
2023/11/23 19:05:41 sri /tmp/work/umd/react-dom-server-rendering-stub.development.min.js -> /output/umd/react-dom-server-rendering-stub.development.min.js.sri
2023/11/23 19:05:41 algorithm: run /usr/bin/brotli --quality=11 --output=/output/umd/react-dom-server-rendering-stub.development.min.js.br /tmp/work/umd/react-dom-server-rendering-stub.development.min.js
2023/11/23 19:05:41 br /tmp/work/cjs/react-dom-server.edge.development.js -> /output/cjs/react-dom-server.edge.development.js.br
2023/11/23 19:05:41 br /tmp/work/umd/react-dom-server-rendering-stub.development.min.js -> /output/umd/react-dom-server-rendering-stub.development.min.js.br
2023/11/23 19:05:41 gz /tmp/work/umd/react-dom-server-rendering-stub.development.min.js -> /output/umd/react-dom-server-rendering-stub.development.min.js.gz
2023/11/23 19:05:41 sri /tmp/work/umd/react-dom-server-rendering-stub.development.js -> /output/umd/react-dom-server-rendering-stub.development.js.sri
2023/11/23 19:05:41 algorithm: run /usr/bin/brotli --quality=11 --output=/output/umd/react-dom-server-rendering-stub.development.js.br /tmp/work/umd/react-dom-server-rendering-stub.development.js
2023/11/23 19:05:41 gz /tmp/work/cjs/react-dom-server.node.development.js -> /output/cjs/react-dom-server.node.development.js.gz
2023/11/23 19:05:41 /tmp/work/umd/react-dom-server.browser.production.min.js is already compressed
2023/11/23 19:05:41 sri /tmp/work/umd/react-dom-server.browser.production.min.js -> /output/umd/react-dom-server.browser.production.min.js.sri
2023/11/23 19:05:41 algorithm: run /usr/bin/brotli --quality=11 --output=/output/umd/react-dom-server.browser.production.min.js.br /tmp/work/umd/react-dom-server.browser.production.min.js
2023/11/23 19:05:41 gz /tmp/work/cjs/react-dom-server.edge.development.js -> /output/cjs/react-dom-server.edge.development.js.gz
2023/11/23 19:05:41 compress: run /node_modules/uglify-js/bin/uglifyjs --mangle --compress if_return=true -o /tmp/work/umd/react-dom-test-utils.development.min.js /tmp/work/umd/react-dom-test-utils.development.js
2023/11/23 19:05:41 br /tmp/work/umd/react-dom-server-rendering-stub.development.js -> /output/umd/react-dom-server-rendering-stub.development.js.br
2023/11/23 19:05:41 gz /tmp/work/umd/react-dom-server-rendering-stub.development.js -> /output/umd/react-dom-server-rendering-stub.development.js.gz
2023/11/23 19:05:41 /tmp/work/umd/react-dom-test-utils.production.min.js is already compressed
2023/11/23 19:05:41 sri /tmp/work/umd/react-dom-test-utils.production.min.js -> /output/umd/react-dom-test-utils.production.min.js.sri
2023/11/23 19:05:41 algorithm: run /usr/bin/brotli --quality=11 --output=/output/umd/react-dom-test-utils.production.min.js.br /tmp/work/umd/react-dom-test-utils.production.min.js
2023/11/23 19:05:41 br /tmp/work/umd/react-dom-test-utils.production.min.js -> /output/umd/react-dom-test-utils.production.min.js.br
2023/11/23 19:05:41 gz /tmp/work/umd/react-dom-test-utils.production.min.js -> /output/umd/react-dom-test-utils.production.min.js.gz
2023/11/23 19:05:41 compress: run /node_modules/uglify-js/bin/uglifyjs --mangle --compress if_return=true -o /tmp/work/umd/react-dom.development.min.js /tmp/work/umd/react-dom.development.js
2023/11/23 19:05:41 br /tmp/work/umd/react-dom-server.browser.production.min.js -> /output/umd/react-dom-server.browser.production.min.js.br
2023/11/23 19:05:41 gz /tmp/work/umd/react-dom-server.browser.production.min.js -> /output/umd/react-dom-server.browser.production.min.js.gz
2023/11/23 19:05:41 /tmp/work/umd/react-dom.production.min.js is already compressed
2023/11/23 19:05:41 sri /tmp/work/umd/react-dom.production.min.js -> /output/umd/react-dom.production.min.js.sri
2023/11/23 19:05:41 algorithm: run /usr/bin/brotli --quality=11 --output=/output/umd/react-dom.production.min.js.br /tmp/work/umd/react-dom.production.min.js
2023/11/23 19:05:41 br /tmp/work/cjs/react-dom.profiling.min.js.map -> /output/cjs/react-dom.profiling.min.js.map.br
2023/11/23 19:05:41 br /tmp/work/cjs/react-dom.profiling.js -> /output/cjs/react-dom.profiling.js.br
2023/11/23 19:05:41 gz /tmp/work/cjs/react-dom.profiling.min.js.map -> /output/cjs/react-dom.profiling.min.js.map.gz
2023/11/23 19:05:41 /tmp/work/umd/react-dom.profiling.min.js is already compressed
2023/11/23 19:05:41 sri /tmp/work/umd/react-dom.profiling.min.js -> /output/umd/react-dom.profiling.min.js.sri
2023/11/23 19:05:41 algorithm: run /usr/bin/brotli --quality=11 --output=/output/umd/react-dom.profiling.min.js.br /tmp/work/umd/react-dom.profiling.min.js
2023/11/23 19:05:42 gz /tmp/work/cjs/react-dom.profiling.js -> /output/cjs/react-dom.profiling.js.gz
2023/11/23 19:05:42 br /tmp/work/umd/react-dom.production.min.js -> /output/umd/react-dom.production.min.js.br
2023/11/23 19:05:42 gz /tmp/work/umd/react-dom.production.min.js -> /output/umd/react-dom.production.min.js.gz
2023/11/23 19:05:42 sri /tmp/work/umd/react-dom-test-utils.development.min.js -> /output/umd/react-dom-test-utils.development.min.js.sri
2023/11/23 19:05:42 algorithm: run /usr/bin/brotli --quality=11 --output=/output/umd/react-dom-test-utils.development.min.js.br /tmp/work/umd/react-dom-test-utils.development.min.js
2023/11/23 19:05:42 br /tmp/work/umd/react-dom.profiling.min.js -> /output/umd/react-dom.profiling.min.js.br
2023/11/23 19:05:42 br /tmp/work/umd/react-dom-test-utils.development.min.js -> /output/umd/react-dom-test-utils.development.min.js.br
2023/11/23 19:05:42 gz /tmp/work/umd/react-dom-test-utils.development.min.js -> /output/umd/react-dom-test-utils.development.min.js.gz
2023/11/23 19:05:42 sri /tmp/work/umd/react-dom-test-utils.development.js -> /output/umd/react-dom-test-utils.development.js.sri
2023/11/23 19:05:42 algorithm: run /usr/bin/brotli --quality=11 --output=/output/umd/react-dom-test-utils.development.js.br /tmp/work/umd/react-dom-test-utils.development.js
2023/11/23 19:05:42 gz /tmp/work/umd/react-dom.profiling.min.js -> /output/umd/react-dom.profiling.min.js.gz
2023/11/23 19:05:42 br /tmp/work/umd/react-dom-test-utils.development.js -> /output/umd/react-dom-test-utils.development.js.br
2023/11/23 19:05:42 gz /tmp/work/umd/react-dom-test-utils.development.js -> /output/umd/react-dom-test-utils.development.js.gz
2023/11/23 19:05:45 sri /tmp/work/umd/react-dom-server-legacy.browser.development.min.js -> /output/umd/react-dom-server-legacy.browser.development.min.js.sri
2023/11/23 19:05:45 algorithm: run /usr/bin/brotli --quality=11 --output=/output/umd/react-dom-server-legacy.browser.development.min.js.br /tmp/work/umd/react-dom-server-legacy.browser.development.min.js
2023/11/23 19:05:46 br /tmp/work/umd/react-dom-server-legacy.browser.development.min.js -> /output/umd/react-dom-server-legacy.browser.development.min.js.br
2023/11/23 19:05:46 gz /tmp/work/umd/react-dom-server-legacy.browser.development.min.js -> /output/umd/react-dom-server-legacy.browser.development.min.js.gz
2023/11/23 19:05:46 sri /tmp/work/umd/react-dom-server-legacy.browser.development.js -> /output/umd/react-dom-server-legacy.browser.development.js.sri
2023/11/23 19:05:46 algorithm: run /usr/bin/brotli --quality=11 --output=/output/umd/react-dom-server-legacy.browser.development.js.br /tmp/work/umd/react-dom-server-legacy.browser.development.js
2023/11/23 19:05:46 sri /tmp/work/umd/react-dom-server.browser.development.min.js -> /output/umd/react-dom-server.browser.development.min.js.sri
2023/11/23 19:05:46 algorithm: run /usr/bin/brotli --quality=11 --output=/output/umd/react-dom-server.browser.development.min.js.br /tmp/work/umd/react-dom-server.browser.development.min.js
2023/11/23 19:05:46 br /tmp/work/umd/react-dom-server.browser.development.min.js -> /output/umd/react-dom-server.browser.development.min.js.br
2023/11/23 19:05:46 gz /tmp/work/umd/react-dom-server.browser.development.min.js -> /output/umd/react-dom-server.browser.development.min.js.gz
2023/11/23 19:05:46 sri /tmp/work/umd/react-dom-server.browser.development.js -> /output/umd/react-dom-server.browser.development.js.sri
2023/11/23 19:05:46 algorithm: run /usr/bin/brotli --quality=11 --output=/output/umd/react-dom-server.browser.development.js.br /tmp/work/umd/react-dom-server.browser.development.js
2023/11/23 19:05:47 br /tmp/work/umd/react-dom-server-legacy.browser.development.js -> /output/umd/react-dom-server-legacy.browser.development.js.br
2023/11/23 19:05:47 gz /tmp/work/umd/react-dom-server-legacy.browser.development.js -> /output/umd/react-dom-server-legacy.browser.development.js.gz
2023/11/23 19:05:47 br /tmp/work/umd/react-dom-server.browser.development.js -> /output/umd/react-dom-server.browser.development.js.br
2023/11/23 19:05:47 gz /tmp/work/umd/react-dom-server.browser.development.js -> /output/umd/react-dom-server.browser.development.js.gz
2023/11/23 19:05:47 sri /tmp/work/cjs/react-dom.development.min.js -> /output/cjs/react-dom.development.min.js.sri
2023/11/23 19:05:47 algorithm: run /usr/bin/brotli --quality=11 --output=/output/cjs/react-dom.development.min.js.br /tmp/work/cjs/react-dom.development.min.js
2023/11/23 19:05:48 br /tmp/work/cjs/react-dom.development.min.js -> /output/cjs/react-dom.development.min.js.br
2023/11/23 19:05:48 gz /tmp/work/cjs/react-dom.development.min.js -> /output/cjs/react-dom.development.min.js.gz
2023/11/23 19:05:48 sri /tmp/work/cjs/react-dom.development.js -> /output/cjs/react-dom.development.js.sri
2023/11/23 19:05:48 algorithm: run /usr/bin/brotli --quality=11 --output=/output/cjs/react-dom.development.js.br /tmp/work/cjs/react-dom.development.js
2023/11/23 19:05:50 sri /tmp/work/umd/react-dom.development.min.js -> /output/umd/react-dom.development.min.js.sri
2023/11/23 19:05:50 algorithm: run /usr/bin/brotli --quality=11 --output=/output/umd/react-dom.development.min.js.br /tmp/work/umd/react-dom.development.min.js
2023/11/23 19:05:50 br /tmp/work/cjs/react-dom.development.js -> /output/cjs/react-dom.development.js.br
2023/11/23 19:05:51 gz /tmp/work/cjs/react-dom.development.js -> /output/cjs/react-dom.development.js.gz
2023/11/23 19:05:51 br /tmp/work/umd/react-dom.development.min.js -> /output/umd/react-dom.development.min.js.br
2023/11/23 19:05:51 gz /tmp/work/umd/react-dom.development.min.js -> /output/umd/react-dom.development.min.js.gz
2023/11/23 19:05:51 sri /tmp/work/umd/react-dom.development.js -> /output/umd/react-dom.development.js.sri
2023/11/23 19:05:51 algorithm: run /usr/bin/brotli --quality=11 --output=/output/umd/react-dom.development.js.br /tmp/work/umd/react-dom.development.js
2023/11/23 19:05:53 br /tmp/work/umd/react-dom.development.js -> /output/umd/react-dom.development.js.br
2023/11/23 19:05:53 gz /tmp/work/umd/react-dom.development.js -> /output/umd/react-dom.development.js.gz
2023/11/23 19:05:53 processed react-dom
