config: {"authors":[{"name":"Çağatay Çivici"}],"autoupdate":{"source":"npm","target":"primeng","fileMap":[{"basePath":"","files":["bundles/*.+(js|map)","esm2015/**/*","fesm2015/*.+(js|map)","fesm5/*.+(js|map)","resources/**/!(*.scss)"]}]},"description":"PrimeNG is a collection of rich UI components for Angular 2","filename":"esm2015/primeng.js","homepage":"http://www.primefaces.org/primeng/","keywords":["angular","ui","components","datatable","datagrid","charts","typescript"],"license":"MIT","name":"primeng","repository":{"type":"git","url":"https://github.com/primefaces/primeng.git"},"author":"Çağatay Çivici"}
KV keys:
- primeng/17.8.0/resources/components/accordion/accordion.css.br
- primeng/17.8.0/resources/components/accordion/accordion.css.gz
- primeng/17.8.0/resources/components/accordion/accordion.min.css.br
- primeng/17.8.0/resources/components/accordion/accordion.min.css.gz
- primeng/17.8.0/resources/components/autocomplete/autocomplete.css.br
- primeng/17.8.0/resources/components/autocomplete/autocomplete.css.gz
- primeng/17.8.0/resources/components/autocomplete/autocomplete.min.css.br
- primeng/17.8.0/resources/components/autocomplete/autocomplete.min.css.gz
- primeng/17.8.0/resources/components/avatar/avatar.css.br
- primeng/17.8.0/resources/components/avatar/avatar.css.gz
- primeng/17.8.0/resources/components/avatar/avatar.min.css.br
- primeng/17.8.0/resources/components/avatar/avatar.min.css.gz
- primeng/17.8.0/resources/components/avatargroup/avatargroup.css.br
- primeng/17.8.0/resources/components/avatargroup/avatargroup.css.gz
- primeng/17.8.0/resources/components/avatargroup/avatargroup.min.css.br
- primeng/17.8.0/resources/components/avatargroup/avatargroup.min.css.gz
- primeng/17.8.0/resources/components/badge/badge.css.br
- primeng/17.8.0/resources/components/badge/badge.css.gz
- primeng/17.8.0/resources/components/badge/badge.min.css.br
- primeng/17.8.0/resources/components/badge/badge.min.css.gz
- primeng/17.8.0/resources/components/blockui/blockui.css.br
- primeng/17.8.0/resources/components/blockui/blockui.css.gz
- primeng/17.8.0/resources/components/blockui/blockui.min.css.br
- primeng/17.8.0/resources/components/blockui/blockui.min.css.gz
- primeng/17.8.0/resources/components/breadcrumb/breadcrumb.css.br
- primeng/17.8.0/resources/components/breadcrumb/breadcrumb.css.gz
- primeng/17.8.0/resources/components/breadcrumb/breadcrumb.min.css.br
- primeng/17.8.0/resources/components/breadcrumb/breadcrumb.min.css.gz
- primeng/17.8.0/resources/components/button/button.css.br
- primeng/17.8.0/resources/components/button/button.css.gz
- primeng/17.8.0/resources/components/button/button.min.css.br
- primeng/17.8.0/resources/components/button/button.min.css.gz
- primeng/17.8.0/resources/components/calendar/calendar.css.br
- primeng/17.8.0/resources/components/calendar/calendar.css.gz
- primeng/17.8.0/resources/components/calendar/calendar.min.css.br
- primeng/17.8.0/resources/components/calendar/calendar.min.css.gz
- primeng/17.8.0/resources/components/card/card.css.br
- primeng/17.8.0/resources/components/card/card.css.gz
- primeng/17.8.0/resources/components/card/card.min.css.br
- primeng/17.8.0/resources/components/card/card.min.css.gz
- primeng/17.8.0/resources/components/carousel/carousel.css.br
- primeng/17.8.0/resources/components/carousel/carousel.css.gz
- primeng/17.8.0/resources/components/carousel/carousel.min.css.br
- primeng/17.8.0/resources/components/carousel/carousel.min.css.gz
- primeng/17.8.0/resources/components/cascadeselect/cascadeselect.css.br
- primeng/17.8.0/resources/components/cascadeselect/cascadeselect.css.gz
- primeng/17.8.0/resources/components/cascadeselect/cascadeselect.min.css.br
- primeng/17.8.0/resources/components/cascadeselect/cascadeselect.min.css.gz
- primeng/17.8.0/resources/components/checkbox/checkbox.css.br
- primeng/17.8.0/resources/components/checkbox/checkbox.css.gz
- primeng/17.8.0/resources/components/checkbox/checkbox.min.css.br
- primeng/17.8.0/resources/components/checkbox/checkbox.min.css.gz
- primeng/17.8.0/resources/components/chip/chip.css.br
- primeng/17.8.0/resources/components/chip/chip.css.gz
- primeng/17.8.0/resources/components/chip/chip.min.css.br
- primeng/17.8.0/resources/components/chip/chip.min.css.gz
- primeng/17.8.0/resources/components/chips/chips.css.br
- primeng/17.8.0/resources/components/chips/chips.css.gz
- primeng/17.8.0/resources/components/chips/chips.min.css.br
- primeng/17.8.0/resources/components/chips/chips.min.css.gz
- primeng/17.8.0/resources/components/colorpicker/colorpicker-images.css.br
- primeng/17.8.0/resources/components/colorpicker/colorpicker-images.css.gz
- primeng/17.8.0/resources/components/colorpicker/colorpicker-images.min.css.br
- primeng/17.8.0/resources/components/colorpicker/colorpicker-images.min.css.gz
- primeng/17.8.0/resources/components/colorpicker/colorpicker.css.br
- primeng/17.8.0/resources/components/colorpicker/colorpicker.css.gz
- primeng/17.8.0/resources/components/colorpicker/colorpicker.min.css.br
- primeng/17.8.0/resources/components/colorpicker/colorpicker.min.css.gz
- primeng/17.8.0/resources/components/colorpicker/images/color.png.br
- primeng/17.8.0/resources/components/colorpicker/images/color.png.gz
- primeng/17.8.0/resources/components/colorpicker/images/hue.png.br
- primeng/17.8.0/resources/components/colorpicker/images/hue.png.gz
- primeng/17.8.0/resources/components/common/common.css.br
- primeng/17.8.0/resources/components/common/common.css.gz
- primeng/17.8.0/resources/components/common/common.min.css.br
- primeng/17.8.0/resources/components/common/common.min.css.gz
- primeng/17.8.0/resources/components/confirmpopup/confirmpopup.css.br
- primeng/17.8.0/resources/components/confirmpopup/confirmpopup.css.gz
- primeng/17.8.0/resources/components/confirmpopup/confirmpopup.min.css.br
- primeng/17.8.0/resources/components/confirmpopup/confirmpopup.min.css.gz
- primeng/17.8.0/resources/components/contextmenu/contextmenu.css.br
- primeng/17.8.0/resources/components/contextmenu/contextmenu.css.gz
- primeng/17.8.0/resources/components/contextmenu/contextmenu.min.css.br
- primeng/17.8.0/resources/components/contextmenu/contextmenu.min.css.gz
- primeng/17.8.0/resources/components/dataview/dataview.css.br
- primeng/17.8.0/resources/components/dataview/dataview.css.gz
- primeng/17.8.0/resources/components/dataview/dataview.min.css.br
- primeng/17.8.0/resources/components/dataview/dataview.min.css.gz
- primeng/17.8.0/resources/components/dialog/dialog.css.br
- primeng/17.8.0/resources/components/dialog/dialog.css.gz
- primeng/17.8.0/resources/components/dialog/dialog.min.css.br
- primeng/17.8.0/resources/components/dialog/dialog.min.css.gz
- primeng/17.8.0/resources/components/divider/divider.css.br
- primeng/17.8.0/resources/components/divider/divider.css.gz
- primeng/17.8.0/resources/components/divider/divider.min.css.br
- primeng/17.8.0/resources/components/divider/divider.min.css.gz
- primeng/17.8.0/resources/components/dock/dock.css.br
- primeng/17.8.0/resources/components/dock/dock.css.gz
- primeng/17.8.0/resources/components/dock/dock.min.css.br
- primeng/17.8.0/resources/components/dock/dock.min.css.gz
- primeng/17.8.0/resources/components/dropdown/dropdown.css.br
- primeng/17.8.0/resources/components/dropdown/dropdown.css.gz
- primeng/17.8.0/resources/components/dropdown/dropdown.min.css.br
- primeng/17.8.0/resources/components/dropdown/dropdown.min.css.gz
- primeng/17.8.0/resources/components/editor/editor.css.br
- primeng/17.8.0/resources/components/editor/editor.css.gz
- primeng/17.8.0/resources/components/editor/editor.min.css.br
- primeng/17.8.0/resources/components/editor/editor.min.css.gz
- primeng/17.8.0/resources/components/fieldset/fieldset.css.br
- primeng/17.8.0/resources/components/fieldset/fieldset.css.gz
- primeng/17.8.0/resources/components/fieldset/fieldset.min.css.br
- primeng/17.8.0/resources/components/fieldset/fieldset.min.css.gz
- primeng/17.8.0/resources/components/fileupload/fileupload.css.br
- primeng/17.8.0/resources/components/fileupload/fileupload.css.gz
- primeng/17.8.0/resources/components/fileupload/fileupload.min.css.br
- primeng/17.8.0/resources/components/fileupload/fileupload.min.css.gz
- primeng/17.8.0/resources/components/galleria/galleria.css.br
- primeng/17.8.0/resources/components/galleria/galleria.css.gz
- primeng/17.8.0/resources/components/galleria/galleria.min.css.br
- primeng/17.8.0/resources/components/galleria/galleria.min.css.gz
- primeng/17.8.0/resources/components/image/image.css.br
- primeng/17.8.0/resources/components/image/image.css.gz
- primeng/17.8.0/resources/components/image/image.min.css.br
- primeng/17.8.0/resources/components/image/image.min.css.gz
- primeng/17.8.0/resources/components/inplace/inplace.css.br
- primeng/17.8.0/resources/components/inplace/inplace.css.gz
- primeng/17.8.0/resources/components/inplace/inplace.min.css.br
- primeng/17.8.0/resources/components/inplace/inplace.min.css.gz
- primeng/17.8.0/resources/components/inputmask/inputmask.css.br
- primeng/17.8.0/resources/components/inputmask/inputmask.css.gz
- primeng/17.8.0/resources/components/inputmask/inputmask.min.css.br
- primeng/17.8.0/resources/components/inputmask/inputmask.min.css.gz
- primeng/17.8.0/resources/components/inputnumber/inputnumber.css.br
- primeng/17.8.0/resources/components/inputnumber/inputnumber.css.gz
- primeng/17.8.0/resources/components/inputnumber/inputnumber.min.css.br
- primeng/17.8.0/resources/components/inputnumber/inputnumber.min.css.gz
- primeng/17.8.0/resources/components/inputswitch/inputswitch.css.br
- primeng/17.8.0/resources/components/inputswitch/inputswitch.css.gz
- primeng/17.8.0/resources/components/inputswitch/inputswitch.min.css.br
- primeng/17.8.0/resources/components/inputswitch/inputswitch.min.css.gz
- primeng/17.8.0/resources/components/inputtext/inputtext.css.br
- primeng/17.8.0/resources/components/inputtext/inputtext.css.gz
- primeng/17.8.0/resources/components/inputtext/inputtext.min.css.br
- primeng/17.8.0/resources/components/inputtext/inputtext.min.css.gz
- primeng/17.8.0/resources/components/inputtextarea/inputtextarea.css.br
- primeng/17.8.0/resources/components/inputtextarea/inputtextarea.css.gz
- primeng/17.8.0/resources/components/inputtextarea/inputtextarea.min.css.br
- primeng/17.8.0/resources/components/inputtextarea/inputtextarea.min.css.gz
- primeng/17.8.0/resources/components/knob/knob.css.br
- primeng/17.8.0/resources/components/knob/knob.css.gz
- primeng/17.8.0/resources/components/knob/knob.min.css.br
- primeng/17.8.0/resources/components/knob/knob.min.css.gz
- primeng/17.8.0/resources/components/listbox/listbox.css.br
- primeng/17.8.0/resources/components/listbox/listbox.css.gz
- primeng/17.8.0/resources/components/listbox/listbox.min.css.br
- primeng/17.8.0/resources/components/listbox/listbox.min.css.gz
- primeng/17.8.0/resources/components/megamenu/megamenu.css.br
- primeng/17.8.0/resources/components/megamenu/megamenu.css.gz
- primeng/17.8.0/resources/components/megamenu/megamenu.min.css.br
- primeng/17.8.0/resources/components/megamenu/megamenu.min.css.gz
- primeng/17.8.0/resources/components/menu/menu.css.br
- primeng/17.8.0/resources/components/menu/menu.css.gz
- primeng/17.8.0/resources/components/menu/menu.min.css.br
- primeng/17.8.0/resources/components/menu/menu.min.css.gz
- primeng/17.8.0/resources/components/menubar/menubar.css.br
- primeng/17.8.0/resources/components/menubar/menubar.css.gz
- primeng/17.8.0/resources/components/menubar/menubar.min.css.br
- primeng/17.8.0/resources/components/menubar/menubar.min.css.gz
- primeng/17.8.0/resources/components/message/message.css.br
- primeng/17.8.0/resources/components/message/message.css.gz
- primeng/17.8.0/resources/components/message/message.min.css.br
- primeng/17.8.0/resources/components/message/message.min.css.gz
- primeng/17.8.0/resources/components/messages/messages.css.br
- primeng/17.8.0/resources/components/messages/messages.css.gz
- primeng/17.8.0/resources/components/messages/messages.min.css.br
- primeng/17.8.0/resources/components/messages/messages.min.css.gz
- primeng/17.8.0/resources/components/multiselect/multiselect.css.br
- primeng/17.8.0/resources/components/multiselect/multiselect.css.gz
- primeng/17.8.0/resources/components/multiselect/multiselect.min.css.br
- primeng/17.8.0/resources/components/multiselect/multiselect.min.css.gz
- primeng/17.8.0/resources/components/orderlist/orderlist.css.br
- primeng/17.8.0/resources/components/orderlist/orderlist.css.gz
- primeng/17.8.0/resources/components/orderlist/orderlist.min.css.br
- primeng/17.8.0/resources/components/orderlist/orderlist.min.css.gz
- primeng/17.8.0/resources/components/organizationchart/organizationchart.css.br
- primeng/17.8.0/resources/components/organizationchart/organizationchart.css.gz
- primeng/17.8.0/resources/components/organizationchart/organizationchart.min.css.br
- primeng/17.8.0/resources/components/organizationchart/organizationchart.min.css.gz
- primeng/17.8.0/resources/components/overlay/overlay.css.br
- primeng/17.8.0/resources/components/overlay/overlay.css.gz
- primeng/17.8.0/resources/components/overlay/overlay.min.css.br
- primeng/17.8.0/resources/components/overlay/overlay.min.css.gz
- primeng/17.8.0/resources/components/overlaypanel/overlaypanel.css.br
- primeng/17.8.0/resources/components/overlaypanel/overlaypanel.css.gz
- primeng/17.8.0/resources/components/overlaypanel/overlaypanel.min.css.br
- primeng/17.8.0/resources/components/overlaypanel/overlaypanel.min.css.gz
- primeng/17.8.0/resources/components/paginator/paginator.css.br
- primeng/17.8.0/resources/components/paginator/paginator.css.gz
- primeng/17.8.0/resources/components/paginator/paginator.min.css.br
- primeng/17.8.0/resources/components/paginator/paginator.min.css.gz
- primeng/17.8.0/resources/components/panel/panel.css.br
- primeng/17.8.0/resources/components/panel/panel.css.gz
- primeng/17.8.0/resources/components/panel/panel.min.css.br
- primeng/17.8.0/resources/components/panel/panel.min.css.gz
- primeng/17.8.0/resources/components/panelmenu/panelmenu.css.br
- primeng/17.8.0/resources/components/panelmenu/panelmenu.css.gz
- primeng/17.8.0/resources/components/panelmenu/panelmenu.min.css.br
- primeng/17.8.0/resources/components/panelmenu/panelmenu.min.css.gz
- primeng/17.8.0/resources/components/password/images/password-meter.png.br
- primeng/17.8.0/resources/components/password/images/password-meter.png.gz
- primeng/17.8.0/resources/components/password/password.css.br
- primeng/17.8.0/resources/components/password/password.css.gz
- primeng/17.8.0/resources/components/password/password.min.css.br
- primeng/17.8.0/resources/components/password/password.min.css.gz
- primeng/17.8.0/resources/components/picklist/picklist.css.br
- primeng/17.8.0/resources/components/picklist/picklist.css.gz
- primeng/17.8.0/resources/components/picklist/picklist.min.css.br
- primeng/17.8.0/resources/components/picklist/picklist.min.css.gz
- primeng/17.8.0/resources/components/progressbar/progressbar.css.br
- primeng/17.8.0/resources/components/progressbar/progressbar.css.gz
- primeng/17.8.0/resources/components/progressbar/progressbar.min.css.br
- primeng/17.8.0/resources/components/progressbar/progressbar.min.css.gz
- primeng/17.8.0/resources/components/progressspinner/progressspinner.css.br
- primeng/17.8.0/resources/components/progressspinner/progressspinner.css.gz
- primeng/17.8.0/resources/components/progressspinner/progressspinner.min.css.br
- primeng/17.8.0/resources/components/progressspinner/progressspinner.min.css.gz
- primeng/17.8.0/resources/components/radiobutton/radiobutton.css.br
- primeng/17.8.0/resources/components/radiobutton/radiobutton.css.gz
- primeng/17.8.0/resources/components/radiobutton/radiobutton.min.css.br
- primeng/17.8.0/resources/components/radiobutton/radiobutton.min.css.gz
- primeng/17.8.0/resources/components/rating/rating.css.br
- primeng/17.8.0/resources/components/rating/rating.css.gz
- primeng/17.8.0/resources/components/rating/rating.min.css.br
- primeng/17.8.0/resources/components/rating/rating.min.css.gz
- primeng/17.8.0/resources/components/ripple/ripple.css.br
- primeng/17.8.0/resources/components/ripple/ripple.css.gz
- primeng/17.8.0/resources/components/ripple/ripple.min.css.br
- primeng/17.8.0/resources/components/ripple/ripple.min.css.gz
- primeng/17.8.0/resources/components/scroller/scroller.css.br
- primeng/17.8.0/resources/components/scroller/scroller.css.gz
- primeng/17.8.0/resources/components/scroller/scroller.min.css.br
- primeng/17.8.0/resources/components/scroller/scroller.min.css.gz
- primeng/17.8.0/resources/components/scrollpanel/scrollpanel.css.br
- primeng/17.8.0/resources/components/scrollpanel/scrollpanel.css.gz
- primeng/17.8.0/resources/components/scrollpanel/scrollpanel.min.css.br
- primeng/17.8.0/resources/components/scrollpanel/scrollpanel.min.css.gz
- primeng/17.8.0/resources/components/scrolltop/scrolltop.css.br
- primeng/17.8.0/resources/components/scrolltop/scrolltop.css.gz
- primeng/17.8.0/resources/components/scrolltop/scrolltop.min.css.br
- primeng/17.8.0/resources/components/scrolltop/scrolltop.min.css.gz
- primeng/17.8.0/resources/components/sidebar/sidebar.css.br
- primeng/17.8.0/resources/components/sidebar/sidebar.css.gz
- primeng/17.8.0/resources/components/sidebar/sidebar.min.css.br
- primeng/17.8.0/resources/components/sidebar/sidebar.min.css.gz
- primeng/17.8.0/resources/components/skeleton/skeleton.css.br
- primeng/17.8.0/resources/components/skeleton/skeleton.css.gz
- primeng/17.8.0/resources/components/skeleton/skeleton.min.css.br
- primeng/17.8.0/resources/components/skeleton/skeleton.min.css.gz
- primeng/17.8.0/resources/components/slidemenu/slidemenu.css.br
- primeng/17.8.0/resources/components/slidemenu/slidemenu.css.gz
- primeng/17.8.0/resources/components/slidemenu/slidemenu.min.css.br
- primeng/17.8.0/resources/components/slidemenu/slidemenu.min.css.gz
- primeng/17.8.0/resources/components/slider/slider.css.br
- primeng/17.8.0/resources/components/slider/slider.css.gz
- primeng/17.8.0/resources/components/slider/slider.min.css.br
- primeng/17.8.0/resources/components/slider/slider.min.css.gz
- primeng/17.8.0/resources/components/speeddial/speeddial.css.br
- primeng/17.8.0/resources/components/speeddial/speeddial.css.gz
- primeng/17.8.0/resources/components/speeddial/speeddial.min.css.br
- primeng/17.8.0/resources/components/speeddial/speeddial.min.css.gz
- primeng/17.8.0/resources/components/spinner/spinner.css.br
- primeng/17.8.0/resources/components/spinner/spinner.css.gz
- primeng/17.8.0/resources/components/spinner/spinner.min.css.br
- primeng/17.8.0/resources/components/spinner/spinner.min.css.gz
- primeng/17.8.0/resources/components/splitbutton/splitbutton.css.br
- primeng/17.8.0/resources/components/splitbutton/splitbutton.css.gz
- primeng/17.8.0/resources/components/splitbutton/splitbutton.min.css.br
- primeng/17.8.0/resources/components/splitbutton/splitbutton.min.css.gz
- primeng/17.8.0/resources/components/splitter/splitter.css.br
- primeng/17.8.0/resources/components/splitter/splitter.css.gz
- primeng/17.8.0/resources/components/splitter/splitter.min.css.br
- primeng/17.8.0/resources/components/splitter/splitter.min.css.gz
- primeng/17.8.0/resources/components/steps/steps.css.br
- primeng/17.8.0/resources/components/steps/steps.css.gz
- primeng/17.8.0/resources/components/steps/steps.min.css.br
- primeng/17.8.0/resources/components/steps/steps.min.css.gz
- primeng/17.8.0/resources/components/table/table.css.br
- primeng/17.8.0/resources/components/table/table.css.gz
- primeng/17.8.0/resources/components/table/table.min.css.br
- primeng/17.8.0/resources/components/table/table.min.css.gz
- primeng/17.8.0/resources/components/tabmenu/tabmenu.css.br
- primeng/17.8.0/resources/components/tabmenu/tabmenu.css.gz
- primeng/17.8.0/resources/components/tabmenu/tabmenu.min.css.br
- primeng/17.8.0/resources/components/tabmenu/tabmenu.min.css.gz
- primeng/17.8.0/resources/components/tabview/tabview.css.br
- primeng/17.8.0/resources/components/tabview/tabview.css.gz
- primeng/17.8.0/resources/components/tabview/tabview.min.css.br
- primeng/17.8.0/resources/components/tabview/tabview.min.css.gz
- primeng/17.8.0/resources/components/tag/tag.css.br
- primeng/17.8.0/resources/components/tag/tag.css.gz
- primeng/17.8.0/resources/components/tag/tag.min.css.br
- primeng/17.8.0/resources/components/tag/tag.min.css.gz
- primeng/17.8.0/resources/components/terminal/terminal.css.br
- primeng/17.8.0/resources/components/terminal/terminal.css.gz
- primeng/17.8.0/resources/components/terminal/terminal.min.css.br
- primeng/17.8.0/resources/components/terminal/terminal.min.css.gz
- primeng/17.8.0/resources/components/tieredmenu/tieredmenu.css.br
- primeng/17.8.0/resources/components/tieredmenu/tieredmenu.css.gz
- primeng/17.8.0/resources/components/tieredmenu/tieredmenu.min.css.br
- primeng/17.8.0/resources/components/tieredmenu/tieredmenu.min.css.gz
- primeng/17.8.0/resources/components/timeline/timeline.css.br
- primeng/17.8.0/resources/components/timeline/timeline.css.gz
- primeng/17.8.0/resources/components/timeline/timeline.min.css.br
- primeng/17.8.0/resources/components/timeline/timeline.min.css.gz
- primeng/17.8.0/resources/components/toast/toast.css.br
- primeng/17.8.0/resources/components/toast/toast.css.gz
- primeng/17.8.0/resources/components/toast/toast.min.css.br
- primeng/17.8.0/resources/components/toast/toast.min.css.gz
- primeng/17.8.0/resources/components/toolbar/toolbar.css.br
- primeng/17.8.0/resources/components/toolbar/toolbar.css.gz
- primeng/17.8.0/resources/components/toolbar/toolbar.min.css.br
- primeng/17.8.0/resources/components/toolbar/toolbar.min.css.gz
- primeng/17.8.0/resources/components/tooltip/tooltip.css.br
- primeng/17.8.0/resources/components/tooltip/tooltip.css.gz
- primeng/17.8.0/resources/components/tooltip/tooltip.min.css.br
- primeng/17.8.0/resources/components/tooltip/tooltip.min.css.gz
- primeng/17.8.0/resources/components/tree/images/line.gif.br
- primeng/17.8.0/resources/components/tree/images/line.gif.gz
- primeng/17.8.0/resources/components/tree/tree.css.br
- primeng/17.8.0/resources/components/tree/tree.css.gz
- primeng/17.8.0/resources/components/tree/tree.min.css.br
- primeng/17.8.0/resources/components/tree/tree.min.css.gz
- primeng/17.8.0/resources/components/treeselect/treeselect.css.br
- primeng/17.8.0/resources/components/treeselect/treeselect.css.gz
- primeng/17.8.0/resources/components/treeselect/treeselect.min.css.br
- primeng/17.8.0/resources/components/treeselect/treeselect.min.css.gz
- primeng/17.8.0/resources/components/treetable/treetable.css.br
- primeng/17.8.0/resources/components/treetable/treetable.css.gz
- primeng/17.8.0/resources/components/treetable/treetable.min.css.br
- primeng/17.8.0/resources/components/treetable/treetable.min.css.gz
- primeng/17.8.0/resources/images/color.png.br
- primeng/17.8.0/resources/images/color.png.gz
- primeng/17.8.0/resources/images/hue.png.br
- primeng/17.8.0/resources/images/hue.png.gz
- primeng/17.8.0/resources/images/line.gif.br
- primeng/17.8.0/resources/images/line.gif.gz
- primeng/17.8.0/resources/images/password-meter.png.br
- primeng/17.8.0/resources/images/password-meter.png.gz
- primeng/17.8.0/resources/primeng.css.br
- primeng/17.8.0/resources/primeng.css.gz
- primeng/17.8.0/resources/primeng.min.css.br
- primeng/17.8.0/resources/primeng.min.css.gz
- primeng/17.8.0/resources/themes/arya-blue/theme.css.br
- primeng/17.8.0/resources/themes/arya-blue/theme.css.gz
- primeng/17.8.0/resources/themes/arya-blue/theme.min.css.br
- primeng/17.8.0/resources/themes/arya-blue/theme.min.css.gz
- primeng/17.8.0/resources/themes/arya-green/theme.css.br
- primeng/17.8.0/resources/themes/arya-green/theme.css.gz
- primeng/17.8.0/resources/themes/arya-green/theme.min.css.br
- primeng/17.8.0/resources/themes/arya-green/theme.min.css.gz
- primeng/17.8.0/resources/themes/arya-orange/theme.css.br
- primeng/17.8.0/resources/themes/arya-orange/theme.css.gz
- primeng/17.8.0/resources/themes/arya-orange/theme.min.css.br
- primeng/17.8.0/resources/themes/arya-orange/theme.min.css.gz
- primeng/17.8.0/resources/themes/arya-purple/theme.css.br
- primeng/17.8.0/resources/themes/arya-purple/theme.css.gz
- primeng/17.8.0/resources/themes/arya-purple/theme.min.css.br
- primeng/17.8.0/resources/themes/arya-purple/theme.min.css.gz
- primeng/17.8.0/resources/themes/bootstrap4-dark-blue/theme.css.br
- primeng/17.8.0/resources/themes/bootstrap4-dark-blue/theme.css.gz
- primeng/17.8.0/resources/themes/bootstrap4-dark-blue/theme.min.css.br
- primeng/17.8.0/resources/themes/bootstrap4-dark-blue/theme.min.css.gz
- primeng/17.8.0/resources/themes/bootstrap4-dark-purple/theme.css.br
- primeng/17.8.0/resources/themes/bootstrap4-dark-purple/theme.css.gz
- primeng/17.8.0/resources/themes/bootstrap4-dark-purple/theme.min.css.br
- primeng/17.8.0/resources/themes/bootstrap4-dark-purple/theme.min.css.gz
- primeng/17.8.0/resources/themes/bootstrap4-light-blue/theme.css.br
- primeng/17.8.0/resources/themes/bootstrap4-light-blue/theme.css.gz
- primeng/17.8.0/resources/themes/bootstrap4-light-blue/theme.min.css.br
- primeng/17.8.0/resources/themes/bootstrap4-light-blue/theme.min.css.gz
- primeng/17.8.0/resources/themes/bootstrap4-light-purple/theme.css.br
- primeng/17.8.0/resources/themes/bootstrap4-light-purple/theme.css.gz
- primeng/17.8.0/resources/themes/bootstrap4-light-purple/theme.min.css.br
- primeng/17.8.0/resources/themes/bootstrap4-light-purple/theme.min.css.gz
- primeng/17.8.0/resources/themes/fluent-light/theme.css.br
- primeng/17.8.0/resources/themes/fluent-light/theme.css.gz
- primeng/17.8.0/resources/themes/fluent-light/theme.min.css.br
- primeng/17.8.0/resources/themes/fluent-light/theme.min.css.gz
- primeng/17.8.0/resources/themes/lara-dark-amber/fonts/Inter-italic.var.woff2
- primeng/17.8.0/resources/themes/lara-dark-amber/fonts/Inter-roman.var.woff2
- primeng/17.8.0/resources/themes/lara-dark-amber/theme.css.br
- primeng/17.8.0/resources/themes/lara-dark-amber/theme.css.gz
- primeng/17.8.0/resources/themes/lara-dark-amber/theme.min.css.br
- primeng/17.8.0/resources/themes/lara-dark-amber/theme.min.css.gz
- primeng/17.8.0/resources/themes/lara-dark-blue/fonts/Inter-italic.var.woff2
- primeng/17.8.0/resources/themes/lara-dark-blue/fonts/Inter-roman.var.woff2
- primeng/17.8.0/resources/themes/lara-dark-blue/theme.css.br
- primeng/17.8.0/resources/themes/lara-dark-blue/theme.css.gz
- primeng/17.8.0/resources/themes/lara-dark-blue/theme.min.css.br
- primeng/17.8.0/resources/themes/lara-dark-blue/theme.min.css.gz
- primeng/17.8.0/resources/themes/lara-dark-cyan/fonts/Inter-italic.var.woff2
- primeng/17.8.0/resources/themes/lara-dark-cyan/fonts/Inter-roman.var.woff2
- primeng/17.8.0/resources/themes/lara-dark-cyan/theme.css.br
- primeng/17.8.0/resources/themes/lara-dark-cyan/theme.css.gz
- primeng/17.8.0/resources/themes/lara-dark-cyan/theme.min.css.br
- primeng/17.8.0/resources/themes/lara-dark-cyan/theme.min.css.gz
- primeng/17.8.0/resources/themes/lara-dark-green/fonts/Inter-italic.var.woff2
- primeng/17.8.0/resources/themes/lara-dark-green/fonts/Inter-roman.var.woff2
- primeng/17.8.0/resources/themes/lara-dark-green/theme.css.br
- primeng/17.8.0/resources/themes/lara-dark-green/theme.css.gz
- primeng/17.8.0/resources/themes/lara-dark-green/theme.min.css.br
- primeng/17.8.0/resources/themes/lara-dark-green/theme.min.css.gz
- primeng/17.8.0/resources/themes/lara-dark-indigo/fonts/Inter-italic.var.woff2
- primeng/17.8.0/resources/themes/lara-dark-indigo/fonts/Inter-roman.var.woff2
- primeng/17.8.0/resources/themes/lara-dark-indigo/theme.css.br
- primeng/17.8.0/resources/themes/lara-dark-indigo/theme.css.gz
- primeng/17.8.0/resources/themes/lara-dark-indigo/theme.min.css.br
- primeng/17.8.0/resources/themes/lara-dark-indigo/theme.min.css.gz
- primeng/17.8.0/resources/themes/lara-dark-pink/fonts/Inter-italic.var.woff2
- primeng/17.8.0/resources/themes/lara-dark-pink/fonts/Inter-roman.var.woff2
- primeng/17.8.0/resources/themes/lara-dark-pink/theme.css.br
- primeng/17.8.0/resources/themes/lara-dark-pink/theme.css.gz
- primeng/17.8.0/resources/themes/lara-dark-pink/theme.min.css.br
- primeng/17.8.0/resources/themes/lara-dark-pink/theme.min.css.gz
- primeng/17.8.0/resources/themes/lara-dark-purple/fonts/Inter-italic.var.woff2
- primeng/17.8.0/resources/themes/lara-dark-purple/fonts/Inter-roman.var.woff2
- primeng/17.8.0/resources/themes/lara-dark-purple/theme.css.br
- primeng/17.8.0/resources/themes/lara-dark-purple/theme.css.gz
- primeng/17.8.0/resources/themes/lara-dark-purple/theme.min.css.br
- primeng/17.8.0/resources/themes/lara-dark-purple/theme.min.css.gz
- primeng/17.8.0/resources/themes/lara-dark-teal/fonts/Inter-italic.var.woff2
- primeng/17.8.0/resources/themes/lara-dark-teal/fonts/Inter-roman.var.woff2
- primeng/17.8.0/resources/themes/lara-dark-teal/theme.css.br
- primeng/17.8.0/resources/themes/lara-dark-teal/theme.css.gz
- primeng/17.8.0/resources/themes/lara-dark-teal/theme.min.css.br
- primeng/17.8.0/resources/themes/lara-dark-teal/theme.min.css.gz
- primeng/17.8.0/resources/themes/lara-light-amber/fonts/Inter-italic.var.woff2
- primeng/17.8.0/resources/themes/lara-light-amber/fonts/Inter-roman.var.woff2
- primeng/17.8.0/resources/themes/lara-light-amber/theme.css.br
- primeng/17.8.0/resources/themes/lara-light-amber/theme.css.gz
- primeng/17.8.0/resources/themes/lara-light-amber/theme.min.css.br
- primeng/17.8.0/resources/themes/lara-light-amber/theme.min.css.gz
- primeng/17.8.0/resources/themes/lara-light-blue/fonts/Inter-italic.var.woff2
- primeng/17.8.0/resources/themes/lara-light-blue/fonts/Inter-roman.var.woff2
- primeng/17.8.0/resources/themes/lara-light-blue/theme.css.br
- primeng/17.8.0/resources/themes/lara-light-blue/theme.css.gz
- primeng/17.8.0/resources/themes/lara-light-blue/theme.min.css.br
- primeng/17.8.0/resources/themes/lara-light-blue/theme.min.css.gz
- primeng/17.8.0/resources/themes/lara-light-cyan/fonts/Inter-italic.var.woff2
- primeng/17.8.0/resources/themes/lara-light-cyan/fonts/Inter-roman.var.woff2
- primeng/17.8.0/resources/themes/lara-light-cyan/theme.css.br
- primeng/17.8.0/resources/themes/lara-light-cyan/theme.css.gz
- primeng/17.8.0/resources/themes/lara-light-cyan/theme.min.css.br
- primeng/17.8.0/resources/themes/lara-light-cyan/theme.min.css.gz
- primeng/17.8.0/resources/themes/lara-light-green/fonts/Inter-italic.var.woff2
- primeng/17.8.0/resources/themes/lara-light-green/fonts/Inter-roman.var.woff2
- primeng/17.8.0/resources/themes/lara-light-green/theme.css.br
- primeng/17.8.0/resources/themes/lara-light-green/theme.css.gz
- primeng/17.8.0/resources/themes/lara-light-green/theme.min.css.br
- primeng/17.8.0/resources/themes/lara-light-green/theme.min.css.gz
- primeng/17.8.0/resources/themes/lara-light-indigo/fonts/Inter-italic.var.woff2
- primeng/17.8.0/resources/themes/lara-light-indigo/fonts/Inter-roman.var.woff2
- primeng/17.8.0/resources/themes/lara-light-indigo/theme.css.br
- primeng/17.8.0/resources/themes/lara-light-indigo/theme.css.gz
- primeng/17.8.0/resources/themes/lara-light-indigo/theme.min.css.br
- primeng/17.8.0/resources/themes/lara-light-indigo/theme.min.css.gz
- primeng/17.8.0/resources/themes/lara-light-pink/fonts/Inter-italic.var.woff2
- primeng/17.8.0/resources/themes/lara-light-pink/fonts/Inter-roman.var.woff2
- primeng/17.8.0/resources/themes/lara-light-pink/theme.css.br
- primeng/17.8.0/resources/themes/lara-light-pink/theme.css.gz
- primeng/17.8.0/resources/themes/lara-light-pink/theme.min.css.br
- primeng/17.8.0/resources/themes/lara-light-pink/theme.min.css.gz
- primeng/17.8.0/resources/themes/lara-light-purple/fonts/Inter-italic.var.woff2
- primeng/17.8.0/resources/themes/lara-light-purple/fonts/Inter-roman.var.woff2
- primeng/17.8.0/resources/themes/lara-light-purple/theme.css.br
- primeng/17.8.0/resources/themes/lara-light-purple/theme.css.gz
- primeng/17.8.0/resources/themes/lara-light-purple/theme.min.css.br
- primeng/17.8.0/resources/themes/lara-light-purple/theme.min.css.gz
- primeng/17.8.0/resources/themes/lara-light-teal/fonts/Inter-italic.var.woff2
- primeng/17.8.0/resources/themes/lara-light-teal/fonts/Inter-roman.var.woff2
- primeng/17.8.0/resources/themes/lara-light-teal/theme.css.br
- primeng/17.8.0/resources/themes/lara-light-teal/theme.css.gz
- primeng/17.8.0/resources/themes/lara-light-teal/theme.min.css.br
- primeng/17.8.0/resources/themes/lara-light-teal/theme.min.css.gz
- primeng/17.8.0/resources/themes/luna-amber/theme.css.br
- primeng/17.8.0/resources/themes/luna-amber/theme.css.gz
- primeng/17.8.0/resources/themes/luna-amber/theme.min.css.br
- primeng/17.8.0/resources/themes/luna-amber/theme.min.css.gz
- primeng/17.8.0/resources/themes/luna-blue/theme.css.br
- primeng/17.8.0/resources/themes/luna-blue/theme.css.gz
- primeng/17.8.0/resources/themes/luna-blue/theme.min.css.br
- primeng/17.8.0/resources/themes/luna-blue/theme.min.css.gz
- primeng/17.8.0/resources/themes/luna-green/theme.css.br
- primeng/17.8.0/resources/themes/luna-green/theme.css.gz
- primeng/17.8.0/resources/themes/luna-green/theme.min.css.br
- primeng/17.8.0/resources/themes/luna-green/theme.min.css.gz
- primeng/17.8.0/resources/themes/luna-pink/theme.css.br
- primeng/17.8.0/resources/themes/luna-pink/theme.css.gz
- primeng/17.8.0/resources/themes/luna-pink/theme.min.css.br
- primeng/17.8.0/resources/themes/luna-pink/theme.min.css.gz
- primeng/17.8.0/resources/themes/md-dark-deeppurple/fonts/roboto-v20-latin-ext_latin-500.woff.br
- primeng/17.8.0/resources/themes/md-dark-deeppurple/fonts/roboto-v20-latin-ext_latin-500.woff.gz
- primeng/17.8.0/resources/themes/md-dark-deeppurple/fonts/roboto-v20-latin-ext_latin-500.woff2
- primeng/17.8.0/resources/themes/md-dark-deeppurple/fonts/roboto-v20-latin-ext_latin-700.woff.br
- primeng/17.8.0/resources/themes/md-dark-deeppurple/fonts/roboto-v20-latin-ext_latin-700.woff.gz
- primeng/17.8.0/resources/themes/md-dark-deeppurple/fonts/roboto-v20-latin-ext_latin-700.woff2
- primeng/17.8.0/resources/themes/md-dark-deeppurple/fonts/roboto-v20-latin-ext_latin-regular.woff.br
- primeng/17.8.0/resources/themes/md-dark-deeppurple/fonts/roboto-v20-latin-ext_latin-regular.woff.gz
- primeng/17.8.0/resources/themes/md-dark-deeppurple/fonts/roboto-v20-latin-ext_latin-regular.woff2
- primeng/17.8.0/resources/themes/md-dark-deeppurple/theme.css.br
- primeng/17.8.0/resources/themes/md-dark-deeppurple/theme.css.gz
- primeng/17.8.0/resources/themes/md-dark-deeppurple/theme.min.css.br
- primeng/17.8.0/resources/themes/md-dark-deeppurple/theme.min.css.gz
- primeng/17.8.0/resources/themes/md-dark-indigo/fonts/roboto-v20-latin-ext_latin-500.woff.br
- primeng/17.8.0/resources/themes/md-dark-indigo/fonts/roboto-v20-latin-ext_latin-500.woff.gz
- primeng/17.8.0/resources/themes/md-dark-indigo/fonts/roboto-v20-latin-ext_latin-500.woff2
- primeng/17.8.0/resources/themes/md-dark-indigo/fonts/roboto-v20-latin-ext_latin-700.woff.br
- primeng/17.8.0/resources/themes/md-dark-indigo/fonts/roboto-v20-latin-ext_latin-700.woff.gz
- primeng/17.8.0/resources/themes/md-dark-indigo/fonts/roboto-v20-latin-ext_latin-700.woff2
- primeng/17.8.0/resources/themes/md-dark-indigo/fonts/roboto-v20-latin-ext_latin-regular.woff.br
- primeng/17.8.0/resources/themes/md-dark-indigo/fonts/roboto-v20-latin-ext_latin-regular.woff.gz
- primeng/17.8.0/resources/themes/md-dark-indigo/fonts/roboto-v20-latin-ext_latin-regular.woff2
- primeng/17.8.0/resources/themes/md-dark-indigo/theme.css.br
- primeng/17.8.0/resources/themes/md-dark-indigo/theme.css.gz
- primeng/17.8.0/resources/themes/md-dark-indigo/theme.min.css.br
- primeng/17.8.0/resources/themes/md-dark-indigo/theme.min.css.gz
- primeng/17.8.0/resources/themes/md-light-deeppurple/fonts/roboto-v20-latin-ext_latin-500.woff.br
- primeng/17.8.0/resources/themes/md-light-deeppurple/fonts/roboto-v20-latin-ext_latin-500.woff.gz
- primeng/17.8.0/resources/themes/md-light-deeppurple/fonts/roboto-v20-latin-ext_latin-500.woff2
- primeng/17.8.0/resources/themes/md-light-deeppurple/fonts/roboto-v20-latin-ext_latin-700.woff.br
- primeng/17.8.0/resources/themes/md-light-deeppurple/fonts/roboto-v20-latin-ext_latin-700.woff.gz
- primeng/17.8.0/resources/themes/md-light-deeppurple/fonts/roboto-v20-latin-ext_latin-700.woff2
- primeng/17.8.0/resources/themes/md-light-deeppurple/fonts/roboto-v20-latin-ext_latin-regular.woff.br
- primeng/17.8.0/resources/themes/md-light-deeppurple/fonts/roboto-v20-latin-ext_latin-regular.woff.gz
- primeng/17.8.0/resources/themes/md-light-deeppurple/fonts/roboto-v20-latin-ext_latin-regular.woff2
- primeng/17.8.0/resources/themes/md-light-deeppurple/theme.css.br
- primeng/17.8.0/resources/themes/md-light-deeppurple/theme.css.gz
- primeng/17.8.0/resources/themes/md-light-deeppurple/theme.min.css.br
- primeng/17.8.0/resources/themes/md-light-deeppurple/theme.min.css.gz
- primeng/17.8.0/resources/themes/md-light-indigo/fonts/roboto-v20-latin-ext_latin-500.woff.br
- primeng/17.8.0/resources/themes/md-light-indigo/fonts/roboto-v20-latin-ext_latin-500.woff.gz
- primeng/17.8.0/resources/themes/md-light-indigo/fonts/roboto-v20-latin-ext_latin-500.woff2
- primeng/17.8.0/resources/themes/md-light-indigo/fonts/roboto-v20-latin-ext_latin-700.woff.br
- primeng/17.8.0/resources/themes/md-light-indigo/fonts/roboto-v20-latin-ext_latin-700.woff.gz
- primeng/17.8.0/resources/themes/md-light-indigo/fonts/roboto-v20-latin-ext_latin-700.woff2
- primeng/17.8.0/resources/themes/md-light-indigo/fonts/roboto-v20-latin-ext_latin-regular.woff.br
- primeng/17.8.0/resources/themes/md-light-indigo/fonts/roboto-v20-latin-ext_latin-regular.woff.gz
- primeng/17.8.0/resources/themes/md-light-indigo/fonts/roboto-v20-latin-ext_latin-regular.woff2
- primeng/17.8.0/resources/themes/md-light-indigo/theme.css.br
- primeng/17.8.0/resources/themes/md-light-indigo/theme.css.gz
- primeng/17.8.0/resources/themes/md-light-indigo/theme.min.css.br
- primeng/17.8.0/resources/themes/md-light-indigo/theme.min.css.gz
- primeng/17.8.0/resources/themes/mdc-dark-deeppurple/fonts/roboto-v20-latin-ext_latin-500.woff.br
- primeng/17.8.0/resources/themes/mdc-dark-deeppurple/fonts/roboto-v20-latin-ext_latin-500.woff.gz
- primeng/17.8.0/resources/themes/mdc-dark-deeppurple/fonts/roboto-v20-latin-ext_latin-500.woff2
- primeng/17.8.0/resources/themes/mdc-dark-deeppurple/fonts/roboto-v20-latin-ext_latin-700.woff.br
- primeng/17.8.0/resources/themes/mdc-dark-deeppurple/fonts/roboto-v20-latin-ext_latin-700.woff.gz
- primeng/17.8.0/resources/themes/mdc-dark-deeppurple/fonts/roboto-v20-latin-ext_latin-700.woff2
- primeng/17.8.0/resources/themes/mdc-dark-deeppurple/fonts/roboto-v20-latin-ext_latin-regular.woff.br
- primeng/17.8.0/resources/themes/mdc-dark-deeppurple/fonts/roboto-v20-latin-ext_latin-regular.woff.gz
- primeng/17.8.0/resources/themes/mdc-dark-deeppurple/fonts/roboto-v20-latin-ext_latin-regular.woff2
- primeng/17.8.0/resources/themes/mdc-dark-deeppurple/theme.css.br
- primeng/17.8.0/resources/themes/mdc-dark-deeppurple/theme.css.gz
- primeng/17.8.0/resources/themes/mdc-dark-deeppurple/theme.min.css.br
- primeng/17.8.0/resources/themes/mdc-dark-deeppurple/theme.min.css.gz
- primeng/17.8.0/resources/themes/mdc-dark-indigo/fonts/roboto-v20-latin-ext_latin-500.woff.br
- primeng/17.8.0/resources/themes/mdc-dark-indigo/fonts/roboto-v20-latin-ext_latin-500.woff.gz
- primeng/17.8.0/resources/themes/mdc-dark-indigo/fonts/roboto-v20-latin-ext_latin-500.woff2
- primeng/17.8.0/resources/themes/mdc-dark-indigo/fonts/roboto-v20-latin-ext_latin-700.woff.br
- primeng/17.8.0/resources/themes/mdc-dark-indigo/fonts/roboto-v20-latin-ext_latin-700.woff.gz
- primeng/17.8.0/resources/themes/mdc-dark-indigo/fonts/roboto-v20-latin-ext_latin-700.woff2
- primeng/17.8.0/resources/themes/mdc-dark-indigo/fonts/roboto-v20-latin-ext_latin-regular.woff.br
- primeng/17.8.0/resources/themes/mdc-dark-indigo/fonts/roboto-v20-latin-ext_latin-regular.woff.gz
- primeng/17.8.0/resources/themes/mdc-dark-indigo/fonts/roboto-v20-latin-ext_latin-regular.woff2
- primeng/17.8.0/resources/themes/mdc-dark-indigo/theme.css.br
- primeng/17.8.0/resources/themes/mdc-dark-indigo/theme.css.gz
- primeng/17.8.0/resources/themes/mdc-dark-indigo/theme.min.css.br
- primeng/17.8.0/resources/themes/mdc-dark-indigo/theme.min.css.gz
- primeng/17.8.0/resources/themes/mdc-light-deeppurple/fonts/roboto-v20-latin-ext_latin-500.woff.br
- primeng/17.8.0/resources/themes/mdc-light-deeppurple/fonts/roboto-v20-latin-ext_latin-500.woff.gz
- primeng/17.8.0/resources/themes/mdc-light-deeppurple/fonts/roboto-v20-latin-ext_latin-500.woff2
- primeng/17.8.0/resources/themes/mdc-light-deeppurple/fonts/roboto-v20-latin-ext_latin-700.woff.br
- primeng/17.8.0/resources/themes/mdc-light-deeppurple/fonts/roboto-v20-latin-ext_latin-700.woff.gz
- primeng/17.8.0/resources/themes/mdc-light-deeppurple/fonts/roboto-v20-latin-ext_latin-700.woff2
- primeng/17.8.0/resources/themes/mdc-light-deeppurple/fonts/roboto-v20-latin-ext_latin-regular.woff.br
- primeng/17.8.0/resources/themes/mdc-light-deeppurple/fonts/roboto-v20-latin-ext_latin-regular.woff.gz
- primeng/17.8.0/resources/themes/mdc-light-deeppurple/fonts/roboto-v20-latin-ext_latin-regular.woff2
- primeng/17.8.0/resources/themes/mdc-light-deeppurple/theme.css.br
- primeng/17.8.0/resources/themes/mdc-light-deeppurple/theme.css.gz
- primeng/17.8.0/resources/themes/mdc-light-deeppurple/theme.min.css.br
- primeng/17.8.0/resources/themes/mdc-light-deeppurple/theme.min.css.gz
- primeng/17.8.0/resources/themes/mdc-light-indigo/fonts/roboto-v20-latin-ext_latin-500.woff.br
- primeng/17.8.0/resources/themes/mdc-light-indigo/fonts/roboto-v20-latin-ext_latin-500.woff.gz
- primeng/17.8.0/resources/themes/mdc-light-indigo/fonts/roboto-v20-latin-ext_latin-500.woff2
- primeng/17.8.0/resources/themes/mdc-light-indigo/fonts/roboto-v20-latin-ext_latin-700.woff.br
- primeng/17.8.0/resources/themes/mdc-light-indigo/fonts/roboto-v20-latin-ext_latin-700.woff.gz
- primeng/17.8.0/resources/themes/mdc-light-indigo/fonts/roboto-v20-latin-ext_latin-700.woff2
- primeng/17.8.0/resources/themes/mdc-light-indigo/fonts/roboto-v20-latin-ext_latin-regular.woff.br
- primeng/17.8.0/resources/themes/mdc-light-indigo/fonts/roboto-v20-latin-ext_latin-regular.woff.gz
- primeng/17.8.0/resources/themes/mdc-light-indigo/fonts/roboto-v20-latin-ext_latin-regular.woff2
- primeng/17.8.0/resources/themes/mdc-light-indigo/theme.css.br
- primeng/17.8.0/resources/themes/mdc-light-indigo/theme.css.gz
- primeng/17.8.0/resources/themes/mdc-light-indigo/theme.min.css.br
- primeng/17.8.0/resources/themes/mdc-light-indigo/theme.min.css.gz
- primeng/17.8.0/resources/themes/mira/fonts/Inter-Bold.woff.br
- primeng/17.8.0/resources/themes/mira/fonts/Inter-Bold.woff.gz
- primeng/17.8.0/resources/themes/mira/fonts/Inter-Bold.woff2
- primeng/17.8.0/resources/themes/mira/fonts/Inter-Medium.woff.br
- primeng/17.8.0/resources/themes/mira/fonts/Inter-Medium.woff.gz
- primeng/17.8.0/resources/themes/mira/fonts/Inter-Medium.woff2
- primeng/17.8.0/resources/themes/mira/fonts/Inter-Regular.woff.br
- primeng/17.8.0/resources/themes/mira/fonts/Inter-Regular.woff.gz
- primeng/17.8.0/resources/themes/mira/fonts/Inter-Regular.woff2
- primeng/17.8.0/resources/themes/mira/fonts/Inter-SemiBold.woff.br
- primeng/17.8.0/resources/themes/mira/fonts/Inter-SemiBold.woff.gz
- primeng/17.8.0/resources/themes/mira/fonts/Inter-SemiBold.woff2
- primeng/17.8.0/resources/themes/mira/theme.css.br
- primeng/17.8.0/resources/themes/mira/theme.css.gz
- primeng/17.8.0/resources/themes/mira/theme.min.css.br
- primeng/17.8.0/resources/themes/mira/theme.min.css.gz
- primeng/17.8.0/resources/themes/nano/theme.css.br
- primeng/17.8.0/resources/themes/nano/theme.css.gz
- primeng/17.8.0/resources/themes/nano/theme.min.css.br
- primeng/17.8.0/resources/themes/nano/theme.min.css.gz
- primeng/17.8.0/resources/themes/nova/theme.css.br
- primeng/17.8.0/resources/themes/nova/theme.css.gz
- primeng/17.8.0/resources/themes/nova/theme.min.css.br
- primeng/17.8.0/resources/themes/nova/theme.min.css.gz
- primeng/17.8.0/resources/themes/nova-accent/theme.css.br
- primeng/17.8.0/resources/themes/nova-accent/theme.css.gz
- primeng/17.8.0/resources/themes/nova-accent/theme.min.css.br
- primeng/17.8.0/resources/themes/nova-accent/theme.min.css.gz
- primeng/17.8.0/resources/themes/nova-alt/theme.css.br
- primeng/17.8.0/resources/themes/nova-alt/theme.css.gz
- primeng/17.8.0/resources/themes/nova-alt/theme.min.css.br
- primeng/17.8.0/resources/themes/nova-alt/theme.min.css.gz
- primeng/17.8.0/resources/themes/rhea/theme.css.br
- primeng/17.8.0/resources/themes/rhea/theme.css.gz
- primeng/17.8.0/resources/themes/rhea/theme.min.css.br
- primeng/17.8.0/resources/themes/rhea/theme.min.css.gz
- primeng/17.8.0/resources/themes/saga-blue/theme.css.br
- primeng/17.8.0/resources/themes/saga-blue/theme.css.gz
- primeng/17.8.0/resources/themes/saga-blue/theme.min.css.br
- primeng/17.8.0/resources/themes/saga-blue/theme.min.css.gz
- primeng/17.8.0/resources/themes/saga-green/theme.css.br
- primeng/17.8.0/resources/themes/saga-green/theme.css.gz
- primeng/17.8.0/resources/themes/saga-green/theme.min.css.br
- primeng/17.8.0/resources/themes/saga-green/theme.min.css.gz
- primeng/17.8.0/resources/themes/saga-orange/theme.css.br
- primeng/17.8.0/resources/themes/saga-orange/theme.css.gz
- primeng/17.8.0/resources/themes/saga-orange/theme.min.css.br
- primeng/17.8.0/resources/themes/saga-orange/theme.min.css.gz
- primeng/17.8.0/resources/themes/saga-purple/theme.css.br
- primeng/17.8.0/resources/themes/saga-purple/theme.css.gz
- primeng/17.8.0/resources/themes/saga-purple/theme.min.css.br
- primeng/17.8.0/resources/themes/saga-purple/theme.min.css.gz
- primeng/17.8.0/resources/themes/soho-dark/fonts/lato-v17-latin-ext_latin-300.woff.br
- primeng/17.8.0/resources/themes/soho-dark/fonts/lato-v17-latin-ext_latin-300.woff.gz
- primeng/17.8.0/resources/themes/soho-dark/fonts/lato-v17-latin-ext_latin-300.woff2
- primeng/17.8.0/resources/themes/soho-dark/fonts/lato-v17-latin-ext_latin-700.woff.br
- primeng/17.8.0/resources/themes/soho-dark/fonts/lato-v17-latin-ext_latin-700.woff.gz
- primeng/17.8.0/resources/themes/soho-dark/fonts/lato-v17-latin-ext_latin-700.woff2
- primeng/17.8.0/resources/themes/soho-dark/fonts/lato-v17-latin-ext_latin-regular.woff.br
- primeng/17.8.0/resources/themes/soho-dark/fonts/lato-v17-latin-ext_latin-regular.woff.gz
- primeng/17.8.0/resources/themes/soho-dark/fonts/lato-v17-latin-ext_latin-regular.woff2
- primeng/17.8.0/resources/themes/soho-dark/theme.css.br
- primeng/17.8.0/resources/themes/soho-dark/theme.css.gz
- primeng/17.8.0/resources/themes/soho-dark/theme.min.css.br
- primeng/17.8.0/resources/themes/soho-dark/theme.min.css.gz
- primeng/17.8.0/resources/themes/soho-light/fonts/lato-v17-latin-ext_latin-300.woff.br
- primeng/17.8.0/resources/themes/soho-light/fonts/lato-v17-latin-ext_latin-300.woff.gz
- primeng/17.8.0/resources/themes/soho-light/fonts/lato-v17-latin-ext_latin-300.woff2
- primeng/17.8.0/resources/themes/soho-light/fonts/lato-v17-latin-ext_latin-700.woff.br
- primeng/17.8.0/resources/themes/soho-light/fonts/lato-v17-latin-ext_latin-700.woff.gz
- primeng/17.8.0/resources/themes/soho-light/fonts/lato-v17-latin-ext_latin-700.woff2
- primeng/17.8.0/resources/themes/soho-light/fonts/lato-v17-latin-ext_latin-regular.woff.br
- primeng/17.8.0/resources/themes/soho-light/fonts/lato-v17-latin-ext_latin-regular.woff.gz
- primeng/17.8.0/resources/themes/soho-light/fonts/lato-v17-latin-ext_latin-regular.woff2
- primeng/17.8.0/resources/themes/soho-light/theme.css.br
- primeng/17.8.0/resources/themes/soho-light/theme.css.gz
- primeng/17.8.0/resources/themes/soho-light/theme.min.css.br
- primeng/17.8.0/resources/themes/soho-light/theme.min.css.gz
- primeng/17.8.0/resources/themes/tailwind-light/fonts/Inter-Bold.woff.br
- primeng/17.8.0/resources/themes/tailwind-light/fonts/Inter-Bold.woff.gz
- primeng/17.8.0/resources/themes/tailwind-light/fonts/Inter-Bold.woff2
- primeng/17.8.0/resources/themes/tailwind-light/fonts/Inter-Light.woff.br
- primeng/17.8.0/resources/themes/tailwind-light/fonts/Inter-Light.woff.gz
- primeng/17.8.0/resources/themes/tailwind-light/fonts/Inter-Light.woff2
- primeng/17.8.0/resources/themes/tailwind-light/fonts/Inter-Medium.woff.br
- primeng/17.8.0/resources/themes/tailwind-light/fonts/Inter-Medium.woff.gz
- primeng/17.8.0/resources/themes/tailwind-light/fonts/Inter-Medium.woff2
- primeng/17.8.0/resources/themes/tailwind-light/fonts/Inter-Regular.woff.br
- primeng/17.8.0/resources/themes/tailwind-light/fonts/Inter-Regular.woff.gz
- primeng/17.8.0/resources/themes/tailwind-light/fonts/Inter-Regular.woff2
- primeng/17.8.0/resources/themes/tailwind-light/fonts/Inter-SemiBold.woff.br
- primeng/17.8.0/resources/themes/tailwind-light/fonts/Inter-SemiBold.woff.gz
- primeng/17.8.0/resources/themes/tailwind-light/fonts/Inter-SemiBold.woff2
- primeng/17.8.0/resources/themes/tailwind-light/theme.css.br
- primeng/17.8.0/resources/themes/tailwind-light/theme.css.gz
- primeng/17.8.0/resources/themes/tailwind-light/theme.min.css.br
- primeng/17.8.0/resources/themes/tailwind-light/theme.min.css.gz
- primeng/17.8.0/resources/themes/vela-blue/theme.css.br
- primeng/17.8.0/resources/themes/vela-blue/theme.css.gz
- primeng/17.8.0/resources/themes/vela-blue/theme.min.css.br
- primeng/17.8.0/resources/themes/vela-blue/theme.min.css.gz
- primeng/17.8.0/resources/themes/vela-green/theme.css.br
- primeng/17.8.0/resources/themes/vela-green/theme.css.gz
- primeng/17.8.0/resources/themes/vela-green/theme.min.css.br
- primeng/17.8.0/resources/themes/vela-green/theme.min.css.gz
- primeng/17.8.0/resources/themes/vela-orange/theme.css.br
- primeng/17.8.0/resources/themes/vela-orange/theme.css.gz
- primeng/17.8.0/resources/themes/vela-orange/theme.min.css.br
- primeng/17.8.0/resources/themes/vela-orange/theme.min.css.gz
- primeng/17.8.0/resources/themes/vela-purple/theme.css.br
- primeng/17.8.0/resources/themes/vela-purple/theme.css.gz
- primeng/17.8.0/resources/themes/vela-purple/theme.min.css.br
- primeng/17.8.0/resources/themes/vela-purple/theme.min.css.gz
- primeng/17.8.0/resources/themes/viva-dark/fonts/poppins-v15-latin-ext_latin-300.woff.br
- primeng/17.8.0/resources/themes/viva-dark/fonts/poppins-v15-latin-ext_latin-300.woff.gz
- primeng/17.8.0/resources/themes/viva-dark/fonts/poppins-v15-latin-ext_latin-300.woff2
- primeng/17.8.0/resources/themes/viva-dark/fonts/poppins-v15-latin-ext_latin-600.woff.br
- primeng/17.8.0/resources/themes/viva-dark/fonts/poppins-v15-latin-ext_latin-600.woff.gz
- primeng/17.8.0/resources/themes/viva-dark/fonts/poppins-v15-latin-ext_latin-600.woff2
- primeng/17.8.0/resources/themes/viva-dark/fonts/poppins-v15-latin-ext_latin-700.woff.br
- primeng/17.8.0/resources/themes/viva-dark/fonts/poppins-v15-latin-ext_latin-700.woff.gz
- primeng/17.8.0/resources/themes/viva-dark/fonts/poppins-v15-latin-ext_latin-700.woff2
- primeng/17.8.0/resources/themes/viva-dark/fonts/poppins-v15-latin-ext_latin-regular.woff.br
- primeng/17.8.0/resources/themes/viva-dark/fonts/poppins-v15-latin-ext_latin-regular.woff.gz
- primeng/17.8.0/resources/themes/viva-dark/fonts/poppins-v15-latin-ext_latin-regular.woff2
- primeng/17.8.0/resources/themes/viva-dark/theme.css.br
- primeng/17.8.0/resources/themes/viva-dark/theme.css.gz
- primeng/17.8.0/resources/themes/viva-dark/theme.min.css.br
- primeng/17.8.0/resources/themes/viva-dark/theme.min.css.gz
- primeng/17.8.0/resources/themes/viva-light/fonts/poppins-v15-latin-ext_latin-300.woff.br
- primeng/17.8.0/resources/themes/viva-light/fonts/poppins-v15-latin-ext_latin-300.woff.gz
- primeng/17.8.0/resources/themes/viva-light/fonts/poppins-v15-latin-ext_latin-300.woff2
- primeng/17.8.0/resources/themes/viva-light/fonts/poppins-v15-latin-ext_latin-600.woff.br
- primeng/17.8.0/resources/themes/viva-light/fonts/poppins-v15-latin-ext_latin-600.woff.gz
- primeng/17.8.0/resources/themes/viva-light/fonts/poppins-v15-latin-ext_latin-600.woff2
- primeng/17.8.0/resources/themes/viva-light/fonts/poppins-v15-latin-ext_latin-700.woff.br
- primeng/17.8.0/resources/themes/viva-light/fonts/poppins-v15-latin-ext_latin-700.woff.gz
- primeng/17.8.0/resources/themes/viva-light/fonts/poppins-v15-latin-ext_latin-700.woff2
- primeng/17.8.0/resources/themes/viva-light/fonts/poppins-v15-latin-ext_latin-regular.woff.br
- primeng/17.8.0/resources/themes/viva-light/fonts/poppins-v15-latin-ext_latin-regular.woff.gz
- primeng/17.8.0/resources/themes/viva-light/fonts/poppins-v15-latin-ext_latin-regular.woff2
- primeng/17.8.0/resources/themes/viva-light/theme.css.br
- primeng/17.8.0/resources/themes/viva-light/theme.css.gz
- primeng/17.8.0/resources/themes/viva-light/theme.min.css.br
- primeng/17.8.0/resources/themes/viva-light/theme.min.css.gz
SRIs:
- primeng/17.8.0/resources/themes/bootstrap4-light-purple/theme.min.css: sha512-wUZaPpXnWQmCvWleaFca2s7Dpvy1a97IRqMPafpBx8+VuFFv5exSjDaTh/EAmuAeGPNCM0WfZw3fkXgR5eMaCQ==
- primeng/17.8.0/resources/themes/lara-light-blue/theme.css: sha512-Wa7fI5ANgDWFDp/HnsaslQGAwdCk8wK6iliP9vJ8r5mISO3BhFOm1E1ty8DxScqXON/7GQV1T3IDqVgU1Y/xCw==
- primeng/17.8.0/resources/components/avatargroup/avatargroup.css: sha512-pWa9AdmpyDR4e1g3bVku6vGOpa49D4TyJGxKMIP41sgn8pSoHj+11F+IhlNk9zlNQVeMcfvaXLQMTs/PW/5P5w==
- primeng/17.8.0/resources/components/chips/chips.css: sha512-AljdLKKbdsyc9KZdv+rZvV7on2gaIOGQR19T2kVOOMVzy/74XMvUuvsck4xd4vD4C9vjwz4EvbOLPxJw7rqa1g==
- primeng/17.8.0/resources/components/slider/slider.css: sha512-r0mz0TeBAbmyqlBpOmxHK7T1N7d8gFaCyeRwVUBQYhGe1U9DyfQDD31mQlxXeYzBoCeO/58MBlqyR3bNQFaJmA==
- primeng/17.8.0/resources/components/timeline/timeline.css: sha512-v84exJvyJGE8DykzM/OCTpKewkeNLl7ZW3fDzNZO12Fnwv+Ofs8UVmh/AgJErNLmqY9oIPOS074D0nwqkbPFsA==
- primeng/17.8.0/resources/components/splitbutton/splitbutton.min.css: sha512-tHAVs2MBZ7VT+iGlynWJwXqXYEsw1oeEaWHaxaK3LSibU2x0ew2Pz6htM20a0aUPZHwVlEqgD/X8kGabvgSVlg==
- primeng/17.8.0/resources/themes/md-dark-deeppurple/theme.min.css: sha512-tyD/C83p/5wDm/LeCN06z8/NJaAOKgD/17klAMU9GDk6FzXlY8SgVjxGv/w5zK0hmcu3F356AY3DO6Ed8DhEfQ==
- primeng/17.8.0/resources/components/badge/badge.min.css: sha512-8ZA094esljOs02p6jARZQ4RK5cN8TYzb+94mzA5hR3i7uPMi3toiMgwJGF2efZYHVxq4jqEjFp24L2bDMArMZw==
- primeng/17.8.0/resources/components/scroller/scroller.min.css: sha512-qzy7tD5lsZCI5m3ppkPzJ7OiKg1ChDLGfQBlPE4tNEdb/VdpGSg8IxQ6Ra2lDjgwvURby/DRE9Y5uozccGi2Mg==
- primeng/17.8.0/resources/components/scrolltop/scrolltop.css: sha512-I2K5f9s31EqW7vNGSFf0yUtV8+AF/vnYoLHJHbLu2CpohaE5ja3OFAIS3/ItHmSbzm/Q2w0/o540D076hlfhrA==
- primeng/17.8.0/resources/components/slider/slider.min.css: sha512-AW2VTPs0J7RQwg+R00luyp5qU6X832QSwJpFeBZ/hVCbVoV+vRK+6CuvictyoHTYWWhfowSCA47baHvZ1I0OkQ==
- primeng/17.8.0/resources/components/password/password.min.css: sha512-Q84MevuAEId/1sBCQkwtsDv1MMGSBdnGEFgpfcvpMUNG0HizSUe6XInzWL16iCyQeWdfemASJRXqJ2QrgMZE5g==
- primeng/17.8.0/resources/components/fileupload/fileupload.css: sha512-cOYhTyvRjCGGkGdZft4d4WBMIi9GvVU+mGGlMFDcS7Jf2av3wasVCWhswHI2n+3AoOPBPjDi21mhuHYjqNruBQ==
- primeng/17.8.0/resources/components/inplace/inplace.css: sha512-e9o7tZ05qlsc0UpR09t5+V/kJoLp9uKWjvWjHGeW5u4vkPwZ9z3Yz2W8wf2mdmOkDaVLx7Nz3Rb6XdyREvcgHw==
- primeng/17.8.0/resources/components/knob/knob.css: sha512-i02+MXMxf+GCAzdtI7uo7Pc9G4QRsM0kbPV/mxb+aBsqo+GaL+0X/8NJvz1eL7EuKf8NGLsEpSDLKLmIYlcOXg==
- primeng/17.8.0/resources/components/organizationchart/organizationchart.css: sha512-HZIUC8SuH+TsjJuekfFP3aXCtfVP3/9YBIO+r6x+CJCd7vVG8j/vHOxNflpCf4FGMbkPdI533EYyz2N6R7TOKw==
- primeng/17.8.0/resources/themes/mdc-dark-indigo/theme.css: sha512-UWA/FvLY4z4tfhcZjBuwJaBiXn7rBtKB0uSWI0aAJQiVv4snXPYKkjT4niRAez5PMoKXbekw54LO/JgRgBbO1w==
- primeng/17.8.0/resources/themes/saga-green/theme.css: sha512-z/M9Gzz2bapZNdhIoGom2TGljuOUApXjwSfJlfl+nagLi0OktrqCR0AeIOMoE7yG0zOl3ZljOsAmNiMthN5jVg==
- primeng/17.8.0/resources/components/tabview/tabview.css: sha512-DfQJZ0M6FWbzUoWnX+Oi6MY6BgTUyimLc2/MMQ3t4GPO53fiQm4XWkPvvlU+d0grqxqC5DuDdn8swSsQFpOIkw==
- primeng/17.8.0/resources/components/treeselect/treeselect.css: sha512-LDntBhWjhrO9Df+x6w7NGPUzjQzQCDzUAXEQ4XEQ6MxDGg0xKVXINn3nGuJP4N76eXIqSSfagDWLwZ1xoOtu9A==
- primeng/17.8.0/resources/themes/nova-alt/theme.css: sha512-ISa5PN9eTbhJocxrC7ZoZhoRrtvdZX8jjodz7Lcd1m2e0sf1XQdkd3idvYZd2Y5Vsisng+NZ4QIpoLJZOTjDyQ==
- primeng/17.8.0/resources/themes/soho-dark/theme.css: sha512-AL5nGGu4/1h5OcmLrRLtjJ30F/5bbS+2VNENpJS5Eje1/wRhPJlKB5wa1mtE11cGpFac01BNNYHbhU9tB+z1LQ==
- primeng/17.8.0/resources/components/calendar/calendar.css: sha512-08YLQw8U5JDm/kWmRFGw4IKB2Q4jEi1EwhZpNbRxPjTCc9W7fl2hQ3Itu0DBfWTK/DeRmyqjv8E2SsuSpf5Ung==
- primeng/17.8.0/resources/themes/bootstrap4-light-blue/theme.min.css: sha512-p1fAkQkV0Ano6C0wBlszc1YfL0gXIIrptjwZVVhNPGyO7lgGOpy9+OJ5TxTcwtKckQZrgYByw4t11Dwo4ozqhg==
- primeng/17.8.0/resources/themes/lara-light-indigo/theme.css: sha512-/UU1Af8bABT6khdBtSOWJ9T/yjhYBnhnkAsaTAbw0aNzznu9M4NxTZl+okbU8N+JV5jKDhLg/FQagp7BL5zBqQ==
- primeng/17.8.0/resources/components/colorpicker/colorpicker-images.min.css: sha512-N7LG5zRir9kjdScmwjjJHrMhbFJSUzM50gBKXdKOTY1WDRES1zyPEFcFgFeS8hiWpVQz4pbu2X6nQ2dTWDDM/Q==
- primeng/17.8.0/resources/components/messages/messages.min.css: sha512-Y1WMfo3Oly2XTK0ShixnttQNqEQQ9aml/0pfbv3v5wCEwEWtq5ohD1s4TmxH7ePJT6iGVuC2bbzOsOLE0yeHpQ==
- primeng/17.8.0/resources/themes/arya-green/theme.min.css: sha512-fcs6O3Fz6mIKxmF4QdMrxzecLH8dUVCH9fvrJH1YC78glOvLmSMNUcKN+ga/Lrydoe5ky1AQrwWk5BdabiwvYg==
- primeng/17.8.0/resources/themes/lara-dark-blue/theme.css: sha512-s7BZJ/pPgn9+VINc0bR/Z5zxNrf0ds8+7QbslwyRhO+QUBvsFXiYV7g3PUyjeOu3AcfJVjGqEeSb6C/fQ2AZzg==
- primeng/17.8.0/resources/components/fieldset/fieldset.min.css: sha512-+s3mTKzeMrfXNk0gFjzJICWj528991BeIR/t0QDwS7R34tQS2AHTnj5uowcywVbM/4X18l953EWpCeBsGy4yDg==
- primeng/17.8.0/resources/components/listbox/listbox.css: sha512-UNHofdPMLK2Si1EGU/T6w1iLckByCO5Uhl5w3qUA+4NIOY5TXP3I3QYn2aFuI0WjySMDi8pMmCRvrI4wRTn+vw==
- primeng/17.8.0/resources/themes/lara-dark-cyan/theme.css: sha512-mrqkLgTKwsJTEnxiHR+r7acRBiCaqTqsms4q3tUWcpVQSK2+CrUqLOOyN19cIh9GEdUcOwN+SP/BI3pvRVsgLQ==
- primeng/17.8.0/resources/themes/lara-light-purple/theme.css: sha512-xIWU/q91xCiO+mLqFeDYfWxReB2pFAL+A6Tbyw3WLL0w67Bt8ZHfvVI6G4ZRDpcC+0oTHub0VpSQ4eFJUIckYA==
- primeng/17.8.0/resources/components/autocomplete/autocomplete.css: sha512-ZbNQc4DVi2PF6BfnOlt+EuSkRTngoDsMg9n8fXNCpi0DE/x4tqUAsNi2U6D/ffnEcVQGssZjkoHUJa1RxhEl1g==
- primeng/17.8.0/resources/components/overlay/overlay.css: sha512-wcHUWxrI2B3YLFvEby7RFSJOAnffUScZj3xajz0IswZOvAuvM37skrL3bIKFfu7LWkEV4Q5+lYKVw119kttFyA==
- primeng/17.8.0/resources/themes/lara-dark-pink/theme.min.css: sha512-ZlQX83f6BTf8ndAp18ATc6VJ/UA8A8/TRx4ZeOGKpogoh80n0V2b9xavDvAjyX155BwUPOwHXnA27OpVCWnkRQ==
- primeng/17.8.0/resources/themes/lara-light-pink/theme.min.css: sha512-/aB00jTPSsYYKXc08KWW+VBEMM+FRmUch7G14aJaE/X9c0SrqaaOEHF2OELwyMjU/Pd45orlnGWUTNimZWsGQA==
- primeng/17.8.0/resources/components/avatar/avatar.css: sha512-FjDOQay2P7dLSZgP5b3vGIydZoBSZ97fs4SvJQfkB8mR2k1P0EudUlXZ4kQapyHHtnXiU0/OTDj/s+89osNgNA==
- primeng/17.8.0/resources/themes/lara-dark-purple/theme.min.css: sha512-DEA99HG7qb1zYG3kBRvfeBi2hVJf9MZiWcKyJ+YfVsNeZko7bxpV4qeIiNcsXQ2mhKpaVf824pYjdFaqqYHe5w==
- primeng/17.8.0/resources/themes/arya-blue/theme.css: sha512-nxu+Q7htqLcqrQmdAUWwFDB6y6O7MAB9cz5ycTVlJG3dManQnEYim0muIe4W/Vn0PsufdP6UAe+Rl+zKTpP8ww==
- primeng/17.8.0/resources/themes/md-light-indigo/theme.min.css: sha512-kaqcSRzl8gVy37527ttqdfINT9rGZnXhdZtLEP/jH2AcaVbimwAmkzWFjVnO1yYMXes9OUBCPfJepo5jXaflxA==
- primeng/17.8.0/resources/themes/mdc-dark-deeppurple/theme.min.css: sha512-Q8JuJhgcRXJm8HCskoViJC/bVG9di5UUGrFhFPXBSbXPGCRJ+8UN4xJBO8EbyOK4Yfq2b41Ft9zZRiLLqWwy4g==
- primeng/17.8.0/resources/components/contextmenu/contextmenu.css: sha512-3TOi9xxp7msxoWIVa+B6dS10EgkNFROP7pnOpDAkAyBg/lOyTGWViPdOJbbb8GbKKuSp3As8rjvkJ4Kxt3381A==
- primeng/17.8.0/resources/themes/bootstrap4-light-purple/theme.css: sha512-jfgU97Vx0IIEeKFGKxuiBXWymZ1/p1URbU3pUqiwtZ9nWebRPEos0KQkvdzdyAs3l7cUOGqU2FMfDRmA2vw7qA==
- primeng/17.8.0/resources/components/tag/tag.css: sha512-l7Dbd5XYyJQLCqZQoxmY0UtivJ0lSrquemAsv92ZdN0ZrtfgHQRVEWUfAVinnZItPXcjX0oNuHREcOg7GifCJg==
- primeng/17.8.0/resources/components/toast/toast.min.css: sha512-ISvrJ8dOZDdXRk+XWuR+ZqfIksumubbm3KAY+PFnM3d0hiBQGtgrH+1aMduHWtJM8d/XHBpc6U8ohgllAYmF+Q==
- primeng/17.8.0/resources/themes/saga-blue/theme.min.css: sha512-MZotoNqRFOKgcsAFdxZyUcTlRWIBjXm8St1fUbIOj400S9/cyHI1zljbPGGcgMBeJ2ztMLaL2BCgoxQiyNYTlQ==
- primeng/17.8.0/resources/components/dataview/dataview.min.css: sha512-7XC3C0r36r7VOG4QCOQ9Gz9pREWeL5l5zuSpAoJUpKGiVZY0DE7c6LqBlAon6NIJfB9SB7J6XobBBELva6PU2A==
- primeng/17.8.0/resources/components/inputmask/inputmask.min.css: sha512-zkV1kVcRd1Vqp4HH7D8NXiuRLILASLfZr9o3ZUkYWfSRHmjPh2QQQGJ2K7oimENF1LFAWv0Yl4gp0SNak28sgQ==
- primeng/17.8.0/resources/components/inputswitch/inputswitch.css: sha512-WEeTTvgjW+yeaBpQU79kkGAGKhwW0ODFFl+gfgtVFnNCr+iUfLfCXTHQIdiJ/s5tJ7x3heFyUPmkc2de20u4fw==
- primeng/17.8.0/resources/components/paginator/paginator.css: sha512-IEPykUOAyd86MHAtODHDUqG+030ozxRS76eHSlhnN4gqWP5838kj0A2r+QbB3DJ/CMIftcJoXazo5oGIkqOKag==
- primeng/17.8.0/resources/components/rating/rating.css: sha512-AJH5ce4u5Q/Pb28Ev2+454aRIlK1sislIMrswOM1cegox5meO5uYgW+1iROao736PiVw824eAPM8aZXhSB7MWw==
- primeng/17.8.0/resources/components/slidemenu/slidemenu.min.css: sha512-8EIV5rW3h1rOn97b4OG056O3Vp+xDV76nGF6+S2bMNXQ/WKOciSo2aCwJcR4TF7Gdfmncz6tXsok0mk0P0kqow==
- primeng/17.8.0/resources/components/treetable/treetable.css: sha512-D8KbNMJi6LGszwbqArI7wQPB4xqZEemZGwCZVbCoYn70Q5ItkkPhb+6iDbHCDFpHMlI3aKqI4JZyBbxWrDbYZw==
- primeng/17.8.0/resources/themes/lara-dark-green/theme.min.css: sha512-ncbsAjgadxAE4WuXyB3VfLzP/WjUXofryRAtMMHjUhK5gMmwF0UEF/CP5iCcQEFc2z3sGlhfkaKL6xTqzxF7Ew==
- primeng/17.8.0/resources/components/avatargroup/avatargroup.min.css: sha512-hM4kgnpWvEgz0BmUvhUAp/MHAuKWPRPj9Zm+VISXv/lFvxRN+jaG1RkZ1oejqNUMMvaS77MbdzipxX91wdKCQA==
- primeng/17.8.0/resources/components/colorpicker/colorpicker.css: sha512-y+wZuLlr5nWVLf6gHN+YQbE7KnARfW4vpQP7WLZO7ubmEIozWRbMkHd5DxSObbK9iXQru8Ba4jOZ9Bgnuzkeqw==
- primeng/17.8.0/resources/components/fileupload/fileupload.min.css: sha512-UFqLxZzdlvqnfkxyHoC66Wz2Xudyn2eXBbbf+sqBDTYfes2profMCIouEyU6k2WZj6z3mfYeZXEy99pwyuAx1Q==
- primeng/17.8.0/resources/components/inputswitch/inputswitch.min.css: sha512-kdm9sP9mdYbBeyCNTgezQuhaWJKTBaLnGfgWsTRwcov5EwWgTr9yMKq9chOFfuKRBV25cUPHsfcyUdzGUACE0A==
- primeng/17.8.0/resources/themes/nova/theme.css: sha512-e1sNDnHFAgVifuz94P8CJLc8zCL/DxClGU5UgxfFcxptQFbXmoP1ICbKbpoj9GL/U620/OUWrrHNQ13HLeuOig==
- primeng/17.8.0/resources/themes/saga-green/theme.min.css: sha512-n/ndURsK6pSvuYDbgGgC2jhvAnMoukYaRkCSB87u0r7IZYpfv0+Aeid+pcRAPiKOA4srM377KCeiQztKgme6Kw==
- primeng/17.8.0/resources/components/table/table.min.css: sha512-YAnvZWWbBDjUSZ4+2f4MiYxKaFJYiJCFEnz3ShRAKdwT1HPg6ffa/TamIkGy6T9cec4C0DmmC0uqVetGYmKgsA==
- primeng/17.8.0/resources/themes/arya-orange/theme.css: sha512-g0HrGdB9XJr0z4fx9S2GNDC5cv0TpTlGOfoPikrWObmcLUCWtgojND240EMvf5PlBiQoDFCYcrQnjxuIyCoziA==
- primeng/17.8.0/resources/themes/lara-dark-blue/theme.min.css: sha512-C6lkhYnPx1wWlyejCVaqMr/dTXrgzbZdTiE/nvD40o/2k5G4GsJ9+MZjMK3BO0LXtWDEZsQrK9ftogDbbDY5vA==
- primeng/17.8.0/resources/themes/tailwind-light/theme.min.css: sha512-q0bYBzCEjmZHhXxfp0S0gXJa/tPdQ8356zFhuzk1i7ZheFbFx1yf/qDuOD27bV+iQJOcWAm2uW93CXbYhsL88w==
- primeng/17.8.0/resources/components/cascadeselect/cascadeselect.css: sha512-6cfSa8usdFh5SsYhLzRll9rCfEEoTtPKcXVcgM97QQFLuWkSH5gfzw3O23nVs7XokILj5OvTZswK4IRV9+HDIA==
- primeng/17.8.0/resources/components/dropdown/dropdown.min.css: sha512-T5f4phxozKP8dNJ33GekOBQhHMVkUwkZZwhF/aeQeYbHvQAPpJ6HIstWGDzFgvPdIGbiITXcOSoxjtmo+Jmyqw==
- primeng/17.8.0/resources/components/galleria/galleria.css: sha512-M+clGeTdal19RtFnUDQ81ykU2pQewZmoSgpD2oFMqv5N/ldJseGUjW2ar94c5sfDfI+q7BuXWbxkR6VOMSxUEg==
- primeng/17.8.0/resources/components/overlaypanel/overlaypanel.min.css: sha512-pi+qdgbBj4RZFIBn5cgn+sEOv7q6WBHxn81z0UKsVB5AZBLgBUeuz0v3Kdstg+gHujHk21xHn581pey4KuZjlw==
- primeng/17.8.0/resources/themes/lara-light-cyan/theme.min.css: sha512-2PISu2eWFA8Mhj+tSw+fABEeFZf2PR8iRaUz5SzKLO0kntJwYIlqv+XiAZk0gmp69p8p6gqAqqxln2mxfN0JDQ==
- primeng/17.8.0/resources/themes/vela-purple/theme.min.css: sha512-VNX5z7q3gFm5qHi54lP2OXHdovMZbAUt6MJ1F3FkE44ZFCTtyi51Z5nbX7q+1tL+jhKhyVsxOTHMrfa98HZNaA==
- primeng/17.8.0/resources/components/dataview/dataview.css: sha512-bA+UIDJP1529VfvvB6aynKrk6SXVPB82b6PfLW1s6n4GOg6rdSvtOtgz7PEVbTqttieuSTShohnx9s+PZRy0EQ==
- primeng/17.8.0/resources/components/galleria/galleria.min.css: sha512-nRFeh3+o3dvbDPgVan2vf0SMu7Fm/uGTNce6YFj1ofJE6v8GCJaKL5qhaYrolUjIr8s7g6buW6hYTep2OPX6Vw==
- primeng/17.8.0/resources/themes/bootstrap4-dark-blue/theme.min.css: sha512-zqRXQ3hU9f3ZQeLWydz9HxOpXiHmkGWNpyBk9or6oFOdUGILJe83yf2qyUi9Vm1XpApX3555ybt9bKgDw2R/cQ==
- primeng/17.8.0/resources/themes/lara-light-cyan/theme.css: sha512-Ov7Rb5F+k6lcDyPpR44yLvUz3Hdmioo9uaFYgGTkCsM9oxxsT6k1P/eYbCKVjxyUI6ZgGuyoJ0sTGZg3/uq8Aw==
- primeng/17.8.0/resources/components/checkbox/checkbox.css: sha512-eKZgv7v0yH+AkLDZr27HUJr0/fvX4rB6pUNjaMXXVCfFGNOikCf+m+sv6Dg4I7rvtwnF3d35Qt0NjAi/UN3NCw==
- primeng/17.8.0/resources/components/multiselect/multiselect.min.css: sha512-IzTy0j8JFuxv94GyrOPMTMKX2MEEAORLtCrZqJN9d1HYu7sZlNcRC6x5gx8ujYKy+eadIf2HXCcPYnG50A/KBA==
- primeng/17.8.0/resources/components/speeddial/speeddial.css: sha512-h9hxUj66w936M6IRHNdLm/kqfr3rr1CyKMlrtzZm/ZJa8igOG3Gwyp7vgqMNQt4aOjQFhldNP5SX8lse9dSHtA==
- primeng/17.8.0/resources/components/sidebar/sidebar.css: sha512-m87etYXTwFCtog+7+PmPBdSAPMz6wehfAiYCy9Hv+kiPoaZdn2anF+8ZYt7zNdSkMT6zL6aZeBwMJJDTuC9/zw==
- primeng/17.8.0/resources/components/tabmenu/tabmenu.css: sha512-UH0q4ippouReEnnFLvKw3c7R7RHVTIUUhJ7/MWi7A07RXJJw4etXrR302xJ5Py4AeGawG5rpCFzuODkX0Hhjpw==
- primeng/17.8.0/resources/themes/arya-orange/theme.min.css: sha512-NVHTiUq+dbrVEnKtojU7lfe8csDNLumFZ+QbMxadXK3IzGeD2M7dL0pIWuKh5+pkiHOspHgProg6Pn0m997SWQ==
- primeng/17.8.0/resources/themes/md-light-deeppurple/theme.css: sha512-TEa5lrj2bPb309g2Lr2+mKM3N4Bhfz6Q1WQNqdsxZIhZo8H6zoknt1LhziV80DikDvn7k0OLmdkrRydfSwzxLw==
- primeng/17.8.0/resources/components/blockui/blockui.min.css: sha512-UMmhEPymSn3Dw3iYFMt3PRXmWWv/U2R4FCPK7OD3ng8Aty0E7W6onkhA46LLBn5jG836JdAZitZCjdrslfYvxA==
- primeng/17.8.0/resources/components/overlay/overlay.min.css: sha512-+Cl/iTYFE+f9eYjrXjfaeodXCU2TV/LkYA5Jp5NC/9S5iI7Glo2n/VZJV0Deb3ZOkpmyYRowJeVNbYG65HZAYg==
- primeng/17.8.0/resources/components/progressbar/progressbar.css: sha512-3ywU0kMC144layLxx8qlGl227CqDm0i+uI4zI8KT1PmFN+4NS29IuzYPdmVr+behXshK9c26jo35R72q9Zf2jQ==
- primeng/17.8.0/resources/components/progressspinner/progressspinner.min.css: sha512-6DXlrbnsH2Q44avc43GJL0oHIhB1FZ7tvvfji9Rqls+kALgPlmqWjpSOJL1PV9MqRJLn32EjEmGqcmEGfi3mWQ==
- primeng/17.8.0/resources/themes/nova-alt/theme.min.css: sha512-djz0KIBMXmtb62xYMIW1t4p8zWnvs7wvXYvwgDCApDH8VVeQB7QyXzHoO4Wr3qmnFyOEHn+o/ASh45NaaT6k7g==
- primeng/17.8.0/resources/components/tooltip/tooltip.min.css: sha512-O1ljHRC7gQRjEDvh6hI8dz+wY9/LrRef/zSwb3wxSoafMytnb1dBK/H/9sEKqYM1GsIFaMnLfzDmdxqWI+Ul7Q==
- primeng/17.8.0/resources/themes/soho-dark/theme.min.css: sha512-AB1Utl74MpZflLzp/gaooZ1YnIJm6kKqhHm02fcUvMv8GCiM9lMs0Moi1BVF/D/cyqTsywXqQsKFiHdcbU5pWg==
- primeng/17.8.0/resources/components/multiselect/multiselect.css: sha512-MCOE7i4AAvyhkkhwBjES66mo6PaZznLxm+9j3SNUi0+WUPq0h2e5FxTSbzebzuKJW4GzkzZZRQss0wo4DviIzQ==
- primeng/17.8.0/resources/components/orderlist/orderlist.min.css: sha512-65+CZ3m0l7V2zT6lQIRpL9Ya8afA1xrof+Oyvn/zrWdkbneYZBrExiurUtbUG+eUlO1rmUB73Q0IceoWc/piOQ==
- primeng/17.8.0/resources/components/tabview/tabview.min.css: sha512-M6Q6hJiZdHNqWo2iVl2ZicO+zpRYqnlFpLutKwA1gXC2ckvGx6KQT+lunLOycLFt9pj42MUyzJLs3zF6erLNFA==
- primeng/17.8.0/resources/components/tooltip/tooltip.css: sha512-zBP/ry8GG7YLSFOpIVrW7SlkRw3eel7AERZbfeEFWAJKM3Z4hlJNJMILPajMr1vvPfg1XlnxD9tHSMDmJkaMOA==
- primeng/17.8.0/resources/themes/mdc-dark-deeppurple/theme.css: sha512-66wywVpJlsVcawY7OHJOsTdPfWwVPmJkjusijbTlzfYPSNDZksxQQCRro4iI7ECqQJP814ICyn+wkNlfNcFfBw==
- primeng/17.8.0/resources/themes/vela-green/theme.css: sha512-+E1uCMBGsTuNyi1oBE0GPI6LEie3BvKoxBI3WUnpD2wWofMOQYJ7RljRux4QgoqyJ9f96ew7iTmBDOKvzAwgew==
- primeng/17.8.0/resources/components/colorpicker/colorpicker-images.css: sha512-b/2zE/cht34j6bJ+GCTcH0/o2dql1tv4UrKiwKtEGnNt+c8X+DHwKm9MhfbF43c6ndAdSgSfUa9L/6uMILT4Gg==
- primeng/17.8.0/resources/components/steps/steps.css: sha512-Eghd5PUswIF48WLz7dv+hznsW2NQbW+GwNedI+iLfuOTKVUp/nWQa9CBhbwWcyRofs+fovTHUpxcmblUD17+hQ==
- primeng/17.8.0/resources/themes/lara-light-blue/theme.min.css: sha512-Uwp0ycQbEPsFzMS9OIm5R4t4vGP1DJ2HNO0VA2cRsY4BrCS2PvBU61a+DpCLJeK40IezDzbLvM0X7Wt2PhSyOw==
- primeng/17.8.0/resources/themes/md-dark-deeppurple/theme.css: sha512-+IYkq1cKlD+N2LtmEq3h8zLTt1+2E7jSul9y+1iAijZoT6kt8SAj7HhisaYYLR34k1bZp6rQzgYYoJ4TOpOjXg==
- primeng/17.8.0/resources/themes/vela-blue/theme.min.css: sha512-ZzKLX5N/YgpldVm8t4y2eFgPl2Fmo4UGJArNWjydAY1mIUISCuk4jlYXYYNkUV0+yGVvFRsMf7IhZ+D9hvU6HQ==
- primeng/17.8.0/resources/components/overlaypanel/overlaypanel.css: sha512-W2sKUp2JFofTO9rxlDsJ3tx9MvV6MYact5rQFcL2244d9xz8upJqTvprBCIpNbOfZK8O04H5l9J1PegKuQw80A==
- primeng/17.8.0/resources/components/panel/panel.css: sha512-a46xJiIN9A6bDK9gwxz/MaDkfA9wbfCNLK3+kaDsNlq8VxrQd8U2OzWtGHDKvTs38NcHQjeWRCQepes3aK15yg==
- primeng/17.8.0/resources/components/picklist/picklist.css: sha512-PxZXrW8F4fEgWWJZBqm31VxZ3Fory0bY+nEizT09za1KUZUdt/hUTmK0qnVG9eHTJtl5OOgpOJSGIjkRdtsT4A==
- primeng/17.8.0/resources/themes/rhea/theme.min.css: sha512-lAiUzILtp2vxvQZl349RbTiNssflWXJ6kPuu4DAG86ECQuvgEzoA9SHOEi16lmKOUb9/JXz5DCTmhv9IGygBLg==
- primeng/17.8.0/resources/themes/luna-green/theme.min.css: sha512-HjURTDNatTaCmsM58r1yov0z5tUsFOoVM5CS+9zINVaCzCbo8L1+/TcrDv9Z0cFRVOnj2f9zHIyOlfk0J5MuDg==
- primeng/17.8.0/resources/components/dialog/dialog.min.css: sha512-kxV9eKxOpiF8Wcn2yWCTwXh+N01jo4prVpKdRSMZB9EByAd35wtm76T3CR5vTQqKXgEDdF1tLdWKa8M03GRNwQ==
- primeng/17.8.0/resources/components/megamenu/megamenu.css: sha512-H+jV9h1dQtAjpIFvVKApUtFWrA7HUVtz7sThSoEWY6sbNLhU9KgOGorDCckh9pz5dUaFzy1qbhikWQNnK3yJgQ==
- primeng/17.8.0/resources/components/spinner/spinner.min.css: sha512-QVB4yQ0QDZ6hY4oaUc0a31r/WxcFotif6WoAMbSaCQUaEItRkI7ojs4iGMgSm0vm4xiDBqjavLhfFDV2Oah8BQ==
- primeng/17.8.0/resources/themes/lara-dark-cyan/theme.min.css: sha512-bnFB2X5L8frvU0nQw4Foduqs0RXbhzzAvYVOEGw8yRZyXfhsuM2FQuqUvIoHw8s7aJZ5NQ5yOC5Sb8BiMvnBow==
- primeng/17.8.0/resources/components/chips/chips.min.css: sha512-I4m5oJ3nzewCnx6cAU1UndB1ru9CHUctFDcReAbebWpxv9R2/VZXpeujjWsWtZOy6MAh5ykLL0XUPJnbW51p0w==
- primeng/17.8.0/resources/components/panelmenu/panelmenu.min.css: sha512-8QAfAspvPvcaz4P5NSukPfvB9S2BN0DxUUXWs1mptIzsX39Cw5D1i+3vWDxnv79UfdUVezk8QUbDx/VWL+tBzw==
- primeng/17.8.0/resources/themes/lara-dark-indigo/theme.css: sha512-18pslNFBE0zRXC/yYZXIC6mgW1F/IeE9PP+TKOBb63IG93CgC6NHLe6kHHvvGQxhaYb4VUM81eH9kDNonBo5lg==
- primeng/17.8.0/resources/themes/lara-dark-teal/theme.min.css: sha512-AcJlIlvYU+ejEMbdMNFffcxv8qK3fSD1nv7zV0bG7LhcoGjloIprikWgvipfYd1m7/IVTOBi7DMtHNyMHXE6ag==
- primeng/17.8.0/resources/themes/nano/theme.css: sha512-uDAj9gHNs/1rshyvccQKjnUaAOLBnBElhD5S8Zr4zFIvIe3jkNlpFAgc98zO0kOH/H/UF4CiiKksxZitAu8H4w==
- primeng/17.8.0/resources/themes/rhea/theme.css: sha512-DefOwx0xhc0qPVpdMcs8BOwVziKab+/AEzaGknXGHdAkC6E4qSUzg/0lerviS92p3TBPCxSzbS+wYC2zPpL2gg==
- primeng/17.8.0/resources/components/contextmenu/contextmenu.min.css: sha512-zywAEgMByiJ6cn+2Gbx7/+tfahx/CttaSmG+DeIkGjeRtMLvnOX1Qj5DB4LWq9lCy/3WOCHiQbS15JI4vQvi7w==
- primeng/17.8.0/resources/components/editor/editor.css: sha512-bhf387K1Dftn8p8brLKXMacME7IaBZgVrd/0F+piBS9X4Tm2Hl6v4q/zwCpZIy7xVRV64wtGlVAslpkwNz4S3A==
- primeng/17.8.0/resources/components/progressbar/progressbar.min.css: sha512-LyoEp2hEH4CaNlZ7qbQ2dLMcuTjU0wnMQ+MQ0qgync1wvGmDvPGoFK9MnjBko/aBC9G9GyaAPXLz2H2QRKnbCA==
- primeng/17.8.0/resources/themes/bootstrap4-dark-blue/theme.css: sha512-ZtWy8ZUc1qqw5vZ8HeWNpJX2gGUrM/IpnCekN0JfDG+AxZghDmiT3f21fapzao4UCr0bsXzt947TUG9trMIMXQ==
- primeng/17.8.0/resources/themes/luna-blue/theme.css: sha512-Yf4UOrvvTFtF+U6vUeEC6iL+5zt948bwEH9psGXu4Q1Dm3m+cGXoZc+enEvBzc8PPnTuFX2N4BpO9rZiVWff/w==
- primeng/17.8.0/resources/components/dock/dock.min.css: sha512-T68XYTWFvrfWYmKneSGTbv3ai6mGuRLvxN169Qz2jbycpH3r+lZ+0jp5XjPIWkdzPYw2z0fShM6dBzT7h1gzZg==
- primeng/17.8.0/resources/components/dropdown/dropdown.css: sha512-cQvbVE6to2i+RcSyq2gwtg+DVfZCQq71snAD2vRU47kkermZtt5Pw0M4V7ayeqbdNJoT3xAJq7lXpppHN4xNlQ==
- primeng/17.8.0/resources/components/paginator/paginator.min.css: sha512-YvoSo0i4wiu/4OxTe97x+0piB0YIB3eaoDoOCLAnyVrDZhXz8Gatj4ktVtU67xs5DEQ4COn71OM/oO4xxivHuw==
- primeng/17.8.0/resources/components/panelmenu/panelmenu.css: sha512-t34CP3w+Eh/TCz/I+rchDEqwCyzwO/8NvKOtsGeMaJfJ7cCTXwOqzuPx5wc36RaGmjcedemmOTQ9dQylYUcjdQ==
- primeng/17.8.0/resources/components/ripple/ripple.css: sha512-UmEPhFAwWFlQzTK++/ffRvn+FW1UPiXV5BB/QflWrCKgQ2Kjm+8UvT6H9JU9MkILR3HYDwM+AW2XAMjtSfNzgA==
- primeng/17.8.0/resources/themes/arya-blue/theme.min.css: sha512-3ipRR0FMBqtDdkLg+cTndjrG0yCiRjzhglUoYuqXIjWfRdnJ84sdqI8Gz8492Baa0Z+JXrfL9z5H0xJar0R1mg==
- primeng/17.8.0/resources/themes/luna-amber/theme.css: sha512-156j6MhGptQaY7a4SpHMNxVCv9JeFoFr2wCNTi4BXif8Y4zitFrgkinSQPGcTfj3XLH9AXvP/aTksK8Y2Oz9mw==
- primeng/17.8.0/resources/themes/mdc-light-indigo/theme.css: sha512-qAGMnjJG58aN2wulLm734sSkQiLPn2kdbhNsEeqzr5n+JorO/ehvv38uLxDvKghs15y3zX95lNaktbA56wH6yw==
- primeng/17.8.0/resources/components/splitter/splitter.css: sha512-ZXAw+j1fs7faRI1eD/dCjvVKVwI8dOjNeTlj2CVsWMt0bylEo1bBjUSqFu1BSYMLrUr1foIr83U15v1Sma8rKA==
- primeng/17.8.0/resources/themes/nova/theme.min.css: sha512-iHbHvc1Urg3JANZoSofKuKQfN1PCKw9btj4wJkDRYzsNvQa6cdxnMyYbxw97I4HGxyv6h6r+Fzqy1TkhwGsFtQ==
- primeng/17.8.0/resources/components/chip/chip.css: sha512-SjZ5TXvtDlCqVIyTgLc49bk6JCpzOwwlWc8NQIW0C2agcGVYixslD8C5aqt3sH/0g4RFFQGgd1xvovEl23DWhA==
- primeng/17.8.0/resources/components/confirmpopup/confirmpopup.css: sha512-u22BfGHqCB3ePsXLsgk55K6ZXReIcr/2NGIXaLV0f1B7WhfgHlKMA31bxbEHvimc1ODocSoIqxP/INJixMg4tw==
- primeng/17.8.0/resources/components/scrollpanel/scrollpanel.css: sha512-77bYTtXLI6IfOWSLTn84hJeGDmP76dnsYXZgehFRztgjXjP5ZB5IIxQoaIlyVpOBAjwTSt8I2d9Q0zMUFNj6MQ==
- primeng/17.8.0/resources/components/scrolltop/scrolltop.min.css: sha512-8FR3M4Rw9h1w98FdvB6QTXAwrwrXCu7V6kjW0xofkBDFUOsTtaxd1bFqoMG7JAQG6pkwEsbI50cTfn/C06SXhQ==
- primeng/17.8.0/resources/components/tree/tree.css: sha512-N6LfcN8FcmyQnTizRMMhBBPZvLenVFEeeZSTlviPBQOG4tjIUFWFY72PBNOFFN9oYDhVneMo1M0BSfwfRcbbRQ==
- primeng/17.8.0/resources/themes/bootstrap4-dark-purple/theme.min.css: sha512-coljDXesAUWDfMqv9C1VOgnmq2+B7wiIx2A7pIDX2owsD+ECeWr54jUphJt7SeNXHq1fVVpAJDlvVfNDNzkC4Q==
- primeng/17.8.0/resources/components/image/image.css: sha512-F+INqmKQvfP/BOvC/s6TZXHLrNrmlqHPliDjhjIg/JWc/CZB+FAfN8nBvs+ZkSRfpDypCU/NxuLJA++q0ZHmqw==
- primeng/17.8.0/resources/components/timeline/timeline.min.css: sha512-RoOYExAPmCcPlxml0BVl3xnEXCxoEptdNOy87zn6DHsvB8SYild7hEa/1j9mFSIvV+jEG8vYDAtXUuWxw+sG1w==
- primeng/17.8.0/resources/themes/lara-dark-teal/theme.css: sha512-xNTVVmsfC5Tt5UJK68/3sn9xjE/GHSADb7PJ9hEiXy0eY24tLS+xQnqHIwZUnLpQr0n4CGFRgIl6tCTfv2kccA==
- primeng/17.8.0/resources/themes/mira/theme.css: sha512-/PfKMgaDAvIgoBsuGAmgBivDij+dHBf/duTUpJ80kOdYviCYBqgUguzOFRsbCkLPFvwxiyvtdonWjAjmDSGuvw==
- primeng/17.8.0/resources/themes/lara-dark-amber/theme.css: sha512-+x4j8sSc1oXwt1FfIcmVDdOu7hW2i3zDLbiWD68fHyLRL0CDnlo5KCoz/3YIRmd90pQ43eUCXrxywY75oD7DkQ==
- primeng/17.8.0/resources/themes/tailwind-light/theme.css: sha512-Bbi9v5kud6A9/A5EC7kHZCCyyaL4WyKoArsyiUkFylOWwLPdfeM8hprCdx73PsMko8dqwtRoNyXsgRt3RmdGKQ==
- primeng/17.8.0/resources/themes/vela-blue/theme.css: sha512-X1x8tg+j1snEUgWd6OQoiKcjdTyTtA8l4QWIuWsGW2dTnlzhjNNLD1E30Iuh0i1brNgzyfhik5NYLMbZvRaX9A==
- primeng/17.8.0/resources/themes/vela-orange/theme.min.css: sha512-WnzzLgNDgCkZuZvSTyfrVPJPcYJ5gVkhs3c7KegAVIOz3fmWoHVd9pzJE2pgYRyOKOdgLITWRk1zp6x3XaiKsw==
- primeng/17.8.0/resources/components/breadcrumb/breadcrumb.min.css: sha512-l/ywfwMcItzPK1nt0r7JU7gCEWUacJVp1kaS2TAt7ZtPRAnQY58fA0g+s7/QKzXVL1AkmCcae/oFF3DrYoNH8g==
- primeng/17.8.0/resources/components/checkbox/checkbox.min.css: sha512-v/mdyXs76WROCiSHkX8QnVX/ig/yKWTEFKSYVHnWMq23W7HURfh9oi+rkPC44YkKNDU7l1rVZulkeKpI8pL1YA==
- primeng/17.8.0/resources/components/radiobutton/radiobutton.min.css: sha512-BtpHsY6Hi1JIrnCPXUjIrZ9RrCOXRdq2TKe9nDjGSxZ9boKB0ti6pfPIEMmqGlMF1IXR2tiSORqzKQ8d0vdoVA==
- primeng/17.8.0/resources/components/table/table.css: sha512-rgjHGq6Bt7iwCG5VVpwqpSbh782xF7f7x8LQRVhFpl9fhoaIvDvZmNZXwqGtOMXLPWJovdX/xsaJJeuD17i/aQ==
- primeng/17.8.0/resources/components/picklist/picklist.min.css: sha512-Du41mgZ5To/4ayOFWR0GIYsLR4C8OdRZMrNuRk8gUSOVZ/aYfkaRs6E0vHv2BaRq5MLvnOxp96yiF9r8iC9ONA==
- primeng/17.8.0/resources/components/skeleton/skeleton.css: sha512-i+SLatnNroXwX/Spjk9iJoBewIliOuS2QqHpVtf0T2vJr2YGLbXAg+Mjk2t3m2VHCYPIsmFpLBXx4Z3P8INojQ==
- primeng/17.8.0/resources/components/confirmpopup/confirmpopup.min.css: sha512-27EmUxHaYDHs1IQ66oYiInd1o2a8L+T2e1ireOqnz0qYiM8em5YW0BG9OGiFe++HyxRrXIVib8E3Z01eR9ayxQ==
- primeng/17.8.0/resources/components/inputtextarea/inputtextarea.css: sha512-bWHlxZLDy3bKgJIHSg/kxqzi5n3WpKlfAMZXATsRWWiU7gXBvwEFLiyQyF84KMQLx0wUgovgLhlnhmO6H5emnQ==
- primeng/17.8.0/resources/components/speeddial/speeddial.min.css: sha512-q026GhwxGT0oLEib2YG2F7W48HMl0KhR6hhSM6ke9YZhMtJo+GsQAYcrK+JtmuuQgvTmb2FxUtR60X2tNArLFw==
- primeng/17.8.0/resources/themes/fluent-light/theme.min.css: sha512-e1VRZxsTXHrUJyfdrpc+K0e6g9mW+qdBhOYLgNBIfhsk0RAElSeQa+tw/cWj6dBq+Rkl+lr7LlQhX/vE18r1Ug==
- primeng/17.8.0/resources/themes/nova-accent/theme.css: sha512-KSO5dBQvrRztyGBm78AkFEXr/Qiqdx2j+iJ0gKPrFDc3gTVbT+cTCN1oSO24LIquiQkco9fTT0rMNQ/IwSIijg==
- primeng/17.8.0/resources/components/common/common.css: sha512-rVWTKjf6H2W0sIhDC2qPZDxDW2ySZW12Bl7CuGzbvNgnozsob2ByUZj8UxX2RGKpQBkHLjiw2afDRw6PhBUBaQ==
- primeng/17.8.0/resources/components/progressspinner/progressspinner.css: sha512-+vvXQJGwO/eBa9Bs0DiJWDr8hzYpcoMOQsOB8nHrLMeYB8UZYXNITub7hCTy5JBRQzSf7wOF694Qj74/KMZWWA==
- primeng/17.8.0/resources/components/terminal/terminal.css: sha512-bGbtXqUBzgobEYiMkoHCCGypKIux7HLyOkNxHlsQCU/CZYdrqQSu8jCBTNWUmAU2DgpQO5T05tMyv3W+GMyHaw==
- primeng/17.8.0/resources/themes/md-light-indigo/theme.css: sha512-jueFaozVjhGHYBU/9boyov3P7EkOpDCo2ty6Jx4V0pnE7oEFjclu7VWbf7BAI0Rm4miWUD7kczAtNhjBmH27EA==
- primeng/17.8.0/resources/themes/lara-dark-indigo/theme.min.css: sha512-VZcKSEE/sGGV1jUuj8F5oyg7fvHcKZOBU0YGyFhTh2YTZsyoQg5dHUsKpayZWqKA65PE543khWWYw9m4c0VPjw==
- primeng/17.8.0/resources/components/accordion/accordion.css: sha512-RG0B19eGuENnGNPQng3CYylsMGC4g9su1S7UN8J3iiuGqC3tJZhArSwQj3Vvyirc7t546p2RB2HgeqkFCkOkGg==
- primeng/17.8.0/resources/components/autocomplete/autocomplete.min.css: sha512-UwAdbKXBOOIwcA/z1neNs+lYcNe96Wipua9esT9ekqwqgNoZ1YhmJpk6Jr181alGTwwZw0jfHxQ0J0VCcUMG+w==
- primeng/17.8.0/resources/themes/arya-purple/theme.css: sha512-Uly7V32r6h0P6mWv/8q+KbaVlbQgvFimshz6DNcYkL6dp0HN1+g/RhjORYFI84SGXT1z30Ltb/WsHYvWlpFLLA==
- primeng/17.8.0/resources/themes/fluent-light/theme.css: sha512-fcPzJw69YpWZPzM1HgCH1/WsQHXM2sBVknXre9R3xu/ZmTfb9tR+JxSDFJg24RHCNrvaHlpdO9/mcp2Jdnk8Ig==
- primeng/17.8.0/resources/themes/lara-light-green/theme.css: sha512-/KbORvt+ZUmq/GvaBXA7Al5ZxSbM/R9MU8tgVc/GyO27JJUmRgw4FEHNBlrlwjPcTMDEEgmGtwRpj1LCJVRiLg==
- primeng/17.8.0/resources/themes/saga-orange/theme.min.css: sha512-wTWzx/GE890szgvcrD0laJp43UTl47Qk+P79m7VPeT7LPLV5Q4GHbWTKx6ne4zXUw6IzyZNlAyUhBlgzis+1gQ==
- primeng/17.8.0/resources/themes/viva-light/theme.css: sha512-Ge8TSH7WFvL1Fk0GXD3o/dPsdZoGVQHBG3tupIE1jQzb+VGqdU8fEtoNe1UbGH8Scf46TrVgFXqAke0lEwn81g==
- primeng/17.8.0/resources/components/inputnumber/inputnumber.css: sha512-qNWrS0jwE5XpQ2U1COV77m1siIkX3BC2S0QNWYDkE6/FKB23Yn3CTHqTTL8+T5+LvK3IJOO2OruNOihPIelh5w==
- primeng/17.8.0/resources/components/orderlist/orderlist.css: sha512-x8GX2hNt8bSDEvnk1PPxdJ/IvWV02i3KDQJqwO6s7qU9OrqXRQhq5WpYm25hlKSkbG43Pd38lK4EHwMlz8PCYw==
- primeng/17.8.0/resources/primeng.min.css: sha512-BVoBELTgkOGcc6rlWhWZWRKfth+TYFfdQb0d1z/SiRbuuQ97rzRa/XAzdRrtPnwxxWANr+QHo+P3EKi7gVjSBA==
- primeng/17.8.0/resources/themes/lara-light-amber/theme.min.css: sha512-Y/6TnbVXVBYSNRzRL07Nkln4ehSNxPLERpkYOKO62yuUvieW0Wgj+T/lf+84pF68w4ylWk2OhJgM5qIAXmEwsA==
- primeng/17.8.0/resources/themes/vela-green/theme.min.css: sha512-0idzq/Pa5/hwDZa+8oj+7BuNlyzIsecByvs5OqrBnYV8uZLN34qenR3H3jPjC1fmMKj4xsYD4bLNs7RVHwbbWw==
- primeng/17.8.0/resources/components/accordion/accordion.min.css: sha512-xkvwvsixDUyLV82JehC0DdVCEjiCUBUywxmGSW69ZdDZr36roYeoanHbk6JcITsyC3MJZb3dRUIvUvWZdpBqcA==
- primeng/17.8.0/resources/components/sidebar/sidebar.min.css: sha512-7RvChR+KGjYLv2+aamGnkMH2AC9bRXg2l4Qo+NBUhufdrAjaod3/liwPCPBcF9sPFG2lKqCNVKb25ZIsj7tMuw==
- primeng/17.8.0/resources/components/tieredmenu/tieredmenu.min.css: sha512-5tbs31knvwhQuLWUBN7RgQCc9CQCnPrz9y3VEIwhlkWlcKFvUaU3ZdwRQMAp26qhrjILfI1gvH9kBZfq5l4vwg==
- primeng/17.8.0/resources/themes/mdc-light-deeppurple/theme.min.css: sha512-giYAh+DeNrwZ7GeihX7kGhE45IyQh0AnFh1kizxApF4zuceoSBuVtmEXoUe0aKIZ6bSyWOZHQLn1M9AB5+c81w==
- primeng/17.8.0/resources/themes/luna-amber/theme.min.css: sha512-moM1CHzHb9YTfO0EMq0ZNJnIxi2K2QfxqKe/+oEtnncBa5XcKi66cpYgwBRu6Ab0IVQ/FzI2fi28phtdqhrRGw==
- primeng/17.8.0/resources/themes/soho-light/theme.min.css: sha512-rc8QBY4XfKcBV8hsWgyOmrDHzkx1fq2B4jGLbFo67k/xmqdRdpSgObWEDOsCcCsI4qNL21iUCK/wLLtQaD9TTQ==
- primeng/17.8.0/resources/components/cascadeselect/cascadeselect.min.css: sha512-+XruGKA4sISkaanlsNqyqLOFGL6kpDhc9Vxzg5Pog54iwpj2AQylsKjBRHixrmgQk9CrtMkjWEjb/NDhRJs6fw==
- primeng/17.8.0/resources/components/inputnumber/inputnumber.min.css: sha512-yW96p8O4H2RYCTMfEe3Byo1VzLBozYrFoIejb8kqFaP0WwCfsj3iH824N9TRc6kL40so2OYVUifQG0DjzT/hwQ==
- primeng/17.8.0/resources/components/toolbar/toolbar.min.css: sha512-E9HoxIX6VOau2PYboP1mmhTbMZ8KxT3UxMe8P6tGvxBJbepTDcgKtWYZdWQj6ZN3elzqLOkAv6h0TVwGgQDpCg==
- primeng/17.8.0/resources/components/tree/tree.min.css: sha512-frLQcFTbpcodl49TdBVYp46uCE4z1GFW5jF/se9gwwF7ld6w/fu/rpjeTmhttgwTPBebXtZim6mWJdiDt87LMA==
- primeng/17.8.0/resources/components/tag/tag.min.css: sha512-slaq7NPA8MgijvNqF8L4sAKQJqGo9hzzSjkx614ouNU3EsnyqsSm3k/cc6pXjvnZOJxsrLRqX2blzYivQYAThg==
- primeng/17.8.0/resources/components/terminal/terminal.min.css: sha512-xxPxyxGIKFM6ywBLpgrL/cTcIijnc8X0UkGUdad+YglKxGmgmGnu24YOBo/yXHlQ+AlBiINlqPDK/GMOeHH8yg==
- primeng/17.8.0/resources/themes/viva-dark/theme.min.css: sha512-j6ypF2/8i6JufsZaNG8UjnydwguPd814aKsuw8ZMgMPliqwAio/Xh1Iu/HB+MGgHZIEBGvMAXIGpv+MTFV+92A==
- primeng/17.8.0/resources/components/ripple/ripple.min.css: sha512-r1/c9xsccmACY579eCVWWEoJJkoVf9stXmx9D/6O0h8bgpk+2n1AB8dgYNsfkIQYpOAtM1UC+BDidvhvX1ZX8Q==
- primeng/17.8.0/resources/components/splitbutton/splitbutton.css: sha512-9A5ICLfvcxxeNCHBW0Sghbzq7dqVGLESKyuZjUmxfvcUmFELNrs+TT35QlIgGhl2Axb6IhYXyZEMQO7/IZkhfg==
- primeng/17.8.0/resources/themes/arya-green/theme.css: sha512-tydYds2CZvcL5psy/I7YkaAKX2yvhblYGj5Uir/bk1ODM8+J4KyMr4qMiP2yTK8mS7r82iI84hwDoDDtscKRpA==
- primeng/17.8.0/resources/themes/viva-dark/theme.css: sha512-/2mhoNJmFZ/KKtUy15P2aRueYrnTPs64u4DL9ljhp4HFv598UeIT0i+zNABP2EoN7clJoldb38KfjixCFdgr+A==
- primeng/17.8.0/resources/components/breadcrumb/breadcrumb.css: sha512-msYZf8f0uEEB2YlFQ8tEdp3QCbLUDsR7wQWI7epxgeF4OwHufcps23w9wFarWT0CZQ3t1pauaq3PmLqchnyLTg==
- primeng/17.8.0/resources/components/divider/divider.css: sha512-5u12XggOZ/HHMUH1H64fg6rbjiafD8Ex9CpNwP/ksvJSV+CVZOWB8v5GJcdnSqTjcV1DonvacCn+MtN/hwTDmA==
- primeng/17.8.0/resources/components/tieredmenu/tieredmenu.css: sha512-3Fp/rvwvib/W72vYBIVT1hrDynu+dZRR8LGvQiXB70lZtnPpSuQbEP5vYsqTKVnL9FiVs3R45vaPWRlR/TY44Q==
- primeng/17.8.0/resources/components/badge/badge.css: sha512-BOfD5hMG2Griz4gdEllRc66pnSjX/dAJrQBOldLD9pg6C33YHfmIZhO23napsBbsct1cbG6A0Yy/hWHtmc5cmw==
- primeng/17.8.0/resources/components/editor/editor.min.css: sha512-XOHu7ITbrrPIODeNpvkHqS5BexUMiPbnUa4awFG5BbkK0kTf+o/MuTlm4K+Lm6TUkrt6/FlyM46bBcV87/5CBQ==
- primeng/17.8.0/resources/themes/lara-light-pink/theme.css: sha512-hOp9pYbJ6k9ph6HRlOgmiutJBMNVvRt/ng8yIPEWjVO7e1D/Dlji9Z0TrXxD7l7i6IVgWF/hA5kKnQB04o8L2g==
- primeng/17.8.0/resources/themes/luna-pink/theme.min.css: sha512-MeW0VaeoA9d8x/UFSNqIbtPxnBCU3xVdo0cI7eEqIv2LaU0jUsbd+54Fw8vQMxvYjhDAwNKXM4MtiStyxLfTdQ==
- primeng/17.8.0/resources/themes/md-dark-indigo/theme.css: sha512-kzkEqqmiiMN13GOiWHsUxNWwERUmwqoEoFpAdEYVyxlXwZXwjWtkYyq9tejlEZZayEM+TGt575HJ5YxsJv3WoA==
- primeng/17.8.0/resources/components/blockui/blockui.css: sha512-VghU8Uwj+HXbO4M1kY2kczParws8BVvg2yS6aX50Q0QGCZ5BLAyhtrLJ+JNhr1ujg6HcGcO4iJLYZRQ2iDfsvw==
- primeng/17.8.0/resources/components/message/message.css: sha512-dcxS6K9wFHYiCdmWk8b9U/u1Z6qkwmhBCTyqzhVE3m1P3W/ExipeQs/9kRJj8RX1s9KdvuZeLiRdhKccq4B7uQ==
- primeng/17.8.0/resources/components/scroller/scroller.css: sha512-k0nfp2RnmcvSFWLk4ty/+Ye2RR4LpBnuJZiXSmUUZ143c6JZH75szkgnaN2i4F6qM6Cl8j4srfYGTdJLzW7b9Q==
- primeng/17.8.0/resources/themes/luna-green/theme.css: sha512-T3mRMZSEYd/ErPF/0awVY+adK3BJh54DLjPmquDxywiVCe3c0kmuNrBXlu2vKCgABSSOPUTlMJC/zkWiJQynAA==
- primeng/17.8.0/resources/components/calendar/calendar.min.css: sha512-O7Cbd67qTFVqTKfSBIQcq72M2t7OGucMjhDQmWyqBEM4JAtbR+xw+Axqlv2aivi77T9WgmNIidVQvs4dMv4/EA==
- primeng/17.8.0/resources/components/password/password.css: sha512-wdizdykDuOBklPEOuO3LZ8qCf8lIxGBWC6jDzkFPOyRBfOxNV7Fztpde3vobwPNlfsqT+0h0csfyyhN53GpUTA==
- primeng/17.8.0/resources/themes/lara-light-green/theme.min.css: sha512-h+qZUKJY9vJz2riLojLQfr6bH1UEHgdNE06Qgr+T0aJtOP0PLtvGu3yFA923QWOmLyT/Xmoq6Ph34ga28DE5cA==
- primeng/17.8.0/resources/themes/lara-light-amber/theme.css: sha512-S2ItmS1wJkLx82zgLjToSrLvCO7ZKhX+h8lBcJaUwarOGR2htILfWVeuPo5m3XtPrt0StXbfcs35Bd1acm0JBg==
- primeng/17.8.0/resources/themes/mdc-light-indigo/theme.min.css: sha512-yVEsQsunV7gZmdMdXg5H5gcdXyEBYv8N0yFxB1iAW99rg/O5aAe2hljcqFMSSDFR+DaAFdBwCzX/2es7MkV76w==
- primeng/17.8.0/resources/components/menubar/menubar.min.css: sha512-a7rCgW02Ya6tOJEHJKWDzUuoRqLYbSpJqvaT5zHpoTM++HmwLPLJMm9yFjTvVgBaxqb9xTMDcbLjpGlJPRQ+nw==
- primeng/17.8.0/resources/components/message/message.min.css: sha512-solPSC4b+4yb/2+s59PxhrVkvCHlt3bi61TNEMGp1AOh5IwpXH5o30rXjwECAeEA/DaiImQZhD8d6UM8+IniGA==
- primeng/17.8.0/resources/components/rating/rating.min.css: sha512-UxnApYfOCYodluHbVsWQKkv+nfb1EOifHR05Wrp7oGZ4gT0u6aUCH9OzCMUI9L3kxnJOjFAAgc07CQPc/85pUQ==
- primeng/17.8.0/resources/themes/bootstrap4-light-blue/theme.css: sha512-df5q0SMW/xdBk9mkEYoGfu1CaCsaEdauEpU/L/vdHypCd4T0E0wluJx372S/BDq4izKMYXylcxb4uyjRarpq9w==
- primeng/17.8.0/resources/themes/lara-dark-purple/theme.css: sha512-1YqfHiQdVpo9vJZP1dQSjVLv7Z/3PiL6hSsmaRpCsUCoU0aL+NSWecBJvsVcS3A+j0TVRf0Mloca5fiP9WBQWQ==
- primeng/17.8.0/resources/components/card/card.min.css: sha512-z4PhNX7vuL3xVChQ1m2AB9Yg5AULVxXcg/SpIdNs6c5H0NE8XYXysP+DGNKHfuwvY7kxvUdBeoGlODJ6+SfaPg==
- primeng/17.8.0/resources/components/carousel/carousel.css: sha512-PnKNDMNjmmVE8jb9mNxhK0FVhHr2sX8oauLVBfegolAoUANAmWZI3EvIsnKlRuG72uEPNhf2hKsdJWZFWt3evg==
- primeng/17.8.0/resources/components/steps/steps.min.css: sha512-or6XwIvHGZQ7qM1nANE+jYnZakI8N/VlRlSqbISxquISugKyHxppdsSCZtPB+q1pW8J7B9Jp1yxvHErRL0bOyg==
- primeng/17.8.0/resources/themes/saga-purple/theme.min.css: sha512-EpAAY3etmZj+baoIRpDHlFbvmkmcDTfk78ucY/4k8wm41jMTq5DGFAkZVa8cQ+GdFxa5yICZHhSncotN93EwdQ==
- primeng/17.8.0/resources/themes/md-light-deeppurple/theme.min.css: sha512-f0DfKJjXEsQGYsYGoCH19WYeII4a6LFvMP9QMFMOZuQiEMTkiqP67Lj/LdVifFazKB+z0YBRo8FgHNeIZRH1ZQ==
- primeng/17.8.0/resources/components/card/card.css: sha512-zUHfxlVg/VGK5fMxXqs5qpYF4UGQQOMdtO71tlGSoA0KwSDaCpro3x2lUy8oalzoQDldyq1H73FvRc2kWgoMHA==
- primeng/17.8.0/resources/components/radiobutton/radiobutton.css: sha512-d2doxKL6AQFH34Mo5WElBd22ihedVOF36x0Z0JTR1FiWa8s5h7DFX4T/7qEtWyPvxQfk9PJwCbOa4cmNmfLuLQ==
- primeng/17.8.0/resources/themes/lara-light-teal/theme.css: sha512-5eoSCeohP55N0YB3R2y7N6dOvA212gUOvj/x9d/AWG+D7wzlM68vWEAjpGQ/gWIjNtR+kfPOy18pi5jiYMrueQ==
- primeng/17.8.0/resources/components/spinner/spinner.css: sha512-fGRpLEm4KA3jNsLTFEBOzmryKggDji8nTaLJkqV9Uyg/AogFYy71GfZbL01xqf3OIacB8nQH9RAZmOF3wKo+Jw==
- primeng/17.8.0/resources/components/splitter/splitter.min.css: sha512-BbT8BBJ6LEnwgcDkYrN18eYiejwBenMrE5MQABUN7vWFocjsOnfD5JD6MT1WNkLHMXOjTHluIilNSOdOxxcS4g==
- primeng/17.8.0/resources/themes/md-dark-indigo/theme.min.css: sha512-gUv09znpi0PG0aAm5jNOnPgs8/ujZhQ7VNoZCvoAzCy4PdDP68oWSkQiBb80SErktYnLrdKBQ65Al8z3FBTVUw==
- primeng/17.8.0/resources/components/organizationchart/organizationchart.min.css: sha512-S/BcYfj74oZnbG9EJsYTngcZddV+TTMXPX9cjBzooLWzQ5LQ74bHEul3ukLBVfFXKZuqwwXFGbC3lQaNtpNXpg==
- primeng/17.8.0/resources/themes/mdc-dark-indigo/theme.min.css: sha512-eHLmltnlOpaYNdoBPRqo7vonUrjnVT4YDZULZ/Y3YePaJBrU9XbhBgykmzk6ZU2rBrZt4+yJK9IeLdjbArqbMw==
- primeng/17.8.0/resources/components/colorpicker/colorpicker.min.css: sha512-F6Oj2r5JpOXnWNm/m9n2WiLw0RKoiFUBhYgGrESdND38h3fewe5WMwOybEI/Hfuct7nrY3rDJd9NKn606csfgw==
- primeng/17.8.0/resources/components/inputtext/inputtext.css: sha512-wWdOS0uMA5O/RdjUOu1qZ6Jwq3IBCDH/SO8pkcE3q6WvuQ0uFGp2dJX3eaW1YA7WUgtFX/EkywHR22iDAm+/2w==
- primeng/17.8.0/resources/components/scrollpanel/scrollpanel.min.css: sha512-ck0sCzANr6jFF8RxKkonN3r6JHqqMYVfELB8s6jX3giw61dgM6PmMM12ao7fWQ6hgbGke/GQYPO5TcQBBBL7wQ==
- primeng/17.8.0/resources/themes/saga-orange/theme.css: sha512-t/URAYOQcCt/N4exoUY8zQQRzSaYC+PqMl80/rcjTbfW+B1VWpOXViQoSDMDeM780pL8qkTCCj9Xfymwq+/wfw==
- primeng/17.8.0/resources/themes/luna-blue/theme.min.css: sha512-0O62lzAO9bzQRgOjYoHWbYDRQb/r0U3HvwgcTFsrmJ4ptKNKZBzMXQTM7F7VmRvtWmWYpH0RTCHwQPNPZPv6BA==
- primeng/17.8.0/resources/themes/nano/theme.min.css: sha512-U2FEpbhFYYHpDnd+QcCQa1FlxUxV/sTrKUOKdB0gOm/Q5j4hPoWRk72/dpWjitTdJzXN9DDUYQF1Qz2gfpx36A==
- primeng/17.8.0/resources/components/messages/messages.css: sha512-monsAvvF9iWtE5oIGByBd1vigvb9cKqW+Y6b942rLRekgJENvbLxGtsttJPL4DL2Hl91mpgZxRg2yGaMZ8Zm6Q==
- primeng/17.8.0/resources/themes/lara-dark-pink/theme.css: sha512-wKTTfC+IaLcmESXE1qqzfQHSbJ05YqDcehfXQqM+M9y/HX9xsmdDro3ErqUCTGoGBIQQlZVAvgTwmEK1pRUEQA==
- primeng/17.8.0/resources/themes/lara-light-purple/theme.min.css: sha512-zNFoRrupN7weU/dx8Gl2At6e51tNS+vwzd/RrbnU9LWiRINziyGiB6t1VA2ivNDY1/y5j1hpDkbPJ68in1kZGg==
- primeng/17.8.0/resources/themes/lara-light-teal/theme.min.css: sha512-THK8phyQI6exEouHSRBJn2fTIf/tA/u8TCbr+7VqCxeKRxXbY+8LXmqM/DMRcXnJhn0wddgulwNtIi/jUW5cNg==
- primeng/17.8.0/resources/themes/bootstrap4-dark-purple/theme.css: sha512-t2xgbJoIKbf7men0W9/pb9SkMGYepoJmCU2cGF3GrgCJfhnntvcdkusGhDSIDDuUXRuX0SsQxKdbQ6dY1NEONA==
- primeng/17.8.0/resources/themes/saga-blue/theme.css: sha512-h4LXj8g2qF6Ed8quo84NX2JHNMDwuQz9nfJhWLDUeR/5KouPhqveEgH6HYimk1vqg51+/ujsQrScnFBHhOyKWQ==
- primeng/17.8.0/resources/components/common/common.min.css: sha512-U1UN1iv/rkhRyMzp7tLGV4hI0nOwFmJabituR+/hkrvJf/mr4jPi+A6B29F7Q2cYq6/ciFW+mXzmIMXh6zD65g==
- primeng/17.8.0/resources/components/skeleton/skeleton.min.css: sha512-QtI+ABgf0QEJLQ2E4TLYI4JWAv4sn6wuAARU6XHxwy/jX1DDXSFA5fAMaBRyo2C3E4tejJwvCSwvl129IsTGmw==
- primeng/17.8.0/resources/components/toolbar/toolbar.css: sha512-3cxzIQJTYjNbuYc2hNrEItHXN4x9AEzZe5w6an7CAaKSOzczUgVyvfiXPfhretParUtSqht7uVwMMPPD78hqzQ==
- primeng/17.8.0/resources/primeng.css: sha512-yeABrPSMd2X5zsiAgBkNXzJ6TGWMokte0ty3tLrTkaezUvvpz49IoxaqyObdE6gT+y1CMB7ThohWfUFeALJzuA==
- primeng/17.8.0/resources/themes/vela-orange/theme.css: sha512-GEb10rY0Xzur2ciDyD7ekrob7OIUOgXGns8Yhs4HxJfzs09tTBqjlKLpMJppFr5AcDxeR8bdsKw3yWR69qyiUQ==
- primeng/17.8.0/resources/components/inputmask/inputmask.css: sha512-fEQVpph/Ut7B1nnKS8nVKp9hx8N3Ies0+VZmc0gjeXICaBDAUWEbhECsD3S3CvQfW1Lw6ZhSxRZlm9uY8lyx5A==
- primeng/17.8.0/resources/components/megamenu/megamenu.min.css: sha512-2tfMHCr3sFLhmfNXFR0LCJtwfQAsGv4QslVEP23mNv5LU/yfD95wMVY1hnBMm3pq3KLyL374pnj/tYvM7952sA==
- primeng/17.8.0/resources/components/menu/menu.css: sha512-djzY2QkDLSbwLiqM9mkALI2Pf5oO/boi79xzC+fVhg+UyX4oQY1Gjc9xU4+dtCpc0/ljQRweXuUaWqQEEWOB/A==
- primeng/17.8.0/resources/components/treetable/treetable.min.css: sha512-bmuGojrvoT9EHK3U5Bl1RTDw9eimRccBj4j1z1PJfu6/BuDm4XS42E/tF88vUnUorKWOEAZFf6UEHcEhi51r9A==
- primeng/17.8.0/resources/themes/mdc-light-deeppurple/theme.css: sha512-TzueKRD69hQTXitZWoGlYYZXOQ2tJHC+eWlfQGtWeIAGVIxVUWwOU3cwQfFk/WCW8FcvtIbjCal4jP9kA45tkQ==
- primeng/17.8.0/resources/themes/saga-purple/theme.css: sha512-BTI7NoV8cS0DDtO+HtzYUdb615nknf0iJwHRii6Gm2BaD5BkflG4NLc2Sob9GqPok7kSAyGnKpb1n3P0MJnGng==
- primeng/17.8.0/resources/components/chip/chip.min.css: sha512-h4Cpg7ASd7utihGTpR8JDRpsWm9p7N/h3d1pQkpqDGKGDkhBYiXR38YV6rHP/lT07eEbL0savXs+yRGP+2X9EQ==
- primeng/17.8.0/resources/components/listbox/listbox.min.css: sha512-ans9AdVzW55hUqzNFM7ssjVJ4o3AJ+ppZ31+o0GWIJhZEMgdFN3JNMHNWOjioLh9/oNLKjR1bNn7RsOmSkMxLA==
- primeng/17.8.0/resources/components/menu/menu.min.css: sha512-hB6gyI6KYQPYPWwZ+s2c4KTaarKCpAWhq79pYC0/z0nYpFEjkGCQHONsAV0d5TtaHvYgSfZzqpOHJjQmxP2DaA==
- primeng/17.8.0/resources/themes/lara-dark-amber/theme.min.css: sha512-wZrl247vBZh6HrHPnzRPVp4oYnQNeyZc0TtdaIeNt54CtPiT3s9AW0ZfKR6dAyJAnQYRLtKRl0V5UJDO9kpuAQ==
- primeng/17.8.0/resources/components/dialog/dialog.css: sha512-GC9hsHBoMoyta32J0rsnANdEeVUvU9ZI6YVjE3D2uPSsPqDlT8uN2s+fKp9e2rLMGvcLe/QCqfP9dsmqATdWHw==
- primeng/17.8.0/resources/components/dock/dock.css: sha512-p03Ea47SQ7+93bZmiht5J6W3eK4RrldhTu4EIdX47gn47+lICOTLm7xx+mkMU+qUyFDkWs4qeZqnnUTWawRojg==
- primeng/17.8.0/resources/components/avatar/avatar.min.css: sha512-4EjFc5ISsWt1veRQoIG4aG2iwLWIdsBAHsbwj1At+1eSVLrf4bs3I8ut5WvRUiUlF3pehTM8chi1VuNywhVBMQ==
- primeng/17.8.0/resources/components/carousel/carousel.min.css: sha512-OldQUaoJioKuTUW9Vm0gaXr8ytkBs+/4398mmFEMEQljZN9EENOYywCI0Oox3s6WwIIZJiYG6y/2ehnL+B+xVg==
- primeng/17.8.0/resources/components/divider/divider.min.css: sha512-VoDJYC3Iyca/8wP7Wx3xNrDcbyvn201vNokPBiiR1zLkuAszke82CL8T9PEdprrySOOc/BDgqQZBrAERN92yaA==
- primeng/17.8.0/resources/components/knob/knob.min.css: sha512-xFLbJCGwTbUMKekEUfY0tOdTZahIfEjv6ejYPmYMf6emwK10V04vySBjOjd4sNLyE0lneTAdfE9LMOZiyuaiQA==
- primeng/17.8.0/resources/themes/vela-purple/theme.css: sha512-gnDrCESTmUeqNvst4pewmHBUjZK3vcAc09S+qfxJmJTCHFPDhtm81znT7JsgWRUOx3BHiKuFTOglOc5CVeKXDQ==
- primeng/17.8.0/resources/components/image/image.min.css: sha512-3fnh81mztcNITgzZiNUa1/VqPJMqpXLcY1gFVX6aMHOqGDKJiZ9Kf+uiub2SAYXN8XiSyzCfUA1xK/IAN6kIQg==
- primeng/17.8.0/resources/components/treeselect/treeselect.min.css: sha512-SQefHiyfVaYnCzshpz4/POAxFg0JpDuqoSp65u4KuwxUlcrvxmP9n7KpplsQGVeJsPJJTrIwLCTKUxUqV7zXQA==
- primeng/17.8.0/resources/themes/lara-dark-green/theme.css: sha512-AUKlSkiRy/jVbPegNgJE1Cqrp12Ci43RANtd4/rpjSRo1gnr8PL4XA0d8sGDNVr5PKdqZck13VyCIudUVSQ6fg==
- primeng/17.8.0/resources/themes/luna-pink/theme.css: sha512-1hm/Vubg4F6KySpZrqrAZWFmDmj9Kc5S46OCJtOo5mORdDG3XE8JLoSj3+gf80WhwvoHfz3n5hhk+TjRVxbInQ==
- primeng/17.8.0/resources/themes/lara-light-indigo/theme.min.css: sha512-666VfUVlNYNPAKty/bbzeKpBld8ME6ILBtEprWFCxlWtgiLeWafIyVVn740CTx12A0VtgSuttY4tbG5hI5zlZQ==
- primeng/17.8.0/resources/components/button/button.min.css: sha512-bPkBF+L133qvJ1Y8i3gsbkZsuMh0mRLSIeZFqziAMwlQL5xlaF08xHqTQzc+OvesoDfo6q1EeC8ZtFKuavfdVg==
- primeng/17.8.0/resources/components/slidemenu/slidemenu.css: sha512-XtkJRPfqhnq1tDFVz1iQTnvsa44j6MZn04q8WzKcUj9Cy1sAjzuBhGKn4ZV5T/xj0IMix/m3Tv5Ojs4QP4IbNw==
- primeng/17.8.0/resources/components/tabmenu/tabmenu.min.css: sha512-2OmI/rZfuE0Ozx7MRhkffL1lqF6Ir9Wbmhn4s5dBTl/TT06M1u6cBrWJuPHlmxSH9tUc5cjOWslqEHArehdLCA==
- primeng/17.8.0/resources/components/toast/toast.css: sha512-KPxvIphZm9HF975X+wuJXbsIT96xmnuTxU8uj6hMsjJVitBnd92o1NCne86zzvzjNXFj4CEuNJ2v5FntpJ8pDw==
- primeng/17.8.0/resources/components/menubar/menubar.css: sha512-Nk7GJ3a1vQ6+vOygMfwAq5vYljRm+DdUxR5+0RjfKcjiqE6dKKoAtqR/Wqz/8ORVapN9hz9xKVuG/5vqjf49Iw==
- primeng/17.8.0/resources/components/panel/panel.min.css: sha512-+wpoG2djmw5Y4R/Ceo1R0AwNzw3hdKiUtBGvKBUYxq2EZnpdU1AH04XU3yAsSEEiY19/nBUCyZW84T7tPwzlzA==
- primeng/17.8.0/resources/themes/arya-purple/theme.min.css: sha512-2qOebnM/Jx1dcITYfRiJOsLjn1lHWQzVtZdglwv9WtWwssv3LRQOZloqs5KgRavA+DrVss7YKbLXGoHwSFchkw==
- primeng/17.8.0/resources/themes/mira/theme.min.css: sha512-FzXGn616gxXZsNA4D8zCZbdkRINuKz+XYDnest9cRyyrALrUpqqtFBVQVVg48U9iK2xYOIvDXLAqv7hdtLGxPA==
- primeng/17.8.0/resources/components/button/button.css: sha512-lo8xnCcS1CqFJMTpfQKYRvkB2J6Da5Vx95jb/lL58WgFqpc2f2PU/CEEh/cyLIlsKjWcrPJIVpwrrpqqAoclnw==
- primeng/17.8.0/resources/components/fieldset/fieldset.css: sha512-mz64boQptVCWFoA42fyheVgagkiBE8rbapFWy2w/1u1uUtdT4otJmUvnpAdlQ6thaZ2FzBcXdc/bYUd2kIEcig==
- primeng/17.8.0/resources/components/inplace/inplace.min.css: sha512-cIErf5TQbTCE9aLjCjXdbY5qaOatqqfEODTRh1Ws1m92G6Oa9+ltiwsZhU4ppBsYK42HEZScGqLihtBkS4qfoQ==
- primeng/17.8.0/resources/components/inputtext/inputtext.min.css: sha512-AnS58m4kNbbkge4+LT7sAWIPawG0UK9W8ynPgNyavkkAITIgiN9/5A4Teur1ntrbGsqXUTS9T1Kt2zOijwlszw==
- primeng/17.8.0/resources/themes/viva-light/theme.min.css: sha512-0vGnTK8HsL96cQ1mpcgVK8Qb4w5oXsqvDt556UzWphdCWvpgZ24SbIDetiDSXK1uDw+A7J+gtjLiqaPdnbf9Bg==
- primeng/17.8.0/resources/components/inputtextarea/inputtextarea.min.css: sha512-7wKj6LCAtZgJwZohoT5I/rjQlwwUVOtjWOePfNGE6qBw2fCj1diI0dVlQgAKBw2Odl/uuArlzt4pmrBjrC1SIQ==
- primeng/17.8.0/resources/themes/nova-accent/theme.min.css: sha512-59liW5Ik2sAsDi2hwkHeUQbzI/BAm72/kLl4JuRcg1crseCScwtHSO0A3Wl2uq0/RDr6umJrTvLVck68K8ajIg==
- primeng/17.8.0/resources/themes/soho-light/theme.css: sha512-rWR8cAUDc8/o7BTJvap+TqNKISALCF6jcnz9tHq0dj+fPanpZ4X/8hPV4rx3820G01J88K+9nTlIkji/4Rve+A==
