Files:
- fontsource-noto-sans-meetei-mayek/5.0.12/100.css.gz
- fontsource-noto-sans-meetei-mayek/5.0.12/100.min.css.gz
- fontsource-noto-sans-meetei-mayek/5.0.12/200.css.gz
- fontsource-noto-sans-meetei-mayek/5.0.12/200.min.css.gz
- fontsource-noto-sans-meetei-mayek/5.0.12/300.css.gz
- fontsource-noto-sans-meetei-mayek/5.0.12/300.min.css.gz
- fontsource-noto-sans-meetei-mayek/5.0.12/400.css.gz
- fontsource-noto-sans-meetei-mayek/5.0.12/400.min.css.gz
- fontsource-noto-sans-meetei-mayek/5.0.12/500.css.gz
- fontsource-noto-sans-meetei-mayek/5.0.12/500.min.css.gz
- fontsource-noto-sans-meetei-mayek/5.0.12/600.css.gz
- fontsource-noto-sans-meetei-mayek/5.0.12/600.min.css.gz
- fontsource-noto-sans-meetei-mayek/5.0.12/700.css.gz
- fontsource-noto-sans-meetei-mayek/5.0.12/700.min.css.gz
- fontsource-noto-sans-meetei-mayek/5.0.12/800.css.gz
- fontsource-noto-sans-meetei-mayek/5.0.12/800.min.css.gz
- fontsource-noto-sans-meetei-mayek/5.0.12/900.css.gz
- fontsource-noto-sans-meetei-mayek/5.0.12/900.min.css.gz
- fontsource-noto-sans-meetei-mayek/5.0.12/files/noto-sans-meetei-mayek-latin-100-normal.woff.gz
- fontsource-noto-sans-meetei-mayek/5.0.12/files/noto-sans-meetei-mayek-latin-200-normal.woff.gz
- fontsource-noto-sans-meetei-mayek/5.0.12/files/noto-sans-meetei-mayek-latin-300-normal.woff.gz
- fontsource-noto-sans-meetei-mayek/5.0.12/files/noto-sans-meetei-mayek-latin-400-normal.woff.gz
- fontsource-noto-sans-meetei-mayek/5.0.12/files/noto-sans-meetei-mayek-latin-500-normal.woff.gz
- fontsource-noto-sans-meetei-mayek/5.0.12/files/noto-sans-meetei-mayek-latin-600-normal.woff.gz
- fontsource-noto-sans-meetei-mayek/5.0.12/files/noto-sans-meetei-mayek-latin-700-normal.woff.gz
- fontsource-noto-sans-meetei-mayek/5.0.12/files/noto-sans-meetei-mayek-latin-800-normal.woff.gz
- fontsource-noto-sans-meetei-mayek/5.0.12/files/noto-sans-meetei-mayek-latin-900-normal.woff.gz
- fontsource-noto-sans-meetei-mayek/5.0.12/files/noto-sans-meetei-mayek-latin-ext-100-normal.woff.gz
- fontsource-noto-sans-meetei-mayek/5.0.12/files/noto-sans-meetei-mayek-latin-ext-200-normal.woff.gz
- fontsource-noto-sans-meetei-mayek/5.0.12/files/noto-sans-meetei-mayek-latin-ext-300-normal.woff.gz
- fontsource-noto-sans-meetei-mayek/5.0.12/files/noto-sans-meetei-mayek-latin-ext-400-normal.woff.gz
- fontsource-noto-sans-meetei-mayek/5.0.12/files/noto-sans-meetei-mayek-latin-ext-500-normal.woff.gz
- fontsource-noto-sans-meetei-mayek/5.0.12/files/noto-sans-meetei-mayek-latin-ext-600-normal.woff.gz
- fontsource-noto-sans-meetei-mayek/5.0.12/files/noto-sans-meetei-mayek-latin-ext-700-normal.woff.gz
- fontsource-noto-sans-meetei-mayek/5.0.12/files/noto-sans-meetei-mayek-latin-ext-800-normal.woff.gz
- fontsource-noto-sans-meetei-mayek/5.0.12/files/noto-sans-meetei-mayek-latin-ext-900-normal.woff.gz
- fontsource-noto-sans-meetei-mayek/5.0.12/files/noto-sans-meetei-mayek-meetei-mayek-100-normal.woff.gz
- fontsource-noto-sans-meetei-mayek/5.0.12/files/noto-sans-meetei-mayek-meetei-mayek-200-normal.woff.gz
- fontsource-noto-sans-meetei-mayek/5.0.12/files/noto-sans-meetei-mayek-meetei-mayek-300-normal.woff.gz
- fontsource-noto-sans-meetei-mayek/5.0.12/files/noto-sans-meetei-mayek-meetei-mayek-400-normal.woff.gz
- fontsource-noto-sans-meetei-mayek/5.0.12/files/noto-sans-meetei-mayek-meetei-mayek-500-normal.woff.gz
- fontsource-noto-sans-meetei-mayek/5.0.12/files/noto-sans-meetei-mayek-meetei-mayek-600-normal.woff.gz
- fontsource-noto-sans-meetei-mayek/5.0.12/files/noto-sans-meetei-mayek-meetei-mayek-700-normal.woff.gz
- fontsource-noto-sans-meetei-mayek/5.0.12/files/noto-sans-meetei-mayek-meetei-mayek-800-normal.woff.gz
- fontsource-noto-sans-meetei-mayek/5.0.12/files/noto-sans-meetei-mayek-meetei-mayek-900-normal.woff.gz
- fontsource-noto-sans-meetei-mayek/5.0.12/index.css.gz
- fontsource-noto-sans-meetei-mayek/5.0.12/index.min.css.gz
- fontsource-noto-sans-meetei-mayek/5.0.12/latin-100.css.gz
- fontsource-noto-sans-meetei-mayek/5.0.12/latin-100.min.css.gz
- fontsource-noto-sans-meetei-mayek/5.0.12/latin-200.css.gz
- fontsource-noto-sans-meetei-mayek/5.0.12/latin-200.min.css.gz
- fontsource-noto-sans-meetei-mayek/5.0.12/latin-300.css.gz
- fontsource-noto-sans-meetei-mayek/5.0.12/latin-300.min.css.gz
- fontsource-noto-sans-meetei-mayek/5.0.12/latin-400.css.gz
- fontsource-noto-sans-meetei-mayek/5.0.12/latin-400.min.css.gz
- fontsource-noto-sans-meetei-mayek/5.0.12/latin-500.css.gz
- fontsource-noto-sans-meetei-mayek/5.0.12/latin-500.min.css.gz
- fontsource-noto-sans-meetei-mayek/5.0.12/latin-600.css.gz
- fontsource-noto-sans-meetei-mayek/5.0.12/latin-600.min.css.gz
- fontsource-noto-sans-meetei-mayek/5.0.12/latin-700.css.gz
- fontsource-noto-sans-meetei-mayek/5.0.12/latin-700.min.css.gz
- fontsource-noto-sans-meetei-mayek/5.0.12/latin-800.css.gz
- fontsource-noto-sans-meetei-mayek/5.0.12/latin-800.min.css.gz
- fontsource-noto-sans-meetei-mayek/5.0.12/latin-900.css.gz
- fontsource-noto-sans-meetei-mayek/5.0.12/latin-900.min.css.gz
- fontsource-noto-sans-meetei-mayek/5.0.12/latin-ext-100.css.gz
- fontsource-noto-sans-meetei-mayek/5.0.12/latin-ext-100.min.css.gz
- fontsource-noto-sans-meetei-mayek/5.0.12/latin-ext-200.css.gz
- fontsource-noto-sans-meetei-mayek/5.0.12/latin-ext-200.min.css.gz
- fontsource-noto-sans-meetei-mayek/5.0.12/latin-ext-300.css.gz
- fontsource-noto-sans-meetei-mayek/5.0.12/latin-ext-300.min.css.gz
- fontsource-noto-sans-meetei-mayek/5.0.12/latin-ext-400.css.gz
- fontsource-noto-sans-meetei-mayek/5.0.12/latin-ext-400.min.css.gz
- fontsource-noto-sans-meetei-mayek/5.0.12/latin-ext-500.css.gz
- fontsource-noto-sans-meetei-mayek/5.0.12/latin-ext-500.min.css.gz
- fontsource-noto-sans-meetei-mayek/5.0.12/latin-ext-600.css.gz
- fontsource-noto-sans-meetei-mayek/5.0.12/latin-ext-600.min.css.gz
- fontsource-noto-sans-meetei-mayek/5.0.12/latin-ext-700.css.gz
- fontsource-noto-sans-meetei-mayek/5.0.12/latin-ext-700.min.css.gz
- fontsource-noto-sans-meetei-mayek/5.0.12/latin-ext-800.css.gz
- fontsource-noto-sans-meetei-mayek/5.0.12/latin-ext-800.min.css.gz
- fontsource-noto-sans-meetei-mayek/5.0.12/latin-ext-900.css.gz
- fontsource-noto-sans-meetei-mayek/5.0.12/latin-ext-900.min.css.gz
- fontsource-noto-sans-meetei-mayek/5.0.12/latin-ext.css.gz
- fontsource-noto-sans-meetei-mayek/5.0.12/latin-ext.min.css.gz
- fontsource-noto-sans-meetei-mayek/5.0.12/latin.css.gz
- fontsource-noto-sans-meetei-mayek/5.0.12/latin.min.css.gz
- fontsource-noto-sans-meetei-mayek/5.0.12/meetei-mayek-100.css.gz
- fontsource-noto-sans-meetei-mayek/5.0.12/meetei-mayek-100.min.css.gz
- fontsource-noto-sans-meetei-mayek/5.0.12/meetei-mayek-200.css.gz
- fontsource-noto-sans-meetei-mayek/5.0.12/meetei-mayek-200.min.css.gz
- fontsource-noto-sans-meetei-mayek/5.0.12/meetei-mayek-300.css.gz
- fontsource-noto-sans-meetei-mayek/5.0.12/meetei-mayek-300.min.css.gz
- fontsource-noto-sans-meetei-mayek/5.0.12/meetei-mayek-400.css.gz
- fontsource-noto-sans-meetei-mayek/5.0.12/meetei-mayek-400.min.css.gz
- fontsource-noto-sans-meetei-mayek/5.0.12/meetei-mayek-500.css.gz
- fontsource-noto-sans-meetei-mayek/5.0.12/meetei-mayek-500.min.css.gz
- fontsource-noto-sans-meetei-mayek/5.0.12/meetei-mayek-600.css.gz
- fontsource-noto-sans-meetei-mayek/5.0.12/meetei-mayek-600.min.css.gz
- fontsource-noto-sans-meetei-mayek/5.0.12/meetei-mayek-700.css.gz
- fontsource-noto-sans-meetei-mayek/5.0.12/meetei-mayek-700.min.css.gz
- fontsource-noto-sans-meetei-mayek/5.0.12/meetei-mayek-800.css.gz
- fontsource-noto-sans-meetei-mayek/5.0.12/meetei-mayek-800.min.css.gz
- fontsource-noto-sans-meetei-mayek/5.0.12/meetei-mayek-900.css.gz
- fontsource-noto-sans-meetei-mayek/5.0.12/meetei-mayek-900.min.css.gz
- fontsource-noto-sans-meetei-mayek/5.0.12/meetei-mayek.css.gz
- fontsource-noto-sans-meetei-mayek/5.0.12/meetei-mayek.min.css.gz
