2022/07/01 00:02:12 optimizing files (Js true, Css true, Png true, Jpg true)
2022/07/01 00:02:12 /tmp/work/dist/gd-sprest-bs-icons.min.js already has corresponding compressed file
2022/07/01 00:02:12 /tmp/work/dist/gd-sprest-bs.min.js already has corresponding compressed file
2022/07/01 00:02:12 /tmp/work/dist/gd-sprest-bs.min.js is already compressed
2022/07/01 00:02:12 /tmp/work/dist/gd-sprest-bs-icons.min.js is already compressed
2022/07/01 00:02:12 algorithm: run /usr/bin/brotli --quality=11 --output=/output/gd-sprest-bs.d.ts.br /tmp/work/dist/gd-sprest-bs.d.ts
2022/07/01 00:02:12 sri /tmp/work/dist/gd-sprest-bs-icons.js -> /output/gd-sprest-bs-icons.js.sri
2022/07/01 00:02:12 sri /tmp/work/dist/gd-sprest-bs.min.js -> /output/gd-sprest-bs.min.js.sri
2022/07/01 00:02:12 sri /tmp/work/dist/gd-sprest-bs.js -> /output/gd-sprest-bs.js.sri
2022/07/01 00:02:12 algorithm: run /usr/bin/brotli --quality=11 --output=/output/gd-sprest-bs-icons.js.br /tmp/work/dist/gd-sprest-bs-icons.js
2022/07/01 00:02:12 algorithm: run /usr/bin/brotli --quality=11 --output=/output/gd-sprest-bs.min.js.br /tmp/work/dist/gd-sprest-bs.min.js
2022/07/01 00:02:12 algorithm: run /usr/bin/brotli --quality=11 --output=/output/gd-sprest-bs.js.br /tmp/work/dist/gd-sprest-bs.js
2022/07/01 00:02:12 sri /tmp/work/dist/gd-sprest-bs-icons.min.js -> /output/gd-sprest-bs-icons.min.js.sri
2022/07/01 00:02:12 algorithm: run /usr/bin/brotli --quality=11 --output=/output/gd-sprest-bs-icons.min.js.br /tmp/work/dist/gd-sprest-bs-icons.min.js
2022/07/01 00:02:12 br /tmp/work/dist/gd-sprest-bs.d.ts -> /output/gd-sprest-bs.d.ts.br
2022/07/01 00:02:12 gz /tmp/work/dist/gd-sprest-bs.d.ts -> /output/gd-sprest-bs.d.ts.gz
2022/07/01 00:02:14 br /tmp/work/dist/gd-sprest-bs.min.js -> /output/gd-sprest-bs.min.js.br
2022/07/01 00:02:14 gz /tmp/work/dist/gd-sprest-bs.min.js -> /output/gd-sprest-bs.min.js.gz
2022/07/01 00:02:17 br /tmp/work/dist/gd-sprest-bs.js -> /output/gd-sprest-bs.js.br
2022/07/01 00:02:17 gz /tmp/work/dist/gd-sprest-bs.js -> /output/gd-sprest-bs.js.gz
2022/07/01 00:02:17 br /tmp/work/dist/gd-sprest-bs-icons.min.js -> /output/gd-sprest-bs-icons.min.js.br
2022/07/01 00:02:17 gz /tmp/work/dist/gd-sprest-bs-icons.min.js -> /output/gd-sprest-bs-icons.min.js.gz
2022/07/01 00:02:23 br /tmp/work/dist/gd-sprest-bs-icons.js -> /output/gd-sprest-bs-icons.js.br
2022/07/01 00:02:23 gz /tmp/work/dist/gd-sprest-bs-icons.js -> /output/gd-sprest-bs-icons.js.gz
2022/07/01 00:02:23 processed gd-sprest-bs
