Files:
- fontsource-glory/5.0.16/files/glory-latin-100-italic.woff2
- fontsource-glory/5.0.16/files/glory-latin-100-normal.woff2
- fontsource-glory/5.0.16/files/glory-latin-200-italic.woff2
- fontsource-glory/5.0.16/files/glory-latin-200-normal.woff2
- fontsource-glory/5.0.16/files/glory-latin-300-italic.woff2
- fontsource-glory/5.0.16/files/glory-latin-300-normal.woff2
- fontsource-glory/5.0.16/files/glory-latin-400-italic.woff2
- fontsource-glory/5.0.16/files/glory-latin-400-normal.woff2
- fontsource-glory/5.0.16/files/glory-latin-500-italic.woff2
- fontsource-glory/5.0.16/files/glory-latin-500-normal.woff2
- fontsource-glory/5.0.16/files/glory-latin-600-italic.woff2
- fontsource-glory/5.0.16/files/glory-latin-600-normal.woff2
- fontsource-glory/5.0.16/files/glory-latin-700-italic.woff2
- fontsource-glory/5.0.16/files/glory-latin-700-normal.woff2
- fontsource-glory/5.0.16/files/glory-latin-800-italic.woff2
- fontsource-glory/5.0.16/files/glory-latin-800-normal.woff2
- fontsource-glory/5.0.16/files/glory-latin-ext-100-italic.woff2
- fontsource-glory/5.0.16/files/glory-latin-ext-100-normal.woff2
- fontsource-glory/5.0.16/files/glory-latin-ext-200-italic.woff2
- fontsource-glory/5.0.16/files/glory-latin-ext-200-normal.woff2
- fontsource-glory/5.0.16/files/glory-latin-ext-300-italic.woff2
- fontsource-glory/5.0.16/files/glory-latin-ext-300-normal.woff2
- fontsource-glory/5.0.16/files/glory-latin-ext-400-italic.woff2
- fontsource-glory/5.0.16/files/glory-latin-ext-400-normal.woff2
- fontsource-glory/5.0.16/files/glory-latin-ext-500-italic.woff2
- fontsource-glory/5.0.16/files/glory-latin-ext-500-normal.woff2
- fontsource-glory/5.0.16/files/glory-latin-ext-600-italic.woff2
- fontsource-glory/5.0.16/files/glory-latin-ext-600-normal.woff2
- fontsource-glory/5.0.16/files/glory-latin-ext-700-italic.woff2
- fontsource-glory/5.0.16/files/glory-latin-ext-700-normal.woff2
- fontsource-glory/5.0.16/files/glory-latin-ext-800-italic.woff2
- fontsource-glory/5.0.16/files/glory-latin-ext-800-normal.woff2
- fontsource-glory/5.0.16/files/glory-vietnamese-100-italic.woff2
- fontsource-glory/5.0.16/files/glory-vietnamese-100-normal.woff2
- fontsource-glory/5.0.16/files/glory-vietnamese-200-italic.woff2
- fontsource-glory/5.0.16/files/glory-vietnamese-200-normal.woff2
- fontsource-glory/5.0.16/files/glory-vietnamese-300-italic.woff2
- fontsource-glory/5.0.16/files/glory-vietnamese-300-normal.woff2
- fontsource-glory/5.0.16/files/glory-vietnamese-400-italic.woff2
- fontsource-glory/5.0.16/files/glory-vietnamese-400-normal.woff2
- fontsource-glory/5.0.16/files/glory-vietnamese-500-italic.woff2
- fontsource-glory/5.0.16/files/glory-vietnamese-500-normal.woff2
- fontsource-glory/5.0.16/files/glory-vietnamese-600-italic.woff2
- fontsource-glory/5.0.16/files/glory-vietnamese-600-normal.woff2
- fontsource-glory/5.0.16/files/glory-vietnamese-700-italic.woff2
- fontsource-glory/5.0.16/files/glory-vietnamese-700-normal.woff2
- fontsource-glory/5.0.16/files/glory-vietnamese-800-italic.woff2
- fontsource-glory/5.0.16/files/glory-vietnamese-800-normal.woff2
