Files:
- fontsource-fragment-mono/5.0.13/400-italic.css.br
- fontsource-fragment-mono/5.0.13/400-italic.min.css.br
- fontsource-fragment-mono/5.0.13/400.css.br
- fontsource-fragment-mono/5.0.13/400.min.css.br
- fontsource-fragment-mono/5.0.13/cyrillic-ext-400-italic.css.br
- fontsource-fragment-mono/5.0.13/cyrillic-ext-400-italic.min.css.br
- fontsource-fragment-mono/5.0.13/cyrillic-ext-400.css.br
- fontsource-fragment-mono/5.0.13/cyrillic-ext-400.min.css.br
- fontsource-fragment-mono/5.0.13/cyrillic-ext-italic.css.br
- fontsource-fragment-mono/5.0.13/cyrillic-ext-italic.min.css.br
- fontsource-fragment-mono/5.0.13/cyrillic-ext.css.br
- fontsource-fragment-mono/5.0.13/cyrillic-ext.min.css.br
- fontsource-fragment-mono/5.0.13/files/fragment-mono-cyrillic-ext-400-italic.woff.br
- fontsource-fragment-mono/5.0.13/files/fragment-mono-cyrillic-ext-400-normal.woff.br
- fontsource-fragment-mono/5.0.13/files/fragment-mono-latin-400-italic.woff.br
- fontsource-fragment-mono/5.0.13/files/fragment-mono-latin-400-normal.woff.br
- fontsource-fragment-mono/5.0.13/files/fragment-mono-latin-ext-400-italic.woff.br
- fontsource-fragment-mono/5.0.13/files/fragment-mono-latin-ext-400-normal.woff.br
- fontsource-fragment-mono/5.0.13/index.css.br
- fontsource-fragment-mono/5.0.13/index.min.css.br
- fontsource-fragment-mono/5.0.13/latin-400-italic.css.br
- fontsource-fragment-mono/5.0.13/latin-400-italic.min.css.br
- fontsource-fragment-mono/5.0.13/latin-400.css.br
- fontsource-fragment-mono/5.0.13/latin-400.min.css.br
- fontsource-fragment-mono/5.0.13/latin-ext-400-italic.css.br
- fontsource-fragment-mono/5.0.13/latin-ext-400-italic.min.css.br
- fontsource-fragment-mono/5.0.13/latin-ext-400.css.br
- fontsource-fragment-mono/5.0.13/latin-ext-400.min.css.br
- fontsource-fragment-mono/5.0.13/latin-ext-italic.css.br
- fontsource-fragment-mono/5.0.13/latin-ext-italic.min.css.br
- fontsource-fragment-mono/5.0.13/latin-ext.css.br
- fontsource-fragment-mono/5.0.13/latin-ext.min.css.br
- fontsource-fragment-mono/5.0.13/latin-italic.css.br
- fontsource-fragment-mono/5.0.13/latin-italic.min.css.br
- fontsource-fragment-mono/5.0.13/latin.css.br
- fontsource-fragment-mono/5.0.13/latin.min.css.br
