config: {"authors":[{"name":"Jack O'Connor","url":"http://jackocnr.com"}],"autoupdate":{"source":"git","target":"git://github.com/jackocnr/intl-tel-input.git","fileMap":[{"basePath":"build","files":["js/utils.js","js/intlTelInput*.js","img/flags*.png","css/intlTelInput.css"]}]},"description":"A jQuery plugin for entering international telephone numbers","filename":"js/intlTelInput.min.js","homepage":"http://jackocnr.com/intl-tel-input.html","keywords":["international","i18n","country","dial","code","telephone","mobile","input","flag"],"license":"MIT","name":"intl-tel-input","repository":{"type":"git","url":"https://github.com/jackocnr/intl-tel-input"},"author":"Jack O'Connor (http://jackocnr.com)"}
KV keys:
- intl-tel-input/24.0.1/css/intlTelInput.css.br
- intl-tel-input/24.0.1/css/intlTelInput.css.gz
- intl-tel-input/24.0.1/img/flags.png.br
- intl-tel-input/24.0.1/img/flags.png.gz
- intl-tel-input/24.0.1/img/flags@2x.png.br
- intl-tel-input/24.0.1/img/flags@2x.png.gz
- intl-tel-input/24.0.1/js/intlTelInput.js.br
- intl-tel-input/24.0.1/js/intlTelInput.js.gz
- intl-tel-input/24.0.1/js/intlTelInput.min.js.br
- intl-tel-input/24.0.1/js/intlTelInput.min.js.gz
- intl-tel-input/24.0.1/js/intlTelInputWithUtils.js.br
- intl-tel-input/24.0.1/js/intlTelInputWithUtils.js.gz
- intl-tel-input/24.0.1/js/intlTelInputWithUtils.min.js.br
- intl-tel-input/24.0.1/js/intlTelInputWithUtils.min.js.gz
- intl-tel-input/24.0.1/js/utils.js.br
- intl-tel-input/24.0.1/js/utils.js.gz
- intl-tel-input/24.0.1/js/utils.min.js.br
- intl-tel-input/24.0.1/js/utils.min.js.gz
SRIs:
- intl-tel-input/24.0.1/js/intlTelInput.min.js: sha512-HR6JR+Ur/fzZ79Ptaa/u09198eEmGnwTyfXb0GVk1Sn11u1hfgYeXkYbz1hlARvrxPc06Wi1ZBbGHtYB+1n0MA==
- intl-tel-input/24.0.1/js/intlTelInputWithUtils.js: sha512-UEB05rVC2+Nbg+ukZdRG6aXguFqPtFQBDQmGmCeRd3JGJPshD1qChoqP5tIfWlc0YoQJpBqGiybeGZMcoSe0hg==
- intl-tel-input/24.0.1/js/intlTelInputWithUtils.min.js: sha512-vjmHOzM5w4fAYrjZmIFIyTH/wQJ+pXrNysxcMqURnyVPMcEK2+vfhw/XYhjzM/qkK8HBiMZnE6hs0mDM1V66rw==
- intl-tel-input/24.0.1/js/utils.js: sha512-UTbCRUB8cs1kAx1LyQ95HlZl6/NyvpW4Lwlov1dxM87ujr4sEAGmp0bfXosiAG9XqDzF/u16cbTVEifujY+IWg==
- intl-tel-input/24.0.1/js/utils.min.js: sha512-O+lSZIpajTmoORuogG8EuVe+QYyJ8HqmQUeVWkjAsw6RSOhxZrCC0q9+ptxKGufgCMvv1Y9CnA7Bd7QwuTCwBQ==
- intl-tel-input/24.0.1/css/intlTelInput.css: sha512-NaMul8MuQ8x0w6Ptgl0CZcJ3n0VsmN6mkZR4XuVQZL5ptkR6vf9wCOhm7lh+UyespK1DxZzXWBF88l7NBVv3Rw==
- intl-tel-input/24.0.1/js/intlTelInput.js: sha512-KYEKEQOuvCjYve89bVI3JdBnIxBYEjKCn5IR49Y6vdXjtxKz77X/tdm3cXWlMbQAvpj2gz/r3cyuTXTJv4K9qQ==
