Files:
- fontsource-noto-sans-lydian/5.0.23/400.css.br
- fontsource-noto-sans-lydian/5.0.23/400.min.css.br
- fontsource-noto-sans-lydian/5.0.23/files/noto-sans-lydian-latin-400-normal.woff.br
- fontsource-noto-sans-lydian/5.0.23/files/noto-sans-lydian-latin-ext-400-normal.woff.br
- fontsource-noto-sans-lydian/5.0.23/files/noto-sans-lydian-lydian-400-normal.woff.br
- fontsource-noto-sans-lydian/5.0.23/index.css.br
- fontsource-noto-sans-lydian/5.0.23/index.min.css.br
- fontsource-noto-sans-lydian/5.0.23/latin-400.css.br
- fontsource-noto-sans-lydian/5.0.23/latin-400.min.css.br
- fontsource-noto-sans-lydian/5.0.23/latin-ext-400.css.br
- fontsource-noto-sans-lydian/5.0.23/latin-ext-400.min.css.br
- fontsource-noto-sans-lydian/5.0.23/latin-ext.css.br
- fontsource-noto-sans-lydian/5.0.23/latin-ext.min.css.br
- fontsource-noto-sans-lydian/5.0.23/latin.css.br
- fontsource-noto-sans-lydian/5.0.23/latin.min.css.br
- fontsource-noto-sans-lydian/5.0.23/lydian-400.css.br
- fontsource-noto-sans-lydian/5.0.23/lydian-400.min.css.br
- fontsource-noto-sans-lydian/5.0.23/lydian.css.br
- fontsource-noto-sans-lydian/5.0.23/lydian.min.css.br
