2023/03/02 02:30:27 ExtractTarGz: uknown type: 67 in pax_global_header
2023/03/02 02:30:27 optimizing files (Js true, Css true, Png true, Jpg true)
2023/03/02 02:30:27 /tmp/work/js/iframeResizer.contentWindow.min.js already has corresponding compressed file
2023/03/02 02:30:27 /tmp/work/js/iframeResizer.min.js is already compressed
2023/03/02 02:30:27 algorithm: run /usr/bin/brotli --quality=11 --output=/output/iframeResizer.contentWindow.map.br /tmp/work/js/iframeResizer.contentWindow.map
2023/03/02 02:30:27 /tmp/work/js/iframeResizer.min.js already has corresponding compressed file
2023/03/02 02:30:27 algorithm: run /usr/bin/brotli --quality=11 --output=/output/iframeResizer.map.br /tmp/work/js/iframeResizer.map
2023/03/02 02:30:27 /tmp/work/js/iframeResizer.contentWindow.min.js is already compressed
2023/03/02 02:30:27 sri /tmp/work/js/iframeResizer.min.js -> /output/iframeResizer.min.js.sri
2023/03/02 02:30:27 sri /tmp/work/js/iframeResizer.contentWindow.js -> /output/iframeResizer.contentWindow.js.sri
2023/03/02 02:30:27 sri /tmp/work/js/iframeResizer.js -> /output/iframeResizer.js.sri
2023/03/02 02:30:27 algorithm: run /usr/bin/brotli --quality=11 --output=/output/iframeResizer.min.js.br /tmp/work/js/iframeResizer.min.js
2023/03/02 02:30:27 algorithm: run /usr/bin/brotli --quality=11 --output=/output/iframeResizer.contentWindow.js.br /tmp/work/js/iframeResizer.contentWindow.js
2023/03/02 02:30:27 sri /tmp/work/js/iframeResizer.contentWindow.min.js -> /output/iframeResizer.contentWindow.min.js.sri
2023/03/02 02:30:27 algorithm: run /usr/bin/brotli --quality=11 --output=/output/iframeResizer.js.br /tmp/work/js/iframeResizer.js
2023/03/02 02:30:27 algorithm: run /usr/bin/brotli --quality=11 --output=/output/iframeResizer.contentWindow.min.js.br /tmp/work/js/iframeResizer.contentWindow.min.js
2023/03/02 02:30:27 br /tmp/work/js/iframeResizer.contentWindow.map -> /output/iframeResizer.contentWindow.map.br
2023/03/02 02:30:27 br /tmp/work/js/iframeResizer.contentWindow.min.js -> /output/iframeResizer.contentWindow.min.js.br
2023/03/02 02:30:27 br /tmp/work/js/iframeResizer.min.js -> /output/iframeResizer.min.js.br
2023/03/02 02:30:27 gz /tmp/work/js/iframeResizer.contentWindow.min.js -> /output/iframeResizer.contentWindow.min.js.gz
2023/03/02 02:30:27 gz /tmp/work/js/iframeResizer.contentWindow.map -> /output/iframeResizer.contentWindow.map.gz
2023/03/02 02:30:27 gz /tmp/work/js/iframeResizer.min.js -> /output/iframeResizer.min.js.gz
2023/03/02 02:30:27 br /tmp/work/js/iframeResizer.map -> /output/iframeResizer.map.br
2023/03/02 02:30:27 gz /tmp/work/js/iframeResizer.map -> /output/iframeResizer.map.gz
2023/03/02 02:30:27 br /tmp/work/js/iframeResizer.contentWindow.js -> /output/iframeResizer.contentWindow.js.br
2023/03/02 02:30:27 gz /tmp/work/js/iframeResizer.contentWindow.js -> /output/iframeResizer.contentWindow.js.gz
2023/03/02 02:30:27 br /tmp/work/js/iframeResizer.js -> /output/iframeResizer.js.br
2023/03/02 02:30:27 gz /tmp/work/js/iframeResizer.js -> /output/iframeResizer.js.gz
2023/03/02 02:30:27 processed iframe-resizer
