2022/05/23 04:37:25 optimizing files (Js true, Css true, Png true, Jpg true)
2022/05/23 04:37:25 /tmp/work/css/iziModal.css already has a compressed version: /tmp/work/css/iziModal.min.css
2022/05/23 04:37:25 /tmp/work/js/iziModal.min.js is already compressed
2022/05/23 04:37:25 /tmp/work/js/iziModal.min.js already has corresponding compressed file
2022/05/23 04:37:25 sri /tmp/work/js/iziModal.js -> /output/js/iziModal.js.sri
2022/05/23 04:37:25 sri /tmp/work/js/iziModal.min.js -> /output/js/iziModal.min.js.sri
2022/05/23 04:37:25 algorithm: run /usr/bin/brotli --quality=11 --output=/output/js/iziModal.min.js.br /tmp/work/js/iziModal.min.js
2022/05/23 04:37:25 algorithm: run /usr/bin/brotli --quality=11 --output=/output/js/iziModal.js.br /tmp/work/js/iziModal.js
2022/05/23 04:37:25 sri /tmp/work/css/iziModal.css -> /output/css/iziModal.css.sri
2022/05/23 04:37:25 sri /tmp/work/css/iziModal.min.css -> /output/css/iziModal.min.css.sri
2022/05/23 04:37:25 algorithm: run /usr/bin/brotli --quality=11 --output=/output/css/iziModal.css.br /tmp/work/css/iziModal.css
2022/05/23 04:37:25 algorithm: run /usr/bin/brotli --quality=11 --output=/output/css/iziModal.min.css.br /tmp/work/css/iziModal.min.css
2022/05/23 04:37:25 br /tmp/work/js/iziModal.min.js -> /output/js/iziModal.min.js.br
2022/05/23 04:37:25 gz /tmp/work/js/iziModal.min.js -> /output/js/iziModal.min.js.gz
2022/05/23 04:37:25 br /tmp/work/js/iziModal.js -> /output/js/iziModal.js.br
2022/05/23 04:37:25 gz /tmp/work/js/iziModal.js -> /output/js/iziModal.js.gz
2022/05/23 04:37:25 br /tmp/work/css/iziModal.min.css -> /output/css/iziModal.min.css.br
2022/05/23 04:37:25 gz /tmp/work/css/iziModal.min.css -> /output/css/iziModal.min.css.gz
2022/05/23 04:37:25 br /tmp/work/css/iziModal.css -> /output/css/iziModal.css.br
2022/05/23 04:37:25 gz /tmp/work/css/iziModal.css -> /output/css/iziModal.css.gz
2022/05/23 04:37:25 processed izimodal
