Files:
- fontsource-windsong/5.0.13/400.css.gz
- fontsource-windsong/5.0.13/400.min.css.gz
- fontsource-windsong/5.0.13/500.css.gz
- fontsource-windsong/5.0.13/500.min.css.gz
- fontsource-windsong/5.0.13/files/windsong-latin-400-normal.woff.gz
- fontsource-windsong/5.0.13/files/windsong-latin-500-normal.woff.gz
- fontsource-windsong/5.0.13/files/windsong-latin-ext-400-normal.woff.gz
- fontsource-windsong/5.0.13/files/windsong-latin-ext-500-normal.woff.gz
- fontsource-windsong/5.0.13/files/windsong-vietnamese-400-normal.woff.gz
- fontsource-windsong/5.0.13/files/windsong-vietnamese-500-normal.woff.gz
- fontsource-windsong/5.0.13/index.css.gz
- fontsource-windsong/5.0.13/index.min.css.gz
- fontsource-windsong/5.0.13/latin-400.css.gz
- fontsource-windsong/5.0.13/latin-400.min.css.gz
- fontsource-windsong/5.0.13/latin-500.css.gz
- fontsource-windsong/5.0.13/latin-500.min.css.gz
- fontsource-windsong/5.0.13/latin-ext-400.css.gz
- fontsource-windsong/5.0.13/latin-ext-400.min.css.gz
- fontsource-windsong/5.0.13/latin-ext-500.css.gz
- fontsource-windsong/5.0.13/latin-ext-500.min.css.gz
- fontsource-windsong/5.0.13/latin-ext.css.gz
- fontsource-windsong/5.0.13/latin-ext.min.css.gz
- fontsource-windsong/5.0.13/latin.css.gz
- fontsource-windsong/5.0.13/latin.min.css.gz
- fontsource-windsong/5.0.13/vietnamese-400.css.gz
- fontsource-windsong/5.0.13/vietnamese-400.min.css.gz
- fontsource-windsong/5.0.13/vietnamese-500.css.gz
- fontsource-windsong/5.0.13/vietnamese-500.min.css.gz
- fontsource-windsong/5.0.13/vietnamese.css.gz
- fontsource-windsong/5.0.13/vietnamese.min.css.gz
