config: {"authors":[{"name":"NAVER Corp."}],"autoupdate":{"source":"npm","target":"billboard.js","fileMap":[{"basePath":"dist","files":["**/*"]}]},"description":"Re-usable easy interface JavaScript chart library, based on D3 v4+","filename":"billboard.min.js","homepage":"https://naver.github.io/billboard.js/","keywords":["d3","chart","graph","svg"],"license":"MIT","name":"billboard.js","repository":{"type":"git","url":"https://github.com/naver/billboard.js"},"author":"NAVER Corp."}
KV keys:
- billboard.js/3.10.0/billboard.css.br
- billboard.js/3.10.0/billboard.css.gz
- billboard.js/3.10.0/billboard.js.br
- billboard.js/3.10.0/billboard.js.gz
- billboard.js/3.10.0/billboard.min.css.br
- billboard.js/3.10.0/billboard.min.css.gz
- billboard.js/3.10.0/billboard.min.js.br
- billboard.js/3.10.0/billboard.min.js.gz
- billboard.js/3.10.0/billboard.pkgd.js.br
- billboard.js/3.10.0/billboard.pkgd.js.gz
- billboard.js/3.10.0/billboard.pkgd.min.js.br
- billboard.js/3.10.0/billboard.pkgd.min.js.gz
- billboard.js/3.10.0/package.json.br
- billboard.js/3.10.0/package.json.gz
- billboard.js/3.10.0/plugin/billboardjs-plugin-bubblecompare.d.ts.br
- billboard.js/3.10.0/plugin/billboardjs-plugin-bubblecompare.d.ts.gz
- billboard.js/3.10.0/plugin/billboardjs-plugin-bubblecompare.js.br
- billboard.js/3.10.0/plugin/billboardjs-plugin-bubblecompare.js.gz
- billboard.js/3.10.0/plugin/billboardjs-plugin-bubblecompare.min.js.br
- billboard.js/3.10.0/plugin/billboardjs-plugin-bubblecompare.min.js.gz
- billboard.js/3.10.0/plugin/billboardjs-plugin-sparkline.d.ts.br
- billboard.js/3.10.0/plugin/billboardjs-plugin-sparkline.d.ts.gz
- billboard.js/3.10.0/plugin/billboardjs-plugin-sparkline.js.br
- billboard.js/3.10.0/plugin/billboardjs-plugin-sparkline.js.gz
- billboard.js/3.10.0/plugin/billboardjs-plugin-sparkline.min.js.br
- billboard.js/3.10.0/plugin/billboardjs-plugin-sparkline.min.js.gz
- billboard.js/3.10.0/plugin/billboardjs-plugin-stanford.d.ts.br
- billboard.js/3.10.0/plugin/billboardjs-plugin-stanford.d.ts.gz
- billboard.js/3.10.0/plugin/billboardjs-plugin-stanford.js.br
- billboard.js/3.10.0/plugin/billboardjs-plugin-stanford.js.gz
- billboard.js/3.10.0/plugin/billboardjs-plugin-stanford.min.js.br
- billboard.js/3.10.0/plugin/billboardjs-plugin-stanford.min.js.gz
- billboard.js/3.10.0/plugin/billboardjs-plugin-tableview.d.ts.br
- billboard.js/3.10.0/plugin/billboardjs-plugin-tableview.d.ts.gz
- billboard.js/3.10.0/plugin/billboardjs-plugin-tableview.js.br
- billboard.js/3.10.0/plugin/billboardjs-plugin-tableview.js.gz
- billboard.js/3.10.0/plugin/billboardjs-plugin-tableview.min.js.br
- billboard.js/3.10.0/plugin/billboardjs-plugin-tableview.min.js.gz
- billboard.js/3.10.0/plugin/billboardjs-plugin-textoverlap.d.ts.br
- billboard.js/3.10.0/plugin/billboardjs-plugin-textoverlap.d.ts.gz
- billboard.js/3.10.0/plugin/billboardjs-plugin-textoverlap.js.br
- billboard.js/3.10.0/plugin/billboardjs-plugin-textoverlap.js.gz
- billboard.js/3.10.0/plugin/billboardjs-plugin-textoverlap.min.js.br
- billboard.js/3.10.0/plugin/billboardjs-plugin-textoverlap.min.js.gz
- billboard.js/3.10.0/plugin/pkgd/billboardjs-plugin-bubblecompare.pkgd.js.br
- billboard.js/3.10.0/plugin/pkgd/billboardjs-plugin-bubblecompare.pkgd.js.gz
- billboard.js/3.10.0/plugin/pkgd/billboardjs-plugin-bubblecompare.pkgd.min.js.br
- billboard.js/3.10.0/plugin/pkgd/billboardjs-plugin-bubblecompare.pkgd.min.js.gz
- billboard.js/3.10.0/plugin/pkgd/billboardjs-plugin-sparkline.pkgd.js.br
- billboard.js/3.10.0/plugin/pkgd/billboardjs-plugin-sparkline.pkgd.js.gz
- billboard.js/3.10.0/plugin/pkgd/billboardjs-plugin-sparkline.pkgd.min.js.br
- billboard.js/3.10.0/plugin/pkgd/billboardjs-plugin-sparkline.pkgd.min.js.gz
- billboard.js/3.10.0/plugin/pkgd/billboardjs-plugin-stanford.pkgd.js.br
- billboard.js/3.10.0/plugin/pkgd/billboardjs-plugin-stanford.pkgd.js.gz
- billboard.js/3.10.0/plugin/pkgd/billboardjs-plugin-stanford.pkgd.min.js.br
- billboard.js/3.10.0/plugin/pkgd/billboardjs-plugin-stanford.pkgd.min.js.gz
- billboard.js/3.10.0/plugin/pkgd/billboardjs-plugin-tableview.pkgd.js.br
- billboard.js/3.10.0/plugin/pkgd/billboardjs-plugin-tableview.pkgd.js.gz
- billboard.js/3.10.0/plugin/pkgd/billboardjs-plugin-tableview.pkgd.min.js.br
- billboard.js/3.10.0/plugin/pkgd/billboardjs-plugin-tableview.pkgd.min.js.gz
- billboard.js/3.10.0/plugin/pkgd/billboardjs-plugin-textoverlap.pkgd.js.br
- billboard.js/3.10.0/plugin/pkgd/billboardjs-plugin-textoverlap.pkgd.js.gz
- billboard.js/3.10.0/plugin/pkgd/billboardjs-plugin-textoverlap.pkgd.min.js.br
- billboard.js/3.10.0/plugin/pkgd/billboardjs-plugin-textoverlap.pkgd.min.js.gz
- billboard.js/3.10.0/theme/dark.css.br
- billboard.js/3.10.0/theme/dark.css.gz
- billboard.js/3.10.0/theme/dark.min.css.br
- billboard.js/3.10.0/theme/dark.min.css.gz
- billboard.js/3.10.0/theme/datalab.css.br
- billboard.js/3.10.0/theme/datalab.css.gz
- billboard.js/3.10.0/theme/datalab.min.css.br
- billboard.js/3.10.0/theme/datalab.min.css.gz
- billboard.js/3.10.0/theme/graph.css.br
- billboard.js/3.10.0/theme/graph.css.gz
- billboard.js/3.10.0/theme/graph.min.css.br
- billboard.js/3.10.0/theme/graph.min.css.gz
- billboard.js/3.10.0/theme/insight.css.br
- billboard.js/3.10.0/theme/insight.css.gz
- billboard.js/3.10.0/theme/insight.min.css.br
- billboard.js/3.10.0/theme/insight.min.css.gz
- billboard.js/3.10.0/theme/modern.css.br
- billboard.js/3.10.0/theme/modern.css.gz
- billboard.js/3.10.0/theme/modern.min.css.br
- billboard.js/3.10.0/theme/modern.min.css.gz
SRIs:
- billboard.js/3.10.0/billboard.js: sha512-LYL7WIAIpdHaXUzQa0FcWXRpsQ8GFuCgg5NrMBcnXzS5CJFuEHSN9PWdEDtNoijWVtDlABQvOJjutDZNul8sHQ==
- billboard.js/3.10.0/plugin/billboardjs-plugin-sparkline.min.js: sha512-DyMBXr4zuXP+liWr7JkCrw2LMedBk9VIhhulOtJGsg1Xpj+Hi+QMdXTssg4dCAjsvQFCjVorjnjdnTjFQ1TxIA==
- billboard.js/3.10.0/plugin/billboardjs-plugin-tableview.js: sha512-AtAAfmlApeXklG1oFbpce5yAuNQpo8VDL1v3bvM1nNN0WdtdK9SxqIjxFHb02abCJo0/vdyAo3yCdmU66fbzkg==
- billboard.js/3.10.0/plugin/pkgd/billboardjs-plugin-bubblecompare.pkgd.min.js: sha512-kPfYLgVQQMRBtJfi7omkzr4bcACZctO8q32GFF79aNWW/pkFOhX3ww4qA/WBZocWuLMD9RfGhc69ZyjjX8FCTA==
- billboard.js/3.10.0/theme/graph.css: sha512-BZYl1MqKs72/zdvvon2gcdAQ6mgs7cNY7rwdfzMO7WSXZUq/TpCC2VyFI90JvnzsXQDLMxUKsUK3jtsSm0+JDg==
- billboard.js/3.10.0/billboard.min.css: sha512-uC6x/m1I2lykuhxmlr3aj6t26q4VnLOj2F1Vzs2WdezgLaUja7I4VugfLbthIKXFOX/7OCmmi8qS07fbOsGZ7w==
- billboard.js/3.10.0/plugin/billboardjs-plugin-bubblecompare.js: sha512-IirhiwxhA6XBmrRVgMEjP6FYvQ7lOX1Sve+c/HlW3eRh+wwI8gJdSmdzgFgvYTZnUzc9hLS6S4f1mryS2LrK+g==
- billboard.js/3.10.0/plugin/billboardjs-plugin-bubblecompare.min.js: sha512-/jwrrHXkylkQTPJfY+SM6bYHqewFx2mldhv6WceHVu75hx5JB/3lEJwQayh6YbHn3tOsi4tUgpGMazZy/wK4Rg==
- billboard.js/3.10.0/plugin/billboardjs-plugin-tableview.min.js: sha512-ufHGA57rtRNQRu4X6zmHUfDRavLKNcxMG6gtI/MuyuDGwuhaCbzT0mD6MG1tykm4YA8qRdtx1XBkKmDYUBSWQw==
- billboard.js/3.10.0/theme/graph.min.css: sha512-adWD2p3hOtKYpTZYfA7tuAkXdr/X3mSMhIiVnYGxPAuv43ybzrUs6/k0CLsg9S1KPiIapJ3iT2WbXFVNeI7qhQ==
- billboard.js/3.10.0/plugin/billboardjs-plugin-stanford.min.js: sha512-4scVm4Tvb56DgByrDUfbaZWjcfO2gAEOHyftlpPxb7Zd6ID3zLRQhKFKKT/K7a4MWoD0dozgBHcb1XmBEl3OPg==
- billboard.js/3.10.0/plugin/billboardjs-plugin-textoverlap.js: sha512-Jq7r7umGrCcf6xgVXtPU0NR4cznRVEQaKZFXDjUOiHgjtWxXCaXw4cMkgw0RTEPg3oLUFq5sMtj+y9FPVvquKA==
- billboard.js/3.10.0/plugin/pkgd/billboardjs-plugin-bubblecompare.pkgd.js: sha512-WkNms6xow2kGKDxhuvSRPXXSz0Ca0TjjGQXOulvc572EhgG3nj/fIMwV39dfbSL3b84DaV6XwQZvSpBLON9gZA==
- billboard.js/3.10.0/plugin/pkgd/billboardjs-plugin-stanford.pkgd.min.js: sha512-zZVl1e8YRJSnZvbuEyGaIoJzngFx/w4nAeXlRE/09lrHtO/1PoUZeEbkX6j94GHQZ+2IbK96SkcBLwMdbdbD5w==
- billboard.js/3.10.0/theme/dark.css: sha512-Z5NcFfPTLLla+MRUMyuJ5bXSqjMuv8PFTTjp6RYxnQFezXDQ0z9BjE57LPFCICkQjUNtkXErNWFMDlnqQaixyA==
- billboard.js/3.10.0/theme/modern.css: sha512-eyEDzlWiGItYEl+kqwyLWwbiiVsJJcPES3KWNB73v5aslUNexz5PGROsr8bkkX37PrizVz/uCj+c/PN5NxVOdA==
- billboard.js/3.10.0/billboard.pkgd.min.js: sha512-5bvSBkhqbvITGAOU5toTMXcvS8tATdm9htF4k0Y85qagJXLKggjuLLMb50mkz8E8moDC0gJgFiUJm84DtspFmA==
- billboard.js/3.10.0/plugin/billboardjs-plugin-sparkline.js: sha512-7/KENppudnB+AnYczwj+6DwZ57/tUUJPzQLOlnIzbLhinYnzgBN0+xK6Wn7/tH/Wtu6mAs4S9Tob07joxKzirA==
- billboard.js/3.10.0/plugin/pkgd/billboardjs-plugin-sparkline.pkgd.js: sha512-+4YA/eXrxL4TnXIWH/ttXal5s9pI3Iy5Mvwv9zSFRw418cLryI10asWu0iyk9ngP+ihbMsvOACAGGKlmjHM2cw==
- billboard.js/3.10.0/plugin/pkgd/billboardjs-plugin-tableview.pkgd.min.js: sha512-fwnLtKNXbkyG1aTYO6ezpQIPe/771x6e/KLOIB7dT67JvMhh0zdNZqw4750oKBJG7gumgNIo7ocsUO9bySQYqg==
- billboard.js/3.10.0/billboard.css: sha512-0CC0aY2UXgeSrMFeKNExyeBUE9fPJvt30hpuSfaFGldFWehB5sjlmc6VVeJLZnCoxf0RSP9CJKRZaIC2qQerDA==
- billboard.js/3.10.0/billboard.min.js: sha512-WEqbILR03XLvbT6Z9qgEKu2U4ESzsQk0C7SmY9XmmgqlQKnCQn17+h9h5yWNkriqCg7qHDUZYPqpYUwgimLUBQ==
- billboard.js/3.10.0/plugin/billboardjs-plugin-stanford.js: sha512-lnTPpuvcE94RG6BiSwwSzFn6+jePs/fXcs4FaK0+jRWNmk0oubL6veRVWweeZ054CZoofkV7uVZf8jmavKajCw==
- billboard.js/3.10.0/plugin/pkgd/billboardjs-plugin-stanford.pkgd.js: sha512-iTwud//Iq8OJ4si1qNXI6fyjTdWIRTDHgF3VI5rPUyMZ/oxR69liw6UwDy/e4gikIuIwTvDO8Om1/15R7P4dlA==
- billboard.js/3.10.0/theme/dark.min.css: sha512-zCJo5SZPTga9Dkm5d3/XcS0LqK78NYZupASEjfuW59BY9SDs0tVg93caa4Bto2icDfLqAz239HG7OMgran+1Jg==
- billboard.js/3.10.0/theme/modern.min.css: sha512-e5gm97v7jNtLEhRBf+mxOtRkcDfa/emsD0eFldR74B61UTPzoOhagY7HTLASAbzV543Cww5/Ac212REe7QbTJA==
- billboard.js/3.10.0/plugin/pkgd/billboardjs-plugin-sparkline.pkgd.min.js: sha512-n81PajvOO26cIXzwzfG3AJNGFS52ChLgF6EPo+PZd8oIgqMooUem6hIzs+Q1BM9Ht1sUiGt0D1Z5FSzTloQ3tQ==
- billboard.js/3.10.0/plugin/pkgd/billboardjs-plugin-textoverlap.pkgd.js: sha512-BcsgjDpEk2ncXWfDT52RAWY8cbS34O/WtUBxxMt3E+yi7eM9jUyg5op+hg14zO/AGAlsHkPh1JxZZcqpqgvwEQ==
- billboard.js/3.10.0/plugin/billboardjs-plugin-textoverlap.min.js: sha512-gfXr3zNDjGj7P+3sLa0U4vGAo/TTLrUcG7ipy6b/Yaw2WHyVG0VLaNJnhb4DAYpmsMO0JtSt6p0Qebs9WGwhnQ==
- billboard.js/3.10.0/theme/datalab.css: sha512-Jq02/y6/YBFcNemEFEP8LGGyDRO7Ib4SqiISsO5kTVw+KEx8cidiADar/JNpLbMFKOVu0Gnfnf/QAsZO4eXfPw==
- billboard.js/3.10.0/theme/insight.css: sha512-acKhLoDhSxqDUEXRzZtLz0l2Ew055SpbgGaxO0zk7uNpNpMXV/XN4w+9Ys0/ZCnsvm07sdEEhSD2fSTOFoCmzQ==
- billboard.js/3.10.0/theme/insight.min.css: sha512-IlGv72FIZ4aXArokseWPkwuYCguaG9c+69YhTt1mIWbqJO2SxiHuMoTRtgke2+OFU6aV59dS2iJUAbgUSUHLPA==
- billboard.js/3.10.0/billboard.pkgd.js: sha512-bSv+e7GAc/UtFKq1rpw0KfLF8knaNqZj2EqhI1UscZ9zgO32c5oYUO4mzB71YJn704uqasAFaQ3f/WsJj67fiQ==
- billboard.js/3.10.0/plugin/pkgd/billboardjs-plugin-tableview.pkgd.js: sha512-wKWjmP9sSt+izr7dyG0eqvFxlntReCt9+mEfP5FUJyHI30nhovgfx678mbQTtF/hLhenDyifB2oRFRnQFNAgYw==
- billboard.js/3.10.0/plugin/pkgd/billboardjs-plugin-textoverlap.pkgd.min.js: sha512-ZDGHXxyKdWixBpwxF6Ct6965Wl9MxpXxgxeEH5wn0vNQxQD6d+KH8LkdX9eLrQC5Q1/nFp7Ue4RcLu+zrQZE/g==
- billboard.js/3.10.0/theme/datalab.min.css: sha512-xmtCZIOXurZEAowtvphSpcw6vLZUawLhOU/XEjim5Y6+uw84gVM7A2WzLZZYNTpDKzB1olWHeATlOsquqYTqOQ==
