2024/02/05 00:01:34 optimizing files (Js true, Css true, Png true, Jpg true)
2024/02/05 00:01:34 compress: run /node_modules/uglify-js/bin/uglifyjs (3.15.4) [--mangle --compress if_return=true -o /tmp/work/source/js/extend/comment/twikoo/twikoo.min.js /tmp/work/source/js/extend/comment/twikoo/twikoo.js]
2024/02/05 00:01:34 compress: run /node_modules/uglify-js/bin/uglifyjs (3.15.4) [--mangle --compress if_return=true -o /tmp/work/source/js/extend/comment/twikoo/commentBarrage.min.js /tmp/work/source/js/extend/comment/twikoo/commentBarrage.js]
2024/02/05 00:01:34 compress: run /node_modules/uglify-js/bin/uglifyjs (3.15.4) [--mangle --compress if_return=true -o /tmp/work/source/js/extend/comment/waline/commentBarrage.min.js /tmp/work/source/js/extend/comment/waline/commentBarrage.js]
2024/02/05 00:01:34 compress: run /node_modules/uglify-js/bin/uglifyjs (3.15.4) [--mangle --compress if_return=true -o /tmp/work/source/js/extend/search/algolia-search.min.js /tmp/work/source/js/extend/search/algolia-search.js]
2024/02/05 00:01:34 compress: run /node_modules/uglify-js/bin/uglifyjs (3.15.4) [--mangle --compress if_return=true -o /tmp/work/source/js/main.min.js /tmp/work/source/js/main.js]
2024/02/05 00:01:34 compress: run /node_modules/uglify-js/bin/uglifyjs (3.15.4) [--mangle --compress if_return=true -o /tmp/work/source/js/extend/comment/waline/waline.min.js /tmp/work/source/js/extend/comment/waline/waline.js]
2024/02/05 00:01:34 compress: run /node_modules/uglify-js/bin/uglifyjs (3.15.4) [--mangle --compress if_return=true -o /tmp/work/source/js/music.min.js /tmp/work/source/js/music.js]
2024/02/05 00:01:34 compress: run /node_modules/uglify-js/bin/uglifyjs (3.15.4) [--mangle --compress if_return=true -o /tmp/work/source/js/extend/search/local-search.min.js /tmp/work/source/js/extend/search/local-search.js]
2024/02/05 00:01:34 sri /tmp/work/source/js/extend/comment/waline/waline.min.js -> /output/js/extend/comment/waline/waline.min.js.sri
2024/02/05 00:01:34 algorithm: run /usr/bin/brotli --quality=11 --output=/output/js/extend/comment/waline/waline.min.js.br /tmp/work/source/js/extend/comment/waline/waline.min.js
2024/02/05 00:01:34 br /tmp/work/source/js/extend/comment/waline/waline.min.js -> /output/js/extend/comment/waline/waline.min.js.br
2024/02/05 00:01:34 gz /tmp/work/source/js/extend/comment/waline/waline.min.js -> /output/js/extend/comment/waline/waline.min.js.gz
2024/02/05 00:01:34 sri /tmp/work/source/js/extend/comment/waline/waline.js -> /output/js/extend/comment/waline/waline.js.sri
2024/02/05 00:01:34 algorithm: run /usr/bin/brotli --quality=11 --output=/output/js/extend/comment/waline/waline.js.br /tmp/work/source/js/extend/comment/waline/waline.js
2024/02/05 00:01:34 sri /tmp/work/source/js/extend/comment/twikoo/twikoo.min.js -> /output/js/extend/comment/twikoo/twikoo.min.js.sri
2024/02/05 00:01:34 algorithm: run /usr/bin/brotli --quality=11 --output=/output/js/extend/comment/twikoo/twikoo.min.js.br /tmp/work/source/js/extend/comment/twikoo/twikoo.min.js
2024/02/05 00:01:34 br /tmp/work/source/js/extend/comment/waline/waline.js -> /output/js/extend/comment/waline/waline.js.br
2024/02/05 00:01:34 gz /tmp/work/source/js/extend/comment/waline/waline.js -> /output/js/extend/comment/waline/waline.js.gz
2024/02/05 00:01:34 compress: run /node_modules/uglify-js/bin/uglifyjs (3.15.4) [--mangle --compress if_return=true -o /tmp/work/source/js/utils.min.js /tmp/work/source/js/utils.js]
2024/02/05 00:01:34 br /tmp/work/source/js/extend/comment/twikoo/twikoo.min.js -> /output/js/extend/comment/twikoo/twikoo.min.js.br
2024/02/05 00:01:34 gz /tmp/work/source/js/extend/comment/twikoo/twikoo.min.js -> /output/js/extend/comment/twikoo/twikoo.min.js.gz
2024/02/05 00:01:34 sri /tmp/work/source/js/extend/comment/twikoo/twikoo.js -> /output/js/extend/comment/twikoo/twikoo.js.sri
2024/02/05 00:01:34 algorithm: run /usr/bin/brotli --quality=11 --output=/output/js/extend/comment/twikoo/twikoo.js.br /tmp/work/source/js/extend/comment/twikoo/twikoo.js
2024/02/05 00:01:34 br /tmp/work/source/js/extend/comment/twikoo/twikoo.js -> /output/js/extend/comment/twikoo/twikoo.js.br
2024/02/05 00:01:34 gz /tmp/work/source/js/extend/comment/twikoo/twikoo.js -> /output/js/extend/comment/twikoo/twikoo.js.gz
2024/02/05 00:01:34 sri /tmp/work/source/js/music.min.js -> /output/js/music.min.js.sri
2024/02/05 00:01:34 algorithm: run /usr/bin/brotli --quality=11 --output=/output/js/music.min.js.br /tmp/work/source/js/music.min.js
2024/02/05 00:01:34 sri /tmp/work/source/js/extend/search/algolia-search.min.js -> /output/js/extend/search/algolia-search.min.js.sri
2024/02/05 00:01:34 algorithm: run /usr/bin/brotli --quality=11 --output=/output/js/extend/search/algolia-search.min.js.br /tmp/work/source/js/extend/search/algolia-search.min.js
2024/02/05 00:01:34 br /tmp/work/source/js/music.min.js -> /output/js/music.min.js.br
2024/02/05 00:01:34 gz /tmp/work/source/js/music.min.js -> /output/js/music.min.js.gz
2024/02/05 00:01:34 sri /tmp/work/source/js/music.js -> /output/js/music.js.sri
2024/02/05 00:01:34 algorithm: run /usr/bin/brotli --quality=11 --output=/output/js/music.js.br /tmp/work/source/js/music.js
2024/02/05 00:01:34 br /tmp/work/source/js/extend/search/algolia-search.min.js -> /output/js/extend/search/algolia-search.min.js.br
2024/02/05 00:01:34 gz /tmp/work/source/js/extend/search/algolia-search.min.js -> /output/js/extend/search/algolia-search.min.js.gz
2024/02/05 00:01:34 sri /tmp/work/source/js/extend/search/algolia-search.js -> /output/js/extend/search/algolia-search.js.sri
2024/02/05 00:01:34 algorithm: run /usr/bin/brotli --quality=11 --output=/output/js/extend/search/algolia-search.js.br /tmp/work/source/js/extend/search/algolia-search.js
2024/02/05 00:01:34 sri /tmp/work/source/js/extend/comment/waline/commentBarrage.min.js -> /output/js/extend/comment/waline/commentBarrage.min.js.sri
2024/02/05 00:01:34 algorithm: run /usr/bin/brotli --quality=11 --output=/output/js/extend/comment/waline/commentBarrage.min.js.br /tmp/work/source/js/extend/comment/waline/commentBarrage.min.js
2024/02/05 00:01:34 br /tmp/work/source/js/music.js -> /output/js/music.js.br
2024/02/05 00:01:34 gz /tmp/work/source/js/music.js -> /output/js/music.js.gz
2024/02/05 00:01:34 sri /tmp/work/source/js/extend/comment/twikoo/commentBarrage.min.js -> /output/js/extend/comment/twikoo/commentBarrage.min.js.sri
2024/02/05 00:01:34 algorithm: run /usr/bin/brotli --quality=11 --output=/output/js/extend/comment/twikoo/commentBarrage.min.js.br /tmp/work/source/js/extend/comment/twikoo/commentBarrage.min.js
2024/02/05 00:01:34 br /tmp/work/source/js/extend/search/algolia-search.js -> /output/js/extend/search/algolia-search.js.br
2024/02/05 00:01:34 gz /tmp/work/source/js/extend/search/algolia-search.js -> /output/js/extend/search/algolia-search.js.gz
2024/02/05 00:01:34 br /tmp/work/source/js/extend/comment/waline/commentBarrage.min.js -> /output/js/extend/comment/waline/commentBarrage.min.js.br
2024/02/05 00:01:34 gz /tmp/work/source/js/extend/comment/waline/commentBarrage.min.js -> /output/js/extend/comment/waline/commentBarrage.min.js.gz
2024/02/05 00:01:34 sri /tmp/work/source/js/extend/comment/waline/commentBarrage.js -> /output/js/extend/comment/waline/commentBarrage.js.sri
2024/02/05 00:01:34 algorithm: run /usr/bin/brotli --quality=11 --output=/output/js/extend/comment/waline/commentBarrage.js.br /tmp/work/source/js/extend/comment/waline/commentBarrage.js
2024/02/05 00:01:34 br /tmp/work/source/js/extend/comment/twikoo/commentBarrage.min.js -> /output/js/extend/comment/twikoo/commentBarrage.min.js.br
2024/02/05 00:01:34 gz /tmp/work/source/js/extend/comment/twikoo/commentBarrage.min.js -> /output/js/extend/comment/twikoo/commentBarrage.min.js.gz
2024/02/05 00:01:34 sri /tmp/work/source/js/extend/comment/twikoo/commentBarrage.js -> /output/js/extend/comment/twikoo/commentBarrage.js.sri
2024/02/05 00:01:34 algorithm: run /usr/bin/brotli --quality=11 --output=/output/js/extend/comment/twikoo/commentBarrage.js.br /tmp/work/source/js/extend/comment/twikoo/commentBarrage.js
2024/02/05 00:01:34 br /tmp/work/source/js/extend/comment/waline/commentBarrage.js -> /output/js/extend/comment/waline/commentBarrage.js.br
2024/02/05 00:01:34 gz /tmp/work/source/js/extend/comment/waline/commentBarrage.js -> /output/js/extend/comment/waline/commentBarrage.js.gz
2024/02/05 00:01:34 br /tmp/work/source/js/extend/comment/twikoo/commentBarrage.js -> /output/js/extend/comment/twikoo/commentBarrage.js.br
2024/02/05 00:01:34 gz /tmp/work/source/js/extend/comment/twikoo/commentBarrage.js -> /output/js/extend/comment/twikoo/commentBarrage.js.gz
2024/02/05 00:01:34 sri /tmp/work/source/js/extend/search/local-search.min.js -> /output/js/extend/search/local-search.min.js.sri
2024/02/05 00:01:34 algorithm: run /usr/bin/brotli --quality=11 --output=/output/js/extend/search/local-search.min.js.br /tmp/work/source/js/extend/search/local-search.min.js
2024/02/05 00:01:34 br /tmp/work/source/js/extend/search/local-search.min.js -> /output/js/extend/search/local-search.min.js.br
2024/02/05 00:01:34 gz /tmp/work/source/js/extend/search/local-search.min.js -> /output/js/extend/search/local-search.min.js.gz
2024/02/05 00:01:34 sri /tmp/work/source/js/extend/search/local-search.js -> /output/js/extend/search/local-search.js.sri
2024/02/05 00:01:34 algorithm: run /usr/bin/brotli --quality=11 --output=/output/js/extend/search/local-search.js.br /tmp/work/source/js/extend/search/local-search.js
2024/02/05 00:01:34 br /tmp/work/source/js/extend/search/local-search.js -> /output/js/extend/search/local-search.js.br
2024/02/05 00:01:34 gz /tmp/work/source/js/extend/search/local-search.js -> /output/js/extend/search/local-search.js.gz
2024/02/05 00:01:35 sri /tmp/work/source/js/utils.min.js -> /output/js/utils.min.js.sri
2024/02/05 00:01:35 algorithm: run /usr/bin/brotli --quality=11 --output=/output/js/utils.min.js.br /tmp/work/source/js/utils.min.js
2024/02/05 00:01:35 br /tmp/work/source/js/utils.min.js -> /output/js/utils.min.js.br
2024/02/05 00:01:35 gz /tmp/work/source/js/utils.min.js -> /output/js/utils.min.js.gz
2024/02/05 00:01:35 sri /tmp/work/source/js/utils.js -> /output/js/utils.js.sri
2024/02/05 00:01:35 algorithm: run /usr/bin/brotli --quality=11 --output=/output/js/utils.js.br /tmp/work/source/js/utils.js
2024/02/05 00:01:35 br /tmp/work/source/js/utils.js -> /output/js/utils.js.br
2024/02/05 00:01:35 gz /tmp/work/source/js/utils.js -> /output/js/utils.js.gz
2024/02/05 00:01:35 sri /tmp/work/source/js/main.min.js -> /output/js/main.min.js.sri
2024/02/05 00:01:35 algorithm: run /usr/bin/brotli --quality=11 --output=/output/js/main.min.js.br /tmp/work/source/js/main.min.js
2024/02/05 00:01:35 br /tmp/work/source/js/main.min.js -> /output/js/main.min.js.br
2024/02/05 00:01:35 gz /tmp/work/source/js/main.min.js -> /output/js/main.min.js.gz
2024/02/05 00:01:35 sri /tmp/work/source/js/main.js -> /output/js/main.js.sri
2024/02/05 00:01:35 algorithm: run /usr/bin/brotli --quality=11 --output=/output/js/main.js.br /tmp/work/source/js/main.js
2024/02/05 00:01:35 br /tmp/work/source/js/main.js -> /output/js/main.js.br
2024/02/05 00:01:35 gz /tmp/work/source/js/main.js -> /output/js/main.js.gz
2024/02/05 00:01:35 processed hexo-theme-solitude
