config: {"authors":[{"name":"Limon Monte","url":"https://limonte.github.io"}],"autoupdate":{"source":"npm","target":"sweetalert2","fileMap":[{"basePath":"","files":["*.d.ts"]},{"basePath":"dist","files":["*.@(css|js)"]}]},"description":"A beautiful, responsive, customizable and accessible (WAI-ARIA) replacement for JavaScript's popup boxes, supported fork of sweetalert","filename":"sweetalert2.min.js","homepage":"https://sweetalert2.github.io/","keywords":["sweetalert","sweetalert2","alert","modal","popup","prompt","confirm","toast","accessible"],"license":"MIT","name":"sweetalert2","repository":{"type":"git","url":"git+https://github.com/sweetalert2/sweetalert2.git"},"author":"Limon Monte (https://limonte.github.io)"}
KV keys:
- sweetalert2/11.9.0/sweetalert2.all.js.br
- sweetalert2/11.9.0/sweetalert2.all.js.gz
- sweetalert2/11.9.0/sweetalert2.all.min.js.br
- sweetalert2/11.9.0/sweetalert2.all.min.js.gz
- sweetalert2/11.9.0/sweetalert2.css.br
- sweetalert2/11.9.0/sweetalert2.css.gz
- sweetalert2/11.9.0/sweetalert2.d.ts.br
- sweetalert2/11.9.0/sweetalert2.d.ts.gz
- sweetalert2/11.9.0/sweetalert2.js.br
- sweetalert2/11.9.0/sweetalert2.js.gz
- sweetalert2/11.9.0/sweetalert2.min.css.br
- sweetalert2/11.9.0/sweetalert2.min.css.gz
- sweetalert2/11.9.0/sweetalert2.min.js.br
- sweetalert2/11.9.0/sweetalert2.min.js.gz
SRIs:
- sweetalert2/11.9.0/sweetalert2.all.min.js: sha512-LTmGiRLYz7G5Sxr4MMXGaOfia3kGZKGAlXzrSCGc4GBGxymu1RGwhFFGwiOQUm+bJOGlV0AmHd1S7zeFlwzkFQ==
- sweetalert2/11.9.0/sweetalert2.css: sha512-eRBMRR/qeSlGYAb6a7UVwNFgXHRXa62u20w4veTi9suM2AkgkJpjcU5J8UVcoRCw0MS096e3n716Qe9Bf14EyQ==
- sweetalert2/11.9.0/sweetalert2.js: sha512-E7y3GVNK323JbmICtpel3LL3rNbL1XxGvb37PvFCYY/XgeZiZLo2hRDmylBzbojfQJbmZA4uoCvx4T352MYnbA==
- sweetalert2/11.9.0/sweetalert2.min.css: sha512-IScV5kvJo+TIPbxENerxZcEpu9VrLUGh1qYWv6Z9aylhxWE4k4Fch3CHl0IYYmN+jrnWQBPlpoTVoWfSMakoKA==
- sweetalert2/11.9.0/sweetalert2.min.js: sha512-GAaXlfJeIbLNG2LQu2v4pf8YEc7iPz+GE3LZyUmdR7d7Id5JsER9vmJVxMKw1MqmdlVh3NXxTxQVd9AS53G+4w==
- sweetalert2/11.9.0/sweetalert2.all.js: sha512-Gj7qCEK1iGn8FZv0PG0cT7jCxOASayniKKK8cF/S5/1C65S4aXCUgvnBBsUm94g/jyeBYkDcLMTtTUYHGVC+Pg==
