Files:
- fontsource-ballet/5.0.4/400.css.gz
- fontsource-ballet/5.0.4/400.min.css.gz
- fontsource-ballet/5.0.4/files/ballet-latin-400-normal.woff.gz
- fontsource-ballet/5.0.4/files/ballet-latin-ext-400-normal.woff.gz
- fontsource-ballet/5.0.4/files/ballet-vietnamese-400-normal.woff.gz
- fontsource-ballet/5.0.4/index.css.gz
- fontsource-ballet/5.0.4/index.min.css.gz
- fontsource-ballet/5.0.4/latin-400.css.gz
- fontsource-ballet/5.0.4/latin-400.min.css.gz
- fontsource-ballet/5.0.4/latin-ext-400.css.gz
- fontsource-ballet/5.0.4/latin-ext-400.min.css.gz
- fontsource-ballet/5.0.4/latin-ext.css.gz
- fontsource-ballet/5.0.4/latin-ext.min.css.gz
- fontsource-ballet/5.0.4/latin.css.gz
- fontsource-ballet/5.0.4/latin.min.css.gz
- fontsource-ballet/5.0.4/vietnamese-400.css.gz
- fontsource-ballet/5.0.4/vietnamese-400.min.css.gz
- fontsource-ballet/5.0.4/vietnamese.css.gz
- fontsource-ballet/5.0.4/vietnamese.min.css.gz
