config: {"authors":[{"name":"Rene Haas | KingSora"}],"autoupdate":{"source":"npm","target":"overlayscrollbars","fileMap":[{"basePath":"","files":["*.@(js|mjs|cjs)?(.map)","browser/*.js?(.map)","styles/*.css","types/*.d.ts"]}]},"description":"A javascript scrollbar plugin which hides the native scrollbars and provides custom styleable overlay scrollbars, but keeps the native functionality and feeling.","filename":"browser/overlayscrollbars.browser.es6.min.js","homepage":"https://kingsora.github.io/OverlayScrollbars","keywords":["overlayscrollbars","custom","scrollbar","scrollbars","scroll","frontend"],"license":"MIT","name":"overlayscrollbars","repository":{"type":"git","url":"https://github.com/KingSora/OverlayScrollbars"},"author":"Rene Haas | KingSora"}
KV keys:
- overlayscrollbars/2.6.0/browser/overlayscrollbars.browser.es5.js.br
- overlayscrollbars/2.6.0/browser/overlayscrollbars.browser.es5.js.gz
- overlayscrollbars/2.6.0/browser/overlayscrollbars.browser.es5.js.map.br
- overlayscrollbars/2.6.0/browser/overlayscrollbars.browser.es5.js.map.gz
- overlayscrollbars/2.6.0/browser/overlayscrollbars.browser.es5.min.js.br
- overlayscrollbars/2.6.0/browser/overlayscrollbars.browser.es5.min.js.gz
- overlayscrollbars/2.6.0/browser/overlayscrollbars.browser.es6.js.br
- overlayscrollbars/2.6.0/browser/overlayscrollbars.browser.es6.js.gz
- overlayscrollbars/2.6.0/browser/overlayscrollbars.browser.es6.js.map.br
- overlayscrollbars/2.6.0/browser/overlayscrollbars.browser.es6.js.map.gz
- overlayscrollbars/2.6.0/browser/overlayscrollbars.browser.es6.min.js.br
- overlayscrollbars/2.6.0/browser/overlayscrollbars.browser.es6.min.js.gz
- overlayscrollbars/2.6.0/overlayscrollbars.cjs.br
- overlayscrollbars/2.6.0/overlayscrollbars.cjs.gz
- overlayscrollbars/2.6.0/overlayscrollbars.cjs.js.br
- overlayscrollbars/2.6.0/overlayscrollbars.cjs.js.gz
- overlayscrollbars/2.6.0/overlayscrollbars.cjs.js.map.br
- overlayscrollbars/2.6.0/overlayscrollbars.cjs.js.map.gz
- overlayscrollbars/2.6.0/overlayscrollbars.cjs.map.br
- overlayscrollbars/2.6.0/overlayscrollbars.cjs.map.gz
- overlayscrollbars/2.6.0/overlayscrollbars.cjs.min.js.br
- overlayscrollbars/2.6.0/overlayscrollbars.cjs.min.js.gz
- overlayscrollbars/2.6.0/overlayscrollbars.esm.js.br
- overlayscrollbars/2.6.0/overlayscrollbars.esm.js.gz
- overlayscrollbars/2.6.0/overlayscrollbars.esm.js.map.br
- overlayscrollbars/2.6.0/overlayscrollbars.esm.js.map.gz
- overlayscrollbars/2.6.0/overlayscrollbars.esm.min.js.br
- overlayscrollbars/2.6.0/overlayscrollbars.esm.min.js.gz
- overlayscrollbars/2.6.0/overlayscrollbars.mjs.br
- overlayscrollbars/2.6.0/overlayscrollbars.mjs.gz
- overlayscrollbars/2.6.0/overlayscrollbars.mjs.map.br
- overlayscrollbars/2.6.0/overlayscrollbars.mjs.map.gz
- overlayscrollbars/2.6.0/styles/overlayscrollbars.css.br
- overlayscrollbars/2.6.0/styles/overlayscrollbars.css.gz
- overlayscrollbars/2.6.0/styles/overlayscrollbars.min.css.br
- overlayscrollbars/2.6.0/styles/overlayscrollbars.min.css.gz
- overlayscrollbars/2.6.0/types/overlayscrollbars.d.ts.br
- overlayscrollbars/2.6.0/types/overlayscrollbars.d.ts.gz
SRIs:
- overlayscrollbars/2.6.0/overlayscrollbars.esm.js: sha512-HEkk9T/DgNaW+nzYtE3Ot10z3vfMg+nG6gTCMOoV387xjyd5t3ABF7tG8BhLqPl/SzxLUI9vXjqW+9c+aLjcNA==
- overlayscrollbars/2.6.0/overlayscrollbars.esm.min.js: sha512-MpcFWDgwFVwesGPPlgVoIKPkKI2nYIbGdL79LIu4g1a8bURSOc3eyodriGMNKf2tENDAt2Cx/ovadnEteleAyw==
- overlayscrollbars/2.6.0/styles/overlayscrollbars.min.css: sha512-cjikABEOa+oDUnxzH7bqc7+YWYTyClHDt0CCUhpY9oNVsYxw7Yl7e3yv6y4nPR28Fqr0k3zyr2C9IEjgwee6aA==
- overlayscrollbars/2.6.0/browser/overlayscrollbars.browser.es5.js: sha512-Vg2XoNM9Ene/qtuaqnOaqn1F+/dMv/vqzMu1MXJgHAljXlqDXMxU4jvY4fjVAhmy1ytOL/L4nH+AYINsY1eDxw==
- overlayscrollbars/2.6.0/browser/overlayscrollbars.browser.es6.js: sha512-WMsgsPbpMitupTlYMLSsLq7ODeWi7ssG3CrNlfGEgWUAmU2a6tzfzHs0T8El+ijuHduzzF6LeJYvLoM8hYcXvQ==
- overlayscrollbars/2.6.0/browser/overlayscrollbars.browser.es6.min.js: sha512-D2aSxAC72ajoxqVyDUlJxElWIudu5mX6Xnv4av+7nslNfqp9+2rCwY6KM13jzwfWP0Goqdyphq8ObVnhmPUVnw==
- overlayscrollbars/2.6.0/overlayscrollbars.cjs.js: sha512-EE0PIm0cH18M4qKQolaDDAfnv6ct3Ecjuo6hIAJ9M/Y984z7vO4+0M8PTJQZK/1cleefk86gja8sVLudq44EeQ==
- overlayscrollbars/2.6.0/overlayscrollbars.cjs.min.js: sha512-2AulMSXT4wKyiKHCaAHxe2k+FXmCMiLa6xSU4HfjzAXZzpeTJtxfiD0aQ+gB8lQVGKd0rwYk+JE1cBIh0ExVzg==
- overlayscrollbars/2.6.0/styles/overlayscrollbars.css: sha512-mugRE9roLmwcp27yQ5TZIvHWs5CaHgT+6zm0eo43lDVBGCa44ZW24KktH7GTSZcrifUXQzf8hJk/c+1WNktBsA==
- overlayscrollbars/2.6.0/browser/overlayscrollbars.browser.es5.min.js: sha512-+WRESnyTsv0F5diwerI51I2lssrIlPJcy2VgtLpt/7ngv+V/H91SQWkcw/TUZotZ60Lffbgbf4+61lT8WORoTg==
