config: {"authors":[{"name":"authts"}],"autoupdate":{"source":"npm","target":"oidc-client-ts","fileMap":[{"basePath":"dist","files":["@(browser|esm|umd)/*.js","types/*.@(d.ts|json)"]}]},"description":"OpenID Connect (OIDC) \u0026 OAuth2 client library","filename":"browser/oidc-client-ts.min.js","homepage":"https://github.com/authts/oidc-client-ts#readme","keywords":["authentication","oauth2","oidc","openid","OpenID Connect"],"license":"Apache-2.0","name":"oidc-client-ts","repository":{"type":"git","url":"git+https://github.com/authts/oidc-client-ts.git"},"author":"authts"}
KV keys:
- oidc-client-ts/2.2.1/browser/oidc-client-ts.js.br
- oidc-client-ts/2.2.1/browser/oidc-client-ts.js.gz
- oidc-client-ts/2.2.1/browser/oidc-client-ts.min.js.br
- oidc-client-ts/2.2.1/browser/oidc-client-ts.min.js.gz
- oidc-client-ts/2.2.1/esm/oidc-client-ts.js.br
- oidc-client-ts/2.2.1/esm/oidc-client-ts.js.gz
- oidc-client-ts/2.2.1/esm/oidc-client-ts.min.js.br
- oidc-client-ts/2.2.1/esm/oidc-client-ts.min.js.gz
- oidc-client-ts/2.2.1/types/oidc-client-ts.d.ts.br
- oidc-client-ts/2.2.1/types/oidc-client-ts.d.ts.gz
- oidc-client-ts/2.2.1/types/tsdoc-metadata.json.br
- oidc-client-ts/2.2.1/types/tsdoc-metadata.json.gz
- oidc-client-ts/2.2.1/umd/oidc-client-ts.js.br
- oidc-client-ts/2.2.1/umd/oidc-client-ts.js.gz
- oidc-client-ts/2.2.1/umd/oidc-client-ts.min.js.br
- oidc-client-ts/2.2.1/umd/oidc-client-ts.min.js.gz
SRIs:
- oidc-client-ts/2.2.1/umd/oidc-client-ts.min.js: sha512-bMrEXmGwi2nnftFChDvS91f+4jW5rCoDcgrP2ws36gZ3Cxh8XZCzqcsu+oq6dtsV4OPajsratldWTyO39XOQXQ==
- oidc-client-ts/2.2.1/browser/oidc-client-ts.js: sha512-iGggpaE8jxG1IneVKiHTsz5HQkCmuZTVrkUfSBM4K21V1RK+VfFDGMevNLMNU6EpE6vTHCwOqTWE0LUKsiwrOQ==
- oidc-client-ts/2.2.1/browser/oidc-client-ts.min.js: sha512-WmvYLuhL1VzorCypFWICi5C+ItvEI9i96RcCShJZq/2Nof0ASCYAR8slDmaMVcx+ww4i8Qn7nex+sxmEYmn6dQ==
- oidc-client-ts/2.2.1/esm/oidc-client-ts.js: sha512-ujcZOyVRhpwKIRWbO6Xs7NRe1o2ET2yp3/65SsPbsAXEDAbzZcNfu8cVU5cWwK7niB3/KS2C5xr2wDOI4GkXKw==
- oidc-client-ts/2.2.1/esm/oidc-client-ts.min.js: sha512-+cNPEoh9nnUkndn+Fm9BPbWhKvcK7iY3V/HVvtw5ucUdLaWgYXHXjxqHxJWnY0Dyg3NBzq38so+6JKE6CYZklw==
- oidc-client-ts/2.2.1/umd/oidc-client-ts.js: sha512-+CSeiPXEyQIyYrHCa/IhKrVgu/xygY56bEkbspVsAMMT20GGeBvs+bpGOhCG5f7wGcTdwjmOgtfVDDgkaH8eqQ==
