Files:
- fontsource-dynapuff/5.0.0/400.css.gz
- fontsource-dynapuff/5.0.0/400.min.css.gz
- fontsource-dynapuff/5.0.0/500.css.gz
- fontsource-dynapuff/5.0.0/500.min.css.gz
- fontsource-dynapuff/5.0.0/600.css.gz
- fontsource-dynapuff/5.0.0/600.min.css.gz
- fontsource-dynapuff/5.0.0/700.css.gz
- fontsource-dynapuff/5.0.0/700.min.css.gz
- fontsource-dynapuff/5.0.0/cyrillic-ext-400.css.gz
- fontsource-dynapuff/5.0.0/cyrillic-ext-400.min.css.gz
- fontsource-dynapuff/5.0.0/cyrillic-ext-500.css.gz
- fontsource-dynapuff/5.0.0/cyrillic-ext-500.min.css.gz
- fontsource-dynapuff/5.0.0/cyrillic-ext-600.css.gz
- fontsource-dynapuff/5.0.0/cyrillic-ext-600.min.css.gz
- fontsource-dynapuff/5.0.0/cyrillic-ext-700.css.gz
- fontsource-dynapuff/5.0.0/cyrillic-ext-700.min.css.gz
- fontsource-dynapuff/5.0.0/cyrillic-ext.css.gz
- fontsource-dynapuff/5.0.0/cyrillic-ext.min.css.gz
- fontsource-dynapuff/5.0.0/files/dynapuff-cyrillic-ext-400-normal.woff.gz
- fontsource-dynapuff/5.0.0/files/dynapuff-cyrillic-ext-500-normal.woff.gz
- fontsource-dynapuff/5.0.0/files/dynapuff-cyrillic-ext-600-normal.woff.gz
- fontsource-dynapuff/5.0.0/files/dynapuff-cyrillic-ext-700-normal.woff.gz
- fontsource-dynapuff/5.0.0/files/dynapuff-latin-400-normal.woff.gz
- fontsource-dynapuff/5.0.0/files/dynapuff-latin-500-normal.woff.gz
- fontsource-dynapuff/5.0.0/files/dynapuff-latin-600-normal.woff.gz
- fontsource-dynapuff/5.0.0/files/dynapuff-latin-700-normal.woff.gz
- fontsource-dynapuff/5.0.0/files/dynapuff-latin-ext-400-normal.woff.gz
- fontsource-dynapuff/5.0.0/files/dynapuff-latin-ext-500-normal.woff.gz
- fontsource-dynapuff/5.0.0/files/dynapuff-latin-ext-600-normal.woff.gz
- fontsource-dynapuff/5.0.0/files/dynapuff-latin-ext-700-normal.woff.gz
- fontsource-dynapuff/5.0.0/index.css.gz
- fontsource-dynapuff/5.0.0/index.min.css.gz
- fontsource-dynapuff/5.0.0/latin-400.css.gz
- fontsource-dynapuff/5.0.0/latin-400.min.css.gz
- fontsource-dynapuff/5.0.0/latin-500.css.gz
- fontsource-dynapuff/5.0.0/latin-500.min.css.gz
- fontsource-dynapuff/5.0.0/latin-600.css.gz
- fontsource-dynapuff/5.0.0/latin-600.min.css.gz
- fontsource-dynapuff/5.0.0/latin-700.css.gz
- fontsource-dynapuff/5.0.0/latin-700.min.css.gz
- fontsource-dynapuff/5.0.0/latin-ext-400.css.gz
- fontsource-dynapuff/5.0.0/latin-ext-400.min.css.gz
- fontsource-dynapuff/5.0.0/latin-ext-500.css.gz
- fontsource-dynapuff/5.0.0/latin-ext-500.min.css.gz
- fontsource-dynapuff/5.0.0/latin-ext-600.css.gz
- fontsource-dynapuff/5.0.0/latin-ext-600.min.css.gz
- fontsource-dynapuff/5.0.0/latin-ext-700.css.gz
- fontsource-dynapuff/5.0.0/latin-ext-700.min.css.gz
- fontsource-dynapuff/5.0.0/latin-ext.css.gz
- fontsource-dynapuff/5.0.0/latin-ext.min.css.gz
- fontsource-dynapuff/5.0.0/latin.css.gz
- fontsource-dynapuff/5.0.0/latin.min.css.gz
