Files:
- fontsource-manjari/5.0.16/100.css.gz
- fontsource-manjari/5.0.16/100.min.css.gz
- fontsource-manjari/5.0.16/400.css.gz
- fontsource-manjari/5.0.16/400.min.css.gz
- fontsource-manjari/5.0.16/700.css.gz
- fontsource-manjari/5.0.16/700.min.css.gz
- fontsource-manjari/5.0.16/files/manjari-latin-100-normal.woff.gz
- fontsource-manjari/5.0.16/files/manjari-latin-400-normal.woff.gz
- fontsource-manjari/5.0.16/files/manjari-latin-700-normal.woff.gz
- fontsource-manjari/5.0.16/files/manjari-latin-ext-100-normal.woff.gz
- fontsource-manjari/5.0.16/files/manjari-latin-ext-400-normal.woff.gz
- fontsource-manjari/5.0.16/files/manjari-latin-ext-700-normal.woff.gz
- fontsource-manjari/5.0.16/files/manjari-malayalam-100-normal.woff.gz
- fontsource-manjari/5.0.16/files/manjari-malayalam-400-normal.woff.gz
- fontsource-manjari/5.0.16/files/manjari-malayalam-700-normal.woff.gz
- fontsource-manjari/5.0.16/index.css.gz
- fontsource-manjari/5.0.16/index.min.css.gz
- fontsource-manjari/5.0.16/latin-100.css.gz
- fontsource-manjari/5.0.16/latin-100.min.css.gz
- fontsource-manjari/5.0.16/latin-400.css.gz
- fontsource-manjari/5.0.16/latin-400.min.css.gz
- fontsource-manjari/5.0.16/latin-700.css.gz
- fontsource-manjari/5.0.16/latin-700.min.css.gz
- fontsource-manjari/5.0.16/latin-ext-100.css.gz
- fontsource-manjari/5.0.16/latin-ext-100.min.css.gz
- fontsource-manjari/5.0.16/latin-ext-400.css.gz
- fontsource-manjari/5.0.16/latin-ext-400.min.css.gz
- fontsource-manjari/5.0.16/latin-ext-700.css.gz
- fontsource-manjari/5.0.16/latin-ext-700.min.css.gz
- fontsource-manjari/5.0.16/latin-ext.css.gz
- fontsource-manjari/5.0.16/latin-ext.min.css.gz
- fontsource-manjari/5.0.16/latin.css.gz
- fontsource-manjari/5.0.16/latin.min.css.gz
- fontsource-manjari/5.0.16/malayalam-100.css.gz
- fontsource-manjari/5.0.16/malayalam-100.min.css.gz
- fontsource-manjari/5.0.16/malayalam-400.css.gz
- fontsource-manjari/5.0.16/malayalam-400.min.css.gz
- fontsource-manjari/5.0.16/malayalam-700.css.gz
- fontsource-manjari/5.0.16/malayalam-700.min.css.gz
- fontsource-manjari/5.0.16/malayalam.css.gz
- fontsource-manjari/5.0.16/malayalam.min.css.gz
