Files:
- fontsource-meddon/4.5.10/400.css.br
- fontsource-meddon/4.5.10/400.css.gz
- fontsource-meddon/4.5.10/400.min.css.br
- fontsource-meddon/4.5.10/400.min.css.gz
- fontsource-meddon/4.5.10/files/meddon-all-400-normal.woff.br
- fontsource-meddon/4.5.10/files/meddon-all-400-normal.woff.gz
- fontsource-meddon/4.5.10/files/meddon-latin-400-normal.woff.br
- fontsource-meddon/4.5.10/files/meddon-latin-400-normal.woff.gz
- fontsource-meddon/4.5.10/files/meddon-latin-400-normal.woff2
- fontsource-meddon/4.5.10/index.css.br
- fontsource-meddon/4.5.10/index.css.gz
- fontsource-meddon/4.5.10/index.min.css.br
- fontsource-meddon/4.5.10/index.min.css.gz
- fontsource-meddon/4.5.10/latin-400.css.br
- fontsource-meddon/4.5.10/latin-400.css.gz
- fontsource-meddon/4.5.10/latin-400.min.css.br
- fontsource-meddon/4.5.10/latin-400.min.css.gz
- fontsource-meddon/4.5.10/latin.css.br
- fontsource-meddon/4.5.10/latin.css.gz
- fontsource-meddon/4.5.10/latin.min.css.br
- fontsource-meddon/4.5.10/latin.min.css.gz
