Files:
- fontsource-aileron/5.0.7/100-italic.css.gz
- fontsource-aileron/5.0.7/100-italic.min.css.gz
- fontsource-aileron/5.0.7/100.css.gz
- fontsource-aileron/5.0.7/100.min.css.gz
- fontsource-aileron/5.0.7/300-italic.css.gz
- fontsource-aileron/5.0.7/300-italic.min.css.gz
- fontsource-aileron/5.0.7/300.css.gz
- fontsource-aileron/5.0.7/300.min.css.gz
- fontsource-aileron/5.0.7/400-italic.css.gz
- fontsource-aileron/5.0.7/400-italic.min.css.gz
- fontsource-aileron/5.0.7/400.css.gz
- fontsource-aileron/5.0.7/400.min.css.gz
- fontsource-aileron/5.0.7/600-italic.css.gz
- fontsource-aileron/5.0.7/600-italic.min.css.gz
- fontsource-aileron/5.0.7/600.css.gz
- fontsource-aileron/5.0.7/600.min.css.gz
- fontsource-aileron/5.0.7/700-italic.css.gz
- fontsource-aileron/5.0.7/700-italic.min.css.gz
- fontsource-aileron/5.0.7/700.css.gz
- fontsource-aileron/5.0.7/700.min.css.gz
- fontsource-aileron/5.0.7/800-italic.css.gz
- fontsource-aileron/5.0.7/800-italic.min.css.gz
- fontsource-aileron/5.0.7/800.css.gz
- fontsource-aileron/5.0.7/800.min.css.gz
- fontsource-aileron/5.0.7/files/aileron-latin-100-italic.woff.gz
- fontsource-aileron/5.0.7/files/aileron-latin-100-normal.woff.gz
- fontsource-aileron/5.0.7/files/aileron-latin-300-italic.woff.gz
- fontsource-aileron/5.0.7/files/aileron-latin-300-normal.woff.gz
- fontsource-aileron/5.0.7/files/aileron-latin-400-italic.woff.gz
- fontsource-aileron/5.0.7/files/aileron-latin-400-normal.woff.gz
- fontsource-aileron/5.0.7/files/aileron-latin-600-italic.woff.gz
- fontsource-aileron/5.0.7/files/aileron-latin-600-normal.woff.gz
- fontsource-aileron/5.0.7/files/aileron-latin-700-italic.woff.gz
- fontsource-aileron/5.0.7/files/aileron-latin-700-normal.woff.gz
- fontsource-aileron/5.0.7/files/aileron-latin-800-italic.woff.gz
- fontsource-aileron/5.0.7/files/aileron-latin-800-normal.woff.gz
- fontsource-aileron/5.0.7/index.css.gz
- fontsource-aileron/5.0.7/index.min.css.gz
- fontsource-aileron/5.0.7/latin-100-italic.css.gz
- fontsource-aileron/5.0.7/latin-100-italic.min.css.gz
- fontsource-aileron/5.0.7/latin-100.css.gz
- fontsource-aileron/5.0.7/latin-100.min.css.gz
- fontsource-aileron/5.0.7/latin-300-italic.css.gz
- fontsource-aileron/5.0.7/latin-300-italic.min.css.gz
- fontsource-aileron/5.0.7/latin-300.css.gz
- fontsource-aileron/5.0.7/latin-300.min.css.gz
- fontsource-aileron/5.0.7/latin-400-italic.css.gz
- fontsource-aileron/5.0.7/latin-400-italic.min.css.gz
- fontsource-aileron/5.0.7/latin-400.css.gz
- fontsource-aileron/5.0.7/latin-400.min.css.gz
- fontsource-aileron/5.0.7/latin-600-italic.css.gz
- fontsource-aileron/5.0.7/latin-600-italic.min.css.gz
- fontsource-aileron/5.0.7/latin-600.css.gz
- fontsource-aileron/5.0.7/latin-600.min.css.gz
- fontsource-aileron/5.0.7/latin-700-italic.css.gz
- fontsource-aileron/5.0.7/latin-700-italic.min.css.gz
- fontsource-aileron/5.0.7/latin-700.css.gz
- fontsource-aileron/5.0.7/latin-700.min.css.gz
- fontsource-aileron/5.0.7/latin-800-italic.css.gz
- fontsource-aileron/5.0.7/latin-800-italic.min.css.gz
- fontsource-aileron/5.0.7/latin-800.css.gz
- fontsource-aileron/5.0.7/latin-800.min.css.gz
- fontsource-aileron/5.0.7/latin-italic.css.gz
- fontsource-aileron/5.0.7/latin-italic.min.css.gz
- fontsource-aileron/5.0.7/latin.css.gz
- fontsource-aileron/5.0.7/latin.min.css.gz
