2022/04/16 07:05:12 optimizing files (Js true, Css true, Png true, Jpg true)
2022/04/16 07:05:12 /tmp/work/dist/centrifuge.min.js already has corresponding compressed file
2022/04/16 07:05:12 algorithm: run /usr/bin/brotli --quality=11 --output=/output/centrifuge.d.ts.br /tmp/work/dist/centrifuge.d.ts
2022/04/16 07:05:12 algorithm: run /usr/bin/brotli --quality=11 --output=/output/centrifuge.js.map.br /tmp/work/dist/centrifuge.js.map
2022/04/16 07:05:12 /tmp/work/dist/centrifuge.min.js is already compressed
2022/04/16 07:05:12 algorithm: run /usr/bin/brotli --quality=11 --output=/output/centrifuge.min.js.map.br /tmp/work/dist/centrifuge.min.js.map
2022/04/16 07:05:12 algorithm: run /usr/bin/brotli --quality=11 --output=/output/centrifuge.protobuf.d.ts.br /tmp/work/dist/centrifuge.protobuf.d.ts
2022/04/16 07:05:12 /tmp/work/dist/centrifuge.protobuf.min.js already has corresponding compressed file
2022/04/16 07:05:12 sri /tmp/work/dist/centrifuge.js -> /output/centrifuge.js.sri
2022/04/16 07:05:12 algorithm: run /usr/bin/brotli --quality=11 --output=/output/centrifuge.js.br /tmp/work/dist/centrifuge.js
2022/04/16 07:05:12 sri /tmp/work/dist/centrifuge.min.js -> /output/centrifuge.min.js.sri
2022/04/16 07:05:12 algorithm: run /usr/bin/brotli --quality=11 --output=/output/centrifuge.min.js.br /tmp/work/dist/centrifuge.min.js
2022/04/16 07:05:12 algorithm: run /usr/bin/brotli --quality=11 --output=/output/centrifuge.protobuf.js.map.br /tmp/work/dist/centrifuge.protobuf.js.map
2022/04/16 07:05:12 sri /tmp/work/dist/centrifuge.protobuf.js -> /output/centrifuge.protobuf.js.sri
2022/04/16 07:05:12 algorithm: run /usr/bin/brotli --quality=11 --output=/output/centrifuge.protobuf.js.br /tmp/work/dist/centrifuge.protobuf.js
2022/04/16 07:05:12 br /tmp/work/dist/centrifuge.protobuf.d.ts -> /output/centrifuge.protobuf.d.ts.br
2022/04/16 07:05:12 gz /tmp/work/dist/centrifuge.protobuf.d.ts -> /output/centrifuge.protobuf.d.ts.gz
2022/04/16 07:05:12 /tmp/work/dist/centrifuge.protobuf.min.js is already compressed
2022/04/16 07:05:12 sri /tmp/work/dist/centrifuge.protobuf.min.js -> /output/centrifuge.protobuf.min.js.sri
2022/04/16 07:05:12 algorithm: run /usr/bin/brotli --quality=11 --output=/output/centrifuge.protobuf.min.js.br /tmp/work/dist/centrifuge.protobuf.min.js
2022/04/16 07:05:12 br /tmp/work/dist/centrifuge.d.ts -> /output/centrifuge.d.ts.br
2022/04/16 07:05:12 gz /tmp/work/dist/centrifuge.d.ts -> /output/centrifuge.d.ts.gz
2022/04/16 07:05:12 algorithm: run /usr/bin/brotli --quality=11 --output=/output/centrifuge.protobuf.min.js.map.br /tmp/work/dist/centrifuge.protobuf.min.js.map
2022/04/16 07:05:12 br /tmp/work/dist/centrifuge.min.js -> /output/centrifuge.min.js.br
2022/04/16 07:05:12 gz /tmp/work/dist/centrifuge.min.js -> /output/centrifuge.min.js.gz
2022/04/16 07:05:12 br /tmp/work/dist/centrifuge.js -> /output/centrifuge.js.br
2022/04/16 07:05:12 gz /tmp/work/dist/centrifuge.js -> /output/centrifuge.js.gz
2022/04/16 07:05:12 br /tmp/work/dist/centrifuge.min.js.map -> /output/centrifuge.min.js.map.br
2022/04/16 07:05:12 gz /tmp/work/dist/centrifuge.min.js.map -> /output/centrifuge.min.js.map.gz
2022/04/16 07:05:12 br /tmp/work/dist/centrifuge.protobuf.min.js -> /output/centrifuge.protobuf.min.js.br
2022/04/16 07:05:12 gz /tmp/work/dist/centrifuge.protobuf.min.js -> /output/centrifuge.protobuf.min.js.gz
2022/04/16 07:05:12 br /tmp/work/dist/centrifuge.js.map -> /output/centrifuge.js.map.br
2022/04/16 07:05:12 gz /tmp/work/dist/centrifuge.js.map -> /output/centrifuge.js.map.gz
2022/04/16 07:05:13 br /tmp/work/dist/centrifuge.protobuf.js -> /output/centrifuge.protobuf.js.br
2022/04/16 07:05:13 gz /tmp/work/dist/centrifuge.protobuf.js -> /output/centrifuge.protobuf.js.gz
2022/04/16 07:05:13 br /tmp/work/dist/centrifuge.protobuf.js.map -> /output/centrifuge.protobuf.js.map.br
2022/04/16 07:05:13 gz /tmp/work/dist/centrifuge.protobuf.js.map -> /output/centrifuge.protobuf.js.map.gz
2022/04/16 07:05:13 br /tmp/work/dist/centrifuge.protobuf.min.js.map -> /output/centrifuge.protobuf.min.js.map.br
2022/04/16 07:05:13 gz /tmp/work/dist/centrifuge.protobuf.min.js.map -> /output/centrifuge.protobuf.min.js.map.gz
2022/04/16 07:05:13 processed centrifuge
