Files:
- fontsource-noto-sans-symbols-2/5.0.4/400.css.gz
- fontsource-noto-sans-symbols-2/5.0.4/400.min.css.gz
- fontsource-noto-sans-symbols-2/5.0.4/files/noto-sans-symbols-2-latin-400-normal.woff.gz
- fontsource-noto-sans-symbols-2/5.0.4/files/noto-sans-symbols-2-latin-ext-400-normal.woff.gz
- fontsource-noto-sans-symbols-2/5.0.4/files/noto-sans-symbols-2-symbols-400-normal.woff.gz
- fontsource-noto-sans-symbols-2/5.0.4/index.css.gz
- fontsource-noto-sans-symbols-2/5.0.4/index.min.css.gz
- fontsource-noto-sans-symbols-2/5.0.4/latin-400.css.gz
- fontsource-noto-sans-symbols-2/5.0.4/latin-400.min.css.gz
- fontsource-noto-sans-symbols-2/5.0.4/latin-ext-400.css.gz
- fontsource-noto-sans-symbols-2/5.0.4/latin-ext-400.min.css.gz
- fontsource-noto-sans-symbols-2/5.0.4/latin-ext.css.gz
- fontsource-noto-sans-symbols-2/5.0.4/latin-ext.min.css.gz
- fontsource-noto-sans-symbols-2/5.0.4/latin.css.gz
- fontsource-noto-sans-symbols-2/5.0.4/latin.min.css.gz
- fontsource-noto-sans-symbols-2/5.0.4/symbols-400.css.gz
- fontsource-noto-sans-symbols-2/5.0.4/symbols-400.min.css.gz
- fontsource-noto-sans-symbols-2/5.0.4/symbols.css.gz
- fontsource-noto-sans-symbols-2/5.0.4/symbols.min.css.gz
