Files:
- fontsource-noto-sans-brahmi/5.0.6/400.css.br
- fontsource-noto-sans-brahmi/5.0.6/400.css.gz
- fontsource-noto-sans-brahmi/5.0.6/400.min.css.br
- fontsource-noto-sans-brahmi/5.0.6/400.min.css.gz
- fontsource-noto-sans-brahmi/5.0.6/brahmi-400.css.br
- fontsource-noto-sans-brahmi/5.0.6/brahmi-400.css.gz
- fontsource-noto-sans-brahmi/5.0.6/brahmi-400.min.css.br
- fontsource-noto-sans-brahmi/5.0.6/brahmi-400.min.css.gz
- fontsource-noto-sans-brahmi/5.0.6/brahmi.css.br
- fontsource-noto-sans-brahmi/5.0.6/brahmi.css.gz
- fontsource-noto-sans-brahmi/5.0.6/brahmi.min.css.br
- fontsource-noto-sans-brahmi/5.0.6/brahmi.min.css.gz
- fontsource-noto-sans-brahmi/5.0.6/files/noto-sans-brahmi-brahmi-400-normal.woff.br
- fontsource-noto-sans-brahmi/5.0.6/files/noto-sans-brahmi-brahmi-400-normal.woff.gz
- fontsource-noto-sans-brahmi/5.0.6/files/noto-sans-brahmi-brahmi-400-normal.woff2
- fontsource-noto-sans-brahmi/5.0.6/index.css.br
- fontsource-noto-sans-brahmi/5.0.6/index.css.gz
- fontsource-noto-sans-brahmi/5.0.6/index.min.css.br
- fontsource-noto-sans-brahmi/5.0.6/index.min.css.gz
