config: {"authors":[{"name":"Google Inc."}],"autoupdate":{"source":"npm","target":"@fontsource/pathway-extreme","fileMap":[{"basePath":"","files":["*.css","files/*.@(woff|woff2)"]}],"excludeFromSearch":true},"description":"Self-host the Pathway Extreme font in a neatly bundled NPM package.","filename":"index.css","homepage":"https://fontsource.org/fonts/pathway-extreme","keywords":["fontsource","font","font family","google fonts","pathway-extreme","Pathway Extreme","css","sass","front-end","web","typeface","variable"],"license":"OFL-1.1","name":"fontsource-pathway-extreme","repository":{"type":"git","url":"git+https://github.com/fontsource/font-files.git"},"author":"Google Inc."}
KV keys:
- fontsource-pathway-extreme/5.0.14/100-italic.css.br
- fontsource-pathway-extreme/5.0.14/100-italic.css.gz
- fontsource-pathway-extreme/5.0.14/100-italic.min.css.br
- fontsource-pathway-extreme/5.0.14/100-italic.min.css.gz
- fontsource-pathway-extreme/5.0.14/100.css.br
- fontsource-pathway-extreme/5.0.14/100.css.gz
- fontsource-pathway-extreme/5.0.14/100.min.css.br
- fontsource-pathway-extreme/5.0.14/100.min.css.gz
- fontsource-pathway-extreme/5.0.14/200-italic.css.br
- fontsource-pathway-extreme/5.0.14/200-italic.css.gz
- fontsource-pathway-extreme/5.0.14/200-italic.min.css.br
- fontsource-pathway-extreme/5.0.14/200-italic.min.css.gz
- fontsource-pathway-extreme/5.0.14/200.css.br
- fontsource-pathway-extreme/5.0.14/200.css.gz
- fontsource-pathway-extreme/5.0.14/200.min.css.br
- fontsource-pathway-extreme/5.0.14/200.min.css.gz
- fontsource-pathway-extreme/5.0.14/300-italic.css.br
- fontsource-pathway-extreme/5.0.14/300-italic.css.gz
- fontsource-pathway-extreme/5.0.14/300-italic.min.css.br
- fontsource-pathway-extreme/5.0.14/300-italic.min.css.gz
- fontsource-pathway-extreme/5.0.14/300.css.br
- fontsource-pathway-extreme/5.0.14/300.css.gz
- fontsource-pathway-extreme/5.0.14/300.min.css.br
- fontsource-pathway-extreme/5.0.14/300.min.css.gz
- fontsource-pathway-extreme/5.0.14/400-italic.css.br
- fontsource-pathway-extreme/5.0.14/400-italic.css.gz
- fontsource-pathway-extreme/5.0.14/400-italic.min.css.br
- fontsource-pathway-extreme/5.0.14/400-italic.min.css.gz
- fontsource-pathway-extreme/5.0.14/400.css.br
- fontsource-pathway-extreme/5.0.14/400.css.gz
- fontsource-pathway-extreme/5.0.14/400.min.css.br
- fontsource-pathway-extreme/5.0.14/400.min.css.gz
- fontsource-pathway-extreme/5.0.14/500-italic.css.br
- fontsource-pathway-extreme/5.0.14/500-italic.css.gz
- fontsource-pathway-extreme/5.0.14/500-italic.min.css.br
- fontsource-pathway-extreme/5.0.14/500-italic.min.css.gz
- fontsource-pathway-extreme/5.0.14/500.css.br
- fontsource-pathway-extreme/5.0.14/500.css.gz
- fontsource-pathway-extreme/5.0.14/500.min.css.br
- fontsource-pathway-extreme/5.0.14/500.min.css.gz
- fontsource-pathway-extreme/5.0.14/600-italic.css.br
- fontsource-pathway-extreme/5.0.14/600-italic.css.gz
- fontsource-pathway-extreme/5.0.14/600-italic.min.css.br
- fontsource-pathway-extreme/5.0.14/600-italic.min.css.gz
- fontsource-pathway-extreme/5.0.14/600.css.br
- fontsource-pathway-extreme/5.0.14/600.css.gz
- fontsource-pathway-extreme/5.0.14/600.min.css.br
- fontsource-pathway-extreme/5.0.14/600.min.css.gz
- fontsource-pathway-extreme/5.0.14/700-italic.css.br
- fontsource-pathway-extreme/5.0.14/700-italic.css.gz
- fontsource-pathway-extreme/5.0.14/700-italic.min.css.br
- fontsource-pathway-extreme/5.0.14/700-italic.min.css.gz
- fontsource-pathway-extreme/5.0.14/700.css.br
- fontsource-pathway-extreme/5.0.14/700.css.gz
- fontsource-pathway-extreme/5.0.14/700.min.css.br
- fontsource-pathway-extreme/5.0.14/700.min.css.gz
- fontsource-pathway-extreme/5.0.14/800-italic.css.br
- fontsource-pathway-extreme/5.0.14/800-italic.css.gz
- fontsource-pathway-extreme/5.0.14/800-italic.min.css.br
- fontsource-pathway-extreme/5.0.14/800-italic.min.css.gz
- fontsource-pathway-extreme/5.0.14/800.css.br
- fontsource-pathway-extreme/5.0.14/800.css.gz
- fontsource-pathway-extreme/5.0.14/800.min.css.br
- fontsource-pathway-extreme/5.0.14/800.min.css.gz
- fontsource-pathway-extreme/5.0.14/900-italic.css.br
- fontsource-pathway-extreme/5.0.14/900-italic.css.gz
- fontsource-pathway-extreme/5.0.14/900-italic.min.css.br
- fontsource-pathway-extreme/5.0.14/900-italic.min.css.gz
- fontsource-pathway-extreme/5.0.14/900.css.br
- fontsource-pathway-extreme/5.0.14/900.css.gz
- fontsource-pathway-extreme/5.0.14/900.min.css.br
- fontsource-pathway-extreme/5.0.14/900.min.css.gz
- fontsource-pathway-extreme/5.0.14/files/pathway-extreme-latin-100-italic.woff.br
- fontsource-pathway-extreme/5.0.14/files/pathway-extreme-latin-100-italic.woff.gz
- fontsource-pathway-extreme/5.0.14/files/pathway-extreme-latin-100-italic.woff2
- fontsource-pathway-extreme/5.0.14/files/pathway-extreme-latin-100-normal.woff.br
- fontsource-pathway-extreme/5.0.14/files/pathway-extreme-latin-100-normal.woff.gz
- fontsource-pathway-extreme/5.0.14/files/pathway-extreme-latin-100-normal.woff2
- fontsource-pathway-extreme/5.0.14/files/pathway-extreme-latin-200-italic.woff.br
- fontsource-pathway-extreme/5.0.14/files/pathway-extreme-latin-200-italic.woff.gz
- fontsource-pathway-extreme/5.0.14/files/pathway-extreme-latin-200-italic.woff2
- fontsource-pathway-extreme/5.0.14/files/pathway-extreme-latin-200-normal.woff.br
- fontsource-pathway-extreme/5.0.14/files/pathway-extreme-latin-200-normal.woff.gz
- fontsource-pathway-extreme/5.0.14/files/pathway-extreme-latin-200-normal.woff2
- fontsource-pathway-extreme/5.0.14/files/pathway-extreme-latin-300-italic.woff.br
- fontsource-pathway-extreme/5.0.14/files/pathway-extreme-latin-300-italic.woff.gz
- fontsource-pathway-extreme/5.0.14/files/pathway-extreme-latin-300-italic.woff2
- fontsource-pathway-extreme/5.0.14/files/pathway-extreme-latin-300-normal.woff.br
- fontsource-pathway-extreme/5.0.14/files/pathway-extreme-latin-300-normal.woff.gz
- fontsource-pathway-extreme/5.0.14/files/pathway-extreme-latin-300-normal.woff2
- fontsource-pathway-extreme/5.0.14/files/pathway-extreme-latin-400-italic.woff.br
- fontsource-pathway-extreme/5.0.14/files/pathway-extreme-latin-400-italic.woff.gz
- fontsource-pathway-extreme/5.0.14/files/pathway-extreme-latin-400-italic.woff2
- fontsource-pathway-extreme/5.0.14/files/pathway-extreme-latin-400-normal.woff.br
- fontsource-pathway-extreme/5.0.14/files/pathway-extreme-latin-400-normal.woff.gz
- fontsource-pathway-extreme/5.0.14/files/pathway-extreme-latin-400-normal.woff2
- fontsource-pathway-extreme/5.0.14/files/pathway-extreme-latin-500-italic.woff.br
- fontsource-pathway-extreme/5.0.14/files/pathway-extreme-latin-500-italic.woff.gz
- fontsource-pathway-extreme/5.0.14/files/pathway-extreme-latin-500-italic.woff2
- fontsource-pathway-extreme/5.0.14/files/pathway-extreme-latin-500-normal.woff.br
- fontsource-pathway-extreme/5.0.14/files/pathway-extreme-latin-500-normal.woff.gz
- fontsource-pathway-extreme/5.0.14/files/pathway-extreme-latin-500-normal.woff2
- fontsource-pathway-extreme/5.0.14/files/pathway-extreme-latin-600-italic.woff.br
- fontsource-pathway-extreme/5.0.14/files/pathway-extreme-latin-600-italic.woff.gz
- fontsource-pathway-extreme/5.0.14/files/pathway-extreme-latin-600-italic.woff2
- fontsource-pathway-extreme/5.0.14/files/pathway-extreme-latin-600-normal.woff.br
- fontsource-pathway-extreme/5.0.14/files/pathway-extreme-latin-600-normal.woff.gz
- fontsource-pathway-extreme/5.0.14/files/pathway-extreme-latin-600-normal.woff2
- fontsource-pathway-extreme/5.0.14/files/pathway-extreme-latin-700-italic.woff.br
- fontsource-pathway-extreme/5.0.14/files/pathway-extreme-latin-700-italic.woff.gz
- fontsource-pathway-extreme/5.0.14/files/pathway-extreme-latin-700-italic.woff2
- fontsource-pathway-extreme/5.0.14/files/pathway-extreme-latin-700-normal.woff.br
- fontsource-pathway-extreme/5.0.14/files/pathway-extreme-latin-700-normal.woff.gz
- fontsource-pathway-extreme/5.0.14/files/pathway-extreme-latin-700-normal.woff2
- fontsource-pathway-extreme/5.0.14/files/pathway-extreme-latin-800-italic.woff.br
- fontsource-pathway-extreme/5.0.14/files/pathway-extreme-latin-800-italic.woff.gz
- fontsource-pathway-extreme/5.0.14/files/pathway-extreme-latin-800-italic.woff2
- fontsource-pathway-extreme/5.0.14/files/pathway-extreme-latin-800-normal.woff.br
- fontsource-pathway-extreme/5.0.14/files/pathway-extreme-latin-800-normal.woff.gz
- fontsource-pathway-extreme/5.0.14/files/pathway-extreme-latin-800-normal.woff2
- fontsource-pathway-extreme/5.0.14/files/pathway-extreme-latin-900-italic.woff.br
- fontsource-pathway-extreme/5.0.14/files/pathway-extreme-latin-900-italic.woff.gz
- fontsource-pathway-extreme/5.0.14/files/pathway-extreme-latin-900-italic.woff2
- fontsource-pathway-extreme/5.0.14/files/pathway-extreme-latin-900-normal.woff.br
- fontsource-pathway-extreme/5.0.14/files/pathway-extreme-latin-900-normal.woff.gz
- fontsource-pathway-extreme/5.0.14/files/pathway-extreme-latin-900-normal.woff2
- fontsource-pathway-extreme/5.0.14/files/pathway-extreme-latin-ext-100-italic.woff.br
- fontsource-pathway-extreme/5.0.14/files/pathway-extreme-latin-ext-100-italic.woff.gz
- fontsource-pathway-extreme/5.0.14/files/pathway-extreme-latin-ext-100-italic.woff2
- fontsource-pathway-extreme/5.0.14/files/pathway-extreme-latin-ext-100-normal.woff.br
- fontsource-pathway-extreme/5.0.14/files/pathway-extreme-latin-ext-100-normal.woff.gz
- fontsource-pathway-extreme/5.0.14/files/pathway-extreme-latin-ext-100-normal.woff2
- fontsource-pathway-extreme/5.0.14/files/pathway-extreme-latin-ext-200-italic.woff.br
- fontsource-pathway-extreme/5.0.14/files/pathway-extreme-latin-ext-200-italic.woff.gz
- fontsource-pathway-extreme/5.0.14/files/pathway-extreme-latin-ext-200-italic.woff2
- fontsource-pathway-extreme/5.0.14/files/pathway-extreme-latin-ext-200-normal.woff.br
- fontsource-pathway-extreme/5.0.14/files/pathway-extreme-latin-ext-200-normal.woff.gz
- fontsource-pathway-extreme/5.0.14/files/pathway-extreme-latin-ext-200-normal.woff2
- fontsource-pathway-extreme/5.0.14/files/pathway-extreme-latin-ext-300-italic.woff.br
- fontsource-pathway-extreme/5.0.14/files/pathway-extreme-latin-ext-300-italic.woff.gz
- fontsource-pathway-extreme/5.0.14/files/pathway-extreme-latin-ext-300-italic.woff2
- fontsource-pathway-extreme/5.0.14/files/pathway-extreme-latin-ext-300-normal.woff.br
- fontsource-pathway-extreme/5.0.14/files/pathway-extreme-latin-ext-300-normal.woff.gz
- fontsource-pathway-extreme/5.0.14/files/pathway-extreme-latin-ext-300-normal.woff2
- fontsource-pathway-extreme/5.0.14/files/pathway-extreme-latin-ext-400-italic.woff.br
- fontsource-pathway-extreme/5.0.14/files/pathway-extreme-latin-ext-400-italic.woff.gz
- fontsource-pathway-extreme/5.0.14/files/pathway-extreme-latin-ext-400-italic.woff2
- fontsource-pathway-extreme/5.0.14/files/pathway-extreme-latin-ext-400-normal.woff.br
- fontsource-pathway-extreme/5.0.14/files/pathway-extreme-latin-ext-400-normal.woff.gz
- fontsource-pathway-extreme/5.0.14/files/pathway-extreme-latin-ext-400-normal.woff2
- fontsource-pathway-extreme/5.0.14/files/pathway-extreme-latin-ext-500-italic.woff.br
- fontsource-pathway-extreme/5.0.14/files/pathway-extreme-latin-ext-500-italic.woff.gz
- fontsource-pathway-extreme/5.0.14/files/pathway-extreme-latin-ext-500-italic.woff2
- fontsource-pathway-extreme/5.0.14/files/pathway-extreme-latin-ext-500-normal.woff.br
- fontsource-pathway-extreme/5.0.14/files/pathway-extreme-latin-ext-500-normal.woff.gz
- fontsource-pathway-extreme/5.0.14/files/pathway-extreme-latin-ext-500-normal.woff2
- fontsource-pathway-extreme/5.0.14/files/pathway-extreme-latin-ext-600-italic.woff.br
- fontsource-pathway-extreme/5.0.14/files/pathway-extreme-latin-ext-600-italic.woff.gz
- fontsource-pathway-extreme/5.0.14/files/pathway-extreme-latin-ext-600-italic.woff2
- fontsource-pathway-extreme/5.0.14/files/pathway-extreme-latin-ext-600-normal.woff.br
- fontsource-pathway-extreme/5.0.14/files/pathway-extreme-latin-ext-600-normal.woff.gz
- fontsource-pathway-extreme/5.0.14/files/pathway-extreme-latin-ext-600-normal.woff2
- fontsource-pathway-extreme/5.0.14/files/pathway-extreme-latin-ext-700-italic.woff.br
- fontsource-pathway-extreme/5.0.14/files/pathway-extreme-latin-ext-700-italic.woff.gz
- fontsource-pathway-extreme/5.0.14/files/pathway-extreme-latin-ext-700-italic.woff2
- fontsource-pathway-extreme/5.0.14/files/pathway-extreme-latin-ext-700-normal.woff.br
- fontsource-pathway-extreme/5.0.14/files/pathway-extreme-latin-ext-700-normal.woff.gz
- fontsource-pathway-extreme/5.0.14/files/pathway-extreme-latin-ext-700-normal.woff2
- fontsource-pathway-extreme/5.0.14/files/pathway-extreme-latin-ext-800-italic.woff.br
- fontsource-pathway-extreme/5.0.14/files/pathway-extreme-latin-ext-800-italic.woff.gz
- fontsource-pathway-extreme/5.0.14/files/pathway-extreme-latin-ext-800-italic.woff2
- fontsource-pathway-extreme/5.0.14/files/pathway-extreme-latin-ext-800-normal.woff.br
- fontsource-pathway-extreme/5.0.14/files/pathway-extreme-latin-ext-800-normal.woff.gz
- fontsource-pathway-extreme/5.0.14/files/pathway-extreme-latin-ext-800-normal.woff2
- fontsource-pathway-extreme/5.0.14/files/pathway-extreme-latin-ext-900-italic.woff.br
- fontsource-pathway-extreme/5.0.14/files/pathway-extreme-latin-ext-900-italic.woff.gz
- fontsource-pathway-extreme/5.0.14/files/pathway-extreme-latin-ext-900-italic.woff2
- fontsource-pathway-extreme/5.0.14/files/pathway-extreme-latin-ext-900-normal.woff.br
- fontsource-pathway-extreme/5.0.14/files/pathway-extreme-latin-ext-900-normal.woff.gz
- fontsource-pathway-extreme/5.0.14/files/pathway-extreme-latin-ext-900-normal.woff2
- fontsource-pathway-extreme/5.0.14/files/pathway-extreme-vietnamese-100-italic.woff.br
- fontsource-pathway-extreme/5.0.14/files/pathway-extreme-vietnamese-100-italic.woff.gz
- fontsource-pathway-extreme/5.0.14/files/pathway-extreme-vietnamese-100-italic.woff2
- fontsource-pathway-extreme/5.0.14/files/pathway-extreme-vietnamese-100-normal.woff.br
- fontsource-pathway-extreme/5.0.14/files/pathway-extreme-vietnamese-100-normal.woff.gz
- fontsource-pathway-extreme/5.0.14/files/pathway-extreme-vietnamese-100-normal.woff2
- fontsource-pathway-extreme/5.0.14/files/pathway-extreme-vietnamese-200-italic.woff.br
- fontsource-pathway-extreme/5.0.14/files/pathway-extreme-vietnamese-200-italic.woff.gz
- fontsource-pathway-extreme/5.0.14/files/pathway-extreme-vietnamese-200-italic.woff2
- fontsource-pathway-extreme/5.0.14/files/pathway-extreme-vietnamese-200-normal.woff.br
- fontsource-pathway-extreme/5.0.14/files/pathway-extreme-vietnamese-200-normal.woff.gz
- fontsource-pathway-extreme/5.0.14/files/pathway-extreme-vietnamese-200-normal.woff2
- fontsource-pathway-extreme/5.0.14/files/pathway-extreme-vietnamese-300-italic.woff.br
- fontsource-pathway-extreme/5.0.14/files/pathway-extreme-vietnamese-300-italic.woff.gz
- fontsource-pathway-extreme/5.0.14/files/pathway-extreme-vietnamese-300-italic.woff2
- fontsource-pathway-extreme/5.0.14/files/pathway-extreme-vietnamese-300-normal.woff.br
- fontsource-pathway-extreme/5.0.14/files/pathway-extreme-vietnamese-300-normal.woff.gz
- fontsource-pathway-extreme/5.0.14/files/pathway-extreme-vietnamese-300-normal.woff2
- fontsource-pathway-extreme/5.0.14/files/pathway-extreme-vietnamese-400-italic.woff.br
- fontsource-pathway-extreme/5.0.14/files/pathway-extreme-vietnamese-400-italic.woff.gz
- fontsource-pathway-extreme/5.0.14/files/pathway-extreme-vietnamese-400-italic.woff2
- fontsource-pathway-extreme/5.0.14/files/pathway-extreme-vietnamese-400-normal.woff.br
- fontsource-pathway-extreme/5.0.14/files/pathway-extreme-vietnamese-400-normal.woff.gz
- fontsource-pathway-extreme/5.0.14/files/pathway-extreme-vietnamese-400-normal.woff2
- fontsource-pathway-extreme/5.0.14/files/pathway-extreme-vietnamese-500-italic.woff.br
- fontsource-pathway-extreme/5.0.14/files/pathway-extreme-vietnamese-500-italic.woff.gz
- fontsource-pathway-extreme/5.0.14/files/pathway-extreme-vietnamese-500-italic.woff2
- fontsource-pathway-extreme/5.0.14/files/pathway-extreme-vietnamese-500-normal.woff.br
- fontsource-pathway-extreme/5.0.14/files/pathway-extreme-vietnamese-500-normal.woff.gz
- fontsource-pathway-extreme/5.0.14/files/pathway-extreme-vietnamese-500-normal.woff2
- fontsource-pathway-extreme/5.0.14/files/pathway-extreme-vietnamese-600-italic.woff.br
- fontsource-pathway-extreme/5.0.14/files/pathway-extreme-vietnamese-600-italic.woff.gz
- fontsource-pathway-extreme/5.0.14/files/pathway-extreme-vietnamese-600-italic.woff2
- fontsource-pathway-extreme/5.0.14/files/pathway-extreme-vietnamese-600-normal.woff.br
- fontsource-pathway-extreme/5.0.14/files/pathway-extreme-vietnamese-600-normal.woff.gz
- fontsource-pathway-extreme/5.0.14/files/pathway-extreme-vietnamese-600-normal.woff2
- fontsource-pathway-extreme/5.0.14/files/pathway-extreme-vietnamese-700-italic.woff.br
- fontsource-pathway-extreme/5.0.14/files/pathway-extreme-vietnamese-700-italic.woff.gz
- fontsource-pathway-extreme/5.0.14/files/pathway-extreme-vietnamese-700-italic.woff2
- fontsource-pathway-extreme/5.0.14/files/pathway-extreme-vietnamese-700-normal.woff.br
- fontsource-pathway-extreme/5.0.14/files/pathway-extreme-vietnamese-700-normal.woff.gz
- fontsource-pathway-extreme/5.0.14/files/pathway-extreme-vietnamese-700-normal.woff2
- fontsource-pathway-extreme/5.0.14/files/pathway-extreme-vietnamese-800-italic.woff.br
- fontsource-pathway-extreme/5.0.14/files/pathway-extreme-vietnamese-800-italic.woff.gz
- fontsource-pathway-extreme/5.0.14/files/pathway-extreme-vietnamese-800-italic.woff2
- fontsource-pathway-extreme/5.0.14/files/pathway-extreme-vietnamese-800-normal.woff.br
- fontsource-pathway-extreme/5.0.14/files/pathway-extreme-vietnamese-800-normal.woff.gz
- fontsource-pathway-extreme/5.0.14/files/pathway-extreme-vietnamese-800-normal.woff2
- fontsource-pathway-extreme/5.0.14/files/pathway-extreme-vietnamese-900-italic.woff.br
- fontsource-pathway-extreme/5.0.14/files/pathway-extreme-vietnamese-900-italic.woff.gz
- fontsource-pathway-extreme/5.0.14/files/pathway-extreme-vietnamese-900-italic.woff2
- fontsource-pathway-extreme/5.0.14/files/pathway-extreme-vietnamese-900-normal.woff.br
- fontsource-pathway-extreme/5.0.14/files/pathway-extreme-vietnamese-900-normal.woff.gz
- fontsource-pathway-extreme/5.0.14/files/pathway-extreme-vietnamese-900-normal.woff2
- fontsource-pathway-extreme/5.0.14/index.css.br
- fontsource-pathway-extreme/5.0.14/index.css.gz
- fontsource-pathway-extreme/5.0.14/index.min.css.br
- fontsource-pathway-extreme/5.0.14/index.min.css.gz
- fontsource-pathway-extreme/5.0.14/latin-100-italic.css.br
- fontsource-pathway-extreme/5.0.14/latin-100-italic.css.gz
- fontsource-pathway-extreme/5.0.14/latin-100-italic.min.css.br
- fontsource-pathway-extreme/5.0.14/latin-100-italic.min.css.gz
- fontsource-pathway-extreme/5.0.14/latin-100.css.br
- fontsource-pathway-extreme/5.0.14/latin-100.css.gz
- fontsource-pathway-extreme/5.0.14/latin-100.min.css.br
- fontsource-pathway-extreme/5.0.14/latin-100.min.css.gz
- fontsource-pathway-extreme/5.0.14/latin-200-italic.css.br
- fontsource-pathway-extreme/5.0.14/latin-200-italic.css.gz
- fontsource-pathway-extreme/5.0.14/latin-200-italic.min.css.br
- fontsource-pathway-extreme/5.0.14/latin-200-italic.min.css.gz
- fontsource-pathway-extreme/5.0.14/latin-200.css.br
- fontsource-pathway-extreme/5.0.14/latin-200.css.gz
- fontsource-pathway-extreme/5.0.14/latin-200.min.css.br
- fontsource-pathway-extreme/5.0.14/latin-200.min.css.gz
- fontsource-pathway-extreme/5.0.14/latin-300-italic.css.br
- fontsource-pathway-extreme/5.0.14/latin-300-italic.css.gz
- fontsource-pathway-extreme/5.0.14/latin-300-italic.min.css.br
- fontsource-pathway-extreme/5.0.14/latin-300-italic.min.css.gz
- fontsource-pathway-extreme/5.0.14/latin-300.css.br
- fontsource-pathway-extreme/5.0.14/latin-300.css.gz
- fontsource-pathway-extreme/5.0.14/latin-300.min.css.br
- fontsource-pathway-extreme/5.0.14/latin-300.min.css.gz
- fontsource-pathway-extreme/5.0.14/latin-400-italic.css.br
- fontsource-pathway-extreme/5.0.14/latin-400-italic.css.gz
- fontsource-pathway-extreme/5.0.14/latin-400-italic.min.css.br
- fontsource-pathway-extreme/5.0.14/latin-400-italic.min.css.gz
- fontsource-pathway-extreme/5.0.14/latin-400.css.br
- fontsource-pathway-extreme/5.0.14/latin-400.css.gz
- fontsource-pathway-extreme/5.0.14/latin-400.min.css.br
- fontsource-pathway-extreme/5.0.14/latin-400.min.css.gz
- fontsource-pathway-extreme/5.0.14/latin-500-italic.css.br
- fontsource-pathway-extreme/5.0.14/latin-500-italic.css.gz
- fontsource-pathway-extreme/5.0.14/latin-500-italic.min.css.br
- fontsource-pathway-extreme/5.0.14/latin-500-italic.min.css.gz
- fontsource-pathway-extreme/5.0.14/latin-500.css.br
- fontsource-pathway-extreme/5.0.14/latin-500.css.gz
- fontsource-pathway-extreme/5.0.14/latin-500.min.css.br
- fontsource-pathway-extreme/5.0.14/latin-500.min.css.gz
- fontsource-pathway-extreme/5.0.14/latin-600-italic.css.br
- fontsource-pathway-extreme/5.0.14/latin-600-italic.css.gz
- fontsource-pathway-extreme/5.0.14/latin-600-italic.min.css.br
- fontsource-pathway-extreme/5.0.14/latin-600-italic.min.css.gz
- fontsource-pathway-extreme/5.0.14/latin-600.css.br
- fontsource-pathway-extreme/5.0.14/latin-600.css.gz
- fontsource-pathway-extreme/5.0.14/latin-600.min.css.br
- fontsource-pathway-extreme/5.0.14/latin-600.min.css.gz
- fontsource-pathway-extreme/5.0.14/latin-700-italic.css.br
- fontsource-pathway-extreme/5.0.14/latin-700-italic.css.gz
- fontsource-pathway-extreme/5.0.14/latin-700-italic.min.css.br
- fontsource-pathway-extreme/5.0.14/latin-700-italic.min.css.gz
- fontsource-pathway-extreme/5.0.14/latin-700.css.br
- fontsource-pathway-extreme/5.0.14/latin-700.css.gz
- fontsource-pathway-extreme/5.0.14/latin-700.min.css.br
- fontsource-pathway-extreme/5.0.14/latin-700.min.css.gz
- fontsource-pathway-extreme/5.0.14/latin-800-italic.css.br
- fontsource-pathway-extreme/5.0.14/latin-800-italic.css.gz
- fontsource-pathway-extreme/5.0.14/latin-800-italic.min.css.br
- fontsource-pathway-extreme/5.0.14/latin-800-italic.min.css.gz
- fontsource-pathway-extreme/5.0.14/latin-800.css.br
- fontsource-pathway-extreme/5.0.14/latin-800.css.gz
- fontsource-pathway-extreme/5.0.14/latin-800.min.css.br
- fontsource-pathway-extreme/5.0.14/latin-800.min.css.gz
- fontsource-pathway-extreme/5.0.14/latin-900-italic.css.br
- fontsource-pathway-extreme/5.0.14/latin-900-italic.css.gz
- fontsource-pathway-extreme/5.0.14/latin-900-italic.min.css.br
- fontsource-pathway-extreme/5.0.14/latin-900-italic.min.css.gz
- fontsource-pathway-extreme/5.0.14/latin-900.css.br
- fontsource-pathway-extreme/5.0.14/latin-900.css.gz
- fontsource-pathway-extreme/5.0.14/latin-900.min.css.br
- fontsource-pathway-extreme/5.0.14/latin-900.min.css.gz
- fontsource-pathway-extreme/5.0.14/latin-ext-100-italic.css.br
- fontsource-pathway-extreme/5.0.14/latin-ext-100-italic.css.gz
- fontsource-pathway-extreme/5.0.14/latin-ext-100-italic.min.css.br
- fontsource-pathway-extreme/5.0.14/latin-ext-100-italic.min.css.gz
- fontsource-pathway-extreme/5.0.14/latin-ext-100.css.br
- fontsource-pathway-extreme/5.0.14/latin-ext-100.css.gz
- fontsource-pathway-extreme/5.0.14/latin-ext-100.min.css.br
- fontsource-pathway-extreme/5.0.14/latin-ext-100.min.css.gz
- fontsource-pathway-extreme/5.0.14/latin-ext-200-italic.css.br
- fontsource-pathway-extreme/5.0.14/latin-ext-200-italic.css.gz
- fontsource-pathway-extreme/5.0.14/latin-ext-200-italic.min.css.br
- fontsource-pathway-extreme/5.0.14/latin-ext-200-italic.min.css.gz
- fontsource-pathway-extreme/5.0.14/latin-ext-200.css.br
- fontsource-pathway-extreme/5.0.14/latin-ext-200.css.gz
- fontsource-pathway-extreme/5.0.14/latin-ext-200.min.css.br
- fontsource-pathway-extreme/5.0.14/latin-ext-200.min.css.gz
- fontsource-pathway-extreme/5.0.14/latin-ext-300-italic.css.br
- fontsource-pathway-extreme/5.0.14/latin-ext-300-italic.css.gz
- fontsource-pathway-extreme/5.0.14/latin-ext-300-italic.min.css.br
- fontsource-pathway-extreme/5.0.14/latin-ext-300-italic.min.css.gz
- fontsource-pathway-extreme/5.0.14/latin-ext-300.css.br
- fontsource-pathway-extreme/5.0.14/latin-ext-300.css.gz
- fontsource-pathway-extreme/5.0.14/latin-ext-300.min.css.br
- fontsource-pathway-extreme/5.0.14/latin-ext-300.min.css.gz
- fontsource-pathway-extreme/5.0.14/latin-ext-400-italic.css.br
- fontsource-pathway-extreme/5.0.14/latin-ext-400-italic.css.gz
- fontsource-pathway-extreme/5.0.14/latin-ext-400-italic.min.css.br
- fontsource-pathway-extreme/5.0.14/latin-ext-400-italic.min.css.gz
- fontsource-pathway-extreme/5.0.14/latin-ext-400.css.br
- fontsource-pathway-extreme/5.0.14/latin-ext-400.css.gz
- fontsource-pathway-extreme/5.0.14/latin-ext-400.min.css.br
- fontsource-pathway-extreme/5.0.14/latin-ext-400.min.css.gz
- fontsource-pathway-extreme/5.0.14/latin-ext-500-italic.css.br
- fontsource-pathway-extreme/5.0.14/latin-ext-500-italic.css.gz
- fontsource-pathway-extreme/5.0.14/latin-ext-500-italic.min.css.br
- fontsource-pathway-extreme/5.0.14/latin-ext-500-italic.min.css.gz
- fontsource-pathway-extreme/5.0.14/latin-ext-500.css.br
- fontsource-pathway-extreme/5.0.14/latin-ext-500.css.gz
- fontsource-pathway-extreme/5.0.14/latin-ext-500.min.css.br
- fontsource-pathway-extreme/5.0.14/latin-ext-500.min.css.gz
- fontsource-pathway-extreme/5.0.14/latin-ext-600-italic.css.br
- fontsource-pathway-extreme/5.0.14/latin-ext-600-italic.css.gz
- fontsource-pathway-extreme/5.0.14/latin-ext-600-italic.min.css.br
- fontsource-pathway-extreme/5.0.14/latin-ext-600-italic.min.css.gz
- fontsource-pathway-extreme/5.0.14/latin-ext-600.css.br
- fontsource-pathway-extreme/5.0.14/latin-ext-600.css.gz
- fontsource-pathway-extreme/5.0.14/latin-ext-600.min.css.br
- fontsource-pathway-extreme/5.0.14/latin-ext-600.min.css.gz
- fontsource-pathway-extreme/5.0.14/latin-ext-700-italic.css.br
- fontsource-pathway-extreme/5.0.14/latin-ext-700-italic.css.gz
- fontsource-pathway-extreme/5.0.14/latin-ext-700-italic.min.css.br
- fontsource-pathway-extreme/5.0.14/latin-ext-700-italic.min.css.gz
- fontsource-pathway-extreme/5.0.14/latin-ext-700.css.br
- fontsource-pathway-extreme/5.0.14/latin-ext-700.css.gz
- fontsource-pathway-extreme/5.0.14/latin-ext-700.min.css.br
- fontsource-pathway-extreme/5.0.14/latin-ext-700.min.css.gz
- fontsource-pathway-extreme/5.0.14/latin-ext-800-italic.css.br
- fontsource-pathway-extreme/5.0.14/latin-ext-800-italic.css.gz
- fontsource-pathway-extreme/5.0.14/latin-ext-800-italic.min.css.br
- fontsource-pathway-extreme/5.0.14/latin-ext-800-italic.min.css.gz
- fontsource-pathway-extreme/5.0.14/latin-ext-800.css.br
- fontsource-pathway-extreme/5.0.14/latin-ext-800.css.gz
- fontsource-pathway-extreme/5.0.14/latin-ext-800.min.css.br
- fontsource-pathway-extreme/5.0.14/latin-ext-800.min.css.gz
- fontsource-pathway-extreme/5.0.14/latin-ext-900-italic.css.br
- fontsource-pathway-extreme/5.0.14/latin-ext-900-italic.css.gz
- fontsource-pathway-extreme/5.0.14/latin-ext-900-italic.min.css.br
- fontsource-pathway-extreme/5.0.14/latin-ext-900-italic.min.css.gz
- fontsource-pathway-extreme/5.0.14/latin-ext-900.css.br
- fontsource-pathway-extreme/5.0.14/latin-ext-900.css.gz
- fontsource-pathway-extreme/5.0.14/latin-ext-900.min.css.br
- fontsource-pathway-extreme/5.0.14/latin-ext-900.min.css.gz
- fontsource-pathway-extreme/5.0.14/latin-ext-italic.css.br
- fontsource-pathway-extreme/5.0.14/latin-ext-italic.css.gz
- fontsource-pathway-extreme/5.0.14/latin-ext-italic.min.css.br
- fontsource-pathway-extreme/5.0.14/latin-ext-italic.min.css.gz
- fontsource-pathway-extreme/5.0.14/latin-ext.css.br
- fontsource-pathway-extreme/5.0.14/latin-ext.css.gz
- fontsource-pathway-extreme/5.0.14/latin-ext.min.css.br
- fontsource-pathway-extreme/5.0.14/latin-ext.min.css.gz
- fontsource-pathway-extreme/5.0.14/latin-italic.css.br
- fontsource-pathway-extreme/5.0.14/latin-italic.css.gz
- fontsource-pathway-extreme/5.0.14/latin-italic.min.css.br
- fontsource-pathway-extreme/5.0.14/latin-italic.min.css.gz
- fontsource-pathway-extreme/5.0.14/latin.css.br
- fontsource-pathway-extreme/5.0.14/latin.css.gz
- fontsource-pathway-extreme/5.0.14/latin.min.css.br
- fontsource-pathway-extreme/5.0.14/latin.min.css.gz
- fontsource-pathway-extreme/5.0.14/vietnamese-100-italic.css.br
- fontsource-pathway-extreme/5.0.14/vietnamese-100-italic.css.gz
- fontsource-pathway-extreme/5.0.14/vietnamese-100-italic.min.css.br
- fontsource-pathway-extreme/5.0.14/vietnamese-100-italic.min.css.gz
- fontsource-pathway-extreme/5.0.14/vietnamese-100.css.br
- fontsource-pathway-extreme/5.0.14/vietnamese-100.css.gz
- fontsource-pathway-extreme/5.0.14/vietnamese-100.min.css.br
- fontsource-pathway-extreme/5.0.14/vietnamese-100.min.css.gz
- fontsource-pathway-extreme/5.0.14/vietnamese-200-italic.css.br
- fontsource-pathway-extreme/5.0.14/vietnamese-200-italic.css.gz
- fontsource-pathway-extreme/5.0.14/vietnamese-200-italic.min.css.br
- fontsource-pathway-extreme/5.0.14/vietnamese-200-italic.min.css.gz
- fontsource-pathway-extreme/5.0.14/vietnamese-200.css.br
- fontsource-pathway-extreme/5.0.14/vietnamese-200.css.gz
- fontsource-pathway-extreme/5.0.14/vietnamese-200.min.css.br
- fontsource-pathway-extreme/5.0.14/vietnamese-200.min.css.gz
- fontsource-pathway-extreme/5.0.14/vietnamese-300-italic.css.br
- fontsource-pathway-extreme/5.0.14/vietnamese-300-italic.css.gz
- fontsource-pathway-extreme/5.0.14/vietnamese-300-italic.min.css.br
- fontsource-pathway-extreme/5.0.14/vietnamese-300-italic.min.css.gz
- fontsource-pathway-extreme/5.0.14/vietnamese-300.css.br
- fontsource-pathway-extreme/5.0.14/vietnamese-300.css.gz
- fontsource-pathway-extreme/5.0.14/vietnamese-300.min.css.br
- fontsource-pathway-extreme/5.0.14/vietnamese-300.min.css.gz
- fontsource-pathway-extreme/5.0.14/vietnamese-400-italic.css.br
- fontsource-pathway-extreme/5.0.14/vietnamese-400-italic.css.gz
- fontsource-pathway-extreme/5.0.14/vietnamese-400-italic.min.css.br
- fontsource-pathway-extreme/5.0.14/vietnamese-400-italic.min.css.gz
- fontsource-pathway-extreme/5.0.14/vietnamese-400.css.br
- fontsource-pathway-extreme/5.0.14/vietnamese-400.css.gz
- fontsource-pathway-extreme/5.0.14/vietnamese-400.min.css.br
- fontsource-pathway-extreme/5.0.14/vietnamese-400.min.css.gz
- fontsource-pathway-extreme/5.0.14/vietnamese-500-italic.css.br
- fontsource-pathway-extreme/5.0.14/vietnamese-500-italic.css.gz
- fontsource-pathway-extreme/5.0.14/vietnamese-500-italic.min.css.br
- fontsource-pathway-extreme/5.0.14/vietnamese-500-italic.min.css.gz
- fontsource-pathway-extreme/5.0.14/vietnamese-500.css.br
- fontsource-pathway-extreme/5.0.14/vietnamese-500.css.gz
- fontsource-pathway-extreme/5.0.14/vietnamese-500.min.css.br
- fontsource-pathway-extreme/5.0.14/vietnamese-500.min.css.gz
- fontsource-pathway-extreme/5.0.14/vietnamese-600-italic.css.br
- fontsource-pathway-extreme/5.0.14/vietnamese-600-italic.css.gz
- fontsource-pathway-extreme/5.0.14/vietnamese-600-italic.min.css.br
- fontsource-pathway-extreme/5.0.14/vietnamese-600-italic.min.css.gz
- fontsource-pathway-extreme/5.0.14/vietnamese-600.css.br
- fontsource-pathway-extreme/5.0.14/vietnamese-600.css.gz
- fontsource-pathway-extreme/5.0.14/vietnamese-600.min.css.br
- fontsource-pathway-extreme/5.0.14/vietnamese-600.min.css.gz
- fontsource-pathway-extreme/5.0.14/vietnamese-700-italic.css.br
- fontsource-pathway-extreme/5.0.14/vietnamese-700-italic.css.gz
- fontsource-pathway-extreme/5.0.14/vietnamese-700-italic.min.css.br
- fontsource-pathway-extreme/5.0.14/vietnamese-700-italic.min.css.gz
- fontsource-pathway-extreme/5.0.14/vietnamese-700.css.br
- fontsource-pathway-extreme/5.0.14/vietnamese-700.css.gz
- fontsource-pathway-extreme/5.0.14/vietnamese-700.min.css.br
- fontsource-pathway-extreme/5.0.14/vietnamese-700.min.css.gz
- fontsource-pathway-extreme/5.0.14/vietnamese-800-italic.css.br
- fontsource-pathway-extreme/5.0.14/vietnamese-800-italic.css.gz
- fontsource-pathway-extreme/5.0.14/vietnamese-800-italic.min.css.br
- fontsource-pathway-extreme/5.0.14/vietnamese-800-italic.min.css.gz
- fontsource-pathway-extreme/5.0.14/vietnamese-800.css.br
- fontsource-pathway-extreme/5.0.14/vietnamese-800.css.gz
- fontsource-pathway-extreme/5.0.14/vietnamese-800.min.css.br
- fontsource-pathway-extreme/5.0.14/vietnamese-800.min.css.gz
- fontsource-pathway-extreme/5.0.14/vietnamese-900-italic.css.br
- fontsource-pathway-extreme/5.0.14/vietnamese-900-italic.css.gz
- fontsource-pathway-extreme/5.0.14/vietnamese-900-italic.min.css.br
- fontsource-pathway-extreme/5.0.14/vietnamese-900-italic.min.css.gz
- fontsource-pathway-extreme/5.0.14/vietnamese-900.css.br
- fontsource-pathway-extreme/5.0.14/vietnamese-900.css.gz
- fontsource-pathway-extreme/5.0.14/vietnamese-900.min.css.br
- fontsource-pathway-extreme/5.0.14/vietnamese-900.min.css.gz
- fontsource-pathway-extreme/5.0.14/vietnamese-italic.css.br
- fontsource-pathway-extreme/5.0.14/vietnamese-italic.css.gz
- fontsource-pathway-extreme/5.0.14/vietnamese-italic.min.css.br
- fontsource-pathway-extreme/5.0.14/vietnamese-italic.min.css.gz
- fontsource-pathway-extreme/5.0.14/vietnamese.css.br
- fontsource-pathway-extreme/5.0.14/vietnamese.css.gz
- fontsource-pathway-extreme/5.0.14/vietnamese.min.css.br
- fontsource-pathway-extreme/5.0.14/vietnamese.min.css.gz
SRIs:
- fontsource-pathway-extreme/5.0.14/vietnamese-800-italic.min.css: sha512-5mm/XV10v3GK+HuJGBfGl9o8fb4p7E2TYtb8AfwVWDath9++1Z3HrGxlpZnVCqYe6FrNRxkqeH3pKaZbGHCvCQ==
- fontsource-pathway-extreme/5.0.14/100-italic.css: sha512-YwdoXrIvj14bxMMhV9bd55Fiv5y1I3Lmdi2MYENMADDNMUOkpWE8H1HuvWttGgScQS4TJAKeV7WbOLJw5xB/Qg==
- fontsource-pathway-extreme/5.0.14/latin-600.min.css: sha512-ojaNgJqDLqCvWJAk3et6sFRsz0kFWFdfH0EWdcYpNVvpEzLU4MDi8Lm+ZWa0GlOrEE0x3IpngmzHuhIWmVmDfA==
- fontsource-pathway-extreme/5.0.14/latin-800-italic.css: sha512-qiBXC69n7/BahSEtO3K/9uy9K90tU6GoSk2pfg8v+hDCvoKfiRtdyALyz9xHZJm6FC5+PH4OXmajK7lNrsfd3A==
- fontsource-pathway-extreme/5.0.14/vietnamese-400.min.css: sha512-UaxcrnrFcqujh1Gxln3JUVr8L7cKndheRogOa8+U09mVpHTuLW7NDsN0LBXwJj2i52h6lXTZQ5XsYD/B0j21iA==
- fontsource-pathway-extreme/5.0.14/latin-ext-700.min.css: sha512-N+/hhS8QuN9oSiUTr5RVqc3SgSt4XOQiD2graEMGkGMxmvo1Fup/yj8tgHMgnnJjeT7fmgqfzQvHVla1uGfyCQ==
- fontsource-pathway-extreme/5.0.14/vietnamese-200-italic.min.css: sha512-rYSlSrcVQTtDNSvd1OiWkyejsmPUkGeVh23s0xtizx+pnal9p3ehC+IeKggNsBKQfCkXmNcgnb1SXeEpqRe1vg==
- fontsource-pathway-extreme/5.0.14/vietnamese-500.min.css: sha512-f9gzBICKBugfz2vbhooQaTyIYZ4zv2T67GyUI/kC4RMZGWsEGovlslYEdQR5aSOGf9P9cQhZYBWoB3T5wgX3ag==
- fontsource-pathway-extreme/5.0.14/300.css: sha512-GdBvRC7ZqI2eY9M0hpC9nyGHU6My4Woi9p97vh4YzHyujrP46gmeyPHgf8dgae5yS38+E/+vSLv2aO0LBpsBTw==
- fontsource-pathway-extreme/5.0.14/400-italic.css: sha512-/jrO+tOvSCfpwfWgehAeMQUn6h3jXUf0XzP6FfHaMHwIuIspjWlVU7a16cLOae0OO2qgJw5Bt34OWskSxxCGzg==
- fontsource-pathway-extreme/5.0.14/700.css: sha512-uBeCHLygVpRsn0dDPNLTskmV/f12f/Ab4Q8N2rmO9CwjnCzK/xR2DC2GVjXoXc4StY7WwMKyS9ksZdiBKRDOpw==
- fontsource-pathway-extreme/5.0.14/latin-200.css: sha512-19pqwdv9A5NShYM5Zw3yP7EpGBelefvpXrph2+Hw5jod8KPlVy7ofnwCxgiNC/xgj8Bud1ZHKKHoINbUbggTRg==
- fontsource-pathway-extreme/5.0.14/100.min.css: sha512-A1iG7UporK1cfiHTs55dKVslBcqUDKbOh8cTiy88t1nMmejUZI6oc2zq5aDncRxEVj8ZLif79Oeh5gPsutka+g==
- fontsource-pathway-extreme/5.0.14/latin-700-italic.css: sha512-I7BuXLrejrWbPQ1iSBmdmBwzg5U3I5Ca0Pm1hXaHrEBp0rDP8Gc6U7i2N3HAfDIV1DQOzcogahrzQVJ7IYPwQw==
- fontsource-pathway-extreme/5.0.14/latin-ext-900.css: sha512-h4llDUhXF+g36CsWLIndwAqBkcMZh6qO/Jz0dnTxW6Dr5P59+BYBTxhzo6xVsqdiSMSScgAoif2ZV/duE0vYNw==
- fontsource-pathway-extreme/5.0.14/latin-ext-400.css: sha512-OR/APwHcUkN2LUvtt2F4ZsdChdS4Uj4P69YjRX76hx9vlHFD/peKyo7Vk2OlcDtAomERJ69sgJIeBDQA7OPnBg==
- fontsource-pathway-extreme/5.0.14/vietnamese-500-italic.min.css: sha512-8OiIfoB0RFe8ZPHlRFivQtz1J0yXPhIt/0UZj+ViFfYiId68sJjblnAHiCZXwjAdyDIx2NymeSMyUkPXild78w==
- fontsource-pathway-extreme/5.0.14/vietnamese-700-italic.css: sha512-tHlPv8pQB08/hgF9uuH5HHM8ydRlS8rIP5oMkSUSyhp4pQPm+E79vPYS6KE+7La9j3o6shxTceSQBUFNeRrkEQ==
- fontsource-pathway-extreme/5.0.14/500.min.css: sha512-BZKzOxSnaLT0gy+iU0jwmk0s8XcYwOJihI32uHIg/k/8dV/B9oqE2aKShFvqDLoMJmTydSYpgkW/JpT21vDIqA==
- fontsource-pathway-extreme/5.0.14/900-italic.css: sha512-odkpvIURQG1yNMfo2JuDMVT92rKxSeiL6tmJrEtA1oGek+zvVyCZUH/7vl/cOnepdzvN7X20YL8P72ZxLUPyCA==
- fontsource-pathway-extreme/5.0.14/index.min.css: sha512-9kL9o9rec33G1LOQ+BlgiIvZ9eBEPWRN3izRIgY8iWdoZM2KSiRFn+b6nwGC9Bn6PQdrM/K0jpu0l9dJ2eA4Bw==
- fontsource-pathway-extreme/5.0.14/latin-800.css: sha512-oBucJrVWX9hGaQrjstJUOVo+X1yWd+UX7BgVfSrw1kuDl1p1gY60g9rymyxJdaquyGbeJxyaqhXQYJ5t3LoqfA==
- fontsource-pathway-extreme/5.0.14/vietnamese.min.css: sha512-m4MDpqNaTrlYTm/kULiURfXw81JMyRpIyVNJx+dRYTeL/4DSDpGwle70gJANDTEpBPFG0YM8Ugi/YhDEH3u6Yw==
- fontsource-pathway-extreme/5.0.14/500-italic.css: sha512-RsLefH7tJJi/UYkwPv2EHo1lNk99OkPuxpLUJ0iLatSENMsYCMoFc5ElOycYbGOfYaW41B+PquDGeC2+cDDe2g==
- fontsource-pathway-extreme/5.0.14/latin-ext-100.min.css: sha512-mtRlHAFkC6jldyweIAF3bKfWj1yPmgrLF6TUKumXFwmBIi+FAJHM16kEwX5BB3uFQM63Xqd2LgKO6Z17wKFtXw==
- fontsource-pathway-extreme/5.0.14/latin-ext-900-italic.min.css: sha512-mcc5T/M1po3RL/k76iClgdm8oyWWoX3E4uI9LwD5X/c/sCtHgGbbb5Dmshzgt+JvwsjCkWkP4TOL5pOvT/PTRA==
- fontsource-pathway-extreme/5.0.14/vietnamese-600.css: sha512-xzHAZVk8+qqTNvLCT1I7XGFwwgtdxSbQZqRuHoDwitFFcQ7Am2/wvNuwwPoIJ6z56trRK+10nJ01upsXO0SJwg==
- fontsource-pathway-extreme/5.0.14/latin-ext-200-italic.css: sha512-z8Cwq3UDx8jqtfw9eX0FaiJZJK0m9GGx8JBeMFjXb4wBuP45WWZctA3afg8PQI1d48hS0w/ADosqD0gMeQg2TQ==
- fontsource-pathway-extreme/5.0.14/latin-ext-600-italic.css: sha512-kYm/5IpjYBMrSWfxWGI6HnALDMafFQav6RMYcuoiVnwtV0kExMfQ4ZOSeP1TckPYapHReuAPBsIVpLKTy5hh+g==
- fontsource-pathway-extreme/5.0.14/latin-ext-700.css: sha512-UJQ/PWTU1gx3BrlXW1YxR4gDOlEBamx7ikVaB1f9rPy73WpBVTMBOjBVrBQ9baQh+c1D7F8KHkBzXJKm97bmiQ==
- fontsource-pathway-extreme/5.0.14/latin-ext-800.css: sha512-Br7yZCDpV+SE93sAfQesGnIUd+Om47MCHbO35e8rnLZ0f4A/fjRNxaDYx4Wz67CKUGJG7u9XwlQmAH6LL6gevg==
- fontsource-pathway-extreme/5.0.14/100-italic.min.css: sha512-Fu8gybMC2OaVH6p0NouZzlWsPr67vAFhg6608iJ08u8D1zCRcKVVjIUHwo3mwIu6l3MdmFN3FR2Whx1Qbx9i9w==
- fontsource-pathway-extreme/5.0.14/200.css: sha512-wFUjdVYVBsA98U4FrkhiU4nFxxhLk0fgLxa2tXFljf3TV5I5FjRncnG9tvU6POIrRodTS0bafOyDmx0QKQhBvA==
- fontsource-pathway-extreme/5.0.14/800.min.css: sha512-XokCEgHrMSnGl14TJX7kD8YbJY/JzPnR9wtxMUw1ykBICtNF+g3pdIVffQNZuVtWZewtC+3aB4VJ7N4xRBriSw==
- fontsource-pathway-extreme/5.0.14/latin-500.min.css: sha512-aRCBzvWcNLoIy3jk+jCTtllT0D7+IV4KMQozEOuzYfd4zR4+8WZVCUisudsp7bh1D6hbg4+FzfL7bnnygi2skg==
- fontsource-pathway-extreme/5.0.14/latin-ext-100-italic.min.css: sha512-QBQflI4+jeYGBvBQLAAoNVAAfKTXUcByMfPCisyVM3p+qxKr7NAQaoPC9E4WJbsZnJnsr8ePVa7yQNXcZ99zaw==
- fontsource-pathway-extreme/5.0.14/latin-ext-400-italic.css: sha512-GCqW1ev9s/+oNHt+rZv0Fr25y4Rxrhal8BB4rC633rddPIYmbvts7K5Yx0CZgYptrXffCLM9Dz8wwYnF/uZoXg==
- fontsource-pathway-extreme/5.0.14/vietnamese-700.css: sha512-+7R9KllAS74lmW1bsSnC6HqTodTS2I/Q4f57GoprmB669zDmUgB86uwsb6tIg4KkdOqU/+fSaHgpMf0uA0ZW7w==
- fontsource-pathway-extreme/5.0.14/400-italic.min.css: sha512-rVKIgnpyyWjvZnYJleDQd36T/0iv4fYSU9y4WaiMhLMk/u0k7qsCEz4ASmsCMQx/vYSkIruAA7uBAK6IeMwK8g==
- fontsource-pathway-extreme/5.0.14/500.css: sha512-Spm+64vuotMVS1YIiISjLuhlF9L42Gxs5VW4jA/wUl0T+4EL40s5m0zALi8gVACUUyyyBe+iOaNkE8MkbUpUag==
- fontsource-pathway-extreme/5.0.14/700-italic.css: sha512-7Y+NtMeq/4Ju/NRAOa5OUouB4/ihMEXAm7HL5Yn6vzN59CoU5Diswxe+EgR7wjht8MIKA4FbW3p23EvHkRK5uw==
- fontsource-pathway-extreme/5.0.14/latin-300.min.css: sha512-Mi+qwWscC8Hyr63SG8j21YVZMtp0YVhiIem1dB/shtkxYc6v6D1zoM8VdeF/eaIOqk8wZdv5JeB6GvviWLDphg==
- fontsource-pathway-extreme/5.0.14/vietnamese-300-italic.min.css: sha512-oTzkzRwAGQJ3FM8PzeE1bfeJS3+rwh1qz4PpvCU108MYtuznc8NrMd0s0fdkyOBzLFZQs1pFLQBHqnSN+Zv7oA==
- fontsource-pathway-extreme/5.0.14/200-italic.min.css: sha512-weMbRDtZzdYSRq2cRyFzzEVOIR61RlnXAZiaPoElYXhFyE5sPSVaLy5VWY4dBMqoF+jKlF4L+XN/l0WZDBU/ig==
- fontsource-pathway-extreme/5.0.14/300.min.css: sha512-fPGNUtvkcAMB1VKXw7JYe6e33IgEp6FCwM4NFO/T8D2pq/8b4prO4i91Lk+4T68QRqFZyj7+i57RwFZReZIEdQ==
- fontsource-pathway-extreme/5.0.14/latin-ext-200.css: sha512-up8YjJ0jjAHPo7OAJd7G6WFcBjlrF+WvwKO2MFnXUzzzhA7/ogYpMbezQxbS7y7oeg9bbMIceUVnjhY8iuqvnQ==
- fontsource-pathway-extreme/5.0.14/latin.min.css: sha512-Z9dUrErnLkqt98eyfPIxRtjQUhWto2x1Pq0JzbWrrj6I9UioRzUtS615b0434VToruld4DLzpWhwxCSRwBrpmw==
- fontsource-pathway-extreme/5.0.14/latin-100-italic.min.css: sha512-gLNdQvbM9KoCVBOfrTwv5vm1lSCTVlFLsDFkRj6SKLAnL/MYKaMPeZnskulzV65dVAwhlQkpjPlP2EogKkXLPg==
- fontsource-pathway-extreme/5.0.14/latin-ext-800-italic.min.css: sha512-hYNnwB9cSRVBYJu/xjwHFaYVLmaCgX9zQEll1fAi6vx+B1HEbEs6TZTFs/g46rUlW1nqOg1yZu+pN/A8CCpoSQ==
- fontsource-pathway-extreme/5.0.14/vietnamese-200-italic.css: sha512-GHELS9poh1PxXRe4SAfvU1Q2TANwyooz8Aj2QXKuBVlUwaTa0HnnwlAMYfoh0lY1cUeRMllRZLQYOYHJjZ45Lg==
- fontsource-pathway-extreme/5.0.14/latin-ext-900-italic.css: sha512-HfrNJKjHsL4STrv3nR86W/f4tMFFT879udzaN2amBh4fo6497ToUk22OgC2V7/SxSsA3rRt/OTIygcE8B2ohQA==
- fontsource-pathway-extreme/5.0.14/latin-ext.css: sha512-pWxKWYZDkFEBO8MFdFdVCXqdEPkzG4hQgF7S+dkPEmd0JJIqVU/DIx0ZmnU/UoS5463B+aitBxl9LBQ6B5Wk+A==
- fontsource-pathway-extreme/5.0.14/vietnamese-900.css: sha512-qdatJNmHdgr7ddgXiMlPlSzrxIn9rrAuopV02cJaiVSJvt0IVqrBAtYUarNeiTxWJnF0RpDCb6LyO6uDfbRpzQ==
- fontsource-pathway-extreme/5.0.14/600-italic.min.css: sha512-9wJFF7Pj5TmMqfIV1jmsBVsliAS95W9iGBwlNPVjuYUVLKsEFn4kkOUkkfIyWh7BYwmbduKC7zdzlqlsjtV9FA==
- fontsource-pathway-extreme/5.0.14/latin-500-italic.css: sha512-AWro/K0epkP2UQwzbPevmJxLPlPjoUeXpnzz0H/eB9egcMbEGXVFynmx775fGTEKV3qfB1lpc4XSRnwv2NbQPg==
- fontsource-pathway-extreme/5.0.14/latin-ext-600.min.css: sha512-fGVKkxbDox6dDNPI6/G2TSaymJk9dy4yAnCpsd+/esdzaP3yZqmmbZminOmdid6DKd4TIL9AmO9oy1HxaVmu5w==
- fontsource-pathway-extreme/5.0.14/700.min.css: sha512-dxBlhesLQRe9BFaLLKXyFucKTdQ+Tem5P/MEWHEyiEmVVZXY0kGQhTBAWuPIW218TStGp6BbZlrgzyx929dWbg==
- fontsource-pathway-extreme/5.0.14/latin-ext-italic.min.css: sha512-NsbAUNXPaN6ZDtqRc2/xJvhjAgsQ3lD+AJz9mucOXoeeqBKR4PW2vXJgBHtw29K+F6xHlxSqmxVB26TcTYk3lw==
- fontsource-pathway-extreme/5.0.14/vietnamese-300-italic.css: sha512-KrNG7eMVGPlHMp5wbV/garrI16gFe/chTJ7rduU0e4dTkBbnsd6SBd7j54o+3mQB05jPlGO06I9cOf52k2Y/GQ==
- fontsource-pathway-extreme/5.0.14/vietnamese-600.min.css: sha512-O9syOggWl2QxD349kwiYU/qx4Ku2rrXBGBPRF9w7bJBHP922FmpqB1/aukzt1HZnz6j0+41gpxxsWPSe7wW/oQ==
- fontsource-pathway-extreme/5.0.14/latin-ext-300.min.css: sha512-zo1f9B+yJd9ggPzqS0uPkVUcie0vq7Ts+Q5ykvFzsRG0q0C9ZtCD7QPwmwzfyKa9cQOghefpWEpe5ncLGQC6ZQ==
- fontsource-pathway-extreme/5.0.14/vietnamese-italic.min.css: sha512-dgSTWjAYhT6A2cMBxqtr1b5k4rmu13bws+HOY2duTwGuZFVA5tE39yQuGsSXsNTikTnw8NG7gK3uf48ewxfxdg==
- fontsource-pathway-extreme/5.0.14/latin-800.min.css: sha512-u5bvMGu76B4I8BmOnLZHfMpj5Jk2TB/UhN+h96X4VCkGNUjrPRR1r+03XoiDR4VGQpJNcHPhRmmk2CV+oQZ1/w==
- fontsource-pathway-extreme/5.0.14/latin-ext-italic.css: sha512-zF1wwWSJB8MEXoYTNP+evKt0htKGPjpZ2UDFpcGyqguuCnzqLfVZs4VaUK7zgc0/fSdDPPmlEVhac8BzVawcyw==
- fontsource-pathway-extreme/5.0.14/vietnamese-800.css: sha512-GIh8AwBBKctW2ykEPRkQyqO2p0RXT9w6FG5pKUqv/T9LLhrZz40hmqqo3pLWmbbjREaMjAlwY0avAPX0EwKJDw==
- fontsource-pathway-extreme/5.0.14/300-italic.min.css: sha512-CII/+6KZzJbT4TZVVTxLiky4hhb7aC35Mpa5oq5G/Xzqsu2QClOleLvq1oDVo6SUCeIMKnDGopUb2BSMz6f+TA==
- fontsource-pathway-extreme/5.0.14/600-italic.css: sha512-QXMBuLrPJJDmsmXT7Hvb+MRwyCvySFHz5jEoXOW6/mJhOcjykTQkLnxwtI1ljhcI/musf8z12O77dsbLZN3pKg==
- fontsource-pathway-extreme/5.0.14/latin-100-italic.css: sha512-24etViftaxdewm7qdD3C3186RPHpN5uFttVYqEOx02ipZp5BjWVJ4VCoBn6FLBT5H6hFrzfOlZcQknm89c+7cg==
- fontsource-pathway-extreme/5.0.14/latin-600.css: sha512-x6m3gi0AJB+R3bFwclgQritVBV7oMLDktyn3O+tfbA2hy9BMa7/YQ4cZoJQ9PZCHeFj95Is8zN0tZRfs8ds72w==
- fontsource-pathway-extreme/5.0.14/vietnamese-900-italic.min.css: sha512-9pzrKSbsv1QhUpdqu2CbefF7FJRK3VTMygckTe770zOa9TgPxowj4y6bhsCeLJaNLLeHtV+oipsx7rkZhuySIw==
- fontsource-pathway-extreme/5.0.14/600.css: sha512-L9T8c4dcgCoi6OrFyWHJdU9qdYILtJgD6bMv8VfrapFUAMdx2vzyF2eT12x9LcUOMFrsk585GLjPQpy1YkIUqQ==
- fontsource-pathway-extreme/5.0.14/latin-300.css: sha512-EezqVA0EquLqGmcHdgYd/RxkmGX9WFeTn026mkMcBlWOjhZ2vGgqZasD5AMfB1+bqP7+/A7isf9Jia7U24lWxg==
- fontsource-pathway-extreme/5.0.14/latin-900.css: sha512-cgM26qwhTtKeYGhuSpaJZKrCIoSqFgfsvdlAKs4wZocXhc5AWjFTt2TAdQOavZJ+jWkAIaFnuS9wQ/Q1i0Y7ZA==
- fontsource-pathway-extreme/5.0.14/vietnamese-100-italic.css: sha512-xfizRy+cDHbpdv4/iptzSiBB+mNKpToW/xnNeQ2hZlwATSEvspiT1FN7Fo+Yv/Oqcr9ohyNQsgEtnaOVP8/VwA==
- fontsource-pathway-extreme/5.0.14/vietnamese-300.css: sha512-AkXQqrw2b7agWWwxvCHMuejO6t2lUuLqA9ffsfk/ePpWKUFo04UJbC9O2yxB7YWrU0WW2TAQhhWXKL3xkNG2cQ==
- fontsource-pathway-extreme/5.0.14/800-italic.min.css: sha512-17oD1cQKZ6KFEoGH/FjMqAAwfT2BdzEKdDK3VGT4LD/xK3ZICUo6o74Axg6hZea/hY3KJtmey7GuXfjan/qliQ==
- fontsource-pathway-extreme/5.0.14/800.css: sha512-BC4nijBOint2eJmPgzWl3/HJugKh4gz31nvl/AwEyr8I24IW4+SoFyK2FwuiS1CWfh2qaMA6VsEnvwwrfjltfQ==
- fontsource-pathway-extreme/5.0.14/latin-200-italic.css: sha512-1UkuafluOd3u2TfTCxmEAApXl3ADQF6jrzTLZ392PTL5pOTHzTe4yWQuKniN4IMWAie6HMBS33u2G1ru0K9YnA==
- fontsource-pathway-extreme/5.0.14/latin-500.css: sha512-B5q8toXxk9VYt9srdPwbeM1xbgXWGQvGQoGfHAdMbGWR+rih/rRGAe8E8AvBhnDbmZDlJBIL86/nEDbalOrguw==
- fontsource-pathway-extreme/5.0.14/latin-ext-800-italic.css: sha512-xQJT0J3o7mRsgvsJOjJBd8RApr5J9duI5rT/oT/pqNcPPsOSdlUS0bzWAtLKuiDfCyPUWtffMicOOaV2C4BsYA==
- fontsource-pathway-extreme/5.0.14/latin-200-italic.min.css: sha512-KoY2HNpC9/QeNcdU6ZHbDZ86guFBvCQ5+MH1YKksbk+7ZakEQStzc6xWZl1RYl6jdLsfcPXOO7UNJ1uu9mjQpQ==
- fontsource-pathway-extreme/5.0.14/latin-700-italic.min.css: sha512-2BVVYk0lbCLAFWD2Ztuqlxm2MjwmDsanva94fgNqwNGpXEsoosDq6d1iPTv/CPYqiNGPBrF0lwEPoqzC/BpJag==
- fontsource-pathway-extreme/5.0.14/latin-ext-200-italic.min.css: sha512-4tQAGUywaEXxadul7DTAmeUqNhIHinW/vROUEXWoKH/2XTflyVp9PU6RiqBelyGYPzqMMhPHK5qSdKdLdvqbWg==
- fontsource-pathway-extreme/5.0.14/latin-ext-500-italic.css: sha512-aiX1seHi36iXiROMC74K8ZopEL699v1S0LFDCGwLpKnzVjvr0Hh+BJb0xo0/StZGwLACdKdfd6VOH6bKWXPrGQ==
- fontsource-pathway-extreme/5.0.14/latin-ext-300-italic.min.css: sha512-5+7hgVBcaRaR4MOeOLqF32hBspfUTdpXnq+B0Dzk44sMhnuv1JPsf4rzn8oWAkIn6E1fgk8hSwPq29Rk4HnRTw==
- fontsource-pathway-extreme/5.0.14/vietnamese-300.min.css: sha512-YhcHS6SDCKk/FFANSM9DY6mri+jJ1jcTfLrGtuhy3owprT54plDuj0GoQezMq/K0t2CJejIho4iRj91gtalaVw==
- fontsource-pathway-extreme/5.0.14/vietnamese-500.css: sha512-SZ7Yn28c5beBo4Limnpa8caoQ4S2cqNt5CqWdscLdHXzOEEVYjA8ZZZjYA2vJzNItw0D7rmokmT1M015nWUXtQ==
- fontsource-pathway-extreme/5.0.14/vietnamese-800.min.css: sha512-qsLEKx/EGl20IBt/roAsEkD2/dmwORwiAsN45r4DGXt1zBoZ0zwKrwAMpWqzKI6wnYHt2ou4TFZW1sCO6/9SQA==
- fontsource-pathway-extreme/5.0.14/500-italic.min.css: sha512-1e5Qbdhi+8SFINDuj2x4URtq7NwH1wrwrD/OPahVA0CdMA2L5qyHFanKYB9pyuXAR2eX9MapDAjASEWb+QVDwQ==
- fontsource-pathway-extreme/5.0.14/latin-400-italic.min.css: sha512-whmC+EnnCA5c8ynrERzFa7D+480/fCUvWN42WfaQLpIjdp0GEoe0sDV/oikiUcGT1h7S/Svfi/+p7hWTv0DlwA==
- fontsource-pathway-extreme/5.0.14/latin-600-italic.min.css: sha512-54yaT2zBF1sPX336HKoBW72Jq+qDJSxeHFVe703S7jV4Ygnv1R4U3kkTqzkz7/XtDYNBcIcY73eeRjkW6b44iw==
- fontsource-pathway-extreme/5.0.14/latin-ext-100.css: sha512-Rv6TGXopA/H6uZAGXVO0/hG3edcVqah7vrJfAGXSbdlFS0oHjBk5VDjmYMm/2X92GzgWCEs9Xbq7qPxFQib4Fg==
- fontsource-pathway-extreme/5.0.14/vietnamese-900.min.css: sha512-G2QgGj1ukz6gg/3TAMLSe2up5se9Pea1JFnZ+0157dUJVnLHTbDyMM4PlQ0tIfTWh3Pp4uryayp0YsY8C/z/wg==
- fontsource-pathway-extreme/5.0.14/latin-italic.min.css: sha512-QbhW1rN9cYJiAHqUD28nRninpAjFmflmWxTlbMtVaEscdrc4NPUGkKmhVegLdqgR2mM5wvPMsSIuSLHo67j0wA==
- fontsource-pathway-extreme/5.0.14/vietnamese-200.css: sha512-9ykgS9ydDnJoIqCM5hzbS1IKzbW6uWcDId3C7gdpr5XS8/DgceYGAKloNbLtEU+h6EUpP9hHQXt1WxattCg1XQ==
- fontsource-pathway-extreme/5.0.14/vietnamese-600-italic.css: sha512-PLQz76I6luRnhpkNWz5tNj8YbokNvlkc+5MHxxTohD2XyI9aIbTB2b4VMMAXQ745nPvE9tqPwymJl+ipj7k5lQ==
- fontsource-pathway-extreme/5.0.14/900-italic.min.css: sha512-feGwW53O3hUJPrUOFRhSrJozkL0ASVzzbQ9HZdmnkr410j6d0SkUq/+kXq75p/hYpNu7/OhY0VXrnQCJnJbInQ==
- fontsource-pathway-extreme/5.0.14/latin-300-italic.css: sha512-xLsOfvrwXlc1xiRGp/1G7IdaVQ1/sHSUKZNjtOcIjmPtQM0SzXch8jB4oW2auBO7uONnJ1o5KvyvOEvxZfEi9Q==
- fontsource-pathway-extreme/5.0.14/latin-ext-500.css: sha512-IkIEyZM+SqtYOAudqlGI91u5w4QauU6jPyoooHOsRq2hkH76J33LCOgH0z1yZry2aTKY2Z/fygVLxsZrcmXwWA==
- fontsource-pathway-extreme/5.0.14/latin-ext-800.min.css: sha512-U21rAbIwYqMQ4syycO95+sxG9XCuPVZpPsT6CpibBAuWdVJsfedWu/Votf5XFvt20hoB3pP3VOXYL1gQtGoVnA==
- fontsource-pathway-extreme/5.0.14/latin-ext.min.css: sha512-LVxH1y0bLNqQMLToWgRhSgCV29ozhhBSAyk7tXlIQRutM+nGpvmTOuyQy79/WQtkbosAekusfIQq1TZMeIT9Mg==
- fontsource-pathway-extreme/5.0.14/vietnamese-100.css: sha512-gdc/SeiT6r0IUcIow56ogHDeX/vU1Qisjlgdxku6BsXff0gIOVK4X9KfooxQWjW9MKxtfPF0fssyMGWJEiU0rQ==
- fontsource-pathway-extreme/5.0.14/vietnamese-900-italic.css: sha512-/2iE4ZcnmxHNr6gxdauQvqYW+Xl05N1s64BwOtWIIZuBX6CNO1qWwZskDCNl8qnU+VkwBCC2Ve6pwniU/Hgp6w==
- fontsource-pathway-extreme/5.0.14/400.css: sha512-x62pSne5gvU2W9hSzrjrTeH6+k4xU1rRPreskEg3Tkb4BtpoHd5aCpsSPSgHEFxSAQFHgpzJCm791a/ZtgW58A==
- fontsource-pathway-extreme/5.0.14/index.css: sha512-x62pSne5gvU2W9hSzrjrTeH6+k4xU1rRPreskEg3Tkb4BtpoHd5aCpsSPSgHEFxSAQFHgpzJCm791a/ZtgW58A==
- fontsource-pathway-extreme/5.0.14/latin-100.css: sha512-qPgsp/wvmcae//ITjPe0F3SzD2XVI45qQgmsVA42AtVxc2FyRm9NBk2CT+HTO9B6Q16981GveU5aQnX+jTMbDg==
- fontsource-pathway-extreme/5.0.14/latin-ext-300-italic.css: sha512-GwMIiuCBWgsaa6ODfsxr/9SCKMaHrj4pfLukyDgJzWMqecmhh9JzPDNuHJh7WT3lkwTsDwkwhVZjOhVA3st0FA==
- fontsource-pathway-extreme/5.0.14/latin-ext-100-italic.css: sha512-bIUXrGDXHWE9OizBdUg15PhCzFVay3ICfg3mojnOxbYEDDKp+NpdzKc1BxZomZLU6ZkTh9xOaN7Fj96xzD97TQ==
- fontsource-pathway-extreme/5.0.14/latin-ext-300.css: sha512-61JGHEWqNeVohzsLBZ8A/fTgITUDbeSH+fuEk0Z3N+0WQEc4Nxu4W1oz2bgH4FfkyATc8oIin4b+kWilzAYIzg==
- fontsource-pathway-extreme/5.0.14/latin-ext-400-italic.min.css: sha512-rEQsmQgg4Z+VoeEyRn5HSbN3mpWJ+2jAZnazqTYFjInyJnD11tD+O/sUkSZAjtR4WuIfqNW7cLzs/A4DGjGZfw==
- fontsource-pathway-extreme/5.0.14/latin-500-italic.min.css: sha512-kwqxEhCuv5m864AZcU8VpfNCPj/Y0NPb2f4gHz5SlEBIthmcxRZf76j+JzZcTw2W4M4a6qJxibtu0T0UkIwCRw==
- fontsource-pathway-extreme/5.0.14/latin-800-italic.min.css: sha512-0+iNHuIj9Z7MrP1cUm/8Qysr12Sj2dbOtUMTjf5Ahg+ssRGCeKdiDsGkiZTLdqQPhkE7VKck+H4R92P2Fcy4Gw==
- fontsource-pathway-extreme/5.0.14/latin-900-italic.css: sha512-VT7bXGwozbPIP0nQG6LH1LYiZOebcuaId4vlMbqWCK8mOxl+ulygnCWP9cWdK0RSWYgY+6tk0vFpP9SP5vgqbg==
- fontsource-pathway-extreme/5.0.14/latin-ext-600-italic.min.css: sha512-8TNINDB4EoT5hCjJJ2ra/v1zFkD/K8cv2IiggX9IgDlxgqzFK8awq1ou/SKbzlEuWrNYv6u0O9qg/SDCL0RA0Q==
- fontsource-pathway-extreme/5.0.14/100.css: sha512-pO3z6ClPvuFOJT9R7g/sdr3XYCf1/EjHX/CxDktRzGIKCx5NPbhRarz1kongvetYTp5Q/dcEy/kK1x16/Qhw9A==
- fontsource-pathway-extreme/5.0.14/200.min.css: sha512-Xsbn9+iNzP/5lmCy8JL8DeNnr7K94//78QYgXK0+U0edl6zH6Vr9gNLjoU9qvvd1IeLni3IfMad6PH/jGLupEw==
- fontsource-pathway-extreme/5.0.14/400.min.css: sha512-9kL9o9rec33G1LOQ+BlgiIvZ9eBEPWRN3izRIgY8iWdoZM2KSiRFn+b6nwGC9Bn6PQdrM/K0jpu0l9dJ2eA4Bw==
- fontsource-pathway-extreme/5.0.14/600.min.css: sha512-thDeePLAQdvbfPNHlMeCGaX0yAMlqtEYZBHrTp+tqlfS48pTN9oOecmiPOPHTjOXfbmpQe7WAgmJ0qj+TToh6Q==
- fontsource-pathway-extreme/5.0.14/latin.css: sha512-GC1nX0w/uEMAQU3bftJYMwIEUDd5fXboYAl8PoFedjKb3dhPPfU3MW9gO6Yy30pTkfZiHVOfICz6AHMcb37Jxw==
- fontsource-pathway-extreme/5.0.14/vietnamese-200.min.css: sha512-XeKd+eKI+V6hTzoxfOyLOZOSe0wYcr+YLWZJRuTZfq26mHmy0mAAMcthDboiiF/vFezLQ1YTQcWpLXqPTLSmlQ==
- fontsource-pathway-extreme/5.0.14/vietnamese-400.css: sha512-6sZVyo1jRBm3h0TwIlX3vxdIPi7m9pDvsnfbXi8JWGbEG0W0f3rRs9uBtx/GMpKbr9+STQeEAyZBvvjqLolQwg==
- fontsource-pathway-extreme/5.0.14/800-italic.css: sha512-f5/7eROyV2n5thsiv/sOK+gRxadPytNrIBL31ioAppeYOxQ+ATT+EEzdQfU+4jhb3GrMDjy8cWYIFrssgb5kEQ==
- fontsource-pathway-extreme/5.0.14/latin-700.css: sha512-ULLbb0AaImTFq9kkLxepj3qeoNrbHEtiFBPCYpM0dpZU/AFFX1pC3wrRTp5c/C4rxGs9RTzO66IQDwEG3UNOug==
- fontsource-pathway-extreme/5.0.14/vietnamese-100.min.css: sha512-O8hvA5ypJnAmtibMR6ANgMW4njrxF6lW6qMjY9w0i82yDbTD6RfxVPqorYPb1+Kv64MbfEzaImjGdl5UZlTWXw==
- fontsource-pathway-extreme/5.0.14/vietnamese-400-italic.css: sha512-wnFZDbSdYLry+miBFBLgLQdZXWRc/QtMkgikeNnfZDRNOKGrUHC4f8EGR4S2F3f0TvWXHPFEb2fsfnicC1Vu3A==
- fontsource-pathway-extreme/5.0.14/latin-ext-900.min.css: sha512-Csxi5UbcjC9v6hWKjLEk+zwnQlVjkRRBVp7hzKUwTWth1403q1DajXD1xlZAZpM6knEZQvsZri+BGANyR1VImw==
- fontsource-pathway-extreme/5.0.14/vietnamese-500-italic.css: sha512-jx5xBJgE73Vp5GQ4W5JKKrPSdF7P23OuLsPtywgG+iTcG1W7YISa8T5pVzYmFK2eQnQ5D5MgJVK6FIQHq5E2AA==
- fontsource-pathway-extreme/5.0.14/vietnamese-700.min.css: sha512-tmvv3ZQqt60ZQJJimdKQkxbtO7Ct8yVvU7Xf8qv1hD3TSkCa7gWNDzNqoDLofwTOlctGdEUwIT4YaD8hfYRVVg==
- fontsource-pathway-extreme/5.0.14/latin-italic.css: sha512-Fkfr75SLu2PWyf2rXtt7P2Yj9IqNLmXqMNbcxdShPCSe32/ny/bin+TtHy60gYuRGwHwc5gNP/OtRnLL54AapQ==
- fontsource-pathway-extreme/5.0.14/vietnamese-700-italic.min.css: sha512-gGXr24DL7+1585fI32txMi4so0Kr5+LKZh6nnQ5xWG7gbiKT9GgXv2FtMZ2ukEkLXYiMDPXScfuaZ8QLUcadag==
- fontsource-pathway-extreme/5.0.14/200-italic.css: sha512-w2VkVtqm4d5byzGrq0AWwx1m7nM/AWwECdh3PNvWQYHZzv4rRL6/f0iVytn0SEooX8PdeECBcIMQhR4QhX9rpQ==
- fontsource-pathway-extreme/5.0.14/latin-900.min.css: sha512-LIZypy7i6ok3i4QG5VnvP8DYD/5CnbTl4KZU0OvCw2/dhYsQrL7lxNKy3CdgLCXSMgZRkB88BpJSb4W0V+tqsw==
- fontsource-pathway-extreme/5.0.14/latin-ext-500-italic.min.css: sha512-OWFFiwIEV0/oGtFytZIIfmh/QLjGS0GPD5j5ieHUHTJhu8k2aeZ+FkT8slqgeiYDgBUrDqDG9p+Hqe4+Vk4SvQ==
- fontsource-pathway-extreme/5.0.14/latin-ext-700-italic.css: sha512-I9AZ285DcoqW/1Jjz0swPKKMUqZ8Vsuexybp8vim0lsH3XKhVJjfj/bJkRhlDBbi7WkSBPhAMHDzdbKnMzo3Qw==
- fontsource-pathway-extreme/5.0.14/900.css: sha512-XSm6iPJ5Aa2CiH2ybxxvpw87Mr00xhfkhFjXzfPE0xRB0FFWcsana12A5XUdWNR78kvxm+3E4VnQztIlAQHz6g==
- fontsource-pathway-extreme/5.0.14/latin-400.min.css: sha512-xRFDxf+/naX/7eLwJ/jLinVIYqy5L7sXl+TwBn+jMttzH+cAi/nFhLaQ/LsOtodppf2tJOkTQiihqXCHFx7Mzw==
- fontsource-pathway-extreme/5.0.14/latin-ext-200.min.css: sha512-vjYMf/vMvkXIoFgVOOg7WUm4f7ofmVS+441St64GPuEG/P3G5JcZKWBzHk2LR2wwneX42MvqtE0g4ppbjkOckw==
- fontsource-pathway-extreme/5.0.14/latin-ext-500.min.css: sha512-C9o2Ko83bdNtjGAmTS0KB6YRNn/G5fxT99xPOXGdTdsi3gdar4JAUhGe5O1kWx6Od0KCEYOWWo/QPLwvp0hNOg==
- fontsource-pathway-extreme/5.0.14/latin-100.min.css: sha512-wMla5VtpNGw5VYZv4zdbpCW9VEVH3fLO4GAZCjlkBqUGNDKLrAkFKhPgDBTueD1kemnuD5cIhJrN7e2jBPfBKw==
- fontsource-pathway-extreme/5.0.14/latin-600-italic.css: sha512-hy4+68DixldVeVD8Sw2kMSJl7iBB6LJZG9SH0WBjFLcjEdSMTJLAyrTZOdAptRq6QDvLZiUe64Txu+aEWVhLQg==
- fontsource-pathway-extreme/5.0.14/latin-900-italic.min.css: sha512-V+KemwB8z1mXN51TQ1oBTqsdkh3Egy/xN4Wu/gprZGZWrcg50VcBygwZrAI+7jmK1PpaFSaYGrSKSp7BkacfBA==
- fontsource-pathway-extreme/5.0.14/300-italic.css: sha512-gpz/PfoTL6D+AcGqu8/sqTtslml3jOnPvrpdrDXPE1T/M5ILeOt6nRo8tzPxbRv2CUJFSLGNdhi6xyCq6jofwA==
- fontsource-pathway-extreme/5.0.14/latin-200.min.css: sha512-sloQG80vy82y/LC/GVXV0eXo69SyZ7S72p6dhIOE2tGBF8mg5dKY7d/Vfzy+eXcq6kXe6FlNGf9U4vIAW99yKg==
- fontsource-pathway-extreme/5.0.14/latin-ext-600.css: sha512-3AKwMHwSNYS5gKiNWQxIaLBLJQ331mmVbbAiGx6gagFiAzu8hClCc5Uj03USU4vqFYMmtEWJlIgoa/p/pChnxw==
- fontsource-pathway-extreme/5.0.14/vietnamese-600-italic.min.css: sha512-l5JdrVlbKE07oBNWe7yPIxpJChILebB0QKcAq0o8yIukA2ATHwIR40CoAlrZuHCUu+mYoO84n1jIevmOaCbKOQ==
- fontsource-pathway-extreme/5.0.14/latin-300-italic.min.css: sha512-XJ8689cMtbF4kCKWfaQXUK3TNfLLobVDxi01kC+G/NiZkLxUpRAhsUv/jEZBSo/7mbj0qR3xLSkin5C9A3zjCg==
- fontsource-pathway-extreme/5.0.14/latin-700.min.css: sha512-P2MiUzUnL4l+KCu0cNI2Djj1PpILTvsDZGKESptZ/8BpxlsrMcu8ECyVSsy50ULhuo8GlnNtEyZ36+fYcD88FQ==
- fontsource-pathway-extreme/5.0.14/vietnamese-800-italic.css: sha512-GYiZiZQUszrV63BMlLa5uzjdFjcc1H06uUPIksoJxpZTYx8yom3BVb5BNrhIIi7iooYl8NVGtd5OBNRPBbE9Gw==
- fontsource-pathway-extreme/5.0.14/vietnamese.css: sha512-daN2yPlcjD7XsE/W+I+qbMTIR8siObtXBc8yDdsR54yUNf4uxBGauiY/uWX/06aAUqBDpj5IFfCIE9e46iVe6g==
- fontsource-pathway-extreme/5.0.14/700-italic.min.css: sha512-18xhYz/lvbgU3sWyG0ryVsZvi+3gHvlZklkorSLt5nVCZUEJiUpI4jmmSqdYUgrq3yVzt7ZvxNhoC1KU9/MSmQ==
- fontsource-pathway-extreme/5.0.14/latin-400.css: sha512-u1ps6ZwwYE6XIsVM5wzeaznV8soVsfvFyaAtzqDkT+q5F1NyCUZTE890qtt7oEVKLBdbW6461s4IPIVOP3II2A==
- fontsource-pathway-extreme/5.0.14/latin-ext-400.min.css: sha512-/jFIy7aayotr5UaPxiE3RqkDgClA6w5bj7xjVGWr4Jdmd4Av7vorEuW+hZPa3TvItBxSaJE2o5rPJGBswe8f5w==
- fontsource-pathway-extreme/5.0.14/vietnamese-100-italic.min.css: sha512-VZp6wyBFXjkLgzYSRtpUQL6diCES91+972ZJ08CpR6Ul9eiWmigcuARvc72+Qq8VVQuKZ0ZDiyYAC5cx5A0RbQ==
- fontsource-pathway-extreme/5.0.14/latin-400-italic.css: sha512-i+vB8sEANozMB+GvDJo2U/fa3lMj1pfWIVUQ9RPCb82VOAMCSmEbVsMInKzsUhTXY4+VrDczoWnbAc2Inyu0Wg==
- fontsource-pathway-extreme/5.0.14/latin-ext-700-italic.min.css: sha512-nbSqlrGyl40INGDd/8mkFwKpiS2RWmDJLY0e0p2L1Pm2+KrBzellAwX+v1QZB7nlflk1eiVYzBy91qCXO2ZyIA==
- fontsource-pathway-extreme/5.0.14/vietnamese-400-italic.min.css: sha512-Cp0LVyHaBd/iztZ100uMX9LY448ly/H3EupFVDqnua0iDnaIpnsSAcS58addYFMwfzDkhM3Nd0JdGoMCk5ZJBQ==
- fontsource-pathway-extreme/5.0.14/900.min.css: sha512-fh362p26pMCfjT7ABZINFyUzvE2PxpxTZzllMu1TMckpCbO/kK+4cRD6e7FhJgbDRUn6Yh8qH7u9O0MBUibqkg==
- fontsource-pathway-extreme/5.0.14/vietnamese-italic.css: sha512-YqvyDTG3dglwW1lIJ0y7txd5WzdpCYjPzaM891837B+b+8jhQ3iuCO5Rj/LxFIoyyH+Id1ntj6i8tLgO5JFsMg==
