2023/01/17 00:06:20 optimizing files (Js true, Css true, Png true, Jpg true)
2023/01/17 00:06:20 compress: run /node_modules/uglify-js/bin/uglifyjs --mangle --compress if_return=true -o /tmp/work/dist/helpers.module.min.js /tmp/work/dist/helpers.module.js
2023/01/17 00:06:20 compress: run /node_modules/uglify-js/bin/uglifyjs --mangle --compress if_return=true -o /tmp/work/dist/Swup.module.min.js /tmp/work/dist/Swup.module.js
2023/01/17 00:06:20 compress: run /node_modules/uglify-js/bin/uglifyjs --mangle --compress if_return=true -o /tmp/work/dist/Swup.modern.min.js /tmp/work/dist/Swup.modern.js
2023/01/17 00:06:20 compress: run /node_modules/uglify-js/bin/uglifyjs --mangle --compress if_return=true -o /tmp/work/dist/utils.modern.min.js /tmp/work/dist/utils.modern.js
2023/01/17 00:06:20 compress: run /node_modules/uglify-js/bin/uglifyjs --mangle --compress if_return=true -o /tmp/work/dist/Swup.umd.min.js /tmp/work/dist/Swup.umd.js
2023/01/17 00:06:20 compress: run /node_modules/uglify-js/bin/uglifyjs --mangle --compress if_return=true -o /tmp/work/dist/utils.module.min.js /tmp/work/dist/utils.module.js
2023/01/17 00:06:20 compress: run /node_modules/uglify-js/bin/uglifyjs --mangle --compress if_return=true -o /tmp/work/dist/helpers.modern.min.js /tmp/work/dist/helpers.modern.js
2023/01/17 00:06:20 sri /tmp/work/dist/utils.modern.min.js -> /output/utils.modern.min.js.sri
2023/01/17 00:06:20 algorithm: run /usr/bin/brotli --quality=11 --output=/output/utils.modern.min.js.br /tmp/work/dist/utils.modern.min.js
2023/01/17 00:06:20 br /tmp/work/dist/utils.modern.min.js -> /output/utils.modern.min.js.br
2023/01/17 00:06:20 gz /tmp/work/dist/utils.modern.min.js -> /output/utils.modern.min.js.gz
2023/01/17 00:06:20 sri /tmp/work/dist/utils.modern.js -> /output/utils.modern.js.sri
2023/01/17 00:06:20 algorithm: run /usr/bin/brotli --quality=11 --output=/output/utils.modern.js.br /tmp/work/dist/utils.modern.js
2023/01/17 00:06:20 sri /tmp/work/dist/utils.module.min.js -> /output/utils.module.min.js.sri
2023/01/17 00:06:20 algorithm: run /usr/bin/brotli --quality=11 --output=/output/utils.module.min.js.br /tmp/work/dist/utils.module.min.js
2023/01/17 00:06:20 br /tmp/work/dist/utils.modern.js -> /output/utils.modern.js.br
2023/01/17 00:06:20 gz /tmp/work/dist/utils.modern.js -> /output/utils.modern.js.gz
2023/01/17 00:06:20 br /tmp/work/dist/utils.module.min.js -> /output/utils.module.min.js.br
2023/01/17 00:06:20 gz /tmp/work/dist/utils.module.min.js -> /output/utils.module.min.js.gz
2023/01/17 00:06:20 sri /tmp/work/dist/utils.module.js -> /output/utils.module.js.sri
2023/01/17 00:06:20 algorithm: run /usr/bin/brotli --quality=11 --output=/output/utils.module.js.br /tmp/work/dist/utils.module.js
2023/01/17 00:06:20 br /tmp/work/dist/utils.module.js -> /output/utils.module.js.br
2023/01/17 00:06:20 gz /tmp/work/dist/utils.module.js -> /output/utils.module.js.gz
2023/01/17 00:06:20 sri /tmp/work/dist/helpers.modern.min.js -> /output/helpers.modern.min.js.sri
2023/01/17 00:06:20 algorithm: run /usr/bin/brotli --quality=11 --output=/output/helpers.modern.min.js.br /tmp/work/dist/helpers.modern.min.js
2023/01/17 00:06:20 sri /tmp/work/dist/helpers.module.min.js -> /output/helpers.module.min.js.sri
2023/01/17 00:06:20 algorithm: run /usr/bin/brotli --quality=11 --output=/output/helpers.module.min.js.br /tmp/work/dist/helpers.module.min.js
2023/01/17 00:06:20 br /tmp/work/dist/helpers.modern.min.js -> /output/helpers.modern.min.js.br
2023/01/17 00:06:20 gz /tmp/work/dist/helpers.modern.min.js -> /output/helpers.modern.min.js.gz
2023/01/17 00:06:20 sri /tmp/work/dist/helpers.modern.js -> /output/helpers.modern.js.sri
2023/01/17 00:06:20 algorithm: run /usr/bin/brotli --quality=11 --output=/output/helpers.modern.js.br /tmp/work/dist/helpers.modern.js
2023/01/17 00:06:20 br /tmp/work/dist/helpers.module.min.js -> /output/helpers.module.min.js.br
2023/01/17 00:06:20 gz /tmp/work/dist/helpers.module.min.js -> /output/helpers.module.min.js.gz
2023/01/17 00:06:20 sri /tmp/work/dist/helpers.module.js -> /output/helpers.module.js.sri
2023/01/17 00:06:20 algorithm: run /usr/bin/brotli --quality=11 --output=/output/helpers.module.js.br /tmp/work/dist/helpers.module.js
2023/01/17 00:06:20 br /tmp/work/dist/helpers.modern.js -> /output/helpers.modern.js.br
2023/01/17 00:06:20 gz /tmp/work/dist/helpers.modern.js -> /output/helpers.modern.js.gz
2023/01/17 00:06:20 br /tmp/work/dist/helpers.module.js -> /output/helpers.module.js.br
2023/01/17 00:06:20 gz /tmp/work/dist/helpers.module.js -> /output/helpers.module.js.gz
2023/01/17 00:06:21 sri /tmp/work/dist/Swup.modern.min.js -> /output/Swup.modern.min.js.sri
2023/01/17 00:06:21 algorithm: run /usr/bin/brotli --quality=11 --output=/output/Swup.modern.min.js.br /tmp/work/dist/Swup.modern.min.js
2023/01/17 00:06:21 br /tmp/work/dist/Swup.modern.min.js -> /output/Swup.modern.min.js.br
2023/01/17 00:06:21 gz /tmp/work/dist/Swup.modern.min.js -> /output/Swup.modern.min.js.gz
2023/01/17 00:06:21 sri /tmp/work/dist/Swup.modern.js -> /output/Swup.modern.js.sri
2023/01/17 00:06:21 algorithm: run /usr/bin/brotli --quality=11 --output=/output/Swup.modern.js.br /tmp/work/dist/Swup.modern.js
2023/01/17 00:06:21 sri /tmp/work/dist/Swup.module.min.js -> /output/Swup.module.min.js.sri
2023/01/17 00:06:21 algorithm: run /usr/bin/brotli --quality=11 --output=/output/Swup.module.min.js.br /tmp/work/dist/Swup.module.min.js
2023/01/17 00:06:21 br /tmp/work/dist/Swup.modern.js -> /output/Swup.modern.js.br
2023/01/17 00:06:21 gz /tmp/work/dist/Swup.modern.js -> /output/Swup.modern.js.gz
2023/01/17 00:06:21 br /tmp/work/dist/Swup.module.min.js -> /output/Swup.module.min.js.br
2023/01/17 00:06:21 gz /tmp/work/dist/Swup.module.min.js -> /output/Swup.module.min.js.gz
2023/01/17 00:06:21 sri /tmp/work/dist/Swup.module.js -> /output/Swup.module.js.sri
2023/01/17 00:06:21 algorithm: run /usr/bin/brotli --quality=11 --output=/output/Swup.module.js.br /tmp/work/dist/Swup.module.js
2023/01/17 00:06:21 br /tmp/work/dist/Swup.module.js -> /output/Swup.module.js.br
2023/01/17 00:06:21 gz /tmp/work/dist/Swup.module.js -> /output/Swup.module.js.gz
2023/01/17 00:06:21 sri /tmp/work/dist/Swup.umd.min.js -> /output/Swup.umd.min.js.sri
2023/01/17 00:06:21 algorithm: run /usr/bin/brotli --quality=11 --output=/output/Swup.umd.min.js.br /tmp/work/dist/Swup.umd.min.js
2023/01/17 00:06:21 br /tmp/work/dist/Swup.umd.min.js -> /output/Swup.umd.min.js.br
2023/01/17 00:06:21 gz /tmp/work/dist/Swup.umd.min.js -> /output/Swup.umd.min.js.gz
2023/01/17 00:06:21 sri /tmp/work/dist/Swup.umd.js -> /output/Swup.umd.js.sri
2023/01/17 00:06:21 algorithm: run /usr/bin/brotli --quality=11 --output=/output/Swup.umd.js.br /tmp/work/dist/Swup.umd.js
2023/01/17 00:06:21 br /tmp/work/dist/Swup.umd.js -> /output/Swup.umd.js.br
2023/01/17 00:06:21 gz /tmp/work/dist/Swup.umd.js -> /output/Swup.umd.js.gz
2023/01/17 00:06:21 processed swup
