Files:
- fontsource-gentium-plus/4.5.2/400-italic.css.br
- fontsource-gentium-plus/4.5.2/400-italic.css.gz
- fontsource-gentium-plus/4.5.2/400-italic.min.css.br
- fontsource-gentium-plus/4.5.2/400-italic.min.css.gz
- fontsource-gentium-plus/4.5.2/400.css.br
- fontsource-gentium-plus/4.5.2/400.css.gz
- fontsource-gentium-plus/4.5.2/400.min.css.br
- fontsource-gentium-plus/4.5.2/400.min.css.gz
- fontsource-gentium-plus/4.5.2/700-italic.css.br
- fontsource-gentium-plus/4.5.2/700-italic.css.gz
- fontsource-gentium-plus/4.5.2/700-italic.min.css.br
- fontsource-gentium-plus/4.5.2/700-italic.min.css.gz
- fontsource-gentium-plus/4.5.2/700.css.br
- fontsource-gentium-plus/4.5.2/700.css.gz
- fontsource-gentium-plus/4.5.2/700.min.css.br
- fontsource-gentium-plus/4.5.2/700.min.css.gz
- fontsource-gentium-plus/4.5.2/cyrillic-400-italic.css.br
- fontsource-gentium-plus/4.5.2/cyrillic-400-italic.css.gz
- fontsource-gentium-plus/4.5.2/cyrillic-400-italic.min.css.br
- fontsource-gentium-plus/4.5.2/cyrillic-400-italic.min.css.gz
- fontsource-gentium-plus/4.5.2/cyrillic-400.css.br
- fontsource-gentium-plus/4.5.2/cyrillic-400.css.gz
- fontsource-gentium-plus/4.5.2/cyrillic-400.min.css.br
- fontsource-gentium-plus/4.5.2/cyrillic-400.min.css.gz
- fontsource-gentium-plus/4.5.2/cyrillic-700-italic.css.br
- fontsource-gentium-plus/4.5.2/cyrillic-700-italic.css.gz
- fontsource-gentium-plus/4.5.2/cyrillic-700-italic.min.css.br
- fontsource-gentium-plus/4.5.2/cyrillic-700-italic.min.css.gz
- fontsource-gentium-plus/4.5.2/cyrillic-700.css.br
- fontsource-gentium-plus/4.5.2/cyrillic-700.css.gz
- fontsource-gentium-plus/4.5.2/cyrillic-700.min.css.br
- fontsource-gentium-plus/4.5.2/cyrillic-700.min.css.gz
- fontsource-gentium-plus/4.5.2/cyrillic-ext-400-italic.css.br
- fontsource-gentium-plus/4.5.2/cyrillic-ext-400-italic.css.gz
- fontsource-gentium-plus/4.5.2/cyrillic-ext-400-italic.min.css.br
- fontsource-gentium-plus/4.5.2/cyrillic-ext-400-italic.min.css.gz
- fontsource-gentium-plus/4.5.2/cyrillic-ext-400.css.br
- fontsource-gentium-plus/4.5.2/cyrillic-ext-400.css.gz
- fontsource-gentium-plus/4.5.2/cyrillic-ext-400.min.css.br
- fontsource-gentium-plus/4.5.2/cyrillic-ext-400.min.css.gz
- fontsource-gentium-plus/4.5.2/cyrillic-ext-700-italic.css.br
- fontsource-gentium-plus/4.5.2/cyrillic-ext-700-italic.css.gz
- fontsource-gentium-plus/4.5.2/cyrillic-ext-700-italic.min.css.br
- fontsource-gentium-plus/4.5.2/cyrillic-ext-700-italic.min.css.gz
- fontsource-gentium-plus/4.5.2/cyrillic-ext-700.css.br
- fontsource-gentium-plus/4.5.2/cyrillic-ext-700.css.gz
- fontsource-gentium-plus/4.5.2/cyrillic-ext-700.min.css.br
- fontsource-gentium-plus/4.5.2/cyrillic-ext-700.min.css.gz
- fontsource-gentium-plus/4.5.2/cyrillic-ext.css.br
- fontsource-gentium-plus/4.5.2/cyrillic-ext.css.gz
- fontsource-gentium-plus/4.5.2/cyrillic-ext.min.css.br
- fontsource-gentium-plus/4.5.2/cyrillic-ext.min.css.gz
- fontsource-gentium-plus/4.5.2/cyrillic.css.br
- fontsource-gentium-plus/4.5.2/cyrillic.css.gz
- fontsource-gentium-plus/4.5.2/cyrillic.min.css.br
- fontsource-gentium-plus/4.5.2/cyrillic.min.css.gz
- fontsource-gentium-plus/4.5.2/files/gentium-plus-all-400-italic.woff.br
- fontsource-gentium-plus/4.5.2/files/gentium-plus-all-400-italic.woff.gz
- fontsource-gentium-plus/4.5.2/files/gentium-plus-all-400-normal.woff.br
- fontsource-gentium-plus/4.5.2/files/gentium-plus-all-400-normal.woff.gz
- fontsource-gentium-plus/4.5.2/files/gentium-plus-all-700-italic.woff.br
- fontsource-gentium-plus/4.5.2/files/gentium-plus-all-700-italic.woff.gz
- fontsource-gentium-plus/4.5.2/files/gentium-plus-all-700-normal.woff.br
- fontsource-gentium-plus/4.5.2/files/gentium-plus-all-700-normal.woff.gz
- fontsource-gentium-plus/4.5.2/files/gentium-plus-cyrillic-400-italic.woff.br
- fontsource-gentium-plus/4.5.2/files/gentium-plus-cyrillic-400-italic.woff.gz
- fontsource-gentium-plus/4.5.2/files/gentium-plus-cyrillic-400-italic.woff2
- fontsource-gentium-plus/4.5.2/files/gentium-plus-cyrillic-400-normal.woff.br
- fontsource-gentium-plus/4.5.2/files/gentium-plus-cyrillic-400-normal.woff.gz
- fontsource-gentium-plus/4.5.2/files/gentium-plus-cyrillic-400-normal.woff2
- fontsource-gentium-plus/4.5.2/files/gentium-plus-cyrillic-700-italic.woff.br
- fontsource-gentium-plus/4.5.2/files/gentium-plus-cyrillic-700-italic.woff.gz
- fontsource-gentium-plus/4.5.2/files/gentium-plus-cyrillic-700-italic.woff2
- fontsource-gentium-plus/4.5.2/files/gentium-plus-cyrillic-700-normal.woff.br
- fontsource-gentium-plus/4.5.2/files/gentium-plus-cyrillic-700-normal.woff.gz
- fontsource-gentium-plus/4.5.2/files/gentium-plus-cyrillic-700-normal.woff2
- fontsource-gentium-plus/4.5.2/files/gentium-plus-cyrillic-ext-400-italic.woff.br
- fontsource-gentium-plus/4.5.2/files/gentium-plus-cyrillic-ext-400-italic.woff.gz
- fontsource-gentium-plus/4.5.2/files/gentium-plus-cyrillic-ext-400-italic.woff2
- fontsource-gentium-plus/4.5.2/files/gentium-plus-cyrillic-ext-400-normal.woff.br
- fontsource-gentium-plus/4.5.2/files/gentium-plus-cyrillic-ext-400-normal.woff.gz
- fontsource-gentium-plus/4.5.2/files/gentium-plus-cyrillic-ext-400-normal.woff2
- fontsource-gentium-plus/4.5.2/files/gentium-plus-cyrillic-ext-700-italic.woff.br
- fontsource-gentium-plus/4.5.2/files/gentium-plus-cyrillic-ext-700-italic.woff.gz
- fontsource-gentium-plus/4.5.2/files/gentium-plus-cyrillic-ext-700-italic.woff2
- fontsource-gentium-plus/4.5.2/files/gentium-plus-cyrillic-ext-700-normal.woff.br
- fontsource-gentium-plus/4.5.2/files/gentium-plus-cyrillic-ext-700-normal.woff.gz
- fontsource-gentium-plus/4.5.2/files/gentium-plus-cyrillic-ext-700-normal.woff2
- fontsource-gentium-plus/4.5.2/files/gentium-plus-greek-400-italic.woff.br
- fontsource-gentium-plus/4.5.2/files/gentium-plus-greek-400-italic.woff.gz
- fontsource-gentium-plus/4.5.2/files/gentium-plus-greek-400-italic.woff2
- fontsource-gentium-plus/4.5.2/files/gentium-plus-greek-400-normal.woff.br
- fontsource-gentium-plus/4.5.2/files/gentium-plus-greek-400-normal.woff.gz
- fontsource-gentium-plus/4.5.2/files/gentium-plus-greek-400-normal.woff2
- fontsource-gentium-plus/4.5.2/files/gentium-plus-greek-700-italic.woff.br
- fontsource-gentium-plus/4.5.2/files/gentium-plus-greek-700-italic.woff.gz
- fontsource-gentium-plus/4.5.2/files/gentium-plus-greek-700-italic.woff2
- fontsource-gentium-plus/4.5.2/files/gentium-plus-greek-700-normal.woff.br
- fontsource-gentium-plus/4.5.2/files/gentium-plus-greek-700-normal.woff.gz
- fontsource-gentium-plus/4.5.2/files/gentium-plus-greek-700-normal.woff2
- fontsource-gentium-plus/4.5.2/files/gentium-plus-greek-ext-400-italic.woff.br
- fontsource-gentium-plus/4.5.2/files/gentium-plus-greek-ext-400-italic.woff.gz
- fontsource-gentium-plus/4.5.2/files/gentium-plus-greek-ext-400-italic.woff2
- fontsource-gentium-plus/4.5.2/files/gentium-plus-greek-ext-400-normal.woff.br
- fontsource-gentium-plus/4.5.2/files/gentium-plus-greek-ext-400-normal.woff.gz
- fontsource-gentium-plus/4.5.2/files/gentium-plus-greek-ext-400-normal.woff2
- fontsource-gentium-plus/4.5.2/files/gentium-plus-greek-ext-700-italic.woff.br
- fontsource-gentium-plus/4.5.2/files/gentium-plus-greek-ext-700-italic.woff.gz
- fontsource-gentium-plus/4.5.2/files/gentium-plus-greek-ext-700-italic.woff2
- fontsource-gentium-plus/4.5.2/files/gentium-plus-greek-ext-700-normal.woff.br
- fontsource-gentium-plus/4.5.2/files/gentium-plus-greek-ext-700-normal.woff.gz
- fontsource-gentium-plus/4.5.2/files/gentium-plus-greek-ext-700-normal.woff2
- fontsource-gentium-plus/4.5.2/files/gentium-plus-latin-400-italic.woff.br
- fontsource-gentium-plus/4.5.2/files/gentium-plus-latin-400-italic.woff.gz
- fontsource-gentium-plus/4.5.2/files/gentium-plus-latin-400-italic.woff2
- fontsource-gentium-plus/4.5.2/files/gentium-plus-latin-400-normal.woff.br
- fontsource-gentium-plus/4.5.2/files/gentium-plus-latin-400-normal.woff.gz
- fontsource-gentium-plus/4.5.2/files/gentium-plus-latin-400-normal.woff2
- fontsource-gentium-plus/4.5.2/files/gentium-plus-latin-700-italic.woff.br
- fontsource-gentium-plus/4.5.2/files/gentium-plus-latin-700-italic.woff.gz
- fontsource-gentium-plus/4.5.2/files/gentium-plus-latin-700-italic.woff2
- fontsource-gentium-plus/4.5.2/files/gentium-plus-latin-700-normal.woff.br
- fontsource-gentium-plus/4.5.2/files/gentium-plus-latin-700-normal.woff.gz
- fontsource-gentium-plus/4.5.2/files/gentium-plus-latin-700-normal.woff2
- fontsource-gentium-plus/4.5.2/files/gentium-plus-latin-ext-400-italic.woff.br
- fontsource-gentium-plus/4.5.2/files/gentium-plus-latin-ext-400-italic.woff.gz
- fontsource-gentium-plus/4.5.2/files/gentium-plus-latin-ext-400-italic.woff2
- fontsource-gentium-plus/4.5.2/files/gentium-plus-latin-ext-400-normal.woff.br
- fontsource-gentium-plus/4.5.2/files/gentium-plus-latin-ext-400-normal.woff.gz
- fontsource-gentium-plus/4.5.2/files/gentium-plus-latin-ext-400-normal.woff2
- fontsource-gentium-plus/4.5.2/files/gentium-plus-latin-ext-700-italic.woff.br
- fontsource-gentium-plus/4.5.2/files/gentium-plus-latin-ext-700-italic.woff.gz
- fontsource-gentium-plus/4.5.2/files/gentium-plus-latin-ext-700-italic.woff2
- fontsource-gentium-plus/4.5.2/files/gentium-plus-latin-ext-700-normal.woff.br
- fontsource-gentium-plus/4.5.2/files/gentium-plus-latin-ext-700-normal.woff.gz
- fontsource-gentium-plus/4.5.2/files/gentium-plus-latin-ext-700-normal.woff2
- fontsource-gentium-plus/4.5.2/files/gentium-plus-vietnamese-400-italic.woff.br
- fontsource-gentium-plus/4.5.2/files/gentium-plus-vietnamese-400-italic.woff.gz
- fontsource-gentium-plus/4.5.2/files/gentium-plus-vietnamese-400-italic.woff2
- fontsource-gentium-plus/4.5.2/files/gentium-plus-vietnamese-400-normal.woff.br
- fontsource-gentium-plus/4.5.2/files/gentium-plus-vietnamese-400-normal.woff.gz
- fontsource-gentium-plus/4.5.2/files/gentium-plus-vietnamese-400-normal.woff2
- fontsource-gentium-plus/4.5.2/files/gentium-plus-vietnamese-700-italic.woff.br
- fontsource-gentium-plus/4.5.2/files/gentium-plus-vietnamese-700-italic.woff.gz
- fontsource-gentium-plus/4.5.2/files/gentium-plus-vietnamese-700-italic.woff2
- fontsource-gentium-plus/4.5.2/files/gentium-plus-vietnamese-700-normal.woff.br
- fontsource-gentium-plus/4.5.2/files/gentium-plus-vietnamese-700-normal.woff.gz
- fontsource-gentium-plus/4.5.2/files/gentium-plus-vietnamese-700-normal.woff2
- fontsource-gentium-plus/4.5.2/greek-400-italic.css.br
- fontsource-gentium-plus/4.5.2/greek-400-italic.css.gz
- fontsource-gentium-plus/4.5.2/greek-400-italic.min.css.br
- fontsource-gentium-plus/4.5.2/greek-400-italic.min.css.gz
- fontsource-gentium-plus/4.5.2/greek-400.css.br
- fontsource-gentium-plus/4.5.2/greek-400.css.gz
- fontsource-gentium-plus/4.5.2/greek-400.min.css.br
- fontsource-gentium-plus/4.5.2/greek-400.min.css.gz
- fontsource-gentium-plus/4.5.2/greek-700-italic.css.br
- fontsource-gentium-plus/4.5.2/greek-700-italic.css.gz
- fontsource-gentium-plus/4.5.2/greek-700-italic.min.css.br
- fontsource-gentium-plus/4.5.2/greek-700-italic.min.css.gz
- fontsource-gentium-plus/4.5.2/greek-700.css.br
- fontsource-gentium-plus/4.5.2/greek-700.css.gz
- fontsource-gentium-plus/4.5.2/greek-700.min.css.br
- fontsource-gentium-plus/4.5.2/greek-700.min.css.gz
- fontsource-gentium-plus/4.5.2/greek-ext-400-italic.css.br
- fontsource-gentium-plus/4.5.2/greek-ext-400-italic.css.gz
- fontsource-gentium-plus/4.5.2/greek-ext-400-italic.min.css.br
- fontsource-gentium-plus/4.5.2/greek-ext-400-italic.min.css.gz
- fontsource-gentium-plus/4.5.2/greek-ext-400.css.br
- fontsource-gentium-plus/4.5.2/greek-ext-400.css.gz
- fontsource-gentium-plus/4.5.2/greek-ext-400.min.css.br
- fontsource-gentium-plus/4.5.2/greek-ext-400.min.css.gz
- fontsource-gentium-plus/4.5.2/greek-ext-700-italic.css.br
- fontsource-gentium-plus/4.5.2/greek-ext-700-italic.css.gz
- fontsource-gentium-plus/4.5.2/greek-ext-700-italic.min.css.br
- fontsource-gentium-plus/4.5.2/greek-ext-700-italic.min.css.gz
- fontsource-gentium-plus/4.5.2/greek-ext-700.css.br
- fontsource-gentium-plus/4.5.2/greek-ext-700.css.gz
- fontsource-gentium-plus/4.5.2/greek-ext-700.min.css.br
- fontsource-gentium-plus/4.5.2/greek-ext-700.min.css.gz
- fontsource-gentium-plus/4.5.2/greek-ext.css.br
- fontsource-gentium-plus/4.5.2/greek-ext.css.gz
- fontsource-gentium-plus/4.5.2/greek-ext.min.css.br
- fontsource-gentium-plus/4.5.2/greek-ext.min.css.gz
- fontsource-gentium-plus/4.5.2/greek.css.br
- fontsource-gentium-plus/4.5.2/greek.css.gz
- fontsource-gentium-plus/4.5.2/greek.min.css.br
- fontsource-gentium-plus/4.5.2/greek.min.css.gz
- fontsource-gentium-plus/4.5.2/index.css.br
- fontsource-gentium-plus/4.5.2/index.css.gz
- fontsource-gentium-plus/4.5.2/index.min.css.br
- fontsource-gentium-plus/4.5.2/index.min.css.gz
- fontsource-gentium-plus/4.5.2/latin-400-italic.css.br
- fontsource-gentium-plus/4.5.2/latin-400-italic.css.gz
- fontsource-gentium-plus/4.5.2/latin-400-italic.min.css.br
- fontsource-gentium-plus/4.5.2/latin-400-italic.min.css.gz
- fontsource-gentium-plus/4.5.2/latin-400.css.br
- fontsource-gentium-plus/4.5.2/latin-400.css.gz
- fontsource-gentium-plus/4.5.2/latin-400.min.css.br
- fontsource-gentium-plus/4.5.2/latin-400.min.css.gz
- fontsource-gentium-plus/4.5.2/latin-700-italic.css.br
- fontsource-gentium-plus/4.5.2/latin-700-italic.css.gz
- fontsource-gentium-plus/4.5.2/latin-700-italic.min.css.br
- fontsource-gentium-plus/4.5.2/latin-700-italic.min.css.gz
- fontsource-gentium-plus/4.5.2/latin-700.css.br
- fontsource-gentium-plus/4.5.2/latin-700.css.gz
- fontsource-gentium-plus/4.5.2/latin-700.min.css.br
- fontsource-gentium-plus/4.5.2/latin-700.min.css.gz
- fontsource-gentium-plus/4.5.2/latin-ext-400-italic.css.br
- fontsource-gentium-plus/4.5.2/latin-ext-400-italic.css.gz
- fontsource-gentium-plus/4.5.2/latin-ext-400-italic.min.css.br
- fontsource-gentium-plus/4.5.2/latin-ext-400-italic.min.css.gz
- fontsource-gentium-plus/4.5.2/latin-ext-400.css.br
- fontsource-gentium-plus/4.5.2/latin-ext-400.css.gz
- fontsource-gentium-plus/4.5.2/latin-ext-400.min.css.br
- fontsource-gentium-plus/4.5.2/latin-ext-400.min.css.gz
- fontsource-gentium-plus/4.5.2/latin-ext-700-italic.css.br
- fontsource-gentium-plus/4.5.2/latin-ext-700-italic.css.gz
- fontsource-gentium-plus/4.5.2/latin-ext-700-italic.min.css.br
- fontsource-gentium-plus/4.5.2/latin-ext-700-italic.min.css.gz
- fontsource-gentium-plus/4.5.2/latin-ext-700.css.br
- fontsource-gentium-plus/4.5.2/latin-ext-700.css.gz
- fontsource-gentium-plus/4.5.2/latin-ext-700.min.css.br
- fontsource-gentium-plus/4.5.2/latin-ext-700.min.css.gz
- fontsource-gentium-plus/4.5.2/latin-ext.css.br
- fontsource-gentium-plus/4.5.2/latin-ext.css.gz
- fontsource-gentium-plus/4.5.2/latin-ext.min.css.br
- fontsource-gentium-plus/4.5.2/latin-ext.min.css.gz
- fontsource-gentium-plus/4.5.2/latin.css.br
- fontsource-gentium-plus/4.5.2/latin.css.gz
- fontsource-gentium-plus/4.5.2/latin.min.css.br
- fontsource-gentium-plus/4.5.2/latin.min.css.gz
- fontsource-gentium-plus/4.5.2/vietnamese-400-italic.css.br
- fontsource-gentium-plus/4.5.2/vietnamese-400-italic.css.gz
- fontsource-gentium-plus/4.5.2/vietnamese-400-italic.min.css.br
- fontsource-gentium-plus/4.5.2/vietnamese-400-italic.min.css.gz
- fontsource-gentium-plus/4.5.2/vietnamese-400.css.br
- fontsource-gentium-plus/4.5.2/vietnamese-400.css.gz
- fontsource-gentium-plus/4.5.2/vietnamese-400.min.css.br
- fontsource-gentium-plus/4.5.2/vietnamese-400.min.css.gz
- fontsource-gentium-plus/4.5.2/vietnamese-700-italic.css.br
- fontsource-gentium-plus/4.5.2/vietnamese-700-italic.css.gz
- fontsource-gentium-plus/4.5.2/vietnamese-700-italic.min.css.br
- fontsource-gentium-plus/4.5.2/vietnamese-700-italic.min.css.gz
- fontsource-gentium-plus/4.5.2/vietnamese-700.css.br
- fontsource-gentium-plus/4.5.2/vietnamese-700.css.gz
- fontsource-gentium-plus/4.5.2/vietnamese-700.min.css.br
- fontsource-gentium-plus/4.5.2/vietnamese-700.min.css.gz
- fontsource-gentium-plus/4.5.2/vietnamese.css.br
- fontsource-gentium-plus/4.5.2/vietnamese.css.gz
- fontsource-gentium-plus/4.5.2/vietnamese.min.css.br
- fontsource-gentium-plus/4.5.2/vietnamese.min.css.gz
