config: {"authors":[{"name":"coryasilva","email":"https://github.com/coryasilva"}],"autoupdate":{"source":"npm","target":"leaflet-extra-markers","fileMap":[{"basePath":"dist","files":["css/*.css","img/*.png","js/*.js"]}]},"description":"Custom Markers for Leaflet JS based on Awesome Markers","filename":"css/leaflet.extra-markers.min.css","homepage":"https://github.com/coryasilva/Leaflet.ExtraMarkers#readme","keywords":["leaflet-js","marker"],"license":"MIT","name":"leaflet-extra-markers","repository":{"type":"git","url":"git+https://github.com/coryasilva/Leaflet.ExtraMarkers.git"},"author":"coryasilva \u003chttps://github.com/coryasilva\u003e"}
KV keys:
- leaflet-extra-markers/1.1.0/css/leaflet.extra-markers.min.css.br
- leaflet-extra-markers/1.1.0/css/leaflet.extra-markers.min.css.gz
- leaflet-extra-markers/1.1.0/img/markers_default.png.br
- leaflet-extra-markers/1.1.0/img/markers_default.png.gz
- leaflet-extra-markers/1.1.0/img/markers_default@2x.png.br
- leaflet-extra-markers/1.1.0/img/markers_default@2x.png.gz
- leaflet-extra-markers/1.1.0/img/markers_shadow.png.br
- leaflet-extra-markers/1.1.0/img/markers_shadow.png.gz
- leaflet-extra-markers/1.1.0/img/markers_shadow@2x.png.br
- leaflet-extra-markers/1.1.0/img/markers_shadow@2x.png.gz
- leaflet-extra-markers/1.1.0/js/leaflet.extra-markers.js.br
- leaflet-extra-markers/1.1.0/js/leaflet.extra-markers.js.gz
- leaflet-extra-markers/1.1.0/js/leaflet.extra-markers.min.js.br
- leaflet-extra-markers/1.1.0/js/leaflet.extra-markers.min.js.gz
SRIs:
- leaflet-extra-markers/1.1.0/css/leaflet.extra-markers.min.css: sha512-YmIPIHhkJmtJ1K7atawZOuQoCb7ydneON68lSsNxbtQMoi/a0WLJUznFdsUSsDo41XVymc4bDvQ0Q2OC/K5QEA==
- leaflet-extra-markers/1.1.0/js/leaflet.extra-markers.js: sha512-Pb9ymDNy3R+703SBq1dQXHRr0oBlBtETDjUO5qPHDNQdBlE0RXmt9WXR/r95V47gJ5KRBUT6E/+0qubWp2o6pw==
- leaflet-extra-markers/1.1.0/js/leaflet.extra-markers.min.js: sha512-4O1wcQNqu6FuccJJiWPKoxlsMlYQoAjcsfLUgEXuZIpdDwZJW9B8EdGSXo4l0wyMwDC7R+nYD1mclt4B6t3IOg==
