config: {"authors":[{"name":"andrewtelnov","email":"andrew.telnov@gmail.com"}],"autoupdate":{"source":"npm","target":"survey-jquery","fileMap":[{"basePath":"","files":["survey*"]}]},"description":"survey.js is a JavaScript Survey Library. It is a modern way to add a survey to your website. It uses JSON for survey metadata and results.","filename":"survey.jquery.min.js","homepage":"https://surveyjs.org/","keywords":["Survey","JavaScript","Bootstrap","Library","jquery","jquery-plugin"],"license":"MIT","name":"survey-jquery","repository":{"type":"git","url":"git+https://github.com/andrewtelnov/surveyjs.git"},"author":"andrewtelnov \u003candrew.telnov@gmail.com\u003e"}
KV keys:
- survey-jquery/1.11.1/survey-jquery.d.ts.br
- survey-jquery/1.11.1/survey-jquery.d.ts.gz
- survey-jquery/1.11.1/survey.css.br
- survey-jquery/1.11.1/survey.css.gz
- survey-jquery/1.11.1/survey.css.map.br
- survey-jquery/1.11.1/survey.css.map.gz
- survey-jquery/1.11.1/survey.jquery.d.ts.br
- survey-jquery/1.11.1/survey.jquery.d.ts.gz
- survey-jquery/1.11.1/survey.jquery.js.br
- survey-jquery/1.11.1/survey.jquery.js.gz
- survey-jquery/1.11.1/survey.jquery.js.map.br
- survey-jquery/1.11.1/survey.jquery.js.map.gz
- survey-jquery/1.11.1/survey.jquery.min.js.br
- survey-jquery/1.11.1/survey.jquery.min.js.gz
- survey-jquery/1.11.1/survey.min.css.br
- survey-jquery/1.11.1/survey.min.css.gz
SRIs:
- survey-jquery/1.11.1/survey.css: sha512-KwHHHGMyGd3Mfu/nMexXUH5KOotjCDNer+F7Tao/y34V7M42emdeuZObGe+aKja2rXhSvMWngnx8SaT61DWIDw==
- survey-jquery/1.11.1/survey.jquery.js: sha512-eKCdW8WSpYctjryAfgJNo/FDkC2axT3xEequqAged7LPtmVsJAX8vMLoibn8QycKqF5pVmBXNyj9DJlaqe9Jxw==
- survey-jquery/1.11.1/survey.jquery.min.js: sha512-HOKPL4RCpgSqV5oOCCGxLW6sofgYBgA2ai+XSh1yckWd638gWOavnrwGT2tajOB84QWXwVS2JnV3h29vEnKaYg==
- survey-jquery/1.11.1/survey.min.css: sha512-WAHzepCjdNKlP4fWu+0aVsQGajagXSblodK7Bf/vT7udnmyGgTA9xkFL58RBWWfi9yarb8DlvNz+Wg1V0ou+vw==
