config: {"authors":[{"name":"Google Inc."}],"autoupdate":{"source":"npm","target":"@fontsource/emblema-one","fileMap":[{"basePath":"","files":["*.css","files/*.@(woff|woff2)"]}],"excludeFromSearch":true},"description":"Self-host the Emblema One font in a neatly bundled NPM package.","filename":"index.css","homepage":"https://fontsource.org/fonts/emblema-one","keywords":["fontsource","font","font family","google fonts","emblema-one","Emblema One","css","sass","front-end","web","typeface","variable"],"license":"OFL-1.1","name":"fontsource-emblema-one","repository":{"type":"git","url":"git+https://github.com/fontsource/font-files.git"},"author":"Google Inc."}
KV keys:
- fontsource-emblema-one/5.0.0/400.css.br
- fontsource-emblema-one/5.0.0/400.css.gz
- fontsource-emblema-one/5.0.0/400.min.css.br
- fontsource-emblema-one/5.0.0/400.min.css.gz
- fontsource-emblema-one/5.0.0/files/emblema-one-latin-400-normal.woff.br
- fontsource-emblema-one/5.0.0/files/emblema-one-latin-400-normal.woff.gz
- fontsource-emblema-one/5.0.0/files/emblema-one-latin-400-normal.woff2
- fontsource-emblema-one/5.0.0/files/emblema-one-latin-ext-400-normal.woff.br
- fontsource-emblema-one/5.0.0/files/emblema-one-latin-ext-400-normal.woff.gz
- fontsource-emblema-one/5.0.0/files/emblema-one-latin-ext-400-normal.woff2
- fontsource-emblema-one/5.0.0/index.css.br
- fontsource-emblema-one/5.0.0/index.css.gz
- fontsource-emblema-one/5.0.0/index.min.css.br
- fontsource-emblema-one/5.0.0/index.min.css.gz
- fontsource-emblema-one/5.0.0/latin-400.css.br
- fontsource-emblema-one/5.0.0/latin-400.css.gz
- fontsource-emblema-one/5.0.0/latin-400.min.css.br
- fontsource-emblema-one/5.0.0/latin-400.min.css.gz
- fontsource-emblema-one/5.0.0/latin-ext-400.css.br
- fontsource-emblema-one/5.0.0/latin-ext-400.css.gz
- fontsource-emblema-one/5.0.0/latin-ext-400.min.css.br
- fontsource-emblema-one/5.0.0/latin-ext-400.min.css.gz
- fontsource-emblema-one/5.0.0/latin-ext.css.br
- fontsource-emblema-one/5.0.0/latin-ext.css.gz
- fontsource-emblema-one/5.0.0/latin-ext.min.css.br
- fontsource-emblema-one/5.0.0/latin-ext.min.css.gz
- fontsource-emblema-one/5.0.0/latin.css.br
- fontsource-emblema-one/5.0.0/latin.css.gz
- fontsource-emblema-one/5.0.0/latin.min.css.br
- fontsource-emblema-one/5.0.0/latin.min.css.gz
SRIs:
- fontsource-emblema-one/5.0.0/latin.css: sha512-xf5yzopmzpUuVs01ySz8LfCJfaLirx81q1IuOpfn+D5J/vOfGfG7i/f5KNTx/FYAeGmElBuY0YplBC0yeAZ5cg==
- fontsource-emblema-one/5.0.0/400.css: sha512-+bce/WnRi0vZZQ3ig919zpldtqJgI4DkUg9fKd+iqSkniF2jpGk2KEw/oNZLX6BZLAcl5fxnxzqizGPYFAHqEQ==
- fontsource-emblema-one/5.0.0/400.min.css: sha512-vECGmbvAvzbetIMsqVGPymC+62AO/plw05ASpdAm1qf2TT09lH7M2jtG5jbHm2OW2NdIRxDMONuOfmWWDu9AHw==
- fontsource-emblema-one/5.0.0/index.css: sha512-+bce/WnRi0vZZQ3ig919zpldtqJgI4DkUg9fKd+iqSkniF2jpGk2KEw/oNZLX6BZLAcl5fxnxzqizGPYFAHqEQ==
- fontsource-emblema-one/5.0.0/index.min.css: sha512-vECGmbvAvzbetIMsqVGPymC+62AO/plw05ASpdAm1qf2TT09lH7M2jtG5jbHm2OW2NdIRxDMONuOfmWWDu9AHw==
- fontsource-emblema-one/5.0.0/latin-ext-400.min.css: sha512-X2ljcr144fAyOyN+l9b8iHsuVYtYGpBDbfC4eUpTKWmtMdKuSFCPzVdddczo2LEtwDm1zQMU6uAAlCgXmAmXmw==
- fontsource-emblema-one/5.0.0/latin-ext.css: sha512-jNpEz488frGPXiBEGPp78QjsCp1Y46mKBQ5rcu1/xHR5SAYSC+9pxYTqAqEM0NevfYGDpzywGE7CYeQKbwIOZw==
- fontsource-emblema-one/5.0.0/latin-ext.min.css: sha512-X2ljcr144fAyOyN+l9b8iHsuVYtYGpBDbfC4eUpTKWmtMdKuSFCPzVdddczo2LEtwDm1zQMU6uAAlCgXmAmXmw==
- fontsource-emblema-one/5.0.0/latin-400.css: sha512-xf5yzopmzpUuVs01ySz8LfCJfaLirx81q1IuOpfn+D5J/vOfGfG7i/f5KNTx/FYAeGmElBuY0YplBC0yeAZ5cg==
- fontsource-emblema-one/5.0.0/latin-400.min.css: sha512-/mhKMROojV6pfp54TmS7gZc7q5Hh6lcmrC3hn9tcAF+1KlNsp4uiF8wW1o80k7gVQfBPNpV/dFHFH/DQBvSCzg==
- fontsource-emblema-one/5.0.0/latin-ext-400.css: sha512-jNpEz488frGPXiBEGPp78QjsCp1Y46mKBQ5rcu1/xHR5SAYSC+9pxYTqAqEM0NevfYGDpzywGE7CYeQKbwIOZw==
- fontsource-emblema-one/5.0.0/latin.min.css: sha512-/mhKMROojV6pfp54TmS7gZc7q5Hh6lcmrC3hn9tcAF+1KlNsp4uiF8wW1o80k7gVQfBPNpV/dFHFH/DQBvSCzg==
