config: {"authors":[{"name":"andrewtelnov","email":"andrew.telnov@gmail.com"}],"autoupdate":{"source":"npm","target":"survey-vue","fileMap":[{"basePath":"","files":["survey!(*.ts|*-vue.js)"]}]},"description":"survey.js is a JavaScript Survey Library. It is a modern way to add a survey to your website. It uses JSON for survey metadata and results.","filename":"survey.vue.min.js","homepage":"https://surveyjs.org/","keywords":["Survey","JavaScript","Bootstrap","Library","vue"],"license":"MIT","name":"survey-vue","repository":{"type":"git","url":"git+https://github.com/andrewtelnov/surveyjs.git"},"author":"andrewtelnov \u003candrew.telnov@gmail.com\u003e"}
KV keys:
- survey-vue/1.9.136/survey-vue.min.js.br
- survey-vue/1.9.136/survey-vue.min.js.gz
- survey-vue/1.9.136/survey.css.br
- survey-vue/1.9.136/survey.css.gz
- survey-vue/1.9.136/survey.css.map.br
- survey-vue/1.9.136/survey.css.map.gz
- survey-vue/1.9.136/survey.min.css.br
- survey-vue/1.9.136/survey.min.css.gz
- survey-vue/1.9.136/survey.vue.js.br
- survey-vue/1.9.136/survey.vue.js.gz
- survey-vue/1.9.136/survey.vue.js.map.br
- survey-vue/1.9.136/survey.vue.js.map.gz
- survey-vue/1.9.136/survey.vue.min.js.br
- survey-vue/1.9.136/survey.vue.min.js.gz
SRIs:
- survey-vue/1.9.136/survey.vue.min.js: sha512-5+TmCYTMVv9yYwBDB9AZtf/maPXkT9yM6xH5XqciX23riHbfIncYUPrCey00Uzb9uHnmY/dDVsSmsm1rw2tfOg==
- survey-vue/1.9.136/survey-vue.min.js: sha512-5+TmCYTMVv9yYwBDB9AZtf/maPXkT9yM6xH5XqciX23riHbfIncYUPrCey00Uzb9uHnmY/dDVsSmsm1rw2tfOg==
- survey-vue/1.9.136/survey.css: sha512-9SQj/up4+Y6u1GhzcPF5k3Dgy+HH9Y8iWzPxSDbxLhQC0DZgTQFxcd+v3GrSSAMPwIWyBA9uuWYYP1ceMszzFw==
- survey-vue/1.9.136/survey.min.css: sha512-2QXU/9FvIGS3aoGEw1uxdoK3bKM200B88DvW/qYw2WX+Je7uA79nt6QsrjIF66Vn8v0qAgqag5RULTzFliPUXw==
- survey-vue/1.9.136/survey.vue.js: sha512-JcM3axaIpe1aDp8fzaz5GiC5F5ZiJ4PsJ9MQCjFKiCSeeBjA3jiT332iNHFeYlDI9VonV/G5Gxx72qgzdjnpSg==
