2022/12/13 13:32:42 optimizing files (Js true, Css true, Png true, Jpg true)
2022/12/13 13:32:42 /tmp/work/survey.css already has a compressed version: /tmp/work/survey.min.css
2022/12/13 13:32:42 algorithm: run /usr/bin/brotli --quality=11 --output=/output/survey.ko.d.ts.br /tmp/work/survey.ko.d.ts
2022/12/13 13:32:42 /tmp/work/survey.ko.min.js already has corresponding compressed file
2022/12/13 13:32:42 /tmp/work/survey.ko.min.js is already compressed
2022/12/13 13:32:42 sri /tmp/work/survey.css -> /output/survey.css.sri
2022/12/13 13:32:42 algorithm: run /usr/bin/brotli --quality=11 --output=/output/survey.css.br /tmp/work/survey.css
2022/12/13 13:32:42 sri /tmp/work/survey.min.css -> /output/survey.min.css.sri
2022/12/13 13:32:42 algorithm: run /usr/bin/brotli --quality=11 --output=/output/survey.min.css.br /tmp/work/survey.min.css
2022/12/13 13:32:42 sri /tmp/work/survey.ko.min.js -> /output/survey.ko.min.js.sri
2022/12/13 13:32:42 algorithm: run /usr/bin/brotli --quality=11 --output=/output/survey.ko.min.js.br /tmp/work/survey.ko.min.js
2022/12/13 13:32:42 sri /tmp/work/survey.ko.js -> /output/survey.ko.js.sri
2022/12/13 13:32:42 algorithm: run /usr/bin/brotli --quality=11 --output=/output/survey.ko.js.br /tmp/work/survey.ko.js
2022/12/13 13:32:42 br /tmp/work/survey.min.css -> /output/survey.min.css.br
2022/12/13 13:32:42 gz /tmp/work/survey.min.css -> /output/survey.min.css.gz
2022/12/13 13:32:42 br /tmp/work/survey.css -> /output/survey.css.br
2022/12/13 13:32:42 gz /tmp/work/survey.css -> /output/survey.css.gz
2022/12/13 13:32:43 br /tmp/work/survey.ko.d.ts -> /output/survey.ko.d.ts.br
2022/12/13 13:32:43 gz /tmp/work/survey.ko.d.ts -> /output/survey.ko.d.ts.gz
2022/12/13 13:32:45 br /tmp/work/survey.ko.min.js -> /output/survey.ko.min.js.br
2022/12/13 13:32:45 gz /tmp/work/survey.ko.min.js -> /output/survey.ko.min.js.gz
2022/12/13 13:33:00 br /tmp/work/survey.ko.js -> /output/survey.ko.js.br
2022/12/13 13:33:01 gz /tmp/work/survey.ko.js -> /output/survey.ko.js.gz
2022/12/13 13:33:01 processed survey-knockout
