config: {"authors":[{"name":"Guillaume du Pontavice","email":"g.du.pontavice@gmail.com"}],"autoupdate":{"source":"npm","target":"hls.js","fileMap":[{"basePath":"dist","files":["**/!(*-demo.*)"]}],"ignoreVersions":["*-canary.*"]},"description":"JavaScript HLS client using MediaSourceExtension","filename":"hls.min.js","homepage":"https://hls-js.netlify.com/demo/","keywords":["hls.js","video","streaming","mediasource","player"],"license":"Apache-2.0","name":"hls.js","repository":{"type":"git","url":"git://github.com/video-dev/hls.js"},"author":"Guillaume du Pontavice \u003cg.du.pontavice@gmail.com\u003e"}
KV keys:
- hls.js/1.5.12-0.canary.10386/hls.js.br
- hls.js/1.5.12-0.canary.10386/hls.js.d.ts.br
- hls.js/1.5.12-0.canary.10386/hls.js.d.ts.gz
- hls.js/1.5.12-0.canary.10386/hls.js.gz
- hls.js/1.5.12-0.canary.10386/hls.js.map.br
- hls.js/1.5.12-0.canary.10386/hls.js.map.gz
- hls.js/1.5.12-0.canary.10386/hls.light.js.br
- hls.js/1.5.12-0.canary.10386/hls.light.js.gz
- hls.js/1.5.12-0.canary.10386/hls.light.js.map.br
- hls.js/1.5.12-0.canary.10386/hls.light.js.map.gz
- hls.js/1.5.12-0.canary.10386/hls.light.min.js.br
- hls.js/1.5.12-0.canary.10386/hls.light.min.js.gz
- hls.js/1.5.12-0.canary.10386/hls.light.min.js.map.br
- hls.js/1.5.12-0.canary.10386/hls.light.min.js.map.gz
- hls.js/1.5.12-0.canary.10386/hls.light.mjs.br
- hls.js/1.5.12-0.canary.10386/hls.light.mjs.gz
- hls.js/1.5.12-0.canary.10386/hls.light.mjs.map.br
- hls.js/1.5.12-0.canary.10386/hls.light.mjs.map.gz
- hls.js/1.5.12-0.canary.10386/hls.min.js.br
- hls.js/1.5.12-0.canary.10386/hls.min.js.gz
- hls.js/1.5.12-0.canary.10386/hls.min.js.map.br
- hls.js/1.5.12-0.canary.10386/hls.min.js.map.gz
- hls.js/1.5.12-0.canary.10386/hls.mjs.br
- hls.js/1.5.12-0.canary.10386/hls.mjs.gz
- hls.js/1.5.12-0.canary.10386/hls.mjs.map.br
- hls.js/1.5.12-0.canary.10386/hls.mjs.map.gz
- hls.js/1.5.12-0.canary.10386/hls.worker.js.br
- hls.js/1.5.12-0.canary.10386/hls.worker.js.gz
- hls.js/1.5.12-0.canary.10386/hls.worker.js.map.br
- hls.js/1.5.12-0.canary.10386/hls.worker.js.map.gz
- hls.js/1.5.12-0.canary.10386/hls.worker.min.js.br
- hls.js/1.5.12-0.canary.10386/hls.worker.min.js.gz
SRIs:
- hls.js/1.5.12-0.canary.10386/hls.js: sha512-1odLonM/dg59JBZfks/DtfydcROeFS7rnSyk3ndz+lNaxewWP/vp880td1jchNm6vTtnTGkKz9wLvWJ2GGYx/w==
- hls.js/1.5.12-0.canary.10386/hls.light.js: sha512-3CDs9KhLjD0aZAABAl84d9267yymY7nOgmaYKAbtXkZVicp6O5Ye0n2jt1nCjYm/kwSzo0KauUU2vuX7amzelg==
- hls.js/1.5.12-0.canary.10386/hls.light.min.js: sha512-AkE/LGMRh5dhocCd/SfAQy2bG2dArbHpApHGMVIn8tg7LcBsSliL850+VXa2BBVZzy5K5V0qyC5r/3mpMtOXPw==
- hls.js/1.5.12-0.canary.10386/hls.min.js: sha512-VKwgoGt5lHNS53RYGQ18Cte3keaKsFj8ynD2DpqRVyU6fZNlSx9wRy99rxy39Ja9v6dmDvXl90f11dl0Jz4UaA==
- hls.js/1.5.12-0.canary.10386/hls.worker.js: sha512-EV5YAsnyIi0IVWK0rC9BciJ71OFnaEQQfO4TJP5u8BBBTFFEWRPIyBN8EfqX4FJpKpPA0+lCcxA90owEcViFUg==
- hls.js/1.5.12-0.canary.10386/hls.worker.min.js: sha512-fhigyoS8DdHKWMwyNzTvKycFQXWr8+SuyC3fvRiAxPoIZvAzQp3fAsxMVUiAk/bOCPNfUM0qolDSLD23r+wynw==
