config: {"authors":[{"name":"Google Inc."}],"autoupdate":{"source":"npm","target":"@fontsource/eb-garamond","fileMap":[{"basePath":"","files":["*.css","files/*.@(woff|woff2)"]}],"excludeFromSearch":true},"description":"Self-host the EB Garamond font in a neatly bundled NPM package.","filename":"index.css","homepage":"https://fontsource.org/fonts/eb-garamond","keywords":["fontsource","font","font family","google fonts","eb-garamond","EB Garamond","css","sass","front-end","web","typeface","variable"],"license":"OFL-1.1","name":"fontsource-eb-garamond","repository":{"type":"git","url":"git+https://github.com/fontsource/font-files.git"},"author":"Google Inc."}
KV keys:
- fontsource-eb-garamond/5.0.12/400-italic.css.br
- fontsource-eb-garamond/5.0.12/400-italic.css.gz
- fontsource-eb-garamond/5.0.12/400-italic.min.css.br
- fontsource-eb-garamond/5.0.12/400-italic.min.css.gz
- fontsource-eb-garamond/5.0.12/400.css.br
- fontsource-eb-garamond/5.0.12/400.css.gz
- fontsource-eb-garamond/5.0.12/400.min.css.br
- fontsource-eb-garamond/5.0.12/400.min.css.gz
- fontsource-eb-garamond/5.0.12/500-italic.css.br
- fontsource-eb-garamond/5.0.12/500-italic.css.gz
- fontsource-eb-garamond/5.0.12/500-italic.min.css.br
- fontsource-eb-garamond/5.0.12/500-italic.min.css.gz
- fontsource-eb-garamond/5.0.12/500.css.br
- fontsource-eb-garamond/5.0.12/500.css.gz
- fontsource-eb-garamond/5.0.12/500.min.css.br
- fontsource-eb-garamond/5.0.12/500.min.css.gz
- fontsource-eb-garamond/5.0.12/600-italic.css.br
- fontsource-eb-garamond/5.0.12/600-italic.css.gz
- fontsource-eb-garamond/5.0.12/600-italic.min.css.br
- fontsource-eb-garamond/5.0.12/600-italic.min.css.gz
- fontsource-eb-garamond/5.0.12/600.css.br
- fontsource-eb-garamond/5.0.12/600.css.gz
- fontsource-eb-garamond/5.0.12/600.min.css.br
- fontsource-eb-garamond/5.0.12/600.min.css.gz
- fontsource-eb-garamond/5.0.12/700-italic.css.br
- fontsource-eb-garamond/5.0.12/700-italic.css.gz
- fontsource-eb-garamond/5.0.12/700-italic.min.css.br
- fontsource-eb-garamond/5.0.12/700-italic.min.css.gz
- fontsource-eb-garamond/5.0.12/700.css.br
- fontsource-eb-garamond/5.0.12/700.css.gz
- fontsource-eb-garamond/5.0.12/700.min.css.br
- fontsource-eb-garamond/5.0.12/700.min.css.gz
- fontsource-eb-garamond/5.0.12/800-italic.css.br
- fontsource-eb-garamond/5.0.12/800-italic.css.gz
- fontsource-eb-garamond/5.0.12/800-italic.min.css.br
- fontsource-eb-garamond/5.0.12/800-italic.min.css.gz
- fontsource-eb-garamond/5.0.12/800.css.br
- fontsource-eb-garamond/5.0.12/800.css.gz
- fontsource-eb-garamond/5.0.12/800.min.css.br
- fontsource-eb-garamond/5.0.12/800.min.css.gz
- fontsource-eb-garamond/5.0.12/cyrillic-400-italic.css.br
- fontsource-eb-garamond/5.0.12/cyrillic-400-italic.css.gz
- fontsource-eb-garamond/5.0.12/cyrillic-400-italic.min.css.br
- fontsource-eb-garamond/5.0.12/cyrillic-400-italic.min.css.gz
- fontsource-eb-garamond/5.0.12/cyrillic-400.css.br
- fontsource-eb-garamond/5.0.12/cyrillic-400.css.gz
- fontsource-eb-garamond/5.0.12/cyrillic-400.min.css.br
- fontsource-eb-garamond/5.0.12/cyrillic-400.min.css.gz
- fontsource-eb-garamond/5.0.12/cyrillic-500-italic.css.br
- fontsource-eb-garamond/5.0.12/cyrillic-500-italic.css.gz
- fontsource-eb-garamond/5.0.12/cyrillic-500-italic.min.css.br
- fontsource-eb-garamond/5.0.12/cyrillic-500-italic.min.css.gz
- fontsource-eb-garamond/5.0.12/cyrillic-500.css.br
- fontsource-eb-garamond/5.0.12/cyrillic-500.css.gz
- fontsource-eb-garamond/5.0.12/cyrillic-500.min.css.br
- fontsource-eb-garamond/5.0.12/cyrillic-500.min.css.gz
- fontsource-eb-garamond/5.0.12/cyrillic-600-italic.css.br
- fontsource-eb-garamond/5.0.12/cyrillic-600-italic.css.gz
- fontsource-eb-garamond/5.0.12/cyrillic-600-italic.min.css.br
- fontsource-eb-garamond/5.0.12/cyrillic-600-italic.min.css.gz
- fontsource-eb-garamond/5.0.12/cyrillic-600.css.br
- fontsource-eb-garamond/5.0.12/cyrillic-600.css.gz
- fontsource-eb-garamond/5.0.12/cyrillic-600.min.css.br
- fontsource-eb-garamond/5.0.12/cyrillic-600.min.css.gz
- fontsource-eb-garamond/5.0.12/cyrillic-700-italic.css.br
- fontsource-eb-garamond/5.0.12/cyrillic-700-italic.css.gz
- fontsource-eb-garamond/5.0.12/cyrillic-700-italic.min.css.br
- fontsource-eb-garamond/5.0.12/cyrillic-700-italic.min.css.gz
- fontsource-eb-garamond/5.0.12/cyrillic-700.css.br
- fontsource-eb-garamond/5.0.12/cyrillic-700.css.gz
- fontsource-eb-garamond/5.0.12/cyrillic-700.min.css.br
- fontsource-eb-garamond/5.0.12/cyrillic-700.min.css.gz
- fontsource-eb-garamond/5.0.12/cyrillic-800-italic.css.br
- fontsource-eb-garamond/5.0.12/cyrillic-800-italic.css.gz
- fontsource-eb-garamond/5.0.12/cyrillic-800-italic.min.css.br
- fontsource-eb-garamond/5.0.12/cyrillic-800-italic.min.css.gz
- fontsource-eb-garamond/5.0.12/cyrillic-800.css.br
- fontsource-eb-garamond/5.0.12/cyrillic-800.css.gz
- fontsource-eb-garamond/5.0.12/cyrillic-800.min.css.br
- fontsource-eb-garamond/5.0.12/cyrillic-800.min.css.gz
- fontsource-eb-garamond/5.0.12/cyrillic-ext-400-italic.css.br
- fontsource-eb-garamond/5.0.12/cyrillic-ext-400-italic.css.gz
- fontsource-eb-garamond/5.0.12/cyrillic-ext-400-italic.min.css.br
- fontsource-eb-garamond/5.0.12/cyrillic-ext-400-italic.min.css.gz
- fontsource-eb-garamond/5.0.12/cyrillic-ext-400.css.br
- fontsource-eb-garamond/5.0.12/cyrillic-ext-400.css.gz
- fontsource-eb-garamond/5.0.12/cyrillic-ext-400.min.css.br
- fontsource-eb-garamond/5.0.12/cyrillic-ext-400.min.css.gz
- fontsource-eb-garamond/5.0.12/cyrillic-ext-500-italic.css.br
- fontsource-eb-garamond/5.0.12/cyrillic-ext-500-italic.css.gz
- fontsource-eb-garamond/5.0.12/cyrillic-ext-500-italic.min.css.br
- fontsource-eb-garamond/5.0.12/cyrillic-ext-500-italic.min.css.gz
- fontsource-eb-garamond/5.0.12/cyrillic-ext-500.css.br
- fontsource-eb-garamond/5.0.12/cyrillic-ext-500.css.gz
- fontsource-eb-garamond/5.0.12/cyrillic-ext-500.min.css.br
- fontsource-eb-garamond/5.0.12/cyrillic-ext-500.min.css.gz
- fontsource-eb-garamond/5.0.12/cyrillic-ext-600-italic.css.br
- fontsource-eb-garamond/5.0.12/cyrillic-ext-600-italic.css.gz
- fontsource-eb-garamond/5.0.12/cyrillic-ext-600-italic.min.css.br
- fontsource-eb-garamond/5.0.12/cyrillic-ext-600-italic.min.css.gz
- fontsource-eb-garamond/5.0.12/cyrillic-ext-600.css.br
- fontsource-eb-garamond/5.0.12/cyrillic-ext-600.css.gz
- fontsource-eb-garamond/5.0.12/cyrillic-ext-600.min.css.br
- fontsource-eb-garamond/5.0.12/cyrillic-ext-600.min.css.gz
- fontsource-eb-garamond/5.0.12/cyrillic-ext-700-italic.css.br
- fontsource-eb-garamond/5.0.12/cyrillic-ext-700-italic.css.gz
- fontsource-eb-garamond/5.0.12/cyrillic-ext-700-italic.min.css.br
- fontsource-eb-garamond/5.0.12/cyrillic-ext-700-italic.min.css.gz
- fontsource-eb-garamond/5.0.12/cyrillic-ext-700.css.br
- fontsource-eb-garamond/5.0.12/cyrillic-ext-700.css.gz
- fontsource-eb-garamond/5.0.12/cyrillic-ext-700.min.css.br
- fontsource-eb-garamond/5.0.12/cyrillic-ext-700.min.css.gz
- fontsource-eb-garamond/5.0.12/cyrillic-ext-800-italic.css.br
- fontsource-eb-garamond/5.0.12/cyrillic-ext-800-italic.css.gz
- fontsource-eb-garamond/5.0.12/cyrillic-ext-800-italic.min.css.br
- fontsource-eb-garamond/5.0.12/cyrillic-ext-800-italic.min.css.gz
- fontsource-eb-garamond/5.0.12/cyrillic-ext-800.css.br
- fontsource-eb-garamond/5.0.12/cyrillic-ext-800.css.gz
- fontsource-eb-garamond/5.0.12/cyrillic-ext-800.min.css.br
- fontsource-eb-garamond/5.0.12/cyrillic-ext-800.min.css.gz
- fontsource-eb-garamond/5.0.12/cyrillic-ext-italic.css.br
- fontsource-eb-garamond/5.0.12/cyrillic-ext-italic.css.gz
- fontsource-eb-garamond/5.0.12/cyrillic-ext-italic.min.css.br
- fontsource-eb-garamond/5.0.12/cyrillic-ext-italic.min.css.gz
- fontsource-eb-garamond/5.0.12/cyrillic-ext.css.br
- fontsource-eb-garamond/5.0.12/cyrillic-ext.css.gz
- fontsource-eb-garamond/5.0.12/cyrillic-ext.min.css.br
- fontsource-eb-garamond/5.0.12/cyrillic-ext.min.css.gz
- fontsource-eb-garamond/5.0.12/cyrillic-italic.css.br
- fontsource-eb-garamond/5.0.12/cyrillic-italic.css.gz
- fontsource-eb-garamond/5.0.12/cyrillic-italic.min.css.br
- fontsource-eb-garamond/5.0.12/cyrillic-italic.min.css.gz
- fontsource-eb-garamond/5.0.12/cyrillic.css.br
- fontsource-eb-garamond/5.0.12/cyrillic.css.gz
- fontsource-eb-garamond/5.0.12/cyrillic.min.css.br
- fontsource-eb-garamond/5.0.12/cyrillic.min.css.gz
- fontsource-eb-garamond/5.0.12/files/eb-garamond-cyrillic-400-italic.woff.br
- fontsource-eb-garamond/5.0.12/files/eb-garamond-cyrillic-400-italic.woff.gz
- fontsource-eb-garamond/5.0.12/files/eb-garamond-cyrillic-400-italic.woff2
- fontsource-eb-garamond/5.0.12/files/eb-garamond-cyrillic-400-normal.woff.br
- fontsource-eb-garamond/5.0.12/files/eb-garamond-cyrillic-400-normal.woff.gz
- fontsource-eb-garamond/5.0.12/files/eb-garamond-cyrillic-400-normal.woff2
- fontsource-eb-garamond/5.0.12/files/eb-garamond-cyrillic-500-italic.woff.br
- fontsource-eb-garamond/5.0.12/files/eb-garamond-cyrillic-500-italic.woff.gz
- fontsource-eb-garamond/5.0.12/files/eb-garamond-cyrillic-500-italic.woff2
- fontsource-eb-garamond/5.0.12/files/eb-garamond-cyrillic-500-normal.woff.br
- fontsource-eb-garamond/5.0.12/files/eb-garamond-cyrillic-500-normal.woff.gz
- fontsource-eb-garamond/5.0.12/files/eb-garamond-cyrillic-500-normal.woff2
- fontsource-eb-garamond/5.0.12/files/eb-garamond-cyrillic-600-italic.woff.br
- fontsource-eb-garamond/5.0.12/files/eb-garamond-cyrillic-600-italic.woff.gz
- fontsource-eb-garamond/5.0.12/files/eb-garamond-cyrillic-600-italic.woff2
- fontsource-eb-garamond/5.0.12/files/eb-garamond-cyrillic-600-normal.woff.br
- fontsource-eb-garamond/5.0.12/files/eb-garamond-cyrillic-600-normal.woff.gz
- fontsource-eb-garamond/5.0.12/files/eb-garamond-cyrillic-600-normal.woff2
- fontsource-eb-garamond/5.0.12/files/eb-garamond-cyrillic-700-italic.woff.br
- fontsource-eb-garamond/5.0.12/files/eb-garamond-cyrillic-700-italic.woff.gz
- fontsource-eb-garamond/5.0.12/files/eb-garamond-cyrillic-700-italic.woff2
- fontsource-eb-garamond/5.0.12/files/eb-garamond-cyrillic-700-normal.woff.br
- fontsource-eb-garamond/5.0.12/files/eb-garamond-cyrillic-700-normal.woff.gz
- fontsource-eb-garamond/5.0.12/files/eb-garamond-cyrillic-700-normal.woff2
- fontsource-eb-garamond/5.0.12/files/eb-garamond-cyrillic-800-italic.woff.br
- fontsource-eb-garamond/5.0.12/files/eb-garamond-cyrillic-800-italic.woff.gz
- fontsource-eb-garamond/5.0.12/files/eb-garamond-cyrillic-800-italic.woff2
- fontsource-eb-garamond/5.0.12/files/eb-garamond-cyrillic-800-normal.woff.br
- fontsource-eb-garamond/5.0.12/files/eb-garamond-cyrillic-800-normal.woff.gz
- fontsource-eb-garamond/5.0.12/files/eb-garamond-cyrillic-800-normal.woff2
- fontsource-eb-garamond/5.0.12/files/eb-garamond-cyrillic-ext-400-italic.woff.br
- fontsource-eb-garamond/5.0.12/files/eb-garamond-cyrillic-ext-400-italic.woff.gz
- fontsource-eb-garamond/5.0.12/files/eb-garamond-cyrillic-ext-400-italic.woff2
- fontsource-eb-garamond/5.0.12/files/eb-garamond-cyrillic-ext-400-normal.woff.br
- fontsource-eb-garamond/5.0.12/files/eb-garamond-cyrillic-ext-400-normal.woff.gz
- fontsource-eb-garamond/5.0.12/files/eb-garamond-cyrillic-ext-400-normal.woff2
- fontsource-eb-garamond/5.0.12/files/eb-garamond-cyrillic-ext-500-italic.woff.br
- fontsource-eb-garamond/5.0.12/files/eb-garamond-cyrillic-ext-500-italic.woff.gz
- fontsource-eb-garamond/5.0.12/files/eb-garamond-cyrillic-ext-500-italic.woff2
- fontsource-eb-garamond/5.0.12/files/eb-garamond-cyrillic-ext-500-normal.woff.br
- fontsource-eb-garamond/5.0.12/files/eb-garamond-cyrillic-ext-500-normal.woff.gz
- fontsource-eb-garamond/5.0.12/files/eb-garamond-cyrillic-ext-500-normal.woff2
- fontsource-eb-garamond/5.0.12/files/eb-garamond-cyrillic-ext-600-italic.woff.br
- fontsource-eb-garamond/5.0.12/files/eb-garamond-cyrillic-ext-600-italic.woff.gz
- fontsource-eb-garamond/5.0.12/files/eb-garamond-cyrillic-ext-600-italic.woff2
- fontsource-eb-garamond/5.0.12/files/eb-garamond-cyrillic-ext-600-normal.woff.br
- fontsource-eb-garamond/5.0.12/files/eb-garamond-cyrillic-ext-600-normal.woff.gz
- fontsource-eb-garamond/5.0.12/files/eb-garamond-cyrillic-ext-600-normal.woff2
- fontsource-eb-garamond/5.0.12/files/eb-garamond-cyrillic-ext-700-italic.woff.br
- fontsource-eb-garamond/5.0.12/files/eb-garamond-cyrillic-ext-700-italic.woff.gz
- fontsource-eb-garamond/5.0.12/files/eb-garamond-cyrillic-ext-700-italic.woff2
- fontsource-eb-garamond/5.0.12/files/eb-garamond-cyrillic-ext-700-normal.woff.br
- fontsource-eb-garamond/5.0.12/files/eb-garamond-cyrillic-ext-700-normal.woff.gz
- fontsource-eb-garamond/5.0.12/files/eb-garamond-cyrillic-ext-700-normal.woff2
- fontsource-eb-garamond/5.0.12/files/eb-garamond-cyrillic-ext-800-italic.woff.br
- fontsource-eb-garamond/5.0.12/files/eb-garamond-cyrillic-ext-800-italic.woff.gz
- fontsource-eb-garamond/5.0.12/files/eb-garamond-cyrillic-ext-800-italic.woff2
- fontsource-eb-garamond/5.0.12/files/eb-garamond-cyrillic-ext-800-normal.woff.br
- fontsource-eb-garamond/5.0.12/files/eb-garamond-cyrillic-ext-800-normal.woff.gz
- fontsource-eb-garamond/5.0.12/files/eb-garamond-cyrillic-ext-800-normal.woff2
- fontsource-eb-garamond/5.0.12/files/eb-garamond-greek-400-italic.woff.br
- fontsource-eb-garamond/5.0.12/files/eb-garamond-greek-400-italic.woff.gz
- fontsource-eb-garamond/5.0.12/files/eb-garamond-greek-400-italic.woff2
- fontsource-eb-garamond/5.0.12/files/eb-garamond-greek-400-normal.woff.br
- fontsource-eb-garamond/5.0.12/files/eb-garamond-greek-400-normal.woff.gz
- fontsource-eb-garamond/5.0.12/files/eb-garamond-greek-400-normal.woff2
- fontsource-eb-garamond/5.0.12/files/eb-garamond-greek-500-italic.woff.br
- fontsource-eb-garamond/5.0.12/files/eb-garamond-greek-500-italic.woff.gz
- fontsource-eb-garamond/5.0.12/files/eb-garamond-greek-500-italic.woff2
- fontsource-eb-garamond/5.0.12/files/eb-garamond-greek-500-normal.woff.br
- fontsource-eb-garamond/5.0.12/files/eb-garamond-greek-500-normal.woff.gz
- fontsource-eb-garamond/5.0.12/files/eb-garamond-greek-500-normal.woff2
- fontsource-eb-garamond/5.0.12/files/eb-garamond-greek-600-italic.woff.br
- fontsource-eb-garamond/5.0.12/files/eb-garamond-greek-600-italic.woff.gz
- fontsource-eb-garamond/5.0.12/files/eb-garamond-greek-600-italic.woff2
- fontsource-eb-garamond/5.0.12/files/eb-garamond-greek-600-normal.woff.br
- fontsource-eb-garamond/5.0.12/files/eb-garamond-greek-600-normal.woff.gz
- fontsource-eb-garamond/5.0.12/files/eb-garamond-greek-600-normal.woff2
- fontsource-eb-garamond/5.0.12/files/eb-garamond-greek-700-italic.woff.br
- fontsource-eb-garamond/5.0.12/files/eb-garamond-greek-700-italic.woff.gz
- fontsource-eb-garamond/5.0.12/files/eb-garamond-greek-700-italic.woff2
- fontsource-eb-garamond/5.0.12/files/eb-garamond-greek-700-normal.woff.br
- fontsource-eb-garamond/5.0.12/files/eb-garamond-greek-700-normal.woff.gz
- fontsource-eb-garamond/5.0.12/files/eb-garamond-greek-700-normal.woff2
- fontsource-eb-garamond/5.0.12/files/eb-garamond-greek-800-italic.woff.br
- fontsource-eb-garamond/5.0.12/files/eb-garamond-greek-800-italic.woff.gz
- fontsource-eb-garamond/5.0.12/files/eb-garamond-greek-800-italic.woff2
- fontsource-eb-garamond/5.0.12/files/eb-garamond-greek-800-normal.woff.br
- fontsource-eb-garamond/5.0.12/files/eb-garamond-greek-800-normal.woff.gz
- fontsource-eb-garamond/5.0.12/files/eb-garamond-greek-800-normal.woff2
- fontsource-eb-garamond/5.0.12/files/eb-garamond-greek-ext-400-italic.woff.br
- fontsource-eb-garamond/5.0.12/files/eb-garamond-greek-ext-400-italic.woff.gz
- fontsource-eb-garamond/5.0.12/files/eb-garamond-greek-ext-400-italic.woff2
- fontsource-eb-garamond/5.0.12/files/eb-garamond-greek-ext-400-normal.woff.br
- fontsource-eb-garamond/5.0.12/files/eb-garamond-greek-ext-400-normal.woff.gz
- fontsource-eb-garamond/5.0.12/files/eb-garamond-greek-ext-400-normal.woff2
- fontsource-eb-garamond/5.0.12/files/eb-garamond-greek-ext-500-italic.woff.br
- fontsource-eb-garamond/5.0.12/files/eb-garamond-greek-ext-500-italic.woff.gz
- fontsource-eb-garamond/5.0.12/files/eb-garamond-greek-ext-500-italic.woff2
- fontsource-eb-garamond/5.0.12/files/eb-garamond-greek-ext-500-normal.woff.br
- fontsource-eb-garamond/5.0.12/files/eb-garamond-greek-ext-500-normal.woff.gz
- fontsource-eb-garamond/5.0.12/files/eb-garamond-greek-ext-500-normal.woff2
- fontsource-eb-garamond/5.0.12/files/eb-garamond-greek-ext-600-italic.woff.br
- fontsource-eb-garamond/5.0.12/files/eb-garamond-greek-ext-600-italic.woff.gz
- fontsource-eb-garamond/5.0.12/files/eb-garamond-greek-ext-600-italic.woff2
- fontsource-eb-garamond/5.0.12/files/eb-garamond-greek-ext-600-normal.woff.br
- fontsource-eb-garamond/5.0.12/files/eb-garamond-greek-ext-600-normal.woff.gz
- fontsource-eb-garamond/5.0.12/files/eb-garamond-greek-ext-600-normal.woff2
- fontsource-eb-garamond/5.0.12/files/eb-garamond-greek-ext-700-italic.woff.br
- fontsource-eb-garamond/5.0.12/files/eb-garamond-greek-ext-700-italic.woff.gz
- fontsource-eb-garamond/5.0.12/files/eb-garamond-greek-ext-700-italic.woff2
- fontsource-eb-garamond/5.0.12/files/eb-garamond-greek-ext-700-normal.woff.br
- fontsource-eb-garamond/5.0.12/files/eb-garamond-greek-ext-700-normal.woff.gz
- fontsource-eb-garamond/5.0.12/files/eb-garamond-greek-ext-700-normal.woff2
- fontsource-eb-garamond/5.0.12/files/eb-garamond-greek-ext-800-italic.woff.br
- fontsource-eb-garamond/5.0.12/files/eb-garamond-greek-ext-800-italic.woff.gz
- fontsource-eb-garamond/5.0.12/files/eb-garamond-greek-ext-800-italic.woff2
- fontsource-eb-garamond/5.0.12/files/eb-garamond-greek-ext-800-normal.woff.br
- fontsource-eb-garamond/5.0.12/files/eb-garamond-greek-ext-800-normal.woff.gz
- fontsource-eb-garamond/5.0.12/files/eb-garamond-greek-ext-800-normal.woff2
- fontsource-eb-garamond/5.0.12/files/eb-garamond-latin-400-italic.woff.br
- fontsource-eb-garamond/5.0.12/files/eb-garamond-latin-400-italic.woff.gz
- fontsource-eb-garamond/5.0.12/files/eb-garamond-latin-400-italic.woff2
- fontsource-eb-garamond/5.0.12/files/eb-garamond-latin-400-normal.woff.br
- fontsource-eb-garamond/5.0.12/files/eb-garamond-latin-400-normal.woff.gz
- fontsource-eb-garamond/5.0.12/files/eb-garamond-latin-400-normal.woff2
- fontsource-eb-garamond/5.0.12/files/eb-garamond-latin-500-italic.woff.br
- fontsource-eb-garamond/5.0.12/files/eb-garamond-latin-500-italic.woff.gz
- fontsource-eb-garamond/5.0.12/files/eb-garamond-latin-500-italic.woff2
- fontsource-eb-garamond/5.0.12/files/eb-garamond-latin-500-normal.woff.br
- fontsource-eb-garamond/5.0.12/files/eb-garamond-latin-500-normal.woff.gz
- fontsource-eb-garamond/5.0.12/files/eb-garamond-latin-500-normal.woff2
- fontsource-eb-garamond/5.0.12/files/eb-garamond-latin-600-italic.woff.br
- fontsource-eb-garamond/5.0.12/files/eb-garamond-latin-600-italic.woff.gz
- fontsource-eb-garamond/5.0.12/files/eb-garamond-latin-600-italic.woff2
- fontsource-eb-garamond/5.0.12/files/eb-garamond-latin-600-normal.woff.br
- fontsource-eb-garamond/5.0.12/files/eb-garamond-latin-600-normal.woff.gz
- fontsource-eb-garamond/5.0.12/files/eb-garamond-latin-600-normal.woff2
- fontsource-eb-garamond/5.0.12/files/eb-garamond-latin-700-italic.woff.br
- fontsource-eb-garamond/5.0.12/files/eb-garamond-latin-700-italic.woff.gz
- fontsource-eb-garamond/5.0.12/files/eb-garamond-latin-700-italic.woff2
- fontsource-eb-garamond/5.0.12/files/eb-garamond-latin-700-normal.woff.br
- fontsource-eb-garamond/5.0.12/files/eb-garamond-latin-700-normal.woff.gz
- fontsource-eb-garamond/5.0.12/files/eb-garamond-latin-700-normal.woff2
- fontsource-eb-garamond/5.0.12/files/eb-garamond-latin-800-italic.woff.br
- fontsource-eb-garamond/5.0.12/files/eb-garamond-latin-800-italic.woff.gz
- fontsource-eb-garamond/5.0.12/files/eb-garamond-latin-800-italic.woff2
- fontsource-eb-garamond/5.0.12/files/eb-garamond-latin-800-normal.woff.br
- fontsource-eb-garamond/5.0.12/files/eb-garamond-latin-800-normal.woff.gz
- fontsource-eb-garamond/5.0.12/files/eb-garamond-latin-800-normal.woff2
- fontsource-eb-garamond/5.0.12/files/eb-garamond-latin-ext-400-italic.woff.br
- fontsource-eb-garamond/5.0.12/files/eb-garamond-latin-ext-400-italic.woff.gz
- fontsource-eb-garamond/5.0.12/files/eb-garamond-latin-ext-400-italic.woff2
- fontsource-eb-garamond/5.0.12/files/eb-garamond-latin-ext-400-normal.woff.br
- fontsource-eb-garamond/5.0.12/files/eb-garamond-latin-ext-400-normal.woff.gz
- fontsource-eb-garamond/5.0.12/files/eb-garamond-latin-ext-400-normal.woff2
- fontsource-eb-garamond/5.0.12/files/eb-garamond-latin-ext-500-italic.woff.br
- fontsource-eb-garamond/5.0.12/files/eb-garamond-latin-ext-500-italic.woff.gz
- fontsource-eb-garamond/5.0.12/files/eb-garamond-latin-ext-500-italic.woff2
- fontsource-eb-garamond/5.0.12/files/eb-garamond-latin-ext-500-normal.woff.br
- fontsource-eb-garamond/5.0.12/files/eb-garamond-latin-ext-500-normal.woff.gz
- fontsource-eb-garamond/5.0.12/files/eb-garamond-latin-ext-500-normal.woff2
- fontsource-eb-garamond/5.0.12/files/eb-garamond-latin-ext-600-italic.woff.br
- fontsource-eb-garamond/5.0.12/files/eb-garamond-latin-ext-600-italic.woff.gz
- fontsource-eb-garamond/5.0.12/files/eb-garamond-latin-ext-600-italic.woff2
- fontsource-eb-garamond/5.0.12/files/eb-garamond-latin-ext-600-normal.woff.br
- fontsource-eb-garamond/5.0.12/files/eb-garamond-latin-ext-600-normal.woff.gz
- fontsource-eb-garamond/5.0.12/files/eb-garamond-latin-ext-600-normal.woff2
- fontsource-eb-garamond/5.0.12/files/eb-garamond-latin-ext-700-italic.woff.br
- fontsource-eb-garamond/5.0.12/files/eb-garamond-latin-ext-700-italic.woff.gz
- fontsource-eb-garamond/5.0.12/files/eb-garamond-latin-ext-700-italic.woff2
- fontsource-eb-garamond/5.0.12/files/eb-garamond-latin-ext-700-normal.woff.br
- fontsource-eb-garamond/5.0.12/files/eb-garamond-latin-ext-700-normal.woff.gz
- fontsource-eb-garamond/5.0.12/files/eb-garamond-latin-ext-700-normal.woff2
- fontsource-eb-garamond/5.0.12/files/eb-garamond-latin-ext-800-italic.woff.br
- fontsource-eb-garamond/5.0.12/files/eb-garamond-latin-ext-800-italic.woff.gz
- fontsource-eb-garamond/5.0.12/files/eb-garamond-latin-ext-800-italic.woff2
- fontsource-eb-garamond/5.0.12/files/eb-garamond-latin-ext-800-normal.woff.br
- fontsource-eb-garamond/5.0.12/files/eb-garamond-latin-ext-800-normal.woff.gz
- fontsource-eb-garamond/5.0.12/files/eb-garamond-latin-ext-800-normal.woff2
- fontsource-eb-garamond/5.0.12/files/eb-garamond-vietnamese-400-italic.woff.br
- fontsource-eb-garamond/5.0.12/files/eb-garamond-vietnamese-400-italic.woff.gz
- fontsource-eb-garamond/5.0.12/files/eb-garamond-vietnamese-400-italic.woff2
- fontsource-eb-garamond/5.0.12/files/eb-garamond-vietnamese-400-normal.woff.br
- fontsource-eb-garamond/5.0.12/files/eb-garamond-vietnamese-400-normal.woff.gz
- fontsource-eb-garamond/5.0.12/files/eb-garamond-vietnamese-400-normal.woff2
- fontsource-eb-garamond/5.0.12/files/eb-garamond-vietnamese-500-italic.woff.br
- fontsource-eb-garamond/5.0.12/files/eb-garamond-vietnamese-500-italic.woff.gz
- fontsource-eb-garamond/5.0.12/files/eb-garamond-vietnamese-500-italic.woff2
- fontsource-eb-garamond/5.0.12/files/eb-garamond-vietnamese-500-normal.woff.br
- fontsource-eb-garamond/5.0.12/files/eb-garamond-vietnamese-500-normal.woff.gz
- fontsource-eb-garamond/5.0.12/files/eb-garamond-vietnamese-500-normal.woff2
- fontsource-eb-garamond/5.0.12/files/eb-garamond-vietnamese-600-italic.woff.br
- fontsource-eb-garamond/5.0.12/files/eb-garamond-vietnamese-600-italic.woff.gz
- fontsource-eb-garamond/5.0.12/files/eb-garamond-vietnamese-600-italic.woff2
- fontsource-eb-garamond/5.0.12/files/eb-garamond-vietnamese-600-normal.woff.br
- fontsource-eb-garamond/5.0.12/files/eb-garamond-vietnamese-600-normal.woff.gz
- fontsource-eb-garamond/5.0.12/files/eb-garamond-vietnamese-600-normal.woff2
- fontsource-eb-garamond/5.0.12/files/eb-garamond-vietnamese-700-italic.woff.br
- fontsource-eb-garamond/5.0.12/files/eb-garamond-vietnamese-700-italic.woff.gz
- fontsource-eb-garamond/5.0.12/files/eb-garamond-vietnamese-700-italic.woff2
- fontsource-eb-garamond/5.0.12/files/eb-garamond-vietnamese-700-normal.woff.br
- fontsource-eb-garamond/5.0.12/files/eb-garamond-vietnamese-700-normal.woff.gz
- fontsource-eb-garamond/5.0.12/files/eb-garamond-vietnamese-700-normal.woff2
- fontsource-eb-garamond/5.0.12/files/eb-garamond-vietnamese-800-italic.woff.br
- fontsource-eb-garamond/5.0.12/files/eb-garamond-vietnamese-800-italic.woff.gz
- fontsource-eb-garamond/5.0.12/files/eb-garamond-vietnamese-800-italic.woff2
- fontsource-eb-garamond/5.0.12/files/eb-garamond-vietnamese-800-normal.woff.br
- fontsource-eb-garamond/5.0.12/files/eb-garamond-vietnamese-800-normal.woff.gz
- fontsource-eb-garamond/5.0.12/files/eb-garamond-vietnamese-800-normal.woff2
- fontsource-eb-garamond/5.0.12/greek-400-italic.css.br
- fontsource-eb-garamond/5.0.12/greek-400-italic.css.gz
- fontsource-eb-garamond/5.0.12/greek-400-italic.min.css.br
- fontsource-eb-garamond/5.0.12/greek-400-italic.min.css.gz
- fontsource-eb-garamond/5.0.12/greek-400.css.br
- fontsource-eb-garamond/5.0.12/greek-400.css.gz
- fontsource-eb-garamond/5.0.12/greek-400.min.css.br
- fontsource-eb-garamond/5.0.12/greek-400.min.css.gz
- fontsource-eb-garamond/5.0.12/greek-500-italic.css.br
- fontsource-eb-garamond/5.0.12/greek-500-italic.css.gz
- fontsource-eb-garamond/5.0.12/greek-500-italic.min.css.br
- fontsource-eb-garamond/5.0.12/greek-500-italic.min.css.gz
- fontsource-eb-garamond/5.0.12/greek-500.css.br
- fontsource-eb-garamond/5.0.12/greek-500.css.gz
- fontsource-eb-garamond/5.0.12/greek-500.min.css.br
- fontsource-eb-garamond/5.0.12/greek-500.min.css.gz
- fontsource-eb-garamond/5.0.12/greek-600-italic.css.br
- fontsource-eb-garamond/5.0.12/greek-600-italic.css.gz
- fontsource-eb-garamond/5.0.12/greek-600-italic.min.css.br
- fontsource-eb-garamond/5.0.12/greek-600-italic.min.css.gz
- fontsource-eb-garamond/5.0.12/greek-600.css.br
- fontsource-eb-garamond/5.0.12/greek-600.css.gz
- fontsource-eb-garamond/5.0.12/greek-600.min.css.br
- fontsource-eb-garamond/5.0.12/greek-600.min.css.gz
- fontsource-eb-garamond/5.0.12/greek-700-italic.css.br
- fontsource-eb-garamond/5.0.12/greek-700-italic.css.gz
- fontsource-eb-garamond/5.0.12/greek-700-italic.min.css.br
- fontsource-eb-garamond/5.0.12/greek-700-italic.min.css.gz
- fontsource-eb-garamond/5.0.12/greek-700.css.br
- fontsource-eb-garamond/5.0.12/greek-700.css.gz
- fontsource-eb-garamond/5.0.12/greek-700.min.css.br
- fontsource-eb-garamond/5.0.12/greek-700.min.css.gz
- fontsource-eb-garamond/5.0.12/greek-800-italic.css.br
- fontsource-eb-garamond/5.0.12/greek-800-italic.css.gz
- fontsource-eb-garamond/5.0.12/greek-800-italic.min.css.br
- fontsource-eb-garamond/5.0.12/greek-800-italic.min.css.gz
- fontsource-eb-garamond/5.0.12/greek-800.css.br
- fontsource-eb-garamond/5.0.12/greek-800.css.gz
- fontsource-eb-garamond/5.0.12/greek-800.min.css.br
- fontsource-eb-garamond/5.0.12/greek-800.min.css.gz
- fontsource-eb-garamond/5.0.12/greek-ext-400-italic.css.br
- fontsource-eb-garamond/5.0.12/greek-ext-400-italic.css.gz
- fontsource-eb-garamond/5.0.12/greek-ext-400-italic.min.css.br
- fontsource-eb-garamond/5.0.12/greek-ext-400-italic.min.css.gz
- fontsource-eb-garamond/5.0.12/greek-ext-400.css.br
- fontsource-eb-garamond/5.0.12/greek-ext-400.css.gz
- fontsource-eb-garamond/5.0.12/greek-ext-400.min.css.br
- fontsource-eb-garamond/5.0.12/greek-ext-400.min.css.gz
- fontsource-eb-garamond/5.0.12/greek-ext-500-italic.css.br
- fontsource-eb-garamond/5.0.12/greek-ext-500-italic.css.gz
- fontsource-eb-garamond/5.0.12/greek-ext-500-italic.min.css.br
- fontsource-eb-garamond/5.0.12/greek-ext-500-italic.min.css.gz
- fontsource-eb-garamond/5.0.12/greek-ext-500.css.br
- fontsource-eb-garamond/5.0.12/greek-ext-500.css.gz
- fontsource-eb-garamond/5.0.12/greek-ext-500.min.css.br
- fontsource-eb-garamond/5.0.12/greek-ext-500.min.css.gz
- fontsource-eb-garamond/5.0.12/greek-ext-600-italic.css.br
- fontsource-eb-garamond/5.0.12/greek-ext-600-italic.css.gz
- fontsource-eb-garamond/5.0.12/greek-ext-600-italic.min.css.br
- fontsource-eb-garamond/5.0.12/greek-ext-600-italic.min.css.gz
- fontsource-eb-garamond/5.0.12/greek-ext-600.css.br
- fontsource-eb-garamond/5.0.12/greek-ext-600.css.gz
- fontsource-eb-garamond/5.0.12/greek-ext-600.min.css.br
- fontsource-eb-garamond/5.0.12/greek-ext-600.min.css.gz
- fontsource-eb-garamond/5.0.12/greek-ext-700-italic.css.br
- fontsource-eb-garamond/5.0.12/greek-ext-700-italic.css.gz
- fontsource-eb-garamond/5.0.12/greek-ext-700-italic.min.css.br
- fontsource-eb-garamond/5.0.12/greek-ext-700-italic.min.css.gz
- fontsource-eb-garamond/5.0.12/greek-ext-700.css.br
- fontsource-eb-garamond/5.0.12/greek-ext-700.css.gz
- fontsource-eb-garamond/5.0.12/greek-ext-700.min.css.br
- fontsource-eb-garamond/5.0.12/greek-ext-700.min.css.gz
- fontsource-eb-garamond/5.0.12/greek-ext-800-italic.css.br
- fontsource-eb-garamond/5.0.12/greek-ext-800-italic.css.gz
- fontsource-eb-garamond/5.0.12/greek-ext-800-italic.min.css.br
- fontsource-eb-garamond/5.0.12/greek-ext-800-italic.min.css.gz
- fontsource-eb-garamond/5.0.12/greek-ext-800.css.br
- fontsource-eb-garamond/5.0.12/greek-ext-800.css.gz
- fontsource-eb-garamond/5.0.12/greek-ext-800.min.css.br
- fontsource-eb-garamond/5.0.12/greek-ext-800.min.css.gz
- fontsource-eb-garamond/5.0.12/greek-ext-italic.css.br
- fontsource-eb-garamond/5.0.12/greek-ext-italic.css.gz
- fontsource-eb-garamond/5.0.12/greek-ext-italic.min.css.br
- fontsource-eb-garamond/5.0.12/greek-ext-italic.min.css.gz
- fontsource-eb-garamond/5.0.12/greek-ext.css.br
- fontsource-eb-garamond/5.0.12/greek-ext.css.gz
- fontsource-eb-garamond/5.0.12/greek-ext.min.css.br
- fontsource-eb-garamond/5.0.12/greek-ext.min.css.gz
- fontsource-eb-garamond/5.0.12/greek-italic.css.br
- fontsource-eb-garamond/5.0.12/greek-italic.css.gz
- fontsource-eb-garamond/5.0.12/greek-italic.min.css.br
- fontsource-eb-garamond/5.0.12/greek-italic.min.css.gz
- fontsource-eb-garamond/5.0.12/greek.css.br
- fontsource-eb-garamond/5.0.12/greek.css.gz
- fontsource-eb-garamond/5.0.12/greek.min.css.br
- fontsource-eb-garamond/5.0.12/greek.min.css.gz
- fontsource-eb-garamond/5.0.12/index.css.br
- fontsource-eb-garamond/5.0.12/index.css.gz
- fontsource-eb-garamond/5.0.12/index.min.css.br
- fontsource-eb-garamond/5.0.12/index.min.css.gz
- fontsource-eb-garamond/5.0.12/latin-400-italic.css.br
- fontsource-eb-garamond/5.0.12/latin-400-italic.css.gz
- fontsource-eb-garamond/5.0.12/latin-400-italic.min.css.br
- fontsource-eb-garamond/5.0.12/latin-400-italic.min.css.gz
- fontsource-eb-garamond/5.0.12/latin-400.css.br
- fontsource-eb-garamond/5.0.12/latin-400.css.gz
- fontsource-eb-garamond/5.0.12/latin-400.min.css.br
- fontsource-eb-garamond/5.0.12/latin-400.min.css.gz
- fontsource-eb-garamond/5.0.12/latin-500-italic.css.br
- fontsource-eb-garamond/5.0.12/latin-500-italic.css.gz
- fontsource-eb-garamond/5.0.12/latin-500-italic.min.css.br
- fontsource-eb-garamond/5.0.12/latin-500-italic.min.css.gz
- fontsource-eb-garamond/5.0.12/latin-500.css.br
- fontsource-eb-garamond/5.0.12/latin-500.css.gz
- fontsource-eb-garamond/5.0.12/latin-500.min.css.br
- fontsource-eb-garamond/5.0.12/latin-500.min.css.gz
- fontsource-eb-garamond/5.0.12/latin-600-italic.css.br
- fontsource-eb-garamond/5.0.12/latin-600-italic.css.gz
- fontsource-eb-garamond/5.0.12/latin-600-italic.min.css.br
- fontsource-eb-garamond/5.0.12/latin-600-italic.min.css.gz
- fontsource-eb-garamond/5.0.12/latin-600.css.br
- fontsource-eb-garamond/5.0.12/latin-600.css.gz
- fontsource-eb-garamond/5.0.12/latin-600.min.css.br
- fontsource-eb-garamond/5.0.12/latin-600.min.css.gz
- fontsource-eb-garamond/5.0.12/latin-700-italic.css.br
- fontsource-eb-garamond/5.0.12/latin-700-italic.css.gz
- fontsource-eb-garamond/5.0.12/latin-700-italic.min.css.br
- fontsource-eb-garamond/5.0.12/latin-700-italic.min.css.gz
- fontsource-eb-garamond/5.0.12/latin-700.css.br
- fontsource-eb-garamond/5.0.12/latin-700.css.gz
- fontsource-eb-garamond/5.0.12/latin-700.min.css.br
- fontsource-eb-garamond/5.0.12/latin-700.min.css.gz
- fontsource-eb-garamond/5.0.12/latin-800-italic.css.br
- fontsource-eb-garamond/5.0.12/latin-800-italic.css.gz
- fontsource-eb-garamond/5.0.12/latin-800-italic.min.css.br
- fontsource-eb-garamond/5.0.12/latin-800-italic.min.css.gz
- fontsource-eb-garamond/5.0.12/latin-800.css.br
- fontsource-eb-garamond/5.0.12/latin-800.css.gz
- fontsource-eb-garamond/5.0.12/latin-800.min.css.br
- fontsource-eb-garamond/5.0.12/latin-800.min.css.gz
- fontsource-eb-garamond/5.0.12/latin-ext-400-italic.css.br
- fontsource-eb-garamond/5.0.12/latin-ext-400-italic.css.gz
- fontsource-eb-garamond/5.0.12/latin-ext-400-italic.min.css.br
- fontsource-eb-garamond/5.0.12/latin-ext-400-italic.min.css.gz
- fontsource-eb-garamond/5.0.12/latin-ext-400.css.br
- fontsource-eb-garamond/5.0.12/latin-ext-400.css.gz
- fontsource-eb-garamond/5.0.12/latin-ext-400.min.css.br
- fontsource-eb-garamond/5.0.12/latin-ext-400.min.css.gz
- fontsource-eb-garamond/5.0.12/latin-ext-500-italic.css.br
- fontsource-eb-garamond/5.0.12/latin-ext-500-italic.css.gz
- fontsource-eb-garamond/5.0.12/latin-ext-500-italic.min.css.br
- fontsource-eb-garamond/5.0.12/latin-ext-500-italic.min.css.gz
- fontsource-eb-garamond/5.0.12/latin-ext-500.css.br
- fontsource-eb-garamond/5.0.12/latin-ext-500.css.gz
- fontsource-eb-garamond/5.0.12/latin-ext-500.min.css.br
- fontsource-eb-garamond/5.0.12/latin-ext-500.min.css.gz
- fontsource-eb-garamond/5.0.12/latin-ext-600-italic.css.br
- fontsource-eb-garamond/5.0.12/latin-ext-600-italic.css.gz
- fontsource-eb-garamond/5.0.12/latin-ext-600-italic.min.css.br
- fontsource-eb-garamond/5.0.12/latin-ext-600-italic.min.css.gz
- fontsource-eb-garamond/5.0.12/latin-ext-600.css.br
- fontsource-eb-garamond/5.0.12/latin-ext-600.css.gz
- fontsource-eb-garamond/5.0.12/latin-ext-600.min.css.br
- fontsource-eb-garamond/5.0.12/latin-ext-600.min.css.gz
- fontsource-eb-garamond/5.0.12/latin-ext-700-italic.css.br
- fontsource-eb-garamond/5.0.12/latin-ext-700-italic.css.gz
- fontsource-eb-garamond/5.0.12/latin-ext-700-italic.min.css.br
- fontsource-eb-garamond/5.0.12/latin-ext-700-italic.min.css.gz
- fontsource-eb-garamond/5.0.12/latin-ext-700.css.br
- fontsource-eb-garamond/5.0.12/latin-ext-700.css.gz
- fontsource-eb-garamond/5.0.12/latin-ext-700.min.css.br
- fontsource-eb-garamond/5.0.12/latin-ext-700.min.css.gz
- fontsource-eb-garamond/5.0.12/latin-ext-800-italic.css.br
- fontsource-eb-garamond/5.0.12/latin-ext-800-italic.css.gz
- fontsource-eb-garamond/5.0.12/latin-ext-800-italic.min.css.br
- fontsource-eb-garamond/5.0.12/latin-ext-800-italic.min.css.gz
- fontsource-eb-garamond/5.0.12/latin-ext-800.css.br
- fontsource-eb-garamond/5.0.12/latin-ext-800.css.gz
- fontsource-eb-garamond/5.0.12/latin-ext-800.min.css.br
- fontsource-eb-garamond/5.0.12/latin-ext-800.min.css.gz
- fontsource-eb-garamond/5.0.12/latin-ext-italic.css.br
- fontsource-eb-garamond/5.0.12/latin-ext-italic.css.gz
- fontsource-eb-garamond/5.0.12/latin-ext-italic.min.css.br
- fontsource-eb-garamond/5.0.12/latin-ext-italic.min.css.gz
- fontsource-eb-garamond/5.0.12/latin-ext.css.br
- fontsource-eb-garamond/5.0.12/latin-ext.css.gz
- fontsource-eb-garamond/5.0.12/latin-ext.min.css.br
- fontsource-eb-garamond/5.0.12/latin-ext.min.css.gz
- fontsource-eb-garamond/5.0.12/latin-italic.css.br
- fontsource-eb-garamond/5.0.12/latin-italic.css.gz
- fontsource-eb-garamond/5.0.12/latin-italic.min.css.br
- fontsource-eb-garamond/5.0.12/latin-italic.min.css.gz
- fontsource-eb-garamond/5.0.12/latin.css.br
- fontsource-eb-garamond/5.0.12/latin.css.gz
- fontsource-eb-garamond/5.0.12/latin.min.css.br
- fontsource-eb-garamond/5.0.12/latin.min.css.gz
- fontsource-eb-garamond/5.0.12/vietnamese-400-italic.css.br
- fontsource-eb-garamond/5.0.12/vietnamese-400-italic.css.gz
- fontsource-eb-garamond/5.0.12/vietnamese-400-italic.min.css.br
- fontsource-eb-garamond/5.0.12/vietnamese-400-italic.min.css.gz
- fontsource-eb-garamond/5.0.12/vietnamese-400.css.br
- fontsource-eb-garamond/5.0.12/vietnamese-400.css.gz
- fontsource-eb-garamond/5.0.12/vietnamese-400.min.css.br
- fontsource-eb-garamond/5.0.12/vietnamese-400.min.css.gz
- fontsource-eb-garamond/5.0.12/vietnamese-500-italic.css.br
- fontsource-eb-garamond/5.0.12/vietnamese-500-italic.css.gz
- fontsource-eb-garamond/5.0.12/vietnamese-500-italic.min.css.br
- fontsource-eb-garamond/5.0.12/vietnamese-500-italic.min.css.gz
- fontsource-eb-garamond/5.0.12/vietnamese-500.css.br
- fontsource-eb-garamond/5.0.12/vietnamese-500.css.gz
- fontsource-eb-garamond/5.0.12/vietnamese-500.min.css.br
- fontsource-eb-garamond/5.0.12/vietnamese-500.min.css.gz
- fontsource-eb-garamond/5.0.12/vietnamese-600-italic.css.br
- fontsource-eb-garamond/5.0.12/vietnamese-600-italic.css.gz
- fontsource-eb-garamond/5.0.12/vietnamese-600-italic.min.css.br
- fontsource-eb-garamond/5.0.12/vietnamese-600-italic.min.css.gz
- fontsource-eb-garamond/5.0.12/vietnamese-600.css.br
- fontsource-eb-garamond/5.0.12/vietnamese-600.css.gz
- fontsource-eb-garamond/5.0.12/vietnamese-600.min.css.br
- fontsource-eb-garamond/5.0.12/vietnamese-600.min.css.gz
- fontsource-eb-garamond/5.0.12/vietnamese-700-italic.css.br
- fontsource-eb-garamond/5.0.12/vietnamese-700-italic.css.gz
- fontsource-eb-garamond/5.0.12/vietnamese-700-italic.min.css.br
- fontsource-eb-garamond/5.0.12/vietnamese-700-italic.min.css.gz
- fontsource-eb-garamond/5.0.12/vietnamese-700.css.br
- fontsource-eb-garamond/5.0.12/vietnamese-700.css.gz
- fontsource-eb-garamond/5.0.12/vietnamese-700.min.css.br
- fontsource-eb-garamond/5.0.12/vietnamese-700.min.css.gz
- fontsource-eb-garamond/5.0.12/vietnamese-800-italic.css.br
- fontsource-eb-garamond/5.0.12/vietnamese-800-italic.css.gz
- fontsource-eb-garamond/5.0.12/vietnamese-800-italic.min.css.br
- fontsource-eb-garamond/5.0.12/vietnamese-800-italic.min.css.gz
- fontsource-eb-garamond/5.0.12/vietnamese-800.css.br
- fontsource-eb-garamond/5.0.12/vietnamese-800.css.gz
- fontsource-eb-garamond/5.0.12/vietnamese-800.min.css.br
- fontsource-eb-garamond/5.0.12/vietnamese-800.min.css.gz
- fontsource-eb-garamond/5.0.12/vietnamese-italic.css.br
- fontsource-eb-garamond/5.0.12/vietnamese-italic.css.gz
- fontsource-eb-garamond/5.0.12/vietnamese-italic.min.css.br
- fontsource-eb-garamond/5.0.12/vietnamese-italic.min.css.gz
- fontsource-eb-garamond/5.0.12/vietnamese.css.br
- fontsource-eb-garamond/5.0.12/vietnamese.css.gz
- fontsource-eb-garamond/5.0.12/vietnamese.min.css.br
- fontsource-eb-garamond/5.0.12/vietnamese.min.css.gz
SRIs:
- fontsource-eb-garamond/5.0.12/vietnamese-700.css: sha512-ygNiB7E8ySEwr39UFHhFNKJLiiM6GPmXOjDRc5JRHxGhhRU5dZRqyc8iSwsxkLxhijSX81kac1jp0wxG0rZYXg==
- fontsource-eb-garamond/5.0.12/cyrillic-ext-500-italic.min.css: sha512-uhtyJI3QsPp9U1K2d/0G+6FByXhUIqiRmDQklAQR0w8Pgy4AUlYfgaHez32Y/MCP78NReBmAAXuTjLiMrxUiAg==
- fontsource-eb-garamond/5.0.12/greek-ext-800.css: sha512-h8MT68WHidZNNwUSRdkjhOH2Xj6MwxjLzV+7RF7GkRtOIT6AW/9vC/cjO53jt0a7Gi4WS96ieAZc/uG02YtyiQ==
- fontsource-eb-garamond/5.0.12/latin-700-italic.min.css: sha512-9LtrEIfUijDFHgpEMNapK/59ENJyh2bM+sGVt8lt3lhYPpckSdUthMuJNKLJYIpHhSyaNnZt9lVfJiNvEnMXLg==
- fontsource-eb-garamond/5.0.12/vietnamese-500.min.css: sha512-0jEKS0PocQKWom/vuiaAuSzV/k3YFVQ6aHNxw4daj5UaVjlTg65YT88dz/Z3maGKkfAwVhnBqrUj+LhJu647zw==
- fontsource-eb-garamond/5.0.12/vietnamese-600.css: sha512-bxGMfHFlKkz99O8Samg3yEQhnqN7xVkL+AWGAUmAem2F3JHlzpZ6JUQPURapiVQIijXic8NkhKF0jx2JU8oM1w==
- fontsource-eb-garamond/5.0.12/greek-ext-400.min.css: sha512-YdDNKJh57zvMPv6js2XK652aJtbDHS2uMW+18X5egsXjR7cRs9Iq80oeVCBkHvtByqodzzJ60VBbx5MYcrQu9Q==
- fontsource-eb-garamond/5.0.12/500.min.css: sha512-hk9ZCRe5eBo4zBBefzZlKvm4tk97DbCjkiqAGMVJJmj4Yf2K0kj0k3bAr/5wapXB7O5n1EFLJN63ALCDffhFsg==
- fontsource-eb-garamond/5.0.12/cyrillic-500-italic.css: sha512-7hre6YKaSkrDwr0AzX0bco90n4EyxOTU7S4vH10YJ/bchqcaIN3wpcbO3xAMQWPy2J/PilfD9UgiPwjevXC18g==
- fontsource-eb-garamond/5.0.12/cyrillic-800-italic.min.css: sha512-uNQT21NQmrsT+Jo0q7kr83IjsLTC4JMqRiF5UQfmshYEZhjQkp/R5MmkKXlbGIZyqOrkWWrn9amAnED8/Fh0VA==
- fontsource-eb-garamond/5.0.12/greek-500-italic.css: sha512-JPdJuev3XII3/rEYjtYGbQ/2nl/mk/ZheoOwbXdLHx/ruoJ81sXB4W2dJ9DV5EfMMuGj+NQgM6VlYDHz5dm1ag==
- fontsource-eb-garamond/5.0.12/greek-600-italic.css: sha512-XhMQ2vaNAzHvZJbk5STk+5EaekXs7FVp4TcLIRIQMVI3h4AWJ9E4RFLw9pmawqK51gNtFKFjMPBHU59nwWzx2Q==
- fontsource-eb-garamond/5.0.12/greek-ext-800-italic.css: sha512-fj6Yzs95fCo8Y4mzOY2tD6/5f/00n9hvCo+LBJc6xtT/I3BmYKZckAZSWTnguGkjziy6+JOdRKBlKPZjepDkPw==
- fontsource-eb-garamond/5.0.12/greek-ext-800-italic.min.css: sha512-T8cQ7R8njuKWJuna7HqTst6elama3PmqfRYXHYyakbwQglxdSuNbxIFO64VKmdbdpaXYZHNeDVPShZCAOuFQ1g==
- fontsource-eb-garamond/5.0.12/latin-700.css: sha512-AUqAK8zU5fvqLbXF2x2GQpcTD6N51PZM6lCeV/DeS/s8lvDWpMQE5ise/rGw6pCE1RBkmKpcffLm5Pg+ElWkkw==
- fontsource-eb-garamond/5.0.12/700-italic.min.css: sha512-T2HGdXdafpTgbW09AYZ0lVMmG1ecb/LnenuBzUB3umFVRPsZSa4Ql/ynfQcV/9ccXx+HWdwuXwcGJec5vY9f3A==
- fontsource-eb-garamond/5.0.12/800-italic.css: sha512-3JEp7R54phaT+CPST8Y6EbBOduCu5Ky+IH2HjSTr8tlICkzWp3hAuly3AbgZis5H8xf+0ikDwL+w/ZC7KoWLeA==
- fontsource-eb-garamond/5.0.12/cyrillic-500.css: sha512-0PxL/97ybSghD9gIskNVQft0oH1T77FkK3lLUnjQLPupH9IGm0HcD/OQGfBc3iArwOHtzTQ4G2cJsC5hdkPlfQ==
- fontsource-eb-garamond/5.0.12/cyrillic-ext-800-italic.css: sha512-X6jm6NKCZibe9YLKCMswUHhNIWCrGTRj7gOI0Xq2ruLeCx3ataEh42AQGTrjOz9kfctgKBI+AWyhgd10r+Alyw==
- fontsource-eb-garamond/5.0.12/greek-600.min.css: sha512-6quc1aCqorQLM3/lb2Rasg/SOO34LI1M7tXuIErreY6Iz7reZlKvhnkjjxz1JFlNvGfJHtwzqegeNX/N3hTr+w==
- fontsource-eb-garamond/5.0.12/latin-800.css: sha512-HhQe2KHpbUKgXw01xdKHvSIuEC0ehcQwiH3ptumyE+ZQVndjJ0YUR6igcwmG7aUscBSfTIz92pJrGDWD3ijcYA==
- fontsource-eb-garamond/5.0.12/latin-ext-500-italic.min.css: sha512-27SCffIw0IZ+QLA4pVM+H3kKs1BviKwEWyMDjkl8Znyezo+DwhzU0ClzFk434AooWbbwtk83pV7p0VGr8DiISw==
- fontsource-eb-garamond/5.0.12/latin-ext.min.css: sha512-Cll+PI5pWUFhduAVd306nUU3UgHOtu2nt2xrRHCGWwh0HqirZgmYke/YiXLgXuZ6hWUqLOO3SCes0QlUaEDwKw==
- fontsource-eb-garamond/5.0.12/cyrillic-ext-600-italic.min.css: sha512-VwICOlUm1ttFXLtkjdbcvg4rNf4H36uYH6iCLbpgl3BO373BhYBXiEwAmPGKiGFdic+TBxfRS0k8KQ9eLgthFQ==
- fontsource-eb-garamond/5.0.12/greek-700-italic.css: sha512-ziXeKYRYN9EEkwXJ9ZOaxkLzOErGHs/wxlPa01xIutNbFkCxsFq5owuTshyoGJXGVKhc2sUsCia5uV+U9lJbRw==
- fontsource-eb-garamond/5.0.12/greek-700-italic.min.css: sha512-P6Y3uWXus/zTWtswmCtS0NeI1x1XLZSxcoLr3CBGU+N3quxRz+mfOp5rRRTxwjTmRbxTamKEFkCR80QChD4gSA==
- fontsource-eb-garamond/5.0.12/greek-800-italic.min.css: sha512-mOW/MHCZAdpBa191dA+NhNck5IlL1rEU79zCpFIrjZ/FWdeQmLM0UqqoEGl8le3AXGD7+YfWPOeq7ZmTUGe5Uw==
- fontsource-eb-garamond/5.0.12/cyrillic-ext-700-italic.css: sha512-rbf5Ffs9XPEd6QtrOr4FexDcBKa8vyd0jELWwzA8eSuNTAu25KklQEcgC2N37NEVBeM2TJX/0RHqv53P7zSGZA==
- fontsource-eb-garamond/5.0.12/greek-ext-500.css: sha512-H/YQjrgcrL2Sp93MUIYcYPbmvwmPucD+nTKie/TYlabkdZEXQ7g1B3lhzK7nf42DTMvM6GAcME6l944GmRhjeg==
- fontsource-eb-garamond/5.0.12/vietnamese-500-italic.css: sha512-oqCIlFolbMbxOE57yZ4uu+sGNKE3pZm5TuB3f6DhXalpkEfwGRFzx6qtc1PR/zEVk3LF/ChP6v5NkckVlitJFw==
- fontsource-eb-garamond/5.0.12/latin-ext-700-italic.min.css: sha512-J1yji4O7CcKQbKBm2Kt2RlzcmeIic8l3Y3alNVICQXM7uNRIHXD43wOP1AkPlVfuAyozL/b3jPcenpz8RgmLeA==
- fontsource-eb-garamond/5.0.12/latin-italic.css: sha512-TFBsJ2BUcUqUWmculaJW9f2Gky5A2iMWCypI4m8KFJ3wTQzuVfCdqLT/mU+JFBMx4WJFLhTgU/Iqqk4+8xqHSA==
- fontsource-eb-garamond/5.0.12/vietnamese-600.min.css: sha512-5afqVDKi8+Ya2dDHihPlBb+P67mhtTaOcmP6dAUgdgbzEElxH1B3li3/+4IIWa0XtW/+Qxehgfm179Od/yh+NQ==
- fontsource-eb-garamond/5.0.12/800.min.css: sha512-s5fN4w2lEaufHL/yY3119npF3DVgOdbd4TAGzqk4iKhAUJ4lpDzo7fSTdJJpl1oU+XM2IoPLXgWPJBH4yX9FTA==
- fontsource-eb-garamond/5.0.12/greek-ext-600.css: sha512-Cyei0PxnsHnLLHy4Pkn7FqChwZ1N5iLVFXmGXRszOOiKAQziXf97jikuDeSqD1ayBLtRt6xL3Q2600QEOTGciw==
- fontsource-eb-garamond/5.0.12/greek-ext-700.css: sha512-47ghdtxjvPLN6nIkbXIMsYm6SbmxsgqRwhmQFd6++MqPcNt7f7LVQR7VrGRlUc4lANEnhD+35Bho5Ebj7B7pHg==
- fontsource-eb-garamond/5.0.12/latin-500.css: sha512-gTxdWr4tzmYSj6LTG8nEgcoTj9hJw/o2MqhGeJLhpHZW6HUIpGhseG65TVbYElZDJFQKPejVsqk9AQ8aw/35/A==
- fontsource-eb-garamond/5.0.12/latin-600-italic.css: sha512-PRceQjlEmXTAJBta+/bue2T3qfqbsb5956pKpCAKL7Vn6Y1gKYJIci+t9yigkhOGQnfF7TneOdMqQ7liNg6jVQ==
- fontsource-eb-garamond/5.0.12/vietnamese-italic.css: sha512-MleMecnSGupjogJY4xGbZYJjZVrPWl7DN+DxZntJrk5lXFNaYdUTLQTKif59bGNFrqx9iapEflhtAozwsMn1Sg==
- fontsource-eb-garamond/5.0.12/greek-700.min.css: sha512-+B14uaf/PBsWwP4P8hJnOnmjoyfm1UR4PckcnwEiP87TjZdcY2sF5rLzH9ZiqgsAyDbW6gBcLBo/w4HvMnjMGg==
- fontsource-eb-garamond/5.0.12/latin-500-italic.css: sha512-sfS4DeIzcHiEgjKOmkOgsvFZi0DMn55mblHA3hjG7HEF8HEx2cdV3+pCc7s7F6qy4eyjXZTUjD9BPQQh6ky9RQ==
- fontsource-eb-garamond/5.0.12/latin-800-italic.css: sha512-7SDvytcU2gDB0iaH+rwmGcTyB2q8Q4LuHpVRrJi9e887B0KzUNxQ1Vl+/czVqpxtrrm5IImrLySwdUUQDhUpog==
- fontsource-eb-garamond/5.0.12/latin-ext-600-italic.min.css: sha512-wleU4vJr12RIGny+HATVvNk6yVDv6Os1Ix4/GntbGfVJT0smJqxCvFpe1Yy7qjPVrnCjgWHhHpkr2NL2XaiPKQ==
- fontsource-eb-garamond/5.0.12/vietnamese-500-italic.min.css: sha512-+M77BEyortpyd/Zm9I1DJCpmt5wR7aMFF9U1giM9flgeHFrX6BiquGEnQN8g89ymZ80Cr7+j81ZQTRXjxQ0vIw==
- fontsource-eb-garamond/5.0.12/cyrillic-700-italic.min.css: sha512-4XZqvPAPhal5N5HG8MCRUB2LV3MdJiwBveqYtfQLgfFBZEd0WKjSK5fQ7jVrYnCS1NYbTyx4nUhZ8jhfId+hXQ==
- fontsource-eb-garamond/5.0.12/cyrillic-ext-800-italic.min.css: sha512-+ycReBjQrRie0/7C2oBp6G1KdElzd9VX3cZqbAPwKg2W1EVPQxllCAySOPwncNtDZgHw7BkfsZw6voxgT4dusg==
- fontsource-eb-garamond/5.0.12/greek-ext-600-italic.min.css: sha512-uKNCl/sN1NR9ZefvoaEOIJ3XqusQ8JZZ2mbvXbl/ULlyrQIcMqgEOwW5ouX1yU7aJH63bRE9WR1nKo/enmLlrQ==
- fontsource-eb-garamond/5.0.12/latin-600-italic.min.css: sha512-74vuC852AMbslZTSOc+sKVgsyIsTXjBds8fbTcG8kquEdpDql7TjACU5x/geyFDJZqhlj9w9iHfMGeycYZZCsg==
- fontsource-eb-garamond/5.0.12/latin-600.css: sha512-W3bCqEpT+SYFJaAXf+gp/N3rczolyFXBrxhBnQL+nJ4Xy6UWQrsxdklfgFjQoxpM2/HwIMX84bKjxqyfjHLLtQ==
- fontsource-eb-garamond/5.0.12/latin-700-italic.css: sha512-BrbI4fJSImg8N/PE+Q3wRZ6OA+LxnPka7uAImvfulukXdIFIRrwcLexkUkkvaTLNz5jMdDE6A5dQtwDI1Jluvw==
- fontsource-eb-garamond/5.0.12/greek-ext-italic.css: sha512-sb0n5sS8d2Wn2gLfsvxnd4l3LWw3lWqa51VAms41jJwqV7LPxZM/cWrNqGeBuiTahrAzZ4+1+/SeRhQA8VKy+Q==
- fontsource-eb-garamond/5.0.12/latin-800.min.css: sha512-a/16/gOZXu6T1j2nb4u934beeKEJowqG0wD3rMvK3r3uBRZvkvSGCb689kINUwrCzmMmaG3+emaSpwlH/jv0mA==
- fontsource-eb-garamond/5.0.12/latin-ext-400.css: sha512-zpvvVlcSciDXGQw9gkAGxSMLsFLkeaQTH2s7WddPNqHaVun9vS7NxQq+JTfUyYzvs7FN8XNnRpn33S4v0u+iLQ==
- fontsource-eb-garamond/5.0.12/400-italic.min.css: sha512-P7jp2C42otPYkj4RsSraN98zc9PEi2vGBbLnGePqkZ9x2L5Vwfsy39p6SJwlms4iJn/uumHUQwM6kqbBbnDoTw==
- fontsource-eb-garamond/5.0.12/700.css: sha512-E4a6A9E+j9q/TVKSxYFq7BzkDSo4U5pRHFnG4Z7MIHf/Q5ehLNFRQInS1KnsaHuBFwfzriqZKzSudktQT2jxgg==
- fontsource-eb-garamond/5.0.12/800.css: sha512-fmQaqUE1+s71gKG3wfESpNj1tqOEVs9za2QlKzM+GJtFx/X0jFVOEocTiPV/uHCgl83LBw+FA+EXrkehcRYekg==
- fontsource-eb-garamond/5.0.12/cyrillic-500-italic.min.css: sha512-Xlxdw8T0UVV9dhhszB216WtZhhmYDC8XGjecMx8eMhXihOrX5AJJmkHahZJTO2ifPKgXSg5QcNwjVsASMb9bWg==
- fontsource-eb-garamond/5.0.12/greek-400-italic.min.css: sha512-b3ByQp+nwnMxAIeYZK4avXde+XpieWzfvl14weEqvrGU0vSvf9wtCyYPZvH+TWph4bDWGdTPfVkWpKuk0RjPzQ==
- fontsource-eb-garamond/5.0.12/greek-ext.css: sha512-eml+HzLLsfYbytJyT9XXuOPjfbN0M771uSKApMeAfbNskKDCbe4NNUjB36LP5CtegXSweIDMcUjMasajPPV5yQ==
- fontsource-eb-garamond/5.0.12/latin-ext-800-italic.css: sha512-/aEUoX+BYfEmjDcSbjQPzViNom5hyFEqTmED3cbQLvw9DgqV53M2v/HT6kwFrnFfuwVXAfa3IY6/DcjbiXIEow==
- fontsource-eb-garamond/5.0.12/vietnamese-italic.min.css: sha512-xBuVnEj8na4/TA9RUAPKX9TOMY8zfNyDkq+gPCPEXtLn0+9MufI8p55jZbE8IrT6sXvVycLTADCQFh8UIwERNA==
- fontsource-eb-garamond/5.0.12/800-italic.min.css: sha512-jhDhwehz5pU8QTTqnofzj0CjCTD0d4wIYtciUQYxlq0oLJXOHf2fO9X5AuAcsniktl707wOfQvbUvRZB8sHHmw==
- fontsource-eb-garamond/5.0.12/cyrillic-600-italic.css: sha512-5+5PezpitlkCIthoHGh65AJHS4Rf7zQGxEa8oLr6Q7OOECuOEJgBGnPE3QSq6fCXGS9CS5EssZvyXLQm0HI7fA==
- fontsource-eb-garamond/5.0.12/cyrillic-ext-400.css: sha512-73HN5vWe62rTn7Cn6P26nvfhfmLfWg7KE6F/pcXCB5w1U3ktWUItiCke/DqL081aDHRUyfH04frwrz6YborzgA==
- fontsource-eb-garamond/5.0.12/cyrillic-italic.min.css: sha512-ZcIHKEMsfljWs+qZkmdh3eFVvSDKUnwuZoUZJH6PoOlQnzp6BolADTbXmvZX6wzcHIUX4EhihTsqRLn3WUWWMg==
- fontsource-eb-garamond/5.0.12/greek-500-italic.min.css: sha512-kKEoh+MXp1rtLkgbn7k74Lw0aUVycHu112YXoqk7OCDYR3xYVbRAhOGQ6PrD0sGbcSL6dpOoNMJapjNaNXGO+w==
- fontsource-eb-garamond/5.0.12/vietnamese-600-italic.min.css: sha512-HAupZcE95zbCqLFQ1nHT74CHdtWoDvmuWx0voaoTebYD5N16ubWyMv0/bSRnzDHNbiGdrYwiXmHergQ2zcsrsg==
- fontsource-eb-garamond/5.0.12/vietnamese-800-italic.min.css: sha512-ZxdZ+R/REhUD1wR3U9HnXaUCuvMJUpVONpOPtTxZTD90WLfKxBr3Ofo7KI57TGFlz1O1IMms9yN3Z59bNbmWMQ==
- fontsource-eb-garamond/5.0.12/vietnamese-800.css: sha512-JAvoJ73E2ggNTb4Z8DTEFoSe06FGwpoik56JrHxXJMyptoRkFc3MbTOQ4mxayHEAE72KjD2etjNL6tkiW3/OjA==
- fontsource-eb-garamond/5.0.12/cyrillic-ext-600-italic.css: sha512-zDa3acG9Kt/jEqdYUOdsQaA65hnPU3k1dcFQf0SIlL0FNBk/p6KXil3lW7oZnGcYRNM/bHsfaX338k9od85/JA==
- fontsource-eb-garamond/5.0.12/cyrillic-ext-600.min.css: sha512-UyLPLxCkm08bXtmA4nuNG245mHQuO6hkiTl5Q7nkwM8uIHRPuDiMhXlzJqd8kkUhiCHnNxn1bNVrk/agcuhCGQ==
- fontsource-eb-garamond/5.0.12/greek-600-italic.min.css: sha512-nSNHicbwoLtHR2j4u/xqEYpXc/dWyhNOG4Vok97lnvp9LaB6mP2IwgiDbfnlt+dFWc9ZaQYjARraLw3cvjqDbg==
- fontsource-eb-garamond/5.0.12/greek-ext-700-italic.min.css: sha512-4A7LwCVnx2fOxkK5UKzEwk688VPbFo4T380md8TmU560XKGyef4BumbgAt/eZWzJLQ663iGRA6vCOAcNYGFNWw==
- fontsource-eb-garamond/5.0.12/greek.css: sha512-ULtnAo9b1lU6jMT5M4xf6IzQffXmYF/QdZrCWNurqWu8zcZKw/RJPXu1h8YSzrLUeP+GLZqxZd/IT5T1TFOYlg==
- fontsource-eb-garamond/5.0.12/greek-500.min.css: sha512-TRT0pSFFzVDbtM8oJWzgL1u2xs3k3Pt3cj8hLNmsudxyUufLBHsB6VCXlp4E465tDjTD9fRqgtz/S/DREtJqWQ==
- fontsource-eb-garamond/5.0.12/latin.css: sha512-KFSMWJPyHc6ydQ2MPXbJMdivobr5c7gWul+0P75k2/FqnQ8Wa2ScJZZVqKdVSMxwj7CauromND/s1MvLtXOhRg==
- fontsource-eb-garamond/5.0.12/vietnamese-700.min.css: sha512-Vx9KDmvFoT4sptFczzsiKB2vNRwjbeUyrdBixsdVVAX43yWzWuCBbyBz75cPzgOzggAItZ8Du76GOdH/8Q+cQQ==
- fontsource-eb-garamond/5.0.12/cyrillic-400.css: sha512-pqw+96zzvsp6tVO0+SB94AcYAIKkoImPzX2yDaa1jNBW7pHYcths+ygBZgron89m+ogQmkghuV/DlHTYj6sPAw==
- fontsource-eb-garamond/5.0.12/cyrillic-ext-400-italic.css: sha512-4WPNBK2DuyXQelt9ZPLfntlujMKNvJ+a8HOEvCKzzxoe4+QnUbHHymZWNhFbXlKFB5VcfEuAc6SVaYWtFPlz6g==
- fontsource-eb-garamond/5.0.12/latin-ext-500.min.css: sha512-jJFeJ387kK5TVhn/kVhFnYJqPGAZM8Mag9PJsqG0v4Fb7d6etUXCE9cuYNNRJxxn94V4NJHzIBuKMpntYxZ2Gw==
- fontsource-eb-garamond/5.0.12/latin-400.min.css: sha512-PFUCsrt/903AND/C+aH2jg4Gr6EU3VWayUqUg2zjb32f9lWvcJKpmWHgUunOTxF2gDRovES80lcNxjJnCTSh8Q==
- fontsource-eb-garamond/5.0.12/latin-ext-italic.css: sha512-VwxdG8YSwqa9E6e+Ut3y+O/ni3w4PLxJ/SCodFWbv2VepwfXuFc5kIQAB4Hrwqbxe4t1kavJV6A6BuXceBis7g==
- fontsource-eb-garamond/5.0.12/vietnamese-600-italic.css: sha512-ZIIcu5mVUdcTXG2Beg1FoEcVK3YvIjzrtEi/1haDb9ui0j8k1/T4QQpKZGcHwQ1nPL+rjDBmNBiBQxD9JHeygA==
- fontsource-eb-garamond/5.0.12/greek-ext-600-italic.css: sha512-0GgGiJnR7x9WchJnlohGgDjnzgmyWYGSuXhfUKSUmgEoVmFZ7GumfxB4xunyVJoeyxxLgr7syzlbvqdUMDhrBA==
- fontsource-eb-garamond/5.0.12/latin-700.min.css: sha512-RSsUEQoZOCTVl5rYN9oLHprQ+bERe2dItqM5+ZwWKkdE4zzovYb0rbBwaPSmMLREAH01vPbJZBMbCGdXx5V0jQ==
- fontsource-eb-garamond/5.0.12/latin-ext-400-italic.css: sha512-qlR+ZJcMQf4B8KYjSh0Y4BtVZy6SOqqaJwSw6YrqTIjztBin9G/kMp52TdiCrXFu6Lv+vjeltjTK7hVg9DGmkw==
- fontsource-eb-garamond/5.0.12/500-italic.css: sha512-/G0nQMmc19i14TajIIfG6AUug44MZ+HastWy6K6C8z2d0+o9u+aax2aOYNHxxVPBKDgzkSUKrp8Oqk/k8rTFcA==
- fontsource-eb-garamond/5.0.12/600-italic.css: sha512-cQViE3jSjzpwL1qw1RiR+9pu5+pVP5NcSmpOcnvS/+FuyioW4zaOUotslZlAZo0betR35mwsbjbZUlI8xbWDuQ==
- fontsource-eb-garamond/5.0.12/cyrillic-700-italic.css: sha512-MmFePMQhxlp5YWoWMViweHUKPyZAGgHGMliWTf3qd3NfM3+Ov2ZkNyn+F5pUGnAmZzXfsFiKz5R3P2USE+ruPA==
- fontsource-eb-garamond/5.0.12/cyrillic-ext-500.css: sha512-Dp0IdECPjeGmAqTQqixh5svegOqtlBxwi1e+msYIgVCk3jaSRuNiljxUh/Nb6G6MiJ+twOBdC02VSzJSZUVa4w==
- fontsource-eb-garamond/5.0.12/cyrillic-ext-600.css: sha512-P/PBBKT7HVONjH5cGR7550vSJEQGRZrOC618X3qm+Wu/r4lJbyahq5yelYn+ut0befESDA6aUivVQAxGqE4XGw==
- fontsource-eb-garamond/5.0.12/latin-ext-800.css: sha512-BV9NeJUNXnHfRjqc03eJj2cRHRIT1gIUmrEf5tUzavOW3HkKTXvuo0oEvfQOGIpobVgnQ7C2UdYLAPeUtlJ7JA==
- fontsource-eb-garamond/5.0.12/cyrillic-italic.css: sha512-Y8j3T6c4oPeR0ecYthoHNE6gnmAIXXTHLNjLuKFAsfg1eIdkJvc70QXMG1wVTuPlL2yLFS6nB2j5yngvtHH6qA==
- fontsource-eb-garamond/5.0.12/greek-ext-500.min.css: sha512-tVeWZX6pUaap8tK3/tN1gyfMCX1FWWDbOAmgIFL16J/WNJes99D+3uv4wAcHWy7gwuA8ZR4MyYNbC29tCujSHw==
- fontsource-eb-garamond/5.0.12/greek-ext-italic.min.css: sha512-T6K8y7WeCtYD4HjNgzQgOrXcInTedXSewSpYMPQHwPILOTpen5N+UH4KKn2MzmEeciSDmBE5tmu8fp5lLwXf0A==
- fontsource-eb-garamond/5.0.12/latin-ext-500-italic.css: sha512-tnTR/1akuvxojawoa62DYE7KRFrVjfPOe6dSEWy6XgCDZFxb2pDiIJeOMeqWCAYu4+HBGKFdVFn+nZssXBbp8Q==
- fontsource-eb-garamond/5.0.12/cyrillic-800.min.css: sha512-KV2ZesXnfK8c4SZX3llVVfxkkOw6ra3Kmql48pVOBx45AsV7ZgsSp4wWwnvfiUHP+mUZiagSi5zR3lttHNeLUA==
- fontsource-eb-garamond/5.0.12/cyrillic-ext-italic.css: sha512-VuNACz5LWxHMFhMurkV8jzmbBoYKnOg+Nb5E3h3Px2PHKZKNYcMOKhvJnWXvEUpYragWsV2RrbFcZ8DgkvTKGg==
- fontsource-eb-garamond/5.0.12/cyrillic-ext-italic.min.css: sha512-Vas0Dj9t6ZOvLmZc4U5JLj0ed6f/2pQPQrhpdEwSBGjUvXtDBhyAIsXbP4YPbMKgLjM6l4KJwXVyGKD6ilF2FQ==
- fontsource-eb-garamond/5.0.12/greek-ext-700.min.css: sha512-zHFCyYWznNa3cBF+Wu6I+1zxQaeb3W/Eyhwh+BIQ1WLGvalcCTNpoOP2gqFd0jfQ7ZUKi+6XKL3BGjJ6zVLpug==
- fontsource-eb-garamond/5.0.12/greek-ext-800.min.css: sha512-jbh3O6c7x7woBYbn/9G+KD/D6+onSmKCtTqmUw1tNN/Fk9aPux63pUDxq0Z/xUoxaXq3vz/4DWQlpfyQ9EFk8Q==
- fontsource-eb-garamond/5.0.12/cyrillic-600.min.css: sha512-Duo7lQkohFh1UlcY7633H9HozN/L1k4qurowcIJIAg62wLpo90mnN8O3UjlMWFFJNAtyLBCJDXsQwF70ovxV7Q==
- fontsource-eb-garamond/5.0.12/greek-ext-700-italic.css: sha512-X+CAHcEmGq3QltwR6Jt/LcF1QCzZ/nUxq98uxa/1bu7CG3uP/QfF3ps9Q3k44NRO7AWk/zLMyKWl+629aiy3Kg==
- fontsource-eb-garamond/5.0.12/latin-600.min.css: sha512-s6ZXIfESDK6d8F8GMC8YkHX21KwtYShAbQG+v6GxQVBchn3Rpd7SkR54wQpFybr1E07LTxfUWrqq2xyLyJAX+A==
- fontsource-eb-garamond/5.0.12/greek-800-italic.css: sha512-YZsXACGInITtG/GJW2tAxnX05KzwhcDLUdbzQzNUm9w8fOrXeotfB1YkHLKAGtwRNwlqeHGmXb9wQ5hkme81iQ==
- fontsource-eb-garamond/5.0.12/vietnamese-400.min.css: sha512-j5VaZXn9sEB3Dc73rlGC+6zxZt0w3q/I52c77LzJuhTfUjpHWOjwCSse1RHgix3/48mfSJsV+0x7PIqtWDNamQ==
- fontsource-eb-garamond/5.0.12/400.min.css: sha512-WRRSbPMIj0qUN/Zd9E6V3y4+NP7hxbvI5PiQ7P1l0r6AR6ZPdHazgusE2Azm/88/z5AQui17kU7Me88rLWympg==
- fontsource-eb-garamond/5.0.12/600.min.css: sha512-dvxYBge2Jem+Pzd60cxDEdQQykRh7UG+Sn4qF9Fua3ZwZbTvaTNUa7idS0KQMhbwol+2CxBlRk+VGkcwUEG80w==
- fontsource-eb-garamond/5.0.12/cyrillic-400.min.css: sha512-LBoPNS6yWoI/q6ftZxmsnC3gVR+KVgg/RAwXTzYQrZf7yrbIgN/SnXOhQK70LLKM20U4NDncG308SMdie5xGNA==
- fontsource-eb-garamond/5.0.12/cyrillic-ext-700.css: sha512-D7vOUG6tG2klQZfkmA8KdfiqnleHBUDpTj1H+IX8X3L8cJYvpBjFnfJ5p45QRSHDi7MHQ7qr7sN9Q+03qbr84g==
- fontsource-eb-garamond/5.0.12/greek-400.css: sha512-3mdeW+4zvKvig85zXLMSgg2kbEMaiZBcc3ZmnGTwRVsCHhNGcxGGM3j3WArECMsvfhiP6SUPS9zIrZBpL0xXIQ==
- fontsource-eb-garamond/5.0.12/latin-ext-700.css: sha512-9OQ/BIymXjIq5c3nA/0WmbTw8XQOerNMgaFHVnKz1B5BJO0OJwisP+j8Wq+vvxnkoBiTWKXYPkJ6G95QRhob5w==
- fontsource-eb-garamond/5.0.12/latin-ext-700.min.css: sha512-1q/+2pd0WffyOcBOkFOy6wU+212syVOMqkJfubFhbGTUSKmyfIi8c9A7GDQzLiBu/OjkW/HdjFCgZe268bPr3A==
- fontsource-eb-garamond/5.0.12/latin-ext-800.min.css: sha512-GuKVif6XpIRSVH6oyG0mXoy6i54aoUnBb+EZ+Win+w1PzlxnWR3x7bOdzBNjx+0pjLBucj+ht50AQua1wwfiTg==
- fontsource-eb-garamond/5.0.12/cyrillic-ext-400-italic.min.css: sha512-Uq7U23fYNBYsZidZpyIub6CTKUrb5GolTW6hoHW5j9KPuTC0Gj3/4m8C/TGFnHG4+XCrBeCMYUpHFqGw5wzYDQ==
- fontsource-eb-garamond/5.0.12/cyrillic-ext-700.min.css: sha512-IYq1iLS1n8jui86h2WYqKe5Ma1W+lnnrWpE22udE2PrcncUSfE6dtkqzAZPmlLDY8ngHZYPTcXPam8RzbDnEnw==
- fontsource-eb-garamond/5.0.12/cyrillic-ext-800.min.css: sha512-QpaLwjTeUo6YgkAchwYC5uA31YhP3onc04dIkM7aimUo2EimiiKG4dRPYC0kl7HmTv9k6sr5irueUmNGJKcHYw==
- fontsource-eb-garamond/5.0.12/cyrillic.css: sha512-dntkda9qLZPJFL2s70WrHxXgEirzOjimk6/CEtSquDA6+VqSL9V2BxWWz0178IB4hvjvtroP6/hbAz8Vu1sY2g==
- fontsource-eb-garamond/5.0.12/greek-italic.css: sha512-q7ydrkmntmQiz3C6D9Yb0MZ7erBhI8BjL3phGj1Fe/VoiE4dI2mXTNrYuXU4lGDXHPELiT2jzMRVUekxqSoxzQ==
- fontsource-eb-garamond/5.0.12/vietnamese-700-italic.css: sha512-ZBD0t6M+Mh6CcMl9C5uPu4Bb+x+k2ie6l6+rD1iqRJwy4qW1r9nWl3cI/JMalDgvcFDVQVkbW/LxiMtIcWjCSA==
- fontsource-eb-garamond/5.0.12/latin-500-italic.min.css: sha512-3n2GXcnNvBaElLoTM9sknUNB53OTJIX/FD95SHVbg5SWf/gNlubGVIMRsJaxOofUe+pQNBRRvofYTTTChwh+Qg==
- fontsource-eb-garamond/5.0.12/latin-800-italic.min.css: sha512-Zq0yPY44zdawr+dS7NSQA7shKp4AC4sVcgbdaxF1n4+GT3nxY6F6RGCI+gGs2E+HyVwfLKRK5H0gF7xgIMGSSw==
- fontsource-eb-garamond/5.0.12/700.min.css: sha512-ZOaCi+2RGVnvYH5AK/GUSQIAEdYgMExuuEtRdVz0p/P69KjlPKkAXVr3GWxoUeJCQSbej/BX5u47ii/JMlk6LA==
- fontsource-eb-garamond/5.0.12/cyrillic-700.css: sha512-QEbFFF+nbzf7idFMDMEqADqofyDPumLd113g1Zbya5oEEWbn/VgRmggjUa1Y2HYXj//TIdNkDEZWNcLXSkbAYA==
- fontsource-eb-garamond/5.0.12/cyrillic.min.css: sha512-u/Lcs6sJzbwMfEZT31AEM54whpU8kXLW5ey/Cr6PTBJGVPUC7UtrRkkdtl89Un58P76jhDz0NesHu/W7KgdtjA==
- fontsource-eb-garamond/5.0.12/greek-italic.min.css: sha512-IdhcLMVpcf1g+33VOoX3R2t2d/Cd11NlahtLOpsTM+zRqcLt2GmioHwNF2El5azuyZ8nieGoSNw3a9pLk71/vQ==
- fontsource-eb-garamond/5.0.12/latin-400.css: sha512-Vd6T8UionIBzEFiNkf4O70Yoda9sUQLOCgS/DVhHivNSkQi1rfmWhet5WGFXNZKc8SvzdO7+nmMDEiJp79Do7Q==
- fontsource-eb-garamond/5.0.12/latin-500.min.css: sha512-AL9gvr4kXwxc8YiJRIBZe/q/bLiGCrH/+KivvwsgDRaVi0WKb4CN3YkOwuQQNE/iwCJbDkjkKXdyFIBkdO/7Jg==
- fontsource-eb-garamond/5.0.12/latin-ext-600.css: sha512-z3vtYZn29rCdumHLGDGNhgJFnfSLhwNGGk+NEEjSi9BnD4hVT8Hlkbbf+XX3Sh75zirAD9p+VEOx4lHCajNi3A==
- fontsource-eb-garamond/5.0.12/latin.min.css: sha512-O7Ijex9yCFJQ6Wl2Gz4IjN/U6uB6zDRvYtepM/gQh39griXB1jocqoDHQNT7Iores8GLh1E1U8CLocA+/C0U6A==
- fontsource-eb-garamond/5.0.12/700-italic.css: sha512-cqBYKzJVjk15JBYAtITdTynj8r6ryo90lc+wl6QpmWknTs3gXGYyJl57vMc3t+BOjDqdZf7wdJUuIF5IBZ2owg==
- fontsource-eb-garamond/5.0.12/cyrillic-400-italic.css: sha512-mJw9x3C2ZG8E26AR9x/qAQm6jBeXsS1TI9LOO7chp8nsR887dHBJDj4b55+ikJaQTv4ZBft1JIVM/c+8DKmxmA==
- fontsource-eb-garamond/5.0.12/greek-400.min.css: sha512-CGmPtTaR00Y1+y9l9xmxk/+EfSAX859zK91YF34oIfpEWfSMDa+3PyY8EybfqEXekVCoW5KQYf1HyZbstUJu5Q==
- fontsource-eb-garamond/5.0.12/greek-ext-500-italic.min.css: sha512-NMnkk/MacXs/jXKO9Xlynnx2Dw8iK86tpLlwBGVV+6V2CbEJriTxpUQ3OjdzXrXqPYAmxfrFLiZW+5cEuXbN1w==
- fontsource-eb-garamond/5.0.12/index.min.css: sha512-WRRSbPMIj0qUN/Zd9E6V3y4+NP7hxbvI5PiQ7P1l0r6AR6ZPdHazgusE2Azm/88/z5AQui17kU7Me88rLWympg==
- fontsource-eb-garamond/5.0.12/vietnamese-400-italic.min.css: sha512-innlqyZpeSp0+MZbDzleKIGiqYFFise0n3IRSJHjiwcJwbmnAx9PAkQc4m0bLPIun297fBKiAov59BWrbV8F2A==
- fontsource-eb-garamond/5.0.12/vietnamese-500.css: sha512-g5MG+yVNeF7lhtH/CRFH9+x87wuUpmEjCVpybBLTgwDEp7BjFjPro2Mkkjy+zr2SQMKSe+VvUa6NxKsvs/2ILQ==
- fontsource-eb-garamond/5.0.12/vietnamese-800-italic.css: sha512-hZO9t8a+SuLvRI4jTeeducPX5AtOgsOL/bX6xrCYz8pBpiiuexWQ+5eI8HRKvjmz4NsK3p1KX5bX42WTYTrJHg==
- fontsource-eb-garamond/5.0.12/vietnamese.css: sha512-zMwDnft4NqG8N2hE7he+skucWrXjduPxuz2r7hob/nHkDqHwD5RAdu/T0E4pXs3eTiusYrAPUJGraU9pPp8jfA==
- fontsource-eb-garamond/5.0.12/greek.min.css: sha512-DgwhcOUWflR8uxQRyeepudexb6CCopF4+P6DMcAloCnzrU1XXijk1YOxDPEuybvAYN/nw+Ysu2KgJnZXdLTtQg==
- fontsource-eb-garamond/5.0.12/latin-400-italic.min.css: sha512-zbuXTqf9g/sVddSVswVAeopoQTf+XF+P2OejUHUcm9DqJE/e08JITbHB9Keag1+Dj+4NRfZ012EYmmv/h1l9Zg==
- fontsource-eb-garamond/5.0.12/400.css: sha512-jpTjsrSGbr4Htcb2fvGbWfhV0XXHHbu9Mxuzkm/o/Kbmap0C5Ez8p09gkT77tUNpF67SJr6jJZlsz5hKtN8qJA==
- fontsource-eb-garamond/5.0.12/500.css: sha512-sRE66vbm7KpDHXiQHCGe4/6uRQnV1/aWOAF4/Y5ZSwOtBP9PMPZEO7RVCnImvUEwqoMEzEITBi+aBj34FIzWHA==
- fontsource-eb-garamond/5.0.12/600.css: sha512-G22myRIn8+xMyMzDxgGoU5rSRYRu6VUhClXw6dMjRx9ZIbkpe5PmWwhIIlAIVj6U/CjvJXjvPLrxtDIsAvxboQ==
- fontsource-eb-garamond/5.0.12/cyrillic-700.min.css: sha512-cUTSiqwkqRQqRYjG+nQAZoKaDmPqLgC3UtSpQeCMoC2O1Ry/gW927Wr+nm9zs+Dh4eP57DZk6QchdHzaDnTwxw==
- fontsource-eb-garamond/5.0.12/cyrillic-ext.css: sha512-SzEXC/5ug1YtGaGPnK/FAHHhmPFbMBtnC+6AMNiOFjkzEb4Ki3E1ecg1ajvWZ4IRXX5XGRJ7IVNC8l8Q9Al9JA==
- fontsource-eb-garamond/5.0.12/vietnamese-400-italic.css: sha512-bV2DpWSPEtAfNZMClS2gu06RmBDosIF6zdixAYuWQGFyp/epSj8vX1/Ja/nYgdffl9qJbN4mh26VqGiO2owMUg==
- fontsource-eb-garamond/5.0.12/cyrillic-800.css: sha512-8WfeyTQLRcDGpvdTZZwhxk0JJ/Libg+acsOW+RdDCUrcm6jU6UflbRdCyFXsJQzLmS1w+V+0Np8s/n6OxetUHg==
- fontsource-eb-garamond/5.0.12/cyrillic-ext-400.min.css: sha512-gF2m6Nvhu0XiBOq24XzkW3dg5rLmzcUkTht57z08JSHClF/sj3PaP+zjR2AuW7fw9Mq8RgGD12hbm/9JbiJLpg==
- fontsource-eb-garamond/5.0.12/greek-600.css: sha512-uKmoGX56dSS+crCEf8tNL5kbdZD/kWEF/ygR2ikca1FTzLbC0tNYyoh6xtoWH91PXC7qr2A1rAx98Mw7LbK2mQ==
- fontsource-eb-garamond/5.0.12/greek-ext-400-italic.css: sha512-r+2zJ+Zpn1Gq69apG1RQB0gBcdXwz+HHa3aJcSmvBLCH+tN27gm1ITI3JfPgqqwC+4kRuiwuXzauYAvxzXxgbQ==
- fontsource-eb-garamond/5.0.12/latin-ext-600-italic.css: sha512-DT9kzRbN0hzxMxsY62pbGq6jmdCAAlsWqQzzt9fUE/VmeV7ir/pyP8m8txcRCtG6xIhA+AD5WeRWrwrq8uHJhA==
- fontsource-eb-garamond/5.0.12/cyrillic-ext.min.css: sha512-zU9QD6u7i7/PjuYCy69iwXuucKlfzefpka5WBTIP8pwubUbk9TQ0KS9r8JBUi7/F5zbFIWLvV1gj5fr9/lSigg==
- fontsource-eb-garamond/5.0.12/latin-ext-400-italic.min.css: sha512-Maa09iP7op+VqLrNuty41lJ6DWVDv4geoKTBvDkVr/OyCUu8dfsA6B4ca58K6taH1svaoX6ylMNFc9N6MDvPPg==
- fontsource-eb-garamond/5.0.12/latin-ext-700-italic.css: sha512-zHb1l8q+60LGxgxPcmjF049Rch3uwWajyINF7NnLsBq7nRefrtBBkk8YdwKBcje2GKe6LEg0DfNvjE5SOQp2vQ==
- fontsource-eb-garamond/5.0.12/latin-ext-800-italic.min.css: sha512-r9XSG4tufCndbOGhvpfd6uCmRFTCzTnX5eoqgk/QY20nfbWJVVo01OXN+aY91h8XuNnE9nt2chRTiPSEp+uoig==
- fontsource-eb-garamond/5.0.12/greek-700.css: sha512-kdjKhVHkA4AS2yJZxO09lM/K1jiEpQuQiQpH/+7EiJ00WCMblD+Pb0+kZ9m6h8KOh6C+M8jm03IwKZ5+1VclVg==
- fontsource-eb-garamond/5.0.12/greek-800.min.css: sha512-1amNhdRAmUgTGzhn49y2a6jj46JofGBsmzntCDs+nOrW/Yo9Lx/xhDY82L8a6F0Kel9AVZxDZnGhN4MvmxZhDw==
- fontsource-eb-garamond/5.0.12/greek-ext-500-italic.css: sha512-Lhzg7QPjVetKZsb7u8YrcVRnGApbAp0ooEeMoD0g6362fdkvzIcuMi+nHGCv0TtzBkfDYXgSQDuceVJUTCFn1A==
- fontsource-eb-garamond/5.0.12/400-italic.css: sha512-9Q5OdWQNSARXC4OG9lXrn+zSGbQqsmIp7W9SSJVAFk1KRYCL7RYnTPvnNKg2Rec6lUbD5mR609c5IQ3NWBPtPA==
- fontsource-eb-garamond/5.0.12/cyrillic-400-italic.min.css: sha512-61ecwBBktOSxnHVWNr4rz3ivv+9DH5ypX2xa7EgwKigbm9zjGyJHshv0mZzJVOKu3KpWuTbaOyuT2DoNiVu06g==
- fontsource-eb-garamond/5.0.12/cyrillic-800-italic.css: sha512-cUUqCxdywmY1+qwrvC7vEZBU2X+2VCSqsMruorDGkwc7yd+1CiFjhh2xgY5FbiTsGaDOQ7saQwCrZxHUSdv+Yg==
- fontsource-eb-garamond/5.0.12/cyrillic-ext-800.css: sha512-bPQOrcl0grCtTtTYoioigVYjmUQbVjSbtl3miNRwg2/qOXdBxj4kbMJ/SkFbJZicrYsDLVI+++O6n0yzmpANAw==
- fontsource-eb-garamond/5.0.12/greek-500.css: sha512-bqyo9ThaDlOuIWQXCvRreITplJkjKgSMUXBNVaQeRXHXz4hBsyYtvG55ebSPhIOvHs588osy/P+kQAkOf3kmWA==
- fontsource-eb-garamond/5.0.12/latin-ext-600.min.css: sha512-27kKycUop9LT67KH8ipaGqBgeufL5u4I0zHkCVncT0toYIdP2xBULmcZUaQ+QMKnjd6OFUqRETNFLWlM3+Vb/g==
- fontsource-eb-garamond/5.0.12/latin-ext-italic.min.css: sha512-FkeEcErJhc9fZd3Vbwhe7JCN2zEEfjpxUigYU6cy8t76/Daah1yRX2nFpcb5cwe9plnDrevnmeVx4YY8LLSgeA==
- fontsource-eb-garamond/5.0.12/latin-italic.min.css: sha512-dNVsiBk+A6UXovoIVGLlMcjL/Ze+7WwrU5aQj2X9ho3poldt6V7DvfFAQszU4izjwnqvMrOOpWKN8Gy/XniBBw==
- fontsource-eb-garamond/5.0.12/vietnamese.min.css: sha512-qRyZoNlJ3oYVk2LzmijrIaryxAFeCU08/74ZPt9yCQRHkFeLhrM/IaWPK5C1gLLZiHVpWATaFfZsQAUTT1+Ylg==
- fontsource-eb-garamond/5.0.12/600-italic.min.css: sha512-Zl6DaZ+uP1YVCv7j/GyQUXpwmq0kRKqaWLUPRETWfBj9PZ5tjTIqXz5bGoHNoAt6JtwPDE0YkQ2Pn0lfkjEGrg==
- fontsource-eb-garamond/5.0.12/greek-ext-600.min.css: sha512-8Axwa4ATkC1dY7n4R9FSXS+RELhHMkSZAs2J1BFGlX5JeTMPehxY8kF5zPUp0jasmDbJJcTKx5owdjiiNTLYyg==
- fontsource-eb-garamond/5.0.12/latin-ext-500.css: sha512-B230R5BpHA9WPI4vFsoWKyzylnmPZpTnyeJwrLZsuf6jOfRbcc1AMm7In2Vyz4GSQPlxxarfEPyt3VBMV46oug==
- fontsource-eb-garamond/5.0.12/cyrillic-600.css: sha512-ZobfaJV8BNYTMsitZT+WvEk0PIsnMIpKWeVcux4rWOjWJba4ho1dbofDjMxZsWptdY6N82zixVe/dyJvB5OwSg==
- fontsource-eb-garamond/5.0.12/greek-ext.min.css: sha512-eSh3NTzkmhappJ884kgZCF3cTA9Oz6FgIhwVniGRcE4OlzBtv2cVfxc1p8pKwsgl4KUCNy1AXS4w2bCQShq4MA==
- fontsource-eb-garamond/5.0.12/latin-400-italic.css: sha512-4h+RQy/WYtverI6IvaezZWQVdpuEiUez0BqpGoHb5l4puWj/UmwrdlELdVHfMY7u70FI5WgrRcpf2l5ekB39Jg==
- fontsource-eb-garamond/5.0.12/vietnamese-800.min.css: sha512-Agtfa32AfmXfaF8Xwc2V+5Vr92jiDC6ktUiTzHyOORJl4hkeWS5sjtlpjnmB6RTgN/rDToARp3Q23cncmhKQwQ==
- fontsource-eb-garamond/5.0.12/500-italic.min.css: sha512-R3Gq2lMznQqz+Ve3bdTmYg29WXgmNSr0SrYXR2eqZWy7HJiQS8x7SNdPbyyr1kkyQJBxZNxoa1Uw/NPCsvZP9A==
- fontsource-eb-garamond/5.0.12/cyrillic-ext-500-italic.css: sha512-sH7U141OJlt1rzebmQOemNV3iGLBCB1iSNeaFN/S8+XQIH8q+X4vrb7Hpj9RBtutqDrGgm12CUjUYFYWveSzHA==
- fontsource-eb-garamond/5.0.12/cyrillic-ext-700-italic.min.css: sha512-/RIVUXi1FcfzH+qy7LOQyvPMm7+OPwQvS2v2FycpyL9XU9Yu/s6j73kmIBZZPgHNzTo2SQWF5nmh4XSVlGpBBw==
- fontsource-eb-garamond/5.0.12/latin-ext-400.min.css: sha512-tVAoGmZsbwEjbwwBwsnHa9EF7XmOVjoIGypfrWgsOUkwMtKaHQfvt8eSHXbo8O+69Eyqin91SrSGDDmCWTrxKw==
- fontsource-eb-garamond/5.0.12/vietnamese-400.css: sha512-m8lclgc1bPhKzmzDWJQt1PZL2/wZ+JQc4lsNuPP2io4dK9p0LiYQx7LqmEwW0FONQKC/PuRA7O/JyF4yK7Znqw==
- fontsource-eb-garamond/5.0.12/greek-ext-400-italic.min.css: sha512-Z1lmh+75JloUUXgEoBPICdZwcmDC/0Rhbb4mWuHwMHBuIKaptMdMRMrJ3v9Px8U2Txn64xZ+cBOkemqs6t1+Dw==
- fontsource-eb-garamond/5.0.12/greek-ext-400.css: sha512-zQn3fFeSAV6XF70p7v+PGgEUjF+rwYOKVkCSJw0F3H6zKl8ujZLf7U6ZZUL1D4GR9zENtJFk4ajc9tTsXAu35A==
- fontsource-eb-garamond/5.0.12/index.css: sha512-jpTjsrSGbr4Htcb2fvGbWfhV0XXHHbu9Mxuzkm/o/Kbmap0C5Ez8p09gkT77tUNpF67SJr6jJZlsz5hKtN8qJA==
- fontsource-eb-garamond/5.0.12/cyrillic-500.min.css: sha512-tRQqH7mSFg5+R3cjMeHg1HIsCEONqUWQvjqeHRnuJlARgdWMzd5Kzc4xgHDd5dFpPtvwtDrv8G+PiRGQFJN9mQ==
- fontsource-eb-garamond/5.0.12/cyrillic-600-italic.min.css: sha512-PSZBxSEqddQPOtVL2v2ERjT4d+mWw0vxdq7/hTty4MwPV0AwEeE3dxYagMk9h1RSm+FWCGv9vrkJMM1Dfct7Qw==
- fontsource-eb-garamond/5.0.12/cyrillic-ext-500.min.css: sha512-tqs+0EaSP9E48B0533mFlUjqzdiZjpckVshF+CWDp1fhnxuAgWPWF4zkFQupqXuyH/fIeU+y9WWU/X6CnLnw1g==
- fontsource-eb-garamond/5.0.12/greek-400-italic.css: sha512-06KKcUP1rDahrpGwfTnwjEQf/er5b3w74BN4IOCxWy+4E2stLSUAMR90llMr/A51DLowNOUGi58AHpn1O4/MfA==
- fontsource-eb-garamond/5.0.12/greek-800.css: sha512-1fe6EpK6hNFawjDc2cvZgYFyjQv42/0uHg84tGcmXDF8Ja7Ct+RRElqAWap+DQ5qc7zhCH+7aEvrNljnqsrRtw==
- fontsource-eb-garamond/5.0.12/latin-ext.css: sha512-oFRjuXnERm5INgSo1x4RZaiMVFVDbvbHLlhA4+iNP8aF1A592McxBoRtmgzveofcNfWOBXp2B0FjO2GXwEahxw==
- fontsource-eb-garamond/5.0.12/vietnamese-700-italic.min.css: sha512-xE8SPlxvtCxHwU2c1UHY3VFvh8qw/X/1pFBqBXWNRnTts7gkr6GV7jx/L4gahDpVn3Vk1kJFghGUFlLji026oA==
