config: {"authors":[{"name":"Google Inc."}],"autoupdate":{"source":"npm","target":"@fontsource/gentium-book-plus","fileMap":[{"basePath":"","files":["*.css","files/*.@(woff|woff2)"]}],"excludeFromSearch":true},"description":"Self-host the Gentium Book Plus font in a neatly bundled NPM package.","filename":"index.css","homepage":"https://fontsource.org/fonts/gentium-book-plus","keywords":["fontsource","font","font family","google fonts","gentium-book-plus","Gentium Book Plus","css","sass","front-end","web","typeface","variable"],"license":"OFL-1.1","name":"fontsource-gentium-book-plus","repository":{"type":"git","url":"git+https://github.com/fontsource/font-files.git"},"author":"Google Inc."}
KV keys:
- fontsource-gentium-book-plus/4.5.1/400-italic.css.br
- fontsource-gentium-book-plus/4.5.1/400-italic.css.gz
- fontsource-gentium-book-plus/4.5.1/400-italic.min.css.br
- fontsource-gentium-book-plus/4.5.1/400-italic.min.css.gz
- fontsource-gentium-book-plus/4.5.1/400.css.br
- fontsource-gentium-book-plus/4.5.1/400.css.gz
- fontsource-gentium-book-plus/4.5.1/400.min.css.br
- fontsource-gentium-book-plus/4.5.1/400.min.css.gz
- fontsource-gentium-book-plus/4.5.1/700-italic.css.br
- fontsource-gentium-book-plus/4.5.1/700-italic.css.gz
- fontsource-gentium-book-plus/4.5.1/700-italic.min.css.br
- fontsource-gentium-book-plus/4.5.1/700-italic.min.css.gz
- fontsource-gentium-book-plus/4.5.1/700.css.br
- fontsource-gentium-book-plus/4.5.1/700.css.gz
- fontsource-gentium-book-plus/4.5.1/700.min.css.br
- fontsource-gentium-book-plus/4.5.1/700.min.css.gz
- fontsource-gentium-book-plus/4.5.1/cyrillic-400-italic.css.br
- fontsource-gentium-book-plus/4.5.1/cyrillic-400-italic.css.gz
- fontsource-gentium-book-plus/4.5.1/cyrillic-400-italic.min.css.br
- fontsource-gentium-book-plus/4.5.1/cyrillic-400-italic.min.css.gz
- fontsource-gentium-book-plus/4.5.1/cyrillic-400.css.br
- fontsource-gentium-book-plus/4.5.1/cyrillic-400.css.gz
- fontsource-gentium-book-plus/4.5.1/cyrillic-400.min.css.br
- fontsource-gentium-book-plus/4.5.1/cyrillic-400.min.css.gz
- fontsource-gentium-book-plus/4.5.1/cyrillic-700-italic.css.br
- fontsource-gentium-book-plus/4.5.1/cyrillic-700-italic.css.gz
- fontsource-gentium-book-plus/4.5.1/cyrillic-700-italic.min.css.br
- fontsource-gentium-book-plus/4.5.1/cyrillic-700-italic.min.css.gz
- fontsource-gentium-book-plus/4.5.1/cyrillic-700.css.br
- fontsource-gentium-book-plus/4.5.1/cyrillic-700.css.gz
- fontsource-gentium-book-plus/4.5.1/cyrillic-700.min.css.br
- fontsource-gentium-book-plus/4.5.1/cyrillic-700.min.css.gz
- fontsource-gentium-book-plus/4.5.1/cyrillic-ext-400-italic.css.br
- fontsource-gentium-book-plus/4.5.1/cyrillic-ext-400-italic.css.gz
- fontsource-gentium-book-plus/4.5.1/cyrillic-ext-400-italic.min.css.br
- fontsource-gentium-book-plus/4.5.1/cyrillic-ext-400-italic.min.css.gz
- fontsource-gentium-book-plus/4.5.1/cyrillic-ext-400.css.br
- fontsource-gentium-book-plus/4.5.1/cyrillic-ext-400.css.gz
- fontsource-gentium-book-plus/4.5.1/cyrillic-ext-400.min.css.br
- fontsource-gentium-book-plus/4.5.1/cyrillic-ext-400.min.css.gz
- fontsource-gentium-book-plus/4.5.1/cyrillic-ext-700-italic.css.br
- fontsource-gentium-book-plus/4.5.1/cyrillic-ext-700-italic.css.gz
- fontsource-gentium-book-plus/4.5.1/cyrillic-ext-700-italic.min.css.br
- fontsource-gentium-book-plus/4.5.1/cyrillic-ext-700-italic.min.css.gz
- fontsource-gentium-book-plus/4.5.1/cyrillic-ext-700.css.br
- fontsource-gentium-book-plus/4.5.1/cyrillic-ext-700.css.gz
- fontsource-gentium-book-plus/4.5.1/cyrillic-ext-700.min.css.br
- fontsource-gentium-book-plus/4.5.1/cyrillic-ext-700.min.css.gz
- fontsource-gentium-book-plus/4.5.1/cyrillic-ext.css.br
- fontsource-gentium-book-plus/4.5.1/cyrillic-ext.css.gz
- fontsource-gentium-book-plus/4.5.1/cyrillic-ext.min.css.br
- fontsource-gentium-book-plus/4.5.1/cyrillic-ext.min.css.gz
- fontsource-gentium-book-plus/4.5.1/cyrillic.css.br
- fontsource-gentium-book-plus/4.5.1/cyrillic.css.gz
- fontsource-gentium-book-plus/4.5.1/cyrillic.min.css.br
- fontsource-gentium-book-plus/4.5.1/cyrillic.min.css.gz
- fontsource-gentium-book-plus/4.5.1/files/gentium-book-plus-all-400-italic.woff.br
- fontsource-gentium-book-plus/4.5.1/files/gentium-book-plus-all-400-italic.woff.gz
- fontsource-gentium-book-plus/4.5.1/files/gentium-book-plus-all-400-normal.woff.br
- fontsource-gentium-book-plus/4.5.1/files/gentium-book-plus-all-400-normal.woff.gz
- fontsource-gentium-book-plus/4.5.1/files/gentium-book-plus-all-700-italic.woff.br
- fontsource-gentium-book-plus/4.5.1/files/gentium-book-plus-all-700-italic.woff.gz
- fontsource-gentium-book-plus/4.5.1/files/gentium-book-plus-all-700-normal.woff.br
- fontsource-gentium-book-plus/4.5.1/files/gentium-book-plus-all-700-normal.woff.gz
- fontsource-gentium-book-plus/4.5.1/files/gentium-book-plus-cyrillic-400-italic.woff.br
- fontsource-gentium-book-plus/4.5.1/files/gentium-book-plus-cyrillic-400-italic.woff.gz
- fontsource-gentium-book-plus/4.5.1/files/gentium-book-plus-cyrillic-400-italic.woff2
- fontsource-gentium-book-plus/4.5.1/files/gentium-book-plus-cyrillic-400-normal.woff.br
- fontsource-gentium-book-plus/4.5.1/files/gentium-book-plus-cyrillic-400-normal.woff.gz
- fontsource-gentium-book-plus/4.5.1/files/gentium-book-plus-cyrillic-400-normal.woff2
- fontsource-gentium-book-plus/4.5.1/files/gentium-book-plus-cyrillic-700-italic.woff.br
- fontsource-gentium-book-plus/4.5.1/files/gentium-book-plus-cyrillic-700-italic.woff.gz
- fontsource-gentium-book-plus/4.5.1/files/gentium-book-plus-cyrillic-700-italic.woff2
- fontsource-gentium-book-plus/4.5.1/files/gentium-book-plus-cyrillic-700-normal.woff.br
- fontsource-gentium-book-plus/4.5.1/files/gentium-book-plus-cyrillic-700-normal.woff.gz
- fontsource-gentium-book-plus/4.5.1/files/gentium-book-plus-cyrillic-700-normal.woff2
- fontsource-gentium-book-plus/4.5.1/files/gentium-book-plus-cyrillic-ext-400-italic.woff.br
- fontsource-gentium-book-plus/4.5.1/files/gentium-book-plus-cyrillic-ext-400-italic.woff.gz
- fontsource-gentium-book-plus/4.5.1/files/gentium-book-plus-cyrillic-ext-400-italic.woff2
- fontsource-gentium-book-plus/4.5.1/files/gentium-book-plus-cyrillic-ext-400-normal.woff.br
- fontsource-gentium-book-plus/4.5.1/files/gentium-book-plus-cyrillic-ext-400-normal.woff.gz
- fontsource-gentium-book-plus/4.5.1/files/gentium-book-plus-cyrillic-ext-400-normal.woff2
- fontsource-gentium-book-plus/4.5.1/files/gentium-book-plus-cyrillic-ext-700-italic.woff.br
- fontsource-gentium-book-plus/4.5.1/files/gentium-book-plus-cyrillic-ext-700-italic.woff.gz
- fontsource-gentium-book-plus/4.5.1/files/gentium-book-plus-cyrillic-ext-700-italic.woff2
- fontsource-gentium-book-plus/4.5.1/files/gentium-book-plus-cyrillic-ext-700-normal.woff.br
- fontsource-gentium-book-plus/4.5.1/files/gentium-book-plus-cyrillic-ext-700-normal.woff.gz
- fontsource-gentium-book-plus/4.5.1/files/gentium-book-plus-cyrillic-ext-700-normal.woff2
- fontsource-gentium-book-plus/4.5.1/files/gentium-book-plus-greek-400-italic.woff.br
- fontsource-gentium-book-plus/4.5.1/files/gentium-book-plus-greek-400-italic.woff.gz
- fontsource-gentium-book-plus/4.5.1/files/gentium-book-plus-greek-400-italic.woff2
- fontsource-gentium-book-plus/4.5.1/files/gentium-book-plus-greek-400-normal.woff.br
- fontsource-gentium-book-plus/4.5.1/files/gentium-book-plus-greek-400-normal.woff.gz
- fontsource-gentium-book-plus/4.5.1/files/gentium-book-plus-greek-400-normal.woff2
- fontsource-gentium-book-plus/4.5.1/files/gentium-book-plus-greek-700-italic.woff.br
- fontsource-gentium-book-plus/4.5.1/files/gentium-book-plus-greek-700-italic.woff.gz
- fontsource-gentium-book-plus/4.5.1/files/gentium-book-plus-greek-700-italic.woff2
- fontsource-gentium-book-plus/4.5.1/files/gentium-book-plus-greek-700-normal.woff.br
- fontsource-gentium-book-plus/4.5.1/files/gentium-book-plus-greek-700-normal.woff.gz
- fontsource-gentium-book-plus/4.5.1/files/gentium-book-plus-greek-700-normal.woff2
- fontsource-gentium-book-plus/4.5.1/files/gentium-book-plus-greek-ext-400-italic.woff.br
- fontsource-gentium-book-plus/4.5.1/files/gentium-book-plus-greek-ext-400-italic.woff.gz
- fontsource-gentium-book-plus/4.5.1/files/gentium-book-plus-greek-ext-400-italic.woff2
- fontsource-gentium-book-plus/4.5.1/files/gentium-book-plus-greek-ext-400-normal.woff.br
- fontsource-gentium-book-plus/4.5.1/files/gentium-book-plus-greek-ext-400-normal.woff.gz
- fontsource-gentium-book-plus/4.5.1/files/gentium-book-plus-greek-ext-400-normal.woff2
- fontsource-gentium-book-plus/4.5.1/files/gentium-book-plus-greek-ext-700-italic.woff.br
- fontsource-gentium-book-plus/4.5.1/files/gentium-book-plus-greek-ext-700-italic.woff.gz
- fontsource-gentium-book-plus/4.5.1/files/gentium-book-plus-greek-ext-700-italic.woff2
- fontsource-gentium-book-plus/4.5.1/files/gentium-book-plus-greek-ext-700-normal.woff.br
- fontsource-gentium-book-plus/4.5.1/files/gentium-book-plus-greek-ext-700-normal.woff.gz
- fontsource-gentium-book-plus/4.5.1/files/gentium-book-plus-greek-ext-700-normal.woff2
- fontsource-gentium-book-plus/4.5.1/files/gentium-book-plus-latin-400-italic.woff.br
- fontsource-gentium-book-plus/4.5.1/files/gentium-book-plus-latin-400-italic.woff.gz
- fontsource-gentium-book-plus/4.5.1/files/gentium-book-plus-latin-400-italic.woff2
- fontsource-gentium-book-plus/4.5.1/files/gentium-book-plus-latin-400-normal.woff.br
- fontsource-gentium-book-plus/4.5.1/files/gentium-book-plus-latin-400-normal.woff.gz
- fontsource-gentium-book-plus/4.5.1/files/gentium-book-plus-latin-400-normal.woff2
- fontsource-gentium-book-plus/4.5.1/files/gentium-book-plus-latin-700-italic.woff.br
- fontsource-gentium-book-plus/4.5.1/files/gentium-book-plus-latin-700-italic.woff.gz
- fontsource-gentium-book-plus/4.5.1/files/gentium-book-plus-latin-700-italic.woff2
- fontsource-gentium-book-plus/4.5.1/files/gentium-book-plus-latin-700-normal.woff.br
- fontsource-gentium-book-plus/4.5.1/files/gentium-book-plus-latin-700-normal.woff.gz
- fontsource-gentium-book-plus/4.5.1/files/gentium-book-plus-latin-700-normal.woff2
- fontsource-gentium-book-plus/4.5.1/files/gentium-book-plus-latin-ext-400-italic.woff.br
- fontsource-gentium-book-plus/4.5.1/files/gentium-book-plus-latin-ext-400-italic.woff.gz
- fontsource-gentium-book-plus/4.5.1/files/gentium-book-plus-latin-ext-400-italic.woff2
- fontsource-gentium-book-plus/4.5.1/files/gentium-book-plus-latin-ext-400-normal.woff.br
- fontsource-gentium-book-plus/4.5.1/files/gentium-book-plus-latin-ext-400-normal.woff.gz
- fontsource-gentium-book-plus/4.5.1/files/gentium-book-plus-latin-ext-400-normal.woff2
- fontsource-gentium-book-plus/4.5.1/files/gentium-book-plus-latin-ext-700-italic.woff.br
- fontsource-gentium-book-plus/4.5.1/files/gentium-book-plus-latin-ext-700-italic.woff.gz
- fontsource-gentium-book-plus/4.5.1/files/gentium-book-plus-latin-ext-700-italic.woff2
- fontsource-gentium-book-plus/4.5.1/files/gentium-book-plus-latin-ext-700-normal.woff.br
- fontsource-gentium-book-plus/4.5.1/files/gentium-book-plus-latin-ext-700-normal.woff.gz
- fontsource-gentium-book-plus/4.5.1/files/gentium-book-plus-latin-ext-700-normal.woff2
- fontsource-gentium-book-plus/4.5.1/files/gentium-book-plus-vietnamese-400-italic.woff.br
- fontsource-gentium-book-plus/4.5.1/files/gentium-book-plus-vietnamese-400-italic.woff.gz
- fontsource-gentium-book-plus/4.5.1/files/gentium-book-plus-vietnamese-400-italic.woff2
- fontsource-gentium-book-plus/4.5.1/files/gentium-book-plus-vietnamese-400-normal.woff.br
- fontsource-gentium-book-plus/4.5.1/files/gentium-book-plus-vietnamese-400-normal.woff.gz
- fontsource-gentium-book-plus/4.5.1/files/gentium-book-plus-vietnamese-400-normal.woff2
- fontsource-gentium-book-plus/4.5.1/files/gentium-book-plus-vietnamese-700-italic.woff.br
- fontsource-gentium-book-plus/4.5.1/files/gentium-book-plus-vietnamese-700-italic.woff.gz
- fontsource-gentium-book-plus/4.5.1/files/gentium-book-plus-vietnamese-700-italic.woff2
- fontsource-gentium-book-plus/4.5.1/files/gentium-book-plus-vietnamese-700-normal.woff.br
- fontsource-gentium-book-plus/4.5.1/files/gentium-book-plus-vietnamese-700-normal.woff.gz
- fontsource-gentium-book-plus/4.5.1/files/gentium-book-plus-vietnamese-700-normal.woff2
- fontsource-gentium-book-plus/4.5.1/greek-400-italic.css.br
- fontsource-gentium-book-plus/4.5.1/greek-400-italic.css.gz
- fontsource-gentium-book-plus/4.5.1/greek-400-italic.min.css.br
- fontsource-gentium-book-plus/4.5.1/greek-400-italic.min.css.gz
- fontsource-gentium-book-plus/4.5.1/greek-400.css.br
- fontsource-gentium-book-plus/4.5.1/greek-400.css.gz
- fontsource-gentium-book-plus/4.5.1/greek-400.min.css.br
- fontsource-gentium-book-plus/4.5.1/greek-400.min.css.gz
- fontsource-gentium-book-plus/4.5.1/greek-700-italic.css.br
- fontsource-gentium-book-plus/4.5.1/greek-700-italic.css.gz
- fontsource-gentium-book-plus/4.5.1/greek-700-italic.min.css.br
- fontsource-gentium-book-plus/4.5.1/greek-700-italic.min.css.gz
- fontsource-gentium-book-plus/4.5.1/greek-700.css.br
- fontsource-gentium-book-plus/4.5.1/greek-700.css.gz
- fontsource-gentium-book-plus/4.5.1/greek-700.min.css.br
- fontsource-gentium-book-plus/4.5.1/greek-700.min.css.gz
- fontsource-gentium-book-plus/4.5.1/greek-ext-400-italic.css.br
- fontsource-gentium-book-plus/4.5.1/greek-ext-400-italic.css.gz
- fontsource-gentium-book-plus/4.5.1/greek-ext-400-italic.min.css.br
- fontsource-gentium-book-plus/4.5.1/greek-ext-400-italic.min.css.gz
- fontsource-gentium-book-plus/4.5.1/greek-ext-400.css.br
- fontsource-gentium-book-plus/4.5.1/greek-ext-400.css.gz
- fontsource-gentium-book-plus/4.5.1/greek-ext-400.min.css.br
- fontsource-gentium-book-plus/4.5.1/greek-ext-400.min.css.gz
- fontsource-gentium-book-plus/4.5.1/greek-ext-700-italic.css.br
- fontsource-gentium-book-plus/4.5.1/greek-ext-700-italic.css.gz
- fontsource-gentium-book-plus/4.5.1/greek-ext-700-italic.min.css.br
- fontsource-gentium-book-plus/4.5.1/greek-ext-700-italic.min.css.gz
- fontsource-gentium-book-plus/4.5.1/greek-ext-700.css.br
- fontsource-gentium-book-plus/4.5.1/greek-ext-700.css.gz
- fontsource-gentium-book-plus/4.5.1/greek-ext-700.min.css.br
- fontsource-gentium-book-plus/4.5.1/greek-ext-700.min.css.gz
- fontsource-gentium-book-plus/4.5.1/greek-ext.css.br
- fontsource-gentium-book-plus/4.5.1/greek-ext.css.gz
- fontsource-gentium-book-plus/4.5.1/greek-ext.min.css.br
- fontsource-gentium-book-plus/4.5.1/greek-ext.min.css.gz
- fontsource-gentium-book-plus/4.5.1/greek.css.br
- fontsource-gentium-book-plus/4.5.1/greek.css.gz
- fontsource-gentium-book-plus/4.5.1/greek.min.css.br
- fontsource-gentium-book-plus/4.5.1/greek.min.css.gz
- fontsource-gentium-book-plus/4.5.1/index.css.br
- fontsource-gentium-book-plus/4.5.1/index.css.gz
- fontsource-gentium-book-plus/4.5.1/index.min.css.br
- fontsource-gentium-book-plus/4.5.1/index.min.css.gz
- fontsource-gentium-book-plus/4.5.1/latin-400-italic.css.br
- fontsource-gentium-book-plus/4.5.1/latin-400-italic.css.gz
- fontsource-gentium-book-plus/4.5.1/latin-400-italic.min.css.br
- fontsource-gentium-book-plus/4.5.1/latin-400-italic.min.css.gz
- fontsource-gentium-book-plus/4.5.1/latin-400.css.br
- fontsource-gentium-book-plus/4.5.1/latin-400.css.gz
- fontsource-gentium-book-plus/4.5.1/latin-400.min.css.br
- fontsource-gentium-book-plus/4.5.1/latin-400.min.css.gz
- fontsource-gentium-book-plus/4.5.1/latin-700-italic.css.br
- fontsource-gentium-book-plus/4.5.1/latin-700-italic.css.gz
- fontsource-gentium-book-plus/4.5.1/latin-700-italic.min.css.br
- fontsource-gentium-book-plus/4.5.1/latin-700-italic.min.css.gz
- fontsource-gentium-book-plus/4.5.1/latin-700.css.br
- fontsource-gentium-book-plus/4.5.1/latin-700.css.gz
- fontsource-gentium-book-plus/4.5.1/latin-700.min.css.br
- fontsource-gentium-book-plus/4.5.1/latin-700.min.css.gz
- fontsource-gentium-book-plus/4.5.1/latin-ext-400-italic.css.br
- fontsource-gentium-book-plus/4.5.1/latin-ext-400-italic.css.gz
- fontsource-gentium-book-plus/4.5.1/latin-ext-400-italic.min.css.br
- fontsource-gentium-book-plus/4.5.1/latin-ext-400-italic.min.css.gz
- fontsource-gentium-book-plus/4.5.1/latin-ext-400.css.br
- fontsource-gentium-book-plus/4.5.1/latin-ext-400.css.gz
- fontsource-gentium-book-plus/4.5.1/latin-ext-400.min.css.br
- fontsource-gentium-book-plus/4.5.1/latin-ext-400.min.css.gz
- fontsource-gentium-book-plus/4.5.1/latin-ext-700-italic.css.br
- fontsource-gentium-book-plus/4.5.1/latin-ext-700-italic.css.gz
- fontsource-gentium-book-plus/4.5.1/latin-ext-700-italic.min.css.br
- fontsource-gentium-book-plus/4.5.1/latin-ext-700-italic.min.css.gz
- fontsource-gentium-book-plus/4.5.1/latin-ext-700.css.br
- fontsource-gentium-book-plus/4.5.1/latin-ext-700.css.gz
- fontsource-gentium-book-plus/4.5.1/latin-ext-700.min.css.br
- fontsource-gentium-book-plus/4.5.1/latin-ext-700.min.css.gz
- fontsource-gentium-book-plus/4.5.1/latin-ext.css.br
- fontsource-gentium-book-plus/4.5.1/latin-ext.css.gz
- fontsource-gentium-book-plus/4.5.1/latin-ext.min.css.br
- fontsource-gentium-book-plus/4.5.1/latin-ext.min.css.gz
- fontsource-gentium-book-plus/4.5.1/latin.css.br
- fontsource-gentium-book-plus/4.5.1/latin.css.gz
- fontsource-gentium-book-plus/4.5.1/latin.min.css.br
- fontsource-gentium-book-plus/4.5.1/latin.min.css.gz
- fontsource-gentium-book-plus/4.5.1/vietnamese-400-italic.css.br
- fontsource-gentium-book-plus/4.5.1/vietnamese-400-italic.css.gz
- fontsource-gentium-book-plus/4.5.1/vietnamese-400-italic.min.css.br
- fontsource-gentium-book-plus/4.5.1/vietnamese-400-italic.min.css.gz
- fontsource-gentium-book-plus/4.5.1/vietnamese-400.css.br
- fontsource-gentium-book-plus/4.5.1/vietnamese-400.css.gz
- fontsource-gentium-book-plus/4.5.1/vietnamese-400.min.css.br
- fontsource-gentium-book-plus/4.5.1/vietnamese-400.min.css.gz
- fontsource-gentium-book-plus/4.5.1/vietnamese-700-italic.css.br
- fontsource-gentium-book-plus/4.5.1/vietnamese-700-italic.css.gz
- fontsource-gentium-book-plus/4.5.1/vietnamese-700-italic.min.css.br
- fontsource-gentium-book-plus/4.5.1/vietnamese-700-italic.min.css.gz
- fontsource-gentium-book-plus/4.5.1/vietnamese-700.css.br
- fontsource-gentium-book-plus/4.5.1/vietnamese-700.css.gz
- fontsource-gentium-book-plus/4.5.1/vietnamese-700.min.css.br
- fontsource-gentium-book-plus/4.5.1/vietnamese-700.min.css.gz
- fontsource-gentium-book-plus/4.5.1/vietnamese.css.br
- fontsource-gentium-book-plus/4.5.1/vietnamese.css.gz
- fontsource-gentium-book-plus/4.5.1/vietnamese.min.css.br
- fontsource-gentium-book-plus/4.5.1/vietnamese.min.css.gz
SRIs:
- fontsource-gentium-book-plus/4.5.1/greek-ext-700.css: sha512-XO1zoJ33vQjX97VfvKXRnWVA9hJO+RmX7AG5/N7SkY4RdH1EgUki5mogtwN5bCUZig0a45BhAnKHbFSOsHvN3Q==
- fontsource-gentium-book-plus/4.5.1/cyrillic-400.css: sha512-BVBDGyXRJAu3Nj0dv2jXlL9giM7Yo+Spwnyknnga0cXBSpsPeo6ToFq6erUOBnszJrpFQQVvqbB5RqE3VVcm1g==
- fontsource-gentium-book-plus/4.5.1/cyrillic-ext-400.min.css: sha512-lo/iECZEO2Tfp8A/Du+UUR+YWDclbdruKqH3VWp4HUEpZxkS9OZSKg+uv7ZSNHAd8Q9MOEOXbicDywWbFdJh/g==
- fontsource-gentium-book-plus/4.5.1/cyrillic-ext.css: sha512-FehEZnQfpX2Vmc6A6cuownHiC5FqJiNRHNgpY6sfEgC6u3kPm5dM8cejEQRtIy3MdqlXstKOvp3dclWJUHhpOQ==
- fontsource-gentium-book-plus/4.5.1/greek-ext-700-italic.css: sha512-hj/fSFYsZoQBG9Fbscm//aZpQpeBDtmp6CCww9nG8XQfvI8cupusj1ojC2sfGDTkCVsOBnUnQVBCAvJljsMm3A==
- fontsource-gentium-book-plus/4.5.1/greek-ext.css: sha512-IM8rxs+jrkG3xGpBWTWVWFdPaVvkGcosGonXb4J349GYOEJJBnUOqPzyK51EI1hig3kzYNJXUlplnlyBS3GVGA==
- fontsource-gentium-book-plus/4.5.1/greek.min.css: sha512-U3LjHqznLWsbisNI60RlMKhqI6KNNTJSvDzjwlQaVtqbxJmFIc7JslYBioZHXy6OahwiOvjGdxdCAM8shtTdiw==
- fontsource-gentium-book-plus/4.5.1/vietnamese-700-italic.css: sha512-jBdHvYjHI4SiyRC99bpLNyddHpk7taDn8cMXZ1YL/aZtDFTdawLbPOcWxQPsnhOc6vSv2gwxsfo/jaD1KsRxyg==
- fontsource-gentium-book-plus/4.5.1/vietnamese-700-italic.min.css: sha512-EhwdLF027YoMwO3egkW+zznIlPQrDWYcLAhFhbYk+9cc/jC6lW/DmIP8/mxSoOjX4suHPI9ZG2o4UBIFnL7wfQ==
- fontsource-gentium-book-plus/4.5.1/400-italic.css: sha512-hnDo1goQz4dfnHdsrceB5NL+dTf741AYI0DfQOhi7IvS37gwqbrZhvP3siuaDphpCtCvGXn4J5QScvTtjTDduQ==
- fontsource-gentium-book-plus/4.5.1/700-italic.min.css: sha512-fB/9d+OEmraoLBkRD3gQzkYrXBH1uU8uh0eNMWxOla0WTxszEXIXUnsa9IMBYqitbE7P3DHf9kZXGJxEoTTp6A==
- fontsource-gentium-book-plus/4.5.1/cyrillic-ext-400-italic.min.css: sha512-Q2as2AfoxplLK0b23LnI5xb8ae/2FtU7NaX+OmvRjM0n2miH0zolAhUzEjfV2OsRL8a9Lpy9r0ipiSw3wC9QXA==
- fontsource-gentium-book-plus/4.5.1/latin-ext-700.min.css: sha512-CtwGq5zyOkomgDOtV66kohXZfV4pOkZeRwh/brQZJWWmmJ+73sC6ZHW9zbifRvQfgWIALGKWcnswAYXGPq2gHw==
- fontsource-gentium-book-plus/4.5.1/vietnamese-700.min.css: sha512-S+hjsgqVgSC2mVHR+W+iGle1h63CcSY+AImuMXljIKKAsyqtqmuKgJenO9/J56ydwjuvCNmWJfkXpzGv/WWP7w==
- fontsource-gentium-book-plus/4.5.1/700.min.css: sha512-MYN/aW5asbMzCilp8/22FlyKSwKpVKtaYiQ3lxOXENbdwpv9xa0ngtJwHLuroDE+P4xNYM9AJWepi0KAupA3Mw==
- fontsource-gentium-book-plus/4.5.1/greek-400-italic.css: sha512-tYPBp43k+GDX/bsAZRw1xZkmgCCKXkuDsyhMa2Xj5HbNYjO2F1hRCEOL68y7/es/eQ469U/vlnzAvMiQbN4L7Q==
- fontsource-gentium-book-plus/4.5.1/latin-ext-400-italic.min.css: sha512-aHeFz2mhkUA3CTQwAeWr+spK17q1CoJ4R58DLD8FdfcWgy2bl4/82QF+d+53Thx2hdG9UcW82+XRf/OE8X/yvA==
- fontsource-gentium-book-plus/4.5.1/latin-ext-700-italic.css: sha512-y3N/WJj2iy5MVRtp09xCaMmrFaApXJaqmJaFmgk0s65zO/FHQ9gBL93MEVkBpecKfdrOxOaS+q5I5XdpWUp15g==
- fontsource-gentium-book-plus/4.5.1/latin-ext-700.css: sha512-47qJP15TQxr9fumS4xo/C+YKcQo5uE47Us0zl6lZBRYfTovxHCnsw6Q9AA888ttrfr1VOkAOJjKCeEIvZX3SQg==
- fontsource-gentium-book-plus/4.5.1/cyrillic-400.min.css: sha512-RY+GpxZBs4bYIFmpws59IcGlJvhF5KmVPz7rn1Lfln/ZtDr1yCtnJGLJqPKZ8UDr7e97IbY0oSN6cZIPpDWPew==
- fontsource-gentium-book-plus/4.5.1/cyrillic-ext-700.css: sha512-CvkMI4qE1Zrj6ec4IGngmDkwT/2I5k0Qwt+pnf3F/N/RcthqHZqbTGMlcdo5oulDzyyJR7B5JVluSPeY+zVxgA==
- fontsource-gentium-book-plus/4.5.1/greek-ext-400-italic.min.css: sha512-sH3hpy0pY+zwlY72/V4fKygBn7O4WzuKKB80S5yY+X+hsP8PY0BHb8FmrAuZx0XgSsXIoXMwgyg7Fvs7Kn26EQ==
- fontsource-gentium-book-plus/4.5.1/greek-ext-400-italic.css: sha512-XEDBDy4GnkHTQss1aOb1tt0anRdMXkxJOqY/qgpt+sW5SePOsVdlPdL8Ty91DRXWvmL6MRjFAtQbswbci0oOIA==
- fontsource-gentium-book-plus/4.5.1/index.css: sha512-HFlw1/uTlW5EIPeguY9mFk/VuztaL8+FVey6YVkd4O13oxunt9Vrb9FXhus5vh/F6dH4B0OsjCW8wagZxBJycg==
- fontsource-gentium-book-plus/4.5.1/latin-400.css: sha512-Vod7+iahIUB+pEXbnSVRpmQLdbnNJ0LaT42idPZTpJ5Fe9AqnNwxhuN4ibQ+KvquU0Zh2K7y1kgP22RS4OeCyg==
- fontsource-gentium-book-plus/4.5.1/vietnamese.min.css: sha512-JjT51xDXNFAgJ1RhqoHZK0astN5t+OyqEfnrl3PO1uo1f4S1Q7t+d7Sy2toaBHB1Ys98akSgHHHRCNyK+ZY1Pw==
- fontsource-gentium-book-plus/4.5.1/400.css: sha512-HFlw1/uTlW5EIPeguY9mFk/VuztaL8+FVey6YVkd4O13oxunt9Vrb9FXhus5vh/F6dH4B0OsjCW8wagZxBJycg==
- fontsource-gentium-book-plus/4.5.1/cyrillic-ext-700-italic.min.css: sha512-u/b6IuSV2ou3pM4YbRdirjmIVxwkm2S9BCSWpEf1iWYv0Gbkw3O9XuNXeRQbO3Bg33oqUJ9A1pH3a+Lc2doqyg==
- fontsource-gentium-book-plus/4.5.1/greek-400-italic.min.css: sha512-B9apaMm9ctBPgNizxk17KAAVywA0d9fU/svWjuqS0/Wvuic6fPiCKFiV6IpscFPdMuHL15Ks6qnUZQm1QumnkA==
- fontsource-gentium-book-plus/4.5.1/latin-ext-400.css: sha512-EdiqZsKyTPFvmA8/F78992k9G9YmZ5u4/nAyqIhUqVHmT8Rv96CvA+LqfzRf+ytwVShZlTvbk5QYYzOs18QMWg==
- fontsource-gentium-book-plus/4.5.1/vietnamese-400.css: sha512-dg9Ph8IWxBx2B43B6K/ndPywgwQ8+qS2/4LqsZwlCHlFac8sySl9dwc2Za3OJwg3PeGsffN92QQ0S63IaFj6QQ==
- fontsource-gentium-book-plus/4.5.1/700-italic.css: sha512-g102k9e6VQCCea1mOVhrLo6lxBB5Q7KlNvkuChcV4ihAZagtJv3tidXX1hsqm3JS/UXZSkvxFdpg6QFk6WKdJQ==
- fontsource-gentium-book-plus/4.5.1/cyrillic-ext-400-italic.css: sha512-gJxpqcRo1PN+W1ErEQCrPXp7ZX4wVtzByJNKtpfPjqv8kwNME8khSFg/QvFsoe0DfrntmmEjlY3mgYDIM8CODg==
- fontsource-gentium-book-plus/4.5.1/greek-ext.min.css: sha512-z3pXa5zAGKRmVvsUJsJs9cfvqnlJDLaoxUm0PlwRGAPaHrvL5BpuHEsQvnilY9J0THtG0A3Dya+dxs3uuuZMcw==
- fontsource-gentium-book-plus/4.5.1/index.min.css: sha512-JZvzZHkcNrUGOVorFVbl+hAsXzNLKv0pMv4xze4+dtppY9Mf33up6BKpwAPAsVvszyioIW3cFFDzj3DlXW1YpQ==
- fontsource-gentium-book-plus/4.5.1/latin-400.min.css: sha512-aiFKPNR8HFJXoIqqYPFXloKkinuHzgB7mCTv25EvBnUBtm7V29StFJokKZ5jTw3N3ZGVwP01Xc98v6z8aDgYEg==
- fontsource-gentium-book-plus/4.5.1/latin-ext-700-italic.min.css: sha512-pxCi0UxpccaNsBego3/Ko6NoyNwFYAx5yZmjolDBOTETmiWR4/SVVbxKzQPOziX2ndCMcT9TEOESIo/a/OEoDg==
- fontsource-gentium-book-plus/4.5.1/latin-ext.css: sha512-OCjgKUTi07pkDJYJ06PzahxHFR1PXvN20NDbiBBXU37q9Y9hjn5uEnOZpsttMiIWaD2y+qL1PsluT33DPUXB3w==
- fontsource-gentium-book-plus/4.5.1/latin-ext.min.css: sha512-6vmB0BawL6elWfxcinaeBVvSYQsbkJOJnPl1BOn/PJnL9fzrRHru6pj9vlM+5Md5GWhCdydDtbluUyKkU5Q48A==
- fontsource-gentium-book-plus/4.5.1/400-italic.min.css: sha512-sbo6keuUS+cyK7UQql8wdFTD/5YY5IAMA1NWnibulY2Goen9aSVQJblk7p34KrJiXWUhsTMbYjH4xK2Av3KKng==
- fontsource-gentium-book-plus/4.5.1/cyrillic-400-italic.min.css: sha512-vFOkcWEFajfuhvtjnPCrEf5kP8z8dr2lG2YqS33Qgs/g0f4pFEmeuw7rXdnl62eK531mpSZseAnpiAfzNEk8tA==
- fontsource-gentium-book-plus/4.5.1/cyrillic-ext-400.css: sha512-XWgWAZwp3m7etn4tMrZAGR7ZYAWcGSY4pID6SIbIm/8K6kys8DzOc0Uj7BLDy05zC9noiOPQS4/dcOTv8j0dNg==
- fontsource-gentium-book-plus/4.5.1/latin.min.css: sha512-2AWzH5Y0zh61DkrK9mQ1Lv60kIBQmaLXsXkGR3lrL5FvP8c9SKLkglAwJdzQLsIhLFX4oXnZ6tbCReyFkNpIzw==
- fontsource-gentium-book-plus/4.5.1/vietnamese-400-italic.min.css: sha512-tfQVhhvXvojDVYsrfYYyYUsoi13U/nXntLnji1Tkhkkr5Paj9dMFjARxzCYmCkuhZUvasIW3hzZtU2eJn47teQ==
- fontsource-gentium-book-plus/4.5.1/700.css: sha512-Zsrw9iBzZGIfMYLW+Er5G523HtuVufhm3SM+dUdph1LcOusWW6MSlWDzPus8eQ5fObl9XhcThoV92/6Qts94XA==
- fontsource-gentium-book-plus/4.5.1/greek-400.min.css: sha512-byK/883mk6Ze97InMhH3dJOtWgDTQJvnmD5WqckCffw9FkNyjIVODNJjxngly1G4m6UOA9S926b3cp/FpKR3Rg==
- fontsource-gentium-book-plus/4.5.1/greek-ext-700-italic.min.css: sha512-DUJPQwJDwABEp++nRSbAFTGmEdOlIT+O0+Db8mipa+3Aigm5McZ6+d01J2cMbKQMGBwHGiKx/j+ARh7jXSNsfg==
- fontsource-gentium-book-plus/4.5.1/greek-ext-700.min.css: sha512-mvElS+ZID+O/kSAjSmh5KcMKpPwUA78PkQ321GFE1XIclKrR4bjY9OcdQ90uwv9wy4lH+5cQubrRGLUnwHnvaQ==
- fontsource-gentium-book-plus/4.5.1/latin-400-italic.css: sha512-95c2A3YRuFt/4bcWvxR3pcp+/hevAfn30Rs4PzYuCrIUuQgFMKMhHLwW8P6bJqIUHAXj48VU+rNRsAIqRwV2VQ==
- fontsource-gentium-book-plus/4.5.1/latin-700-italic.css: sha512-aFX8VYNwKqsLivEb9mNzEw7mA3KHA+h6VtzY/95lmothYgUsRRRVDFi835KkRm7qRJhCV/K8fiZQOy2yaqSmfA==
- fontsource-gentium-book-plus/4.5.1/cyrillic-700.css: sha512-tWR9JCouAq2m7GMjWm23QI+zQ4oJKn8HA4mMVDff9EHJNvgzh/XrClon6p691HHZ7OM/lY21vu8MkYIR/FvSBw==
- fontsource-gentium-book-plus/4.5.1/cyrillic-ext-700-italic.css: sha512-Nms6CXveHKEz7WDPeLWrkuOmQ+JgSrXaf8jbs66LTKZ6UGhyQhZ+IAWp7hbwuyZX3KlXEt1rvuJmx6GzLX0UoQ==
- fontsource-gentium-book-plus/4.5.1/greek-700.min.css: sha512-KHWhCJvFxnSUv6SHmN1RJQfjSqXHrkoN2mPSsotOhjTiMxk4ckct0YPvxlkyCD5lDDXFt6rXuEBXXeY0QIrVmw==
- fontsource-gentium-book-plus/4.5.1/greek-700-italic.min.css: sha512-wyrSsLSWM/D6sjsXvz1a2HytudZN68REWxkvyzfk63+2bxsKQo8vCOZ5g1WK56V6gQ2q5KBhFA56mOmKd1pXVg==
- fontsource-gentium-book-plus/4.5.1/latin-400-italic.min.css: sha512-UvA+ueDDuH/lzIYYEPRJGjGGAdqc4KELtv4ROCAdO44SR9UiMlnJWJogwKkdOqlvARVVH8S4PJDFbIB7lGjf3Q==
- fontsource-gentium-book-plus/4.5.1/vietnamese.css: sha512-emMCCxJalaA8MD0e93YQwgrXRVKl51c7J8uXkGPFROkffU0Wa1ise89oknzpog9IM6ngBzjgijm+b+hxyjDTtw==
- fontsource-gentium-book-plus/4.5.1/cyrillic-400-italic.css: sha512-8YrolmAxA25AOGZaL1mMZ/TqszsRBzICHJu9bSbrptApbb2y+r7iWEK5bzMU0R3HHOnWQ0oAPs5KtC7u36mifg==
- fontsource-gentium-book-plus/4.5.1/cyrillic.min.css: sha512-o/5pMmB0A0crzMsroyAN1CL3aExefJqL3Swm6qUyJHOQIioMYgIQVHEvqh8ViuxWFOY0OVuCAu2KMdvwny/aLQ==
- fontsource-gentium-book-plus/4.5.1/greek-400.css: sha512-YQ9cFYMZnQPuLT13g+Uc8FVTzZUUiKLkfs3UYKOgubqLiSbqBuJVjhE7ftb7k0Pbck/mzD3OD7H/cBLrpcdTjA==
- fontsource-gentium-book-plus/4.5.1/cyrillic-ext.min.css: sha512-szL/NCkQ7qAUUflv6stQ3JBlGDFSc36opDtDwYW/VFauM1J37qHVyf5cUvcCcyIuepwpardJ/rkih1M+yA1VzQ==
- fontsource-gentium-book-plus/4.5.1/latin-700-italic.min.css: sha512-qbNM8o4p7Mm6ok/AZl4Cc6hno1gbSZc8TvNOBONL8PwWr2YLVgT5P+rZQcFq6hR/Wd/JxM90ETCbGE4XN3sVcQ==
- fontsource-gentium-book-plus/4.5.1/latin-ext-400.min.css: sha512-IgJywIcEVzaqhO4RYOiX/9oTpHf/IGBeBu4QiaEKq1i15Vl1jrt2kivuszaJiAjiMFtca/EyoCYsMluqwIj5EQ==
- fontsource-gentium-book-plus/4.5.1/400.min.css: sha512-JZvzZHkcNrUGOVorFVbl+hAsXzNLKv0pMv4xze4+dtppY9Mf33up6BKpwAPAsVvszyioIW3cFFDzj3DlXW1YpQ==
- fontsource-gentium-book-plus/4.5.1/cyrillic-700-italic.css: sha512-b2GNRxbsF+5PEsBb3Asybs3GV5lgkP0HGHQoUvY49E1OvYUZxtMfK3zn1JS2HBCrLrAKjJ0lzst9l/ViH2PVnA==
- fontsource-gentium-book-plus/4.5.1/cyrillic-ext-700.min.css: sha512-Fndizi1FrjnZL6aWwuL0j7OPDFHZU8sF8i9MHj9/i4Cy1L5ZvfXuyhZKaJ+DUV5c1+/c+fmLcXT3rTyJ8DbkuQ==
- fontsource-gentium-book-plus/4.5.1/greek-700.css: sha512-JOl5QiaQxXx4sZDoF3P+Z+XU1DnS4h3zTBZup5VDokRZfr+rM3BLuxoIBH3lFNOkkGZp7oGOxOTCxPXkfgN/lg==
- fontsource-gentium-book-plus/4.5.1/greek-ext-400.css: sha512-AVhFxSDkCR5EXtY9OgFs9EoCMoq8iQmtzqiwBK6QZwsiMYA1WGddzp6P0JUh9yhdufqP6LI2RziTsRYYFe7oaQ==
- fontsource-gentium-book-plus/4.5.1/latin.css: sha512-dkmyjMWuKBOoaGvsBcA2XR6/4O1szIL0BnHDFNLbcATAjplDEXJ2C8KQw/jGhrh9Rfw8A+LXazDx0Y11I/1x1Q==
- fontsource-gentium-book-plus/4.5.1/greek-ext-400.min.css: sha512-uEF43zX2FlnPr+vg9I6aTAnpOJF1GpeG72ISobXI5b18f7GNerwsCbyPZXRASwOUdBRLL6RWHTJEgsgkJB/V+g==
- fontsource-gentium-book-plus/4.5.1/greek.css: sha512-ksGAxsTLebsWgQslrLnD9gEaKpSDGz1KwX27MOnetuFE+q+FFGK01WRaE00WfgV2bAO/IrnSz0IX2pHbRh4//A==
- fontsource-gentium-book-plus/4.5.1/latin-ext-400-italic.css: sha512-78K+QCcZN6wM18Rgn8IgulOjMv4v5WWaaY9zpBuWiw31X/Kt1we7ZU3u5KVkJVc7d3z/QFotH9lOAfb30uoA9A==
- fontsource-gentium-book-plus/4.5.1/vietnamese-400-italic.css: sha512-1kNkDypGfG/R0Pul6ZljRTCI+b3wF9wSDs8rjnKyjEgoM6WHTKPnq78CIb67KtSs35a908focE6eclt6HXfyfg==
- fontsource-gentium-book-plus/4.5.1/vietnamese-700.css: sha512-n+wDeuOcupIbeIe/yEE/YxFbjsR5YFDbuWdFKc4YqVFL2qU4FqHqM7tJOsYj1wFqHe8ArtLf3HfG4TWT7Dyb0Q==
- fontsource-gentium-book-plus/4.5.1/cyrillic-700-italic.min.css: sha512-Zvy5sPOc03XMDC5BZUUpTxFoDDm8p/VQ7fyef6MdyEeKNr3+msH/JuutueRrlxq17Wy0m+zwQC7iKt/ZbA8e5Q==
- fontsource-gentium-book-plus/4.5.1/cyrillic.css: sha512-qYycg9U6V7Px/yu07YqcLFEkWFVvDla//K5lWE1M6WtwsghS4+vncAmodbTLMq7eESI/8gkD+5wdZKSIeq+g/g==
- fontsource-gentium-book-plus/4.5.1/greek-700-italic.css: sha512-t3I2gZuMBjg/wgE6CE1TEhFEYOBFsJnWs6T4HEr6uMICZW8D/sBqyjFAR5uxQo7srG+5pFW7nXIJLbYyICWsjg==
- fontsource-gentium-book-plus/4.5.1/vietnamese-400.min.css: sha512-MiDHADYDnEoV2NuQc8vgDi7qkBe9j93jKqPvGqt4rsV/VpXtJTGUYceTADnMEEifqX76JtffvtMXcKfo5U8YwQ==
- fontsource-gentium-book-plus/4.5.1/cyrillic-700.min.css: sha512-4l7Ht7G1vOXZh2BkJIo0qGpB5ODyoo4oUoPqJqVl1cemfQ785Jy76oLJtCqWU1AWj0HkQIdtoFKgzIqkCdaiJw==
- fontsource-gentium-book-plus/4.5.1/latin-700.css: sha512-M3gRFUbyzPE6hVjSf4gtSWIgOGP/F5ePU9Vnwb9y75kS0CulnFrPbN2Dee8XTa3+fXNIqkiTQ6XpehzhV5DSCA==
- fontsource-gentium-book-plus/4.5.1/latin-700.min.css: sha512-ExdXgHj4bdMlMkz6EkOf83i+zmd1q69pX1zQwS3HJ/hlT3NYPn6BwE9coyaRJ6QPtEgeYYARzEz2/wfCmlEEPg==
