config: {"authors":[{"name":"divawth","email":"752990270@qq.com"}],"autoupdate":{"source":"npm","target":"bell-ui","fileMap":[{"basePath":"dist","files":["*.js?(.map)","*.css","img/*.png","font/*.@(eot|svg|ttf|woff)"]}]},"description":"UI component library for yox.js","filename":"bell-ui.min.js","keywords":["yox","ui"],"license":"MIT","name":"bell-ui","repository":{"type":"git","url":"https://github.com/divawth/bell-ui.git"},"author":"divawth \u003c752990270@qq.com\u003e"}
KV keys:
- bell-ui/0.33.0/bell-ui-rollup.js.br
- bell-ui/0.33.0/bell-ui-rollup.js.gz
- bell-ui/0.33.0/bell-ui-rollup.js.map.br
- bell-ui/0.33.0/bell-ui-rollup.js.map.gz
- bell-ui/0.33.0/bell-ui-rollup.min.js.br
- bell-ui/0.33.0/bell-ui-rollup.min.js.gz
- bell-ui/0.33.0/bell-ui-rollup.min.js.map.br
- bell-ui/0.33.0/bell-ui-rollup.min.js.map.gz
- bell-ui/0.33.0/bell-ui.css.br
- bell-ui/0.33.0/bell-ui.css.gz
- bell-ui/0.33.0/bell-ui.js.br
- bell-ui/0.33.0/bell-ui.js.gz
- bell-ui/0.33.0/bell-ui.js.map.br
- bell-ui/0.33.0/bell-ui.js.map.gz
- bell-ui/0.33.0/bell-ui.min.css.br
- bell-ui/0.33.0/bell-ui.min.css.gz
- bell-ui/0.33.0/bell-ui.min.js.br
- bell-ui/0.33.0/bell-ui.min.js.gz
- bell-ui/0.33.0/font/bell-icon.eot.br
- bell-ui/0.33.0/font/bell-icon.eot.gz
- bell-ui/0.33.0/font/bell-icon.svg.br
- bell-ui/0.33.0/font/bell-icon.svg.gz
- bell-ui/0.33.0/font/bell-icon.ttf.br
- bell-ui/0.33.0/font/bell-icon.ttf.gz
- bell-ui/0.33.0/font/bell-icon.woff.br
- bell-ui/0.33.0/font/bell-icon.woff.gz
- bell-ui/0.33.0/img/empty-default.png.br
- bell-ui/0.33.0/img/empty-default.png.gz
- bell-ui/0.33.0/img/empty-default@2x.png.br
- bell-ui/0.33.0/img/empty-default@2x.png.gz
- bell-ui/0.33.0/img/empty-simple.png.br
- bell-ui/0.33.0/img/empty-simple.png.gz
- bell-ui/0.33.0/img/empty-simple@2x.png.br
- bell-ui/0.33.0/img/empty-simple@2x.png.gz
- bell-ui/0.33.0/img/exception-403.png.br
- bell-ui/0.33.0/img/exception-403.png.gz
- bell-ui/0.33.0/img/exception-403@2x.png.br
- bell-ui/0.33.0/img/exception-403@2x.png.gz
- bell-ui/0.33.0/img/exception-404.png.br
- bell-ui/0.33.0/img/exception-404.png.gz
- bell-ui/0.33.0/img/exception-404@2x.png.br
- bell-ui/0.33.0/img/exception-404@2x.png.gz
- bell-ui/0.33.0/img/exception-500.png.br
- bell-ui/0.33.0/img/exception-500.png.gz
- bell-ui/0.33.0/img/exception-500@2x.png.br
- bell-ui/0.33.0/img/exception-500@2x.png.gz
- bell-ui/0.33.0/img/image-placeholder-default.png.br
- bell-ui/0.33.0/img/image-placeholder-default.png.gz
- bell-ui/0.33.0/img/image-placeholder-default@2x.png.br
- bell-ui/0.33.0/img/image-placeholder-default@2x.png.gz
- bell-ui/0.33.0/img/image-placeholder-mini.png.br
- bell-ui/0.33.0/img/image-placeholder-mini.png.gz
- bell-ui/0.33.0/img/image-placeholder-mini@2x.png.br
- bell-ui/0.33.0/img/image-placeholder-mini@2x.png.gz
- bell-ui/0.33.0/img/image-placeholder-small.png.br
- bell-ui/0.33.0/img/image-placeholder-small.png.gz
- bell-ui/0.33.0/img/image-placeholder-small@2x.png.br
- bell-ui/0.33.0/img/image-placeholder-small@2x.png.gz
- bell-ui/0.33.0/img/video-placeholder-default.png.br
- bell-ui/0.33.0/img/video-placeholder-default.png.gz
- bell-ui/0.33.0/img/video-placeholder-default@2x.png.br
- bell-ui/0.33.0/img/video-placeholder-default@2x.png.gz
- bell-ui/0.33.0/img/video-placeholder-mini.png.br
- bell-ui/0.33.0/img/video-placeholder-mini.png.gz
- bell-ui/0.33.0/img/video-placeholder-mini@2x.png.br
- bell-ui/0.33.0/img/video-placeholder-mini@2x.png.gz
- bell-ui/0.33.0/img/video-placeholder-small.png.br
- bell-ui/0.33.0/img/video-placeholder-small.png.gz
- bell-ui/0.33.0/img/video-placeholder-small@2x.png.br
- bell-ui/0.33.0/img/video-placeholder-small@2x.png.gz
SRIs:
- bell-ui/0.33.0/bell-ui.js: sha512-WpE1ptjB62M2r1T4yBBUKj0cVBcoqe2rqC5jg8tQFallPcJ4pNXLpThl3w62Kvh36k6lfWqQITjNWq+Oo9K9GA==
- bell-ui/0.33.0/bell-ui.min.css: sha512-wovly3qX0K/gC8M/NTJkgN6/jrWw4rGrAkLgALGNRRkSVtXVhKf3ODm/Z8kSsSvqSvqtVrEyJFH62zeQPaRW5A==
- bell-ui/0.33.0/bell-ui.min.js: sha512-Tr3pS5xAQZaawZjp05y0b//09iCat6HkDNfTvuBCPZ5YyrcCv0lTfV+D7n+Z8M1CwEYC5woyNFi0tApDmyDgdA==
- bell-ui/0.33.0/bell-ui-rollup.js: sha512-sx1ftkVs/nS7IXLaFVWvNFAB3fvWWnqq8E4ENMpsmDXu3oVYTSvAVGL+sRyQMAPmVpp/lUggVYg2MkYra9s34g==
- bell-ui/0.33.0/bell-ui-rollup.min.js: sha512-oOYI3vSW8nSdXGsV1ffsuv8WYdr3SkXP3OSM6yrjT82dO0ONmKVw5DqJSSiFZv1L8e/zbMiFXn6eEu5V3k6e9g==
- bell-ui/0.33.0/bell-ui.css: sha512-V/5df4SVg67sbV9+rgvh4J0Pj96xr5zaFav9MeDWw+WbWy8g0UTzCI/gFTDjclaF4gWp2lWYG9hNsi8Hk5jQlg==
