config: {"authors":[{"name":"Francisco Hodge","email":"hello@franciscohodge.com","url":"https://github.com/hodgef"}],"autoupdate":{"source":"npm","target":"simple-keyboard","fileMap":[{"basePath":"build","files":["*.js","css/*.css","types/*.d.ts"]}]},"description":"On-screen Javascript Virtual Keyboard","filename":"index.js","homepage":"https://virtual-keyboard.js.org/","keywords":["javascript","es6","digital","keyboard","onscreen","virtual","screen-keyboard","component","virtual-keyboard","touchscreen","touch-screen","kiosk","osk","js"],"license":"MIT","name":"simple-keyboard","repository":{"type":"git","url":"git+https://github.com/hodgef/simple-keyboard.git"},"author":"Francisco Hodge \u003chello@franciscohodge.com\u003e (https://github.com/hodgef)"}
KV keys:
- simple-keyboard/3.4.185/css/index.css.br
- simple-keyboard/3.4.185/css/index.css.gz
- simple-keyboard/3.4.185/css/index.min.css.br
- simple-keyboard/3.4.185/css/index.min.css.gz
- simple-keyboard/3.4.185/index.js.br
- simple-keyboard/3.4.185/index.js.gz
- simple-keyboard/3.4.185/index.min.js.br
- simple-keyboard/3.4.185/index.min.js.gz
- simple-keyboard/3.4.185/index.modern.js.br
- simple-keyboard/3.4.185/index.modern.js.gz
- simple-keyboard/3.4.185/index.modern.min.js.br
- simple-keyboard/3.4.185/index.modern.min.js.gz
SRIs:
- simple-keyboard/3.4.185/css/index.min.css: sha512-EIIQ7Pe5ZXGruatU6+GPSVB3gxyvD2FHCWWxeGSDPGcfGAjOVgT3UWC6MdGllOPi7zhX9JSqnx/UGC1lAvW8bA==
- simple-keyboard/3.4.185/index.js: sha512-G0+bcJgszzEUJIwQy/6hFTdPHGMOMT5sCqUFZVvifSfX3IwcN289YEPAuyPhCIdaR9COZ5nrmHPx9iJN3+L7aA==
- simple-keyboard/3.4.185/index.min.js: sha512-XQi4UR2wG1w9ZW7LP77BM5xoCHa9haEg9gUVOfdzEL7qkbW4jljzsN97d2UxdHZxH7h/hgX8B+Aeva/sSE8foQ==
- simple-keyboard/3.4.185/index.modern.js: sha512-Tg+HWnID/XcOh9G+riMR7W6gc7iztHdCKu6RSQEXmiAW2Zy1M1kBWO0I/oow4qPa+Ld4DmZC9fb6dLjWE65YJA==
- simple-keyboard/3.4.185/index.modern.min.js: sha512-lcZHx2+GVLNE/c+pXFoiejC0oTos8qcKyD3Nh7l5A11zCLemgJqFuH5OxwVTUU5H94Jwjfjsl47xv0/3B9EzCg==
- simple-keyboard/3.4.185/css/index.css: sha512-p/s8v7AeraOpjCdo6RXAhYgZ0MfkGul0qgfBSRocQncmn49JH4U1KHDosEaSK1uDzqDxPpGRnxIcuEkaPK4rUA==
