Files:
- fontsource-laila/5.0.18/300.css.br
- fontsource-laila/5.0.18/300.min.css.br
- fontsource-laila/5.0.18/400.css.br
- fontsource-laila/5.0.18/400.min.css.br
- fontsource-laila/5.0.18/500.css.br
- fontsource-laila/5.0.18/500.min.css.br
- fontsource-laila/5.0.18/600.css.br
- fontsource-laila/5.0.18/600.min.css.br
- fontsource-laila/5.0.18/700.css.br
- fontsource-laila/5.0.18/700.min.css.br
- fontsource-laila/5.0.18/devanagari-300.css.br
- fontsource-laila/5.0.18/devanagari-300.min.css.br
- fontsource-laila/5.0.18/devanagari-400.css.br
- fontsource-laila/5.0.18/devanagari-400.min.css.br
- fontsource-laila/5.0.18/devanagari-500.css.br
- fontsource-laila/5.0.18/devanagari-500.min.css.br
- fontsource-laila/5.0.18/devanagari-600.css.br
- fontsource-laila/5.0.18/devanagari-600.min.css.br
- fontsource-laila/5.0.18/devanagari-700.css.br
- fontsource-laila/5.0.18/devanagari-700.min.css.br
- fontsource-laila/5.0.18/devanagari.css.br
- fontsource-laila/5.0.18/devanagari.min.css.br
- fontsource-laila/5.0.18/files/laila-devanagari-300-normal.woff.br
- fontsource-laila/5.0.18/files/laila-devanagari-400-normal.woff.br
- fontsource-laila/5.0.18/files/laila-devanagari-500-normal.woff.br
- fontsource-laila/5.0.18/files/laila-devanagari-600-normal.woff.br
- fontsource-laila/5.0.18/files/laila-devanagari-700-normal.woff.br
- fontsource-laila/5.0.18/files/laila-latin-300-normal.woff.br
- fontsource-laila/5.0.18/files/laila-latin-400-normal.woff.br
- fontsource-laila/5.0.18/files/laila-latin-500-normal.woff.br
- fontsource-laila/5.0.18/files/laila-latin-600-normal.woff.br
- fontsource-laila/5.0.18/files/laila-latin-700-normal.woff.br
- fontsource-laila/5.0.18/files/laila-latin-ext-300-normal.woff.br
- fontsource-laila/5.0.18/files/laila-latin-ext-400-normal.woff.br
- fontsource-laila/5.0.18/files/laila-latin-ext-500-normal.woff.br
- fontsource-laila/5.0.18/files/laila-latin-ext-600-normal.woff.br
- fontsource-laila/5.0.18/files/laila-latin-ext-700-normal.woff.br
- fontsource-laila/5.0.18/index.css.br
- fontsource-laila/5.0.18/index.min.css.br
- fontsource-laila/5.0.18/latin-300.css.br
- fontsource-laila/5.0.18/latin-300.min.css.br
- fontsource-laila/5.0.18/latin-400.css.br
- fontsource-laila/5.0.18/latin-400.min.css.br
- fontsource-laila/5.0.18/latin-500.css.br
- fontsource-laila/5.0.18/latin-500.min.css.br
- fontsource-laila/5.0.18/latin-600.css.br
- fontsource-laila/5.0.18/latin-600.min.css.br
- fontsource-laila/5.0.18/latin-700.css.br
- fontsource-laila/5.0.18/latin-700.min.css.br
- fontsource-laila/5.0.18/latin-ext-300.css.br
- fontsource-laila/5.0.18/latin-ext-300.min.css.br
- fontsource-laila/5.0.18/latin-ext-400.css.br
- fontsource-laila/5.0.18/latin-ext-400.min.css.br
- fontsource-laila/5.0.18/latin-ext-500.css.br
- fontsource-laila/5.0.18/latin-ext-500.min.css.br
- fontsource-laila/5.0.18/latin-ext-600.css.br
- fontsource-laila/5.0.18/latin-ext-600.min.css.br
- fontsource-laila/5.0.18/latin-ext-700.css.br
- fontsource-laila/5.0.18/latin-ext-700.min.css.br
- fontsource-laila/5.0.18/latin-ext.css.br
- fontsource-laila/5.0.18/latin-ext.min.css.br
- fontsource-laila/5.0.18/latin.css.br
- fontsource-laila/5.0.18/latin.min.css.br
