config: {"authors":[{"name":"t4t5 \u0026 limonte"}],"autoupdate":{"source":"npm","target":"sweetalert2","fileMap":[{"basePath":"dist","files":["**/*.@(js|css)"]}]},"description":"A beautiful, responsive, customizable and accessible (WAI-ARIA) replacement for JavaScript's popup boxes, supported fork of sweetalert","filename":"sweetalert2.min.js","homepage":"https://sweetalert2.github.io/","keywords":["JavaScript","SweetAlert","SweetAlert2","alert","prompt"],"license":"MIT","name":"limonte-sweetalert2","repository":{"type":"git","url":"https://github.com/sweetalert2/sweetalert2.git"},"author":"t4t5 \u0026 limonte"}
KV keys:
- limonte-sweetalert2/11.0.6/sweetalert2.all.js.br
- limonte-sweetalert2/11.0.6/sweetalert2.all.js.gz
- limonte-sweetalert2/11.0.6/sweetalert2.all.min.js.br
- limonte-sweetalert2/11.0.6/sweetalert2.all.min.js.gz
- limonte-sweetalert2/11.0.6/sweetalert2.css.br
- limonte-sweetalert2/11.0.6/sweetalert2.css.gz
- limonte-sweetalert2/11.0.6/sweetalert2.js.br
- limonte-sweetalert2/11.0.6/sweetalert2.js.gz
- limonte-sweetalert2/11.0.6/sweetalert2.min.css.br
- limonte-sweetalert2/11.0.6/sweetalert2.min.css.gz
- limonte-sweetalert2/11.0.6/sweetalert2.min.js.br
- limonte-sweetalert2/11.0.6/sweetalert2.min.js.gz
SRIs:
- limonte-sweetalert2/11.0.6/sweetalert2.min.css: sha512-iuMkf48pM/TdH5DQkNPLWPLIUsVCncQEpuxgcMq/oDmJepdFcu48Wy4MwXggN9WFb4L6rpXQf5YJE/+OXkM1Lw==
- limonte-sweetalert2/11.0.6/sweetalert2.min.js: sha512-WrWL0HFmRt8gy0zGIFB5pZg+lI/Bdp4iXqXCJEItYqeuICmOlPOyhn2hG3X+/o19B7HIlwKeKRXTjkuHzkhlqQ==
- limonte-sweetalert2/11.0.6/sweetalert2.all.js: sha512-e3PIOJ0DO6382+QBNljSXMKXpfqQ6KCqvAippvmlS0eWbOkOFil483Uy2+WgMtVpt10UBGI9puErSmOutUwmXw==
- limonte-sweetalert2/11.0.6/sweetalert2.all.min.js: sha512-blV7NOh3UFoJnndM0/RnIt0wSjJl2SsZc684LlpIa173Col0KPwLB9NoPQdKlMtzc+7LfErRQjEAnWS7JBjkxg==
- limonte-sweetalert2/11.0.6/sweetalert2.css: sha512-RS1E7VTq+q/sM0LogtWnvuXvfhs3JwPVJr4P9GAV3bGoIaaVhJNhSC8BVbPac1aXrzD3njrBpq7PbENlzmT8RQ==
- limonte-sweetalert2/11.0.6/sweetalert2.js: sha512-ZBdmEdgJMr9OgpQMETMCkJYpi9Lfy2JJHlH6Fndc5va1iGyBgTFuQlee2KA7ym4P3OaKfVKu5oTBeOoC80nZuQ==
