config: {"authors":[{"name":"Google Inc."}],"autoupdate":{"source":"npm","target":"@fontsource/cormorant-upright","fileMap":[{"basePath":"","files":["*.css","files/*.@(woff|woff2)"]}],"excludeFromSearch":true},"description":"Self-host the Cormorant Upright font in a neatly bundled NPM package.","filename":"index.css","homepage":"https://fontsource.org/fonts/cormorant-upright","keywords":["fontsource","font","font family","google fonts","cormorant-upright","Cormorant Upright","css","sass","front-end","web","typeface","variable"],"license":"OFL-1.1","name":"fontsource-cormorant-upright","repository":{"type":"git","url":"git+https://github.com/fontsource/font-files.git"},"author":"Google Inc."}
KV keys:
- fontsource-cormorant-upright/5.0.14/300.css.br
- fontsource-cormorant-upright/5.0.14/300.css.gz
- fontsource-cormorant-upright/5.0.14/300.min.css.br
- fontsource-cormorant-upright/5.0.14/300.min.css.gz
- fontsource-cormorant-upright/5.0.14/400.css.br
- fontsource-cormorant-upright/5.0.14/400.css.gz
- fontsource-cormorant-upright/5.0.14/400.min.css.br
- fontsource-cormorant-upright/5.0.14/400.min.css.gz
- fontsource-cormorant-upright/5.0.14/500.css.br
- fontsource-cormorant-upright/5.0.14/500.css.gz
- fontsource-cormorant-upright/5.0.14/500.min.css.br
- fontsource-cormorant-upright/5.0.14/500.min.css.gz
- fontsource-cormorant-upright/5.0.14/600.css.br
- fontsource-cormorant-upright/5.0.14/600.css.gz
- fontsource-cormorant-upright/5.0.14/600.min.css.br
- fontsource-cormorant-upright/5.0.14/600.min.css.gz
- fontsource-cormorant-upright/5.0.14/700.css.br
- fontsource-cormorant-upright/5.0.14/700.css.gz
- fontsource-cormorant-upright/5.0.14/700.min.css.br
- fontsource-cormorant-upright/5.0.14/700.min.css.gz
- fontsource-cormorant-upright/5.0.14/files/cormorant-upright-latin-300-normal.woff.br
- fontsource-cormorant-upright/5.0.14/files/cormorant-upright-latin-300-normal.woff.gz
- fontsource-cormorant-upright/5.0.14/files/cormorant-upright-latin-300-normal.woff2
- fontsource-cormorant-upright/5.0.14/files/cormorant-upright-latin-400-normal.woff.br
- fontsource-cormorant-upright/5.0.14/files/cormorant-upright-latin-400-normal.woff.gz
- fontsource-cormorant-upright/5.0.14/files/cormorant-upright-latin-400-normal.woff2
- fontsource-cormorant-upright/5.0.14/files/cormorant-upright-latin-500-normal.woff.br
- fontsource-cormorant-upright/5.0.14/files/cormorant-upright-latin-500-normal.woff.gz
- fontsource-cormorant-upright/5.0.14/files/cormorant-upright-latin-500-normal.woff2
- fontsource-cormorant-upright/5.0.14/files/cormorant-upright-latin-600-normal.woff.br
- fontsource-cormorant-upright/5.0.14/files/cormorant-upright-latin-600-normal.woff.gz
- fontsource-cormorant-upright/5.0.14/files/cormorant-upright-latin-600-normal.woff2
- fontsource-cormorant-upright/5.0.14/files/cormorant-upright-latin-700-normal.woff.br
- fontsource-cormorant-upright/5.0.14/files/cormorant-upright-latin-700-normal.woff.gz
- fontsource-cormorant-upright/5.0.14/files/cormorant-upright-latin-700-normal.woff2
- fontsource-cormorant-upright/5.0.14/files/cormorant-upright-latin-ext-300-normal.woff.br
- fontsource-cormorant-upright/5.0.14/files/cormorant-upright-latin-ext-300-normal.woff.gz
- fontsource-cormorant-upright/5.0.14/files/cormorant-upright-latin-ext-300-normal.woff2
- fontsource-cormorant-upright/5.0.14/files/cormorant-upright-latin-ext-400-normal.woff.br
- fontsource-cormorant-upright/5.0.14/files/cormorant-upright-latin-ext-400-normal.woff.gz
- fontsource-cormorant-upright/5.0.14/files/cormorant-upright-latin-ext-400-normal.woff2
- fontsource-cormorant-upright/5.0.14/files/cormorant-upright-latin-ext-500-normal.woff.br
- fontsource-cormorant-upright/5.0.14/files/cormorant-upright-latin-ext-500-normal.woff.gz
- fontsource-cormorant-upright/5.0.14/files/cormorant-upright-latin-ext-500-normal.woff2
- fontsource-cormorant-upright/5.0.14/files/cormorant-upright-latin-ext-600-normal.woff.br
- fontsource-cormorant-upright/5.0.14/files/cormorant-upright-latin-ext-600-normal.woff.gz
- fontsource-cormorant-upright/5.0.14/files/cormorant-upright-latin-ext-600-normal.woff2
- fontsource-cormorant-upright/5.0.14/files/cormorant-upright-latin-ext-700-normal.woff.br
- fontsource-cormorant-upright/5.0.14/files/cormorant-upright-latin-ext-700-normal.woff.gz
- fontsource-cormorant-upright/5.0.14/files/cormorant-upright-latin-ext-700-normal.woff2
- fontsource-cormorant-upright/5.0.14/files/cormorant-upright-vietnamese-300-normal.woff.br
- fontsource-cormorant-upright/5.0.14/files/cormorant-upright-vietnamese-300-normal.woff.gz
- fontsource-cormorant-upright/5.0.14/files/cormorant-upright-vietnamese-300-normal.woff2
- fontsource-cormorant-upright/5.0.14/files/cormorant-upright-vietnamese-400-normal.woff.br
- fontsource-cormorant-upright/5.0.14/files/cormorant-upright-vietnamese-400-normal.woff.gz
- fontsource-cormorant-upright/5.0.14/files/cormorant-upright-vietnamese-400-normal.woff2
- fontsource-cormorant-upright/5.0.14/files/cormorant-upright-vietnamese-500-normal.woff.br
- fontsource-cormorant-upright/5.0.14/files/cormorant-upright-vietnamese-500-normal.woff.gz
- fontsource-cormorant-upright/5.0.14/files/cormorant-upright-vietnamese-500-normal.woff2
- fontsource-cormorant-upright/5.0.14/files/cormorant-upright-vietnamese-600-normal.woff.br
- fontsource-cormorant-upright/5.0.14/files/cormorant-upright-vietnamese-600-normal.woff.gz
- fontsource-cormorant-upright/5.0.14/files/cormorant-upright-vietnamese-600-normal.woff2
- fontsource-cormorant-upright/5.0.14/files/cormorant-upright-vietnamese-700-normal.woff.br
- fontsource-cormorant-upright/5.0.14/files/cormorant-upright-vietnamese-700-normal.woff.gz
- fontsource-cormorant-upright/5.0.14/files/cormorant-upright-vietnamese-700-normal.woff2
- fontsource-cormorant-upright/5.0.14/index.css.br
- fontsource-cormorant-upright/5.0.14/index.css.gz
- fontsource-cormorant-upright/5.0.14/index.min.css.br
- fontsource-cormorant-upright/5.0.14/index.min.css.gz
- fontsource-cormorant-upright/5.0.14/latin-300.css.br
- fontsource-cormorant-upright/5.0.14/latin-300.css.gz
- fontsource-cormorant-upright/5.0.14/latin-300.min.css.br
- fontsource-cormorant-upright/5.0.14/latin-300.min.css.gz
- fontsource-cormorant-upright/5.0.14/latin-400.css.br
- fontsource-cormorant-upright/5.0.14/latin-400.css.gz
- fontsource-cormorant-upright/5.0.14/latin-400.min.css.br
- fontsource-cormorant-upright/5.0.14/latin-400.min.css.gz
- fontsource-cormorant-upright/5.0.14/latin-500.css.br
- fontsource-cormorant-upright/5.0.14/latin-500.css.gz
- fontsource-cormorant-upright/5.0.14/latin-500.min.css.br
- fontsource-cormorant-upright/5.0.14/latin-500.min.css.gz
- fontsource-cormorant-upright/5.0.14/latin-600.css.br
- fontsource-cormorant-upright/5.0.14/latin-600.css.gz
- fontsource-cormorant-upright/5.0.14/latin-600.min.css.br
- fontsource-cormorant-upright/5.0.14/latin-600.min.css.gz
- fontsource-cormorant-upright/5.0.14/latin-700.css.br
- fontsource-cormorant-upright/5.0.14/latin-700.css.gz
- fontsource-cormorant-upright/5.0.14/latin-700.min.css.br
- fontsource-cormorant-upright/5.0.14/latin-700.min.css.gz
- fontsource-cormorant-upright/5.0.14/latin-ext-300.css.br
- fontsource-cormorant-upright/5.0.14/latin-ext-300.css.gz
- fontsource-cormorant-upright/5.0.14/latin-ext-300.min.css.br
- fontsource-cormorant-upright/5.0.14/latin-ext-300.min.css.gz
- fontsource-cormorant-upright/5.0.14/latin-ext-400.css.br
- fontsource-cormorant-upright/5.0.14/latin-ext-400.css.gz
- fontsource-cormorant-upright/5.0.14/latin-ext-400.min.css.br
- fontsource-cormorant-upright/5.0.14/latin-ext-400.min.css.gz
- fontsource-cormorant-upright/5.0.14/latin-ext-500.css.br
- fontsource-cormorant-upright/5.0.14/latin-ext-500.css.gz
- fontsource-cormorant-upright/5.0.14/latin-ext-500.min.css.br
- fontsource-cormorant-upright/5.0.14/latin-ext-500.min.css.gz
- fontsource-cormorant-upright/5.0.14/latin-ext-600.css.br
- fontsource-cormorant-upright/5.0.14/latin-ext-600.css.gz
- fontsource-cormorant-upright/5.0.14/latin-ext-600.min.css.br
- fontsource-cormorant-upright/5.0.14/latin-ext-600.min.css.gz
- fontsource-cormorant-upright/5.0.14/latin-ext-700.css.br
- fontsource-cormorant-upright/5.0.14/latin-ext-700.css.gz
- fontsource-cormorant-upright/5.0.14/latin-ext-700.min.css.br
- fontsource-cormorant-upright/5.0.14/latin-ext-700.min.css.gz
- fontsource-cormorant-upright/5.0.14/latin-ext.css.br
- fontsource-cormorant-upright/5.0.14/latin-ext.css.gz
- fontsource-cormorant-upright/5.0.14/latin-ext.min.css.br
- fontsource-cormorant-upright/5.0.14/latin-ext.min.css.gz
- fontsource-cormorant-upright/5.0.14/latin.css.br
- fontsource-cormorant-upright/5.0.14/latin.css.gz
- fontsource-cormorant-upright/5.0.14/latin.min.css.br
- fontsource-cormorant-upright/5.0.14/latin.min.css.gz
- fontsource-cormorant-upright/5.0.14/vietnamese-300.css.br
- fontsource-cormorant-upright/5.0.14/vietnamese-300.css.gz
- fontsource-cormorant-upright/5.0.14/vietnamese-300.min.css.br
- fontsource-cormorant-upright/5.0.14/vietnamese-300.min.css.gz
- fontsource-cormorant-upright/5.0.14/vietnamese-400.css.br
- fontsource-cormorant-upright/5.0.14/vietnamese-400.css.gz
- fontsource-cormorant-upright/5.0.14/vietnamese-400.min.css.br
- fontsource-cormorant-upright/5.0.14/vietnamese-400.min.css.gz
- fontsource-cormorant-upright/5.0.14/vietnamese-500.css.br
- fontsource-cormorant-upright/5.0.14/vietnamese-500.css.gz
- fontsource-cormorant-upright/5.0.14/vietnamese-500.min.css.br
- fontsource-cormorant-upright/5.0.14/vietnamese-500.min.css.gz
- fontsource-cormorant-upright/5.0.14/vietnamese-600.css.br
- fontsource-cormorant-upright/5.0.14/vietnamese-600.css.gz
- fontsource-cormorant-upright/5.0.14/vietnamese-600.min.css.br
- fontsource-cormorant-upright/5.0.14/vietnamese-600.min.css.gz
- fontsource-cormorant-upright/5.0.14/vietnamese-700.css.br
- fontsource-cormorant-upright/5.0.14/vietnamese-700.css.gz
- fontsource-cormorant-upright/5.0.14/vietnamese-700.min.css.br
- fontsource-cormorant-upright/5.0.14/vietnamese-700.min.css.gz
- fontsource-cormorant-upright/5.0.14/vietnamese.css.br
- fontsource-cormorant-upright/5.0.14/vietnamese.css.gz
- fontsource-cormorant-upright/5.0.14/vietnamese.min.css.br
- fontsource-cormorant-upright/5.0.14/vietnamese.min.css.gz
SRIs:
- fontsource-cormorant-upright/5.0.14/300.css: sha512-I9bJ35VKMAl1OEKBO9Vck3oFHuFArTxybUTCQPp9LqN7DJLvtljMbI8aMok926WeMcbXcC20YRqYDLve8PIemg==
- fontsource-cormorant-upright/5.0.14/latin-ext-500.css: sha512-nJVbi+x/zayIT1jxFfQYg/kekJEC7XM0iWVUIMvH32ZUCH5NUVKzGR0qsITVXx40uebAtLuCmtu9AbchYItCnA==
- fontsource-cormorant-upright/5.0.14/latin-ext-600.css: sha512-fiKgCZBfZvOPhapQpL9RMFE5mLd0RnjzOutBAv5CK7YodjEVD7ssOF9iBs5TMFGQM6wNkmfzZ3wYOKl+dE++eQ==
- fontsource-cormorant-upright/5.0.14/latin-ext-700.css: sha512-LYck5ugDc1dpuauv4ByPjbmOC0RMhnnE0F2K7dHFrdT+d0WBKvqzSHQZjMHRIPGPf5jjSjWKh0HmLfKsduYm3w==
- fontsource-cormorant-upright/5.0.14/latin.min.css: sha512-xxdfZ3+kpuhfD4nyQ3qQ3zWf5BJZp6Zd8p9ygJxJoM3tGKrbd213inGuGwurDvL8d1d0ZZ6nCoBqSgzG27ylfA==
- fontsource-cormorant-upright/5.0.14/vietnamese-600.css: sha512-OXGbTnldQFofOk1nrBTPnYblQs02M5sVy4L2kIDqBoudDCRyK813q0iVgFfcIZmXIJuQzOlLHw7U/uD8sL2G8g==
- fontsource-cormorant-upright/5.0.14/latin-ext-400.min.css: sha512-tpblOk2DqgtxmH9mbFld0ycfJ7QjTwrlqdbKycKgzEok9dKhgEhjCgujoKPnLWaoZ9umsd/4kekLV99N9Ar43g==
- fontsource-cormorant-upright/5.0.14/latin-ext-500.min.css: sha512-9v7p5MMHukkVhxnMhImXoZOryMujZckJ1tiKiF68eYI9nZwjd5/7UqOntrS326YYR+M0GdhNdEBGesuF9csFlg==
- fontsource-cormorant-upright/5.0.14/400.css: sha512-+8E1Kr0K3aAHPj1XGtBmUxUo3kNKgcHn8fWybBe8IlDat/ak/V6imsBntgtSmBsaeyxsVFpzeGkzlcQMt+NcDw==
- fontsource-cormorant-upright/5.0.14/600.css: sha512-vr14dzBttwljTZj0P2o9czN1OlUtg7tydJmhMUx3N9ovolIidmOiikZa0Vy0CrZ6nJXHBd4jBd/3CySSwFcaGA==
- fontsource-cormorant-upright/5.0.14/600.min.css: sha512-Zyn9JCJq98kkZxoPdVun0byxu4HrglBGlgUsbSQOAFC0z5GPwtE/Qz5oEeZ7beYF8CzpOlf7UPpx1p0hE4dkqg==
- fontsource-cormorant-upright/5.0.14/index.min.css: sha512-yIhFANohcB2RtuHcbfuAAKBW1tfzh1TIz59bJMYQmApUE+ZToZzJWF6XefqrqQ4qLrIQdLeUEcrjTV8cL7xKPg==
- fontsource-cormorant-upright/5.0.14/latin-500.min.css: sha512-rQ5pfBkcM+L4nIn+Qn/3PDyAfZ1sb+yms4hXmjDhfNptq1HQOB7pnfO5uc6rA02SDk1Q2GNyQRVK+jj+9kAkcQ==
- fontsource-cormorant-upright/5.0.14/latin-700.min.css: sha512-/hP/YQpwUbo1jnOWj2gGeKTgRaom9KmEHGR/RQA6Cz1ER4evOKqnNblYyUCrFcdKlsTwjM/NyC6dDsEjx/fC8A==
- fontsource-cormorant-upright/5.0.14/latin-ext.min.css: sha512-0tEWbNaiI+g9RzSyNeE1b31T6y7VU+wztxBr4IWGAF5KvNB0plVJb2xX0sq58+CKWu/v36NPvOj0JO7zoYD9vQ==
- fontsource-cormorant-upright/5.0.14/vietnamese-700.css: sha512-NttcjmkfFYwyCpgKeseHN2GQPejtrAHAkEYzlFWqVm4OMrrzW+YBEkQY/7Bvs8eArUSd3Tmwvzp6xEMWG1jNJw==
- fontsource-cormorant-upright/5.0.14/latin-ext.css: sha512-NL5+HJDvX+eFp171luB+haymEQUUyDO+j718cZeRzeTBGJ92TQoV9W+kljXwHsAL0jnkFs2AuYuRHLY4NMI46g==
- fontsource-cormorant-upright/5.0.14/vietnamese-300.css: sha512-68U4Gs1btLASUPmZbUHQI+rub8d873lUHAKSdeZsjkyfxnSycVpubMG8L9BRSBrnqlxTDXKglICRJWFHb0Hc6g==
- fontsource-cormorant-upright/5.0.14/700.css: sha512-F+WBMElMo4xtpppZ3enwACmZ1GWLOnkuoZhWlVu6v4Tm2mbYSzdc0cW8FmrOyFGUFXg+crOvDWO/sk2XsPevZA==
- fontsource-cormorant-upright/5.0.14/index.css: sha512-+8E1Kr0K3aAHPj1XGtBmUxUo3kNKgcHn8fWybBe8IlDat/ak/V6imsBntgtSmBsaeyxsVFpzeGkzlcQMt+NcDw==
- fontsource-cormorant-upright/5.0.14/latin-300.css: sha512-uDH7ohbrxwgCNP7a9XeC2owy/1L+BxW3ca8IpA58UVeYfDOlLMbuuVq5I5AnFG/6RjK/rxckr6lWjBErZmheXw==
- fontsource-cormorant-upright/5.0.14/latin-600.css: sha512-vP6jpKVJMGdX9sDRIptlmOOSpQ1mQuoM870bJ00WIXyjcyfHYp6nslK89OM4hCcJomo1fsOnx35WXYbWRO5CwQ==
- fontsource-cormorant-upright/5.0.14/latin-600.min.css: sha512-+N8k5CNPVeJHvOqDUttPVPiBZtToDgUa3PznZhn5VlF9e7+B4Y7a6Z++LgkLIcskAzq7A4UhKJNGZrDDFCGZ5A==
- fontsource-cormorant-upright/5.0.14/latin-ext-600.min.css: sha512-2KPTnIUyLIr7aECJ+T1/GdxRK/HH98OESZq3m5DIvwqELO5dZUZAmIBXI1vUaLo9+Ww5AqZPexirtPbY4mSfeQ==
- fontsource-cormorant-upright/5.0.14/vietnamese.css: sha512-wzAYRhjGsAy8a3P9fq2E/6Zt9CMAGZ8qWDbsIFTR+YufMTferT4actrit0+rnJN16ceLZgxaGqUsxBrPLDfoNg==
- fontsource-cormorant-upright/5.0.14/vietnamese.min.css: sha512-qHfnoHzS3jrviPkM+s2E6Q3Zvq05xjFkd6WBEIEwJfYWHyGcyLEmDoGBOwAU4lzshD+RJRQdnTMO3FGna4i8aw==
- fontsource-cormorant-upright/5.0.14/vietnamese-600.min.css: sha512-pGfC2W8oxNgShrvH0x+7pmByeD1q1c61B5xPPl4mx8Zz7+5AVPq503ZNYjuGg6LbWfcq548cbbHDYB9iDJCHcw==
- fontsource-cormorant-upright/5.0.14/400.min.css: sha512-yIhFANohcB2RtuHcbfuAAKBW1tfzh1TIz59bJMYQmApUE+ZToZzJWF6XefqrqQ4qLrIQdLeUEcrjTV8cL7xKPg==
- fontsource-cormorant-upright/5.0.14/latin-300.min.css: sha512-6wEhf1ObHTetcbc1KxsFAUaMxvqp9PYQbk9Zx+KKwMV+m+2EbF+76adD+ftwj2DJG0YBfSMp0GNVBNRaJ045XA==
- fontsource-cormorant-upright/5.0.14/latin-400.css: sha512-x9atS0O3CxQMAqPNddc8Q4NQD3U/WR71b35WbLalyPKKRerxGBbW6+hVqOlHMwfw5VUt5ZcLG9gvNPQMILaibg==
- fontsource-cormorant-upright/5.0.14/latin-400.min.css: sha512-xywIMJSc5nU/dtLXF3vUj5M9PIwt1xLTmj+DCuCSwMMaqBeumMil8qPuiwmp2DzsoIWUUUUmUfdA+XFpHupuvA==
- fontsource-cormorant-upright/5.0.14/latin-ext-300.css: sha512-XG0OrxC3JVkayDhz7AytAnoM0cABAi0v7SNcT2nqwbD29KkI4kTGuXKuhizPw8zbCVMKZNnmpiOxExucel2d8w==
- fontsource-cormorant-upright/5.0.14/latin.css: sha512-HrvIX2knRbG7Etc0CTYSTdj9c7YRgxh56w4VTQY0yEDbl2klkOm6sB0tpWhrRWwMq8HVniaWOqnTvig6wK62lA==
- fontsource-cormorant-upright/5.0.14/300.min.css: sha512-iu+tdDa7dQNFUDwDYMQ/+thfbSvSrxbTQe0TtSKCyfw0zA72v4HQ4IdsPyMiPbsl29rjbKFvy6fO0z9FB3+HOA==
- fontsource-cormorant-upright/5.0.14/500.min.css: sha512-eN3LN3VxanYRjj3xewDSuuSJCojhnzLZLiEAuispNBARfWEYKWeS/aXcblq5bcxyznSf2lnJS9vKpFGtVOWGCQ==
- fontsource-cormorant-upright/5.0.14/700.min.css: sha512-o6PEsPGD4ihGVD4yRKu/DG23hfcoATn2N+1+aHaIUURYRfuOLFaOjU4T3Mj/QgvF2LhOGuUR94XYdWgjtA+joQ==
- fontsource-cormorant-upright/5.0.14/latin-700.css: sha512-erTQipP/R0dd9O7HGNnZkT/tYM+mWCJ+xqU9w9KIgH/1aidiIg9ow09FTgnWDtaafhiRupmncrTpA6ik1ohEAg==
- fontsource-cormorant-upright/5.0.14/latin-ext-400.css: sha512-dISU5QbOnZztkVqiaB6QJ3YpOM0bJXP8jMJjrsf3EOkqmgdReKqz+0Fdo9ELXona9ZbcABMlgFSRK8UD4Xb3aQ==
- fontsource-cormorant-upright/5.0.14/500.css: sha512-lT3KUZ7vT+8ymWVv2SaHbETnKunoeNKICQcdYG5D4dY2/LakWaLngMC5cKxrjQGHjdH6Fr1Z4IQUmGSO4WlS7Q==
- fontsource-cormorant-upright/5.0.14/latin-500.css: sha512-x1CMzVjISTZxdw0DGwIp6HBhNIMSltJIZimeXmaOR7xFr0ddICxZaCBV0n78Y5KAKjKHgoS21T4vbOa2pzg/lQ==
- fontsource-cormorant-upright/5.0.14/vietnamese-400.css: sha512-R8fRQS1qzfng0cM4IFnF0acJGj4bCCGxPlSvLefEyN3SOz3yOPlu+XUmQLT0L+sew5wkyjRW3N1tVIo/VFkQWg==
- fontsource-cormorant-upright/5.0.14/vietnamese-500.css: sha512-h564E3UKJrNTk/ddiHdk0VgIw5InPARccC6A90KJKVoYZEhLsKs1OJJll+NLOPgxZLU7m+72IIam824EEIqoBg==
- fontsource-cormorant-upright/5.0.14/latin-ext-300.min.css: sha512-c4a4SnhLll8BLDNyhz+TG04MlgzXHIzO842sa/QXfkD3hZrHze8zOeXvIrZyqnzPRzj+6pcvEtr21DNDe8W7lg==
- fontsource-cormorant-upright/5.0.14/latin-ext-700.min.css: sha512-qxzDVbNLO/of8uAnwGxKOgVS/Xpoo/vPQvIh5lN6GsLxzdkHmsM/ntcc+x+pomuXTDzSYUe+OCw1oUiCSd7rTw==
- fontsource-cormorant-upright/5.0.14/vietnamese-300.min.css: sha512-Fh938DupDp6jgiHlNdSteP6qkKD8JUdTdY0FkWH+qvrAZVnhIwWDKPtHng6AmnLzvjwvHeE2bZYXgl316YW1iQ==
- fontsource-cormorant-upright/5.0.14/vietnamese-400.min.css: sha512-qisNm2k0bwUsdl71rJ93a7l88F4fGM+8NWYa7CXVnDpHN7wurBRtogZ+I/dvX4oFknNXUywAuYtZBBU4zorDZA==
- fontsource-cormorant-upright/5.0.14/vietnamese-500.min.css: sha512-QbDyOXC6EZj3T+NiximQ6VjQe/6vJ0LlzV0u9gwDDB6Y4pdOtTZrTSYm8+2b+I1lXf3UR0ljahPquUreWGdJLA==
- fontsource-cormorant-upright/5.0.14/vietnamese-700.min.css: sha512-m+BDjh3Y7/kIYj+FNTX4jghAbL2B2zOZLte5sAHiu803JncCMshyhYsnXn4nQXzh5RLhp31ZZ9V8ZmbegbR7Og==
