config: {"authors":[{"name":"dntzhang","email":"dntzhang@qq.com"}],"autoupdate":{"source":"npm","target":"omi","fileMap":[{"basePath":"dist","files":["*.@(js|ts|map)"]}]},"description":"Front End Cross-Frameworks Framework.","filename":"omi.min.js","homepage":"http://omijs.org/","keywords":["omi","webcomponents","jsx","proxy","preact","react","virtual dom","vdom","components","virtual","dom"],"license":"MIT","name":"omi","repository":{"type":"git","url":"git+https://github.com/Tencent/omi.git"},"author":"dntzhang \u003cdntzhang@qq.com\u003e"}
KV keys:
- omi/6.21.2/omi.d.ts.br
- omi/6.21.2/omi.d.ts.gz
- omi/6.21.2/omi.dev.js.br
- omi/6.21.2/omi.dev.js.gz
- omi/6.21.2/omi.dev.js.map.br
- omi/6.21.2/omi.dev.js.map.gz
- omi/6.21.2/omi.dev.min.js.br
- omi/6.21.2/omi.dev.min.js.gz
- omi/6.21.2/omi.esm.js.br
- omi/6.21.2/omi.esm.js.gz
- omi/6.21.2/omi.esm.js.map.br
- omi/6.21.2/omi.esm.js.map.gz
- omi/6.21.2/omi.esm.min.js.br
- omi/6.21.2/omi.esm.min.js.gz
- omi/6.21.2/omi.js.br
- omi/6.21.2/omi.js.gz
- omi/6.21.2/omi.js.map.br
- omi/6.21.2/omi.js.map.gz
- omi/6.21.2/omi.min.js.br
- omi/6.21.2/omi.min.js.gz
- omi/6.21.2/omi.min.js.map.br
- omi/6.21.2/omi.min.js.map.gz
SRIs:
- omi/6.21.2/omi.esm.js: sha512-Ke3fVO01Fkf0UfXYKRv0bd0bRYMIzC7mdwuC1w6DljTa4KQCBTyKDDn8Q6+9z2Tha1nzHo39R4Iw6tITQ/eZhQ==
- omi/6.21.2/omi.esm.min.js: sha512-L8Uk0JRnHj5I5wwOZ9kaaxnm3mzK1pjTxHoioECKgKMHsl+iddM1puHlm1+XEfZUZyInuy8zouH0oqqjlTGZNg==
- omi/6.21.2/omi.js: sha512-jkR0rsWbXWCt4cm1Kw92OaH6/hXNGfCxVYgX6+8iDVUW+b1uvszluomdebBNv1Tkha4NgsSQOKUlWylcrWiCFw==
- omi/6.21.2/omi.min.js: sha512-bRf2nwNDX7vFupwhLLZauoJazgKB32+//HIKE8EgRqhoicoBhblRH5WM3QEYZ6okxBkx29lo3RhAGDovf4bx7g==
- omi/6.21.2/omi.dev.js: sha512-yeulP4ao776ZZ9XX2TiP69X84sPpZeiKmGug2CYocHPo6tVPR/KtRNOniQrgAEJj0rN3YEtabs4qG7ckgABerw==
- omi/6.21.2/omi.dev.min.js: sha512-LmYA4uG+PVogO3yDe5HSjsZOCu0qXnTeIvrh0VxUL63EFs8OOZBfFLVznhsHmXx9SVt+l7MD49xk/coYtgdwNw==
