config: {"authors":[{"name":"Vladimir Kharlampidi"}],"autoupdate":{"source":"npm","target":"swiper","fileMap":[{"basePath":"","files":["swiper-bundle.*"]}]},"description":"Most modern mobile touch slider and framework with hardware accelerated transitions","filename":"swiper-bundle.min.js","homepage":"http://www.idangero.us/sliders/swiper","keywords":["mobile","slider"],"license":"(GPL OR MIT)","name":"Swiper","repository":{"type":"git","url":"https://github.com/nolimits4web/Swiper.git"},"author":"Vladimir Kharlampidi"}
KV keys:
- Swiper/9.0.0-beta.31/swiper-bundle.css.br
- Swiper/9.0.0-beta.31/swiper-bundle.css.gz
- Swiper/9.0.0-beta.31/swiper-bundle.esm.browser.js.br
- Swiper/9.0.0-beta.31/swiper-bundle.esm.browser.js.gz
- Swiper/9.0.0-beta.31/swiper-bundle.esm.browser.js.map.br
- Swiper/9.0.0-beta.31/swiper-bundle.esm.browser.js.map.gz
- Swiper/9.0.0-beta.31/swiper-bundle.esm.browser.min.js.br
- Swiper/9.0.0-beta.31/swiper-bundle.esm.browser.min.js.gz
- Swiper/9.0.0-beta.31/swiper-bundle.esm.browser.min.js.map.br
- Swiper/9.0.0-beta.31/swiper-bundle.esm.browser.min.js.map.gz
- Swiper/9.0.0-beta.31/swiper-bundle.esm.js.br
- Swiper/9.0.0-beta.31/swiper-bundle.esm.js.gz
- Swiper/9.0.0-beta.31/swiper-bundle.esm.min.js.br
- Swiper/9.0.0-beta.31/swiper-bundle.esm.min.js.gz
- Swiper/9.0.0-beta.31/swiper-bundle.js.br
- Swiper/9.0.0-beta.31/swiper-bundle.js.gz
- Swiper/9.0.0-beta.31/swiper-bundle.js.map.br
- Swiper/9.0.0-beta.31/swiper-bundle.js.map.gz
- Swiper/9.0.0-beta.31/swiper-bundle.min.css.br
- Swiper/9.0.0-beta.31/swiper-bundle.min.css.gz
- Swiper/9.0.0-beta.31/swiper-bundle.min.js.br
- Swiper/9.0.0-beta.31/swiper-bundle.min.js.gz
- Swiper/9.0.0-beta.31/swiper-bundle.min.js.map.br
- Swiper/9.0.0-beta.31/swiper-bundle.min.js.map.gz
SRIs:
- Swiper/9.0.0-beta.31/swiper-bundle.min.css: sha512-Re+wr4osHqRmr17BrnCGNBGTBfsu6DAup2bzOaoHhBbFXzUqQNpIy7JH6TVBDLQeRNlaIrsEDyWFW0C9L2g16w==
- Swiper/9.0.0-beta.31/swiper-bundle.min.js: sha512-Dgw/N7CfK6F/w7QbHX5ZKzAIWVsfmnRm85pHEIY5h5rtG0pbLJ3N/uMUajychkL3dLTzBEGoNFgHZr94FI/BKQ==
- Swiper/9.0.0-beta.31/swiper-bundle.css: sha512-+R7WRaSTo/h+XEJFwtw3LYVGI9C3rqdHgMCb8Lw3Pj8UdQD8+zgPGuu3M/23YCunjfWMA/KFI3W9o1A41PfG+g==
- Swiper/9.0.0-beta.31/swiper-bundle.esm.browser.js: sha512-pPmqvt85RCJxhqL3wqZSUyjhpa7JQlWRi4cX1FWiS62EXg3PXYQZMjDs5ou1H9r1JrWgGlZyQRYPyCmY9u6BjQ==
- Swiper/9.0.0-beta.31/swiper-bundle.esm.browser.min.js: sha512-xfBaWaapZCMYD9IGE1emhVSK6YwEeAB0qORB8JuA45i4FPxa9kNc6V204AHmqKVC9qh6bVti9gFJ2CoBgQ/PKA==
- Swiper/9.0.0-beta.31/swiper-bundle.esm.js: sha512-vVkNfGV54M8xlTsVRBQ7T7+xxt8HRcEC50gqRxp0JipjEb2jtcNA+UUbZe+Q56z2P6++XFX5Sb/f0lJ6z/7a4g==
- Swiper/9.0.0-beta.31/swiper-bundle.esm.min.js: sha512-M7JtnOJF9Ge5bgYSthfuXf9lI7SyKAJTwAq+R9Mb7i1AGE+x5kw7I+8raTERJconWHl/pTa7U5oYE+OigTmDIA==
- Swiper/9.0.0-beta.31/swiper-bundle.js: sha512-2tw2Dwlf1zyu0AexPCIGmq/VYoQNGHH6TGBw4gFFf3sbreSk5k5koJGyMfHX8wX7cmhFdmUVSWQZbjsc10yQVg==
