Files:
- fontsource-sanchez/5.0.11/400-italic.css.br
- fontsource-sanchez/5.0.11/400-italic.min.css.br
- fontsource-sanchez/5.0.11/400.css.br
- fontsource-sanchez/5.0.11/400.min.css.br
- fontsource-sanchez/5.0.11/files/sanchez-latin-400-italic.woff.br
- fontsource-sanchez/5.0.11/files/sanchez-latin-400-normal.woff.br
- fontsource-sanchez/5.0.11/files/sanchez-latin-ext-400-italic.woff.br
- fontsource-sanchez/5.0.11/files/sanchez-latin-ext-400-normal.woff.br
- fontsource-sanchez/5.0.11/index.css.br
- fontsource-sanchez/5.0.11/index.min.css.br
- fontsource-sanchez/5.0.11/latin-400-italic.css.br
- fontsource-sanchez/5.0.11/latin-400-italic.min.css.br
- fontsource-sanchez/5.0.11/latin-400.css.br
- fontsource-sanchez/5.0.11/latin-400.min.css.br
- fontsource-sanchez/5.0.11/latin-ext-400-italic.css.br
- fontsource-sanchez/5.0.11/latin-ext-400-italic.min.css.br
- fontsource-sanchez/5.0.11/latin-ext-400.css.br
- fontsource-sanchez/5.0.11/latin-ext-400.min.css.br
- fontsource-sanchez/5.0.11/latin-ext-italic.css.br
- fontsource-sanchez/5.0.11/latin-ext-italic.min.css.br
- fontsource-sanchez/5.0.11/latin-ext.css.br
- fontsource-sanchez/5.0.11/latin-ext.min.css.br
- fontsource-sanchez/5.0.11/latin-italic.css.br
- fontsource-sanchez/5.0.11/latin-italic.min.css.br
- fontsource-sanchez/5.0.11/latin.css.br
- fontsource-sanchez/5.0.11/latin.min.css.br
