Files:
- fontsource-marmelad/5.0.16/400.css.gz
- fontsource-marmelad/5.0.16/400.min.css.gz
- fontsource-marmelad/5.0.16/cyrillic-400.css.gz
- fontsource-marmelad/5.0.16/cyrillic-400.min.css.gz
- fontsource-marmelad/5.0.16/cyrillic-ext-400.css.gz
- fontsource-marmelad/5.0.16/cyrillic-ext-400.min.css.gz
- fontsource-marmelad/5.0.16/cyrillic-ext.css.gz
- fontsource-marmelad/5.0.16/cyrillic-ext.min.css.gz
- fontsource-marmelad/5.0.16/cyrillic.css.gz
- fontsource-marmelad/5.0.16/cyrillic.min.css.gz
- fontsource-marmelad/5.0.16/files/marmelad-cyrillic-400-normal.woff.gz
- fontsource-marmelad/5.0.16/files/marmelad-cyrillic-ext-400-normal.woff.gz
- fontsource-marmelad/5.0.16/files/marmelad-latin-400-normal.woff.gz
- fontsource-marmelad/5.0.16/files/marmelad-latin-ext-400-normal.woff.gz
- fontsource-marmelad/5.0.16/files/marmelad-vietnamese-400-normal.woff.gz
- fontsource-marmelad/5.0.16/index.css.gz
- fontsource-marmelad/5.0.16/index.min.css.gz
- fontsource-marmelad/5.0.16/latin-400.css.gz
- fontsource-marmelad/5.0.16/latin-400.min.css.gz
- fontsource-marmelad/5.0.16/latin-ext-400.css.gz
- fontsource-marmelad/5.0.16/latin-ext-400.min.css.gz
- fontsource-marmelad/5.0.16/latin-ext.css.gz
- fontsource-marmelad/5.0.16/latin-ext.min.css.gz
- fontsource-marmelad/5.0.16/latin.css.gz
- fontsource-marmelad/5.0.16/latin.min.css.gz
- fontsource-marmelad/5.0.16/vietnamese-400.css.gz
- fontsource-marmelad/5.0.16/vietnamese-400.min.css.gz
- fontsource-marmelad/5.0.16/vietnamese.css.gz
- fontsource-marmelad/5.0.16/vietnamese.min.css.gz
