Files:
- fontsource-niramit/5.0.12/200-italic.css.br
- fontsource-niramit/5.0.12/200-italic.min.css.br
- fontsource-niramit/5.0.12/200.css.br
- fontsource-niramit/5.0.12/200.min.css.br
- fontsource-niramit/5.0.12/300-italic.css.br
- fontsource-niramit/5.0.12/300-italic.min.css.br
- fontsource-niramit/5.0.12/300.css.br
- fontsource-niramit/5.0.12/300.min.css.br
- fontsource-niramit/5.0.12/400-italic.css.br
- fontsource-niramit/5.0.12/400-italic.min.css.br
- fontsource-niramit/5.0.12/400.css.br
- fontsource-niramit/5.0.12/400.min.css.br
- fontsource-niramit/5.0.12/500-italic.css.br
- fontsource-niramit/5.0.12/500-italic.min.css.br
- fontsource-niramit/5.0.12/500.css.br
- fontsource-niramit/5.0.12/500.min.css.br
- fontsource-niramit/5.0.12/600-italic.css.br
- fontsource-niramit/5.0.12/600-italic.min.css.br
- fontsource-niramit/5.0.12/600.css.br
- fontsource-niramit/5.0.12/600.min.css.br
- fontsource-niramit/5.0.12/700-italic.css.br
- fontsource-niramit/5.0.12/700-italic.min.css.br
- fontsource-niramit/5.0.12/700.css.br
- fontsource-niramit/5.0.12/700.min.css.br
- fontsource-niramit/5.0.12/files/niramit-latin-200-italic.woff.br
- fontsource-niramit/5.0.12/files/niramit-latin-200-normal.woff.br
- fontsource-niramit/5.0.12/files/niramit-latin-300-italic.woff.br
- fontsource-niramit/5.0.12/files/niramit-latin-300-normal.woff.br
- fontsource-niramit/5.0.12/files/niramit-latin-400-italic.woff.br
- fontsource-niramit/5.0.12/files/niramit-latin-400-normal.woff.br
- fontsource-niramit/5.0.12/files/niramit-latin-500-italic.woff.br
- fontsource-niramit/5.0.12/files/niramit-latin-500-normal.woff.br
- fontsource-niramit/5.0.12/files/niramit-latin-600-italic.woff.br
- fontsource-niramit/5.0.12/files/niramit-latin-600-normal.woff.br
- fontsource-niramit/5.0.12/files/niramit-latin-700-italic.woff.br
- fontsource-niramit/5.0.12/files/niramit-latin-700-normal.woff.br
- fontsource-niramit/5.0.12/files/niramit-latin-ext-200-italic.woff.br
- fontsource-niramit/5.0.12/files/niramit-latin-ext-200-normal.woff.br
- fontsource-niramit/5.0.12/files/niramit-latin-ext-300-italic.woff.br
- fontsource-niramit/5.0.12/files/niramit-latin-ext-300-normal.woff.br
- fontsource-niramit/5.0.12/files/niramit-latin-ext-400-italic.woff.br
- fontsource-niramit/5.0.12/files/niramit-latin-ext-400-normal.woff.br
- fontsource-niramit/5.0.12/files/niramit-latin-ext-500-italic.woff.br
- fontsource-niramit/5.0.12/files/niramit-latin-ext-500-normal.woff.br
- fontsource-niramit/5.0.12/files/niramit-latin-ext-600-italic.woff.br
- fontsource-niramit/5.0.12/files/niramit-latin-ext-600-normal.woff.br
- fontsource-niramit/5.0.12/files/niramit-latin-ext-700-italic.woff.br
- fontsource-niramit/5.0.12/files/niramit-latin-ext-700-normal.woff.br
- fontsource-niramit/5.0.12/files/niramit-thai-200-italic.woff.br
- fontsource-niramit/5.0.12/files/niramit-thai-200-normal.woff.br
- fontsource-niramit/5.0.12/files/niramit-thai-300-italic.woff.br
- fontsource-niramit/5.0.12/files/niramit-thai-300-normal.woff.br
- fontsource-niramit/5.0.12/files/niramit-thai-400-italic.woff.br
- fontsource-niramit/5.0.12/files/niramit-thai-400-normal.woff.br
- fontsource-niramit/5.0.12/files/niramit-thai-500-italic.woff.br
- fontsource-niramit/5.0.12/files/niramit-thai-500-normal.woff.br
- fontsource-niramit/5.0.12/files/niramit-thai-600-italic.woff.br
- fontsource-niramit/5.0.12/files/niramit-thai-600-normal.woff.br
- fontsource-niramit/5.0.12/files/niramit-thai-700-italic.woff.br
- fontsource-niramit/5.0.12/files/niramit-thai-700-normal.woff.br
- fontsource-niramit/5.0.12/files/niramit-vietnamese-200-italic.woff.br
- fontsource-niramit/5.0.12/files/niramit-vietnamese-200-normal.woff.br
- fontsource-niramit/5.0.12/files/niramit-vietnamese-300-italic.woff.br
- fontsource-niramit/5.0.12/files/niramit-vietnamese-300-normal.woff.br
- fontsource-niramit/5.0.12/files/niramit-vietnamese-400-italic.woff.br
- fontsource-niramit/5.0.12/files/niramit-vietnamese-400-normal.woff.br
- fontsource-niramit/5.0.12/files/niramit-vietnamese-500-italic.woff.br
- fontsource-niramit/5.0.12/files/niramit-vietnamese-500-normal.woff.br
- fontsource-niramit/5.0.12/files/niramit-vietnamese-600-italic.woff.br
- fontsource-niramit/5.0.12/files/niramit-vietnamese-600-normal.woff.br
- fontsource-niramit/5.0.12/files/niramit-vietnamese-700-italic.woff.br
- fontsource-niramit/5.0.12/files/niramit-vietnamese-700-normal.woff.br
- fontsource-niramit/5.0.12/index.css.br
- fontsource-niramit/5.0.12/index.min.css.br
- fontsource-niramit/5.0.12/latin-200-italic.css.br
- fontsource-niramit/5.0.12/latin-200-italic.min.css.br
- fontsource-niramit/5.0.12/latin-200.css.br
- fontsource-niramit/5.0.12/latin-200.min.css.br
- fontsource-niramit/5.0.12/latin-300-italic.css.br
- fontsource-niramit/5.0.12/latin-300-italic.min.css.br
- fontsource-niramit/5.0.12/latin-300.css.br
- fontsource-niramit/5.0.12/latin-300.min.css.br
- fontsource-niramit/5.0.12/latin-400-italic.css.br
- fontsource-niramit/5.0.12/latin-400-italic.min.css.br
- fontsource-niramit/5.0.12/latin-400.css.br
- fontsource-niramit/5.0.12/latin-400.min.css.br
- fontsource-niramit/5.0.12/latin-500-italic.css.br
- fontsource-niramit/5.0.12/latin-500-italic.min.css.br
- fontsource-niramit/5.0.12/latin-500.css.br
- fontsource-niramit/5.0.12/latin-500.min.css.br
- fontsource-niramit/5.0.12/latin-600-italic.css.br
- fontsource-niramit/5.0.12/latin-600-italic.min.css.br
- fontsource-niramit/5.0.12/latin-600.css.br
- fontsource-niramit/5.0.12/latin-600.min.css.br
- fontsource-niramit/5.0.12/latin-700-italic.css.br
- fontsource-niramit/5.0.12/latin-700-italic.min.css.br
- fontsource-niramit/5.0.12/latin-700.css.br
- fontsource-niramit/5.0.12/latin-700.min.css.br
- fontsource-niramit/5.0.12/latin-ext-200-italic.css.br
- fontsource-niramit/5.0.12/latin-ext-200-italic.min.css.br
- fontsource-niramit/5.0.12/latin-ext-200.css.br
- fontsource-niramit/5.0.12/latin-ext-200.min.css.br
- fontsource-niramit/5.0.12/latin-ext-300-italic.css.br
- fontsource-niramit/5.0.12/latin-ext-300-italic.min.css.br
- fontsource-niramit/5.0.12/latin-ext-300.css.br
- fontsource-niramit/5.0.12/latin-ext-300.min.css.br
- fontsource-niramit/5.0.12/latin-ext-400-italic.css.br
- fontsource-niramit/5.0.12/latin-ext-400-italic.min.css.br
- fontsource-niramit/5.0.12/latin-ext-400.css.br
- fontsource-niramit/5.0.12/latin-ext-400.min.css.br
- fontsource-niramit/5.0.12/latin-ext-500-italic.css.br
- fontsource-niramit/5.0.12/latin-ext-500-italic.min.css.br
- fontsource-niramit/5.0.12/latin-ext-500.css.br
- fontsource-niramit/5.0.12/latin-ext-500.min.css.br
- fontsource-niramit/5.0.12/latin-ext-600-italic.css.br
- fontsource-niramit/5.0.12/latin-ext-600-italic.min.css.br
- fontsource-niramit/5.0.12/latin-ext-600.css.br
- fontsource-niramit/5.0.12/latin-ext-600.min.css.br
- fontsource-niramit/5.0.12/latin-ext-700-italic.css.br
- fontsource-niramit/5.0.12/latin-ext-700-italic.min.css.br
- fontsource-niramit/5.0.12/latin-ext-700.css.br
- fontsource-niramit/5.0.12/latin-ext-700.min.css.br
- fontsource-niramit/5.0.12/latin-ext-italic.css.br
- fontsource-niramit/5.0.12/latin-ext-italic.min.css.br
- fontsource-niramit/5.0.12/latin-ext.css.br
- fontsource-niramit/5.0.12/latin-ext.min.css.br
- fontsource-niramit/5.0.12/latin-italic.css.br
- fontsource-niramit/5.0.12/latin-italic.min.css.br
- fontsource-niramit/5.0.12/latin.css.br
- fontsource-niramit/5.0.12/latin.min.css.br
- fontsource-niramit/5.0.12/thai-200-italic.css.br
- fontsource-niramit/5.0.12/thai-200-italic.min.css.br
- fontsource-niramit/5.0.12/thai-200.css.br
- fontsource-niramit/5.0.12/thai-200.min.css.br
- fontsource-niramit/5.0.12/thai-300-italic.css.br
- fontsource-niramit/5.0.12/thai-300-italic.min.css.br
- fontsource-niramit/5.0.12/thai-300.css.br
- fontsource-niramit/5.0.12/thai-300.min.css.br
- fontsource-niramit/5.0.12/thai-400-italic.css.br
- fontsource-niramit/5.0.12/thai-400-italic.min.css.br
- fontsource-niramit/5.0.12/thai-400.css.br
- fontsource-niramit/5.0.12/thai-400.min.css.br
- fontsource-niramit/5.0.12/thai-500-italic.css.br
- fontsource-niramit/5.0.12/thai-500-italic.min.css.br
- fontsource-niramit/5.0.12/thai-500.css.br
- fontsource-niramit/5.0.12/thai-500.min.css.br
- fontsource-niramit/5.0.12/thai-600-italic.css.br
- fontsource-niramit/5.0.12/thai-600-italic.min.css.br
- fontsource-niramit/5.0.12/thai-600.css.br
- fontsource-niramit/5.0.12/thai-600.min.css.br
- fontsource-niramit/5.0.12/thai-700-italic.css.br
- fontsource-niramit/5.0.12/thai-700-italic.min.css.br
- fontsource-niramit/5.0.12/thai-700.css.br
- fontsource-niramit/5.0.12/thai-700.min.css.br
- fontsource-niramit/5.0.12/thai-italic.css.br
- fontsource-niramit/5.0.12/thai-italic.min.css.br
- fontsource-niramit/5.0.12/thai.css.br
- fontsource-niramit/5.0.12/thai.min.css.br
- fontsource-niramit/5.0.12/vietnamese-200-italic.css.br
- fontsource-niramit/5.0.12/vietnamese-200-italic.min.css.br
- fontsource-niramit/5.0.12/vietnamese-200.css.br
- fontsource-niramit/5.0.12/vietnamese-200.min.css.br
- fontsource-niramit/5.0.12/vietnamese-300-italic.css.br
- fontsource-niramit/5.0.12/vietnamese-300-italic.min.css.br
- fontsource-niramit/5.0.12/vietnamese-300.css.br
- fontsource-niramit/5.0.12/vietnamese-300.min.css.br
- fontsource-niramit/5.0.12/vietnamese-400-italic.css.br
- fontsource-niramit/5.0.12/vietnamese-400-italic.min.css.br
- fontsource-niramit/5.0.12/vietnamese-400.css.br
- fontsource-niramit/5.0.12/vietnamese-400.min.css.br
- fontsource-niramit/5.0.12/vietnamese-500-italic.css.br
- fontsource-niramit/5.0.12/vietnamese-500-italic.min.css.br
- fontsource-niramit/5.0.12/vietnamese-500.css.br
- fontsource-niramit/5.0.12/vietnamese-500.min.css.br
- fontsource-niramit/5.0.12/vietnamese-600-italic.css.br
- fontsource-niramit/5.0.12/vietnamese-600-italic.min.css.br
- fontsource-niramit/5.0.12/vietnamese-600.css.br
- fontsource-niramit/5.0.12/vietnamese-600.min.css.br
- fontsource-niramit/5.0.12/vietnamese-700-italic.css.br
- fontsource-niramit/5.0.12/vietnamese-700-italic.min.css.br
- fontsource-niramit/5.0.12/vietnamese-700.css.br
- fontsource-niramit/5.0.12/vietnamese-700.min.css.br
- fontsource-niramit/5.0.12/vietnamese-italic.css.br
- fontsource-niramit/5.0.12/vietnamese-italic.min.css.br
- fontsource-niramit/5.0.12/vietnamese.css.br
- fontsource-niramit/5.0.12/vietnamese.min.css.br
