Files:
- fontsource-lobster-two/5.0.21/400-italic.css.br
- fontsource-lobster-two/5.0.21/400-italic.css.gz
- fontsource-lobster-two/5.0.21/400-italic.css.sri
- fontsource-lobster-two/5.0.21/400-italic.min.css.br
- fontsource-lobster-two/5.0.21/400-italic.min.css.gz
- fontsource-lobster-two/5.0.21/400-italic.min.css.sri
- fontsource-lobster-two/5.0.21/400.css.br
- fontsource-lobster-two/5.0.21/400.css.gz
- fontsource-lobster-two/5.0.21/400.css.sri
- fontsource-lobster-two/5.0.21/400.min.css.br
- fontsource-lobster-two/5.0.21/400.min.css.gz
- fontsource-lobster-two/5.0.21/400.min.css.sri
- fontsource-lobster-two/5.0.21/700-italic.css.br
- fontsource-lobster-two/5.0.21/700-italic.css.gz
- fontsource-lobster-two/5.0.21/700-italic.css.sri
- fontsource-lobster-two/5.0.21/700-italic.min.css.br
- fontsource-lobster-two/5.0.21/700-italic.min.css.gz
- fontsource-lobster-two/5.0.21/700-italic.min.css.sri
- fontsource-lobster-two/5.0.21/700.css.br
- fontsource-lobster-two/5.0.21/700.css.gz
- fontsource-lobster-two/5.0.21/700.css.sri
- fontsource-lobster-two/5.0.21/700.min.css.br
- fontsource-lobster-two/5.0.21/700.min.css.gz
- fontsource-lobster-two/5.0.21/700.min.css.sri
- fontsource-lobster-two/5.0.21/files/lobster-two-latin-400-italic.woff.br
- fontsource-lobster-two/5.0.21/files/lobster-two-latin-400-italic.woff.gz
- fontsource-lobster-two/5.0.21/files/lobster-two-latin-400-italic.woff2
- fontsource-lobster-two/5.0.21/files/lobster-two-latin-400-normal.woff.br
- fontsource-lobster-two/5.0.21/files/lobster-two-latin-400-normal.woff.gz
- fontsource-lobster-two/5.0.21/files/lobster-two-latin-400-normal.woff2
- fontsource-lobster-two/5.0.21/files/lobster-two-latin-700-italic.woff.br
- fontsource-lobster-two/5.0.21/files/lobster-two-latin-700-italic.woff.gz
- fontsource-lobster-two/5.0.21/files/lobster-two-latin-700-italic.woff2
- fontsource-lobster-two/5.0.21/files/lobster-two-latin-700-normal.woff.br
- fontsource-lobster-two/5.0.21/files/lobster-two-latin-700-normal.woff.gz
- fontsource-lobster-two/5.0.21/files/lobster-two-latin-700-normal.woff2
- fontsource-lobster-two/5.0.21/index.css.br
- fontsource-lobster-two/5.0.21/index.css.gz
- fontsource-lobster-two/5.0.21/index.css.sri
- fontsource-lobster-two/5.0.21/index.min.css.br
- fontsource-lobster-two/5.0.21/index.min.css.gz
- fontsource-lobster-two/5.0.21/index.min.css.sri
- fontsource-lobster-two/5.0.21/latin-400-italic.css.br
- fontsource-lobster-two/5.0.21/latin-400-italic.css.gz
- fontsource-lobster-two/5.0.21/latin-400-italic.css.sri
- fontsource-lobster-two/5.0.21/latin-400-italic.min.css.br
- fontsource-lobster-two/5.0.21/latin-400-italic.min.css.gz
- fontsource-lobster-two/5.0.21/latin-400-italic.min.css.sri
- fontsource-lobster-two/5.0.21/latin-400.css.br
- fontsource-lobster-two/5.0.21/latin-400.css.gz
- fontsource-lobster-two/5.0.21/latin-400.css.sri
- fontsource-lobster-two/5.0.21/latin-400.min.css.br
- fontsource-lobster-two/5.0.21/latin-400.min.css.gz
- fontsource-lobster-two/5.0.21/latin-400.min.css.sri
- fontsource-lobster-two/5.0.21/latin-700-italic.css.br
- fontsource-lobster-two/5.0.21/latin-700-italic.css.gz
- fontsource-lobster-two/5.0.21/latin-700-italic.css.sri
- fontsource-lobster-two/5.0.21/latin-700-italic.min.css.br
- fontsource-lobster-two/5.0.21/latin-700-italic.min.css.gz
- fontsource-lobster-two/5.0.21/latin-700-italic.min.css.sri
- fontsource-lobster-two/5.0.21/latin-700.css.br
- fontsource-lobster-two/5.0.21/latin-700.css.gz
- fontsource-lobster-two/5.0.21/latin-700.css.sri
- fontsource-lobster-two/5.0.21/latin-700.min.css.br
- fontsource-lobster-two/5.0.21/latin-700.min.css.gz
- fontsource-lobster-two/5.0.21/latin-700.min.css.sri
- fontsource-lobster-two/5.0.21/latin-italic.css.br
- fontsource-lobster-two/5.0.21/latin-italic.css.gz
- fontsource-lobster-two/5.0.21/latin-italic.css.sri
- fontsource-lobster-two/5.0.21/latin-italic.min.css.br
- fontsource-lobster-two/5.0.21/latin-italic.min.css.gz
- fontsource-lobster-two/5.0.21/latin-italic.min.css.sri
- fontsource-lobster-two/5.0.21/latin.css.br
- fontsource-lobster-two/5.0.21/latin.css.gz
- fontsource-lobster-two/5.0.21/latin.css.sri
- fontsource-lobster-two/5.0.21/latin.min.css.br
- fontsource-lobster-two/5.0.21/latin.min.css.gz
- fontsource-lobster-two/5.0.21/latin.min.css.sri
