Files:
- fontsource-langar/5.0.19/400.css.br
- fontsource-langar/5.0.19/400.min.css.br
- fontsource-langar/5.0.19/files/langar-gurmukhi-400-normal.woff.br
- fontsource-langar/5.0.19/files/langar-latin-400-normal.woff.br
- fontsource-langar/5.0.19/files/langar-latin-ext-400-normal.woff.br
- fontsource-langar/5.0.19/gurmukhi-400.css.br
- fontsource-langar/5.0.19/gurmukhi-400.min.css.br
- fontsource-langar/5.0.19/gurmukhi.css.br
- fontsource-langar/5.0.19/gurmukhi.min.css.br
- fontsource-langar/5.0.19/index.css.br
- fontsource-langar/5.0.19/index.min.css.br
- fontsource-langar/5.0.19/latin-400.css.br
- fontsource-langar/5.0.19/latin-400.min.css.br
- fontsource-langar/5.0.19/latin-ext-400.css.br
- fontsource-langar/5.0.19/latin-ext-400.min.css.br
- fontsource-langar/5.0.19/latin-ext.css.br
- fontsource-langar/5.0.19/latin-ext.min.css.br
- fontsource-langar/5.0.19/latin.css.br
- fontsource-langar/5.0.19/latin.min.css.br
