2023/02/24 20:31:45 optimizing files (Js true, Css true, Png true, Jpg true)
2023/02/24 20:31:45 /tmp/work/cjs/react-is.production.min.js is already compressed
2023/02/24 20:31:45 compress: run /node_modules/uglify-js/bin/uglifyjs --mangle --compress if_return=true -o /tmp/work/cjs/react-is.development.min.js /tmp/work/cjs/react-is.development.js
2023/02/24 20:31:45 compress: run /node_modules/uglify-js/bin/uglifyjs --mangle --compress if_return=true -o /tmp/work/umd/react-is.development.min.js /tmp/work/umd/react-is.development.js
2023/02/24 20:31:45 sri /tmp/work/cjs/react-is.production.min.js -> /output/cjs/react-is.production.min.js.sri
2023/02/24 20:31:45 /tmp/work/umd/react-is.production.min.js is already compressed
2023/02/24 20:31:45 algorithm: run /usr/bin/brotli --quality=11 --output=/output/cjs/react-is.production.min.js.br /tmp/work/cjs/react-is.production.min.js
2023/02/24 20:31:45 sri /tmp/work/umd/react-is.production.min.js -> /output/umd/react-is.production.min.js.sri
2023/02/24 20:31:45 algorithm: run /usr/bin/brotli --quality=11 --output=/output/umd/react-is.production.min.js.br /tmp/work/umd/react-is.production.min.js
2023/02/24 20:31:45 br /tmp/work/cjs/react-is.production.min.js -> /output/cjs/react-is.production.min.js.br
2023/02/24 20:31:45 gz /tmp/work/cjs/react-is.production.min.js -> /output/cjs/react-is.production.min.js.gz
2023/02/24 20:31:45 br /tmp/work/umd/react-is.production.min.js -> /output/umd/react-is.production.min.js.br
2023/02/24 20:31:45 gz /tmp/work/umd/react-is.production.min.js -> /output/umd/react-is.production.min.js.gz
2023/02/24 20:31:46 sri /tmp/work/cjs/react-is.development.min.js -> /output/cjs/react-is.development.min.js.sri
2023/02/24 20:31:46 algorithm: run /usr/bin/brotli --quality=11 --output=/output/cjs/react-is.development.min.js.br /tmp/work/cjs/react-is.development.min.js
2023/02/24 20:31:46 sri /tmp/work/umd/react-is.development.min.js -> /output/umd/react-is.development.min.js.sri
2023/02/24 20:31:46 algorithm: run /usr/bin/brotli --quality=11 --output=/output/umd/react-is.development.min.js.br /tmp/work/umd/react-is.development.min.js
2023/02/24 20:31:46 br /tmp/work/cjs/react-is.development.min.js -> /output/cjs/react-is.development.min.js.br
2023/02/24 20:31:46 br /tmp/work/umd/react-is.development.min.js -> /output/umd/react-is.development.min.js.br
2023/02/24 20:31:46 gz /tmp/work/umd/react-is.development.min.js -> /output/umd/react-is.development.min.js.gz
2023/02/24 20:31:46 sri /tmp/work/umd/react-is.development.js -> /output/umd/react-is.development.js.sri
2023/02/24 20:31:46 algorithm: run /usr/bin/brotli --quality=11 --output=/output/umd/react-is.development.js.br /tmp/work/umd/react-is.development.js
2023/02/24 20:31:46 gz /tmp/work/cjs/react-is.development.min.js -> /output/cjs/react-is.development.min.js.gz
2023/02/24 20:31:46 sri /tmp/work/cjs/react-is.development.js -> /output/cjs/react-is.development.js.sri
2023/02/24 20:31:46 algorithm: run /usr/bin/brotli --quality=11 --output=/output/cjs/react-is.development.js.br /tmp/work/cjs/react-is.development.js
2023/02/24 20:31:46 br /tmp/work/cjs/react-is.development.js -> /output/cjs/react-is.development.js.br
2023/02/24 20:31:46 gz /tmp/work/cjs/react-is.development.js -> /output/cjs/react-is.development.js.gz
2023/02/24 20:31:46 br /tmp/work/umd/react-is.development.js -> /output/umd/react-is.development.js.br
2023/02/24 20:31:46 gz /tmp/work/umd/react-is.development.js -> /output/umd/react-is.development.js.gz
2023/02/24 20:31:46 processed react-is
