config: {"authors":[{"name":"Pouya Saadeghi"}],"autoupdate":{"source":"npm","target":"daisyui","fileMap":[{"basePath":"dist","files":["*.css"]}]},"description":"Tailwind CSS Components","filename":"full.css","homepage":"https://daisyui.com/","keywords":["design-system","tailwindcss","components","ui-library","component","framework","tailwind","theming","postcss","design","css","ui"],"license":"MIT","name":"daisyui","repository":{"type":"git","url":"https://github.com/saadeghi/daisyui.git"},"author":"Pouya Saadeghi"}
KV keys:
- daisyui/2.27.0/full.css.br
- daisyui/2.27.0/full.css.gz
- daisyui/2.27.0/full.min.css.br
- daisyui/2.27.0/full.min.css.gz
- daisyui/2.27.0/styled.css.br
- daisyui/2.27.0/styled.css.gz
- daisyui/2.27.0/styled.min.css.br
- daisyui/2.27.0/styled.min.css.gz
- daisyui/2.27.0/themes.css.br
- daisyui/2.27.0/themes.css.gz
- daisyui/2.27.0/themes.min.css.br
- daisyui/2.27.0/themes.min.css.gz
- daisyui/2.27.0/unstyled.css.br
- daisyui/2.27.0/unstyled.css.gz
- daisyui/2.27.0/unstyled.min.css.br
- daisyui/2.27.0/unstyled.min.css.gz
SRIs:
- daisyui/2.27.0/full.css: sha512-jKlVhuE7F4z/KirsxQgzQ8LEoenwTB/nxltzeP2wAAeCDQzy6tl22eOjx7czTlQb5ZlzElPE6Q9G5dgX9XDMPA==
- daisyui/2.27.0/full.min.css: sha512-RZKgyd4qkeOc7wd4TTtGi6etkM/J/CVVc1fjv9oFPSNdF3ReyUkn/MwYg+q9/1TUptKFgRn0a08f8JNI4pTaGA==
- daisyui/2.27.0/styled.css: sha512-lHLlvcazgspvuEkzjwXZPFravjRTFHYrhmczvj1lAf0lqNhoKVlbeRlibK4eIKfkjsI3NoSJGMtPz7HsfVbfvg==
- daisyui/2.27.0/styled.min.css: sha512-5QkUeoFZ7GKHWFMz9+o6e4LlLxT3ae70S4JVvCw4lTR0+x4XMPOa5bYfDHarqnqb/SYP10bkPcYLYpfg/Pxr+Q==
- daisyui/2.27.0/themes.css: sha512-026hTlGHceT/SNe+nC70RzCdjBpwCMKCm8bswolHu+gWuLdHwGf1uuMDHBTf8+wzQzMHRpYY5AhERDH025TsKA==
- daisyui/2.27.0/themes.min.css: sha512-/g0zZvEkZtSRP2k2TwKh5zBi8VelGW0qRuBUL/9xsV0jPZ1rwPzSGl464FRsgWHVjVm3lOQzVZvqUtDiXvu4TA==
- daisyui/2.27.0/unstyled.css: sha512-2G1g0mlri5WkejUE+0uYFtkOFDGxNF7J8fTWr2AnExlvOa4G/XqqTr1wEaHcuI86UdTj7idDDU3NKFLQqBRrEA==
- daisyui/2.27.0/unstyled.min.css: sha512-iLE7+UhMiBXJZF/W40MBxKMhyTSJajN/0rl0W8ZAAabZHKFQlYSA8vChYpNpZqq+pjYEKnOE1IP0amIqPhQ4mw==
