config: {"authors":[{"name":"Google Inc."}],"autoupdate":{"source":"npm","target":"@fontsource/turret-road","fileMap":[{"basePath":"","files":["*.css","files/*.@(woff|woff2)"]}],"excludeFromSearch":true},"description":"Self-host the Turret Road font in a neatly bundled NPM package.","filename":"index.css","homepage":"https://fontsource.org/fonts/turret-road","keywords":["fontsource","font","font family","google fonts","turret-road","Turret Road","css","sass","front-end","web","typeface","variable"],"license":"OFL-1.1","name":"fontsource-turret-road","repository":{"type":"git","url":"git+https://github.com/fontsource/font-files.git"},"author":"Google Inc."}
KV keys:
- fontsource-turret-road/5.0.19/200.css.br
- fontsource-turret-road/5.0.19/200.css.gz
- fontsource-turret-road/5.0.19/200.min.css.br
- fontsource-turret-road/5.0.19/200.min.css.gz
- fontsource-turret-road/5.0.19/300.css.br
- fontsource-turret-road/5.0.19/300.css.gz
- fontsource-turret-road/5.0.19/300.min.css.br
- fontsource-turret-road/5.0.19/300.min.css.gz
- fontsource-turret-road/5.0.19/400.css.br
- fontsource-turret-road/5.0.19/400.css.gz
- fontsource-turret-road/5.0.19/400.min.css.br
- fontsource-turret-road/5.0.19/400.min.css.gz
- fontsource-turret-road/5.0.19/500.css.br
- fontsource-turret-road/5.0.19/500.css.gz
- fontsource-turret-road/5.0.19/500.min.css.br
- fontsource-turret-road/5.0.19/500.min.css.gz
- fontsource-turret-road/5.0.19/700.css.br
- fontsource-turret-road/5.0.19/700.css.gz
- fontsource-turret-road/5.0.19/700.min.css.br
- fontsource-turret-road/5.0.19/700.min.css.gz
- fontsource-turret-road/5.0.19/800.css.br
- fontsource-turret-road/5.0.19/800.css.gz
- fontsource-turret-road/5.0.19/800.min.css.br
- fontsource-turret-road/5.0.19/800.min.css.gz
- fontsource-turret-road/5.0.19/files/turret-road-latin-200-normal.woff.br
- fontsource-turret-road/5.0.19/files/turret-road-latin-200-normal.woff.gz
- fontsource-turret-road/5.0.19/files/turret-road-latin-200-normal.woff2
- fontsource-turret-road/5.0.19/files/turret-road-latin-300-normal.woff.br
- fontsource-turret-road/5.0.19/files/turret-road-latin-300-normal.woff.gz
- fontsource-turret-road/5.0.19/files/turret-road-latin-300-normal.woff2
- fontsource-turret-road/5.0.19/files/turret-road-latin-400-normal.woff.br
- fontsource-turret-road/5.0.19/files/turret-road-latin-400-normal.woff.gz
- fontsource-turret-road/5.0.19/files/turret-road-latin-400-normal.woff2
- fontsource-turret-road/5.0.19/files/turret-road-latin-500-normal.woff.br
- fontsource-turret-road/5.0.19/files/turret-road-latin-500-normal.woff.gz
- fontsource-turret-road/5.0.19/files/turret-road-latin-500-normal.woff2
- fontsource-turret-road/5.0.19/files/turret-road-latin-700-normal.woff.br
- fontsource-turret-road/5.0.19/files/turret-road-latin-700-normal.woff.gz
- fontsource-turret-road/5.0.19/files/turret-road-latin-700-normal.woff2
- fontsource-turret-road/5.0.19/files/turret-road-latin-800-normal.woff.br
- fontsource-turret-road/5.0.19/files/turret-road-latin-800-normal.woff.gz
- fontsource-turret-road/5.0.19/files/turret-road-latin-800-normal.woff2
- fontsource-turret-road/5.0.19/files/turret-road-latin-ext-200-normal.woff.br
- fontsource-turret-road/5.0.19/files/turret-road-latin-ext-200-normal.woff.gz
- fontsource-turret-road/5.0.19/files/turret-road-latin-ext-200-normal.woff2
- fontsource-turret-road/5.0.19/files/turret-road-latin-ext-300-normal.woff.br
- fontsource-turret-road/5.0.19/files/turret-road-latin-ext-300-normal.woff.gz
- fontsource-turret-road/5.0.19/files/turret-road-latin-ext-300-normal.woff2
- fontsource-turret-road/5.0.19/files/turret-road-latin-ext-400-normal.woff.br
- fontsource-turret-road/5.0.19/files/turret-road-latin-ext-400-normal.woff.gz
- fontsource-turret-road/5.0.19/files/turret-road-latin-ext-400-normal.woff2
- fontsource-turret-road/5.0.19/files/turret-road-latin-ext-500-normal.woff.br
- fontsource-turret-road/5.0.19/files/turret-road-latin-ext-500-normal.woff.gz
- fontsource-turret-road/5.0.19/files/turret-road-latin-ext-500-normal.woff2
- fontsource-turret-road/5.0.19/files/turret-road-latin-ext-700-normal.woff.br
- fontsource-turret-road/5.0.19/files/turret-road-latin-ext-700-normal.woff.gz
- fontsource-turret-road/5.0.19/files/turret-road-latin-ext-700-normal.woff2
- fontsource-turret-road/5.0.19/files/turret-road-latin-ext-800-normal.woff.br
- fontsource-turret-road/5.0.19/files/turret-road-latin-ext-800-normal.woff.gz
- fontsource-turret-road/5.0.19/files/turret-road-latin-ext-800-normal.woff2
- fontsource-turret-road/5.0.19/index.css.br
- fontsource-turret-road/5.0.19/index.css.gz
- fontsource-turret-road/5.0.19/index.min.css.br
- fontsource-turret-road/5.0.19/index.min.css.gz
- fontsource-turret-road/5.0.19/latin-200.css.br
- fontsource-turret-road/5.0.19/latin-200.css.gz
- fontsource-turret-road/5.0.19/latin-200.min.css.br
- fontsource-turret-road/5.0.19/latin-200.min.css.gz
- fontsource-turret-road/5.0.19/latin-300.css.br
- fontsource-turret-road/5.0.19/latin-300.css.gz
- fontsource-turret-road/5.0.19/latin-300.min.css.br
- fontsource-turret-road/5.0.19/latin-300.min.css.gz
- fontsource-turret-road/5.0.19/latin-400.css.br
- fontsource-turret-road/5.0.19/latin-400.css.gz
- fontsource-turret-road/5.0.19/latin-400.min.css.br
- fontsource-turret-road/5.0.19/latin-400.min.css.gz
- fontsource-turret-road/5.0.19/latin-500.css.br
- fontsource-turret-road/5.0.19/latin-500.css.gz
- fontsource-turret-road/5.0.19/latin-500.min.css.br
- fontsource-turret-road/5.0.19/latin-500.min.css.gz
- fontsource-turret-road/5.0.19/latin-700.css.br
- fontsource-turret-road/5.0.19/latin-700.css.gz
- fontsource-turret-road/5.0.19/latin-700.min.css.br
- fontsource-turret-road/5.0.19/latin-700.min.css.gz
- fontsource-turret-road/5.0.19/latin-800.css.br
- fontsource-turret-road/5.0.19/latin-800.css.gz
- fontsource-turret-road/5.0.19/latin-800.min.css.br
- fontsource-turret-road/5.0.19/latin-800.min.css.gz
- fontsource-turret-road/5.0.19/latin-ext-200.css.br
- fontsource-turret-road/5.0.19/latin-ext-200.css.gz
- fontsource-turret-road/5.0.19/latin-ext-200.min.css.br
- fontsource-turret-road/5.0.19/latin-ext-200.min.css.gz
- fontsource-turret-road/5.0.19/latin-ext-300.css.br
- fontsource-turret-road/5.0.19/latin-ext-300.css.gz
- fontsource-turret-road/5.0.19/latin-ext-300.min.css.br
- fontsource-turret-road/5.0.19/latin-ext-300.min.css.gz
- fontsource-turret-road/5.0.19/latin-ext-400.css.br
- fontsource-turret-road/5.0.19/latin-ext-400.css.gz
- fontsource-turret-road/5.0.19/latin-ext-400.min.css.br
- fontsource-turret-road/5.0.19/latin-ext-400.min.css.gz
- fontsource-turret-road/5.0.19/latin-ext-500.css.br
- fontsource-turret-road/5.0.19/latin-ext-500.css.gz
- fontsource-turret-road/5.0.19/latin-ext-500.min.css.br
- fontsource-turret-road/5.0.19/latin-ext-500.min.css.gz
- fontsource-turret-road/5.0.19/latin-ext-700.css.br
- fontsource-turret-road/5.0.19/latin-ext-700.css.gz
- fontsource-turret-road/5.0.19/latin-ext-700.min.css.br
- fontsource-turret-road/5.0.19/latin-ext-700.min.css.gz
- fontsource-turret-road/5.0.19/latin-ext-800.css.br
- fontsource-turret-road/5.0.19/latin-ext-800.css.gz
- fontsource-turret-road/5.0.19/latin-ext-800.min.css.br
- fontsource-turret-road/5.0.19/latin-ext-800.min.css.gz
- fontsource-turret-road/5.0.19/latin-ext.css.br
- fontsource-turret-road/5.0.19/latin-ext.css.gz
- fontsource-turret-road/5.0.19/latin-ext.min.css.br
- fontsource-turret-road/5.0.19/latin-ext.min.css.gz
- fontsource-turret-road/5.0.19/latin.css.br
- fontsource-turret-road/5.0.19/latin.css.gz
- fontsource-turret-road/5.0.19/latin.min.css.br
- fontsource-turret-road/5.0.19/latin.min.css.gz
SRIs:
- fontsource-turret-road/5.0.19/latin-500.css: sha512-GJCFF982ZWpCzHDI09RrKYI3YkWkFwsh2BcrIWIUhupq6lViZ2SAMarqczBcPnxLeQGuHDi8BsxxroFr7QYjTg==
- fontsource-turret-road/5.0.19/latin-700.min.css: sha512-992A2hc8o2PuW+Cu+E8gBBgD+dIjtjThv5sszTBgZJ40s53fTb0erQx9V/5kg7rz+W7xee1gqYybpfeEh9dtDQ==
- fontsource-turret-road/5.0.19/latin-ext-300.min.css: sha512-rVeBPBw5vrqdQi2BGISucU94eUl1pGqf/pDgUR7D1JQoKP5PFcO6vvyH3MpY9WHkLLyf4V3zCAbzrT3bSVoTYA==
- fontsource-turret-road/5.0.19/latin-ext.css: sha512-qZWrYw6i56URW3FjyJEf1TlDtJkJ6m+ukFRPYmR6uhymTcW89Mn8LZ0uDoXVwusY24TNTwj+Tzc7geBfATrQfQ==
- fontsource-turret-road/5.0.19/200.css: sha512-QAjIYxiI0S2yBeHj07T42u6/3wf6+tEGNCgkK2bYpChGU57X/6sZxt4hCgP6gycSYgw0o4cfsEBB7bLA3rjtPQ==
- fontsource-turret-road/5.0.19/800.min.css: sha512-mI9Xo/i+vy6VQBZkwOL3IRevlr2e+MpsVKdQEj7p+zLYOFCurDi4hmy0aBKO2TEwZD6QBb1oynZSj0+wuzH9GQ==
- fontsource-turret-road/5.0.19/latin-200.css: sha512-Xsrslq+D22a9MN0Mo71GYd6RitnUeVxQPR2Q3XIbV10r/sywYmGJTUlCAtdAijSTzWYeY3WRII3RmXqQg6yNDg==
- fontsource-turret-road/5.0.19/latin-800.css: sha512-p9LsoE6T6E8+5UU6eKizdS4D/Ns2g8hzrDGPIAiFfxomvLXl5n1fdhCJ+tEHYBqZZELbMxvuou1s1/r8VcE/Ig==
- fontsource-turret-road/5.0.19/latin-ext-500.css: sha512-7CKXIM6D0ryIDedd0N5TpuN6aAAKs7QriI6/zbgcRO4bIDWrieOlwt1EFQ3ynwHXiamaj1jzJYDCaEYGCfjNyw==
- fontsource-turret-road/5.0.19/latin-ext-800.min.css: sha512-NIgfJoupQEsbAYlLSk8lUbn5BOc+B28P+kIUggmC1VkQpRm8PIMko7eVgt21p2rXfCncYnsrsiAFpz31N33DHg==
- fontsource-turret-road/5.0.19/700.css: sha512-E/3XTt3dErOvAHAq7DlXKzNmrS4OL15uvabcFB3QFmKtLOrnhZZrPBHYYKmX55Z5OuFacNGHu7I4/iWrMzS4iQ==
- fontsource-turret-road/5.0.19/latin-400.css: sha512-ev/U+q2VX8cUxalQpMf20k2FiYqGCaBQ8d+mV6GYqLinHi5E9DND5a/i+5bG/6D+15pjz01JTpiydjJ7Msbdeg==
- fontsource-turret-road/5.0.19/latin-ext-200.css: sha512-BGr6pP5HRz1yAmzRM8EvOVrHw+2+awCXKFE7kbkNYmUxuyHL8Q0bgcOPBCoV7sxJ/zaaV/0Cg7cSE0ZNUcZO1Q==
- fontsource-turret-road/5.0.19/latin-ext-200.min.css: sha512-zkR3OOjmBtmv7piOUIm6fwJNJABGoyN8hbuybrb2pFHd5CsO/ygctl0Z8LM1iUQCDemd5zAoao83hTdWU3xtrQ==
- fontsource-turret-road/5.0.19/500.min.css: sha512-6X+tvjMqA4aHwlcbwwJNb11CPBfh0Z1T+YwmkXtJVB2pV7mX3fTrKa5JzcFCR7FX4FCc1bn5jao49jj4Pnv01A==
- fontsource-turret-road/5.0.19/latin-300.css: sha512-dM3qCP84Z/LCs4XA/fGIl9CBg7qpMUjncEnNI7GnioN2LSKbaqp8gOPWnXUU8UeLp+k0/4zZUuNfC/Wy8NULpA==
- fontsource-turret-road/5.0.19/latin-300.min.css: sha512-1yULhIsXzmxThTT61RozLCVUY0tcAy33mxfo7jATWjYewnKKEPYPjgAcl4CUR8qBkUDdIQDI3knZWGGgYGwUDg==
- fontsource-turret-road/5.0.19/latin.min.css: sha512-MDrCOng1HVENsmgKDi4/ZYhG3QqkCd9k8j/yC/4sbyKtRltWbihhwZJrNYqUgsxmCdWzjCmwJFCD6sVypr6e+A==
- fontsource-turret-road/5.0.19/800.css: sha512-TN4ofjEM9vtEuGFAK2gjebU0g6WaOiyWgv3vicLAZpWNWonK7bQ/kD5gNaNFfwL6r+JkZ+RFUaGaVNTrm2vO1g==
- fontsource-turret-road/5.0.19/index.min.css: sha512-mOaCuySBjIqwuv8l8OFaiwkhIECQDp/cpmyX1V7kXVU8ZR04I23Kei7YllpRwXlZrUB2bLaHDg6oMN6FWUMZOg==
- fontsource-turret-road/5.0.19/latin-700.css: sha512-ZYgSg8CqUMAig4TEEH6Mjj8NuguARGqqPNZQoFAgtKfwOKaUnih+UmqKAC4MigLOzAbCXBcMbW3G1YSqnulltA==
- fontsource-turret-road/5.0.19/latin-ext-400.min.css: sha512-io3wGxhySv7m9NfmzRgId3JqYJ1KOV0BLO0Npe/sUVBlscd3GJ8HBSBgzub75q6/X9x3E43IaYZ3JeOn4x1Sgg==
- fontsource-turret-road/5.0.19/latin-ext-500.min.css: sha512-RoAKCGHDJ/Hn0CK8QllAVox3lFaZDNLuc+ZGqrvZ+KjcTFF/VpI37naXJyhMc4vA/UnzcMkgJgVtA+1sRzz8ZA==
- fontsource-turret-road/5.0.19/latin-ext-700.min.css: sha512-cwgG1CLP3t9SHPRTXBHqoV9SeAlfZLrnpWUuMSDA6ygnsT0/8fTxuHWBDUbAdfzbcPcllTjn72wupQOeSBeWig==
- fontsource-turret-road/5.0.19/300.min.css: sha512-tkDgYKSB7A68sscuDXzvq2qisJYmpaFFV8nN8B9Hd1c8Cz0ftgEcc9gE5YwG/6F78V6oVar47ReSGAuzdkQfBg==
- fontsource-turret-road/5.0.19/300.css: sha512-HjkdywnkAvIT11vnd8aT31ueQvsEPRYEan95sHk1+aW5zVFkw5pxFWVVNgkjYmQl5A36IHRfoHRgvFdWlmZXig==
- fontsource-turret-road/5.0.19/400.min.css: sha512-mOaCuySBjIqwuv8l8OFaiwkhIECQDp/cpmyX1V7kXVU8ZR04I23Kei7YllpRwXlZrUB2bLaHDg6oMN6FWUMZOg==
- fontsource-turret-road/5.0.19/500.css: sha512-ajWb+oNXkhXLsbgdFdJHKl2HGbkXPQOGmbnhhIFcvZ1Z9C4RqMFGyIWddhhcqzty1Z15+7/h/clv3W/0IVmgZg==
- fontsource-turret-road/5.0.19/latin-200.min.css: sha512-OZky53MEacBoBOb6HzqehorIHe6h3eOpUfgnyBjOIWOQGuLVJyjSunGybFUXP/yQop0AnMbFs1UmDTGxc2fSTg==
- fontsource-turret-road/5.0.19/latin-500.min.css: sha512-Z5eOFZBbS1jmFL82c4gZjHM3goy1o1CZ0Lw0cShmiIowKVloBVmI4/7963ekZR+bYepFnmj+52uacL/JF/hHWA==
- fontsource-turret-road/5.0.19/latin.css: sha512-fkVHalhJbGmxXsI9OyaAbU7cFGDPBuQg5OKEvMOvN0EPgA/3FumGvVRxF5zzI/63dLxVFSUlCe1ZcRign/t8Dw==
- fontsource-turret-road/5.0.19/200.min.css: sha512-PD26sb3pC42DkMdIZF0NJg4XOf6gwSEDIEiDKp/y4k5kC6DrIr9PYuQWa2tH8/WId6hX9x75Zx5utjST2MhYVg==
- fontsource-turret-road/5.0.19/700.min.css: sha512-jsvfX9aHw6WGkKJseFFWfSY3uKepRMjrtgCERYjqC9tejqX8AZVYCk8LwiR7yXs4WmN9MmOW3g3+EL7x5PfSmw==
- fontsource-turret-road/5.0.19/index.css: sha512-vg1MheumI3NHZSUB6MGdofBB39ITSbVlq9ofcmCj4tTidfz9Y/ZNTBT1GIPWjQs8tEFBJ/lf3Qh2lQ8jNT2vFg==
- fontsource-turret-road/5.0.19/latin-400.min.css: sha512-2d4Kx0fDleP794zORn5bZGRN7W6OQiwAYoLi8EFVURGm4idmszwqwXDgzuiU5oDAdICTCtqO5UQQ376BsBoKjQ==
- fontsource-turret-road/5.0.19/latin-800.min.css: sha512-Gj+W9g8jKEk/aQtMVDRK2efFdleeGf8cL6eh6iQai4TlA3GsCT0UgoMQvgpUeou3inu+icL3/JGBUHCRs78PRA==
- fontsource-turret-road/5.0.19/latin-ext-400.css: sha512-tU84IFqPGEcNziAnUprIExH9zVLrKWGKsz2KJBY6XfNal67dEdSroGj6CMAi9Mu+vTRnpUYgSPjiOvIBZ10mAw==
- fontsource-turret-road/5.0.19/latin-ext-700.css: sha512-6wNsn3AvkWte7EqWTJpDC9JsU8g4otXwS5PGiNx+3oNWzLUjfl80gmdatehLk3u8qrGN7FhNo+T1hcLPrPww7A==
- fontsource-turret-road/5.0.19/latin-ext-800.css: sha512-0rsZFw9DiyZXAmV+AhLP3GQ0q2EtidKfkKFhXybmQbqDYdqAkSQHALeHQwC3Xw7aHd5koXQfLj5xOFcNu5hyTA==
- fontsource-turret-road/5.0.19/400.css: sha512-vg1MheumI3NHZSUB6MGdofBB39ITSbVlq9ofcmCj4tTidfz9Y/ZNTBT1GIPWjQs8tEFBJ/lf3Qh2lQ8jNT2vFg==
- fontsource-turret-road/5.0.19/latin-ext.min.css: sha512-qZwRE8az2jyvhLKPbKw6p8NgB6+RjaWCczFYAhu7MrU8SaQG0i8YrshiEDp/ROTXxmuX74ktAJT1vY52hbzZXQ==
- fontsource-turret-road/5.0.19/latin-ext-300.css: sha512-EyDOurhWk3iIvstFyPiWafA95xLCwfJr4UgG4LYLTjdr3Ilz8ajhgzfGLGymlGIsxQKnkZM4QR7ax68XozmPgA==
