config: {"authors":[{"name":"John Leider","email":"john.j.leider@gmail.com"}],"autoupdate":{"source":"npm","target":"vuetify","fileMap":[{"basePath":"dist","files":["**/*"]}]},"description":"Vue.js 2 Semantic Component Framework","filename":"vuetify.min.js","homepage":"https://vuetifyjs.com/","keywords":["Vue","Vuetify","semantic","component"],"license":"MIT","name":"vuetify","repository":{"type":"git","url":"git://github.com/vuetifyjs/vuetify.git"},"author":"John Leider \u003cjohn.j.leider@gmail.com\u003e"}
KV keys:
- vuetify/3.5.17/_component-variables-labs.sass.br
- vuetify/3.5.17/_component-variables-labs.sass.gz
- vuetify/3.5.17/_component-variables.sass.br
- vuetify/3.5.17/_component-variables.sass.gz
- vuetify/3.5.17/json/attributes.json.br
- vuetify/3.5.17/json/attributes.json.gz
- vuetify/3.5.17/json/importMap-labs.json.br
- vuetify/3.5.17/json/importMap-labs.json.gz
- vuetify/3.5.17/json/importMap.json.br
- vuetify/3.5.17/json/importMap.json.gz
- vuetify/3.5.17/json/tags.json.br
- vuetify/3.5.17/json/tags.json.gz
- vuetify/3.5.17/json/web-types.json.br
- vuetify/3.5.17/json/web-types.json.gz
- vuetify/3.5.17/vuetify-labs.css.br
- vuetify/3.5.17/vuetify-labs.css.gz
- vuetify/3.5.17/vuetify-labs.d.ts.br
- vuetify/3.5.17/vuetify-labs.d.ts.gz
- vuetify/3.5.17/vuetify-labs.esm.js.br
- vuetify/3.5.17/vuetify-labs.esm.js.gz
- vuetify/3.5.17/vuetify-labs.esm.js.map.br
- vuetify/3.5.17/vuetify-labs.esm.js.map.gz
- vuetify/3.5.17/vuetify-labs.esm.min.js.br
- vuetify/3.5.17/vuetify-labs.esm.min.js.gz
- vuetify/3.5.17/vuetify-labs.js.br
- vuetify/3.5.17/vuetify-labs.js.gz
- vuetify/3.5.17/vuetify-labs.min.css.br
- vuetify/3.5.17/vuetify-labs.min.css.gz
- vuetify/3.5.17/vuetify-labs.min.js.br
- vuetify/3.5.17/vuetify-labs.min.js.gz
- vuetify/3.5.17/vuetify.css.br
- vuetify/3.5.17/vuetify.css.gz
- vuetify/3.5.17/vuetify.d.ts.br
- vuetify/3.5.17/vuetify.d.ts.gz
- vuetify/3.5.17/vuetify.esm.js.br
- vuetify/3.5.17/vuetify.esm.js.gz
- vuetify/3.5.17/vuetify.esm.js.map.br
- vuetify/3.5.17/vuetify.esm.js.map.gz
- vuetify/3.5.17/vuetify.esm.min.js.br
- vuetify/3.5.17/vuetify.esm.min.js.gz
- vuetify/3.5.17/vuetify.js.br
- vuetify/3.5.17/vuetify.js.gz
- vuetify/3.5.17/vuetify.js.map.br
- vuetify/3.5.17/vuetify.js.map.gz
- vuetify/3.5.17/vuetify.min.css.br
- vuetify/3.5.17/vuetify.min.css.gz
- vuetify/3.5.17/vuetify.min.js.br
- vuetify/3.5.17/vuetify.min.js.gz
- vuetify/3.5.17/vuetify.min.js.map.br
- vuetify/3.5.17/vuetify.min.js.map.gz
SRIs:
- vuetify/3.5.17/vuetify-labs.min.css: sha512-RKPHcAYJJlVXeBRqzJIcNtjWp6IBhVU54pUdoKWJcMJZ5JF8XHwrLv4QO/xSZ/BvJN8ZsRRvwt1AEoh/ujMmUw==
- vuetify/3.5.17/vuetify-labs.min.js: sha512-DvlBz/w1E6ZI5lqj5V70emIJfr2yWn6hbRCSDqH0bqzyt1MK0Njql89n8GhvVD9SVNdL3WAFR7m1fEwcfaGb6w==
- vuetify/3.5.17/vuetify.esm.min.js: sha512-WHeMwTaOfPOv0ab6WS/Y8jTHl+hJF9EpumzZUh4rQZSjwCEmBMlW+Ok9WYK/otoZsVu5YfI1lzpS2O+zdWX+6w==
- vuetify/3.5.17/vuetify.js: sha512-kHsMhIf6NMmvlH9fdlW7XD96dtc48Nuwsw6UZXXstNdKt0BjE8QqbmJDQcQYXdd6q8Fb5uRGtJPLipVsuJnduA==
- vuetify/3.5.17/vuetify.min.css: sha512-kD5Ci0CJuNFu5DGyCIzDZChxurq4CEWKUl00f2ioLYA2pD/rBJQLDihrJ1CGK1WJJnIKsTHN+4+cU2hdID9ENQ==
- vuetify/3.5.17/vuetify-labs.css: sha512-nyrFoiDKifk7U2zrm+MqU6P4Cb5iRqmC90HOhQkU8EhyXzKHkyJFI3R80Q9ah5oivAmBIi2SyADs8wTXbuePXg==
- vuetify/3.5.17/vuetify-labs.esm.js: sha512-g84dUVdpEpq/pvWXkJwl6kYkVVcXqRtyt7eKkNhTYgkrL3I5qic/l8hY/Z3lmGylMJ0SIyRSBQycW/HUQ2ASbg==
- vuetify/3.5.17/vuetify-labs.js: sha512-Sko3StAs6SX7IDe2u4IjLoJlcxIoaCYfpW2jX68G7KViV5/AZ9qw2dN7ah/f26iHN+BEfxP856K3ahOE4QVgwA==
- vuetify/3.5.17/vuetify.min.js: sha512-fIsXMonzNB2Z7m32Qd2tMJjWE3e9UdQOO0oFg5zpXXzu7RqVdKkvUb6HNgDchz+5nhh/mhwGPZFDV1bImEzzpw==
- vuetify/3.5.17/vuetify-labs.esm.min.js: sha512-UoCpZsxV6y/7u83X9MK+0mnlQ/M4m4M/UiTFdqvKI0AvYCeW7+aTsq1nwQ+PN+tOvIYFm0O/5FHEglfHGuBjig==
- vuetify/3.5.17/vuetify.css: sha512-RRpA7VrsaPkJrcmOIojRjMq8Ubjac/q1BvPZNF37cGnxA2wmW4SXFZowwZRkjjn8vYsH61A/qyeCkQwWm2IXXA==
- vuetify/3.5.17/vuetify.esm.js: sha512-76a6lAS9eiTLfQPjFKMx3rWCGR4WxcweyMwW2zwnLxNqaOaijGsYm72ZoXT1Z0shHuvKyUM2slQIHcyBo4DJRA==
