config: {"authors":[{"name":"Lete乐特","url":"https://www.imlete.cn"}],"autoupdate":{"source":"npm","target":"discuss","fileMap":[{"basePath":"dist","files":["*.js"]}]},"description":"一款简单，安全，免费的评论系统 | A simple, safe, free comment system","filename":"Discuss.js","homepage":"https://github.com/Lete114/Discuss#readme","keywords":["discuss","comments","concise","vue"],"license":"MIT","name":"discuss","repository":{"type":"git","url":"git+https://github.com/Lete114/Discuss.git"},"author":"Lete乐特 (https://www.imlete.cn)"}
KV keys:
- discuss/0.2.6/Discuss.js.br
- discuss/0.2.6/Discuss.js.gz
- discuss/0.2.6/Discuss.min.js.br
- discuss/0.2.6/Discuss.min.js.gz
- discuss/0.2.6/admin.Discuss.js.br
- discuss/0.2.6/admin.Discuss.js.gz
- discuss/0.2.6/admin.Discuss.min.js.br
- discuss/0.2.6/admin.Discuss.min.js.gz
- discuss/0.2.6/emot.Discuss.js.br
- discuss/0.2.6/emot.Discuss.js.gz
- discuss/0.2.6/emot.Discuss.min.js.br
- discuss/0.2.6/emot.Discuss.min.js.gz
- discuss/0.2.6/en_US.Discuss.js.br
- discuss/0.2.6/en_US.Discuss.js.gz
- discuss/0.2.6/en_US.Discuss.min.js.br
- discuss/0.2.6/en_US.Discuss.min.js.gz
- discuss/0.2.6/zh_CN.Discuss.js.br
- discuss/0.2.6/zh_CN.Discuss.js.gz
- discuss/0.2.6/zh_CN.Discuss.min.js.br
- discuss/0.2.6/zh_CN.Discuss.min.js.gz
SRIs:
- discuss/0.2.6/Discuss.js: sha512-6SeFWmHgH3X8qCzp+FYRBJHg62RW6DgJadaYvAFCpO1QLD9hI2+IzLp45T4/JFBYKxyXLyEFIk5iCUCGYxso8g==
- discuss/0.2.6/Discuss.min.js: sha512-fo/27eQamUxYqdtjwZw5kbg2I3vWkYt4faTuARRmUdpYa0d7iDfhy16Psz3nb4yHMvMPqTNVGic5py89WQ5S3Q==
- discuss/0.2.6/emot.Discuss.min.js: sha512-FO56d34G2yPCYxV6McTPIHZp2CrzXyobHY4jfktSnSU6p4UwVhg/eFrJwauzpAWzAkOBXzJpQp5vqGttTAZYcg==
- discuss/0.2.6/en_US.Discuss.js: sha512-Y8XlVVd4xT4PJks3PX7hWLvwFVJjd19hXogTbRo6iEWmuAVHpD1u5ghKFoaIVvw/x5Gc692a5OlagBgdzSP39A==
- discuss/0.2.6/admin.Discuss.js: sha512-1YmEO3VNOWkkwiZ4k6nj5gnZsqBi5koXOh2MJfzNS/LeCe5A32fe5P9Sk+EjvwYxykIcP/yNC5uatqHOKSxqaw==
- discuss/0.2.6/admin.Discuss.min.js: sha512-o386TdfVvcReKkujgX46OQNOH8q6wft9AySwQH1Kz2BwNBqm6hSeRJUjA3VSgF3xcOIkyE2YtGIpFbUdS+psQQ==
- discuss/0.2.6/emot.Discuss.js: sha512-FO56d34G2yPCYxV6McTPIHZp2CrzXyobHY4jfktSnSU6p4UwVhg/eFrJwauzpAWzAkOBXzJpQp5vqGttTAZYcg==
- discuss/0.2.6/en_US.Discuss.min.js: sha512-Y8XlVVd4xT4PJks3PX7hWLvwFVJjd19hXogTbRo6iEWmuAVHpD1u5ghKFoaIVvw/x5Gc692a5OlagBgdzSP39A==
- discuss/0.2.6/zh_CN.Discuss.js: sha512-GDM3nR2LFQ6TSkUGYSCTgkMLs1yPy4sYAgnTv/wfSb4aA+XEquggbWb34NPOVL3u2BlW75KYc/BZKXl++/KONg==
- discuss/0.2.6/zh_CN.Discuss.min.js: sha512-GDM3nR2LFQ6TSkUGYSCTgkMLs1yPy4sYAgnTv/wfSb4aA+XEquggbWb34NPOVL3u2BlW75KYc/BZKXl++/KONg==
