Files:
- fontsource-smythe/5.0.1/400.css.br
- fontsource-smythe/5.0.1/400.css.gz
- fontsource-smythe/5.0.1/400.min.css.br
- fontsource-smythe/5.0.1/400.min.css.gz
- fontsource-smythe/5.0.1/files/smythe-latin-400-normal.woff.br
- fontsource-smythe/5.0.1/files/smythe-latin-400-normal.woff.gz
- fontsource-smythe/5.0.1/files/smythe-latin-400-normal.woff2
- fontsource-smythe/5.0.1/index.css.br
- fontsource-smythe/5.0.1/index.css.gz
- fontsource-smythe/5.0.1/index.min.css.br
- fontsource-smythe/5.0.1/index.min.css.gz
- fontsource-smythe/5.0.1/latin-400.css.br
- fontsource-smythe/5.0.1/latin-400.css.gz
- fontsource-smythe/5.0.1/latin-400.min.css.br
- fontsource-smythe/5.0.1/latin-400.min.css.gz
- fontsource-smythe/5.0.1/latin.css.br
- fontsource-smythe/5.0.1/latin.css.gz
- fontsource-smythe/5.0.1/latin.min.css.br
- fontsource-smythe/5.0.1/latin.min.css.gz
