config: {"authors":[{"name":"Google Inc."}],"autoupdate":{"source":"npm","target":"@fontsource/nixie-one","fileMap":[{"basePath":"","files":["*.css","files/*.@(woff|woff2)"]}],"excludeFromSearch":true},"description":"Self-host the Nixie One font in a neatly bundled NPM package.","filename":"index.css","homepage":"https://fontsource.org/fonts/nixie-one","keywords":["fontsource","font","font family","google fonts","nixie-one","Nixie One","css","sass","front-end","web","typeface","variable"],"license":"OFL-1.1","name":"fontsource-nixie-one","repository":{"type":"git","url":"git+https://github.com/fontsource/font-files.git"},"author":"Google Inc."}
KV keys:
- fontsource-nixie-one/5.0.8/400.css.br
- fontsource-nixie-one/5.0.8/400.css.gz
- fontsource-nixie-one/5.0.8/400.min.css.br
- fontsource-nixie-one/5.0.8/400.min.css.gz
- fontsource-nixie-one/5.0.8/files/nixie-one-latin-400-normal.woff.br
- fontsource-nixie-one/5.0.8/files/nixie-one-latin-400-normal.woff.gz
- fontsource-nixie-one/5.0.8/files/nixie-one-latin-400-normal.woff2
- fontsource-nixie-one/5.0.8/index.css.br
- fontsource-nixie-one/5.0.8/index.css.gz
- fontsource-nixie-one/5.0.8/index.min.css.br
- fontsource-nixie-one/5.0.8/index.min.css.gz
- fontsource-nixie-one/5.0.8/latin-400.css.br
- fontsource-nixie-one/5.0.8/latin-400.css.gz
- fontsource-nixie-one/5.0.8/latin-400.min.css.br
- fontsource-nixie-one/5.0.8/latin-400.min.css.gz
- fontsource-nixie-one/5.0.8/latin.css.br
- fontsource-nixie-one/5.0.8/latin.css.gz
- fontsource-nixie-one/5.0.8/latin.min.css.br
- fontsource-nixie-one/5.0.8/latin.min.css.gz
SRIs:
- fontsource-nixie-one/5.0.8/index.min.css: sha512-q//8ilZ7x5awdIK+tyAEwrcVfOG0rIRdOHlK9u0A+fZNujTpwAoijU68/wSTcg2bRh9ufsX4V1ug9mA1tfE+jw==
- fontsource-nixie-one/5.0.8/latin-400.css: sha512-Fo06vieoODEplUPnL/0Yv9zZ4/TKEsxUXO27PT0GqBr/nU4YMB8eILYfKS2QU/wDxAE8p8JZRJ59wfwpEjKqPw==
- fontsource-nixie-one/5.0.8/latin-400.min.css: sha512-JMOIrYNFQirlpouc29C2gVDJmBFDqVGOGNbsEyTpDRYQ2HdGcbYAbH+CgwhJsK6lnEhr/N5w0Lqxt8md5KPKFQ==
- fontsource-nixie-one/5.0.8/latin.css: sha512-Fo06vieoODEplUPnL/0Yv9zZ4/TKEsxUXO27PT0GqBr/nU4YMB8eILYfKS2QU/wDxAE8p8JZRJ59wfwpEjKqPw==
- fontsource-nixie-one/5.0.8/latin.min.css: sha512-JMOIrYNFQirlpouc29C2gVDJmBFDqVGOGNbsEyTpDRYQ2HdGcbYAbH+CgwhJsK6lnEhr/N5w0Lqxt8md5KPKFQ==
- fontsource-nixie-one/5.0.8/400.css: sha512-1scnoisy8ex8ZYi/+7nu+ujtwYYr2FKltMyJXF8BF8aMFb7Ukto2RmXkf+/KNrVPTMuN19H7DXXRIr/tzmx5Ag==
- fontsource-nixie-one/5.0.8/400.min.css: sha512-q//8ilZ7x5awdIK+tyAEwrcVfOG0rIRdOHlK9u0A+fZNujTpwAoijU68/wSTcg2bRh9ufsX4V1ug9mA1tfE+jw==
- fontsource-nixie-one/5.0.8/index.css: sha512-1scnoisy8ex8ZYi/+7nu+ujtwYYr2FKltMyJXF8BF8aMFb7Ukto2RmXkf+/KNrVPTMuN19H7DXXRIr/tzmx5Ag==
