config: {"authors":[{"name":"Tolgee"}],"autoupdate":{"source":"npm","target":"@tolgee/web","fileMap":[{"basePath":"dist","files":["*.@(js|mjs)"]}]},"description":"Tolgee for web","filename":"tolgee-web.production.umd.min.js","homepage":"https://github.com/tolgee/tolgee-js#readme","keywords":["localization","languages","internationalization","framework","localize"],"license":"BSD-3-Clause","name":"tolgee-web","repository":{"type":"git","url":"git+https://github.com/tolgee/tolgee-js.git"},"author":"Tolgee"}
KV keys:
- tolgee-web/5.11.5-prerelease.963d09c5.0/tolgee-in-context-tools.cjs.js.br
- tolgee-web/5.11.5-prerelease.963d09c5.0/tolgee-in-context-tools.cjs.js.gz
- tolgee-web/5.11.5-prerelease.963d09c5.0/tolgee-in-context-tools.cjs.min.js.br
- tolgee-web/5.11.5-prerelease.963d09c5.0/tolgee-in-context-tools.cjs.min.js.gz
- tolgee-web/5.11.5-prerelease.963d09c5.0/tolgee-in-context-tools.esm.js.br
- tolgee-web/5.11.5-prerelease.963d09c5.0/tolgee-in-context-tools.esm.js.gz
- tolgee-web/5.11.5-prerelease.963d09c5.0/tolgee-in-context-tools.esm.min.js.br
- tolgee-web/5.11.5-prerelease.963d09c5.0/tolgee-in-context-tools.esm.min.js.gz
- tolgee-web/5.11.5-prerelease.963d09c5.0/tolgee-in-context-tools.esm.min.mjs.br
- tolgee-web/5.11.5-prerelease.963d09c5.0/tolgee-in-context-tools.esm.min.mjs.gz
- tolgee-web/5.11.5-prerelease.963d09c5.0/tolgee-in-context-tools.esm.mjs.br
- tolgee-web/5.11.5-prerelease.963d09c5.0/tolgee-in-context-tools.esm.mjs.gz
- tolgee-web/5.11.5-prerelease.963d09c5.0/tolgee-in-context-tools.umd.js.br
- tolgee-web/5.11.5-prerelease.963d09c5.0/tolgee-in-context-tools.umd.js.gz
- tolgee-web/5.11.5-prerelease.963d09c5.0/tolgee-in-context-tools.umd.min.js.br
- tolgee-web/5.11.5-prerelease.963d09c5.0/tolgee-in-context-tools.umd.min.js.gz
- tolgee-web/5.11.5-prerelease.963d09c5.0/tolgee-web.development.cjs.js.br
- tolgee-web/5.11.5-prerelease.963d09c5.0/tolgee-web.development.cjs.js.gz
- tolgee-web/5.11.5-prerelease.963d09c5.0/tolgee-web.development.cjs.min.js.br
- tolgee-web/5.11.5-prerelease.963d09c5.0/tolgee-web.development.cjs.min.js.gz
- tolgee-web/5.11.5-prerelease.963d09c5.0/tolgee-web.development.esm.js.br
- tolgee-web/5.11.5-prerelease.963d09c5.0/tolgee-web.development.esm.js.gz
- tolgee-web/5.11.5-prerelease.963d09c5.0/tolgee-web.development.esm.min.js.br
- tolgee-web/5.11.5-prerelease.963d09c5.0/tolgee-web.development.esm.min.js.gz
- tolgee-web/5.11.5-prerelease.963d09c5.0/tolgee-web.development.esm.min.mjs.br
- tolgee-web/5.11.5-prerelease.963d09c5.0/tolgee-web.development.esm.min.mjs.gz
- tolgee-web/5.11.5-prerelease.963d09c5.0/tolgee-web.development.esm.mjs.br
- tolgee-web/5.11.5-prerelease.963d09c5.0/tolgee-web.development.esm.mjs.gz
- tolgee-web/5.11.5-prerelease.963d09c5.0/tolgee-web.development.umd.js.br
- tolgee-web/5.11.5-prerelease.963d09c5.0/tolgee-web.development.umd.js.gz
- tolgee-web/5.11.5-prerelease.963d09c5.0/tolgee-web.development.umd.min.js.br
- tolgee-web/5.11.5-prerelease.963d09c5.0/tolgee-web.development.umd.min.js.gz
- tolgee-web/5.11.5-prerelease.963d09c5.0/tolgee-web.production.cjs.js.br
- tolgee-web/5.11.5-prerelease.963d09c5.0/tolgee-web.production.cjs.js.gz
- tolgee-web/5.11.5-prerelease.963d09c5.0/tolgee-web.production.cjs.min.js.br
- tolgee-web/5.11.5-prerelease.963d09c5.0/tolgee-web.production.cjs.min.js.gz
- tolgee-web/5.11.5-prerelease.963d09c5.0/tolgee-web.production.esm.js.br
- tolgee-web/5.11.5-prerelease.963d09c5.0/tolgee-web.production.esm.js.gz
- tolgee-web/5.11.5-prerelease.963d09c5.0/tolgee-web.production.esm.min.js.br
- tolgee-web/5.11.5-prerelease.963d09c5.0/tolgee-web.production.esm.min.js.gz
- tolgee-web/5.11.5-prerelease.963d09c5.0/tolgee-web.production.esm.min.mjs.br
- tolgee-web/5.11.5-prerelease.963d09c5.0/tolgee-web.production.esm.min.mjs.gz
- tolgee-web/5.11.5-prerelease.963d09c5.0/tolgee-web.production.esm.mjs.br
- tolgee-web/5.11.5-prerelease.963d09c5.0/tolgee-web.production.esm.mjs.gz
- tolgee-web/5.11.5-prerelease.963d09c5.0/tolgee-web.production.umd.js.br
- tolgee-web/5.11.5-prerelease.963d09c5.0/tolgee-web.production.umd.js.gz
- tolgee-web/5.11.5-prerelease.963d09c5.0/tolgee-web.production.umd.min.js.br
- tolgee-web/5.11.5-prerelease.963d09c5.0/tolgee-web.production.umd.min.js.gz
SRIs:
- tolgee-web/5.11.5-prerelease.963d09c5.0/tolgee-in-context-tools.umd.js: sha512-DK3l66ihMSgH3PLW5NsO1m86hq5xrJR34CaKec3o2rbTIt6cUvEKTZ9ngtqcUycJ/BlxOWopxht2MwHjnz6UAg==
- tolgee-web/5.11.5-prerelease.963d09c5.0/tolgee-web.development.esm.js: sha512-9WG8YbPhsMX7xfZkkbon/5KqLQWKda4rTRaEluTm9m9Bicbbby8rMugP3Mjm4Ow/TOs3PVpVVDHdPa+TAV/6/A==
- tolgee-web/5.11.5-prerelease.963d09c5.0/tolgee-web.development.umd.js: sha512-vZ4hOi39Zw11ajVbefH8Rksqeu3xbEp/eYrSEgXy3JgW++ltynEf0S4Ma5k9y05S8YLjb0rAYnQpUKqJBj1q1A==
- tolgee-web/5.11.5-prerelease.963d09c5.0/tolgee-web.production.umd.min.js: sha512-5acGg/Tp53O08LDsS8zeNIG5NFT8EaHtWLS91RbQY3oSd2TF1IwXz+PqueyV1pK/QEn5RNudeT1R2GxHz826ZQ==
- tolgee-web/5.11.5-prerelease.963d09c5.0/tolgee-web.production.esm.js: sha512-QZ2Jo8pN4qosFmfYg40vKJ0ZE3eDKO5qjgD3/NBcpcq3fK6J/UjlkmXKqtVcgtIRUIdNkMzb1IGfaJGd/bz5EA==
- tolgee-web/5.11.5-prerelease.963d09c5.0/tolgee-web.production.cjs.js: sha512-9oKHHeMU1blK/Q51U9LTYg1QISSiuzfpVP0M6Ga6nF/7CXvhGwX1iDIOx1w5SQ+aJz8zgpnLZz8NtWDNKuSmaA==
- tolgee-web/5.11.5-prerelease.963d09c5.0/tolgee-web.production.cjs.min.js: sha512-vNvW89AYgYbqIin0KcwRrDhZFdFFJSdS9asqsa2eHpFXVBxyPIwUgZYR4tkbS0tCtOAd0tdeimnWV8srKZPe/Q==
- tolgee-web/5.11.5-prerelease.963d09c5.0/tolgee-web.production.umd.js: sha512-+hsfuSwFbog+wjWKgRC0pp7bGud2Xfb53EroSuunddJSxm8EjcQE4UzkHOC5M8BdFoGIvUFrOvIDzZ2LoqNGlQ==
- tolgee-web/5.11.5-prerelease.963d09c5.0/tolgee-in-context-tools.cjs.min.js: sha512-tgmKAKmJOtfYq9Nqm1yztlRE1nE5qxPkBI/1A2RbyQWOMSP+tHXrBC29GwS92m6o8DjeC7McKX626y3gS7GXRg==
- tolgee-web/5.11.5-prerelease.963d09c5.0/tolgee-in-context-tools.esm.js: sha512-JxrYhOVQM0/7BosWv36EBhQTYU8y+Vq0QqMH746W3Y94xM0Sx89Do06v1DaK13cwbBH6UTYWOCtJUiXQEDuLxg==
- tolgee-web/5.11.5-prerelease.963d09c5.0/tolgee-in-context-tools.esm.min.js: sha512-us6pV3EueLh2TthjGefNjWZvqj6x3BGfQVUkr6pCngS1gz1D92Vm2jPW1871qlgBvmgoFfZ3PSJjBFzTmYzu9g==
- tolgee-web/5.11.5-prerelease.963d09c5.0/tolgee-in-context-tools.umd.min.js: sha512-tn/DuqynBsxV9uhtnna8dO6gUK2Gzy7TUyFcMuO5QabIAeXwa9+mmy5DMyxJwBy3PnFLifuKDgkqkmWX393owg==
- tolgee-web/5.11.5-prerelease.963d09c5.0/tolgee-web.development.cjs.min.js: sha512-pLrDiJ9lOYOTnDKr/XQVphjdASZ/WaRJFDUanu7pfL91gzgtunsilTLQt+E0WvSABDNtr+skf5687alTK1fciA==
- tolgee-web/5.11.5-prerelease.963d09c5.0/tolgee-in-context-tools.cjs.js: sha512-MmdpUBzzkCA5GkJFsbex0F5dfPC2jz9+OG6+2PzFodKshrP4jm86LYl5+rSgz0dpopESUOnswutZ1ATWJlGTyQ==
- tolgee-web/5.11.5-prerelease.963d09c5.0/tolgee-web.development.cjs.js: sha512-CQp0GYPQufFFfeHMvTQvE6iGJ6v7Udj/uvHWMx6/e/1M/fxLBXZuBzCDTt7qVAXitpoFylnGquC+b+Aau9gGEQ==
- tolgee-web/5.11.5-prerelease.963d09c5.0/tolgee-web.development.esm.min.js: sha512-b1bOekGcNELqiTyirJFqBxB0ulCLHgtnpyqMB2gVn9R3QwUTfADtSfUVnPpVjLOAupgKvK64vnTEq/slvY51Pw==
- tolgee-web/5.11.5-prerelease.963d09c5.0/tolgee-web.development.umd.min.js: sha512-aTb4EhY8ZeDRvGffq92IbGU2LkE3/DczsGSzmda2LpelVb8DdUXW7U6hbYltAyRfXm4RxwzfFlSu707JGMZWww==
- tolgee-web/5.11.5-prerelease.963d09c5.0/tolgee-web.production.esm.min.js: sha512-h//p/hw1t/ngV2FqhqqpvUeXTnq88OJIHu09A6/xAt9qrS3qR2YXaqvX1MOB+5PbFBe9pxtHS+4D6ObBXGunsw==
