Files:
- fontsource-arsenal/5.0.12/400-italic.css.gz
- fontsource-arsenal/5.0.12/400-italic.min.css.gz
- fontsource-arsenal/5.0.12/400.css.gz
- fontsource-arsenal/5.0.12/400.min.css.gz
- fontsource-arsenal/5.0.12/700-italic.css.gz
- fontsource-arsenal/5.0.12/700-italic.min.css.gz
- fontsource-arsenal/5.0.12/700.css.gz
- fontsource-arsenal/5.0.12/700.min.css.gz
- fontsource-arsenal/5.0.12/cyrillic-400-italic.css.gz
- fontsource-arsenal/5.0.12/cyrillic-400-italic.min.css.gz
- fontsource-arsenal/5.0.12/cyrillic-400.css.gz
- fontsource-arsenal/5.0.12/cyrillic-400.min.css.gz
- fontsource-arsenal/5.0.12/cyrillic-700-italic.css.gz
- fontsource-arsenal/5.0.12/cyrillic-700-italic.min.css.gz
- fontsource-arsenal/5.0.12/cyrillic-700.css.gz
- fontsource-arsenal/5.0.12/cyrillic-700.min.css.gz
- fontsource-arsenal/5.0.12/cyrillic-ext-400-italic.css.gz
- fontsource-arsenal/5.0.12/cyrillic-ext-400-italic.min.css.gz
- fontsource-arsenal/5.0.12/cyrillic-ext-400.css.gz
- fontsource-arsenal/5.0.12/cyrillic-ext-400.min.css.gz
- fontsource-arsenal/5.0.12/cyrillic-ext-700-italic.css.gz
- fontsource-arsenal/5.0.12/cyrillic-ext-700-italic.min.css.gz
- fontsource-arsenal/5.0.12/cyrillic-ext-700.css.gz
- fontsource-arsenal/5.0.12/cyrillic-ext-700.min.css.gz
- fontsource-arsenal/5.0.12/cyrillic-ext-italic.css.gz
- fontsource-arsenal/5.0.12/cyrillic-ext-italic.min.css.gz
- fontsource-arsenal/5.0.12/cyrillic-ext.css.gz
- fontsource-arsenal/5.0.12/cyrillic-ext.min.css.gz
- fontsource-arsenal/5.0.12/cyrillic-italic.css.gz
- fontsource-arsenal/5.0.12/cyrillic-italic.min.css.gz
- fontsource-arsenal/5.0.12/cyrillic.css.gz
- fontsource-arsenal/5.0.12/cyrillic.min.css.gz
- fontsource-arsenal/5.0.12/files/arsenal-cyrillic-400-italic.woff.gz
- fontsource-arsenal/5.0.12/files/arsenal-cyrillic-400-normal.woff.gz
- fontsource-arsenal/5.0.12/files/arsenal-cyrillic-700-italic.woff.gz
- fontsource-arsenal/5.0.12/files/arsenal-cyrillic-700-normal.woff.gz
- fontsource-arsenal/5.0.12/files/arsenal-cyrillic-ext-400-italic.woff.gz
- fontsource-arsenal/5.0.12/files/arsenal-cyrillic-ext-400-normal.woff.gz
- fontsource-arsenal/5.0.12/files/arsenal-cyrillic-ext-700-italic.woff.gz
- fontsource-arsenal/5.0.12/files/arsenal-cyrillic-ext-700-normal.woff.gz
- fontsource-arsenal/5.0.12/files/arsenal-latin-400-italic.woff.gz
- fontsource-arsenal/5.0.12/files/arsenal-latin-400-normal.woff.gz
- fontsource-arsenal/5.0.12/files/arsenal-latin-700-italic.woff.gz
- fontsource-arsenal/5.0.12/files/arsenal-latin-700-normal.woff.gz
- fontsource-arsenal/5.0.12/files/arsenal-latin-ext-400-italic.woff.gz
- fontsource-arsenal/5.0.12/files/arsenal-latin-ext-400-normal.woff.gz
- fontsource-arsenal/5.0.12/files/arsenal-latin-ext-700-italic.woff.gz
- fontsource-arsenal/5.0.12/files/arsenal-latin-ext-700-normal.woff.gz
- fontsource-arsenal/5.0.12/files/arsenal-vietnamese-400-italic.woff.gz
- fontsource-arsenal/5.0.12/files/arsenal-vietnamese-400-normal.woff.gz
- fontsource-arsenal/5.0.12/files/arsenal-vietnamese-700-italic.woff.gz
- fontsource-arsenal/5.0.12/files/arsenal-vietnamese-700-normal.woff.gz
- fontsource-arsenal/5.0.12/index.css.gz
- fontsource-arsenal/5.0.12/index.min.css.gz
- fontsource-arsenal/5.0.12/latin-400-italic.css.gz
- fontsource-arsenal/5.0.12/latin-400-italic.min.css.gz
- fontsource-arsenal/5.0.12/latin-400.css.gz
- fontsource-arsenal/5.0.12/latin-400.min.css.gz
- fontsource-arsenal/5.0.12/latin-700-italic.css.gz
- fontsource-arsenal/5.0.12/latin-700-italic.min.css.gz
- fontsource-arsenal/5.0.12/latin-700.css.gz
- fontsource-arsenal/5.0.12/latin-700.min.css.gz
- fontsource-arsenal/5.0.12/latin-ext-400-italic.css.gz
- fontsource-arsenal/5.0.12/latin-ext-400-italic.min.css.gz
- fontsource-arsenal/5.0.12/latin-ext-400.css.gz
- fontsource-arsenal/5.0.12/latin-ext-400.min.css.gz
- fontsource-arsenal/5.0.12/latin-ext-700-italic.css.gz
- fontsource-arsenal/5.0.12/latin-ext-700-italic.min.css.gz
- fontsource-arsenal/5.0.12/latin-ext-700.css.gz
- fontsource-arsenal/5.0.12/latin-ext-700.min.css.gz
- fontsource-arsenal/5.0.12/latin-ext-italic.css.gz
- fontsource-arsenal/5.0.12/latin-ext-italic.min.css.gz
- fontsource-arsenal/5.0.12/latin-ext.css.gz
- fontsource-arsenal/5.0.12/latin-ext.min.css.gz
- fontsource-arsenal/5.0.12/latin-italic.css.gz
- fontsource-arsenal/5.0.12/latin-italic.min.css.gz
- fontsource-arsenal/5.0.12/latin.css.gz
- fontsource-arsenal/5.0.12/latin.min.css.gz
- fontsource-arsenal/5.0.12/vietnamese-400-italic.css.gz
- fontsource-arsenal/5.0.12/vietnamese-400-italic.min.css.gz
- fontsource-arsenal/5.0.12/vietnamese-400.css.gz
- fontsource-arsenal/5.0.12/vietnamese-400.min.css.gz
- fontsource-arsenal/5.0.12/vietnamese-700-italic.css.gz
- fontsource-arsenal/5.0.12/vietnamese-700-italic.min.css.gz
- fontsource-arsenal/5.0.12/vietnamese-700.css.gz
- fontsource-arsenal/5.0.12/vietnamese-700.min.css.gz
- fontsource-arsenal/5.0.12/vietnamese-italic.css.gz
- fontsource-arsenal/5.0.12/vietnamese-italic.min.css.gz
- fontsource-arsenal/5.0.12/vietnamese.css.gz
- fontsource-arsenal/5.0.12/vietnamese.min.css.gz
