2024/07/04 07:30:44 optimizing files (Js true, Css true, Png true, Jpg true)
2024/07/04 07:30:44 file babylon.max.js ignored due to byte size (38582316 > 26214400)
2024/07/04 07:30:44 algorithm: run /usr/bin/brotli --quality=11 --output=/output/babylon.d.ts.br /tmp/work/babylon.d.ts
2024/07/04 07:30:44 compress: run /node_modules/uglify-js/bin/uglifyjs (3.15.4) [--mangle --compress if_return=true -o /tmp/work/babylon.min.js /tmp/work/babylon.js]
2024/07/04 07:30:44 algorithm: run /usr/bin/brotli --quality=11 --output=/output/babylon.js.map.br /tmp/work/babylon.js.map
2024/07/04 07:30:44 algorithm: run /usr/bin/brotli --quality=11 --output=/output/babylon.module.d.ts.br /tmp/work/babylon.module.d.ts
2024/07/04 07:30:54 br /tmp/work/babylon.d.ts -> /output/babylon.d.ts.br
2024/07/04 07:30:54 gz /tmp/work/babylon.d.ts -> /output/babylon.d.ts.gz
2024/07/04 07:31:03 br /tmp/work/babylon.module.d.ts -> /output/babylon.module.d.ts.br
2024/07/04 07:31:04 gz /tmp/work/babylon.module.d.ts -> /output/babylon.module.d.ts.gz
2024/07/04 07:31:09 sri /tmp/work/babylon.min.js -> /output/babylon.min.js.sri
2024/07/04 07:31:09 algorithm: run /usr/bin/brotli --quality=11 --output=/output/babylon.min.js.br /tmp/work/babylon.min.js
2024/07/04 07:31:18 br /tmp/work/babylon.min.js -> /output/babylon.min.js.br
2024/07/04 07:31:19 gz /tmp/work/babylon.min.js -> /output/babylon.min.js.gz
2024/07/04 07:31:19 sri /tmp/work/babylon.js -> /output/babylon.js.sri
2024/07/04 07:31:19 algorithm: run /usr/bin/brotli --quality=11 --output=/output/babylon.js.br /tmp/work/babylon.js
2024/07/04 07:31:21 br /tmp/work/babylon.js.map -> /output/babylon.js.map.br
2024/07/04 07:31:23 gz /tmp/work/babylon.js.map -> /output/babylon.js.map.gz
2024/07/04 07:31:28 br /tmp/work/babylon.js -> /output/babylon.js.br
2024/07/04 07:31:28 gz /tmp/work/babylon.js -> /output/babylon.js.gz
2024/07/04 07:31:28 processed babylonjs
