Files:
- fontsource-cherry-swash/5.0.21/400.css.br
- fontsource-cherry-swash/5.0.21/400.css.gz
- fontsource-cherry-swash/5.0.21/400.css.sri
- fontsource-cherry-swash/5.0.21/400.min.css.br
- fontsource-cherry-swash/5.0.21/400.min.css.gz
- fontsource-cherry-swash/5.0.21/400.min.css.sri
- fontsource-cherry-swash/5.0.21/700.css.br
- fontsource-cherry-swash/5.0.21/700.css.gz
- fontsource-cherry-swash/5.0.21/700.css.sri
- fontsource-cherry-swash/5.0.21/700.min.css.br
- fontsource-cherry-swash/5.0.21/700.min.css.gz
- fontsource-cherry-swash/5.0.21/700.min.css.sri
- fontsource-cherry-swash/5.0.21/files/cherry-swash-latin-400-normal.woff.br
- fontsource-cherry-swash/5.0.21/files/cherry-swash-latin-400-normal.woff.gz
- fontsource-cherry-swash/5.0.21/files/cherry-swash-latin-400-normal.woff2
- fontsource-cherry-swash/5.0.21/files/cherry-swash-latin-700-normal.woff.br
- fontsource-cherry-swash/5.0.21/files/cherry-swash-latin-700-normal.woff.gz
- fontsource-cherry-swash/5.0.21/files/cherry-swash-latin-700-normal.woff2
- fontsource-cherry-swash/5.0.21/files/cherry-swash-latin-ext-400-normal.woff.br
- fontsource-cherry-swash/5.0.21/files/cherry-swash-latin-ext-400-normal.woff.gz
- fontsource-cherry-swash/5.0.21/files/cherry-swash-latin-ext-400-normal.woff2
- fontsource-cherry-swash/5.0.21/files/cherry-swash-latin-ext-700-normal.woff.br
- fontsource-cherry-swash/5.0.21/files/cherry-swash-latin-ext-700-normal.woff.gz
- fontsource-cherry-swash/5.0.21/files/cherry-swash-latin-ext-700-normal.woff2
- fontsource-cherry-swash/5.0.21/index.css.br
- fontsource-cherry-swash/5.0.21/index.css.gz
- fontsource-cherry-swash/5.0.21/index.css.sri
- fontsource-cherry-swash/5.0.21/index.min.css.br
- fontsource-cherry-swash/5.0.21/index.min.css.gz
- fontsource-cherry-swash/5.0.21/index.min.css.sri
- fontsource-cherry-swash/5.0.21/latin-400.css.br
- fontsource-cherry-swash/5.0.21/latin-400.css.gz
- fontsource-cherry-swash/5.0.21/latin-400.css.sri
- fontsource-cherry-swash/5.0.21/latin-400.min.css.br
- fontsource-cherry-swash/5.0.21/latin-400.min.css.gz
- fontsource-cherry-swash/5.0.21/latin-400.min.css.sri
- fontsource-cherry-swash/5.0.21/latin-700.css.br
- fontsource-cherry-swash/5.0.21/latin-700.css.gz
- fontsource-cherry-swash/5.0.21/latin-700.css.sri
- fontsource-cherry-swash/5.0.21/latin-700.min.css.br
- fontsource-cherry-swash/5.0.21/latin-700.min.css.gz
- fontsource-cherry-swash/5.0.21/latin-700.min.css.sri
- fontsource-cherry-swash/5.0.21/latin-ext-400.css.br
- fontsource-cherry-swash/5.0.21/latin-ext-400.css.gz
- fontsource-cherry-swash/5.0.21/latin-ext-400.css.sri
- fontsource-cherry-swash/5.0.21/latin-ext-400.min.css.br
- fontsource-cherry-swash/5.0.21/latin-ext-400.min.css.gz
- fontsource-cherry-swash/5.0.21/latin-ext-400.min.css.sri
- fontsource-cherry-swash/5.0.21/latin-ext-700.css.br
- fontsource-cherry-swash/5.0.21/latin-ext-700.css.gz
- fontsource-cherry-swash/5.0.21/latin-ext-700.css.sri
- fontsource-cherry-swash/5.0.21/latin-ext-700.min.css.br
- fontsource-cherry-swash/5.0.21/latin-ext-700.min.css.gz
- fontsource-cherry-swash/5.0.21/latin-ext-700.min.css.sri
- fontsource-cherry-swash/5.0.21/latin-ext.css.br
- fontsource-cherry-swash/5.0.21/latin-ext.css.gz
- fontsource-cherry-swash/5.0.21/latin-ext.css.sri
- fontsource-cherry-swash/5.0.21/latin-ext.min.css.br
- fontsource-cherry-swash/5.0.21/latin-ext.min.css.gz
- fontsource-cherry-swash/5.0.21/latin-ext.min.css.sri
- fontsource-cherry-swash/5.0.21/latin.css.br
- fontsource-cherry-swash/5.0.21/latin.css.gz
- fontsource-cherry-swash/5.0.21/latin.css.sri
- fontsource-cherry-swash/5.0.21/latin.min.css.br
- fontsource-cherry-swash/5.0.21/latin.min.css.gz
- fontsource-cherry-swash/5.0.21/latin.min.css.sri
