config: {"authors":[{"name":"Google Inc."}],"autoupdate":{"source":"npm","target":"@fontsource/frank-ruhl-libre","fileMap":[{"basePath":"","files":["*.css","files/*.@(woff|woff2)"]}],"excludeFromSearch":true},"description":"Self-host the Frank Ruhl Libre font in a neatly bundled NPM package.","filename":"index.css","homepage":"https://fontsource.org/fonts/frank-ruhl-libre","keywords":["fontsource","font","font family","google fonts","frank-ruhl-libre","Frank Ruhl Libre","css","sass","front-end","web","typeface","variable"],"license":"OFL-1.1","name":"fontsource-frank-ruhl-libre","repository":{"type":"git","url":"git+https://github.com/fontsource/font-files.git"},"author":"Google Inc."}
KV keys:
- fontsource-frank-ruhl-libre/4.5.11/300.css.br
- fontsource-frank-ruhl-libre/4.5.11/300.css.gz
- fontsource-frank-ruhl-libre/4.5.11/300.min.css.br
- fontsource-frank-ruhl-libre/4.5.11/300.min.css.gz
- fontsource-frank-ruhl-libre/4.5.11/400.css.br
- fontsource-frank-ruhl-libre/4.5.11/400.css.gz
- fontsource-frank-ruhl-libre/4.5.11/400.min.css.br
- fontsource-frank-ruhl-libre/4.5.11/400.min.css.gz
- fontsource-frank-ruhl-libre/4.5.11/500.css.br
- fontsource-frank-ruhl-libre/4.5.11/500.css.gz
- fontsource-frank-ruhl-libre/4.5.11/500.min.css.br
- fontsource-frank-ruhl-libre/4.5.11/500.min.css.gz
- fontsource-frank-ruhl-libre/4.5.11/600.css.br
- fontsource-frank-ruhl-libre/4.5.11/600.css.gz
- fontsource-frank-ruhl-libre/4.5.11/600.min.css.br
- fontsource-frank-ruhl-libre/4.5.11/600.min.css.gz
- fontsource-frank-ruhl-libre/4.5.11/700.css.br
- fontsource-frank-ruhl-libre/4.5.11/700.css.gz
- fontsource-frank-ruhl-libre/4.5.11/700.min.css.br
- fontsource-frank-ruhl-libre/4.5.11/700.min.css.gz
- fontsource-frank-ruhl-libre/4.5.11/800.css.br
- fontsource-frank-ruhl-libre/4.5.11/800.css.gz
- fontsource-frank-ruhl-libre/4.5.11/800.min.css.br
- fontsource-frank-ruhl-libre/4.5.11/800.min.css.gz
- fontsource-frank-ruhl-libre/4.5.11/900.css.br
- fontsource-frank-ruhl-libre/4.5.11/900.css.gz
- fontsource-frank-ruhl-libre/4.5.11/900.min.css.br
- fontsource-frank-ruhl-libre/4.5.11/900.min.css.gz
- fontsource-frank-ruhl-libre/4.5.11/files/frank-ruhl-libre-all-300-normal.woff.br
- fontsource-frank-ruhl-libre/4.5.11/files/frank-ruhl-libre-all-300-normal.woff.gz
- fontsource-frank-ruhl-libre/4.5.11/files/frank-ruhl-libre-all-400-normal.woff.br
- fontsource-frank-ruhl-libre/4.5.11/files/frank-ruhl-libre-all-400-normal.woff.gz
- fontsource-frank-ruhl-libre/4.5.11/files/frank-ruhl-libre-all-500-normal.woff.br
- fontsource-frank-ruhl-libre/4.5.11/files/frank-ruhl-libre-all-500-normal.woff.gz
- fontsource-frank-ruhl-libre/4.5.11/files/frank-ruhl-libre-all-600-normal.woff.br
- fontsource-frank-ruhl-libre/4.5.11/files/frank-ruhl-libre-all-600-normal.woff.gz
- fontsource-frank-ruhl-libre/4.5.11/files/frank-ruhl-libre-all-700-normal.woff.br
- fontsource-frank-ruhl-libre/4.5.11/files/frank-ruhl-libre-all-700-normal.woff.gz
- fontsource-frank-ruhl-libre/4.5.11/files/frank-ruhl-libre-all-800-normal.woff.br
- fontsource-frank-ruhl-libre/4.5.11/files/frank-ruhl-libre-all-800-normal.woff.gz
- fontsource-frank-ruhl-libre/4.5.11/files/frank-ruhl-libre-all-900-normal.woff.br
- fontsource-frank-ruhl-libre/4.5.11/files/frank-ruhl-libre-all-900-normal.woff.gz
- fontsource-frank-ruhl-libre/4.5.11/files/frank-ruhl-libre-hebrew-300-normal.woff.br
- fontsource-frank-ruhl-libre/4.5.11/files/frank-ruhl-libre-hebrew-300-normal.woff.gz
- fontsource-frank-ruhl-libre/4.5.11/files/frank-ruhl-libre-hebrew-300-normal.woff2
- fontsource-frank-ruhl-libre/4.5.11/files/frank-ruhl-libre-hebrew-400-normal.woff.br
- fontsource-frank-ruhl-libre/4.5.11/files/frank-ruhl-libre-hebrew-400-normal.woff.gz
- fontsource-frank-ruhl-libre/4.5.11/files/frank-ruhl-libre-hebrew-400-normal.woff2
- fontsource-frank-ruhl-libre/4.5.11/files/frank-ruhl-libre-hebrew-500-normal.woff.br
- fontsource-frank-ruhl-libre/4.5.11/files/frank-ruhl-libre-hebrew-500-normal.woff.gz
- fontsource-frank-ruhl-libre/4.5.11/files/frank-ruhl-libre-hebrew-500-normal.woff2
- fontsource-frank-ruhl-libre/4.5.11/files/frank-ruhl-libre-hebrew-600-normal.woff.br
- fontsource-frank-ruhl-libre/4.5.11/files/frank-ruhl-libre-hebrew-600-normal.woff.gz
- fontsource-frank-ruhl-libre/4.5.11/files/frank-ruhl-libre-hebrew-600-normal.woff2
- fontsource-frank-ruhl-libre/4.5.11/files/frank-ruhl-libre-hebrew-700-normal.woff.br
- fontsource-frank-ruhl-libre/4.5.11/files/frank-ruhl-libre-hebrew-700-normal.woff.gz
- fontsource-frank-ruhl-libre/4.5.11/files/frank-ruhl-libre-hebrew-700-normal.woff2
- fontsource-frank-ruhl-libre/4.5.11/files/frank-ruhl-libre-hebrew-800-normal.woff.br
- fontsource-frank-ruhl-libre/4.5.11/files/frank-ruhl-libre-hebrew-800-normal.woff.gz
- fontsource-frank-ruhl-libre/4.5.11/files/frank-ruhl-libre-hebrew-800-normal.woff2
- fontsource-frank-ruhl-libre/4.5.11/files/frank-ruhl-libre-hebrew-900-normal.woff.br
- fontsource-frank-ruhl-libre/4.5.11/files/frank-ruhl-libre-hebrew-900-normal.woff.gz
- fontsource-frank-ruhl-libre/4.5.11/files/frank-ruhl-libre-hebrew-900-normal.woff2
- fontsource-frank-ruhl-libre/4.5.11/files/frank-ruhl-libre-hebrew-variable-wghtOnly-normal.woff2
- fontsource-frank-ruhl-libre/4.5.11/files/frank-ruhl-libre-latin-300-normal.woff.br
- fontsource-frank-ruhl-libre/4.5.11/files/frank-ruhl-libre-latin-300-normal.woff.gz
- fontsource-frank-ruhl-libre/4.5.11/files/frank-ruhl-libre-latin-300-normal.woff2
- fontsource-frank-ruhl-libre/4.5.11/files/frank-ruhl-libre-latin-400-normal.woff.br
- fontsource-frank-ruhl-libre/4.5.11/files/frank-ruhl-libre-latin-400-normal.woff.gz
- fontsource-frank-ruhl-libre/4.5.11/files/frank-ruhl-libre-latin-400-normal.woff2
- fontsource-frank-ruhl-libre/4.5.11/files/frank-ruhl-libre-latin-500-normal.woff.br
- fontsource-frank-ruhl-libre/4.5.11/files/frank-ruhl-libre-latin-500-normal.woff.gz
- fontsource-frank-ruhl-libre/4.5.11/files/frank-ruhl-libre-latin-500-normal.woff2
- fontsource-frank-ruhl-libre/4.5.11/files/frank-ruhl-libre-latin-600-normal.woff.br
- fontsource-frank-ruhl-libre/4.5.11/files/frank-ruhl-libre-latin-600-normal.woff.gz
- fontsource-frank-ruhl-libre/4.5.11/files/frank-ruhl-libre-latin-600-normal.woff2
- fontsource-frank-ruhl-libre/4.5.11/files/frank-ruhl-libre-latin-700-normal.woff.br
- fontsource-frank-ruhl-libre/4.5.11/files/frank-ruhl-libre-latin-700-normal.woff.gz
- fontsource-frank-ruhl-libre/4.5.11/files/frank-ruhl-libre-latin-700-normal.woff2
- fontsource-frank-ruhl-libre/4.5.11/files/frank-ruhl-libre-latin-800-normal.woff.br
- fontsource-frank-ruhl-libre/4.5.11/files/frank-ruhl-libre-latin-800-normal.woff.gz
- fontsource-frank-ruhl-libre/4.5.11/files/frank-ruhl-libre-latin-800-normal.woff2
- fontsource-frank-ruhl-libre/4.5.11/files/frank-ruhl-libre-latin-900-normal.woff.br
- fontsource-frank-ruhl-libre/4.5.11/files/frank-ruhl-libre-latin-900-normal.woff.gz
- fontsource-frank-ruhl-libre/4.5.11/files/frank-ruhl-libre-latin-900-normal.woff2
- fontsource-frank-ruhl-libre/4.5.11/files/frank-ruhl-libre-latin-ext-300-normal.woff.br
- fontsource-frank-ruhl-libre/4.5.11/files/frank-ruhl-libre-latin-ext-300-normal.woff.gz
- fontsource-frank-ruhl-libre/4.5.11/files/frank-ruhl-libre-latin-ext-300-normal.woff2
- fontsource-frank-ruhl-libre/4.5.11/files/frank-ruhl-libre-latin-ext-400-normal.woff.br
- fontsource-frank-ruhl-libre/4.5.11/files/frank-ruhl-libre-latin-ext-400-normal.woff.gz
- fontsource-frank-ruhl-libre/4.5.11/files/frank-ruhl-libre-latin-ext-400-normal.woff2
- fontsource-frank-ruhl-libre/4.5.11/files/frank-ruhl-libre-latin-ext-500-normal.woff.br
- fontsource-frank-ruhl-libre/4.5.11/files/frank-ruhl-libre-latin-ext-500-normal.woff.gz
- fontsource-frank-ruhl-libre/4.5.11/files/frank-ruhl-libre-latin-ext-500-normal.woff2
- fontsource-frank-ruhl-libre/4.5.11/files/frank-ruhl-libre-latin-ext-600-normal.woff.br
- fontsource-frank-ruhl-libre/4.5.11/files/frank-ruhl-libre-latin-ext-600-normal.woff.gz
- fontsource-frank-ruhl-libre/4.5.11/files/frank-ruhl-libre-latin-ext-600-normal.woff2
- fontsource-frank-ruhl-libre/4.5.11/files/frank-ruhl-libre-latin-ext-700-normal.woff.br
- fontsource-frank-ruhl-libre/4.5.11/files/frank-ruhl-libre-latin-ext-700-normal.woff.gz
- fontsource-frank-ruhl-libre/4.5.11/files/frank-ruhl-libre-latin-ext-700-normal.woff2
- fontsource-frank-ruhl-libre/4.5.11/files/frank-ruhl-libre-latin-ext-800-normal.woff.br
- fontsource-frank-ruhl-libre/4.5.11/files/frank-ruhl-libre-latin-ext-800-normal.woff.gz
- fontsource-frank-ruhl-libre/4.5.11/files/frank-ruhl-libre-latin-ext-800-normal.woff2
- fontsource-frank-ruhl-libre/4.5.11/files/frank-ruhl-libre-latin-ext-900-normal.woff.br
- fontsource-frank-ruhl-libre/4.5.11/files/frank-ruhl-libre-latin-ext-900-normal.woff.gz
- fontsource-frank-ruhl-libre/4.5.11/files/frank-ruhl-libre-latin-ext-900-normal.woff2
- fontsource-frank-ruhl-libre/4.5.11/files/frank-ruhl-libre-latin-ext-variable-wghtOnly-normal.woff2
- fontsource-frank-ruhl-libre/4.5.11/files/frank-ruhl-libre-latin-variable-wghtOnly-normal.woff2
- fontsource-frank-ruhl-libre/4.5.11/hebrew-300.css.br
- fontsource-frank-ruhl-libre/4.5.11/hebrew-300.css.gz
- fontsource-frank-ruhl-libre/4.5.11/hebrew-300.min.css.br
- fontsource-frank-ruhl-libre/4.5.11/hebrew-300.min.css.gz
- fontsource-frank-ruhl-libre/4.5.11/hebrew-400.css.br
- fontsource-frank-ruhl-libre/4.5.11/hebrew-400.css.gz
- fontsource-frank-ruhl-libre/4.5.11/hebrew-400.min.css.br
- fontsource-frank-ruhl-libre/4.5.11/hebrew-400.min.css.gz
- fontsource-frank-ruhl-libre/4.5.11/hebrew-500.css.br
- fontsource-frank-ruhl-libre/4.5.11/hebrew-500.css.gz
- fontsource-frank-ruhl-libre/4.5.11/hebrew-500.min.css.br
- fontsource-frank-ruhl-libre/4.5.11/hebrew-500.min.css.gz
- fontsource-frank-ruhl-libre/4.5.11/hebrew-600.css.br
- fontsource-frank-ruhl-libre/4.5.11/hebrew-600.css.gz
- fontsource-frank-ruhl-libre/4.5.11/hebrew-600.min.css.br
- fontsource-frank-ruhl-libre/4.5.11/hebrew-600.min.css.gz
- fontsource-frank-ruhl-libre/4.5.11/hebrew-700.css.br
- fontsource-frank-ruhl-libre/4.5.11/hebrew-700.css.gz
- fontsource-frank-ruhl-libre/4.5.11/hebrew-700.min.css.br
- fontsource-frank-ruhl-libre/4.5.11/hebrew-700.min.css.gz
- fontsource-frank-ruhl-libre/4.5.11/hebrew-800.css.br
- fontsource-frank-ruhl-libre/4.5.11/hebrew-800.css.gz
- fontsource-frank-ruhl-libre/4.5.11/hebrew-800.min.css.br
- fontsource-frank-ruhl-libre/4.5.11/hebrew-800.min.css.gz
- fontsource-frank-ruhl-libre/4.5.11/hebrew-900.css.br
- fontsource-frank-ruhl-libre/4.5.11/hebrew-900.css.gz
- fontsource-frank-ruhl-libre/4.5.11/hebrew-900.min.css.br
- fontsource-frank-ruhl-libre/4.5.11/hebrew-900.min.css.gz
- fontsource-frank-ruhl-libre/4.5.11/hebrew.css.br
- fontsource-frank-ruhl-libre/4.5.11/hebrew.css.gz
- fontsource-frank-ruhl-libre/4.5.11/hebrew.min.css.br
- fontsource-frank-ruhl-libre/4.5.11/hebrew.min.css.gz
- fontsource-frank-ruhl-libre/4.5.11/index.css.br
- fontsource-frank-ruhl-libre/4.5.11/index.css.gz
- fontsource-frank-ruhl-libre/4.5.11/index.min.css.br
- fontsource-frank-ruhl-libre/4.5.11/index.min.css.gz
- fontsource-frank-ruhl-libre/4.5.11/latin-300.css.br
- fontsource-frank-ruhl-libre/4.5.11/latin-300.css.gz
- fontsource-frank-ruhl-libre/4.5.11/latin-300.min.css.br
- fontsource-frank-ruhl-libre/4.5.11/latin-300.min.css.gz
- fontsource-frank-ruhl-libre/4.5.11/latin-400.css.br
- fontsource-frank-ruhl-libre/4.5.11/latin-400.css.gz
- fontsource-frank-ruhl-libre/4.5.11/latin-400.min.css.br
- fontsource-frank-ruhl-libre/4.5.11/latin-400.min.css.gz
- fontsource-frank-ruhl-libre/4.5.11/latin-500.css.br
- fontsource-frank-ruhl-libre/4.5.11/latin-500.css.gz
- fontsource-frank-ruhl-libre/4.5.11/latin-500.min.css.br
- fontsource-frank-ruhl-libre/4.5.11/latin-500.min.css.gz
- fontsource-frank-ruhl-libre/4.5.11/latin-600.css.br
- fontsource-frank-ruhl-libre/4.5.11/latin-600.css.gz
- fontsource-frank-ruhl-libre/4.5.11/latin-600.min.css.br
- fontsource-frank-ruhl-libre/4.5.11/latin-600.min.css.gz
- fontsource-frank-ruhl-libre/4.5.11/latin-700.css.br
- fontsource-frank-ruhl-libre/4.5.11/latin-700.css.gz
- fontsource-frank-ruhl-libre/4.5.11/latin-700.min.css.br
- fontsource-frank-ruhl-libre/4.5.11/latin-700.min.css.gz
- fontsource-frank-ruhl-libre/4.5.11/latin-800.css.br
- fontsource-frank-ruhl-libre/4.5.11/latin-800.css.gz
- fontsource-frank-ruhl-libre/4.5.11/latin-800.min.css.br
- fontsource-frank-ruhl-libre/4.5.11/latin-800.min.css.gz
- fontsource-frank-ruhl-libre/4.5.11/latin-900.css.br
- fontsource-frank-ruhl-libre/4.5.11/latin-900.css.gz
- fontsource-frank-ruhl-libre/4.5.11/latin-900.min.css.br
- fontsource-frank-ruhl-libre/4.5.11/latin-900.min.css.gz
- fontsource-frank-ruhl-libre/4.5.11/latin-ext-300.css.br
- fontsource-frank-ruhl-libre/4.5.11/latin-ext-300.css.gz
- fontsource-frank-ruhl-libre/4.5.11/latin-ext-300.min.css.br
- fontsource-frank-ruhl-libre/4.5.11/latin-ext-300.min.css.gz
- fontsource-frank-ruhl-libre/4.5.11/latin-ext-400.css.br
- fontsource-frank-ruhl-libre/4.5.11/latin-ext-400.css.gz
- fontsource-frank-ruhl-libre/4.5.11/latin-ext-400.min.css.br
- fontsource-frank-ruhl-libre/4.5.11/latin-ext-400.min.css.gz
- fontsource-frank-ruhl-libre/4.5.11/latin-ext-500.css.br
- fontsource-frank-ruhl-libre/4.5.11/latin-ext-500.css.gz
- fontsource-frank-ruhl-libre/4.5.11/latin-ext-500.min.css.br
- fontsource-frank-ruhl-libre/4.5.11/latin-ext-500.min.css.gz
- fontsource-frank-ruhl-libre/4.5.11/latin-ext-600.css.br
- fontsource-frank-ruhl-libre/4.5.11/latin-ext-600.css.gz
- fontsource-frank-ruhl-libre/4.5.11/latin-ext-600.min.css.br
- fontsource-frank-ruhl-libre/4.5.11/latin-ext-600.min.css.gz
- fontsource-frank-ruhl-libre/4.5.11/latin-ext-700.css.br
- fontsource-frank-ruhl-libre/4.5.11/latin-ext-700.css.gz
- fontsource-frank-ruhl-libre/4.5.11/latin-ext-700.min.css.br
- fontsource-frank-ruhl-libre/4.5.11/latin-ext-700.min.css.gz
- fontsource-frank-ruhl-libre/4.5.11/latin-ext-800.css.br
- fontsource-frank-ruhl-libre/4.5.11/latin-ext-800.css.gz
- fontsource-frank-ruhl-libre/4.5.11/latin-ext-800.min.css.br
- fontsource-frank-ruhl-libre/4.5.11/latin-ext-800.min.css.gz
- fontsource-frank-ruhl-libre/4.5.11/latin-ext-900.css.br
- fontsource-frank-ruhl-libre/4.5.11/latin-ext-900.css.gz
- fontsource-frank-ruhl-libre/4.5.11/latin-ext-900.min.css.br
- fontsource-frank-ruhl-libre/4.5.11/latin-ext-900.min.css.gz
- fontsource-frank-ruhl-libre/4.5.11/latin-ext.css.br
- fontsource-frank-ruhl-libre/4.5.11/latin-ext.css.gz
- fontsource-frank-ruhl-libre/4.5.11/latin-ext.min.css.br
- fontsource-frank-ruhl-libre/4.5.11/latin-ext.min.css.gz
- fontsource-frank-ruhl-libre/4.5.11/latin.css.br
- fontsource-frank-ruhl-libre/4.5.11/latin.css.gz
- fontsource-frank-ruhl-libre/4.5.11/latin.min.css.br
- fontsource-frank-ruhl-libre/4.5.11/latin.min.css.gz
- fontsource-frank-ruhl-libre/4.5.11/variable.css.br
- fontsource-frank-ruhl-libre/4.5.11/variable.css.gz
- fontsource-frank-ruhl-libre/4.5.11/variable.min.css.br
- fontsource-frank-ruhl-libre/4.5.11/variable.min.css.gz
SRIs:
- fontsource-frank-ruhl-libre/4.5.11/700.css: sha512-LHIGMwyX55Dyykj6lafmmkDIm7cyT/VQoI0yYzYc52rrIlFc8RAr1DxWYZr6Q7Jj9K8c6Ji0fvIGJndQbzRPqQ==
- fontsource-frank-ruhl-libre/4.5.11/index.css: sha512-slcBLyivI5p/n1jqr1ok1xeBlC78zmiUUq1m0WDSlC6J1r+uieys9S65MPGGoYqjm2Ine430UMbeWx7ZDXMKbQ==
- fontsource-frank-ruhl-libre/4.5.11/latin-300.min.css: sha512-1O6m4HVH9Hq7fjkDHNE5e0UtgYPsA7BhzHtpQTMnwGObbeQz/EwxLfp4Vc1O5NhzXk81GbEDmfAhSb8oZtRV4Q==
- fontsource-frank-ruhl-libre/4.5.11/latin-400.min.css: sha512-1gmAN+ZgS7bV84DTIxsBl7GWOeIT/e435OTGt5FlYdmKqXcfIE+af1rFVjS1gjg27xDNq52kbSlpPBWziD1nnw==
- fontsource-frank-ruhl-libre/4.5.11/latin-ext-600.min.css: sha512-KxoydbixmozQk8EWf8rJVrOWMVzy79ZlhrdDqRDVEQJMAezQmhEW3wrRXY4nvFrWEd+Zmgp+07qtp3HEmpZ+8g==
- fontsource-frank-ruhl-libre/4.5.11/latin-500.min.css: sha512-fasnaHG3+K3LW3yfJ2rKrjPb3UoFm0vXY2oIurT40SDmtv0bye5WDt7EStrWxNlHDhT3cRZiW7tISW6DKuJS3g==
- fontsource-frank-ruhl-libre/4.5.11/latin-ext-800.css: sha512-Yn+5Xc7do5EOjmvQaz06TrJqpRWx3dkkhDPrJNXg0F21RT51kwQHGOKhwFFfhfnK/4lCDVYKXU8/kegNcBvKaQ==
- fontsource-frank-ruhl-libre/4.5.11/latin-ext-900.css: sha512-DLKuQGMUW3M2UIZKXwNxuLTiDCkneQ/EV3uTxfpfB7b/weZXo5PSFzCTYH5nQVK8GHS97CHf8mZGyz3s6Wbp1A==
- fontsource-frank-ruhl-libre/4.5.11/700.min.css: sha512-YV92wkZfo3hlMsV34NAm7qJhk/yy0rVPivcaGpDWehAkuDTq9Bd/4aBMJsRFNotg+7B+3RgNCBowgUR+Nzz4SA==
- fontsource-frank-ruhl-libre/4.5.11/hebrew-300.min.css: sha512-GjztsSuf+JMndHLfogV3OkgHj872jJhM0DbOAX8NzQi0qBefSKX3zQpaLnasgapgVj7fXAJgA4npDl7CbaZNhg==
- fontsource-frank-ruhl-libre/4.5.11/hebrew-600.css: sha512-lMQHLYog6vVaveCHVVZzkUAhB42UAjR/Afh1zIPh0cIx/jtnnqI8cjnFtJCjs6or7vThoNtr6WhK4nH3iFnDrg==
- fontsource-frank-ruhl-libre/4.5.11/hebrew.css: sha512-xoIdbm8TJb9VuLQm9r+9gKSrkcY/+mr58ehz0DNFuWSbdLy/5mmvx+cBD4vCSoBtZ+CY8815MyV381MJakNQ0Q==
- fontsource-frank-ruhl-libre/4.5.11/index.min.css: sha512-Y9YlUPXQMKoRX/3YsaZZ2wvxUvisUJa6gW0WofWqWfpUQ2nuCpdJ6pdArchVupmaInSCVfu6zZgKHL5wprUaJQ==
- fontsource-frank-ruhl-libre/4.5.11/latin-900.min.css: sha512-c76qSQCm2r+BEmihxQyTHdw1UJFLgiaNQwZUIRLZUEPV947ixMj7XjVN6MLN6JWUQQvwG2bz/hy2e0XB99X6fA==
- fontsource-frank-ruhl-libre/4.5.11/latin-ext-300.min.css: sha512-CKb6Qfl32+zK0YjMZdaSdxUZvc6iRitf2SZzeLtyuw+TajbQlKv+Ez8oVaCTilFehO7S3ncdAoffIcwrwxNSyw==
- fontsource-frank-ruhl-libre/4.5.11/variable.min.css: sha512-kFkE1gKqokB7c9fQ93QgWltT3zYixl5IWFkWRkdiKOzh0G4fWUhyKblrbLz1TGSFO9g8+6BdE4tuBZ5Ho/l5EA==
- fontsource-frank-ruhl-libre/4.5.11/400.min.css: sha512-Y9YlUPXQMKoRX/3YsaZZ2wvxUvisUJa6gW0WofWqWfpUQ2nuCpdJ6pdArchVupmaInSCVfu6zZgKHL5wprUaJQ==
- fontsource-frank-ruhl-libre/4.5.11/900.min.css: sha512-Pk5vyk2wPa00kDlkDHHnRJkd7+m9QC6thLTbYd1L9YVDnJF6P4z4kaurNNIosCvFc+h3kuC+ui5Mqwb09D5KEQ==
- fontsource-frank-ruhl-libre/4.5.11/hebrew-300.css: sha512-etXH8NBk3+jBWshJ+l02QCCRjtrlD/HfZGxegiIqlb1Wz6s2vVqKEUbWfJaM9a1Tl636cikBgAiY3mxmQ/cH7Q==
- fontsource-frank-ruhl-libre/4.5.11/latin-700.min.css: sha512-wlxvRnhZQRV6wZXy5BwT/efB6d6jCFDWRdVky135qt6yx4DfHALBx91n2qPlQQM3gq7QDlEt5jA54loTqZdNQQ==
- fontsource-frank-ruhl-libre/4.5.11/latin-900.css: sha512-3qaSwe7a1cJH+cR/p+4JZeOm/CWcDjarSOQJk3KPuBiLOrOMjvu/GgCUhtMa/RwL/eZDuflMd3O6Oc41XF/C5A==
- fontsource-frank-ruhl-libre/4.5.11/800.min.css: sha512-QbIudUYxFf3XBADnpw9halx8CeHvZOL51nJenDD08gtUqsNKrzZHzaLYg/D8biPD5mXNmBPBQmTmTLQ1w2R0lQ==
- fontsource-frank-ruhl-libre/4.5.11/hebrew-400.min.css: sha512-Q+pp/Gv5+m1Iii4UUZu8lr1zzk4E71B8tka7RR9Dh0GOO1+wUHGVmFEINEs/mx4DNbg63PLbbhZEGg9MrGTdvQ==
- fontsource-frank-ruhl-libre/4.5.11/latin-600.css: sha512-OlUwtrfSQj/Qk8qoJTVyhFBhCouzuABD0SEzenJwReXG2CEeKYtUSygg42a9abZ8iUzkSmTvfQ0smfMhWi7yPg==
- fontsource-frank-ruhl-libre/4.5.11/latin-ext-300.css: sha512-llpUEU7+Jvktf8BBoGgEZgJqpl/UYoQjqsqKanncDP0uiXbXNltiQtpLY8QQjWhh98sGcNxOy+gJ0MbxL8/f4g==
- fontsource-frank-ruhl-libre/4.5.11/latin-ext-800.min.css: sha512-UyxKlMWNzbji01c+KX8L35u0JNUAwFdbjwaXqFUOX/ZnmbuF6yLgqSDAWkO8nFg1KiftswfppokGVm03yW3VBA==
- fontsource-frank-ruhl-libre/4.5.11/800.css: sha512-dku3fZUEomZuHsFUxSwI5D5cGoyg2kC0mp+JBK7kK1m6X/n7ZU6Wo80ktzpcnJktfuIOF9uY1YuS+3e9D/jbuQ==
- fontsource-frank-ruhl-libre/4.5.11/900.css: sha512-wF3m2fC6berGKVicQE2Czrxw7Y8TPq+rx/WLeSctOcUrzmPRlob5kWlKICJn7PRazNwW/S0qV/+3UdxXXvN7hQ==
- fontsource-frank-ruhl-libre/4.5.11/hebrew-500.min.css: sha512-+8Fnbn/3DJwaA+htKPBxicH1L8ySmgVMSOrNJjuTNACuqFPubFBLXJ8L+InmQpvMLc2I/GJrtuariAGZmrreFQ==
- fontsource-frank-ruhl-libre/4.5.11/hebrew-600.min.css: sha512-ECpFWKlgtWjHlmYFxffQuHOdLqUtBBE+7tzDa0Oa3zif6RvMmgGMibyDO7n8dBWL7uu8yja5AddNIy0dq14d4g==
- fontsource-frank-ruhl-libre/4.5.11/hebrew-800.min.css: sha512-E+CSiokyEseawo20hl+AMWMINZleId/eAMKAOrjlBji6hmVJyTCxb53AEb/xsJseEqEbaAokuMV3NZc6j2Y38Q==
- fontsource-frank-ruhl-libre/4.5.11/latin-ext.min.css: sha512-fWJJoSPrzbMcUloO0KLodfujOSijB6mmLRSdce+nqJT+37Y7mJVQlrxwxm8FmvEWG+l2zNdmc1X/HHZixL2Dfw==
- fontsource-frank-ruhl-libre/4.5.11/300.min.css: sha512-8fbwaN7MBWm2RqmAg3PB5hIEi4tpvH6ojdkiXgb72O5mRUnFfR/NXp8gJy9/Qgmy+QSpUecLcHUVUvfqyI+b4w==
- fontsource-frank-ruhl-libre/4.5.11/500.css: sha512-+S24G4SbAywp5VshBcgGbgyMyV4NhHY6VW2FAPRFhjmJJLppc/tsyvn0VR6arLU96cHUo1Td3C1/rVF/coqgIw==
- fontsource-frank-ruhl-libre/4.5.11/hebrew-800.css: sha512-k4OMnUr0C/J9jyYD8h8oItwQmPS4fQEUzqlnZItULDedVL2MPwaMSm3yxctoq6ZGZ3e6Gyelzg5ae+xjLNlwKQ==
- fontsource-frank-ruhl-libre/4.5.11/latin-500.css: sha512-0e5lDd4eGky8pZBPGFBklYzuXqVIwNZeMxeFkiq+4wh1kt3zYPVmwx98Aqos0PdAD/MZbZt7aTxqai0VxEN3sQ==
- fontsource-frank-ruhl-libre/4.5.11/hebrew-900.css: sha512-yvwHq20VsSMkCOJwjavWgZ07tHQ+uLUpULruQtdgz0Azfi6vrzPSoNN13CGUCnXh42O14hCtmXpAOnvgov7iWw==
- fontsource-frank-ruhl-libre/4.5.11/latin-800.css: sha512-Sv4PgynGNcLfWuc8U2duz8wacMBMY/F8Z163srxJiRYpXsYKxNeMkUBQR3ZstqLIPOMICMcZTg4vdZ2Cf3xQlg==
- fontsource-frank-ruhl-libre/4.5.11/latin-ext-500.min.css: sha512-ws7Btrw8nCvZK6LM6k9sw7JH9NDEJeACWVzTMaSHmOsUseKEmYnpkrEZMa/UCsZCbRN4gT2uUfKV9/yQL2BCCA==
- fontsource-frank-ruhl-libre/4.5.11/latin-ext.css: sha512-mgiX5Y7IkaQG7YcopzBSrTkeKultWL+vC3nWcxyclEPJRa0mChX0v9IOgo6yFEiWk2NX5Z/Fgd7e0mdjpdTW7w==
- fontsource-frank-ruhl-libre/4.5.11/300.css: sha512-T+SjKf1WowDNbtMtRM9LqaqudOfwBpGbTfexdKjOx961dvsuMg3rPPxtxmyJR96Ysfm31sx2/NFX3mIZy0VSjg==
- fontsource-frank-ruhl-libre/4.5.11/latin-ext-700.min.css: sha512-PyITP/X0kzmdLemWddYCuNg45+8HRVB1Qlvo7avdS+8Hq8sW7RR8PEqkYr0BABGWfQTMIHcwxt21ia+lEkemmg==
- fontsource-frank-ruhl-libre/4.5.11/latin.css: sha512-Y2V6Jernn8hGiPEPu6wbKldxxanuru66tiVJwdGpqKZYp3UvNFoNHa2RpuyXJpEE4affkr99OBDwWmwsRlWLSA==
- fontsource-frank-ruhl-libre/4.5.11/500.min.css: sha512-lCikNGE7Td52iVcGxUmoPoZZUhkj0lfUwem44J4EpDg3pS4qJmQzIhY4BwoazJyzASmoZe1yfc6PWdwHhpbhzw==
- fontsource-frank-ruhl-libre/4.5.11/600.css: sha512-7923bOmQxiCWxlmnjsfZj8JNoLvj2rH6z3OSlTd+7RUJT+AKC1ou6HoJeuCSfO+lftv90LC+HSMglioJ13Wx9w==
- fontsource-frank-ruhl-libre/4.5.11/latin-700.css: sha512-YJxD4lvsi7Mu2273VWUx17ZxsdJntfdUDExCrnGPhmET0Po5J9EEaNXjMo4Xpanp7dR/Gox1+liDUEMHp+Q7Xw==
- fontsource-frank-ruhl-libre/4.5.11/latin-ext-600.css: sha512-NbM+U7W5Bn8y2CI47n3xTvShjXVAEBc16cJ4Icf6svMZgW2eftCtTxVdv23MqKQhuLEsJxz7z5d4Qs5ljzhObw==
- fontsource-frank-ruhl-libre/4.5.11/hebrew-500.css: sha512-7LWZUgg9AQQrrxh66RGGe/uR0tScupVovQptQ6PF+eueegGgx7a2Kj+UsX35b2Egc4czJFaOttk3cu1WIkc/NQ==
- fontsource-frank-ruhl-libre/4.5.11/hebrew-900.min.css: sha512-6Lh00RWIBYDiElgNtXxY5efu52/xREsw0I1uOfui0g6hHzGSnEjmfB9hbtxc2MFzoeoJymPamYbNQgw2sGMVhA==
- fontsource-frank-ruhl-libre/4.5.11/latin-ext-400.css: sha512-bF7NvGq36+EduSR+1bW8Q7XOfgIFms+3IwEl+rgNisUJHSA6V9KK7X8ATx75GNrRGc0KtoXJO2F7sUsOxSOq/w==
- fontsource-frank-ruhl-libre/4.5.11/latin-ext-500.css: sha512-x/klI8g4+YIrw/rEAnAg90Az+4lBi1uBpMWXfiacxRBYWbYInDlPd/FwpM+1iAY5qb5QZo0yV0Cze3Z88b8bYw==
- fontsource-frank-ruhl-libre/4.5.11/400.css: sha512-slcBLyivI5p/n1jqr1ok1xeBlC78zmiUUq1m0WDSlC6J1r+uieys9S65MPGGoYqjm2Ine430UMbeWx7ZDXMKbQ==
- fontsource-frank-ruhl-libre/4.5.11/latin-800.min.css: sha512-i37REDMUDmFacAtm0zqWGdmxaaH8JDsc3qIo5MgVbTaB9C4lAEgtxbE6SLk9pJI1l8sBOzB1zoIx2a/q3zRC9A==
- fontsource-frank-ruhl-libre/4.5.11/latin.min.css: sha512-fSxcXFdxRLTDYodZgFlq9eosLVUeCCPrD2ZNHTMzD/32SdwdVLB1tQci3SJrO5xqvGsMGnb4ag/gW4Z6Ky37XQ==
- fontsource-frank-ruhl-libre/4.5.11/600.min.css: sha512-XOp07ARU2X0hRXvJTKqvRpNyj++RHc84EaBMRvKqUaVxwbIrR5+AJMzYlZwgDZUODEvuycdvRMXR5NZNxep5bw==
- fontsource-frank-ruhl-libre/4.5.11/hebrew-700.min.css: sha512-6tY6AxbmLr+6MxU8oVngaCH+9qkNcdjrOfVNy/Coh1LeBPtkgEfo7Qz12bFfebtB2l6hJ9EduPTKLVEGr3PvjQ==
- fontsource-frank-ruhl-libre/4.5.11/latin-400.css: sha512-H5hdsfB1vm47KkWY4IbQ5W5yMV9HAeHOh5qj4eaId9WnL9i/VmSbLI/P20OyyX5wvrNruTZIaE+ERkyECz8VEQ==
- fontsource-frank-ruhl-libre/4.5.11/latin-ext-700.css: sha512-BYh3QEJNvpWBC87LlOzA1xQPftprbU7jsmTaCw+dPvLfhUlBrH1P3X7O2sO0c6Sqp1r5eKPDYAeaVkpPkah4UQ==
- fontsource-frank-ruhl-libre/4.5.11/variable.css: sha512-fsgs2fSXajQkfG3sln2GO50K1zJ3yhq/6Gj46RlK2FuhCRtvwQJV7l3wr3M9R7Z9aW/QbyLDe8mVKO/+Ui1ULA==
- fontsource-frank-ruhl-libre/4.5.11/hebrew-700.css: sha512-FqQyaSNP+kPo8ugYK6Kd50KOsNW58NXb+ZVfnwWmYCRvW8fWGS0HmZhSdnG72Yc5L5NUHdw5XljFMmpqiOW2jg==
- fontsource-frank-ruhl-libre/4.5.11/latin-600.min.css: sha512-MTkkmhmslcad5NV6bdk9r65fQ7sGf7ETBZ8gUINRuok+HHS8W8pifaB1j+U7RzmQPrPpb7FjqXP0V6HqIkK0hA==
- fontsource-frank-ruhl-libre/4.5.11/latin-ext-900.min.css: sha512-67NeSWvQWYQAOFJCUbDDKRMaPpCLwH438AQX1nlv6XCRBPHeEyLbNkRg89ak6FJVxEdTrYIMnIQ9lkRwrNfDbg==
- fontsource-frank-ruhl-libre/4.5.11/hebrew.min.css: sha512-88D7DHTwXa9y8THL4OZlEeI41solh28ke7Y3RLM7ESO0UollmSWQ22cxF8pzDZ/MsDxvBIPVaf1Jkz84J0jskA==
- fontsource-frank-ruhl-libre/4.5.11/latin-300.css: sha512-iJ0ttMMpAnoLstJLi2vA0RwvsyLUzV+1MB7Oc1rYLZdLKpuB9ZdAJdBaBk/fx8oU7N0YofVHTpaG5F8LJbcc+Q==
- fontsource-frank-ruhl-libre/4.5.11/latin-ext-400.min.css: sha512-8/dcv/Z4aEWTve+e1dp3W8km6A8i9L4753Tolz240NuRmZqyb1ZVmdhi5HuJxvhMAh9T5MHZhZi/VygF3SPr7w==
- fontsource-frank-ruhl-libre/4.5.11/hebrew-400.css: sha512-Yg0NZ4C90sZXioDT7wCXaoF8AmExNyO/oijcBSvsHVo6TQx39U1XFc3gEFFqmjDEGulEm3vvIbAMVY737rhJzw==
