Files:
- fontsource-noto-sans-buginese/5.0.16/400.css.br
- fontsource-noto-sans-buginese/5.0.16/400.min.css.br
- fontsource-noto-sans-buginese/5.0.16/buginese-400.css.br
- fontsource-noto-sans-buginese/5.0.16/buginese-400.min.css.br
- fontsource-noto-sans-buginese/5.0.16/buginese.css.br
- fontsource-noto-sans-buginese/5.0.16/buginese.min.css.br
- fontsource-noto-sans-buginese/5.0.16/files/noto-sans-buginese-buginese-400-normal.woff.br
- fontsource-noto-sans-buginese/5.0.16/files/noto-sans-buginese-latin-400-normal.woff.br
- fontsource-noto-sans-buginese/5.0.16/files/noto-sans-buginese-latin-ext-400-normal.woff.br
- fontsource-noto-sans-buginese/5.0.16/index.css.br
- fontsource-noto-sans-buginese/5.0.16/index.min.css.br
- fontsource-noto-sans-buginese/5.0.16/latin-400.css.br
- fontsource-noto-sans-buginese/5.0.16/latin-400.min.css.br
- fontsource-noto-sans-buginese/5.0.16/latin-ext-400.css.br
- fontsource-noto-sans-buginese/5.0.16/latin-ext-400.min.css.br
- fontsource-noto-sans-buginese/5.0.16/latin-ext.css.br
- fontsource-noto-sans-buginese/5.0.16/latin-ext.min.css.br
- fontsource-noto-sans-buginese/5.0.16/latin.css.br
- fontsource-noto-sans-buginese/5.0.16/latin.min.css.br
