config: {"autoupdate":{"source":"npm","target":"@bokeh/bokehjs","fileMap":[{"basePath":"build/js","files":["bokeh*.!(json)"]},{"basePath":"build/css","files":["bokeh*"]}],"ignoreVersions":["1.3.2-dev2"]},"description":"Interactive, novel data visualization","filename":"bokeh.min.js","homepage":"https://docs.bokeh.org/en/latest/","keywords":["bokeh","datavis","dataviz","visualization","plotting","plot","graph"],"license":"BSD-3-Clause","name":"bokeh","repository":{"type":"git","url":"git://github.com/bokeh/bokeh.git"}}
KV keys:
- bokeh/3.0.0/bokeh-api.esm.min.js.br
- bokeh/3.0.0/bokeh-api.esm.min.js.gz
- bokeh/3.0.0/bokeh-api.min.js.br
- bokeh/3.0.0/bokeh-api.min.js.gz
- bokeh/3.0.0/bokeh-gl.esm.min.js.br
- bokeh/3.0.0/bokeh-gl.esm.min.js.gz
- bokeh/3.0.0/bokeh-gl.min.js.br
- bokeh/3.0.0/bokeh-gl.min.js.gz
- bokeh/3.0.0/bokeh-mathjax.esm.min.js.br
- bokeh/3.0.0/bokeh-mathjax.esm.min.js.gz
- bokeh/3.0.0/bokeh-mathjax.min.js.br
- bokeh/3.0.0/bokeh-mathjax.min.js.gz
- bokeh/3.0.0/bokeh-tables.esm.min.js.br
- bokeh/3.0.0/bokeh-tables.esm.min.js.gz
- bokeh/3.0.0/bokeh-tables.min.js.br
- bokeh/3.0.0/bokeh-tables.min.js.gz
- bokeh/3.0.0/bokeh-widgets.esm.min.js.br
- bokeh/3.0.0/bokeh-widgets.esm.min.js.gz
- bokeh/3.0.0/bokeh-widgets.min.js.br
- bokeh/3.0.0/bokeh-widgets.min.js.gz
- bokeh/3.0.0/bokeh.esm.min.js.br
- bokeh/3.0.0/bokeh.esm.min.js.gz
- bokeh/3.0.0/bokeh.min.js.br
- bokeh/3.0.0/bokeh.min.js.gz
SRIs:
- bokeh/3.0.0/bokeh-mathjax.esm.min.js: sha512-J91+aX7R33VQugmrX4ba+z+o6aB3Ya+ABWAPiefU/dtVXU0CEwz0uQ9nXPHOzaftu99lOiktHyx76dAt/esJhA==
- bokeh/3.0.0/bokeh-widgets.esm.min.js: sha512-AzfdAHWef9AItb/e5QDu9oOtZGSkFw9Jv2ssGolz7Dg4rFEEO2YUKDsvag2rXwLcHmiPXZ22R+Ock+/EgekgoQ==
- bokeh/3.0.0/bokeh-widgets.min.js: sha512-r8F7EV+Umv2W8Tjp7gclbeUFIhOULZBcjFwqCiUqkeHWN0VT3eBGmPU58/YE32eli5Xzn8pMdkkaRELl9HMK3Q==
- bokeh/3.0.0/bokeh.esm.min.js: sha512-vHVVhmHtjkYCfwJawVSPAVdp63iGJjqbUryD9mWYB0WRqiDziRKDarES+Zd55iJLLukzZAiC1q6e/5NtNXzehg==
- bokeh/3.0.0/bokeh.min.js: sha512-bSP1fJIucGbpR6nqEt52VyAMkbByIJn+TFYlY5XILVIH2QrA/derPqiFKKo3BMFAhowZos8SNbgcmr0RLsNVNQ==
- bokeh/3.0.0/bokeh-tables.esm.min.js: sha512-zo1HhBZXphjcq4NlwE4J7y8yfOfwQn53vdP2z9IFx67pCyatvDt4w+20/NNY8P9nhAU8b6I2Gy/I8+po5N1O8w==
- bokeh/3.0.0/bokeh-tables.min.js: sha512-RaC+sQxG3810AQUAglOCqYg/SrhOWGzVjnjOvXv1FqrEz9xXxGbeOphc9Of1D6VNa8RBYUMHYS0A90hWTIcSwg==
- bokeh/3.0.0/bokeh-api.esm.min.js: sha512-+AOU12jvMoXaSkaESJiEtvfgn4Jh9ggDTYoZVRoN7Bh+oDMZXjpHGhTN/5kLqWnMEnc+IgdH+sn+hPUKjwLniQ==
- bokeh/3.0.0/bokeh-api.min.js: sha512-OlDEwhE1TwDM4GPgUPx2GvN2OPC73o2rPzJDUiySx0zEABYxILJG0kGgVfhqwNnl/cSt7zM4HjYDfeG3/ze0lw==
- bokeh/3.0.0/bokeh-gl.esm.min.js: sha512-AwtUBM4NdSkLgbhmx/OkWLOBd7V4xdYsOGmdEnaD5FhsYw1sMmHO7KmQVwHQjn0Jd2DWC611o4slcLQr7M1/HQ==
- bokeh/3.0.0/bokeh-gl.min.js: sha512-UfMxl9CI878Gr23zAWUC8oNBQuiQbmYCBpeRJQqCTpHStLXtP5lDSrxUGPOwcVvgzY5LMZgHtL/2PkxxuY0dbg==
- bokeh/3.0.0/bokeh-mathjax.min.js: sha512-1nhPVJy7gAQa5/HBZwhcht6Iac/PdW8myaTztEGDeYdYIix1L2xa/Ff/+VSc099qfAinadk93GXgfuU72Jxq5Q==
