config: {"authors":[{"name":"Brian Voelker","email":"brian@webiswhatido.com","url":"http://webiswhatido.com"}],"autoupdate":{"source":"npm","target":"slim-select","fileMap":[{"basePath":"dist","files":["slimselect*"]}]},"description":"Slim vanilla javascript select dropdown","filename":"slimselect.min.js","homepage":"http://slimselectjs.com","keywords":["select","vanilla","dropdown","search"],"license":"MIT","name":"slim-select","repository":{"type":"git","url":"git+https://github.com/brianvoe/slim-select.git"},"author":"Brian Voelker \u003cbrian@webiswhatido.com\u003e (http://webiswhatido.com)"}
KV keys:
- slim-select/2.0.0/slimselect.cjs.js.br
- slim-select/2.0.0/slimselect.cjs.js.gz
- slim-select/2.0.0/slimselect.cjs.js.map.br
- slim-select/2.0.0/slimselect.cjs.js.map.gz
- slim-select/2.0.0/slimselect.cjs.min.js.br
- slim-select/2.0.0/slimselect.cjs.min.js.gz
- slim-select/2.0.0/slimselect.css.br
- slim-select/2.0.0/slimselect.css.gz
- slim-select/2.0.0/slimselect.css.map.br
- slim-select/2.0.0/slimselect.css.map.gz
- slim-select/2.0.0/slimselect.es.js.br
- slim-select/2.0.0/slimselect.es.js.gz
- slim-select/2.0.0/slimselect.es.js.map.br
- slim-select/2.0.0/slimselect.es.js.map.gz
- slim-select/2.0.0/slimselect.es.min.js.br
- slim-select/2.0.0/slimselect.es.min.js.gz
- slim-select/2.0.0/slimselect.global.js.br
- slim-select/2.0.0/slimselect.global.js.gz
- slim-select/2.0.0/slimselect.global.js.map.br
- slim-select/2.0.0/slimselect.global.js.map.gz
- slim-select/2.0.0/slimselect.global.min.js.br
- slim-select/2.0.0/slimselect.global.min.js.gz
- slim-select/2.0.0/slimselect.js.br
- slim-select/2.0.0/slimselect.js.gz
- slim-select/2.0.0/slimselect.js.map.br
- slim-select/2.0.0/slimselect.js.map.gz
- slim-select/2.0.0/slimselect.min.css.br
- slim-select/2.0.0/slimselect.min.css.gz
- slim-select/2.0.0/slimselect.min.js.br
- slim-select/2.0.0/slimselect.min.js.gz
- slim-select/2.0.0/slimselect.umd.js.br
- slim-select/2.0.0/slimselect.umd.js.gz
- slim-select/2.0.0/slimselect.umd.js.map.br
- slim-select/2.0.0/slimselect.umd.js.map.gz
- slim-select/2.0.0/slimselect.umd.min.js.br
- slim-select/2.0.0/slimselect.umd.min.js.gz
SRIs:
- slim-select/2.0.0/slimselect.cjs.min.js: sha512-4c0sTmE9N/dfgw/LErxUoKxZ3d4vrpUmd7jXkCUI6f/LxJZWr7eBvFiG9pR3k4vmDzxWeroiDR3HG9WbbUMRew==
- slim-select/2.0.0/slimselect.es.js: sha512-YNrmi4UA0FbTRwgTo6YH86KfhS+F9EN1vax91yc8hQkw1cjq00zF8gbc2N1i0et9mZugL8klbOue8Jm0XQHW0g==
- slim-select/2.0.0/slimselect.global.js: sha512-aSzcPj+4ILi+R5iFR4AGY6JS8uP7rGk9YyQPpb6RicO0HH23upDFM4tdFC+o0WZI6KkgyOwjlo4lP+p/fIzjSw==
- slim-select/2.0.0/slimselect.global.min.js: sha512-+BM40R60Ky2Gib7WVxEiPl4TwPvCYDkQ/gSKr/uWS5BjQtIKR+8NaWG569gWRDUYDE7Ed4i6uLKNfqq4CUGyMw==
- slim-select/2.0.0/slimselect.js: sha512-ARRt09i3Ms9+JnForZ9u8FYr6hN1Z+/otznKGlG7qbDhLBJj0p5mWVWHs6lgYjR3go2sqrIddLd4cuNiV0hZTw==
- slim-select/2.0.0/slimselect.min.js: sha512-YV49JCRmV4bLXLGUF55mKhVb0t6JfBtpXVcxXvkNgSix5UVmvdeQYd3KRAjlGARGEPJwV97oJdF3WD1D/A7oSg==
- slim-select/2.0.0/slimselect.umd.js: sha512-Cb+hRnfYvslDGhkocbyuVNcfC39gVa0RSlV4XdpY2NDgSj15XBkJVU0GIT4cj5eeKOLAGMyrqTpmo5CCDJcqxA==
- slim-select/2.0.0/slimselect.cjs.js: sha512-AT/NiWEUu3njUL1UjmN6526DR0Todus/oRTxPotz0UV+Een9p5oRPrnJfeyXLX7I72G4IVA/wLmTivQ55Mh66g==
- slim-select/2.0.0/slimselect.css: sha512-FT6kl4qYILxI4H+6zRGK3jHizo0fyNFU1Ah7cuB91bLhAC1AyAXfI0PTvx2OSh/C0Ha8210XCMX0VNFdQahaqg==
- slim-select/2.0.0/slimselect.es.min.js: sha512-YV49JCRmV4bLXLGUF55mKhVb0t6JfBtpXVcxXvkNgSix5UVmvdeQYd3KRAjlGARGEPJwV97oJdF3WD1D/A7oSg==
- slim-select/2.0.0/slimselect.min.css: sha512-AQk7gN0jwNW6aayVWPZaIITdWohxTihrtAbXrPQCxETO1gpGmn7VIfyDPRT9blv9RbK47FDS8gp3v3vAyChqvQ==
- slim-select/2.0.0/slimselect.umd.min.js: sha512-4LGpDA4JczQ/SycwG3tq/VzMIIVxqRf0PUjFsScyYoDQ2MP7a9cZTevh822OK0oLXGNTDGr/lPp8BXAcVFEjUA==
