config: {"authors":[{"name":"Developer Express Inc.","email":"js@devexpress.com","url":"https://www.devexpress.com/"}],"autoupdate":{"source":"npm","target":"devextreme","fileMap":[{"basePath":"dist","files":["js/!(*.debug).js","js/localization/*.js","js/vectormap-data/*.js","css/*.css","css/@(fonts|icons)/*.@(ttf|woff|woff2)"]}]},"description":"HTML5 JavaScript Component Suite for Responsive Web Development","filename":"js/dx.all.js","homepage":"https://js.devexpress.com/","keywords":["html5","controls","widgets","components","jquery","knockout","angular","web","ui","datagrid","pivotgrid","scheduler","treelist","chart"],"license":"https://js.devexpress.com/Licensing/","name":"devextreme","repository":{"type":"git","url":"https://github.com/DevExpress/DevExtreme.git"},"author":"Developer Express Inc. \u003cjs@devexpress.com\u003e (https://www.devexpress.com/)"}
KV keys:
- devextreme/21.2.4-build-21328-1434/css/dx.carmine.compact.css.br
- devextreme/21.2.4-build-21328-1434/css/dx.carmine.compact.css.gz
- devextreme/21.2.4-build-21328-1434/css/dx.carmine.compact.min.css.br
- devextreme/21.2.4-build-21328-1434/css/dx.carmine.compact.min.css.gz
- devextreme/21.2.4-build-21328-1434/css/dx.carmine.css.br
- devextreme/21.2.4-build-21328-1434/css/dx.carmine.css.gz
- devextreme/21.2.4-build-21328-1434/css/dx.carmine.min.css.br
- devextreme/21.2.4-build-21328-1434/css/dx.carmine.min.css.gz
- devextreme/21.2.4-build-21328-1434/css/dx.common.css.br
- devextreme/21.2.4-build-21328-1434/css/dx.common.css.gz
- devextreme/21.2.4-build-21328-1434/css/dx.common.min.css.br
- devextreme/21.2.4-build-21328-1434/css/dx.common.min.css.gz
- devextreme/21.2.4-build-21328-1434/css/dx.contrast.compact.css.br
- devextreme/21.2.4-build-21328-1434/css/dx.contrast.compact.css.gz
- devextreme/21.2.4-build-21328-1434/css/dx.contrast.compact.min.css.br
- devextreme/21.2.4-build-21328-1434/css/dx.contrast.compact.min.css.gz
- devextreme/21.2.4-build-21328-1434/css/dx.contrast.css.br
- devextreme/21.2.4-build-21328-1434/css/dx.contrast.css.gz
- devextreme/21.2.4-build-21328-1434/css/dx.contrast.min.css.br
- devextreme/21.2.4-build-21328-1434/css/dx.contrast.min.css.gz
- devextreme/21.2.4-build-21328-1434/css/dx.dark.compact.css.br
- devextreme/21.2.4-build-21328-1434/css/dx.dark.compact.css.gz
- devextreme/21.2.4-build-21328-1434/css/dx.dark.compact.min.css.br
- devextreme/21.2.4-build-21328-1434/css/dx.dark.compact.min.css.gz
- devextreme/21.2.4-build-21328-1434/css/dx.dark.css.br
- devextreme/21.2.4-build-21328-1434/css/dx.dark.css.gz
- devextreme/21.2.4-build-21328-1434/css/dx.dark.min.css.br
- devextreme/21.2.4-build-21328-1434/css/dx.dark.min.css.gz
- devextreme/21.2.4-build-21328-1434/css/dx.darkmoon.compact.css.br
- devextreme/21.2.4-build-21328-1434/css/dx.darkmoon.compact.css.gz
- devextreme/21.2.4-build-21328-1434/css/dx.darkmoon.compact.min.css.br
- devextreme/21.2.4-build-21328-1434/css/dx.darkmoon.compact.min.css.gz
- devextreme/21.2.4-build-21328-1434/css/dx.darkmoon.css.br
- devextreme/21.2.4-build-21328-1434/css/dx.darkmoon.css.gz
- devextreme/21.2.4-build-21328-1434/css/dx.darkmoon.min.css.br
- devextreme/21.2.4-build-21328-1434/css/dx.darkmoon.min.css.gz
- devextreme/21.2.4-build-21328-1434/css/dx.darkviolet.compact.css.br
- devextreme/21.2.4-build-21328-1434/css/dx.darkviolet.compact.css.gz
- devextreme/21.2.4-build-21328-1434/css/dx.darkviolet.compact.min.css.br
- devextreme/21.2.4-build-21328-1434/css/dx.darkviolet.compact.min.css.gz
- devextreme/21.2.4-build-21328-1434/css/dx.darkviolet.css.br
- devextreme/21.2.4-build-21328-1434/css/dx.darkviolet.css.gz
- devextreme/21.2.4-build-21328-1434/css/dx.darkviolet.min.css.br
- devextreme/21.2.4-build-21328-1434/css/dx.darkviolet.min.css.gz
- devextreme/21.2.4-build-21328-1434/css/dx.greenmist.compact.css.br
- devextreme/21.2.4-build-21328-1434/css/dx.greenmist.compact.css.gz
- devextreme/21.2.4-build-21328-1434/css/dx.greenmist.compact.min.css.br
- devextreme/21.2.4-build-21328-1434/css/dx.greenmist.compact.min.css.gz
- devextreme/21.2.4-build-21328-1434/css/dx.greenmist.css.br
- devextreme/21.2.4-build-21328-1434/css/dx.greenmist.css.gz
- devextreme/21.2.4-build-21328-1434/css/dx.greenmist.min.css.br
- devextreme/21.2.4-build-21328-1434/css/dx.greenmist.min.css.gz
- devextreme/21.2.4-build-21328-1434/css/dx.light.compact.css.br
- devextreme/21.2.4-build-21328-1434/css/dx.light.compact.css.gz
- devextreme/21.2.4-build-21328-1434/css/dx.light.compact.min.css.br
- devextreme/21.2.4-build-21328-1434/css/dx.light.compact.min.css.gz
- devextreme/21.2.4-build-21328-1434/css/dx.light.css.br
- devextreme/21.2.4-build-21328-1434/css/dx.light.css.gz
- devextreme/21.2.4-build-21328-1434/css/dx.light.min.css.br
- devextreme/21.2.4-build-21328-1434/css/dx.light.min.css.gz
- devextreme/21.2.4-build-21328-1434/css/dx.material.blue.dark.compact.css.br
- devextreme/21.2.4-build-21328-1434/css/dx.material.blue.dark.compact.css.gz
- devextreme/21.2.4-build-21328-1434/css/dx.material.blue.dark.compact.min.css.br
- devextreme/21.2.4-build-21328-1434/css/dx.material.blue.dark.compact.min.css.gz
- devextreme/21.2.4-build-21328-1434/css/dx.material.blue.dark.css.br
- devextreme/21.2.4-build-21328-1434/css/dx.material.blue.dark.css.gz
- devextreme/21.2.4-build-21328-1434/css/dx.material.blue.dark.min.css.br
- devextreme/21.2.4-build-21328-1434/css/dx.material.blue.dark.min.css.gz
- devextreme/21.2.4-build-21328-1434/css/dx.material.blue.light.compact.css.br
- devextreme/21.2.4-build-21328-1434/css/dx.material.blue.light.compact.css.gz
- devextreme/21.2.4-build-21328-1434/css/dx.material.blue.light.compact.min.css.br
- devextreme/21.2.4-build-21328-1434/css/dx.material.blue.light.compact.min.css.gz
- devextreme/21.2.4-build-21328-1434/css/dx.material.blue.light.css.br
- devextreme/21.2.4-build-21328-1434/css/dx.material.blue.light.css.gz
- devextreme/21.2.4-build-21328-1434/css/dx.material.blue.light.min.css.br
- devextreme/21.2.4-build-21328-1434/css/dx.material.blue.light.min.css.gz
- devextreme/21.2.4-build-21328-1434/css/dx.material.lime.dark.compact.css.br
- devextreme/21.2.4-build-21328-1434/css/dx.material.lime.dark.compact.css.gz
- devextreme/21.2.4-build-21328-1434/css/dx.material.lime.dark.compact.min.css.br
- devextreme/21.2.4-build-21328-1434/css/dx.material.lime.dark.compact.min.css.gz
- devextreme/21.2.4-build-21328-1434/css/dx.material.lime.dark.css.br
- devextreme/21.2.4-build-21328-1434/css/dx.material.lime.dark.css.gz
- devextreme/21.2.4-build-21328-1434/css/dx.material.lime.dark.min.css.br
- devextreme/21.2.4-build-21328-1434/css/dx.material.lime.dark.min.css.gz
- devextreme/21.2.4-build-21328-1434/css/dx.material.lime.light.compact.css.br
- devextreme/21.2.4-build-21328-1434/css/dx.material.lime.light.compact.css.gz
- devextreme/21.2.4-build-21328-1434/css/dx.material.lime.light.compact.min.css.br
- devextreme/21.2.4-build-21328-1434/css/dx.material.lime.light.compact.min.css.gz
- devextreme/21.2.4-build-21328-1434/css/dx.material.lime.light.css.br
- devextreme/21.2.4-build-21328-1434/css/dx.material.lime.light.css.gz
- devextreme/21.2.4-build-21328-1434/css/dx.material.lime.light.min.css.br
- devextreme/21.2.4-build-21328-1434/css/dx.material.lime.light.min.css.gz
- devextreme/21.2.4-build-21328-1434/css/dx.material.orange.dark.compact.css.br
- devextreme/21.2.4-build-21328-1434/css/dx.material.orange.dark.compact.css.gz
- devextreme/21.2.4-build-21328-1434/css/dx.material.orange.dark.compact.min.css.br
- devextreme/21.2.4-build-21328-1434/css/dx.material.orange.dark.compact.min.css.gz
- devextreme/21.2.4-build-21328-1434/css/dx.material.orange.dark.css.br
- devextreme/21.2.4-build-21328-1434/css/dx.material.orange.dark.css.gz
- devextreme/21.2.4-build-21328-1434/css/dx.material.orange.dark.min.css.br
- devextreme/21.2.4-build-21328-1434/css/dx.material.orange.dark.min.css.gz
- devextreme/21.2.4-build-21328-1434/css/dx.material.orange.light.compact.css.br
- devextreme/21.2.4-build-21328-1434/css/dx.material.orange.light.compact.css.gz
- devextreme/21.2.4-build-21328-1434/css/dx.material.orange.light.compact.min.css.br
- devextreme/21.2.4-build-21328-1434/css/dx.material.orange.light.compact.min.css.gz
- devextreme/21.2.4-build-21328-1434/css/dx.material.orange.light.css.br
- devextreme/21.2.4-build-21328-1434/css/dx.material.orange.light.css.gz
- devextreme/21.2.4-build-21328-1434/css/dx.material.orange.light.min.css.br
- devextreme/21.2.4-build-21328-1434/css/dx.material.orange.light.min.css.gz
- devextreme/21.2.4-build-21328-1434/css/dx.material.purple.dark.compact.css.br
- devextreme/21.2.4-build-21328-1434/css/dx.material.purple.dark.compact.css.gz
- devextreme/21.2.4-build-21328-1434/css/dx.material.purple.dark.compact.min.css.br
- devextreme/21.2.4-build-21328-1434/css/dx.material.purple.dark.compact.min.css.gz
- devextreme/21.2.4-build-21328-1434/css/dx.material.purple.dark.css.br
- devextreme/21.2.4-build-21328-1434/css/dx.material.purple.dark.css.gz
- devextreme/21.2.4-build-21328-1434/css/dx.material.purple.dark.min.css.br
- devextreme/21.2.4-build-21328-1434/css/dx.material.purple.dark.min.css.gz
- devextreme/21.2.4-build-21328-1434/css/dx.material.purple.light.compact.css.br
- devextreme/21.2.4-build-21328-1434/css/dx.material.purple.light.compact.css.gz
- devextreme/21.2.4-build-21328-1434/css/dx.material.purple.light.compact.min.css.br
- devextreme/21.2.4-build-21328-1434/css/dx.material.purple.light.compact.min.css.gz
- devextreme/21.2.4-build-21328-1434/css/dx.material.purple.light.css.br
- devextreme/21.2.4-build-21328-1434/css/dx.material.purple.light.css.gz
- devextreme/21.2.4-build-21328-1434/css/dx.material.purple.light.min.css.br
- devextreme/21.2.4-build-21328-1434/css/dx.material.purple.light.min.css.gz
- devextreme/21.2.4-build-21328-1434/css/dx.material.teal.dark.compact.css.br
- devextreme/21.2.4-build-21328-1434/css/dx.material.teal.dark.compact.css.gz
- devextreme/21.2.4-build-21328-1434/css/dx.material.teal.dark.compact.min.css.br
- devextreme/21.2.4-build-21328-1434/css/dx.material.teal.dark.compact.min.css.gz
- devextreme/21.2.4-build-21328-1434/css/dx.material.teal.dark.css.br
- devextreme/21.2.4-build-21328-1434/css/dx.material.teal.dark.css.gz
- devextreme/21.2.4-build-21328-1434/css/dx.material.teal.dark.min.css.br
- devextreme/21.2.4-build-21328-1434/css/dx.material.teal.dark.min.css.gz
- devextreme/21.2.4-build-21328-1434/css/dx.material.teal.light.compact.css.br
- devextreme/21.2.4-build-21328-1434/css/dx.material.teal.light.compact.css.gz
- devextreme/21.2.4-build-21328-1434/css/dx.material.teal.light.compact.min.css.br
- devextreme/21.2.4-build-21328-1434/css/dx.material.teal.light.compact.min.css.gz
- devextreme/21.2.4-build-21328-1434/css/dx.material.teal.light.css.br
- devextreme/21.2.4-build-21328-1434/css/dx.material.teal.light.css.gz
- devextreme/21.2.4-build-21328-1434/css/dx.material.teal.light.min.css.br
- devextreme/21.2.4-build-21328-1434/css/dx.material.teal.light.min.css.gz
- devextreme/21.2.4-build-21328-1434/css/dx.softblue.compact.css.br
- devextreme/21.2.4-build-21328-1434/css/dx.softblue.compact.css.gz
- devextreme/21.2.4-build-21328-1434/css/dx.softblue.compact.min.css.br
- devextreme/21.2.4-build-21328-1434/css/dx.softblue.compact.min.css.gz
- devextreme/21.2.4-build-21328-1434/css/dx.softblue.css.br
- devextreme/21.2.4-build-21328-1434/css/dx.softblue.css.gz
- devextreme/21.2.4-build-21328-1434/css/dx.softblue.min.css.br
- devextreme/21.2.4-build-21328-1434/css/dx.softblue.min.css.gz
- devextreme/21.2.4-build-21328-1434/css/fonts/Roboto-300.ttf.br
- devextreme/21.2.4-build-21328-1434/css/fonts/Roboto-300.ttf.gz
- devextreme/21.2.4-build-21328-1434/css/fonts/Roboto-300.woff.br
- devextreme/21.2.4-build-21328-1434/css/fonts/Roboto-300.woff.gz
- devextreme/21.2.4-build-21328-1434/css/fonts/Roboto-300.woff2
- devextreme/21.2.4-build-21328-1434/css/fonts/Roboto-400.ttf.br
- devextreme/21.2.4-build-21328-1434/css/fonts/Roboto-400.ttf.gz
- devextreme/21.2.4-build-21328-1434/css/fonts/Roboto-400.woff.br
- devextreme/21.2.4-build-21328-1434/css/fonts/Roboto-400.woff.gz
- devextreme/21.2.4-build-21328-1434/css/fonts/Roboto-400.woff2
- devextreme/21.2.4-build-21328-1434/css/fonts/Roboto-500.ttf.br
- devextreme/21.2.4-build-21328-1434/css/fonts/Roboto-500.ttf.gz
- devextreme/21.2.4-build-21328-1434/css/fonts/Roboto-500.woff.br
- devextreme/21.2.4-build-21328-1434/css/fonts/Roboto-500.woff.gz
- devextreme/21.2.4-build-21328-1434/css/fonts/Roboto-500.woff2
- devextreme/21.2.4-build-21328-1434/css/fonts/Roboto-700.ttf.br
- devextreme/21.2.4-build-21328-1434/css/fonts/Roboto-700.ttf.gz
- devextreme/21.2.4-build-21328-1434/css/fonts/Roboto-700.woff.br
- devextreme/21.2.4-build-21328-1434/css/fonts/Roboto-700.woff.gz
- devextreme/21.2.4-build-21328-1434/css/fonts/Roboto-700.woff2
- devextreme/21.2.4-build-21328-1434/css/icons/dxicons.ttf.br
- devextreme/21.2.4-build-21328-1434/css/icons/dxicons.ttf.gz
- devextreme/21.2.4-build-21328-1434/css/icons/dxicons.woff.br
- devextreme/21.2.4-build-21328-1434/css/icons/dxicons.woff.gz
- devextreme/21.2.4-build-21328-1434/css/icons/dxicons.woff2
- devextreme/21.2.4-build-21328-1434/css/icons/dxiconsmaterial.ttf.br
- devextreme/21.2.4-build-21328-1434/css/icons/dxiconsmaterial.ttf.gz
- devextreme/21.2.4-build-21328-1434/css/icons/dxiconsmaterial.woff.br
- devextreme/21.2.4-build-21328-1434/css/icons/dxiconsmaterial.woff.gz
- devextreme/21.2.4-build-21328-1434/css/icons/dxiconsmaterial.woff2
- devextreme/21.2.4-build-21328-1434/js/dx.all.js.br
- devextreme/21.2.4-build-21328-1434/js/dx.all.js.gz
- devextreme/21.2.4-build-21328-1434/js/dx.all.min.js.br
- devextreme/21.2.4-build-21328-1434/js/dx.all.min.js.gz
- devextreme/21.2.4-build-21328-1434/js/dx.aspnet.mvc.js.br
- devextreme/21.2.4-build-21328-1434/js/dx.aspnet.mvc.js.gz
- devextreme/21.2.4-build-21328-1434/js/dx.aspnet.mvc.min.js.br
- devextreme/21.2.4-build-21328-1434/js/dx.aspnet.mvc.min.js.gz
- devextreme/21.2.4-build-21328-1434/js/localization/dx.messages.cs.js.br
- devextreme/21.2.4-build-21328-1434/js/localization/dx.messages.cs.js.gz
- devextreme/21.2.4-build-21328-1434/js/localization/dx.messages.cs.min.js.br
- devextreme/21.2.4-build-21328-1434/js/localization/dx.messages.cs.min.js.gz
- devextreme/21.2.4-build-21328-1434/js/localization/dx.messages.de.js.br
- devextreme/21.2.4-build-21328-1434/js/localization/dx.messages.de.js.gz
- devextreme/21.2.4-build-21328-1434/js/localization/dx.messages.de.min.js.br
- devextreme/21.2.4-build-21328-1434/js/localization/dx.messages.de.min.js.gz
- devextreme/21.2.4-build-21328-1434/js/localization/dx.messages.el.js.br
- devextreme/21.2.4-build-21328-1434/js/localization/dx.messages.el.js.gz
- devextreme/21.2.4-build-21328-1434/js/localization/dx.messages.el.min.js.br
- devextreme/21.2.4-build-21328-1434/js/localization/dx.messages.el.min.js.gz
- devextreme/21.2.4-build-21328-1434/js/localization/dx.messages.en.js.br
- devextreme/21.2.4-build-21328-1434/js/localization/dx.messages.en.js.gz
- devextreme/21.2.4-build-21328-1434/js/localization/dx.messages.en.min.js.br
- devextreme/21.2.4-build-21328-1434/js/localization/dx.messages.en.min.js.gz
- devextreme/21.2.4-build-21328-1434/js/localization/dx.messages.es.js.br
- devextreme/21.2.4-build-21328-1434/js/localization/dx.messages.es.js.gz
- devextreme/21.2.4-build-21328-1434/js/localization/dx.messages.es.min.js.br
- devextreme/21.2.4-build-21328-1434/js/localization/dx.messages.es.min.js.gz
- devextreme/21.2.4-build-21328-1434/js/localization/dx.messages.fi.js.br
- devextreme/21.2.4-build-21328-1434/js/localization/dx.messages.fi.js.gz
- devextreme/21.2.4-build-21328-1434/js/localization/dx.messages.fi.min.js.br
- devextreme/21.2.4-build-21328-1434/js/localization/dx.messages.fi.min.js.gz
- devextreme/21.2.4-build-21328-1434/js/localization/dx.messages.fr.js.br
- devextreme/21.2.4-build-21328-1434/js/localization/dx.messages.fr.js.gz
- devextreme/21.2.4-build-21328-1434/js/localization/dx.messages.fr.min.js.br
- devextreme/21.2.4-build-21328-1434/js/localization/dx.messages.fr.min.js.gz
- devextreme/21.2.4-build-21328-1434/js/localization/dx.messages.hu.js.br
- devextreme/21.2.4-build-21328-1434/js/localization/dx.messages.hu.js.gz
- devextreme/21.2.4-build-21328-1434/js/localization/dx.messages.hu.min.js.br
- devextreme/21.2.4-build-21328-1434/js/localization/dx.messages.hu.min.js.gz
- devextreme/21.2.4-build-21328-1434/js/localization/dx.messages.it.js.br
- devextreme/21.2.4-build-21328-1434/js/localization/dx.messages.it.js.gz
- devextreme/21.2.4-build-21328-1434/js/localization/dx.messages.it.min.js.br
- devextreme/21.2.4-build-21328-1434/js/localization/dx.messages.it.min.js.gz
- devextreme/21.2.4-build-21328-1434/js/localization/dx.messages.ja.js.br
- devextreme/21.2.4-build-21328-1434/js/localization/dx.messages.ja.js.gz
- devextreme/21.2.4-build-21328-1434/js/localization/dx.messages.ja.min.js.br
- devextreme/21.2.4-build-21328-1434/js/localization/dx.messages.ja.min.js.gz
- devextreme/21.2.4-build-21328-1434/js/localization/dx.messages.nl.js.br
- devextreme/21.2.4-build-21328-1434/js/localization/dx.messages.nl.js.gz
- devextreme/21.2.4-build-21328-1434/js/localization/dx.messages.nl.min.js.br
- devextreme/21.2.4-build-21328-1434/js/localization/dx.messages.nl.min.js.gz
- devextreme/21.2.4-build-21328-1434/js/localization/dx.messages.pt.js.br
- devextreme/21.2.4-build-21328-1434/js/localization/dx.messages.pt.js.gz
- devextreme/21.2.4-build-21328-1434/js/localization/dx.messages.pt.min.js.br
- devextreme/21.2.4-build-21328-1434/js/localization/dx.messages.pt.min.js.gz
- devextreme/21.2.4-build-21328-1434/js/localization/dx.messages.ru.js.br
- devextreme/21.2.4-build-21328-1434/js/localization/dx.messages.ru.js.gz
- devextreme/21.2.4-build-21328-1434/js/localization/dx.messages.ru.min.js.br
- devextreme/21.2.4-build-21328-1434/js/localization/dx.messages.ru.min.js.gz
- devextreme/21.2.4-build-21328-1434/js/localization/dx.messages.sl.js.br
- devextreme/21.2.4-build-21328-1434/js/localization/dx.messages.sl.js.gz
- devextreme/21.2.4-build-21328-1434/js/localization/dx.messages.sl.min.js.br
- devextreme/21.2.4-build-21328-1434/js/localization/dx.messages.sl.min.js.gz
- devextreme/21.2.4-build-21328-1434/js/localization/dx.messages.sv.js.br
- devextreme/21.2.4-build-21328-1434/js/localization/dx.messages.sv.js.gz
- devextreme/21.2.4-build-21328-1434/js/localization/dx.messages.sv.min.js.br
- devextreme/21.2.4-build-21328-1434/js/localization/dx.messages.sv.min.js.gz
- devextreme/21.2.4-build-21328-1434/js/localization/dx.messages.tr.js.br
- devextreme/21.2.4-build-21328-1434/js/localization/dx.messages.tr.js.gz
- devextreme/21.2.4-build-21328-1434/js/localization/dx.messages.tr.min.js.br
- devextreme/21.2.4-build-21328-1434/js/localization/dx.messages.tr.min.js.gz
- devextreme/21.2.4-build-21328-1434/js/localization/dx.messages.vi.js.br
- devextreme/21.2.4-build-21328-1434/js/localization/dx.messages.vi.js.gz
- devextreme/21.2.4-build-21328-1434/js/localization/dx.messages.vi.min.js.br
- devextreme/21.2.4-build-21328-1434/js/localization/dx.messages.vi.min.js.gz
- devextreme/21.2.4-build-21328-1434/js/localization/dx.messages.zh-tw.js.br
- devextreme/21.2.4-build-21328-1434/js/localization/dx.messages.zh-tw.js.gz
- devextreme/21.2.4-build-21328-1434/js/localization/dx.messages.zh-tw.min.js.br
- devextreme/21.2.4-build-21328-1434/js/localization/dx.messages.zh-tw.min.js.gz
- devextreme/21.2.4-build-21328-1434/js/localization/dx.messages.zh.js.br
- devextreme/21.2.4-build-21328-1434/js/localization/dx.messages.zh.js.gz
- devextreme/21.2.4-build-21328-1434/js/localization/dx.messages.zh.min.js.br
- devextreme/21.2.4-build-21328-1434/js/localization/dx.messages.zh.min.js.gz
- devextreme/21.2.4-build-21328-1434/js/vectormap-data/africa.js.br
- devextreme/21.2.4-build-21328-1434/js/vectormap-data/africa.js.gz
- devextreme/21.2.4-build-21328-1434/js/vectormap-data/africa.min.js.br
- devextreme/21.2.4-build-21328-1434/js/vectormap-data/africa.min.js.gz
- devextreme/21.2.4-build-21328-1434/js/vectormap-data/canada.js.br
- devextreme/21.2.4-build-21328-1434/js/vectormap-data/canada.js.gz
- devextreme/21.2.4-build-21328-1434/js/vectormap-data/canada.min.js.br
- devextreme/21.2.4-build-21328-1434/js/vectormap-data/canada.min.js.gz
- devextreme/21.2.4-build-21328-1434/js/vectormap-data/eurasia.js.br
- devextreme/21.2.4-build-21328-1434/js/vectormap-data/eurasia.js.gz
- devextreme/21.2.4-build-21328-1434/js/vectormap-data/eurasia.min.js.br
- devextreme/21.2.4-build-21328-1434/js/vectormap-data/eurasia.min.js.gz
- devextreme/21.2.4-build-21328-1434/js/vectormap-data/europe.js.br
- devextreme/21.2.4-build-21328-1434/js/vectormap-data/europe.js.gz
- devextreme/21.2.4-build-21328-1434/js/vectormap-data/europe.min.js.br
- devextreme/21.2.4-build-21328-1434/js/vectormap-data/europe.min.js.gz
- devextreme/21.2.4-build-21328-1434/js/vectormap-data/usa.js.br
- devextreme/21.2.4-build-21328-1434/js/vectormap-data/usa.js.gz
- devextreme/21.2.4-build-21328-1434/js/vectormap-data/usa.min.js.br
- devextreme/21.2.4-build-21328-1434/js/vectormap-data/usa.min.js.gz
- devextreme/21.2.4-build-21328-1434/js/vectormap-data/world.js.br
- devextreme/21.2.4-build-21328-1434/js/vectormap-data/world.js.gz
- devextreme/21.2.4-build-21328-1434/js/vectormap-data/world.min.js.br
- devextreme/21.2.4-build-21328-1434/js/vectormap-data/world.min.js.gz
SRIs:
- devextreme/21.2.4-build-21328-1434/css/dx.material.lime.dark.css: sha512-UypyjiD7vrrIIjCgmFQK9hOT3NS3k0Pw7hdqXmPMZsykRUyBgWj3MD5axJGuxpXsK9bJbgw5SsAARLjj76ooag==
- devextreme/21.2.4-build-21328-1434/css/dx.material.orange.light.compact.css: sha512-VXC2qIzLxMebNHMuOF+qr0aFojbqHWK8C6ka9u9+pr6EpKwUds7FHbGrAuYetBM8rtAJ0PkJiHB3h6wsiHpr4g==
- devextreme/21.2.4-build-21328-1434/js/localization/dx.messages.de.min.js: sha512-AWmqbke8rpZIy0oUJndvBYBcf8Qu9/6DaDoFmiWin++o5EoqtrBagUQQDeyogk/UJFN1AnkCr9/fXNQOlWSKxg==
- devextreme/21.2.4-build-21328-1434/js/localization/dx.messages.nl.js: sha512-f41paaLIQs4HVPIycAlSQxw/bjhR8nc2Qx8gHfKsSL+ht7NagA1eaB5eAViK9TTyukp68gFJUKU5pUgTEKX2nQ==
- devextreme/21.2.4-build-21328-1434/js/localization/dx.messages.sv.min.js: sha512-FXg5oK8A/qI6oIrkAZDkaOprZ6Stx/NxKmSdTOrnNfw22qsltHQQde9uYEKC6Lv/xGOaARPjEMGSoFT3WgAHkQ==
- devextreme/21.2.4-build-21328-1434/css/dx.contrast.compact.min.css: sha512-lKg7b9rkyC0PKZAVM2qhz8gj0vVFufHOWuOKRmJZWsQLlfY7sHFBSxHrYuAmsEwJ9V4dExV68Oix5LWqjlSddA==
- devextreme/21.2.4-build-21328-1434/css/dx.darkmoon.css: sha512-rl3hKfz6/SNTmoCv8RKfm0dUpLqgUXQJeFuOchAcASw4kvstsT/jYb+ltx26JspAcyFVof2Mhf6b8AylBwDOUQ==
- devextreme/21.2.4-build-21328-1434/js/localization/dx.messages.de.js: sha512-qC7LyguVz8pZZpoSMVIEeGdbADSRCXZOWg9Qwa8kIXZbWd0fg/zh0R7P2C7J+gz6qRL71b+pxX2fL2+/rBGIdw==
- devextreme/21.2.4-build-21328-1434/js/localization/dx.messages.ja.min.js: sha512-MZThwLhkgUNApq507aoqQbMSugSQp6axETqegzoQ5KWVGjpD95MY32/M9MENsiGK0gbGm9Jl9E69tl97rllErQ==
- devextreme/21.2.4-build-21328-1434/js/localization/dx.messages.sl.min.js: sha512-qFUu5jfJaCCO1Mfj/oD5T3wSGt1C+NhbH2t97MOg2nAWZPcE+nNXICnxQPPc8Qb+fPV1iqMXOnggZaxoUugzjg==
- devextreme/21.2.4-build-21328-1434/css/dx.greenmist.compact.min.css: sha512-P7sZhSRMr/Vb8quTgmfihqFwWqjlA7OGAFZ3ogfdo/WrjXGyLGDjQkJckhaKu1BsDv1txe2YMHikNvyFfGtXVw==
- devextreme/21.2.4-build-21328-1434/css/dx.material.orange.dark.compact.css: sha512-T2/8WpQAAew4Afj7MbdCwLogoQENYs0pkW5aZ7qmKpFfOt6lfWakGMgfkgzGCkvHA9w9y1UOe+FMIu3XTSq1XA==
- devextreme/21.2.4-build-21328-1434/js/localization/dx.messages.tr.js: sha512-8r+IeM6oyeQPKKU9B/8m6NWNetnq4rVrTThyXATm/ani8QgIUzglzk6emSARt+CIw3pLhAtluA2mmbwGSCQKaw==
- devextreme/21.2.4-build-21328-1434/js/localization/dx.messages.vi.js: sha512-Z/wVmfd0NVi1zT95nKlGTb7mLrsLeUKCXThtfJku5BRpdVc06pvbKbAHxw5b4O47h2lxslmVd67AU/m4aTfBdA==
- devextreme/21.2.4-build-21328-1434/css/dx.darkmoon.compact.min.css: sha512-yspbyiC4kj4r0KfRQKBBSjgyp7BFFmSVNPRPN3/LN5HkoDxGUUUZc3xa18HeWxtYO1ymVMcdkXBxqWaSZc1Cqg==
- devextreme/21.2.4-build-21328-1434/css/dx.material.blue.dark.compact.css: sha512-etKG/F9p6fGPZcGt5Ay5cALfmxSfhxIq3fVebjnrWTdsv9dSEA3TtgQcWZIrJnmpKUpWYKlP405aBVHkvjUxiA==
- devextreme/21.2.4-build-21328-1434/css/dx.softblue.css: sha512-YtGd8+8Lqy5cgJqlrMM2/tb02un37npOx+uANMQzViDQ39d1+HTMrk65AutP8+uNnFg6oJNqXDeC/HLn0kJYcw==
- devextreme/21.2.4-build-21328-1434/css/dx.light.css: sha512-33bb9s0MknM4ifwra+iQJsVc28zvXT2vOfUkzYC3k5hncb6omBRqG4TQOGIlZ3QgTPqONR79rOcl5L4ccrxK4g==
- devextreme/21.2.4-build-21328-1434/css/dx.material.purple.dark.compact.css: sha512-HjHatmhp8D/N6xUwVzsW8eKcTuUAn/3ugci3KEw2LUGh+FxkGmPB1ATMWOGpKOo7ZWjOv0nscwuVdv6AB3UCbg==
- devextreme/21.2.4-build-21328-1434/css/dx.material.blue.dark.compact.min.css: sha512-7NinZ6Ygx3EPnHxo/uNDAgnoMtItD02zFdE9SqB4S7zJxDAXzlCVwZrnsOhxODs9CVR+jf/vPvpFC9mf1UnJhQ==
- devextreme/21.2.4-build-21328-1434/css/dx.material.orange.light.compact.min.css: sha512-/bQmroTM1p3IqatrHW5JWs1JVJc66BmO0BxFfQYK6SMz3CJdxkBv8gr8vydGiYBCLspgoOPCBOPdxmaEc7xnNA==
- devextreme/21.2.4-build-21328-1434/css/dx.material.teal.dark.compact.css: sha512-zkEHy41K73FFnBVV3N/QO/YOXgcB31vXnqmDtNIYCLSJOiYS1YPzLxdxXu1C2MithSrn8/e8pBpqqXFPD+sqyQ==
- devextreme/21.2.4-build-21328-1434/js/localization/dx.messages.cs.min.js: sha512-WJsOqUqHp7w/7FqwgKG5uzvxskg4BGdt0WAEQGIH01zbCTdqZoLljNKLNbfRisSPzVsp+W8gIFwTdBvEks/uDw==
- devextreme/21.2.4-build-21328-1434/js/localization/dx.messages.en.js: sha512-v+PUy1RIEUUafnXIDGrJ1TijMW4ckorVQDkqubZkxy0nJ2cypiTfWjnI5tuQx334g5bImRVaw/rGRWXQywZw3g==
- devextreme/21.2.4-build-21328-1434/js/localization/dx.messages.ru.js: sha512-d99kWN4a0pGTb3HHfevRwKCzcLSk6CIaRmkW12ceYZeCGK/phncV6DR0VhR66s1KyUWpwXRVeu1phV7cVu9MHw==
- devextreme/21.2.4-build-21328-1434/css/dx.contrast.min.css: sha512-hdeeFR0OeMOhUX4yjrfWCSImwu3+CIpNxzHnZ+utDkd2EKBMu4rc2heDZSslzUbWsa3IIiprHxwyYxHw53Owcg==
- devextreme/21.2.4-build-21328-1434/css/dx.darkviolet.compact.css: sha512-Iw6pAGEP4GW2lbVx2RmwMioGsAedsF91SJFir23pd4yfy0L1tdSoHjy541uhGkT1M3CeNldX+a/vS0OPD0NEtw==
- devextreme/21.2.4-build-21328-1434/js/vectormap-data/africa.js: sha512-/914vm1ix+/hIG0+pWQznBhQEDOHPn7c+l10UwxlgyTEqr1Dy9JHBh6BXNSw1MxRRVop6zH0+mAO0b0XF1+huw==
- devextreme/21.2.4-build-21328-1434/js/vectormap-data/europe.min.js: sha512-3toeZYJeiDe0LJB3wuQawWHarz8QtxFID8T/de0k756f3T5KhvNw1qdmIScLMcWmpsydIH8t77rMMLN9oiRGUg==
- devextreme/21.2.4-build-21328-1434/js/localization/dx.messages.zh-tw.min.js: sha512-va6LewscLX1Ef37iXj8o/LqnV+cwp9oGDAlv5bYnNRADpBm6+z0l2NRIlF+I9RePR6eCiP6ZaB5snb/ds4cFYQ==
- devextreme/21.2.4-build-21328-1434/css/dx.material.blue.light.compact.min.css: sha512-T1eFK7QzSUM0mjFcZ20uu4KljJGnmZDtFmIzKKAsHnN+CQPQjk/Q8cEy0GCYLSWJ2wtF77CJFMgwXORl7AqQeQ==
- devextreme/21.2.4-build-21328-1434/css/dx.material.lime.dark.compact.min.css: sha512-QzhdkhjmdCEtll4fkpc3AGvXBUmwRWEjPwmXcUuxS7/yLsG+mPaQVLSnWhqVZJmfoyAqM2HmxqA/KwJKu3/sEw==
- devextreme/21.2.4-build-21328-1434/js/localization/dx.messages.el.min.js: sha512-dSON7aewuYIJN2y0fmyOksmeNUN3mj9xeXmwfZvH5JqcLOyIjdxBls6dZIdzmAkwwYWylkfmCQqe7IS1P74dWQ==
- devextreme/21.2.4-build-21328-1434/css/dx.material.purple.light.compact.css: sha512-Nsxx+c7HVfXF60/v4WG0ZZhAvmvSDZVmNtz2Cxbs5FM+8qGO6QWp1yA/FvEDkHI02ayZjKAYn37u2IUcKknIRQ==
- devextreme/21.2.4-build-21328-1434/css/dx.material.teal.light.css: sha512-CXVtJe1pHRgIP+6jbK4AFiI/iHIJbiF6r9EnwMJv330km3mepbRYPS1iqJ/pl+WXzGRIfUu9lcHokh2dclpN4g==
- devextreme/21.2.4-build-21328-1434/css/dx.material.lime.light.compact.min.css: sha512-uBMXzww+nIFz49NN1AxopS8T1BTiTc59xHpXAWIz8hiq/nTrh29KgSUwvj0UySq7I4fOCdFoHm32o9XCPNGqyA==
- devextreme/21.2.4-build-21328-1434/css/dx.material.teal.light.min.css: sha512-qgliBmavAmEZc8/2s7uVVOq28v5rzUOIRZww3+KHzrrfhV+mkGPPvHzzJ4STB0u15mKF3QgnxB5Xvkb7zDngxg==
- devextreme/21.2.4-build-21328-1434/js/dx.aspnet.mvc.min.js: sha512-CJWMZJ0EB6ExkJQZV0PcJHFSxTRfOw72fVVCr+yJ6InEMaWnHOs50ZsQzljX957uRQIGfbzHmcGjIibbC4wCaQ==
- devextreme/21.2.4-build-21328-1434/js/localization/dx.messages.nl.min.js: sha512-RzmbuH7suRaj47mafzfcUzvsda/Zo5Gqhb6NlBE99zpYqaVl8TO0UTjyHnIUI+SeZ9GnfIB+oD1+x/KSXIEETA==
- devextreme/21.2.4-build-21328-1434/js/vectormap-data/world.min.js: sha512-M9MmhCV0942lQmJRhGDObxmMwAacN7x5taE5d6+HtezKnKaAPw9MBH65dICGdkbCsHcF1jANXnnvAOxGn+liZw==
- devextreme/21.2.4-build-21328-1434/css/dx.carmine.css: sha512-pPxP2d1foQQdkA7Vd7Icai+fcGoAIxXYqEsSM5MIerRl7BtfOUXBAY1Gbkn6dvJcU7AnuUb8IH3wRPLx15acLg==
- devextreme/21.2.4-build-21328-1434/css/dx.darkviolet.min.css: sha512-uuJ+W4UQ5gqvmrBiD6dXbqM8xrFwHoEdhEjlvELDsEXdoxWF7K8yitW/Gf42aY4QxhsTnd7zDShYO9wTW9ObbA==
- devextreme/21.2.4-build-21328-1434/js/vectormap-data/canada.min.js: sha512-0XLERAfoSgOIJDTJ7OSiZvdvaER393pzeuZ+vJomw6qSUqUn7ZPuRVhSC0kTWGKcVau54xSzKt1D//sINEIAlg==
- devextreme/21.2.4-build-21328-1434/css/dx.material.orange.dark.compact.min.css: sha512-mGWKlh5Tq6zGRQDmXQu+ZL6O4qPNu/ngjdCFsnMafWYvDdO7kfmi9zbYBhpvJWNXSYsjk95lkKoamsofDX4AsQ==
- devextreme/21.2.4-build-21328-1434/js/localization/dx.messages.it.js: sha512-7sjzEYXs7OamsD47vrZiCnybZsDnDJVFWBrOShDof4EfRi/KVgyfxPP/DeV5+f9OgnFkJdcrEYdSLZc6hdC5wA==
- devextreme/21.2.4-build-21328-1434/css/dx.material.blue.light.compact.css: sha512-S1kMBS3B7WZCDBm62YPwQwE3hy/33W0a+xhhq9rilU1gndrdln6KlnQDI5oWXiyqE85VWK1ZO2bdGRipDY6fxA==
- devextreme/21.2.4-build-21328-1434/js/localization/dx.messages.el.js: sha512-l3lpVJ37yper8kps7+LF/v0voZ+b9hAQfGvry9WI7yRYvJDXrJR4INSlZtEEapxLJz/PyLd1hyltLffoH+s4pA==
- devextreme/21.2.4-build-21328-1434/js/localization/dx.messages.tr.min.js: sha512-fYAvk57QG+LURX/9yEamzW8TgK1p+d8x0TT/2macKIMnxOZ40u1xJTwK07IWM+a1EY4WuHwMzuoWNtSW01uNSw==
- devextreme/21.2.4-build-21328-1434/js/vectormap-data/africa.min.js: sha512-2WWoeTeZq4x2f0lQVMPsOPWAxnJOxRvHV5YW7E+v3uRti+WvwSRXrKa5jZElHvZ53OZIrlAulpCVZ2E3KR+MDQ==
- devextreme/21.2.4-build-21328-1434/css/dx.contrast.compact.css: sha512-e+lsaw5OYYCMnOyMihHral2rgBCCsac2e7xRkuqDS0Ehvm73DmurQgUVqoVCcPFqmxNHj2DQF/vpBVUZWZxvMQ==
- devextreme/21.2.4-build-21328-1434/css/dx.material.blue.dark.min.css: sha512-0BBYAAt80mh/qFBQxkFHRus3XnUzjaAJgCdz7uXtJtwTO1kJihAw3utQlLp9y4Bfz2E5HCprw6WLbFURsU4Sfg==
- devextreme/21.2.4-build-21328-1434/css/dx.softblue.compact.min.css: sha512-5Hkaw5E94Nh4tqVmlWcKJcv6IqhGn7cMKchwhnfmTExpE3VKKo50uUCQ0Pr3gIe1cqyrl4Z8ScFI9WhFKwpb6Q==
- devextreme/21.2.4-build-21328-1434/js/localization/dx.messages.vi.min.js: sha512-lbJpGIc8n9z0Hny2VH2UQmG8dp/c7bPaQWohk5+q85GyTmwqltBHT5vrhxLNVIi3V0Swg+j+eekz6IQdqVQ+5g==
- devextreme/21.2.4-build-21328-1434/css/dx.carmine.compact.min.css: sha512-J2BRgTVHwiPYkFc86hre+z1TOyGStHZqa4HEkgSseTZYKrOWbSh4ozGGVc8ilSuKGUtQU3LNtE64J23SSX1htg==
- devextreme/21.2.4-build-21328-1434/css/dx.carmine.min.css: sha512-GzfGVTPXtI8Rjeo24rrCoLgrPUbsCECA1NEiMV8zQi4TaxS++iMCKeEY5+5jgJtSLhuP0cXi5epYJTE6IQ3/EQ==
- devextreme/21.2.4-build-21328-1434/js/localization/dx.messages.es.js: sha512-8ZKYcfVOjPu0dOt2BhUA+7tiF88o96xjYQWMwUUYQfQR3I5e/yHvZm7hIMJ5EUuyC+hOkBL8sZWCV8syZh487w==
- devextreme/21.2.4-build-21328-1434/js/localization/dx.messages.fi.js: sha512-VgFhOUuyeHlqUUuihB6PPzDleRkY/Tlk/11DOwSBaxNz4aT4c29uZ1oE8I/2XkUqXhl4hbdWdcAVIdNQImB80Q==
- devextreme/21.2.4-build-21328-1434/js/localization/dx.messages.zh-tw.js: sha512-G4XMsulwfLDmsFfqDMjMuH52e3Omec8Xwz6n1/GEnxq5Dhsw/r4LyhhKeMq44avH/YE/pzu9KIvpo4aq3HOzhA==
- devextreme/21.2.4-build-21328-1434/css/dx.material.orange.dark.min.css: sha512-4avKSowfzVyiTQRiddlOp1lPgWKk/FMeob1CVpvxUtZ7Ppdlyr7bEzmH680oA12GP5p9nD5wLd+9BhJlW2qYew==
- devextreme/21.2.4-build-21328-1434/css/dx.material.teal.dark.css: sha512-dL5IAamVaRTeKCCsLe61nZhRcAFsXX2qJ/TQdz9YjFLDd2sEPWUZDrR5RntcXA4ubtbh9gthX2p5qqtBlVsmzw==
- devextreme/21.2.4-build-21328-1434/css/dx.material.orange.dark.css: sha512-4ATYG4IWvhh0ge+S6HiY04n0cPscaKKzQt7D+OQ8l7vN5BO6pYuqyDTzvVwcMT/sG/FQQcStL0xkxAkSMsgq3w==
- devextreme/21.2.4-build-21328-1434/css/dx.material.teal.light.compact.css: sha512-vStSWA5C9XcrflmuQk+PAomVs6xtdHmQJnXcy998/8gy2JyZVNakR4c1x7SFyL4rK39lKr9KyFoE3+5TZXBg4A==
- devextreme/21.2.4-build-21328-1434/js/vectormap-data/usa.js: sha512-cDqaJzHm0ZNQLpy4Zo669gtMAMZRDrQp0Alqe4wRd008aoznjZnqEP/7viNLdirwc2MopZ2K8ECL0v9z7vOgnA==
- devextreme/21.2.4-build-21328-1434/css/dx.light.compact.css: sha512-p/w+DKO4DncE/WroXpbHMwG1p7zOEUZgBrCrwHkQgl8SxgdqQbJaPXnQrpHzxu8D89q0rKfytSPpA8zA9N0nHg==
- devextreme/21.2.4-build-21328-1434/css/dx.material.lime.light.compact.css: sha512-M65ejnK4lDhl6GHeeQ7D5oqLDVJSu89XktPh2F5kEIu3o8pt1HATAkyK7mNyx1eW84AgmT2y1BMZNhk9vz8J4g==
- devextreme/21.2.4-build-21328-1434/js/localization/dx.messages.hu.js: sha512-7Wm2utSLvCq5r2PpQo1z2tR032d25vzBz4l7SUGPXD7xsnNRyiPMAPeyc8hawpzmKYF7fP1isoqSjj/vQ7qoAA==
- devextreme/21.2.4-build-21328-1434/js/vectormap-data/usa.min.js: sha512-Cz2QrXZkkz42uEXNZVXTSj5+knZ+BrHwn2GTKZm3n6bMq9S86AKg/V+fcTutVupKnNPEue+aV7jE8wM1TTYElQ==
- devextreme/21.2.4-build-21328-1434/css/dx.light.compact.min.css: sha512-6D2y5tfMJEunnbmZhVvOD02A1CpiK0CzVceRDtSO09O1sJkDfZTnC5tRYm2eLI/fyMmqbwhbOtapX4GR2gFVEg==
- devextreme/21.2.4-build-21328-1434/js/localization/dx.messages.fr.js: sha512-Hbt6avjmh7iO0FB4WjINEXrokbvdDlwFiOz9KMpmVuHVOT+hgxt0JkLIl+V12Q5HYcccdrnHUsdsF2jpSoeIEg==
- devextreme/21.2.4-build-21328-1434/js/localization/dx.messages.es.min.js: sha512-lRxjf+YTE1bm+FZmjjFA4WOn3dhVNo7UwbE4/+4IGrP9Z5teJPZW9uVWnKpnHZNklAkBauUZUc3Rh5eWaslzfQ==
- devextreme/21.2.4-build-21328-1434/js/localization/dx.messages.hu.min.js: sha512-8hfkoTy8+BzkstmZdh2BUf0raIenqeiya2UDCimKEWa43UgeaSHGKnr6n8M8mqMS+NlJlszMS1bCETzTZ9Qprw==
- devextreme/21.2.4-build-21328-1434/js/vectormap-data/europe.js: sha512-IYDdiaNyLOytPUM2P9hYd7oG1UE7qOcqCMpzL001abSQDE7T4dhIqp9B04v+b3CRYRVh8EuOntWcvH9XUMDwNQ==
- devextreme/21.2.4-build-21328-1434/css/dx.darkmoon.compact.css: sha512-9CXS35OoxarMVCdnwX3Tv3QiabKOu36Ei+N/596OsW6UwuSWpMWWmp9FvYdXpFeAP5Gf3fDEfNC/h3SSbRzIMw==
- devextreme/21.2.4-build-21328-1434/css/dx.material.orange.light.min.css: sha512-+6OLnVXoyKOBk/JgjWIuHE7EaIJowBOhSX77ksKaWl0KG/dTqdLFevc+eegBGoRzSvnfBy7N1tB49yN/kxhFTA==
- devextreme/21.2.4-build-21328-1434/css/dx.material.purple.dark.css: sha512-gVR7lCthOL4J5tmAUBgS4Np/sIzZDkPjYs43B6fbKf6e+Sa7dd7aYApnPfIGoj+ofoGhkl60clx3VEVLjW9diQ==
- devextreme/21.2.4-build-21328-1434/js/dx.all.js: sha512-GKCUzpktUgm2xsaBntZ02v3qP6UGqlhjnM2RYnNYEJe17bqRXM5AnDJd630uiY8pES6tg/KdrHenmTNazRgFbA==
- devextreme/21.2.4-build-21328-1434/css/dx.common.css: sha512-T6Af5uKoqcFcCGIU6P5Vv/AizqbJ38hd7zilnKYFi78bjsrMgpHvC481xjQlwfsl28T9F+qm28e2tiNfMqek9w==
- devextreme/21.2.4-build-21328-1434/css/dx.material.lime.dark.compact.css: sha512-l57OYfrVJeKcmQptA2xlmdcEcYLxRMWOwFgOJgEueq/aH3YFwGTX1EoGTU0pILmc948JRqHDagLGI9C++/qGTg==
- devextreme/21.2.4-build-21328-1434/css/dx.darkmoon.min.css: sha512-wh0C8V5X//eFvfT8qjiALJLDdhnprvy3sCGGu0HJRrg5s0xD0aR5KQyYauY2dpIl0gvhp62Ei6gsXJpmwA1irA==
- devextreme/21.2.4-build-21328-1434/css/dx.material.purple.light.css: sha512-2Yqj3zgIM4PlOLdV5A91Gte+XIqa58LC/YP9sRURMwFdqpVsRFxdqSpuSm5pFwD+k4xRR7Qtpq0JvixSQpX+tQ==
- devextreme/21.2.4-build-21328-1434/js/localization/dx.messages.fi.min.js: sha512-oLfdP5IUUwsMJBRySa3HTPqYcoXAntI5MSxJmZ3w2W9jkPSTUyOGHf+XDdZ5FhPvZE2PqetVkjJv5TgdlOt9tA==
- devextreme/21.2.4-build-21328-1434/css/dx.material.teal.dark.min.css: sha512-SiEMQQwOCR0/4O25SzBQBLE6v+cWchXR9Kg1tc0FizjxT6YgxKNg2+gvWR8RGFkt0Fpq9M1y5UwbPAnqRaMXjA==
- devextreme/21.2.4-build-21328-1434/css/dx.light.min.css: sha512-zuQhiio7bxj1STlVJyvwKyKij0kMKG3/QPKZlhxpmn8CwlxWO/zWIX9qUHPwC7ihN5Zzi6+XdQOmw3ChS0jbwg==
- devextreme/21.2.4-build-21328-1434/css/dx.material.purple.dark.min.css: sha512-Du/T+xHgJ9hJYRqVnyceiwJYq+PXdaUjQpDhdlhdZpjiulZu0gQKK2g6TKTCy4f9xymlox9VuuNGiAtRy+UMHg==
- devextreme/21.2.4-build-21328-1434/js/localization/dx.messages.zh.js: sha512-pO4MJawFzH9mwAQb5OOAKLyXALHYd1r0en7z4VIAvTweHrmPSGGnXevompVpAmnm2NMOwcCldvnBmBlXlSKbng==
- devextreme/21.2.4-build-21328-1434/css/dx.dark.compact.min.css: sha512-iZ0eYZysyNoItHphUgmEeMUDEsUFx3+BHEHqde8fIse/8ndn58NSzN9/tHHODwe2ipey9vnesHSn/2Ip4mB+yw==
- devextreme/21.2.4-build-21328-1434/css/dx.softblue.compact.css: sha512-qfZMhdMCVCW1OXX5O8xkxAApZ3Vb4AFoqS4BNb4f9fh6pE7IRLxEll38CoXyVMnGGS/ZgwDs5JdewQTAfqZ05Q==
- devextreme/21.2.4-build-21328-1434/css/dx.material.teal.dark.compact.min.css: sha512-EVLFKwFVupUeA29LpV6ZngN440Ui9lnMNYw1bVC3eIOICPYmznKRUmEsY9yw+Y0WI4/8+U/si7wiYgF1RqwvLQ==
- devextreme/21.2.4-build-21328-1434/js/vectormap-data/canada.js: sha512-u5qf5VbcnMWNBt7933l6u7PAoZfx8nYTubYosm1P/duQyRt9X0NbhuzY90NgzN8zscxQjC1D/nErBxTlHzoTNQ==
- devextreme/21.2.4-build-21328-1434/css/dx.dark.min.css: sha512-iKaDr2chGhUsqpJLUYYd5wcoy/rZySMwMwoo0Wc+W72HRfjYtsY0upeQP7WG81jzyITcYCYPhP9+jKsn8/BV6Q==
- devextreme/21.2.4-build-21328-1434/css/dx.material.blue.dark.css: sha512-h2eQodXxInc4aoIn3a/wd7ETLV57s7uXMZnQJoYfl+XiyM/ycMpUKtXW3xkYqiplW2uLPYrSDRXhKlOO6DgThQ==
- devextreme/21.2.4-build-21328-1434/css/dx.material.lime.dark.min.css: sha512-ZRWxFWwxDVeM/Zyv7cGHnkeVRwJudCwwTugLInQePkxjRrS0ZLiojt+fT1gc6xD5rlIs1RJMWKq2TrELm/jQKg==
- devextreme/21.2.4-build-21328-1434/css/dx.material.lime.light.min.css: sha512-AyospiKUhnIJ9Z+ystD7cG0l1MmaD1bgDdq5EqGoFSP/OVrtlDH0bTFklcKbd5yMAWkbUFg5CPUNhDD97nlOaQ==
- devextreme/21.2.4-build-21328-1434/js/localization/dx.messages.ja.js: sha512-yQ4ziJjR9lBCdJ0i3svUT8luduKXO6hXRhwi8ia587akd0JOGcCOKMYcMX5Z20mh5Q67XUr3/Td/kWni/Xurpg==
- devextreme/21.2.4-build-21328-1434/js/localization/dx.messages.pt.min.js: sha512-3Ila2bE3JZ7wyYgDt3mDEaKP2eNcWCJHpXQQFjt++PHhc0hj1dWzQsuCKVAGyjtRTrqd+ow5EU6rVu5pxB81iQ==
- devextreme/21.2.4-build-21328-1434/js/vectormap-data/world.js: sha512-oCqwbaC/hljqrYHLNl1Nr4ttIJs/VcQpFvcVf3PnVwqqLVGCzBopJ4bpIiwjLsmsUbAFIbk3/0abXdAFdLHi1g==
- devextreme/21.2.4-build-21328-1434/css/dx.darkviolet.css: sha512-+Wm+1lvukVmYCPeeOCjJIHsK+drLE3SHR4PH+3UF3LpJgh5jICd0SDZN+WZAh4m5v1+NASq9M7/u4AAc/GnGFQ==
- devextreme/21.2.4-build-21328-1434/css/dx.material.blue.light.css: sha512-7IYfiPouR8HoVATqCPWdKVxBx/4sRhwFafmUFU1aAE0T2bfEMMcRLAFbly/+WxvMDRE2OY004RPZqalOxxTixg==
- devextreme/21.2.4-build-21328-1434/js/localization/dx.messages.en.min.js: sha512-sVzQzwNi7H+nYjERISQxe6/XEoLwqJ2a1mIOz/YyuozEa4mAklhhgxYljjw6t4gBAt2i3xvG8NuQIZIQbdveYQ==
- devextreme/21.2.4-build-21328-1434/js/localization/dx.messages.pt.js: sha512-x6boO7PcHUoAtxQFTpvuwChKf74dCcy7mwgMCCxKa0I9N02nYJ44J9AwYjf14Goa5UOQHTZqqvAgfQcMF+waJQ==
- devextreme/21.2.4-build-21328-1434/js/localization/dx.messages.ru.min.js: sha512-bx/CRjmN+SdrCgVhwr5CHC72Lsvl7wSy8XXWqpFOCfggBf7Y4TJAbvYt+j1ydKIZ8baz1yTDVpcv8Y/3WEImXg==
- devextreme/21.2.4-build-21328-1434/js/vectormap-data/eurasia.min.js: sha512-mI70Li1ga/62+SsHfP74wJvNhRaCkNwzySLmHlMPKcWYpTea12IReYj4a7yu2kAwfMDUDtFtaCKww82lkbdPpg==
- devextreme/21.2.4-build-21328-1434/css/dx.material.teal.light.compact.min.css: sha512-Fzzxe/qK6bBcjXgcSNe3PjgiGrfCqlnfEFWL5tAcwubyCd0S4/xfUaaMLVwOs5g4Ao4+rLPG/XTl74sZ8QwnJw==
- devextreme/21.2.4-build-21328-1434/css/dx.softblue.min.css: sha512-Th8UH5x+l7SoNfrwSOd5jId2KizrqQIjQWtpd9Sk2O2I9wC3zO9UH3+tfyvxojeJSz/AKYoyvneuB9/G8MA62g==
- devextreme/21.2.4-build-21328-1434/js/localization/dx.messages.sl.js: sha512-znwRF6tlRdSVqoMDsTJ1f3kxdZuqOLxq/8aw19Q3hzphLIv3CdKJ4CwoS/jljWF0Jjt/5yvrtjhSbWiiqZj8kw==
- devextreme/21.2.4-build-21328-1434/css/dx.material.orange.light.css: sha512-iWIHdNqFWNwNmznMEub4Vc5AMMvz+I4v32YnmzDvDqVp9jxzNtMNdw47nu1oqr99Pb0avViLf7XYYONQNyLfrQ==
- devextreme/21.2.4-build-21328-1434/css/dx.material.purple.light.min.css: sha512-jAkxsx649cwqKA96EJLdPUeSJGFTpsFiYlbDTMircMyO8VK4Ut6tBa2cd8mw2KHLFypoEvxJjIBjAhPpvZZ8EA==
- devextreme/21.2.4-build-21328-1434/css/dx.carmine.compact.css: sha512-jYY9CTX8jYPieKzfKX4IxYnZVXDpPdWgmTst+ITYLo+1PZR8FY/F0//XTMaqTZ5h464lsXMwTv9/As34UiG2bg==
- devextreme/21.2.4-build-21328-1434/js/localization/dx.messages.fr.min.js: sha512-fjsGzKNuzrItiNkHK83gbopGbpMCWQlc94NMJ7fi3+Qr14vz2JMyzdlTg7YI07lECB/z5PQX9p6yUYlSoJkTNg==
- devextreme/21.2.4-build-21328-1434/js/localization/dx.messages.zh.min.js: sha512-wgmKKBRKlZoDex/F7UuP9eUkSy4WzLezxVFRe1/ELoB9YSXO+BAW9NB6jpCfdbbtjMRV/RZ3fpGNzb9H3BWgow==
- devextreme/21.2.4-build-21328-1434/css/dx.material.lime.light.css: sha512-yY3Q4SybP1vcLvF2AvRfl3qzBgJk1Hf/yEWFMq0nRYr0T56k+pNidZ33tjP6Eg6garxK0ja/Q2eMjjJuRTX7hg==
- devextreme/21.2.4-build-21328-1434/css/dx.material.purple.dark.compact.min.css: sha512-NipGeSglU3Z216XZaSDkJsMAv+uKiRbVl2UZvKzN6YAbIXTUuVqGrKXewo3NN/xRlQPHKAZ54tMXrFyUDKFoSQ==
- devextreme/21.2.4-build-21328-1434/js/localization/dx.messages.cs.js: sha512-f+Xz837GX2J3l07resnyd75LxKSefSnZZ/qVIm842y9KQ2vDHakXiR5OewwPM6hRwGK1B+g/v3dfWykfY4qpEw==
- devextreme/21.2.4-build-21328-1434/css/dx.dark.compact.css: sha512-WEr0YVY9JxvBFgo5mfjjcUKtaj/ZGO8qBYGCE6QcEPYf5ff0UgnvQ9WoeR6PlVu30va0KTaEIpQuiiEpux/QMA==
- devextreme/21.2.4-build-21328-1434/css/dx.greenmist.css: sha512-ZgnLgX7vkzqqHD9PLBQdJpf/iyoiMsTx9fcTcA3lg7rO1Ngg1Fxe4qRSkkb+D2BTWeuQzsGUlE/0b35Exe42Sw==
- devextreme/21.2.4-build-21328-1434/js/dx.aspnet.mvc.js: sha512-P/7TgvCBAX+QIgyZ+4ctJG4XXuvyQQHq3ail6ovJBIQSLYpmOLYQa9qk+cwkGq40tHew7KrZfrVdDy0eMHRs2Q==
- devextreme/21.2.4-build-21328-1434/css/dx.common.min.css: sha512-EVRL7JviixMHZIcXVqUkjLu2D43qMOeIOaRkXkN7g2cRbfoCCFFOJ17QNev381ZOvBFzexv5v2DJsygpCxlvzg==
- devextreme/21.2.4-build-21328-1434/js/dx.all.min.js: sha512-xne0s8aQyeshUpdfElfzHO12pvU+zSa/4gun2Erc+MRu5chKGnrl3255cEw/nWBu7w0+Z23MeuBrOwYqV0DQ+A==
- devextreme/21.2.4-build-21328-1434/js/localization/dx.messages.sv.js: sha512-bq1pOwUMn5loxZMnwZveh570p4dskX9RR4KobEw0v/aJViYQRPfIH/XNXJqJHh/Kw3Y94YESYdpu6cftdDsHcg==
- devextreme/21.2.4-build-21328-1434/css/dx.dark.css: sha512-1gnVZTqCRaUKEX39iCyXX7Wh/cCuQJu0cvlgz9lyprVn4Fv53s+VsfIs7BK74l/bwlM54zMfDDMWYlIOoG4y3w==
- devextreme/21.2.4-build-21328-1434/js/localization/dx.messages.it.min.js: sha512-RrLR8uOJYCjWvar0e0GFCF0C5oILjKlBX/WcB/Z7yVB+VHHw2k0VtSslR7+uk9HjMcIxCEzuiY5uk7ugnL0lzA==
- devextreme/21.2.4-build-21328-1434/js/vectormap-data/eurasia.js: sha512-8dmydbdKJkQTaGlJ/HJTHnQgSzpOb3UoRVE1jax70uobi7sDs9oNMn0j01GiYPk7yBUGkS6H1qfFMnW7Trz0XA==
- devextreme/21.2.4-build-21328-1434/css/dx.contrast.css: sha512-Xuyw212G3cTmKXGk8i/FtCYfMflgUzP5j4AnM0cXUXC4fA+sWyltPwTfTK9WfWkGwVroab+4TmgXkPxWphKcMg==
- devextreme/21.2.4-build-21328-1434/css/dx.material.purple.light.compact.min.css: sha512-+jy18zKEdZPS5+GAu3dkNm4PI8NeAXcrt8qD9sXA7PGbXzY3nvbpUYTZIiqGd7f8cHj/O13aCAtRF5Ef/JcRSg==
- devextreme/21.2.4-build-21328-1434/css/dx.greenmist.min.css: sha512-n3WlpXS28msriFmEU/N1caXHECw0yImAv5ugoMxTplVxia+LmzOuhHck2sHat5gj93Dr8+fKjDJdXo8iV8nmAg==
- devextreme/21.2.4-build-21328-1434/css/dx.material.blue.light.min.css: sha512-vat2NLLCMzrn7ka5zRVOgWDzEvNscRlqHn+PtvhIFQWJnwwJhR98rncUkJrSWa0Op81b6PRBmjuu52O1xCWcQQ==
- devextreme/21.2.4-build-21328-1434/css/dx.darkviolet.compact.min.css: sha512-ufcrJTWk6SSvnvV4VkQWD5LVLtjLzoQ7VY06rbRPwQdHUggjx08Zz3vIaOHovw2BlPcGvF0vhthBpvxLMUs8vw==
- devextreme/21.2.4-build-21328-1434/css/dx.greenmist.compact.css: sha512-AMC+hhrWSNoytaLx0GOIXm6tlYAKtdctvzbr6uGWOW1d+VtiswSOepNVAIs3N17Pg6T7q5CEbEUtYlx5eESYgA==
