2021/09/01 04:35:44 optimizing files (Js true, Css true, Png true, Jpg true)
2021/09/01 04:35:44 compressed file already exists: /tmp/work/es5-sham.min.js
2021/09/01 04:35:44 algorithm: run /usr/bin/brotli --quality=11 --output=/output/es5-sham.map.br /tmp/work/es5-sham.map
2021/09/01 04:35:44 /tmp/work/es5-sham.min.js.min.js compressed file already exists
2021/09/01 04:35:44 sri /tmp/work/es5-sham.js -> /output/es5-sham.js.sri
2021/09/01 04:35:44 compressed file already exists: /tmp/work/es5-shim.min.js
2021/09/01 04:35:44 algorithm: run /usr/bin/brotli --quality=11 --output=/output/es5-sham.js.br /tmp/work/es5-sham.js
2021/09/01 04:35:44 sri /tmp/work/es5-sham.min.js -> /output/es5-sham.min.js.sri
2021/09/01 04:35:44 /tmp/work/es5-shim.min.js.min.js compressed file already exists
2021/09/01 04:35:44 algorithm: run /usr/bin/brotli --quality=11 --output=/output/es5-sham.min.js.br /tmp/work/es5-sham.min.js
2021/09/01 04:35:44 algorithm: run /usr/bin/brotli --quality=11 --output=/output/es5-shim.map.br /tmp/work/es5-shim.map
2021/09/01 04:35:44 sri /tmp/work/es5-shim.min.js -> /output/es5-shim.min.js.sri
2021/09/01 04:35:44 sri /tmp/work/es5-shim.js -> /output/es5-shim.js.sri
2021/09/01 04:35:44 algorithm: run /usr/bin/brotli --quality=11 --output=/output/es5-shim.min.js.br /tmp/work/es5-shim.min.js
2021/09/01 04:35:44 algorithm: run /usr/bin/brotli --quality=11 --output=/output/es5-shim.js.br /tmp/work/es5-shim.js
2021/09/01 04:35:44 br /tmp/work/es5-sham.min.js -> /output/es5-sham.min.js.br
2021/09/01 04:35:44 gz /tmp/work/es5-sham.min.js -> /output/es5-sham.min.js.gz
2021/09/01 04:35:44 br /tmp/work/es5-sham.map -> /output/es5-sham.map.br
2021/09/01 04:35:44 gz /tmp/work/es5-sham.map -> /output/es5-sham.map.gz
2021/09/01 04:35:44 br /tmp/work/es5-shim.min.js -> /output/es5-shim.min.js.br
2021/09/01 04:35:44 gz /tmp/work/es5-shim.min.js -> /output/es5-shim.min.js.gz
2021/09/01 04:35:44 br /tmp/work/es5-sham.js -> /output/es5-sham.js.br
2021/09/01 04:35:44 gz /tmp/work/es5-sham.js -> /output/es5-sham.js.gz
2021/09/01 04:35:44 br /tmp/work/es5-shim.map -> /output/es5-shim.map.br
2021/09/01 04:35:44 gz /tmp/work/es5-shim.map -> /output/es5-shim.map.gz
2021/09/01 04:35:44 br /tmp/work/es5-shim.js -> /output/es5-shim.js.br
2021/09/01 04:35:44 gz /tmp/work/es5-shim.js -> /output/es5-shim.js.gz
2021/09/01 04:35:44 processed es5-shim
