config: {"authors":[{"name":"Google Inc."}],"autoupdate":{"source":"npm","target":"@fontsource/noto-sans-duployan","fileMap":[{"basePath":"","files":["*.css","files/*.@(woff|woff2)"]}],"excludeFromSearch":true},"description":"Self-host the Noto Sans Duployan font in a neatly bundled NPM package.","filename":"index.css","homepage":"https://fontsource.org/fonts/noto-sans-duployan","keywords":["fontsource","font","font family","google fonts","noto-sans-duployan","Noto Sans Duployan","css","sass","front-end","web","typeface","variable"],"license":"OFL-1.1","name":"fontsource-noto-sans-duployan","repository":{"type":"git","url":"git+https://github.com/fontsource/font-files.git"},"author":"Google Inc."}
KV keys:
- fontsource-noto-sans-duployan/5.0.20/400.css.br
- fontsource-noto-sans-duployan/5.0.20/400.css.gz
- fontsource-noto-sans-duployan/5.0.20/400.min.css.br
- fontsource-noto-sans-duployan/5.0.20/400.min.css.gz
- fontsource-noto-sans-duployan/5.0.20/700.css.br
- fontsource-noto-sans-duployan/5.0.20/700.css.gz
- fontsource-noto-sans-duployan/5.0.20/700.min.css.br
- fontsource-noto-sans-duployan/5.0.20/700.min.css.gz
- fontsource-noto-sans-duployan/5.0.20/duployan-400.css.br
- fontsource-noto-sans-duployan/5.0.20/duployan-400.css.gz
- fontsource-noto-sans-duployan/5.0.20/duployan-400.min.css.br
- fontsource-noto-sans-duployan/5.0.20/duployan-400.min.css.gz
- fontsource-noto-sans-duployan/5.0.20/duployan-700.css.br
- fontsource-noto-sans-duployan/5.0.20/duployan-700.css.gz
- fontsource-noto-sans-duployan/5.0.20/duployan-700.min.css.br
- fontsource-noto-sans-duployan/5.0.20/duployan-700.min.css.gz
- fontsource-noto-sans-duployan/5.0.20/duployan.css.br
- fontsource-noto-sans-duployan/5.0.20/duployan.css.gz
- fontsource-noto-sans-duployan/5.0.20/duployan.min.css.br
- fontsource-noto-sans-duployan/5.0.20/duployan.min.css.gz
- fontsource-noto-sans-duployan/5.0.20/files/noto-sans-duployan-duployan-400-normal.woff.br
- fontsource-noto-sans-duployan/5.0.20/files/noto-sans-duployan-duployan-400-normal.woff.gz
- fontsource-noto-sans-duployan/5.0.20/files/noto-sans-duployan-duployan-400-normal.woff2
- fontsource-noto-sans-duployan/5.0.20/files/noto-sans-duployan-duployan-700-normal.woff.br
- fontsource-noto-sans-duployan/5.0.20/files/noto-sans-duployan-duployan-700-normal.woff.gz
- fontsource-noto-sans-duployan/5.0.20/files/noto-sans-duployan-duployan-700-normal.woff2
- fontsource-noto-sans-duployan/5.0.20/files/noto-sans-duployan-latin-400-normal.woff.br
- fontsource-noto-sans-duployan/5.0.20/files/noto-sans-duployan-latin-400-normal.woff.gz
- fontsource-noto-sans-duployan/5.0.20/files/noto-sans-duployan-latin-400-normal.woff2
- fontsource-noto-sans-duployan/5.0.20/files/noto-sans-duployan-latin-700-normal.woff.br
- fontsource-noto-sans-duployan/5.0.20/files/noto-sans-duployan-latin-700-normal.woff.gz
- fontsource-noto-sans-duployan/5.0.20/files/noto-sans-duployan-latin-700-normal.woff2
- fontsource-noto-sans-duployan/5.0.20/files/noto-sans-duployan-latin-ext-400-normal.woff.br
- fontsource-noto-sans-duployan/5.0.20/files/noto-sans-duployan-latin-ext-400-normal.woff.gz
- fontsource-noto-sans-duployan/5.0.20/files/noto-sans-duployan-latin-ext-400-normal.woff2
- fontsource-noto-sans-duployan/5.0.20/files/noto-sans-duployan-latin-ext-700-normal.woff.br
- fontsource-noto-sans-duployan/5.0.20/files/noto-sans-duployan-latin-ext-700-normal.woff.gz
- fontsource-noto-sans-duployan/5.0.20/files/noto-sans-duployan-latin-ext-700-normal.woff2
- fontsource-noto-sans-duployan/5.0.20/index.css.br
- fontsource-noto-sans-duployan/5.0.20/index.css.gz
- fontsource-noto-sans-duployan/5.0.20/index.min.css.br
- fontsource-noto-sans-duployan/5.0.20/index.min.css.gz
- fontsource-noto-sans-duployan/5.0.20/latin-400.css.br
- fontsource-noto-sans-duployan/5.0.20/latin-400.css.gz
- fontsource-noto-sans-duployan/5.0.20/latin-400.min.css.br
- fontsource-noto-sans-duployan/5.0.20/latin-400.min.css.gz
- fontsource-noto-sans-duployan/5.0.20/latin-700.css.br
- fontsource-noto-sans-duployan/5.0.20/latin-700.css.gz
- fontsource-noto-sans-duployan/5.0.20/latin-700.min.css.br
- fontsource-noto-sans-duployan/5.0.20/latin-700.min.css.gz
- fontsource-noto-sans-duployan/5.0.20/latin-ext-400.css.br
- fontsource-noto-sans-duployan/5.0.20/latin-ext-400.css.gz
- fontsource-noto-sans-duployan/5.0.20/latin-ext-400.min.css.br
- fontsource-noto-sans-duployan/5.0.20/latin-ext-400.min.css.gz
- fontsource-noto-sans-duployan/5.0.20/latin-ext-700.css.br
- fontsource-noto-sans-duployan/5.0.20/latin-ext-700.css.gz
- fontsource-noto-sans-duployan/5.0.20/latin-ext-700.min.css.br
- fontsource-noto-sans-duployan/5.0.20/latin-ext-700.min.css.gz
- fontsource-noto-sans-duployan/5.0.20/latin-ext.css.br
- fontsource-noto-sans-duployan/5.0.20/latin-ext.css.gz
- fontsource-noto-sans-duployan/5.0.20/latin-ext.min.css.br
- fontsource-noto-sans-duployan/5.0.20/latin-ext.min.css.gz
- fontsource-noto-sans-duployan/5.0.20/latin.css.br
- fontsource-noto-sans-duployan/5.0.20/latin.css.gz
- fontsource-noto-sans-duployan/5.0.20/latin.min.css.br
- fontsource-noto-sans-duployan/5.0.20/latin.min.css.gz
SRIs:
- fontsource-noto-sans-duployan/5.0.20/400.min.css: sha512-C+vbO5AGr/CfCVMEjL8FTVvaYiSy+HqiW5cI1wij8QQpj9iLDYuYKaltwB9zVSKudOgNIJnecM1Nyx3KklSUaw==
- fontsource-noto-sans-duployan/5.0.20/duployan-400.min.css: sha512-8XPt5SsFjCwlWGjDoVw4JUOhDknlTRgbJb7QLM2U7ey2TvFJ6LUUFc8ex7yqvt/5raYSZx7ekQEEZClda0eB+Q==
- fontsource-noto-sans-duployan/5.0.20/latin-ext-400.min.css: sha512-xgtXvHxBpiUJd9wMfAz6rUIenHProzYzrrzSSx/3WF21iZV1HkaLod84vHdXL2TJqFyC7hYfnBawKAsgmPfyAg==
- fontsource-noto-sans-duployan/5.0.20/latin.min.css: sha512-wH4rdAxwd7N5p50ztsfC5bo+HxB0l5reisZ7mrh8stscgki9kMxtP8QKuwsQm+w+6BlVqqXCp2S5eyddhMmHPA==
- fontsource-noto-sans-duployan/5.0.20/400.css: sha512-vXwUr0ASkYKIBW2aauRMsl+K94LPzpkZBMYyuXHfI/y+CC5Pcs+6Z2fxycVGL5P0C3urcMEo/L/fF5qtL2ef7g==
- fontsource-noto-sans-duployan/5.0.20/duployan-400.css: sha512-qsJzfqTvdqY6vFh1qOthK9HN7VP01+DZFXb7DlCIvWiAHP6TmltlH/vCBTQbZy/RBvkO0sjvTsMOpARyGsBVzg==
- fontsource-noto-sans-duployan/5.0.20/duployan.css: sha512-VkZblrb7gnugWFTFyZvfmvL2iupKJ8ELuctBVKmHbkwIZSq6MEotGlyE5+7b7KxjDUVo6do1qiB96nYqNpTXFg==
- fontsource-noto-sans-duployan/5.0.20/duployan.min.css: sha512-S9rLVdfA8OB89XMIPwVoziZpup7d2Pf5aOrxkcw6uee6sk6tCda6ZywWjq+9sF9jH8yVIxsXG8RMwJx7RF4Syg==
- fontsource-noto-sans-duployan/5.0.20/latin-ext-700.min.css: sha512-EULovfIKoMJPni15msX+wc8WPXoCG8VAdTquFgz6GWtlgu6rBp1TJ5WBA2OX0JrL0BaQlQWGH5HG65tyQW4HMA==
- fontsource-noto-sans-duployan/5.0.20/latin.css: sha512-f2t1/3Ben8vc3U3xhESxGKnIM90nque3dZigG/IhHyx8HqyUVEpLXETAsdBpk+Nf/TUFB8piUmscx/UDpOp6Kg==
- fontsource-noto-sans-duployan/5.0.20/700.min.css: sha512-P6QVtSvdx33cysqW2GZd3KjBEdLSkmHkEjWwOYpxUs/3HD9u+tLcxVWnQpUPCSpnhNm0+2V/27Dv1Z5gAjoRzQ==
- fontsource-noto-sans-duployan/5.0.20/duployan-700.min.css: sha512-dGBZixgWfzpuPiK5vep/y7opt4g24Zk3u8G/eQXpfei8/5fsQOFvQSUbv4IBEHVCSb/LpqLt6E2iBLzbK+4p4w==
- fontsource-noto-sans-duployan/5.0.20/index.min.css: sha512-C+vbO5AGr/CfCVMEjL8FTVvaYiSy+HqiW5cI1wij8QQpj9iLDYuYKaltwB9zVSKudOgNIJnecM1Nyx3KklSUaw==
- fontsource-noto-sans-duployan/5.0.20/latin-700.css: sha512-LIdnVLzvsxSDz89DYT/BEVfy+8DjUvs6H35hRm813XG+QU1X8gWAJ4HxkiK+IpYY3pJZSTq3iK9oFUFkbzsBDQ==
- fontsource-noto-sans-duployan/5.0.20/latin-ext-400.css: sha512-iLRigSM0LUqaGOwP0QQPsSUle1MpW81BVJsopsMr392zwPNkLzyMP5cqvy3MTrEx1fakQrWUyPrwg3F2OzVD/w==
- fontsource-noto-sans-duployan/5.0.20/latin-ext.css: sha512-QKk1K3oLCANkt+5TvOvDWEi//lO3WibgpTJTIiLwkPzySvo83DeFfv7vV7fHsoXs6NdIlBzISrbn66db7EvMXQ==
- fontsource-noto-sans-duployan/5.0.20/latin-ext.min.css: sha512-YrOL391ZuTz4Z9XcAdCKHjXB6zgUIEM3nY2XUWhALFL4wlnPh0Vn95gcIFYHGCIqHV1xVzGwgkubUb2g2Em3Gw==
- fontsource-noto-sans-duployan/5.0.20/700.css: sha512-Cz6OUwZrjJtB0/lljx6fU2ujYNXZtkwpVbqstRpoRTCzkqka4etMdwvo2a5yFUB2ZsIEokhfxUk72IbJbidFEw==
- fontsource-noto-sans-duployan/5.0.20/index.css: sha512-vXwUr0ASkYKIBW2aauRMsl+K94LPzpkZBMYyuXHfI/y+CC5Pcs+6Z2fxycVGL5P0C3urcMEo/L/fF5qtL2ef7g==
- fontsource-noto-sans-duployan/5.0.20/latin-400.css: sha512-ZXXDuX7C2urtOpfKWesY+h7C350KWZrlVEVfWgmE9srcPTxqhy6+kdv5zTA22p7lOvL1uaGVudnTkyDM+e22nQ==
- fontsource-noto-sans-duployan/5.0.20/latin-400.min.css: sha512-krEcUe9VRiBDgZg2LBnk/oihq754ee0i/Ubmk3Npi25TMIe+Bg0Eqr2FBQ8anMh2bkKnDuyJbSGOAErhehe7WA==
- fontsource-noto-sans-duployan/5.0.20/latin-700.min.css: sha512-OkMktUz1Lw+pzAxhimIsEtw90ttsxV0wi1VhQclXvZcc8TVe8zG0d9/PjINGPBs3j9ba/buvbtgncsPAa2DuFg==
- fontsource-noto-sans-duployan/5.0.20/latin-ext-700.css: sha512-N25OiXpQ1/axAo0KB5ZL9ryWBGeNTW7UjqxJfI3VZSxqFs4zgedDdtn+JKBC6HXhlDvaMx4zSCG7HkKWHh6BBg==
- fontsource-noto-sans-duployan/5.0.20/duployan-700.css: sha512-6T3B3Xcu/WOuMFUX9Xusv5a1NlSbo8A+O+lVfYwimzUx/IS6fYvKradbyEAIXm7jCcOFfc6sEKfkFn6j5QkxqA==
