Files:
- fontsource-open-sauce-sans/5.0.11/300-italic.css.br
- fontsource-open-sauce-sans/5.0.11/300-italic.css.gz
- fontsource-open-sauce-sans/5.0.11/300-italic.css.sri
- fontsource-open-sauce-sans/5.0.11/300-italic.min.css.br
- fontsource-open-sauce-sans/5.0.11/300-italic.min.css.gz
- fontsource-open-sauce-sans/5.0.11/300-italic.min.css.sri
- fontsource-open-sauce-sans/5.0.11/300.css.br
- fontsource-open-sauce-sans/5.0.11/300.css.gz
- fontsource-open-sauce-sans/5.0.11/300.css.sri
- fontsource-open-sauce-sans/5.0.11/300.min.css.br
- fontsource-open-sauce-sans/5.0.11/300.min.css.gz
- fontsource-open-sauce-sans/5.0.11/300.min.css.sri
- fontsource-open-sauce-sans/5.0.11/400-italic.css.br
- fontsource-open-sauce-sans/5.0.11/400-italic.css.gz
- fontsource-open-sauce-sans/5.0.11/400-italic.css.sri
- fontsource-open-sauce-sans/5.0.11/400-italic.min.css.br
- fontsource-open-sauce-sans/5.0.11/400-italic.min.css.gz
- fontsource-open-sauce-sans/5.0.11/400-italic.min.css.sri
- fontsource-open-sauce-sans/5.0.11/400.css.br
- fontsource-open-sauce-sans/5.0.11/400.css.gz
- fontsource-open-sauce-sans/5.0.11/400.css.sri
- fontsource-open-sauce-sans/5.0.11/400.min.css.br
- fontsource-open-sauce-sans/5.0.11/400.min.css.gz
- fontsource-open-sauce-sans/5.0.11/400.min.css.sri
- fontsource-open-sauce-sans/5.0.11/500-italic.css.br
- fontsource-open-sauce-sans/5.0.11/500-italic.css.gz
- fontsource-open-sauce-sans/5.0.11/500-italic.css.sri
- fontsource-open-sauce-sans/5.0.11/500-italic.min.css.br
- fontsource-open-sauce-sans/5.0.11/500-italic.min.css.gz
- fontsource-open-sauce-sans/5.0.11/500-italic.min.css.sri
- fontsource-open-sauce-sans/5.0.11/500.css.br
- fontsource-open-sauce-sans/5.0.11/500.css.gz
- fontsource-open-sauce-sans/5.0.11/500.css.sri
- fontsource-open-sauce-sans/5.0.11/500.min.css.br
- fontsource-open-sauce-sans/5.0.11/500.min.css.gz
- fontsource-open-sauce-sans/5.0.11/500.min.css.sri
- fontsource-open-sauce-sans/5.0.11/600-italic.css.br
- fontsource-open-sauce-sans/5.0.11/600-italic.css.gz
- fontsource-open-sauce-sans/5.0.11/600-italic.css.sri
- fontsource-open-sauce-sans/5.0.11/600-italic.min.css.br
- fontsource-open-sauce-sans/5.0.11/600-italic.min.css.gz
- fontsource-open-sauce-sans/5.0.11/600-italic.min.css.sri
- fontsource-open-sauce-sans/5.0.11/600.css.br
- fontsource-open-sauce-sans/5.0.11/600.css.gz
- fontsource-open-sauce-sans/5.0.11/600.css.sri
- fontsource-open-sauce-sans/5.0.11/600.min.css.br
- fontsource-open-sauce-sans/5.0.11/600.min.css.gz
- fontsource-open-sauce-sans/5.0.11/600.min.css.sri
- fontsource-open-sauce-sans/5.0.11/700-italic.css.br
- fontsource-open-sauce-sans/5.0.11/700-italic.css.gz
- fontsource-open-sauce-sans/5.0.11/700-italic.css.sri
- fontsource-open-sauce-sans/5.0.11/700-italic.min.css.br
- fontsource-open-sauce-sans/5.0.11/700-italic.min.css.gz
- fontsource-open-sauce-sans/5.0.11/700-italic.min.css.sri
- fontsource-open-sauce-sans/5.0.11/700.css.br
- fontsource-open-sauce-sans/5.0.11/700.css.gz
- fontsource-open-sauce-sans/5.0.11/700.css.sri
- fontsource-open-sauce-sans/5.0.11/700.min.css.br
- fontsource-open-sauce-sans/5.0.11/700.min.css.gz
- fontsource-open-sauce-sans/5.0.11/700.min.css.sri
- fontsource-open-sauce-sans/5.0.11/800-italic.css.br
- fontsource-open-sauce-sans/5.0.11/800-italic.css.gz
- fontsource-open-sauce-sans/5.0.11/800-italic.css.sri
- fontsource-open-sauce-sans/5.0.11/800-italic.min.css.br
- fontsource-open-sauce-sans/5.0.11/800-italic.min.css.gz
- fontsource-open-sauce-sans/5.0.11/800-italic.min.css.sri
- fontsource-open-sauce-sans/5.0.11/800.css.br
- fontsource-open-sauce-sans/5.0.11/800.css.gz
- fontsource-open-sauce-sans/5.0.11/800.css.sri
- fontsource-open-sauce-sans/5.0.11/800.min.css.br
- fontsource-open-sauce-sans/5.0.11/800.min.css.gz
- fontsource-open-sauce-sans/5.0.11/800.min.css.sri
- fontsource-open-sauce-sans/5.0.11/900-italic.css.br
- fontsource-open-sauce-sans/5.0.11/900-italic.css.gz
- fontsource-open-sauce-sans/5.0.11/900-italic.css.sri
- fontsource-open-sauce-sans/5.0.11/900-italic.min.css.br
- fontsource-open-sauce-sans/5.0.11/900-italic.min.css.gz
- fontsource-open-sauce-sans/5.0.11/900-italic.min.css.sri
- fontsource-open-sauce-sans/5.0.11/900.css.br
- fontsource-open-sauce-sans/5.0.11/900.css.gz
- fontsource-open-sauce-sans/5.0.11/900.css.sri
- fontsource-open-sauce-sans/5.0.11/900.min.css.br
- fontsource-open-sauce-sans/5.0.11/900.min.css.gz
- fontsource-open-sauce-sans/5.0.11/900.min.css.sri
- fontsource-open-sauce-sans/5.0.11/files/open-sauce-sans-latin-300-italic.woff.br
- fontsource-open-sauce-sans/5.0.11/files/open-sauce-sans-latin-300-italic.woff.gz
- fontsource-open-sauce-sans/5.0.11/files/open-sauce-sans-latin-300-italic.woff2
- fontsource-open-sauce-sans/5.0.11/files/open-sauce-sans-latin-300-normal.woff.br
- fontsource-open-sauce-sans/5.0.11/files/open-sauce-sans-latin-300-normal.woff.gz
- fontsource-open-sauce-sans/5.0.11/files/open-sauce-sans-latin-300-normal.woff2
- fontsource-open-sauce-sans/5.0.11/files/open-sauce-sans-latin-400-italic.woff.br
- fontsource-open-sauce-sans/5.0.11/files/open-sauce-sans-latin-400-italic.woff.gz
- fontsource-open-sauce-sans/5.0.11/files/open-sauce-sans-latin-400-italic.woff2
- fontsource-open-sauce-sans/5.0.11/files/open-sauce-sans-latin-400-normal.woff.br
- fontsource-open-sauce-sans/5.0.11/files/open-sauce-sans-latin-400-normal.woff.gz
- fontsource-open-sauce-sans/5.0.11/files/open-sauce-sans-latin-400-normal.woff2
- fontsource-open-sauce-sans/5.0.11/files/open-sauce-sans-latin-500-italic.woff.br
- fontsource-open-sauce-sans/5.0.11/files/open-sauce-sans-latin-500-italic.woff.gz
- fontsource-open-sauce-sans/5.0.11/files/open-sauce-sans-latin-500-italic.woff2
- fontsource-open-sauce-sans/5.0.11/files/open-sauce-sans-latin-500-normal.woff.br
- fontsource-open-sauce-sans/5.0.11/files/open-sauce-sans-latin-500-normal.woff.gz
- fontsource-open-sauce-sans/5.0.11/files/open-sauce-sans-latin-500-normal.woff2
- fontsource-open-sauce-sans/5.0.11/files/open-sauce-sans-latin-600-italic.woff.br
- fontsource-open-sauce-sans/5.0.11/files/open-sauce-sans-latin-600-italic.woff.gz
- fontsource-open-sauce-sans/5.0.11/files/open-sauce-sans-latin-600-italic.woff2
- fontsource-open-sauce-sans/5.0.11/files/open-sauce-sans-latin-600-normal.woff.br
- fontsource-open-sauce-sans/5.0.11/files/open-sauce-sans-latin-600-normal.woff.gz
- fontsource-open-sauce-sans/5.0.11/files/open-sauce-sans-latin-600-normal.woff2
- fontsource-open-sauce-sans/5.0.11/files/open-sauce-sans-latin-700-italic.woff.br
- fontsource-open-sauce-sans/5.0.11/files/open-sauce-sans-latin-700-italic.woff.gz
- fontsource-open-sauce-sans/5.0.11/files/open-sauce-sans-latin-700-italic.woff2
- fontsource-open-sauce-sans/5.0.11/files/open-sauce-sans-latin-700-normal.woff.br
- fontsource-open-sauce-sans/5.0.11/files/open-sauce-sans-latin-700-normal.woff.gz
- fontsource-open-sauce-sans/5.0.11/files/open-sauce-sans-latin-700-normal.woff2
- fontsource-open-sauce-sans/5.0.11/files/open-sauce-sans-latin-800-italic.woff.br
- fontsource-open-sauce-sans/5.0.11/files/open-sauce-sans-latin-800-italic.woff.gz
- fontsource-open-sauce-sans/5.0.11/files/open-sauce-sans-latin-800-italic.woff2
- fontsource-open-sauce-sans/5.0.11/files/open-sauce-sans-latin-800-normal.woff.br
- fontsource-open-sauce-sans/5.0.11/files/open-sauce-sans-latin-800-normal.woff.gz
- fontsource-open-sauce-sans/5.0.11/files/open-sauce-sans-latin-800-normal.woff2
- fontsource-open-sauce-sans/5.0.11/files/open-sauce-sans-latin-900-italic.woff.br
- fontsource-open-sauce-sans/5.0.11/files/open-sauce-sans-latin-900-italic.woff.gz
- fontsource-open-sauce-sans/5.0.11/files/open-sauce-sans-latin-900-italic.woff2
- fontsource-open-sauce-sans/5.0.11/files/open-sauce-sans-latin-900-normal.woff.br
- fontsource-open-sauce-sans/5.0.11/files/open-sauce-sans-latin-900-normal.woff.gz
- fontsource-open-sauce-sans/5.0.11/files/open-sauce-sans-latin-900-normal.woff2
- fontsource-open-sauce-sans/5.0.11/index.css.br
- fontsource-open-sauce-sans/5.0.11/index.css.gz
- fontsource-open-sauce-sans/5.0.11/index.css.sri
- fontsource-open-sauce-sans/5.0.11/index.min.css.br
- fontsource-open-sauce-sans/5.0.11/index.min.css.gz
- fontsource-open-sauce-sans/5.0.11/index.min.css.sri
- fontsource-open-sauce-sans/5.0.11/latin-300-italic.css.br
- fontsource-open-sauce-sans/5.0.11/latin-300-italic.css.gz
- fontsource-open-sauce-sans/5.0.11/latin-300-italic.css.sri
- fontsource-open-sauce-sans/5.0.11/latin-300-italic.min.css.br
- fontsource-open-sauce-sans/5.0.11/latin-300-italic.min.css.gz
- fontsource-open-sauce-sans/5.0.11/latin-300-italic.min.css.sri
- fontsource-open-sauce-sans/5.0.11/latin-300.css.br
- fontsource-open-sauce-sans/5.0.11/latin-300.css.gz
- fontsource-open-sauce-sans/5.0.11/latin-300.css.sri
- fontsource-open-sauce-sans/5.0.11/latin-300.min.css.br
- fontsource-open-sauce-sans/5.0.11/latin-300.min.css.gz
- fontsource-open-sauce-sans/5.0.11/latin-300.min.css.sri
- fontsource-open-sauce-sans/5.0.11/latin-400-italic.css.br
- fontsource-open-sauce-sans/5.0.11/latin-400-italic.css.gz
- fontsource-open-sauce-sans/5.0.11/latin-400-italic.css.sri
- fontsource-open-sauce-sans/5.0.11/latin-400-italic.min.css.br
- fontsource-open-sauce-sans/5.0.11/latin-400-italic.min.css.gz
- fontsource-open-sauce-sans/5.0.11/latin-400-italic.min.css.sri
- fontsource-open-sauce-sans/5.0.11/latin-400.css.br
- fontsource-open-sauce-sans/5.0.11/latin-400.css.gz
- fontsource-open-sauce-sans/5.0.11/latin-400.css.sri
- fontsource-open-sauce-sans/5.0.11/latin-400.min.css.br
- fontsource-open-sauce-sans/5.0.11/latin-400.min.css.gz
- fontsource-open-sauce-sans/5.0.11/latin-400.min.css.sri
- fontsource-open-sauce-sans/5.0.11/latin-500-italic.css.br
- fontsource-open-sauce-sans/5.0.11/latin-500-italic.css.gz
- fontsource-open-sauce-sans/5.0.11/latin-500-italic.css.sri
- fontsource-open-sauce-sans/5.0.11/latin-500-italic.min.css.br
- fontsource-open-sauce-sans/5.0.11/latin-500-italic.min.css.gz
- fontsource-open-sauce-sans/5.0.11/latin-500-italic.min.css.sri
- fontsource-open-sauce-sans/5.0.11/latin-500.css.br
- fontsource-open-sauce-sans/5.0.11/latin-500.css.gz
- fontsource-open-sauce-sans/5.0.11/latin-500.css.sri
- fontsource-open-sauce-sans/5.0.11/latin-500.min.css.br
- fontsource-open-sauce-sans/5.0.11/latin-500.min.css.gz
- fontsource-open-sauce-sans/5.0.11/latin-500.min.css.sri
- fontsource-open-sauce-sans/5.0.11/latin-600-italic.css.br
- fontsource-open-sauce-sans/5.0.11/latin-600-italic.css.gz
- fontsource-open-sauce-sans/5.0.11/latin-600-italic.css.sri
- fontsource-open-sauce-sans/5.0.11/latin-600-italic.min.css.br
- fontsource-open-sauce-sans/5.0.11/latin-600-italic.min.css.gz
- fontsource-open-sauce-sans/5.0.11/latin-600-italic.min.css.sri
- fontsource-open-sauce-sans/5.0.11/latin-600.css.br
- fontsource-open-sauce-sans/5.0.11/latin-600.css.gz
- fontsource-open-sauce-sans/5.0.11/latin-600.css.sri
- fontsource-open-sauce-sans/5.0.11/latin-600.min.css.br
- fontsource-open-sauce-sans/5.0.11/latin-600.min.css.gz
- fontsource-open-sauce-sans/5.0.11/latin-600.min.css.sri
- fontsource-open-sauce-sans/5.0.11/latin-700-italic.css.br
- fontsource-open-sauce-sans/5.0.11/latin-700-italic.css.gz
- fontsource-open-sauce-sans/5.0.11/latin-700-italic.css.sri
- fontsource-open-sauce-sans/5.0.11/latin-700-italic.min.css.br
- fontsource-open-sauce-sans/5.0.11/latin-700-italic.min.css.gz
- fontsource-open-sauce-sans/5.0.11/latin-700-italic.min.css.sri
- fontsource-open-sauce-sans/5.0.11/latin-700.css.br
- fontsource-open-sauce-sans/5.0.11/latin-700.css.gz
- fontsource-open-sauce-sans/5.0.11/latin-700.css.sri
- fontsource-open-sauce-sans/5.0.11/latin-700.min.css.br
- fontsource-open-sauce-sans/5.0.11/latin-700.min.css.gz
- fontsource-open-sauce-sans/5.0.11/latin-700.min.css.sri
- fontsource-open-sauce-sans/5.0.11/latin-800-italic.css.br
- fontsource-open-sauce-sans/5.0.11/latin-800-italic.css.gz
- fontsource-open-sauce-sans/5.0.11/latin-800-italic.css.sri
- fontsource-open-sauce-sans/5.0.11/latin-800-italic.min.css.br
- fontsource-open-sauce-sans/5.0.11/latin-800-italic.min.css.gz
- fontsource-open-sauce-sans/5.0.11/latin-800-italic.min.css.sri
- fontsource-open-sauce-sans/5.0.11/latin-800.css.br
- fontsource-open-sauce-sans/5.0.11/latin-800.css.gz
- fontsource-open-sauce-sans/5.0.11/latin-800.css.sri
- fontsource-open-sauce-sans/5.0.11/latin-800.min.css.br
- fontsource-open-sauce-sans/5.0.11/latin-800.min.css.gz
- fontsource-open-sauce-sans/5.0.11/latin-800.min.css.sri
- fontsource-open-sauce-sans/5.0.11/latin-900-italic.css.br
- fontsource-open-sauce-sans/5.0.11/latin-900-italic.css.gz
- fontsource-open-sauce-sans/5.0.11/latin-900-italic.css.sri
- fontsource-open-sauce-sans/5.0.11/latin-900-italic.min.css.br
- fontsource-open-sauce-sans/5.0.11/latin-900-italic.min.css.gz
- fontsource-open-sauce-sans/5.0.11/latin-900-italic.min.css.sri
- fontsource-open-sauce-sans/5.0.11/latin-900.css.br
- fontsource-open-sauce-sans/5.0.11/latin-900.css.gz
- fontsource-open-sauce-sans/5.0.11/latin-900.css.sri
- fontsource-open-sauce-sans/5.0.11/latin-900.min.css.br
- fontsource-open-sauce-sans/5.0.11/latin-900.min.css.gz
- fontsource-open-sauce-sans/5.0.11/latin-900.min.css.sri
- fontsource-open-sauce-sans/5.0.11/latin-italic.css.br
- fontsource-open-sauce-sans/5.0.11/latin-italic.css.gz
- fontsource-open-sauce-sans/5.0.11/latin-italic.css.sri
- fontsource-open-sauce-sans/5.0.11/latin-italic.min.css.br
- fontsource-open-sauce-sans/5.0.11/latin-italic.min.css.gz
- fontsource-open-sauce-sans/5.0.11/latin-italic.min.css.sri
- fontsource-open-sauce-sans/5.0.11/latin.css.br
- fontsource-open-sauce-sans/5.0.11/latin.css.gz
- fontsource-open-sauce-sans/5.0.11/latin.css.sri
- fontsource-open-sauce-sans/5.0.11/latin.min.css.br
- fontsource-open-sauce-sans/5.0.11/latin.min.css.gz
- fontsource-open-sauce-sans/5.0.11/latin.min.css.sri
