Files:
- fontsource-splash/5.0.18/400.css.gz
- fontsource-splash/5.0.18/400.min.css.gz
- fontsource-splash/5.0.18/files/splash-latin-400-normal.woff.gz
- fontsource-splash/5.0.18/files/splash-latin-ext-400-normal.woff.gz
- fontsource-splash/5.0.18/files/splash-vietnamese-400-normal.woff.gz
- fontsource-splash/5.0.18/index.css.gz
- fontsource-splash/5.0.18/index.min.css.gz
- fontsource-splash/5.0.18/latin-400.css.gz
- fontsource-splash/5.0.18/latin-400.min.css.gz
- fontsource-splash/5.0.18/latin-ext-400.css.gz
- fontsource-splash/5.0.18/latin-ext-400.min.css.gz
- fontsource-splash/5.0.18/latin-ext.css.gz
- fontsource-splash/5.0.18/latin-ext.min.css.gz
- fontsource-splash/5.0.18/latin.css.gz
- fontsource-splash/5.0.18/latin.min.css.gz
- fontsource-splash/5.0.18/vietnamese-400.css.gz
- fontsource-splash/5.0.18/vietnamese-400.min.css.gz
- fontsource-splash/5.0.18/vietnamese.css.gz
- fontsource-splash/5.0.18/vietnamese.min.css.gz
