config: {"authors":[{"name":"Neeraj Kumar Das (https://github.com/nkdas91)"}],"autoupdate":{"source":"npm","target":"@materialstyle/materialstyle","fileMap":[{"basePath":"dist","files":["js/*.js?(.map)","css/*.css?(.map)"]},{"basePath":"","files":["scss/**/*.scss"]}]},"description":"Material Style is a Material Design UI library based on Bootstrap.","filename":"js/materialstyle.min.js","homepage":"https://materialstyle.github.io/","keywords":["materialstyle","material-style","material-design","css","sass","scss","mobile-first","responsive","front-end","framework","web","bootstrap","bootstrap-material-design","bootstrap-theme","google-material-design"],"license":"MIT","name":"materialstyle","repository":{"type":"git","url":"https://github.com/materialstyle/materialstyle"},"author":"Neeraj Kumar Das (https://github.com/nkdas91)"}
KV keys:
- materialstyle/3.1.0-alpha1/css/materialstyle-grid.css.br
- materialstyle/3.1.0-alpha1/css/materialstyle-grid.css.gz
- materialstyle/3.1.0-alpha1/css/materialstyle-grid.css.map.br
- materialstyle/3.1.0-alpha1/css/materialstyle-grid.css.map.gz
- materialstyle/3.1.0-alpha1/css/materialstyle-grid.min.css.br
- materialstyle/3.1.0-alpha1/css/materialstyle-grid.min.css.gz
- materialstyle/3.1.0-alpha1/css/materialstyle-grid.min.css.map.br
- materialstyle/3.1.0-alpha1/css/materialstyle-grid.min.css.map.gz
- materialstyle/3.1.0-alpha1/css/materialstyle-grid.rtl.css.br
- materialstyle/3.1.0-alpha1/css/materialstyle-grid.rtl.css.gz
- materialstyle/3.1.0-alpha1/css/materialstyle-grid.rtl.css.map.br
- materialstyle/3.1.0-alpha1/css/materialstyle-grid.rtl.css.map.gz
- materialstyle/3.1.0-alpha1/css/materialstyle-grid.rtl.min.css.br
- materialstyle/3.1.0-alpha1/css/materialstyle-grid.rtl.min.css.gz
- materialstyle/3.1.0-alpha1/css/materialstyle-grid.rtl.min.css.map.br
- materialstyle/3.1.0-alpha1/css/materialstyle-grid.rtl.min.css.map.gz
- materialstyle/3.1.0-alpha1/css/materialstyle-reboot.css.br
- materialstyle/3.1.0-alpha1/css/materialstyle-reboot.css.gz
- materialstyle/3.1.0-alpha1/css/materialstyle-reboot.css.map.br
- materialstyle/3.1.0-alpha1/css/materialstyle-reboot.css.map.gz
- materialstyle/3.1.0-alpha1/css/materialstyle-reboot.min.css.br
- materialstyle/3.1.0-alpha1/css/materialstyle-reboot.min.css.gz
- materialstyle/3.1.0-alpha1/css/materialstyle-reboot.min.css.map.br
- materialstyle/3.1.0-alpha1/css/materialstyle-reboot.min.css.map.gz
- materialstyle/3.1.0-alpha1/css/materialstyle-reboot.rtl.css.br
- materialstyle/3.1.0-alpha1/css/materialstyle-reboot.rtl.css.gz
- materialstyle/3.1.0-alpha1/css/materialstyle-reboot.rtl.css.map.br
- materialstyle/3.1.0-alpha1/css/materialstyle-reboot.rtl.css.map.gz
- materialstyle/3.1.0-alpha1/css/materialstyle-reboot.rtl.min.css.br
- materialstyle/3.1.0-alpha1/css/materialstyle-reboot.rtl.min.css.gz
- materialstyle/3.1.0-alpha1/css/materialstyle-reboot.rtl.min.css.map.br
- materialstyle/3.1.0-alpha1/css/materialstyle-reboot.rtl.min.css.map.gz
- materialstyle/3.1.0-alpha1/css/materialstyle-utilities.css.br
- materialstyle/3.1.0-alpha1/css/materialstyle-utilities.css.gz
- materialstyle/3.1.0-alpha1/css/materialstyle-utilities.css.map.br
- materialstyle/3.1.0-alpha1/css/materialstyle-utilities.css.map.gz
- materialstyle/3.1.0-alpha1/css/materialstyle-utilities.min.css.br
- materialstyle/3.1.0-alpha1/css/materialstyle-utilities.min.css.gz
- materialstyle/3.1.0-alpha1/css/materialstyle-utilities.min.css.map.br
- materialstyle/3.1.0-alpha1/css/materialstyle-utilities.min.css.map.gz
- materialstyle/3.1.0-alpha1/css/materialstyle-utilities.rtl.css.br
- materialstyle/3.1.0-alpha1/css/materialstyle-utilities.rtl.css.gz
- materialstyle/3.1.0-alpha1/css/materialstyle-utilities.rtl.css.map.br
- materialstyle/3.1.0-alpha1/css/materialstyle-utilities.rtl.css.map.gz
- materialstyle/3.1.0-alpha1/css/materialstyle-utilities.rtl.min.css.br
- materialstyle/3.1.0-alpha1/css/materialstyle-utilities.rtl.min.css.gz
- materialstyle/3.1.0-alpha1/css/materialstyle-utilities.rtl.min.css.map.br
- materialstyle/3.1.0-alpha1/css/materialstyle-utilities.rtl.min.css.map.gz
- materialstyle/3.1.0-alpha1/css/materialstyle.css.br
- materialstyle/3.1.0-alpha1/css/materialstyle.css.gz
- materialstyle/3.1.0-alpha1/css/materialstyle.css.map.br
- materialstyle/3.1.0-alpha1/css/materialstyle.css.map.gz
- materialstyle/3.1.0-alpha1/css/materialstyle.min.css.br
- materialstyle/3.1.0-alpha1/css/materialstyle.min.css.gz
- materialstyle/3.1.0-alpha1/css/materialstyle.min.css.map.br
- materialstyle/3.1.0-alpha1/css/materialstyle.min.css.map.gz
- materialstyle/3.1.0-alpha1/css/materialstyle.rtl.css.br
- materialstyle/3.1.0-alpha1/css/materialstyle.rtl.css.gz
- materialstyle/3.1.0-alpha1/css/materialstyle.rtl.css.map.br
- materialstyle/3.1.0-alpha1/css/materialstyle.rtl.css.map.gz
- materialstyle/3.1.0-alpha1/css/materialstyle.rtl.min.css.br
- materialstyle/3.1.0-alpha1/css/materialstyle.rtl.min.css.gz
- materialstyle/3.1.0-alpha1/css/materialstyle.rtl.min.css.map.br
- materialstyle/3.1.0-alpha1/css/materialstyle.rtl.min.css.map.gz
- materialstyle/3.1.0-alpha1/js/materialstyle.bundle.js.br
- materialstyle/3.1.0-alpha1/js/materialstyle.bundle.js.gz
- materialstyle/3.1.0-alpha1/js/materialstyle.bundle.js.map.br
- materialstyle/3.1.0-alpha1/js/materialstyle.bundle.js.map.gz
- materialstyle/3.1.0-alpha1/js/materialstyle.bundle.min.js.br
- materialstyle/3.1.0-alpha1/js/materialstyle.bundle.min.js.gz
- materialstyle/3.1.0-alpha1/js/materialstyle.bundle.min.js.map.br
- materialstyle/3.1.0-alpha1/js/materialstyle.bundle.min.js.map.gz
- materialstyle/3.1.0-alpha1/js/materialstyle.esm.js.br
- materialstyle/3.1.0-alpha1/js/materialstyle.esm.js.gz
- materialstyle/3.1.0-alpha1/js/materialstyle.esm.js.map.br
- materialstyle/3.1.0-alpha1/js/materialstyle.esm.js.map.gz
- materialstyle/3.1.0-alpha1/js/materialstyle.esm.min.js.br
- materialstyle/3.1.0-alpha1/js/materialstyle.esm.min.js.gz
- materialstyle/3.1.0-alpha1/js/materialstyle.esm.min.js.map.br
- materialstyle/3.1.0-alpha1/js/materialstyle.esm.min.js.map.gz
- materialstyle/3.1.0-alpha1/js/materialstyle.js.br
- materialstyle/3.1.0-alpha1/js/materialstyle.js.gz
- materialstyle/3.1.0-alpha1/js/materialstyle.js.map.br
- materialstyle/3.1.0-alpha1/js/materialstyle.js.map.gz
- materialstyle/3.1.0-alpha1/js/materialstyle.min.js.br
- materialstyle/3.1.0-alpha1/js/materialstyle.min.js.gz
- materialstyle/3.1.0-alpha1/js/materialstyle.min.js.map.br
- materialstyle/3.1.0-alpha1/js/materialstyle.min.js.map.gz
- materialstyle/3.1.0-alpha1/scss/_accordion.scss.br
- materialstyle/3.1.0-alpha1/scss/_accordion.scss.gz
- materialstyle/3.1.0-alpha1/scss/_alert.scss.br
- materialstyle/3.1.0-alpha1/scss/_alert.scss.gz
- materialstyle/3.1.0-alpha1/scss/_badge.scss.br
- materialstyle/3.1.0-alpha1/scss/_badge.scss.gz
- materialstyle/3.1.0-alpha1/scss/_breadcrumb.scss.br
- materialstyle/3.1.0-alpha1/scss/_breadcrumb.scss.gz
- materialstyle/3.1.0-alpha1/scss/_button-group.scss.br
- materialstyle/3.1.0-alpha1/scss/_button-group.scss.gz
- materialstyle/3.1.0-alpha1/scss/_buttons.scss.br
- materialstyle/3.1.0-alpha1/scss/_buttons.scss.gz
- materialstyle/3.1.0-alpha1/scss/_card.scss.br
- materialstyle/3.1.0-alpha1/scss/_card.scss.gz
- materialstyle/3.1.0-alpha1/scss/_carousel.scss.br
- materialstyle/3.1.0-alpha1/scss/_carousel.scss.gz
- materialstyle/3.1.0-alpha1/scss/_close.scss.br
- materialstyle/3.1.0-alpha1/scss/_close.scss.gz
- materialstyle/3.1.0-alpha1/scss/_containers.scss.br
- materialstyle/3.1.0-alpha1/scss/_containers.scss.gz
- materialstyle/3.1.0-alpha1/scss/_dropdown.scss.br
- materialstyle/3.1.0-alpha1/scss/_dropdown.scss.gz
- materialstyle/3.1.0-alpha1/scss/_forms.scss.br
- materialstyle/3.1.0-alpha1/scss/_forms.scss.gz
- materialstyle/3.1.0-alpha1/scss/_functions.scss.br
- materialstyle/3.1.0-alpha1/scss/_functions.scss.gz
- materialstyle/3.1.0-alpha1/scss/_grid.scss.br
- materialstyle/3.1.0-alpha1/scss/_grid.scss.gz
- materialstyle/3.1.0-alpha1/scss/_helpers.scss.br
- materialstyle/3.1.0-alpha1/scss/_helpers.scss.gz
- materialstyle/3.1.0-alpha1/scss/_images.scss.br
- materialstyle/3.1.0-alpha1/scss/_images.scss.gz
- materialstyle/3.1.0-alpha1/scss/_list-group.scss.br
- materialstyle/3.1.0-alpha1/scss/_list-group.scss.gz
- materialstyle/3.1.0-alpha1/scss/_maps.scss.br
- materialstyle/3.1.0-alpha1/scss/_maps.scss.gz
- materialstyle/3.1.0-alpha1/scss/_mixins.scss.br
- materialstyle/3.1.0-alpha1/scss/_mixins.scss.gz
- materialstyle/3.1.0-alpha1/scss/_modal.scss.br
- materialstyle/3.1.0-alpha1/scss/_modal.scss.gz
- materialstyle/3.1.0-alpha1/scss/_nav.scss.br
- materialstyle/3.1.0-alpha1/scss/_nav.scss.gz
- materialstyle/3.1.0-alpha1/scss/_navbar.scss.br
- materialstyle/3.1.0-alpha1/scss/_navbar.scss.gz
- materialstyle/3.1.0-alpha1/scss/_offcanvas.scss.br
- materialstyle/3.1.0-alpha1/scss/_offcanvas.scss.gz
- materialstyle/3.1.0-alpha1/scss/_pagination.scss.br
- materialstyle/3.1.0-alpha1/scss/_pagination.scss.gz
- materialstyle/3.1.0-alpha1/scss/_placeholders.scss.br
- materialstyle/3.1.0-alpha1/scss/_placeholders.scss.gz
- materialstyle/3.1.0-alpha1/scss/_popover.scss.br
- materialstyle/3.1.0-alpha1/scss/_popover.scss.gz
- materialstyle/3.1.0-alpha1/scss/_progress.scss.br
- materialstyle/3.1.0-alpha1/scss/_progress.scss.gz
- materialstyle/3.1.0-alpha1/scss/_reboot.scss.br
- materialstyle/3.1.0-alpha1/scss/_reboot.scss.gz
- materialstyle/3.1.0-alpha1/scss/_ripple-surface.scss.br
- materialstyle/3.1.0-alpha1/scss/_ripple-surface.scss.gz
- materialstyle/3.1.0-alpha1/scss/_root.scss.br
- materialstyle/3.1.0-alpha1/scss/_root.scss.gz
- materialstyle/3.1.0-alpha1/scss/_shape.scss.br
- materialstyle/3.1.0-alpha1/scss/_shape.scss.gz
- materialstyle/3.1.0-alpha1/scss/_snackbar.scss.br
- materialstyle/3.1.0-alpha1/scss/_snackbar.scss.gz
- materialstyle/3.1.0-alpha1/scss/_spinners.scss.br
- materialstyle/3.1.0-alpha1/scss/_spinners.scss.gz
- materialstyle/3.1.0-alpha1/scss/_tables.scss.br
- materialstyle/3.1.0-alpha1/scss/_tables.scss.gz
- materialstyle/3.1.0-alpha1/scss/_toasts.scss.br
- materialstyle/3.1.0-alpha1/scss/_toasts.scss.gz
- materialstyle/3.1.0-alpha1/scss/_tooltip.scss.br
- materialstyle/3.1.0-alpha1/scss/_tooltip.scss.gz
- materialstyle/3.1.0-alpha1/scss/_transitions.scss.br
- materialstyle/3.1.0-alpha1/scss/_transitions.scss.gz
- materialstyle/3.1.0-alpha1/scss/_type.scss.br
- materialstyle/3.1.0-alpha1/scss/_type.scss.gz
- materialstyle/3.1.0-alpha1/scss/_utilities.scss.br
- materialstyle/3.1.0-alpha1/scss/_utilities.scss.gz
- materialstyle/3.1.0-alpha1/scss/_variables-dark.scss.br
- materialstyle/3.1.0-alpha1/scss/_variables-dark.scss.gz
- materialstyle/3.1.0-alpha1/scss/_variables.scss.br
- materialstyle/3.1.0-alpha1/scss/_variables.scss.gz
- materialstyle/3.1.0-alpha1/scss/forms/_form-check.scss.br
- materialstyle/3.1.0-alpha1/scss/forms/_form-check.scss.gz
- materialstyle/3.1.0-alpha1/scss/forms/_form-control.scss.br
- materialstyle/3.1.0-alpha1/scss/forms/_form-control.scss.gz
- materialstyle/3.1.0-alpha1/scss/forms/_form-floating.scss.br
- materialstyle/3.1.0-alpha1/scss/forms/_form-floating.scss.gz
- materialstyle/3.1.0-alpha1/scss/forms/_form-range.scss.br
- materialstyle/3.1.0-alpha1/scss/forms/_form-range.scss.gz
- materialstyle/3.1.0-alpha1/scss/forms/_form-select.scss.br
- materialstyle/3.1.0-alpha1/scss/forms/_form-select.scss.gz
- materialstyle/3.1.0-alpha1/scss/forms/_form-text.scss.br
- materialstyle/3.1.0-alpha1/scss/forms/_form-text.scss.gz
- materialstyle/3.1.0-alpha1/scss/forms/_input-group.scss.br
- materialstyle/3.1.0-alpha1/scss/forms/_input-group.scss.gz
- materialstyle/3.1.0-alpha1/scss/forms/_labels.scss.br
- materialstyle/3.1.0-alpha1/scss/forms/_labels.scss.gz
- materialstyle/3.1.0-alpha1/scss/forms/_validation.scss.br
- materialstyle/3.1.0-alpha1/scss/forms/_validation.scss.gz
- materialstyle/3.1.0-alpha1/scss/helpers/_clearfix.scss.br
- materialstyle/3.1.0-alpha1/scss/helpers/_clearfix.scss.gz
- materialstyle/3.1.0-alpha1/scss/helpers/_color-bg.scss.br
- materialstyle/3.1.0-alpha1/scss/helpers/_color-bg.scss.gz
- materialstyle/3.1.0-alpha1/scss/helpers/_colored-links.scss.br
- materialstyle/3.1.0-alpha1/scss/helpers/_colored-links.scss.gz
- materialstyle/3.1.0-alpha1/scss/helpers/_focus-ring.scss.br
- materialstyle/3.1.0-alpha1/scss/helpers/_focus-ring.scss.gz
- materialstyle/3.1.0-alpha1/scss/helpers/_icon-link.scss.br
- materialstyle/3.1.0-alpha1/scss/helpers/_icon-link.scss.gz
- materialstyle/3.1.0-alpha1/scss/helpers/_position.scss.br
- materialstyle/3.1.0-alpha1/scss/helpers/_position.scss.gz
- materialstyle/3.1.0-alpha1/scss/helpers/_ratio.scss.br
- materialstyle/3.1.0-alpha1/scss/helpers/_ratio.scss.gz
- materialstyle/3.1.0-alpha1/scss/helpers/_stacks.scss.br
- materialstyle/3.1.0-alpha1/scss/helpers/_stacks.scss.gz
- materialstyle/3.1.0-alpha1/scss/helpers/_stretched-link.scss.br
- materialstyle/3.1.0-alpha1/scss/helpers/_stretched-link.scss.gz
- materialstyle/3.1.0-alpha1/scss/helpers/_text-truncation.scss.br
- materialstyle/3.1.0-alpha1/scss/helpers/_text-truncation.scss.gz
- materialstyle/3.1.0-alpha1/scss/helpers/_visually-hidden.scss.br
- materialstyle/3.1.0-alpha1/scss/helpers/_visually-hidden.scss.gz
- materialstyle/3.1.0-alpha1/scss/helpers/_vr.scss.br
- materialstyle/3.1.0-alpha1/scss/helpers/_vr.scss.gz
- materialstyle/3.1.0-alpha1/scss/materialstyle-grid.scss.br
- materialstyle/3.1.0-alpha1/scss/materialstyle-grid.scss.gz
- materialstyle/3.1.0-alpha1/scss/materialstyle-reboot.scss.br
- materialstyle/3.1.0-alpha1/scss/materialstyle-reboot.scss.gz
- materialstyle/3.1.0-alpha1/scss/materialstyle-utilities.scss.br
- materialstyle/3.1.0-alpha1/scss/materialstyle-utilities.scss.gz
- materialstyle/3.1.0-alpha1/scss/materialstyle.scss.br
- materialstyle/3.1.0-alpha1/scss/materialstyle.scss.gz
- materialstyle/3.1.0-alpha1/scss/mixins/_alert.scss.br
- materialstyle/3.1.0-alpha1/scss/mixins/_alert.scss.gz
- materialstyle/3.1.0-alpha1/scss/mixins/_backdrop.scss.br
- materialstyle/3.1.0-alpha1/scss/mixins/_backdrop.scss.gz
- materialstyle/3.1.0-alpha1/scss/mixins/_banner.scss.br
- materialstyle/3.1.0-alpha1/scss/mixins/_banner.scss.gz
- materialstyle/3.1.0-alpha1/scss/mixins/_border-radius.scss.br
- materialstyle/3.1.0-alpha1/scss/mixins/_border-radius.scss.gz
- materialstyle/3.1.0-alpha1/scss/mixins/_box-shadow.scss.br
- materialstyle/3.1.0-alpha1/scss/mixins/_box-shadow.scss.gz
- materialstyle/3.1.0-alpha1/scss/mixins/_breakpoints.scss.br
- materialstyle/3.1.0-alpha1/scss/mixins/_breakpoints.scss.gz
- materialstyle/3.1.0-alpha1/scss/mixins/_buttons.scss.br
- materialstyle/3.1.0-alpha1/scss/mixins/_buttons.scss.gz
- materialstyle/3.1.0-alpha1/scss/mixins/_caret.scss.br
- materialstyle/3.1.0-alpha1/scss/mixins/_caret.scss.gz
- materialstyle/3.1.0-alpha1/scss/mixins/_clearfix.scss.br
- materialstyle/3.1.0-alpha1/scss/mixins/_clearfix.scss.gz
- materialstyle/3.1.0-alpha1/scss/mixins/_color-mode.scss.br
- materialstyle/3.1.0-alpha1/scss/mixins/_color-mode.scss.gz
- materialstyle/3.1.0-alpha1/scss/mixins/_color-scheme.scss.br
- materialstyle/3.1.0-alpha1/scss/mixins/_color-scheme.scss.gz
- materialstyle/3.1.0-alpha1/scss/mixins/_container.scss.br
- materialstyle/3.1.0-alpha1/scss/mixins/_container.scss.gz
- materialstyle/3.1.0-alpha1/scss/mixins/_deprecate.scss.br
- materialstyle/3.1.0-alpha1/scss/mixins/_deprecate.scss.gz
- materialstyle/3.1.0-alpha1/scss/mixins/_forms.scss.br
- materialstyle/3.1.0-alpha1/scss/mixins/_forms.scss.gz
- materialstyle/3.1.0-alpha1/scss/mixins/_gradients.scss.br
- materialstyle/3.1.0-alpha1/scss/mixins/_gradients.scss.gz
- materialstyle/3.1.0-alpha1/scss/mixins/_grid.scss.br
- materialstyle/3.1.0-alpha1/scss/mixins/_grid.scss.gz
- materialstyle/3.1.0-alpha1/scss/mixins/_image.scss.br
- materialstyle/3.1.0-alpha1/scss/mixins/_image.scss.gz
- materialstyle/3.1.0-alpha1/scss/mixins/_list-group.scss.br
- materialstyle/3.1.0-alpha1/scss/mixins/_list-group.scss.gz
- materialstyle/3.1.0-alpha1/scss/mixins/_lists.scss.br
- materialstyle/3.1.0-alpha1/scss/mixins/_lists.scss.gz
- materialstyle/3.1.0-alpha1/scss/mixins/_pagination.scss.br
- materialstyle/3.1.0-alpha1/scss/mixins/_pagination.scss.gz
- materialstyle/3.1.0-alpha1/scss/mixins/_reset-text.scss.br
- materialstyle/3.1.0-alpha1/scss/mixins/_reset-text.scss.gz
- materialstyle/3.1.0-alpha1/scss/mixins/_resize.scss.br
- materialstyle/3.1.0-alpha1/scss/mixins/_resize.scss.gz
- materialstyle/3.1.0-alpha1/scss/mixins/_table-variants.scss.br
- materialstyle/3.1.0-alpha1/scss/mixins/_table-variants.scss.gz
- materialstyle/3.1.0-alpha1/scss/mixins/_text-truncate.scss.br
- materialstyle/3.1.0-alpha1/scss/mixins/_text-truncate.scss.gz
- materialstyle/3.1.0-alpha1/scss/mixins/_transition.scss.br
- materialstyle/3.1.0-alpha1/scss/mixins/_transition.scss.gz
- materialstyle/3.1.0-alpha1/scss/mixins/_utilities.scss.br
- materialstyle/3.1.0-alpha1/scss/mixins/_utilities.scss.gz
- materialstyle/3.1.0-alpha1/scss/mixins/_visually-hidden.scss.br
- materialstyle/3.1.0-alpha1/scss/mixins/_visually-hidden.scss.gz
- materialstyle/3.1.0-alpha1/scss/utilities/_api.scss.br
- materialstyle/3.1.0-alpha1/scss/utilities/_api.scss.gz
- materialstyle/3.1.0-alpha1/scss/vendor/_rfs.scss.br
- materialstyle/3.1.0-alpha1/scss/vendor/_rfs.scss.gz
SRIs:
- materialstyle/3.1.0-alpha1/css/materialstyle-reboot.min.css: sha512-rztK1RHtZ+dyksTe3j1YPOCt0JPMSvW6qm1KVYoqx0risvpOu8tI1f8Bmytm9HaznrAf1jpqqTLbXm5rXyjIHA==
- materialstyle/3.1.0-alpha1/css/materialstyle.css: sha512-YdFmZJj9hYfXtFmcnLWSS6gQgZG0fvRwliCEFsN+MPnKbIxg7BiogzLFf75ifIU7YMjgLsKH+8kCkhpCz2npFA==
- materialstyle/3.1.0-alpha1/css/materialstyle-grid.css: sha512-eNIVx+HPvR/weAt7eeDBpL/Po0+roKYNZ49RI8B11OOdp7QbtoLMLYMGAOf5du2iPjsWpCaMc0VEMDyE2w3F2A==
- materialstyle/3.1.0-alpha1/css/materialstyle-grid.min.css: sha512-Pg7nEGbEqhCAw3uTgq3nwSGPY0PFQwi/1xtXi3wBIRRHJAqG0JnxMVW86+YBoims8MjjypjdA5uJ+30RPrt/aA==
- materialstyle/3.1.0-alpha1/css/materialstyle-grid.rtl.css: sha512-dJYUM5m5zTQXH3Q0HTt2MOI7MY9Yv5pvxegVPI9c3KCqN/oLHj7J7r9RNVlu/mUi4UGo90MlOnlwVWDYLH4fLQ==
- materialstyle/3.1.0-alpha1/css/materialstyle-reboot.css: sha512-qIrl86y2OJv1S4Ms3Gq59/lD+JpSyJP6B/LvIRtAQvVE0QiiUJ509KDJhNPRvRy64VxSKFS2cT/V881/2NwsGQ==
- materialstyle/3.1.0-alpha1/js/materialstyle.min.js: sha512-LIZysfUskGqU16b0j5WZ0U9JgtTZ0k6gq7ZWo0JsnvSjZ1zKH6ID8dVfBK6ypYIkTL51Ka1OVYtpAL7z705jfg==
- materialstyle/3.1.0-alpha1/css/materialstyle-utilities.rtl.css: sha512-gSWrYR3Zcx5wIKUq3uHimzMB/ZaM+51ofqygfGD6ygTCFGCWKe7XS4oCOkKBhCbO5qQMJOKANV8HRVwY6Db2rw==
- materialstyle/3.1.0-alpha1/css/materialstyle.min.css: sha512-9ihY7PLatQZZ0l0byeWoypvLIfAiXZWj3a+7V7MzZsvOU/0+jE3QBlQqXtpE6PeBQ04cDwQtnOfGcuRtvVNe8Q==
- materialstyle/3.1.0-alpha1/css/materialstyle.rtl.css: sha512-o7Qa2sZytm1tdKLMIZFUhWtZs9A9tGvp1giZ4gxvBFPIJifYi0DdlcmvOVx5FdMrLTaDJKVlGi9tixK50n4x6Q==
- materialstyle/3.1.0-alpha1/js/materialstyle.esm.js: sha512-SvreJzQmgDbwvWoSMvpyJoowhBfyOLwlOPaiPtXfkPCU5KjZTDSfTq1YeqzVKCBYBfDKn6+L9sX+1aIo/VzFmg==
- materialstyle/3.1.0-alpha1/css/materialstyle.rtl.min.css: sha512-JM8WY82xirVnW3na7DDgOHnT4OendwUxH3btZu5IzUQrVTOHzgX/UyzfH9/mizNHGP6ZroaDyfx2ziQ995LFaQ==
- materialstyle/3.1.0-alpha1/js/materialstyle.esm.min.js: sha512-odhArNGtHEccl/1jgTSZOJAs9n8mgDz1JegFu9o4cbn8j2QQi/7Ol6Gu4uAogqqLXx6UI1bBDLN55w5eM+MN0Q==
- materialstyle/3.1.0-alpha1/js/materialstyle.js: sha512-uPG5sAbhdHbZ4D77OmWHpCD5PuEPIinY9ZuaCitgwmsykvAnhPflJuXuZMOv/+tyVWtRW8AThkHEqQE3SdlNLw==
- materialstyle/3.1.0-alpha1/css/materialstyle-grid.rtl.min.css: sha512-oc+XZZg81feta8Zrzqx3QWhbwhKKambUuV3HWSAkd7tkdX/1ZJDtTckzLmCocSfmTbKGl/H3ftLWPPsR2YZmJQ==
- materialstyle/3.1.0-alpha1/css/materialstyle-reboot.rtl.css: sha512-WFbWe7cdJ1OQqAEJGCLIQU3kFYvgagzgEyZIfHhGL9zPBJL/RlJjePagBx3PuAEV9y9LY2tIy4AObxZRxc/btA==
- materialstyle/3.1.0-alpha1/css/materialstyle-utilities.css: sha512-m75n9KVQiBMqHaMBpp6o0wSfsR/LW33oHy9fGg7TL3QQQJ0RGsKceBtT5Gy+3Va4+8Xlod9kkOx47osZ/PHKKQ==
- materialstyle/3.1.0-alpha1/css/materialstyle-utilities.rtl.min.css: sha512-sjNCO+8vm8qw27NZmW6MvNGzzAHKUTNj5LT8KgeJFj4Wnav0oXEpj3AjcA0ZVSGHnbMs/vW78TR1OGqsq9fwrQ==
- materialstyle/3.1.0-alpha1/css/materialstyle-reboot.rtl.min.css: sha512-STJHiVwToxuFi/8o6b8PByZN4ZDQUqv8B4OseWtUiqcofnrnXroeUnWi2wectggGOrN/iEU+p01tQ+Yu2PMMiQ==
- materialstyle/3.1.0-alpha1/css/materialstyle-utilities.min.css: sha512-TLQ59ISFp/P6D/0XxZt6QRY7cPi0HuHvB2+tKRSImBZ8FBAneobzOOiNZCGt7ThCeRUjnKP9+vQL/10ChnetHQ==
- materialstyle/3.1.0-alpha1/js/materialstyle.bundle.js: sha512-2u9XMJVHuUHAFCR/plJV+5P1t/KJPL4Mj/ccDeUwi/Jv7U0fsYTvPrNQeGVf4QfoCQ9ggE3vikvzu/AtsDgCRQ==
- materialstyle/3.1.0-alpha1/js/materialstyle.bundle.min.js: sha512-CzmfDWqxvrb0YKRs+WdjcsIIbJvg4Z+Ds4NzmtRp70WmZbTTaGfaUf7x7KQetY90tSDY1eQrIktbMgCglxwjcQ==
