config: {"authors":[{"name":"afc163","url":"https://github.com/afc163"}],"autoupdate":{"source":"npm","target":"antd","fileMap":[{"basePath":"dist","files":["**/*.!(less)"]}]},"description":"An UI design language","filename":"antd.min.js","homepage":"http://ant.design/","keywords":["ant","design","react","react-component","component","components","ui","framework","frontend"],"license":"MIT","name":"antd","repository":{"type":"git","url":"https://github.com/ant-design/ant-design"},"author":"afc163 (https://github.com/afc163)"}
KV keys:
- antd/4.18.0/antd-with-locales.js.br
- antd/4.18.0/antd-with-locales.js.gz
- antd/4.18.0/antd-with-locales.js.map.br
- antd/4.18.0/antd-with-locales.js.map.gz
- antd/4.18.0/antd-with-locales.min.js.br
- antd/4.18.0/antd-with-locales.min.js.gz
- antd/4.18.0/antd-with-locales.min.js.map.br
- antd/4.18.0/antd-with-locales.min.js.map.gz
- antd/4.18.0/antd.compact.css.br
- antd/4.18.0/antd.compact.css.gz
- antd/4.18.0/antd.compact.css.map.br
- antd/4.18.0/antd.compact.css.map.gz
- antd/4.18.0/antd.compact.less.br
- antd/4.18.0/antd.compact.less.gz
- antd/4.18.0/antd.compact.min.css.br
- antd/4.18.0/antd.compact.min.css.gz
- antd/4.18.0/antd.compact.min.css.map.br
- antd/4.18.0/antd.compact.min.css.map.gz
- antd/4.18.0/antd.css.br
- antd/4.18.0/antd.css.gz
- antd/4.18.0/antd.css.map.br
- antd/4.18.0/antd.css.map.gz
- antd/4.18.0/antd.dark.css.br
- antd/4.18.0/antd.dark.css.gz
- antd/4.18.0/antd.dark.css.map.br
- antd/4.18.0/antd.dark.css.map.gz
- antd/4.18.0/antd.dark.less.br
- antd/4.18.0/antd.dark.less.gz
- antd/4.18.0/antd.dark.min.css.br
- antd/4.18.0/antd.dark.min.css.gz
- antd/4.18.0/antd.dark.min.css.map.br
- antd/4.18.0/antd.dark.min.css.map.gz
- antd/4.18.0/antd.js.br
- antd/4.18.0/antd.js.gz
- antd/4.18.0/antd.js.map.br
- antd/4.18.0/antd.js.map.gz
- antd/4.18.0/antd.min.css.br
- antd/4.18.0/antd.min.css.gz
- antd/4.18.0/antd.min.css.map.br
- antd/4.18.0/antd.min.css.map.gz
- antd/4.18.0/antd.min.js.br
- antd/4.18.0/antd.min.js.gz
- antd/4.18.0/antd.min.js.map.br
- antd/4.18.0/antd.min.js.map.gz
- antd/4.18.0/antd.variable.css.br
- antd/4.18.0/antd.variable.css.gz
- antd/4.18.0/antd.variable.css.map.br
- antd/4.18.0/antd.variable.css.map.gz
- antd/4.18.0/antd.variable.less.br
- antd/4.18.0/antd.variable.less.gz
- antd/4.18.0/antd.variable.min.css.br
- antd/4.18.0/antd.variable.min.css.gz
- antd/4.18.0/antd.variable.min.css.map.br
- antd/4.18.0/antd.variable.min.css.map.gz
- antd/4.18.0/compact-theme.js.br
- antd/4.18.0/compact-theme.js.gz
- antd/4.18.0/compact-theme.min.js.br
- antd/4.18.0/compact-theme.min.js.gz
- antd/4.18.0/dark-theme.js.br
- antd/4.18.0/dark-theme.js.gz
- antd/4.18.0/dark-theme.min.js.br
- antd/4.18.0/dark-theme.min.js.gz
- antd/4.18.0/default-theme.js.br
- antd/4.18.0/default-theme.js.gz
- antd/4.18.0/default-theme.min.js.br
- antd/4.18.0/default-theme.min.js.gz
- antd/4.18.0/theme.js.br
- antd/4.18.0/theme.js.gz
- antd/4.18.0/theme.min.js.br
- antd/4.18.0/theme.min.js.gz
- antd/4.18.0/variable-theme.js.br
- antd/4.18.0/variable-theme.js.gz
- antd/4.18.0/variable-theme.min.js.br
- antd/4.18.0/variable-theme.min.js.gz
SRIs:
- antd/4.18.0/dark-theme.min.js: sha512-feGV6q+yAcWSZRZFqlOpFeYwOpwnB6pl80XA6nBHkIfFQiF0tGXR0V2zwvfUfrdLoI11/iXmcpKlYD9sz5PSVQ==
- antd/4.18.0/default-theme.js: sha512-NQ2aBgPfQGgGqQuG/0CV0bL0XcSKGrSLTgOHYaprjaOjI7yb4iNLr111WrgKNtgVdvJxRa9Gz5ZvE6fCNjumww==
- antd/4.18.0/theme.min.js: sha512-5h7Of6HE6p9A1KGotQydtoqjNNbXzmfOG+bBhbs0ughcjjvOoo4/fj9rR826OJLUPInoGCQUtUzbgnG9ekhxjw==
- antd/4.18.0/antd.css: sha512-XVOUUHF1j6Jm9CNCdETQowSXKeXHkfo32RaPyHQViY0rljeveZM4UHc7YSR0prdL7afq4QP4QIhz/CuY8MS5yw==
- antd/4.18.0/antd.dark.css: sha512-keSniUftFeSHSNtsAybb2fkD2XKZOlNCU/LB8qcikpmDo9GzxgkR25iP9QVpLiT9DhnAFDCaul+abvfmHnADGg==
- antd/4.18.0/compact-theme.js: sha512-K8ffRPPXE9XJw5AYihrObWAI28UPNKjtlVleEA0zzdQ851HHYat6cSdoBdp++ePRkq52LCEmPBTHu6NFhJr7zA==
- antd/4.18.0/dark-theme.js: sha512-1kgqKA9mQ08xe8wL8Q2+fXKIm76hZObPkMdkyf/zbd5Y0WiyFDy0DGC+vp6NcAYJm7P6RtdpnBzzyXP08sMnrQ==
- antd/4.18.0/antd-with-locales.min.js: sha512-VcgBMPb2KkOTZPx82QLX+cSvduw8K+/SXxiXdE2pKGFPeW80HKJkBzpm5E70vgQJ3SITfxhwHISJQFQIuCF8TA==
- antd/4.18.0/antd.compact.min.css: sha512-h5FvzUNAwEj9OTF4nkRxPio5G9EsOiDOxKH3NUIZS8ct9S02oRC5UrNYg1sagI65BFEZrcPKdIOJY1ASDrI/tw==
- antd/4.18.0/compact-theme.min.js: sha512-vzd8I/Ao/SS1Ve0SOORWce4Cw+mp7+3yvIqz9HUUoiVTcmg4ocznhSS3fccNzaD/e1TpsWLNGgvhfeJHMLOqHA==
- antd/4.18.0/default-theme.min.js: sha512-jyDsCICmI7GJMvP561F99MWFLY2aAvGTBlp8moJn6Wi09LSRXikgL3QfNXMsCsMTdtJ1L00nPRIwii+io5eR/A==
- antd/4.18.0/antd.variable.css: sha512-kWrhh2NYaJM45xc4EJbQ7gJruVMl86Xr0xfCxyBRG0Pa6ZCbe1lnUyehW1rE1xHlGZTnkKQdjOYgdCd77b3JuA==
- antd/4.18.0/variable-theme.js: sha512-CyU3iIZncEZDoYbiWfhZmYSfLpki0JIDpraDl0Okyq0C5VzIWBx09v3zrIuiXbLb+MklVqb75QWprMoCbOKSNA==
- antd/4.18.0/antd-with-locales.js: sha512-o+TrsLWcdKh4Kx1rSzyUfX79pCfzgTIlKbapx9YkV7jNrzLRyvYUXfbb+sVEMUxaatT0xGnwgQ5YFV9fESs+xg==
- antd/4.18.0/antd.compact.css: sha512-vYPGS6iseU7/Ir3ExRAnlEzq3z1vCi0fjHFK5Vvb8QASsHCQn8vt4fDNZdwgy2Li8JWmRKW9AM7bOJzdgbwYZA==
- antd/4.18.0/antd.dark.min.css: sha512-kdm0x49m1IJ8GwY8LsgKiDzUN5sSOBM+jTVlw7LxbcsWn4+EEotxl7tcuzTkbQUwj2cbQHV5VbKrhGxfz97RMg==
- antd/4.18.0/antd.js: sha512-5fyutho81Lal+HhYEp22qRQeugk03fpldOsMckn0gCH2B/MUNF6dix/fBZnUY3v7darwL2DOhzhz3tPqq21qlw==
- antd/4.18.0/variable-theme.min.js: sha512-uLErFCrdmz3QL/ZYAHT7zPs6u4k/VuM0XRXDyoNsbN3thyWazyvVu78TcyfLfOzee66PVaBbTO7ZEZQ2nM/pHA==
- antd/4.18.0/antd.min.css: sha512-ccv+Naa5HcOzbj5oL+96nIQOGwcycW5LzAvjtyyu9M89JOhB6JsOA0n6va+VWq0kOKiIMAvepyaupB2Nx7903Q==
- antd/4.18.0/antd.min.js: sha512-VIIcMdh7uqCXZdz20tzEZJgXGPwey1Kd+IafFhCfUfxuNOV2WbvV2xNB4oRdqEW32MnmMOy0r0TF7l18yg0Wbg==
- antd/4.18.0/antd.variable.min.css: sha512-JA9JOUqx4WhtUuvBIjUTHInc6NwQjxmg6pE7QzwqFsQlFE4SDlTZ+mE5+m00UBjzm9RfqDm5QQuJzhqJW3bROQ==
- antd/4.18.0/theme.js: sha512-mVtigh4c2HLALxNe/S4vhGzB9oyL3I+pRLVWZP84/T4v2XpqBUHNXFVJRoRUvuXOTg7C0lx5g/W1SPk/8fD2pQ==
