config: {"authors":[{"name":"Francisco Hodge","email":"hello@franciscohodge.com","url":"https://github.com/hodgef"}],"autoupdate":{"source":"npm","target":"simple-keyboard","fileMap":[{"basePath":"build","files":["*.js","css/*.css","types/*.d.ts"]}]},"description":"On-screen Javascript Virtual Keyboard","filename":"index.js","homepage":"https://virtual-keyboard.js.org/","keywords":["javascript","es6","digital","keyboard","onscreen","virtual","screen-keyboard","component","virtual-keyboard","touchscreen","touch-screen","kiosk","osk","js"],"license":"MIT","name":"simple-keyboard","repository":{"type":"git","url":"git+https://github.com/hodgef/simple-keyboard.git"},"author":"Francisco Hodge \u003chello@franciscohodge.com\u003e (https://github.com/hodgef)"}
KV keys:
- simple-keyboard/3.4.92/css/index.css.br
- simple-keyboard/3.4.92/css/index.css.gz
- simple-keyboard/3.4.92/css/index.min.css.br
- simple-keyboard/3.4.92/css/index.min.css.gz
- simple-keyboard/3.4.92/index.js.br
- simple-keyboard/3.4.92/index.js.gz
- simple-keyboard/3.4.92/index.min.js.br
- simple-keyboard/3.4.92/index.min.js.gz
- simple-keyboard/3.4.92/index.modern.js.br
- simple-keyboard/3.4.92/index.modern.js.gz
- simple-keyboard/3.4.92/index.modern.min.js.br
- simple-keyboard/3.4.92/index.modern.min.js.gz
SRIs:
- simple-keyboard/3.4.92/index.modern.min.js: sha512-eJleD+yv1/6nZFhoemQJBqOP1EgaZXEp2QSvMuPyj/iwn/gC2HToAtcD4a48OvlftdzBbV+BnMf4W24oYqLdLQ==
- simple-keyboard/3.4.92/css/index.css: sha512-/5mmzaBab37IktM+2QN2/BHl6407O4Jy6uxAxsKWIdRzZdXr9MD8LGgL8jvze8g/mvfRSC2Fa4f2J/ByMyIyeQ==
- simple-keyboard/3.4.92/css/index.min.css: sha512-IaAQzumP8xWU3DB6Elw0F2ZzVG8HqutreUJAeYTuZUIASJlBzynXijI3P7cMExAqfNrUtoW9dzwnKgHPU5xpVw==
- simple-keyboard/3.4.92/index.js: sha512-o1YXWHV5A231UrI2Ftl6/3lYM6Y+XOXGpoLxiF1evS/Yu12Zq7ATC1ebJw2tiDoXVPuQMj+JzXg15Bn3BGIbuQ==
- simple-keyboard/3.4.92/index.min.js: sha512-+NYSJ+/IVRr5mmN3VevldbsWELHzDdX1/ubPGKvldEDOLuxQmIGEU/yhJzn+v/LreWSxqyxJ4x3ka7oXLHELUA==
- simple-keyboard/3.4.92/index.modern.js: sha512-50wIEMj87FCIsd0stB2vatcKEmFRZZvMDjECUBQboWNYfemA0Wcst18ZjU6DBddEIKyaG26ec8bp3wqeNP6ZPg==
