config: {"authors":[{"name":"Francisco Hodge","email":"hello@franciscohodge.com","url":"https://github.com/hodgef"}],"autoupdate":{"source":"npm","target":"simple-keyboard","fileMap":[{"basePath":"build","files":["*.js","css/*.css","types/*.d.ts"]}]},"description":"On-screen Javascript Virtual Keyboard","filename":"index.js","homepage":"https://virtual-keyboard.js.org/","keywords":["javascript","es6","digital","keyboard","onscreen","virtual","screen-keyboard","component","virtual-keyboard","touchscreen","touch-screen","kiosk","osk","js"],"license":"MIT","name":"simple-keyboard","repository":{"type":"git","url":"git+https://github.com/hodgef/simple-keyboard.git"},"author":"Francisco Hodge \u003chello@franciscohodge.com\u003e (https://github.com/hodgef)"}
KV keys:
- simple-keyboard/3.6.31/css/index.css.br
- simple-keyboard/3.6.31/css/index.css.gz
- simple-keyboard/3.6.31/css/index.min.css.br
- simple-keyboard/3.6.31/css/index.min.css.gz
- simple-keyboard/3.6.31/index.js.br
- simple-keyboard/3.6.31/index.js.gz
- simple-keyboard/3.6.31/index.min.js.br
- simple-keyboard/3.6.31/index.min.js.gz
- simple-keyboard/3.6.31/index.modern.js.br
- simple-keyboard/3.6.31/index.modern.js.gz
- simple-keyboard/3.6.31/index.modern.min.js.br
- simple-keyboard/3.6.31/index.modern.min.js.gz
SRIs:
- simple-keyboard/3.6.31/index.js: sha512-WOrIFMwt+Bn3nIGPVd+G+RdPBQLb7GhPD1atbOksnWIABieqN6sAu/aMhkX2FKu1tWjGuLEz0eS2z4CWE4CRjQ==
- simple-keyboard/3.6.31/index.min.js: sha512-+qiudl0Ta5YTwTIOC5AtaO/3VPHAUirrCvc0qC1xWWMxuxo8ZYMbU6drPboa4M2ua4pI45I6nU7P+XVP8aW4YA==
- simple-keyboard/3.6.31/index.modern.js: sha512-hGFp+mWEWGovVfSUyV/CyqDzGmY4+2zBZuVAWxeaGNxxp2vXvZbhEQCdF5hJcemXM39qSs64pcjFF5Nk21E5UA==
- simple-keyboard/3.6.31/index.modern.min.js: sha512-b8n13bnWgr+awpW9/1MRaPsjauguycAY++FR+CFU8fap5jheQfT62xFj4gFFFcr+x+MJZgY+2OvMcYPfweBMDQ==
- simple-keyboard/3.6.31/css/index.css: sha512-0cwUgX2FhhYb+9V0UOKGOr+fHSmKh6uobZFkbibTBl28WjPyfzZv5+ekZbrxUAf4cRMAVYhLh+O0rP2G7/dlUw==
- simple-keyboard/3.6.31/css/index.min.css: sha512-k2L1YLQxu5vKyz6pLWEniNDbedAuhvqY/GrAuEMXvHIec/Vcbx85uNQicC6GjNgM4QroEl7d7VBha8D11nwVsA==
