config: {"authors":[{"name":"Guillaume du Pontavice","email":"g.du.pontavice@gmail.com"}],"autoupdate":{"source":"npm","target":"hls.js","fileMap":[{"basePath":"dist","files":["**/!(*-demo.*)"]}],"ignoreVersions":["*-canary.*"]},"description":"JavaScript HLS client using MediaSourceExtension","filename":"hls.min.js","homepage":"https://hls-js.netlify.com/demo/","keywords":["hls.js","video","streaming","mediasource","player"],"license":"Apache-2.0","name":"hls.js","repository":{"type":"git","url":"git://github.com/video-dev/hls.js"},"author":"Guillaume du Pontavice \u003cg.du.pontavice@gmail.com\u003e"}
KV keys:
- hls.js/1.5.9-0.canary.10196/hls.js.br
- hls.js/1.5.9-0.canary.10196/hls.js.d.ts.br
- hls.js/1.5.9-0.canary.10196/hls.js.d.ts.gz
- hls.js/1.5.9-0.canary.10196/hls.js.gz
- hls.js/1.5.9-0.canary.10196/hls.js.map.br
- hls.js/1.5.9-0.canary.10196/hls.js.map.gz
- hls.js/1.5.9-0.canary.10196/hls.light.js.br
- hls.js/1.5.9-0.canary.10196/hls.light.js.gz
- hls.js/1.5.9-0.canary.10196/hls.light.js.map.br
- hls.js/1.5.9-0.canary.10196/hls.light.js.map.gz
- hls.js/1.5.9-0.canary.10196/hls.light.min.js.br
- hls.js/1.5.9-0.canary.10196/hls.light.min.js.gz
- hls.js/1.5.9-0.canary.10196/hls.light.min.js.map.br
- hls.js/1.5.9-0.canary.10196/hls.light.min.js.map.gz
- hls.js/1.5.9-0.canary.10196/hls.light.mjs.br
- hls.js/1.5.9-0.canary.10196/hls.light.mjs.gz
- hls.js/1.5.9-0.canary.10196/hls.light.mjs.map.br
- hls.js/1.5.9-0.canary.10196/hls.light.mjs.map.gz
- hls.js/1.5.9-0.canary.10196/hls.min.js.br
- hls.js/1.5.9-0.canary.10196/hls.min.js.gz
- hls.js/1.5.9-0.canary.10196/hls.min.js.map.br
- hls.js/1.5.9-0.canary.10196/hls.min.js.map.gz
- hls.js/1.5.9-0.canary.10196/hls.mjs.br
- hls.js/1.5.9-0.canary.10196/hls.mjs.gz
- hls.js/1.5.9-0.canary.10196/hls.mjs.map.br
- hls.js/1.5.9-0.canary.10196/hls.mjs.map.gz
- hls.js/1.5.9-0.canary.10196/hls.worker.js.br
- hls.js/1.5.9-0.canary.10196/hls.worker.js.gz
- hls.js/1.5.9-0.canary.10196/hls.worker.js.map.br
- hls.js/1.5.9-0.canary.10196/hls.worker.js.map.gz
- hls.js/1.5.9-0.canary.10196/hls.worker.min.js.br
- hls.js/1.5.9-0.canary.10196/hls.worker.min.js.gz
SRIs:
- hls.js/1.5.9-0.canary.10196/hls.worker.js: sha512-KrVe7UDlXfhXz+VDH3PJR1zd3l5s/xUd954f30zeg8LdSSS1HIHHvpXfWGczRQBlQXznEEQO77QDkcQsA8OFNA==
- hls.js/1.5.9-0.canary.10196/hls.worker.min.js: sha512-2lqv2qj/rEsSY7jtIxyPHnnKJlYkuU4svyqhqlAKq1EH/3wsd1LZbe7ax2onHhjG0BerrVtdBOgEnB1byfg+iA==
- hls.js/1.5.9-0.canary.10196/hls.js: sha512-Mpn75I/9c3CoBCbSeh97Bt3yeDiy553vYP6Tu6U1n245A69WoG01GXY+4nEuTuhNg7cdkFXVUZ9DzCfmYnKSoQ==
- hls.js/1.5.9-0.canary.10196/hls.light.js: sha512-Ht6855jeFvHgWub1pZ4bE4aA4JS4qPJPQUfB8vWxcj9PzJdmD224JZwmEP5W36jybBklU7wSoC/BjGAHdRGfGA==
- hls.js/1.5.9-0.canary.10196/hls.light.min.js: sha512-ytbNefmR5HRMABFBqoYFlK7uplr9CpjH3p3z0TY35KLzu6RgbfKHv7XyAM5j3r+/cUexd2DM2gK7QonbrVFwNg==
- hls.js/1.5.9-0.canary.10196/hls.min.js: sha512-dbghZ9vOy7O1C9a8BbT4d0q78VqdX7AYNPbQ1r+3K+anGKo73YFKnPj1CGIW4gM0D8ImaPGjTCZtbylgv+3Xfg==
