Files:
- handsontable/12.3.1-next-42b5538-20230203/handsontable.css.br
- handsontable/12.3.1-next-42b5538-20230203/handsontable.css.gz
- handsontable/12.3.1-next-42b5538-20230203/handsontable.css.sri
- handsontable/12.3.1-next-42b5538-20230203/handsontable.full.css.br
- handsontable/12.3.1-next-42b5538-20230203/handsontable.full.css.gz
- handsontable/12.3.1-next-42b5538-20230203/handsontable.full.css.sri
- handsontable/12.3.1-next-42b5538-20230203/handsontable.full.js.br
- handsontable/12.3.1-next-42b5538-20230203/handsontable.full.js.gz
- handsontable/12.3.1-next-42b5538-20230203/handsontable.full.js.sri
- handsontable/12.3.1-next-42b5538-20230203/handsontable.full.min.css.br
- handsontable/12.3.1-next-42b5538-20230203/handsontable.full.min.css.gz
- handsontable/12.3.1-next-42b5538-20230203/handsontable.full.min.css.sri
- handsontable/12.3.1-next-42b5538-20230203/handsontable.full.min.js.br
- handsontable/12.3.1-next-42b5538-20230203/handsontable.full.min.js.gz
- handsontable/12.3.1-next-42b5538-20230203/handsontable.full.min.js.sri
- handsontable/12.3.1-next-42b5538-20230203/handsontable.js.br
- handsontable/12.3.1-next-42b5538-20230203/handsontable.js.gz
- handsontable/12.3.1-next-42b5538-20230203/handsontable.js.sri
- handsontable/12.3.1-next-42b5538-20230203/handsontable.min.css.br
- handsontable/12.3.1-next-42b5538-20230203/handsontable.min.css.gz
- handsontable/12.3.1-next-42b5538-20230203/handsontable.min.css.sri
- handsontable/12.3.1-next-42b5538-20230203/handsontable.min.js.br
- handsontable/12.3.1-next-42b5538-20230203/handsontable.min.js.gz
- handsontable/12.3.1-next-42b5538-20230203/handsontable.min.js.sri
