config: {"authors":[{"name":"Guillaume du Pontavice","email":"g.du.pontavice@gmail.com"}],"autoupdate":{"source":"npm","target":"hls.js","fileMap":[{"basePath":"dist","files":["**/!(*-demo.*)"]}],"ignoreVersions":["*-canary.*"]},"description":"JavaScript HLS client using MediaSourceExtension","filename":"hls.min.js","homepage":"https://hls-js.netlify.com/demo/","keywords":["hls.js","video","streaming","mediasource","player"],"license":"Apache-2.0","name":"hls.js","repository":{"type":"git","url":"git://github.com/video-dev/hls.js"},"author":"Guillaume du Pontavice \u003cg.du.pontavice@gmail.com\u003e"}
KV keys:
- hls.js/1.4.11-0.canary.9403/hls.js.br
- hls.js/1.4.11-0.canary.9403/hls.js.d.ts.br
- hls.js/1.4.11-0.canary.9403/hls.js.d.ts.gz
- hls.js/1.4.11-0.canary.9403/hls.js.gz
- hls.js/1.4.11-0.canary.9403/hls.js.map.br
- hls.js/1.4.11-0.canary.9403/hls.js.map.gz
- hls.js/1.4.11-0.canary.9403/hls.light.js.br
- hls.js/1.4.11-0.canary.9403/hls.light.js.gz
- hls.js/1.4.11-0.canary.9403/hls.light.js.map.br
- hls.js/1.4.11-0.canary.9403/hls.light.js.map.gz
- hls.js/1.4.11-0.canary.9403/hls.light.min.js.br
- hls.js/1.4.11-0.canary.9403/hls.light.min.js.gz
- hls.js/1.4.11-0.canary.9403/hls.light.min.js.map.br
- hls.js/1.4.11-0.canary.9403/hls.light.min.js.map.gz
- hls.js/1.4.11-0.canary.9403/hls.light.mjs.br
- hls.js/1.4.11-0.canary.9403/hls.light.mjs.gz
- hls.js/1.4.11-0.canary.9403/hls.light.mjs.map.br
- hls.js/1.4.11-0.canary.9403/hls.light.mjs.map.gz
- hls.js/1.4.11-0.canary.9403/hls.min.js.br
- hls.js/1.4.11-0.canary.9403/hls.min.js.gz
- hls.js/1.4.11-0.canary.9403/hls.min.js.map.br
- hls.js/1.4.11-0.canary.9403/hls.min.js.map.gz
- hls.js/1.4.11-0.canary.9403/hls.mjs.br
- hls.js/1.4.11-0.canary.9403/hls.mjs.gz
- hls.js/1.4.11-0.canary.9403/hls.mjs.map.br
- hls.js/1.4.11-0.canary.9403/hls.mjs.map.gz
- hls.js/1.4.11-0.canary.9403/hls.worker.js.br
- hls.js/1.4.11-0.canary.9403/hls.worker.js.gz
- hls.js/1.4.11-0.canary.9403/hls.worker.js.map.br
- hls.js/1.4.11-0.canary.9403/hls.worker.js.map.gz
- hls.js/1.4.11-0.canary.9403/hls.worker.min.js.br
- hls.js/1.4.11-0.canary.9403/hls.worker.min.js.gz
SRIs:
- hls.js/1.4.11-0.canary.9403/hls.js: sha512-qeuVYsf87//F5KfbpsAXk4uPb68vpQhO5fQRQRSME/40RpA68FnnbmOd2Drz2V1BTvgtr8iedkLED1o5W19AZw==
- hls.js/1.4.11-0.canary.9403/hls.light.js: sha512-aUvlEN/vi+2Bj5X0ad+y8/eUceA3ZBZq7FKqhaseWf9nG113G4qGs2IwCMhmRcImwPZ6+ZeNlLG0pMJl5KsExg==
- hls.js/1.4.11-0.canary.9403/hls.light.min.js: sha512-EgxbMq0OFGienqM89RMM8DL+iOR501U5JBYKzXouFDGux7yt8iFLEG1dJCGTA/8X9UUth5uu+qogpuaA1Im9kg==
- hls.js/1.4.11-0.canary.9403/hls.min.js: sha512-JX4tNKigIWWVTJsZDvDu/+xdw3WVT1USdxS+1Sufzjzst/n2hTHqrZBgfidFzasm2iNz69GcFaQbtBYzga6ewg==
- hls.js/1.4.11-0.canary.9403/hls.worker.js: sha512-g7qp0oE6ex9HBA185DC1sMe2r30WcdlStNACdw9isIuibv6hmtujb5u3eO5URhtpgFW8cTfOCGilBPQmzt1+cA==
- hls.js/1.4.11-0.canary.9403/hls.worker.min.js: sha512-d+im3edGkLtPYfCF4M3DDZ13Gpu6ErJn3Yh8T6gCLCIH+dQpRg84Gf22TtVUpckkASoLUL/XavLbdFJhotvXpQ==
