Files:
- handsontable/14.3.0-next-9e2cf62-20240410/handsontable.css.br
- handsontable/14.3.0-next-9e2cf62-20240410/handsontable.css.gz
- handsontable/14.3.0-next-9e2cf62-20240410/handsontable.css.sri
- handsontable/14.3.0-next-9e2cf62-20240410/handsontable.full.css.br
- handsontable/14.3.0-next-9e2cf62-20240410/handsontable.full.css.gz
- handsontable/14.3.0-next-9e2cf62-20240410/handsontable.full.css.sri
- handsontable/14.3.0-next-9e2cf62-20240410/handsontable.full.js.br
- handsontable/14.3.0-next-9e2cf62-20240410/handsontable.full.js.gz
- handsontable/14.3.0-next-9e2cf62-20240410/handsontable.full.js.sri
- handsontable/14.3.0-next-9e2cf62-20240410/handsontable.full.min.css.br
- handsontable/14.3.0-next-9e2cf62-20240410/handsontable.full.min.css.gz
- handsontable/14.3.0-next-9e2cf62-20240410/handsontable.full.min.css.sri
- handsontable/14.3.0-next-9e2cf62-20240410/handsontable.full.min.js.br
- handsontable/14.3.0-next-9e2cf62-20240410/handsontable.full.min.js.gz
- handsontable/14.3.0-next-9e2cf62-20240410/handsontable.full.min.js.sri
- handsontable/14.3.0-next-9e2cf62-20240410/handsontable.js.br
- handsontable/14.3.0-next-9e2cf62-20240410/handsontable.js.gz
- handsontable/14.3.0-next-9e2cf62-20240410/handsontable.js.sri
- handsontable/14.3.0-next-9e2cf62-20240410/handsontable.min.css.br
- handsontable/14.3.0-next-9e2cf62-20240410/handsontable.min.css.gz
- handsontable/14.3.0-next-9e2cf62-20240410/handsontable.min.css.sri
- handsontable/14.3.0-next-9e2cf62-20240410/handsontable.min.js.br
- handsontable/14.3.0-next-9e2cf62-20240410/handsontable.min.js.gz
- handsontable/14.3.0-next-9e2cf62-20240410/handsontable.min.js.sri
