2021/08/19 14:36:04 optimizing files (Js true, Css true, Png true, Jpg true)
2021/08/19 14:36:04 compressed file already exists: /tmp/work/dist/fluentui-react.min.js
2021/08/19 14:36:04 /tmp/work/dist/fluentui-react.min.js.min.js compressed file already exists
2021/08/19 14:36:04 algorithm: run /usr/bin/brotli --quality=11 --output=/output/fluentui-react.js.map.br /tmp/work/dist/fluentui-react.js.map
2021/08/19 14:36:04 compress: run /node_modules/uglify-js/bin/uglifyjs --mangle --compress if_return=true -o /tmp/work/dist/fluentui-react.umd.min.js /tmp/work/dist/fluentui-react.umd.js
2021/08/19 14:36:04 algorithm: run /usr/bin/brotli --quality=11 --output=/output/fluentui-react.min.js.map.br /tmp/work/dist/fluentui-react.min.js.map
2021/08/19 14:36:04 algorithm: run /usr/bin/brotli --quality=11 --output=/output/react.d.ts.br /tmp/work/dist/react.d.ts
2021/08/19 14:36:04 algorithm: run /usr/bin/brotli --quality=11 --output=/output/fluentui-react.umd.js.map.br /tmp/work/dist/fluentui-react.umd.js.map
2021/08/19 14:36:04 br /tmp/work/dist/fluentui-react.min.js.map -> /output/fluentui-react.min.js.map.br
2021/08/19 14:36:04 gz /tmp/work/dist/fluentui-react.min.js.map -> /output/fluentui-react.min.js.map.gz
2021/08/19 14:36:04 sri /tmp/work/dist/fluentui-react.min.js -> /output/fluentui-react.min.js.sri
2021/08/19 14:36:04 algorithm: run /usr/bin/brotli --quality=11 --output=/output/fluentui-react.min.js.br /tmp/work/dist/fluentui-react.min.js
2021/08/19 14:36:04 br /tmp/work/dist/react.d.ts -> /output/react.d.ts.br
2021/08/19 14:36:04 br /tmp/work/dist/fluentui-react.umd.js.map -> /output/fluentui-react.umd.js.map.br
2021/08/19 14:36:04 gz /tmp/work/dist/react.d.ts -> /output/react.d.ts.gz
2021/08/19 14:36:04 gz /tmp/work/dist/fluentui-react.umd.js.map -> /output/fluentui-react.umd.js.map.gz
2021/08/19 14:36:04 sri /tmp/work/dist/fluentui-react.js -> /output/fluentui-react.js.sri
2021/08/19 14:36:04 algorithm: run /usr/bin/brotli --quality=11 --output=/output/fluentui-react.js.br /tmp/work/dist/fluentui-react.js
2021/08/19 14:36:06 br /tmp/work/dist/fluentui-react.min.js -> /output/fluentui-react.min.js.br
2021/08/19 14:36:06 gz /tmp/work/dist/fluentui-react.min.js -> /output/fluentui-react.min.js.gz
2021/08/19 14:36:12 br /tmp/work/dist/fluentui-react.js.map -> /output/fluentui-react.js.map.br
2021/08/19 14:36:13 gz /tmp/work/dist/fluentui-react.js.map -> /output/fluentui-react.js.map.gz
2021/08/19 14:36:14 br /tmp/work/dist/fluentui-react.js -> /output/fluentui-react.js.br
2021/08/19 14:36:14 gz /tmp/work/dist/fluentui-react.js -> /output/fluentui-react.js.gz
2021/08/19 14:36:17 sri /tmp/work/dist/fluentui-react.umd.min.js -> /output/fluentui-react.umd.min.js.sri
2021/08/19 14:36:17 algorithm: run /usr/bin/brotli --quality=11 --output=/output/fluentui-react.umd.min.js.br /tmp/work/dist/fluentui-react.umd.min.js
2021/08/19 14:36:19 br /tmp/work/dist/fluentui-react.umd.min.js -> /output/fluentui-react.umd.min.js.br
2021/08/19 14:36:19 gz /tmp/work/dist/fluentui-react.umd.min.js -> /output/fluentui-react.umd.min.js.gz
2021/08/19 14:36:19 sri /tmp/work/dist/fluentui-react.umd.js -> /output/fluentui-react.umd.js.sri
2021/08/19 14:36:19 algorithm: run /usr/bin/brotli --quality=11 --output=/output/fluentui-react.umd.js.br /tmp/work/dist/fluentui-react.umd.js
2021/08/19 14:36:22 br /tmp/work/dist/fluentui-react.umd.js -> /output/fluentui-react.umd.js.br
2021/08/19 14:36:22 gz /tmp/work/dist/fluentui-react.umd.js -> /output/fluentui-react.umd.js.gz
2021/08/19 14:36:22 processed fluentui-react
