config: {"authors":[{"name":"t4t5 \u0026 limonte"}],"autoupdate":{"source":"npm","target":"sweetalert2","fileMap":[{"basePath":"dist","files":["**/*.@(js|css)"]}]},"description":"A beautiful, responsive, customizable and accessible (WAI-ARIA) replacement for JavaScript's popup boxes, supported fork of sweetalert","filename":"sweetalert2.min.js","homepage":"https://sweetalert2.github.io/","keywords":["JavaScript","SweetAlert","SweetAlert2","alert","prompt"],"license":"MIT","name":"limonte-sweetalert2","repository":{"type":"git","url":"https://github.com/sweetalert2/sweetalert2.git"},"author":"t4t5 \u0026 limonte"}
KV keys:
- limonte-sweetalert2/11.6.11/sweetalert2.all.js.br
- limonte-sweetalert2/11.6.11/sweetalert2.all.js.gz
- limonte-sweetalert2/11.6.11/sweetalert2.all.min.js.br
- limonte-sweetalert2/11.6.11/sweetalert2.all.min.js.gz
- limonte-sweetalert2/11.6.11/sweetalert2.css.br
- limonte-sweetalert2/11.6.11/sweetalert2.css.gz
- limonte-sweetalert2/11.6.11/sweetalert2.js.br
- limonte-sweetalert2/11.6.11/sweetalert2.js.gz
- limonte-sweetalert2/11.6.11/sweetalert2.min.css.br
- limonte-sweetalert2/11.6.11/sweetalert2.min.css.gz
- limonte-sweetalert2/11.6.11/sweetalert2.min.js.br
- limonte-sweetalert2/11.6.11/sweetalert2.min.js.gz
SRIs:
- limonte-sweetalert2/11.6.11/sweetalert2.css: sha512-JzSVRb7c802/njMbV97pjo1wuJAE/6v9CvthGTDxiaZij/TFpPQmQPTcdXyUVucsvLtJBT6YwRb5LhVxX3pQHQ==
- limonte-sweetalert2/11.6.11/sweetalert2.js: sha512-OAPFOVKf42/r/THJck860lJL95grhu7y22Ouan+Qw74eCD/gTZ0lpQx2p/c8MkkFo19H7SJfN/F7BJmyqRzq5Q==
- limonte-sweetalert2/11.6.11/sweetalert2.min.css: sha512-NvuRGlPf6cHpxQqBGnPe7fPoACpyrjhlSNeXVUY7BZAj1nNhuNpRBq3osC4yr2vswUEuHq2HtCsY2vfLNCndYA==
- limonte-sweetalert2/11.6.11/sweetalert2.min.js: sha512-bmWnTgJbKAahKJMepeBM13yCyMAel0GedaOFP2WB4dP9dUHlEVvYiM42MMNLgIX2Mn72IfP1TnnpFVpoJ7PI1g==
- limonte-sweetalert2/11.6.11/sweetalert2.all.js: sha512-+0tPlhsgiMzkhKthIz4FQhetcy4YsrQG5fJxAU5QVfH228YEGVAt0SGoTxvt+9/2bjBy8Tp2cTERmUOu3vL5Yg==
- limonte-sweetalert2/11.6.11/sweetalert2.all.min.js: sha512-T1Lp5AcO3y7ZERlAPB9we34sL65kJy3FQY2NxJONXBO7FnJYBcqTpsXppD0eKa5UTsV20eYUpGH3Yt+XtrfaAg==
