config: {"autoupdate":{"source":"npm","target":"preact","fileMap":[{"basePath":"dist","files":["!(*.+(flow|ts|mjs|mjs.map)|preact.esm.*)"]},{"basePath":"hooks/dist","files":["!(*.+(flow|ts|mjs|mjs.map)|hooks.esm.*)"]},{"basePath":"compat/dist","files":["!(*.+(flow|ts|mjs|mjs.map)|compat.esm.*)"]}]},"description":"Fast 3kb React alternative with the same ES6 API. Components \u0026 Virtual DOM.","filename":"preact.min.js","homepage":"https://preactjs.com","keywords":["preact","jsx","vdom","virtual dom","components","view"],"license":"MIT","name":"preact","repository":{"type":"git","url":"https://github.com/developit/preact"}}
KV keys:
- preact/10.19.2/compat.js.br
- preact/10.19.2/compat.js.gz
- preact/10.19.2/compat.js.map.br
- preact/10.19.2/compat.js.map.gz
- preact/10.19.2/compat.min.js.br
- preact/10.19.2/compat.min.js.gz
- preact/10.19.2/compat.module.js.br
- preact/10.19.2/compat.module.js.gz
- preact/10.19.2/compat.module.js.map.br
- preact/10.19.2/compat.module.js.map.gz
- preact/10.19.2/compat.module.min.js.br
- preact/10.19.2/compat.module.min.js.gz
- preact/10.19.2/compat.umd.js.br
- preact/10.19.2/compat.umd.js.gz
- preact/10.19.2/compat.umd.js.map.br
- preact/10.19.2/compat.umd.js.map.gz
- preact/10.19.2/compat.umd.min.js.br
- preact/10.19.2/compat.umd.min.js.gz
- preact/10.19.2/hooks.js.br
- preact/10.19.2/hooks.js.gz
- preact/10.19.2/hooks.js.map.br
- preact/10.19.2/hooks.js.map.gz
- preact/10.19.2/hooks.min.js.br
- preact/10.19.2/hooks.min.js.gz
- preact/10.19.2/hooks.module.js.br
- preact/10.19.2/hooks.module.js.gz
- preact/10.19.2/hooks.module.js.map.br
- preact/10.19.2/hooks.module.js.map.gz
- preact/10.19.2/hooks.module.min.js.br
- preact/10.19.2/hooks.module.min.js.gz
- preact/10.19.2/hooks.umd.js.br
- preact/10.19.2/hooks.umd.js.gz
- preact/10.19.2/hooks.umd.js.map.br
- preact/10.19.2/hooks.umd.js.map.gz
- preact/10.19.2/hooks.umd.min.js.br
- preact/10.19.2/hooks.umd.min.js.gz
- preact/10.19.2/preact.js.br
- preact/10.19.2/preact.js.gz
- preact/10.19.2/preact.js.map.br
- preact/10.19.2/preact.js.map.gz
- preact/10.19.2/preact.min.js.br
- preact/10.19.2/preact.min.js.gz
- preact/10.19.2/preact.min.js.map.br
- preact/10.19.2/preact.min.js.map.gz
- preact/10.19.2/preact.min.module.js.br
- preact/10.19.2/preact.min.module.js.gz
- preact/10.19.2/preact.min.module.js.map.br
- preact/10.19.2/preact.min.module.js.map.gz
- preact/10.19.2/preact.min.module.min.js.br
- preact/10.19.2/preact.min.module.min.js.gz
- preact/10.19.2/preact.min.umd.js.br
- preact/10.19.2/preact.min.umd.js.gz
- preact/10.19.2/preact.min.umd.js.map.br
- preact/10.19.2/preact.min.umd.js.map.gz
- preact/10.19.2/preact.min.umd.min.js.br
- preact/10.19.2/preact.min.umd.min.js.gz
- preact/10.19.2/preact.module.js.br
- preact/10.19.2/preact.module.js.gz
- preact/10.19.2/preact.module.js.map.br
- preact/10.19.2/preact.module.js.map.gz
- preact/10.19.2/preact.module.min.js.br
- preact/10.19.2/preact.module.min.js.gz
- preact/10.19.2/preact.umd.js.br
- preact/10.19.2/preact.umd.js.gz
- preact/10.19.2/preact.umd.js.map.br
- preact/10.19.2/preact.umd.js.map.gz
- preact/10.19.2/preact.umd.min.js.br
- preact/10.19.2/preact.umd.min.js.gz
SRIs:
- preact/10.19.2/hooks.js: sha512-JQoaGo+MWo2DMoAytNcXEdxad1mq/wzzq5lNeV0orvY6BgJVtODpGSU0hiejhD1GfFbEyD8U2euQDWJ7aC4tVQ==
- preact/10.19.2/hooks.module.min.js: sha512-JH1QF2njx7bwBvMPA6pP0vDISE2pmRDGp7xRzLQ2OQZfgwlySiu4tYPPZtzM14JqOHrhPhcgVzo0NC3Yr4Sp/A==
- preact/10.19.2/preact.module.min.js: sha512-YhczqOpfVgoJcuhJYXgx03GxjAtYrVEOpAzu8KVWIO9JggZM2GP3yoKbGqlNJqQFHOb6P2uKKndzr/8aItqrdQ==
- preact/10.19.2/compat.js: sha512-y2eDSWaKRO7AuvXPIIU/lP0VDPdr6zJoeiy0Q0v15YhpvWgLQfW6gsb8941BgElWVAPnlkF7bFRI3Hk9ehbXGg==
- preact/10.19.2/hooks.umd.js: sha512-V7X3uU1wjVgB3pTBOKLosXUAaTsaqHLSW5PJzbJn9RnNwt9+rCN6vsJj16oTIjIGepMY+SsRrL3YyFxsAMjWKw==
- preact/10.19.2/hooks.umd.min.js: sha512-ZvGoKVkAi/sqJ/bDYaaIDQft6GKSk9DYe5GIgOcBSvsX42CMufRQex/EoqJHj12iuQNtX41MIqR1k2QE7pEttQ==
- preact/10.19.2/preact.min.umd.min.js: sha512-JrfiXJAiRRhqZTsyxFRTwY7445mww4uT9tbl6VPet8TL7jrZEFbjEVSvR4sn9u96EiiP/mrYDV99JqDj83VlKw==
- preact/10.19.2/preact.module.js: sha512-njj6mp/oU4RSLHxSD9+C/fau74xKyChzD7kMmKsjEPar6ADBRWam6mjBQ5c6HvtxvIxe5vs43SjtnkXKA9TFAw==
- preact/10.19.2/preact.umd.js: sha512-3WQ3rXAGHawD4y0ijRchEZz5bzMmrYlpDT3u51z2SVZXOjdrsvIDWp2XwIf1BgP+e79lAhIChfEma089EAwp7Q==
- preact/10.19.2/preact.umd.min.js: sha512-WtER1gyPvaCz6Ht6UMu2b51HX8U8CW5Lyntrqa5Iq1UjyeY8Mc0FKRguMem6dAwzslHT46DtAg6sv4zSLBBWiQ==
- preact/10.19.2/compat.module.min.js: sha512-TgW8C6jfnyovtI+vyCcumK6nrZKe8ZAAwP4+kbmPwz64KrTCbkwbbjx8eUH41MyRzyh6Ork2n+TrQ2g4IRj7KQ==
- preact/10.19.2/compat.umd.min.js: sha512-ceVqcGnUnZlsX30qRVGe11KW0fPNKA6X26UzYy1xZ/NCtN2bNY84ERvf/2fiWYJL+hyj+/Jsoyp/hwouXehL7A==
- preact/10.19.2/preact.min.module.js: sha512-qA5vajFX5mgh9xONJvVckETg31izxBS/Pxqd03xyBihbkLs5m4cI3y9cXBZKdl5jmkxZRBGf0QEGfonkGVnEow==
- preact/10.19.2/preact.min.module.min.js: sha512-pKf/vX71SLJPPt4xucSmMwzf57DuIuqcSoZtU6hXcHI2DHQzil6X9pLE09YasvpoVkyZUhhz0M/ZeD1lJAdzgA==
- preact/10.19.2/preact.min.umd.js: sha512-SNsbSbr7agc9OxzWo7kOBjBSdZuO0K0j29RfboKw63fwHGguuFavWmhXWYII4PgtW7wvR6RfKWpNBoP5nwHp3A==
- preact/10.19.2/preact.js: sha512-aEn4b4L/lQH85erF805cdhyWbW7ABQ9Y2DpLPU1MAT6EwVC0ASG8pZPa/1peAeFo1RU6tNeXFa9+RJENSuW0xw==
- preact/10.19.2/preact.min.js: sha512-mIM0dk2Msb3qT1rO/LlPfMocMEz73hddeBDim6ENzmMNQVUp0J40StsvFc2qNnAwUeXbG4IJEMlRVASAc9yUeg==
- preact/10.19.2/compat.min.js: sha512-MxbIfRJrPJhnEaFu9OyTFZk1ChZMovzuY30V4ip85ArPnjnlHff5wmvIT/icbtwJszul0pkNHY8gUR8bc5mPPw==
- preact/10.19.2/compat.module.js: sha512-XDh80/PVVuLioAeGI+HDgJSmm/vgtPC/IxzYtzLJW6Q4mQBknYRraIwl5/6MQ2HC5OPIz0ClEKhWaRaKiexY2Q==
- preact/10.19.2/compat.umd.js: sha512-b52TeUXsdC7hCDBdfFarNEGrMEJJfwzmBxWR6fO9hFMQUzZDokp8dwFLeWWFb+AXJXiFgA7fn63K2I4n8z6uFA==
- preact/10.19.2/hooks.min.js: sha512-S/7YEIVVgqBDqQxB40YfRmV3OGUXeK8s89zGelxO/T7fs+aum7TLdqKihRhU1kWtoo3IfedEOxHPOWWfVe+gfw==
- preact/10.19.2/hooks.module.js: sha512-KjVLaiDT1ujvdCpB6HTuJxAFN/s0sFE243cm4saDKW35lavDLMaGv9hAmFw7fagEm2abABrc5cXwklRObO3xzA==
