config: {"authors":[{"name":"Evan You","email":"yyx990803@gmail.com"}],"autoupdate":{"source":"npm","target":"vue","fileMap":[{"basePath":"dist","files":["**/*.+(js|map)"]}]},"description":"Simple, Fast \u0026 Composable MVVM for building interactive interfaces","filename":"vue.min.js","homepage":"http://vuejs.org","keywords":["mvvm","browser","framework"],"license":"MIT","name":"vue","repository":{"type":"git","url":"https://github.com/vuejs/vue.git"},"author":"Evan You \u003cyyx990803@gmail.com\u003e"}
KV keys:
- vue/3.2.6/vue.cjs.js.br
- vue/3.2.6/vue.cjs.js.gz
- vue/3.2.6/vue.cjs.min.js.br
- vue/3.2.6/vue.cjs.min.js.gz
- vue/3.2.6/vue.cjs.prod.js.br
- vue/3.2.6/vue.cjs.prod.js.gz
- vue/3.2.6/vue.cjs.prod.min.js.br
- vue/3.2.6/vue.cjs.prod.min.js.gz
- vue/3.2.6/vue.esm-browser.js.br
- vue/3.2.6/vue.esm-browser.js.gz
- vue/3.2.6/vue.esm-browser.min.js.br
- vue/3.2.6/vue.esm-browser.min.js.gz
- vue/3.2.6/vue.esm-browser.prod.js.br
- vue/3.2.6/vue.esm-browser.prod.js.gz
- vue/3.2.6/vue.esm-browser.prod.min.js.br
- vue/3.2.6/vue.esm-browser.prod.min.js.gz
- vue/3.2.6/vue.esm-bundler.js.br
- vue/3.2.6/vue.esm-bundler.js.gz
- vue/3.2.6/vue.esm-bundler.min.js.br
- vue/3.2.6/vue.esm-bundler.min.js.gz
- vue/3.2.6/vue.global.js.br
- vue/3.2.6/vue.global.js.gz
- vue/3.2.6/vue.global.min.js.br
- vue/3.2.6/vue.global.min.js.gz
- vue/3.2.6/vue.global.prod.js.br
- vue/3.2.6/vue.global.prod.js.gz
- vue/3.2.6/vue.global.prod.min.js.br
- vue/3.2.6/vue.global.prod.min.js.gz
- vue/3.2.6/vue.runtime.esm-browser.js.br
- vue/3.2.6/vue.runtime.esm-browser.js.gz
- vue/3.2.6/vue.runtime.esm-browser.min.js.br
- vue/3.2.6/vue.runtime.esm-browser.min.js.gz
- vue/3.2.6/vue.runtime.esm-browser.prod.js.br
- vue/3.2.6/vue.runtime.esm-browser.prod.js.gz
- vue/3.2.6/vue.runtime.esm-browser.prod.min.js.br
- vue/3.2.6/vue.runtime.esm-browser.prod.min.js.gz
- vue/3.2.6/vue.runtime.esm-bundler.js.br
- vue/3.2.6/vue.runtime.esm-bundler.js.gz
- vue/3.2.6/vue.runtime.esm-bundler.min.js.br
- vue/3.2.6/vue.runtime.esm-bundler.min.js.gz
- vue/3.2.6/vue.runtime.global.js.br
- vue/3.2.6/vue.runtime.global.js.gz
- vue/3.2.6/vue.runtime.global.min.js.br
- vue/3.2.6/vue.runtime.global.min.js.gz
- vue/3.2.6/vue.runtime.global.prod.js.br
- vue/3.2.6/vue.runtime.global.prod.js.gz
- vue/3.2.6/vue.runtime.global.prod.min.js.br
- vue/3.2.6/vue.runtime.global.prod.min.js.gz
SRIs:
- vue/3.2.6/vue.cjs.min.js: sha512-2ftG6Hks6q07Ca+h8f4WCFWQAZca6bm1klWMAFGev51hiusd6FFaRT+kFWcj1G2KjFgZrns1CuwR8eA4OA0zLw==
- vue/3.2.6/vue.esm-browser.prod.js: sha512-W6aA4+DsbqO8dArqrFVwEDwKgpmph6fpJ66HNJfV9S1E7jDj6SjQUscqFb0dAFRQ3yM5jn2xwLkNyqQn31umsw==
- vue/3.2.6/vue.esm-bundler.js: sha512-PiDOh15KX2Zes0og6ZEITGZ/5knZC3NX2W37z5bldq8/OV2xcXODKEWILU2PO9QfVSro436L11nEeALuiMoK8g==
- vue/3.2.6/vue.runtime.esm-browser.min.js: sha512-mhlFtoY17sRSh8zQJ5DyYKb7dhmYa3xRyHgag6ppLo07xhEAUeVn5wJBCW/bun+QZ/r7pNH0+8IIvfitStdbkg==
- vue/3.2.6/vue.runtime.esm-bundler.min.js: sha512-dyemhqIIhuHgfR6yEgvau3JRK3LJHuCJt+e8xRIuCQ6M1i2qwvud6ROnU/E98lJQmDx3Tc5P6KJvzUpegf6Vyw==
- vue/3.2.6/vue.runtime.global.js: sha512-8Or6/Lze0bPnAhp9lvBZvqK8UoZdU0qLr9JNQ2ReRh1bNRVaCNYrmFxu96EVQlJ9CCgEGZDg38FXz7qxNz9fwA==
- vue/3.2.6/vue.cjs.js: sha512-2e2aXOh4/FgkCAUyurkjk0Uw4m1gPcExFwb1Ai4Ajjg97se/FEWfrLG1na4mq8cgOzouc8qLIqsh0EGksPGdqQ==
- vue/3.2.6/vue.esm-browser.prod.min.js: sha512-hLux5k652WCS67kfI6CB94/2WABltZub0Ru1i/6PaSpK0Xo2IB7qevu8Hr74Bc3DimmFLhr9fRKOqaIW+e8DmA==
- vue/3.2.6/vue.esm-bundler.min.js: sha512-lDEaWZSNZ2qSKkqpfEiM8jXudwAPKNDqbwA6uvWe5ju5B0dcmij36neZ2EQjWq3PW6Zmwv5dySHqOnJ83OjXhw==
- vue/3.2.6/vue.global.js: sha512-ER0yJqnTrPlWT+H9E9WPrvttM9ulA6QpM1hCvdLLOCdU0XbTZoBkozncuf9AiZ114FQH1R1aWE1MI5LiW/gxXg==
- vue/3.2.6/vue.runtime.esm-browser.prod.js: sha512-+4h36+i0Y7QCVnYH6GbW5afIqsNdMUjhf0Ao2PDWUhFFHj3QViMPib1RaGCWdagHy6u6bKg8USQngmItuRsvLQ==
- vue/3.2.6/vue.runtime.esm-browser.prod.min.js: sha512-WjHTvh/a8UUuCGg8Z/SmxcOMsaOrt4koEdbxiUKFjeSxIMoZkipLzo3BYcpVmUWFqzp+4Al4vajeq2s7QD0jgg==
- vue/3.2.6/vue.cjs.prod.js: sha512-6VDVdvgly284w8L2xSPhObePMjoLzDSxirfAutTPtOvjwqcMh7PSiEvRwq0uh8G9CeWF+aUbFYi4mtZolqmngA==
- vue/3.2.6/vue.global.min.js: sha512-WC/QtQjR+GB9KcFoVLt0izg0BGPIYrL2PBnC5vScUOK1FHyztOqP1g8kfN8RJBYfHeYmS4ux5Q4SIe7pGYxGaQ==
- vue/3.2.6/vue.runtime.esm-bundler.js: sha512-4zsEF6BL9TJ7OSe3hznYXVkVoY/NOk/A/FRy9RpQ6Uu565NVTGGARqfdU/N3BMjZBgd/OuRm+rK379Li71r7Qg==
- vue/3.2.6/vue.cjs.prod.min.js: sha512-9eYPYYqSLRRJlQVcobBpNgDNq7ui/VtXRO/abRajYVXlxLFnV6sBNGfro0+/Us2pqE8DLC2ymO5XT4LIyJZbvQ==
- vue/3.2.6/vue.esm-browser.min.js: sha512-y9YO5oOH9Ix032uSXyS0jy9YR5SOdXHSloFPeZCgseUwzt5slSFPETRUlAz5LdlguFgR15ejh9qfMYTLPRioVg==
- vue/3.2.6/vue.global.prod.js: sha512-WYMBYWKhqP4dfqapXeus3Okk8caCmHFsTwQhYrGSUgy8Ozx1c6slKSgS87/Y7HiPY8HMuhLso/WtLygedQJvhA==
- vue/3.2.6/vue.global.prod.min.js: sha512-k+TjfEzBWzwvA/MPlhAdPMGEe4jAd0rA8TK/5qF3iLTa1xAc1Ok9Ox3BPhnJtfZUSrgIxOJb1HHTMEFABE/fGQ==
- vue/3.2.6/vue.runtime.esm-browser.js: sha512-L3U5PwU1rQ4yrgJy66F2ZEmQiQPbBSZt+2zei+hY0O7iJ4D+MDDg8W9exxSxVqs8CyH/em3I/jbiz4v3CFePYQ==
- vue/3.2.6/vue.runtime.global.min.js: sha512-7ZzS+wc87Dbg61aWu0ASFo+DEDsJG8Se5Qa85nCFZ/MtHSlOZMFFYLrvP3HbmEHEiDWOGOKaAPl8SFVRaIzfZQ==
- vue/3.2.6/vue.runtime.global.prod.js: sha512-Uc/cnNABFb46gQOOAPtvmpVD/EohFsoxfIodW+ibXLayhu8y4PsQdQ4C2mUXBPASSd020WBs8hWsp/wbrEDfeA==
- vue/3.2.6/vue.runtime.global.prod.min.js: sha512-lg8q/I6OhRPKowe2MJKU2XtGn7C2q0wZ+3iXXEHWvXitAATmxZEAIkv4bm0CiLamiRKqf67/OlxzjOGA06OqCg==
- vue/3.2.6/vue.esm-browser.js: sha512-OpJom3MtJrmRCbNKD73flTfI1tCo0UIqFCVCt6oOlukBwZdw4p8CP7tjPmGkIyu26dg40LJrJP3SxnSOrSCAWw==
