2022/11/22 18:05:17 optimizing files (Js true, Css true, Png true, Jpg true)
2022/11/22 18:05:17 algorithm: run /usr/bin/brotli --quality=11 --output=/output/core-testing.umd.js.map.br /tmp/work/bundles/core-testing.umd.js.map
2022/11/22 18:05:17 compress: run /node_modules/uglify-js/bin/uglifyjs --mangle --compress if_return=true -o /tmp/work/bundles/core-testing.umd.min.js /tmp/work/bundles/core-testing.umd.js
2022/11/22 18:05:17 algorithm: run /usr/bin/brotli --quality=11 --output=/output/core.umd.js.map.br /tmp/work/bundles/core.umd.js.map
2022/11/22 18:05:17 compress: run /node_modules/uglify-js/bin/uglifyjs --mangle --compress if_return=true -o /tmp/work/bundles/core.umd.min.js /tmp/work/bundles/core.umd.js
2022/11/22 18:05:17 br /tmp/work/bundles/core-testing.umd.js.map -> /output/core-testing.umd.js.map.br
2022/11/22 18:05:17 gz /tmp/work/bundles/core-testing.umd.js.map -> /output/core-testing.umd.js.map.gz
2022/11/22 18:05:18 sri /tmp/work/bundles/core-testing.umd.min.js -> /output/core-testing.umd.min.js.sri
2022/11/22 18:05:18 algorithm: run /usr/bin/brotli --quality=11 --output=/output/core-testing.umd.min.js.br /tmp/work/bundles/core-testing.umd.min.js
2022/11/22 18:05:18 br /tmp/work/bundles/core-testing.umd.min.js -> /output/core-testing.umd.min.js.br
2022/11/22 18:05:18 gz /tmp/work/bundles/core-testing.umd.min.js -> /output/core-testing.umd.min.js.gz
2022/11/22 18:05:18 sri /tmp/work/bundles/core-testing.umd.js -> /output/core-testing.umd.js.sri
2022/11/22 18:05:18 algorithm: run /usr/bin/brotli --quality=11 --output=/output/core-testing.umd.js.br /tmp/work/bundles/core-testing.umd.js
2022/11/22 18:05:19 br /tmp/work/bundles/core-testing.umd.js -> /output/core-testing.umd.js.br
2022/11/22 18:05:19 gz /tmp/work/bundles/core-testing.umd.js -> /output/core-testing.umd.js.gz
2022/11/22 18:05:23 br /tmp/work/bundles/core.umd.js.map -> /output/core.umd.js.map.br
2022/11/22 18:05:24 gz /tmp/work/bundles/core.umd.js.map -> /output/core.umd.js.map.gz
2022/11/22 18:05:24 sri /tmp/work/bundles/core.umd.min.js -> /output/core.umd.min.js.sri
2022/11/22 18:05:24 algorithm: run /usr/bin/brotli --quality=11 --output=/output/core.umd.min.js.br /tmp/work/bundles/core.umd.min.js
2022/11/22 18:05:25 br /tmp/work/bundles/core.umd.min.js -> /output/core.umd.min.js.br
2022/11/22 18:05:25 gz /tmp/work/bundles/core.umd.min.js -> /output/core.umd.min.js.gz
2022/11/22 18:05:25 sri /tmp/work/bundles/core.umd.js -> /output/core.umd.js.sri
2022/11/22 18:05:25 algorithm: run /usr/bin/brotli --quality=11 --output=/output/core.umd.js.br /tmp/work/bundles/core.umd.js
2022/11/22 18:05:29 br /tmp/work/bundles/core.umd.js -> /output/core.umd.js.br
2022/11/22 18:05:29 gz /tmp/work/bundles/core.umd.js -> /output/core.umd.js.gz
2022/11/22 18:05:29 processed angular
