config: {"authors":[{"name":"Guyon Roche"}],"autoupdate":{"source":"npm","target":"exceljs","fileMap":[{"basePath":"dist","files":["!(es5|es3){,**/*}"]}]},"description":"Excel Workbook Manager - Read and Write xlsx and csv Files.","filename":"exceljs.min.js","keywords":["xlsx","json","csv","excel","font","border","fill","number","format","number format","alignment","office","spreadsheet","workbook","defined names","data validations","rich text","in-cell format","outlineLevel","views","frozen","split","pageSetup"],"license":"MIT","name":"exceljs","repository":{"type":"git","url":"git+https://github.com/guyonroche/exceljs.git"},"author":"Guyon Roche"}
KV keys:
- exceljs/4.3.0/LICENSE.br
- exceljs/4.3.0/LICENSE.gz
- exceljs/4.3.0/exceljs.bare.js.br
- exceljs/4.3.0/exceljs.bare.js.gz
- exceljs/4.3.0/exceljs.bare.js.map.br
- exceljs/4.3.0/exceljs.bare.js.map.gz
- exceljs/4.3.0/exceljs.bare.min.js.br
- exceljs/4.3.0/exceljs.bare.min.js.gz
- exceljs/4.3.0/exceljs.bare.min.js.map.br
- exceljs/4.3.0/exceljs.bare.min.js.map.gz
- exceljs/4.3.0/exceljs.js.br
- exceljs/4.3.0/exceljs.js.gz
- exceljs/4.3.0/exceljs.js.map.br
- exceljs/4.3.0/exceljs.js.map.gz
- exceljs/4.3.0/exceljs.min.js.br
- exceljs/4.3.0/exceljs.min.js.gz
- exceljs/4.3.0/exceljs.min.js.map.br
- exceljs/4.3.0/exceljs.min.js.map.gz
SRIs:
- exceljs/4.3.0/exceljs.bare.min.js: sha512-iXEZrzFoyI+s2fOrA3gZ5r4KePZ9hSgisZ9tdEpaymdsXzMTxtb4Mh+6kNTNjfDsctS745lY8JwslcDefJERJQ==
- exceljs/4.3.0/exceljs.js: sha512-cGr/NaKGtjxGJokVug48VTo4KNaVgqDxylS4lT5Wi39OFsqfv4J/eMZKOfrcwh/lAnOlK5/P7tEnRkdsbZrxUA==
- exceljs/4.3.0/exceljs.min.js: sha512-UnrKxsCMN9hFk7M56t4I4ckB4N/2HHi0w/7+B/1JsXIX3DmyBcsGpT3/BsuZMZf+6mAr0vP81syWtfynHJ69JA==
- exceljs/4.3.0/exceljs.bare.js: sha512-SiHaVty+Z5mm0yoLc2VfLOB6+HMnqbAervEr0hFvmMjeeozy/6h8IZc02go+Yc2rV8pBBknDRO3dFgto5q9jAA==
