config: {"authors":[{"name":"John Leider","email":"john.j.leider@gmail.com"}],"autoupdate":{"source":"npm","target":"vuetify","fileMap":[{"basePath":"dist","files":["**/*"]}]},"description":"Vue.js 2 Semantic Component Framework","filename":"vuetify.min.js","homepage":"https://vuetifyjs.com/","keywords":["Vue","Vuetify","semantic","component"],"license":"MIT","name":"vuetify","repository":{"type":"git","url":"git://github.com/vuetifyjs/vuetify.git"},"author":"John Leider \u003cjohn.j.leider@gmail.com\u003e"}
KV keys:
- vuetify/3.3.2/_component-variables-labs.sass.br
- vuetify/3.3.2/_component-variables-labs.sass.gz
- vuetify/3.3.2/_component-variables.sass.br
- vuetify/3.3.2/_component-variables.sass.gz
- vuetify/3.3.2/json/attributes.json.br
- vuetify/3.3.2/json/attributes.json.gz
- vuetify/3.3.2/json/importMap-labs.json.br
- vuetify/3.3.2/json/importMap-labs.json.gz
- vuetify/3.3.2/json/importMap.json.br
- vuetify/3.3.2/json/importMap.json.gz
- vuetify/3.3.2/json/tags.json.br
- vuetify/3.3.2/json/tags.json.gz
- vuetify/3.3.2/json/web-types.json.br
- vuetify/3.3.2/json/web-types.json.gz
- vuetify/3.3.2/vuetify-labs.css.br
- vuetify/3.3.2/vuetify-labs.css.gz
- vuetify/3.3.2/vuetify-labs.d.ts.br
- vuetify/3.3.2/vuetify-labs.d.ts.gz
- vuetify/3.3.2/vuetify-labs.esm.js.br
- vuetify/3.3.2/vuetify-labs.esm.js.gz
- vuetify/3.3.2/vuetify-labs.esm.js.map.br
- vuetify/3.3.2/vuetify-labs.esm.js.map.gz
- vuetify/3.3.2/vuetify-labs.esm.min.js.br
- vuetify/3.3.2/vuetify-labs.esm.min.js.gz
- vuetify/3.3.2/vuetify-labs.js.br
- vuetify/3.3.2/vuetify-labs.js.gz
- vuetify/3.3.2/vuetify-labs.min.css.br
- vuetify/3.3.2/vuetify-labs.min.css.gz
- vuetify/3.3.2/vuetify-labs.min.js.br
- vuetify/3.3.2/vuetify-labs.min.js.gz
- vuetify/3.3.2/vuetify.css.br
- vuetify/3.3.2/vuetify.css.gz
- vuetify/3.3.2/vuetify.d.ts.br
- vuetify/3.3.2/vuetify.d.ts.gz
- vuetify/3.3.2/vuetify.esm.js.br
- vuetify/3.3.2/vuetify.esm.js.gz
- vuetify/3.3.2/vuetify.esm.js.map.br
- vuetify/3.3.2/vuetify.esm.js.map.gz
- vuetify/3.3.2/vuetify.esm.min.js.br
- vuetify/3.3.2/vuetify.esm.min.js.gz
- vuetify/3.3.2/vuetify.js.br
- vuetify/3.3.2/vuetify.js.gz
- vuetify/3.3.2/vuetify.js.map.br
- vuetify/3.3.2/vuetify.js.map.gz
- vuetify/3.3.2/vuetify.min.css.br
- vuetify/3.3.2/vuetify.min.css.gz
- vuetify/3.3.2/vuetify.min.js.br
- vuetify/3.3.2/vuetify.min.js.gz
- vuetify/3.3.2/vuetify.min.js.map.br
- vuetify/3.3.2/vuetify.min.js.map.gz
SRIs:
- vuetify/3.3.2/vuetify-labs.min.js: sha512-rGGJaajp11YDhuTxuNWMOCa3zl3y/U9bEciSNzjHq/zrzz0O3ur5303q+tdBCY2z00/4+kz0VO+fjbbbkx5nxQ==
- vuetify/3.3.2/vuetify.min.css: sha512-eEefnd1uGZwvTrLzfgUj/nvtEM6vcZtpWIsi4nqzQhOcO0PkHHL0wNjRfasY2qKNaCH3joyl8NjI6j54W2LVcw==
- vuetify/3.3.2/vuetify.min.js: sha512-yma4x6RliPws/cIrSDMoYP0GnVbQTpSBtHl3yGLsaiWqxA7NgJ50mpbA0TT+YzAjvmF247Gl6BNiArKgSFj0pQ==
- vuetify/3.3.2/vuetify-labs.esm.js: sha512-8NiAsIsXVnY07COkmnmDvl9gbpydeFJLd9V5FV7kIlDkjBpRMKqno/jwdLYgFBY4E58J/moUyRxfps5NBeOLlQ==
- vuetify/3.3.2/vuetify-labs.js: sha512-Y+hiz37K4gucYBju5Lz2u1Bqntg4Uymskd7Ip8BXKBD4G1gwzB43OMmZEP6eW1qNBtKesZikE2MuJZk0/h6KEw==
- vuetify/3.3.2/vuetify-labs.min.css: sha512-PMn7s1WLsUj+r2+U4CWenUtkMb0K8YdtJrfGI4xt0eYh9J9vnONMLmIIVzCc+h4S+htugNim2GzPDOvH/qsGxw==
- vuetify/3.3.2/vuetify.esm.js: sha512-6w6XbVUAYnSBl6FX+Epf1qdredxZBwkjollDFy6ZA9sT9rnqItq8QLMVB8WJEi4v7/KqJb22Du05IU3jWKZyLQ==
- vuetify/3.3.2/vuetify.esm.min.js: sha512-OStZTqOCE0+kv5PC9nFc7VSklPxIubZdwBPUJmoPwdKoYqFkesBqr1CsPwYidl2ev+cKpqg+L8QMen3QQONljw==
- vuetify/3.3.2/vuetify.js: sha512-jkJWqIW/yKSasYaUtGeH6LmnjRBH6AgU2LF4THCd6TWN1HXJFBq4tR1laJyUJzqFu8cE2o6/as1cxLhvt8brdg==
- vuetify/3.3.2/vuetify-labs.css: sha512-k4fErzvis6rPXQDoJjYBs7GQ2baPPJkknrh/8FDe/3vaGPatuN7pajd5Wc7sQnt8DyiW7HR/n0kxNSHHp20H1Q==
- vuetify/3.3.2/vuetify-labs.esm.min.js: sha512-cLAKdNfTstc3pV+End/IOFD6P+EEUUfT1h2IIDha8IoQLx6jBG0Iq+7mtfRvWxVdcNLS1ssrJi0T+yq5bJ21ZA==
- vuetify/3.3.2/vuetify.css: sha512-RTtJWlNgtpAjuzmQ0n/W58qHUT5YfqRYh6O8hZJVG+rd7C/mFk6aTWV8Pt1zBZSdlEp9vdy0GEHv8vvTMBy6kw==
