Files:
- fontsource-alex-brush/5.0.15/400.css.gz
- fontsource-alex-brush/5.0.15/400.min.css.gz
- fontsource-alex-brush/5.0.15/files/alex-brush-latin-400-normal.woff.gz
- fontsource-alex-brush/5.0.15/files/alex-brush-latin-ext-400-normal.woff.gz
- fontsource-alex-brush/5.0.15/files/alex-brush-vietnamese-400-normal.woff.gz
- fontsource-alex-brush/5.0.15/index.css.gz
- fontsource-alex-brush/5.0.15/index.min.css.gz
- fontsource-alex-brush/5.0.15/latin-400.css.gz
- fontsource-alex-brush/5.0.15/latin-400.min.css.gz
- fontsource-alex-brush/5.0.15/latin-ext-400.css.gz
- fontsource-alex-brush/5.0.15/latin-ext-400.min.css.gz
- fontsource-alex-brush/5.0.15/latin-ext.css.gz
- fontsource-alex-brush/5.0.15/latin-ext.min.css.gz
- fontsource-alex-brush/5.0.15/latin.css.gz
- fontsource-alex-brush/5.0.15/latin.min.css.gz
- fontsource-alex-brush/5.0.15/vietnamese-400.css.gz
- fontsource-alex-brush/5.0.15/vietnamese-400.min.css.gz
- fontsource-alex-brush/5.0.15/vietnamese.css.gz
- fontsource-alex-brush/5.0.15/vietnamese.min.css.gz
