config: {"authors":[{"name":"Dave Gandy","email":"dave@fontawesome.io","url":"https://twitter.com/davegandy"}],"autoupdate":{"source":"npm","target":"@fortawesome/fontawesome-free","fileMap":[{"basePath":"","files":["+(css|js|webfonts|sprites|svgs)/*"]}]},"description":"The iconic SVG, font, and CSS toolkit","filename":"css/all.min.css","homepage":"https://fontawesome.com/","keywords":["css","font","icons","fontawesome","webfont","svg-icons","svg-sprites"],"license":"(OFL-1.1 OR MIT OR CC-BY-4.0)","name":"font-awesome","repository":{"type":"git","url":"git://github.com/FortAwesome/Font-Awesome.git"},"version":"5.15.3","author":"Dave Gandy <dave@fontawesome.io> (https://twitter.com/davegandy)"}

KV keys:
- font-awesome/4.6.3/css/font-awesome.css.br
- font-awesome/4.6.3/css/font-awesome.css.gz
- font-awesome/4.6.3/css/font-awesome.css.map.br
- font-awesome/4.6.3/css/font-awesome.css.map.gz
- font-awesome/4.6.3/css/font-awesome.min.css.br
- font-awesome/4.6.3/css/font-awesome.min.css.gz
- font-awesome/4.6.3/fonts/FontAwesome.otf.br
- font-awesome/4.6.3/fonts/FontAwesome.otf.gz
- font-awesome/4.6.3/fonts/fontawesome-webfont.eot.br
- font-awesome/4.6.3/fonts/fontawesome-webfont.eot.gz
- font-awesome/4.6.3/fonts/fontawesome-webfont.svg.br
- font-awesome/4.6.3/fonts/fontawesome-webfont.svg.gz
- font-awesome/4.6.3/fonts/fontawesome-webfont.ttf.br
- font-awesome/4.6.3/fonts/fontawesome-webfont.ttf.gz
- font-awesome/4.6.3/fonts/fontawesome-webfont.woff.br
- font-awesome/4.6.3/fonts/fontawesome-webfont.woff.gz
- font-awesome/4.6.3/fonts/fontawesome-webfont.woff2
SRIs:
- font-awesome/4.6.3/css/font-awesome.css: sha512-Mo79lrQ4UecW8OCcRUZzf0ntfMNgpOFR46Acj2ZtWO8vKhBvD79VCp3VOKSzk6TovLg5evL3Xi3u475Q/jMu4g==
- font-awesome/4.6.3/css/font-awesome.min.css: sha512-4uGZHpbDliNxiAv/QzZNo/yb2FtAX+qiDb7ypBWiEdJQX8Pugp8M6il5SRkN8jQrDLWsh3rrPDSXRf3DwFYM6g==
