config: {"authors":[{"name":"andrewtelnov","email":"andrew.telnov@gmail.com"}],"autoupdate":{"source":"npm","target":"survey-knockout","fileMap":[{"basePath":"","files":["survey*"]}]},"description":"survey.js is a JavaScript Survey Library. It is a modern way to add a survey to your website. It uses JSON for survey metadata and results.","filename":"survey.ko.min.js","homepage":"https://surveyjs.org/","keywords":["Survey","JavaScript","Bootstrap","Library","Knockout"],"license":"MIT","name":"survey-knockout","repository":{"type":"git","url":"git+https://github.com/andrewtelnov/surveyjs.git"},"author":"andrewtelnov \u003candrew.telnov@gmail.com\u003e"}
KV keys:
- survey-knockout/1.9.111/survey-knockout.d.ts.br
- survey-knockout/1.9.111/survey-knockout.d.ts.gz
- survey-knockout/1.9.111/survey.css.br
- survey-knockout/1.9.111/survey.css.gz
- survey-knockout/1.9.111/survey.css.map.br
- survey-knockout/1.9.111/survey.css.map.gz
- survey-knockout/1.9.111/survey.ko.d.ts.br
- survey-knockout/1.9.111/survey.ko.d.ts.gz
- survey-knockout/1.9.111/survey.ko.js.br
- survey-knockout/1.9.111/survey.ko.js.gz
- survey-knockout/1.9.111/survey.ko.js.map.br
- survey-knockout/1.9.111/survey.ko.js.map.gz
- survey-knockout/1.9.111/survey.ko.min.js.br
- survey-knockout/1.9.111/survey.ko.min.js.gz
- survey-knockout/1.9.111/survey.min.css.br
- survey-knockout/1.9.111/survey.min.css.gz
SRIs:
- survey-knockout/1.9.111/survey.css: sha512-fQe48+bkoBX16S64OazLTNhmbOb0yzVXbxGDdilXyOukz2D+swELlpH+oqz68jn0TTuXtWZBu3FvVLIJU65yzg==
- survey-knockout/1.9.111/survey.ko.js: sha512-zwvS96cj7GM79u1x/fPCDwImM+zcdxKGViuAQL7m0T+3Z9CozaF5V+Uh5Qjzk+8T3B0uFAcQUS55/Oe5q5Yv0A==
- survey-knockout/1.9.111/survey.ko.min.js: sha512-t569aWKxkF4wLu+01aOQIHOAuVvOH7NN10fLdRCj0JGEbcCgQJIiJc6imTLh6fuZfSCMOZ94tFybT7oZbQF6GQ==
- survey-knockout/1.9.111/survey.min.css: sha512-TM02UWujgeYhbSequk27DCmJP6/lyer0fNHZS6DX6qrMtY9XPPuOveYPPxsW4SmiEVqmw2cmSJOTVj6ozUOftg==
