config: {"authors":[{"name":"Guillaume du Pontavice","email":"g.du.pontavice@gmail.com"}],"autoupdate":{"source":"npm","target":"hls.js","fileMap":[{"basePath":"dist","files":["**/!(*-demo.*)"]}],"ignoreVersions":["*-canary.*"]},"description":"JavaScript HLS client using MediaSourceExtension","filename":"hls.min.js","homepage":"https://hls-js.netlify.com/demo/","keywords":["hls.js","video","streaming","mediasource","player"],"license":"Apache-2.0","name":"hls.js","repository":{"type":"git","url":"git://github.com/video-dev/hls.js"},"author":"Guillaume du Pontavice \u003cg.du.pontavice@gmail.com\u003e"}
KV keys:
- hls.js/1.3.5-0.canary.8993/hls.js.br
- hls.js/1.3.5-0.canary.8993/hls.js.d.ts.br
- hls.js/1.3.5-0.canary.8993/hls.js.d.ts.gz
- hls.js/1.3.5-0.canary.8993/hls.js.gz
- hls.js/1.3.5-0.canary.8993/hls.js.map.br
- hls.js/1.3.5-0.canary.8993/hls.js.map.gz
- hls.js/1.3.5-0.canary.8993/hls.light.js.br
- hls.js/1.3.5-0.canary.8993/hls.light.js.gz
- hls.js/1.3.5-0.canary.8993/hls.light.js.map.br
- hls.js/1.3.5-0.canary.8993/hls.light.js.map.gz
- hls.js/1.3.5-0.canary.8993/hls.light.min.js.br
- hls.js/1.3.5-0.canary.8993/hls.light.min.js.gz
- hls.js/1.3.5-0.canary.8993/hls.light.min.js.map.br
- hls.js/1.3.5-0.canary.8993/hls.light.min.js.map.gz
- hls.js/1.3.5-0.canary.8993/hls.min.js.br
- hls.js/1.3.5-0.canary.8993/hls.min.js.gz
- hls.js/1.3.5-0.canary.8993/hls.min.js.map.br
- hls.js/1.3.5-0.canary.8993/hls.min.js.map.gz
SRIs:
- hls.js/1.3.5-0.canary.8993/hls.js: sha512-siDyHs/K6Oyr3xGNuoZGcfTGxKzy3L2hMKF5suJLG02bPmi5pjgNqDHTifT1BxqMCr6yYESW4md+DjcGXUVLtw==
- hls.js/1.3.5-0.canary.8993/hls.light.js: sha512-H3a023qDwi8rcfD/Zh6epos/qDdeC8x+3GCDRN8/7gAFoV5Ux4dIDETWqHFXdCNmeq+vYWh/GRch4BHx44TyPg==
- hls.js/1.3.5-0.canary.8993/hls.light.min.js: sha512-vb+INNksRq0S9N1BPCBLrsZQ7RMlJ2QuvjBjl3PWsJRpdThIN/ToGY5xlFO4zCeBiUiTFsv2diuqJZzwyIdPww==
- hls.js/1.3.5-0.canary.8993/hls.min.js: sha512-eU06smiQEOYmNNBboOsMHfOQnM68+xtMaKrLv/rWfPiMKXzktUz1UbXJ4MbWzAsUHNo5fVzIVZVyYp7B4z7SnA==
