Files:
- fontsource-rubik-puddles/5.0.6/400.css.gz
- fontsource-rubik-puddles/5.0.6/400.min.css.gz
- fontsource-rubik-puddles/5.0.6/cyrillic-400.css.gz
- fontsource-rubik-puddles/5.0.6/cyrillic-400.min.css.gz
- fontsource-rubik-puddles/5.0.6/cyrillic-ext-400.css.gz
- fontsource-rubik-puddles/5.0.6/cyrillic-ext-400.min.css.gz
- fontsource-rubik-puddles/5.0.6/cyrillic-ext.css.gz
- fontsource-rubik-puddles/5.0.6/cyrillic-ext.min.css.gz
- fontsource-rubik-puddles/5.0.6/cyrillic.css.gz
- fontsource-rubik-puddles/5.0.6/cyrillic.min.css.gz
- fontsource-rubik-puddles/5.0.6/files/rubik-puddles-cyrillic-400-normal.woff.gz
- fontsource-rubik-puddles/5.0.6/files/rubik-puddles-cyrillic-ext-400-normal.woff.gz
- fontsource-rubik-puddles/5.0.6/files/rubik-puddles-hebrew-400-normal.woff.gz
- fontsource-rubik-puddles/5.0.6/files/rubik-puddles-latin-400-normal.woff.gz
- fontsource-rubik-puddles/5.0.6/files/rubik-puddles-latin-ext-400-normal.woff.gz
- fontsource-rubik-puddles/5.0.6/hebrew-400.css.gz
- fontsource-rubik-puddles/5.0.6/hebrew-400.min.css.gz
- fontsource-rubik-puddles/5.0.6/hebrew.css.gz
- fontsource-rubik-puddles/5.0.6/hebrew.min.css.gz
- fontsource-rubik-puddles/5.0.6/index.css.gz
- fontsource-rubik-puddles/5.0.6/index.min.css.gz
- fontsource-rubik-puddles/5.0.6/latin-400.css.gz
- fontsource-rubik-puddles/5.0.6/latin-400.min.css.gz
- fontsource-rubik-puddles/5.0.6/latin-ext-400.css.gz
- fontsource-rubik-puddles/5.0.6/latin-ext-400.min.css.gz
- fontsource-rubik-puddles/5.0.6/latin-ext.css.gz
- fontsource-rubik-puddles/5.0.6/latin-ext.min.css.gz
- fontsource-rubik-puddles/5.0.6/latin.css.gz
- fontsource-rubik-puddles/5.0.6/latin.min.css.gz
