config: {"authors":[{"name":"Guillaume du Pontavice","email":"g.du.pontavice@gmail.com"}],"autoupdate":{"source":"npm","target":"hls.js","fileMap":[{"basePath":"dist","files":["**/!(*-demo.*)"]}],"ignoreVersions":["*-canary.*"]},"description":"JavaScript HLS client using MediaSourceExtension","filename":"hls.min.js","homepage":"https://hls-js.netlify.com/demo/","keywords":["hls.js","video","streaming","mediasource","player"],"license":"Apache-2.0","name":"hls.js","repository":{"type":"git","url":"git://github.com/video-dev/hls.js"},"author":"Guillaume du Pontavice \u003cg.du.pontavice@gmail.com\u003e"}
KV keys:
- hls.js/1.2.5-0.canary.8728/hls.js.br
- hls.js/1.2.5-0.canary.8728/hls.js.d.ts.br
- hls.js/1.2.5-0.canary.8728/hls.js.d.ts.gz
- hls.js/1.2.5-0.canary.8728/hls.js.gz
- hls.js/1.2.5-0.canary.8728/hls.js.map.br
- hls.js/1.2.5-0.canary.8728/hls.js.map.gz
- hls.js/1.2.5-0.canary.8728/hls.light.js.br
- hls.js/1.2.5-0.canary.8728/hls.light.js.gz
- hls.js/1.2.5-0.canary.8728/hls.light.js.map.br
- hls.js/1.2.5-0.canary.8728/hls.light.js.map.gz
- hls.js/1.2.5-0.canary.8728/hls.light.min.js.br
- hls.js/1.2.5-0.canary.8728/hls.light.min.js.gz
- hls.js/1.2.5-0.canary.8728/hls.light.min.js.map.br
- hls.js/1.2.5-0.canary.8728/hls.light.min.js.map.gz
- hls.js/1.2.5-0.canary.8728/hls.min.js.br
- hls.js/1.2.5-0.canary.8728/hls.min.js.gz
- hls.js/1.2.5-0.canary.8728/hls.min.js.map.br
- hls.js/1.2.5-0.canary.8728/hls.min.js.map.gz
SRIs:
- hls.js/1.2.5-0.canary.8728/hls.light.js: sha512-tBqgh/BF0Id1uLkli52F1UHH4T4iuF7djmoi1XhzzUMyDoaYxIVAStAsg/TAKbcINKM+qPy8RjPtZzLL4ZqY/A==
- hls.js/1.2.5-0.canary.8728/hls.light.min.js: sha512-kvpqubxijYG8l0AXnoNKd4B0te93gGPBxkA4QcYvpuiRoKeW4kz36xxpQNU79IjqIngXiiTthLjaXOpFlQ3OnA==
- hls.js/1.2.5-0.canary.8728/hls.min.js: sha512-hBTV5l8Ea1qYiFDR2f5rLp1ftRDVXSjn4o68w5RVOejEsUQyIRUE9o8fM5q4msDaAsrME50phq+SCFR5flTcUQ==
- hls.js/1.2.5-0.canary.8728/hls.js: sha512-Ers0Ze9KWX9X0wW6s6SOn9kFO+b+3zEx3792Y8RGiTjmBHB5TP+SPx6QyLhL7F3VcZ/j0qxETNXuI2Vj4ybyYw==
