Files:
- fontsource-noto-sans-pahawh-hmong/5.0.3/400.css.gz
- fontsource-noto-sans-pahawh-hmong/5.0.3/400.min.css.gz
- fontsource-noto-sans-pahawh-hmong/5.0.3/files/noto-sans-pahawh-hmong-latin-400-normal.woff.gz
- fontsource-noto-sans-pahawh-hmong/5.0.3/files/noto-sans-pahawh-hmong-latin-ext-400-normal.woff.gz
- fontsource-noto-sans-pahawh-hmong/5.0.3/files/noto-sans-pahawh-hmong-pahawh-hmong-400-normal.woff.gz
- fontsource-noto-sans-pahawh-hmong/5.0.3/index.css.gz
- fontsource-noto-sans-pahawh-hmong/5.0.3/index.min.css.gz
- fontsource-noto-sans-pahawh-hmong/5.0.3/latin-400.css.gz
- fontsource-noto-sans-pahawh-hmong/5.0.3/latin-400.min.css.gz
- fontsource-noto-sans-pahawh-hmong/5.0.3/latin-ext-400.css.gz
- fontsource-noto-sans-pahawh-hmong/5.0.3/latin-ext-400.min.css.gz
- fontsource-noto-sans-pahawh-hmong/5.0.3/latin-ext.css.gz
- fontsource-noto-sans-pahawh-hmong/5.0.3/latin-ext.min.css.gz
- fontsource-noto-sans-pahawh-hmong/5.0.3/latin.css.gz
- fontsource-noto-sans-pahawh-hmong/5.0.3/latin.min.css.gz
- fontsource-noto-sans-pahawh-hmong/5.0.3/pahawh-hmong-400.css.gz
- fontsource-noto-sans-pahawh-hmong/5.0.3/pahawh-hmong-400.min.css.gz
- fontsource-noto-sans-pahawh-hmong/5.0.3/pahawh-hmong.css.gz
- fontsource-noto-sans-pahawh-hmong/5.0.3/pahawh-hmong.min.css.gz
