config: {"authors":[{"name":"Google Inc."}],"autoupdate":{"source":"npm","target":"@fontsource/space-grotesk","fileMap":[{"basePath":"","files":["*.css","files/*.@(woff|woff2)"]}],"excludeFromSearch":true},"description":"Self-host the Space Grotesk font in a neatly bundled NPM package.","filename":"index.css","homepage":"https://fontsource.org/fonts/space-grotesk","keywords":["fontsource","font","font family","google fonts","space-grotesk","Space Grotesk","css","sass","front-end","web","typeface","variable"],"license":"OFL-1.1","name":"fontsource-space-grotesk","repository":{"type":"git","url":"git+https://github.com/fontsource/font-files.git"},"author":"Google Inc."}
KV keys:
- fontsource-space-grotesk/5.0.19/300.css.br
- fontsource-space-grotesk/5.0.19/300.css.gz
- fontsource-space-grotesk/5.0.19/300.min.css.br
- fontsource-space-grotesk/5.0.19/300.min.css.gz
- fontsource-space-grotesk/5.0.19/400.css.br
- fontsource-space-grotesk/5.0.19/400.css.gz
- fontsource-space-grotesk/5.0.19/400.min.css.br
- fontsource-space-grotesk/5.0.19/400.min.css.gz
- fontsource-space-grotesk/5.0.19/500.css.br
- fontsource-space-grotesk/5.0.19/500.css.gz
- fontsource-space-grotesk/5.0.19/500.min.css.br
- fontsource-space-grotesk/5.0.19/500.min.css.gz
- fontsource-space-grotesk/5.0.19/600.css.br
- fontsource-space-grotesk/5.0.19/600.css.gz
- fontsource-space-grotesk/5.0.19/600.min.css.br
- fontsource-space-grotesk/5.0.19/600.min.css.gz
- fontsource-space-grotesk/5.0.19/700.css.br
- fontsource-space-grotesk/5.0.19/700.css.gz
- fontsource-space-grotesk/5.0.19/700.min.css.br
- fontsource-space-grotesk/5.0.19/700.min.css.gz
- fontsource-space-grotesk/5.0.19/files/space-grotesk-latin-300-normal.woff.br
- fontsource-space-grotesk/5.0.19/files/space-grotesk-latin-300-normal.woff.gz
- fontsource-space-grotesk/5.0.19/files/space-grotesk-latin-300-normal.woff2
- fontsource-space-grotesk/5.0.19/files/space-grotesk-latin-400-normal.woff.br
- fontsource-space-grotesk/5.0.19/files/space-grotesk-latin-400-normal.woff.gz
- fontsource-space-grotesk/5.0.19/files/space-grotesk-latin-400-normal.woff2
- fontsource-space-grotesk/5.0.19/files/space-grotesk-latin-500-normal.woff.br
- fontsource-space-grotesk/5.0.19/files/space-grotesk-latin-500-normal.woff.gz
- fontsource-space-grotesk/5.0.19/files/space-grotesk-latin-500-normal.woff2
- fontsource-space-grotesk/5.0.19/files/space-grotesk-latin-600-normal.woff.br
- fontsource-space-grotesk/5.0.19/files/space-grotesk-latin-600-normal.woff.gz
- fontsource-space-grotesk/5.0.19/files/space-grotesk-latin-600-normal.woff2
- fontsource-space-grotesk/5.0.19/files/space-grotesk-latin-700-normal.woff.br
- fontsource-space-grotesk/5.0.19/files/space-grotesk-latin-700-normal.woff.gz
- fontsource-space-grotesk/5.0.19/files/space-grotesk-latin-700-normal.woff2
- fontsource-space-grotesk/5.0.19/files/space-grotesk-latin-ext-300-normal.woff.br
- fontsource-space-grotesk/5.0.19/files/space-grotesk-latin-ext-300-normal.woff.gz
- fontsource-space-grotesk/5.0.19/files/space-grotesk-latin-ext-300-normal.woff2
- fontsource-space-grotesk/5.0.19/files/space-grotesk-latin-ext-400-normal.woff.br
- fontsource-space-grotesk/5.0.19/files/space-grotesk-latin-ext-400-normal.woff.gz
- fontsource-space-grotesk/5.0.19/files/space-grotesk-latin-ext-400-normal.woff2
- fontsource-space-grotesk/5.0.19/files/space-grotesk-latin-ext-500-normal.woff.br
- fontsource-space-grotesk/5.0.19/files/space-grotesk-latin-ext-500-normal.woff.gz
- fontsource-space-grotesk/5.0.19/files/space-grotesk-latin-ext-500-normal.woff2
- fontsource-space-grotesk/5.0.19/files/space-grotesk-latin-ext-600-normal.woff.br
- fontsource-space-grotesk/5.0.19/files/space-grotesk-latin-ext-600-normal.woff.gz
- fontsource-space-grotesk/5.0.19/files/space-grotesk-latin-ext-600-normal.woff2
- fontsource-space-grotesk/5.0.19/files/space-grotesk-latin-ext-700-normal.woff.br
- fontsource-space-grotesk/5.0.19/files/space-grotesk-latin-ext-700-normal.woff.gz
- fontsource-space-grotesk/5.0.19/files/space-grotesk-latin-ext-700-normal.woff2
- fontsource-space-grotesk/5.0.19/files/space-grotesk-vietnamese-300-normal.woff.br
- fontsource-space-grotesk/5.0.19/files/space-grotesk-vietnamese-300-normal.woff.gz
- fontsource-space-grotesk/5.0.19/files/space-grotesk-vietnamese-300-normal.woff2
- fontsource-space-grotesk/5.0.19/files/space-grotesk-vietnamese-400-normal.woff.br
- fontsource-space-grotesk/5.0.19/files/space-grotesk-vietnamese-400-normal.woff.gz
- fontsource-space-grotesk/5.0.19/files/space-grotesk-vietnamese-400-normal.woff2
- fontsource-space-grotesk/5.0.19/files/space-grotesk-vietnamese-500-normal.woff.br
- fontsource-space-grotesk/5.0.19/files/space-grotesk-vietnamese-500-normal.woff.gz
- fontsource-space-grotesk/5.0.19/files/space-grotesk-vietnamese-500-normal.woff2
- fontsource-space-grotesk/5.0.19/files/space-grotesk-vietnamese-600-normal.woff.br
- fontsource-space-grotesk/5.0.19/files/space-grotesk-vietnamese-600-normal.woff.gz
- fontsource-space-grotesk/5.0.19/files/space-grotesk-vietnamese-600-normal.woff2
- fontsource-space-grotesk/5.0.19/files/space-grotesk-vietnamese-700-normal.woff.br
- fontsource-space-grotesk/5.0.19/files/space-grotesk-vietnamese-700-normal.woff.gz
- fontsource-space-grotesk/5.0.19/files/space-grotesk-vietnamese-700-normal.woff2
- fontsource-space-grotesk/5.0.19/index.css.br
- fontsource-space-grotesk/5.0.19/index.css.gz
- fontsource-space-grotesk/5.0.19/index.min.css.br
- fontsource-space-grotesk/5.0.19/index.min.css.gz
- fontsource-space-grotesk/5.0.19/latin-300.css.br
- fontsource-space-grotesk/5.0.19/latin-300.css.gz
- fontsource-space-grotesk/5.0.19/latin-300.min.css.br
- fontsource-space-grotesk/5.0.19/latin-300.min.css.gz
- fontsource-space-grotesk/5.0.19/latin-400.css.br
- fontsource-space-grotesk/5.0.19/latin-400.css.gz
- fontsource-space-grotesk/5.0.19/latin-400.min.css.br
- fontsource-space-grotesk/5.0.19/latin-400.min.css.gz
- fontsource-space-grotesk/5.0.19/latin-500.css.br
- fontsource-space-grotesk/5.0.19/latin-500.css.gz
- fontsource-space-grotesk/5.0.19/latin-500.min.css.br
- fontsource-space-grotesk/5.0.19/latin-500.min.css.gz
- fontsource-space-grotesk/5.0.19/latin-600.css.br
- fontsource-space-grotesk/5.0.19/latin-600.css.gz
- fontsource-space-grotesk/5.0.19/latin-600.min.css.br
- fontsource-space-grotesk/5.0.19/latin-600.min.css.gz
- fontsource-space-grotesk/5.0.19/latin-700.css.br
- fontsource-space-grotesk/5.0.19/latin-700.css.gz
- fontsource-space-grotesk/5.0.19/latin-700.min.css.br
- fontsource-space-grotesk/5.0.19/latin-700.min.css.gz
- fontsource-space-grotesk/5.0.19/latin-ext-300.css.br
- fontsource-space-grotesk/5.0.19/latin-ext-300.css.gz
- fontsource-space-grotesk/5.0.19/latin-ext-300.min.css.br
- fontsource-space-grotesk/5.0.19/latin-ext-300.min.css.gz
- fontsource-space-grotesk/5.0.19/latin-ext-400.css.br
- fontsource-space-grotesk/5.0.19/latin-ext-400.css.gz
- fontsource-space-grotesk/5.0.19/latin-ext-400.min.css.br
- fontsource-space-grotesk/5.0.19/latin-ext-400.min.css.gz
- fontsource-space-grotesk/5.0.19/latin-ext-500.css.br
- fontsource-space-grotesk/5.0.19/latin-ext-500.css.gz
- fontsource-space-grotesk/5.0.19/latin-ext-500.min.css.br
- fontsource-space-grotesk/5.0.19/latin-ext-500.min.css.gz
- fontsource-space-grotesk/5.0.19/latin-ext-600.css.br
- fontsource-space-grotesk/5.0.19/latin-ext-600.css.gz
- fontsource-space-grotesk/5.0.19/latin-ext-600.min.css.br
- fontsource-space-grotesk/5.0.19/latin-ext-600.min.css.gz
- fontsource-space-grotesk/5.0.19/latin-ext-700.css.br
- fontsource-space-grotesk/5.0.19/latin-ext-700.css.gz
- fontsource-space-grotesk/5.0.19/latin-ext-700.min.css.br
- fontsource-space-grotesk/5.0.19/latin-ext-700.min.css.gz
- fontsource-space-grotesk/5.0.19/latin-ext.css.br
- fontsource-space-grotesk/5.0.19/latin-ext.css.gz
- fontsource-space-grotesk/5.0.19/latin-ext.min.css.br
- fontsource-space-grotesk/5.0.19/latin-ext.min.css.gz
- fontsource-space-grotesk/5.0.19/latin.css.br
- fontsource-space-grotesk/5.0.19/latin.css.gz
- fontsource-space-grotesk/5.0.19/latin.min.css.br
- fontsource-space-grotesk/5.0.19/latin.min.css.gz
- fontsource-space-grotesk/5.0.19/vietnamese-300.css.br
- fontsource-space-grotesk/5.0.19/vietnamese-300.css.gz
- fontsource-space-grotesk/5.0.19/vietnamese-300.min.css.br
- fontsource-space-grotesk/5.0.19/vietnamese-300.min.css.gz
- fontsource-space-grotesk/5.0.19/vietnamese-400.css.br
- fontsource-space-grotesk/5.0.19/vietnamese-400.css.gz
- fontsource-space-grotesk/5.0.19/vietnamese-400.min.css.br
- fontsource-space-grotesk/5.0.19/vietnamese-400.min.css.gz
- fontsource-space-grotesk/5.0.19/vietnamese-500.css.br
- fontsource-space-grotesk/5.0.19/vietnamese-500.css.gz
- fontsource-space-grotesk/5.0.19/vietnamese-500.min.css.br
- fontsource-space-grotesk/5.0.19/vietnamese-500.min.css.gz
- fontsource-space-grotesk/5.0.19/vietnamese-600.css.br
- fontsource-space-grotesk/5.0.19/vietnamese-600.css.gz
- fontsource-space-grotesk/5.0.19/vietnamese-600.min.css.br
- fontsource-space-grotesk/5.0.19/vietnamese-600.min.css.gz
- fontsource-space-grotesk/5.0.19/vietnamese-700.css.br
- fontsource-space-grotesk/5.0.19/vietnamese-700.css.gz
- fontsource-space-grotesk/5.0.19/vietnamese-700.min.css.br
- fontsource-space-grotesk/5.0.19/vietnamese-700.min.css.gz
- fontsource-space-grotesk/5.0.19/vietnamese.css.br
- fontsource-space-grotesk/5.0.19/vietnamese.css.gz
- fontsource-space-grotesk/5.0.19/vietnamese.min.css.br
- fontsource-space-grotesk/5.0.19/vietnamese.min.css.gz
SRIs:
- fontsource-space-grotesk/5.0.19/latin-700.css: sha512-XXB7Mlu3dki4Cq/rZZZlg4lidQ/qjay3cXJVgK4c3pkm/kx95IdvIinF6bp/9PwV4+ckIh996UtDDgJve0Uqyg==
- fontsource-space-grotesk/5.0.19/600.css: sha512-ZSz43w+hSb6qe4hqKDmm5wuHkrQ3XaxaV4lRUey9TBrili++PWYnEpgjor4D7v9qMSv92x8jfCc393Qpo7ZmnA==
- fontsource-space-grotesk/5.0.19/latin-300.css: sha512-Ch8LzFM35nj48uh8wgsTIHERM3eSfGVz5f0PTylsYQNyzPjJrp3tHWMQllET990QPLYAl09xxBEQ5fhJquSTog==
- fontsource-space-grotesk/5.0.19/latin-ext.css: sha512-oNZaG6MUTlj5f36SlF0tgjbeoHHrvbaHhUZlO3pU2EJmWRHTtkAEiQo1IkecyzULJepvFos8JPU26SUljiBVkw==
- fontsource-space-grotesk/5.0.19/latin-ext.min.css: sha512-OhI/q8PLC4pa4xYscy5ZOmiC9KYpo3iNqSv5sGRkm5Rq/TVampSVW9Ij/5yVSliVewazSHW0pTuWvQRwlZDLSA==
- fontsource-space-grotesk/5.0.19/vietnamese-300.css: sha512-c1ltN2NyVMwh/5CQ8tzG6CVL5nWHRhaLBU+HmEjw+pYbLq2rb+o7p00adpuLYP4O9DDT1vKtzOn3Cy4DVeICYA==
- fontsource-space-grotesk/5.0.19/latin-ext-700.min.css: sha512-Vq7ehwNZ6QWCMh5nBWHLVBcpeoM0xCPka/82+JoEroiU8QZzvyOB0FnELxhDaotKfUdvA3lUeUkgGIuNtQIB5Q==
- fontsource-space-grotesk/5.0.19/300.css: sha512-O/MItgDBSn/hJQOwCR2U47gDtwNdyKR3mKwNif8GJfti2yWhWCF2/snxWU7ceb+ChQNKcoH0hGagPa5dBCQRXg==
- fontsource-space-grotesk/5.0.19/400.css: sha512-YIwcrw3GcqATiQcAKQBycuqWarKnIXsliPtjhLf86Ljb6FGA/7N0OUg4d8ritiaxWEAspAsH5d2HRvuAEET5Gw==
- fontsource-space-grotesk/5.0.19/500.css: sha512-b4uI/ewhUzhC7bEiG2JjCw4zNIBz4WVuoiBye60kevsUGDdgKRa58pAFX8kCYmw+F1b/Vi9MXVhkXXwOtCuRbw==
- fontsource-space-grotesk/5.0.19/700.min.css: sha512-8T9xa/k4hnUQD/uE0bC1n2FQY8GHyFYNWD2RsNOgDVquODSuX4Zcw08VfrdBHQAHCPaRWOWFHPHr7HctO4yfFw==
- fontsource-space-grotesk/5.0.19/latin-500.css: sha512-9MNOKQPxvtwWtLRv3wlfrRGUvNJQk9ielPF4zKsNS9zcL0+YREesCMG7fuj+CgrVqX+WnxvwmA1Hx3N7Omb7NQ==
- fontsource-space-grotesk/5.0.19/latin-700.min.css: sha512-KUGx+Kf0T2mD7KkcU+MEamEvMRmxhDDIW9VD6yLdAiQw7sgLMPF0T3bLA1UcJKsnM75lpFApf9oGEZnX0SCFPA==
- fontsource-space-grotesk/5.0.19/latin-ext-400.min.css: sha512-gggxCCGL0ZRJiGJI/IoBe3UHd3f2lX+Rv4sAE3IEd31SIEdboklg6pARFw+Eg05DrXUfqRhxTA/RjQXqRbiijw==
- fontsource-space-grotesk/5.0.19/vietnamese-400.min.css: sha512-sVbIgkv/xLKLJ3tWmQ3WiRXQL1CItQBfTPwJujO2p5gC0blKbnXZsZCLq/p/VG9SoEd317g2D1Y7URhKnzw38A==
- fontsource-space-grotesk/5.0.19/vietnamese-500.css: sha512-a6kOwKz4vbStAM0ggPOx0L9CQFFR+ccbFM++xpRDcVrRQkTGWnTJBgsIZnePAo2lvPvlg3sKqCTaFVnBp3MBuw==
- fontsource-space-grotesk/5.0.19/vietnamese-500.min.css: sha512-yWt5NzJb3o/XZGQTUJduHp0fhiY9gEwO99jb1v/bPLWdDiJoiwUqDmdQJW6i6B07zJXXkuoxnPvh+zXMca6XtQ==
- fontsource-space-grotesk/5.0.19/vietnamese-700.min.css: sha512-4h0ZvX+qXJ4foXWGCpwScwtUnMjXDRl6Jcc0XFE0e2bNG3HeHr90p1tBeeWGkKa85EQ4CuWoGKpq7uCFuCxyCg==
- fontsource-space-grotesk/5.0.19/500.min.css: sha512-dypYs47SWQNXnQ3JCBtWHt6lqiSxCWWNIPEJApo1ff+JfgkEM+guEZuba8DtUc1KT804pOrBPL8Th1d8qHH1mA==
- fontsource-space-grotesk/5.0.19/600.min.css: sha512-x+ItikK8mFTNqXHDCupYBcnSsGURLE0pCTR6fcCZFFdxE7mjnlwXdTBRGMMRG961veGUEXjTPe0SNTqVhgfPtA==
- fontsource-space-grotesk/5.0.19/latin-400.css: sha512-eKr9o1aU1DfUpH6LClNoXiiFISde998gl9W0YGP7hLb/P0suJHGmEHtbOryLSa/AW5sk55YWmUkSb5BbO1Bobw==
- fontsource-space-grotesk/5.0.19/latin-ext-300.min.css: sha512-DnxbOIunt65gdeTWQ9Bb+/3/XiogpPU0X3fMrsNzKNMrOnxCDGbpfBHNo4RXZNmzWQopYQl8momGcTUS+wfRgw==
- fontsource-space-grotesk/5.0.19/vietnamese-300.min.css: sha512-JhaBdomkGM48q9ubZvnpmyQcpGANJBkr+1GDedJQDV+ltusBHNHITwW3Pn4hjH2yBXNyX93icGDkapo4y5GUmA==
- fontsource-space-grotesk/5.0.19/vietnamese.css: sha512-fA2FKvhhFCpVaBxSd3+WjsjWKTfmK3Huokcvl7x0TQptCtf+rZESFerWsRNm4RK/sV9gZ9abHnukFRNhRC1UGw==
- fontsource-space-grotesk/5.0.19/latin-300.min.css: sha512-NrEq0YAlq6kcmxNUmjugcTDfUpT76CpgXkSOna+FKf1hPbY/XCyvZUV8ByS1M//gUNb8JNzRMKvpf4FX+32Lpg==
- fontsource-space-grotesk/5.0.19/latin-ext-600.css: sha512-iGUExhsrAcCFLK8NdAFSpW/RTEkeeRgVZaKm1gWvToYu45M+87YpbyUdpIqJGMma5MQE8yOh8gJh+T3NvTE8dw==
- fontsource-space-grotesk/5.0.19/vietnamese.min.css: sha512-E7AvUfpz4G0pJu+OEX1kjGuzyAluyVlHQpGsxQnPFS7RC/kg7+5dgmeFajeX8PnQU/b86vO3MNuxSRYAEHEDPw==
- fontsource-space-grotesk/5.0.19/700.css: sha512-P4T1uTbNk7u2LK6uQMXM/7eMyB1CO0y17o4+kpZVZgPZAxzr0B92qV/fgUrO0sRdkyxhQdalJSQG3Jr6NY2F3g==
- fontsource-space-grotesk/5.0.19/index.min.css: sha512-1laBaE5gfoIsTwSht5kK/yQY5h5RgMYJM9zbRoHyO835B2rmueB+cUVDoDirCDZGFvNJ/N4kTWhrvtsiwRsLOQ==
- fontsource-space-grotesk/5.0.19/latin-500.min.css: sha512-eDbbZUiaUWeS+WGp3eB5DW3HkqfvExq4RFOp2JFlYrhLzWoI/VdRYRjo8YYcQbW6yJyvbWGh3QdaQzd8+zwRlg==
- fontsource-space-grotesk/5.0.19/latin-ext-400.css: sha512-Ho+laBW5z8MYNU1JFCIF2aJq0po3cOGwluRRfN+MaPzIokBOFDoIW68lw6niDOgqf9raVtllwMzehSL5w3kcHg==
- fontsource-space-grotesk/5.0.19/latin-ext-700.css: sha512-u6i9w5UaPtk2rtFMk6y6UaiY82TlI+tPW2C3oEtOLYozEf45TJ+wj1o1T4jHXfj5e4bNPUMI2Or0gwFLE4NMrg==
- fontsource-space-grotesk/5.0.19/vietnamese-400.css: sha512-yCugRuv/7RChFW5uBlTgigqdV5F59o1Cnr7DHH4aDaDnpVtslvzOdFHqAovls8tl2LTL2DJj513ujpSX2isgLg==
- fontsource-space-grotesk/5.0.19/vietnamese-700.css: sha512-KlnlprMknU/7tM2pLa+Gv5pv8xkXDQ3inNXbrZsYDAxwqLCRSCEs4LYMu0ZeIf5CMoWcdjcQYKAdsjk/qz7XhQ==
- fontsource-space-grotesk/5.0.19/300.min.css: sha512-JyN4pNXVAj78/qNfR27zxqEUXLQWIJQRAcJi/9teJKBWiI49wvTvjW9f3CwPbGVDhD2/tN39XCgl30YcDeg+gw==
- fontsource-space-grotesk/5.0.19/latin-600.min.css: sha512-Y9LseEiHq4lYOROTlHr6ilOCg4Cs5SLila9mwsrwRCVcASAm685bfzE+Xz2VvsYvsjfnlwCC9bdcMlv7P+Y+iA==
- fontsource-space-grotesk/5.0.19/latin.min.css: sha512-XkVes06SLJQRaIiJQMuDS2JDvFMvy4PE0rBrq3uqR627WP3qsfa/2i3VjAoLJ99M26a4lRVxzh16KU+wp8c7dQ==
- fontsource-space-grotesk/5.0.19/vietnamese-600.css: sha512-STJdN2BWSBsXMMObFyqLhtvDNygzRcd9pWz0IbN01i4Gqm9jPTt7nfRMzoYBM9yI5bVSL3h7e7lD2pK9H5Hk0g==
- fontsource-space-grotesk/5.0.19/latin-ext-600.min.css: sha512-3cMn7iMfdG5tAUcxLL60tFle8o2n4MIA2o+QPbCLiTnQjb8ep4R5BgjzKNa0HrP/9V8OGEZbnrO9g0Pn1OIT0Q==
- fontsource-space-grotesk/5.0.19/400.min.css: sha512-1laBaE5gfoIsTwSht5kK/yQY5h5RgMYJM9zbRoHyO835B2rmueB+cUVDoDirCDZGFvNJ/N4kTWhrvtsiwRsLOQ==
- fontsource-space-grotesk/5.0.19/index.css: sha512-YIwcrw3GcqATiQcAKQBycuqWarKnIXsliPtjhLf86Ljb6FGA/7N0OUg4d8ritiaxWEAspAsH5d2HRvuAEET5Gw==
- fontsource-space-grotesk/5.0.19/latin-400.min.css: sha512-+uWIjdE/UV4Stex8pcDnglvZn8L8Y2zLjTbsAGpoVgoQWXutjHU87B7UapO1zttWblLq5GJ9y5VaUYaGnlukDg==
- fontsource-space-grotesk/5.0.19/latin-600.css: sha512-/1hih8276oIjMO2Z8DxYiarV2GSqGYfhLPg2WugYpxYfBF0kmK5MOAzS6onN1D0+OTRxFER+Z5v72hrEMSOocQ==
- fontsource-space-grotesk/5.0.19/latin-ext-300.css: sha512-MVS+vsAn3lnHNH7Mr/XVm8VKEa8ZgOXhesXm5LUh9iXf5R/E6y5aCyWfT7yddgGBTySX1pIf6qAr7mDM/eHw3g==
- fontsource-space-grotesk/5.0.19/latin-ext-500.css: sha512-qJYyeXcFG5jNBni21kHeW+M6mhaxyh+wKXp0mjSV0UWBb8VyOi1HWUH871SKNLDQ791E4g+bBnmShije6tjPBg==
- fontsource-space-grotesk/5.0.19/latin-ext-500.min.css: sha512-gjHf94TaQto9bFzDbpKayGdJVLJpb2SonpaIUfeQ7AGyJTBaoT/p0FF62AebQL9ZDuUwKefWsERvUqWyltio7A==
- fontsource-space-grotesk/5.0.19/latin.css: sha512-1U1gC7qaeQf5l8WE+kDsFPFRe6WOLsoPGpY1qZgVupRqOzhg9kD2Rl3COYIOUUW42kGsEYJAb+GjZ5hOmrF8YQ==
- fontsource-space-grotesk/5.0.19/vietnamese-600.min.css: sha512-0DwDuHMT7XEtKIGJInGItCFd1n1RsXwNI+8kfQMlSLnpHYtQwRnxeilgzKFiBZMXPmctCbYdKudZueGahxVADw==
