Files:
- fontsource-noto-serif-armenian/5.0.14/100.css.br
- fontsource-noto-serif-armenian/5.0.14/100.min.css.br
- fontsource-noto-serif-armenian/5.0.14/200.css.br
- fontsource-noto-serif-armenian/5.0.14/200.min.css.br
- fontsource-noto-serif-armenian/5.0.14/300.css.br
- fontsource-noto-serif-armenian/5.0.14/300.min.css.br
- fontsource-noto-serif-armenian/5.0.14/400.css.br
- fontsource-noto-serif-armenian/5.0.14/400.min.css.br
- fontsource-noto-serif-armenian/5.0.14/500.css.br
- fontsource-noto-serif-armenian/5.0.14/500.min.css.br
- fontsource-noto-serif-armenian/5.0.14/600.css.br
- fontsource-noto-serif-armenian/5.0.14/600.min.css.br
- fontsource-noto-serif-armenian/5.0.14/700.css.br
- fontsource-noto-serif-armenian/5.0.14/700.min.css.br
- fontsource-noto-serif-armenian/5.0.14/800.css.br
- fontsource-noto-serif-armenian/5.0.14/800.min.css.br
- fontsource-noto-serif-armenian/5.0.14/900.css.br
- fontsource-noto-serif-armenian/5.0.14/900.min.css.br
- fontsource-noto-serif-armenian/5.0.14/armenian-100.css.br
- fontsource-noto-serif-armenian/5.0.14/armenian-100.min.css.br
- fontsource-noto-serif-armenian/5.0.14/armenian-200.css.br
- fontsource-noto-serif-armenian/5.0.14/armenian-200.min.css.br
- fontsource-noto-serif-armenian/5.0.14/armenian-300.css.br
- fontsource-noto-serif-armenian/5.0.14/armenian-300.min.css.br
- fontsource-noto-serif-armenian/5.0.14/armenian-400.css.br
- fontsource-noto-serif-armenian/5.0.14/armenian-400.min.css.br
- fontsource-noto-serif-armenian/5.0.14/armenian-500.css.br
- fontsource-noto-serif-armenian/5.0.14/armenian-500.min.css.br
- fontsource-noto-serif-armenian/5.0.14/armenian-600.css.br
- fontsource-noto-serif-armenian/5.0.14/armenian-600.min.css.br
- fontsource-noto-serif-armenian/5.0.14/armenian-700.css.br
- fontsource-noto-serif-armenian/5.0.14/armenian-700.min.css.br
- fontsource-noto-serif-armenian/5.0.14/armenian-800.css.br
- fontsource-noto-serif-armenian/5.0.14/armenian-800.min.css.br
- fontsource-noto-serif-armenian/5.0.14/armenian-900.css.br
- fontsource-noto-serif-armenian/5.0.14/armenian-900.min.css.br
- fontsource-noto-serif-armenian/5.0.14/armenian.css.br
- fontsource-noto-serif-armenian/5.0.14/armenian.min.css.br
- fontsource-noto-serif-armenian/5.0.14/files/noto-serif-armenian-armenian-100-normal.woff.br
- fontsource-noto-serif-armenian/5.0.14/files/noto-serif-armenian-armenian-200-normal.woff.br
- fontsource-noto-serif-armenian/5.0.14/files/noto-serif-armenian-armenian-300-normal.woff.br
- fontsource-noto-serif-armenian/5.0.14/files/noto-serif-armenian-armenian-400-normal.woff.br
- fontsource-noto-serif-armenian/5.0.14/files/noto-serif-armenian-armenian-500-normal.woff.br
- fontsource-noto-serif-armenian/5.0.14/files/noto-serif-armenian-armenian-600-normal.woff.br
- fontsource-noto-serif-armenian/5.0.14/files/noto-serif-armenian-armenian-700-normal.woff.br
- fontsource-noto-serif-armenian/5.0.14/files/noto-serif-armenian-armenian-800-normal.woff.br
- fontsource-noto-serif-armenian/5.0.14/files/noto-serif-armenian-armenian-900-normal.woff.br
- fontsource-noto-serif-armenian/5.0.14/files/noto-serif-armenian-latin-100-normal.woff.br
- fontsource-noto-serif-armenian/5.0.14/files/noto-serif-armenian-latin-200-normal.woff.br
- fontsource-noto-serif-armenian/5.0.14/files/noto-serif-armenian-latin-300-normal.woff.br
- fontsource-noto-serif-armenian/5.0.14/files/noto-serif-armenian-latin-400-normal.woff.br
- fontsource-noto-serif-armenian/5.0.14/files/noto-serif-armenian-latin-500-normal.woff.br
- fontsource-noto-serif-armenian/5.0.14/files/noto-serif-armenian-latin-600-normal.woff.br
- fontsource-noto-serif-armenian/5.0.14/files/noto-serif-armenian-latin-700-normal.woff.br
- fontsource-noto-serif-armenian/5.0.14/files/noto-serif-armenian-latin-800-normal.woff.br
- fontsource-noto-serif-armenian/5.0.14/files/noto-serif-armenian-latin-900-normal.woff.br
- fontsource-noto-serif-armenian/5.0.14/files/noto-serif-armenian-latin-ext-100-normal.woff.br
- fontsource-noto-serif-armenian/5.0.14/files/noto-serif-armenian-latin-ext-200-normal.woff.br
- fontsource-noto-serif-armenian/5.0.14/files/noto-serif-armenian-latin-ext-300-normal.woff.br
- fontsource-noto-serif-armenian/5.0.14/files/noto-serif-armenian-latin-ext-400-normal.woff.br
- fontsource-noto-serif-armenian/5.0.14/files/noto-serif-armenian-latin-ext-500-normal.woff.br
- fontsource-noto-serif-armenian/5.0.14/files/noto-serif-armenian-latin-ext-600-normal.woff.br
- fontsource-noto-serif-armenian/5.0.14/files/noto-serif-armenian-latin-ext-700-normal.woff.br
- fontsource-noto-serif-armenian/5.0.14/files/noto-serif-armenian-latin-ext-800-normal.woff.br
- fontsource-noto-serif-armenian/5.0.14/files/noto-serif-armenian-latin-ext-900-normal.woff.br
- fontsource-noto-serif-armenian/5.0.14/index.css.br
- fontsource-noto-serif-armenian/5.0.14/index.min.css.br
- fontsource-noto-serif-armenian/5.0.14/latin-100.css.br
- fontsource-noto-serif-armenian/5.0.14/latin-100.min.css.br
- fontsource-noto-serif-armenian/5.0.14/latin-200.css.br
- fontsource-noto-serif-armenian/5.0.14/latin-200.min.css.br
- fontsource-noto-serif-armenian/5.0.14/latin-300.css.br
- fontsource-noto-serif-armenian/5.0.14/latin-300.min.css.br
- fontsource-noto-serif-armenian/5.0.14/latin-400.css.br
- fontsource-noto-serif-armenian/5.0.14/latin-400.min.css.br
- fontsource-noto-serif-armenian/5.0.14/latin-500.css.br
- fontsource-noto-serif-armenian/5.0.14/latin-500.min.css.br
- fontsource-noto-serif-armenian/5.0.14/latin-600.css.br
- fontsource-noto-serif-armenian/5.0.14/latin-600.min.css.br
- fontsource-noto-serif-armenian/5.0.14/latin-700.css.br
- fontsource-noto-serif-armenian/5.0.14/latin-700.min.css.br
- fontsource-noto-serif-armenian/5.0.14/latin-800.css.br
- fontsource-noto-serif-armenian/5.0.14/latin-800.min.css.br
- fontsource-noto-serif-armenian/5.0.14/latin-900.css.br
- fontsource-noto-serif-armenian/5.0.14/latin-900.min.css.br
- fontsource-noto-serif-armenian/5.0.14/latin-ext-100.css.br
- fontsource-noto-serif-armenian/5.0.14/latin-ext-100.min.css.br
- fontsource-noto-serif-armenian/5.0.14/latin-ext-200.css.br
- fontsource-noto-serif-armenian/5.0.14/latin-ext-200.min.css.br
- fontsource-noto-serif-armenian/5.0.14/latin-ext-300.css.br
- fontsource-noto-serif-armenian/5.0.14/latin-ext-300.min.css.br
- fontsource-noto-serif-armenian/5.0.14/latin-ext-400.css.br
- fontsource-noto-serif-armenian/5.0.14/latin-ext-400.min.css.br
- fontsource-noto-serif-armenian/5.0.14/latin-ext-500.css.br
- fontsource-noto-serif-armenian/5.0.14/latin-ext-500.min.css.br
- fontsource-noto-serif-armenian/5.0.14/latin-ext-600.css.br
- fontsource-noto-serif-armenian/5.0.14/latin-ext-600.min.css.br
- fontsource-noto-serif-armenian/5.0.14/latin-ext-700.css.br
- fontsource-noto-serif-armenian/5.0.14/latin-ext-700.min.css.br
- fontsource-noto-serif-armenian/5.0.14/latin-ext-800.css.br
- fontsource-noto-serif-armenian/5.0.14/latin-ext-800.min.css.br
- fontsource-noto-serif-armenian/5.0.14/latin-ext-900.css.br
- fontsource-noto-serif-armenian/5.0.14/latin-ext-900.min.css.br
- fontsource-noto-serif-armenian/5.0.14/latin-ext.css.br
- fontsource-noto-serif-armenian/5.0.14/latin-ext.min.css.br
- fontsource-noto-serif-armenian/5.0.14/latin.css.br
- fontsource-noto-serif-armenian/5.0.14/latin.min.css.br
