config: {"autoupdate":{"source":"npm","target":"@bokeh/bokehjs","fileMap":[{"basePath":"build/js","files":["bokeh*.!(json)"]},{"basePath":"build/css","files":["bokeh*"]}],"ignoreVersions":["1.3.2-dev2"]},"description":"Interactive, novel data visualization","filename":"bokeh.min.js","homepage":"https://docs.bokeh.org/en/latest/","keywords":["bokeh","datavis","dataviz","visualization","plotting","plot","graph"],"license":"BSD-3-Clause","name":"bokeh","repository":{"type":"git","url":"git://github.com/bokeh/bokeh.git"}}
KV keys:
- bokeh/3.3.0-rc.2/bokeh-api.esm.min.js.br
- bokeh/3.3.0-rc.2/bokeh-api.esm.min.js.gz
- bokeh/3.3.0-rc.2/bokeh-api.min.js.br
- bokeh/3.3.0-rc.2/bokeh-api.min.js.gz
- bokeh/3.3.0-rc.2/bokeh-gl.esm.min.js.br
- bokeh/3.3.0-rc.2/bokeh-gl.esm.min.js.gz
- bokeh/3.3.0-rc.2/bokeh-gl.min.js.br
- bokeh/3.3.0-rc.2/bokeh-gl.min.js.gz
- bokeh/3.3.0-rc.2/bokeh-mathjax.esm.min.js.br
- bokeh/3.3.0-rc.2/bokeh-mathjax.esm.min.js.gz
- bokeh/3.3.0-rc.2/bokeh-mathjax.min.js.br
- bokeh/3.3.0-rc.2/bokeh-mathjax.min.js.gz
- bokeh/3.3.0-rc.2/bokeh-tables.esm.min.js.br
- bokeh/3.3.0-rc.2/bokeh-tables.esm.min.js.gz
- bokeh/3.3.0-rc.2/bokeh-tables.min.js.br
- bokeh/3.3.0-rc.2/bokeh-tables.min.js.gz
- bokeh/3.3.0-rc.2/bokeh-widgets.esm.min.js.br
- bokeh/3.3.0-rc.2/bokeh-widgets.esm.min.js.gz
- bokeh/3.3.0-rc.2/bokeh-widgets.min.js.br
- bokeh/3.3.0-rc.2/bokeh-widgets.min.js.gz
- bokeh/3.3.0-rc.2/bokeh.esm.min.js.br
- bokeh/3.3.0-rc.2/bokeh.esm.min.js.gz
- bokeh/3.3.0-rc.2/bokeh.min.js.br
- bokeh/3.3.0-rc.2/bokeh.min.js.gz
SRIs:
- bokeh/3.3.0-rc.2/bokeh-gl.esm.min.js: sha512-CBv4TyWjZol0uo/RKxzcypoV9LWOrR9Kf/jNSuqQXc4hWffQnqHAxxZGa13n7fGTL5OdEj2oVfhqY9F7PxbAyw==
- bokeh/3.3.0-rc.2/bokeh-mathjax.esm.min.js: sha512-YDiz08ZBw8QZxPBC2gO7wj9p9/9R0x5+EyR5VSBLwoxhTxZ9zPBLmQVC/SbVfX0C4TB8RI6Gv7R8Vro0DOp/QA==
- bokeh/3.3.0-rc.2/bokeh-mathjax.min.js: sha512-fox/BLtj6B2ILr1CaFG+QY4hcvnaswDT6Adkoiaq4q4W4P3i/8HhoF7y755CRa9qUY06FeongqsEG3DIHXJ7Jw==
- bokeh/3.3.0-rc.2/bokeh-widgets.esm.min.js: sha512-GckIhWgd4QJMYHkNRpUFEtldfuLBdLqoV2YKrCgQK7SXNw+FXJgop3fm1nPRFTnOk1b9NQL0mau3HAUoI6ncEA==
- bokeh/3.3.0-rc.2/bokeh-widgets.min.js: sha512-3bc99urpPx3yNu1+VvWCmOu3aKTtFbBo1oosSSEApx+/UCRdbkUWpp3k82Zb+M72YdSx3PdW7qOATFgWn7D7FQ==
- bokeh/3.3.0-rc.2/bokeh.min.js: sha512-QmmLpxtVpGNM9eUpXwk/4XiMDgSQGAkxsIBdoJr+qKElDh3FE42KkIFs1T6wdJzD6xRefZWZc0/PsDfp7CI+/Q==
- bokeh/3.3.0-rc.2/bokeh-api.esm.min.js: sha512-wNTvec1P7eOBCaYNcq0uRK0hGRXNKe3k1QX1ZndS+noc58guz5iXloFP5yRx0tLAK9PBEcWXsAAlODPjRtpPag==
- bokeh/3.3.0-rc.2/bokeh-api.min.js: sha512-0zumcO8Ee+LW84P6h72NTCJMf6QlgjTW8oM70HMaUUcLVSjilEx4PJfxHjLeIZL8wHZKTITWSU2+7G8YHhZ9Eg==
- bokeh/3.3.0-rc.2/bokeh-gl.min.js: sha512-u2sDSfxn74fGfgF7sRJNR9hws+WKbuzg8qLr0EhUEuZN7wb6+HZMkVet0X1B3l/k3TPpEmsXwRzfe9ZpHWjzeQ==
- bokeh/3.3.0-rc.2/bokeh-tables.esm.min.js: sha512-3nZnwNvD1xL5CpuUyjlKUhdpYZsJPyUdLk91aLPqacA/PVh+hEwmauxnKxjqmk0zsyrO3ZO1qWZ8u5KfmroAJg==
- bokeh/3.3.0-rc.2/bokeh-tables.min.js: sha512-JidFS7BWOmEoejU9zb1IcNzW9M2omrypQyXycfkQ4EBECR10ZRqxIxbJtiYM1NfDdlvomsYuTjUWbqTKnFZMbA==
- bokeh/3.3.0-rc.2/bokeh.esm.min.js: sha512-+UYPNkVFkfEfXLw8SD+l0B3z6vyeu0Z3uJqjBAE9uEXcekPDNE0dsuge1rvgHp35o2M512xlt+B2PHIdO3mkqQ==
