2024/05/06 11:33:41 ExtractTarGz: uknown type: 67 in pax_global_header
2024/05/06 11:33:42 optimizing files (Js true, Css true, Png true, Jpg true)
2024/05/06 11:33:42 compress: run /node_modules/uglify-js/bin/uglifyjs (3.15.4) [--mangle --compress if_return=true -o /tmp/work/dist/swagger-ui-bundle.min.js /tmp/work/dist/swagger-ui-bundle.js]
2024/05/06 11:33:42 algorithm: run /usr/bin/brotli --quality=11 --output=/output/swagger-ui-bundle.js.map.br /tmp/work/dist/swagger-ui-bundle.js.map
2024/05/06 11:33:42 compress: run /node_modules/uglify-js/bin/uglifyjs (3.15.4) [--mangle --compress if_return=true -o /tmp/work/dist/swagger-ui-es-bundle.min.js /tmp/work/dist/swagger-ui-es-bundle.js]
2024/05/06 11:33:42 compress: run /node_modules/uglify-js/bin/uglifyjs (3.15.4) [--mangle --compress if_return=true -o /tmp/work/dist/swagger-ui-standalone-preset.min.js /tmp/work/dist/swagger-ui-standalone-preset.js]
2024/05/06 11:33:42 algorithm: run /usr/bin/brotli --quality=11 --output=/output/swagger-ui-es-bundle.js.map.br /tmp/work/dist/swagger-ui-es-bundle.js.map
2024/05/06 11:33:42 algorithm: run /usr/bin/brotli --quality=11 --output=/output/swagger-ui-standalone-preset.js.map.br /tmp/work/dist/swagger-ui-standalone-preset.js.map
2024/05/06 11:33:42 compress: run /node_modules/uglify-js/bin/uglifyjs (3.15.4) [--mangle --compress if_return=true -o /tmp/work/dist/swagger-ui-es-bundle-core.min.js /tmp/work/dist/swagger-ui-es-bundle-core.js]
2024/05/06 11:33:42 algorithm: run /usr/bin/brotli --quality=11 --output=/output/swagger-ui-es-bundle-core.js.map.br /tmp/work/dist/swagger-ui-es-bundle-core.js.map
2024/05/06 11:33:43 br /tmp/work/dist/swagger-ui-standalone-preset.js.map -> /output/swagger-ui-standalone-preset.js.map.br
2024/05/06 11:33:43 gz /tmp/work/dist/swagger-ui-standalone-preset.js.map -> /output/swagger-ui-standalone-preset.js.map.gz
2024/05/06 11:33:43 compress: run /node_modules/clean-css-cli/bin/cleancss (3.3.10) [--compatibility --s0 -o /tmp/work/dist/swagger-ui.min.css /tmp/work/dist/swagger-ui.css]
2024/05/06 11:33:43 sri /tmp/work/dist/swagger-ui.min.css -> /output/swagger-ui.min.css.sri
2024/05/06 11:33:43 algorithm: run /usr/bin/brotli --quality=11 --output=/output/swagger-ui.min.css.br /tmp/work/dist/swagger-ui.min.css
2024/05/06 11:33:44 br /tmp/work/dist/swagger-ui.min.css -> /output/swagger-ui.min.css.br
2024/05/06 11:33:44 gz /tmp/work/dist/swagger-ui.min.css -> /output/swagger-ui.min.css.gz
2024/05/06 11:33:44 sri /tmp/work/dist/swagger-ui.css -> /output/swagger-ui.css.sri
2024/05/06 11:33:44 algorithm: run /usr/bin/brotli --quality=11 --output=/output/swagger-ui.css.br /tmp/work/dist/swagger-ui.css
2024/05/06 11:33:44 br /tmp/work/dist/swagger-ui.css -> /output/swagger-ui.css.br
2024/05/06 11:33:44 gz /tmp/work/dist/swagger-ui.css -> /output/swagger-ui.css.gz
2024/05/06 11:33:44 algorithm: run /usr/bin/brotli --quality=11 --output=/output/swagger-ui.css.map.br /tmp/work/dist/swagger-ui.css.map
2024/05/06 11:33:45 br /tmp/work/dist/swagger-ui.css.map -> /output/swagger-ui.css.map.br
2024/05/06 11:33:45 gz /tmp/work/dist/swagger-ui.css.map -> /output/swagger-ui.css.map.gz
2024/05/06 11:33:45 compress: run /node_modules/uglify-js/bin/uglifyjs (3.15.4) [--mangle --compress if_return=true -o /tmp/work/dist/swagger-ui.min.js /tmp/work/dist/swagger-ui.js]
2024/05/06 11:33:46 br /tmp/work/dist/swagger-ui-es-bundle-core.js.map -> /output/swagger-ui-es-bundle-core.js.map.br
2024/05/06 11:33:46 gz /tmp/work/dist/swagger-ui-es-bundle-core.js.map -> /output/swagger-ui-es-bundle-core.js.map.gz
2024/05/06 11:33:46 algorithm: run /usr/bin/brotli --quality=11 --output=/output/swagger-ui.js.map.br /tmp/work/dist/swagger-ui.js.map
2024/05/06 11:33:48 br /tmp/work/dist/swagger-ui-es-bundle.js.map -> /output/swagger-ui-es-bundle.js.map.br
2024/05/06 11:33:48 br /tmp/work/dist/swagger-ui-bundle.js.map -> /output/swagger-ui-bundle.js.map.br
2024/05/06 11:33:48 gz /tmp/work/dist/swagger-ui-es-bundle.js.map -> /output/swagger-ui-es-bundle.js.map.gz
2024/05/06 11:33:48 gz /tmp/work/dist/swagger-ui-bundle.js.map -> /output/swagger-ui-bundle.js.map.gz
2024/05/06 11:33:49 sri /tmp/work/dist/swagger-ui-standalone-preset.min.js -> /output/swagger-ui-standalone-preset.min.js.sri
2024/05/06 11:33:49 algorithm: run /usr/bin/brotli --quality=11 --output=/output/swagger-ui-standalone-preset.min.js.br /tmp/work/dist/swagger-ui-standalone-preset.min.js
2024/05/06 11:33:50 br /tmp/work/dist/swagger-ui.js.map -> /output/swagger-ui.js.map.br
2024/05/06 11:33:50 gz /tmp/work/dist/swagger-ui.js.map -> /output/swagger-ui.js.map.gz
2024/05/06 11:33:50 br /tmp/work/dist/swagger-ui-standalone-preset.min.js -> /output/swagger-ui-standalone-preset.min.js.br
2024/05/06 11:33:50 gz /tmp/work/dist/swagger-ui-standalone-preset.min.js -> /output/swagger-ui-standalone-preset.min.js.gz
2024/05/06 11:33:50 sri /tmp/work/dist/swagger-ui-standalone-preset.js -> /output/swagger-ui-standalone-preset.js.sri
2024/05/06 11:33:50 algorithm: run /usr/bin/brotli --quality=11 --output=/output/swagger-ui-standalone-preset.js.br /tmp/work/dist/swagger-ui-standalone-preset.js
2024/05/06 11:33:51 br /tmp/work/dist/swagger-ui-standalone-preset.js -> /output/swagger-ui-standalone-preset.js.br
2024/05/06 11:33:51 gz /tmp/work/dist/swagger-ui-standalone-preset.js -> /output/swagger-ui-standalone-preset.js.gz
2024/05/06 11:33:51 sri /tmp/work/dist/swagger-ui-es-bundle-core.min.js -> /output/swagger-ui-es-bundle-core.min.js.sri
2024/05/06 11:33:51 algorithm: run /usr/bin/brotli --quality=11 --output=/output/swagger-ui-es-bundle-core.min.js.br /tmp/work/dist/swagger-ui-es-bundle-core.min.js
2024/05/06 11:33:52 sri /tmp/work/dist/swagger-ui.min.js -> /output/swagger-ui.min.js.sri
2024/05/06 11:33:52 algorithm: run /usr/bin/brotli --quality=11 --output=/output/swagger-ui.min.js.br /tmp/work/dist/swagger-ui.min.js
2024/05/06 11:33:52 br /tmp/work/dist/swagger-ui-es-bundle-core.min.js -> /output/swagger-ui-es-bundle-core.min.js.br
2024/05/06 11:33:52 gz /tmp/work/dist/swagger-ui-es-bundle-core.min.js -> /output/swagger-ui-es-bundle-core.min.js.gz
2024/05/06 11:33:52 sri /tmp/work/dist/swagger-ui-es-bundle-core.js -> /output/swagger-ui-es-bundle-core.js.sri
2024/05/06 11:33:52 algorithm: run /usr/bin/brotli --quality=11 --output=/output/swagger-ui-es-bundle-core.js.br /tmp/work/dist/swagger-ui-es-bundle-core.js
2024/05/06 11:33:52 br /tmp/work/dist/swagger-ui.min.js -> /output/swagger-ui.min.js.br
2024/05/06 11:33:52 gz /tmp/work/dist/swagger-ui.min.js -> /output/swagger-ui.min.js.gz
2024/05/06 11:33:52 sri /tmp/work/dist/swagger-ui.js -> /output/swagger-ui.js.sri
2024/05/06 11:33:52 algorithm: run /usr/bin/brotli --quality=11 --output=/output/swagger-ui.js.br /tmp/work/dist/swagger-ui.js
2024/05/06 11:33:53 br /tmp/work/dist/swagger-ui-es-bundle-core.js -> /output/swagger-ui-es-bundle-core.js.br
2024/05/06 11:33:53 gz /tmp/work/dist/swagger-ui-es-bundle-core.js -> /output/swagger-ui-es-bundle-core.js.gz
2024/05/06 11:33:53 br /tmp/work/dist/swagger-ui.js -> /output/swagger-ui.js.br
2024/05/06 11:33:53 gz /tmp/work/dist/swagger-ui.js -> /output/swagger-ui.js.gz
2024/05/06 11:33:59 sri /tmp/work/dist/swagger-ui-es-bundle.min.js -> /output/swagger-ui-es-bundle.min.js.sri
2024/05/06 11:33:59 algorithm: run /usr/bin/brotli --quality=11 --output=/output/swagger-ui-es-bundle.min.js.br /tmp/work/dist/swagger-ui-es-bundle.min.js
2024/05/06 11:34:00 sri /tmp/work/dist/swagger-ui-bundle.min.js -> /output/swagger-ui-bundle.min.js.sri
2024/05/06 11:34:00 algorithm: run /usr/bin/brotli --quality=11 --output=/output/swagger-ui-bundle.min.js.br /tmp/work/dist/swagger-ui-bundle.min.js
2024/05/06 11:34:02 br /tmp/work/dist/swagger-ui-es-bundle.min.js -> /output/swagger-ui-es-bundle.min.js.br
2024/05/06 11:34:02 gz /tmp/work/dist/swagger-ui-es-bundle.min.js -> /output/swagger-ui-es-bundle.min.js.gz
2024/05/06 11:34:02 sri /tmp/work/dist/swagger-ui-es-bundle.js -> /output/swagger-ui-es-bundle.js.sri
2024/05/06 11:34:02 algorithm: run /usr/bin/brotli --quality=11 --output=/output/swagger-ui-es-bundle.js.br /tmp/work/dist/swagger-ui-es-bundle.js
2024/05/06 11:34:02 br /tmp/work/dist/swagger-ui-bundle.min.js -> /output/swagger-ui-bundle.min.js.br
2024/05/06 11:34:02 gz /tmp/work/dist/swagger-ui-bundle.min.js -> /output/swagger-ui-bundle.min.js.gz
2024/05/06 11:34:02 sri /tmp/work/dist/swagger-ui-bundle.js -> /output/swagger-ui-bundle.js.sri
2024/05/06 11:34:02 algorithm: run /usr/bin/brotli --quality=11 --output=/output/swagger-ui-bundle.js.br /tmp/work/dist/swagger-ui-bundle.js
2024/05/06 11:34:04 br /tmp/work/dist/swagger-ui-es-bundle.js -> /output/swagger-ui-es-bundle.js.br
2024/05/06 11:34:04 gz /tmp/work/dist/swagger-ui-es-bundle.js -> /output/swagger-ui-es-bundle.js.gz
2024/05/06 11:34:05 br /tmp/work/dist/swagger-ui-bundle.js -> /output/swagger-ui-bundle.js.br
2024/05/06 11:34:05 gz /tmp/work/dist/swagger-ui-bundle.js -> /output/swagger-ui-bundle.js.gz
2024/05/06 11:34:05 processed swagger-ui
