config: {"authors":[{"name":"dntzhang","email":"dntzhang@qq.com"}],"autoupdate":{"source":"npm","target":"omi","fileMap":[{"basePath":"dist","files":["*.@(js|ts|map)"]}]},"description":"Front End Cross-Frameworks Framework.","filename":"omi.min.js","homepage":"http://omijs.org/","keywords":["omi","webcomponents","jsx","proxy","preact","react","virtual dom","vdom","components","virtual","dom"],"license":"MIT","name":"omi","repository":{"type":"git","url":"git+https://github.com/Tencent/omi.git"},"author":"dntzhang \u003cdntzhang@qq.com\u003e"}
KV keys:
- omi/6.25.9/omi.d.ts.br
- omi/6.25.9/omi.d.ts.gz
- omi/6.25.9/omi.dev.js.br
- omi/6.25.9/omi.dev.js.gz
- omi/6.25.9/omi.dev.js.map.br
- omi/6.25.9/omi.dev.js.map.gz
- omi/6.25.9/omi.dev.min.js.br
- omi/6.25.9/omi.dev.min.js.gz
- omi/6.25.9/omi.esm.js.br
- omi/6.25.9/omi.esm.js.gz
- omi/6.25.9/omi.esm.js.map.br
- omi/6.25.9/omi.esm.js.map.gz
- omi/6.25.9/omi.esm.min.js.br
- omi/6.25.9/omi.esm.min.js.gz
- omi/6.25.9/omi.js.br
- omi/6.25.9/omi.js.gz
- omi/6.25.9/omi.js.map.br
- omi/6.25.9/omi.js.map.gz
- omi/6.25.9/omi.min.js.br
- omi/6.25.9/omi.min.js.gz
- omi/6.25.9/omi.min.js.map.br
- omi/6.25.9/omi.min.js.map.gz
SRIs:
- omi/6.25.9/omi.dev.js: sha512-xXx80YqtW+s4jlRZuLiQMz2bfXdedQrCg/Bjg1pcjVyFfGbEo5hKlsqDxGX48wkEztFEYmNo23+oRmwJJO2uZg==
- omi/6.25.9/omi.dev.min.js: sha512-/SLYJZbyykxktraDdHLWucykNMUPLXcPk0nAAg/JPAye4DxloLROak2QgsrH2CbowUkSFBrQv83R9aukX4MrwA==
- omi/6.25.9/omi.esm.js: sha512-NdLjzHELTQHo8Amspdq/t2IrfsdNmPBhYXUJh31phf+FzyDNk2af+UB5fRNsusADq2Kt6AhFfFZLFo8sv+Zy+Q==
- omi/6.25.9/omi.esm.min.js: sha512-GaegY4yGtEYL3ewV3ozMs3rAtnIbDcnRM/ObsfZQvvgy5USbiTTMHDXBNe++2TyQOLh+JGa/nmZg5kKf8n10Vg==
- omi/6.25.9/omi.js: sha512-rmLr11uDdwRhy16BbfE9xdAnGMdFw/bFwM3dtNGFDoWxdau2yfbwXPMjG5wa5sglKJtKDv/+3BRGgr8MC7GmIw==
- omi/6.25.9/omi.min.js: sha512-Ez3S6wauvKuvxWyr+ADBYCJxnCJX/TxihKQBBzx8cHD0SIi4dLZ5rGlPy7psl50In4LkTQyo8W+bxAE+A7Qgbw==
