2020-10-19 18:46:12 gd-sprest-bs: new version: 6.1.3: ["gd-sprest-bs.d.ts","gd-sprest-bs.js","gd-sprest-bs.min.js"]
2020-10-19 18:46:12 gd-sprest-bs: new version kv files: 6.1.3: ["gd-sprest-bs.d.ts.br","gd-sprest-bs.d.ts.gz","gd-sprest-bs.js.br","gd-sprest-bs.js.gz","gd-sprest-bs.min.js.br","gd-sprest-bs.min.js.gz"]
2020-10-19 18:46:12 gd-sprest-bs: new version kv SRIs: 6.1.3: ["gd-sprest-bs.js","gd-sprest-bs.min.js"]
2020-10-19 18:46:33 gd-sprest-bs: new version: 6.1.4: ["gd-sprest-bs.d.ts","gd-sprest-bs.js","gd-sprest-bs.min.js"]
2020-10-19 18:46:33 gd-sprest-bs: new version kv files: 6.1.4: ["gd-sprest-bs.d.ts.br","gd-sprest-bs.d.ts.gz","gd-sprest-bs.js.br","gd-sprest-bs.js.gz","gd-sprest-bs.min.js.br","gd-sprest-bs.min.js.gz"]
2020-10-19 18:46:33 gd-sprest-bs: new version kv SRIs: 6.1.4: ["gd-sprest-bs.js","gd-sprest-bs.min.js"]
2020-10-19 18:46:52 gd-sprest-bs: new version: 6.1.5: ["gd-sprest-bs.d.ts","gd-sprest-bs.js","gd-sprest-bs.min.js"]
2020-10-19 18:46:52 gd-sprest-bs: new version kv files: 6.1.5: ["gd-sprest-bs.d.ts.br","gd-sprest-bs.d.ts.gz","gd-sprest-bs.js.br","gd-sprest-bs.js.gz","gd-sprest-bs.min.js.br","gd-sprest-bs.min.js.gz"]
2020-10-19 18:46:52 gd-sprest-bs: new version kv SRIs: 6.1.5: ["gd-sprest-bs.js","gd-sprest-bs.min.js"]
2020-10-19 18:47:11 gd-sprest-bs: new version: 6.1.6: ["gd-sprest-bs.d.ts","gd-sprest-bs.js","gd-sprest-bs.min.js"]
2020-10-19 18:47:11 gd-sprest-bs: new version kv files: 6.1.6: ["gd-sprest-bs.d.ts.br","gd-sprest-bs.d.ts.gz","gd-sprest-bs.js.br","gd-sprest-bs.js.gz","gd-sprest-bs.min.js.br","gd-sprest-bs.min.js.gz"]
2020-10-19 18:47:11 gd-sprest-bs: new version kv SRIs: 6.1.6: ["gd-sprest-bs.js","gd-sprest-bs.min.js"]
2020-10-19 18:47:31 gd-sprest-bs: new version: 6.1.7: ["gd-sprest-bs.d.ts","gd-sprest-bs.js","gd-sprest-bs.min.js"]
2020-10-19 18:47:31 gd-sprest-bs: new version kv files: 6.1.7: ["gd-sprest-bs.d.ts.br","gd-sprest-bs.d.ts.gz","gd-sprest-bs.js.br","gd-sprest-bs.js.gz","gd-sprest-bs.min.js.br","gd-sprest-bs.min.js.gz"]
2020-10-19 18:47:31 gd-sprest-bs: new version kv SRIs: 6.1.7: ["gd-sprest-bs.js","gd-sprest-bs.min.js"]
2020-10-19 18:47:50 gd-sprest-bs: new version: 6.1.8: ["gd-sprest-bs.d.ts","gd-sprest-bs.js","gd-sprest-bs.min.js"]
2020-10-19 18:47:50 gd-sprest-bs: new version kv files: 6.1.8: ["gd-sprest-bs.d.ts.br","gd-sprest-bs.d.ts.gz","gd-sprest-bs.js.br","gd-sprest-bs.js.gz","gd-sprest-bs.min.js.br","gd-sprest-bs.min.js.gz"]
2020-10-19 18:47:50 gd-sprest-bs: new version kv SRIs: 6.1.8: ["gd-sprest-bs.js","gd-sprest-bs.min.js"]
2020-10-19 18:48:33 gd-sprest-bs: update metadata: 6.1.8: {"authors":[{"name":"Gunjan Datta","email":"github@dattabase.com"}],"autoupdate":{"source":"npm","target":"gd-sprest-bs","fileMap":[{"basePath":"dist","files":["*.@(js|ts)"]}]},"description":"A JavaScript library to interact with the SharePoint REST API including Bootstrap components.","filename":"gd-sprest-bs.min.js","homepage":"https://dattabase.com/","keywords":["sharepoint","spo","office365","rest","spfx","bootstrap"],"license":"MIT","name":"gd-sprest-bs","repository":{"type":"git","url":"https://github.com/gunjandatta/sprest-bs"},"version":"6.1.8","author":"Gunjan Datta <github@dattabase.com>"}
2020-10-19 18:48:50 gd-sprest-bs: update aggregated metadata: 6.1.8: {"found":true,"kv_writes":["gd-sprest-bs"]}
