2024/06/13 07:30:40 optimizing files (Js true, Css true, Png true, Jpg true)
2024/06/13 07:30:40 file babylon.max.js ignored due to byte size (38445160 > 26214400)
2024/06/13 07:30:40 algorithm: run /usr/bin/brotli --quality=11 --output=/output/babylon.d.ts.br /tmp/work/babylon.d.ts
2024/06/13 07:30:40 compress: run /node_modules/uglify-js/bin/uglifyjs (3.15.4) [--mangle --compress if_return=true -o /tmp/work/babylon.min.js /tmp/work/babylon.js]
2024/06/13 07:30:40 algorithm: run /usr/bin/brotli --quality=11 --output=/output/babylon.js.map.br /tmp/work/babylon.js.map
2024/06/13 07:30:40 algorithm: run /usr/bin/brotli --quality=11 --output=/output/babylon.module.d.ts.br /tmp/work/babylon.module.d.ts
2024/06/13 07:30:50 br /tmp/work/babylon.d.ts -> /output/babylon.d.ts.br
2024/06/13 07:30:50 gz /tmp/work/babylon.d.ts -> /output/babylon.d.ts.gz
2024/06/13 07:31:00 br /tmp/work/babylon.module.d.ts -> /output/babylon.module.d.ts.br
2024/06/13 07:31:00 gz /tmp/work/babylon.module.d.ts -> /output/babylon.module.d.ts.gz
2024/06/13 07:31:05 sri /tmp/work/babylon.min.js -> /output/babylon.min.js.sri
2024/06/13 07:31:05 algorithm: run /usr/bin/brotli --quality=11 --output=/output/babylon.min.js.br /tmp/work/babylon.min.js
2024/06/13 07:31:15 br /tmp/work/babylon.min.js -> /output/babylon.min.js.br
2024/06/13 07:31:15 gz /tmp/work/babylon.min.js -> /output/babylon.min.js.gz
2024/06/13 07:31:15 sri /tmp/work/babylon.js -> /output/babylon.js.sri
2024/06/13 07:31:15 algorithm: run /usr/bin/brotli --quality=11 --output=/output/babylon.js.br /tmp/work/babylon.js
2024/06/13 07:31:19 br /tmp/work/babylon.js.map -> /output/babylon.js.map.br
2024/06/13 07:31:21 gz /tmp/work/babylon.js.map -> /output/babylon.js.map.gz
2024/06/13 07:31:25 br /tmp/work/babylon.js -> /output/babylon.js.br
2024/06/13 07:31:25 gz /tmp/work/babylon.js -> /output/babylon.js.gz
2024/06/13 07:31:25 processed babylonjs
