config: {"authors":[{"name":"Simon Guo","email":"simonguo.2009@gmail.com"}],"autoupdate":{"source":"npm","target":"rsuite","fileMap":[{"basePath":"dist","files":["**/*"]}]},"description":"A suite of react components","filename":"rsuite.min.js","homepage":"https://rsuitejs.com/","keywords":["react","rsuite","component","react-component"],"license":"MIT","name":"rsuite","repository":{"type":"git","url":"https://github.com/rsuite/rsuite.git"},"author":"Simon Guo \u003csimonguo.2009@gmail.com\u003e"}
KV keys:
- rsuite/5.15.1/rsuite-rtl.css.br
- rsuite/5.15.1/rsuite-rtl.css.gz
- rsuite/5.15.1/rsuite-rtl.min.css.br
- rsuite/5.15.1/rsuite-rtl.min.css.gz
- rsuite/5.15.1/rsuite-rtl.min.css.map.br
- rsuite/5.15.1/rsuite-rtl.min.css.map.gz
- rsuite/5.15.1/rsuite.css.br
- rsuite/5.15.1/rsuite.css.gz
- rsuite/5.15.1/rsuite.js.br
- rsuite/5.15.1/rsuite.js.gz
- rsuite/5.15.1/rsuite.js.map.br
- rsuite/5.15.1/rsuite.js.map.gz
- rsuite/5.15.1/rsuite.min.css.br
- rsuite/5.15.1/rsuite.min.css.gz
- rsuite/5.15.1/rsuite.min.css.map.br
- rsuite/5.15.1/rsuite.min.css.map.gz
- rsuite/5.15.1/rsuite.min.js.LICENSE.txt.br
- rsuite/5.15.1/rsuite.min.js.LICENSE.txt.gz
- rsuite/5.15.1/rsuite.min.js.br
- rsuite/5.15.1/rsuite.min.js.gz
- rsuite/5.15.1/rsuite.min.js.map.br
- rsuite/5.15.1/rsuite.min.js.map.gz
SRIs:
- rsuite/5.15.1/rsuite-rtl.css: sha512-PPnhq1mtLA4/1kxwuMHiTA0UK/xng5YA1N6O5pe7Z/Re3c/mbQjOBBAaJnNhfrj9v3ARtMYgVbi12CdPCtopqw==
- rsuite/5.15.1/rsuite-rtl.min.css: sha512-V9KtF/fsaCkq8hP4PqoZuRxk8ecBpCMrsG2JTJ2616EY1ZFuAEsceW1KSMvT60zP4bf78r03hffQYNQ13y1ZpA==
- rsuite/5.15.1/rsuite.css: sha512-2aRIWTEKitzrGDUm6eppiphrmW2nmPvxPTD2Fbb5KdeSKL/q2HxgxlWT33Gf/Khkski2znEUZtHEro6teyhebA==
- rsuite/5.15.1/rsuite.js: sha512-QpfJ48WcXyXnz+16m+EEGuhCN02DmDS0Z60jklsvtCllvwbJPWH9TlWgS0e+u2mVROneLEvC3I0sdz5G+hKdBw==
- rsuite/5.15.1/rsuite.min.css: sha512-pfAd3eiWmcCkSA8TuAOfiCLDGj7L5e0veVV6x7BbP2OW41dlGl9qH/EW6Zi5egGKiU8Y2X9/uU1vZuBjCWDy+Q==
- rsuite/5.15.1/rsuite.min.js: sha512-+y2wxZOoloRAG0YWyxf5kAvXPbqCTfeu2VNJt84Shesa3UmyU1cnlefBr6zNOgt/tOTkXIF5Ptwa7F4PQkbqEA==
