config: {"authors":[{"name":"Facebook"}],"autoupdate":{"source":"npm","target":"react-dom","fileMap":[{"basePath":"dist","files":["**/*"]},{"basePath":"","files":["+(cjs|umd)/**/*"]}],"ignoreVersions":["*-alpha.*[a-z]*","0.0.0-*"]},"description":"The entry point of the DOM-related rendering paths. It is intended to be paired with the isomorphic React, which is shipped as react to npm.","filename":"umd/react-dom.production.min.js","homepage":"https://facebook.github.io/react/","keywords":["react","jsx","transformer","view","dom","server"],"license":"MIT","name":"react-dom","repository":{"type":"git","url":"https://github.com/facebook/react"},"author":"Facebook"}
KV keys:
- react-dom/18.3.0-next-594093496-20230209/cjs/react-dom-server-legacy.browser.development.js.br
- react-dom/18.3.0-next-594093496-20230209/cjs/react-dom-server-legacy.browser.development.js.gz
- react-dom/18.3.0-next-594093496-20230209/cjs/react-dom-server-legacy.browser.development.min.js.br
- react-dom/18.3.0-next-594093496-20230209/cjs/react-dom-server-legacy.browser.development.min.js.gz
- react-dom/18.3.0-next-594093496-20230209/cjs/react-dom-server-legacy.browser.production.min.js.br
- react-dom/18.3.0-next-594093496-20230209/cjs/react-dom-server-legacy.browser.production.min.js.gz
- react-dom/18.3.0-next-594093496-20230209/cjs/react-dom-server-legacy.node.development.js.br
- react-dom/18.3.0-next-594093496-20230209/cjs/react-dom-server-legacy.node.development.js.gz
- react-dom/18.3.0-next-594093496-20230209/cjs/react-dom-server-legacy.node.development.min.js.br
- react-dom/18.3.0-next-594093496-20230209/cjs/react-dom-server-legacy.node.development.min.js.gz
- react-dom/18.3.0-next-594093496-20230209/cjs/react-dom-server-legacy.node.production.min.js.br
- react-dom/18.3.0-next-594093496-20230209/cjs/react-dom-server-legacy.node.production.min.js.gz
- react-dom/18.3.0-next-594093496-20230209/cjs/react-dom-server-rendering-stub.development.js.br
- react-dom/18.3.0-next-594093496-20230209/cjs/react-dom-server-rendering-stub.development.js.gz
- react-dom/18.3.0-next-594093496-20230209/cjs/react-dom-server-rendering-stub.development.min.js.br
- react-dom/18.3.0-next-594093496-20230209/cjs/react-dom-server-rendering-stub.development.min.js.gz
- react-dom/18.3.0-next-594093496-20230209/cjs/react-dom-server-rendering-stub.production.min.js.br
- react-dom/18.3.0-next-594093496-20230209/cjs/react-dom-server-rendering-stub.production.min.js.gz
- react-dom/18.3.0-next-594093496-20230209/cjs/react-dom-server.browser.development.js.br
- react-dom/18.3.0-next-594093496-20230209/cjs/react-dom-server.browser.development.js.gz
- react-dom/18.3.0-next-594093496-20230209/cjs/react-dom-server.browser.development.min.js.br
- react-dom/18.3.0-next-594093496-20230209/cjs/react-dom-server.browser.development.min.js.gz
- react-dom/18.3.0-next-594093496-20230209/cjs/react-dom-server.browser.production.min.js.br
- react-dom/18.3.0-next-594093496-20230209/cjs/react-dom-server.browser.production.min.js.gz
- react-dom/18.3.0-next-594093496-20230209/cjs/react-dom-server.bun.development.js.br
- react-dom/18.3.0-next-594093496-20230209/cjs/react-dom-server.bun.development.js.gz
- react-dom/18.3.0-next-594093496-20230209/cjs/react-dom-server.bun.development.min.js.br
- react-dom/18.3.0-next-594093496-20230209/cjs/react-dom-server.bun.development.min.js.gz
- react-dom/18.3.0-next-594093496-20230209/cjs/react-dom-server.bun.production.min.js.br
- react-dom/18.3.0-next-594093496-20230209/cjs/react-dom-server.bun.production.min.js.gz
- react-dom/18.3.0-next-594093496-20230209/cjs/react-dom-server.edge.development.js.br
- react-dom/18.3.0-next-594093496-20230209/cjs/react-dom-server.edge.development.js.gz
- react-dom/18.3.0-next-594093496-20230209/cjs/react-dom-server.edge.development.min.js.br
- react-dom/18.3.0-next-594093496-20230209/cjs/react-dom-server.edge.development.min.js.gz
- react-dom/18.3.0-next-594093496-20230209/cjs/react-dom-server.edge.production.min.js.br
- react-dom/18.3.0-next-594093496-20230209/cjs/react-dom-server.edge.production.min.js.gz
- react-dom/18.3.0-next-594093496-20230209/cjs/react-dom-server.node.development.js.br
- react-dom/18.3.0-next-594093496-20230209/cjs/react-dom-server.node.development.js.gz
- react-dom/18.3.0-next-594093496-20230209/cjs/react-dom-server.node.development.min.js.br
- react-dom/18.3.0-next-594093496-20230209/cjs/react-dom-server.node.development.min.js.gz
- react-dom/18.3.0-next-594093496-20230209/cjs/react-dom-server.node.production.min.js.br
- react-dom/18.3.0-next-594093496-20230209/cjs/react-dom-server.node.production.min.js.gz
- react-dom/18.3.0-next-594093496-20230209/cjs/react-dom-test-utils.development.js.br
- react-dom/18.3.0-next-594093496-20230209/cjs/react-dom-test-utils.development.js.gz
- react-dom/18.3.0-next-594093496-20230209/cjs/react-dom-test-utils.development.min.js.br
- react-dom/18.3.0-next-594093496-20230209/cjs/react-dom-test-utils.development.min.js.gz
- react-dom/18.3.0-next-594093496-20230209/cjs/react-dom-test-utils.production.min.js.br
- react-dom/18.3.0-next-594093496-20230209/cjs/react-dom-test-utils.production.min.js.gz
- react-dom/18.3.0-next-594093496-20230209/cjs/react-dom.development.js.br
- react-dom/18.3.0-next-594093496-20230209/cjs/react-dom.development.js.gz
- react-dom/18.3.0-next-594093496-20230209/cjs/react-dom.development.min.js.br
- react-dom/18.3.0-next-594093496-20230209/cjs/react-dom.development.min.js.gz
- react-dom/18.3.0-next-594093496-20230209/cjs/react-dom.production.min.js.br
- react-dom/18.3.0-next-594093496-20230209/cjs/react-dom.production.min.js.gz
- react-dom/18.3.0-next-594093496-20230209/cjs/react-dom.profiling.min.js.br
- react-dom/18.3.0-next-594093496-20230209/cjs/react-dom.profiling.min.js.gz
- react-dom/18.3.0-next-594093496-20230209/umd/react-dom-server-legacy.browser.development.js.br
- react-dom/18.3.0-next-594093496-20230209/umd/react-dom-server-legacy.browser.development.js.gz
- react-dom/18.3.0-next-594093496-20230209/umd/react-dom-server-legacy.browser.development.min.js.br
- react-dom/18.3.0-next-594093496-20230209/umd/react-dom-server-legacy.browser.development.min.js.gz
- react-dom/18.3.0-next-594093496-20230209/umd/react-dom-server-legacy.browser.production.min.js.br
- react-dom/18.3.0-next-594093496-20230209/umd/react-dom-server-legacy.browser.production.min.js.gz
- react-dom/18.3.0-next-594093496-20230209/umd/react-dom-server-rendering-stub.development.js.br
- react-dom/18.3.0-next-594093496-20230209/umd/react-dom-server-rendering-stub.development.js.gz
- react-dom/18.3.0-next-594093496-20230209/umd/react-dom-server-rendering-stub.development.min.js.br
- react-dom/18.3.0-next-594093496-20230209/umd/react-dom-server-rendering-stub.development.min.js.gz
- react-dom/18.3.0-next-594093496-20230209/umd/react-dom-server-rendering-stub.production.min.js.br
- react-dom/18.3.0-next-594093496-20230209/umd/react-dom-server-rendering-stub.production.min.js.gz
- react-dom/18.3.0-next-594093496-20230209/umd/react-dom-server.browser.development.js.br
- react-dom/18.3.0-next-594093496-20230209/umd/react-dom-server.browser.development.js.gz
- react-dom/18.3.0-next-594093496-20230209/umd/react-dom-server.browser.development.min.js.br
- react-dom/18.3.0-next-594093496-20230209/umd/react-dom-server.browser.development.min.js.gz
- react-dom/18.3.0-next-594093496-20230209/umd/react-dom-server.browser.production.min.js.br
- react-dom/18.3.0-next-594093496-20230209/umd/react-dom-server.browser.production.min.js.gz
- react-dom/18.3.0-next-594093496-20230209/umd/react-dom-test-utils.development.js.br
- react-dom/18.3.0-next-594093496-20230209/umd/react-dom-test-utils.development.js.gz
- react-dom/18.3.0-next-594093496-20230209/umd/react-dom-test-utils.development.min.js.br
- react-dom/18.3.0-next-594093496-20230209/umd/react-dom-test-utils.development.min.js.gz
- react-dom/18.3.0-next-594093496-20230209/umd/react-dom-test-utils.production.min.js.br
- react-dom/18.3.0-next-594093496-20230209/umd/react-dom-test-utils.production.min.js.gz
- react-dom/18.3.0-next-594093496-20230209/umd/react-dom.development.js.br
- react-dom/18.3.0-next-594093496-20230209/umd/react-dom.development.js.gz
- react-dom/18.3.0-next-594093496-20230209/umd/react-dom.development.min.js.br
- react-dom/18.3.0-next-594093496-20230209/umd/react-dom.development.min.js.gz
- react-dom/18.3.0-next-594093496-20230209/umd/react-dom.production.min.js.br
- react-dom/18.3.0-next-594093496-20230209/umd/react-dom.production.min.js.gz
- react-dom/18.3.0-next-594093496-20230209/umd/react-dom.profiling.min.js.br
- react-dom/18.3.0-next-594093496-20230209/umd/react-dom.profiling.min.js.gz
SRIs:
- react-dom/18.3.0-next-594093496-20230209/cjs/react-dom-server-legacy.browser.development.js: sha512-hD/2FgRniY6Zj7H6MNw2Vvpv7z1Sl0eYf8BFJTWTQGrqYjh30ERFVHseGQGC/ZBWtTAISfRLYqMEMzKRkE0TfA==
- react-dom/18.3.0-next-594093496-20230209/cjs/react-dom-server-legacy.browser.production.min.js: sha512-NPczz1EsNmet7X8GFx3ZYsXRLw3R4TdXj+bM2aZnu/hq6W7onnHrOWHZpi8IJKPQ9TtxywcbYuVsvzhwpNAkwQ==
- react-dom/18.3.0-next-594093496-20230209/cjs/react-dom-server-legacy.node.production.min.js: sha512-jKXcmulUP2dukTZh2oGW6UpQnpLqRfTyvuBZvZMTQdE7Fak9h0NnNAfnzjxH+h32IQ5xZqtB4rLjawCAYzMQxQ==
- react-dom/18.3.0-next-594093496-20230209/cjs/react-dom-server.bun.production.min.js: sha512-D7DnAhLQAd2hjcTGlSmAvF1ZdpTVlY8vaYTtT/XLvp0E3M1YfpFMEc5QHR5cQEGdjrvCwq8mX1UbqZp+wjm4hw==
- react-dom/18.3.0-next-594093496-20230209/cjs/react-dom-server.node.development.js: sha512-1E9nLUvoqedYshldZS4EhtW7YO8M9BIH/rBM/CKFFMRrZR3r017ZQwF4fyG3e/4Cvy7XWWHxv2xGXfB9U1Tpxg==
- react-dom/18.3.0-next-594093496-20230209/cjs/react-dom-server.node.development.min.js: sha512-0yHho+aIlIe1NEuGQSP6a5ofDIY39Wy+9kNTGyl4nVx+utmPpgTl0A+3izCoLVYMApQwVGqmks9Zci1pBpaK1g==
- react-dom/18.3.0-next-594093496-20230209/umd/react-dom-server-rendering-stub.development.js: sha512-zsIDigZahKm2eij4l5ywGtyVbc/XqZ/dpbQOxCatuD0WPU/ZLUzl87dq/BKFxfP7KbJ1izeSe762O6h0G15iUg==
- react-dom/18.3.0-next-594093496-20230209/umd/react-dom-server.browser.development.min.js: sha512-Fn1mgGIrpMt/jKjK0pDqSroVDC9KzyjYywqWaaR1kwrYBoc404+qLpy6HCMYYwVyy5HI679KWHaXUkF0YKe/7Q==
- react-dom/18.3.0-next-594093496-20230209/umd/react-dom-server.browser.production.min.js: sha512-o8OdfJe4L0ctFgJmRm0AG7HG7FqpuBicp5PzgEcc9ge7kcfoWikLqPRDDf7FsnuHJnplZKvrDbdo9tOrIcjhtQ==
- react-dom/18.3.0-next-594093496-20230209/cjs/react-dom-server-legacy.node.development.js: sha512-w7m+AgwXCEWiYjjJbzepC1tvNj+FAkn/QbaHzfFhcQRweXV8YQ7vCO0gqOWOseHA2eqBxp5Yss4s1U5OaUTZdQ==
- react-dom/18.3.0-next-594093496-20230209/cjs/react-dom-server-rendering-stub.production.min.js: sha512-CNA6/mCtulnmt6WGWU+1/PDAGAA3M9l5DdxOMJm6PUapKxqZEKK2fJ/b1W5pmEniOYPVetkrVjKKOG9r23fb6g==
- react-dom/18.3.0-next-594093496-20230209/cjs/react-dom-server.edge.development.js: sha512-nOf7iZiC3/aZ/92X1LRNn+WQ9+GC7u3pR669SFlSJxPGk9YQjhBjtKmY0fFQd/h3Xqxi7OkcvQw3eqY1UmDtIA==
- react-dom/18.3.0-next-594093496-20230209/cjs/react-dom.development.min.js: sha512-/j2Q8Z7qYtceUbAh9vfhtB23cFTSw7UR0qgrZQgofEO26mo3MLyUwnZ+idI27QWQvLRo/KU+4ZD6gjKJ1nTghA==
- react-dom/18.3.0-next-594093496-20230209/umd/react-dom-test-utils.production.min.js: sha512-+0nz0Vs6siU04iJStGujjjD1ILwtNuAGaRG91/EnqRCTZnJrDZovXNznudZJeIg6vJ/Vt8PMfuRh4gHKuSsxUA==
- react-dom/18.3.0-next-594093496-20230209/cjs/react-dom-server.browser.production.min.js: sha512-b63fE1jH964F3afwuWo8JRJA6CiAMTnzelXssAPrFSOJW/rjco+Xm55/1Cx96FI6Yk9ktfEGUel7u9i9J0mU0w==
- react-dom/18.3.0-next-594093496-20230209/cjs/react-dom-server.bun.development.min.js: sha512-Am3oEhJvMKgUpkJhlx9MObbv0lt+W5HQQvCt480Y+XBkMaf2eCm8ZbYlZiUFAyQWFmRxAtV/ce5hDrxYvHGZQQ==
- react-dom/18.3.0-next-594093496-20230209/umd/react-dom-server-legacy.browser.development.min.js: sha512-OMLbsuj6vOTA8Th6IsglNfYaF6g1kfaPQunKWgX5Ez2E/95yfbFgyQg+4CZuAAeLPV/A6aCPcQruOvyvs/Fg6A==
- react-dom/18.3.0-next-594093496-20230209/umd/react-dom-server-legacy.browser.production.min.js: sha512-sw0Qo/z2OQ8/khsfQcDXaqDijrWXVnKYXW4hKGmfO92EcehPd6MlHEpwQf+EVm8SMM47S8qyj77UHsyp9WEeEg==
- react-dom/18.3.0-next-594093496-20230209/umd/react-dom-server-rendering-stub.development.min.js: sha512-aX0d0yrVuvYKXlX1DCEfUyzTR27bGbawglQ3hWj0YpqIcG8k9QeZRrd9ewp4NzbRgvn8O3LMD5rhqWqt2tmC+g==
- react-dom/18.3.0-next-594093496-20230209/umd/react-dom-test-utils.development.min.js: sha512-8kz49BAsG2jsHK184H6VSPUEJoB+AFxqozLKC+N2upffMUL8CcG1GKGb7SwkN1edw4fnCVt8kddvjymevQBu6w==
- react-dom/18.3.0-next-594093496-20230209/cjs/react-dom-server-legacy.browser.development.min.js: sha512-7rqnrz2V7k4j6jCfrjFLiIcGxQYykOiiRPkgzmzh1KaX617BwgN8y65PwzupM0+uHfLI9sHWeUsLA52eDpIphw==
- react-dom/18.3.0-next-594093496-20230209/cjs/react-dom-server-rendering-stub.development.min.js: sha512-bPPCu4fMgMoGAYX/zaQzLbgpWSJ2BUB/2XEON65haKaab6FYeP1xBj90VxNlxjNxqTaM1tAEOry8qjfm7S9tgA==
- react-dom/18.3.0-next-594093496-20230209/cjs/react-dom-server.browser.development.min.js: sha512-P4b8f67shbPRDEbn7vzHL0ATOFDblLM6UY/PuqzqTz+k0ILcX0O6g+WAhjfAToZ2fwz900DJXwd37j/n+D4hEA==
- react-dom/18.3.0-next-594093496-20230209/cjs/react-dom-server.edge.production.min.js: sha512-CBs59m+Tv7pcN/Jb3K7j5xx8gdVfJ9XCpGgNVwJLBrbpUxkpQIsM1VQpO8sHhqJzAew1TMcBtfocXXKHM9cOuA==
- react-dom/18.3.0-next-594093496-20230209/cjs/react-dom-server.node.production.min.js: sha512-AVg+XIXUaQ0+saQcojJvy9XLi7B6hLq2sY9Aab0BNgpyF/R4RyemUbwpB0duxem8l8EAg4j9AN+d4gXctqTwJQ==
- react-dom/18.3.0-next-594093496-20230209/cjs/react-dom.development.js: sha512-oWjug47V+7uHSxrg76GBw6k8543lahfquwltfW86KWAGPZRrLJp4x3vsZ+Ar32bgtXhOhYTBhxRLG86OJFaURQ==
- react-dom/18.3.0-next-594093496-20230209/cjs/react-dom-server-legacy.node.development.min.js: sha512-n+q1ar2UXHnoxtpVLyq4euCVXyRFfVvCU9ZdJkoCVlLgo9JX113YYWegnaKMeLlLcfly7+QYubxmWG0d3SgOGw==
- react-dom/18.3.0-next-594093496-20230209/cjs/react-dom-server.edge.development.min.js: sha512-wW7piAfNT364Wtjr0JOa6YO7k2LkF13e8NzF6eu5jU5IpF8fztxNyGYFKJ2/zOHpo4zx8PYDU5t7ZJ+NQjdNeg==
- react-dom/18.3.0-next-594093496-20230209/cjs/react-dom-test-utils.development.min.js: sha512-SC6uXMz4Aa48GitWgnrb5OMiql82LXYxKiVxsWEQyqA3ewdR1Vn4hDWbs00IDU2OjhaJ0tHY/+9bvKxqsoQAWg==
- react-dom/18.3.0-next-594093496-20230209/umd/react-dom.development.js: sha512-oUN1s7weU2PdsE4YDun+Lu9A8tS7Ay9mMjkcunrthDcSDMY68chraUbEb4rstPuJ4hiECVEJaxoYlbFXJKmirQ==
- react-dom/18.3.0-next-594093496-20230209/cjs/react-dom-server.browser.development.js: sha512-5Wt7aqSVaWgaS9bMzNxVPCA61A3Wm71HiK0/9bIZ6TVNCtzkYwDSKENeJE5fLyZwBH4xc7n9ahe9JXIhXjueqA==
- react-dom/18.3.0-next-594093496-20230209/cjs/react-dom-test-utils.development.js: sha512-iclZ3+98hwOZdl1lGfnBIELiV56zDEUSrqe3YFSHGfw5TV8TffUBfZIWadXLvOwTQyO2qZt8Nxdst9JT9NorYA==
- react-dom/18.3.0-next-594093496-20230209/cjs/react-dom.profiling.min.js: sha512-4tKf5zmg1o8Oi2dN2u9wb9DeCsPEJfE+EXhTmKA4BpjsMgHzLvzDPiq4xplVT1kewFjb49W4uDZ33nJZ7KtRcA==
- react-dom/18.3.0-next-594093496-20230209/umd/react-dom-test-utils.development.js: sha512-MTahcF+KfI8qiAnaSviU94j0fvH4Qjb3kKRm7wsqnUXf0YGhrAEGNrssPDLoqQBM9y0WXVgHETHEEg/iWFgZ9w==
- react-dom/18.3.0-next-594093496-20230209/umd/react-dom.profiling.min.js: sha512-HbO+F/Boj1D0Sq6BhgB0oNMdfLI8iQRUfGqCraO20fPmIpsrD2Qd4Bp9uBk0dPkSPOvZ79dZRn5Gk7KQ4BoFDA==
- react-dom/18.3.0-next-594093496-20230209/cjs/react-dom-server.bun.development.js: sha512-/4kudMq5KYWAuj0gZDs4pOeKwaZDSmMSpyCW8boAIt1x6N8CDQ1OUhG/LMncLSQL9OGo7NZZbCSsF0ONe2U62w==
- react-dom/18.3.0-next-594093496-20230209/umd/react-dom.development.min.js: sha512-it8Q+8/el81+qGLFADunqJ+3jnhL5NqHwCNAfbrp79NvWcDtys2z5IOUjfRTeUHo1st0vl2xR9eug5sFGqxERA==
- react-dom/18.3.0-next-594093496-20230209/umd/react-dom.production.min.js: sha512-r40stuU6rEoPTIYDNqrwJ8DiaOaTa5NBBQkg0Ji6MarOf5x5G5BuhUfn7OIepHbVsr+lEnsJy70ALOZ77e1pgQ==
- react-dom/18.3.0-next-594093496-20230209/cjs/react-dom-server-rendering-stub.development.js: sha512-di7jSRFS34Euj0xx8QbuSxeQN4SkyPdeLSs8ae1nof9cBUhZiY0dgd28e1cuID56vY4Jenosuf1OiygiocJa/w==
- react-dom/18.3.0-next-594093496-20230209/cjs/react-dom-test-utils.production.min.js: sha512-P9fJUdX3kYuBhc8lWQ/vfYzEDA2KdPrxL55XlUWrOONZTW0SX9Nk8oR4Qi9mcRpeljvbueffYhQGbEPHhDYFvg==
- react-dom/18.3.0-next-594093496-20230209/cjs/react-dom.production.min.js: sha512-vnRBNjWTa+0SbDIC1VxlEwe0hEyRw1TMhnihUCnKmg+KUg8OzAbUuXr48a+NRjYiPH5yTxGhnNf997oRXwuvUA==
- react-dom/18.3.0-next-594093496-20230209/umd/react-dom-server-legacy.browser.development.js: sha512-5qa77XhmaVSRduYkwvqpJgIF1HPhm0eNIuol69Ly5KK/o0huswZrfvTKgRHmAVRtiS+wR/kuy9fwBFl02V1PjQ==
- react-dom/18.3.0-next-594093496-20230209/umd/react-dom-server-rendering-stub.production.min.js: sha512-eu/bZ8uLWA7HWwOKho2ezDSjrI2i2T4pcpyTkLfn3ZdN7NFMR6fuJlECm0/XkPj01ZZEoZ3TSHTG7QIxsg6fiw==
- react-dom/18.3.0-next-594093496-20230209/umd/react-dom-server.browser.development.js: sha512-z2ryzJXgl1n/yci2FC5uEFEZ79I/AdOEbyrMPe7dXHPHKiF+f4y1fZ7raTfVFv20EjbrB+h6qpei3IMVOzgJaA==
