Files:
- fontsource-nuosu-sil/4.5.2/400.css.br
- fontsource-nuosu-sil/4.5.2/400.css.gz
- fontsource-nuosu-sil/4.5.2/400.min.css.br
- fontsource-nuosu-sil/4.5.2/400.min.css.gz
- fontsource-nuosu-sil/4.5.2/files/nuosu-sil-all-400-normal.woff.br
- fontsource-nuosu-sil/4.5.2/files/nuosu-sil-all-400-normal.woff.gz
- fontsource-nuosu-sil/4.5.2/files/nuosu-sil-latin-400-normal.woff.br
- fontsource-nuosu-sil/4.5.2/files/nuosu-sil-latin-400-normal.woff.gz
- fontsource-nuosu-sil/4.5.2/files/nuosu-sil-latin-400-normal.woff2
- fontsource-nuosu-sil/4.5.2/files/nuosu-sil-latin-ext-400-normal.woff.br
- fontsource-nuosu-sil/4.5.2/files/nuosu-sil-latin-ext-400-normal.woff.gz
- fontsource-nuosu-sil/4.5.2/files/nuosu-sil-latin-ext-400-normal.woff2
- fontsource-nuosu-sil/4.5.2/files/nuosu-sil-yi-400-normal.woff.br
- fontsource-nuosu-sil/4.5.2/files/nuosu-sil-yi-400-normal.woff.gz
- fontsource-nuosu-sil/4.5.2/files/nuosu-sil-yi-400-normal.woff2
- fontsource-nuosu-sil/4.5.2/index.css.br
- fontsource-nuosu-sil/4.5.2/index.css.gz
- fontsource-nuosu-sil/4.5.2/index.min.css.br
- fontsource-nuosu-sil/4.5.2/index.min.css.gz
- fontsource-nuosu-sil/4.5.2/latin-400.css.br
- fontsource-nuosu-sil/4.5.2/latin-400.css.gz
- fontsource-nuosu-sil/4.5.2/latin-400.min.css.br
- fontsource-nuosu-sil/4.5.2/latin-400.min.css.gz
- fontsource-nuosu-sil/4.5.2/latin-ext-400.css.br
- fontsource-nuosu-sil/4.5.2/latin-ext-400.css.gz
- fontsource-nuosu-sil/4.5.2/latin-ext-400.min.css.br
- fontsource-nuosu-sil/4.5.2/latin-ext-400.min.css.gz
- fontsource-nuosu-sil/4.5.2/latin-ext.css.br
- fontsource-nuosu-sil/4.5.2/latin-ext.css.gz
- fontsource-nuosu-sil/4.5.2/latin-ext.min.css.br
- fontsource-nuosu-sil/4.5.2/latin-ext.min.css.gz
- fontsource-nuosu-sil/4.5.2/latin.css.br
- fontsource-nuosu-sil/4.5.2/latin.css.gz
- fontsource-nuosu-sil/4.5.2/latin.min.css.br
- fontsource-nuosu-sil/4.5.2/latin.min.css.gz
- fontsource-nuosu-sil/4.5.2/yi-400.css.br
- fontsource-nuosu-sil/4.5.2/yi-400.css.gz
- fontsource-nuosu-sil/4.5.2/yi-400.min.css.br
- fontsource-nuosu-sil/4.5.2/yi-400.min.css.gz
- fontsource-nuosu-sil/4.5.2/yi.css.br
- fontsource-nuosu-sil/4.5.2/yi.css.gz
- fontsource-nuosu-sil/4.5.2/yi.min.css.br
- fontsource-nuosu-sil/4.5.2/yi.min.css.gz
