config: {"autoupdate":{"source":"git","target":"git://github.com/nuxt/vue-meta.git","fileMap":[{"basePath":"dist","files":["**/*"]}]},"description":"Manage HTML metadata in Vue.js components with ssr support","filename":"vue-meta.min.js","keywords":["attribute","google","head","helmet","info","metadata","meta","seo","server","ssr","title","universal","vue"],"license":"MIT","name":"vue-meta","repository":{"type":"git","url":"https://github.com/nuxt/vue-meta"}}
KV keys:
- vue-meta/3.0.0-alpha.7/vue-meta-ssr.d.ts.br
- vue-meta/3.0.0-alpha.7/vue-meta-ssr.d.ts.gz
- vue-meta/3.0.0-alpha.7/vue-meta.cjs.js.br
- vue-meta/3.0.0-alpha.7/vue-meta.cjs.js.gz
- vue-meta/3.0.0-alpha.7/vue-meta.cjs.min.js.br
- vue-meta/3.0.0-alpha.7/vue-meta.cjs.min.js.gz
- vue-meta/3.0.0-alpha.7/vue-meta.cjs.prod.js.br
- vue-meta/3.0.0-alpha.7/vue-meta.cjs.prod.js.gz
- vue-meta/3.0.0-alpha.7/vue-meta.cjs.prod.min.js.br
- vue-meta/3.0.0-alpha.7/vue-meta.cjs.prod.min.js.gz
- vue-meta/3.0.0-alpha.7/vue-meta.d.ts.br
- vue-meta/3.0.0-alpha.7/vue-meta.d.ts.gz
- vue-meta/3.0.0-alpha.7/vue-meta.esm-browser.js.br
- vue-meta/3.0.0-alpha.7/vue-meta.esm-browser.js.gz
- vue-meta/3.0.0-alpha.7/vue-meta.esm-browser.min.js.br
- vue-meta/3.0.0-alpha.7/vue-meta.esm-browser.min.js.gz
- vue-meta/3.0.0-alpha.7/vue-meta.esm-bundler.js.br
- vue-meta/3.0.0-alpha.7/vue-meta.esm-bundler.js.gz
- vue-meta/3.0.0-alpha.7/vue-meta.esm-bundler.min.js.br
- vue-meta/3.0.0-alpha.7/vue-meta.esm-bundler.min.js.gz
- vue-meta/3.0.0-alpha.7/vue-meta.global.js.br
- vue-meta/3.0.0-alpha.7/vue-meta.global.js.gz
- vue-meta/3.0.0-alpha.7/vue-meta.global.min.js.br
- vue-meta/3.0.0-alpha.7/vue-meta.global.min.js.gz
SRIs:
- vue-meta/3.0.0-alpha.7/vue-meta.cjs.prod.js: sha512-QkNrU7b7wIXeLTezuJjBSz22WWK5+O5uEwo6/1S5h+HHxhKP5CeHdrcsPaMPL8BV92goehIbeYIOJ7OkTbInqQ==
- vue-meta/3.0.0-alpha.7/vue-meta.esm-browser.js: sha512-/6JYGeMdXXL7z++X9CucCpR9LZMdQ67ASa84SZWxVNgezP4RAWuX3crWUvQd0/mlPfhHFdrhZ4FZuK8ZY4Xn0A==
- vue-meta/3.0.0-alpha.7/vue-meta.esm-browser.min.js: sha512-OiiooThuZAmU8hQNJXfkbMQfqEUX1Syfi/SPRBGM8wkuMKqmGxlUixow5w9AwOjlSjlaaAOYrgPL8rhUujTp5Q==
- vue-meta/3.0.0-alpha.7/vue-meta.esm-bundler.js: sha512-Kr4TLTnFyyJORpd5y3OBl2iO+lincLX95labplh3T9SqWc/i6N+PlFoAjkeBFy0022uPrsvBHzhog85ffv74BA==
- vue-meta/3.0.0-alpha.7/vue-meta.global.min.js: sha512-zMXFWCgzswHOi0NPx3PJ6B4nFgnJdnBnlkAlGrTd5SLleLR6Y22qx2ySd558/fu8e0+evUgDRbulWO4wbuwDYw==
- vue-meta/3.0.0-alpha.7/vue-meta.cjs.js: sha512-aadUIePjVK/i4wXLQy0upsNOH4nuKJeSiBxNF8xDbg3FIb3pfzrq3AjmTRL6+aWUcvR6BKtLtrj0BPA2ydNKtA==
- vue-meta/3.0.0-alpha.7/vue-meta.cjs.min.js: sha512-EqkWltBec3+B/dSJSxcdDw3Y1+2D75Xq9xZp/IJV1W+x8BuAAW5VsrAjgnyYd3JCZDgtXaD++Wud644kpt1HBw==
- vue-meta/3.0.0-alpha.7/vue-meta.global.js: sha512-yzzZpnh/kSDf6IJFSPlzrjGCYs97oBj+0Ocl0oe4qqUg1OiVavhEUTy2LN5EBsll6L77MEHCVqqZksVxLC57Vg==
- vue-meta/3.0.0-alpha.7/vue-meta.cjs.prod.min.js: sha512-fSDryCCr228N9htVWDR7fW74xhrLo+D2eFPBVFv67Txzvbr8nGBTAgSgiikeVYJ2pZVWhBEdXAXt/zi2GzQNIg==
- vue-meta/3.0.0-alpha.7/vue-meta.esm-bundler.min.js: sha512-aOQzJ1oXCF818/lhwQDQFF1XQSd//wvgsemJ/bfPw7XTiOVP34sVKNeSPdYPXS/510ZRUacTqkFu7Nw1nyvzdQ==
