config: {"autoupdate":{"source":"npm","target":"ember-source","fileMap":[{"basePath":"dist","files":["ember*.@(js|map)"]}]},"description":"Ember is a JavaScript framework for creating ambitious web applications that eliminates boilerplate and provides a standard application architecture.","filename":"ember.debug.js","homepage":"http://emberjs.com/","keywords":["ember","ember.js"],"license":"MIT","name":"ember.js","repository":{"type":"git","url":"https://github.com/emberjs/ember.js"}}
KV keys:
- ember.js/5.6.0-alpha.4/ember-template-compiler.js.br
- ember.js/5.6.0-alpha.4/ember-template-compiler.js.gz
- ember.js/5.6.0-alpha.4/ember-template-compiler.map.br
- ember.js/5.6.0-alpha.4/ember-template-compiler.map.gz
- ember.js/5.6.0-alpha.4/ember-template-compiler.min.js.br
- ember.js/5.6.0-alpha.4/ember-template-compiler.min.js.gz
- ember.js/5.6.0-alpha.4/ember-testing.js.br
- ember.js/5.6.0-alpha.4/ember-testing.js.gz
- ember.js/5.6.0-alpha.4/ember-testing.map.br
- ember.js/5.6.0-alpha.4/ember-testing.map.gz
- ember.js/5.6.0-alpha.4/ember-testing.min.js.br
- ember.js/5.6.0-alpha.4/ember-testing.min.js.gz
- ember.js/5.6.0-alpha.4/ember.debug.js.br
- ember.js/5.6.0-alpha.4/ember.debug.js.gz
- ember.js/5.6.0-alpha.4/ember.debug.map.br
- ember.js/5.6.0-alpha.4/ember.debug.map.gz
- ember.js/5.6.0-alpha.4/ember.debug.min.js.br
- ember.js/5.6.0-alpha.4/ember.debug.min.js.gz
SRIs:
- ember.js/5.6.0-alpha.4/ember-template-compiler.js: sha512-sgdka1DFVR68UI1I16LCjgcfQpbLMjgxNBrCfWWNSFQdZENdPyuDFDjLPtMvULBhWu7g8TkzNYGgE1SxQ/1zUQ==
- ember.js/5.6.0-alpha.4/ember-template-compiler.min.js: sha512-fSDAqNc6IUQlJdqTDGrPq6Q1HVmHI4zPdbSwP/7LZqHITGXeHGE9WgSBZp0e/V+69l2Cbnr8VE8LR7MU8DVTiw==
- ember.js/5.6.0-alpha.4/ember-testing.js: sha512-xy3IpdSm8ejXOpc6s4TIUHMMlzmQ5UcCRbvLO2I6TgnbLCIFqzGyZ9B1As7zn1fpT68PYuJPUVcdnc0M/hTmPQ==
- ember.js/5.6.0-alpha.4/ember-testing.min.js: sha512-WLIFa96I51muYPeXSQaKGuiKvWwQlqmT3MdE2HVjK4lLC/2VvVrUjbjS4mVJvzPKpFyDVIW9NoWmWvXIP37l8A==
- ember.js/5.6.0-alpha.4/ember.debug.js: sha512-VIvIdx7Jn5waQODmzeT3X5V60Cqn0tpHblD2Yp/swArDtTgxey5QokMN2yYFVK4JG6lweJf5KzcLZ4iNNg41QA==
- ember.js/5.6.0-alpha.4/ember.debug.min.js: sha512-w5NvOPOvCPHH7BYcpgoDY+Qko6QRhByR8HL8ZABEoDUkUrqIIW6wcxGJorh3fvMkrgQq1+ctnqFYhRI17p+0Ig==
