config: {"authors":[{"name":"Google Inc."}],"autoupdate":{"source":"npm","target":"@fontsource/average-sans","fileMap":[{"basePath":"","files":["*.css","files/*.@(woff|woff2)"]}],"excludeFromSearch":true},"description":"Self-host the Average Sans font in a neatly bundled NPM package.","filename":"index.css","homepage":"https://fontsource.org/fonts/average-sans","keywords":["fontsource","font","font family","google fonts","average-sans","Average Sans","css","sass","front-end","web","typeface","variable"],"license":"OFL-1.1","name":"fontsource-average-sans","repository":{"type":"git","url":"git+https://github.com/fontsource/font-files.git"},"author":"Google Inc."}
KV keys:
- fontsource-average-sans/5.0.14/400.css.br
- fontsource-average-sans/5.0.14/400.css.gz
- fontsource-average-sans/5.0.14/400.min.css.br
- fontsource-average-sans/5.0.14/400.min.css.gz
- fontsource-average-sans/5.0.14/files/average-sans-latin-400-normal.woff.br
- fontsource-average-sans/5.0.14/files/average-sans-latin-400-normal.woff.gz
- fontsource-average-sans/5.0.14/files/average-sans-latin-400-normal.woff2
- fontsource-average-sans/5.0.14/files/average-sans-latin-ext-400-normal.woff.br
- fontsource-average-sans/5.0.14/files/average-sans-latin-ext-400-normal.woff.gz
- fontsource-average-sans/5.0.14/files/average-sans-latin-ext-400-normal.woff2
- fontsource-average-sans/5.0.14/index.css.br
- fontsource-average-sans/5.0.14/index.css.gz
- fontsource-average-sans/5.0.14/index.min.css.br
- fontsource-average-sans/5.0.14/index.min.css.gz
- fontsource-average-sans/5.0.14/latin-400.css.br
- fontsource-average-sans/5.0.14/latin-400.css.gz
- fontsource-average-sans/5.0.14/latin-400.min.css.br
- fontsource-average-sans/5.0.14/latin-400.min.css.gz
- fontsource-average-sans/5.0.14/latin-ext-400.css.br
- fontsource-average-sans/5.0.14/latin-ext-400.css.gz
- fontsource-average-sans/5.0.14/latin-ext-400.min.css.br
- fontsource-average-sans/5.0.14/latin-ext-400.min.css.gz
- fontsource-average-sans/5.0.14/latin-ext.css.br
- fontsource-average-sans/5.0.14/latin-ext.css.gz
- fontsource-average-sans/5.0.14/latin-ext.min.css.br
- fontsource-average-sans/5.0.14/latin-ext.min.css.gz
- fontsource-average-sans/5.0.14/latin.css.br
- fontsource-average-sans/5.0.14/latin.css.gz
- fontsource-average-sans/5.0.14/latin.min.css.br
- fontsource-average-sans/5.0.14/latin.min.css.gz
SRIs:
- fontsource-average-sans/5.0.14/latin-400.css: sha512-kHQYrg2pv3fsv+TQPiMSQIWtPEhtpzrZCmTDQ08/lwIQsbLB45jZA7mEypXe3gh9Q0yOEa6TZbD3ikeOVJ98Ig==
- fontsource-average-sans/5.0.14/latin-ext-400.min.css: sha512-fdIqTVXfPXTUrdQF1TwfqLXWjNyS4iDqIOKjNsyY0V/A5gRHVVrT+5b26XAoJokkLJq5fnbJGXP/UHas9jbVlQ==
- fontsource-average-sans/5.0.14/latin-ext.css: sha512-KYOSnEggJIWYTIGoOTptwYvVpIZXnQiQW4HqEP3Ci4IpMK0bB/dAY3JodQ+q4nOPA/pqMMEpLbmg6EaZani+Bg==
- fontsource-average-sans/5.0.14/400.css: sha512-FAbxZ/WiiPPB2ySEj1NklEnDUFM8XnTslDj8cpFbWxmZF/oPyWtkmCdI+bv8qx2ATHS5NANnk1BPJ8CyZUlULw==
- fontsource-average-sans/5.0.14/index.css: sha512-FAbxZ/WiiPPB2ySEj1NklEnDUFM8XnTslDj8cpFbWxmZF/oPyWtkmCdI+bv8qx2ATHS5NANnk1BPJ8CyZUlULw==
- fontsource-average-sans/5.0.14/latin-400.min.css: sha512-eNWmU3YMfG3mW8opEKc2hOaVS0SOvAG7hipJBCun0ItCueQ6L1nbeNZFxw4k23t9EYu8hhXghmVuVovWqxKXCg==
- fontsource-average-sans/5.0.14/latin-ext-400.css: sha512-KYOSnEggJIWYTIGoOTptwYvVpIZXnQiQW4HqEP3Ci4IpMK0bB/dAY3JodQ+q4nOPA/pqMMEpLbmg6EaZani+Bg==
- fontsource-average-sans/5.0.14/latin-ext.min.css: sha512-fdIqTVXfPXTUrdQF1TwfqLXWjNyS4iDqIOKjNsyY0V/A5gRHVVrT+5b26XAoJokkLJq5fnbJGXP/UHas9jbVlQ==
- fontsource-average-sans/5.0.14/latin.css: sha512-kHQYrg2pv3fsv+TQPiMSQIWtPEhtpzrZCmTDQ08/lwIQsbLB45jZA7mEypXe3gh9Q0yOEa6TZbD3ikeOVJ98Ig==
- fontsource-average-sans/5.0.14/latin.min.css: sha512-eNWmU3YMfG3mW8opEKc2hOaVS0SOvAG7hipJBCun0ItCueQ6L1nbeNZFxw4k23t9EYu8hhXghmVuVovWqxKXCg==
- fontsource-average-sans/5.0.14/400.min.css: sha512-687j7kdfDmfiPRYO2FNO7BhFD/ZyEq37q7vfi1tbJ5QQ40E8wllMxmJem1VLU/waGsQppZ2nHKLw25QISazffQ==
- fontsource-average-sans/5.0.14/index.min.css: sha512-687j7kdfDmfiPRYO2FNO7BhFD/ZyEq37q7vfi1tbJ5QQ40E8wllMxmJem1VLU/waGsQppZ2nHKLw25QISazffQ==
