config: {"authors":[{"name":"Guillaume du Pontavice","email":"g.du.pontavice@gmail.com"}],"autoupdate":{"source":"npm","target":"hls.js","fileMap":[{"basePath":"dist","files":["**/!(*-demo.*)"]}],"ignoreVersions":["*-canary.*"]},"description":"JavaScript HLS client using MediaSourceExtension","filename":"hls.min.js","homepage":"https://hls-js.netlify.com/demo/","keywords":["hls.js","video","streaming","mediasource","player"],"license":"Apache-2.0","name":"hls.js","repository":{"type":"git","url":"git://github.com/video-dev/hls.js"},"author":"Guillaume du Pontavice \u003cg.du.pontavice@gmail.com\u003e"}
KV keys:
- hls.js/1.5.7-0.canary.10014/hls.js.br
- hls.js/1.5.7-0.canary.10014/hls.js.d.ts.br
- hls.js/1.5.7-0.canary.10014/hls.js.d.ts.gz
- hls.js/1.5.7-0.canary.10014/hls.js.gz
- hls.js/1.5.7-0.canary.10014/hls.js.map.br
- hls.js/1.5.7-0.canary.10014/hls.js.map.gz
- hls.js/1.5.7-0.canary.10014/hls.light.js.br
- hls.js/1.5.7-0.canary.10014/hls.light.js.gz
- hls.js/1.5.7-0.canary.10014/hls.light.js.map.br
- hls.js/1.5.7-0.canary.10014/hls.light.js.map.gz
- hls.js/1.5.7-0.canary.10014/hls.light.min.js.br
- hls.js/1.5.7-0.canary.10014/hls.light.min.js.gz
- hls.js/1.5.7-0.canary.10014/hls.light.min.js.map.br
- hls.js/1.5.7-0.canary.10014/hls.light.min.js.map.gz
- hls.js/1.5.7-0.canary.10014/hls.light.mjs.br
- hls.js/1.5.7-0.canary.10014/hls.light.mjs.gz
- hls.js/1.5.7-0.canary.10014/hls.light.mjs.map.br
- hls.js/1.5.7-0.canary.10014/hls.light.mjs.map.gz
- hls.js/1.5.7-0.canary.10014/hls.min.js.br
- hls.js/1.5.7-0.canary.10014/hls.min.js.gz
- hls.js/1.5.7-0.canary.10014/hls.min.js.map.br
- hls.js/1.5.7-0.canary.10014/hls.min.js.map.gz
- hls.js/1.5.7-0.canary.10014/hls.mjs.br
- hls.js/1.5.7-0.canary.10014/hls.mjs.gz
- hls.js/1.5.7-0.canary.10014/hls.mjs.map.br
- hls.js/1.5.7-0.canary.10014/hls.mjs.map.gz
- hls.js/1.5.7-0.canary.10014/hls.worker.js.br
- hls.js/1.5.7-0.canary.10014/hls.worker.js.gz
- hls.js/1.5.7-0.canary.10014/hls.worker.js.map.br
- hls.js/1.5.7-0.canary.10014/hls.worker.js.map.gz
- hls.js/1.5.7-0.canary.10014/hls.worker.min.js.br
- hls.js/1.5.7-0.canary.10014/hls.worker.min.js.gz
SRIs:
- hls.js/1.5.7-0.canary.10014/hls.js: sha512-SEPRyMCgC9jXQXgEF9ncHblWwuvZKP5/KYkunHkiFiB00nTek8JjF0mRhEyPlM50EqWGEJfHTSqO+nmZTOx06g==
- hls.js/1.5.7-0.canary.10014/hls.light.js: sha512-Euu2G3krZKc3M5uLopYlPZNLLWagSU4HZFCV2K1U0+28OSwqoD/71O/vhObV+GEBUjbFaXVmeK0VWh/9PcV0VA==
- hls.js/1.5.7-0.canary.10014/hls.light.min.js: sha512-CYqcdpQCCCaoB0848xHFX9Zr8Yf++Z50uVnNPFI2ekuhDwR/q07lvrajTMzW4SSkKBnxWAFJdU0LSRAx1RQrHg==
- hls.js/1.5.7-0.canary.10014/hls.min.js: sha512-rIVbJO4lbdVfttD8OC9JzLD/MjK6u0HNi3HuAMcPRLwEZ4t/l4KHbwkeyAPunYbP2foz21vUEGWQjBdg+KOIoQ==
- hls.js/1.5.7-0.canary.10014/hls.worker.js: sha512-zhV9Pb6JUxGYGsWuoM4yBnhrhOllAFq2BepKI8b02hO4uv7vzwWEzAKoVihciCNXQyY76zI0VSIHkZV7BaWm3g==
- hls.js/1.5.7-0.canary.10014/hls.worker.min.js: sha512-FG9WP9wg9VpTGUqprhXK8RGrd/6WOTX2qzd67KxZ/WI1lf6ENiMxiZ16MIDhvMH+qQcnRFWa/4vUPJGHAMdmyw==
