config: {"authors":[{"name":"Facebook"}],"autoupdate":{"source":"npm","target":"react-dom","fileMap":[{"basePath":"dist","files":["**/*"]},{"basePath":"","files":["+(cjs|umd)/**/*"]}],"ignoreVersions":["*-alpha.*[a-z]*","0.0.0-*"]},"description":"The entry point of the DOM-related rendering paths. It is intended to be paired with the isomorphic React, which is shipped as react to npm.","filename":"umd/react-dom.production.min.js","homepage":"https://facebook.github.io/react/","keywords":["react","jsx","transformer","view","dom","server"],"license":"MIT","name":"react-dom","repository":{"type":"git","url":"https://github.com/facebook/react"},"author":"Facebook"}
KV keys:
- react-dom/19.0.0-rc-e56f4ae3-20240830/cjs/react-dom-client.development.js.br
- react-dom/19.0.0-rc-e56f4ae3-20240830/cjs/react-dom-client.development.js.gz
- react-dom/19.0.0-rc-e56f4ae3-20240830/cjs/react-dom-client.development.min.js.br
- react-dom/19.0.0-rc-e56f4ae3-20240830/cjs/react-dom-client.development.min.js.gz
- react-dom/19.0.0-rc-e56f4ae3-20240830/cjs/react-dom-client.production.js.br
- react-dom/19.0.0-rc-e56f4ae3-20240830/cjs/react-dom-client.production.js.gz
- react-dom/19.0.0-rc-e56f4ae3-20240830/cjs/react-dom-client.production.min.js.br
- react-dom/19.0.0-rc-e56f4ae3-20240830/cjs/react-dom-client.production.min.js.gz
- react-dom/19.0.0-rc-e56f4ae3-20240830/cjs/react-dom-profiling.development.js.br
- react-dom/19.0.0-rc-e56f4ae3-20240830/cjs/react-dom-profiling.development.js.gz
- react-dom/19.0.0-rc-e56f4ae3-20240830/cjs/react-dom-profiling.development.min.js.br
- react-dom/19.0.0-rc-e56f4ae3-20240830/cjs/react-dom-profiling.development.min.js.gz
- react-dom/19.0.0-rc-e56f4ae3-20240830/cjs/react-dom-profiling.profiling.js.br
- react-dom/19.0.0-rc-e56f4ae3-20240830/cjs/react-dom-profiling.profiling.js.gz
- react-dom/19.0.0-rc-e56f4ae3-20240830/cjs/react-dom-profiling.profiling.min.js.br
- react-dom/19.0.0-rc-e56f4ae3-20240830/cjs/react-dom-profiling.profiling.min.js.gz
- react-dom/19.0.0-rc-e56f4ae3-20240830/cjs/react-dom-server-legacy.browser.development.js.br
- react-dom/19.0.0-rc-e56f4ae3-20240830/cjs/react-dom-server-legacy.browser.development.js.gz
- react-dom/19.0.0-rc-e56f4ae3-20240830/cjs/react-dom-server-legacy.browser.development.min.js.br
- react-dom/19.0.0-rc-e56f4ae3-20240830/cjs/react-dom-server-legacy.browser.development.min.js.gz
- react-dom/19.0.0-rc-e56f4ae3-20240830/cjs/react-dom-server-legacy.browser.production.js.br
- react-dom/19.0.0-rc-e56f4ae3-20240830/cjs/react-dom-server-legacy.browser.production.js.gz
- react-dom/19.0.0-rc-e56f4ae3-20240830/cjs/react-dom-server-legacy.browser.production.min.js.br
- react-dom/19.0.0-rc-e56f4ae3-20240830/cjs/react-dom-server-legacy.browser.production.min.js.gz
- react-dom/19.0.0-rc-e56f4ae3-20240830/cjs/react-dom-server-legacy.node.development.js.br
- react-dom/19.0.0-rc-e56f4ae3-20240830/cjs/react-dom-server-legacy.node.development.js.gz
- react-dom/19.0.0-rc-e56f4ae3-20240830/cjs/react-dom-server-legacy.node.development.min.js.br
- react-dom/19.0.0-rc-e56f4ae3-20240830/cjs/react-dom-server-legacy.node.development.min.js.gz
- react-dom/19.0.0-rc-e56f4ae3-20240830/cjs/react-dom-server-legacy.node.production.js.br
- react-dom/19.0.0-rc-e56f4ae3-20240830/cjs/react-dom-server-legacy.node.production.js.gz
- react-dom/19.0.0-rc-e56f4ae3-20240830/cjs/react-dom-server-legacy.node.production.min.js.br
- react-dom/19.0.0-rc-e56f4ae3-20240830/cjs/react-dom-server-legacy.node.production.min.js.gz
- react-dom/19.0.0-rc-e56f4ae3-20240830/cjs/react-dom-server.browser.development.js.br
- react-dom/19.0.0-rc-e56f4ae3-20240830/cjs/react-dom-server.browser.development.js.gz
- react-dom/19.0.0-rc-e56f4ae3-20240830/cjs/react-dom-server.browser.development.min.js.br
- react-dom/19.0.0-rc-e56f4ae3-20240830/cjs/react-dom-server.browser.development.min.js.gz
- react-dom/19.0.0-rc-e56f4ae3-20240830/cjs/react-dom-server.browser.production.js.br
- react-dom/19.0.0-rc-e56f4ae3-20240830/cjs/react-dom-server.browser.production.js.gz
- react-dom/19.0.0-rc-e56f4ae3-20240830/cjs/react-dom-server.browser.production.min.js.br
- react-dom/19.0.0-rc-e56f4ae3-20240830/cjs/react-dom-server.browser.production.min.js.gz
- react-dom/19.0.0-rc-e56f4ae3-20240830/cjs/react-dom-server.bun.development.js.br
- react-dom/19.0.0-rc-e56f4ae3-20240830/cjs/react-dom-server.bun.development.js.gz
- react-dom/19.0.0-rc-e56f4ae3-20240830/cjs/react-dom-server.bun.development.min.js.br
- react-dom/19.0.0-rc-e56f4ae3-20240830/cjs/react-dom-server.bun.development.min.js.gz
- react-dom/19.0.0-rc-e56f4ae3-20240830/cjs/react-dom-server.bun.production.js.br
- react-dom/19.0.0-rc-e56f4ae3-20240830/cjs/react-dom-server.bun.production.js.gz
- react-dom/19.0.0-rc-e56f4ae3-20240830/cjs/react-dom-server.bun.production.min.js.br
- react-dom/19.0.0-rc-e56f4ae3-20240830/cjs/react-dom-server.bun.production.min.js.gz
- react-dom/19.0.0-rc-e56f4ae3-20240830/cjs/react-dom-server.edge.development.js.br
- react-dom/19.0.0-rc-e56f4ae3-20240830/cjs/react-dom-server.edge.development.js.gz
- react-dom/19.0.0-rc-e56f4ae3-20240830/cjs/react-dom-server.edge.development.min.js.br
- react-dom/19.0.0-rc-e56f4ae3-20240830/cjs/react-dom-server.edge.development.min.js.gz
- react-dom/19.0.0-rc-e56f4ae3-20240830/cjs/react-dom-server.edge.production.js.br
- react-dom/19.0.0-rc-e56f4ae3-20240830/cjs/react-dom-server.edge.production.js.gz
- react-dom/19.0.0-rc-e56f4ae3-20240830/cjs/react-dom-server.edge.production.min.js.br
- react-dom/19.0.0-rc-e56f4ae3-20240830/cjs/react-dom-server.edge.production.min.js.gz
- react-dom/19.0.0-rc-e56f4ae3-20240830/cjs/react-dom-server.node.development.js.br
- react-dom/19.0.0-rc-e56f4ae3-20240830/cjs/react-dom-server.node.development.js.gz
- react-dom/19.0.0-rc-e56f4ae3-20240830/cjs/react-dom-server.node.development.min.js.br
- react-dom/19.0.0-rc-e56f4ae3-20240830/cjs/react-dom-server.node.development.min.js.gz
- react-dom/19.0.0-rc-e56f4ae3-20240830/cjs/react-dom-server.node.production.js.br
- react-dom/19.0.0-rc-e56f4ae3-20240830/cjs/react-dom-server.node.production.js.gz
- react-dom/19.0.0-rc-e56f4ae3-20240830/cjs/react-dom-server.node.production.min.js.br
- react-dom/19.0.0-rc-e56f4ae3-20240830/cjs/react-dom-server.node.production.min.js.gz
- react-dom/19.0.0-rc-e56f4ae3-20240830/cjs/react-dom-test-utils.development.js.br
- react-dom/19.0.0-rc-e56f4ae3-20240830/cjs/react-dom-test-utils.development.js.gz
- react-dom/19.0.0-rc-e56f4ae3-20240830/cjs/react-dom-test-utils.development.min.js.br
- react-dom/19.0.0-rc-e56f4ae3-20240830/cjs/react-dom-test-utils.development.min.js.gz
- react-dom/19.0.0-rc-e56f4ae3-20240830/cjs/react-dom-test-utils.production.js.br
- react-dom/19.0.0-rc-e56f4ae3-20240830/cjs/react-dom-test-utils.production.js.gz
- react-dom/19.0.0-rc-e56f4ae3-20240830/cjs/react-dom-test-utils.production.min.js.br
- react-dom/19.0.0-rc-e56f4ae3-20240830/cjs/react-dom-test-utils.production.min.js.gz
- react-dom/19.0.0-rc-e56f4ae3-20240830/cjs/react-dom.development.js.br
- react-dom/19.0.0-rc-e56f4ae3-20240830/cjs/react-dom.development.js.gz
- react-dom/19.0.0-rc-e56f4ae3-20240830/cjs/react-dom.development.min.js.br
- react-dom/19.0.0-rc-e56f4ae3-20240830/cjs/react-dom.development.min.js.gz
- react-dom/19.0.0-rc-e56f4ae3-20240830/cjs/react-dom.production.js.br
- react-dom/19.0.0-rc-e56f4ae3-20240830/cjs/react-dom.production.js.gz
- react-dom/19.0.0-rc-e56f4ae3-20240830/cjs/react-dom.production.min.js.br
- react-dom/19.0.0-rc-e56f4ae3-20240830/cjs/react-dom.production.min.js.gz
- react-dom/19.0.0-rc-e56f4ae3-20240830/cjs/react-dom.react-server.development.js.br
- react-dom/19.0.0-rc-e56f4ae3-20240830/cjs/react-dom.react-server.development.js.gz
- react-dom/19.0.0-rc-e56f4ae3-20240830/cjs/react-dom.react-server.development.min.js.br
- react-dom/19.0.0-rc-e56f4ae3-20240830/cjs/react-dom.react-server.development.min.js.gz
- react-dom/19.0.0-rc-e56f4ae3-20240830/cjs/react-dom.react-server.production.js.br
- react-dom/19.0.0-rc-e56f4ae3-20240830/cjs/react-dom.react-server.production.js.gz
- react-dom/19.0.0-rc-e56f4ae3-20240830/cjs/react-dom.react-server.production.min.js.br
- react-dom/19.0.0-rc-e56f4ae3-20240830/cjs/react-dom.react-server.production.min.js.gz
SRIs:
- react-dom/19.0.0-rc-e56f4ae3-20240830/cjs/react-dom-client.development.min.js: sha512-NGONbJFNMGSaJrT29WsMj6tIlZja4kgXSrgKUvkHAhjiDwyioGoXHwFowemzJ/HMwNfa6BZcOdJSpYQ2mTUrwA==
- react-dom/19.0.0-rc-e56f4ae3-20240830/cjs/react-dom-server-legacy.node.production.js: sha512-zYFaqcQTd6kVPS77+PDBQMY+MVLtZFCypWUD2SCzHQ+GSTOF+ZxTXoa9JjsJaY0aAbZg+5oaGJAFHPyrTZq65A==
- react-dom/19.0.0-rc-e56f4ae3-20240830/cjs/react-dom-server.browser.production.min.js: sha512-NSa9FPJkPOUnesCc/H+qKV6brdR13GZzhftaSm9Oo8GsXVcFVGSZ2zcSX2rMXf6vIHjnD/D+R5hqJ/hwGThsww==
- react-dom/19.0.0-rc-e56f4ae3-20240830/cjs/react-dom-server.edge.development.min.js: sha512-rzLogDBUugs0qWViOCZfNcbiBzJTqAXGHrS7ijMg2p/CUR3uQrnM6pSQn85MJxiDYKqR1JyV5Q+1nFch9Bv7wQ==
- react-dom/19.0.0-rc-e56f4ae3-20240830/cjs/react-dom-server.node.development.min.js: sha512-0CBEbMpVLkhRjhMm2R659+W+xrZMa/Ncxhv4Ih7qQtPkxW53cjmBvFowj2t0Kv3s6aetvl5doQyyuuJj9VERCA==
- react-dom/19.0.0-rc-e56f4ae3-20240830/cjs/react-dom-server-legacy.browser.development.js: sha512-YbjESOkewamwt9J6p2OkYbXsSAD20qGCV+pKaPKwNn70cLEiQm/Az8Fqh9ekziEDrY1MwJlXHaIAWrqWYQXmvg==
- react-dom/19.0.0-rc-e56f4ae3-20240830/cjs/react-dom-server-legacy.node.production.min.js: sha512-7mfUKZB6CuiR2Hq1cjW81PTdCB+UOeoDw15asAAG1tG9WPKChiq7yS2qVwDdePfwGitALadUHJgvEQ1Ro2qCXw==
- react-dom/19.0.0-rc-e56f4ae3-20240830/cjs/react-dom-server.edge.production.js: sha512-ZhWXFdi5GnXVyuX/itTvp3fx489at7blED5Ay8xvM+Zhw9ADfGR9oAcqO59rWVfdeblvR4HIaALGGyvTdVakBg==
- react-dom/19.0.0-rc-e56f4ae3-20240830/cjs/react-dom-server.edge.production.min.js: sha512-k0XhxiqXlTIS36yCUliTikJKTBH26AMyYSbFtvSXq35J18zby2p5w/k5o0doCeDNwxDw6RjzYXLkpR5JeOHYjw==
- react-dom/19.0.0-rc-e56f4ae3-20240830/cjs/react-dom.development.js: sha512-Q/6UciWQipSbaGrl12EREE52ZUPWhliPnRu0vtn99L6KFePVsZd6Q8YyXmIJsyYajnVyJdmjSI2/FqpYpG6Ndg==
- react-dom/19.0.0-rc-e56f4ae3-20240830/cjs/react-dom.production.min.js: sha512-ND7DLVGXuXjKwCqZXG5KbQOhEYnNfQ+OI85mlXA2f0w2xS67mmyzNqT1I401/Fr5sNOLyW801qOu0cvr6FLzGw==
- react-dom/19.0.0-rc-e56f4ae3-20240830/cjs/react-dom.react-server.production.min.js: sha512-SKSWTckaQQNphiiXBW7SAqf5lt7PUtZ5cWYchvdP1WpE2usm5Zc9X6VQrWwyFA/7p9YgSMlIz/mnmzvFZXeURw==
- react-dom/19.0.0-rc-e56f4ae3-20240830/cjs/react-dom-profiling.profiling.js: sha512-WIkVCHfp6SUy0gYFeqQrkZik9OoJZ+YFGiiiRFcrw6Qi4QZ57KVQACZtIQC/FSd6vlMekJFz9ZnQ3kGt97y4wg==
- react-dom/19.0.0-rc-e56f4ae3-20240830/cjs/react-dom-server-legacy.node.development.js: sha512-A+DGu1eDo07jh4JsnXj4r/ph0ijd8W58/kfUEnqOo0Hc3vd8IGHfBHwnGGhprYMUX4xp9bKHGVrREMnQ4mMvSg==
- react-dom/19.0.0-rc-e56f4ae3-20240830/cjs/react-dom-server.bun.development.js: sha512-+dT7ut1iD3ATBtZabgSrHg0aLiy1msbvnxXd8FONwHTiGzEM5MvxGoqdf4r+scyNJp4amiUXi7F1Vk+WpEgUBA==
- react-dom/19.0.0-rc-e56f4ae3-20240830/cjs/react-dom-test-utils.production.js: sha512-jkoqaAph1QG0Rsi5v6QFKgNiVbYZAAHnJAMKrsaEng593GKYE7QdBtHNvNEnyJXhBy7MahqaZvPLT30h+DAZig==
- react-dom/19.0.0-rc-e56f4ae3-20240830/cjs/react-dom.development.min.js: sha512-IMMOE39VDqhVRwgZ9gJRVJst+RVoba4gIoh2zQeSeJUmri8syDkbEU9rGi2sSw5OS4F9cY8Z2GzVfHCtPEME6A==
- react-dom/19.0.0-rc-e56f4ae3-20240830/cjs/react-dom-client.production.min.js: sha512-MXXWFa6JSmV9kS6GbHLbs6dGGf5QPtCEso6NVO9YR8xFDBEwUXKrlIP77Urh4Shxhu49M2RoLNtzWQZLzypJfA==
- react-dom/19.0.0-rc-e56f4ae3-20240830/cjs/react-dom-server-legacy.browser.production.min.js: sha512-MaG3q4VNZuBeDFlkbWgCq6siiUUWOPP/MH+eVC6qO/aIjLy+ro5jEF6VS6b5Gs9XOQBY4xE4OkNyQmx+vXU94Q==
- react-dom/19.0.0-rc-e56f4ae3-20240830/cjs/react-dom-server-legacy.node.development.min.js: sha512-KEP2HusRXf3X6hU/i2wxWp5iKRAyijjfpAPnYyb5dnt6c/X6h1bZ1ouuhmgYkAx/KlWBqyDv+NZIN6452zv0KA==
- react-dom/19.0.0-rc-e56f4ae3-20240830/cjs/react-dom-server.browser.production.js: sha512-n6w3itDr0ozlNishmFdOD+NzjQ1P9Kn/rcYR7YPNNKLuiAt/hpl3P/BPD6x5X02HCtaj7SApiLhYr07w026WmQ==
- react-dom/19.0.0-rc-e56f4ae3-20240830/cjs/react-dom-server.bun.production.js: sha512-kZ0EKizFPsutR5dbbBhl9R+rwN08tNGZPE2fslYysGjesfrbA6lZ20ziUhxIU5KcfsZmr4Olln+FaGDhW/ySMQ==
- react-dom/19.0.0-rc-e56f4ae3-20240830/cjs/react-dom-server.node.development.js: sha512-TAKexF+af51OnY6ClhfgDGqGfwUQlIMJjOoqPFsUQVy+l2gR0OUcN6ESy3qrWCAxkT+RQRFnFr9vKVIkAXSaZg==
- react-dom/19.0.0-rc-e56f4ae3-20240830/cjs/react-dom-test-utils.production.min.js: sha512-7i9t0ZObhvtf6bXCbuUPUW3AkdvGjkN3wJ+Wy1eNzrakcrYWQ2mieiZloe9pfdNx7c3ye/zhZFjluDQttG0gpw==
- react-dom/19.0.0-rc-e56f4ae3-20240830/cjs/react-dom.react-server.production.js: sha512-tc32HazDZFScpxe6+66CPmpJEj29kjQh59zrf8X0XuYs2nPdll/huZZgZTQza58ZsG7+vWB4Nh5wVMvgQEbUyg==
- react-dom/19.0.0-rc-e56f4ae3-20240830/cjs/react-dom-server.node.production.min.js: sha512-dWLsFIvwNbaeAqz3i5SBdon5S58/WVIE/5CnJ8O4/zoBgtgF+xVYscy4JAxYFSAU9sLHml4b8B/5e4tmtqCYYA==
- react-dom/19.0.0-rc-e56f4ae3-20240830/cjs/react-dom-profiling.development.min.js: sha512-+ZAeV1sxq6cWu3RWo0ERtRJ8NikpOAgiELcYTwF4qdGlNwEqxxh89K8zsEfIa6oaGbjT8a5BgBPa/sfpBxkr2w==
- react-dom/19.0.0-rc-e56f4ae3-20240830/cjs/react-dom-profiling.profiling.min.js: sha512-UNiMbo77BFqXAu1tVwNvG9nbCHax47vHfkXZ+Y0/DzEPTV89yTKMP5bKGJZAaiZ4XU2dBIZw25sH6pvo4Cny4A==
- react-dom/19.0.0-rc-e56f4ae3-20240830/cjs/react-dom-server-legacy.browser.development.min.js: sha512-lXt9xyY/uvKR+IGoQyVkfBnBsIuL+6iQKol8RWNzOiYwo+8dOVHpGK8mj0dLHbqcJBJ/ny2H69UH879LMI6e3A==
- react-dom/19.0.0-rc-e56f4ae3-20240830/cjs/react-dom-server.browser.development.js: sha512-iN+547MH4+n33mWw61iW6oo6iRezHIdl7XDY+sFDOS8yzPGCADcO0fI7hYm8bjJSIBcnMKKnEmEKXVw6mXoTqw==
- react-dom/19.0.0-rc-e56f4ae3-20240830/cjs/react-dom-server.bun.development.min.js: sha512-+iNh/5dBZlRWSpNm95gEKF+sNm82aL/KopK3dQEk5OJgUoIlUSQ4OtQ33mav9U27NW0dAV1ErdmejjS2Q2+nEw==
- react-dom/19.0.0-rc-e56f4ae3-20240830/cjs/react-dom-server.edge.development.js: sha512-5Ok2Ju3PGyLRTsisf5RI20l9gDw4kjp75VKClstv18xe25pjEfjWxA3pGAiu3QpKtFs7dc6XfmDNhtsrXHB2tQ==
- react-dom/19.0.0-rc-e56f4ae3-20240830/cjs/react-dom-client.development.js: sha512-3+LD4RzrDbQV7sUnrvQsB/zFtQZUS+/xQLffqZTnRaWxYRmkw8QXbsPiVv0T+xfviEZ79NtzZJSIteiF14GeZw==
- react-dom/19.0.0-rc-e56f4ae3-20240830/cjs/react-dom-profiling.development.js: sha512-Vg/KhIDcjRsqhUPPYaoiSrSzdHnALDgfEAJb41MOT0yXuNuimmTCbP0cnPYngjrUQL1N6+jTOX44JBK8BzghnQ==
- react-dom/19.0.0-rc-e56f4ae3-20240830/cjs/react-dom-server.browser.development.min.js: sha512-BMR31mjTH+7Mk+cm+uADI8+AvQMYGjXyTVVlTBrmyT8HKJ9nC8Xsp6H9cE8JfE0M6UaWtw/z7va45CU+CR1pVw==
- react-dom/19.0.0-rc-e56f4ae3-20240830/cjs/react-dom-server.node.production.js: sha512-Wz4bJCmvhvqz27unawLHlyf+5l2saai1QJjV1cDzVSnkTtU9gHIh3gwkEq0AavVHmkmCFW2/f1Lvo2f/8mOaLQ==
- react-dom/19.0.0-rc-e56f4ae3-20240830/cjs/react-dom-test-utils.development.js: sha512-WXOi4X8urnIYjwhn0/ettuwKqfPkRU/SKLAds31Ovg5w/cL3iy7GWQh8DdbUx1afVOJUwhU48fDqX1prORciCQ==
- react-dom/19.0.0-rc-e56f4ae3-20240830/cjs/react-dom-test-utils.development.min.js: sha512-zZ3i3o1rgGlQugRndFsHwrDh56QBL4RxBWQsEEZKtI4fmkztffLhS4URazWEluTDK6af7E2vJnk0cDWvTJmBIA==
- react-dom/19.0.0-rc-e56f4ae3-20240830/cjs/react-dom.react-server.development.min.js: sha512-NJoyhP8nAt+Y4E3UtRPmffkIkCfJpkKugGfcSnM/ckyicGvGRIfXVRacb+doSd7K0gF8V5qD/y61nuIJ/vSS4g==
- react-dom/19.0.0-rc-e56f4ae3-20240830/cjs/react-dom-client.production.js: sha512-kILFPQRw3mSQLn3ajdQ1cYV0xeEVfrSWP9ZZ9uZpqEOd+dsLGhDhhM9bphOcXJfuZKc4fi5HNoYEYowma8ZmWQ==
- react-dom/19.0.0-rc-e56f4ae3-20240830/cjs/react-dom-server-legacy.browser.production.js: sha512-/nwlw6VRGnvOq4c3kKwOpQrWYTCGUI0U0CNiSd0DV3qLcZuWZ4if79SB3eQPplgb4oUEnXPS/JVmpQ3xawRLjw==
- react-dom/19.0.0-rc-e56f4ae3-20240830/cjs/react-dom-server.bun.production.min.js: sha512-kmBeIeZN7kWCQLNKX+NfJFR4ZD/g25QwS+5d6dD7N3xC+Sk/Fwj4gNY+PIMkY2zL+wR1glG6FRfZqQx4ZwP9NQ==
- react-dom/19.0.0-rc-e56f4ae3-20240830/cjs/react-dom.production.js: sha512-DGn4Vz4bvm06C4bAfW+9q87gH1QBk+fRiyeIc35a4wfebqWVLErvJ2UUvvp62GksV124gM3nK2sftUvuJW0z/w==
- react-dom/19.0.0-rc-e56f4ae3-20240830/cjs/react-dom.react-server.development.js: sha512-aojWG/IJOrOYBinjH0WLyM+XYMdcqYN/lOteIXmjyaBiFB9RfXpgk3t9dwVx9Hwaa0tr5Z0tkHMGZiWg3TfbZg==
