config: {"authors":[{"name":"Guillaume du Pontavice","email":"g.du.pontavice@gmail.com"}],"autoupdate":{"source":"npm","target":"hls.js","fileMap":[{"basePath":"dist","files":["**/!(*-demo.*)"]}],"ignoreVersions":["*-canary.*"]},"description":"JavaScript HLS client using MediaSourceExtension","filename":"hls.min.js","homepage":"https://hls-js.netlify.com/demo/","keywords":["hls.js","video","streaming","mediasource","player"],"license":"Apache-2.0","name":"hls.js","repository":{"type":"git","url":"git://github.com/video-dev/hls.js"},"author":"Guillaume du Pontavice \u003cg.du.pontavice@gmail.com\u003e"}
KV keys:
- hls.js/1.5.9-0.canary.10214/hls.js.br
- hls.js/1.5.9-0.canary.10214/hls.js.d.ts.br
- hls.js/1.5.9-0.canary.10214/hls.js.d.ts.gz
- hls.js/1.5.9-0.canary.10214/hls.js.gz
- hls.js/1.5.9-0.canary.10214/hls.js.map.br
- hls.js/1.5.9-0.canary.10214/hls.js.map.gz
- hls.js/1.5.9-0.canary.10214/hls.light.js.br
- hls.js/1.5.9-0.canary.10214/hls.light.js.gz
- hls.js/1.5.9-0.canary.10214/hls.light.js.map.br
- hls.js/1.5.9-0.canary.10214/hls.light.js.map.gz
- hls.js/1.5.9-0.canary.10214/hls.light.min.js.br
- hls.js/1.5.9-0.canary.10214/hls.light.min.js.gz
- hls.js/1.5.9-0.canary.10214/hls.light.min.js.map.br
- hls.js/1.5.9-0.canary.10214/hls.light.min.js.map.gz
- hls.js/1.5.9-0.canary.10214/hls.light.mjs.br
- hls.js/1.5.9-0.canary.10214/hls.light.mjs.gz
- hls.js/1.5.9-0.canary.10214/hls.light.mjs.map.br
- hls.js/1.5.9-0.canary.10214/hls.light.mjs.map.gz
- hls.js/1.5.9-0.canary.10214/hls.min.js.br
- hls.js/1.5.9-0.canary.10214/hls.min.js.gz
- hls.js/1.5.9-0.canary.10214/hls.min.js.map.br
- hls.js/1.5.9-0.canary.10214/hls.min.js.map.gz
- hls.js/1.5.9-0.canary.10214/hls.mjs.br
- hls.js/1.5.9-0.canary.10214/hls.mjs.gz
- hls.js/1.5.9-0.canary.10214/hls.mjs.map.br
- hls.js/1.5.9-0.canary.10214/hls.mjs.map.gz
- hls.js/1.5.9-0.canary.10214/hls.worker.js.br
- hls.js/1.5.9-0.canary.10214/hls.worker.js.gz
- hls.js/1.5.9-0.canary.10214/hls.worker.js.map.br
- hls.js/1.5.9-0.canary.10214/hls.worker.js.map.gz
- hls.js/1.5.9-0.canary.10214/hls.worker.min.js.br
- hls.js/1.5.9-0.canary.10214/hls.worker.min.js.gz
SRIs:
- hls.js/1.5.9-0.canary.10214/hls.worker.min.js: sha512-1CvGzzr5y8r2yv3CFR0pItvKbYadY8zu759mNUEjFrAYnZ75HxWiYOgePQY5cf4Jabmeps2PmTi93MV48+4R6w==
- hls.js/1.5.9-0.canary.10214/hls.js: sha512-Ykq3AmdgFH8oXmNUMvv/+1na/070EQzddrJ+PEvdOUX2c7SaVYb4mPmYvkpjEupkisVsBM8mzq/lBHHAoC+Jug==
- hls.js/1.5.9-0.canary.10214/hls.light.js: sha512-IpjVOhBl7WtY+eptYXuU8rrFUFOcf5hpAPqT2uFS498fZoGv8+KiV428zNNbSzzME0cONb1p+YMqk+Tdf/ZE4w==
- hls.js/1.5.9-0.canary.10214/hls.light.min.js: sha512-bzNBHYIfrP4uLbamirUvLrnnWrOKLYEMksftWw6L/746D+6tZCTlXDRNYPYErRvmqKrA8CSpmM5U6HFvdnyuyg==
- hls.js/1.5.9-0.canary.10214/hls.min.js: sha512-jBxwJ3tAEE9AIQbB5Wb8kGRAYKfHhIcg9DQJRpjsCYQnLGdIY8Lt6psPUbTDEzp5jbzjkHYvlYCwvpEj7FeNUA==
- hls.js/1.5.9-0.canary.10214/hls.worker.js: sha512-rI+DzV0j31kKMyt6M2+v2Y4st0PRJYVZiVP0mZG8UvQG08lq9y/FiSf9fDYC2DK2mzO7c756yo8HUleLmvyOyw==
