Files:
- fontsource-timmana/5.0.6/400.css.br
- fontsource-timmana/5.0.6/400.css.gz
- fontsource-timmana/5.0.6/400.min.css.br
- fontsource-timmana/5.0.6/400.min.css.gz
- fontsource-timmana/5.0.6/files/timmana-latin-400-normal.woff.br
- fontsource-timmana/5.0.6/files/timmana-latin-400-normal.woff.gz
- fontsource-timmana/5.0.6/files/timmana-latin-400-normal.woff2
- fontsource-timmana/5.0.6/files/timmana-telugu-400-normal.woff.br
- fontsource-timmana/5.0.6/files/timmana-telugu-400-normal.woff.gz
- fontsource-timmana/5.0.6/files/timmana-telugu-400-normal.woff2
- fontsource-timmana/5.0.6/index.css.br
- fontsource-timmana/5.0.6/index.css.gz
- fontsource-timmana/5.0.6/index.min.css.br
- fontsource-timmana/5.0.6/index.min.css.gz
- fontsource-timmana/5.0.6/latin-400.css.br
- fontsource-timmana/5.0.6/latin-400.css.gz
- fontsource-timmana/5.0.6/latin-400.min.css.br
- fontsource-timmana/5.0.6/latin-400.min.css.gz
- fontsource-timmana/5.0.6/latin.css.br
- fontsource-timmana/5.0.6/latin.css.gz
- fontsource-timmana/5.0.6/latin.min.css.br
- fontsource-timmana/5.0.6/latin.min.css.gz
- fontsource-timmana/5.0.6/telugu-400.css.br
- fontsource-timmana/5.0.6/telugu-400.css.gz
- fontsource-timmana/5.0.6/telugu-400.min.css.br
- fontsource-timmana/5.0.6/telugu-400.min.css.gz
- fontsource-timmana/5.0.6/telugu.css.br
- fontsource-timmana/5.0.6/telugu.css.gz
- fontsource-timmana/5.0.6/telugu.min.css.br
- fontsource-timmana/5.0.6/telugu.min.css.gz
