config: {"authors":[{"name":"Justineo","url":"justice360@gmail.com"}],"autoupdate":{"source":"npm","target":"vue-echarts","fileMap":[{"basePath":"dist","files":["*.js"]}],"ignoreVersions":null},"description":"ECharts component for Vue.js.","filename":"vue-echarts.js","homepage":"https://github.com/ecomfe/vue-echarts#readme","keywords":["ECharts","Vue.js"],"license":"MIT","name":"vue-echarts","repository":{"type":"git","url":"git+https://github.com/ecomfe/vue-echarts.git"},"author":"Justineo (justice360@gmail.com)"}
KV keys:
- vue-echarts/6.0.0-rc.5/index.cjs.js.br
- vue-echarts/6.0.0-rc.5/index.cjs.js.gz
- vue-echarts/6.0.0-rc.5/index.cjs.min.js.br
- vue-echarts/6.0.0-rc.5/index.cjs.min.js.gz
- vue-echarts/6.0.0-rc.5/index.esm.js.br
- vue-echarts/6.0.0-rc.5/index.esm.js.gz
- vue-echarts/6.0.0-rc.5/index.esm.min.js.br
- vue-echarts/6.0.0-rc.5/index.esm.min.js.gz
- vue-echarts/6.0.0-rc.5/index.umd.js.br
- vue-echarts/6.0.0-rc.5/index.umd.js.gz
- vue-echarts/6.0.0-rc.5/index.umd.min.js.br
- vue-echarts/6.0.0-rc.5/index.umd.min.js.gz
SRIs:
- vue-echarts/6.0.0-rc.5/index.cjs.js: sha512-sreINgAd235bLKA79Pl10NZ7JWEQpMqJcf2u5Z4pkK6Y5LwXhhYU8NMY8+8qoghq+njSe5QXgN+uVAlKGjaR6w==
- vue-echarts/6.0.0-rc.5/index.cjs.min.js: sha512-SNO9tBNDuP2UCg5SetEjWN7hhT2JaXKBcPQLpIMamoauqtZNXUPG6QYLtlexcSMOQ4/7fiPRCwqD89xA0K5GLA==
- vue-echarts/6.0.0-rc.5/index.esm.js: sha512-P0+DFzOhpSQotPvN+Ac3Yi4XIEi3QZYNR8eikt1BiilpSJs+wGmUDYDeDNl28WKt0jPAPwWaNw4gXRiiWQbQ6g==
- vue-echarts/6.0.0-rc.5/index.esm.min.js: sha512-4pu3914JdJwkfgdrGROIL6F/8iedy6ajl9z2bCM4ajDA474RiswcUmRMCxBZZpZElUVZICFU7YzThn0t3K5RlQ==
- vue-echarts/6.0.0-rc.5/index.umd.js: sha512-IE09fSFDEOzHZGEysKuY5vGfQCZ4Ha3SCA7rZmU9v+saZAB4CkiIxEXhRidCT7ZcaJWpM3HY9nPXIt2Lhds7fA==
- vue-echarts/6.0.0-rc.5/index.umd.min.js: sha512-kcoDLOJiiXwNhg7SusdRscczKSp6XiiPW9yoLwQ1tdGor8xwIURWyhHVLsNzobvMqDzqlL2VFO6B2XPUTpQEbw==
