config: {"authors":[{"name":"Google Inc."}],"autoupdate":{"source":"npm","target":"@fontsource/noto-sans-psalter-pahlavi","fileMap":[{"basePath":"","files":["*.css","files/*.@(woff|woff2)"]}],"excludeFromSearch":true},"description":"Self-host the Noto Sans Psalter Pahlavi font in a neatly bundled NPM package.","filename":"index.css","homepage":"https://fontsource.org/fonts/noto-sans-psalter-pahlavi","keywords":["fontsource","font","font family","google fonts","noto-sans-psalter-pahlavi","Noto Sans Psalter Pahlavi","css","sass","front-end","web","typeface","variable"],"license":"OFL-1.1","name":"fontsource-noto-sans-psalter-pahlavi","repository":{"type":"git","url":"git+https://github.com/fontsource/font-files.git"},"author":"Google Inc."}
KV keys:
- fontsource-noto-sans-psalter-pahlavi/5.0.15/400.css.br
- fontsource-noto-sans-psalter-pahlavi/5.0.15/400.css.gz
- fontsource-noto-sans-psalter-pahlavi/5.0.15/400.min.css.br
- fontsource-noto-sans-psalter-pahlavi/5.0.15/400.min.css.gz
- fontsource-noto-sans-psalter-pahlavi/5.0.15/files/noto-sans-psalter-pahlavi-latin-400-normal.woff.br
- fontsource-noto-sans-psalter-pahlavi/5.0.15/files/noto-sans-psalter-pahlavi-latin-400-normal.woff.gz
- fontsource-noto-sans-psalter-pahlavi/5.0.15/files/noto-sans-psalter-pahlavi-latin-400-normal.woff2
- fontsource-noto-sans-psalter-pahlavi/5.0.15/files/noto-sans-psalter-pahlavi-latin-ext-400-normal.woff.br
- fontsource-noto-sans-psalter-pahlavi/5.0.15/files/noto-sans-psalter-pahlavi-latin-ext-400-normal.woff.gz
- fontsource-noto-sans-psalter-pahlavi/5.0.15/files/noto-sans-psalter-pahlavi-latin-ext-400-normal.woff2
- fontsource-noto-sans-psalter-pahlavi/5.0.15/files/noto-sans-psalter-pahlavi-psalter-pahlavi-400-normal.woff.br
- fontsource-noto-sans-psalter-pahlavi/5.0.15/files/noto-sans-psalter-pahlavi-psalter-pahlavi-400-normal.woff.gz
- fontsource-noto-sans-psalter-pahlavi/5.0.15/files/noto-sans-psalter-pahlavi-psalter-pahlavi-400-normal.woff2
- fontsource-noto-sans-psalter-pahlavi/5.0.15/index.css.br
- fontsource-noto-sans-psalter-pahlavi/5.0.15/index.css.gz
- fontsource-noto-sans-psalter-pahlavi/5.0.15/index.min.css.br
- fontsource-noto-sans-psalter-pahlavi/5.0.15/index.min.css.gz
- fontsource-noto-sans-psalter-pahlavi/5.0.15/latin-400.css.br
- fontsource-noto-sans-psalter-pahlavi/5.0.15/latin-400.css.gz
- fontsource-noto-sans-psalter-pahlavi/5.0.15/latin-400.min.css.br
- fontsource-noto-sans-psalter-pahlavi/5.0.15/latin-400.min.css.gz
- fontsource-noto-sans-psalter-pahlavi/5.0.15/latin-ext-400.css.br
- fontsource-noto-sans-psalter-pahlavi/5.0.15/latin-ext-400.css.gz
- fontsource-noto-sans-psalter-pahlavi/5.0.15/latin-ext-400.min.css.br
- fontsource-noto-sans-psalter-pahlavi/5.0.15/latin-ext-400.min.css.gz
- fontsource-noto-sans-psalter-pahlavi/5.0.15/latin-ext.css.br
- fontsource-noto-sans-psalter-pahlavi/5.0.15/latin-ext.css.gz
- fontsource-noto-sans-psalter-pahlavi/5.0.15/latin-ext.min.css.br
- fontsource-noto-sans-psalter-pahlavi/5.0.15/latin-ext.min.css.gz
- fontsource-noto-sans-psalter-pahlavi/5.0.15/latin.css.br
- fontsource-noto-sans-psalter-pahlavi/5.0.15/latin.css.gz
- fontsource-noto-sans-psalter-pahlavi/5.0.15/latin.min.css.br
- fontsource-noto-sans-psalter-pahlavi/5.0.15/latin.min.css.gz
- fontsource-noto-sans-psalter-pahlavi/5.0.15/psalter-pahlavi-400.css.br
- fontsource-noto-sans-psalter-pahlavi/5.0.15/psalter-pahlavi-400.css.gz
- fontsource-noto-sans-psalter-pahlavi/5.0.15/psalter-pahlavi-400.min.css.br
- fontsource-noto-sans-psalter-pahlavi/5.0.15/psalter-pahlavi-400.min.css.gz
- fontsource-noto-sans-psalter-pahlavi/5.0.15/psalter-pahlavi.css.br
- fontsource-noto-sans-psalter-pahlavi/5.0.15/psalter-pahlavi.css.gz
- fontsource-noto-sans-psalter-pahlavi/5.0.15/psalter-pahlavi.min.css.br
- fontsource-noto-sans-psalter-pahlavi/5.0.15/psalter-pahlavi.min.css.gz
SRIs:
- fontsource-noto-sans-psalter-pahlavi/5.0.15/400.css: sha512-i81QASlZ5QwewkrwSQ6wLiFs9NRWiE+wN18TXbLtRL0xHCkDtO1iDbUw0Q7VoR0YTAamRTKnDFBDy6lHglOPkA==
- fontsource-noto-sans-psalter-pahlavi/5.0.15/latin-400.css: sha512-J01O/9zUlJ+S5yhG0mBORwXMgyVzzzT8/CFYd4DFQmRG4z4lKmwM8RHMvwriybJX4TFd8q4MkWcmAWhVDzu3BQ==
- fontsource-noto-sans-psalter-pahlavi/5.0.15/latin.css: sha512-J01O/9zUlJ+S5yhG0mBORwXMgyVzzzT8/CFYd4DFQmRG4z4lKmwM8RHMvwriybJX4TFd8q4MkWcmAWhVDzu3BQ==
- fontsource-noto-sans-psalter-pahlavi/5.0.15/400.min.css: sha512-rzpeEkcCpivGTHozw+WddGX4dJbtmDI0wyZYhgOhXPwjC5D7TKIhF9/Q7LDvfj5zLKtnTyLYdeoSR/L1yDZlNQ==
- fontsource-noto-sans-psalter-pahlavi/5.0.15/index.css: sha512-i81QASlZ5QwewkrwSQ6wLiFs9NRWiE+wN18TXbLtRL0xHCkDtO1iDbUw0Q7VoR0YTAamRTKnDFBDy6lHglOPkA==
- fontsource-noto-sans-psalter-pahlavi/5.0.15/index.min.css: sha512-rzpeEkcCpivGTHozw+WddGX4dJbtmDI0wyZYhgOhXPwjC5D7TKIhF9/Q7LDvfj5zLKtnTyLYdeoSR/L1yDZlNQ==
- fontsource-noto-sans-psalter-pahlavi/5.0.15/latin-ext.css: sha512-Atpr8G+Z7eKMbH8qzVf3JlXWSaVCUo6RgvX2duRKFb4qsRwh4XrDNVgftB68+mwosrn/SxP4chW14kXSI+Cl7A==
- fontsource-noto-sans-psalter-pahlavi/5.0.15/psalter-pahlavi.css: sha512-lgkZl2SGwjS7xXpg71Ggc1DwBOZ9rSc/iDYlrnomc7yTT780DJrriAzLZqa4SAJBvexL2qT2V5MnWlG3wYKRrA==
- fontsource-noto-sans-psalter-pahlavi/5.0.15/latin-ext.min.css: sha512-zVPnSKZxHpX8wX1FNcbavGgvY9GHFI9/ndO/IfjrsGN7EJItOp2TuhCfr9a1eO7rMvvYHpcRpt+kXIbl82wY3w==
- fontsource-noto-sans-psalter-pahlavi/5.0.15/psalter-pahlavi-400.css: sha512-lgkZl2SGwjS7xXpg71Ggc1DwBOZ9rSc/iDYlrnomc7yTT780DJrriAzLZqa4SAJBvexL2qT2V5MnWlG3wYKRrA==
- fontsource-noto-sans-psalter-pahlavi/5.0.15/latin-400.min.css: sha512-jqszlKeZgq9kDiDXPNbiyKUdQ5VYwqmUAdzHDztcAPXJ17Gabru6akU6yh5vU2oWcxd7x8e5in+oYUZaHWwvVg==
- fontsource-noto-sans-psalter-pahlavi/5.0.15/latin-ext-400.css: sha512-Atpr8G+Z7eKMbH8qzVf3JlXWSaVCUo6RgvX2duRKFb4qsRwh4XrDNVgftB68+mwosrn/SxP4chW14kXSI+Cl7A==
- fontsource-noto-sans-psalter-pahlavi/5.0.15/latin-ext-400.min.css: sha512-zVPnSKZxHpX8wX1FNcbavGgvY9GHFI9/ndO/IfjrsGN7EJItOp2TuhCfr9a1eO7rMvvYHpcRpt+kXIbl82wY3w==
- fontsource-noto-sans-psalter-pahlavi/5.0.15/latin.min.css: sha512-jqszlKeZgq9kDiDXPNbiyKUdQ5VYwqmUAdzHDztcAPXJ17Gabru6akU6yh5vU2oWcxd7x8e5in+oYUZaHWwvVg==
- fontsource-noto-sans-psalter-pahlavi/5.0.15/psalter-pahlavi-400.min.css: sha512-lnTuLVPj7WUiGJtiLNttyB1IiaF+6vRWEsfQcOxjMaekdAlo6mmFEK/4Q6q5xtRT8RPQgpoCh8ta8pDdjNDtww==
- fontsource-noto-sans-psalter-pahlavi/5.0.15/psalter-pahlavi.min.css: sha512-lnTuLVPj7WUiGJtiLNttyB1IiaF+6vRWEsfQcOxjMaekdAlo6mmFEK/4Q6q5xtRT8RPQgpoCh8ta8pDdjNDtww==
