2023/04/12 18:02:52 optimizing files (Js true, Css true, Png true, Jpg true)
2023/04/12 18:02:52 /tmp/work/survey.jquery.min.js is already compressed
2023/04/12 18:02:52 /tmp/work/survey.jquery.min.js already has corresponding compressed file
2023/04/12 18:02:52 /tmp/work/survey.css already has a compressed version: /tmp/work/survey.min.css
2023/04/12 18:02:52 algorithm: run /usr/bin/brotli --quality=11 --output=/output/survey.jquery.js.map.br /tmp/work/survey.jquery.js.map
2023/04/12 18:02:52 algorithm: run /usr/bin/brotli --quality=11 --output=/output/survey.css.map.br /tmp/work/survey.css.map
2023/04/12 18:02:52 algorithm: run /usr/bin/brotli --quality=11 --output=/output/survey.jquery.d.ts.br /tmp/work/survey.jquery.d.ts
2023/04/12 18:02:52 sri /tmp/work/survey.css -> /output/survey.css.sri
2023/04/12 18:02:52 algorithm: run /usr/bin/brotli --quality=11 --output=/output/survey.css.br /tmp/work/survey.css
2023/04/12 18:02:52 algorithm: run /usr/bin/brotli --quality=11 --output=/output/survey-jquery.d.ts.br /tmp/work/survey-jquery.d.ts
2023/04/12 18:02:52 sri /tmp/work/survey.jquery.js -> /output/survey.jquery.js.sri
2023/04/12 18:02:52 algorithm: run /usr/bin/brotli --quality=11 --output=/output/survey.jquery.js.br /tmp/work/survey.jquery.js
2023/04/12 18:02:52 sri /tmp/work/survey.min.css -> /output/survey.min.css.sri
2023/04/12 18:02:52 algorithm: run /usr/bin/brotli --quality=11 --output=/output/survey.min.css.br /tmp/work/survey.min.css
2023/04/12 18:02:52 sri /tmp/work/survey.jquery.min.js -> /output/survey.jquery.min.js.sri
2023/04/12 18:02:52 algorithm: run /usr/bin/brotli --quality=11 --output=/output/survey.jquery.min.js.br /tmp/work/survey.jquery.min.js
2023/04/12 18:02:52 br /tmp/work/survey.min.css -> /output/survey.min.css.br
2023/04/12 18:02:52 gz /tmp/work/survey.min.css -> /output/survey.min.css.gz
2023/04/12 18:02:52 br /tmp/work/survey.css -> /output/survey.css.br
2023/04/12 18:02:52 gz /tmp/work/survey.css -> /output/survey.css.gz
2023/04/12 18:02:52 br /tmp/work/survey.css.map -> /output/survey.css.map.br
2023/04/12 18:02:52 gz /tmp/work/survey.css.map -> /output/survey.css.map.gz
2023/04/12 18:02:54 br /tmp/work/survey.jquery.d.ts -> /output/survey.jquery.d.ts.br
2023/04/12 18:02:54 gz /tmp/work/survey.jquery.d.ts -> /output/survey.jquery.d.ts.gz
2023/04/12 18:02:54 br /tmp/work/survey-jquery.d.ts -> /output/survey-jquery.d.ts.br
2023/04/12 18:02:54 gz /tmp/work/survey-jquery.d.ts -> /output/survey-jquery.d.ts.gz
2023/04/12 18:02:55 br /tmp/work/survey.jquery.min.js -> /output/survey.jquery.min.js.br
2023/04/12 18:02:56 gz /tmp/work/survey.jquery.min.js -> /output/survey.jquery.min.js.gz
2023/04/12 18:03:00 br /tmp/work/survey.jquery.js -> /output/survey.jquery.js.br
2023/04/12 18:03:01 gz /tmp/work/survey.jquery.js -> /output/survey.jquery.js.gz
2023/04/12 18:03:02 br /tmp/work/survey.jquery.js.map -> /output/survey.jquery.js.map.br
2023/04/12 18:03:02 gz /tmp/work/survey.jquery.js.map -> /output/survey.jquery.js.map.gz
2023/04/12 18:03:02 processed survey-jquery
