config: {"authors":[{"name":"Google Inc."}],"autoupdate":{"source":"npm","target":"@fontsource/noto-sans-kharoshthi","fileMap":[{"basePath":"","files":["*.css","files/*.@(woff|woff2)"]}],"excludeFromSearch":true},"description":"Self-host the Noto Sans Kharoshthi font in a neatly bundled NPM package.","filename":"index.css","homepage":"https://fontsource.org/fonts/noto-sans-kharoshthi","keywords":["fontsource","font","font family","google fonts","noto-sans-kharoshthi","Noto Sans Kharoshthi","css","sass","front-end","web","typeface","variable"],"license":"OFL-1.1","name":"fontsource-noto-sans-kharoshthi","repository":{"type":"git","url":"git+https://github.com/fontsource/font-files.git"},"author":"Google Inc."}
KV keys:
- fontsource-noto-sans-kharoshthi/4.5.7/400.css.br
- fontsource-noto-sans-kharoshthi/4.5.7/400.css.gz
- fontsource-noto-sans-kharoshthi/4.5.7/400.min.css.br
- fontsource-noto-sans-kharoshthi/4.5.7/400.min.css.gz
- fontsource-noto-sans-kharoshthi/4.5.7/files/noto-sans-kharoshthi-all-400-normal.woff.br
- fontsource-noto-sans-kharoshthi/4.5.7/files/noto-sans-kharoshthi-all-400-normal.woff.gz
- fontsource-noto-sans-kharoshthi/4.5.7/files/noto-sans-kharoshthi-kharoshthi-400-normal.woff.br
- fontsource-noto-sans-kharoshthi/4.5.7/files/noto-sans-kharoshthi-kharoshthi-400-normal.woff.gz
- fontsource-noto-sans-kharoshthi/4.5.7/files/noto-sans-kharoshthi-kharoshthi-400-normal.woff2
- fontsource-noto-sans-kharoshthi/4.5.7/index.css.br
- fontsource-noto-sans-kharoshthi/4.5.7/index.css.gz
- fontsource-noto-sans-kharoshthi/4.5.7/index.min.css.br
- fontsource-noto-sans-kharoshthi/4.5.7/index.min.css.gz
- fontsource-noto-sans-kharoshthi/4.5.7/kharoshthi-400.css.br
- fontsource-noto-sans-kharoshthi/4.5.7/kharoshthi-400.css.gz
- fontsource-noto-sans-kharoshthi/4.5.7/kharoshthi-400.min.css.br
- fontsource-noto-sans-kharoshthi/4.5.7/kharoshthi-400.min.css.gz
- fontsource-noto-sans-kharoshthi/4.5.7/kharoshthi.css.br
- fontsource-noto-sans-kharoshthi/4.5.7/kharoshthi.css.gz
- fontsource-noto-sans-kharoshthi/4.5.7/kharoshthi.min.css.br
- fontsource-noto-sans-kharoshthi/4.5.7/kharoshthi.min.css.gz
SRIs:
- fontsource-noto-sans-kharoshthi/4.5.7/400.css: sha512-5iXBnwBaTS8WazAoMdnit57ZBLhfjvndWeVcZeLN5Qa6YcERmOp+urrSFAwGRpfKwg/PDTQe8ru98tclT+Xjag==
- fontsource-noto-sans-kharoshthi/4.5.7/400.min.css: sha512-rWDvYyicCLNE7icFofRpJRrT3n7kWMx0D7I3jFzwI7ZRdZWNsogf3aI/gNuPQ4lKUWw3lm7PZpgjbFQ+CbpBEA==
- fontsource-noto-sans-kharoshthi/4.5.7/index.css: sha512-5iXBnwBaTS8WazAoMdnit57ZBLhfjvndWeVcZeLN5Qa6YcERmOp+urrSFAwGRpfKwg/PDTQe8ru98tclT+Xjag==
- fontsource-noto-sans-kharoshthi/4.5.7/index.min.css: sha512-rWDvYyicCLNE7icFofRpJRrT3n7kWMx0D7I3jFzwI7ZRdZWNsogf3aI/gNuPQ4lKUWw3lm7PZpgjbFQ+CbpBEA==
- fontsource-noto-sans-kharoshthi/4.5.7/kharoshthi-400.css: sha512-axmyzVqAWq0Y4QpbfNgyTMk1Vqnsf62QO92MoGqSyuaYwkng1VgK3iaG02Nl7xmlrkD/uz3hqTGjE8bEPyb+bQ==
- fontsource-noto-sans-kharoshthi/4.5.7/kharoshthi-400.min.css: sha512-zCVuP0QN8jBxUMpqjJDLRvnk55fSGH96h4/CUBqWFyK22t4KP9BlP+Lcs/baxK3BCESlMmGiTML7LCPlB1W9yA==
- fontsource-noto-sans-kharoshthi/4.5.7/kharoshthi.css: sha512-axmyzVqAWq0Y4QpbfNgyTMk1Vqnsf62QO92MoGqSyuaYwkng1VgK3iaG02Nl7xmlrkD/uz3hqTGjE8bEPyb+bQ==
- fontsource-noto-sans-kharoshthi/4.5.7/kharoshthi.min.css: sha512-zCVuP0QN8jBxUMpqjJDLRvnk55fSGH96h4/CUBqWFyK22t4KP9BlP+Lcs/baxK3BCESlMmGiTML7LCPlB1W9yA==
