2022/05/05 09:35:21 ExtractTarGz: uknown type: 67 in pax_global_header
2022/05/05 09:35:21 optimizing files (Js true, Css true, Png true, Jpg true)
2022/05/05 09:35:21 /tmp/work/dist/doofinder.min.js already has corresponding compressed file
2022/05/05 09:35:21 /tmp/work/dist/doofinder.min.js is already compressed
2022/05/05 09:35:21 compress: run /node_modules/clean-css-cli/bin/cleancss --compatibility --s0 -o /tmp/work/dist/doofinder.min.css /tmp/work/dist/doofinder.css
2022/05/05 09:35:21 sri /tmp/work/dist/doofinder.min.js -> /output/doofinder.min.js.sri
2022/05/05 09:35:21 algorithm: run /usr/bin/brotli --quality=11 --output=/output/doofinder.min.js.br /tmp/work/dist/doofinder.min.js
2022/05/05 09:35:21 sri /tmp/work/dist/doofinder.js -> /output/doofinder.js.sri
2022/05/05 09:35:21 algorithm: run /usr/bin/brotli --quality=11 --output=/output/doofinder.js.br /tmp/work/dist/doofinder.js
2022/05/05 09:35:22 sri /tmp/work/dist/doofinder.min.css -> /output/doofinder.min.css.sri
2022/05/05 09:35:22 algorithm: run /usr/bin/brotli --quality=11 --output=/output/doofinder.min.css.br /tmp/work/dist/doofinder.min.css
2022/05/05 09:35:22 br /tmp/work/dist/doofinder.min.css -> /output/doofinder.min.css.br
2022/05/05 09:35:22 gz /tmp/work/dist/doofinder.min.css -> /output/doofinder.min.css.gz
2022/05/05 09:35:22 sri /tmp/work/dist/doofinder.css -> /output/doofinder.css.sri
2022/05/05 09:35:22 algorithm: run /usr/bin/brotli --quality=11 --output=/output/doofinder.css.br /tmp/work/dist/doofinder.css
2022/05/05 09:35:22 br /tmp/work/dist/doofinder.css -> /output/doofinder.css.br
2022/05/05 09:35:22 gz /tmp/work/dist/doofinder.css -> /output/doofinder.css.gz
2022/05/05 09:35:22 br /tmp/work/dist/doofinder.min.js -> /output/doofinder.min.js.br
2022/05/05 09:35:22 gz /tmp/work/dist/doofinder.min.js -> /output/doofinder.min.js.gz
2022/05/05 09:35:23 br /tmp/work/dist/doofinder.js -> /output/doofinder.js.br
2022/05/05 09:35:23 gz /tmp/work/dist/doofinder.js -> /output/doofinder.js.gz
2022/05/05 09:35:23 processed doofinder
