2021/08/16 18:37:12 ExtractTarGz: uknown type: 67 in pax_global_header
2021/08/16 18:37:12 ExtractTarGz: uknown type: 32 in cytoscape-cytoscape.js-c3ccfdd/documentation/demos/0365589fdb70b58af282
2021/08/16 18:37:12 ExtractTarGz: uknown type: 32 in cytoscape-cytoscape.js-c3ccfdd/documentation/demos/04030586763520be8d7a
2021/08/16 18:37:12 ExtractTarGz: uknown type: 32 in cytoscape-cytoscape.js-c3ccfdd/documentation/demos/173313aba1f31cae49a5
2021/08/16 18:37:12 ExtractTarGz: uknown type: 32 in cytoscape-cytoscape.js-c3ccfdd/documentation/demos/18504640d9a03c178fff
2021/08/16 18:37:12 ExtractTarGz: uknown type: 32 in cytoscape-cytoscape.js-c3ccfdd/documentation/demos/29419ca0e6430a7185a5
2021/08/16 18:37:12 ExtractTarGz: uknown type: 32 in cytoscape-cytoscape.js-c3ccfdd/documentation/demos/2abfc41c86c1e3cb0700
2021/08/16 18:37:12 ExtractTarGz: uknown type: 32 in cytoscape-cytoscape.js-c3ccfdd/documentation/demos/2ebdc40f1c2540de6cf0
2021/08/16 18:37:12 ExtractTarGz: uknown type: 32 in cytoscape-cytoscape.js-c3ccfdd/documentation/demos/310dca83ba6970812dd0
2021/08/16 18:37:12 ExtractTarGz: uknown type: 32 in cytoscape-cytoscape.js-c3ccfdd/documentation/demos/444dc95703caa319c147
2021/08/16 18:37:12 ExtractTarGz: uknown type: 32 in cytoscape-cytoscape.js-c3ccfdd/documentation/demos/546dd8ca4872cc87106a
2021/08/16 18:37:12 ExtractTarGz: uknown type: 32 in cytoscape-cytoscape.js-c3ccfdd/documentation/demos/57e7cc43342193d9d21a
2021/08/16 18:37:12 ExtractTarGz: uknown type: 32 in cytoscape-cytoscape.js-c3ccfdd/documentation/demos/59e38e9f20e25a293e44
2021/08/16 18:37:12 ExtractTarGz: uknown type: 32 in cytoscape-cytoscape.js-c3ccfdd/documentation/demos/5b192c88616af2f75344
2021/08/16 18:37:12 ExtractTarGz: uknown type: 32 in cytoscape-cytoscape.js-c3ccfdd/documentation/demos/621d51ea7de19608127e
2021/08/16 18:37:12 ExtractTarGz: uknown type: 32 in cytoscape-cytoscape.js-c3ccfdd/documentation/demos/689efca4fcb0fd05671b
2021/08/16 18:37:12 ExtractTarGz: uknown type: 32 in cytoscape-cytoscape.js-c3ccfdd/documentation/demos/6c9907e7896f8ae23f9f
2021/08/16 18:37:12 ExtractTarGz: uknown type: 32 in cytoscape-cytoscape.js-c3ccfdd/documentation/demos/7b511e1f48ffd044ad66
2021/08/16 18:37:12 ExtractTarGz: uknown type: 32 in cytoscape-cytoscape.js-c3ccfdd/documentation/demos/7e2f4d29ff7ef1a1bba5
2021/08/16 18:37:12 ExtractTarGz: uknown type: 32 in cytoscape-cytoscape.js-c3ccfdd/documentation/demos/aedff159b0df05ccfaa5
2021/08/16 18:37:12 ExtractTarGz: uknown type: 32 in cytoscape-cytoscape.js-c3ccfdd/documentation/demos/b7c65115947d9e0e8ec8
2021/08/16 18:37:12 ExtractTarGz: uknown type: 32 in cytoscape-cytoscape.js-c3ccfdd/documentation/demos/cde4db55e581d10405f5
2021/08/16 18:37:12 ExtractTarGz: uknown type: 32 in cytoscape-cytoscape.js-c3ccfdd/documentation/demos/e52c2fbc0b09edd6ec46
2021/08/16 18:37:12 ExtractTarGz: uknown type: 32 in cytoscape-cytoscape.js-c3ccfdd/documentation/demos/eb861f83fb741628342f
2021/08/16 18:37:12 ExtractTarGz: uknown type: 32 in cytoscape-cytoscape.js-c3ccfdd/documentation/demos/f64e811fc3311414e083
2021/08/16 18:37:12 ExtractTarGz: uknown type: 32 in cytoscape-cytoscape.js-c3ccfdd/documentation/demos/f70c9e45c43f40f7dfe1
2021/08/16 18:37:12 optimizing files (Js true, Css true, Png true, Jpg true)
2021/08/16 18:37:13 /tmp/work/dist/cytoscape.esm.min.js.min.js compressed file already exists
2021/08/16 18:37:13 compressed file already exists: /tmp/work/dist/cytoscape.esm.min.js
2021/08/16 18:37:13 compress: run /node_modules/uglify-js/bin/uglifyjs --mangle --compress if_return=true -o /tmp/work/dist/cytoscape.umd.min.js /tmp/work/dist/cytoscape.umd.js
2021/08/16 18:37:13 /tmp/work/dist/cytoscape.min.js.min.js compressed file already exists
2021/08/16 18:37:13 sri /tmp/work/dist/cytoscape.esm.min.js -> /output/cytoscape.esm.min.js.sri
2021/08/16 18:37:13 algorithm: run /usr/bin/brotli --quality=11 --output=/output/cytoscape.esm.min.js.br /tmp/work/dist/cytoscape.esm.min.js
2021/08/16 18:37:13 sri /tmp/work/dist/cytoscape.min.js -> /output/cytoscape.min.js.sri
2021/08/16 18:37:13 algorithm: run /usr/bin/brotli --quality=11 --output=/output/cytoscape.min.js.br /tmp/work/dist/cytoscape.min.js
2021/08/16 18:37:13 sri /tmp/work/dist/cytoscape.esm.js -> /output/cytoscape.esm.js.sri
2021/08/16 18:37:13 algorithm: run /usr/bin/brotli --quality=11 --output=/output/cytoscape.esm.js.br /tmp/work/dist/cytoscape.esm.js
2021/08/16 18:37:14 br /tmp/work/dist/cytoscape.esm.min.js -> /output/cytoscape.esm.min.js.br
2021/08/16 18:37:14 gz /tmp/work/dist/cytoscape.esm.min.js -> /output/cytoscape.esm.min.js.gz
2021/08/16 18:37:14 br /tmp/work/dist/cytoscape.min.js -> /output/cytoscape.min.js.br
2021/08/16 18:37:14 gz /tmp/work/dist/cytoscape.min.js -> /output/cytoscape.min.js.gz
2021/08/16 18:37:15 br /tmp/work/dist/cytoscape.esm.js -> /output/cytoscape.esm.js.br
2021/08/16 18:37:15 gz /tmp/work/dist/cytoscape.esm.js -> /output/cytoscape.esm.js.gz
2021/08/16 18:37:22 sri /tmp/work/dist/cytoscape.umd.min.js -> /output/cytoscape.umd.min.js.sri
2021/08/16 18:37:22 algorithm: run /usr/bin/brotli --quality=11 --output=/output/cytoscape.umd.min.js.br /tmp/work/dist/cytoscape.umd.min.js
2021/08/16 18:37:23 br /tmp/work/dist/cytoscape.umd.min.js -> /output/cytoscape.umd.min.js.br
2021/08/16 18:37:23 gz /tmp/work/dist/cytoscape.umd.min.js -> /output/cytoscape.umd.min.js.gz
2021/08/16 18:37:23 sri /tmp/work/dist/cytoscape.umd.js -> /output/cytoscape.umd.js.sri
2021/08/16 18:37:23 algorithm: run /usr/bin/brotli --quality=11 --output=/output/cytoscape.umd.js.br /tmp/work/dist/cytoscape.umd.js
2021/08/16 18:37:25 br /tmp/work/dist/cytoscape.umd.js -> /output/cytoscape.umd.js.br
2021/08/16 18:37:25 gz /tmp/work/dist/cytoscape.umd.js -> /output/cytoscape.umd.js.gz
2021/08/16 18:37:25 processed cytoscape
