Files:
- fontsource-red-hat-mono/5.0.12/files/red-hat-mono-latin-300-italic.woff2
- fontsource-red-hat-mono/5.0.12/files/red-hat-mono-latin-300-normal.woff2
- fontsource-red-hat-mono/5.0.12/files/red-hat-mono-latin-400-italic.woff2
- fontsource-red-hat-mono/5.0.12/files/red-hat-mono-latin-400-normal.woff2
- fontsource-red-hat-mono/5.0.12/files/red-hat-mono-latin-500-italic.woff2
- fontsource-red-hat-mono/5.0.12/files/red-hat-mono-latin-500-normal.woff2
- fontsource-red-hat-mono/5.0.12/files/red-hat-mono-latin-600-italic.woff2
- fontsource-red-hat-mono/5.0.12/files/red-hat-mono-latin-600-normal.woff2
- fontsource-red-hat-mono/5.0.12/files/red-hat-mono-latin-700-italic.woff2
- fontsource-red-hat-mono/5.0.12/files/red-hat-mono-latin-700-normal.woff2
- fontsource-red-hat-mono/5.0.12/files/red-hat-mono-latin-ext-300-italic.woff2
- fontsource-red-hat-mono/5.0.12/files/red-hat-mono-latin-ext-300-normal.woff2
- fontsource-red-hat-mono/5.0.12/files/red-hat-mono-latin-ext-400-italic.woff2
- fontsource-red-hat-mono/5.0.12/files/red-hat-mono-latin-ext-400-normal.woff2
- fontsource-red-hat-mono/5.0.12/files/red-hat-mono-latin-ext-500-italic.woff2
- fontsource-red-hat-mono/5.0.12/files/red-hat-mono-latin-ext-500-normal.woff2
- fontsource-red-hat-mono/5.0.12/files/red-hat-mono-latin-ext-600-italic.woff2
- fontsource-red-hat-mono/5.0.12/files/red-hat-mono-latin-ext-600-normal.woff2
- fontsource-red-hat-mono/5.0.12/files/red-hat-mono-latin-ext-700-italic.woff2
- fontsource-red-hat-mono/5.0.12/files/red-hat-mono-latin-ext-700-normal.woff2
