Files:
- fontsource-prosto-one/5.0.17/400.css.br
- fontsource-prosto-one/5.0.17/400.min.css.br
- fontsource-prosto-one/5.0.17/cyrillic-400.css.br
- fontsource-prosto-one/5.0.17/cyrillic-400.min.css.br
- fontsource-prosto-one/5.0.17/cyrillic.css.br
- fontsource-prosto-one/5.0.17/cyrillic.min.css.br
- fontsource-prosto-one/5.0.17/files/prosto-one-cyrillic-400-normal.woff.br
- fontsource-prosto-one/5.0.17/files/prosto-one-latin-400-normal.woff.br
- fontsource-prosto-one/5.0.17/files/prosto-one-latin-ext-400-normal.woff.br
- fontsource-prosto-one/5.0.17/index.css.br
- fontsource-prosto-one/5.0.17/index.min.css.br
- fontsource-prosto-one/5.0.17/latin-400.css.br
- fontsource-prosto-one/5.0.17/latin-400.min.css.br
- fontsource-prosto-one/5.0.17/latin-ext-400.css.br
- fontsource-prosto-one/5.0.17/latin-ext-400.min.css.br
- fontsource-prosto-one/5.0.17/latin-ext.css.br
- fontsource-prosto-one/5.0.17/latin-ext.min.css.br
- fontsource-prosto-one/5.0.17/latin.css.br
- fontsource-prosto-one/5.0.17/latin.min.css.br
