Files:
- fontsource-mirza/5.0.22/400.css.br
- fontsource-mirza/5.0.22/400.css.gz
- fontsource-mirza/5.0.22/400.css.sri
- fontsource-mirza/5.0.22/400.min.css.br
- fontsource-mirza/5.0.22/400.min.css.gz
- fontsource-mirza/5.0.22/400.min.css.sri
- fontsource-mirza/5.0.22/500.css.br
- fontsource-mirza/5.0.22/500.css.gz
- fontsource-mirza/5.0.22/500.css.sri
- fontsource-mirza/5.0.22/500.min.css.br
- fontsource-mirza/5.0.22/500.min.css.gz
- fontsource-mirza/5.0.22/500.min.css.sri
- fontsource-mirza/5.0.22/600.css.br
- fontsource-mirza/5.0.22/600.css.gz
- fontsource-mirza/5.0.22/600.css.sri
- fontsource-mirza/5.0.22/600.min.css.br
- fontsource-mirza/5.0.22/600.min.css.gz
- fontsource-mirza/5.0.22/600.min.css.sri
- fontsource-mirza/5.0.22/700.css.br
- fontsource-mirza/5.0.22/700.css.gz
- fontsource-mirza/5.0.22/700.css.sri
- fontsource-mirza/5.0.22/700.min.css.br
- fontsource-mirza/5.0.22/700.min.css.gz
- fontsource-mirza/5.0.22/700.min.css.sri
- fontsource-mirza/5.0.22/arabic-400.css.br
- fontsource-mirza/5.0.22/arabic-400.css.gz
- fontsource-mirza/5.0.22/arabic-400.css.sri
- fontsource-mirza/5.0.22/arabic-400.min.css.br
- fontsource-mirza/5.0.22/arabic-400.min.css.gz
- fontsource-mirza/5.0.22/arabic-400.min.css.sri
- fontsource-mirza/5.0.22/arabic-500.css.br
- fontsource-mirza/5.0.22/arabic-500.css.gz
- fontsource-mirza/5.0.22/arabic-500.css.sri
- fontsource-mirza/5.0.22/arabic-500.min.css.br
- fontsource-mirza/5.0.22/arabic-500.min.css.gz
- fontsource-mirza/5.0.22/arabic-500.min.css.sri
- fontsource-mirza/5.0.22/arabic-600.css.br
- fontsource-mirza/5.0.22/arabic-600.css.gz
- fontsource-mirza/5.0.22/arabic-600.css.sri
- fontsource-mirza/5.0.22/arabic-600.min.css.br
- fontsource-mirza/5.0.22/arabic-600.min.css.gz
- fontsource-mirza/5.0.22/arabic-600.min.css.sri
- fontsource-mirza/5.0.22/arabic-700.css.br
- fontsource-mirza/5.0.22/arabic-700.css.gz
- fontsource-mirza/5.0.22/arabic-700.css.sri
- fontsource-mirza/5.0.22/arabic-700.min.css.br
- fontsource-mirza/5.0.22/arabic-700.min.css.gz
- fontsource-mirza/5.0.22/arabic-700.min.css.sri
- fontsource-mirza/5.0.22/latin-500.min.css.br
- fontsource-mirza/5.0.22/latin-500.min.css.sri
