config: {"authors":[{"name":"Twitter, Inc."}],"autoupdate":{"source":"npm","target":"bootstrap","fileMap":[{"basePath":"dist","files":["**/*.@(js|css|map)"]},{"basePath":"","files":["scss/**/*.scss"]}]},"description":"The most popular front-end framework for developing responsive, mobile first projects on the web.","filename":"js/bootstrap.min.js","homepage":"http://getbootstrap.com/","keywords":["css","less","mobile-first","responsive","front-end","framework","web","twitter","bootstrap"],"license":"MIT","name":"bootstrap","repository":{"type":"git","url":"https://github.com/twbs/bootstrap"},"author":"Twitter, Inc."}
KV keys:
- bootstrap/4.5.3/css/bootstrap-grid.css.br
- bootstrap/4.5.3/css/bootstrap-grid.css.gz
- bootstrap/4.5.3/css/bootstrap-grid.css.map.br
- bootstrap/4.5.3/css/bootstrap-grid.css.map.gz
- bootstrap/4.5.3/css/bootstrap-grid.min.css.br
- bootstrap/4.5.3/css/bootstrap-grid.min.css.gz
- bootstrap/4.5.3/css/bootstrap-grid.min.css.map.br
- bootstrap/4.5.3/css/bootstrap-grid.min.css.map.gz
- bootstrap/4.5.3/css/bootstrap-reboot.css.br
- bootstrap/4.5.3/css/bootstrap-reboot.css.gz
- bootstrap/4.5.3/css/bootstrap-reboot.css.map.br
- bootstrap/4.5.3/css/bootstrap-reboot.css.map.gz
- bootstrap/4.5.3/css/bootstrap-reboot.min.css.br
- bootstrap/4.5.3/css/bootstrap-reboot.min.css.gz
- bootstrap/4.5.3/css/bootstrap-reboot.min.css.map.br
- bootstrap/4.5.3/css/bootstrap-reboot.min.css.map.gz
- bootstrap/4.5.3/css/bootstrap.css.br
- bootstrap/4.5.3/css/bootstrap.css.gz
- bootstrap/4.5.3/css/bootstrap.css.map.br
- bootstrap/4.5.3/css/bootstrap.css.map.gz
- bootstrap/4.5.3/css/bootstrap.min.css.br
- bootstrap/4.5.3/css/bootstrap.min.css.gz
- bootstrap/4.5.3/css/bootstrap.min.css.map.br
- bootstrap/4.5.3/css/bootstrap.min.css.map.gz
- bootstrap/4.5.3/js/bootstrap.bundle.js.br
- bootstrap/4.5.3/js/bootstrap.bundle.js.gz
- bootstrap/4.5.3/js/bootstrap.bundle.js.map.br
- bootstrap/4.5.3/js/bootstrap.bundle.js.map.gz
- bootstrap/4.5.3/js/bootstrap.bundle.min.js.br
- bootstrap/4.5.3/js/bootstrap.bundle.min.js.gz
- bootstrap/4.5.3/js/bootstrap.bundle.min.js.map.br
- bootstrap/4.5.3/js/bootstrap.bundle.min.js.map.gz
- bootstrap/4.5.3/js/bootstrap.js.br
- bootstrap/4.5.3/js/bootstrap.js.gz
- bootstrap/4.5.3/js/bootstrap.js.map.br
- bootstrap/4.5.3/js/bootstrap.js.map.gz
- bootstrap/4.5.3/js/bootstrap.min.js.br
- bootstrap/4.5.3/js/bootstrap.min.js.gz
- bootstrap/4.5.3/js/bootstrap.min.js.map.br
- bootstrap/4.5.3/js/bootstrap.min.js.map.gz
- bootstrap/4.5.3/scss/_alert.scss.br
- bootstrap/4.5.3/scss/_alert.scss.gz
- bootstrap/4.5.3/scss/_badge.scss.br
- bootstrap/4.5.3/scss/_badge.scss.gz
- bootstrap/4.5.3/scss/_breadcrumb.scss.br
- bootstrap/4.5.3/scss/_breadcrumb.scss.gz
- bootstrap/4.5.3/scss/_button-group.scss.br
- bootstrap/4.5.3/scss/_button-group.scss.gz
- bootstrap/4.5.3/scss/_buttons.scss.br
- bootstrap/4.5.3/scss/_buttons.scss.gz
- bootstrap/4.5.3/scss/_card.scss.br
- bootstrap/4.5.3/scss/_card.scss.gz
- bootstrap/4.5.3/scss/_carousel.scss.br
- bootstrap/4.5.3/scss/_carousel.scss.gz
- bootstrap/4.5.3/scss/_close.scss.br
- bootstrap/4.5.3/scss/_close.scss.gz
- bootstrap/4.5.3/scss/_code.scss.br
- bootstrap/4.5.3/scss/_code.scss.gz
- bootstrap/4.5.3/scss/_custom-forms.scss.br
- bootstrap/4.5.3/scss/_custom-forms.scss.gz
- bootstrap/4.5.3/scss/_dropdown.scss.br
- bootstrap/4.5.3/scss/_dropdown.scss.gz
- bootstrap/4.5.3/scss/_forms.scss.br
- bootstrap/4.5.3/scss/_forms.scss.gz
- bootstrap/4.5.3/scss/_functions.scss.br
- bootstrap/4.5.3/scss/_functions.scss.gz
- bootstrap/4.5.3/scss/_grid.scss.br
- bootstrap/4.5.3/scss/_grid.scss.gz
- bootstrap/4.5.3/scss/_images.scss.br
- bootstrap/4.5.3/scss/_images.scss.gz
- bootstrap/4.5.3/scss/_input-group.scss.br
- bootstrap/4.5.3/scss/_input-group.scss.gz
- bootstrap/4.5.3/scss/_jumbotron.scss.br
- bootstrap/4.5.3/scss/_jumbotron.scss.gz
- bootstrap/4.5.3/scss/_list-group.scss.br
- bootstrap/4.5.3/scss/_list-group.scss.gz
- bootstrap/4.5.3/scss/_media.scss.br
- bootstrap/4.5.3/scss/_media.scss.gz
- bootstrap/4.5.3/scss/_mixins.scss.br
- bootstrap/4.5.3/scss/_mixins.scss.gz
- bootstrap/4.5.3/scss/_modal.scss.br
- bootstrap/4.5.3/scss/_modal.scss.gz
- bootstrap/4.5.3/scss/_nav.scss.br
- bootstrap/4.5.3/scss/_nav.scss.gz
- bootstrap/4.5.3/scss/_navbar.scss.br
- bootstrap/4.5.3/scss/_navbar.scss.gz
- bootstrap/4.5.3/scss/_pagination.scss.br
- bootstrap/4.5.3/scss/_pagination.scss.gz
- bootstrap/4.5.3/scss/_popover.scss.br
- bootstrap/4.5.3/scss/_popover.scss.gz
- bootstrap/4.5.3/scss/_print.scss.br
- bootstrap/4.5.3/scss/_print.scss.gz
- bootstrap/4.5.3/scss/_progress.scss.br
- bootstrap/4.5.3/scss/_progress.scss.gz
- bootstrap/4.5.3/scss/_reboot.scss.br
- bootstrap/4.5.3/scss/_reboot.scss.gz
- bootstrap/4.5.3/scss/_root.scss.br
- bootstrap/4.5.3/scss/_root.scss.gz
- bootstrap/4.5.3/scss/_spinners.scss.br
- bootstrap/4.5.3/scss/_spinners.scss.gz
- bootstrap/4.5.3/scss/_tables.scss.br
- bootstrap/4.5.3/scss/_tables.scss.gz
- bootstrap/4.5.3/scss/_toasts.scss.br
- bootstrap/4.5.3/scss/_toasts.scss.gz
- bootstrap/4.5.3/scss/_tooltip.scss.br
- bootstrap/4.5.3/scss/_tooltip.scss.gz
- bootstrap/4.5.3/scss/_transitions.scss.br
- bootstrap/4.5.3/scss/_transitions.scss.gz
- bootstrap/4.5.3/scss/_type.scss.br
- bootstrap/4.5.3/scss/_type.scss.gz
- bootstrap/4.5.3/scss/_utilities.scss.br
- bootstrap/4.5.3/scss/_utilities.scss.gz
- bootstrap/4.5.3/scss/_variables.scss.br
- bootstrap/4.5.3/scss/_variables.scss.gz
- bootstrap/4.5.3/scss/bootstrap-grid.scss.br
- bootstrap/4.5.3/scss/bootstrap-grid.scss.gz
- bootstrap/4.5.3/scss/bootstrap-reboot.scss.br
- bootstrap/4.5.3/scss/bootstrap-reboot.scss.gz
- bootstrap/4.5.3/scss/bootstrap.scss.br
- bootstrap/4.5.3/scss/bootstrap.scss.gz
- bootstrap/4.5.3/scss/mixins/_alert.scss.br
- bootstrap/4.5.3/scss/mixins/_alert.scss.gz
- bootstrap/4.5.3/scss/mixins/_background-variant.scss.br
- bootstrap/4.5.3/scss/mixins/_background-variant.scss.gz
- bootstrap/4.5.3/scss/mixins/_badge.scss.br
- bootstrap/4.5.3/scss/mixins/_badge.scss.gz
- bootstrap/4.5.3/scss/mixins/_border-radius.scss.br
- bootstrap/4.5.3/scss/mixins/_border-radius.scss.gz
- bootstrap/4.5.3/scss/mixins/_box-shadow.scss.br
- bootstrap/4.5.3/scss/mixins/_box-shadow.scss.gz
- bootstrap/4.5.3/scss/mixins/_breakpoints.scss.br
- bootstrap/4.5.3/scss/mixins/_breakpoints.scss.gz
- bootstrap/4.5.3/scss/mixins/_buttons.scss.br
- bootstrap/4.5.3/scss/mixins/_buttons.scss.gz
- bootstrap/4.5.3/scss/mixins/_caret.scss.br
- bootstrap/4.5.3/scss/mixins/_caret.scss.gz
- bootstrap/4.5.3/scss/mixins/_clearfix.scss.br
- bootstrap/4.5.3/scss/mixins/_clearfix.scss.gz
- bootstrap/4.5.3/scss/mixins/_deprecate.scss.br
- bootstrap/4.5.3/scss/mixins/_deprecate.scss.gz
- bootstrap/4.5.3/scss/mixins/_float.scss.br
- bootstrap/4.5.3/scss/mixins/_float.scss.gz
- bootstrap/4.5.3/scss/mixins/_forms.scss.br
- bootstrap/4.5.3/scss/mixins/_forms.scss.gz
- bootstrap/4.5.3/scss/mixins/_gradients.scss.br
- bootstrap/4.5.3/scss/mixins/_gradients.scss.gz
- bootstrap/4.5.3/scss/mixins/_grid-framework.scss.br
- bootstrap/4.5.3/scss/mixins/_grid-framework.scss.gz
- bootstrap/4.5.3/scss/mixins/_grid.scss.br
- bootstrap/4.5.3/scss/mixins/_grid.scss.gz
- bootstrap/4.5.3/scss/mixins/_hover.scss.br
- bootstrap/4.5.3/scss/mixins/_hover.scss.gz
- bootstrap/4.5.3/scss/mixins/_image.scss.br
- bootstrap/4.5.3/scss/mixins/_image.scss.gz
- bootstrap/4.5.3/scss/mixins/_list-group.scss.br
- bootstrap/4.5.3/scss/mixins/_list-group.scss.gz
- bootstrap/4.5.3/scss/mixins/_lists.scss.br
- bootstrap/4.5.3/scss/mixins/_lists.scss.gz
- bootstrap/4.5.3/scss/mixins/_nav-divider.scss.br
- bootstrap/4.5.3/scss/mixins/_nav-divider.scss.gz
- bootstrap/4.5.3/scss/mixins/_pagination.scss.br
- bootstrap/4.5.3/scss/mixins/_pagination.scss.gz
- bootstrap/4.5.3/scss/mixins/_reset-text.scss.br
- bootstrap/4.5.3/scss/mixins/_reset-text.scss.gz
- bootstrap/4.5.3/scss/mixins/_resize.scss.br
- bootstrap/4.5.3/scss/mixins/_resize.scss.gz
- bootstrap/4.5.3/scss/mixins/_screen-reader.scss.br
- bootstrap/4.5.3/scss/mixins/_screen-reader.scss.gz
- bootstrap/4.5.3/scss/mixins/_size.scss.br
- bootstrap/4.5.3/scss/mixins/_size.scss.gz
- bootstrap/4.5.3/scss/mixins/_table-row.scss.br
- bootstrap/4.5.3/scss/mixins/_table-row.scss.gz
- bootstrap/4.5.3/scss/mixins/_text-emphasis.scss.br
- bootstrap/4.5.3/scss/mixins/_text-emphasis.scss.gz
- bootstrap/4.5.3/scss/mixins/_text-hide.scss.br
- bootstrap/4.5.3/scss/mixins/_text-hide.scss.gz
- bootstrap/4.5.3/scss/mixins/_text-truncate.scss.br
- bootstrap/4.5.3/scss/mixins/_text-truncate.scss.gz
- bootstrap/4.5.3/scss/mixins/_transition.scss.br
- bootstrap/4.5.3/scss/mixins/_transition.scss.gz
- bootstrap/4.5.3/scss/mixins/_visibility.scss.br
- bootstrap/4.5.3/scss/mixins/_visibility.scss.gz
- bootstrap/4.5.3/scss/utilities/_align.scss.br
- bootstrap/4.5.3/scss/utilities/_align.scss.gz
- bootstrap/4.5.3/scss/utilities/_background.scss.br
- bootstrap/4.5.3/scss/utilities/_background.scss.gz
- bootstrap/4.5.3/scss/utilities/_borders.scss.br
- bootstrap/4.5.3/scss/utilities/_borders.scss.gz
- bootstrap/4.5.3/scss/utilities/_clearfix.scss.br
- bootstrap/4.5.3/scss/utilities/_clearfix.scss.gz
- bootstrap/4.5.3/scss/utilities/_display.scss.br
- bootstrap/4.5.3/scss/utilities/_display.scss.gz
- bootstrap/4.5.3/scss/utilities/_embed.scss.br
- bootstrap/4.5.3/scss/utilities/_embed.scss.gz
- bootstrap/4.5.3/scss/utilities/_flex.scss.br
- bootstrap/4.5.3/scss/utilities/_flex.scss.gz
- bootstrap/4.5.3/scss/utilities/_float.scss.br
- bootstrap/4.5.3/scss/utilities/_float.scss.gz
- bootstrap/4.5.3/scss/utilities/_interactions.scss.br
- bootstrap/4.5.3/scss/utilities/_interactions.scss.gz
- bootstrap/4.5.3/scss/utilities/_overflow.scss.br
- bootstrap/4.5.3/scss/utilities/_overflow.scss.gz
- bootstrap/4.5.3/scss/utilities/_position.scss.br
- bootstrap/4.5.3/scss/utilities/_position.scss.gz
- bootstrap/4.5.3/scss/utilities/_screenreaders.scss.br
- bootstrap/4.5.3/scss/utilities/_screenreaders.scss.gz
- bootstrap/4.5.3/scss/utilities/_shadows.scss.br
- bootstrap/4.5.3/scss/utilities/_shadows.scss.gz
- bootstrap/4.5.3/scss/utilities/_sizing.scss.br
- bootstrap/4.5.3/scss/utilities/_sizing.scss.gz
- bootstrap/4.5.3/scss/utilities/_spacing.scss.br
- bootstrap/4.5.3/scss/utilities/_spacing.scss.gz
- bootstrap/4.5.3/scss/utilities/_stretched-link.scss.br
- bootstrap/4.5.3/scss/utilities/_stretched-link.scss.gz
- bootstrap/4.5.3/scss/utilities/_text.scss.br
- bootstrap/4.5.3/scss/utilities/_text.scss.gz
- bootstrap/4.5.3/scss/utilities/_visibility.scss.br
- bootstrap/4.5.3/scss/utilities/_visibility.scss.gz
- bootstrap/4.5.3/scss/vendor/_rfs.scss.br
- bootstrap/4.5.3/scss/vendor/_rfs.scss.gz
SRIs:
- bootstrap/4.5.3/css/bootstrap-grid.min.css: sha512-QTQigm89ZvHzwoJ/NgJPghQPegLIwnXuOXWEdAjjOvpE9uaBGeI05+auj0RjYVr86gtMaBJRKi8hWZVsrVe/Ug==
- bootstrap/4.5.3/css/bootstrap.css: sha512-drnvWxqfgcU6sLzAJttJv7LKdjWn0nxWCSbEAtxJ/YYaZMyoNLovG7lPqZRdhgL1gAUfa+V7tbin8y+2llC1cw==
- bootstrap/4.5.3/css/bootstrap.min.css: sha512-oc9+XSs1H243/FRN9Rw62Fn8EtxjEYWHXRvjS43YtueEewbS6ObfXcJNyohjHqVKFPoXXUxwc+q1K7Dee6vv9g==
- bootstrap/4.5.3/js/bootstrap.js: sha512-KCgUnRzizZDFYoNEYmnqlo0PRE6rQkek9dE/oyIiCExStQ72O7GwIFfmPdkzk4OvZ/sbHKSLVeR4Gl3s7s679g==
- bootstrap/4.5.3/js/bootstrap.bundle.min.js: sha512-iceXjjbmB2rwoX93Ka6HAHP+B76IY1z0o3h+N1PeDtRSsyeetU3/0QKJqGyPJcX63zysNehggFwMC/bi7dvMig==
- bootstrap/4.5.3/js/bootstrap.min.js: sha512-8qmis31OQi6hIRgvkht0s6mCOittjMa9GMqtK9hes5iEQBQE/Ca6yGE5FsW36vyipGoWQswBj/QBm2JR086Rkw==
- bootstrap/4.5.3/css/bootstrap-grid.css: sha512-hD8bPMq+JrZOWl7K+ASCSkG6tP80Vyf9OeUtYdAEW0N8XDNw495cfIEs5BkHLRaPNCvBHxXPC60cPQ/jmwUgmQ==
- bootstrap/4.5.3/css/bootstrap-reboot.css: sha512-JtCUSOdqjetJggepwCCR9FT8g07iSENmKyOFQ/cc5WsATPU6f57wEODAHzoqWy+/QIALSVDSmf/2XcYF83gWFg==
- bootstrap/4.5.3/css/bootstrap-reboot.min.css: sha512-YmRhY1UctqTkuyEizDjgJcnn0Knu5tdpv09KUI003L5tjfn2YGxhujqXEFE7fqFgRlqU/jeTI+K7fFurBnRAhg==
- bootstrap/4.5.3/js/bootstrap.bundle.js: sha512-CIx/U2r3mgLo/8//HfU4Fb0U4ldfggM0wrTHnRoawoqPFmbkUs6exrdChiPYqVllmtz6Y10rVbyDOAq7d7nZ1w==
