config: {"autoupdate":{"source":"npm","target":"socket.io-client","fileMap":[{"basePath":"dist","files":["**/*"]}]},"description":"node.js realtime framework server","filename":"socket.io.js","homepage":"https://socket.io","keywords":["websockets","node","popular"],"license":"MIT","name":"socket.io","repository":{"type":"git","url":"git://github.com/socketio/socket.io.git"}}
KV keys:
- socket.io/4.6.0-alpha1/socket.io.esm.min.js.br
- socket.io/4.6.0-alpha1/socket.io.esm.min.js.gz
- socket.io/4.6.0-alpha1/socket.io.esm.min.js.map.br
- socket.io/4.6.0-alpha1/socket.io.esm.min.js.map.gz
- socket.io/4.6.0-alpha1/socket.io.js.br
- socket.io/4.6.0-alpha1/socket.io.js.gz
- socket.io/4.6.0-alpha1/socket.io.js.map.br
- socket.io/4.6.0-alpha1/socket.io.js.map.gz
- socket.io/4.6.0-alpha1/socket.io.min.js.br
- socket.io/4.6.0-alpha1/socket.io.min.js.gz
- socket.io/4.6.0-alpha1/socket.io.min.js.map.br
- socket.io/4.6.0-alpha1/socket.io.min.js.map.gz
- socket.io/4.6.0-alpha1/socket.io.msgpack.min.js.br
- socket.io/4.6.0-alpha1/socket.io.msgpack.min.js.gz
- socket.io/4.6.0-alpha1/socket.io.msgpack.min.js.map.br
- socket.io/4.6.0-alpha1/socket.io.msgpack.min.js.map.gz
SRIs:
- socket.io/4.6.0-alpha1/socket.io.esm.min.js: sha512-8DsIQ+/qjJ1vGzpGrGIXWweXvGPJvBtDFLrezO9UWRr9CWGMeMIVWLao2/iyTPzSvMTd+cWyzOgsk5MfrSkplA==
- socket.io/4.6.0-alpha1/socket.io.js: sha512-DcF4o+uY2hyNKJhvoQGUh8btMrNJ/x0UJB76QpLb+LaWtGjxX5pIE4lZoTjuATB1F/Soj1AsfNrLnU0h929UOQ==
- socket.io/4.6.0-alpha1/socket.io.min.js: sha512-KnkvlKjkbj33rnau0punGigemr22X/i38qsmyPRbMdhajtttbDWF5IhPAnEzUupVwF3j/7VmUFIZMWR/T1Qukg==
- socket.io/4.6.0-alpha1/socket.io.msgpack.min.js: sha512-TjamCXLbsHItLpGV3y88Jq290IbWdJstcz4jbdZpQ79gxG3101lSGV+qVJm7x03sp4RXscR7NP05ABhEcyB2pg==
