config: {"authors":[{"name":"Google Inc."}],"autoupdate":{"source":"npm","target":"@fontsource/allan","fileMap":[{"basePath":"","files":["*.css","files/*.@(woff|woff2)"]}],"excludeFromSearch":true},"description":"Self-host the Allan font in a neatly bundled NPM package.","filename":"index.css","homepage":"https://fontsource.org/fonts/allan","keywords":["fontsource","font","font family","google fonts","allan","Allan","css","sass","front-end","web","typeface","variable"],"license":"OFL-1.1","name":"fontsource-allan","repository":{"type":"git","url":"git+https://github.com/fontsource/font-files.git"},"author":"Google Inc."}
KV keys:
- fontsource-allan/5.0.7/400.css.br
- fontsource-allan/5.0.7/400.css.gz
- fontsource-allan/5.0.7/400.min.css.br
- fontsource-allan/5.0.7/400.min.css.gz
- fontsource-allan/5.0.7/700.css.br
- fontsource-allan/5.0.7/700.css.gz
- fontsource-allan/5.0.7/700.min.css.br
- fontsource-allan/5.0.7/700.min.css.gz
- fontsource-allan/5.0.7/files/allan-latin-400-normal.woff.br
- fontsource-allan/5.0.7/files/allan-latin-400-normal.woff.gz
- fontsource-allan/5.0.7/files/allan-latin-400-normal.woff2
- fontsource-allan/5.0.7/files/allan-latin-700-normal.woff.br
- fontsource-allan/5.0.7/files/allan-latin-700-normal.woff.gz
- fontsource-allan/5.0.7/files/allan-latin-700-normal.woff2
- fontsource-allan/5.0.7/files/allan-latin-ext-400-normal.woff.br
- fontsource-allan/5.0.7/files/allan-latin-ext-400-normal.woff.gz
- fontsource-allan/5.0.7/files/allan-latin-ext-400-normal.woff2
- fontsource-allan/5.0.7/files/allan-latin-ext-700-normal.woff.br
- fontsource-allan/5.0.7/files/allan-latin-ext-700-normal.woff.gz
- fontsource-allan/5.0.7/files/allan-latin-ext-700-normal.woff2
- fontsource-allan/5.0.7/index.css.br
- fontsource-allan/5.0.7/index.css.gz
- fontsource-allan/5.0.7/index.min.css.br
- fontsource-allan/5.0.7/index.min.css.gz
- fontsource-allan/5.0.7/latin-400.css.br
- fontsource-allan/5.0.7/latin-400.css.gz
- fontsource-allan/5.0.7/latin-400.min.css.br
- fontsource-allan/5.0.7/latin-400.min.css.gz
- fontsource-allan/5.0.7/latin-700.css.br
- fontsource-allan/5.0.7/latin-700.css.gz
- fontsource-allan/5.0.7/latin-700.min.css.br
- fontsource-allan/5.0.7/latin-700.min.css.gz
- fontsource-allan/5.0.7/latin-ext-400.css.br
- fontsource-allan/5.0.7/latin-ext-400.css.gz
- fontsource-allan/5.0.7/latin-ext-400.min.css.br
- fontsource-allan/5.0.7/latin-ext-400.min.css.gz
- fontsource-allan/5.0.7/latin-ext-700.css.br
- fontsource-allan/5.0.7/latin-ext-700.css.gz
- fontsource-allan/5.0.7/latin-ext-700.min.css.br
- fontsource-allan/5.0.7/latin-ext-700.min.css.gz
- fontsource-allan/5.0.7/latin-ext.css.br
- fontsource-allan/5.0.7/latin-ext.css.gz
- fontsource-allan/5.0.7/latin-ext.min.css.br
- fontsource-allan/5.0.7/latin-ext.min.css.gz
- fontsource-allan/5.0.7/latin.css.br
- fontsource-allan/5.0.7/latin.css.gz
- fontsource-allan/5.0.7/latin.min.css.br
- fontsource-allan/5.0.7/latin.min.css.gz
SRIs:
- fontsource-allan/5.0.7/400.min.css: sha512-28WncYtnitPfKKomSD/toqior0w0swNh0ZOnakOLZ5p+/OJp2oXXfse2yi1DaM4vDShz6Lp+zkW9a5EBVtz+1w==
- fontsource-allan/5.0.7/latin-400.css: sha512-3UANLmmrl0YpbG/jpW4/ANQDKw1uUJd6QRhzEucW4ybdVSqhl5YKlgj1k6W9W4QkktsKJxlBZKUFXPRxnWZ/4Q==
- fontsource-allan/5.0.7/latin-ext-700.css: sha512-A4u38BtgXTrwgO4zP5oVZfZ4tx36k+Xr8uRxp5F8cG+Vq+6acOB9XLWcYJC7/cpmuDtkdVJnw8RXr1KwqMz9jg==
- fontsource-allan/5.0.7/latin-ext.min.css: sha512-/zhxd4PF/CpB+Ze4uUUeII8eDzP0nw12sbKPG8xZ4QRE8cV6fPhnSRn/uef0H31CTbbxcGnvHQ9+NXWpoX3OgQ==
- fontsource-allan/5.0.7/latin.min.css: sha512-KFPWTTK3d7KU3064R75xxVIDFikhCnPRpDUghCl5T+a/vAsgmPJ2FOg4f0ehEceF92ufFUzYUuqVB+1DZt5Iug==
- fontsource-allan/5.0.7/700.min.css: sha512-NlxaThnbyiboqvd/7u1XGB7GDEYvPQIc/3xMYiAtobh+rHhCHm3TluHIemJQnb4fHFpAaakQK0Rj5DLl9DmloQ==
- fontsource-allan/5.0.7/index.min.css: sha512-28WncYtnitPfKKomSD/toqior0w0swNh0ZOnakOLZ5p+/OJp2oXXfse2yi1DaM4vDShz6Lp+zkW9a5EBVtz+1w==
- fontsource-allan/5.0.7/latin-700.css: sha512-+U0dEWdZ4S4QIdVAWd3MpW5I81nsmR9xjJFH7CgQ+u6hJwyJoSUMpuPZT1P2sKuwbKLTcrUo39+H9YhtEhMRmQ==
- fontsource-allan/5.0.7/latin-700.min.css: sha512-PXbVoRpMLIZbUt2R5l/5rVrX4O2l+t60VOl7E3+jza6fpLMntI25zC+UtqjvnELlntBUcVdSZy4aajAO3GNgpg==
- fontsource-allan/5.0.7/latin-ext-400.min.css: sha512-OPEy8fbj1ZK4jDDz9vpKlQz7ge1T5jXH4x34oEKO4JPpsjLRa7/bDXPW+I/ncKo3oJWm527GgV6rvGj+KvnQBw==
- fontsource-allan/5.0.7/latin-ext-700.min.css: sha512-999aBJOb48LrvtFn9AmWHaZMmTL3CEsL9fiHuT/Ll7KEq4QDg0oSgXA2UnSha5L5F8/4SbWm5LH6pd6hlH8biA==
- fontsource-allan/5.0.7/latin.css: sha512-5YicRO3B9fEwoCXvoGZV/khq+jSG/NkrATrV2vG2a7n+rd2UJqlCDZIlp6eo7ZXQDyc02arEttTpoip9dwVRqg==
- fontsource-allan/5.0.7/400.css: sha512-ytkQb2Q+0589N5Gx9zPy8pwz722kLQH8ClxZhXmd5P7U/nJIXYQL0NoYXq4LKRDB27fIZo6X4bZOh62rczghGw==
- fontsource-allan/5.0.7/index.css: sha512-ytkQb2Q+0589N5Gx9zPy8pwz722kLQH8ClxZhXmd5P7U/nJIXYQL0NoYXq4LKRDB27fIZo6X4bZOh62rczghGw==
- fontsource-allan/5.0.7/latin-400.min.css: sha512-N3UxwBiMgMRtfufgu8LhpdxSN2mlFA1f2VfClJPi5jWQ6vLV2cDD3/vqZvOv7w+e8h8AjAmx1RwRPq9+mVvLEg==
- fontsource-allan/5.0.7/latin-ext.css: sha512-Xh/XK5Sr0frHABg4DGMdBd+altoVdFFQRTn0y9bOUcHTonfHpWX6hvpp/6/qu7CjMOCCIxosxB1zbXdw4HR6jg==
- fontsource-allan/5.0.7/700.css: sha512-xdnzsZeSBoGHHTNZQzrXWRnjuiX+/yhN6ul5CBkcSCgkRFbj2je7odJaIPEw0vBnASBG0/o+YZZfddB1EFqNeA==
- fontsource-allan/5.0.7/latin-ext-400.css: sha512-Slup6/GANeOIzlj5R7FLJ6/LicAaURIrXfNFcPdQButoCRF3tH3so7ovNeGHmqad0MmWu/jE9bMxufDFUCzg7A==
