config: {"authors":[{"name":"Google Inc."}],"autoupdate":{"source":"npm","target":"@fontsource/stick-no-bills","fileMap":[{"basePath":"","files":["*.css","files/*.@(woff|woff2)"]}],"excludeFromSearch":true},"description":"Self-host the Stick No Bills font in a neatly bundled NPM package.","filename":"index.css","homepage":"https://fontsource.org/fonts/stick-no-bills","keywords":["fontsource","font","font family","google fonts","stick-no-bills","Stick No Bills","css","sass","front-end","web","typeface","variable"],"license":"OFL-1.1","name":"fontsource-stick-no-bills","repository":{"type":"git","url":"git+https://github.com/fontsource/font-files.git"},"author":"Google Inc."}
KV keys:
- fontsource-stick-no-bills/4.5.13/200.css.br
- fontsource-stick-no-bills/4.5.13/200.css.gz
- fontsource-stick-no-bills/4.5.13/200.min.css.br
- fontsource-stick-no-bills/4.5.13/200.min.css.gz
- fontsource-stick-no-bills/4.5.13/300.css.br
- fontsource-stick-no-bills/4.5.13/300.css.gz
- fontsource-stick-no-bills/4.5.13/300.min.css.br
- fontsource-stick-no-bills/4.5.13/300.min.css.gz
- fontsource-stick-no-bills/4.5.13/400.css.br
- fontsource-stick-no-bills/4.5.13/400.css.gz
- fontsource-stick-no-bills/4.5.13/400.min.css.br
- fontsource-stick-no-bills/4.5.13/400.min.css.gz
- fontsource-stick-no-bills/4.5.13/500.css.br
- fontsource-stick-no-bills/4.5.13/500.css.gz
- fontsource-stick-no-bills/4.5.13/500.min.css.br
- fontsource-stick-no-bills/4.5.13/500.min.css.gz
- fontsource-stick-no-bills/4.5.13/600.css.br
- fontsource-stick-no-bills/4.5.13/600.css.gz
- fontsource-stick-no-bills/4.5.13/600.min.css.br
- fontsource-stick-no-bills/4.5.13/600.min.css.gz
- fontsource-stick-no-bills/4.5.13/700.css.br
- fontsource-stick-no-bills/4.5.13/700.css.gz
- fontsource-stick-no-bills/4.5.13/700.min.css.br
- fontsource-stick-no-bills/4.5.13/700.min.css.gz
- fontsource-stick-no-bills/4.5.13/800.css.br
- fontsource-stick-no-bills/4.5.13/800.css.gz
- fontsource-stick-no-bills/4.5.13/800.min.css.br
- fontsource-stick-no-bills/4.5.13/800.min.css.gz
- fontsource-stick-no-bills/4.5.13/files/stick-no-bills-all-200-normal.woff.br
- fontsource-stick-no-bills/4.5.13/files/stick-no-bills-all-200-normal.woff.gz
- fontsource-stick-no-bills/4.5.13/files/stick-no-bills-all-300-normal.woff.br
- fontsource-stick-no-bills/4.5.13/files/stick-no-bills-all-300-normal.woff.gz
- fontsource-stick-no-bills/4.5.13/files/stick-no-bills-all-400-normal.woff.br
- fontsource-stick-no-bills/4.5.13/files/stick-no-bills-all-400-normal.woff.gz
- fontsource-stick-no-bills/4.5.13/files/stick-no-bills-all-500-normal.woff.br
- fontsource-stick-no-bills/4.5.13/files/stick-no-bills-all-500-normal.woff.gz
- fontsource-stick-no-bills/4.5.13/files/stick-no-bills-all-600-normal.woff.br
- fontsource-stick-no-bills/4.5.13/files/stick-no-bills-all-600-normal.woff.gz
- fontsource-stick-no-bills/4.5.13/files/stick-no-bills-all-700-normal.woff.br
- fontsource-stick-no-bills/4.5.13/files/stick-no-bills-all-700-normal.woff.gz
- fontsource-stick-no-bills/4.5.13/files/stick-no-bills-all-800-normal.woff.br
- fontsource-stick-no-bills/4.5.13/files/stick-no-bills-all-800-normal.woff.gz
- fontsource-stick-no-bills/4.5.13/files/stick-no-bills-latin-200-normal.woff.br
- fontsource-stick-no-bills/4.5.13/files/stick-no-bills-latin-200-normal.woff.gz
- fontsource-stick-no-bills/4.5.13/files/stick-no-bills-latin-200-normal.woff2
- fontsource-stick-no-bills/4.5.13/files/stick-no-bills-latin-300-normal.woff.br
- fontsource-stick-no-bills/4.5.13/files/stick-no-bills-latin-300-normal.woff.gz
- fontsource-stick-no-bills/4.5.13/files/stick-no-bills-latin-300-normal.woff2
- fontsource-stick-no-bills/4.5.13/files/stick-no-bills-latin-400-normal.woff.br
- fontsource-stick-no-bills/4.5.13/files/stick-no-bills-latin-400-normal.woff.gz
- fontsource-stick-no-bills/4.5.13/files/stick-no-bills-latin-400-normal.woff2
- fontsource-stick-no-bills/4.5.13/files/stick-no-bills-latin-500-normal.woff.br
- fontsource-stick-no-bills/4.5.13/files/stick-no-bills-latin-500-normal.woff.gz
- fontsource-stick-no-bills/4.5.13/files/stick-no-bills-latin-500-normal.woff2
- fontsource-stick-no-bills/4.5.13/files/stick-no-bills-latin-600-normal.woff.br
- fontsource-stick-no-bills/4.5.13/files/stick-no-bills-latin-600-normal.woff.gz
- fontsource-stick-no-bills/4.5.13/files/stick-no-bills-latin-600-normal.woff2
- fontsource-stick-no-bills/4.5.13/files/stick-no-bills-latin-700-normal.woff.br
- fontsource-stick-no-bills/4.5.13/files/stick-no-bills-latin-700-normal.woff.gz
- fontsource-stick-no-bills/4.5.13/files/stick-no-bills-latin-700-normal.woff2
- fontsource-stick-no-bills/4.5.13/files/stick-no-bills-latin-800-normal.woff.br
- fontsource-stick-no-bills/4.5.13/files/stick-no-bills-latin-800-normal.woff.gz
- fontsource-stick-no-bills/4.5.13/files/stick-no-bills-latin-800-normal.woff2
- fontsource-stick-no-bills/4.5.13/files/stick-no-bills-latin-ext-200-normal.woff.br
- fontsource-stick-no-bills/4.5.13/files/stick-no-bills-latin-ext-200-normal.woff.gz
- fontsource-stick-no-bills/4.5.13/files/stick-no-bills-latin-ext-200-normal.woff2
- fontsource-stick-no-bills/4.5.13/files/stick-no-bills-latin-ext-300-normal.woff.br
- fontsource-stick-no-bills/4.5.13/files/stick-no-bills-latin-ext-300-normal.woff.gz
- fontsource-stick-no-bills/4.5.13/files/stick-no-bills-latin-ext-300-normal.woff2
- fontsource-stick-no-bills/4.5.13/files/stick-no-bills-latin-ext-400-normal.woff.br
- fontsource-stick-no-bills/4.5.13/files/stick-no-bills-latin-ext-400-normal.woff.gz
- fontsource-stick-no-bills/4.5.13/files/stick-no-bills-latin-ext-400-normal.woff2
- fontsource-stick-no-bills/4.5.13/files/stick-no-bills-latin-ext-500-normal.woff.br
- fontsource-stick-no-bills/4.5.13/files/stick-no-bills-latin-ext-500-normal.woff.gz
- fontsource-stick-no-bills/4.5.13/files/stick-no-bills-latin-ext-500-normal.woff2
- fontsource-stick-no-bills/4.5.13/files/stick-no-bills-latin-ext-600-normal.woff.br
- fontsource-stick-no-bills/4.5.13/files/stick-no-bills-latin-ext-600-normal.woff.gz
- fontsource-stick-no-bills/4.5.13/files/stick-no-bills-latin-ext-600-normal.woff2
- fontsource-stick-no-bills/4.5.13/files/stick-no-bills-latin-ext-700-normal.woff.br
- fontsource-stick-no-bills/4.5.13/files/stick-no-bills-latin-ext-700-normal.woff.gz
- fontsource-stick-no-bills/4.5.13/files/stick-no-bills-latin-ext-700-normal.woff2
- fontsource-stick-no-bills/4.5.13/files/stick-no-bills-latin-ext-800-normal.woff.br
- fontsource-stick-no-bills/4.5.13/files/stick-no-bills-latin-ext-800-normal.woff.gz
- fontsource-stick-no-bills/4.5.13/files/stick-no-bills-latin-ext-800-normal.woff2
- fontsource-stick-no-bills/4.5.13/files/stick-no-bills-latin-ext-variable-wghtOnly-normal.woff2
- fontsource-stick-no-bills/4.5.13/files/stick-no-bills-latin-variable-wghtOnly-normal.woff2
- fontsource-stick-no-bills/4.5.13/files/stick-no-bills-sinhala-200-normal.woff.br
- fontsource-stick-no-bills/4.5.13/files/stick-no-bills-sinhala-200-normal.woff.gz
- fontsource-stick-no-bills/4.5.13/files/stick-no-bills-sinhala-200-normal.woff2
- fontsource-stick-no-bills/4.5.13/files/stick-no-bills-sinhala-300-normal.woff.br
- fontsource-stick-no-bills/4.5.13/files/stick-no-bills-sinhala-300-normal.woff.gz
- fontsource-stick-no-bills/4.5.13/files/stick-no-bills-sinhala-300-normal.woff2
- fontsource-stick-no-bills/4.5.13/files/stick-no-bills-sinhala-400-normal.woff.br
- fontsource-stick-no-bills/4.5.13/files/stick-no-bills-sinhala-400-normal.woff.gz
- fontsource-stick-no-bills/4.5.13/files/stick-no-bills-sinhala-400-normal.woff2
- fontsource-stick-no-bills/4.5.13/files/stick-no-bills-sinhala-500-normal.woff.br
- fontsource-stick-no-bills/4.5.13/files/stick-no-bills-sinhala-500-normal.woff.gz
- fontsource-stick-no-bills/4.5.13/files/stick-no-bills-sinhala-500-normal.woff2
- fontsource-stick-no-bills/4.5.13/files/stick-no-bills-sinhala-600-normal.woff.br
- fontsource-stick-no-bills/4.5.13/files/stick-no-bills-sinhala-600-normal.woff.gz
- fontsource-stick-no-bills/4.5.13/files/stick-no-bills-sinhala-600-normal.woff2
- fontsource-stick-no-bills/4.5.13/files/stick-no-bills-sinhala-700-normal.woff.br
- fontsource-stick-no-bills/4.5.13/files/stick-no-bills-sinhala-700-normal.woff.gz
- fontsource-stick-no-bills/4.5.13/files/stick-no-bills-sinhala-700-normal.woff2
- fontsource-stick-no-bills/4.5.13/files/stick-no-bills-sinhala-800-normal.woff.br
- fontsource-stick-no-bills/4.5.13/files/stick-no-bills-sinhala-800-normal.woff.gz
- fontsource-stick-no-bills/4.5.13/files/stick-no-bills-sinhala-800-normal.woff2
- fontsource-stick-no-bills/4.5.13/files/stick-no-bills-sinhala-variable-wghtOnly-normal.woff2
- fontsource-stick-no-bills/4.5.13/index.css.br
- fontsource-stick-no-bills/4.5.13/index.css.gz
- fontsource-stick-no-bills/4.5.13/index.min.css.br
- fontsource-stick-no-bills/4.5.13/index.min.css.gz
- fontsource-stick-no-bills/4.5.13/latin-200.css.br
- fontsource-stick-no-bills/4.5.13/latin-200.css.gz
- fontsource-stick-no-bills/4.5.13/latin-200.min.css.br
- fontsource-stick-no-bills/4.5.13/latin-200.min.css.gz
- fontsource-stick-no-bills/4.5.13/latin-300.css.br
- fontsource-stick-no-bills/4.5.13/latin-300.css.gz
- fontsource-stick-no-bills/4.5.13/latin-300.min.css.br
- fontsource-stick-no-bills/4.5.13/latin-300.min.css.gz
- fontsource-stick-no-bills/4.5.13/latin-400.css.br
- fontsource-stick-no-bills/4.5.13/latin-400.css.gz
- fontsource-stick-no-bills/4.5.13/latin-400.min.css.br
- fontsource-stick-no-bills/4.5.13/latin-400.min.css.gz
- fontsource-stick-no-bills/4.5.13/latin-500.css.br
- fontsource-stick-no-bills/4.5.13/latin-500.css.gz
- fontsource-stick-no-bills/4.5.13/latin-500.min.css.br
- fontsource-stick-no-bills/4.5.13/latin-500.min.css.gz
- fontsource-stick-no-bills/4.5.13/latin-600.css.br
- fontsource-stick-no-bills/4.5.13/latin-600.css.gz
- fontsource-stick-no-bills/4.5.13/latin-600.min.css.br
- fontsource-stick-no-bills/4.5.13/latin-600.min.css.gz
- fontsource-stick-no-bills/4.5.13/latin-700.css.br
- fontsource-stick-no-bills/4.5.13/latin-700.css.gz
- fontsource-stick-no-bills/4.5.13/latin-700.min.css.br
- fontsource-stick-no-bills/4.5.13/latin-700.min.css.gz
- fontsource-stick-no-bills/4.5.13/latin-800.css.br
- fontsource-stick-no-bills/4.5.13/latin-800.css.gz
- fontsource-stick-no-bills/4.5.13/latin-800.min.css.br
- fontsource-stick-no-bills/4.5.13/latin-800.min.css.gz
- fontsource-stick-no-bills/4.5.13/latin-ext-200.css.br
- fontsource-stick-no-bills/4.5.13/latin-ext-200.css.gz
- fontsource-stick-no-bills/4.5.13/latin-ext-200.min.css.br
- fontsource-stick-no-bills/4.5.13/latin-ext-200.min.css.gz
- fontsource-stick-no-bills/4.5.13/latin-ext-300.css.br
- fontsource-stick-no-bills/4.5.13/latin-ext-300.css.gz
- fontsource-stick-no-bills/4.5.13/latin-ext-300.min.css.br
- fontsource-stick-no-bills/4.5.13/latin-ext-300.min.css.gz
- fontsource-stick-no-bills/4.5.13/latin-ext-400.css.br
- fontsource-stick-no-bills/4.5.13/latin-ext-400.css.gz
- fontsource-stick-no-bills/4.5.13/latin-ext-400.min.css.br
- fontsource-stick-no-bills/4.5.13/latin-ext-400.min.css.gz
- fontsource-stick-no-bills/4.5.13/latin-ext-500.css.br
- fontsource-stick-no-bills/4.5.13/latin-ext-500.css.gz
- fontsource-stick-no-bills/4.5.13/latin-ext-500.min.css.br
- fontsource-stick-no-bills/4.5.13/latin-ext-500.min.css.gz
- fontsource-stick-no-bills/4.5.13/latin-ext-600.css.br
- fontsource-stick-no-bills/4.5.13/latin-ext-600.css.gz
- fontsource-stick-no-bills/4.5.13/latin-ext-600.min.css.br
- fontsource-stick-no-bills/4.5.13/latin-ext-600.min.css.gz
- fontsource-stick-no-bills/4.5.13/latin-ext-700.css.br
- fontsource-stick-no-bills/4.5.13/latin-ext-700.css.gz
- fontsource-stick-no-bills/4.5.13/latin-ext-700.min.css.br
- fontsource-stick-no-bills/4.5.13/latin-ext-700.min.css.gz
- fontsource-stick-no-bills/4.5.13/latin-ext-800.css.br
- fontsource-stick-no-bills/4.5.13/latin-ext-800.css.gz
- fontsource-stick-no-bills/4.5.13/latin-ext-800.min.css.br
- fontsource-stick-no-bills/4.5.13/latin-ext-800.min.css.gz
- fontsource-stick-no-bills/4.5.13/latin-ext.css.br
- fontsource-stick-no-bills/4.5.13/latin-ext.css.gz
- fontsource-stick-no-bills/4.5.13/latin-ext.min.css.br
- fontsource-stick-no-bills/4.5.13/latin-ext.min.css.gz
- fontsource-stick-no-bills/4.5.13/latin.css.br
- fontsource-stick-no-bills/4.5.13/latin.css.gz
- fontsource-stick-no-bills/4.5.13/latin.min.css.br
- fontsource-stick-no-bills/4.5.13/latin.min.css.gz
- fontsource-stick-no-bills/4.5.13/sinhala-200.css.br
- fontsource-stick-no-bills/4.5.13/sinhala-200.css.gz
- fontsource-stick-no-bills/4.5.13/sinhala-200.min.css.br
- fontsource-stick-no-bills/4.5.13/sinhala-200.min.css.gz
- fontsource-stick-no-bills/4.5.13/sinhala-300.css.br
- fontsource-stick-no-bills/4.5.13/sinhala-300.css.gz
- fontsource-stick-no-bills/4.5.13/sinhala-300.min.css.br
- fontsource-stick-no-bills/4.5.13/sinhala-300.min.css.gz
- fontsource-stick-no-bills/4.5.13/sinhala-400.css.br
- fontsource-stick-no-bills/4.5.13/sinhala-400.css.gz
- fontsource-stick-no-bills/4.5.13/sinhala-400.min.css.br
- fontsource-stick-no-bills/4.5.13/sinhala-400.min.css.gz
- fontsource-stick-no-bills/4.5.13/sinhala-500.css.br
- fontsource-stick-no-bills/4.5.13/sinhala-500.css.gz
- fontsource-stick-no-bills/4.5.13/sinhala-500.min.css.br
- fontsource-stick-no-bills/4.5.13/sinhala-500.min.css.gz
- fontsource-stick-no-bills/4.5.13/sinhala-600.css.br
- fontsource-stick-no-bills/4.5.13/sinhala-600.css.gz
- fontsource-stick-no-bills/4.5.13/sinhala-600.min.css.br
- fontsource-stick-no-bills/4.5.13/sinhala-600.min.css.gz
- fontsource-stick-no-bills/4.5.13/sinhala-700.css.br
- fontsource-stick-no-bills/4.5.13/sinhala-700.css.gz
- fontsource-stick-no-bills/4.5.13/sinhala-700.min.css.br
- fontsource-stick-no-bills/4.5.13/sinhala-700.min.css.gz
- fontsource-stick-no-bills/4.5.13/sinhala-800.css.br
- fontsource-stick-no-bills/4.5.13/sinhala-800.css.gz
- fontsource-stick-no-bills/4.5.13/sinhala-800.min.css.br
- fontsource-stick-no-bills/4.5.13/sinhala-800.min.css.gz
- fontsource-stick-no-bills/4.5.13/sinhala.css.br
- fontsource-stick-no-bills/4.5.13/sinhala.css.gz
- fontsource-stick-no-bills/4.5.13/sinhala.min.css.br
- fontsource-stick-no-bills/4.5.13/sinhala.min.css.gz
- fontsource-stick-no-bills/4.5.13/variable.css.br
- fontsource-stick-no-bills/4.5.13/variable.css.gz
- fontsource-stick-no-bills/4.5.13/variable.min.css.br
- fontsource-stick-no-bills/4.5.13/variable.min.css.gz
SRIs:
- fontsource-stick-no-bills/4.5.13/latin-800.css: sha512-aqUX10wkWh5fjOI0ZPmn5cB6Gn8Dg+b+Y+Mg2ULOSo1+dHH49qWcgmTXYvvMsMwtkPbBwIB9SIJ7E/oIumxYSg==
- fontsource-stick-no-bills/4.5.13/latin-ext.css: sha512-4wY8IN0nbwPbM2Kg8alxBP+ecvAH4tbZNZgVVT2XEy8C3hiJQm/4ielFtu3NX14DaGyp11rqZpyNYIosClUZgQ==
- fontsource-stick-no-bills/4.5.13/latin-200.min.css: sha512-2MTtIkFIApXGpYMcWCqltyZgsS5L3EPytFSRAeOA10uLjK8j62XIOAkl7XNmD4/YuNV7+FmlaBeJewRMeus1vg==
- fontsource-stick-no-bills/4.5.13/latin-ext-200.css: sha512-eBJV80VdjO9rOA8JCpa4NLjOTEIoqqwH2AvBFx2O6ByNKLnhgNic7oQwX63Dtbkf2STRKgVcwtm+720etm7L2w==
- fontsource-stick-no-bills/4.5.13/sinhala-200.css: sha512-mD18qmv9FXQIkFQM3Hczu9wg1weGITA6nXN/diWu9juS+QdtF/z/7RSYl63nZo6txN4PoDHwdFHEBkkq1wVcKA==
- fontsource-stick-no-bills/4.5.13/sinhala-200.min.css: sha512-eRpy20wR3w13tD2eBQ1RR8Mme0I3ggxJ8hsFL6x3BrPI8aVp+hzZlTem7ztfrY53VF9finQfdhFfalmG6IYJTA==
- fontsource-stick-no-bills/4.5.13/sinhala-300.min.css: sha512-PWssuK/2Q/nlnR8ZHHJehQaDZD5DMTELgQcQEmwAVpiOd1rMtCBvhY437qHuJlNyqINYx2kTR/O9+X1vL01I0A==
- fontsource-stick-no-bills/4.5.13/600.min.css: sha512-nNtW2bL9RE0vsvl6n7r37uZLGyVr9coyiqbyWNN4u/9ZaDOTL2+PdZbmdWU2mlfudbtai06xDHLGEjdogcYkBg==
- fontsource-stick-no-bills/4.5.13/latin-ext-400.css: sha512-ZWy35Olm54+E7HddY40NFahwCpZhUfz/QxeYPbDqLD7CdJ7JkVvJleh69QrrrFJSGN3oFzCAEl2eyCCbxGOltw==
- fontsource-stick-no-bills/4.5.13/sinhala.css: sha512-ipjDBjOtb37lk0qudp6YEhPqcbQtJDaUgxsfJGCm8NU4FOVJrzLkYwIAjEqIkBVAWJ2Z+e43zUtl6nrYq91TmA==
- fontsource-stick-no-bills/4.5.13/400.css: sha512-D7j8nJ1JQOPEbUGA3n+C89o91iAWGyBQCPdfL8CetBNkCnyVQFk+bozA883ANepYKGDrTSDj9MrO3C/Kf8+AHw==
- fontsource-stick-no-bills/4.5.13/500.css: sha512-/LkSWce+F6lfSoO/R/aB0y9ZdDXuDMdu608c0KbCOC47zukt8mp6SXJH0r/LcEbAQLy3RcUQzcxVRJpYkVtVyg==
- fontsource-stick-no-bills/4.5.13/latin-ext-300.min.css: sha512-Y8/LcCq8Kd8Unr8o15o1t9NQXnJZj/lYYcofJ3UudCPEYfu7MjNqplplmiPP1rD8Kct52mU963dq8+RqWwoDxg==
- fontsource-stick-no-bills/4.5.13/latin-ext-500.min.css: sha512-SjzO8TX83OdvMruov/R+qhxwr2I+kLxWpk9ZUejLYv7aI1BDVHuyn4XgqcwmslAvEgn2WySH7RRvx2CdctiRfA==
- fontsource-stick-no-bills/4.5.13/latin-ext-800.min.css: sha512-wv3JwBAJdJSk5HW25/neM0SwrxLCaACcAitUzaawKs1gpodaqqNDXvtOdpYUHVh/zYBNSlKpf1xMYOy+ZwnK8g==
- fontsource-stick-no-bills/4.5.13/sinhala-700.min.css: sha512-HKsuTrkG5+eSrB0dF0oMKYBFY6j83yeVwbfdbc4MMJpcbtXpAoxzMcOBFYRtaRCAHeOzX7ej8ocYR5jBFOxE7Q==
- fontsource-stick-no-bills/4.5.13/700.min.css: sha512-FDXNycRh56AIETMhb6Dytj9b2t9f14SpZNSHFSmlaLT/Pmr4Fc/iOBPA97+7gI+B5Nzn/ckgyZuQC6EDMniLUg==
- fontsource-stick-no-bills/4.5.13/latin-600.min.css: sha512-Mw7rV+7MIf9zUrpq67/MoZP/WL+Eryt67Ks+N7o7SFqD+iKyGDbE+tL3C4q1KWBswSS0lPaOKRqA8WF+tJ0amQ==
- fontsource-stick-no-bills/4.5.13/sinhala-500.css: sha512-wkg8I9TONh31zhh1LWvg5ylIvfY3+Tkuv0rk16nhyyGgYJCY7/J5hMumRMpel7QKeD7wxk2+1nRKepb0NiIo0Q==
- fontsource-stick-no-bills/4.5.13/variable.css: sha512-VViVaFTvMSaxH7mdQld/Mfg27VvIc2fNmVrYcdc7CwBHI1/n8+PdCxeQsDFrq4l2jnghDjjtKOWKJQUKISKFhA==
- fontsource-stick-no-bills/4.5.13/400.min.css: sha512-zTXNzHjv0Dn0M+ZwBWezrFdi+k3ZoyL0VmGp9lr5omTduptyh+khQRrBCvZ9jhz+Oi4EYtExBv+8BHH9BER4mg==
- fontsource-stick-no-bills/4.5.13/500.min.css: sha512-OMaL46T3PA8apvZ+IrKyCycWjtflfI1Kqoi6UnJhO2cGoXeO6jq13ohYnfGCRs7iBc1cVZtivve7DDyLWxRwPw==
- fontsource-stick-no-bills/4.5.13/800.css: sha512-PtoJjCvMUxa9hoMttUsNuwR1iNGHQb1p9KYENn5KXLsZSV10dhLtPcFcaY1L1FbBqp0rugaxc1+EUPwl04Tvbg==
- fontsource-stick-no-bills/4.5.13/latin-400.css: sha512-44T5zVpnK2YRO4sWBKLUY4P+vUn6CRzWq7kTmcnR4LsaWQP+xSuj4Ato3lKnJba6H0Ycu+fmHDvj2DicT2ptzw==
- fontsource-stick-no-bills/4.5.13/latin-500.min.css: sha512-EogLIHcPOVor4WDHq2KFm+yQ4rjyk8fbbvkANhEA6kDh80O+JC+o10nLuAdCRftctoAnI8F0+YzPKBRL+2MmyA==
- fontsource-stick-no-bills/4.5.13/latin-ext-600.css: sha512-8wzrIcwcFKr+3fW7mOIIboNJpmV60C7xsVG4hxQ8AFYFn2AosP3vRETT/JcbpkS6hOIZyMYqTahSJTCMHnZbwg==
- fontsource-stick-no-bills/4.5.13/200.css: sha512-36BDB0ulwp/mKWC/dTHcPZcGaxOKiybx0iP8Z3VHO3mHK1a7RmVqWZ2/iFJh1J0YPx/tJ52anynO/jZjNyQWpw==
- fontsource-stick-no-bills/4.5.13/200.min.css: sha512-VKbDtFNYb3O8jstdWMIuOmloG3SwYbrZrA7T6yGEne9xAUimYhTjyfL2FmZ9xQeTVQpXMTgl2wDEB0UYqnJCZg==
- fontsource-stick-no-bills/4.5.13/latin-700.min.css: sha512-iC/TLeA5nocxjxdPnqhcC/BnoAKCn2pdCnJqWk4paRhKUur8YcyvHwEE6c6MiMq5LPP6Driwb2CH3VDF+5R0Dg==
- fontsource-stick-no-bills/4.5.13/sinhala-600.min.css: sha512-p3uUsZIa8ou/g6tovw1MEWfXz5QwbGNAttnYxIV9s7QCfr/wDQ7cBOIiOXUUKecJkuK78Q8lUQcL+eY4r7b7EQ==
- fontsource-stick-no-bills/4.5.13/sinhala-700.css: sha512-PsNcT2qDh1r3b2yC2UuB9TTTSF/7xrkNHzwF6TtsveE73eagoY9gpFzIqZi5K2Fcp/WHzhd7jlizn9XGJD7+fA==
- fontsource-stick-no-bills/4.5.13/700.css: sha512-d6yBaYKoab2Xr/EkUTKSSCAPPwogPlZaByZ3s2ALG+iYYT9B7fqvrpYPaYHkJILZH4YOIxdijRslUutdw7Xl1Q==
- fontsource-stick-no-bills/4.5.13/800.min.css: sha512-w3mvdylj5F6EwzXcAz8o6qAKqIAbTav7Hbu70DgwIZyDDglzSEf3xM14XsD9pgMlqIhq2ERVZ3Ac0hgasyuLcw==
- fontsource-stick-no-bills/4.5.13/latin-ext-600.min.css: sha512-s/s3Ls4Fu6tWpo9OD3x8LJIbMJiJhXRmWm18aRGbMJaMJYHse8ZH/YoR/iuqlDc1LzMVdTvgYeEOpRL7w2Zm7A==
- fontsource-stick-no-bills/4.5.13/latin-ext-700.css: sha512-1zEEJtP6fbUP5igCcoKBNK4b3gGGqsHzuNCCJUjsxe2orfgWu20HEajfWtS2MSHtMQuLVb0nyTIM68j5n9ZTVQ==
- fontsource-stick-no-bills/4.5.13/sinhala-500.min.css: sha512-rYMf8q+sSG4BmwYlOzICowoe/O7M881gVXDy1qgQfAJJWSXrfAppfXBojVJHy9KAz6kfKkVsDBJK36nr+ByAhQ==
- fontsource-stick-no-bills/4.5.13/latin-300.css: sha512-wHVc11rqlnynf+TJOaE3BDgAdmd+uffREGZ5tfOrtpbH4tzE9lJibH0wAlvFN1pifkznl9TyFkWHLS26Ak4iXQ==
- fontsource-stick-no-bills/4.5.13/latin-ext.min.css: sha512-Mh/hU7b8x2NRQrkvyxKXKZIhvVbUXfkWXTCo1kHGvCBYFNPoEfHTK9PrFNrjU1kla1Qq1TKezrgdn9w6oCuRIw==
- fontsource-stick-no-bills/4.5.13/latin-ext-400.min.css: sha512-95KcKi1LgiCFpLA7EuJ6+YQSHIO/AsTYymmey0hmTALO5DCS0F+v6hBTNEA3Xatc/HQ+IPx13zjnrlralt6Xcw==
- fontsource-stick-no-bills/4.5.13/latin-700.css: sha512-AYk/bj6AVc3Kq7aEaTD2UvLNAE02as+tUkDWM+TS6eIFH224lLyFh3qxp4OulqszPmJcMg/cMWtZXsOgZLRLAw==
- fontsource-stick-no-bills/4.5.13/latin-ext-300.css: sha512-FMKvpjrhlujd11CfuIlaUQzoyx6zUXWZ6JHoyF//MaOA0c4yXziwSPG47oIj7hEosm5VGJX5DZorhJHSY3RkHA==
- fontsource-stick-no-bills/4.5.13/latin.min.css: sha512-Pe7mWvFYL50dz1a+MmwH6BGQ2HyX7+itQjgWIg0sFi2/4q6JBUqBT1TwVlG9daMCCNEmCnxdkMZYuAUwssWEQg==
- fontsource-stick-no-bills/4.5.13/sinhala-400.min.css: sha512-hw4Q0XYOlP7RJ8DPfuiyUkEwsnzTaZ965mMANRUHFEYDbEfG1Duf4u6lTiqsTRkTlrubEcEuscmJm01eWdJ5/Q==
- fontsource-stick-no-bills/4.5.13/sinhala.min.css: sha512-Ml4giB52F+TXVDWiHJNWb8mHlKBJSai3UH8EhOUNsAzMmne/Z3z7iKCSeriqZioe62ibznVPAdUDQFK2duOwWw==
- fontsource-stick-no-bills/4.5.13/index.min.css: sha512-zTXNzHjv0Dn0M+ZwBWezrFdi+k3ZoyL0VmGp9lr5omTduptyh+khQRrBCvZ9jhz+Oi4EYtExBv+8BHH9BER4mg==
- fontsource-stick-no-bills/4.5.13/latin-ext-800.css: sha512-PDqzk70fanGMeCmljQ65muTIxJxRVGGdG12bhr9dL2jcPyZhvSW0Ihp7wbnIgfEiMYTj3q445tNpLlTnxwDfgw==
- fontsource-stick-no-bills/4.5.13/index.css: sha512-D7j8nJ1JQOPEbUGA3n+C89o91iAWGyBQCPdfL8CetBNkCnyVQFk+bozA883ANepYKGDrTSDj9MrO3C/Kf8+AHw==
- fontsource-stick-no-bills/4.5.13/latin-400.min.css: sha512-Q3GuETBLvsMDWHMJAS9xkZFdwk6ydXGnZofOjNQmnnpg5HxQdDvlK4bsYwieGhrg+AjTXLLyicVStzq1tTDTmQ==
- fontsource-stick-no-bills/4.5.13/latin-600.css: sha512-GGENAnaxHtVjnH70+Q5QIh1seW/mQbz01K2cZ0fLS8xQSp/TjRR4k9IXYzg61CjppELJ3hFJXfeB9b6EB19lcA==
- fontsource-stick-no-bills/4.5.13/sinhala-800.css: sha512-SgcRPFTw30swpjyZmvJGB8k1gVwVEaqvPocsCkkuulbzWNKXWWxGL3gyST+HIJPZ5zxtAAscZkUMa4V5/uiUEw==
- fontsource-stick-no-bills/4.5.13/sinhala-800.min.css: sha512-pxoowPyaD0xFYjX+h59Ti+8tdKzKXfuyIpoLxVBbe/NREWpUKEIJYbvlJpXURsQRW4MRVCHKGV6+y+R4dOLPIQ==
- fontsource-stick-no-bills/4.5.13/300.min.css: sha512-rTtX75Th++EU5DdPvp1+vPBjfIi510YNgu0VCn1SQH81zimQoGvfbkIaCt7dWKshgVxK4Jx+jS/Lg91PaUr6Rw==
- fontsource-stick-no-bills/4.5.13/600.css: sha512-fWzeLts9X6JYUeoheOQo2hBpLvS0XdokaaMIM8d76vFbUGdv6MV+czDqzl0z9UR2wHWBNlF/6zzhLsjpM7bYKw==
- fontsource-stick-no-bills/4.5.13/sinhala-600.css: sha512-rJ7TLMmxFjoIk5a5CHwoCD2nqBfxHFXTkFfbKlfqL+dKC3sCUyjuAO0lbXTHjmmWND6m5RrW8vhElTWZe1iskA==
- fontsource-stick-no-bills/4.5.13/latin-200.css: sha512-hB2cZdU+P8wVxmrCkTLWdjiTAWyaBpyAzR7o+aGatq0WCepL1TuVUShmO0JY5AUrK5G6RNrVt0jhxtSN/HfQrw==
- fontsource-stick-no-bills/4.5.13/sinhala-300.css: sha512-GePK7J6Z/oYwcGtcSHj6hy88wgNRO3pyBRRzYD06yX6QUjP87ZKDGFMqXfhbYc/PndGZkS8zO4N2ZLsbKM7PyA==
- fontsource-stick-no-bills/4.5.13/latin-ext-700.min.css: sha512-J1km+KXJJ1ypQLMFmguRf638SiKVag0xMOyce2HIq4y+PLX0cRt/d7NR98SEdiJyf9yVUXJgr5eMnQGF4SWG4w==
- fontsource-stick-no-bills/4.5.13/sinhala-400.css: sha512-Dfb/0hEApyV5OSQnLymWYrsmD2XsEy4akRBBmb8vORolZZmbYzMtwk+OpzTbyu5u6YhachP+Ar0FKHPMw9G2lA==
- fontsource-stick-no-bills/4.5.13/variable.min.css: sha512-oxzSVyqZiTUKf/N8b3kON3ygbcqVQCcBChCxIcBAhxY+nk37WBLLrffj0jNgoQ22dOYbS266Sf9nkbCCTH5B2w==
- fontsource-stick-no-bills/4.5.13/latin-300.min.css: sha512-BmKWcaZCC1Rs4VZvd2KIwIbm8qG/vLgbDyOG1/kKsMsvoYqPKmvaL5V1YsD5n2Suj89jXjFhU8P3c34jQD+x0Q==
- fontsource-stick-no-bills/4.5.13/latin-800.min.css: sha512-q1OSh0r9+6EMvSF9XytElu3O97gcjxblc4slbXcHZp7TL+SbyksGARxVytzzrv2uENQWcnCDSRWGYJeVgsKVHQ==
- fontsource-stick-no-bills/4.5.13/latin-ext-200.min.css: sha512-W8CrKKNDr4y7MdBs7PBe1qC9UOYrZDseZ4b/OTpmlQMVWx2Ra3pYYXZq1Vj+z0BDmGbADGN5ldpkbGzPLO2Nsg==
- fontsource-stick-no-bills/4.5.13/latin-ext-500.css: sha512-XGOsp9Yq9Gw+GEi/NZGoHqVau99AJKlM0/6FutjgAnIwFFWET4tnZFqpdlwICE4j2syF1n7hJfr861S6fIfqxg==
- fontsource-stick-no-bills/4.5.13/latin.css: sha512-Hr4EZO25dpLqrrai79LJBnEkl6v29Qs8fWHOy231fZGivQA02zIFG74TrxT9+IGbUr5O5CDEgfNDUV4JlcuG3g==
- fontsource-stick-no-bills/4.5.13/300.css: sha512-udaZosRNX3uUCepSw/ejsaz6Ov2N3m/KI7CDMGEVO8/Gwkgz5nqsdKsYlEk/rjWEZTB2qxwVSgfmPoMcPVdWZg==
- fontsource-stick-no-bills/4.5.13/latin-500.css: sha512-zpZ5lNDg8foqDbNFokuhNMOUhmJA+RRw3Jk7lBJlbvccUfEyZyknMgLirD5a8w1fxz2Zm+RCfh8ta6RzaFe92w==
