config: {"authors":[{"name":"Google Inc."}],"autoupdate":{"source":"npm","target":"@fontsource/alike","fileMap":[{"basePath":"","files":["*.css","files/*.@(woff|woff2)"]}],"excludeFromSearch":true},"description":"Self-host the Alike font in a neatly bundled NPM package.","filename":"index.css","homepage":"https://fontsource.org/fonts/alike","keywords":["fontsource","font","font family","google fonts","alike","Alike","css","sass","front-end","web","typeface","variable"],"license":"OFL-1.1","name":"fontsource-alike","repository":{"type":"git","url":"git+https://github.com/fontsource/font-files.git"},"author":"Google Inc."}
KV keys:
- fontsource-alike/5.0.6/400.css.br
- fontsource-alike/5.0.6/400.css.gz
- fontsource-alike/5.0.6/400.min.css.br
- fontsource-alike/5.0.6/400.min.css.gz
- fontsource-alike/5.0.6/files/alike-latin-400-normal.woff.br
- fontsource-alike/5.0.6/files/alike-latin-400-normal.woff.gz
- fontsource-alike/5.0.6/files/alike-latin-400-normal.woff2
- fontsource-alike/5.0.6/index.css.br
- fontsource-alike/5.0.6/index.css.gz
- fontsource-alike/5.0.6/index.min.css.br
- fontsource-alike/5.0.6/index.min.css.gz
- fontsource-alike/5.0.6/latin-400.css.br
- fontsource-alike/5.0.6/latin-400.css.gz
- fontsource-alike/5.0.6/latin-400.min.css.br
- fontsource-alike/5.0.6/latin-400.min.css.gz
- fontsource-alike/5.0.6/latin.css.br
- fontsource-alike/5.0.6/latin.css.gz
- fontsource-alike/5.0.6/latin.min.css.br
- fontsource-alike/5.0.6/latin.min.css.gz
SRIs:
- fontsource-alike/5.0.6/index.css: sha512-DfHM2qd8bgUQlKu0kVBNk0oHjp20/gt4L6TmNr3JpomQoShKgsh9yzGAqv01ab1agoNItpqKNSrNByu1uUjOwQ==
- fontsource-alike/5.0.6/index.min.css: sha512-MHOOmqXGEJeS5pv70nQNQAJoIcB6uig6WnoKQOWXfJVmPbA24bXkG0NI45EfaeKgl51vGtBMbca6yjHYkyiIZw==
- fontsource-alike/5.0.6/latin-400.css: sha512-a0udSpmnh4+UsCBnxA/n3GSAM/zuUxPDgw1YlCQEWHS95ljyPeXgXwOWsuNsOSgF0FkjIJVsva8hp8Vc7XXxLQ==
- fontsource-alike/5.0.6/latin-400.min.css: sha512-DpF6/V0MKAixRbn5qc6BHrGMPlTQ+dXMiKlj7/rAGmFEfBS5x6LaoVYTJgUNkluV8pxwTfBLyOef7v8xs4sA/w==
- fontsource-alike/5.0.6/latin.css: sha512-a0udSpmnh4+UsCBnxA/n3GSAM/zuUxPDgw1YlCQEWHS95ljyPeXgXwOWsuNsOSgF0FkjIJVsva8hp8Vc7XXxLQ==
- fontsource-alike/5.0.6/latin.min.css: sha512-DpF6/V0MKAixRbn5qc6BHrGMPlTQ+dXMiKlj7/rAGmFEfBS5x6LaoVYTJgUNkluV8pxwTfBLyOef7v8xs4sA/w==
- fontsource-alike/5.0.6/400.css: sha512-DfHM2qd8bgUQlKu0kVBNk0oHjp20/gt4L6TmNr3JpomQoShKgsh9yzGAqv01ab1agoNItpqKNSrNByu1uUjOwQ==
- fontsource-alike/5.0.6/400.min.css: sha512-MHOOmqXGEJeS5pv70nQNQAJoIcB6uig6WnoKQOWXfJVmPbA24bXkG0NI45EfaeKgl51vGtBMbca6yjHYkyiIZw==
