config: {"authors":[{"name":"Caleb Porzio"}],"autoupdate":{"source":"npm","target":"@alpinejs/ui","fileMap":[{"basePath":"dist","files":["*.js"]}]},"description":"A rugged, minimal framework for composing JavaScript behavior in your markup.","filename":"cdn.js","homepage":"https://alpinejs.dev/components","keywords":["framework","reactive","declarative","plugin"],"license":"MIT","name":"alpinejs-ui","repository":{"type":"git","url":"git://github.com/alpinejs/alpine.git"},"author":"Caleb Porzio"}
KV keys:
- alpinejs-ui/3.13.6-beta.0/cdn.js.br
- alpinejs-ui/3.13.6-beta.0/cdn.js.gz
- alpinejs-ui/3.13.6-beta.0/cdn.min.js.br
- alpinejs-ui/3.13.6-beta.0/cdn.min.js.gz
- alpinejs-ui/3.13.6-beta.0/module.cjs.js.br
- alpinejs-ui/3.13.6-beta.0/module.cjs.js.gz
- alpinejs-ui/3.13.6-beta.0/module.cjs.min.js.br
- alpinejs-ui/3.13.6-beta.0/module.cjs.min.js.gz
- alpinejs-ui/3.13.6-beta.0/module.esm.js.br
- alpinejs-ui/3.13.6-beta.0/module.esm.js.gz
- alpinejs-ui/3.13.6-beta.0/module.esm.min.js.br
- alpinejs-ui/3.13.6-beta.0/module.esm.min.js.gz
SRIs:
- alpinejs-ui/3.13.6-beta.0/module.esm.js: sha512-BkNfCQvyQnZND2Jb6T/yF8BV/208oR8bwRdPJDZSVbMCxSMjq1SEjiH725+1LAbs2ECgK1HX3NnHDxjlHNtL9A==
- alpinejs-ui/3.13.6-beta.0/module.esm.min.js: sha512-a7dM5xL+lelUx9g7PJAQG1vCgt/vbEHY4VSzuBUSmAJnlg26nIO1i0s3R7Oan2COGQq912ZLRUdJUywAzGybfg==
- alpinejs-ui/3.13.6-beta.0/cdn.js: sha512-8UYlmRuR4xd73j4RCz5UxizTs02jArwsg3HJ5fVj+V9xx9BoZN4FcKT94jUylGC4W2LBVVwDZqFPlPqZg2dDrw==
- alpinejs-ui/3.13.6-beta.0/cdn.min.js: sha512-z6wwg5ZMdlhicf1W6mYOFZ80Aq7PM88o5L2TLFSD532ILF8a0DDwxP2xUJB3Ef4TRb+TuUXb7nOziiMu1AWROQ==
- alpinejs-ui/3.13.6-beta.0/module.cjs.js: sha512-tYRuAvZ4kn2i77CWb/QLESc8cn9tpfwYnVNqjQ8eAMIAn9QVF4OB9dEQv4U10wf3piDg8QLOVbOtz+ciGqw/3w==
- alpinejs-ui/3.13.6-beta.0/module.cjs.min.js: sha512-2tdjPck0QR1ygnkrveCsE1pzFJnykxuam7bzYNpnWWXC7kp7vPTuSXACYudKwGfrTJNocvfNhmFeOPyX4yjhjA==
