Files:
- fontsource-esteban/5.0.22/400.css.br
- fontsource-esteban/5.0.22/400.css.gz
- fontsource-esteban/5.0.22/400.css.sri
- fontsource-esteban/5.0.22/400.min.css.br
- fontsource-esteban/5.0.22/400.min.css.gz
- fontsource-esteban/5.0.22/400.min.css.sri
- fontsource-esteban/5.0.22/files/esteban-latin-400-normal.woff.br
- fontsource-esteban/5.0.22/files/esteban-latin-400-normal.woff.gz
- fontsource-esteban/5.0.22/files/esteban-latin-400-normal.woff2
- fontsource-esteban/5.0.22/files/esteban-latin-ext-400-normal.woff.br
- fontsource-esteban/5.0.22/files/esteban-latin-ext-400-normal.woff.gz
- fontsource-esteban/5.0.22/files/esteban-latin-ext-400-normal.woff2
- fontsource-esteban/5.0.22/index.css.br
- fontsource-esteban/5.0.22/index.css.gz
- fontsource-esteban/5.0.22/index.css.sri
- fontsource-esteban/5.0.22/index.min.css.br
- fontsource-esteban/5.0.22/index.min.css.gz
- fontsource-esteban/5.0.22/index.min.css.sri
- fontsource-esteban/5.0.22/latin-400.css.br
- fontsource-esteban/5.0.22/latin-400.css.gz
- fontsource-esteban/5.0.22/latin-400.css.sri
- fontsource-esteban/5.0.22/latin-400.min.css.br
- fontsource-esteban/5.0.22/latin-400.min.css.gz
- fontsource-esteban/5.0.22/latin-400.min.css.sri
- fontsource-esteban/5.0.22/latin-ext-400.css.br
- fontsource-esteban/5.0.22/latin-ext-400.css.gz
- fontsource-esteban/5.0.22/latin-ext-400.css.sri
- fontsource-esteban/5.0.22/latin-ext-400.min.css.br
- fontsource-esteban/5.0.22/latin-ext-400.min.css.gz
- fontsource-esteban/5.0.22/latin-ext-400.min.css.sri
- fontsource-esteban/5.0.22/latin-ext.css.br
- fontsource-esteban/5.0.22/latin-ext.css.gz
- fontsource-esteban/5.0.22/latin-ext.css.sri
- fontsource-esteban/5.0.22/latin-ext.min.css.br
- fontsource-esteban/5.0.22/latin-ext.min.css.gz
- fontsource-esteban/5.0.22/latin-ext.min.css.sri
- fontsource-esteban/5.0.22/latin.css.br
- fontsource-esteban/5.0.22/latin.css.gz
- fontsource-esteban/5.0.22/latin.css.sri
- fontsource-esteban/5.0.22/latin.min.css.br
- fontsource-esteban/5.0.22/latin.min.css.gz
- fontsource-esteban/5.0.22/latin.min.css.sri
