Files:
- fontsource-noto-sans-mende-kikakui/5.0.6/400.css.br
- fontsource-noto-sans-mende-kikakui/5.0.6/400.min.css.br
- fontsource-noto-sans-mende-kikakui/5.0.6/files/noto-sans-mende-kikakui-latin-400-normal.woff.br
- fontsource-noto-sans-mende-kikakui/5.0.6/files/noto-sans-mende-kikakui-latin-ext-400-normal.woff.br
- fontsource-noto-sans-mende-kikakui/5.0.6/files/noto-sans-mende-kikakui-mende-kikakui-400-normal.woff.br
- fontsource-noto-sans-mende-kikakui/5.0.6/index.css.br
- fontsource-noto-sans-mende-kikakui/5.0.6/index.min.css.br
- fontsource-noto-sans-mende-kikakui/5.0.6/latin-400.css.br
- fontsource-noto-sans-mende-kikakui/5.0.6/latin-400.min.css.br
- fontsource-noto-sans-mende-kikakui/5.0.6/latin-ext-400.css.br
- fontsource-noto-sans-mende-kikakui/5.0.6/latin-ext-400.min.css.br
- fontsource-noto-sans-mende-kikakui/5.0.6/latin-ext.css.br
- fontsource-noto-sans-mende-kikakui/5.0.6/latin-ext.min.css.br
- fontsource-noto-sans-mende-kikakui/5.0.6/latin.css.br
- fontsource-noto-sans-mende-kikakui/5.0.6/latin.min.css.br
- fontsource-noto-sans-mende-kikakui/5.0.6/mende-kikakui-400.css.br
- fontsource-noto-sans-mende-kikakui/5.0.6/mende-kikakui-400.min.css.br
- fontsource-noto-sans-mende-kikakui/5.0.6/mende-kikakui.css.br
- fontsource-noto-sans-mende-kikakui/5.0.6/mende-kikakui.min.css.br
