2022/06/20 12:07:47 optimizing files (Js true, Css true, Png true, Jpg true)
2022/06/20 12:07:47 /tmp/work/dist/vue-i18n.esm.browser.min.js already has corresponding compressed file
2022/06/20 12:07:47 /tmp/work/dist/vue-i18n.esm.browser.min.js is already compressed
2022/06/20 12:07:47 compress: run /node_modules/uglify-js/bin/uglifyjs --mangle --compress if_return=true -o /tmp/work/dist/vue-i18n.common.min.js /tmp/work/dist/vue-i18n.common.js
2022/06/20 12:07:47 compress: run /node_modules/uglify-js/bin/uglifyjs --mangle --compress if_return=true -o /tmp/work/dist/vue-i18n.esm.min.js /tmp/work/dist/vue-i18n.esm.js
2022/06/20 12:07:47 sri /tmp/work/dist/vue-i18n.esm.browser.js -> /output/vue-i18n.esm.browser.js.sri
2022/06/20 12:07:47 /tmp/work/dist/vue-i18n.min.js is already compressed
2022/06/20 12:07:47 /tmp/work/dist/vue-i18n.min.js already has corresponding compressed file
2022/06/20 12:07:47 sri /tmp/work/dist/vue-i18n.esm.browser.min.js -> /output/vue-i18n.esm.browser.min.js.sri
2022/06/20 12:07:47 algorithm: run /usr/bin/brotli --quality=11 --output=/output/vue-i18n.esm.browser.js.br /tmp/work/dist/vue-i18n.esm.browser.js
2022/06/20 12:07:47 algorithm: run /usr/bin/brotli --quality=11 --output=/output/vue-i18n.esm.browser.min.js.br /tmp/work/dist/vue-i18n.esm.browser.min.js
2022/06/20 12:07:47 sri /tmp/work/dist/vue-i18n.min.js -> /output/vue-i18n.min.js.sri
2022/06/20 12:07:47 algorithm: run /usr/bin/brotli --quality=11 --output=/output/vue-i18n.min.js.br /tmp/work/dist/vue-i18n.min.js
2022/06/20 12:07:47 sri /tmp/work/dist/vue-i18n.js -> /output/vue-i18n.js.sri
2022/06/20 12:07:47 algorithm: run /usr/bin/brotli --quality=11 --output=/output/vue-i18n.js.br /tmp/work/dist/vue-i18n.js
2022/06/20 12:07:47 br /tmp/work/dist/vue-i18n.min.js -> /output/vue-i18n.min.js.br
2022/06/20 12:07:47 gz /tmp/work/dist/vue-i18n.min.js -> /output/vue-i18n.min.js.gz
2022/06/20 12:07:47 br /tmp/work/dist/vue-i18n.esm.browser.min.js -> /output/vue-i18n.esm.browser.min.js.br
2022/06/20 12:07:47 gz /tmp/work/dist/vue-i18n.esm.browser.min.js -> /output/vue-i18n.esm.browser.min.js.gz
2022/06/20 12:07:47 br /tmp/work/dist/vue-i18n.js -> /output/vue-i18n.js.br
2022/06/20 12:07:47 br /tmp/work/dist/vue-i18n.esm.browser.js -> /output/vue-i18n.esm.browser.js.br
2022/06/20 12:07:47 gz /tmp/work/dist/vue-i18n.js -> /output/vue-i18n.js.gz
2022/06/20 12:07:47 gz /tmp/work/dist/vue-i18n.esm.browser.js -> /output/vue-i18n.esm.browser.js.gz
2022/06/20 12:07:48 sri /tmp/work/dist/vue-i18n.esm.min.js -> /output/vue-i18n.esm.min.js.sri
2022/06/20 12:07:48 algorithm: run /usr/bin/brotli --quality=11 --output=/output/vue-i18n.esm.min.js.br /tmp/work/dist/vue-i18n.esm.min.js
2022/06/20 12:07:48 sri /tmp/work/dist/vue-i18n.common.min.js -> /output/vue-i18n.common.min.js.sri
2022/06/20 12:07:48 algorithm: run /usr/bin/brotli --quality=11 --output=/output/vue-i18n.common.min.js.br /tmp/work/dist/vue-i18n.common.min.js
2022/06/20 12:07:48 br /tmp/work/dist/vue-i18n.esm.min.js -> /output/vue-i18n.esm.min.js.br
2022/06/20 12:07:48 gz /tmp/work/dist/vue-i18n.esm.min.js -> /output/vue-i18n.esm.min.js.gz
2022/06/20 12:07:48 sri /tmp/work/dist/vue-i18n.esm.js -> /output/vue-i18n.esm.js.sri
2022/06/20 12:07:48 algorithm: run /usr/bin/brotli --quality=11 --output=/output/vue-i18n.esm.js.br /tmp/work/dist/vue-i18n.esm.js
2022/06/20 12:07:48 br /tmp/work/dist/vue-i18n.common.min.js -> /output/vue-i18n.common.min.js.br
2022/06/20 12:07:48 gz /tmp/work/dist/vue-i18n.common.min.js -> /output/vue-i18n.common.min.js.gz
2022/06/20 12:07:48 sri /tmp/work/dist/vue-i18n.common.js -> /output/vue-i18n.common.js.sri
2022/06/20 12:07:48 algorithm: run /usr/bin/brotli --quality=11 --output=/output/vue-i18n.common.js.br /tmp/work/dist/vue-i18n.common.js
2022/06/20 12:07:48 br /tmp/work/dist/vue-i18n.esm.js -> /output/vue-i18n.esm.js.br
2022/06/20 12:07:48 gz /tmp/work/dist/vue-i18n.esm.js -> /output/vue-i18n.esm.js.gz
2022/06/20 12:07:48 br /tmp/work/dist/vue-i18n.common.js -> /output/vue-i18n.common.js.br
2022/06/20 12:07:48 gz /tmp/work/dist/vue-i18n.common.js -> /output/vue-i18n.common.js.gz
2022/06/20 12:07:48 processed vue-i18n
