config: {"authors":[{"name":"FusionCharts, Inc.","email":"support@fusioncharts.com"}],"autoupdate":{"source":"npm","target":"fusioncharts","fileMap":[{"basePath":"","files":["fusioncharts?(.*).@(js|d.ts)"]}]},"description":"FusionCharts JavaScript charting framework","filename":"fusioncharts.js","homepage":"http://www.fusioncharts.com/","keywords":["fusioncharts","charts","dataviz","graphs","visualization","js-charts","javascript-charts","dashboards","data-stories","bar-charts","pie-charts","line-charts","area-charts","column-charts","gantt-chart"],"license":"http://www.fusioncharts.com/buy/","name":"fusioncharts","repository":{"type":"git","url":"git+https://github.com/fusioncharts/fusioncharts-dist.git"},"author":"FusionCharts, Inc. \u003csupport@fusioncharts.com\u003e"}
KV keys:
- fusioncharts/3.17.0/fusioncharts.accessibility.d.ts.br
- fusioncharts/3.17.0/fusioncharts.accessibility.d.ts.gz
- fusioncharts/3.17.0/fusioncharts.accessibility.js.br
- fusioncharts/3.17.0/fusioncharts.accessibility.js.gz
- fusioncharts/3.17.0/fusioncharts.accessibility.min.js.br
- fusioncharts/3.17.0/fusioncharts.accessibility.min.js.gz
- fusioncharts/3.17.0/fusioncharts.charts.d.ts.br
- fusioncharts/3.17.0/fusioncharts.charts.d.ts.gz
- fusioncharts/3.17.0/fusioncharts.charts.js.br
- fusioncharts/3.17.0/fusioncharts.charts.js.gz
- fusioncharts/3.17.0/fusioncharts.charts.min.js.br
- fusioncharts/3.17.0/fusioncharts.charts.min.js.gz
- fusioncharts/3.17.0/fusioncharts.excelexport.d.ts.br
- fusioncharts/3.17.0/fusioncharts.excelexport.d.ts.gz
- fusioncharts/3.17.0/fusioncharts.excelexport.js.br
- fusioncharts/3.17.0/fusioncharts.excelexport.js.gz
- fusioncharts/3.17.0/fusioncharts.excelexport.min.js.br
- fusioncharts/3.17.0/fusioncharts.excelexport.min.js.gz
- fusioncharts/3.17.0/fusioncharts.gantt.d.ts.br
- fusioncharts/3.17.0/fusioncharts.gantt.d.ts.gz
- fusioncharts/3.17.0/fusioncharts.gantt.js.br
- fusioncharts/3.17.0/fusioncharts.gantt.js.gz
- fusioncharts/3.17.0/fusioncharts.gantt.min.js.br
- fusioncharts/3.17.0/fusioncharts.gantt.min.js.gz
- fusioncharts/3.17.0/fusioncharts.js.br
- fusioncharts/3.17.0/fusioncharts.js.gz
- fusioncharts/3.17.0/fusioncharts.maps.d.ts.br
- fusioncharts/3.17.0/fusioncharts.maps.d.ts.gz
- fusioncharts/3.17.0/fusioncharts.maps.js.br
- fusioncharts/3.17.0/fusioncharts.maps.js.gz
- fusioncharts/3.17.0/fusioncharts.maps.min.js.br
- fusioncharts/3.17.0/fusioncharts.maps.min.js.gz
- fusioncharts/3.17.0/fusioncharts.min.js.br
- fusioncharts/3.17.0/fusioncharts.min.js.gz
- fusioncharts/3.17.0/fusioncharts.msstackedcolumn2dsplinedy.d.ts.br
- fusioncharts/3.17.0/fusioncharts.msstackedcolumn2dsplinedy.d.ts.gz
- fusioncharts/3.17.0/fusioncharts.msstackedcolumn2dsplinedy.js.br
- fusioncharts/3.17.0/fusioncharts.msstackedcolumn2dsplinedy.js.gz
- fusioncharts/3.17.0/fusioncharts.msstackedcolumn2dsplinedy.min.js.br
- fusioncharts/3.17.0/fusioncharts.msstackedcolumn2dsplinedy.min.js.gz
- fusioncharts/3.17.0/fusioncharts.overlappedbar2d.d.ts.br
- fusioncharts/3.17.0/fusioncharts.overlappedbar2d.d.ts.gz
- fusioncharts/3.17.0/fusioncharts.overlappedbar2d.js.br
- fusioncharts/3.17.0/fusioncharts.overlappedbar2d.js.gz
- fusioncharts/3.17.0/fusioncharts.overlappedbar2d.min.js.br
- fusioncharts/3.17.0/fusioncharts.overlappedbar2d.min.js.gz
- fusioncharts/3.17.0/fusioncharts.overlappedcolumn2d.d.ts.br
- fusioncharts/3.17.0/fusioncharts.overlappedcolumn2d.d.ts.gz
- fusioncharts/3.17.0/fusioncharts.overlappedcolumn2d.js.br
- fusioncharts/3.17.0/fusioncharts.overlappedcolumn2d.js.gz
- fusioncharts/3.17.0/fusioncharts.overlappedcolumn2d.min.js.br
- fusioncharts/3.17.0/fusioncharts.overlappedcolumn2d.min.js.gz
- fusioncharts/3.17.0/fusioncharts.powercharts.d.ts.br
- fusioncharts/3.17.0/fusioncharts.powercharts.d.ts.gz
- fusioncharts/3.17.0/fusioncharts.powercharts.js.br
- fusioncharts/3.17.0/fusioncharts.powercharts.js.gz
- fusioncharts/3.17.0/fusioncharts.powercharts.min.js.br
- fusioncharts/3.17.0/fusioncharts.powercharts.min.js.gz
- fusioncharts/3.17.0/fusioncharts.timeseries.d.ts.br
- fusioncharts/3.17.0/fusioncharts.timeseries.d.ts.gz
- fusioncharts/3.17.0/fusioncharts.timeseries.js.br
- fusioncharts/3.17.0/fusioncharts.timeseries.js.gz
- fusioncharts/3.17.0/fusioncharts.timeseries.min.js.br
- fusioncharts/3.17.0/fusioncharts.timeseries.min.js.gz
- fusioncharts/3.17.0/fusioncharts.treemap.d.ts.br
- fusioncharts/3.17.0/fusioncharts.treemap.d.ts.gz
- fusioncharts/3.17.0/fusioncharts.treemap.js.br
- fusioncharts/3.17.0/fusioncharts.treemap.js.gz
- fusioncharts/3.17.0/fusioncharts.treemap.min.js.br
- fusioncharts/3.17.0/fusioncharts.treemap.min.js.gz
- fusioncharts/3.17.0/fusioncharts.vml.d.ts.br
- fusioncharts/3.17.0/fusioncharts.vml.d.ts.gz
- fusioncharts/3.17.0/fusioncharts.vml.js.br
- fusioncharts/3.17.0/fusioncharts.vml.js.gz
- fusioncharts/3.17.0/fusioncharts.vml.min.js.br
- fusioncharts/3.17.0/fusioncharts.vml.min.js.gz
- fusioncharts/3.17.0/fusioncharts.widgets.d.ts.br
- fusioncharts/3.17.0/fusioncharts.widgets.d.ts.gz
- fusioncharts/3.17.0/fusioncharts.widgets.js.br
- fusioncharts/3.17.0/fusioncharts.widgets.js.gz
- fusioncharts/3.17.0/fusioncharts.widgets.min.js.br
- fusioncharts/3.17.0/fusioncharts.widgets.min.js.gz
- fusioncharts/3.17.0/fusioncharts.zoomline.d.ts.br
- fusioncharts/3.17.0/fusioncharts.zoomline.d.ts.gz
- fusioncharts/3.17.0/fusioncharts.zoomline.js.br
- fusioncharts/3.17.0/fusioncharts.zoomline.js.gz
- fusioncharts/3.17.0/fusioncharts.zoomline.min.js.br
- fusioncharts/3.17.0/fusioncharts.zoomline.min.js.gz
- fusioncharts/3.17.0/fusioncharts.zoomscatter.d.ts.br
- fusioncharts/3.17.0/fusioncharts.zoomscatter.d.ts.gz
- fusioncharts/3.17.0/fusioncharts.zoomscatter.js.br
- fusioncharts/3.17.0/fusioncharts.zoomscatter.js.gz
- fusioncharts/3.17.0/fusioncharts.zoomscatter.min.js.br
- fusioncharts/3.17.0/fusioncharts.zoomscatter.min.js.gz
SRIs:
- fusioncharts/3.17.0/fusioncharts.timeseries.js: sha512-Eo30D8FleuKddaBn3zcWNrgGK9v+uHuGHhMN+Nsr35LwyrhDjcyHDH7bPu80IG5t5jbeWyrm45RPcX/nuf8fkA==
- fusioncharts/3.17.0/fusioncharts.zoomscatter.min.js: sha512-2xVIGFkN1fgCbIhWM8xLuca/Tx7WCpOAgBV59eC678S3s7P5xl3Tp2jV8PhkTTDM2DyK4CFqcHK+exE0YxeR6A==
- fusioncharts/3.17.0/fusioncharts.min.js: sha512-TFbsegMXxIcAainkUZm3HEhTZ5uW4CqqCn58cRXGObhZeYTmli3SdRxenNgBmaosjPKHcpNr/NwVlpPmhlTY6Q==
- fusioncharts/3.17.0/fusioncharts.powercharts.min.js: sha512-NVJrJWsNwQqfMor8HZa86+EZqQczMN+E5eYxBn4ynCN8pyib5u630v/SsGPtHXQexvVesu2xMKbI7JH7OTSYBw==
- fusioncharts/3.17.0/fusioncharts.treemap.js: sha512-e9GRHcISng+ijMsLwT2Pytno/upFtTaanOjQ6nwzjnve9WUk9SsTXSsDnwBMPSVzfhL7cGjEgFqQfSmVesVogw==
- fusioncharts/3.17.0/fusioncharts.treemap.min.js: sha512-aAqqkON+zumODhZEctx0IDBUmbbRgu+ViRgsO5w+JImjjgIebpBtQaKc+7mE6UZbJ1o/tErjf8BTFVLu/0PyOw==
- fusioncharts/3.17.0/fusioncharts.zoomline.min.js: sha512-DBuVuR9bxrCShv86RwOjqiZwyaVL99ahssbYfcutDVzWWj29giEm55JBtq8BD6Ed3Xcmon8AMUVOZJzLhNAwqA==
- fusioncharts/3.17.0/fusioncharts.zoomscatter.js: sha512-DY03AivPvTR/sVXthaF6b7+NQewz1seNWxl2lDC+5ITYsIopZnx5PweAjlcvWS298pgwp4qMD00dIJp0ygd1mg==
- fusioncharts/3.17.0/fusioncharts.accessibility.min.js: sha512-X7QkYbA4olLso7unhId7LspXjaxsEeraZgZrfAG+nvcNFIF44FPMbWXSSTPv/sbC4AKqG4l8UIr13ZZ8i0f7lw==
- fusioncharts/3.17.0/fusioncharts.excelexport.min.js: sha512-kOUTxKMoPF9Gaih5wgk8eoImpLT8o/XhCGJ0X89/zWjiUU6iC7R4Dlk6U/ja3UBg+bBBEsMKm9e7aa0BjW8ixg==
- fusioncharts/3.17.0/fusioncharts.gantt.js: sha512-ET9/lWGsJJoKUJPv3uwKReeY5UdcNwvgV/DYWYqnFNRRANoTMIkqRly0WUPAscmQ8SDQVxG3lPnIFFh0qu0z1w==
- fusioncharts/3.17.0/fusioncharts.vml.js: sha512-4ghbZ0jD2JibVLFMWX0ypXlfJK69dbYWQwXTIzR4hw8FF2x9UFdYm1X62ihs41z1UB6+qO5jXUh/U6IzcGCTUw==
- fusioncharts/3.17.0/fusioncharts.widgets.min.js: sha512-A8gcSlcaMtwo2a95HctpEDK3y+jeJKTyQ4TJylsKn/trFzUBxJEPOpm/4cYFAkSl7jRQIV512AVF+Dfz+kuTDw==
- fusioncharts/3.17.0/fusioncharts.charts.js: sha512-Cas1H6qw4XaDXr5dMFmki2uN6fHPxBzKRqAnmaQZUu8V+J8ACn23IwBUJVLuDnW5embQHYe/Uwq+NqduZZxw8w==
- fusioncharts/3.17.0/fusioncharts.js: sha512-qv7+mYCpWOjbILPOBi5s4b9+QuTGPIlsXKB0SIhIWtNXGrw8hl8KRkZ7EljjbJy0tGXn1vnvOxxjnoGO9CjvPQ==
- fusioncharts/3.17.0/fusioncharts.maps.min.js: sha512-qgdLWwgWK30Hg58xrCDvXpTiSZrE82X6ZI/BSB9abuGPDWMxIs5ESLg1h+UigxpGVJOOKTz4bVHNv42nyh21vw==
- fusioncharts/3.17.0/fusioncharts.msstackedcolumn2dsplinedy.min.js: sha512-bdLjhJRiNVhDFGnSEr3MVs9MJu8u3JrbRJ5lNGxlvyfJt8Dq5FgbnQFJuNdPckuuHg5gblCVRgmKR+vY2wJXBg==
- fusioncharts/3.17.0/fusioncharts.overlappedcolumn2d.min.js: sha512-LVFGSpPYS9orNrfK2AtmFMHhtSRRikACkglpbWVs0bjEYrC+I6K/Lr5kKQ7MM1MU5ssoad68TJ81mQ2snL0wkA==
- fusioncharts/3.17.0/fusioncharts.timeseries.min.js: sha512-beAMTOUVi+vTT6XwdyJxSR2brtSHRAISCD8zQ1JXglrKXwcqioovgQe3Hhd8bcijTm4TU4By3GuYYw3QhbpRGA==
- fusioncharts/3.17.0/fusioncharts.vml.min.js: sha512-L4eqF0aukLGbw9IONcwtSMDO9NibA/3lcHPUEpogZgF4kiVd9UCgWtTfTEc/SFjkC6OKuryLj47kUv7aSsQdow==
- fusioncharts/3.17.0/fusioncharts.widgets.js: sha512-CNOwnXM3yCzlvfUSNm2KQL3sdfju2205i3ps+KfMLTvZc33gcDqe3YxqpkN4p1pWfPHmtPTnNawpERTgRcoxaQ==
- fusioncharts/3.17.0/fusioncharts.accessibility.js: sha512-9XmbyLfKmyGPVPHe8KFLO0e2xVMXB+3n2i6bei2cSSn7KGfUoEZ2Xze/ns33Kj69uPNli9MBgxdWkOjNSilosA==
- fusioncharts/3.17.0/fusioncharts.excelexport.js: sha512-p9tj/zfp1OtaavRj5Jh1QEIv16VZuTYptB8SnUfv9CnS1DmO3VqmcOp2Q4lwfJZa5Y83QafKsz4QOEmqwoqzJQ==
- fusioncharts/3.17.0/fusioncharts.maps.js: sha512-GnLspoZD7Lou6oOzFwkhH6D+0hd/b/l1nyaC6LgQweyL85RXBo8OiNHovtU0DvtKgnajkoxG2P9y2AQdNzRtpQ==
- fusioncharts/3.17.0/fusioncharts.msstackedcolumn2dsplinedy.js: sha512-7EEEzaa+Mwvq0Za6Ch+f13l+Pnj9OmYG+nwWg5y3yvBaJU/ilapeILOh3Pn6N42N1YvlEvCDPJfQ53pqLqC/mw==
- fusioncharts/3.17.0/fusioncharts.overlappedbar2d.js: sha512-Fo33vfCMjhxm1XPHbXugCZWXwM/sopVaraeidVS+5OsVi8qbiW9mjYZLu7GGUE7N0Txy89lit6Zj3DhvvenyYg==
- fusioncharts/3.17.0/fusioncharts.zoomline.js: sha512-ZUeA2/NFwlXbVpYnqsLiPRbKbatXn9Ry73IBHB7pd7/meOTkCuTp0ivfwfIZujdi863WOR6xtlmGmMvxh4UwZA==
- fusioncharts/3.17.0/fusioncharts.overlappedbar2d.min.js: sha512-SrGeF5XfPcFkbz8bEcXobi4ECi8AU19134SsBvSw3Qb5eJajAu3r6Q7/rI5wTy+DPsae9e8tR5qwYivybo11sQ==
- fusioncharts/3.17.0/fusioncharts.powercharts.js: sha512-Ov9TEfNdZccDzFSF/Tj3BXCHgLAyqMcCgn9tBXGCMseOpa9bESfIoPQg6hG85atPVXHjC1Vikz3dOCOq/2i8Dw==
- fusioncharts/3.17.0/fusioncharts.charts.min.js: sha512-Ktnz1IDXuQtfmmH4cee3Zc0DEisbMxhtbJIeNFsTNRXGU0oprK/iC14M9IbXrFOJPddKIh/Yqk3ncfyPU0uzJQ==
- fusioncharts/3.17.0/fusioncharts.gantt.min.js: sha512-qd3Z/wvJQ3MgdvE/NWBNwWXmNNbR34T6U+UqJc/PiAXZEEk6xj8mAzWMiOL+PsoCaf91lEsYJag3uXK2JIrn9A==
- fusioncharts/3.17.0/fusioncharts.overlappedcolumn2d.js: sha512-U24EKOBGKEd6kdvJtHVf21YM4K+Map8Knb2wbC0a9uz9Go7wuiWD7crz/4cFOMSM39gOSZVat+YwkkalVHAMcg==
