config: {"authors":[{"name":"dntzhang","email":"dntzhang@qq.com"}],"autoupdate":{"source":"npm","target":"omi","fileMap":[{"basePath":"dist","files":["*.@(js|ts|map)"]}]},"description":"Front End Cross-Frameworks Framework.","filename":"omi.min.js","homepage":"http://omijs.org/","keywords":["omi","webcomponents","jsx","proxy","preact","react","virtual dom","vdom","components","virtual","dom"],"license":"MIT","name":"omi","repository":{"type":"git","url":"git+https://github.com/Tencent/omi.git"},"author":"dntzhang \u003cdntzhang@qq.com\u003e"}
KV keys:
- omi/6.22.2/omi.d.ts.br
- omi/6.22.2/omi.d.ts.gz
- omi/6.22.2/omi.dev.js.br
- omi/6.22.2/omi.dev.js.gz
- omi/6.22.2/omi.dev.js.map.br
- omi/6.22.2/omi.dev.js.map.gz
- omi/6.22.2/omi.dev.min.js.br
- omi/6.22.2/omi.dev.min.js.gz
- omi/6.22.2/omi.esm.js.br
- omi/6.22.2/omi.esm.js.gz
- omi/6.22.2/omi.esm.js.map.br
- omi/6.22.2/omi.esm.js.map.gz
- omi/6.22.2/omi.esm.min.js.br
- omi/6.22.2/omi.esm.min.js.gz
- omi/6.22.2/omi.js.br
- omi/6.22.2/omi.js.gz
- omi/6.22.2/omi.js.map.br
- omi/6.22.2/omi.js.map.gz
- omi/6.22.2/omi.min.js.br
- omi/6.22.2/omi.min.js.gz
- omi/6.22.2/omi.min.js.map.br
- omi/6.22.2/omi.min.js.map.gz
SRIs:
- omi/6.22.2/omi.esm.js: sha512-W0jJe4Bo4L6Q87mWN49FOvD7uibdza4J54rguBUtzlSYOFrzOszQVUAh3zYHLQaq+aQHM/e6wdA5elZSPRYw2Q==
- omi/6.22.2/omi.esm.min.js: sha512-7iqBkaWwrN0NmDtIVBjxUoVSd6KyXnZ+fzzB6II2PQ2EGZA4ULq+dQjQ5XtvM+3QTBoquzs3NOaQ4UE3IWOi2A==
- omi/6.22.2/omi.js: sha512-6/N1qsYKYV8gCoaCe+eOVBKi4wBMovB3jd31q7YEp8YUIvNafPkyWx7XCsjJ8+qIVDgGpmniroJsxlwV9gK4bw==
- omi/6.22.2/omi.min.js: sha512-jGr/NhhM8cVEfSQB7fTeXKe6n+kgx4+lStE6M1MuA5+TI3SJ8hE/R9YidcY60YMTJiROlw5LZUc2cZinz+8TWA==
- omi/6.22.2/omi.dev.js: sha512-SNz5s+g0yrttDOAdLjtOLaM4Tw1eB7Seo582RX+Cldj+AjzpV8sWe9TzvYDP8Hz7x316x0G09CFH1ICH8Canhg==
- omi/6.22.2/omi.dev.min.js: sha512-rVVC38xHxM4UJbXqDv0odvCp0lKW97qHpeygWqKFlR0CoIochxEcNjGuJ6iAHrgH3qJXHfz36BBz32mL1TO3QQ==
