config: {"authors":[{"name":"Konstantin Kaefer","email":"mail@kkaefer.com"}],"autoupdate":{"source":"npm","target":"mapbox-gl","fileMap":[{"basePath":"dist","files":["**/!(*.flow|test.js|index.js*)"]}]},"description":"A WebGL interactive maps library","filename":"mapbox-gl.js","homepage":"https://www.mapbox.com/mapbox-gl-js/api/","keywords":["map","mapbox","mapping"],"license":"SEE LICENSE IN https://github.com/mapbox/mapbox-gl-js/blob/main/LICENSE.txt","name":"mapbox-gl","repository":{"type":"git","url":"git://github.com/mapbox/mapbox-gl-js.git"},"author":"Konstantin Kaefer \u003cmail@kkaefer.com\u003e"}
KV keys:
- mapbox-gl/2.11.1/mapbox-gl-csp-worker.js.br
- mapbox-gl/2.11.1/mapbox-gl-csp-worker.js.gz
- mapbox-gl/2.11.1/mapbox-gl-csp-worker.js.map.br
- mapbox-gl/2.11.1/mapbox-gl-csp-worker.js.map.gz
- mapbox-gl/2.11.1/mapbox-gl-csp-worker.min.js.br
- mapbox-gl/2.11.1/mapbox-gl-csp-worker.min.js.gz
- mapbox-gl/2.11.1/mapbox-gl-csp.js.br
- mapbox-gl/2.11.1/mapbox-gl-csp.js.gz
- mapbox-gl/2.11.1/mapbox-gl-csp.js.map.br
- mapbox-gl/2.11.1/mapbox-gl-csp.js.map.gz
- mapbox-gl/2.11.1/mapbox-gl-csp.min.js.br
- mapbox-gl/2.11.1/mapbox-gl-csp.min.js.gz
- mapbox-gl/2.11.1/mapbox-gl-dev.js.br
- mapbox-gl/2.11.1/mapbox-gl-dev.js.gz
- mapbox-gl/2.11.1/mapbox-gl-dev.min.js.br
- mapbox-gl/2.11.1/mapbox-gl-dev.min.js.gz
- mapbox-gl/2.11.1/mapbox-gl-unminified.js.br
- mapbox-gl/2.11.1/mapbox-gl-unminified.js.gz
- mapbox-gl/2.11.1/mapbox-gl-unminified.js.map.br
- mapbox-gl/2.11.1/mapbox-gl-unminified.js.map.gz
- mapbox-gl/2.11.1/mapbox-gl-unminified.min.js.br
- mapbox-gl/2.11.1/mapbox-gl-unminified.min.js.gz
- mapbox-gl/2.11.1/mapbox-gl.css.br
- mapbox-gl/2.11.1/mapbox-gl.css.gz
- mapbox-gl/2.11.1/mapbox-gl.js.br
- mapbox-gl/2.11.1/mapbox-gl.js.gz
- mapbox-gl/2.11.1/mapbox-gl.js.map.br
- mapbox-gl/2.11.1/mapbox-gl.js.map.gz
- mapbox-gl/2.11.1/mapbox-gl.min.css.br
- mapbox-gl/2.11.1/mapbox-gl.min.css.gz
- mapbox-gl/2.11.1/mapbox-gl.min.js.br
- mapbox-gl/2.11.1/mapbox-gl.min.js.gz
- mapbox-gl/2.11.1/package.json.br
- mapbox-gl/2.11.1/package.json.gz
- mapbox-gl/2.11.1/style-spec/index.cjs.br
- mapbox-gl/2.11.1/style-spec/index.cjs.gz
- mapbox-gl/2.11.1/style-spec/index.cjs.map.br
- mapbox-gl/2.11.1/style-spec/index.cjs.map.gz
- mapbox-gl/2.11.1/style-spec/index.es.js.br
- mapbox-gl/2.11.1/style-spec/index.es.js.gz
- mapbox-gl/2.11.1/style-spec/index.es.js.map.br
- mapbox-gl/2.11.1/style-spec/index.es.js.map.gz
- mapbox-gl/2.11.1/style-spec/index.es.min.js.br
- mapbox-gl/2.11.1/style-spec/index.es.min.js.gz
SRIs:
- mapbox-gl/2.11.1/mapbox-gl-unminified.min.js: sha512-j49hJeqeM0y8UTkK837c4KBlTYQhe9Ip5uL3Xp5AWdtONsTqyLwFd6x8pPwGOq5eICIWI0ITiHEAALIDnKFFpg==
- mapbox-gl/2.11.1/style-spec/index.es.js: sha512-P8pbzZuB0wn5h3ZOqV6cT7JCEZo5e7OAEVl8VL02FJis0sZN92cUQ6rug7gBeT0wYUBeF0BCZX/c7wqhD3ZPxQ==
- mapbox-gl/2.11.1/style-spec/index.es.min.js: sha512-kADqwjA2AjsuNYz77HZ/BOJ3RlsnmANwYQL1vJry6peyX9sTd8xJJ3ABZw4minIOMfQsS7gD3aBon67kHzQ/+g==
- mapbox-gl/2.11.1/mapbox-gl-dev.min.js: sha512-cgpUJQC7CAep4I2jA0Qq+jTF/jM8yYgblwUb+6QiwcUJ1iNvJ859CuwYVT/CdKBpfq8CctEGqyp+OUFU0CqHZg==
- mapbox-gl/2.11.1/mapbox-gl.js: sha512-RgahJT1J0uLev/Z5kcR7BPbhkUEYh+6BpYEvM3nNHcgcOAcEnUJMlbHya7e2hZU4UwO92vBHULkJ8gLRahoIdg==
- mapbox-gl/2.11.1/mapbox-gl-csp-worker.js: sha512-C7o8F1KsogYAAR88lbdKBw/yBG2lW4q6337db7kHVvPqTbWvbwr/+uozbPzx1ej/7UKn33IDQdKr96SRtPHELw==
- mapbox-gl/2.11.1/mapbox-gl-csp.js: sha512-PGblRbB7M62PEap/K1c9ug2VhK32NKtcZbAITXTjUWt9NbQyFAes70z0h/oJcgCoD9cs7ZmBwV9a4MGOsiuaiw==
- mapbox-gl/2.11.1/mapbox-gl-dev.js: sha512-WhYux7rZv6Vy4uxl2+e2/c6z1dyGYWkn48NuhgXKZ4DVaU+KnRPv0SQXOSuE6cNhV6Bn8WwIA0UFVBhc86S7sA==
- mapbox-gl/2.11.1/mapbox-gl.css: sha512-7qcFOAtnc7L/Dp5XCPREKktkxyizxJx3JHDkuvXGRidzGWgUBU+6HtUVcZ7/PStqo4bJZoJ8bdWyKEcRHaJvqA==
- mapbox-gl/2.11.1/mapbox-gl.min.js: sha512-R81KrBUoYtlLTtQE8Y7xm9id4gOdLWV78rkrWpYrD4VH7IjUX0mlumu3sOg0Gk4AHHWI91IMZsYDJgEdQt1w/A==
- mapbox-gl/2.11.1/mapbox-gl-csp-worker.min.js: sha512-3ChXAjmUPNgpHJjwqDqUufo3pI3YfPnw/bItX6UgiCVaucrAOhCDRWaEqut484HSE0b/g/P+s7AA3g1Rypxi5w==
- mapbox-gl/2.11.1/mapbox-gl-csp.min.js: sha512-IS2/3AJ1o5KiWg1WzTKj4iawam6JPgetTSnWidilMgIrv983PnLYqtffdWGR0xW/TdQEGCSS1zSBOOovnktFew==
- mapbox-gl/2.11.1/mapbox-gl-unminified.js: sha512-eXH8zGy18S73Vt87sgDh51mMDrfVZuITv+ptvc7hDhHRHUhYINhF8Pfgn51kpbTKxj/W3l1eb3mmYQo7lRp79w==
- mapbox-gl/2.11.1/mapbox-gl.min.css: sha512-lFwQzfzyzKOPA7r9BMaBfAvksd3rpIVGLev0Tu7tK09VWbvmVq34+1iIE0BxpxkJzZyCT5SYeDpdXwsCtugnow==
