Files:
- fontsource-amatic-sc/5.0.14/400.css.gz
- fontsource-amatic-sc/5.0.14/400.min.css.gz
- fontsource-amatic-sc/5.0.14/700.css.gz
- fontsource-amatic-sc/5.0.14/700.min.css.gz
- fontsource-amatic-sc/5.0.14/cyrillic-400.css.gz
- fontsource-amatic-sc/5.0.14/cyrillic-400.min.css.gz
- fontsource-amatic-sc/5.0.14/cyrillic-700.css.gz
- fontsource-amatic-sc/5.0.14/cyrillic-700.min.css.gz
- fontsource-amatic-sc/5.0.14/cyrillic.css.gz
- fontsource-amatic-sc/5.0.14/cyrillic.min.css.gz
- fontsource-amatic-sc/5.0.14/files/amatic-sc-cyrillic-400-normal.woff.gz
- fontsource-amatic-sc/5.0.14/files/amatic-sc-cyrillic-700-normal.woff.gz
- fontsource-amatic-sc/5.0.14/files/amatic-sc-hebrew-400-normal.woff.gz
- fontsource-amatic-sc/5.0.14/files/amatic-sc-hebrew-700-normal.woff.gz
- fontsource-amatic-sc/5.0.14/files/amatic-sc-latin-400-normal.woff.gz
- fontsource-amatic-sc/5.0.14/files/amatic-sc-latin-700-normal.woff.gz
- fontsource-amatic-sc/5.0.14/files/amatic-sc-latin-ext-400-normal.woff.gz
- fontsource-amatic-sc/5.0.14/files/amatic-sc-latin-ext-700-normal.woff.gz
- fontsource-amatic-sc/5.0.14/files/amatic-sc-vietnamese-400-normal.woff.gz
- fontsource-amatic-sc/5.0.14/files/amatic-sc-vietnamese-700-normal.woff.gz
- fontsource-amatic-sc/5.0.14/hebrew-400.css.gz
- fontsource-amatic-sc/5.0.14/hebrew-400.min.css.gz
- fontsource-amatic-sc/5.0.14/hebrew-700.css.gz
- fontsource-amatic-sc/5.0.14/hebrew-700.min.css.gz
- fontsource-amatic-sc/5.0.14/hebrew.css.gz
- fontsource-amatic-sc/5.0.14/hebrew.min.css.gz
- fontsource-amatic-sc/5.0.14/index.css.gz
- fontsource-amatic-sc/5.0.14/index.min.css.gz
- fontsource-amatic-sc/5.0.14/latin-400.css.gz
- fontsource-amatic-sc/5.0.14/latin-400.min.css.gz
- fontsource-amatic-sc/5.0.14/latin-700.css.gz
- fontsource-amatic-sc/5.0.14/latin-700.min.css.gz
- fontsource-amatic-sc/5.0.14/latin-ext-400.css.gz
- fontsource-amatic-sc/5.0.14/latin-ext-400.min.css.gz
- fontsource-amatic-sc/5.0.14/latin-ext-700.css.gz
- fontsource-amatic-sc/5.0.14/latin-ext-700.min.css.gz
- fontsource-amatic-sc/5.0.14/latin-ext.css.gz
- fontsource-amatic-sc/5.0.14/latin-ext.min.css.gz
- fontsource-amatic-sc/5.0.14/latin.css.gz
- fontsource-amatic-sc/5.0.14/latin.min.css.gz
- fontsource-amatic-sc/5.0.14/vietnamese-400.css.gz
- fontsource-amatic-sc/5.0.14/vietnamese-400.min.css.gz
- fontsource-amatic-sc/5.0.14/vietnamese-700.css.gz
- fontsource-amatic-sc/5.0.14/vietnamese-700.min.css.gz
- fontsource-amatic-sc/5.0.14/vietnamese.css.gz
- fontsource-amatic-sc/5.0.14/vietnamese.min.css.gz
