config: {"authors":[{"name":"Google Inc."}],"autoupdate":{"source":"npm","target":"@fontsource/solway","fileMap":[{"basePath":"","files":["*.css","files/*.@(woff|woff2)"]}],"excludeFromSearch":true},"description":"Self-host the Solway font in a neatly bundled NPM package.","filename":"index.css","homepage":"https://fontsource.org/fonts/solway","keywords":["fontsource","font","font family","google fonts","solway","Solway","css","sass","front-end","web","typeface","variable"],"license":"OFL-1.1","name":"fontsource-solway","repository":{"type":"git","url":"git+https://github.com/fontsource/font-files.git"},"author":"Google Inc."}
KV keys:
- fontsource-solway/5.0.2/300.css.br
- fontsource-solway/5.0.2/300.css.gz
- fontsource-solway/5.0.2/300.min.css.br
- fontsource-solway/5.0.2/300.min.css.gz
- fontsource-solway/5.0.2/400.css.br
- fontsource-solway/5.0.2/400.css.gz
- fontsource-solway/5.0.2/400.min.css.br
- fontsource-solway/5.0.2/400.min.css.gz
- fontsource-solway/5.0.2/500.css.br
- fontsource-solway/5.0.2/500.css.gz
- fontsource-solway/5.0.2/500.min.css.br
- fontsource-solway/5.0.2/500.min.css.gz
- fontsource-solway/5.0.2/700.css.br
- fontsource-solway/5.0.2/700.css.gz
- fontsource-solway/5.0.2/700.min.css.br
- fontsource-solway/5.0.2/700.min.css.gz
- fontsource-solway/5.0.2/800.css.br
- fontsource-solway/5.0.2/800.css.gz
- fontsource-solway/5.0.2/800.min.css.br
- fontsource-solway/5.0.2/800.min.css.gz
- fontsource-solway/5.0.2/files/solway-latin-300-normal.woff.br
- fontsource-solway/5.0.2/files/solway-latin-300-normal.woff.gz
- fontsource-solway/5.0.2/files/solway-latin-300-normal.woff2
- fontsource-solway/5.0.2/files/solway-latin-400-normal.woff.br
- fontsource-solway/5.0.2/files/solway-latin-400-normal.woff.gz
- fontsource-solway/5.0.2/files/solway-latin-400-normal.woff2
- fontsource-solway/5.0.2/files/solway-latin-500-normal.woff.br
- fontsource-solway/5.0.2/files/solway-latin-500-normal.woff.gz
- fontsource-solway/5.0.2/files/solway-latin-500-normal.woff2
- fontsource-solway/5.0.2/files/solway-latin-700-normal.woff.br
- fontsource-solway/5.0.2/files/solway-latin-700-normal.woff.gz
- fontsource-solway/5.0.2/files/solway-latin-700-normal.woff2
- fontsource-solway/5.0.2/files/solway-latin-800-normal.woff.br
- fontsource-solway/5.0.2/files/solway-latin-800-normal.woff.gz
- fontsource-solway/5.0.2/files/solway-latin-800-normal.woff2
- fontsource-solway/5.0.2/index.css.br
- fontsource-solway/5.0.2/index.css.gz
- fontsource-solway/5.0.2/index.min.css.br
- fontsource-solway/5.0.2/index.min.css.gz
- fontsource-solway/5.0.2/latin-300.css.br
- fontsource-solway/5.0.2/latin-300.css.gz
- fontsource-solway/5.0.2/latin-300.min.css.br
- fontsource-solway/5.0.2/latin-300.min.css.gz
- fontsource-solway/5.0.2/latin-400.css.br
- fontsource-solway/5.0.2/latin-400.css.gz
- fontsource-solway/5.0.2/latin-400.min.css.br
- fontsource-solway/5.0.2/latin-400.min.css.gz
- fontsource-solway/5.0.2/latin-500.css.br
- fontsource-solway/5.0.2/latin-500.css.gz
- fontsource-solway/5.0.2/latin-500.min.css.br
- fontsource-solway/5.0.2/latin-500.min.css.gz
- fontsource-solway/5.0.2/latin-700.css.br
- fontsource-solway/5.0.2/latin-700.css.gz
- fontsource-solway/5.0.2/latin-700.min.css.br
- fontsource-solway/5.0.2/latin-700.min.css.gz
- fontsource-solway/5.0.2/latin-800.css.br
- fontsource-solway/5.0.2/latin-800.css.gz
- fontsource-solway/5.0.2/latin-800.min.css.br
- fontsource-solway/5.0.2/latin-800.min.css.gz
- fontsource-solway/5.0.2/latin.css.br
- fontsource-solway/5.0.2/latin.css.gz
- fontsource-solway/5.0.2/latin.min.css.br
- fontsource-solway/5.0.2/latin.min.css.gz
SRIs:
- fontsource-solway/5.0.2/400.css: sha512-uFO/yWQ/20nGckhb9jqlNdjg3h9Vt1AbFJk5AJJDGfZTTIcd9CdByG31oUtZDloFDYHuDVriNRK01Znn1SL1CA==
- fontsource-solway/5.0.2/latin-300.css: sha512-fq2dpXVu24S3jF3FYKZ4RCe3Ovp37iYNakUIZxZd9SaLXhpPb8OyiF5RJ8B6pVzenUcIKb0iPvmlyP4hm2FfXA==
- fontsource-solway/5.0.2/latin-500.min.css: sha512-Ni77xsY22FIRZqztT7rRLFeWQIK3Nu1KRnTMN+89qHBw/QQnwCP5E6SSo/fbjC65+oC1CJ5vj9L3DFsLo5MbyA==
- fontsource-solway/5.0.2/latin-700.min.css: sha512-fN17heh89cTCQs9rBf5uthneka8XMKRdkYvT3jW39LkChSlahIwNp8M4M82HOpZKuK83eD15S3cMfZN9rS6JJA==
- fontsource-solway/5.0.2/300.css: sha512-FvGdc8a9Ihg98bWWmjcsHa0ChNqEeuKP5NQkRoZVv3LjmdB14EtrD0Kr+1tYemFvbjtrmq2z1PjmuZP1AkXlsg==
- fontsource-solway/5.0.2/400.min.css: sha512-C/+4NEbckDs10aFLw2fJbBrHWtQhgjedlZLBC/NVN5ZdIxiL5IlMI4rpyZXPqI0QeRVPqdqEGI628hi/V4af2Q==
- fontsource-solway/5.0.2/500.min.css: sha512-7qVKwegP+nCMw2jmaI/tX++VkZ6Z8envMMMT49Oy/J4FR79EvdemvsMdhYFSrR1QblNE/UXM/a+Td98iu6VZKQ==
- fontsource-solway/5.0.2/index.min.css: sha512-C/+4NEbckDs10aFLw2fJbBrHWtQhgjedlZLBC/NVN5ZdIxiL5IlMI4rpyZXPqI0QeRVPqdqEGI628hi/V4af2Q==
- fontsource-solway/5.0.2/latin-300.min.css: sha512-CM1ni3QLaLjxvTocW2UxTp2dMzGkQR5AvgpfDXb+2qCyQYqx7gU3l3iqft99LRaMgneaWdQ7oQLqhx3Ir9VL5A==
- fontsource-solway/5.0.2/latin-700.css: sha512-pfwHtVaY+l1ARg0JSO/F0W/u5Hyt/9pOQu5mblpdD2QbkJZChQJ8uQt0WWufsFU55TQ3m8byUFCyApXkkfhrsw==
- fontsource-solway/5.0.2/700.min.css: sha512-DPrbHgY07TkjvQ/b49tEpIKjmlFfWGzxLbgrSNP4TRZwmEYgZhLJ2olP1OeX1XeSRTD6JkNLAI5/SnEJoailPw==
- fontsource-solway/5.0.2/800.min.css: sha512-UYFPQcEgi3qtsSR3kgfoGQNlV99KWOLjUdNM0aI9M7U7cVxs8boxucXb76If6FTii5+jUPhy5qdnkf2xaAICmg==
- fontsource-solway/5.0.2/index.css: sha512-uFO/yWQ/20nGckhb9jqlNdjg3h9Vt1AbFJk5AJJDGfZTTIcd9CdByG31oUtZDloFDYHuDVriNRK01Znn1SL1CA==
- fontsource-solway/5.0.2/latin-400.css: sha512-9dqKiVRoHeq447LdicKjNtAw5EeqsXG4yYIVinbPB2ghaZRbHDYciwJ3tXlP8vAcSk7umYHU/ilTzl5Jc8M5uQ==
- fontsource-solway/5.0.2/latin-400.min.css: sha512-gWPhC2CXrDCX94XWmEAje4aj2yWSFtNg4CQjZY+3iyLn4Cpjl0+/72enSqnksl1QfV5ARpzQos9W5i3GCbv05Q==
- fontsource-solway/5.0.2/latin-800.css: sha512-DMUZezVzSbpdBzCUu3LOaIkUp0xGzp1zqCnGVmo6ee150La5lCafqAoZ6odkzQVMaHbBdJu3H/KkevJJNthsjg==
- fontsource-solway/5.0.2/300.min.css: sha512-Ndvk8DCzL8NI1xbwMqBN+6CU6PXJgV4zFO+oX/dCwtpD/scZ5t17EHCIg5Lv7xNvubkqrKdC3TKa0VuBYyWXFg==
- fontsource-solway/5.0.2/500.css: sha512-9gmwoHHDmCmcz01SYrGCsTYgOKIWCRhLpVjzw0YodW4ySO0TvodvCJg3AEJoeICls02/LzoVZyCv10XOogVwzg==
- fontsource-solway/5.0.2/700.css: sha512-f+pKW6Ns0HQUfdhZOJvmPTgzDDMBO4IoLbNDv2mJztGl2TLy4brARo0Z58JWmJntpZ4nwbAsv9tRgnDnrCTIKw==
- fontsource-solway/5.0.2/800.css: sha512-8BymR4FoDIEkkEF1197NUj2v6VEr+Uxsr1kUaMBj95qLuHD0XW3tza3pdFRSde8Qt7WRzWxPpfbaFWMEd5pBZA==
- fontsource-solway/5.0.2/latin-500.css: sha512-vJhmajbRKX/jyjf5ZIBgPIdLTlDEEel0qlqGEkhL/gaDAz6FH8UZqs0wOy9eZ4UTKxLFqGgzqTPpmOeqlMMGPw==
- fontsource-solway/5.0.2/latin-800.min.css: sha512-I0iDeBs2/2hlFWikviwnaoAB4h3oFzl3160lyM36t3VU+z6gFL/dA9z64FXZRre5U9AyvsaRYr6ecihNdoNLjA==
- fontsource-solway/5.0.2/latin.css: sha512-zoHgmLj0fpuK0/uSYM3nQjAmAO2AK/A2RbPmZnk+5SL0ovr9nAuSGwWDAcAi2EReS56ymImOVDxs0LmsLaQo5A==
- fontsource-solway/5.0.2/latin.min.css: sha512-DyDdXU4q0JufNa6ku5pmAmEnn//4N/Od+UVNqMFRph8z4O09ymg8oG2mB312mrCy3ZiLRG0bOnYvPs5VwBhomQ==
