config: {"authors":[{"name":"Lucas Larroche"}],"autoupdate":{"source":"npm","target":"@picocss/pico","fileMap":[{"basePath":"css","files":["**/*.css"]}]},"description":"Minimal CSS Framework for semantic HTML","filename":"pico.min.css","homepage":"https://picocss.com","keywords":["css","css-framework","dark-mode","dark-theme","lightweight","minimal","minimalist","minimalistic","native-html","scss-framework","semantic"],"license":"MIT","name":"picocss","repository":{"type":"git","url":"git+https://github.com/picocss/pico.git"},"author":"Lucas Larroche"}
KV keys:
- picocss/1.5.12/pico.classless.css.br
- picocss/1.5.12/pico.classless.css.gz
- picocss/1.5.12/pico.classless.min.css.br
- picocss/1.5.12/pico.classless.min.css.gz
- picocss/1.5.12/pico.css.br
- picocss/1.5.12/pico.css.gz
- picocss/1.5.12/pico.fluid.classless.css.br
- picocss/1.5.12/pico.fluid.classless.css.gz
- picocss/1.5.12/pico.fluid.classless.min.css.br
- picocss/1.5.12/pico.fluid.classless.min.css.gz
- picocss/1.5.12/pico.min.css.br
- picocss/1.5.12/pico.min.css.gz
- picocss/1.5.12/pico.slim.css.br
- picocss/1.5.12/pico.slim.css.gz
- picocss/1.5.12/pico.slim.min.css.br
- picocss/1.5.12/pico.slim.min.css.gz
- picocss/1.5.12/themes/default.css.br
- picocss/1.5.12/themes/default.css.gz
- picocss/1.5.12/themes/default.min.css.br
- picocss/1.5.12/themes/default.min.css.gz
SRIs:
- picocss/1.5.12/pico.classless.css: sha512-HhlfnrhP4PPLgzEuXHh4E6kEn3WcjbiwkvNGWUsozSlhD6I+qp8fdPshoXC9brrpETWe+ZEXpsHKgT9iVlUy/A==
- picocss/1.5.12/pico.fluid.classless.css: sha512-Bwe543co9Dkfx7TRMMTsY6/bi4+ACZbUS9jILq5Fzw4kUwWxUexZvGO7vmDGyvPUq46Xnhu20fzIk0vSipYAKA==
- picocss/1.5.12/pico.slim.min.css: sha512-3AEKz62qS6BEDfR5uYNwVLnwujK1a462vmVH7mUX/YUYvWYWH+nKIPAGv7SW3I0vVr73CdG2yboZE+l6r1OqxA==
- picocss/1.5.12/pico.min.css: sha512-1KeC0aYFklqd4OJ5KV95bZXQ4iIwviKZdzsKP3h0fGikErr3S56FVNisBV1ITJobp/4DODFegtOPP1yOUe8nmg==
- picocss/1.5.12/pico.slim.css: sha512-fM64YY0Z26A2oLQFg1IAJbrDxIM7QX9uo9ET3f/75jhrll/uDnmehqJsSLmZCEPx9TSYjX2e4C05AIvw8d3Dsw==
- picocss/1.5.12/themes/default.css: sha512-T07uxVl613hrYWRw1SjL32v/QnXoWztEaz7f/I0l6LTzd0ePCkyzXQKwQCV4emew/9ICY6RtOS356C20eTLsVQ==
- picocss/1.5.12/themes/default.min.css: sha512-mIbeHRS1oRnK8wjHXbMNdPxB1aOh0K/FMR1VsQfXCk3sXxfMuvQ2SxEX6YpwYVxoE63FR5wHD4FJFMnFG8YDmg==
- picocss/1.5.12/pico.classless.min.css: sha512-CbUg8LCI694GSFMgeNTWRkO+SnhO1HwgoRNwacqnAjeeTDe8u6dKwADgwqpYvZ5P78CM8M5K65fUMudIP5uuXQ==
- picocss/1.5.12/pico.css: sha512-dpzacQFXxHrUrhs8wtWZ2x8HYCDdOBiu9SUOPP2dZmMPmBSteggnnpxxfWn9BYoI4PeKnIEMWQk6wL3GyxBSWg==
- picocss/1.5.12/pico.fluid.classless.min.css: sha512-JQcBtJEeR3Y2ExoUYqJMUyB+LWdNJcuRD4x2+kKn3d+wDtsMfzVmTT437r2QdOphYr6rRvuDpKDOHAxLx1yDsg==
