config: {"autoupdate":{"source":"npm","target":"@alifd/next","fileMap":[{"basePath":"dist","files":["**/*"]}]},"description":"A configurable component library for web built on React.","filename":"next.min.js","homepage":"https://github.com/alibaba-fusion/next","keywords":["fusion","fusion design","next","component","ui tookit","react","react-components","components","design","frontend"],"license":"MIT","name":"alifd__next","repository":{"type":"git","url":"https://github.com/alibaba-fusion/next.git"}}
KV keys:
- alifd__next/1.24.12/adaptor.min.js.br
- alifd__next/1.24.12/adaptor.min.js.gz
- alifd__next/1.24.12/next-1.css.br
- alifd__next/1.24.12/next-1.css.gz
- alifd__next/1.24.12/next-1.min.css.br
- alifd__next/1.24.12/next-1.min.css.gz
- alifd__next/1.24.12/next-2.css.br
- alifd__next/1.24.12/next-2.css.gz
- alifd__next/1.24.12/next-2.min.css.br
- alifd__next/1.24.12/next-2.min.css.gz
- alifd__next/1.24.12/next-noreset-1.css.br
- alifd__next/1.24.12/next-noreset-1.css.gz
- alifd__next/1.24.12/next-noreset-1.min.css.br
- alifd__next/1.24.12/next-noreset-1.min.css.gz
- alifd__next/1.24.12/next-noreset-2.css.br
- alifd__next/1.24.12/next-noreset-2.css.gz
- alifd__next/1.24.12/next-noreset-2.min.css.br
- alifd__next/1.24.12/next-noreset-2.min.css.gz
- alifd__next/1.24.12/next-noreset.css.br
- alifd__next/1.24.12/next-noreset.css.gz
- alifd__next/1.24.12/next-noreset.min-1.css.br
- alifd__next/1.24.12/next-noreset.min-1.css.gz
- alifd__next/1.24.12/next-noreset.min-1.min.css.br
- alifd__next/1.24.12/next-noreset.min-1.min.css.gz
- alifd__next/1.24.12/next-noreset.min-2.css.br
- alifd__next/1.24.12/next-noreset.min-2.css.gz
- alifd__next/1.24.12/next-noreset.min-2.min.css.br
- alifd__next/1.24.12/next-noreset.min-2.min.css.gz
- alifd__next/1.24.12/next-noreset.min.css.br
- alifd__next/1.24.12/next-noreset.min.css.gz
- alifd__next/1.24.12/next-noreset.var-1.css.br
- alifd__next/1.24.12/next-noreset.var-1.css.gz
- alifd__next/1.24.12/next-noreset.var-1.min.css.br
- alifd__next/1.24.12/next-noreset.var-1.min.css.gz
- alifd__next/1.24.12/next-noreset.var-2.css.br
- alifd__next/1.24.12/next-noreset.var-2.css.gz
- alifd__next/1.24.12/next-noreset.var-2.min.css.br
- alifd__next/1.24.12/next-noreset.var-2.min.css.gz
- alifd__next/1.24.12/next-noreset.var.css.br
- alifd__next/1.24.12/next-noreset.var.css.gz
- alifd__next/1.24.12/next-noreset.var.min-1.css.br
- alifd__next/1.24.12/next-noreset.var.min-1.css.gz
- alifd__next/1.24.12/next-noreset.var.min-1.min.css.br
- alifd__next/1.24.12/next-noreset.var.min-1.min.css.gz
- alifd__next/1.24.12/next-noreset.var.min-2.css.br
- alifd__next/1.24.12/next-noreset.var.min-2.css.gz
- alifd__next/1.24.12/next-noreset.var.min-2.min.css.br
- alifd__next/1.24.12/next-noreset.var.min-2.min.css.gz
- alifd__next/1.24.12/next-noreset.var.min.css.br
- alifd__next/1.24.12/next-noreset.var.min.css.gz
- alifd__next/1.24.12/next-with-locales.js.br
- alifd__next/1.24.12/next-with-locales.js.gz
- alifd__next/1.24.12/next-with-locales.min.js.br
- alifd__next/1.24.12/next-with-locales.min.js.gz
- alifd__next/1.24.12/next.css.br
- alifd__next/1.24.12/next.css.gz
- alifd__next/1.24.12/next.js.br
- alifd__next/1.24.12/next.js.gz
- alifd__next/1.24.12/next.min-1.css.br
- alifd__next/1.24.12/next.min-1.css.gz
- alifd__next/1.24.12/next.min-1.min.css.br
- alifd__next/1.24.12/next.min-1.min.css.gz
- alifd__next/1.24.12/next.min-2.css.br
- alifd__next/1.24.12/next.min-2.css.gz
- alifd__next/1.24.12/next.min-2.min.css.br
- alifd__next/1.24.12/next.min-2.min.css.gz
- alifd__next/1.24.12/next.min.css.br
- alifd__next/1.24.12/next.min.css.gz
- alifd__next/1.24.12/next.min.js.br
- alifd__next/1.24.12/next.min.js.gz
- alifd__next/1.24.12/next.var-1.css.br
- alifd__next/1.24.12/next.var-1.css.gz
- alifd__next/1.24.12/next.var-1.min.css.br
- alifd__next/1.24.12/next.var-1.min.css.gz
- alifd__next/1.24.12/next.var-2.css.br
- alifd__next/1.24.12/next.var-2.css.gz
- alifd__next/1.24.12/next.var-2.min.css.br
- alifd__next/1.24.12/next.var-2.min.css.gz
- alifd__next/1.24.12/next.var.css.br
- alifd__next/1.24.12/next.var.css.gz
- alifd__next/1.24.12/next.var.min-1.css.br
- alifd__next/1.24.12/next.var.min-1.css.gz
- alifd__next/1.24.12/next.var.min-1.min.css.br
- alifd__next/1.24.12/next.var.min-1.min.css.gz
- alifd__next/1.24.12/next.var.min-2.css.br
- alifd__next/1.24.12/next.var.min-2.css.gz
- alifd__next/1.24.12/next.var.min-2.min.css.br
- alifd__next/1.24.12/next.var.min-2.min.css.gz
- alifd__next/1.24.12/next.var.min.css.br
- alifd__next/1.24.12/next.var.min.css.gz
SRIs:
- alifd__next/1.24.12/next-noreset-1.min.css: sha512-fMxAMUXyY1gMwWG2JatWAZ1depQFf2MqldZrz/ZEE4OWIY7DAn5JmvLyD0/hueUJ9ew2RpSstEQXZZIgSGJrFQ==
- alifd__next/1.24.12/next-noreset.var.min-1.css: sha512-viS8/NHduRuGndXfwP41dWZ8b0G1I5u61kcKqoO7ESLmwfbt2beCiJKuQ+NUz+i4W1eOpDVWpHiSjNZ/2pjOJQ==
- alifd__next/1.24.12/next.js: sha512-8bBwUePmTFGX0jIUKvR56PePV7I8U4IW15YIxItjZp5XklpdRr9wRM5b8+57SuIlSV8F7xVO/+ovepT+t9EJwA==
- alifd__next/1.24.12/next.var.css: sha512-zifqZv5sZp5eQNQIOi6K5xmgwSZ2tGUE2qCjuw/OMi/Zmlck326We1Vzgv3LwV2JV/HlGvG/MyVaJURYylUe3A==
- alifd__next/1.24.12/next.var-1.min.css: sha512-BZ0s2H81EA0IDjuCErW7Dz85MpIYGrGrEXS8vd61zoRli2qdinLf1eSuJXs/2CLtJvYXFMEWZaOsQGXuOzaVqg==
- alifd__next/1.24.12/next-noreset-2.min.css: sha512-Ncj7fZ3Eu3TyXDluvv1cGotfKfM/Lz+8k8BVKSsA+D7O0PfOUewk5BU52HqzlJipVlAkF+9ChvlB8EoQjc5eog==
- alifd__next/1.24.12/next.min-1.css: sha512-UrZqaDxKPS54QdcBtQTTuAuSdcDn+eeGvz/9xxDJUkbfOMknZQEsmo0mcId+ruGShDlREO1/04AB3L6qDoxcfA==
- alifd__next/1.24.12/next.min-1.min.css: sha512-1DNEyjIiwBqWJaVR3hAbnvMyU2JYlgG56DPBUJTaGmldvpmjh6Hgz/rcWanmivTsYuDp1RpNzfajdP0VBcU8xQ==
- alifd__next/1.24.12/next.min-2.css: sha512-zOb4wOchw7lLivM83bwoGpPaXb7NgBpH2ug9coIq1qaJbXKGauKEQNQczfYqA0y9D1jeNkPPBqtnMQIfyA151Q==
- alifd__next/1.24.12/next-noreset-2.css: sha512-Lyhlaj/33Yg7c59FqizmQZLWvr7hgwOjD2I1EiDy/YkwV+Rp4FhvODxHsvUbojwRko4h7X/zheNi7k1as/8fXQ==
- alifd__next/1.24.12/next-noreset.min-2.min.css: sha512-gEJi7xAU7arMdELCnyEca5za2qoQR0YngJM7ADPHsHipHGc87CDqCs1knugekpXGkPFdiBfVMKSnVI10YfHc0Q==
- alifd__next/1.24.12/next-noreset.min.css: sha512-Ftd54E59+Wv2wwELE8wrMUn9oYr372VmqpLvScvZ1SQINdJfkUI5UMKWA+VKrbJD5bfSxw1RPXhOMR3A3oFX3w==
- alifd__next/1.24.12/next-noreset.var.min-1.min.css: sha512-yppAftrBQPZA5/pqDkaOQcuJopK3HM3amOj4hfw4P76bjQzQDNdhd8zmR8f50dJlMipBNO//Gx64CoeP8QQcUg==
- alifd__next/1.24.12/next-noreset.var.min.css: sha512-7HaPuqugqoePt7ARRj+UBRMBQJTyaFhRmzylvjkbHwohH9qhg39EwxV5LtLIXNFZOZoRUOgIhtPY2NpdJkoZ8g==
- alifd__next/1.24.12/next.var-2.min.css: sha512-1zA72GSHADlLXWmTNWFcJy35TH7jrbsV2Z3+9QzxQ6lun5GxZCJUwm3I5WrMieSnnmxpCanLmbxeQ2vAS4RbMg==
- alifd__next/1.24.12/next.var.min-2.min.css: sha512-h22HjbOPHMirJxibaUIo3/Zyy2rJ+kxPpAYxy2irgALEUbOB4cErZAZUKWfzZxfMmZW31/LXoSz/cg81b3X7CA==
- alifd__next/1.24.12/next-2.css: sha512-WALcloxPHijlT0hm2dl4R+b1EKiLqAkQSBcTVMw/+JI3LxEE91Zpc+rzSn1jvMBxFXqLuVCbZIjDgt+zKFcNOQ==
- alifd__next/1.24.12/next-noreset.min-1.css: sha512-qw/LpPa+6XPHKJeWauqZS2IC4enkYX5DIu/sqHH7HZkhC89h3f5A+pkh4aQxhExKltuQr82Fesmvja0we7vxHg==
- alifd__next/1.24.12/next-noreset.var-1.min.css: sha512-BZ0s2H81EA0IDjuCErW7Dz85MpIYGrGrEXS8vd61zoRli2qdinLf1eSuJXs/2CLtJvYXFMEWZaOsQGXuOzaVqg==
- alifd__next/1.24.12/next-noreset.var-2.css: sha512-vAORgwbnge26aUc+jmoqw9eRePXQ7t8Give/mepemkNRl/WPzZ0/Jj2Z2B6OUiYSuetfbpksrNmmyA2e2EvnAw==
- alifd__next/1.24.12/adaptor.min.js: sha512-DFaDSNvp+B9hq+kBHTfSWlGHap/EBGVjMKfcDF0FqZO6TgRR/KzhFhTnJY9G6IYgf5NWueKE+5GPRy5iu/LrvA==
- alifd__next/1.24.12/next-2.min.css: sha512-vHU9ATNkxHbqLrCqPp5I1U7vEFdVdh8OX1jk/ykMvB3fCThXM1iBj5XN5DB29Idg8XjaEG6LTrlwSgdG0pt2Hg==
- alifd__next/1.24.12/next.var-1.css: sha512-9AclhM5/YzvMqRG3m585xNYmkyl5TdpnEsaKPrvJPLvMYjSfU7f4MPnLjE/KYI0gajrjbVY7PreR+Ppd3gKmhw==
- alifd__next/1.24.12/next.var.min-1.min.css: sha512-yppAftrBQPZA5/pqDkaOQcuJopK3HM3amOj4hfw4P76bjQzQDNdhd8zmR8f50dJlMipBNO//Gx64CoeP8QQcUg==
- alifd__next/1.24.12/next.min-2.min.css: sha512-CYZ50y7b/MivFz/KZsudHjpy6gU5QpkX6+lLU7mbBduyv016eejJgCOShmLqrE5GFtcOebh+SmG2695phX7Nlw==
- alifd__next/1.24.12/next.min.js: sha512-0TJrnLcTP/xJpGKJoHZO2ATFb1yHCnRnjRsdscjq9vENC+SJrruIOv6IO/YMu8KkROWRboEmitM9wOV+Kjd7xw==
- alifd__next/1.24.12/next.var-2.css: sha512-z3gPta632fn3p/j/USjbHcAGKtwYXiw7j5DBeS89rYE91CFhFnRIriipVpJo3hsgY8LoRBSkvGga8dIHC0lGFA==
- alifd__next/1.24.12/next.var.min-1.css: sha512-viS8/NHduRuGndXfwP41dWZ8b0G1I5u61kcKqoO7ESLmwfbt2beCiJKuQ+NUz+i4W1eOpDVWpHiSjNZ/2pjOJQ==
- alifd__next/1.24.12/next-noreset.min-1.min.css: sha512-RVcWq3hSPKQHqTMnlIveTlgGu4ELef0KNOQ7OpMGGYyVSzEBQwniQepM2SFB3xIPLIf6PJ9UdD8HVX9IEFTCPw==
- alifd__next/1.24.12/next-noreset.var.css: sha512-v7qgVHRVD3vBUMOaAzHWSs6F9rDGNtaDExhhQbM1L8dpBXZp+Wl+Ft++TVIQDqxSG6oHN4jqpThZCavj6UqTaw==
- alifd__next/1.24.12/next-with-locales.min.js: sha512-jWMzgv9WhTORcnLXe1j5SaekxEoovYuc6qh3Zq/cW7opzDxhVUaKCBPWpHZZANA9fkxwq+7l3e4yG4xYxkyMnA==
- alifd__next/1.24.12/next.css: sha512-XzKnjiNsRg/qeNHLw80/JdrbUmEc35zOwDulqKcrcxe8W2FkhUHtZF4e4B7e6hqQjsGi+B6Tq5AjL9vE68MRNg==
- alifd__next/1.24.12/next-noreset.var.min-2.css: sha512-HORS9T4IEnM0KYUfgyPbyw0i/2HTtvSjh9kuRzUiky6SfE6rb1kqr2dC3Yj+OwzImnRqCSu1fJl5ee7/g46t0Q==
- alifd__next/1.24.12/next.var.min-2.css: sha512-bUFy8N5N5zDuWIvoz6qyZ95yIm2TRy2XR+IlIkA/Z5TxrMAbTirRtzVVh1veMpFOoEeKiurtxZbV8p3XbJvKXQ==
- alifd__next/1.24.12/next.var.min.css: sha512-RQ6L0wcRa0DD44Py360qaN3rFOkXnkJhfW7a3pDiucWywRGh1RpJYCNRVWVEMt/bZSwaL9Mj+m38tjBsWcaX5A==
- alifd__next/1.24.12/next-noreset.css: sha512-6tbG8XcX0xrKUl/f6bmTfoElzQesvdexvOPmwXhgp3ieOj2VtoTXaw22XhVgGJhAY+4ZTIHfDbVDehrPEy+C0Q==
- alifd__next/1.24.12/next-noreset.min-2.css: sha512-MGrNSaSfjfB41RV77gdH2LvpCaigYcyDIXeNiy/Pbn0pXCWq50tpnSvqCVYadu4yq2l6berP+65idtue7KFvhQ==
- alifd__next/1.24.12/next-noreset.var-1.css: sha512-5Bp4JFnhtzCYy+zR9Tvq26a82ksLGlYXWg96EgvgX1Q6Y6hFm1YLQLGhcxCO/XePRmQQZxPyl7DlX5AcTN/a0g==
- alifd__next/1.24.12/next-noreset.var-2.min.css: sha512-XX6XoyzHmNP8AaCMHHCxUM+2DRHkRuP/20ip2LPHUWMOwiiRSkyCaEqaSiX5NUvCUe8jm0bsTbdNtXXty+CqTw==
- alifd__next/1.24.12/next-with-locales.js: sha512-SVyx/F86KjlCCzmiQI2XtowlHDstwRJRfA7Lnb/0rlJzLDf1joQmplkIQM6GRG5mYcRD+f4Bjy9j2qJVRRD1Nw==
- alifd__next/1.24.12/next.min.css: sha512-119CHy4SevP+euqw3Xtw4AVRJT0bpEZpQWeawBBZl09ltYz2ef4KUlAJEpNpBa8q+m6+r6k8RySzJjxGrMxwEQ==
- alifd__next/1.24.12/next-1.css: sha512-zXhVKjpQs1tZ4m92tkNH/GR/KemW8BoWs9DufQ5yQKT4htoFJ2Dm1QlwRFgNH/AcIwoNAwziZopesHavO8JA1w==
- alifd__next/1.24.12/next-1.min.css: sha512-Vj9BYqTPGJzu8t0nD3RbEeGDWRvpT4jPAPSxR5RaBcrIIsq5JgtnK2zEYRSxkrSDAOkWI71D1e1zsVZtheu3kQ==
- alifd__next/1.24.12/next-noreset-1.css: sha512-1BjxDY/C7BIMVZrsOaN8Zji5+2S0eGQPfGEctRT+q+dPy8ANXBAnBzfqH0feg1xftHxoyHsQ/XTJxZKwLfzRWA==
- alifd__next/1.24.12/next-noreset.var.min-2.min.css: sha512-nP2+I+gn0RnAXjCHU0sNMO/cLmzPZc5HRCxBGJ0+SVNMQPqFueum4IyixP4XNXGOWpb0tvaw0YFZddkwZVjGNw==
