Files:
- fontsource-firago/4.5.3/100-italic.css.br
- fontsource-firago/4.5.3/100-italic.css.gz
- fontsource-firago/4.5.3/100-italic.min.css.br
- fontsource-firago/4.5.3/100-italic.min.css.gz
- fontsource-firago/4.5.3/100.css.br
- fontsource-firago/4.5.3/100.css.gz
- fontsource-firago/4.5.3/100.min.css.br
- fontsource-firago/4.5.3/100.min.css.gz
- fontsource-firago/4.5.3/200-italic.css.br
- fontsource-firago/4.5.3/200-italic.css.gz
- fontsource-firago/4.5.3/200-italic.min.css.br
- fontsource-firago/4.5.3/200-italic.min.css.gz
- fontsource-firago/4.5.3/200.css.br
- fontsource-firago/4.5.3/200.css.gz
- fontsource-firago/4.5.3/200.min.css.br
- fontsource-firago/4.5.3/200.min.css.gz
- fontsource-firago/4.5.3/300-italic.css.br
- fontsource-firago/4.5.3/300-italic.css.gz
- fontsource-firago/4.5.3/300-italic.min.css.br
- fontsource-firago/4.5.3/300-italic.min.css.gz
- fontsource-firago/4.5.3/300.css.br
- fontsource-firago/4.5.3/300.css.gz
- fontsource-firago/4.5.3/300.min.css.br
- fontsource-firago/4.5.3/300.min.css.gz
- fontsource-firago/4.5.3/400-italic.css.br
- fontsource-firago/4.5.3/400-italic.css.gz
- fontsource-firago/4.5.3/400-italic.min.css.br
- fontsource-firago/4.5.3/400-italic.min.css.gz
- fontsource-firago/4.5.3/400.css.br
- fontsource-firago/4.5.3/400.css.gz
- fontsource-firago/4.5.3/400.min.css.br
- fontsource-firago/4.5.3/400.min.css.gz
- fontsource-firago/4.5.3/500-italic.css.br
- fontsource-firago/4.5.3/500-italic.css.gz
- fontsource-firago/4.5.3/500-italic.min.css.br
- fontsource-firago/4.5.3/500-italic.min.css.gz
- fontsource-firago/4.5.3/500.css.br
- fontsource-firago/4.5.3/500.css.gz
- fontsource-firago/4.5.3/500.min.css.br
- fontsource-firago/4.5.3/500.min.css.gz
- fontsource-firago/4.5.3/600-italic.css.br
- fontsource-firago/4.5.3/600-italic.css.gz
- fontsource-firago/4.5.3/600-italic.min.css.br
- fontsource-firago/4.5.3/600-italic.min.css.gz
- fontsource-firago/4.5.3/600.css.br
- fontsource-firago/4.5.3/600.css.gz
- fontsource-firago/4.5.3/600.min.css.br
- fontsource-firago/4.5.3/600.min.css.gz
- fontsource-firago/4.5.3/700-italic.css.br
- fontsource-firago/4.5.3/700-italic.css.gz
- fontsource-firago/4.5.3/700-italic.min.css.br
- fontsource-firago/4.5.3/700-italic.min.css.gz
- fontsource-firago/4.5.3/700.css.br
- fontsource-firago/4.5.3/700.css.gz
- fontsource-firago/4.5.3/700.min.css.br
- fontsource-firago/4.5.3/700.min.css.gz
- fontsource-firago/4.5.3/800-italic.css.br
- fontsource-firago/4.5.3/800-italic.css.gz
- fontsource-firago/4.5.3/800-italic.min.css.br
- fontsource-firago/4.5.3/800-italic.min.css.gz
- fontsource-firago/4.5.3/800.css.br
- fontsource-firago/4.5.3/800.css.gz
- fontsource-firago/4.5.3/800.min.css.br
- fontsource-firago/4.5.3/800.min.css.gz
- fontsource-firago/4.5.3/900-italic.css.br
- fontsource-firago/4.5.3/900-italic.css.gz
- fontsource-firago/4.5.3/900-italic.min.css.br
- fontsource-firago/4.5.3/900-italic.min.css.gz
- fontsource-firago/4.5.3/900.css.br
- fontsource-firago/4.5.3/900.css.gz
- fontsource-firago/4.5.3/900.min.css.br
- fontsource-firago/4.5.3/900.min.css.gz
- fontsource-firago/4.5.3/all-100-italic.css.br
- fontsource-firago/4.5.3/all-100-italic.css.gz
- fontsource-firago/4.5.3/all-100-italic.min.css.br
- fontsource-firago/4.5.3/all-100-italic.min.css.gz
- fontsource-firago/4.5.3/all-100.css.br
- fontsource-firago/4.5.3/all-100.css.gz
- fontsource-firago/4.5.3/all-100.min.css.br
- fontsource-firago/4.5.3/all-100.min.css.gz
- fontsource-firago/4.5.3/all-200-italic.css.br
- fontsource-firago/4.5.3/all-200-italic.css.gz
- fontsource-firago/4.5.3/all-200-italic.min.css.br
- fontsource-firago/4.5.3/all-200-italic.min.css.gz
- fontsource-firago/4.5.3/all-200.css.br
- fontsource-firago/4.5.3/all-200.css.gz
- fontsource-firago/4.5.3/all-200.min.css.br
- fontsource-firago/4.5.3/all-200.min.css.gz
- fontsource-firago/4.5.3/all-300-italic.css.br
- fontsource-firago/4.5.3/all-300-italic.css.gz
- fontsource-firago/4.5.3/all-300-italic.min.css.br
- fontsource-firago/4.5.3/all-300-italic.min.css.gz
- fontsource-firago/4.5.3/all-300.css.br
- fontsource-firago/4.5.3/all-300.css.gz
- fontsource-firago/4.5.3/all-300.min.css.br
- fontsource-firago/4.5.3/all-300.min.css.gz
- fontsource-firago/4.5.3/all-400-italic.css.br
- fontsource-firago/4.5.3/all-400-italic.css.gz
- fontsource-firago/4.5.3/all-400-italic.min.css.br
- fontsource-firago/4.5.3/all-400-italic.min.css.gz
- fontsource-firago/4.5.3/all-400.css.br
- fontsource-firago/4.5.3/all-400.css.gz
- fontsource-firago/4.5.3/all-400.min.css.br
- fontsource-firago/4.5.3/all-400.min.css.gz
- fontsource-firago/4.5.3/all-500-italic.css.br
- fontsource-firago/4.5.3/all-500-italic.css.gz
- fontsource-firago/4.5.3/all-500-italic.min.css.br
- fontsource-firago/4.5.3/all-500-italic.min.css.gz
- fontsource-firago/4.5.3/all-500.css.br
- fontsource-firago/4.5.3/all-500.css.gz
- fontsource-firago/4.5.3/all-500.min.css.br
- fontsource-firago/4.5.3/all-500.min.css.gz
- fontsource-firago/4.5.3/all-600-italic.css.br
- fontsource-firago/4.5.3/all-600-italic.css.gz
- fontsource-firago/4.5.3/all-600-italic.min.css.br
- fontsource-firago/4.5.3/all-600-italic.min.css.gz
- fontsource-firago/4.5.3/all-600.css.br
- fontsource-firago/4.5.3/all-600.css.gz
- fontsource-firago/4.5.3/all-600.min.css.br
- fontsource-firago/4.5.3/all-600.min.css.gz
- fontsource-firago/4.5.3/all-700-italic.css.br
- fontsource-firago/4.5.3/all-700-italic.css.gz
- fontsource-firago/4.5.3/all-700-italic.min.css.br
- fontsource-firago/4.5.3/all-700-italic.min.css.gz
- fontsource-firago/4.5.3/all-700.css.br
- fontsource-firago/4.5.3/all-700.css.gz
- fontsource-firago/4.5.3/all-700.min.css.br
- fontsource-firago/4.5.3/all-700.min.css.gz
- fontsource-firago/4.5.3/all-800-italic.css.br
- fontsource-firago/4.5.3/all-800-italic.css.gz
- fontsource-firago/4.5.3/all-800-italic.min.css.br
- fontsource-firago/4.5.3/all-800-italic.min.css.gz
- fontsource-firago/4.5.3/all-800.css.br
- fontsource-firago/4.5.3/all-800.css.gz
- fontsource-firago/4.5.3/all-800.min.css.br
- fontsource-firago/4.5.3/all-800.min.css.gz
- fontsource-firago/4.5.3/all-900-italic.css.br
- fontsource-firago/4.5.3/all-900-italic.css.gz
- fontsource-firago/4.5.3/all-900-italic.min.css.br
- fontsource-firago/4.5.3/all-900-italic.min.css.gz
- fontsource-firago/4.5.3/all-900.css.br
- fontsource-firago/4.5.3/all-900.css.gz
- fontsource-firago/4.5.3/all-900.min.css.br
- fontsource-firago/4.5.3/all-900.min.css.gz
- fontsource-firago/4.5.3/all.css.br
- fontsource-firago/4.5.3/all.css.gz
- fontsource-firago/4.5.3/all.min.css.br
- fontsource-firago/4.5.3/all.min.css.gz
- fontsource-firago/4.5.3/files/firago-all-100-italic.woff.br
- fontsource-firago/4.5.3/files/firago-all-100-italic.woff.gz
- fontsource-firago/4.5.3/files/firago-all-100-italic.woff2
- fontsource-firago/4.5.3/files/firago-all-100-normal.woff.br
- fontsource-firago/4.5.3/files/firago-all-100-normal.woff.gz
- fontsource-firago/4.5.3/files/firago-all-100-normal.woff2
- fontsource-firago/4.5.3/files/firago-all-200-italic.woff.br
- fontsource-firago/4.5.3/files/firago-all-200-italic.woff.gz
- fontsource-firago/4.5.3/files/firago-all-200-italic.woff2
- fontsource-firago/4.5.3/files/firago-all-200-normal.woff.br
- fontsource-firago/4.5.3/files/firago-all-200-normal.woff.gz
- fontsource-firago/4.5.3/files/firago-all-200-normal.woff2
- fontsource-firago/4.5.3/files/firago-all-300-italic.woff.br
- fontsource-firago/4.5.3/files/firago-all-300-italic.woff.gz
- fontsource-firago/4.5.3/files/firago-all-300-italic.woff2
- fontsource-firago/4.5.3/files/firago-all-300-normal.woff.br
- fontsource-firago/4.5.3/files/firago-all-300-normal.woff.gz
- fontsource-firago/4.5.3/files/firago-all-300-normal.woff2
- fontsource-firago/4.5.3/files/firago-all-400-italic.woff.br
- fontsource-firago/4.5.3/files/firago-all-400-italic.woff.gz
- fontsource-firago/4.5.3/files/firago-all-400-italic.woff2
- fontsource-firago/4.5.3/files/firago-all-400-normal.woff.br
- fontsource-firago/4.5.3/files/firago-all-400-normal.woff.gz
- fontsource-firago/4.5.3/files/firago-all-400-normal.woff2
- fontsource-firago/4.5.3/files/firago-all-500-italic.woff.br
- fontsource-firago/4.5.3/files/firago-all-500-italic.woff.gz
- fontsource-firago/4.5.3/files/firago-all-500-italic.woff2
- fontsource-firago/4.5.3/files/firago-all-500-normal.woff.br
- fontsource-firago/4.5.3/files/firago-all-500-normal.woff.gz
- fontsource-firago/4.5.3/files/firago-all-500-normal.woff2
- fontsource-firago/4.5.3/files/firago-all-600-italic.woff.br
- fontsource-firago/4.5.3/files/firago-all-600-italic.woff.gz
- fontsource-firago/4.5.3/files/firago-all-600-italic.woff2
- fontsource-firago/4.5.3/files/firago-all-600-normal.woff.br
- fontsource-firago/4.5.3/files/firago-all-600-normal.woff.gz
- fontsource-firago/4.5.3/files/firago-all-600-normal.woff2
- fontsource-firago/4.5.3/files/firago-all-700-italic.woff.br
- fontsource-firago/4.5.3/files/firago-all-700-italic.woff.gz
- fontsource-firago/4.5.3/files/firago-all-700-italic.woff2
- fontsource-firago/4.5.3/files/firago-all-700-normal.woff.br
- fontsource-firago/4.5.3/files/firago-all-700-normal.woff.gz
- fontsource-firago/4.5.3/files/firago-all-700-normal.woff2
- fontsource-firago/4.5.3/files/firago-all-800-italic.woff.br
- fontsource-firago/4.5.3/files/firago-all-800-italic.woff.gz
- fontsource-firago/4.5.3/files/firago-all-800-italic.woff2
- fontsource-firago/4.5.3/files/firago-all-800-normal.woff.br
- fontsource-firago/4.5.3/files/firago-all-800-normal.woff.gz
- fontsource-firago/4.5.3/files/firago-all-800-normal.woff2
- fontsource-firago/4.5.3/files/firago-all-900-italic.woff.br
- fontsource-firago/4.5.3/files/firago-all-900-italic.woff.gz
- fontsource-firago/4.5.3/files/firago-all-900-italic.woff2
- fontsource-firago/4.5.3/files/firago-all-900-normal.woff.br
- fontsource-firago/4.5.3/files/firago-all-900-normal.woff.gz
- fontsource-firago/4.5.3/files/firago-all-900-normal.woff2
- fontsource-firago/4.5.3/index.css.br
- fontsource-firago/4.5.3/index.css.gz
- fontsource-firago/4.5.3/index.min.css.br
- fontsource-firago/4.5.3/index.min.css.gz
