config: {"authors":[{"name":"Pouya Saadeghi"}],"autoupdate":{"source":"npm","target":"daisyui","fileMap":[{"basePath":"dist","files":["*.css"]}]},"description":"Tailwind CSS Components","filename":"full.css","homepage":"https://daisyui.com/","keywords":["design-system","tailwindcss","components","ui-library","component","framework","tailwind","theming","postcss","design","css","ui"],"license":"MIT","name":"daisyui","repository":{"type":"git","url":"https://github.com/saadeghi/daisyui.git"},"author":"Pouya Saadeghi"}
KV keys:
- daisyui/2.28.0/full.css.br
- daisyui/2.28.0/full.css.gz
- daisyui/2.28.0/full.min.css.br
- daisyui/2.28.0/full.min.css.gz
- daisyui/2.28.0/styled.css.br
- daisyui/2.28.0/styled.css.gz
- daisyui/2.28.0/styled.min.css.br
- daisyui/2.28.0/styled.min.css.gz
- daisyui/2.28.0/themes.css.br
- daisyui/2.28.0/themes.css.gz
- daisyui/2.28.0/themes.min.css.br
- daisyui/2.28.0/themes.min.css.gz
- daisyui/2.28.0/unstyled.css.br
- daisyui/2.28.0/unstyled.css.gz
- daisyui/2.28.0/unstyled.min.css.br
- daisyui/2.28.0/unstyled.min.css.gz
SRIs:
- daisyui/2.28.0/full.css: sha512-Zvf/uAu4GJ7E98VjsuAK5iM8t5Pq0OL3HcruoV1mVc/4EHtqDGqYBx6vtDuBDOOAf5T83/v563PkJlC7mDHZrA==
- daisyui/2.28.0/full.min.css: sha512-vAtvUy0geF1WoRq6PaaMwKBrU0iGSSG4Z7olcoVrEfKYdz9caihaoxyl3tQ0TsofJ/bI3ZJK1ulTCOID4RbbfA==
- daisyui/2.28.0/styled.css: sha512-sUDNiEhsc/oOCMqtp62BGsGoJeK6Nr9WmmPFEcAOzK//Cz+RRj6SEVBySu4/V/GGzTgSw4/Smb6Q/qfBH9wXjg==
- daisyui/2.28.0/styled.min.css: sha512-W8Y6ynnXsaTsQOMbOwggZtqbTxUyykOsHeOcu4i4e+r8JTTur2/NtSguU6t+NAVfNx7VklLDxsc/tHo052R7tg==
- daisyui/2.28.0/themes.css: sha512-026hTlGHceT/SNe+nC70RzCdjBpwCMKCm8bswolHu+gWuLdHwGf1uuMDHBTf8+wzQzMHRpYY5AhERDH025TsKA==
- daisyui/2.28.0/themes.min.css: sha512-/g0zZvEkZtSRP2k2TwKh5zBi8VelGW0qRuBUL/9xsV0jPZ1rwPzSGl464FRsgWHVjVm3lOQzVZvqUtDiXvu4TA==
- daisyui/2.28.0/unstyled.css: sha512-QC4GOqfugxiv62PheSG3aG9qWxVncV7eo+n/ou/SD7HHzkAhXGhlkncJ6QQt+qOg+R8O4uNn3XEGN20JvsfnHw==
- daisyui/2.28.0/unstyled.min.css: sha512-TvkUXsPosi2g27H9dt/L99PT+axjID8z+wnbaa2seUeprL9wVTMWxIZkqAQGbfM6ZDCpkacfmyiyIxJxGOemtQ==
