Files:
- fontsource-oswald/5.0.16/files/oswald-cyrillic-200-normal.woff2
- fontsource-oswald/5.0.16/files/oswald-cyrillic-300-normal.woff2
- fontsource-oswald/5.0.16/files/oswald-cyrillic-400-normal.woff2
- fontsource-oswald/5.0.16/files/oswald-cyrillic-500-normal.woff2
- fontsource-oswald/5.0.16/files/oswald-cyrillic-600-normal.woff2
- fontsource-oswald/5.0.16/files/oswald-cyrillic-700-normal.woff2
- fontsource-oswald/5.0.16/files/oswald-cyrillic-ext-200-normal.woff2
- fontsource-oswald/5.0.16/files/oswald-cyrillic-ext-300-normal.woff2
- fontsource-oswald/5.0.16/files/oswald-cyrillic-ext-400-normal.woff2
- fontsource-oswald/5.0.16/files/oswald-cyrillic-ext-500-normal.woff2
- fontsource-oswald/5.0.16/files/oswald-cyrillic-ext-600-normal.woff2
- fontsource-oswald/5.0.16/files/oswald-cyrillic-ext-700-normal.woff2
- fontsource-oswald/5.0.16/files/oswald-latin-200-normal.woff2
- fontsource-oswald/5.0.16/files/oswald-latin-300-normal.woff2
- fontsource-oswald/5.0.16/files/oswald-latin-400-normal.woff2
- fontsource-oswald/5.0.16/files/oswald-latin-500-normal.woff2
- fontsource-oswald/5.0.16/files/oswald-latin-600-normal.woff2
- fontsource-oswald/5.0.16/files/oswald-latin-700-normal.woff2
- fontsource-oswald/5.0.16/files/oswald-latin-ext-200-normal.woff2
- fontsource-oswald/5.0.16/files/oswald-latin-ext-300-normal.woff2
- fontsource-oswald/5.0.16/files/oswald-latin-ext-400-normal.woff2
- fontsource-oswald/5.0.16/files/oswald-latin-ext-500-normal.woff2
- fontsource-oswald/5.0.16/files/oswald-latin-ext-600-normal.woff2
- fontsource-oswald/5.0.16/files/oswald-latin-ext-700-normal.woff2
- fontsource-oswald/5.0.16/files/oswald-vietnamese-200-normal.woff2
- fontsource-oswald/5.0.16/files/oswald-vietnamese-300-normal.woff2
- fontsource-oswald/5.0.16/files/oswald-vietnamese-400-normal.woff2
- fontsource-oswald/5.0.16/files/oswald-vietnamese-500-normal.woff2
- fontsource-oswald/5.0.16/files/oswald-vietnamese-600-normal.woff2
- fontsource-oswald/5.0.16/files/oswald-vietnamese-700-normal.woff2
