config: {"autoupdate":{"source":"npm","target":"ember-source","fileMap":[{"basePath":"dist","files":["ember*.@(js|map)"]}]},"description":"Ember is a JavaScript framework for creating ambitious web applications that eliminates boilerplate and provides a standard application architecture.","filename":"ember.debug.js","homepage":"http://emberjs.com/","keywords":["ember","ember.js"],"license":"MIT","name":"ember.js","repository":{"type":"git","url":"https://github.com/emberjs/ember.js"}}
KV keys:
- ember.js/4.1.0-alpha.5/ember-template-compiler.js.br
- ember.js/4.1.0-alpha.5/ember-template-compiler.js.gz
- ember.js/4.1.0-alpha.5/ember-template-compiler.map.br
- ember.js/4.1.0-alpha.5/ember-template-compiler.map.gz
- ember.js/4.1.0-alpha.5/ember-template-compiler.min.js.br
- ember.js/4.1.0-alpha.5/ember-template-compiler.min.js.gz
- ember.js/4.1.0-alpha.5/ember-testing.js.br
- ember.js/4.1.0-alpha.5/ember-testing.js.gz
- ember.js/4.1.0-alpha.5/ember-testing.map.br
- ember.js/4.1.0-alpha.5/ember-testing.map.gz
- ember.js/4.1.0-alpha.5/ember-testing.min.js.br
- ember.js/4.1.0-alpha.5/ember-testing.min.js.gz
- ember.js/4.1.0-alpha.5/ember.debug.js.br
- ember.js/4.1.0-alpha.5/ember.debug.js.gz
- ember.js/4.1.0-alpha.5/ember.debug.map.br
- ember.js/4.1.0-alpha.5/ember.debug.map.gz
- ember.js/4.1.0-alpha.5/ember.debug.min.js.br
- ember.js/4.1.0-alpha.5/ember.debug.min.js.gz
SRIs:
- ember.js/4.1.0-alpha.5/ember-template-compiler.js: sha512-h+UZ5UQaiFw6HsKYyaUtTpRHak+xrYilV8vuM4dVm1coH7RhYPH6+mAiBvTf+Q3rSm0Da40QRhKjdtlm4f9gHg==
- ember.js/4.1.0-alpha.5/ember-template-compiler.min.js: sha512-QZkDjEXsMxIPiFokHCU/mtr2iFPNM1I0akIKMkOlXYRnNpRPV9/NZG7gU6r7Y/bCo3fHjugiZHxkigHodkYW2A==
- ember.js/4.1.0-alpha.5/ember-testing.js: sha512-+FJD0SDcMLwv358mChWJE6CFzuZKbNfzu1C1Aa9e4c21AlhP5tqA/dZ20Nk7ifYSJP2lQv8V8kdBY901qC1TFA==
- ember.js/4.1.0-alpha.5/ember-testing.min.js: sha512-QdFBIQL1T60Z9dxwQ63muHCQbRmEnMRn4wQY+3PdAsNoGXdUzMFVKhS2sZeEb/Dq08+7W4QWAzWEwJWkZxounA==
- ember.js/4.1.0-alpha.5/ember.debug.js: sha512-oU2kBzBnWoLP1A1W8i9k9LcuAww3gb0SRWM7ELV32759oGH5ET9gL7vdl60BsWW9bL6QncujSEnMf4py35NvdA==
- ember.js/4.1.0-alpha.5/ember.debug.min.js: sha512-+buqaUpul75VsAzBVs4nDtHrV6hNU5qogh4yT5YNGWI+2yaiaKBRXmx5XPyLUZQxzBLr41wzApRvL52Nr3DGBA==
