Files:
- mermaid/10.4.0/Diagram.d.ts.gz
- mermaid/10.4.0/__mocks__/mermaidAPI.d.ts.gz
- mermaid/10.4.0/accessibility.d.ts.gz
- mermaid/10.4.0/accessibility.spec.d.ts.gz
- mermaid/10.4.0/arc-1026bbaf.js.gz
- mermaid/10.4.0/arc-1026bbaf.min.js.gz
- mermaid/10.4.0/arc-eae95b9d.js.gz
- mermaid/10.4.0/arc-eae95b9d.min.js.gz
- mermaid/10.4.0/array-2ff2c7a6.js.gz
- mermaid/10.4.0/array-2ff2c7a6.min.js.gz
- mermaid/10.4.0/array-b7dcf730.js.gz
- mermaid/10.4.0/array-b7dcf730.min.js.gz
- mermaid/10.4.0/assignWithDepth.d.ts.gz
- mermaid/10.4.0/c4Diagram-01b08bdc.js.gz
- mermaid/10.4.0/c4Diagram-01b08bdc.min.js.gz
- mermaid/10.4.0/c4Diagram-ae26940c.js.gz
- mermaid/10.4.0/c4Diagram-ae26940c.min.js.gz
- mermaid/10.4.0/c4Diagram-c0b17d02.js.gz
- mermaid/10.4.0/c4Diagram-c0b17d02.min.js.gz
- mermaid/10.4.0/classDiagram-09b02f81.js.gz
- mermaid/10.4.0/classDiagram-09b02f81.min.js.gz
- mermaid/10.4.0/classDiagram-a8cc8886.js.gz
- mermaid/10.4.0/classDiagram-a8cc8886.min.js.gz
- mermaid/10.4.0/classDiagram-aa2e62c5.js.gz
- mermaid/10.4.0/classDiagram-aa2e62c5.min.js.gz
- mermaid/10.4.0/classDiagram-v2-115132f8.js.gz
- mermaid/10.4.0/classDiagram-v2-115132f8.min.js.gz
- mermaid/10.4.0/classDiagram-v2-441552b7.js.gz
- mermaid/10.4.0/classDiagram-v2-441552b7.min.js.gz
- mermaid/10.4.0/classDiagram-v2-802a48d3.js.gz
- mermaid/10.4.0/classDiagram-v2-802a48d3.min.js.gz
- mermaid/10.4.0/commonDb.d.ts.gz
- mermaid/10.4.0/config.d.ts.gz
- mermaid/10.4.0/config.spec.d.ts.gz
- mermaid/10.4.0/config.type.d.ts.gz
- mermaid/10.4.0/constant-2fe7eae5.js.gz
- mermaid/10.4.0/constant-2fe7eae5.min.js.gz
- mermaid/10.4.0/constant-b644328d.js.gz
- mermaid/10.4.0/constant-b644328d.min.js.gz
- mermaid/10.4.0/createText-3b1f58a4.js.gz
- mermaid/10.4.0/createText-3b1f58a4.min.js.gz
- mermaid/10.4.0/createText-6836bc4a.js.gz
- mermaid/10.4.0/createText-6836bc4a.min.js.gz
- mermaid/10.4.0/createText-98e4790d.js.gz
- mermaid/10.4.0/createText-98e4790d.min.js.gz
- mermaid/10.4.0/dagre-wrapper/clusters.d.ts.gz
- mermaid/10.4.0/dagre-wrapper/createLabel.d.ts.gz
- mermaid/10.4.0/dagre-wrapper/edges.d.ts.gz
- mermaid/10.4.0/dagre-wrapper/index.d.ts.gz
- mermaid/10.4.0/dagre-wrapper/intersect/index.d.ts.gz
- mermaid/10.4.0/dagre-wrapper/intersect/intersect-circle.d.ts.gz
- mermaid/10.4.0/dagre-wrapper/intersect/intersect-ellipse.d.ts.gz
- mermaid/10.4.0/dagre-wrapper/intersect/intersect-line.d.ts.gz
- mermaid/10.4.0/dagre-wrapper/intersect/intersect-node.d.ts.gz
- mermaid/10.4.0/dagre-wrapper/intersect/intersect-polygon.d.ts.gz
- mermaid/10.4.0/dagre-wrapper/intersect/intersect-rect.d.ts.gz
- mermaid/10.4.0/dagre-wrapper/markers.d.ts.gz
- mermaid/10.4.0/dagre-wrapper/mermaid-graphlib.d.ts.gz
- mermaid/10.4.0/dagre-wrapper/nodes.d.ts.gz
- mermaid/10.4.0/dagre-wrapper/shapes/note.d.ts.gz
- mermaid/10.4.0/dagre-wrapper/shapes/util.d.ts.gz
- mermaid/10.4.0/defaultConfig.d.ts.gz
- mermaid/10.4.0/diagram-api/comments.d.ts.gz
- mermaid/10.4.0/diagram-api/comments.spec.d.ts.gz
- mermaid/10.4.0/diagram-api/detectType.d.ts.gz
- mermaid/10.4.0/diagram-api/diagram-orchestration.d.ts.gz
- mermaid/10.4.0/diagram-api/diagram-orchestration.spec.d.ts.gz
- mermaid/10.4.0/diagram-api/diagramAPI.d.ts.gz
- mermaid/10.4.0/diagram-api/diagramAPI.spec.d.ts.gz
- mermaid/10.4.0/diagram-api/frontmatter.d.ts.gz
- mermaid/10.4.0/diagram-api/frontmatter.spec.d.ts.gz
- mermaid/10.4.0/diagram-api/loadDiagram.d.ts.gz
- mermaid/10.4.0/diagram-api/regexes.d.ts.gz
- mermaid/10.4.0/diagram-api/types.d.ts.gz
- mermaid/10.4.0/diagram.spec.d.ts.gz
- mermaid/10.4.0/diagrams/c4/c4Db.d.ts.gz
- mermaid/10.4.0/diagrams/c4/c4Detector.d.ts.gz
- mermaid/10.4.0/diagrams/c4/c4Diagram.d.ts.gz
- mermaid/10.4.0/diagrams/c4/c4Renderer.d.ts.gz
- mermaid/10.4.0/diagrams/c4/styles.d.ts.gz
- mermaid/10.4.0/diagrams/c4/svgDraw.d.ts.gz
- mermaid/10.4.0/diagrams/class/classDb.d.ts.gz
- mermaid/10.4.0/diagrams/class/classDetector-V2.d.ts.gz
- mermaid/10.4.0/diagrams/class/classDetector.d.ts.gz
- mermaid/10.4.0/diagrams/class/classDiagram-v2.d.ts.gz
- mermaid/10.4.0/diagrams/class/classDiagram.d.ts.gz
- mermaid/10.4.0/diagrams/class/classDiagram.spec.d.ts.gz
- mermaid/10.4.0/diagrams/class/classParser.spec.d.ts.gz
- mermaid/10.4.0/diagrams/class/classRenderer-v2.d.ts.gz
- mermaid/10.4.0/diagrams/class/classRenderer.d.ts.gz
- mermaid/10.4.0/diagrams/class/classTypes.d.ts.gz
- mermaid/10.4.0/diagrams/class/styles.d.ts.gz
- mermaid/10.4.0/diagrams/class/svgDraw.d.ts.gz
- mermaid/10.4.0/diagrams/common/common.d.ts.gz
- mermaid/10.4.0/diagrams/common/common.spec.d.ts.gz
- mermaid/10.4.0/diagrams/common/commonTypes.d.ts.gz
- mermaid/10.4.0/diagrams/common/svgDrawCommon.d.ts.gz
- mermaid/10.4.0/diagrams/er/erDb.d.ts.gz
- mermaid/10.4.0/diagrams/er/erDetector.d.ts.gz
- mermaid/10.4.0/diagrams/er/erDiagram.d.ts.gz
- mermaid/10.4.0/diagrams/er/erMarkers.d.ts.gz
- mermaid/10.4.0/diagrams/er/erRenderer.d.ts.gz
- mermaid/10.4.0/diagrams/er/erRenderer.spec.d.ts.gz
- mermaid/10.4.0/diagrams/er/styles.d.ts.gz
- mermaid/10.4.0/diagrams/error/errorDiagram.d.ts.gz
- mermaid/10.4.0/diagrams/error/errorRenderer.d.ts.gz
- mermaid/10.4.0/diagrams/flowchart/elk/detector.d.ts.gz
- mermaid/10.4.0/diagrams/flowchart/elk/detector.spec.d.ts.gz
- mermaid/10.4.0/diagrams/flowchart/elk/flowRenderer-elk.d.ts.gz
- mermaid/10.4.0/diagrams/flowchart/elk/flowchart-elk-definition.d.ts.gz
- mermaid/10.4.0/diagrams/flowchart/elk/render-utils.d.ts.gz
- mermaid/10.4.0/diagrams/flowchart/elk/render-utils.spec.d.ts.gz
- mermaid/10.4.0/diagrams/flowchart/elk/styles.d.ts.gz
- mermaid/10.4.0/diagrams/flowchart/flowChartShapes.d.ts.gz
- mermaid/10.4.0/diagrams/flowchart/flowDb.d.ts.gz
- mermaid/10.4.0/diagrams/flowchart/flowDetector-v2.d.ts.gz
- mermaid/10.4.0/diagrams/flowchart/flowDetector.d.ts.gz
- mermaid/10.4.0/diagrams/flowchart/flowDiagram-v2.d.ts.gz
- mermaid/10.4.0/diagrams/flowchart/flowDiagram.d.ts.gz
- mermaid/10.4.0/diagrams/flowchart/flowRenderer-v2.d.ts.gz
- mermaid/10.4.0/diagrams/flowchart/flowRenderer.d.ts.gz
- mermaid/10.4.0/diagrams/flowchart/styles.d.ts.gz
- mermaid/10.4.0/diagrams/gantt/ganttDb.d.ts.gz
- mermaid/10.4.0/diagrams/gantt/ganttDb.spec.d.ts.gz
- mermaid/10.4.0/diagrams/gantt/ganttDetector.d.ts.gz
- mermaid/10.4.0/diagrams/gantt/ganttDiagram.d.ts.gz
- mermaid/10.4.0/diagrams/gantt/ganttRenderer.d.ts.gz
- mermaid/10.4.0/diagrams/gantt/styles.d.ts.gz
- mermaid/10.4.0/diagrams/git/gitGraphAst.d.ts.gz
- mermaid/10.4.0/diagrams/git/gitGraphDetector.d.ts.gz
- mermaid/10.4.0/diagrams/git/gitGraphDiagram.d.ts.gz
- mermaid/10.4.0/diagrams/git/gitGraphRenderer.d.ts.gz
- mermaid/10.4.0/diagrams/git/styles.d.ts.gz
- mermaid/10.4.0/diagrams/info/info.spec.d.ts.gz
- mermaid/10.4.0/diagrams/info/infoDb.d.ts.gz
- mermaid/10.4.0/diagrams/info/infoDetector.d.ts.gz
- mermaid/10.4.0/diagrams/info/infoDiagram.d.ts.gz
- mermaid/10.4.0/diagrams/info/infoRenderer.d.ts.gz
- mermaid/10.4.0/diagrams/info/infoTypes.d.ts.gz
- mermaid/10.4.0/diagrams/mindmap/detector.d.ts.gz
- mermaid/10.4.0/diagrams/mindmap/mindmap-definition.d.ts.gz
- mermaid/10.4.0/diagrams/mindmap/mindmapDb.d.ts.gz
- mermaid/10.4.0/diagrams/mindmap/mindmapRenderer.d.ts.gz
- mermaid/10.4.0/diagrams/mindmap/styles.d.ts.gz
- mermaid/10.4.0/diagrams/mindmap/svgDraw.d.ts.gz
- mermaid/10.4.0/diagrams/pie/pie.spec.d.ts.gz
- mermaid/10.4.0/diagrams/pie/pieDb.d.ts.gz
- mermaid/10.4.0/diagrams/pie/pieDetector.d.ts.gz
- mermaid/10.4.0/diagrams/pie/pieDiagram.d.ts.gz
- mermaid/10.4.0/diagrams/pie/pieRenderer.d.ts.gz
- mermaid/10.4.0/diagrams/pie/pieStyles.d.ts.gz
- mermaid/10.4.0/diagrams/pie/pieTypes.d.ts.gz
- mermaid/10.4.0/diagrams/quadrant-chart/parser/quadrant.jison.spec.d.ts.gz
- mermaid/10.4.0/diagrams/quadrant-chart/quadrantBuilder.d.ts.gz
- mermaid/10.4.0/diagrams/quadrant-chart/quadrantDb.d.ts.gz
- mermaid/10.4.0/diagrams/quadrant-chart/quadrantDetector.d.ts.gz
- mermaid/10.4.0/diagrams/quadrant-chart/quadrantDiagram.d.ts.gz
- mermaid/10.4.0/diagrams/quadrant-chart/quadrantRenderer.d.ts.gz
- mermaid/10.4.0/diagrams/requirement/requirementDb.d.ts.gz
- mermaid/10.4.0/diagrams/requirement/requirementDetector.d.ts.gz
- mermaid/10.4.0/diagrams/requirement/requirementDiagram.d.ts.gz
- mermaid/10.4.0/diagrams/requirement/requirementMarkers.d.ts.gz
- mermaid/10.4.0/diagrams/requirement/requirementRenderer.d.ts.gz
- mermaid/10.4.0/diagrams/requirement/styles.d.ts.gz
- mermaid/10.4.0/diagrams/sankey/parser/sankey.spec.d.ts.gz
- mermaid/10.4.0/diagrams/sankey/sankeyDB.d.ts.gz
- mermaid/10.4.0/diagrams/sankey/sankeyDetector.d.ts.gz
- mermaid/10.4.0/diagrams/sankey/sankeyDiagram.d.ts.gz
- mermaid/10.4.0/diagrams/sankey/sankeyRenderer.d.ts.gz
- mermaid/10.4.0/diagrams/sankey/sankeyUtils.d.ts.gz
- mermaid/10.4.0/diagrams/sequence/sequenceDb.d.ts.gz
- mermaid/10.4.0/diagrams/sequence/sequenceDetector.d.ts.gz
- mermaid/10.4.0/diagrams/sequence/sequenceDiagram.d.ts.gz
- mermaid/10.4.0/diagrams/sequence/sequenceRenderer.d.ts.gz
- mermaid/10.4.0/diagrams/sequence/styles.d.ts.gz
- mermaid/10.4.0/diagrams/sequence/svgDraw.d.ts.gz
- mermaid/10.4.0/diagrams/state/id-cache.d.ts.gz
- mermaid/10.4.0/diagrams/state/shapes.d.ts.gz
- mermaid/10.4.0/diagrams/state/stateCommon.d.ts.gz
- mermaid/10.4.0/diagrams/state/stateDb.d.ts.gz
- mermaid/10.4.0/diagrams/state/stateDetector-V2.d.ts.gz
- mermaid/10.4.0/diagrams/state/stateDetector.d.ts.gz
- mermaid/10.4.0/diagrams/state/stateDiagram-v2.d.ts.gz
- mermaid/10.4.0/diagrams/state/stateDiagram.d.ts.gz
- mermaid/10.4.0/diagrams/state/stateRenderer-v2.d.ts.gz
- mermaid/10.4.0/diagrams/state/stateRenderer.d.ts.gz
- mermaid/10.4.0/diagrams/state/styles.d.ts.gz
- mermaid/10.4.0/diagrams/timeline/detector.d.ts.gz
- mermaid/10.4.0/diagrams/timeline/styles.d.ts.gz
- mermaid/10.4.0/diagrams/timeline/svgDraw.d.ts.gz
- mermaid/10.4.0/diagrams/timeline/timeline-definition.d.ts.gz
- mermaid/10.4.0/diagrams/timeline/timelineDb.d.ts.gz
- mermaid/10.4.0/diagrams/timeline/timelineRenderer.d.ts.gz
- mermaid/10.4.0/diagrams/user-journey/journeyDb.d.ts.gz
- mermaid/10.4.0/diagrams/user-journey/journeyDetector.d.ts.gz
- mermaid/10.4.0/diagrams/user-journey/journeyDiagram.d.ts.gz
- mermaid/10.4.0/diagrams/user-journey/journeyRenderer.d.ts.gz
- mermaid/10.4.0/diagrams/user-journey/styles.d.ts.gz
- mermaid/10.4.0/diagrams/user-journey/svgDraw.d.ts.gz
- mermaid/10.4.0/directiveUtils.d.ts.gz
- mermaid/10.4.0/docs/vite.config.d.ts.gz
- mermaid/10.4.0/edges-0005682e.js.gz
- mermaid/10.4.0/edges-0005682e.min.js.gz
- mermaid/10.4.0/edges-6be02a86.js.gz
- mermaid/10.4.0/edges-6be02a86.min.js.gz
- mermaid/10.4.0/edges-ecd2ecb8.js.gz
- mermaid/10.4.0/edges-ecd2ecb8.min.js.gz
- mermaid/10.4.0/erDiagram-98d114f5.js.gz
- mermaid/10.4.0/erDiagram-98d114f5.min.js.gz
- mermaid/10.4.0/erDiagram-9aadf2be.js.gz
- mermaid/10.4.0/erDiagram-9aadf2be.min.js.gz
- mermaid/10.4.0/erDiagram-dedf2781.js.gz
- mermaid/10.4.0/erDiagram-dedf2781.min.js.gz
- mermaid/10.4.0/errors.d.ts.gz
- mermaid/10.4.0/flowDb-1d600296.js.gz
- mermaid/10.4.0/flowDb-1d600296.min.js.gz
- mermaid/10.4.0/flowDb-3647b264.js.gz
- mermaid/10.4.0/flowDb-3647b264.min.js.gz
- mermaid/10.4.0/flowDb-ff651a22.js.gz
- mermaid/10.4.0/flowDb-ff651a22.min.js.gz
- mermaid/10.4.0/flowDiagram-5d2b0cd4.js.gz
- mermaid/10.4.0/flowDiagram-5d2b0cd4.min.js.gz
- mermaid/10.4.0/flowDiagram-791cd6ce.js.gz
- mermaid/10.4.0/flowDiagram-791cd6ce.min.js.gz
- mermaid/10.4.0/flowDiagram-d6f8fe3a.js.gz
- mermaid/10.4.0/flowDiagram-d6f8fe3a.min.js.gz
- mermaid/10.4.0/flowDiagram-v2-58f49b84.js.gz
- mermaid/10.4.0/flowDiagram-v2-58f49b84.min.js.gz
- mermaid/10.4.0/flowDiagram-v2-ba221793.js.gz
- mermaid/10.4.0/flowDiagram-v2-ba221793.min.js.gz
- mermaid/10.4.0/flowDiagram-v2-c8096018.js.gz
- mermaid/10.4.0/flowDiagram-v2-c8096018.min.js.gz
- mermaid/10.4.0/flowchart-elk-definition-32a627c1.js.gz
- mermaid/10.4.0/flowchart-elk-definition-32a627c1.min.js.gz
- mermaid/10.4.0/flowchart-elk-definition-56584a6c.js.gz
- mermaid/10.4.0/flowchart-elk-definition-56584a6c.min.js.gz
- mermaid/10.4.0/flowchart-elk-definition-b51952f5.js.gz
- mermaid/10.4.0/flowchart-elk-definition-b51952f5.min.js.gz
- mermaid/10.4.0/ganttDiagram-088dbd90.js.gz
- mermaid/10.4.0/ganttDiagram-088dbd90.min.js.gz
- mermaid/10.4.0/ganttDiagram-2f2b3e35.js.gz
- mermaid/10.4.0/ganttDiagram-2f2b3e35.min.js.gz
- mermaid/10.4.0/ganttDiagram-3d9d1ab4.js.gz
- mermaid/10.4.0/ganttDiagram-3d9d1ab4.min.js.gz
- mermaid/10.4.0/gitGraphDiagram-2a92ed83.js.gz
- mermaid/10.4.0/gitGraphDiagram-2a92ed83.min.js.gz
- mermaid/10.4.0/gitGraphDiagram-4c126424.js.gz
- mermaid/10.4.0/gitGraphDiagram-4c126424.min.js.gz
- mermaid/10.4.0/gitGraphDiagram-e0ffc2d1.js.gz
- mermaid/10.4.0/gitGraphDiagram-e0ffc2d1.min.js.gz
- mermaid/10.4.0/index-1bb7dfb9.js.gz
- mermaid/10.4.0/index-1bb7dfb9.min.js.gz
- mermaid/10.4.0/index-c449e2c7.js.gz
- mermaid/10.4.0/index-c449e2c7.min.js.gz
- mermaid/10.4.0/index-f58d48f9.js.gz
- mermaid/10.4.0/index-f58d48f9.min.js.gz
- mermaid/10.4.0/infoDiagram-64895a6e.js.gz
- mermaid/10.4.0/infoDiagram-64895a6e.min.js.gz
- mermaid/10.4.0/infoDiagram-6cbe7c6f.js.gz
- mermaid/10.4.0/infoDiagram-6cbe7c6f.min.js.gz
- mermaid/10.4.0/infoDiagram-71364981.js.gz
- mermaid/10.4.0/infoDiagram-71364981.min.js.gz
- mermaid/10.4.0/init-cc95ec8e.js.gz
- mermaid/10.4.0/init-cc95ec8e.min.js.gz
- mermaid/10.4.0/init-f9637058.js.gz
- mermaid/10.4.0/init-f9637058.min.js.gz
- mermaid/10.4.0/interactionDb.d.ts.gz
- mermaid/10.4.0/journeyDiagram-a9730694.js.gz
- mermaid/10.4.0/journeyDiagram-a9730694.min.js.gz
- mermaid/10.4.0/journeyDiagram-adaa34f8.js.gz
- mermaid/10.4.0/journeyDiagram-adaa34f8.min.js.gz
- mermaid/10.4.0/journeyDiagram-f3c7ca51.js.gz
- mermaid/10.4.0/journeyDiagram-f3c7ca51.min.js.gz
- mermaid/10.4.0/layout-7899ed33.js.gz
- mermaid/10.4.0/layout-7899ed33.min.js.gz
- mermaid/10.4.0/layout-df07420e.js.gz
- mermaid/10.4.0/layout-df07420e.min.js.gz
- mermaid/10.4.0/line-b0ce4b23.js.gz
- mermaid/10.4.0/line-b0ce4b23.min.js.gz
- mermaid/10.4.0/line-eb9172ee.js.gz
- mermaid/10.4.0/line-eb9172ee.min.js.gz
- mermaid/10.4.0/linear-50d4520f.js.gz
- mermaid/10.4.0/linear-50d4520f.min.js.gz
- mermaid/10.4.0/linear-7aa3c424.js.gz
- mermaid/10.4.0/linear-7aa3c424.min.js.gz
- mermaid/10.4.0/logger.d.ts.gz
- mermaid/10.4.0/mermaid-768dc893.js.gz
- mermaid/10.4.0/mermaid-768dc893.min.js.gz
- mermaid/10.4.0/mermaid-d733041c.js.gz
- mermaid/10.4.0/mermaid-d733041c.min.js.gz
- mermaid/10.4.0/mermaid-f185fde2.js.gz
- mermaid/10.4.0/mermaid-f185fde2.min.js.gz
- mermaid/10.4.0/mermaid.core.mjs.gz
- mermaid/10.4.0/mermaid.d.ts.gz
- mermaid/10.4.0/mermaid.esm.min.mjs.gz
- mermaid/10.4.0/mermaid.esm.mjs.gz
- mermaid/10.4.0/mermaid.js.gz
- mermaid/10.4.0/mermaid.min.js.gz
- mermaid/10.4.0/mermaid.spec.d.ts.gz
- mermaid/10.4.0/mermaidAPI.d.ts.gz
- mermaid/10.4.0/mermaidAPI.spec.d.ts.gz
- mermaid/10.4.0/mindmap-definition-57868176.js.gz
- mermaid/10.4.0/mindmap-definition-57868176.min.js.gz
- mermaid/10.4.0/mindmap-definition-6b172555.js.gz
- mermaid/10.4.0/mindmap-definition-6b172555.min.js.gz
- mermaid/10.4.0/mindmap-definition-6e51e9e7.js.gz
- mermaid/10.4.0/mindmap-definition-6e51e9e7.min.js.gz
- mermaid/10.4.0/ordinal-475e0c0c.js.gz
- mermaid/10.4.0/ordinal-475e0c0c.min.js.gz
- mermaid/10.4.0/ordinal-5695958c.js.gz
- mermaid/10.4.0/ordinal-5695958c.min.js.gz
- mermaid/10.4.0/pieDiagram-16330908.js.gz
- mermaid/10.4.0/pieDiagram-16330908.min.js.gz
- mermaid/10.4.0/pieDiagram-3fca7ce7.js.gz
- mermaid/10.4.0/pieDiagram-3fca7ce7.min.js.gz
- mermaid/10.4.0/pieDiagram-62059850.js.gz
- mermaid/10.4.0/pieDiagram-62059850.min.js.gz
- mermaid/10.4.0/quadrantDiagram-0ca4be02.js.gz
- mermaid/10.4.0/quadrantDiagram-0ca4be02.min.js.gz
- mermaid/10.4.0/quadrantDiagram-6f203608.js.gz
- mermaid/10.4.0/quadrantDiagram-6f203608.min.js.gz
- mermaid/10.4.0/quadrantDiagram-eefba29b.js.gz
- mermaid/10.4.0/quadrantDiagram-eefba29b.min.js.gz
- mermaid/10.4.0/rendering-util/createText.d.ts.gz
- mermaid/10.4.0/rendering-util/handle-markdown-text.d.ts.gz
- mermaid/10.4.0/rendering-util/handle-markdown-text.spec.d.ts.gz
- mermaid/10.4.0/rendering-util/selectSvgElement.d.ts.gz
- mermaid/10.4.0/rendering-util/splitText.d.ts.gz
- mermaid/10.4.0/rendering-util/splitText.spec.d.ts.gz
- mermaid/10.4.0/rendering-util/uid.d.ts.gz
- mermaid/10.4.0/requirementDiagram-6a2e589f.js.gz
- mermaid/10.4.0/requirementDiagram-6a2e589f.min.js.gz
- mermaid/10.4.0/requirementDiagram-e13af0f0.js.gz
- mermaid/10.4.0/requirementDiagram-e13af0f0.min.js.gz
- mermaid/10.4.0/requirementDiagram-e64784ea.js.gz
- mermaid/10.4.0/requirementDiagram-e64784ea.min.js.gz
- mermaid/10.4.0/sankeyDiagram-081bcda6.js.gz
- mermaid/10.4.0/sankeyDiagram-081bcda6.min.js.gz
- mermaid/10.4.0/sankeyDiagram-80078f5f.js.gz
- mermaid/10.4.0/sankeyDiagram-80078f5f.min.js.gz
- mermaid/10.4.0/sankeyDiagram-a7f8e230.js.gz
- mermaid/10.4.0/sankeyDiagram-a7f8e230.min.js.gz
- mermaid/10.4.0/sequenceDiagram-415e57eb.js.gz
- mermaid/10.4.0/sequenceDiagram-415e57eb.min.js.gz
- mermaid/10.4.0/sequenceDiagram-84aa38e3.js.gz
- mermaid/10.4.0/sequenceDiagram-84aa38e3.min.js.gz
- mermaid/10.4.0/sequenceDiagram-b5c34a98.js.gz
- mermaid/10.4.0/sequenceDiagram-b5c34a98.min.js.gz
- mermaid/10.4.0/setupGraphViewbox.d.ts.gz
- mermaid/10.4.0/stateDiagram-956145d5.js.gz
- mermaid/10.4.0/stateDiagram-956145d5.min.js.gz
- mermaid/10.4.0/stateDiagram-9a586ac6.js.gz
- mermaid/10.4.0/stateDiagram-9a586ac6.min.js.gz
- mermaid/10.4.0/stateDiagram-c6f77c62.js.gz
- mermaid/10.4.0/stateDiagram-c6f77c62.min.js.gz
- mermaid/10.4.0/stateDiagram-v2-7af7da00.js.gz
- mermaid/10.4.0/stateDiagram-v2-7af7da00.min.js.gz
- mermaid/10.4.0/stateDiagram-v2-96f2b9df.js.gz
- mermaid/10.4.0/stateDiagram-v2-96f2b9df.min.js.gz
- mermaid/10.4.0/stateDiagram-v2-e78ef88c.js.gz
- mermaid/10.4.0/stateDiagram-v2-e78ef88c.min.js.gz
- mermaid/10.4.0/styles-04cc473c.js.gz
- mermaid/10.4.0/styles-04cc473c.min.js.gz
- mermaid/10.4.0/styles-1b0c237a.js.gz
- mermaid/10.4.0/styles-1b0c237a.min.js.gz
- mermaid/10.4.0/styles-472dd00e.js.gz
- mermaid/10.4.0/styles-472dd00e.min.js.gz
- mermaid/10.4.0/styles-622362e4.js.gz
- mermaid/10.4.0/styles-622362e4.min.js.gz
- mermaid/10.4.0/styles-6e9ebeb4.js.gz
- mermaid/10.4.0/styles-6e9ebeb4.min.js.gz
- mermaid/10.4.0/styles-91b2881f.js.gz
- mermaid/10.4.0/styles-91b2881f.min.js.gz
- mermaid/10.4.0/styles-91bd061f.js.gz
- mermaid/10.4.0/styles-91bd061f.min.js.gz
- mermaid/10.4.0/styles-a1a6e33f.js.gz
- mermaid/10.4.0/styles-a1a6e33f.min.js.gz
- mermaid/10.4.0/styles-f1c03133.js.gz
- mermaid/10.4.0/styles-f1c03133.min.js.gz
- mermaid/10.4.0/styles.d.ts.gz
- mermaid/10.4.0/styles.spec.d.ts.gz
- mermaid/10.4.0/svgDraw-092a0897.js.gz
- mermaid/10.4.0/svgDraw-092a0897.min.js.gz
- mermaid/10.4.0/svgDraw-70101091.js.gz
- mermaid/10.4.0/svgDraw-70101091.min.js.gz
- mermaid/10.4.0/svgDraw-8c7d5329.js.gz
- mermaid/10.4.0/svgDraw-8c7d5329.min.js.gz
- mermaid/10.4.0/svgDrawCommon-05124e63.js.gz
- mermaid/10.4.0/svgDrawCommon-05124e63.min.js.gz
- mermaid/10.4.0/svgDrawCommon-42e92da3.js.gz
- mermaid/10.4.0/svgDrawCommon-42e92da3.min.js.gz
- mermaid/10.4.0/svgDrawCommon-5f2bf747.js.gz
- mermaid/10.4.0/svgDrawCommon-5f2bf747.min.js.gz
- mermaid/10.4.0/tests/MockedD3.d.ts.gz
- mermaid/10.4.0/tests/setup.d.ts.gz
- mermaid/10.4.0/tests/util.d.ts.gz
- mermaid/10.4.0/themes/erDiagram-oldHardcodedValues.d.ts.gz
- mermaid/10.4.0/themes/index.d.ts.gz
- mermaid/10.4.0/themes/theme-base.d.ts.gz
- mermaid/10.4.0/themes/theme-dark.d.ts.gz
- mermaid/10.4.0/themes/theme-default.d.ts.gz
- mermaid/10.4.0/themes/theme-forest.d.ts.gz
- mermaid/10.4.0/themes/theme-helpers.d.ts.gz
- mermaid/10.4.0/themes/theme-neutral.d.ts.gz
- mermaid/10.4.0/timeline-definition-1a90b03d.js.gz
- mermaid/10.4.0/timeline-definition-1a90b03d.min.js.gz
- mermaid/10.4.0/timeline-definition-8fc01fef.js.gz
- mermaid/10.4.0/timeline-definition-8fc01fef.min.js.gz
- mermaid/10.4.0/timeline-definition-e6c31e7d.js.gz
- mermaid/10.4.0/timeline-definition-e6c31e7d.min.js.gz
- mermaid/10.4.0/utils.d.ts.gz
- mermaid/10.4.0/utils.spec.d.ts.gz
- mermaid/10.4.0/vitepress/vite.config.d.ts.gz
