config: {"authors":[{"name":"Mat Groves"}],"autoupdate":{"source":"npm","target":"pixi.js","fileMap":[{"basePath":"dist","files":["**/*"]}]},"description":"Pixi.js is a fast lightweight 2D library that works across all devices.","filename":"pixi.min.js","homepage":"http://goodboydigital.com/","keywords":["2d","animation","canvas","graphics","rendering","webgl"],"license":"MIT","name":"pixi.js","repository":{"type":"git","url":"https://github.com/pixijs/pixi.js.git"},"author":"Mat Groves"}
KV keys:
- pixi.js/8.2.5-main.3880139/packages/advanced-blend-modes.js.br
- pixi.js/8.2.5-main.3880139/packages/advanced-blend-modes.js.gz
- pixi.js/8.2.5-main.3880139/packages/advanced-blend-modes.js.map.br
- pixi.js/8.2.5-main.3880139/packages/advanced-blend-modes.js.map.gz
- pixi.js/8.2.5-main.3880139/packages/advanced-blend-modes.min.js.br
- pixi.js/8.2.5-main.3880139/packages/advanced-blend-modes.min.js.gz
- pixi.js/8.2.5-main.3880139/packages/advanced-blend-modes.min.js.map.br
- pixi.js/8.2.5-main.3880139/packages/advanced-blend-modes.min.js.map.gz
- pixi.js/8.2.5-main.3880139/packages/math-extras.js.br
- pixi.js/8.2.5-main.3880139/packages/math-extras.js.gz
- pixi.js/8.2.5-main.3880139/packages/math-extras.js.map.br
- pixi.js/8.2.5-main.3880139/packages/math-extras.js.map.gz
- pixi.js/8.2.5-main.3880139/packages/math-extras.min.js.br
- pixi.js/8.2.5-main.3880139/packages/math-extras.min.js.gz
- pixi.js/8.2.5-main.3880139/packages/math-extras.min.js.map.br
- pixi.js/8.2.5-main.3880139/packages/math-extras.min.js.map.gz
- pixi.js/8.2.5-main.3880139/packages/unsafe-eval.js.br
- pixi.js/8.2.5-main.3880139/packages/unsafe-eval.js.gz
- pixi.js/8.2.5-main.3880139/packages/unsafe-eval.js.map.br
- pixi.js/8.2.5-main.3880139/packages/unsafe-eval.js.map.gz
- pixi.js/8.2.5-main.3880139/packages/unsafe-eval.min.js.br
- pixi.js/8.2.5-main.3880139/packages/unsafe-eval.min.js.gz
- pixi.js/8.2.5-main.3880139/packages/unsafe-eval.min.js.map.br
- pixi.js/8.2.5-main.3880139/packages/unsafe-eval.min.js.map.gz
- pixi.js/8.2.5-main.3880139/pixi.js.br
- pixi.js/8.2.5-main.3880139/pixi.js.d.ts.br
- pixi.js/8.2.5-main.3880139/pixi.js.d.ts.gz
- pixi.js/8.2.5-main.3880139/pixi.js.gz
- pixi.js/8.2.5-main.3880139/pixi.js.map.br
- pixi.js/8.2.5-main.3880139/pixi.js.map.gz
- pixi.js/8.2.5-main.3880139/pixi.min.js.br
- pixi.js/8.2.5-main.3880139/pixi.min.js.gz
- pixi.js/8.2.5-main.3880139/pixi.min.js.map.br
- pixi.js/8.2.5-main.3880139/pixi.min.js.map.gz
- pixi.js/8.2.5-main.3880139/pixi.min.mjs.br
- pixi.js/8.2.5-main.3880139/pixi.min.mjs.gz
- pixi.js/8.2.5-main.3880139/pixi.min.mjs.map.br
- pixi.js/8.2.5-main.3880139/pixi.min.mjs.map.gz
- pixi.js/8.2.5-main.3880139/pixi.mjs.br
- pixi.js/8.2.5-main.3880139/pixi.mjs.gz
- pixi.js/8.2.5-main.3880139/pixi.mjs.map.br
- pixi.js/8.2.5-main.3880139/pixi.mjs.map.gz
- pixi.js/8.2.5-main.3880139/webworker.js.br
- pixi.js/8.2.5-main.3880139/webworker.js.gz
- pixi.js/8.2.5-main.3880139/webworker.js.map.br
- pixi.js/8.2.5-main.3880139/webworker.js.map.gz
- pixi.js/8.2.5-main.3880139/webworker.min.js.br
- pixi.js/8.2.5-main.3880139/webworker.min.js.gz
- pixi.js/8.2.5-main.3880139/webworker.min.js.map.br
- pixi.js/8.2.5-main.3880139/webworker.min.js.map.gz
- pixi.js/8.2.5-main.3880139/webworker.min.mjs.br
- pixi.js/8.2.5-main.3880139/webworker.min.mjs.gz
- pixi.js/8.2.5-main.3880139/webworker.min.mjs.map.br
- pixi.js/8.2.5-main.3880139/webworker.min.mjs.map.gz
- pixi.js/8.2.5-main.3880139/webworker.mjs.br
- pixi.js/8.2.5-main.3880139/webworker.mjs.gz
- pixi.js/8.2.5-main.3880139/webworker.mjs.map.br
- pixi.js/8.2.5-main.3880139/webworker.mjs.map.gz
SRIs:
- pixi.js/8.2.5-main.3880139/pixi.js: sha512-gxvNMpfQ/QxHZ0fxHPu/9MPrPOor/oClw3y+Nks48C+SCHPrD6N4PsZjpvukiZ8lnrsZrzdkwcId7gN/I+06fg==
- pixi.js/8.2.5-main.3880139/pixi.min.js: sha512-/25mN37u1ovt8hJFel5Kit6tLPE98/pq1EHoS55IUgbkD6umHrct6VecxXfqiDZGyaANlhwf61ojoz92BaZjLA==
- pixi.js/8.2.5-main.3880139/webworker.js: sha512-M3qn63TVQqMqmbsBKOVIiXt14Yi/V/fyU3TH969ECUjfzrPhwrKVKNQsWuUYz08l0YGD6VZsiskKU67fZ08Kpg==
- pixi.js/8.2.5-main.3880139/packages/unsafe-eval.js: sha512-tDAhfly/Ec83HHGUAwPoGjkuxhlX6ARlHzHhs5COxadFqPKBZ0yUosAoZ3vY4b6F4IKL/2khENZJzedxr/dVaQ==
- pixi.js/8.2.5-main.3880139/packages/unsafe-eval.min.js: sha512-H/UfoAgOtgNEgOMRVPyrSXrbkjlzE/YigBrMFaFTM68tZjxZKOpzzSGkFUU54036SQ42HzpTtWHlVVYXQgKYuw==
- pixi.js/8.2.5-main.3880139/webworker.min.js: sha512-sLthz2kAQTOi89x5PlnkvNL1+XjT78quiIn8CiGAU/lDePKViyfOcJI9FvEu7Ciwh34hVr4H/5Zrli/4cQuOmw==
- pixi.js/8.2.5-main.3880139/packages/advanced-blend-modes.js: sha512-EHiScU4v498eJY/KUftw+rTmS77gzqKTe53tiDqpi2doHHBgcitL7fdiD6Ddd2J1hR8umQgSnCUCsCh/VFu6rA==
- pixi.js/8.2.5-main.3880139/packages/advanced-blend-modes.min.js: sha512-wTlhzBMyV2uXpnbwsxaMRXcgFpjUveFqnnCOslpz0yCaFDxQfZlcA0U0wkDr6q0qbwKuxnt6amNK0d2SW45doQ==
- pixi.js/8.2.5-main.3880139/packages/math-extras.js: sha512-nrhxkGUWneJiQDnsXoob9rlfvCQtWQGruh9xMy4r3rYw7vZmV8nC7s5MRdz+G2cFLq6iivsITI7GfmCpGwwrAg==
- pixi.js/8.2.5-main.3880139/packages/math-extras.min.js: sha512-DBiu31v9BYCwnxh17Rwa8cXiG4J/ItDBSi4CwNIU+qu63S3w1NBffyrRosKwcubXFsNi8JiCJGv3sWAVf2SPuw==
