Files:
- fontsource-lexend-exa/5.0.20/100.css.br
- fontsource-lexend-exa/5.0.20/100.css.gz
- fontsource-lexend-exa/5.0.20/100.css.sri
- fontsource-lexend-exa/5.0.20/100.min.css.br
- fontsource-lexend-exa/5.0.20/100.min.css.gz
- fontsource-lexend-exa/5.0.20/100.min.css.sri
- fontsource-lexend-exa/5.0.20/200.css.br
- fontsource-lexend-exa/5.0.20/200.css.gz
- fontsource-lexend-exa/5.0.20/200.css.sri
- fontsource-lexend-exa/5.0.20/200.min.css.br
- fontsource-lexend-exa/5.0.20/200.min.css.gz
- fontsource-lexend-exa/5.0.20/200.min.css.sri
- fontsource-lexend-exa/5.0.20/300.css.br
- fontsource-lexend-exa/5.0.20/300.css.gz
- fontsource-lexend-exa/5.0.20/300.css.sri
- fontsource-lexend-exa/5.0.20/300.min.css.br
- fontsource-lexend-exa/5.0.20/300.min.css.gz
- fontsource-lexend-exa/5.0.20/300.min.css.sri
- fontsource-lexend-exa/5.0.20/400.css.br
- fontsource-lexend-exa/5.0.20/400.css.gz
- fontsource-lexend-exa/5.0.20/400.css.sri
- fontsource-lexend-exa/5.0.20/400.min.css.br
- fontsource-lexend-exa/5.0.20/400.min.css.gz
- fontsource-lexend-exa/5.0.20/400.min.css.sri
- fontsource-lexend-exa/5.0.20/500.css.br
- fontsource-lexend-exa/5.0.20/500.css.gz
- fontsource-lexend-exa/5.0.20/500.css.sri
- fontsource-lexend-exa/5.0.20/500.min.css.br
- fontsource-lexend-exa/5.0.20/500.min.css.gz
- fontsource-lexend-exa/5.0.20/500.min.css.sri
- fontsource-lexend-exa/5.0.20/600.css.br
- fontsource-lexend-exa/5.0.20/600.css.gz
- fontsource-lexend-exa/5.0.20/600.css.sri
- fontsource-lexend-exa/5.0.20/600.min.css.br
- fontsource-lexend-exa/5.0.20/600.min.css.gz
- fontsource-lexend-exa/5.0.20/600.min.css.sri
- fontsource-lexend-exa/5.0.20/700.css.br
- fontsource-lexend-exa/5.0.20/700.css.gz
- fontsource-lexend-exa/5.0.20/700.css.sri
- fontsource-lexend-exa/5.0.20/700.min.css.br
- fontsource-lexend-exa/5.0.20/700.min.css.gz
- fontsource-lexend-exa/5.0.20/700.min.css.sri
- fontsource-lexend-exa/5.0.20/800.css.br
- fontsource-lexend-exa/5.0.20/800.css.gz
- fontsource-lexend-exa/5.0.20/800.css.sri
- fontsource-lexend-exa/5.0.20/800.min.css.br
- fontsource-lexend-exa/5.0.20/800.min.css.gz
- fontsource-lexend-exa/5.0.20/800.min.css.sri
- fontsource-lexend-exa/5.0.20/900.css.br
- fontsource-lexend-exa/5.0.20/900.css.gz
- fontsource-lexend-exa/5.0.20/900.css.sri
- fontsource-lexend-exa/5.0.20/900.min.css.br
- fontsource-lexend-exa/5.0.20/900.min.css.gz
- fontsource-lexend-exa/5.0.20/900.min.css.sri
- fontsource-lexend-exa/5.0.20/files/lexend-exa-latin-100-normal.woff.br
- fontsource-lexend-exa/5.0.20/files/lexend-exa-latin-100-normal.woff.gz
- fontsource-lexend-exa/5.0.20/files/lexend-exa-latin-100-normal.woff2
- fontsource-lexend-exa/5.0.20/files/lexend-exa-latin-200-normal.woff.br
- fontsource-lexend-exa/5.0.20/files/lexend-exa-latin-200-normal.woff.gz
- fontsource-lexend-exa/5.0.20/files/lexend-exa-latin-200-normal.woff2
- fontsource-lexend-exa/5.0.20/files/lexend-exa-latin-300-normal.woff.br
- fontsource-lexend-exa/5.0.20/files/lexend-exa-latin-300-normal.woff.gz
- fontsource-lexend-exa/5.0.20/files/lexend-exa-latin-300-normal.woff2
- fontsource-lexend-exa/5.0.20/files/lexend-exa-latin-400-normal.woff.br
- fontsource-lexend-exa/5.0.20/files/lexend-exa-latin-400-normal.woff.gz
- fontsource-lexend-exa/5.0.20/files/lexend-exa-latin-400-normal.woff2
- fontsource-lexend-exa/5.0.20/files/lexend-exa-latin-500-normal.woff.br
- fontsource-lexend-exa/5.0.20/files/lexend-exa-latin-500-normal.woff.gz
- fontsource-lexend-exa/5.0.20/files/lexend-exa-latin-500-normal.woff2
- fontsource-lexend-exa/5.0.20/files/lexend-exa-latin-600-normal.woff.br
- fontsource-lexend-exa/5.0.20/files/lexend-exa-latin-600-normal.woff.gz
- fontsource-lexend-exa/5.0.20/files/lexend-exa-latin-600-normal.woff2
- fontsource-lexend-exa/5.0.20/files/lexend-exa-latin-700-normal.woff.br
- fontsource-lexend-exa/5.0.20/files/lexend-exa-latin-700-normal.woff.gz
- fontsource-lexend-exa/5.0.20/files/lexend-exa-latin-700-normal.woff2
- fontsource-lexend-exa/5.0.20/files/lexend-exa-latin-800-normal.woff.br
- fontsource-lexend-exa/5.0.20/files/lexend-exa-latin-800-normal.woff.gz
- fontsource-lexend-exa/5.0.20/files/lexend-exa-latin-800-normal.woff2
- fontsource-lexend-exa/5.0.20/files/lexend-exa-latin-900-normal.woff.br
- fontsource-lexend-exa/5.0.20/files/lexend-exa-latin-900-normal.woff.gz
- fontsource-lexend-exa/5.0.20/files/lexend-exa-latin-900-normal.woff2
- fontsource-lexend-exa/5.0.20/files/lexend-exa-latin-ext-100-normal.woff.br
- fontsource-lexend-exa/5.0.20/files/lexend-exa-latin-ext-100-normal.woff.gz
- fontsource-lexend-exa/5.0.20/files/lexend-exa-latin-ext-100-normal.woff2
- fontsource-lexend-exa/5.0.20/files/lexend-exa-latin-ext-200-normal.woff.br
- fontsource-lexend-exa/5.0.20/files/lexend-exa-latin-ext-200-normal.woff.gz
- fontsource-lexend-exa/5.0.20/files/lexend-exa-latin-ext-200-normal.woff2
- fontsource-lexend-exa/5.0.20/files/lexend-exa-latin-ext-300-normal.woff.br
- fontsource-lexend-exa/5.0.20/files/lexend-exa-latin-ext-300-normal.woff.gz
- fontsource-lexend-exa/5.0.20/files/lexend-exa-latin-ext-300-normal.woff2
- fontsource-lexend-exa/5.0.20/files/lexend-exa-latin-ext-400-normal.woff.br
- fontsource-lexend-exa/5.0.20/files/lexend-exa-latin-ext-400-normal.woff.gz
- fontsource-lexend-exa/5.0.20/files/lexend-exa-latin-ext-400-normal.woff2
- fontsource-lexend-exa/5.0.20/files/lexend-exa-latin-ext-500-normal.woff.br
- fontsource-lexend-exa/5.0.20/files/lexend-exa-latin-ext-500-normal.woff.gz
- fontsource-lexend-exa/5.0.20/files/lexend-exa-latin-ext-500-normal.woff2
- fontsource-lexend-exa/5.0.20/files/lexend-exa-latin-ext-600-normal.woff.br
- fontsource-lexend-exa/5.0.20/files/lexend-exa-latin-ext-600-normal.woff.gz
- fontsource-lexend-exa/5.0.20/files/lexend-exa-latin-ext-600-normal.woff2
- fontsource-lexend-exa/5.0.20/files/lexend-exa-latin-ext-700-normal.woff.br
- fontsource-lexend-exa/5.0.20/files/lexend-exa-latin-ext-700-normal.woff.gz
- fontsource-lexend-exa/5.0.20/files/lexend-exa-latin-ext-700-normal.woff2
- fontsource-lexend-exa/5.0.20/files/lexend-exa-latin-ext-800-normal.woff.br
- fontsource-lexend-exa/5.0.20/files/lexend-exa-latin-ext-800-normal.woff.gz
- fontsource-lexend-exa/5.0.20/files/lexend-exa-latin-ext-800-normal.woff2
- fontsource-lexend-exa/5.0.20/files/lexend-exa-latin-ext-900-normal.woff.br
- fontsource-lexend-exa/5.0.20/files/lexend-exa-latin-ext-900-normal.woff.gz
- fontsource-lexend-exa/5.0.20/files/lexend-exa-latin-ext-900-normal.woff2
- fontsource-lexend-exa/5.0.20/files/lexend-exa-vietnamese-100-normal.woff.br
- fontsource-lexend-exa/5.0.20/files/lexend-exa-vietnamese-100-normal.woff.gz
- fontsource-lexend-exa/5.0.20/files/lexend-exa-vietnamese-100-normal.woff2
- fontsource-lexend-exa/5.0.20/files/lexend-exa-vietnamese-200-normal.woff.br
- fontsource-lexend-exa/5.0.20/files/lexend-exa-vietnamese-200-normal.woff.gz
- fontsource-lexend-exa/5.0.20/files/lexend-exa-vietnamese-200-normal.woff2
- fontsource-lexend-exa/5.0.20/files/lexend-exa-vietnamese-300-normal.woff.br
- fontsource-lexend-exa/5.0.20/files/lexend-exa-vietnamese-300-normal.woff.gz
- fontsource-lexend-exa/5.0.20/files/lexend-exa-vietnamese-300-normal.woff2
- fontsource-lexend-exa/5.0.20/files/lexend-exa-vietnamese-400-normal.woff.br
- fontsource-lexend-exa/5.0.20/files/lexend-exa-vietnamese-400-normal.woff.gz
- fontsource-lexend-exa/5.0.20/files/lexend-exa-vietnamese-400-normal.woff2
- fontsource-lexend-exa/5.0.20/files/lexend-exa-vietnamese-500-normal.woff.br
- fontsource-lexend-exa/5.0.20/files/lexend-exa-vietnamese-500-normal.woff.gz
- fontsource-lexend-exa/5.0.20/files/lexend-exa-vietnamese-500-normal.woff2
- fontsource-lexend-exa/5.0.20/files/lexend-exa-vietnamese-600-normal.woff.br
- fontsource-lexend-exa/5.0.20/files/lexend-exa-vietnamese-600-normal.woff.gz
- fontsource-lexend-exa/5.0.20/files/lexend-exa-vietnamese-600-normal.woff2
- fontsource-lexend-exa/5.0.20/files/lexend-exa-vietnamese-700-normal.woff.br
- fontsource-lexend-exa/5.0.20/files/lexend-exa-vietnamese-700-normal.woff.gz
- fontsource-lexend-exa/5.0.20/files/lexend-exa-vietnamese-700-normal.woff2
- fontsource-lexend-exa/5.0.20/files/lexend-exa-vietnamese-800-normal.woff.br
- fontsource-lexend-exa/5.0.20/files/lexend-exa-vietnamese-800-normal.woff.gz
- fontsource-lexend-exa/5.0.20/files/lexend-exa-vietnamese-800-normal.woff2
- fontsource-lexend-exa/5.0.20/files/lexend-exa-vietnamese-900-normal.woff.br
- fontsource-lexend-exa/5.0.20/files/lexend-exa-vietnamese-900-normal.woff.gz
- fontsource-lexend-exa/5.0.20/files/lexend-exa-vietnamese-900-normal.woff2
- fontsource-lexend-exa/5.0.20/index.css.br
- fontsource-lexend-exa/5.0.20/index.css.gz
- fontsource-lexend-exa/5.0.20/index.css.sri
- fontsource-lexend-exa/5.0.20/index.min.css.br
- fontsource-lexend-exa/5.0.20/index.min.css.gz
- fontsource-lexend-exa/5.0.20/index.min.css.sri
- fontsource-lexend-exa/5.0.20/latin-100.css.br
- fontsource-lexend-exa/5.0.20/latin-100.css.gz
- fontsource-lexend-exa/5.0.20/latin-100.css.sri
- fontsource-lexend-exa/5.0.20/latin-100.min.css.br
- fontsource-lexend-exa/5.0.20/latin-100.min.css.gz
- fontsource-lexend-exa/5.0.20/latin-100.min.css.sri
- fontsource-lexend-exa/5.0.20/latin-200.css.br
- fontsource-lexend-exa/5.0.20/latin-200.css.gz
- fontsource-lexend-exa/5.0.20/latin-200.css.sri
- fontsource-lexend-exa/5.0.20/latin-200.min.css.br
- fontsource-lexend-exa/5.0.20/latin-200.min.css.gz
- fontsource-lexend-exa/5.0.20/latin-200.min.css.sri
- fontsource-lexend-exa/5.0.20/latin-300.css.br
- fontsource-lexend-exa/5.0.20/latin-300.css.gz
- fontsource-lexend-exa/5.0.20/latin-300.css.sri
- fontsource-lexend-exa/5.0.20/latin-300.min.css.br
- fontsource-lexend-exa/5.0.20/latin-300.min.css.gz
- fontsource-lexend-exa/5.0.20/latin-300.min.css.sri
- fontsource-lexend-exa/5.0.20/latin-400.css.br
- fontsource-lexend-exa/5.0.20/latin-400.css.gz
- fontsource-lexend-exa/5.0.20/latin-400.css.sri
- fontsource-lexend-exa/5.0.20/latin-400.min.css.br
- fontsource-lexend-exa/5.0.20/latin-400.min.css.gz
- fontsource-lexend-exa/5.0.20/latin-400.min.css.sri
- fontsource-lexend-exa/5.0.20/latin-500.css.br
- fontsource-lexend-exa/5.0.20/latin-500.css.gz
- fontsource-lexend-exa/5.0.20/latin-500.css.sri
- fontsource-lexend-exa/5.0.20/latin-500.min.css.br
- fontsource-lexend-exa/5.0.20/latin-500.min.css.gz
- fontsource-lexend-exa/5.0.20/latin-500.min.css.sri
- fontsource-lexend-exa/5.0.20/latin-600.css.br
- fontsource-lexend-exa/5.0.20/latin-600.css.gz
- fontsource-lexend-exa/5.0.20/latin-600.css.sri
- fontsource-lexend-exa/5.0.20/latin-600.min.css.br
- fontsource-lexend-exa/5.0.20/latin-600.min.css.gz
- fontsource-lexend-exa/5.0.20/latin-600.min.css.sri
- fontsource-lexend-exa/5.0.20/latin-700.css.br
- fontsource-lexend-exa/5.0.20/latin-700.css.gz
- fontsource-lexend-exa/5.0.20/latin-700.css.sri
- fontsource-lexend-exa/5.0.20/latin-700.min.css.br
- fontsource-lexend-exa/5.0.20/latin-700.min.css.gz
- fontsource-lexend-exa/5.0.20/latin-700.min.css.sri
- fontsource-lexend-exa/5.0.20/latin-800.css.br
- fontsource-lexend-exa/5.0.20/latin-800.css.gz
- fontsource-lexend-exa/5.0.20/latin-800.css.sri
- fontsource-lexend-exa/5.0.20/latin-800.min.css.br
- fontsource-lexend-exa/5.0.20/latin-800.min.css.gz
- fontsource-lexend-exa/5.0.20/latin-800.min.css.sri
- fontsource-lexend-exa/5.0.20/latin-900.css.br
- fontsource-lexend-exa/5.0.20/latin-900.css.gz
- fontsource-lexend-exa/5.0.20/latin-900.css.sri
- fontsource-lexend-exa/5.0.20/latin-900.min.css.br
- fontsource-lexend-exa/5.0.20/latin-900.min.css.gz
- fontsource-lexend-exa/5.0.20/latin-900.min.css.sri
- fontsource-lexend-exa/5.0.20/latin-ext-100.css.br
- fontsource-lexend-exa/5.0.20/latin-ext-100.css.gz
- fontsource-lexend-exa/5.0.20/latin-ext-100.css.sri
- fontsource-lexend-exa/5.0.20/latin-ext-100.min.css.br
- fontsource-lexend-exa/5.0.20/latin-ext-100.min.css.gz
- fontsource-lexend-exa/5.0.20/latin-ext-100.min.css.sri
- fontsource-lexend-exa/5.0.20/latin-ext-200.css.br
- fontsource-lexend-exa/5.0.20/latin-ext-200.css.gz
- fontsource-lexend-exa/5.0.20/latin-ext-200.css.sri
- fontsource-lexend-exa/5.0.20/latin-ext-200.min.css.br
- fontsource-lexend-exa/5.0.20/latin-ext-200.min.css.gz
- fontsource-lexend-exa/5.0.20/latin-ext-200.min.css.sri
- fontsource-lexend-exa/5.0.20/latin-ext-300.css.br
- fontsource-lexend-exa/5.0.20/latin-ext-300.css.gz
- fontsource-lexend-exa/5.0.20/latin-ext-300.css.sri
- fontsource-lexend-exa/5.0.20/latin-ext-300.min.css.br
- fontsource-lexend-exa/5.0.20/latin-ext-300.min.css.gz
- fontsource-lexend-exa/5.0.20/latin-ext-300.min.css.sri
- fontsource-lexend-exa/5.0.20/latin-ext-400.css.br
- fontsource-lexend-exa/5.0.20/latin-ext-400.css.gz
- fontsource-lexend-exa/5.0.20/latin-ext-400.css.sri
- fontsource-lexend-exa/5.0.20/latin-ext-400.min.css.br
- fontsource-lexend-exa/5.0.20/latin-ext-400.min.css.gz
- fontsource-lexend-exa/5.0.20/latin-ext-400.min.css.sri
- fontsource-lexend-exa/5.0.20/latin-ext-500.css.br
- fontsource-lexend-exa/5.0.20/latin-ext-500.css.gz
- fontsource-lexend-exa/5.0.20/latin-ext-500.css.sri
- fontsource-lexend-exa/5.0.20/latin-ext-500.min.css.br
- fontsource-lexend-exa/5.0.20/latin-ext-500.min.css.gz
- fontsource-lexend-exa/5.0.20/latin-ext-500.min.css.sri
- fontsource-lexend-exa/5.0.20/latin-ext-600.css.br
- fontsource-lexend-exa/5.0.20/latin-ext-600.css.gz
- fontsource-lexend-exa/5.0.20/latin-ext-600.css.sri
- fontsource-lexend-exa/5.0.20/latin-ext-600.min.css.br
- fontsource-lexend-exa/5.0.20/latin-ext-600.min.css.gz
- fontsource-lexend-exa/5.0.20/latin-ext-600.min.css.sri
- fontsource-lexend-exa/5.0.20/latin-ext-700.css.br
- fontsource-lexend-exa/5.0.20/latin-ext-700.css.gz
- fontsource-lexend-exa/5.0.20/latin-ext-700.css.sri
- fontsource-lexend-exa/5.0.20/latin-ext-700.min.css.br
- fontsource-lexend-exa/5.0.20/latin-ext-700.min.css.gz
- fontsource-lexend-exa/5.0.20/latin-ext-700.min.css.sri
- fontsource-lexend-exa/5.0.20/latin-ext-800.css.br
- fontsource-lexend-exa/5.0.20/latin-ext-800.css.gz
- fontsource-lexend-exa/5.0.20/latin-ext-800.css.sri
- fontsource-lexend-exa/5.0.20/latin-ext-800.min.css.br
- fontsource-lexend-exa/5.0.20/latin-ext-800.min.css.gz
- fontsource-lexend-exa/5.0.20/latin-ext-800.min.css.sri
- fontsource-lexend-exa/5.0.20/latin-ext-900.css.br
- fontsource-lexend-exa/5.0.20/latin-ext-900.css.gz
- fontsource-lexend-exa/5.0.20/latin-ext-900.css.sri
- fontsource-lexend-exa/5.0.20/latin-ext-900.min.css.br
- fontsource-lexend-exa/5.0.20/latin-ext-900.min.css.gz
- fontsource-lexend-exa/5.0.20/latin-ext-900.min.css.sri
- fontsource-lexend-exa/5.0.20/latin-ext.css.br
- fontsource-lexend-exa/5.0.20/latin-ext.css.gz
- fontsource-lexend-exa/5.0.20/latin-ext.css.sri
- fontsource-lexend-exa/5.0.20/latin-ext.min.css.br
- fontsource-lexend-exa/5.0.20/latin-ext.min.css.gz
- fontsource-lexend-exa/5.0.20/latin-ext.min.css.sri
- fontsource-lexend-exa/5.0.20/latin.css.br
- fontsource-lexend-exa/5.0.20/latin.css.gz
- fontsource-lexend-exa/5.0.20/latin.css.sri
- fontsource-lexend-exa/5.0.20/latin.min.css.br
- fontsource-lexend-exa/5.0.20/latin.min.css.gz
- fontsource-lexend-exa/5.0.20/latin.min.css.sri
- fontsource-lexend-exa/5.0.20/vietnamese-100.css.br
- fontsource-lexend-exa/5.0.20/vietnamese-100.css.gz
- fontsource-lexend-exa/5.0.20/vietnamese-100.css.sri
- fontsource-lexend-exa/5.0.20/vietnamese-100.min.css.br
- fontsource-lexend-exa/5.0.20/vietnamese-100.min.css.gz
- fontsource-lexend-exa/5.0.20/vietnamese-100.min.css.sri
- fontsource-lexend-exa/5.0.20/vietnamese-200.css.br
- fontsource-lexend-exa/5.0.20/vietnamese-200.css.gz
- fontsource-lexend-exa/5.0.20/vietnamese-200.css.sri
- fontsource-lexend-exa/5.0.20/vietnamese-200.min.css.br
- fontsource-lexend-exa/5.0.20/vietnamese-200.min.css.gz
- fontsource-lexend-exa/5.0.20/vietnamese-200.min.css.sri
- fontsource-lexend-exa/5.0.20/vietnamese-300.css.br
- fontsource-lexend-exa/5.0.20/vietnamese-300.css.gz
- fontsource-lexend-exa/5.0.20/vietnamese-300.css.sri
- fontsource-lexend-exa/5.0.20/vietnamese-300.min.css.br
- fontsource-lexend-exa/5.0.20/vietnamese-300.min.css.gz
- fontsource-lexend-exa/5.0.20/vietnamese-300.min.css.sri
- fontsource-lexend-exa/5.0.20/vietnamese-400.css.br
- fontsource-lexend-exa/5.0.20/vietnamese-400.css.gz
- fontsource-lexend-exa/5.0.20/vietnamese-400.css.sri
- fontsource-lexend-exa/5.0.20/vietnamese-400.min.css.br
- fontsource-lexend-exa/5.0.20/vietnamese-400.min.css.gz
- fontsource-lexend-exa/5.0.20/vietnamese-400.min.css.sri
- fontsource-lexend-exa/5.0.20/vietnamese-500.css.br
- fontsource-lexend-exa/5.0.20/vietnamese-500.css.gz
- fontsource-lexend-exa/5.0.20/vietnamese-500.css.sri
- fontsource-lexend-exa/5.0.20/vietnamese-500.min.css.br
- fontsource-lexend-exa/5.0.20/vietnamese-500.min.css.gz
- fontsource-lexend-exa/5.0.20/vietnamese-500.min.css.sri
- fontsource-lexend-exa/5.0.20/vietnamese-600.css.br
- fontsource-lexend-exa/5.0.20/vietnamese-600.css.gz
- fontsource-lexend-exa/5.0.20/vietnamese-600.css.sri
- fontsource-lexend-exa/5.0.20/vietnamese-600.min.css.br
- fontsource-lexend-exa/5.0.20/vietnamese-600.min.css.gz
- fontsource-lexend-exa/5.0.20/vietnamese-600.min.css.sri
- fontsource-lexend-exa/5.0.20/vietnamese-700.css.br
- fontsource-lexend-exa/5.0.20/vietnamese-700.css.gz
- fontsource-lexend-exa/5.0.20/vietnamese-700.css.sri
- fontsource-lexend-exa/5.0.20/vietnamese-700.min.css.br
- fontsource-lexend-exa/5.0.20/vietnamese-700.min.css.gz
- fontsource-lexend-exa/5.0.20/vietnamese-700.min.css.sri
- fontsource-lexend-exa/5.0.20/vietnamese-800.css.br
- fontsource-lexend-exa/5.0.20/vietnamese-800.css.gz
- fontsource-lexend-exa/5.0.20/vietnamese-800.css.sri
- fontsource-lexend-exa/5.0.20/vietnamese-800.min.css.br
- fontsource-lexend-exa/5.0.20/vietnamese-800.min.css.gz
- fontsource-lexend-exa/5.0.20/vietnamese-800.min.css.sri
- fontsource-lexend-exa/5.0.20/vietnamese-900.css.br
- fontsource-lexend-exa/5.0.20/vietnamese-900.css.gz
- fontsource-lexend-exa/5.0.20/vietnamese-900.css.sri
- fontsource-lexend-exa/5.0.20/vietnamese-900.min.css.br
- fontsource-lexend-exa/5.0.20/vietnamese-900.min.css.gz
- fontsource-lexend-exa/5.0.20/vietnamese-900.min.css.sri
- fontsource-lexend-exa/5.0.20/vietnamese.css.br
- fontsource-lexend-exa/5.0.20/vietnamese.css.gz
- fontsource-lexend-exa/5.0.20/vietnamese.css.sri
- fontsource-lexend-exa/5.0.20/vietnamese.min.css.br
- fontsource-lexend-exa/5.0.20/vietnamese.min.css.gz
- fontsource-lexend-exa/5.0.20/vietnamese.min.css.sri
