Files:
- handsontable/10.0.0/handsontable.css.br
- handsontable/10.0.0/handsontable.css.gz
- handsontable/10.0.0/handsontable.css.sri
- handsontable/10.0.0/handsontable.full.css.br
- handsontable/10.0.0/handsontable.full.css.gz
- handsontable/10.0.0/handsontable.full.css.sri
- handsontable/10.0.0/handsontable.full.js.br
- handsontable/10.0.0/handsontable.full.js.gz
- handsontable/10.0.0/handsontable.full.js.sri
- handsontable/10.0.0/handsontable.full.min.css.br
- handsontable/10.0.0/handsontable.full.min.css.gz
- handsontable/10.0.0/handsontable.full.min.css.sri
- handsontable/10.0.0/handsontable.full.min.js.br
- handsontable/10.0.0/handsontable.full.min.js.gz
- handsontable/10.0.0/handsontable.full.min.js.sri
- handsontable/10.0.0/handsontable.js.br
- handsontable/10.0.0/handsontable.js.gz
- handsontable/10.0.0/handsontable.js.sri
- handsontable/10.0.0/handsontable.min.css.br
- handsontable/10.0.0/handsontable.min.css.gz
- handsontable/10.0.0/handsontable.min.css.sri
- handsontable/10.0.0/handsontable.min.js.br
- handsontable/10.0.0/handsontable.min.js.gz
- handsontable/10.0.0/handsontable.min.js.sri
