Files:
- fontsource-kings/5.0.12/400.css.br
- fontsource-kings/5.0.12/400.min.css.br
- fontsource-kings/5.0.12/files/kings-latin-400-normal.woff.br
- fontsource-kings/5.0.12/files/kings-latin-ext-400-normal.woff.br
- fontsource-kings/5.0.12/files/kings-vietnamese-400-normal.woff.br
- fontsource-kings/5.0.12/index.css.br
- fontsource-kings/5.0.12/index.min.css.br
- fontsource-kings/5.0.12/latin-400.css.br
- fontsource-kings/5.0.12/latin-400.min.css.br
- fontsource-kings/5.0.12/latin-ext-400.css.br
- fontsource-kings/5.0.12/latin-ext-400.min.css.br
- fontsource-kings/5.0.12/latin-ext.css.br
- fontsource-kings/5.0.12/latin-ext.min.css.br
- fontsource-kings/5.0.12/latin.css.br
- fontsource-kings/5.0.12/latin.min.css.br
- fontsource-kings/5.0.12/vietnamese-400.css.br
- fontsource-kings/5.0.12/vietnamese-400.min.css.br
- fontsource-kings/5.0.12/vietnamese.css.br
- fontsource-kings/5.0.12/vietnamese.min.css.br
