config: {"authors":[{"name":"thecarnie"},{"name":"malsup","email":"malsup@gmail.com"}],"autoupdate":{"source":"git","target":"git://github.com/thecarnie/cycle2.git","fileMap":[{"basePath":"build","files":["{,*/}*.js"]}]},"description":"An updated version of jquery.cycle2 for Jqery 3.x - 2nd gen cycling","filename":"jquery.cycle2.min.js","homepage":"http://jquery.malsup.com/cycle2","keywords":["slideshow","carousel","slider"],"license":"MIT","name":"thecarnie-cycle2","repository":{"type":"git","url":"git://github.com/thecarnie/cycle2.git"},"author":"thecarnie,malsup \u003cmalsup@gmail.com\u003e"}
KV keys:
- thecarnie-cycle2/2.1.6b/core/jquery.cycle2.autoheight.min.js.br
- thecarnie-cycle2/2.1.6b/core/jquery.cycle2.autoheight.min.js.gz
- thecarnie-cycle2/2.1.6b/core/jquery.cycle2.caption.min.js.br
- thecarnie-cycle2/2.1.6b/core/jquery.cycle2.caption.min.js.gz
- thecarnie-cycle2/2.1.6b/core/jquery.cycle2.command.min.js.br
- thecarnie-cycle2/2.1.6b/core/jquery.cycle2.command.min.js.gz
- thecarnie-cycle2/2.1.6b/core/jquery.cycle2.core.min.js.br
- thecarnie-cycle2/2.1.6b/core/jquery.cycle2.core.min.js.gz
- thecarnie-cycle2/2.1.6b/core/jquery.cycle2.hash.min.js.br
- thecarnie-cycle2/2.1.6b/core/jquery.cycle2.hash.min.js.gz
- thecarnie-cycle2/2.1.6b/core/jquery.cycle2.loader.min.js.br
- thecarnie-cycle2/2.1.6b/core/jquery.cycle2.loader.min.js.gz
- thecarnie-cycle2/2.1.6b/core/jquery.cycle2.pager.min.js.br
- thecarnie-cycle2/2.1.6b/core/jquery.cycle2.pager.min.js.gz
- thecarnie-cycle2/2.1.6b/core/jquery.cycle2.prevnext.min.js.br
- thecarnie-cycle2/2.1.6b/core/jquery.cycle2.prevnext.min.js.gz
- thecarnie-cycle2/2.1.6b/core/jquery.cycle2.progressive.min.js.br
- thecarnie-cycle2/2.1.6b/core/jquery.cycle2.progressive.min.js.gz
- thecarnie-cycle2/2.1.6b/core/jquery.cycle2.tmpl.min.js.br
- thecarnie-cycle2/2.1.6b/core/jquery.cycle2.tmpl.min.js.gz
- thecarnie-cycle2/2.1.6b/jquery.cycle2.js.br
- thecarnie-cycle2/2.1.6b/jquery.cycle2.js.gz
- thecarnie-cycle2/2.1.6b/jquery.cycle2.min.js.br
- thecarnie-cycle2/2.1.6b/jquery.cycle2.min.js.gz
- thecarnie-cycle2/2.1.6b/plugin/jquery.cycle2.caption2.min.js.br
- thecarnie-cycle2/2.1.6b/plugin/jquery.cycle2.caption2.min.js.gz
- thecarnie-cycle2/2.1.6b/plugin/jquery.cycle2.carousel.min.js.br
- thecarnie-cycle2/2.1.6b/plugin/jquery.cycle2.carousel.min.js.gz
- thecarnie-cycle2/2.1.6b/plugin/jquery.cycle2.center.min.js.br
- thecarnie-cycle2/2.1.6b/plugin/jquery.cycle2.center.min.js.gz
- thecarnie-cycle2/2.1.6b/plugin/jquery.cycle2.flip.min.js.br
- thecarnie-cycle2/2.1.6b/plugin/jquery.cycle2.flip.min.js.gz
- thecarnie-cycle2/2.1.6b/plugin/jquery.cycle2.ie-fade.min.js.br
- thecarnie-cycle2/2.1.6b/plugin/jquery.cycle2.ie-fade.min.js.gz
- thecarnie-cycle2/2.1.6b/plugin/jquery.cycle2.scrollVert.min.js.br
- thecarnie-cycle2/2.1.6b/plugin/jquery.cycle2.scrollVert.min.js.gz
- thecarnie-cycle2/2.1.6b/plugin/jquery.cycle2.shuffle.min.js.br
- thecarnie-cycle2/2.1.6b/plugin/jquery.cycle2.shuffle.min.js.gz
- thecarnie-cycle2/2.1.6b/plugin/jquery.cycle2.swipe.min.js.br
- thecarnie-cycle2/2.1.6b/plugin/jquery.cycle2.swipe.min.js.gz
- thecarnie-cycle2/2.1.6b/plugin/jquery.cycle2.tile.min.js.br
- thecarnie-cycle2/2.1.6b/plugin/jquery.cycle2.tile.min.js.gz
- thecarnie-cycle2/2.1.6b/plugin/jquery.cycle2.video.min.js.br
- thecarnie-cycle2/2.1.6b/plugin/jquery.cycle2.video.min.js.gz
- thecarnie-cycle2/2.1.6b/tcycle/jquery.tcycle.min.js.br
- thecarnie-cycle2/2.1.6b/tcycle/jquery.tcycle.min.js.gz
SRIs:
- thecarnie-cycle2/2.1.6b/plugin/jquery.cycle2.video.min.js: sha512-fQqwRJzfA9hk34557NuemcGFl6X56l8Swo3D1SdskoR9MeAN3wVBWlSJ2CD+qW63sK2lxwAUyAEUQfS3DXM0mw==
- thecarnie-cycle2/2.1.6b/plugin/jquery.cycle2.caption2.min.js: sha512-f/87lzwYei2q1ikptH7Ly1PnfpuyZr9KV66MpPnOgBT6i7LhT1OLQ+xoW5nTnxsKa4G8siS+MBtW3pqLIeQvwQ==
- thecarnie-cycle2/2.1.6b/core/jquery.cycle2.command.min.js: sha512-Sn7nCAux0YOI9J8DOydi2mxOC0kSVgEWx1gAQ+DrDYx2mKWdEDs7edMholNUrxzH/zb90tIDyVkPIbG+N8zQsg==
- thecarnie-cycle2/2.1.6b/core/jquery.cycle2.loader.min.js: sha512-DxtMmFB0BpMS5WiepoUD/Vc4p6eaDDmWR77VKH00lNrkUNrbmQuVWxG1sLuloatcukR1q8AnGZpAXhE7zl6qiA==
- thecarnie-cycle2/2.1.6b/core/jquery.cycle2.progressive.min.js: sha512-VgDBEek5u8k5xGyrOfJnPKrDkv0FAGmv5K1svMcXYW1zIKhlj1dlRGDKPioef+G5I9zWonA6PRsmzQXHJVeVPQ==
- thecarnie-cycle2/2.1.6b/jquery.cycle2.min.js: sha512-veHcNWTF1y2nzmpBqRkSBZphX9ONopZEfC3YHkUadJnCkwcXtTVbi9AvzfNOJjuowygKdPKIyfqpuUw8igoWAA==
- thecarnie-cycle2/2.1.6b/plugin/jquery.cycle2.scrollVert.min.js: sha512-ogDZ3tNAon5kB7hkpRBW8orjSGPYKy4faODXQ/wQFWxR/m9hpC8AyLDZt8x2Ok3RyJDq9eOCXegpmL9R/ZzHRg==
- thecarnie-cycle2/2.1.6b/plugin/jquery.cycle2.swipe.min.js: sha512-/+Qq+98wyhGTnM2cI8vJt4DPuXuDIpMZ1EPo920OipOesqBnCUn0Y8DgNILrNILHF18p34Zc4EEC8QBNLNHLFQ==
- thecarnie-cycle2/2.1.6b/plugin/jquery.cycle2.tile.min.js: sha512-bxu0f7sRvPoEwOH5ZLvNA44Gf4VXQfwjpYZTQIKflOa65VgVUC+o31KVNoMbnpEgsS/r10qoLxsLkUuKpKXLCA==
- thecarnie-cycle2/2.1.6b/core/jquery.cycle2.caption.min.js: sha512-wEnWqYg5b3lw/JpuP4Wv+3iyPElphUAcZfC5S5RmX62FzdmmprTQjNO73f+9wDNiLsjQ03r46El5LxEb4AY3cg==
- thecarnie-cycle2/2.1.6b/core/jquery.cycle2.pager.min.js: sha512-394Z98TRY0eFoi1SYwZocODIk3yCzkhNoLZhkF6jivCKFRTjfSSRX/RVvq2OD3Ctrzc457stdSg26SrMtpeolA==
- thecarnie-cycle2/2.1.6b/core/jquery.cycle2.prevnext.min.js: sha512-hzfVLqgANr+lI5ARFp74VVPyoSqb2mJsEeekU6/QGJmAZFDFhH6OeLmCvXxWESsgWBiNoHV3NTbZjeSzXFVYsA==
- thecarnie-cycle2/2.1.6b/plugin/jquery.cycle2.center.min.js: sha512-HG8Wcwok2qjKhPPWUuRqeN9N7LJx+NazJ1HsycSyKdgG5JnGYR2JGTMJhzackbUShNIv+VTdZ52enfF9NsXMfA==
- thecarnie-cycle2/2.1.6b/tcycle/jquery.tcycle.min.js: sha512-2jnXdGHU/JoinF5z57Pk6eQbeepKnEiePAOlvfR9j4Yvw3pqyG+6ZN8NYM7YzcBmaIzvf3KRHUB6NBi3QuZlYg==
- thecarnie-cycle2/2.1.6b/core/jquery.cycle2.autoheight.min.js: sha512-ZmwDlFwb9jelg1kdruIkN7bmeJTwxPpQaI1iTJNzxFhoF4/0Dkl2yr2vqqD3R+39i0Fi3yA27jExTT9UqbPZrg==
- thecarnie-cycle2/2.1.6b/core/jquery.cycle2.hash.min.js: sha512-47201W69jlIpPgrK35CFJvneAITMVCA85bZxezWVnLC0iSwmuAGuEdAoz3wpY8JpoUIQUdzz0pj/Inc6tHuB3Q==
- thecarnie-cycle2/2.1.6b/core/jquery.cycle2.tmpl.min.js: sha512-2AGsjrtGcIdjb3vwtva3o3sH7NzvLcZRvDRh5WfbplJmTkmK0vOa3kHPT+BmneUAwmbEc42R/o6OcQFzYt5tPw==
- thecarnie-cycle2/2.1.6b/jquery.cycle2.js: sha512-yhfjDfPr4FO3UKtzFte/JAd6h+i+04UfV7++IeHc1JCg8sufX5FBcJrWiSvk+2cFd3JRMsqUHycoKQpUPhTXxg==
- thecarnie-cycle2/2.1.6b/plugin/jquery.cycle2.carousel.min.js: sha512-cpn60gxvrRbU78xGs2FNnNtK2f3+oDzbHFjQKJ20IMY3k7hhC3wU7G/68A0/T7WNzpQA0LaiPe6R1evlLTsh8A==
- thecarnie-cycle2/2.1.6b/plugin/jquery.cycle2.flip.min.js: sha512-Loj/Wbw+OSecRZLWCFQQsd4V+YqsE9iklD5+TaBU75fPX4sUuTbPHnDS6kC8N6b9yTM9y1jhXJteNIjP3IYEXQ==
- thecarnie-cycle2/2.1.6b/plugin/jquery.cycle2.ie-fade.min.js: sha512-zMMevARTJXsUEJ9FFt33vMvnXIWXBzeMpvckpBkZCqRt24rd5GEjxjcMa3O2Nj7FW0Q0nbMOWWb9G8vXlnCyrQ==
- thecarnie-cycle2/2.1.6b/plugin/jquery.cycle2.shuffle.min.js: sha512-tE7b7YYdf5/x0FHTMFhCMl0rswGZHsMNjzl8PsThCU1wUNWhOYaXcW3rKruGYbluX3eHEYJVReJTo8zoymPnCg==
- thecarnie-cycle2/2.1.6b/core/jquery.cycle2.core.min.js: sha512-nbzQb0Ra+ZxFLos+Ws6juIwgMhTDDiHwdEyymOSzihHfkImsUATNf3XwwmaupD9LhPNZSVlDNfABK106cEBo6Q==
