config: {"autoupdate":{"source":"npm","target":"ember-source","fileMap":[{"basePath":"dist","files":["ember*.@(js|map)"]}]},"description":"Ember is a JavaScript framework for creating ambitious web applications that eliminates boilerplate and provides a standard application architecture.","filename":"ember.debug.js","homepage":"http://emberjs.com/","keywords":["ember","ember.js"],"license":"MIT","name":"ember.js","repository":{"type":"git","url":"https://github.com/emberjs/ember.js"}}
KV keys:
- ember.js/4.1.0-alpha.3/ember-template-compiler.js.br
- ember.js/4.1.0-alpha.3/ember-template-compiler.js.gz
- ember.js/4.1.0-alpha.3/ember-template-compiler.map.br
- ember.js/4.1.0-alpha.3/ember-template-compiler.map.gz
- ember.js/4.1.0-alpha.3/ember-template-compiler.min.js.br
- ember.js/4.1.0-alpha.3/ember-template-compiler.min.js.gz
- ember.js/4.1.0-alpha.3/ember-testing.js.br
- ember.js/4.1.0-alpha.3/ember-testing.js.gz
- ember.js/4.1.0-alpha.3/ember-testing.map.br
- ember.js/4.1.0-alpha.3/ember-testing.map.gz
- ember.js/4.1.0-alpha.3/ember-testing.min.js.br
- ember.js/4.1.0-alpha.3/ember-testing.min.js.gz
- ember.js/4.1.0-alpha.3/ember.debug.js.br
- ember.js/4.1.0-alpha.3/ember.debug.js.gz
- ember.js/4.1.0-alpha.3/ember.debug.map.br
- ember.js/4.1.0-alpha.3/ember.debug.map.gz
- ember.js/4.1.0-alpha.3/ember.debug.min.js.br
- ember.js/4.1.0-alpha.3/ember.debug.min.js.gz
SRIs:
- ember.js/4.1.0-alpha.3/ember-template-compiler.min.js: sha512-C51Ct6RvzR0OXpJ4duB/f2PsZezil/DvkCXNwd1o9eaauBpq6kGtAhgDF8L2564K0FGLcTfFctlpb+igNqz54Q==
- ember.js/4.1.0-alpha.3/ember-testing.js: sha512-OrPdMApDrmAOy4JVBEyYeCuDwvVMifJrHfxTbgjbtPYdOEC44O6Eh99Xy/xo1M1EIHuieDSgYXgawPsY6Ng+rQ==
- ember.js/4.1.0-alpha.3/ember-testing.min.js: sha512-QdFBIQL1T60Z9dxwQ63muHCQbRmEnMRn4wQY+3PdAsNoGXdUzMFVKhS2sZeEb/Dq08+7W4QWAzWEwJWkZxounA==
- ember.js/4.1.0-alpha.3/ember.debug.js: sha512-5Dp3nVb3g7BE6ikkaeaVKlEZXqHuGaqAzFRdxll/xduTcbgXsj7LL8KPAtWQ8rKA/FKFcLJP7TI2SMkcNnI+gw==
- ember.js/4.1.0-alpha.3/ember.debug.min.js: sha512-kL9f7nEz/QjNZte8REd2+AdBjzUl3UA87mxx34wo762J8ufSCuEN81riYYmiPXwKrnRAXYrGfF7Al72vLPPzVA==
- ember.js/4.1.0-alpha.3/ember-template-compiler.js: sha512-fK/GkcXUVQ/neiUYWMbFSVR5t+RB7RB3MEGI0Mb43MR80IV+6znjuXiP+P4cdJ+Prjvdakr4Hb/81m0bf4whJg==
