2023/12/13 19:38:03 optimizing files (Js true, Css true, Png true, Jpg true)
2023/12/13 19:38:03 compress: run /node_modules/clean-css-cli/bin/cleancss --compatibility --s0 -o /tmp/work/css/default/tail.select-dark-feather.min.css /tmp/work/css/default/tail.select-dark-feather.css
2023/12/13 19:38:03 compress: run /node_modules/clean-css-cli/bin/cleancss --compatibility --s0 -o /tmp/work/css/default/tail.select-light-feather.min.css /tmp/work/css/default/tail.select-light-feather.css
2023/12/13 19:38:03 compress: run /node_modules/clean-css-cli/bin/cleancss --compatibility --s0 -o /tmp/work/css/default/tail.select-light.min.css /tmp/work/css/default/tail.select-light.css
2023/12/13 19:38:03 compress: run /node_modules/clean-css-cli/bin/cleancss --compatibility --s0 -o /tmp/work/css/default/tail.select-dark.min.css /tmp/work/css/default/tail.select-dark.css
2023/12/13 19:38:03 /tmp/work/css/modern/tail.select-dark-feather.css already has a compressed version: /tmp/work/css/modern/tail.select-dark-feather.min.css
2023/12/13 19:38:03 /tmp/work/css/modern/tail.select-dark.css already has a compressed version: /tmp/work/css/modern/tail.select-dark.min.css
2023/12/13 19:38:04 sri /tmp/work/css/modern/tail.select-dark-feather.min.css -> /output/css/modern/tail.select-dark-feather.min.css.sri
2023/12/13 19:38:04 sri /tmp/work/css/modern/tail.select-dark-feather.css -> /output/css/modern/tail.select-dark-feather.css.sri
2023/12/13 19:38:04 sri /tmp/work/css/modern/tail.select-dark.css -> /output/css/modern/tail.select-dark.css.sri
2023/12/13 19:38:04 algorithm: run /usr/bin/brotli --quality=11 --output=/output/css/modern/tail.select-dark-feather.min.css.br /tmp/work/css/modern/tail.select-dark-feather.min.css
2023/12/13 19:38:04 algorithm: run /usr/bin/brotli --quality=11 --output=/output/css/modern/tail.select-dark-feather.css.br /tmp/work/css/modern/tail.select-dark-feather.css
2023/12/13 19:38:04 algorithm: run /usr/bin/brotli --quality=11 --output=/output/css/modern/tail.select-dark.css.br /tmp/work/css/modern/tail.select-dark.css
2023/12/13 19:38:04 sri /tmp/work/css/modern/tail.select-dark.min.css -> /output/css/modern/tail.select-dark.min.css.sri
2023/12/13 19:38:04 algorithm: run /usr/bin/brotli --quality=11 --output=/output/css/modern/tail.select-dark.min.css.br /tmp/work/css/modern/tail.select-dark.min.css
2023/12/13 19:38:04 br /tmp/work/css/modern/tail.select-dark-feather.min.css -> /output/css/modern/tail.select-dark-feather.min.css.br
2023/12/13 19:38:04 gz /tmp/work/css/modern/tail.select-dark-feather.min.css -> /output/css/modern/tail.select-dark-feather.min.css.gz
2023/12/13 19:38:04 /tmp/work/css/modern/tail.select-light-feather.css already has a compressed version: /tmp/work/css/modern/tail.select-light-feather.min.css
2023/12/13 19:38:04 br /tmp/work/css/modern/tail.select-dark.min.css -> /output/css/modern/tail.select-dark.min.css.br
2023/12/13 19:38:04 sri /tmp/work/css/modern/tail.select-light-feather.css -> /output/css/modern/tail.select-light-feather.css.sri
2023/12/13 19:38:04 algorithm: run /usr/bin/brotli --quality=11 --output=/output/css/modern/tail.select-light-feather.css.br /tmp/work/css/modern/tail.select-light-feather.css
2023/12/13 19:38:04 gz /tmp/work/css/modern/tail.select-dark.min.css -> /output/css/modern/tail.select-dark.min.css.gz
2023/12/13 19:38:04 sri /tmp/work/css/modern/tail.select-light-feather.min.css -> /output/css/modern/tail.select-light-feather.min.css.sri
2023/12/13 19:38:04 algorithm: run /usr/bin/brotli --quality=11 --output=/output/css/modern/tail.select-light-feather.min.css.br /tmp/work/css/modern/tail.select-light-feather.min.css
2023/12/13 19:38:04 br /tmp/work/css/modern/tail.select-dark-feather.css -> /output/css/modern/tail.select-dark-feather.css.br
2023/12/13 19:38:04 br /tmp/work/css/modern/tail.select-dark.css -> /output/css/modern/tail.select-dark.css.br
2023/12/13 19:38:04 gz /tmp/work/css/modern/tail.select-dark-feather.css -> /output/css/modern/tail.select-dark-feather.css.gz
2023/12/13 19:38:04 /tmp/work/css/modern/tail.select-light.css already has a compressed version: /tmp/work/css/modern/tail.select-light.min.css
2023/12/13 19:38:04 sri /tmp/work/css/modern/tail.select-light.css -> /output/css/modern/tail.select-light.css.sri
2023/12/13 19:38:04 algorithm: run /usr/bin/brotli --quality=11 --output=/output/css/modern/tail.select-light.css.br /tmp/work/css/modern/tail.select-light.css
2023/12/13 19:38:04 gz /tmp/work/css/modern/tail.select-dark.css -> /output/css/modern/tail.select-dark.css.gz
2023/12/13 19:38:04 sri /tmp/work/css/modern/tail.select-light.min.css -> /output/css/modern/tail.select-light.min.css.sri
2023/12/13 19:38:04 algorithm: run /usr/bin/brotli --quality=11 --output=/output/css/modern/tail.select-light.min.css.br /tmp/work/css/modern/tail.select-light.min.css
2023/12/13 19:38:04 br /tmp/work/css/modern/tail.select-light-feather.min.css -> /output/css/modern/tail.select-light-feather.min.css.br
2023/12/13 19:38:04 gz /tmp/work/css/modern/tail.select-light-feather.min.css -> /output/css/modern/tail.select-light-feather.min.css.gz
2023/12/13 19:38:04 compress: run /node_modules/uglify-js/bin/uglifyjs --mangle --compress if_return=true -o /tmp/work/js/tail.select-full.min.js /tmp/work/js/tail.select-full.js
2023/12/13 19:38:04 br /tmp/work/css/modern/tail.select-light-feather.css -> /output/css/modern/tail.select-light-feather.css.br
2023/12/13 19:38:04 gz /tmp/work/css/modern/tail.select-light-feather.css -> /output/css/modern/tail.select-light-feather.css.gz
2023/12/13 19:38:04 /tmp/work/js/tail.select.min.js already has corresponding compressed file
2023/12/13 19:38:04 sri /tmp/work/js/tail.select.js -> /output/js/tail.select.js.sri
2023/12/13 19:38:04 algorithm: run /usr/bin/brotli --quality=11 --output=/output/js/tail.select.js.br /tmp/work/js/tail.select.js
2023/12/13 19:38:04 br /tmp/work/css/modern/tail.select-light.min.css -> /output/css/modern/tail.select-light.min.css.br
2023/12/13 19:38:04 gz /tmp/work/css/modern/tail.select-light.min.css -> /output/css/modern/tail.select-light.min.css.gz
2023/12/13 19:38:04 /tmp/work/js/tail.select.min.js is already compressed
2023/12/13 19:38:04 sri /tmp/work/js/tail.select.min.js -> /output/js/tail.select.min.js.sri
2023/12/13 19:38:04 algorithm: run /usr/bin/brotli --quality=11 --output=/output/js/tail.select.min.js.br /tmp/work/js/tail.select.min.js
2023/12/13 19:38:04 br /tmp/work/css/modern/tail.select-light.css -> /output/css/modern/tail.select-light.css.br
2023/12/13 19:38:04 gz /tmp/work/css/modern/tail.select-light.css -> /output/css/modern/tail.select-light.css.gz
2023/12/13 19:38:04 /tmp/work/langs/tail.select-all.min.js already has corresponding compressed file
2023/12/13 19:38:04 sri /tmp/work/langs/tail.select-all.js -> /output/langs/tail.select-all.js.sri
2023/12/13 19:38:04 algorithm: run /usr/bin/brotli --quality=11 --output=/output/langs/tail.select-all.js.br /tmp/work/langs/tail.select-all.js
2023/12/13 19:38:04 br /tmp/work/langs/tail.select-all.js -> /output/langs/tail.select-all.js.br
2023/12/13 19:38:04 gz /tmp/work/langs/tail.select-all.js -> /output/langs/tail.select-all.js.gz
2023/12/13 19:38:04 /tmp/work/langs/tail.select-all.min.js is already compressed
2023/12/13 19:38:04 sri /tmp/work/langs/tail.select-all.min.js -> /output/langs/tail.select-all.min.js.sri
2023/12/13 19:38:04 algorithm: run /usr/bin/brotli --quality=11 --output=/output/langs/tail.select-all.min.js.br /tmp/work/langs/tail.select-all.min.js
2023/12/13 19:38:04 br /tmp/work/langs/tail.select-all.min.js -> /output/langs/tail.select-all.min.js.br
2023/12/13 19:38:04 gz /tmp/work/langs/tail.select-all.min.js -> /output/langs/tail.select-all.min.js.gz
2023/12/13 19:38:04 compress: run /node_modules/uglify-js/bin/uglifyjs --mangle --compress if_return=true -o /tmp/work/langs/tail.select-de.min.js /tmp/work/langs/tail.select-de.js
2023/12/13 19:38:04 br /tmp/work/js/tail.select.min.js -> /output/js/tail.select.min.js.br
2023/12/13 19:38:04 gz /tmp/work/js/tail.select.min.js -> /output/js/tail.select.min.js.gz
2023/12/13 19:38:04 compress: run /node_modules/uglify-js/bin/uglifyjs --mangle --compress if_return=true -o /tmp/work/langs/tail.select-es.min.js /tmp/work/langs/tail.select-es.js
2023/12/13 19:38:04 br /tmp/work/js/tail.select.js -> /output/js/tail.select.js.br
2023/12/13 19:38:04 gz /tmp/work/js/tail.select.js -> /output/js/tail.select.js.gz
2023/12/13 19:38:04 compress: run /node_modules/uglify-js/bin/uglifyjs --mangle --compress if_return=true -o /tmp/work/langs/tail.select-fi.min.js /tmp/work/langs/tail.select-fi.js
2023/12/13 19:38:04 sri /tmp/work/css/default/tail.select-light-feather.min.css -> /output/css/default/tail.select-light-feather.min.css.sri
2023/12/13 19:38:04 algorithm: run /usr/bin/brotli --quality=11 --output=/output/css/default/tail.select-light-feather.min.css.br /tmp/work/css/default/tail.select-light-feather.min.css
2023/12/13 19:38:04 sri /tmp/work/css/default/tail.select-dark.min.css -> /output/css/default/tail.select-dark.min.css.sri
2023/12/13 19:38:04 algorithm: run /usr/bin/brotli --quality=11 --output=/output/css/default/tail.select-dark.min.css.br /tmp/work/css/default/tail.select-dark.min.css
2023/12/13 19:38:04 sri /tmp/work/css/default/tail.select-dark-feather.min.css -> /output/css/default/tail.select-dark-feather.min.css.sri
2023/12/13 19:38:04 algorithm: run /usr/bin/brotli --quality=11 --output=/output/css/default/tail.select-dark-feather.min.css.br /tmp/work/css/default/tail.select-dark-feather.min.css
2023/12/13 19:38:04 sri /tmp/work/css/default/tail.select-light.min.css -> /output/css/default/tail.select-light.min.css.sri
2023/12/13 19:38:04 algorithm: run /usr/bin/brotli --quality=11 --output=/output/css/default/tail.select-light.min.css.br /tmp/work/css/default/tail.select-light.min.css
2023/12/13 19:38:04 br /tmp/work/css/default/tail.select-light-feather.min.css -> /output/css/default/tail.select-light-feather.min.css.br
2023/12/13 19:38:04 gz /tmp/work/css/default/tail.select-light-feather.min.css -> /output/css/default/tail.select-light-feather.min.css.gz
2023/12/13 19:38:04 sri /tmp/work/css/default/tail.select-light-feather.css -> /output/css/default/tail.select-light-feather.css.sri
2023/12/13 19:38:04 algorithm: run /usr/bin/brotli --quality=11 --output=/output/css/default/tail.select-light-feather.css.br /tmp/work/css/default/tail.select-light-feather.css
2023/12/13 19:38:04 br /tmp/work/css/default/tail.select-dark-feather.min.css -> /output/css/default/tail.select-dark-feather.min.css.br
2023/12/13 19:38:04 gz /tmp/work/css/default/tail.select-dark-feather.min.css -> /output/css/default/tail.select-dark-feather.min.css.gz
2023/12/13 19:38:04 sri /tmp/work/css/default/tail.select-dark-feather.css -> /output/css/default/tail.select-dark-feather.css.sri
2023/12/13 19:38:04 algorithm: run /usr/bin/brotli --quality=11 --output=/output/css/default/tail.select-dark-feather.css.br /tmp/work/css/default/tail.select-dark-feather.css
2023/12/13 19:38:04 br /tmp/work/css/default/tail.select-dark.min.css -> /output/css/default/tail.select-dark.min.css.br
2023/12/13 19:38:04 gz /tmp/work/css/default/tail.select-dark.min.css -> /output/css/default/tail.select-dark.min.css.gz
2023/12/13 19:38:04 sri /tmp/work/css/default/tail.select-dark.css -> /output/css/default/tail.select-dark.css.sri
2023/12/13 19:38:04 algorithm: run /usr/bin/brotli --quality=11 --output=/output/css/default/tail.select-dark.css.br /tmp/work/css/default/tail.select-dark.css
2023/12/13 19:38:04 sri /tmp/work/langs/tail.select-de.min.js -> /output/langs/tail.select-de.min.js.sri
2023/12/13 19:38:04 algorithm: run /usr/bin/brotli --quality=11 --output=/output/langs/tail.select-de.min.js.br /tmp/work/langs/tail.select-de.min.js
2023/12/13 19:38:04 br /tmp/work/css/default/tail.select-light.min.css -> /output/css/default/tail.select-light.min.css.br
2023/12/13 19:38:04 gz /tmp/work/css/default/tail.select-light.min.css -> /output/css/default/tail.select-light.min.css.gz
2023/12/13 19:38:04 sri /tmp/work/css/default/tail.select-light.css -> /output/css/default/tail.select-light.css.sri
2023/12/13 19:38:04 algorithm: run /usr/bin/brotli --quality=11 --output=/output/css/default/tail.select-light.css.br /tmp/work/css/default/tail.select-light.css
2023/12/13 19:38:04 br /tmp/work/langs/tail.select-de.min.js -> /output/langs/tail.select-de.min.js.br
2023/12/13 19:38:04 gz /tmp/work/langs/tail.select-de.min.js -> /output/langs/tail.select-de.min.js.gz
2023/12/13 19:38:04 sri /tmp/work/langs/tail.select-de.js -> /output/langs/tail.select-de.js.sri
2023/12/13 19:38:04 algorithm: run /usr/bin/brotli --quality=11 --output=/output/langs/tail.select-de.js.br /tmp/work/langs/tail.select-de.js
2023/12/13 19:38:04 br /tmp/work/css/default/tail.select-light-feather.css -> /output/css/default/tail.select-light-feather.css.br
2023/12/13 19:38:04 br /tmp/work/langs/tail.select-de.js -> /output/langs/tail.select-de.js.br
2023/12/13 19:38:04 gz /tmp/work/langs/tail.select-de.js -> /output/langs/tail.select-de.js.gz
2023/12/13 19:38:04 compress: run /node_modules/uglify-js/bin/uglifyjs --mangle --compress if_return=true -o /tmp/work/langs/tail.select-fr.min.js /tmp/work/langs/tail.select-fr.js
2023/12/13 19:38:04 gz /tmp/work/css/default/tail.select-light-feather.css -> /output/css/default/tail.select-light-feather.css.gz
2023/12/13 19:38:04 compress: run /node_modules/uglify-js/bin/uglifyjs --mangle --compress if_return=true -o /tmp/work/langs/tail.select-gr.min.js /tmp/work/langs/tail.select-gr.js
2023/12/13 19:38:04 br /tmp/work/css/default/tail.select-dark-feather.css -> /output/css/default/tail.select-dark-feather.css.br
2023/12/13 19:38:04 gz /tmp/work/css/default/tail.select-dark-feather.css -> /output/css/default/tail.select-dark-feather.css.gz
2023/12/13 19:38:04 compress: run /node_modules/uglify-js/bin/uglifyjs --mangle --compress if_return=true -o /tmp/work/langs/tail.select-it.min.js /tmp/work/langs/tail.select-it.js
2023/12/13 19:38:04 br /tmp/work/css/default/tail.select-dark.css -> /output/css/default/tail.select-dark.css.br
2023/12/13 19:38:04 gz /tmp/work/css/default/tail.select-dark.css -> /output/css/default/tail.select-dark.css.gz
2023/12/13 19:38:04 compress: run /node_modules/uglify-js/bin/uglifyjs --mangle --compress if_return=true -o /tmp/work/langs/tail.select-no.min.js /tmp/work/langs/tail.select-no.js
2023/12/13 19:38:04 sri /tmp/work/langs/tail.select-es.min.js -> /output/langs/tail.select-es.min.js.sri
2023/12/13 19:38:04 algorithm: run /usr/bin/brotli --quality=11 --output=/output/langs/tail.select-es.min.js.br /tmp/work/langs/tail.select-es.min.js
2023/12/13 19:38:04 br /tmp/work/langs/tail.select-es.min.js -> /output/langs/tail.select-es.min.js.br
2023/12/13 19:38:04 br /tmp/work/css/default/tail.select-light.css -> /output/css/default/tail.select-light.css.br
2023/12/13 19:38:04 gz /tmp/work/langs/tail.select-es.min.js -> /output/langs/tail.select-es.min.js.gz
2023/12/13 19:38:04 sri /tmp/work/langs/tail.select-es.js -> /output/langs/tail.select-es.js.sri
2023/12/13 19:38:04 algorithm: run /usr/bin/brotli --quality=11 --output=/output/langs/tail.select-es.js.br /tmp/work/langs/tail.select-es.js
2023/12/13 19:38:04 gz /tmp/work/css/default/tail.select-light.css -> /output/css/default/tail.select-light.css.gz
2023/12/13 19:38:04 compress: run /node_modules/uglify-js/bin/uglifyjs --mangle --compress if_return=true -o /tmp/work/langs/tail.select-pt_BR.min.js /tmp/work/langs/tail.select-pt_BR.js
2023/12/13 19:38:04 br /tmp/work/langs/tail.select-es.js -> /output/langs/tail.select-es.js.br
2023/12/13 19:38:04 gz /tmp/work/langs/tail.select-es.js -> /output/langs/tail.select-es.js.gz
2023/12/13 19:38:04 compress: run /node_modules/uglify-js/bin/uglifyjs --mangle --compress if_return=true -o /tmp/work/langs/tail.select-ro.min.js /tmp/work/langs/tail.select-ro.js
2023/12/13 19:38:04 sri /tmp/work/langs/tail.select-fi.min.js -> /output/langs/tail.select-fi.min.js.sri
2023/12/13 19:38:04 algorithm: run /usr/bin/brotli --quality=11 --output=/output/langs/tail.select-fi.min.js.br /tmp/work/langs/tail.select-fi.min.js
2023/12/13 19:38:04 br /tmp/work/langs/tail.select-fi.min.js -> /output/langs/tail.select-fi.min.js.br
2023/12/13 19:38:04 gz /tmp/work/langs/tail.select-fi.min.js -> /output/langs/tail.select-fi.min.js.gz
2023/12/13 19:38:04 sri /tmp/work/langs/tail.select-fi.js -> /output/langs/tail.select-fi.js.sri
2023/12/13 19:38:04 algorithm: run /usr/bin/brotli --quality=11 --output=/output/langs/tail.select-fi.js.br /tmp/work/langs/tail.select-fi.js
2023/12/13 19:38:04 br /tmp/work/langs/tail.select-fi.js -> /output/langs/tail.select-fi.js.br
2023/12/13 19:38:04 gz /tmp/work/langs/tail.select-fi.js -> /output/langs/tail.select-fi.js.gz
2023/12/13 19:38:04 compress: run /node_modules/uglify-js/bin/uglifyjs --mangle --compress if_return=true -o /tmp/work/langs/tail.select-ru.min.js /tmp/work/langs/tail.select-ru.js
2023/12/13 19:38:04 sri /tmp/work/langs/tail.select-no.min.js -> /output/langs/tail.select-no.min.js.sri
2023/12/13 19:38:04 algorithm: run /usr/bin/brotli --quality=11 --output=/output/langs/tail.select-no.min.js.br /tmp/work/langs/tail.select-no.min.js
2023/12/13 19:38:04 sri /tmp/work/langs/tail.select-fr.min.js -> /output/langs/tail.select-fr.min.js.sri
2023/12/13 19:38:04 algorithm: run /usr/bin/brotli --quality=11 --output=/output/langs/tail.select-fr.min.js.br /tmp/work/langs/tail.select-fr.min.js
2023/12/13 19:38:04 br /tmp/work/langs/tail.select-no.min.js -> /output/langs/tail.select-no.min.js.br
2023/12/13 19:38:04 gz /tmp/work/langs/tail.select-no.min.js -> /output/langs/tail.select-no.min.js.gz
2023/12/13 19:38:04 sri /tmp/work/langs/tail.select-no.js -> /output/langs/tail.select-no.js.sri
2023/12/13 19:38:04 algorithm: run /usr/bin/brotli --quality=11 --output=/output/langs/tail.select-no.js.br /tmp/work/langs/tail.select-no.js
2023/12/13 19:38:04 br /tmp/work/langs/tail.select-fr.min.js -> /output/langs/tail.select-fr.min.js.br
2023/12/13 19:38:04 gz /tmp/work/langs/tail.select-fr.min.js -> /output/langs/tail.select-fr.min.js.gz
2023/12/13 19:38:04 sri /tmp/work/langs/tail.select-fr.js -> /output/langs/tail.select-fr.js.sri
2023/12/13 19:38:04 algorithm: run /usr/bin/brotli --quality=11 --output=/output/langs/tail.select-fr.js.br /tmp/work/langs/tail.select-fr.js
2023/12/13 19:38:04 sri /tmp/work/langs/tail.select-it.min.js -> /output/langs/tail.select-it.min.js.sri
2023/12/13 19:38:04 algorithm: run /usr/bin/brotli --quality=11 --output=/output/langs/tail.select-it.min.js.br /tmp/work/langs/tail.select-it.min.js
2023/12/13 19:38:04 sri /tmp/work/langs/tail.select-gr.min.js -> /output/langs/tail.select-gr.min.js.sri
2023/12/13 19:38:04 algorithm: run /usr/bin/brotli --quality=11 --output=/output/langs/tail.select-gr.min.js.br /tmp/work/langs/tail.select-gr.min.js
2023/12/13 19:38:04 br /tmp/work/langs/tail.select-no.js -> /output/langs/tail.select-no.js.br
2023/12/13 19:38:04 gz /tmp/work/langs/tail.select-no.js -> /output/langs/tail.select-no.js.gz
2023/12/13 19:38:04 compress: run /node_modules/uglify-js/bin/uglifyjs --mangle --compress if_return=true -o /tmp/work/langs/tail.select-tr.min.js /tmp/work/langs/tail.select-tr.js
2023/12/13 19:38:04 br /tmp/work/langs/tail.select-it.min.js -> /output/langs/tail.select-it.min.js.br
2023/12/13 19:38:04 br /tmp/work/langs/tail.select-fr.js -> /output/langs/tail.select-fr.js.br
2023/12/13 19:38:04 gz /tmp/work/langs/tail.select-fr.js -> /output/langs/tail.select-fr.js.gz
2023/12/13 19:38:04 gz /tmp/work/langs/tail.select-it.min.js -> /output/langs/tail.select-it.min.js.gz
2023/12/13 19:38:04 sri /tmp/work/langs/tail.select-it.js -> /output/langs/tail.select-it.js.sri
2023/12/13 19:38:04 algorithm: run /usr/bin/brotli --quality=11 --output=/output/langs/tail.select-it.js.br /tmp/work/langs/tail.select-it.js
2023/12/13 19:38:04 br /tmp/work/langs/tail.select-gr.min.js -> /output/langs/tail.select-gr.min.js.br
2023/12/13 19:38:04 gz /tmp/work/langs/tail.select-gr.min.js -> /output/langs/tail.select-gr.min.js.gz
2023/12/13 19:38:04 sri /tmp/work/langs/tail.select-gr.js -> /output/langs/tail.select-gr.js.sri
2023/12/13 19:38:04 algorithm: run /usr/bin/brotli --quality=11 --output=/output/langs/tail.select-gr.js.br /tmp/work/langs/tail.select-gr.js
2023/12/13 19:38:04 sri /tmp/work/langs/tail.select-pt_BR.min.js -> /output/langs/tail.select-pt_BR.min.js.sri
2023/12/13 19:38:04 algorithm: run /usr/bin/brotli --quality=11 --output=/output/langs/tail.select-pt_BR.min.js.br /tmp/work/langs/tail.select-pt_BR.min.js
2023/12/13 19:38:04 br /tmp/work/langs/tail.select-it.js -> /output/langs/tail.select-it.js.br
2023/12/13 19:38:04 gz /tmp/work/langs/tail.select-it.js -> /output/langs/tail.select-it.js.gz
2023/12/13 19:38:04 br /tmp/work/langs/tail.select-pt_BR.min.js -> /output/langs/tail.select-pt_BR.min.js.br
2023/12/13 19:38:04 sri /tmp/work/langs/tail.select-ro.min.js -> /output/langs/tail.select-ro.min.js.sri
2023/12/13 19:38:04 br /tmp/work/langs/tail.select-gr.js -> /output/langs/tail.select-gr.js.br
2023/12/13 19:38:04 algorithm: run /usr/bin/brotli --quality=11 --output=/output/langs/tail.select-ro.min.js.br /tmp/work/langs/tail.select-ro.min.js
2023/12/13 19:38:04 gz /tmp/work/langs/tail.select-gr.js -> /output/langs/tail.select-gr.js.gz
2023/12/13 19:38:04 gz /tmp/work/langs/tail.select-pt_BR.min.js -> /output/langs/tail.select-pt_BR.min.js.gz
2023/12/13 19:38:04 sri /tmp/work/langs/tail.select-pt_BR.js -> /output/langs/tail.select-pt_BR.js.sri
2023/12/13 19:38:04 algorithm: run /usr/bin/brotli --quality=11 --output=/output/langs/tail.select-pt_BR.js.br /tmp/work/langs/tail.select-pt_BR.js
2023/12/13 19:38:04 br /tmp/work/langs/tail.select-ro.min.js -> /output/langs/tail.select-ro.min.js.br
2023/12/13 19:38:04 gz /tmp/work/langs/tail.select-ro.min.js -> /output/langs/tail.select-ro.min.js.gz
2023/12/13 19:38:04 sri /tmp/work/langs/tail.select-ro.js -> /output/langs/tail.select-ro.js.sri
2023/12/13 19:38:04 algorithm: run /usr/bin/brotli --quality=11 --output=/output/langs/tail.select-ro.js.br /tmp/work/langs/tail.select-ro.js
2023/12/13 19:38:04 br /tmp/work/langs/tail.select-pt_BR.js -> /output/langs/tail.select-pt_BR.js.br
2023/12/13 19:38:04 gz /tmp/work/langs/tail.select-pt_BR.js -> /output/langs/tail.select-pt_BR.js.gz
2023/12/13 19:38:04 br /tmp/work/langs/tail.select-ro.js -> /output/langs/tail.select-ro.js.br
2023/12/13 19:38:04 gz /tmp/work/langs/tail.select-ro.js -> /output/langs/tail.select-ro.js.gz
2023/12/13 19:38:04 sri /tmp/work/langs/tail.select-ru.min.js -> /output/langs/tail.select-ru.min.js.sri
2023/12/13 19:38:04 algorithm: run /usr/bin/brotli --quality=11 --output=/output/langs/tail.select-ru.min.js.br /tmp/work/langs/tail.select-ru.min.js
2023/12/13 19:38:04 br /tmp/work/langs/tail.select-ru.min.js -> /output/langs/tail.select-ru.min.js.br
2023/12/13 19:38:04 gz /tmp/work/langs/tail.select-ru.min.js -> /output/langs/tail.select-ru.min.js.gz
2023/12/13 19:38:04 sri /tmp/work/langs/tail.select-ru.js -> /output/langs/tail.select-ru.js.sri
2023/12/13 19:38:04 algorithm: run /usr/bin/brotli --quality=11 --output=/output/langs/tail.select-ru.js.br /tmp/work/langs/tail.select-ru.js
2023/12/13 19:38:04 br /tmp/work/langs/tail.select-ru.js -> /output/langs/tail.select-ru.js.br
2023/12/13 19:38:04 gz /tmp/work/langs/tail.select-ru.js -> /output/langs/tail.select-ru.js.gz
2023/12/13 19:38:04 sri /tmp/work/langs/tail.select-tr.min.js -> /output/langs/tail.select-tr.min.js.sri
2023/12/13 19:38:04 algorithm: run /usr/bin/brotli --quality=11 --output=/output/langs/tail.select-tr.min.js.br /tmp/work/langs/tail.select-tr.min.js
2023/12/13 19:38:04 br /tmp/work/langs/tail.select-tr.min.js -> /output/langs/tail.select-tr.min.js.br
2023/12/13 19:38:04 gz /tmp/work/langs/tail.select-tr.min.js -> /output/langs/tail.select-tr.min.js.gz
2023/12/13 19:38:04 sri /tmp/work/langs/tail.select-tr.js -> /output/langs/tail.select-tr.js.sri
2023/12/13 19:38:04 algorithm: run /usr/bin/brotli --quality=11 --output=/output/langs/tail.select-tr.js.br /tmp/work/langs/tail.select-tr.js
2023/12/13 19:38:04 br /tmp/work/langs/tail.select-tr.js -> /output/langs/tail.select-tr.js.br
2023/12/13 19:38:04 gz /tmp/work/langs/tail.select-tr.js -> /output/langs/tail.select-tr.js.gz
2023/12/13 19:38:05 sri /tmp/work/js/tail.select-full.min.js -> /output/js/tail.select-full.min.js.sri
2023/12/13 19:38:05 algorithm: run /usr/bin/brotli --quality=11 --output=/output/js/tail.select-full.min.js.br /tmp/work/js/tail.select-full.min.js
2023/12/13 19:38:05 br /tmp/work/js/tail.select-full.min.js -> /output/js/tail.select-full.min.js.br
2023/12/13 19:38:05 gz /tmp/work/js/tail.select-full.min.js -> /output/js/tail.select-full.min.js.gz
2023/12/13 19:38:05 sri /tmp/work/js/tail.select-full.js -> /output/js/tail.select-full.js.sri
2023/12/13 19:38:05 algorithm: run /usr/bin/brotli --quality=11 --output=/output/js/tail.select-full.js.br /tmp/work/js/tail.select-full.js
2023/12/13 19:38:05 br /tmp/work/js/tail.select-full.js -> /output/js/tail.select-full.js.br
2023/12/13 19:38:05 gz /tmp/work/js/tail.select-full.js -> /output/js/tail.select-full.js.gz
2023/12/13 19:38:05 processed tail.select.js
