config: {"authors":[{"name":"John Leider","email":"john.j.leider@gmail.com"}],"autoupdate":{"source":"npm","target":"vuetify","fileMap":[{"basePath":"dist","files":["**/*"]}]},"description":"Vue.js 2 Semantic Component Framework","filename":"vuetify.min.js","homepage":"https://vuetifyjs.com/","keywords":["Vue","Vuetify","semantic","component"],"license":"MIT","name":"vuetify","repository":{"type":"git","url":"git://github.com/vuetifyjs/vuetify.git"},"author":"John Leider \u003cjohn.j.leider@gmail.com\u003e"}
KV keys:
- vuetify/2.6.12/json/attributes.json.br
- vuetify/2.6.12/json/attributes.json.gz
- vuetify/2.6.12/json/tags.json.br
- vuetify/2.6.12/json/tags.json.gz
- vuetify/2.6.12/json/web-types.json.br
- vuetify/2.6.12/json/web-types.json.gz
- vuetify/2.6.12/vuetify.css.br
- vuetify/2.6.12/vuetify.css.gz
- vuetify/2.6.12/vuetify.css.map.br
- vuetify/2.6.12/vuetify.css.map.gz
- vuetify/2.6.12/vuetify.js.br
- vuetify/2.6.12/vuetify.js.gz
- vuetify/2.6.12/vuetify.js.map.br
- vuetify/2.6.12/vuetify.js.map.gz
- vuetify/2.6.12/vuetify.min.css.br
- vuetify/2.6.12/vuetify.min.css.gz
- vuetify/2.6.12/vuetify.min.js.br
- vuetify/2.6.12/vuetify.min.js.gz
SRIs:
- vuetify/2.6.12/vuetify.js: sha512-DUJZBy5fglLEJqTtX8/VjFcA5xP/ioxHb0S2gJtUBqFvRSi59m5PfYlA2+iwRGJvieFtWFH+gIMmJpd0Wlnc1Q==
- vuetify/2.6.12/vuetify.min.css: sha512-NRfXz/kaXFChyyQ0KS2gW679sdfCYhKxwhqqGjaZMpDnWPhG0/OViu6TKkqtjwueBzZA4RpuhLY39U8NkHwZ3w==
- vuetify/2.6.12/vuetify.min.js: sha512-RPnZ48qBYcvQ+7erC7Weu+EzbUmbZf8t7HQUeryQmr09ANWgAOVxkFWqIanp7GO7roCOsuxTO2par6iOF1mE3w==
- vuetify/2.6.12/vuetify.css: sha512-l0O44v9E3cDiLoczNfqPf+bF88C2AmLL/V+6tnd8bpXYVVN3F5JtHMK2tgiyye+KfAX776zPg1hwc6NsCYmHGw==
