config: {"authors":[{"name":"Fred Heusschen","email":"info@frebsite.nl"}],"autoupdate":{"source":"npm","target":"mmenu-js","fileMap":[{"basePath":"dist","files":["**/*"]}]},"description":"The best javascript plugin for app look-alike on- and off-canvas menus with sliding submenus for your website and webapp.","filename":"mmenu.js","keywords":["app","list","listview","megamenu","menu","mmenu","mobile","navigation","off-canvas","on-canvas","curtain","panels","submenu"],"license":"CC-BY-NC-4.0","name":"mmenu-js","repository":{"type":"git","url":"https://github.com/FrDH/mmenu-js.git"},"author":"Fred Heusschen \u003cinfo@frebsite.nl\u003e"}
KV keys:
- mmenu-js/9.2.0/_modules/dom.js.br
- mmenu-js/9.2.0/_modules/dom.js.gz
- mmenu-js/9.2.0/_modules/dom.min.js.br
- mmenu-js/9.2.0/_modules/dom.min.js.gz
- mmenu-js/9.2.0/_modules/eventlisteners.js.br
- mmenu-js/9.2.0/_modules/eventlisteners.js.gz
- mmenu-js/9.2.0/_modules/eventlisteners.min.js.br
- mmenu-js/9.2.0/_modules/eventlisteners.min.js.gz
- mmenu-js/9.2.0/_modules/helpers.js.br
- mmenu-js/9.2.0/_modules/helpers.js.gz
- mmenu-js/9.2.0/_modules/helpers.min.js.br
- mmenu-js/9.2.0/_modules/helpers.min.js.gz
- mmenu-js/9.2.0/_modules/i18n.js.br
- mmenu-js/9.2.0/_modules/i18n.js.gz
- mmenu-js/9.2.0/_modules/i18n.min.js.br
- mmenu-js/9.2.0/_modules/i18n.min.js.gz
- mmenu-js/9.2.0/_modules/matchmedia.js.br
- mmenu-js/9.2.0/_modules/matchmedia.js.gz
- mmenu-js/9.2.0/_modules/matchmedia.min.js.br
- mmenu-js/9.2.0/_modules/matchmedia.min.js.gz
- mmenu-js/9.2.0/_modules/support.js.br
- mmenu-js/9.2.0/_modules/support.js.gz
- mmenu-js/9.2.0/_modules/support.min.js.br
- mmenu-js/9.2.0/_modules/support.min.js.gz
- mmenu-js/9.2.0/addons/backbutton/mmenu.backbutton.js.br
- mmenu-js/9.2.0/addons/backbutton/mmenu.backbutton.js.gz
- mmenu-js/9.2.0/addons/backbutton/mmenu.backbutton.min.js.br
- mmenu-js/9.2.0/addons/backbutton/mmenu.backbutton.min.js.gz
- mmenu-js/9.2.0/addons/backbutton/options.js.br
- mmenu-js/9.2.0/addons/backbutton/options.js.gz
- mmenu-js/9.2.0/addons/backbutton/options.min.js.br
- mmenu-js/9.2.0/addons/backbutton/options.min.js.gz
- mmenu-js/9.2.0/addons/counters/mmenu.counters.css.br
- mmenu-js/9.2.0/addons/counters/mmenu.counters.css.gz
- mmenu-js/9.2.0/addons/counters/mmenu.counters.js.br
- mmenu-js/9.2.0/addons/counters/mmenu.counters.js.gz
- mmenu-js/9.2.0/addons/counters/mmenu.counters.min.css.br
- mmenu-js/9.2.0/addons/counters/mmenu.counters.min.css.gz
- mmenu-js/9.2.0/addons/counters/mmenu.counters.min.js.br
- mmenu-js/9.2.0/addons/counters/mmenu.counters.min.js.gz
- mmenu-js/9.2.0/addons/counters/options.js.br
- mmenu-js/9.2.0/addons/counters/options.js.gz
- mmenu-js/9.2.0/addons/counters/options.min.js.br
- mmenu-js/9.2.0/addons/counters/options.min.js.gz
- mmenu-js/9.2.0/addons/iconbar/mmenu.iconbar.css.br
- mmenu-js/9.2.0/addons/iconbar/mmenu.iconbar.css.gz
- mmenu-js/9.2.0/addons/iconbar/mmenu.iconbar.js.br
- mmenu-js/9.2.0/addons/iconbar/mmenu.iconbar.js.gz
- mmenu-js/9.2.0/addons/iconbar/mmenu.iconbar.min.css.br
- mmenu-js/9.2.0/addons/iconbar/mmenu.iconbar.min.css.gz
- mmenu-js/9.2.0/addons/iconbar/mmenu.iconbar.min.js.br
- mmenu-js/9.2.0/addons/iconbar/mmenu.iconbar.min.js.gz
- mmenu-js/9.2.0/addons/iconbar/options.js.br
- mmenu-js/9.2.0/addons/iconbar/options.js.gz
- mmenu-js/9.2.0/addons/iconbar/options.min.js.br
- mmenu-js/9.2.0/addons/iconbar/options.min.js.gz
- mmenu-js/9.2.0/addons/iconpanels/_options.js.br
- mmenu-js/9.2.0/addons/iconpanels/_options.js.gz
- mmenu-js/9.2.0/addons/iconpanels/_options.min.js.br
- mmenu-js/9.2.0/addons/iconpanels/_options.min.js.gz
- mmenu-js/9.2.0/addons/iconpanels/mmenu.iconpanels.css.br
- mmenu-js/9.2.0/addons/iconpanels/mmenu.iconpanels.css.gz
- mmenu-js/9.2.0/addons/iconpanels/mmenu.iconpanels.js.br
- mmenu-js/9.2.0/addons/iconpanels/mmenu.iconpanels.js.gz
- mmenu-js/9.2.0/addons/iconpanels/mmenu.iconpanels.min.css.br
- mmenu-js/9.2.0/addons/iconpanels/mmenu.iconpanels.min.css.gz
- mmenu-js/9.2.0/addons/iconpanels/mmenu.iconpanels.min.js.br
- mmenu-js/9.2.0/addons/iconpanels/mmenu.iconpanels.min.js.gz
- mmenu-js/9.2.0/addons/navbars/configs.js.br
- mmenu-js/9.2.0/addons/navbars/configs.js.gz
- mmenu-js/9.2.0/addons/navbars/configs.min.js.br
- mmenu-js/9.2.0/addons/navbars/configs.min.js.gz
- mmenu-js/9.2.0/addons/navbars/mmenu.navbars.css.br
- mmenu-js/9.2.0/addons/navbars/mmenu.navbars.css.gz
- mmenu-js/9.2.0/addons/navbars/mmenu.navbars.js.br
- mmenu-js/9.2.0/addons/navbars/mmenu.navbars.js.gz
- mmenu-js/9.2.0/addons/navbars/mmenu.navbars.min.css.br
- mmenu-js/9.2.0/addons/navbars/mmenu.navbars.min.css.gz
- mmenu-js/9.2.0/addons/navbars/mmenu.navbars.min.js.br
- mmenu-js/9.2.0/addons/navbars/mmenu.navbars.min.js.gz
- mmenu-js/9.2.0/addons/navbars/navbar.breadcrumbs.js.br
- mmenu-js/9.2.0/addons/navbars/navbar.breadcrumbs.js.gz
- mmenu-js/9.2.0/addons/navbars/navbar.breadcrumbs.min.js.br
- mmenu-js/9.2.0/addons/navbars/navbar.breadcrumbs.min.js.gz
- mmenu-js/9.2.0/addons/navbars/navbar.close.js.br
- mmenu-js/9.2.0/addons/navbars/navbar.close.js.gz
- mmenu-js/9.2.0/addons/navbars/navbar.close.min.js.br
- mmenu-js/9.2.0/addons/navbars/navbar.close.min.js.gz
- mmenu-js/9.2.0/addons/navbars/navbar.prev.js.br
- mmenu-js/9.2.0/addons/navbars/navbar.prev.js.gz
- mmenu-js/9.2.0/addons/navbars/navbar.prev.min.js.br
- mmenu-js/9.2.0/addons/navbars/navbar.prev.min.js.gz
- mmenu-js/9.2.0/addons/navbars/navbar.searchfield.js.br
- mmenu-js/9.2.0/addons/navbars/navbar.searchfield.js.gz
- mmenu-js/9.2.0/addons/navbars/navbar.searchfield.min.js.br
- mmenu-js/9.2.0/addons/navbars/navbar.searchfield.min.js.gz
- mmenu-js/9.2.0/addons/navbars/navbar.tabs.js.br
- mmenu-js/9.2.0/addons/navbars/navbar.tabs.js.gz
- mmenu-js/9.2.0/addons/navbars/navbar.tabs.min.js.br
- mmenu-js/9.2.0/addons/navbars/navbar.tabs.min.js.gz
- mmenu-js/9.2.0/addons/navbars/navbar.title.js.br
- mmenu-js/9.2.0/addons/navbars/navbar.title.js.gz
- mmenu-js/9.2.0/addons/navbars/navbar.title.min.js.br
- mmenu-js/9.2.0/addons/navbars/navbar.title.min.js.gz
- mmenu-js/9.2.0/addons/navbars/options.js.br
- mmenu-js/9.2.0/addons/navbars/options.js.gz
- mmenu-js/9.2.0/addons/navbars/options.min.js.br
- mmenu-js/9.2.0/addons/navbars/options.min.js.gz
- mmenu-js/9.2.0/addons/pagescroll/configs.js.br
- mmenu-js/9.2.0/addons/pagescroll/configs.js.gz
- mmenu-js/9.2.0/addons/pagescroll/configs.min.js.br
- mmenu-js/9.2.0/addons/pagescroll/configs.min.js.gz
- mmenu-js/9.2.0/addons/pagescroll/mmenu.pagescroll.js.br
- mmenu-js/9.2.0/addons/pagescroll/mmenu.pagescroll.js.gz
- mmenu-js/9.2.0/addons/pagescroll/mmenu.pagescroll.min.js.br
- mmenu-js/9.2.0/addons/pagescroll/mmenu.pagescroll.min.js.gz
- mmenu-js/9.2.0/addons/pagescroll/options.js.br
- mmenu-js/9.2.0/addons/pagescroll/options.js.gz
- mmenu-js/9.2.0/addons/pagescroll/options.min.js.br
- mmenu-js/9.2.0/addons/pagescroll/options.min.js.gz
- mmenu-js/9.2.0/addons/searchfield/configs.js.br
- mmenu-js/9.2.0/addons/searchfield/configs.js.gz
- mmenu-js/9.2.0/addons/searchfield/configs.min.js.br
- mmenu-js/9.2.0/addons/searchfield/configs.min.js.gz
- mmenu-js/9.2.0/addons/searchfield/mmenu.searchfield.css.br
- mmenu-js/9.2.0/addons/searchfield/mmenu.searchfield.css.gz
- mmenu-js/9.2.0/addons/searchfield/mmenu.searchfield.js.br
- mmenu-js/9.2.0/addons/searchfield/mmenu.searchfield.js.gz
- mmenu-js/9.2.0/addons/searchfield/mmenu.searchfield.min.css.br
- mmenu-js/9.2.0/addons/searchfield/mmenu.searchfield.min.css.gz
- mmenu-js/9.2.0/addons/searchfield/mmenu.searchfield.min.js.br
- mmenu-js/9.2.0/addons/searchfield/mmenu.searchfield.min.js.gz
- mmenu-js/9.2.0/addons/searchfield/options.js.br
- mmenu-js/9.2.0/addons/searchfield/options.js.gz
- mmenu-js/9.2.0/addons/searchfield/options.min.js.br
- mmenu-js/9.2.0/addons/searchfield/options.min.js.gz
- mmenu-js/9.2.0/addons/searchfield/translations/de.js.br
- mmenu-js/9.2.0/addons/searchfield/translations/de.js.gz
- mmenu-js/9.2.0/addons/searchfield/translations/de.min.js.br
- mmenu-js/9.2.0/addons/searchfield/translations/de.min.js.gz
- mmenu-js/9.2.0/addons/searchfield/translations/fa.js.br
- mmenu-js/9.2.0/addons/searchfield/translations/fa.js.gz
- mmenu-js/9.2.0/addons/searchfield/translations/fa.min.js.br
- mmenu-js/9.2.0/addons/searchfield/translations/fa.min.js.gz
- mmenu-js/9.2.0/addons/searchfield/translations/index.js.br
- mmenu-js/9.2.0/addons/searchfield/translations/index.js.gz
- mmenu-js/9.2.0/addons/searchfield/translations/index.min.js.br
- mmenu-js/9.2.0/addons/searchfield/translations/index.min.js.gz
- mmenu-js/9.2.0/addons/searchfield/translations/nl.js.br
- mmenu-js/9.2.0/addons/searchfield/translations/nl.js.gz
- mmenu-js/9.2.0/addons/searchfield/translations/nl.min.js.br
- mmenu-js/9.2.0/addons/searchfield/translations/nl.min.js.gz
- mmenu-js/9.2.0/addons/searchfield/translations/pt_br.js.br
- mmenu-js/9.2.0/addons/searchfield/translations/pt_br.js.gz
- mmenu-js/9.2.0/addons/searchfield/translations/pt_br.min.js.br
- mmenu-js/9.2.0/addons/searchfield/translations/pt_br.min.js.gz
- mmenu-js/9.2.0/addons/searchfield/translations/ru.js.br
- mmenu-js/9.2.0/addons/searchfield/translations/ru.js.gz
- mmenu-js/9.2.0/addons/searchfield/translations/ru.min.js.br
- mmenu-js/9.2.0/addons/searchfield/translations/ru.min.js.gz
- mmenu-js/9.2.0/addons/searchfield/translations/sk.js.br
- mmenu-js/9.2.0/addons/searchfield/translations/sk.js.gz
- mmenu-js/9.2.0/addons/searchfield/translations/sk.min.js.br
- mmenu-js/9.2.0/addons/searchfield/translations/sk.min.js.gz
- mmenu-js/9.2.0/addons/sectionindexer/mmenu.sectionindexer.css.br
- mmenu-js/9.2.0/addons/sectionindexer/mmenu.sectionindexer.css.gz
- mmenu-js/9.2.0/addons/sectionindexer/mmenu.sectionindexer.js.br
- mmenu-js/9.2.0/addons/sectionindexer/mmenu.sectionindexer.js.gz
- mmenu-js/9.2.0/addons/sectionindexer/mmenu.sectionindexer.min.css.br
- mmenu-js/9.2.0/addons/sectionindexer/mmenu.sectionindexer.min.css.gz
- mmenu-js/9.2.0/addons/sectionindexer/mmenu.sectionindexer.min.js.br
- mmenu-js/9.2.0/addons/sectionindexer/mmenu.sectionindexer.min.js.gz
- mmenu-js/9.2.0/addons/sectionindexer/options.js.br
- mmenu-js/9.2.0/addons/sectionindexer/options.js.gz
- mmenu-js/9.2.0/addons/sectionindexer/options.min.js.br
- mmenu-js/9.2.0/addons/sectionindexer/options.min.js.gz
- mmenu-js/9.2.0/addons/setselected/mmenu.setselected.css.br
- mmenu-js/9.2.0/addons/setselected/mmenu.setselected.css.gz
- mmenu-js/9.2.0/addons/setselected/mmenu.setselected.js.br
- mmenu-js/9.2.0/addons/setselected/mmenu.setselected.js.gz
- mmenu-js/9.2.0/addons/setselected/mmenu.setselected.min.css.br
- mmenu-js/9.2.0/addons/setselected/mmenu.setselected.min.css.gz
- mmenu-js/9.2.0/addons/setselected/mmenu.setselected.min.js.br
- mmenu-js/9.2.0/addons/setselected/mmenu.setselected.min.js.gz
- mmenu-js/9.2.0/addons/setselected/options.js.br
- mmenu-js/9.2.0/addons/setselected/options.js.gz
- mmenu-js/9.2.0/addons/setselected/options.min.js.br
- mmenu-js/9.2.0/addons/setselected/options.min.js.gz
- mmenu-js/9.2.0/addons/sidebar/mmenu.sidebar.css.br
- mmenu-js/9.2.0/addons/sidebar/mmenu.sidebar.css.gz
- mmenu-js/9.2.0/addons/sidebar/mmenu.sidebar.js.br
- mmenu-js/9.2.0/addons/sidebar/mmenu.sidebar.js.gz
- mmenu-js/9.2.0/addons/sidebar/mmenu.sidebar.min.css.br
- mmenu-js/9.2.0/addons/sidebar/mmenu.sidebar.min.css.gz
- mmenu-js/9.2.0/addons/sidebar/mmenu.sidebar.min.js.br
- mmenu-js/9.2.0/addons/sidebar/mmenu.sidebar.min.js.gz
- mmenu-js/9.2.0/addons/sidebar/options.js.br
- mmenu-js/9.2.0/addons/sidebar/options.js.gz
- mmenu-js/9.2.0/addons/sidebar/options.min.js.br
- mmenu-js/9.2.0/addons/sidebar/options.min.js.gz
- mmenu-js/9.2.0/core/offcanvas/configs.js.br
- mmenu-js/9.2.0/core/offcanvas/configs.js.gz
- mmenu-js/9.2.0/core/offcanvas/configs.min.js.br
- mmenu-js/9.2.0/core/offcanvas/configs.min.js.gz
- mmenu-js/9.2.0/core/offcanvas/mmenu.offcanvas.css.br
- mmenu-js/9.2.0/core/offcanvas/mmenu.offcanvas.css.gz
- mmenu-js/9.2.0/core/offcanvas/mmenu.offcanvas.js.br
- mmenu-js/9.2.0/core/offcanvas/mmenu.offcanvas.js.gz
- mmenu-js/9.2.0/core/offcanvas/mmenu.offcanvas.min.css.br
- mmenu-js/9.2.0/core/offcanvas/mmenu.offcanvas.min.css.gz
- mmenu-js/9.2.0/core/offcanvas/mmenu.offcanvas.min.js.br
- mmenu-js/9.2.0/core/offcanvas/mmenu.offcanvas.min.js.gz
- mmenu-js/9.2.0/core/offcanvas/mmenu.positioning.css.br
- mmenu-js/9.2.0/core/offcanvas/mmenu.positioning.css.gz
- mmenu-js/9.2.0/core/offcanvas/mmenu.positioning.min.css.br
- mmenu-js/9.2.0/core/offcanvas/mmenu.positioning.min.css.gz
- mmenu-js/9.2.0/core/offcanvas/options.js.br
- mmenu-js/9.2.0/core/offcanvas/options.js.gz
- mmenu-js/9.2.0/core/offcanvas/options.min.js.br
- mmenu-js/9.2.0/core/offcanvas/options.min.js.gz
- mmenu-js/9.2.0/core/offcanvas/translations/de.js.br
- mmenu-js/9.2.0/core/offcanvas/translations/de.js.gz
- mmenu-js/9.2.0/core/offcanvas/translations/de.min.js.br
- mmenu-js/9.2.0/core/offcanvas/translations/de.min.js.gz
- mmenu-js/9.2.0/core/offcanvas/translations/fa.js.br
- mmenu-js/9.2.0/core/offcanvas/translations/fa.js.gz
- mmenu-js/9.2.0/core/offcanvas/translations/fa.min.js.br
- mmenu-js/9.2.0/core/offcanvas/translations/fa.min.js.gz
- mmenu-js/9.2.0/core/offcanvas/translations/index.js.br
- mmenu-js/9.2.0/core/offcanvas/translations/index.js.gz
- mmenu-js/9.2.0/core/offcanvas/translations/index.min.js.br
- mmenu-js/9.2.0/core/offcanvas/translations/index.min.js.gz
- mmenu-js/9.2.0/core/offcanvas/translations/nl.js.br
- mmenu-js/9.2.0/core/offcanvas/translations/nl.js.gz
- mmenu-js/9.2.0/core/offcanvas/translations/nl.min.js.br
- mmenu-js/9.2.0/core/offcanvas/translations/nl.min.js.gz
- mmenu-js/9.2.0/core/offcanvas/translations/pt_br.js.br
- mmenu-js/9.2.0/core/offcanvas/translations/pt_br.js.gz
- mmenu-js/9.2.0/core/offcanvas/translations/pt_br.min.js.br
- mmenu-js/9.2.0/core/offcanvas/translations/pt_br.min.js.gz
- mmenu-js/9.2.0/core/offcanvas/translations/ru.js.br
- mmenu-js/9.2.0/core/offcanvas/translations/ru.js.gz
- mmenu-js/9.2.0/core/offcanvas/translations/ru.min.js.br
- mmenu-js/9.2.0/core/offcanvas/translations/ru.min.js.gz
- mmenu-js/9.2.0/core/offcanvas/translations/sk.js.br
- mmenu-js/9.2.0/core/offcanvas/translations/sk.js.gz
- mmenu-js/9.2.0/core/offcanvas/translations/sk.min.js.br
- mmenu-js/9.2.0/core/offcanvas/translations/sk.min.js.gz
- mmenu-js/9.2.0/core/oncanvas/configs.js.br
- mmenu-js/9.2.0/core/oncanvas/configs.js.gz
- mmenu-js/9.2.0/core/oncanvas/configs.min.js.br
- mmenu-js/9.2.0/core/oncanvas/configs.min.js.gz
- mmenu-js/9.2.0/core/oncanvas/mmenu.oncanvas.css.br
- mmenu-js/9.2.0/core/oncanvas/mmenu.oncanvas.css.gz
- mmenu-js/9.2.0/core/oncanvas/mmenu.oncanvas.js.br
- mmenu-js/9.2.0/core/oncanvas/mmenu.oncanvas.js.gz
- mmenu-js/9.2.0/core/oncanvas/mmenu.oncanvas.min.css.br
- mmenu-js/9.2.0/core/oncanvas/mmenu.oncanvas.min.css.gz
- mmenu-js/9.2.0/core/oncanvas/mmenu.oncanvas.min.js.br
- mmenu-js/9.2.0/core/oncanvas/mmenu.oncanvas.min.js.gz
- mmenu-js/9.2.0/core/oncanvas/options.js.br
- mmenu-js/9.2.0/core/oncanvas/options.js.gz
- mmenu-js/9.2.0/core/oncanvas/options.min.js.br
- mmenu-js/9.2.0/core/oncanvas/options.min.js.gz
- mmenu-js/9.2.0/core/oncanvas/translations/de.js.br
- mmenu-js/9.2.0/core/oncanvas/translations/de.js.gz
- mmenu-js/9.2.0/core/oncanvas/translations/de.min.js.br
- mmenu-js/9.2.0/core/oncanvas/translations/de.min.js.gz
- mmenu-js/9.2.0/core/oncanvas/translations/fa.js.br
- mmenu-js/9.2.0/core/oncanvas/translations/fa.js.gz
- mmenu-js/9.2.0/core/oncanvas/translations/fa.min.js.br
- mmenu-js/9.2.0/core/oncanvas/translations/fa.min.js.gz
- mmenu-js/9.2.0/core/oncanvas/translations/index.js.br
- mmenu-js/9.2.0/core/oncanvas/translations/index.js.gz
- mmenu-js/9.2.0/core/oncanvas/translations/index.min.js.br
- mmenu-js/9.2.0/core/oncanvas/translations/index.min.js.gz
- mmenu-js/9.2.0/core/oncanvas/translations/nl.js.br
- mmenu-js/9.2.0/core/oncanvas/translations/nl.js.gz
- mmenu-js/9.2.0/core/oncanvas/translations/nl.min.js.br
- mmenu-js/9.2.0/core/oncanvas/translations/nl.min.js.gz
- mmenu-js/9.2.0/core/oncanvas/translations/pt_br.js.br
- mmenu-js/9.2.0/core/oncanvas/translations/pt_br.js.gz
- mmenu-js/9.2.0/core/oncanvas/translations/pt_br.min.js.br
- mmenu-js/9.2.0/core/oncanvas/translations/pt_br.min.js.gz
- mmenu-js/9.2.0/core/oncanvas/translations/ru.js.br
- mmenu-js/9.2.0/core/oncanvas/translations/ru.js.gz
- mmenu-js/9.2.0/core/oncanvas/translations/ru.min.js.br
- mmenu-js/9.2.0/core/oncanvas/translations/ru.min.js.gz
- mmenu-js/9.2.0/core/oncanvas/translations/sk.js.br
- mmenu-js/9.2.0/core/oncanvas/translations/sk.js.gz
- mmenu-js/9.2.0/core/oncanvas/translations/sk.min.js.br
- mmenu-js/9.2.0/core/oncanvas/translations/sk.min.js.gz
- mmenu-js/9.2.0/core/scrollbugfix/mmenu.scrollbugfix.js.br
- mmenu-js/9.2.0/core/scrollbugfix/mmenu.scrollbugfix.js.gz
- mmenu-js/9.2.0/core/scrollbugfix/mmenu.scrollbugfix.min.js.br
- mmenu-js/9.2.0/core/scrollbugfix/mmenu.scrollbugfix.min.js.gz
- mmenu-js/9.2.0/core/scrollbugfix/options.js.br
- mmenu-js/9.2.0/core/scrollbugfix/options.js.gz
- mmenu-js/9.2.0/core/scrollbugfix/options.min.js.br
- mmenu-js/9.2.0/core/scrollbugfix/options.min.js.gz
- mmenu-js/9.2.0/core/theme/mmenu.theme.css.br
- mmenu-js/9.2.0/core/theme/mmenu.theme.css.gz
- mmenu-js/9.2.0/core/theme/mmenu.theme.js.br
- mmenu-js/9.2.0/core/theme/mmenu.theme.js.gz
- mmenu-js/9.2.0/core/theme/mmenu.theme.min.css.br
- mmenu-js/9.2.0/core/theme/mmenu.theme.min.css.gz
- mmenu-js/9.2.0/core/theme/mmenu.theme.min.js.br
- mmenu-js/9.2.0/core/theme/mmenu.theme.min.js.gz
- mmenu-js/9.2.0/core/theme/options.js.br
- mmenu-js/9.2.0/core/theme/options.js.gz
- mmenu-js/9.2.0/core/theme/options.min.js.br
- mmenu-js/9.2.0/core/theme/options.min.js.gz
- mmenu-js/9.2.0/mmenu.css.br
- mmenu-js/9.2.0/mmenu.css.gz
- mmenu-js/9.2.0/mmenu.js.br
- mmenu-js/9.2.0/mmenu.js.gz
- mmenu-js/9.2.0/mmenu.min.css.br
- mmenu-js/9.2.0/mmenu.min.css.gz
- mmenu-js/9.2.0/mmenu.min.js.br
- mmenu-js/9.2.0/mmenu.min.js.gz
SRIs:
- mmenu-js/9.2.0/addons/counters/mmenu.counters.js: sha512-43YgFmSYf4Run3uPclPSHSsn4FvwenfcGQ5PvdVjSvLacJ+0nwHdvHsNTVcd9AK4IO/eneVkRIPnEaM8GVWmcg==
- mmenu-js/9.2.0/addons/navbars/navbar.breadcrumbs.min.js: sha512-5CgayGArKSGdv8iz/MOKvkYLMEb6VAeJniwCSPN0OHn43L/VVmD5FMO86YskjtbR1tHpx9ZCNogxVaUP4bIeHg==
- mmenu-js/9.2.0/addons/sidebar/mmenu.sidebar.min.css: sha512-MJTEj8qEZ9smKkwWLP5vsIFxLXoeG1diHGdWPTfjWC4d01dg5geFCDn8yx8MMGS53Uzev4/x2gwKNIuwTHMFnQ==
- mmenu-js/9.2.0/core/offcanvas/mmenu.offcanvas.min.js: sha512-rknX+8Myh7utW6QVFEFA0m4bsO0ZC3ojwkqLibuvL7dgCzmTZbemCEhQ1AqIMctLkSGJqs+E7Il7tkbXTwrLOg==
- mmenu-js/9.2.0/mmenu.min.css: sha512-nNatP1G6CEh43irXY/GN4cDcLRX/R0jAYAV/ulFZcotSXcuIQE5Do4TuDOYNAD2SCIpmIbaYSllyjTysSCkpEw==
- mmenu-js/9.2.0/addons/counters/mmenu.counters.min.css: sha512-fMtX4sGRflcuPoBiSkZHtI1T0xQbgmUNgvLVHa8j3D1QY/a1n1ikCqeki6v1wE9lW/LENxYve4TmEWMcylecMg==
- mmenu-js/9.2.0/addons/searchfield/mmenu.searchfield.min.css: sha512-I5zirwuSdC3CIIXuo6rDHuZZ32R/XdWGIwlhqulS4nzDgOCWMO+6rNqi1iLAzk11Gb+SYw1YKO07JY8Yc3RKpA==
- mmenu-js/9.2.0/addons/searchfield/translations/nl.js: sha512-+NSZAqk4MrAO3pG2aMI63Mp8R3ifTtzjYMGeIWKDVY2O6yv6kEtNR7MqfFxd0/hRU/dWkyiiGRDvfnURFetTbQ==
- mmenu-js/9.2.0/addons/sidebar/mmenu.sidebar.js: sha512-Cd/7kGocdVY2PYZx2WVVU98H4hmpDCNN4j9r4bU93miPNne6WXk0f7nooBScg/n+0gwFRw/XgJQtCxCoW9VoVw==
- mmenu-js/9.2.0/core/oncanvas/mmenu.oncanvas.min.css: sha512-y1RUlD7rjSfotfjRoQYlmDrXIfgeJLHf7D/poLiPoa2xPcjLKF36Snw3JtTyD0GsEBdD2yPrkqo7S7EB2jamsw==
- mmenu-js/9.2.0/core/offcanvas/options.js: sha512-tby8Jv6+XRg/IX8VC1gsSWwpQBaqKD/ohQQKoO0TnxU7FC5TdH7BBDqhm/loO5w3c6z+sKq88blInvqsZLj9Sw==
- mmenu-js/9.2.0/core/offcanvas/translations/de.js: sha512-Tzd1BghgG8tOaoGNwB91EVrrXqz8mpGVzUyiGaKLR1pm/MafzowjczAnksETiRQVtTZvBBx9oW6liZDGEx0YKA==
- mmenu-js/9.2.0/_modules/matchmedia.min.js: sha512-rUhUkW+kEpqyAOg1jd6RS39WpzVYsBjpr0nBT1dNm7LDuX04WAwCvNH4gHxDNPPdHNQ4G+ZRU5pKGkU/MWhUkw==
- mmenu-js/9.2.0/addons/counters/mmenu.counters.css: sha512-fMtX4sGRflcuPoBiSkZHtI1T0xQbgmUNgvLVHa8j3D1QY/a1n1ikCqeki6v1wE9lW/LENxYve4TmEWMcylecMg==
- mmenu-js/9.2.0/addons/iconpanels/_options.js: sha512-gt1diM51JFTb+Jgejw/DYn+Z+om6NQPIniiN1wutI8WcOdfKs5BffJMfAni9wuOoEQhO+ib2KhSIb0kv1KtMUg==
- mmenu-js/9.2.0/addons/iconpanels/_options.min.js: sha512-X49gPJ1ZQWgXkh1GYFxuwEN3kpXS9Kf2K8xqOYxueG8KNDr1EVonw45sKj2QB6BdruwVUH4HZ9+tfGAMfqoc7A==
- mmenu-js/9.2.0/addons/searchfield/options.min.js: sha512-owLDLOUx4/m/wTG4BehztvtHZVpkZIt/bkJnGB30hiknl3UW7htkCT25Vps4VRFSgcTYvcQUzV6HhsaAH1Kv0Q==
- mmenu-js/9.2.0/addons/searchfield/translations/fa.min.js: sha512-2wMwshrXMkgzuRuG377oMQQimQQwoyAus5R/3SZIhcQdKIYIMnqI6o5E4Sx/ZXyfN9sTecj6GmiUmGNXJn4YgA==
- mmenu-js/9.2.0/core/oncanvas/translations/de.js: sha512-ld45FEr1IlZEhZGdB0ipcIsNNYZ7L5qgmjfXAo+NVt8iFKLR2awYkGHnKjB+y/GuwjogwckZnUFQufvYcF5LSw==
- mmenu-js/9.2.0/core/oncanvas/translations/pt_br.min.js: sha512-WNyP8XMzqea/bVMwAcNefdT3YL4+TPSXZt19zo1yLDARhGslsHbTGPOvxuhcE2bJmoTpm8kM6qxAu1el0MoxbA==
- mmenu-js/9.2.0/addons/counters/mmenu.counters.min.js: sha512-jrQk5JgfFRq8w4d0jtXKMZ70BmsnERMLT+Qh48goSzjoUZKxwXrL0jWJMrI83RUqEbGKRWI+lDpmaTNoh+CYiA==
- mmenu-js/9.2.0/addons/navbars/navbar.prev.js: sha512-3mIgJgomSubj50hO7oZpq/GmxWJ7YQEpgUgt2PnbSMd8/LS46EGCR47C3i1hnXacWnnBjvG13k+pIn38rpODvw==
- mmenu-js/9.2.0/addons/navbars/navbar.searchfield.js: sha512-tBZEQPN9UO7twlqkoUJfa+64dGd4z8cczMqs2SwEZ/qHB3yHQzEESqqeWh+SxVOGo2XkfE07ikMnNW51mw/omA==
- mmenu-js/9.2.0/addons/navbars/navbar.tabs.min.js: sha512-e3PpXa0v2WNNLsvoX+Q0McT5vk+MRIXlBJKncPqeenJ8uTTm1WsMQO6AU+vHxj0+Qowseg31eTDnBIJxYl8YGA==
- mmenu-js/9.2.0/addons/sectionindexer/options.min.js: sha512-X6YFZtE//Cpb7Exr1786vK/WEkBXyrk2LKjXrr5DBSx/w+VW+URQ0g/83xIeM8rvuPE/mKJcNctEV9N4J5OxVw==
- mmenu-js/9.2.0/addons/setselected/mmenu.setselected.css: sha512-Sm0dzEbKZpRVprVR2BaTc50TCGFsI2/LSyHYxixMm2k/Pv4ApJo4S8xSbrGAwLm8dgzM3Z/hRaTD3+fqORzFXg==
- mmenu-js/9.2.0/addons/setselected/mmenu.setselected.min.css: sha512-Sm0dzEbKZpRVprVR2BaTc50TCGFsI2/LSyHYxixMm2k/Pv4ApJo4S8xSbrGAwLm8dgzM3Z/hRaTD3+fqORzFXg==
- mmenu-js/9.2.0/addons/sidebar/mmenu.sidebar.css: sha512-MJTEj8qEZ9smKkwWLP5vsIFxLXoeG1diHGdWPTfjWC4d01dg5geFCDn8yx8MMGS53Uzev4/x2gwKNIuwTHMFnQ==
- mmenu-js/9.2.0/core/oncanvas/mmenu.oncanvas.min.js: sha512-kDHo+edlV9J0FeH3CdDtYDp43gZherDA3ro/uNe1BUoxhMWrJvGs5zFcfMUGAx0rjF9QyZ9asY0+PRhCvFMT+Q==
- mmenu-js/9.2.0/mmenu.min.js: sha512-8pH8FBkIpFo5JcidApPnHV+UZ/QnmPJ7jOGHyxxi2Fzv0bUzU2LyML2EbJkukDFBijB1vdvG61F6EZXwnEm71w==
- mmenu-js/9.2.0/addons/searchfield/translations/sk.js: sha512-IFqjNwpIwirQMc6AoDVuLdg+Ky9hw7ccGIGNI5N/6JjuI2XU9r09X9k9UcDFDRsT15yJnylYkmz0v0/rQf8ZfA==
- mmenu-js/9.2.0/core/theme/mmenu.theme.min.js: sha512-YHBeo1uO5g0uXexSnaQ503Ps7xfu/ZCNCM/Uj7lreGvi3sKCKq75KU4l9xcPtq62fb/Vwi4yt2avK14v9N8Z7g==
- mmenu-js/9.2.0/addons/backbutton/mmenu.backbutton.js: sha512-CyJL2wVk/f4kTGIjA82G+4ZVcmJl06nlrLnSCxpPkY8GTIqJN56OB2K0P9z1EjtKXEBP7rvUdunWazJEkibaZg==
- mmenu-js/9.2.0/addons/navbars/navbar.breadcrumbs.js: sha512-lSu8pZnw1AX0XIglQmFDt3NcoMv1gPqZCahTzdVZ1LwAsmFPqy8GWuT6keeEhxbYYBT97HYW4lHD0pRzsYpQpw==
- mmenu-js/9.2.0/addons/navbars/navbar.title.min.js: sha512-zYQdJZUaXAs2e9rnKA4HsHYdHVzwbXzrF6GTB6zjH7ykyZ+V3z47DRXzEt0R0/kIMXVg9EkgBGOnni+xpMC6Fw==
- mmenu-js/9.2.0/addons/navbars/options.js: sha512-Kp6HRbVqLpty2PsGVL/bqsX6XWIRwgbMUZSI4qo5i+Q7EqkBJgFImxzM5jWGIKQvKEIEgWmoOL6qVUW6P/N9Sw==
- mmenu-js/9.2.0/addons/pagescroll/mmenu.pagescroll.js: sha512-Ok6rKLDblPc5cktCPUc3rwVj0w2czTs1jmV8CVHCToETTajE+aHE7U/HSyYwVlw+jDyhInCPvMqjE7i+EKBVNQ==
- mmenu-js/9.2.0/addons/pagescroll/options.js: sha512-16EorZu8KxX9cbB9YRasEk06WKBl2Du35IIG+fjv7jLiwb1yGUHHAVMEdIbw1gva5FQITGcNpIazFzp+eKW+AA==
- mmenu-js/9.2.0/addons/iconpanels/mmenu.iconpanels.js: sha512-lR4vWOup47pEbKtbS4rKOnSKsuW5W+kTQLkyUItcX/JbOzTqtbalnD3dUWmXF+IazD7C0tjTGGWoRN4R1ItOSA==
- mmenu-js/9.2.0/addons/pagescroll/configs.js: sha512-5smf1j+5Ut9uops+zfXHCivhhh7+Q6mgr06gLG9Q5GWHPJtTov1c9UUI0PAV7bni3eeZGPZJryAOtwMkl63ieA==
- mmenu-js/9.2.0/addons/sectionindexer/mmenu.sectionindexer.css: sha512-aFnX5ek7+BF2ckF/Imva+r7huzZWhnLW8iV8o1zFBkDfZaDL4WsQHFC+qY3Cn/ZncBfHAgOOirytZKJ9xKIjBQ==
- mmenu-js/9.2.0/core/theme/options.js: sha512-wMeaHmMBLVuMV1aTWcLvVJsrYdA0JPCUQlR1ZOrIC7inLPHV3fupzaHNEYngpXAVwXspBSRa1S45BZ4IHefQKQ==
- mmenu-js/9.2.0/_modules/matchmedia.js: sha512-ev/RHPeR04/A3iP4KprkD63q31lDfSH4dCKF73FwrA1vlIIN8OaFsjcxpPhmL/T6qNc3VyMAR0brEHZUEX7NYw==
- mmenu-js/9.2.0/addons/searchfield/mmenu.searchfield.js: sha512-CYuki+zV/rGvVOxAkZfHn+ZFcA2mp8XXGmfIzgWMQbZw6JoLFvjVw/TnqqjzLxMtIKqywJZA0F62B2GPIJlOMA==
- mmenu-js/9.2.0/core/offcanvas/translations/index.min.js: sha512-Oj2H9GPtXu44gFPj3iyFL7Savr9C5Sa1QCQIGrUbze0w/zjBCF4my/B71KgqrHV2xOlf1hU12eF4GG8h7hFInA==
- mmenu-js/9.2.0/core/oncanvas/options.js: sha512-qBwaiK96iUgSgz0sTU/4cGMD92tMS80dbu2jTdqmxpv9S0WbvsXaJ5GG9RwgQGP4jV1o4kuLaYXegV6KOCpxMA==
- mmenu-js/9.2.0/addons/navbars/options.min.js: sha512-FqY4r/5AzH9sCVQtltp6FkP3WnIordhIjRy7eJVW9tM5yTX1N4tFG1w/APmv41eSxDeo2zK/RySlzxlqiPqmog==
- mmenu-js/9.2.0/core/offcanvas/configs.min.js: sha512-zpI8/sHjTlNZkHzR2YoC/fPXKWv0Z4DeU+rjTcAqlP5p47+9McW7KXCGSQ4dBX3s+/TYd824Wbn5cAxiFGJaSQ==
- mmenu-js/9.2.0/_modules/i18n.js: sha512-YlyCuFsJ/O7v5KhtOvQ7ffdKsWNtXxNOEFr67DBlKcrHAmPDe1m/JmqG3k1N9kYrWN2ArHNafCk2gXyffbKwQg==
- mmenu-js/9.2.0/core/offcanvas/mmenu.offcanvas.js: sha512-aMZkUec2Kk3EGCDcV/l27eqbULyTDoBA2WGODEn/RZDV+mA8orNIAf10u0vz43ZgrtP25hqoPvJ6azRvvHsFpw==
- mmenu-js/9.2.0/_modules/support.min.js: sha512-Yt4b8qocuK1i/4ct8IcCEGzP1z/CGTDeMHXOEJkjjR+kZ+iktA58b7iMCj34vdSDCOviAvIiFgweBXS5meAuUA==
- mmenu-js/9.2.0/addons/searchfield/translations/nl.min.js: sha512-49gZdM4mnfZKFb+D7x1pX+AkyX8MdnNFkVwigTGzpuO2HfLTOWvOrmYZ/U+ZK/9sIyvCIvUFZv8mXw6vmr6Y8Q==
- mmenu-js/9.2.0/addons/sectionindexer/options.js: sha512-AS8aXfs7nuDB61i2ZEcnWpAAqk3T53OnCLGU2Bg7t60KDuuCPtzRMiJx11QL2t8g0+Wu8O07XOukHMlk3C/Tzw==
- mmenu-js/9.2.0/core/offcanvas/translations/fa.js: sha512-L3SV7b4d4YW5JMK235/nVSB0RGM4YcCNItSo8E2DepTU/d43qaSczcV/k32d+ZIy17CH323W0/q0uJFh96gzzA==
- mmenu-js/9.2.0/core/offcanvas/translations/sk.min.js: sha512-LB/UTZw/ZzuXRkD8P7d6L7rQettSm14If1k4i5vQ+lCZemoKbmMrTgz6uF9IAGrFuxFSsFjVoKgeI4aO6t139Q==
- mmenu-js/9.2.0/core/theme/mmenu.theme.css: sha512-shQnDlpoRRnCablPYG6byTuNMaycE9VIXWRBHCTn5GoMC6+SsjxAK1QZNYiSLAU4QV9L3U7+LGgdpbz2zYFDrw==
- mmenu-js/9.2.0/addons/backbutton/options.min.js: sha512-eLPCx5DPjoXJrcwrr/BiPpMTsD04FolDADyDgAPC+7gpEDAWIfiMaFif/u8w9z91ztQSkXNQ0R9HBDS+2iqi9Q==
- mmenu-js/9.2.0/addons/navbars/mmenu.navbars.css: sha512-9lyM+55mC2SpXPQjd1tCl7r6LDouvuQk2FLdLa1uovFC3s+SWOsDW1A5Ybr/fBhRQhvO/Jz8Dnh7ujOZoX844g==
- mmenu-js/9.2.0/addons/pagescroll/configs.min.js: sha512-JtPZ+0f0ZsZn2P40/FhZnAGKgX1FYdLLSfiLOPUiNsR6cGjBiEQpt4/weMlhKKepYBzFs1DjiYHKqkXyCeJ2MA==
- mmenu-js/9.2.0/addons/searchfield/configs.js: sha512-V9T0Nk61XyJa4xKoYm3EyDmlokAchqsamFf5QQfoM4iDjcsGWR2iB5hcTRQrMZg68Tmv0xyVg57Hnxs+MhF77A==
- mmenu-js/9.2.0/addons/searchfield/translations/index.js: sha512-U7ovP0ZjJYMiBShIK8SQ5RZf8m1Q4OPQaYJtDAL81p8N9bfELfqtRGb4Cr/020YRfPmyZs5AW4w4G8VZ3TSajw==
- mmenu-js/9.2.0/core/oncanvas/configs.min.js: sha512-gtassm1Q0J0xCZWuloNeYTfp6Jk1Ftq9FDmm2cWB/eH7XMfUfkeBrROsQI2xdHCdtXCl8McrFFmNwwp5xPFAQQ==
- mmenu-js/9.2.0/core/oncanvas/translations/fa.js: sha512-w1qTHr8sJKw9xDxKz+bHm2K0RDiIlhn4AFBmrgvW8zl5orQC59ps08iyvL/ds3bzIgY9zJGRK3iU07SkILUzCA==
- mmenu-js/9.2.0/_modules/helpers.min.js: sha512-PsBzP26uiC82QSzs/9RgAj79MdHZ+RloLMj/WRlym4gZsYobfkNHsRrNZXFykrkH1yHt9IwkQwjAxhQltlM8WA==
- mmenu-js/9.2.0/addons/iconbar/mmenu.iconbar.css: sha512-my+yXCoqGHawDB+9NdjMBnqeWFQ29g0yBvZuaRr1qaUdd/IBdiGWit4Blh9AovxrahuqTyHoffXSzWQ5NzwXxg==
- mmenu-js/9.2.0/addons/iconbar/mmenu.iconbar.js: sha512-vRB69brzEGJygBPjKJamDumhKB9up7V32ogpi3POY8NJ/7DtDWFUVo/UGbJHM23WYVolCfZr2VHQ0Vp2tviZkQ==
- mmenu-js/9.2.0/addons/searchfield/mmenu.searchfield.min.js: sha512-Gwsuo6JCzkiaBuqSq5L78zFPXiBTvU4sMLhPyWBQiA1gf425fBCoJTrMD43eKZq9O620Kko6IbSF7e2A02zV+g==
- mmenu-js/9.2.0/addons/searchfield/translations/ru.min.js: sha512-8J0dUfKFVCJX1mnW+VNoEgPGlL0mDZ3CNUU1Mv5Z30lorNZpWHia8pck2S1OalsH52NH7dd6CBrhjf2Y7M8new==
- mmenu-js/9.2.0/core/offcanvas/translations/fa.min.js: sha512-2obC2BA9drAK4gWHFj70xHL1EHhz0EgmLxdiXounBU/GNv8cEnxsNhhgAQ05toEkIgfRoHobJ2AML7uBnxPPUA==
- mmenu-js/9.2.0/addons/searchfield/translations/pt_br.min.js: sha512-rUrNnWvmv5EiQYWpk+JxSMqq1eWmPIZxfZwaakIZfeVJiqXrJOtx7DlPpSI9RC25hDSSMvxh6Uxk6aWUc0aCjg==
- mmenu-js/9.2.0/addons/sectionindexer/mmenu.sectionindexer.js: sha512-wiAQrvypqeBtiGqCAiP/XJfx+kwecDdVC4bPLhKuE5AVx0KwUERRRWIQ14gNQHNMr1jfsDOqhQq7DjKgM0xbrg==
- mmenu-js/9.2.0/core/oncanvas/translations/fa.min.js: sha512-p1ym/IzUShXdxKvktweNPodjzari4v/Fx08AxKe6FfjozWyt4EPMagqBBVeFgf1yvlxBoho1JAboYOLjoNCTjA==
- mmenu-js/9.2.0/addons/counters/options.min.js: sha512-J8EIMzOaftyHOI5vmZIEg+eStpEDUCNhrOk4H1CPUAhkUgA4T2bfv9AuBEnfHzt/p7bBvjliN4u/str1ujSt+g==
- mmenu-js/9.2.0/addons/iconbar/mmenu.iconbar.min.css: sha512-my+yXCoqGHawDB+9NdjMBnqeWFQ29g0yBvZuaRr1qaUdd/IBdiGWit4Blh9AovxrahuqTyHoffXSzWQ5NzwXxg==
- mmenu-js/9.2.0/addons/iconbar/options.min.js: sha512-TJ/r29UBkqbZa1EE8rDj2zYutH74hS59T9sctYCucVKgN/Vld4JYFlb3Ap2DvALlILberZQu65Xz8BXGkQpRkg==
- mmenu-js/9.2.0/addons/pagescroll/options.min.js: sha512-TnCIFKr0JLarAVJOHwEVXYNT9bc+P2rjqKhQZGyw7S8rvw2sppmV0edfLGVV0OH6jWkaceQ6mIefGbhy1v28IA==
- mmenu-js/9.2.0/addons/searchfield/translations/index.min.js: sha512-Oj2H9GPtXu44gFPj3iyFL7Savr9C5Sa1QCQIGrUbze0w/zjBCF4my/B71KgqrHV2xOlf1hU12eF4GG8h7hFInA==
- mmenu-js/9.2.0/addons/setselected/mmenu.setselected.min.js: sha512-xThWXQu0FvCU0e/mYnAICCetdZIWQC0s5IHNhY87sOSuh7Cl7linDDWArXDiQIqs3439DxQKmz4YQRhhIXBKNQ==
- mmenu-js/9.2.0/addons/iconbar/mmenu.iconbar.min.js: sha512-ycntu+EsHfLVIEa0mh8Mh7PUpA+8S2sIFGCyojTzgbZUoJSrywqwoOurwbMktqPkC+AW7hcMKlB4CLTg6hEtvQ==
- mmenu-js/9.2.0/addons/navbars/navbar.title.js: sha512-ftrhiUvkQn34aGAopb9mj69ngs/YcAlMVBm6365DI4KycOCcQXCotQ3gkUb33MokIbmPj42bRiyRwI2cox6fuw==
- mmenu-js/9.2.0/core/offcanvas/translations/sk.js: sha512-10S9xSEiNO/G1q5D1wogZa7EK8xLjFnWxynijX0iERE+wGchLkTvKy7Gfk2lHusgHLaxpdDnCMznM/+2Wg5+hw==
- mmenu-js/9.2.0/core/oncanvas/translations/ru.min.js: sha512-swbfXRsTDmh3uliLCfciJjjjF8622lOiFm5c+oIzqVJ2njw3EbawX47s8W0iCRERS4xfyz4LC5ixfPmqYEfhYw==
- mmenu-js/9.2.0/addons/navbars/mmenu.navbars.js: sha512-fr6FUkAEF0vFOuqYs0guprHKwpbDtKD4r4sS9wrCPZ9rLS387x++NeoT3rfvuuvpLqA6MSAEoBUsW+tFrsHk3w==
- mmenu-js/9.2.0/addons/navbars/navbar.prev.min.js: sha512-I4HVfpwB+1hAz7BBN7aPaaW+1qvEPGpTPlb/5bguntFx+FNb2aCA/mHkSxc3OH/Q7tJbCQyuThg+UP2DaO0v0w==
- mmenu-js/9.2.0/addons/searchfield/translations/pt_br.js: sha512-j0vNlNyRsLgl9WndQvBzj2vG5n7jocf6LoDXfKtGmIfC8qGjePcyMYpuMjeY3yZD03u/z/uN2ZOQ+W2yM5xJOA==
- mmenu-js/9.2.0/core/oncanvas/mmenu.oncanvas.css: sha512-y1RUlD7rjSfotfjRoQYlmDrXIfgeJLHf7D/poLiPoa2xPcjLKF36Snw3JtTyD0GsEBdD2yPrkqo7S7EB2jamsw==
- mmenu-js/9.2.0/core/theme/mmenu.theme.min.css: sha512-shQnDlpoRRnCablPYG6byTuNMaycE9VIXWRBHCTn5GoMC6+SsjxAK1QZNYiSLAU4QV9L3U7+LGgdpbz2zYFDrw==
- mmenu-js/9.2.0/core/offcanvas/options.min.js: sha512-VjFKVKKRmitcrONNVqn1cq0ULZYYv5JLmzegDMOl12T+PmHIaTugmtea0eg7Jj4DgryT3AlJBtWLU7+tYj3ZFQ==
- mmenu-js/9.2.0/core/offcanvas/translations/nl.min.js: sha512-vUdClxFbqd5A6gkklAWK/2C+d22o9MUE9Lve+hB7z/gZRVWAz7q4Svvf97dJSQooEtchqPQ1/H6wE+UKaU5TTg==
- mmenu-js/9.2.0/core/oncanvas/translations/sk.js: sha512-s+hq7Zt23KNX4xiav/ag9mgCQfXSe4WvihdY6vHrhpJjSjyiPYl56PbIv5ZLt/2Ak0PYpw9/AFDA2Kgh9zAldg==
- mmenu-js/9.2.0/mmenu.css: sha512-nNatP1G6CEh43irXY/GN4cDcLRX/R0jAYAV/ulFZcotSXcuIQE5Do4TuDOYNAD2SCIpmIbaYSllyjTysSCkpEw==
- mmenu-js/9.2.0/addons/searchfield/translations/de.min.js: sha512-Ny6/1JLgmgqt1WsS880YgBqg7UC1cECyj9yirBEssh4I0SWl16cVjeg7pIcKz+ooNU37xTEdWRlo21WDyb/vpg==
- mmenu-js/9.2.0/addons/searchfield/translations/sk.min.js: sha512-3g6ka/Ex3U7hqLt5s+GeWaq7evjaFV1bNng1q1HetktChgISCFUht5LqkgF+tEn/iyJInYCv8Jin6nQ9VRLpBw==
- mmenu-js/9.2.0/addons/sidebar/mmenu.sidebar.min.js: sha512-mIObaGqubp13cVaTd5Hs+ip7drt4s8wrLgiVrBTJPbMXdriqaqY5NrankDmU6s70GJBhHzREbDoIN52PQIGjYA==
- mmenu-js/9.2.0/addons/sidebar/options.js: sha512-I1VirCIHX2+oIa0Msggq6pqjnB8YetT1dhyLNqcmEQOLPLykaspDAAu/YA+UOmv9uYQZVZRX0p9A/L3IbRVImw==
- mmenu-js/9.2.0/core/offcanvas/translations/nl.js: sha512-l4Lkgw6LJjCglEhzWV8pXlceMT3Z6ecL9nHmv7/54LDu2ZYlVGHXABG5LupN/U+O2iooDK6RV8AFLR0vb3ONlQ==
- mmenu-js/9.2.0/addons/searchfield/options.js: sha512-l1bMloJQxd7plBOkBLA+UyzjT4C/aSFTf6RiOAjYlsD0UnYL1ybT1NxDNHobFRb/k/ncDagGNky5HrseItHeeg==
- mmenu-js/9.2.0/addons/sectionindexer/mmenu.sectionindexer.min.js: sha512-6nMqmuYH6MSZR5ix2qQcB2euTtno0tolWSTAYHtqhLOhu8JUN9beg1ZaerFaiFoqFHZ5yn0k4huM7gACQZJJ+A==
- mmenu-js/9.2.0/core/offcanvas/translations/de.min.js: sha512-wd53yL8Gdb2BlhanZCco0YU+u3kOECkcOcNbrdwtF9CIBV6OTzR8oc0m0srUJG1IDYwDsxrfgzuD3E00uJGaxQ==
- mmenu-js/9.2.0/core/oncanvas/translations/index.min.js: sha512-Oj2H9GPtXu44gFPj3iyFL7Savr9C5Sa1QCQIGrUbze0w/zjBCF4my/B71KgqrHV2xOlf1hU12eF4GG8h7hFInA==
- mmenu-js/9.2.0/core/oncanvas/translations/sk.min.js: sha512-bnyA68LyCPVdntXq/KusoXsEjrwLireqyAn5dKj0PiquSGYFAPcZSS37TVyWTbh3EuDUyLQQds13M7zkPgKyKg==
- mmenu-js/9.2.0/core/theme/mmenu.theme.js: sha512-5f+Z4wOxyfTuuDu527EudhKGUKL+0HrBGLBzTxPGbGk0dpwN4O5ypHPwgotXD2lWxQbY06DfBM715u03Bh4t8g==
- mmenu-js/9.2.0/core/offcanvas/mmenu.offcanvas.css: sha512-TEb1RkEUTQh/BSxR84Jd+7JSPTaaja44cbebBYlW4c+qj5+/noxLMYj7f4AoLLPKvDZU3deLWSayiGCYUZHWOw==
- mmenu-js/9.2.0/core/scrollbugfix/options.js: sha512-MOaE9XJi+dGtNl3ccIbqSosJhm5gA9Isle1PykdfD9Qk8ZXi6ldhVJ6sIfSgF/Otju0La5wk0CMvcdkS8H6AiA==
- mmenu-js/9.2.0/addons/counters/options.js: sha512-puM2xSuuskoaw8yZk7gH0cowC3b8RILz9oOAfXykJhRVaYjLpw6lDQngp093lWLJzk+HwiciwO3mWCTWXENZXA==
- mmenu-js/9.2.0/addons/navbars/navbar.close.min.js: sha512-X/TRYWRnMPU8wDKxK74hPX5QWDa6Fwvk5MNqwuu7ro8YLVpWhemJmWqQBG+OfERbZ02hJmiz71DeecLSgHjF2Q==
- mmenu-js/9.2.0/addons/navbars/navbar.tabs.js: sha512-zJjju2+9TdUtYXtns6M+0DFcNFDymBoWwKfjbGSvAWihKql2w68pxu6q8DCfomGFHGICn0dWniZZGPfUE5zgYw==
- mmenu-js/9.2.0/addons/sidebar/options.min.js: sha512-ACm43SKBKrlyvPOc1R8cPpu/7o5s5GBNCkuN7bwkLtQ4A/2EHclggItxImOHdlY4SZy64f7icWj+nGqJTxIoPA==
- mmenu-js/9.2.0/core/oncanvas/mmenu.oncanvas.js: sha512-/LZ6O3odom8bMHXl53Vz4BF8h42JD7dZaWOjhqHSmxMwY32ar6y6+9QciwqXsvnomNZvtESX805t0XzDLPligA==
- mmenu-js/9.2.0/core/scrollbugfix/mmenu.scrollbugfix.js: sha512-1YRDzKDuT+FbsQaxT0QcwQVqpOXknAVRj1VHUAV60H04b3AGTsu5G+6Ongfd8CpQFcqDcEroZV5/YHqEzKFojQ==
- mmenu-js/9.2.0/addons/navbars/configs.min.js: sha512-C0QvrAmxoEKXohJhHTEVNpdX5PPZaJ02n/i5V9rLGhvSV0MLvWR5MY+m1rJvzxKf+zbD7cFG6W5aaLhjHj7X/A==
- mmenu-js/9.2.0/addons/searchfield/translations/ru.js: sha512-KVe00ZQo16Y8p6uKw8umpRY2Yw1yksIoHbfR6orQSRPwfQiE2DaKzxKpTpmFApXl9WkD23ZhmdEfezPI8ddXqA==
- mmenu-js/9.2.0/core/offcanvas/translations/ru.js: sha512-DlEenX2bbw0LyAVana32qvJImMcVln0mYMplIBnP1gSgrBebDzWAjaLWkVkE78EmeAKwDbff94tSsegGurzKMw==
- mmenu-js/9.2.0/core/scrollbugfix/options.min.js: sha512-QBOOqKJTITUlGUP9jG+fkDn/waAZ+JM3/16g/MRcHiHzn1t+mW4m7N5w2QD7Dnrw/Chla3ATIb0AwTGHC8dadQ==
- mmenu-js/9.2.0/_modules/dom.js: sha512-PWubaVb9KxUFKOgehM8wsR1ZtPY0gRXepxn4o3IUaH3abVQ9RJaKzVnM84uNG+MEvOXPBktgO7syFSVY0kDlLA==
- mmenu-js/9.2.0/addons/searchfield/translations/fa.js: sha512-8jbrZFxZwoOcrbm9ssJH/XlpuiPZWwNEnMabvAEPYM5J3bUZhe/SEU2RCG4N+C5aG+VWXKQDqPNOQ0qXGWAPTQ==
- mmenu-js/9.2.0/core/theme/options.min.js: sha512-eN3gJ3DFVdMft5pEovWtafP6E5+Cz1guZMeUMPlfWSwD4HboyemkGns3k6twPCZnUPVDK2SfSB0jgnaQoWYOtQ==
- mmenu-js/9.2.0/addons/backbutton/mmenu.backbutton.min.js: sha512-ek8GGvRHaLNjs1R92Ghfs72Loiwt8XRIFSYKCFPNytvifuP7J8S74eVp7MKjnebqvGpoXEfZZKe3+YlkioE0uQ==
- mmenu-js/9.2.0/core/offcanvas/translations/index.js: sha512-U7ovP0ZjJYMiBShIK8SQ5RZf8m1Q4OPQaYJtDAL81p8N9bfELfqtRGb4Cr/020YRfPmyZs5AW4w4G8VZ3TSajw==
- mmenu-js/9.2.0/core/oncanvas/options.min.js: sha512-b8XbYJhkuMADzc0ailHLcYMAV9xo0qPQ1FQ+xg6PIU1qXeN9VIn/jQU69lEJWuBnpmXrcwzZ1IbPMzsI82qhFQ==
- mmenu-js/9.2.0/core/oncanvas/translations/nl.min.js: sha512-1DSG2x4fnTM/EVijAoVM3HSJ6tN5ipg/3qDeVfM6QuyrU+iTNCCgWiR5b86ABfjTI7vlzRhjUGAp1xj8zF7nxg==
- mmenu-js/9.2.0/mmenu.js: sha512-qxFojA1Tj+vpMCTq+OKdmLvANffypm+ITLJ5GfWnCBD3UADtCWQb+2SDHOaL+1i0GVJYZQ4IQFggCm14YUaEBw==
- mmenu-js/9.2.0/_modules/eventlisteners.min.js: sha512-NIpzJVVVqaxnE2+HIw1yBT6N/4kDKCyUbHdatrTw3dh3ejwwSBFLxRLmtH+N7XlTmtIhdk0/2Ml011DkdkH+1w==
- mmenu-js/9.2.0/_modules/support.js: sha512-EsmItJcjglu0PIPqK49+USNG6ijw1uzcLSWmapF3ilvAZmJYEb4XSEcYjJKxODR6r3+qIZYnT8OQyVBz4iObCg==
- mmenu-js/9.2.0/addons/iconpanels/mmenu.iconpanels.min.js: sha512-V9InpCyf3jaEDfYPxtY54mZbij4Vwfe1QkuJJTqHg8rxSRGEvkx0+jbt1RgL1+XSC3XJxRI4ln1s3BoSgkTXJQ==
- mmenu-js/9.2.0/addons/navbars/configs.js: sha512-Bmiu8c8r4iIW2SAu3JtGuPMS4hMTGYhw3VpDG9hD8gFzXMrdMpzY+41Pe2EGa1WmAas3X0EKPgovXL40BcvyJg==
- mmenu-js/9.2.0/core/oncanvas/translations/index.js: sha512-U7ovP0ZjJYMiBShIK8SQ5RZf8m1Q4OPQaYJtDAL81p8N9bfELfqtRGb4Cr/020YRfPmyZs5AW4w4G8VZ3TSajw==
- mmenu-js/9.2.0/core/oncanvas/translations/nl.js: sha512-2ciJEjB2nuyt80rBiwIspRkZO8Jy56xzME7zAus++FcfQD+Wg4p3ttHvxtRa0dXTLesBkL6eMJIsXD5Q9Cmk6g==
- mmenu-js/9.2.0/addons/iconbar/options.js: sha512-vvYpfyF5qSDueKMgkXKQfDIHfNq74PhXBVNVLx1EkanARdeLXMCLL8uuvT0xRAU+I4iISRN1/VtZfjn8u/cG4g==
- mmenu-js/9.2.0/addons/searchfield/mmenu.searchfield.css: sha512-I5zirwuSdC3CIIXuo6rDHuZZ32R/XdWGIwlhqulS4nzDgOCWMO+6rNqi1iLAzk11Gb+SYw1YKO07JY8Yc3RKpA==
- mmenu-js/9.2.0/addons/setselected/options.min.js: sha512-KG3hP++axE5t2WDlqgT0JWEfbf7k6Rx4RrJ1zzsitGDzip3HvitTX5E6KhXfYc6c+p8NWaJ7S9u7YT6fWlAPcQ==
- mmenu-js/9.2.0/core/offcanvas/configs.js: sha512-aLQYEjtVtjiD+YPjmFsG29vpPozFaFCMFaNjgjOhRBCtWtUkuD6Ggg6NgBcFjQu6bJcv4ieFNYz1EyG0APT+ng==
- mmenu-js/9.2.0/core/offcanvas/mmenu.positioning.css: sha512-zn23hHH4sYmbF8/3i4lHRFe76mzzrZvyhz2PRdbqgviTj9OJBcqgTEiEFANzewWXQkGP2ZvI814Ng1VX1PSNbw==
- mmenu-js/9.2.0/core/oncanvas/translations/de.min.js: sha512-qyEfPHfoiqk5jLYVTC17s0+Z49ZrOELflc32pSOoV4qt4eAG8y20zIEMXs+DQu8/s2CagNpjow8m6KlQhyQnhA==
- mmenu-js/9.2.0/addons/setselected/mmenu.setselected.js: sha512-uYUgyTIq5dxNIIAVjClCkZbVxV3MteEl4yzSHifdS430Hd4eWSwGGmZzyuBxCYSJ4d8mG0/cRs4DS7YSSp6R+A==
- mmenu-js/9.2.0/core/scrollbugfix/mmenu.scrollbugfix.min.js: sha512-Hp25fzQjeEwc+fI56AKS/R1KGOS3MH106X+AdI8Kn+rMMFBIQ5Nq3vhejzufF0723SWEAzOe5RBX8ZNnVbpoOw==
- mmenu-js/9.2.0/_modules/helpers.js: sha512-go5KedbpwM9tjzNIG/Y5aBvz0HIfjDPCtJYkCm8WrK0vg4lZEhTy5eYNZpFCkLB+puhngjgE7t1r+pMjOrT+0g==
- mmenu-js/9.2.0/addons/backbutton/options.js: sha512-ZMsilvTHkJd5Z1SeaKXnvK4B+6SwZwbzQKXj8+wZINKEybnlSE4Ctwyw6Xj0WNqAXQA8faWFZw6r/Hcu1O4mMA==
- mmenu-js/9.2.0/addons/iconpanels/mmenu.iconpanels.css: sha512-ltn3/3+ioiTVRvicFc3oWPhm+xXRAL2a1/b/D+GPS5+VqGNzIpeLqMEhBAMZaD30G3aViIhncxIh5rMWKvJ8XA==
- mmenu-js/9.2.0/addons/pagescroll/mmenu.pagescroll.min.js: sha512-v05HXQMwyQ4SL9jayiWnQBS1NB4Mr+r2RxV+dsbWt8q2stcLzfr0qk/682buXUx5SxxMsNj4ceyL+QTf/3BtFg==
- mmenu-js/9.2.0/addons/setselected/options.js: sha512-Ty9VSMYVnsrluVlRS70e43ig1Hy8Jt0otVf6OEWnS73Px8q+L0GwvfAfTtyLPS08oWtgcvUKqOOjgwkkIqqiyQ==
- mmenu-js/9.2.0/core/oncanvas/translations/pt_br.js: sha512-uqBjfeALxFiaCEQy1X81K33C5vk9Yb3yf4kndW0imRVP7PnpaukFWMAF4hAIiqdZhwFntMNRfCxC4m8NIUfslw==
- mmenu-js/9.2.0/_modules/dom.min.js: sha512-TRbQMvKphy39V3F6J9j0eNoyZmdgwWV+/8CWm3Ww2DLyQPepiNctBFpJJ2ngQJOLzXVagc9HyiH3xuqzmrmPqA==
- mmenu-js/9.2.0/_modules/i18n.min.js: sha512-mCPr+/Q9v71yUJNSU5G2ezcl2x/z9m14mLkHrHjBOq2J+vYmBMxCLemQng1gZj1i30sxsvjASqIQaX7Vzo5aiQ==
- mmenu-js/9.2.0/addons/navbars/mmenu.navbars.min.css: sha512-9lyM+55mC2SpXPQjd1tCl7r6LDouvuQk2FLdLa1uovFC3s+SWOsDW1A5Ybr/fBhRQhvO/Jz8Dnh7ujOZoX844g==
- mmenu-js/9.2.0/addons/navbars/mmenu.navbars.min.js: sha512-P2AQaCXAkCp8d8YWu1+tmIzXbSiHTSuaDm+b6j6En4+1uAgOYf69HThnOL4tuDrT7r2BUmEdMpeDpYBcwQWueg==
- mmenu-js/9.2.0/addons/sectionindexer/mmenu.sectionindexer.min.css: sha512-aFnX5ek7+BF2ckF/Imva+r7huzZWhnLW8iV8o1zFBkDfZaDL4WsQHFC+qY3Cn/ZncBfHAgOOirytZKJ9xKIjBQ==
- mmenu-js/9.2.0/core/oncanvas/translations/ru.js: sha512-Hquo9soPnvUeF3TsTIjeuZLhf/FtUmvgk1+uERCTfjB1/zYI8eSBrlgxC3fw6ZiVLcwbODltaQAxBSsqWgpXsA==
- mmenu-js/9.2.0/core/offcanvas/mmenu.positioning.min.css: sha512-zn23hHH4sYmbF8/3i4lHRFe76mzzrZvyhz2PRdbqgviTj9OJBcqgTEiEFANzewWXQkGP2ZvI814Ng1VX1PSNbw==
- mmenu-js/9.2.0/core/offcanvas/translations/pt_br.js: sha512-ZoMYnR6/G4SCLL2fZJi28oVoQWqIOe7dPcKaxluPSFZCfATzvvOMx5CXjgEGIzpspKGaES2UQVowLqdGe5UNXg==
- mmenu-js/9.2.0/addons/iconpanels/mmenu.iconpanels.min.css: sha512-ltn3/3+ioiTVRvicFc3oWPhm+xXRAL2a1/b/D+GPS5+VqGNzIpeLqMEhBAMZaD30G3aViIhncxIh5rMWKvJ8XA==
- mmenu-js/9.2.0/addons/navbars/navbar.close.js: sha512-wroxgLWi9pAGltYK6QU0lf6zExE47iCOhrniW9Ef4fzeRsaUX0wTJOWI34XuJHKQ46F4qxQsaYld+uxThV55Hw==
- mmenu-js/9.2.0/addons/navbars/navbar.searchfield.min.js: sha512-xM2r5h7+xFLb6+o5tt7oG9v+JLCdzBt++cz5NshOsjMcVZGSHxAMoGyBJbJzkFwaVdV7RzjayJmnVQPoHHmNxw==
- mmenu-js/9.2.0/addons/searchfield/configs.min.js: sha512-2U2XjGI3cTQWoc9jz1NSJX1RDrLDfB5AwuPybkdSRhyTWiD0XrCCYXurdb8+NinRqJ2gvrMx58srsivoCQbvOg==
- mmenu-js/9.2.0/addons/searchfield/translations/de.js: sha512-XpKxxXFFcJsA5IuI/z95gtyqQxbMMLRW8sJQftaMnvJNFkOJAdwKqx8OPRzE2NhOTe3H+/shisYK5XQ6yRGjHQ==
- mmenu-js/9.2.0/core/offcanvas/mmenu.offcanvas.min.css: sha512-TEb1RkEUTQh/BSxR84Jd+7JSPTaaja44cbebBYlW4c+qj5+/noxLMYj7f4AoLLPKvDZU3deLWSayiGCYUZHWOw==
- mmenu-js/9.2.0/core/offcanvas/translations/pt_br.min.js: sha512-8hdHZb5bO82URLtA+4U5PJygrQlT8TugFpJKQAx0O/fx17HIBLoXQWPfZ5ARvZsJHpgKklJX2e+LVspCoMa71g==
- mmenu-js/9.2.0/core/offcanvas/translations/ru.min.js: sha512-UNUcVsc0tP5OZKVga26yeObm4OGVDJ9HPebydG2vzvXQHxFaz/f910P1WHSlkyFHHdVQGdg02yqChIj3T52eLA==
- mmenu-js/9.2.0/_modules/eventlisteners.js: sha512-nM2aiyaXPaqUs7VSQ/QXydO5wdLMsekfTqoGG+4SxkoUDyIcc53cKqNZO2X7cqWV/TCMYSsaQcuCOnPBAj3wGg==
- mmenu-js/9.2.0/core/oncanvas/configs.js: sha512-IrgIUztN4RJAsDWUHcmyrldlgWoKPFmQFlBnflwByZWl/U7bcZinvJi+sjwOqNdCXPviueYnodb3Qa43Fx9OXA==
