2024/03/02 00:32:02 optimizing files (Js true, Css true, Png true, Jpg true)
2024/03/02 00:32:02 algorithm: run /usr/bin/brotli --quality=11 --output=/output/0b388bbbe57b59d7e166.wasm.br /tmp/work/0b388bbbe57b59d7e166.wasm
2024/03/02 00:32:02 algorithm: run /usr/bin/brotli --quality=11 --output=/output/a3a5b2a40a23f843aee8.wasm.br /tmp/work/a3a5b2a40a23f843aee8.wasm
2024/03/02 00:32:02 compress: run /node_modules/uglify-js/bin/uglifyjs (3.15.4) [--mangle --compress if_return=true -o /tmp/work/core.ruffle.cd579e7c7084b0b12ecb.min.js /tmp/work/core.ruffle.cd579e7c7084b0b12ecb.js]
2024/03/02 00:32:02 compress: run /node_modules/uglify-js/bin/uglifyjs (3.15.4) [--mangle --compress if_return=true -o /tmp/work/ruffle.min.js /tmp/work/ruffle.js]
2024/03/02 00:32:02 compress: run /node_modules/uglify-js/bin/uglifyjs (3.15.4) [--mangle --compress if_return=true -o /tmp/work/core.ruffle.3853545a0d8d933de85a.min.js /tmp/work/core.ruffle.3853545a0d8d933de85a.js]
2024/03/02 00:32:04 sri /tmp/work/core.ruffle.cd579e7c7084b0b12ecb.min.js -> /output/core.ruffle.cd579e7c7084b0b12ecb.min.js.sri
2024/03/02 00:32:04 algorithm: run /usr/bin/brotli --quality=11 --output=/output/core.ruffle.cd579e7c7084b0b12ecb.min.js.br /tmp/work/core.ruffle.cd579e7c7084b0b12ecb.min.js
2024/03/02 00:32:04 br /tmp/work/core.ruffle.cd579e7c7084b0b12ecb.min.js -> /output/core.ruffle.cd579e7c7084b0b12ecb.min.js.br
2024/03/02 00:32:04 gz /tmp/work/core.ruffle.cd579e7c7084b0b12ecb.min.js -> /output/core.ruffle.cd579e7c7084b0b12ecb.min.js.gz
2024/03/02 00:32:04 sri /tmp/work/core.ruffle.cd579e7c7084b0b12ecb.js -> /output/core.ruffle.cd579e7c7084b0b12ecb.js.sri
2024/03/02 00:32:04 algorithm: run /usr/bin/brotli --quality=11 --output=/output/core.ruffle.cd579e7c7084b0b12ecb.js.br /tmp/work/core.ruffle.cd579e7c7084b0b12ecb.js
2024/03/02 00:32:04 sri /tmp/work/core.ruffle.3853545a0d8d933de85a.min.js -> /output/core.ruffle.3853545a0d8d933de85a.min.js.sri
2024/03/02 00:32:04 algorithm: run /usr/bin/brotli --quality=11 --output=/output/core.ruffle.3853545a0d8d933de85a.min.js.br /tmp/work/core.ruffle.3853545a0d8d933de85a.min.js
2024/03/02 00:32:04 br /tmp/work/core.ruffle.cd579e7c7084b0b12ecb.js -> /output/core.ruffle.cd579e7c7084b0b12ecb.js.br
2024/03/02 00:32:04 gz /tmp/work/core.ruffle.cd579e7c7084b0b12ecb.js -> /output/core.ruffle.cd579e7c7084b0b12ecb.js.gz
2024/03/02 00:32:05 br /tmp/work/core.ruffle.3853545a0d8d933de85a.min.js -> /output/core.ruffle.3853545a0d8d933de85a.min.js.br
2024/03/02 00:32:05 gz /tmp/work/core.ruffle.3853545a0d8d933de85a.min.js -> /output/core.ruffle.3853545a0d8d933de85a.min.js.gz
2024/03/02 00:32:05 sri /tmp/work/core.ruffle.3853545a0d8d933de85a.js -> /output/core.ruffle.3853545a0d8d933de85a.js.sri
2024/03/02 00:32:05 algorithm: run /usr/bin/brotli --quality=11 --output=/output/core.ruffle.3853545a0d8d933de85a.js.br /tmp/work/core.ruffle.3853545a0d8d933de85a.js
2024/03/02 00:32:05 br /tmp/work/core.ruffle.3853545a0d8d933de85a.js -> /output/core.ruffle.3853545a0d8d933de85a.js.br
2024/03/02 00:32:05 gz /tmp/work/core.ruffle.3853545a0d8d933de85a.js -> /output/core.ruffle.3853545a0d8d933de85a.js.gz
2024/03/02 00:32:05 sri /tmp/work/ruffle.min.js -> /output/ruffle.min.js.sri
2024/03/02 00:32:05 algorithm: run /usr/bin/brotli --quality=11 --output=/output/ruffle.min.js.br /tmp/work/ruffle.min.js
2024/03/02 00:32:06 br /tmp/work/ruffle.min.js -> /output/ruffle.min.js.br
2024/03/02 00:32:06 gz /tmp/work/ruffle.min.js -> /output/ruffle.min.js.gz
2024/03/02 00:32:06 sri /tmp/work/ruffle.js -> /output/ruffle.js.sri
2024/03/02 00:32:06 algorithm: run /usr/bin/brotli --quality=11 --output=/output/ruffle.js.br /tmp/work/ruffle.js
2024/03/02 00:32:06 br /tmp/work/ruffle.js -> /output/ruffle.js.br
2024/03/02 00:32:06 gz /tmp/work/ruffle.js -> /output/ruffle.js.gz
2024/03/02 00:32:47 br /tmp/work/a3a5b2a40a23f843aee8.wasm -> /output/a3a5b2a40a23f843aee8.wasm.br
2024/03/02 00:32:47 gz /tmp/work/a3a5b2a40a23f843aee8.wasm -> /output/a3a5b2a40a23f843aee8.wasm.gz
2024/03/02 00:32:48 br /tmp/work/0b388bbbe57b59d7e166.wasm -> /output/0b388bbbe57b59d7e166.wasm.br
2024/03/02 00:32:48 gz /tmp/work/0b388bbbe57b59d7e166.wasm -> /output/0b388bbbe57b59d7e166.wasm.gz
2024/03/02 00:32:48 processed ruffle-rs
