config: {"authors":[{"name":"Firebase","email":"firebase-support@google.com","url":"https://firebase.google.com/"}],"autoupdate":{"source":"npm","target":"firebase","fileMap":[{"basePath":"","files":["firebase*.+(js|map)"]},{"basePath":"lib","files":["firebase*.+(js|map)"]},{"basePath":"dist","files":["firebase*.+(js|map)"]}],"ignoreVersions":["*-canary.*"]},"description":"Firebase JavaScript library for web and Node.js","filename":"firebase.js","homepage":"https://firebase.google.com/","keywords":["authentication","database","Firebase","firebase","realtime","storage"],"license":"Apache-2.0","name":"firebase","repository":{"type":"git","url":"https://github.com/firebase/firebase-js-sdk.git"},"author":"Firebase \u003cfirebase-support@google.com\u003e (https://firebase.google.com/)"}
KV keys:
- firebase/9.6.6/firebase-analytics-compat.js.br
- firebase/9.6.6/firebase-analytics-compat.js.gz
- firebase/9.6.6/firebase-analytics-compat.js.map.br
- firebase/9.6.6/firebase-analytics-compat.js.map.gz
- firebase/9.6.6/firebase-analytics-compat.min.js.br
- firebase/9.6.6/firebase-analytics-compat.min.js.gz
- firebase/9.6.6/firebase-analytics.js.br
- firebase/9.6.6/firebase-analytics.js.gz
- firebase/9.6.6/firebase-analytics.js.map.br
- firebase/9.6.6/firebase-analytics.js.map.gz
- firebase/9.6.6/firebase-analytics.min.js.br
- firebase/9.6.6/firebase-analytics.min.js.gz
- firebase/9.6.6/firebase-app-check-compat.js.br
- firebase/9.6.6/firebase-app-check-compat.js.gz
- firebase/9.6.6/firebase-app-check-compat.js.map.br
- firebase/9.6.6/firebase-app-check-compat.js.map.gz
- firebase/9.6.6/firebase-app-check-compat.min.js.br
- firebase/9.6.6/firebase-app-check-compat.min.js.gz
- firebase/9.6.6/firebase-app-check.js.br
- firebase/9.6.6/firebase-app-check.js.gz
- firebase/9.6.6/firebase-app-check.js.map.br
- firebase/9.6.6/firebase-app-check.js.map.gz
- firebase/9.6.6/firebase-app-check.min.js.br
- firebase/9.6.6/firebase-app-check.min.js.gz
- firebase/9.6.6/firebase-app-compat.js.br
- firebase/9.6.6/firebase-app-compat.js.gz
- firebase/9.6.6/firebase-app-compat.js.map.br
- firebase/9.6.6/firebase-app-compat.js.map.gz
- firebase/9.6.6/firebase-app-compat.min.js.br
- firebase/9.6.6/firebase-app-compat.min.js.gz
- firebase/9.6.6/firebase-app.js.br
- firebase/9.6.6/firebase-app.js.gz
- firebase/9.6.6/firebase-app.js.map.br
- firebase/9.6.6/firebase-app.js.map.gz
- firebase/9.6.6/firebase-app.min.js.br
- firebase/9.6.6/firebase-app.min.js.gz
- firebase/9.6.6/firebase-auth-compat.js.br
- firebase/9.6.6/firebase-auth-compat.js.gz
- firebase/9.6.6/firebase-auth-compat.js.map.br
- firebase/9.6.6/firebase-auth-compat.js.map.gz
- firebase/9.6.6/firebase-auth-compat.min.js.br
- firebase/9.6.6/firebase-auth-compat.min.js.gz
- firebase/9.6.6/firebase-auth-cordova.js.br
- firebase/9.6.6/firebase-auth-cordova.js.gz
- firebase/9.6.6/firebase-auth-cordova.js.map.br
- firebase/9.6.6/firebase-auth-cordova.js.map.gz
- firebase/9.6.6/firebase-auth-cordova.min.js.br
- firebase/9.6.6/firebase-auth-cordova.min.js.gz
- firebase/9.6.6/firebase-auth-react-native.js.br
- firebase/9.6.6/firebase-auth-react-native.js.gz
- firebase/9.6.6/firebase-auth-react-native.js.map.br
- firebase/9.6.6/firebase-auth-react-native.js.map.gz
- firebase/9.6.6/firebase-auth-react-native.min.js.br
- firebase/9.6.6/firebase-auth-react-native.min.js.gz
- firebase/9.6.6/firebase-auth.js.br
- firebase/9.6.6/firebase-auth.js.gz
- firebase/9.6.6/firebase-auth.js.map.br
- firebase/9.6.6/firebase-auth.js.map.gz
- firebase/9.6.6/firebase-auth.min.js.br
- firebase/9.6.6/firebase-auth.min.js.gz
- firebase/9.6.6/firebase-compat.js.br
- firebase/9.6.6/firebase-compat.js.gz
- firebase/9.6.6/firebase-compat.js.map.br
- firebase/9.6.6/firebase-compat.js.map.gz
- firebase/9.6.6/firebase-compat.min.js.br
- firebase/9.6.6/firebase-compat.min.js.gz
- firebase/9.6.6/firebase-database-compat.js.br
- firebase/9.6.6/firebase-database-compat.js.gz
- firebase/9.6.6/firebase-database-compat.js.map.br
- firebase/9.6.6/firebase-database-compat.js.map.gz
- firebase/9.6.6/firebase-database-compat.min.js.br
- firebase/9.6.6/firebase-database-compat.min.js.gz
- firebase/9.6.6/firebase-database.js.br
- firebase/9.6.6/firebase-database.js.gz
- firebase/9.6.6/firebase-database.js.map.br
- firebase/9.6.6/firebase-database.js.map.gz
- firebase/9.6.6/firebase-database.min.js.br
- firebase/9.6.6/firebase-database.min.js.gz
- firebase/9.6.6/firebase-firestore-compat.js.br
- firebase/9.6.6/firebase-firestore-compat.js.gz
- firebase/9.6.6/firebase-firestore-compat.js.map.br
- firebase/9.6.6/firebase-firestore-compat.js.map.gz
- firebase/9.6.6/firebase-firestore-compat.min.js.br
- firebase/9.6.6/firebase-firestore-compat.min.js.gz
- firebase/9.6.6/firebase-firestore-lite.js.br
- firebase/9.6.6/firebase-firestore-lite.js.gz
- firebase/9.6.6/firebase-firestore-lite.js.map.br
- firebase/9.6.6/firebase-firestore-lite.js.map.gz
- firebase/9.6.6/firebase-firestore-lite.min.js.br
- firebase/9.6.6/firebase-firestore-lite.min.js.gz
- firebase/9.6.6/firebase-firestore.js.br
- firebase/9.6.6/firebase-firestore.js.gz
- firebase/9.6.6/firebase-firestore.js.map.br
- firebase/9.6.6/firebase-firestore.js.map.gz
- firebase/9.6.6/firebase-firestore.min.js.br
- firebase/9.6.6/firebase-firestore.min.js.gz
- firebase/9.6.6/firebase-functions-compat.js.br
- firebase/9.6.6/firebase-functions-compat.js.gz
- firebase/9.6.6/firebase-functions-compat.js.map.br
- firebase/9.6.6/firebase-functions-compat.js.map.gz
- firebase/9.6.6/firebase-functions-compat.min.js.br
- firebase/9.6.6/firebase-functions-compat.min.js.gz
- firebase/9.6.6/firebase-functions.js.br
- firebase/9.6.6/firebase-functions.js.gz
- firebase/9.6.6/firebase-functions.js.map.br
- firebase/9.6.6/firebase-functions.js.map.gz
- firebase/9.6.6/firebase-functions.min.js.br
- firebase/9.6.6/firebase-functions.min.js.gz
- firebase/9.6.6/firebase-messaging-compat.js.br
- firebase/9.6.6/firebase-messaging-compat.js.gz
- firebase/9.6.6/firebase-messaging-compat.js.map.br
- firebase/9.6.6/firebase-messaging-compat.js.map.gz
- firebase/9.6.6/firebase-messaging-compat.min.js.br
- firebase/9.6.6/firebase-messaging-compat.min.js.gz
- firebase/9.6.6/firebase-messaging-sw.js.br
- firebase/9.6.6/firebase-messaging-sw.js.gz
- firebase/9.6.6/firebase-messaging-sw.js.map.br
- firebase/9.6.6/firebase-messaging-sw.js.map.gz
- firebase/9.6.6/firebase-messaging-sw.min.js.br
- firebase/9.6.6/firebase-messaging-sw.min.js.gz
- firebase/9.6.6/firebase-messaging.js.br
- firebase/9.6.6/firebase-messaging.js.gz
- firebase/9.6.6/firebase-messaging.js.map.br
- firebase/9.6.6/firebase-messaging.js.map.gz
- firebase/9.6.6/firebase-messaging.min.js.br
- firebase/9.6.6/firebase-messaging.min.js.gz
- firebase/9.6.6/firebase-performance-compat.js.br
- firebase/9.6.6/firebase-performance-compat.js.gz
- firebase/9.6.6/firebase-performance-compat.js.map.br
- firebase/9.6.6/firebase-performance-compat.js.map.gz
- firebase/9.6.6/firebase-performance-compat.min.js.br
- firebase/9.6.6/firebase-performance-compat.min.js.gz
- firebase/9.6.6/firebase-performance-standalone-compat.es2017.js.br
- firebase/9.6.6/firebase-performance-standalone-compat.es2017.js.gz
- firebase/9.6.6/firebase-performance-standalone-compat.es2017.js.map.br
- firebase/9.6.6/firebase-performance-standalone-compat.es2017.js.map.gz
- firebase/9.6.6/firebase-performance-standalone-compat.es2017.min.js.br
- firebase/9.6.6/firebase-performance-standalone-compat.es2017.min.js.gz
- firebase/9.6.6/firebase-performance-standalone-compat.js.br
- firebase/9.6.6/firebase-performance-standalone-compat.js.gz
- firebase/9.6.6/firebase-performance-standalone-compat.js.map.br
- firebase/9.6.6/firebase-performance-standalone-compat.js.map.gz
- firebase/9.6.6/firebase-performance-standalone-compat.min.js.br
- firebase/9.6.6/firebase-performance-standalone-compat.min.js.gz
- firebase/9.6.6/firebase-performance.js.br
- firebase/9.6.6/firebase-performance.js.gz
- firebase/9.6.6/firebase-performance.js.map.br
- firebase/9.6.6/firebase-performance.js.map.gz
- firebase/9.6.6/firebase-performance.min.js.br
- firebase/9.6.6/firebase-performance.min.js.gz
- firebase/9.6.6/firebase-remote-config-compat.js.br
- firebase/9.6.6/firebase-remote-config-compat.js.gz
- firebase/9.6.6/firebase-remote-config-compat.js.map.br
- firebase/9.6.6/firebase-remote-config-compat.js.map.gz
- firebase/9.6.6/firebase-remote-config-compat.min.js.br
- firebase/9.6.6/firebase-remote-config-compat.min.js.gz
- firebase/9.6.6/firebase-remote-config.js.br
- firebase/9.6.6/firebase-remote-config.js.gz
- firebase/9.6.6/firebase-remote-config.js.map.br
- firebase/9.6.6/firebase-remote-config.js.map.gz
- firebase/9.6.6/firebase-remote-config.min.js.br
- firebase/9.6.6/firebase-remote-config.min.js.gz
- firebase/9.6.6/firebase-storage-compat.js.br
- firebase/9.6.6/firebase-storage-compat.js.gz
- firebase/9.6.6/firebase-storage-compat.js.map.br
- firebase/9.6.6/firebase-storage-compat.js.map.gz
- firebase/9.6.6/firebase-storage-compat.min.js.br
- firebase/9.6.6/firebase-storage-compat.min.js.gz
- firebase/9.6.6/firebase-storage.js.br
- firebase/9.6.6/firebase-storage.js.gz
- firebase/9.6.6/firebase-storage.js.map.br
- firebase/9.6.6/firebase-storage.js.map.gz
- firebase/9.6.6/firebase-storage.min.js.br
- firebase/9.6.6/firebase-storage.min.js.gz
SRIs:
- firebase/9.6.6/firebase-app-check.js: sha512-HMaGdayWERFsURP40mXWekvjlV469e4aDRpmE470N+Zvfywm7cIMEoAk35hyncYIAhzb7j3KVJqBlyQORvZSbg==
- firebase/9.6.6/firebase-app.min.js: sha512-HrTppH+9fZqaTDZr8hbxEODdMAzZrHrQiAvSg7DaqBdAUZhGvaXKrqIPuZwm6s36P5q4XHYVi83ioNq4S9TP6g==
- firebase/9.6.6/firebase-auth-compat.min.js: sha512-W2ZM1XtCpFOu+5Dp3JOv/njAE+qK1QB9ihOqxqHW4cCVHw8VweL7Xq1NNes7n7X1E+g4VCMgAR3Gu7tvyOUQ+w==
- firebase/9.6.6/firebase-auth-react-native.js: sha512-yk+40qyT5I1i1bzFNrYz8iK8RlnR6TdBe3VIlTaDukHBkGSqvH+MW6V25Mxgqwjz6esMSYCHwlN6Gs9iUGVpLA==
- firebase/9.6.6/firebase-database.min.js: sha512-DMrud7yHBf9KfSMkKUY5TDBtOi2ls/U2iQpuoOSKibTwq0a2IMveKaVS4T+Fl6tDeicudlTCxnrpMGfu7EQ2Fw==
- firebase/9.6.6/firebase-firestore.min.js: sha512-iwnBmgKIP+q9LIyQpH+P7FshziyAEMGh4lBQ48xjDptNMC/kgXniQCCNQKnwDTiZ6wo7ulcCw/ZPlli/ZOV0tQ==
- firebase/9.6.6/firebase-performance.js: sha512-tsr/NUg8uOxp2PR2VLBzqmAHdVD/js+SvIAZPUo07FK1CnCjc+LhlBL0LC1gaVPwer4wYSLXZArTVzZPHLDqkQ==
- firebase/9.6.6/firebase-remote-config.min.js: sha512-icgnhZm8Q9FEUVsO21UhCpvQd4OjL31uyTszba/5EiqEKTh7NrJIK7qiDnXbKE26fJyPjjtpj6zwgIqZqBR1VA==
- firebase/9.6.6/firebase-analytics.min.js: sha512-s9Nf4qbxnxfGMUkOhlZkntDvqUrqEXiJGVTAYzuIGBUkMiSwFResQ37o4rQxKYjSpMRl6o35pMxhGak9CkShFA==
- firebase/9.6.6/firebase-auth-react-native.min.js: sha512-OXR3NSWLGnBAqlwuAPVyGLPJn1lKn3TIwVtAdUFxzkY6FRIy8TG+JO69tGWlC7Xw9Rzm9zECEoIXy4bj7smm3w==
- firebase/9.6.6/firebase-performance-standalone-compat.es2017.min.js: sha512-H9d4POJuP6XwLGaEqvFmZDD1eSQGEsx8wYaQ7PZCaLGkGMaKHZImhLYcQNWwAJU8QnYDbmmDU2+R4Kj1VlXPQQ==
- firebase/9.6.6/firebase-storage-compat.js: sha512-bKEWQr4RAD2NkXMbCJk2ZzMl9eBmd2dVirkBOF6rqA7YOfz9a9/ZdefBs1ZYgAfUWDzxNnunIhpiJ00hDDxcXA==
- firebase/9.6.6/firebase-storage.min.js: sha512-kb0kwRWvZvrubRK0/pTzId5fqMg5ErVPiPs9C3yOEfEhYg1QK/baKV6YdPVr1Z1oC4tBAl9h8QKHajd4XCFDWg==
- firebase/9.6.6/firebase-auth-compat.js: sha512-ryF8UmtM5V6D2+GOknSfzZNqJc2P6l2BJYxIrIy0b+wCYW30o7ijvSpJHBvgX09lC+BRUfPv9YJMYmmqrIZ87g==
- firebase/9.6.6/firebase-messaging-compat.js: sha512-CIBb0gnIbxofrMJeI3ZFufSAB0FFhrQb0F7gZa9QigkVqewGxh7072guKXVfNfqBbkH3yMlc0kJRHxuVn13hHQ==
- firebase/9.6.6/firebase-performance-compat.min.js: sha512-bZgEG9VFITKZsrsbJQvf/Jh5p/CiQz0fM8q9DOimndFiBlxAujczuOIo923mOZm6D9rvC59XBmeQ43sd4aeSTA==
- firebase/9.6.6/firebase-performance-standalone-compat.js: sha512-rNiGPp2wYooqMf30xrvzXDOotQGlw+EGnNZ1FIKhncNZlXQKe56kcU6KNc9nw0e677TTPl+W/Zn3KmG9+mNlnA==
- firebase/9.6.6/firebase-database.js: sha512-3T3C0IV7A1GhGl7b8UKRZXC9t3cp93TShVdI8z8khh0MNVv7gPcSxd4FgorRpAHwRBPmPHlpxiCCbztNoeH+yQ==
- firebase/9.6.6/firebase-firestore-lite.js: sha512-ksxTq90wkgdFXigFw0/w3VQTVMaykH/1NI3YXYpH+oIHBZZB/vbnYGfINAD/26VK3LNDXAatgqMPCDBOeyo/Qg==
- firebase/9.6.6/firebase-remote-config.js: sha512-xsBdbPkMObpHieQRs55mSfSU2p8xhrPkp9OGEJgdQuVsYuICohoxILEXGaMExEBz16lQsDU4UWD/sgJdjzyEJw==
- firebase/9.6.6/firebase-app-check-compat.js: sha512-Q8h2YJDSMDXK+yGOj3wPa5FOsXuJoMzs54WlA2SS3qkjaj2JDIg1tzjAt9kWewtgeW2/s7nLStPdTxVYOSNmeQ==
- firebase/9.6.6/firebase-auth.min.js: sha512-ONi96yt3cgLZUIov5IZERFxkI1ws01AI03YvPAoDMZrXdfuEUnU/CJrlj38iaV8n9u1lxEu4cFAGjkymeeW1bw==
- firebase/9.6.6/firebase-messaging-compat.min.js: sha512-WQsDULdhIMEsLHazomphNSEmx6PNOorYveZd4uOsWKb5ZviDApxUvT73ngluIJr+fTaLPRYfGdzjjp//xyllpg==
- firebase/9.6.6/firebase-analytics-compat.js: sha512-Ky7I2QEHsrws8ieVjFVT26e1LfDaZ/WcOoG8K8X+mjoM1TWaVZyYC7okTWTZnwqNSeLb03CEtT4ttQ0hC/zNXA==
- firebase/9.6.6/firebase-compat.js: sha512-DXc9ltV8KnTQDFWavkJiKPxYGLJNUqPuwRnxBbAWYccQKEFsTvSn3vWryJ8+dUQlNXPdH+F2PSiplbLzXdL6UA==
- firebase/9.6.6/firebase-functions.js: sha512-Rvx5h+8WLt/JvlPgcXStqJzSyil3xZQ641WC5C4zDfRpHSaiqxagLkASLr/NOv/tD9NKS2XTu2bNXdh+z/wdEA==
- firebase/9.6.6/firebase-performance-standalone-compat.min.js: sha512-sw7V0fD/2Zxhuhy0PWWrlyrJ3lqFiFr3a1L9PMWzfYPUzKsOdYEh9R1g2fX6QvRcRExlg75Xzxt+L+E7PNym7Q==
- firebase/9.6.6/firebase-analytics.js: sha512-uNl4+A7DGix1sU/mcPPpgILZYQSfBdRdMSVWZyK0uvCyTiuS/revFKgtOU+6JnZs47IiWhRpvUlT/SQCihjC5Q==
- firebase/9.6.6/firebase-firestore.js: sha512-bbTEW4osCgkD8D85OV+b65/aQyLpsJUQCHKQyfEmPj15ZjNQmS0eCpJPVfbD8QBE0yTvMOQmyNgDF3yiNpmhvg==
- firebase/9.6.6/firebase-app-compat.js: sha512-GdhPpmR5uqzVZbbB0G15za0dKxAyz1LgQaW8DeOxVHd+5PxJ6ACIBeDoaJaefLZ2IJUNJyZmCROld4/pLERrYw==
- firebase/9.6.6/firebase-messaging-sw.min.js: sha512-+9AQk/Z92IhU//K3Cj+jcQuSoj3470FmRPhNpRicQJLlJmwcwQfl7CweQglR0Q+OSpdoUC9m4noqOvxQzZd3IA==
- firebase/9.6.6/firebase-compat.min.js: sha512-vCKHVRzWGRpYopm4iQeEXh5OfjaBELC/sCFLWebtSp9/stKVUeT4TJDR1zcfDZMB3B4WVlw6iZZCwD43mRKNxA==
- firebase/9.6.6/firebase-firestore-compat.min.js: sha512-XEJiqxzWuzUHOi2NugIsbYDLcOyt9lXm0I5fwNjvFvkhUZGtvkKY1Q7Ng/X2251vPTfmfNWadZUtBH7KuwC59Q==
- firebase/9.6.6/firebase-functions.min.js: sha512-gvfaWmC5bqyjhItt6HkGtOfp1hC/6cx+5+XKCF7bMK1CZSJI167gFFqC5oKmLCdMXfDzQSbQXvLcuNfYkeVBeQ==
- firebase/9.6.6/firebase-performance-compat.js: sha512-lY7cbmqRHFgrQ+rq8ekF6RvAbW7eeYqfH5U4nliUHB3nAUuXdea2VurWeZBpdFxi9g52eiR2ZRT7kqmO74uv7Q==
- firebase/9.6.6/firebase-performance.min.js: sha512-A/oC9tEF1jirSseGJmHA5C2CMGcBypUvSxNfLU8lfERTejbNR/KjMYVoexw8xGDd1Ce4BaR0K6/6JVr4SF8XRA==
- firebase/9.6.6/firebase-app-check-compat.min.js: sha512-SnpFIe5sHvi62EYSZeh52u9JjnjCwKDiJyTKb2Z8oyorKfOgN0h3nOOT6oHbGO9aqySggWOwuVVGOZKKqf6ZLA==
- firebase/9.6.6/firebase-auth-cordova.js: sha512-HNaSZ7Hrtz6RWKMXsPM7yvrWRq4Denq3/Xc4oCry1wV/zfDcvgj5cOG89fDU2pz2/cppJYJaMIjLmgY3BfzRvQ==
- firebase/9.6.6/firebase-messaging.js: sha512-NdweN9KT0/fdA+3k0BhuFZCd4eC3zXC3pvrjFb0GvGDg77B5e/9OHVYH9YjGyeUgMfRBgvfPodH98ajDGQanPQ==
- firebase/9.6.6/firebase-remote-config-compat.js: sha512-ZWhSB1HZUwqVsrYrLkyTLMLyiZpSYcWD8MQp+x7LwhnEkPP9v6OxSwetJKigCRsGCpswSI23u47aRQR/Ug9Tcw==
- firebase/9.6.6/firebase-app.js: sha512-IsxicAlOlM7vL455R7TEXflW0gcsfskdQT0fzmqcxhRgt8PxdaCh4jKWXGsTubYNJPQW+QRkhOAJec1MzXroVw==
- firebase/9.6.6/firebase-auth.js: sha512-6yxGcOvx8VgzI3Thf+xQMtAnvimj9Wp+obGj4he/WNG1O4Z/zc6irVYT2tU+mCAKMFi49L6VcsF2YL7IXRf7gA==
- firebase/9.6.6/firebase-database-compat.js: sha512-5cXiowp2fByfoVM15p97RGX2qO1EeE3O9dRtIGRBnUXsmi4OQu+bUEhSoOGXM5bAvKA0aGIudR65XcjootUc6w==
- firebase/9.6.6/firebase-functions-compat.js: sha512-cMNvnwOCcJHF4qh3Ne/SxD/LXjRyXxz0xUnA3YqdDRAt2rmbaB1/VCtihMOxWVDceO2h46FPrF98tiB/6ABgDg==
- firebase/9.6.6/firebase-app-compat.min.js: sha512-rVym5RQqENR7T3o+wfHa1PFdkFMZ3WEjpJm6hyIZpt0aDGHLAhTrUJK/U96QctwS5SsDBPbaybwK5X4PoKvKSA==
- firebase/9.6.6/firebase-auth-cordova.min.js: sha512-cWF7Io6om/hKnr6soapDKdrR9xsCqFjXs60wxuR6EsOnEghH/deH+XEVayAVeb261kpfP9dysulmxA0CMQK4kg==
- firebase/9.6.6/firebase-remote-config-compat.min.js: sha512-G7+h1Omri7iT4RZ/Yjg6LG6lT6BOFklS9SpWL6HPmfZTOdu6cG+zOd63Ojk72Lqyo/3gaPTv9YbmoNRcDPONNg==
- firebase/9.6.6/firebase-storage-compat.min.js: sha512-QRt27Bkfum1YIw/C1dn37Ps+iNml2AsktmpYMM25zQMtZGiL079jfDJ4VXOeQKn7yKyo3Zb2aPZatOS03+2BKg==
- firebase/9.6.6/firebase-firestore-compat.js: sha512-cPRqx3syu8fV7H09PJnr1GU9CtWd5I2otiyZWQFVidmSkn8XFSQhDm3BNAhlfnXOccZaqYMPMNBl9D1AA4c6Vg==
- firebase/9.6.6/firebase-firestore-lite.min.js: sha512-XREVPvpHN8GEzGMTWMotaf/tnITI/NXxOPyXN+BSILHr3xg5jnljdxPJBkHqtdj2XctGXtbWfba5lW+ceDNYyA==
- firebase/9.6.6/firebase-performance-standalone-compat.es2017.js: sha512-2GTz0a7WhPyQzXF4cNfANXOBDCwfe01Y4J2oCTlgMM0h2o6nPJVQtI7y3HZqlDWqc78DD4OQPBHppReDad5KSg==
- firebase/9.6.6/firebase-storage.js: sha512-489zXox7OdGBydjt0phEQrteQl5pVHL36Mvi82UYCHCWnXRZKVcZ2YSazRX5u4crfMnKY0Vq56O5UeuhaUqCLQ==
- firebase/9.6.6/firebase-analytics-compat.min.js: sha512-SFIkyZL+e/fie4FzAUY/+t6UrcYqB69j7tTS3ibiqZvpKaYLxCWXmLalZHCiJP59YyQni0pukdQHZ2wxNOs88g==
- firebase/9.6.6/firebase-app-check.min.js: sha512-PjBYTVJEq9gJgnXQOODXh+nRy33x0WufJ90X9p72jlbWd52azdYYNWQGCCGKQbstujyu1Q8M96SnhRC3ieg1LA==
- firebase/9.6.6/firebase-functions-compat.min.js: sha512-s5rjjMC5uEHEwd5ifOjIdZ24SMI06V3yxuWoaTxCYy+Wbp6Rbscx953KBhRQXwO1GsBUY+T7pgZyYOvWcb9EcQ==
- firebase/9.6.6/firebase-messaging-sw.js: sha512-jm/FibxByVPoDVygObqBzzKLxULyGUmLRS62jeQIc7RuTPwMI+chJDr26T7ZpsPsCozN/UCvqFZvMLP/Yiugbw==
- firebase/9.6.6/firebase-database-compat.min.js: sha512-VzajLGxDf6DU/BhHTnFf0pZ5Kq1+7xWuR68zE8t4enpiiwfW7tujLwOF0+JeTnxFnh9iqBj5UkrFezeh/Q1RPA==
- firebase/9.6.6/firebase-messaging.min.js: sha512-SpcWAQx4Pzf7IDV0Y6LSEdvKPHxKT8WnXM/AWnWM0DJNXBGyfjEm+jE9kKuBFUp/QfokHbKffqODjX/KzFqK/g==
