config: {"authors":[{"name":"Firebase","email":"firebase-support@google.com","url":"https://firebase.google.com/"}],"autoupdate":{"source":"npm","target":"firebase","fileMap":[{"basePath":"","files":["firebase*.+(js|map)"]},{"basePath":"lib","files":["firebase*.+(js|map)"]},{"basePath":"dist","files":["firebase*.+(js|map)"]}],"ignoreVersions":["*-canary.*"]},"description":"Firebase JavaScript library for web and Node.js","filename":"firebase.js","homepage":"https://firebase.google.com/","keywords":["authentication","database","Firebase","firebase","realtime","storage"],"license":"Apache-2.0","name":"firebase","repository":{"type":"git","url":"https://github.com/firebase/firebase-js-sdk.git"},"author":"Firebase \u003cfirebase-support@google.com\u003e (https://firebase.google.com/)"}
KV keys:
- firebase/9.13.0/firebase-analytics-compat.js.br
- firebase/9.13.0/firebase-analytics-compat.js.gz
- firebase/9.13.0/firebase-analytics-compat.js.map.br
- firebase/9.13.0/firebase-analytics-compat.js.map.gz
- firebase/9.13.0/firebase-analytics-compat.min.js.br
- firebase/9.13.0/firebase-analytics-compat.min.js.gz
- firebase/9.13.0/firebase-analytics.js.br
- firebase/9.13.0/firebase-analytics.js.gz
- firebase/9.13.0/firebase-analytics.js.map.br
- firebase/9.13.0/firebase-analytics.js.map.gz
- firebase/9.13.0/firebase-analytics.min.js.br
- firebase/9.13.0/firebase-analytics.min.js.gz
- firebase/9.13.0/firebase-app-check-compat.js.br
- firebase/9.13.0/firebase-app-check-compat.js.gz
- firebase/9.13.0/firebase-app-check-compat.js.map.br
- firebase/9.13.0/firebase-app-check-compat.js.map.gz
- firebase/9.13.0/firebase-app-check-compat.min.js.br
- firebase/9.13.0/firebase-app-check-compat.min.js.gz
- firebase/9.13.0/firebase-app-check.js.br
- firebase/9.13.0/firebase-app-check.js.gz
- firebase/9.13.0/firebase-app-check.js.map.br
- firebase/9.13.0/firebase-app-check.js.map.gz
- firebase/9.13.0/firebase-app-check.min.js.br
- firebase/9.13.0/firebase-app-check.min.js.gz
- firebase/9.13.0/firebase-app-compat.js.br
- firebase/9.13.0/firebase-app-compat.js.gz
- firebase/9.13.0/firebase-app-compat.js.map.br
- firebase/9.13.0/firebase-app-compat.js.map.gz
- firebase/9.13.0/firebase-app-compat.min.js.br
- firebase/9.13.0/firebase-app-compat.min.js.gz
- firebase/9.13.0/firebase-app.js.br
- firebase/9.13.0/firebase-app.js.gz
- firebase/9.13.0/firebase-app.js.map.br
- firebase/9.13.0/firebase-app.js.map.gz
- firebase/9.13.0/firebase-app.min.js.br
- firebase/9.13.0/firebase-app.min.js.gz
- firebase/9.13.0/firebase-auth-compat.js.br
- firebase/9.13.0/firebase-auth-compat.js.gz
- firebase/9.13.0/firebase-auth-compat.js.map.br
- firebase/9.13.0/firebase-auth-compat.js.map.gz
- firebase/9.13.0/firebase-auth-compat.min.js.br
- firebase/9.13.0/firebase-auth-compat.min.js.gz
- firebase/9.13.0/firebase-auth-cordova.js.br
- firebase/9.13.0/firebase-auth-cordova.js.gz
- firebase/9.13.0/firebase-auth-cordova.js.map.br
- firebase/9.13.0/firebase-auth-cordova.js.map.gz
- firebase/9.13.0/firebase-auth-cordova.min.js.br
- firebase/9.13.0/firebase-auth-cordova.min.js.gz
- firebase/9.13.0/firebase-auth-react-native.js.br
- firebase/9.13.0/firebase-auth-react-native.js.gz
- firebase/9.13.0/firebase-auth-react-native.js.map.br
- firebase/9.13.0/firebase-auth-react-native.js.map.gz
- firebase/9.13.0/firebase-auth-react-native.min.js.br
- firebase/9.13.0/firebase-auth-react-native.min.js.gz
- firebase/9.13.0/firebase-auth.js.br
- firebase/9.13.0/firebase-auth.js.gz
- firebase/9.13.0/firebase-auth.js.map.br
- firebase/9.13.0/firebase-auth.js.map.gz
- firebase/9.13.0/firebase-auth.min.js.br
- firebase/9.13.0/firebase-auth.min.js.gz
- firebase/9.13.0/firebase-compat.js.br
- firebase/9.13.0/firebase-compat.js.gz
- firebase/9.13.0/firebase-compat.js.map.br
- firebase/9.13.0/firebase-compat.js.map.gz
- firebase/9.13.0/firebase-compat.min.js.br
- firebase/9.13.0/firebase-compat.min.js.gz
- firebase/9.13.0/firebase-database-compat.js.br
- firebase/9.13.0/firebase-database-compat.js.gz
- firebase/9.13.0/firebase-database-compat.js.map.br
- firebase/9.13.0/firebase-database-compat.js.map.gz
- firebase/9.13.0/firebase-database-compat.min.js.br
- firebase/9.13.0/firebase-database-compat.min.js.gz
- firebase/9.13.0/firebase-database.js.br
- firebase/9.13.0/firebase-database.js.gz
- firebase/9.13.0/firebase-database.js.map.br
- firebase/9.13.0/firebase-database.js.map.gz
- firebase/9.13.0/firebase-database.min.js.br
- firebase/9.13.0/firebase-database.min.js.gz
- firebase/9.13.0/firebase-firestore-compat.js.br
- firebase/9.13.0/firebase-firestore-compat.js.gz
- firebase/9.13.0/firebase-firestore-compat.js.map.br
- firebase/9.13.0/firebase-firestore-compat.js.map.gz
- firebase/9.13.0/firebase-firestore-compat.min.js.br
- firebase/9.13.0/firebase-firestore-compat.min.js.gz
- firebase/9.13.0/firebase-firestore-lite.js.br
- firebase/9.13.0/firebase-firestore-lite.js.gz
- firebase/9.13.0/firebase-firestore-lite.js.map.br
- firebase/9.13.0/firebase-firestore-lite.js.map.gz
- firebase/9.13.0/firebase-firestore-lite.min.js.br
- firebase/9.13.0/firebase-firestore-lite.min.js.gz
- firebase/9.13.0/firebase-firestore.js.br
- firebase/9.13.0/firebase-firestore.js.gz
- firebase/9.13.0/firebase-firestore.js.map.br
- firebase/9.13.0/firebase-firestore.js.map.gz
- firebase/9.13.0/firebase-firestore.min.js.br
- firebase/9.13.0/firebase-firestore.min.js.gz
- firebase/9.13.0/firebase-functions-compat.js.br
- firebase/9.13.0/firebase-functions-compat.js.gz
- firebase/9.13.0/firebase-functions-compat.js.map.br
- firebase/9.13.0/firebase-functions-compat.js.map.gz
- firebase/9.13.0/firebase-functions-compat.min.js.br
- firebase/9.13.0/firebase-functions-compat.min.js.gz
- firebase/9.13.0/firebase-functions.js.br
- firebase/9.13.0/firebase-functions.js.gz
- firebase/9.13.0/firebase-functions.js.map.br
- firebase/9.13.0/firebase-functions.js.map.gz
- firebase/9.13.0/firebase-functions.min.js.br
- firebase/9.13.0/firebase-functions.min.js.gz
- firebase/9.13.0/firebase-installations-compat.js.br
- firebase/9.13.0/firebase-installations-compat.js.gz
- firebase/9.13.0/firebase-installations-compat.js.map.br
- firebase/9.13.0/firebase-installations-compat.js.map.gz
- firebase/9.13.0/firebase-installations-compat.min.js.br
- firebase/9.13.0/firebase-installations-compat.min.js.gz
- firebase/9.13.0/firebase-installations.js.br
- firebase/9.13.0/firebase-installations.js.gz
- firebase/9.13.0/firebase-installations.js.map.br
- firebase/9.13.0/firebase-installations.js.map.gz
- firebase/9.13.0/firebase-installations.min.js.br
- firebase/9.13.0/firebase-installations.min.js.gz
- firebase/9.13.0/firebase-messaging-compat.js.br
- firebase/9.13.0/firebase-messaging-compat.js.gz
- firebase/9.13.0/firebase-messaging-compat.js.map.br
- firebase/9.13.0/firebase-messaging-compat.js.map.gz
- firebase/9.13.0/firebase-messaging-compat.min.js.br
- firebase/9.13.0/firebase-messaging-compat.min.js.gz
- firebase/9.13.0/firebase-messaging-sw.js.br
- firebase/9.13.0/firebase-messaging-sw.js.gz
- firebase/9.13.0/firebase-messaging-sw.js.map.br
- firebase/9.13.0/firebase-messaging-sw.js.map.gz
- firebase/9.13.0/firebase-messaging-sw.min.js.br
- firebase/9.13.0/firebase-messaging-sw.min.js.gz
- firebase/9.13.0/firebase-messaging.js.br
- firebase/9.13.0/firebase-messaging.js.gz
- firebase/9.13.0/firebase-messaging.js.map.br
- firebase/9.13.0/firebase-messaging.js.map.gz
- firebase/9.13.0/firebase-messaging.min.js.br
- firebase/9.13.0/firebase-messaging.min.js.gz
- firebase/9.13.0/firebase-performance-compat.js.br
- firebase/9.13.0/firebase-performance-compat.js.gz
- firebase/9.13.0/firebase-performance-compat.js.map.br
- firebase/9.13.0/firebase-performance-compat.js.map.gz
- firebase/9.13.0/firebase-performance-compat.min.js.br
- firebase/9.13.0/firebase-performance-compat.min.js.gz
- firebase/9.13.0/firebase-performance-standalone-compat.es2017.js.br
- firebase/9.13.0/firebase-performance-standalone-compat.es2017.js.gz
- firebase/9.13.0/firebase-performance-standalone-compat.es2017.js.map.br
- firebase/9.13.0/firebase-performance-standalone-compat.es2017.js.map.gz
- firebase/9.13.0/firebase-performance-standalone-compat.es2017.min.js.br
- firebase/9.13.0/firebase-performance-standalone-compat.es2017.min.js.gz
- firebase/9.13.0/firebase-performance-standalone-compat.js.br
- firebase/9.13.0/firebase-performance-standalone-compat.js.gz
- firebase/9.13.0/firebase-performance-standalone-compat.js.map.br
- firebase/9.13.0/firebase-performance-standalone-compat.js.map.gz
- firebase/9.13.0/firebase-performance-standalone-compat.min.js.br
- firebase/9.13.0/firebase-performance-standalone-compat.min.js.gz
- firebase/9.13.0/firebase-performance.js.br
- firebase/9.13.0/firebase-performance.js.gz
- firebase/9.13.0/firebase-performance.js.map.br
- firebase/9.13.0/firebase-performance.js.map.gz
- firebase/9.13.0/firebase-performance.min.js.br
- firebase/9.13.0/firebase-performance.min.js.gz
- firebase/9.13.0/firebase-remote-config-compat.js.br
- firebase/9.13.0/firebase-remote-config-compat.js.gz
- firebase/9.13.0/firebase-remote-config-compat.js.map.br
- firebase/9.13.0/firebase-remote-config-compat.js.map.gz
- firebase/9.13.0/firebase-remote-config-compat.min.js.br
- firebase/9.13.0/firebase-remote-config-compat.min.js.gz
- firebase/9.13.0/firebase-remote-config.js.br
- firebase/9.13.0/firebase-remote-config.js.gz
- firebase/9.13.0/firebase-remote-config.js.map.br
- firebase/9.13.0/firebase-remote-config.js.map.gz
- firebase/9.13.0/firebase-remote-config.min.js.br
- firebase/9.13.0/firebase-remote-config.min.js.gz
- firebase/9.13.0/firebase-storage-compat.js.br
- firebase/9.13.0/firebase-storage-compat.js.gz
- firebase/9.13.0/firebase-storage-compat.js.map.br
- firebase/9.13.0/firebase-storage-compat.js.map.gz
- firebase/9.13.0/firebase-storage-compat.min.js.br
- firebase/9.13.0/firebase-storage-compat.min.js.gz
- firebase/9.13.0/firebase-storage.js.br
- firebase/9.13.0/firebase-storage.js.gz
- firebase/9.13.0/firebase-storage.js.map.br
- firebase/9.13.0/firebase-storage.js.map.gz
- firebase/9.13.0/firebase-storage.min.js.br
- firebase/9.13.0/firebase-storage.min.js.gz
SRIs:
- firebase/9.13.0/firebase-auth.js: sha512-EYdukNCwLb1R5gQOuORfwOQe2ECUy+1S1XURNuN2/FLZsjYjzenPxYmDQObHMaisJWy8aY0GQfunw2DsWlYGWA==
- firebase/9.13.0/firebase-firestore-compat.min.js: sha512-sZkfwHRnFRAcHZbU0etwK9FQNF4tVve0yaNz8RkIzPKdNccKI41Od4Nwl1bycYnxodEYvhgBqa4ooFENpxS29w==
- firebase/9.13.0/firebase-firestore-lite.js: sha512-UGyBZgUBwvVfn0IgXg3QBd0CtRp4dTbkP1YWXK+5/DdW8Sc4pydhOSuCg0IlkKpf03TFdHmhvFB+wMuVRiGfKA==
- firebase/9.13.0/firebase-functions-compat.min.js: sha512-39ejl21I/qF7C07KdaGM19XfcjseqR9T5OjL4Ss1cL8hxzaYUuTQmZYge581o4O+JFjrcu468sa44a7T8tOVVQ==
- firebase/9.13.0/firebase-functions.min.js: sha512-1+6U1Zb7mpChprPUvpcTy1bI5OdlqLFZwBchMZOGpV0aEGJxwPRpZs7GhmQpoOfvvveBoyZjfpkowkYhZlRD6A==
- firebase/9.13.0/firebase-remote-config-compat.js: sha512-N0ogMg6fKFDy1JYemClXgjCoVJsQ9hYNCa+MxtCw5IHOzyyvXH3/WKuNzbiBmBBtte+cn2SiXKD6bGun1MNWXw==
- firebase/9.13.0/firebase-auth-cordova.js: sha512-DItN85LRwOuuR11x932TIeVaD/1LEb5qzIFDDkIFueXK/Qk5U73GYljy+8503mP2mr8qUVKar9iSsDeAzYM6Mg==
- firebase/9.13.0/firebase-database.min.js: sha512-bY32nege9q4/x99UinxBxGaotJj+suOnp2Hu8QatWAVxJSXBdFWLruW51GVzl9mq20poucmjRHn8Ffiz/upXdA==
- firebase/9.13.0/firebase-app-compat.js: sha512-51HPCXaeSU7e4aBT7M5OKu5l+KSsqPaKax/3BonBDwpt+Sj20mFBR3W6fEwutTxyCeTnc8aBzsB/lE8+7tRlXQ==
- firebase/9.13.0/firebase-installations-compat.js: sha512-/xymsd7FeRNR/vZ251gjAK8rsqQbfwuo5Se87Z0FMIIr9tuaPAq46Db+GfWu/I4p3V+1b0ZhStN2uaj/TnI0QA==
- firebase/9.13.0/firebase-performance-compat.min.js: sha512-5CHgYoxWe61wHtPiEci9CmhgO9ZVVs8gz2PQcbEZ5HjSj8i/XeEn2zQWB/DggJbHlhBw6Cs7S8Q0YDI5IJqzNg==
- firebase/9.13.0/firebase-performance-standalone-compat.min.js: sha512-SD+WAAKcPinZ0dmgvACZmLkl64Rig3DM1qWQi8Kp+0oe0NbJxcudopV5QoIM+A/T7l0qwKtMdr0pOJnrUReXZg==
- firebase/9.13.0/firebase-database-compat.min.js: sha512-RCbeYJzFCneVE0PNgOREvUbtsqBF1g2eDUN1jheou5jCOBFco3pEVyyj/yEgQ9993CO4ndzdxgNINa7dtqzbxQ==
- firebase/9.13.0/firebase-storage-compat.min.js: sha512-CpllRgyyrGrZ0pqHfOs2mKMKApculZW8o/NORjrC0JjCi/SBHXmgG5HkC1MFi+frM8YORIIF/o4t1vmk5SFMUA==
- firebase/9.13.0/firebase-app-compat.min.js: sha512-yaHBHth+msvbQTMXerkDbpRd1tuL4SvJwcnuW9tRVbcPCNB0VhyDQWAZJQrnisAKqbUpi5LF70ADN7fzrr5DoQ==
- firebase/9.13.0/firebase-database.js: sha512-cToyvB/4c1Lb/3Kp+a/ZV4h2wbJEIzzSTePOSgCtZ1IGy0nrGidAMX9hJS7uiVLsLjB0Mwy/sTuIuG5OO4zOIg==
- firebase/9.13.0/firebase-messaging.js: sha512-qzsT6mp49Y2alOBUb7MrVEmbI9NIXAOsSxWnnZCFGipZS4jdWxxKCGgm1F5Hx42xCMR6kz9LEVHdkmxoiBIpaw==
- firebase/9.13.0/firebase-performance-standalone-compat.js: sha512-i9HdsjviBDGuJUgJcnPVpOGcAZ0ztE1R1xzI8nTtU7LN6pEcYv7X5A9/wFa+x9JF3htUKXNMoyCE1XxQAI4qRQ==
- firebase/9.13.0/firebase-performance.js: sha512-tMZaqcp6TWwRTuxn76c3uEk0AiVwV6IaYQO9163svqqZUPh/ClIdwJv6Vi6a6cgGB64vIMbN75DjpwUxvvVd+w==
- firebase/9.13.0/firebase-database-compat.js: sha512-K3LMGzsWuee5vB8WQwZ1AR4HZ/iVO3YkJgUVinAqgKCtARX65/arBeV+T7UMbe9gHR+i2jBJ2WBn9Py6wZz/sA==
- firebase/9.13.0/firebase-auth.min.js: sha512-EwclK5GIjY7uhiJ2d4qa4SPu6wMD/cA39FhsYY3sLCIdFesUYLtheGObyOIZc0g0NTtlXaos6gQDSNrDgBT28A==
- firebase/9.13.0/firebase-auth-compat.min.js: sha512-PBKOB8oKtWlVLZ0y89xMB9107EHENQVoSLi0IvHXlRv7bKM2asLmQGTX/qJ8j+/oC8Yzk3EHnNlhULp4oFCoGg==
- firebase/9.13.0/firebase-analytics.min.js: sha512-ksPg0D/GBMJkO6pX9KBxEJBebi1aEDsXIQVkDdA3AwuK0qC/pck7HBJgQe0EJV5iX8mNjDa+POvQmG4D0uXI+A==
- firebase/9.13.0/firebase-app-check-compat.min.js: sha512-gA0KQ8pyDGgoIvuWQ79ISSUpPDWFmyvLmfxWVxgjJKpKO4N4NegXcjEB5AxkR+fpL4nWqiiX5OW3PQY/kxlVsA==
- firebase/9.13.0/firebase-compat.js: sha512-Hm6VhpRAMy82vFUKMuo0GejRTcBZg09jyWTMbSUk7+8u6uCh7twHbUbyLBTXQOM2GKaH9YbSHcGEOApLDtSsbA==
- firebase/9.13.0/firebase-messaging.min.js: sha512-fIM5HDwGKKni17hkwdJ78arHsM6v5EaanfzDuyYqMd4IhvHj1G9i4MevjX0C6hn2GNGCLeN8firH+iHsCyCUJw==
- firebase/9.13.0/firebase-storage.min.js: sha512-8vhx/YDVT89iTDm/mHXYvGsWnHC2NsWkx+qcNNKMM+Qb49wx6ft8il5chEjTCATKsXArFUcezZ0uO9aZo0AM0g==
- firebase/9.13.0/firebase-analytics.js: sha512-TM5Yol9XhP+w+f8oE2SN46gxKY1dTrg61jAxqR9dnYmROkuX1eZy5bnqAsnr4AcVDKKmJTekuVNzHhuRDXW10g==
- firebase/9.13.0/firebase-auth-compat.js: sha512-tV5KuMQ/+MGKyazts6NuCaiyti8KUC84vZzukG5AAbTS5wtDyHi28qkPaQzRcyz8eyNDY70xlyROjxzgNvhbZw==
- firebase/9.13.0/firebase-firestore-lite.min.js: sha512-yiTOfc11DsWVEGC79PyH01MgO8wU9STCFCY0psssR1H4iQlDxLSx2DSf6yrK2HBGSmxWUF71r1tc4AtNfLqUiw==
- firebase/9.13.0/firebase-firestore.min.js: sha512-f8iDuEjFCr1dQNUw8oV3K2u65KRBcjYoWsNhffXkL+Hfbz8bqrQf+YGDYERhDpkM5v568Q5pF0tlVb4JA31ZNQ==
- firebase/9.13.0/firebase-messaging-compat.min.js: sha512-M3WKV6IGKXUtYHn40cs3Yrx+xsO0rRXHmAGA2xCXjMmphqOE+tXrrpHLrGv2xzGyFGHqZs5OI4RnKZH+PSfmMA==
- firebase/9.13.0/firebase-performance-standalone-compat.es2017.min.js: sha512-A3y0TvtceoINPacqSz+Koloq094QOiP77jiEOv39QmHI/vDSll9fHagL/euQ+tUq2qC6SmEtqmLxirUZ5njnVg==
- firebase/9.13.0/firebase-app-check-compat.js: sha512-ZKUqIf/mUcXgyCdmgC5r9MiPZVAJWTAmVbjJc7ASgGN6bXuocSPTWrdlB8TOq6Hq+j/+XbOS/mYQ+v3uEP4bMg==
- firebase/9.13.0/firebase-app.js: sha512-z17s+2sznIcWgvWhqANmQUeW80ocwU0L+Gp2hCwu2+JVBv6h33FmoPj+czgXFBjrNCadIki6C7eWGweQC2PL0Q==
- firebase/9.13.0/firebase-auth-react-native.min.js: sha512-tMqWfC4Hta9i7cQHXp4K6WOv8aNdmQY99AujHX+c3nv4xt3hdhxzAHWjH8xbQD7Z4PwVHH5ROX01/WpsUtLrYQ==
- firebase/9.13.0/firebase-functions.js: sha512-40xwP2X0u7fY56gdr3f7PacxdzroUp/b73xZXTKeVRjquy7y+QQDp2+gbWnrHahWduHHF+ysYD556uUWv4r0aQ==
- firebase/9.13.0/firebase-installations.js: sha512-e1bIoygjrYybZ32T9I0Jd/RdRUYYeKbhN7oW2GwgNKMI8NeykK6NLzm73fZH1iSXuiNCN9Q8zS/AR9NM00bw4w==
- firebase/9.13.0/firebase-storage-compat.js: sha512-cPJMKKbxyOWJs+SdiQFCzxbyfAZo9g1yMsfgFhJ8mCLVaUgf2RaEEF5jcB08Xo3hnTdAOcDreVV9LAuWBtxLOQ==
- firebase/9.13.0/firebase-analytics-compat.min.js: sha512-bmJbWgmOpfeObwOb433lac1eTeT8VIqI4K3l4qE4vAV/oWON8mLsw+N9OBYEIEWKKIvIWN0edOaOOgqxbXN44A==
- firebase/9.13.0/firebase-compat.min.js: sha512-tnnngJZWAFnRFOO+1DshwEsSq8v1a6hY+Kg2hzN4o4fqXI+8Tp81lmhIqLMutpDT501NCv4DQESbLj61aBz5AA==
- firebase/9.13.0/firebase-functions-compat.js: sha512-khVXqphtx/1nBhABxBpATI6tAxEsVVNtqnaEE1oHSu5h9jiFrDKAwH6q7lh8BFkK0K41cDZDWfqa4UfDIi/wZg==
- firebase/9.13.0/firebase-messaging-sw.js: sha512-V212LatBDlIBvhx7m+UQEZ2kbCPBFdtDpBy1jD2Uhe56ZX6Ul40FtuIEEE2TNCjQo1zvejUmj1Oi7QONFBwaRg==
- firebase/9.13.0/firebase-app.min.js: sha512-kp2m3bvzT0UuNcigCyvOtMtNimJkXcQle5w4VWJyKQiiUoOdL84NXzN6W0VLqIRjePDqPWhwyc14Bu17g3ij/Q==
- firebase/9.13.0/firebase-auth-react-native.js: sha512-68pOGMPmjX9GUHeAJa7Wz8PvxpyL8jQkDHAb+kTx2NAm+XJ+6JhTHZM8R8GMrwm9BCfo0IFw0xgXC6bmhfG5fg==
- firebase/9.13.0/firebase-app-check.js: sha512-Atz3coL+VUjE34az9BugH2DPNMW6VXpi9dTb9LsiFfU1lIRoT5VNvB1KR4B/kkdIp6lPAd5pShZ4ep6oHf2fvw==
- firebase/9.13.0/firebase-auth-cordova.min.js: sha512-gr/LOYn6eSw99UuPm/j5HlUe4ydUPa0wZkK4nRRqI3M9iyNlOox4k47u65i6zF2a8wOnfV7DIVHdco3L2gVWaA==
- firebase/9.13.0/firebase-installations.min.js: sha512-oaVeFkkO48Mr2Z1XVRu1foUJR1uMZUtvMAQq1n8ODPfmO81jHycISe+Xp0J5mgNagVzpLFAvzvjj3sQk/8q8SQ==
- firebase/9.13.0/firebase-messaging-sw.min.js: sha512-2jjql8e5GJC81tTyTSexNnANjWBDtVaCo+yW4cqi8MD5Kxcx+C9GbB0XrHk8zy0OPBH4qVq0c6hqzfsGGYgX+g==
- firebase/9.13.0/firebase-performance.min.js: sha512-G+9RLQZ8A31OZu/mYCQ+csqGfDJi7ndHF1Yv8eXvqKR86Qc+r0/kJSoDZOS90NLdv/KpgoAd9YW/1k5LDO2Kqw==
- firebase/9.13.0/firebase-remote-config.min.js: sha512-DZO7924BpCzTQgmd1yQcKZNozvYV7L0UomquNYpeS0D79ehqkscY8NuVx6n61EBoG5ch8D+Zidaf/clxZmWsLw==
- firebase/9.13.0/firebase-app-check.min.js: sha512-MhdjaR8rN7k/J3+OTgqNwhKxfqUTxbPz4lCP5Hw2DXct4xYSgDar/creq7fqfzoyxO71d4zJ1a5QSzQWj5pFKQ==
- firebase/9.13.0/firebase-firestore-compat.js: sha512-CwxsyOyrWuD7GTePwGEuWsA41e4GmazbNkg5sagGhhXqLFdjdO0iHVRMLdXq/xbkYkRftneXQqeLYTTQ6i+xDg==
- firebase/9.13.0/firebase-installations-compat.min.js: sha512-HI6wmTtRlrRgvb2D4Pa7+9HlWmt3RO6T5troGK10iVceI/bBsLyvG1sHP5UTsl9UIcBfl1owOWFnMO+nHRZPbw==
- firebase/9.13.0/firebase-messaging-compat.js: sha512-J6hsMrGTxQslN5Y29a+OMshQVlpj8qnBd/BAVj9LWJUceNSlz9Px0NOXUoMm3lgns/dKS77O9WkuZTBJc9lpiQ==
- firebase/9.13.0/firebase-performance-compat.js: sha512-Icwh8xfPgWjK7Bi6HJP2WLNed3s/SW28sxi71OqfNydYA3IpqiovvqqsDoSs4lhWO0GoBltDtsT82P2IFup1tQ==
- firebase/9.13.0/firebase-performance-standalone-compat.es2017.js: sha512-Q/vj6wuxgrFk2uPoPS6OVyZMn9yKVG981Pbz+CJ5B/lvUUHFGjLmifXoFjD6TfXshw+8nYPHytPJm8sLumeBuA==
- firebase/9.13.0/firebase-remote-config-compat.min.js: sha512-U7ly6BGxIRm08uzZ3amffF0MlqHauyfnFbEknHXkFBkeurTvl1du964E7E384iDPoDg1dBTkeLL2VDQS1eG9nw==
- firebase/9.13.0/firebase-analytics-compat.js: sha512-fCxYkhYIoKqybTTexnKp61ngVTwJNggw4jP4FI4hPFmbxal/kncSxFDjSX26Nstwr0zwK921z4lGgBefnMe+vw==
- firebase/9.13.0/firebase-remote-config.js: sha512-wdhC7C5o1Mx0A7YqkUZjtpKMIeGd0ZFpaCM6zIIoLoq79OVGS4hIabMlbT45wKIT/z+7J9mPnVtRCsEl3P1c/w==
- firebase/9.13.0/firebase-storage.js: sha512-FG9J0ULg0XHlRIvZC8GnjVX+8paq++k6UsYPwypD3WRP6Or+fNO9Z2xpIWWao27lUAJqoxDXVc6RnSMxvGsQEg==
- firebase/9.13.0/firebase-firestore.js: sha512-PPnV+lPi1NhjNXJxqlmL5P/9ZKCtrIvzOsY/HWHeiM5YqcHg6UuXzIWsh4LUl5hoLejKTdSFvXBPpc/mEmN9Aw==
