config: {"authors":[{"name":"Google Inc."}],"autoupdate":{"source":"npm","target":"@fontsource/gowun-dodum","fileMap":[{"basePath":"","files":["*.css","files/*.@(woff|woff2)"]}],"excludeFromSearch":true},"description":"Self-host the Gowun Dodum font in a neatly bundled NPM package.","filename":"index.css","homepage":"https://fontsource.org/fonts/gowun-dodum","keywords":["fontsource","font","font family","google fonts","gowun-dodum","Gowun Dodum","css","sass","front-end","web","typeface","variable"],"license":"OFL-1.1","name":"fontsource-gowun-dodum","repository":{"type":"git","url":"git+https://github.com/fontsource/font-files.git"},"author":"Google Inc."}
KV keys:
- fontsource-gowun-dodum/4.5.10/400.css.br
- fontsource-gowun-dodum/4.5.10/400.css.gz
- fontsource-gowun-dodum/4.5.10/400.min.css.br
- fontsource-gowun-dodum/4.5.10/400.min.css.gz
- fontsource-gowun-dodum/4.5.10/files/gowun-dodum-0-400-normal.woff2
- fontsource-gowun-dodum/4.5.10/files/gowun-dodum-10-400-normal.woff2
- fontsource-gowun-dodum/4.5.10/files/gowun-dodum-100-400-normal.woff2
- fontsource-gowun-dodum/4.5.10/files/gowun-dodum-101-400-normal.woff2
- fontsource-gowun-dodum/4.5.10/files/gowun-dodum-102-400-normal.woff2
- fontsource-gowun-dodum/4.5.10/files/gowun-dodum-103-400-normal.woff2
- fontsource-gowun-dodum/4.5.10/files/gowun-dodum-104-400-normal.woff2
- fontsource-gowun-dodum/4.5.10/files/gowun-dodum-105-400-normal.woff2
- fontsource-gowun-dodum/4.5.10/files/gowun-dodum-106-400-normal.woff2
- fontsource-gowun-dodum/4.5.10/files/gowun-dodum-107-400-normal.woff2
- fontsource-gowun-dodum/4.5.10/files/gowun-dodum-108-400-normal.woff2
- fontsource-gowun-dodum/4.5.10/files/gowun-dodum-109-400-normal.woff2
- fontsource-gowun-dodum/4.5.10/files/gowun-dodum-11-400-normal.woff2
- fontsource-gowun-dodum/4.5.10/files/gowun-dodum-110-400-normal.woff2
- fontsource-gowun-dodum/4.5.10/files/gowun-dodum-111-400-normal.woff2
- fontsource-gowun-dodum/4.5.10/files/gowun-dodum-112-400-normal.woff2
- fontsource-gowun-dodum/4.5.10/files/gowun-dodum-113-400-normal.woff2
- fontsource-gowun-dodum/4.5.10/files/gowun-dodum-114-400-normal.woff2
- fontsource-gowun-dodum/4.5.10/files/gowun-dodum-115-400-normal.woff2
- fontsource-gowun-dodum/4.5.10/files/gowun-dodum-116-400-normal.woff2
- fontsource-gowun-dodum/4.5.10/files/gowun-dodum-117-400-normal.woff2
- fontsource-gowun-dodum/4.5.10/files/gowun-dodum-118-400-normal.woff2
- fontsource-gowun-dodum/4.5.10/files/gowun-dodum-119-400-normal.woff2
- fontsource-gowun-dodum/4.5.10/files/gowun-dodum-12-400-normal.woff2
- fontsource-gowun-dodum/4.5.10/files/gowun-dodum-13-400-normal.woff2
- fontsource-gowun-dodum/4.5.10/files/gowun-dodum-14-400-normal.woff2
- fontsource-gowun-dodum/4.5.10/files/gowun-dodum-15-400-normal.woff2
- fontsource-gowun-dodum/4.5.10/files/gowun-dodum-16-400-normal.woff2
- fontsource-gowun-dodum/4.5.10/files/gowun-dodum-17-400-normal.woff2
- fontsource-gowun-dodum/4.5.10/files/gowun-dodum-18-400-normal.woff2
- fontsource-gowun-dodum/4.5.10/files/gowun-dodum-19-400-normal.woff2
- fontsource-gowun-dodum/4.5.10/files/gowun-dodum-2-400-normal.woff2
- fontsource-gowun-dodum/4.5.10/files/gowun-dodum-20-400-normal.woff2
- fontsource-gowun-dodum/4.5.10/files/gowun-dodum-21-400-normal.woff2
- fontsource-gowun-dodum/4.5.10/files/gowun-dodum-22-400-normal.woff2
- fontsource-gowun-dodum/4.5.10/files/gowun-dodum-23-400-normal.woff2
- fontsource-gowun-dodum/4.5.10/files/gowun-dodum-24-400-normal.woff2
- fontsource-gowun-dodum/4.5.10/files/gowun-dodum-25-400-normal.woff2
- fontsource-gowun-dodum/4.5.10/files/gowun-dodum-26-400-normal.woff2
- fontsource-gowun-dodum/4.5.10/files/gowun-dodum-27-400-normal.woff2
- fontsource-gowun-dodum/4.5.10/files/gowun-dodum-28-400-normal.woff2
- fontsource-gowun-dodum/4.5.10/files/gowun-dodum-29-400-normal.woff2
- fontsource-gowun-dodum/4.5.10/files/gowun-dodum-3-400-normal.woff2
- fontsource-gowun-dodum/4.5.10/files/gowun-dodum-30-400-normal.woff2
- fontsource-gowun-dodum/4.5.10/files/gowun-dodum-31-400-normal.woff2
- fontsource-gowun-dodum/4.5.10/files/gowun-dodum-32-400-normal.woff2
- fontsource-gowun-dodum/4.5.10/files/gowun-dodum-33-400-normal.woff2
- fontsource-gowun-dodum/4.5.10/files/gowun-dodum-34-400-normal.woff2
- fontsource-gowun-dodum/4.5.10/files/gowun-dodum-35-400-normal.woff2
- fontsource-gowun-dodum/4.5.10/files/gowun-dodum-36-400-normal.woff2
- fontsource-gowun-dodum/4.5.10/files/gowun-dodum-37-400-normal.woff2
- fontsource-gowun-dodum/4.5.10/files/gowun-dodum-38-400-normal.woff2
- fontsource-gowun-dodum/4.5.10/files/gowun-dodum-39-400-normal.woff2
- fontsource-gowun-dodum/4.5.10/files/gowun-dodum-4-400-normal.woff2
- fontsource-gowun-dodum/4.5.10/files/gowun-dodum-40-400-normal.woff2
- fontsource-gowun-dodum/4.5.10/files/gowun-dodum-41-400-normal.woff2
- fontsource-gowun-dodum/4.5.10/files/gowun-dodum-42-400-normal.woff2
- fontsource-gowun-dodum/4.5.10/files/gowun-dodum-43-400-normal.woff2
- fontsource-gowun-dodum/4.5.10/files/gowun-dodum-44-400-normal.woff2
- fontsource-gowun-dodum/4.5.10/files/gowun-dodum-45-400-normal.woff2
- fontsource-gowun-dodum/4.5.10/files/gowun-dodum-46-400-normal.woff2
- fontsource-gowun-dodum/4.5.10/files/gowun-dodum-47-400-normal.woff2
- fontsource-gowun-dodum/4.5.10/files/gowun-dodum-48-400-normal.woff2
- fontsource-gowun-dodum/4.5.10/files/gowun-dodum-49-400-normal.woff2
- fontsource-gowun-dodum/4.5.10/files/gowun-dodum-5-400-normal.woff2
- fontsource-gowun-dodum/4.5.10/files/gowun-dodum-50-400-normal.woff2
- fontsource-gowun-dodum/4.5.10/files/gowun-dodum-51-400-normal.woff2
- fontsource-gowun-dodum/4.5.10/files/gowun-dodum-52-400-normal.woff2
- fontsource-gowun-dodum/4.5.10/files/gowun-dodum-53-400-normal.woff2
- fontsource-gowun-dodum/4.5.10/files/gowun-dodum-54-400-normal.woff2
- fontsource-gowun-dodum/4.5.10/files/gowun-dodum-55-400-normal.woff2
- fontsource-gowun-dodum/4.5.10/files/gowun-dodum-56-400-normal.woff2
- fontsource-gowun-dodum/4.5.10/files/gowun-dodum-57-400-normal.woff2
- fontsource-gowun-dodum/4.5.10/files/gowun-dodum-58-400-normal.woff2
- fontsource-gowun-dodum/4.5.10/files/gowun-dodum-59-400-normal.woff2
- fontsource-gowun-dodum/4.5.10/files/gowun-dodum-6-400-normal.woff2
- fontsource-gowun-dodum/4.5.10/files/gowun-dodum-60-400-normal.woff2
- fontsource-gowun-dodum/4.5.10/files/gowun-dodum-61-400-normal.woff2
- fontsource-gowun-dodum/4.5.10/files/gowun-dodum-62-400-normal.woff2
- fontsource-gowun-dodum/4.5.10/files/gowun-dodum-63-400-normal.woff2
- fontsource-gowun-dodum/4.5.10/files/gowun-dodum-64-400-normal.woff2
- fontsource-gowun-dodum/4.5.10/files/gowun-dodum-65-400-normal.woff2
- fontsource-gowun-dodum/4.5.10/files/gowun-dodum-7-400-normal.woff2
- fontsource-gowun-dodum/4.5.10/files/gowun-dodum-8-400-normal.woff2
- fontsource-gowun-dodum/4.5.10/files/gowun-dodum-9-400-normal.woff2
- fontsource-gowun-dodum/4.5.10/files/gowun-dodum-93-400-normal.woff2
- fontsource-gowun-dodum/4.5.10/files/gowun-dodum-94-400-normal.woff2
- fontsource-gowun-dodum/4.5.10/files/gowun-dodum-95-400-normal.woff2
- fontsource-gowun-dodum/4.5.10/files/gowun-dodum-96-400-normal.woff2
- fontsource-gowun-dodum/4.5.10/files/gowun-dodum-97-400-normal.woff2
- fontsource-gowun-dodum/4.5.10/files/gowun-dodum-98-400-normal.woff2
- fontsource-gowun-dodum/4.5.10/files/gowun-dodum-99-400-normal.woff2
- fontsource-gowun-dodum/4.5.10/files/gowun-dodum-all-400-normal.woff.br
- fontsource-gowun-dodum/4.5.10/files/gowun-dodum-all-400-normal.woff.gz
- fontsource-gowun-dodum/4.5.10/files/gowun-dodum-korean-400-normal.woff.br
- fontsource-gowun-dodum/4.5.10/files/gowun-dodum-korean-400-normal.woff.gz
- fontsource-gowun-dodum/4.5.10/files/gowun-dodum-korean-400-normal.woff2
- fontsource-gowun-dodum/4.5.10/files/gowun-dodum-latin-400-normal.woff.br
- fontsource-gowun-dodum/4.5.10/files/gowun-dodum-latin-400-normal.woff.gz
- fontsource-gowun-dodum/4.5.10/files/gowun-dodum-latin-400-normal.woff2
- fontsource-gowun-dodum/4.5.10/files/gowun-dodum-latin-ext-400-normal.woff.br
- fontsource-gowun-dodum/4.5.10/files/gowun-dodum-latin-ext-400-normal.woff.gz
- fontsource-gowun-dodum/4.5.10/files/gowun-dodum-latin-ext-400-normal.woff2
- fontsource-gowun-dodum/4.5.10/files/gowun-dodum-vietnamese-400-normal.woff.br
- fontsource-gowun-dodum/4.5.10/files/gowun-dodum-vietnamese-400-normal.woff.gz
- fontsource-gowun-dodum/4.5.10/files/gowun-dodum-vietnamese-400-normal.woff2
- fontsource-gowun-dodum/4.5.10/index.css.br
- fontsource-gowun-dodum/4.5.10/index.css.gz
- fontsource-gowun-dodum/4.5.10/index.min.css.br
- fontsource-gowun-dodum/4.5.10/index.min.css.gz
- fontsource-gowun-dodum/4.5.10/korean-400.css.br
- fontsource-gowun-dodum/4.5.10/korean-400.css.gz
- fontsource-gowun-dodum/4.5.10/korean-400.min.css.br
- fontsource-gowun-dodum/4.5.10/korean-400.min.css.gz
- fontsource-gowun-dodum/4.5.10/korean.css.br
- fontsource-gowun-dodum/4.5.10/korean.css.gz
- fontsource-gowun-dodum/4.5.10/korean.min.css.br
- fontsource-gowun-dodum/4.5.10/korean.min.css.gz
- fontsource-gowun-dodum/4.5.10/latin-400.css.br
- fontsource-gowun-dodum/4.5.10/latin-400.css.gz
- fontsource-gowun-dodum/4.5.10/latin-400.min.css.br
- fontsource-gowun-dodum/4.5.10/latin-400.min.css.gz
- fontsource-gowun-dodum/4.5.10/latin-ext-400.css.br
- fontsource-gowun-dodum/4.5.10/latin-ext-400.css.gz
- fontsource-gowun-dodum/4.5.10/latin-ext-400.min.css.br
- fontsource-gowun-dodum/4.5.10/latin-ext-400.min.css.gz
- fontsource-gowun-dodum/4.5.10/latin-ext.css.br
- fontsource-gowun-dodum/4.5.10/latin-ext.css.gz
- fontsource-gowun-dodum/4.5.10/latin-ext.min.css.br
- fontsource-gowun-dodum/4.5.10/latin-ext.min.css.gz
- fontsource-gowun-dodum/4.5.10/latin.css.br
- fontsource-gowun-dodum/4.5.10/latin.css.gz
- fontsource-gowun-dodum/4.5.10/latin.min.css.br
- fontsource-gowun-dodum/4.5.10/latin.min.css.gz
- fontsource-gowun-dodum/4.5.10/vietnamese-400.css.br
- fontsource-gowun-dodum/4.5.10/vietnamese-400.css.gz
- fontsource-gowun-dodum/4.5.10/vietnamese-400.min.css.br
- fontsource-gowun-dodum/4.5.10/vietnamese-400.min.css.gz
- fontsource-gowun-dodum/4.5.10/vietnamese.css.br
- fontsource-gowun-dodum/4.5.10/vietnamese.css.gz
- fontsource-gowun-dodum/4.5.10/vietnamese.min.css.br
- fontsource-gowun-dodum/4.5.10/vietnamese.min.css.gz
SRIs:
- fontsource-gowun-dodum/4.5.10/korean-400.css: sha512-VA7dnBlkHBiACMtoYbjE7PDsnzfg14HpQ4+9T9zAupr3vfmpO8yVmLMB0jf72KLlwhy23qZITfT+rSZJJS2r2w==
- fontsource-gowun-dodum/4.5.10/latin.min.css: sha512-weTPAHMMFKijZYhXyhLPv0wq2HNQh3PNw/i7uYkQPVCN+U/ujFTEzlgI+OnSAFUmaEJYwTikU0a1QAa1OJYEKg==
- fontsource-gowun-dodum/4.5.10/vietnamese-400.min.css: sha512-uRGpo5nT4ihsWNHA0xoIX3qhQcRwwDDH+JK7mjriOtCz+z0AL5b15JhVPfT7gNsOhH583xKMtPFslPq4+NcKAQ==
- fontsource-gowun-dodum/4.5.10/index.css: sha512-JSpG8gWxd3+SKFbrxxDpJ5tTMF7qEZZGUDu86Yw1Ui70a2qArbtK391tVAIUP2EEaxcIr3l25RmtKN7n/PRiVA==
- fontsource-gowun-dodum/4.5.10/index.min.css: sha512-d1Aog9DWfsslgZqVeMUEI3PFT5KudLd0E0usBLH1QFeUM1d+nBDt965tDQBHMI/XYvmSvCAUt2cZwyfdNcpGEA==
- fontsource-gowun-dodum/4.5.10/korean-400.min.css: sha512-86XvGQf0dBAGRX0NhMmhZvK9SFuY0j/Z84J6V16hXuzpwUFTlLKR21UM0zU63O0Y4qxqiDkzSxkSgssgj3RQSg==
- fontsource-gowun-dodum/4.5.10/latin.css: sha512-qL/K1IG/KDm/Tvujps4P9l/OiHF6ZFjD+K3/Ix0obxy4v54AR5KpTnfQGLii1bY/inmDA8pBbr2P21zVosg7YA==
- fontsource-gowun-dodum/4.5.10/vietnamese.min.css: sha512-uRGpo5nT4ihsWNHA0xoIX3qhQcRwwDDH+JK7mjriOtCz+z0AL5b15JhVPfT7gNsOhH583xKMtPFslPq4+NcKAQ==
- fontsource-gowun-dodum/4.5.10/400.css: sha512-JSpG8gWxd3+SKFbrxxDpJ5tTMF7qEZZGUDu86Yw1Ui70a2qArbtK391tVAIUP2EEaxcIr3l25RmtKN7n/PRiVA==
- fontsource-gowun-dodum/4.5.10/korean.css: sha512-VA7dnBlkHBiACMtoYbjE7PDsnzfg14HpQ4+9T9zAupr3vfmpO8yVmLMB0jf72KLlwhy23qZITfT+rSZJJS2r2w==
- fontsource-gowun-dodum/4.5.10/latin-400.min.css: sha512-weTPAHMMFKijZYhXyhLPv0wq2HNQh3PNw/i7uYkQPVCN+U/ujFTEzlgI+OnSAFUmaEJYwTikU0a1QAa1OJYEKg==
- fontsource-gowun-dodum/4.5.10/latin-ext-400.min.css: sha512-FNo/+WI09Q/3jHmpj5dku3SPeZiZDu1MPHstPEd8B2tVvQylCb2cAmk6VnhcG4epwArxfxUChUBCfSdBbwCvOA==
- fontsource-gowun-dodum/4.5.10/latin-ext.css: sha512-I8A2mF/7uWHbPQFKORncf0XkPypvBWSCEjE8CRIiZo4Xz8xoKa8wvMm2z80ZhKwd3EfCjXhNZZSWpJN+AmJFIw==
- fontsource-gowun-dodum/4.5.10/vietnamese.css: sha512-FurX+9fMbU/AeGACE/RL03GjwtDHk+b9OscO0FtiaZ9Jq5/jHwO2YfN2wKohpDfGOEoskdRkO7H9WSgx8Fu0Iw==
- fontsource-gowun-dodum/4.5.10/400.min.css: sha512-d1Aog9DWfsslgZqVeMUEI3PFT5KudLd0E0usBLH1QFeUM1d+nBDt965tDQBHMI/XYvmSvCAUt2cZwyfdNcpGEA==
- fontsource-gowun-dodum/4.5.10/latin-400.css: sha512-qL/K1IG/KDm/Tvujps4P9l/OiHF6ZFjD+K3/Ix0obxy4v54AR5KpTnfQGLii1bY/inmDA8pBbr2P21zVosg7YA==
- fontsource-gowun-dodum/4.5.10/latin-ext-400.css: sha512-I8A2mF/7uWHbPQFKORncf0XkPypvBWSCEjE8CRIiZo4Xz8xoKa8wvMm2z80ZhKwd3EfCjXhNZZSWpJN+AmJFIw==
- fontsource-gowun-dodum/4.5.10/latin-ext.min.css: sha512-FNo/+WI09Q/3jHmpj5dku3SPeZiZDu1MPHstPEd8B2tVvQylCb2cAmk6VnhcG4epwArxfxUChUBCfSdBbwCvOA==
- fontsource-gowun-dodum/4.5.10/vietnamese-400.css: sha512-FurX+9fMbU/AeGACE/RL03GjwtDHk+b9OscO0FtiaZ9Jq5/jHwO2YfN2wKohpDfGOEoskdRkO7H9WSgx8Fu0Iw==
- fontsource-gowun-dodum/4.5.10/korean.min.css: sha512-86XvGQf0dBAGRX0NhMmhZvK9SFuY0j/Z84J6V16hXuzpwUFTlLKR21UM0zU63O0Y4qxqiDkzSxkSgssgj3RQSg==
