Files:
- video.js/8.11.5/alt/video-js-cdn.css.br
- video.js/8.11.5/alt/video-js-cdn.min.css.br
- video.js/8.11.5/alt/video.core.js.br
- video.js/8.11.5/alt/video.core.min.js.br
- video.js/8.11.5/alt/video.core.novtt.js.br
- video.js/8.11.5/alt/video.core.novtt.min.js.br
- video.js/8.11.5/alt/video.debug.js.br
- video.js/8.11.5/alt/video.debug.min.js.br
- video.js/8.11.5/alt/video.novtt.js.br
- video.js/8.11.5/alt/video.novtt.min.js.br
- video.js/8.11.5/font/VideoJS.svg.br
- video.js/8.11.5/font/VideoJS.ttf.br
- video.js/8.11.5/font/VideoJS.woff.br
- video.js/8.11.5/lang/ar.js.br
- video.js/8.11.5/lang/ar.min.js.br
- video.js/8.11.5/lang/az.js.br
- video.js/8.11.5/lang/az.min.js.br
- video.js/8.11.5/lang/ba.js.br
- video.js/8.11.5/lang/ba.min.js.br
- video.js/8.11.5/lang/bg.js.br
- video.js/8.11.5/lang/bg.min.js.br
- video.js/8.11.5/lang/bn.js.br
- video.js/8.11.5/lang/bn.min.js.br
- video.js/8.11.5/lang/ca.js.br
- video.js/8.11.5/lang/ca.min.js.br
- video.js/8.11.5/lang/cs.js.br
- video.js/8.11.5/lang/cs.min.js.br
- video.js/8.11.5/lang/cy.js.br
- video.js/8.11.5/lang/cy.min.js.br
- video.js/8.11.5/lang/da.js.br
- video.js/8.11.5/lang/da.min.js.br
- video.js/8.11.5/lang/de.js.br
- video.js/8.11.5/lang/de.min.js.br
- video.js/8.11.5/lang/el.js.br
- video.js/8.11.5/lang/el.min.js.br
- video.js/8.11.5/lang/en-GB.js.br
- video.js/8.11.5/lang/en-GB.min.js.br
- video.js/8.11.5/lang/en.js.br
- video.js/8.11.5/lang/en.min.js.br
- video.js/8.11.5/lang/et.js.br
- video.js/8.11.5/lang/et.min.js.br
- video.js/8.11.5/lang/eu.js.br
- video.js/8.11.5/lang/eu.min.js.br
- video.js/8.11.5/lang/fa.js.br
- video.js/8.11.5/lang/fa.min.js.br
- video.js/8.11.5/lang/fi.js.br
- video.js/8.11.5/lang/fi.min.js.br
- video.js/8.11.5/lang/fr.js.br
- video.js/8.11.5/lang/fr.min.js.br
- video.js/8.11.5/lang/gd.js.br
- video.js/8.11.5/lang/gd.min.js.br
- video.js/8.11.5/lang/gl.js.br
- video.js/8.11.5/lang/gl.min.js.br
- video.js/8.11.5/lang/he.js.br
- video.js/8.11.5/lang/he.min.js.br
- video.js/8.11.5/lang/hi.js.br
- video.js/8.11.5/lang/hi.min.js.br
- video.js/8.11.5/lang/hr.js.br
- video.js/8.11.5/lang/hr.min.js.br
- video.js/8.11.5/lang/hu.js.br
- video.js/8.11.5/lang/hu.min.js.br
- video.js/8.11.5/lang/it.js.br
- video.js/8.11.5/lang/it.min.js.br
- video.js/8.11.5/lang/ja.js.br
- video.js/8.11.5/lang/ja.min.js.br
- video.js/8.11.5/lang/ko.js.br
- video.js/8.11.5/lang/ko.min.js.br
- video.js/8.11.5/lang/lv.js.br
- video.js/8.11.5/lang/lv.min.js.br
- video.js/8.11.5/lang/nb.js.br
- video.js/8.11.5/lang/nb.min.js.br
- video.js/8.11.5/lang/nl.js.br
- video.js/8.11.5/lang/nl.min.js.br
- video.js/8.11.5/lang/nn.js.br
- video.js/8.11.5/lang/nn.min.js.br
- video.js/8.11.5/lang/np.js.br
- video.js/8.11.5/lang/np.min.js.br
- video.js/8.11.5/lang/oc.js.br
- video.js/8.11.5/lang/oc.min.js.br
- video.js/8.11.5/lang/pl.js.br
- video.js/8.11.5/lang/pl.min.js.br
- video.js/8.11.5/lang/pt-BR.js.br
- video.js/8.11.5/lang/pt-BR.min.js.br
- video.js/8.11.5/lang/pt-PT.js.br
- video.js/8.11.5/lang/pt-PT.min.js.br
- video.js/8.11.5/lang/ro.js.br
- video.js/8.11.5/lang/ro.min.js.br
- video.js/8.11.5/lang/ru.js.br
- video.js/8.11.5/lang/ru.min.js.br
- video.js/8.11.5/lang/sk.js.br
- video.js/8.11.5/lang/sk.min.js.br
- video.js/8.11.5/lang/sl.js.br
- video.js/8.11.5/lang/sl.min.js.br
- video.js/8.11.5/lang/sr.js.br
- video.js/8.11.5/lang/sr.min.js.br
- video.js/8.11.5/lang/sv.js.br
- video.js/8.11.5/lang/sv.min.js.br
- video.js/8.11.5/lang/te.js.br
- video.js/8.11.5/lang/te.min.js.br
- video.js/8.11.5/lang/th.js.br
- video.js/8.11.5/lang/th.min.js.br
- video.js/8.11.5/lang/tr.js.br
- video.js/8.11.5/lang/tr.min.js.br
- video.js/8.11.5/lang/uk.js.br
- video.js/8.11.5/lang/uk.min.js.br
- video.js/8.11.5/lang/vi.js.br
- video.js/8.11.5/lang/vi.min.js.br
- video.js/8.11.5/lang/zh-CN.js.br
- video.js/8.11.5/lang/zh-CN.min.js.br
- video.js/8.11.5/lang/zh-Hans.js.br
- video.js/8.11.5/lang/zh-Hans.min.js.br
- video.js/8.11.5/lang/zh-Hant.js.br
- video.js/8.11.5/lang/zh-Hant.min.js.br
- video.js/8.11.5/lang/zh-TW.js.br
- video.js/8.11.5/lang/zh-TW.min.js.br
- video.js/8.11.5/types/big-play-button.d.ts.map.br
- video.js/8.11.5/types/button.d.ts.map.br
- video.js/8.11.5/types/clickable-component.d.ts.map.br
- video.js/8.11.5/types/close-button.d.ts.map.br
- video.js/8.11.5/types/component.d.ts.map.br
- video.js/8.11.5/types/consts/errors.d.ts.map.br
- video.js/8.11.5/types/control-bar/audio-track-controls/audio-track-button.d.ts.map.br
- video.js/8.11.5/types/control-bar/audio-track-controls/audio-track-menu-item.d.ts.map.br
- video.js/8.11.5/types/control-bar/control-bar.d.ts.map.br
- video.js/8.11.5/types/control-bar/fullscreen-toggle.d.ts.map.br
- video.js/8.11.5/types/control-bar/live-display.d.ts.map.br
- video.js/8.11.5/types/control-bar/mute-toggle.d.ts.map.br
- video.js/8.11.5/types/control-bar/picture-in-picture-toggle.d.ts.map.br
- video.js/8.11.5/types/control-bar/play-toggle.d.ts.map.br
- video.js/8.11.5/types/control-bar/playback-rate-menu/playback-rate-menu-button.d.ts.map.br
- video.js/8.11.5/types/control-bar/playback-rate-menu/playback-rate-menu-item.d.ts.map.br
- video.js/8.11.5/types/control-bar/progress-control/load-progress-bar.d.ts.map.br
- video.js/8.11.5/types/control-bar/progress-control/mouse-time-display.d.ts.map.br
- video.js/8.11.5/types/control-bar/progress-control/play-progress-bar.d.ts.map.br
- video.js/8.11.5/types/control-bar/progress-control/progress-control.d.ts.map.br
- video.js/8.11.5/types/control-bar/progress-control/seek-bar.d.ts.map.br
- video.js/8.11.5/types/control-bar/progress-control/time-tooltip.d.ts.map.br
- video.js/8.11.5/types/control-bar/seek-to-live.d.ts.map.br
- video.js/8.11.5/types/control-bar/skip-buttons/skip-backward.d.ts.map.br
- video.js/8.11.5/types/control-bar/skip-buttons/skip-forward.d.ts.map.br
- video.js/8.11.5/types/control-bar/spacer-controls/custom-control-spacer.d.ts.map.br
- video.js/8.11.5/types/control-bar/spacer-controls/spacer.d.ts.map.br
- video.js/8.11.5/types/control-bar/text-track-controls/caption-settings-menu-item.d.ts.map.br
- video.js/8.11.5/types/control-bar/text-track-controls/captions-button.d.ts.map.br
- video.js/8.11.5/types/control-bar/text-track-controls/chapters-button.d.ts.map.br
- video.js/8.11.5/types/control-bar/text-track-controls/chapters-track-menu-item.d.ts.map.br
- video.js/8.11.5/types/control-bar/text-track-controls/descriptions-button.d.ts.map.br
- video.js/8.11.5/types/control-bar/text-track-controls/off-text-track-menu-item.d.ts.map.br
- video.js/8.11.5/types/control-bar/text-track-controls/subs-caps-button.d.ts.map.br
- video.js/8.11.5/types/control-bar/text-track-controls/subs-caps-menu-item.d.ts.map.br
- video.js/8.11.5/types/control-bar/text-track-controls/subtitles-button.d.ts.map.br
- video.js/8.11.5/types/control-bar/text-track-controls/text-track-button.d.ts.map.br
- video.js/8.11.5/types/control-bar/text-track-controls/text-track-menu-item.d.ts.map.br
- video.js/8.11.5/types/control-bar/time-controls/current-time-display.d.ts.map.br
- video.js/8.11.5/types/control-bar/time-controls/duration-display.d.ts.map.br
- video.js/8.11.5/types/control-bar/time-controls/remaining-time-display.d.ts.map.br
- video.js/8.11.5/types/control-bar/time-controls/time-display.d.ts.map.br
- video.js/8.11.5/types/control-bar/time-controls/time-divider.d.ts.map.br
- video.js/8.11.5/types/control-bar/track-button.d.ts.map.br
- video.js/8.11.5/types/control-bar/volume-control/check-mute-support.d.ts.map.br
- video.js/8.11.5/types/control-bar/volume-control/check-volume-support.d.ts.map.br
- video.js/8.11.5/types/control-bar/volume-control/mouse-volume-level-display.d.ts.map.br
- video.js/8.11.5/types/control-bar/volume-control/volume-bar.d.ts.map.br
- video.js/8.11.5/types/control-bar/volume-control/volume-control.d.ts.map.br
- video.js/8.11.5/types/control-bar/volume-control/volume-level-tooltip.d.ts.map.br
- video.js/8.11.5/types/control-bar/volume-control/volume-level.d.ts.map.br
- video.js/8.11.5/types/control-bar/volume-panel.d.ts.map.br
- video.js/8.11.5/types/debug.d.ts.map.br
- video.js/8.11.5/types/error-display.d.ts.map.br
- video.js/8.11.5/types/event-target.d.ts.map.br
- video.js/8.11.5/types/fullscreen-api.d.ts.map.br
- video.js/8.11.5/types/index.d.ts.map.br
- video.js/8.11.5/types/live-tracker.d.ts.map.br
- video.js/8.11.5/types/loading-spinner.d.ts.map.br
- video.js/8.11.5/types/media-error.d.ts.map.br
- video.js/8.11.5/types/menu/menu-button.d.ts.map.br
- video.js/8.11.5/types/menu/menu-item.d.ts.map.br
- video.js/8.11.5/types/menu/menu-keys.d.ts.map.br
- video.js/8.11.5/types/menu/menu.d.ts.map.br
- video.js/8.11.5/types/mixins/evented.d.ts.map.br
- video.js/8.11.5/types/mixins/stateful.d.ts.map.br
- video.js/8.11.5/types/modal-dialog.d.ts.map.br
- video.js/8.11.5/types/player.d.ts.map.br
- video.js/8.11.5/types/plugin.d.ts.map.br
- video.js/8.11.5/types/poster-image.d.ts.map.br
- video.js/8.11.5/types/resize-manager.d.ts.map.br
- video.js/8.11.5/types/setup.d.ts.map.br
- video.js/8.11.5/types/slider/slider.d.ts.map.br
- video.js/8.11.5/types/tech/html5.d.ts.map.br
- video.js/8.11.5/types/tech/loader.d.ts.map.br
- video.js/8.11.5/types/tech/middleware.d.ts.map.br
- video.js/8.11.5/types/tech/setup-sourceset.d.ts.map.br
- video.js/8.11.5/types/tech/tech.d.ts.map.br
- video.js/8.11.5/types/title-bar.d.ts.map.br
- video.js/8.11.5/types/tracks/audio-track-list.d.ts.map.br
- video.js/8.11.5/types/tracks/audio-track.d.ts.map.br
- video.js/8.11.5/types/tracks/html-track-element-list.d.ts.map.br
- video.js/8.11.5/types/tracks/html-track-element.d.ts.map.br
- video.js/8.11.5/types/tracks/text-track-cue-list.d.ts.map.br
- video.js/8.11.5/types/tracks/text-track-display.d.ts.map.br
- video.js/8.11.5/types/tracks/text-track-list-converter.d.ts.map.br
- video.js/8.11.5/types/tracks/text-track-list.d.ts.map.br
- video.js/8.11.5/types/tracks/text-track-settings.d.ts.map.br
- video.js/8.11.5/types/tracks/text-track.d.ts.map.br
- video.js/8.11.5/types/tracks/track-enums.d.ts.map.br
- video.js/8.11.5/types/tracks/track-list.d.ts.map.br
- video.js/8.11.5/types/tracks/track-types.d.ts.map.br
- video.js/8.11.5/types/tracks/track.d.ts.map.br
- video.js/8.11.5/types/tracks/video-track-list.d.ts.map.br
- video.js/8.11.5/types/tracks/video-track.d.ts.map.br
- video.js/8.11.5/types/types.d.ts.map.br
- video.js/8.11.5/types/utils/browser.d.ts.map.br
- video.js/8.11.5/types/utils/buffer.d.ts.map.br
- video.js/8.11.5/types/utils/create-logger.d.ts.map.br
- video.js/8.11.5/types/utils/deprecate.d.ts.map.br
- video.js/8.11.5/types/utils/dom-data.d.ts.map.br
- video.js/8.11.5/types/utils/dom.d.ts.map.br
- video.js/8.11.5/types/utils/events.d.ts.map.br
- video.js/8.11.5/types/utils/filter-source.d.ts.map.br
- video.js/8.11.5/types/utils/fn.d.ts.map.br
- video.js/8.11.5/types/utils/guid.d.ts.map.br
- video.js/8.11.5/types/utils/hooks.d.ts.map.br
- video.js/8.11.5/types/utils/log.d.ts.map.br
- video.js/8.11.5/types/utils/mimetypes.d.ts.map.br
- video.js/8.11.5/types/utils/num.d.ts.map.br
- video.js/8.11.5/types/utils/obj.d.ts.map.br
- video.js/8.11.5/types/utils/promise.d.ts.map.br
- video.js/8.11.5/types/utils/str.d.ts.map.br
- video.js/8.11.5/types/utils/stylesheet.d.ts.map.br
- video.js/8.11.5/types/utils/time.d.ts.map.br
- video.js/8.11.5/types/utils/url.d.ts.map.br
- video.js/8.11.5/types/video.d.ts.map.br
- video.js/8.11.5/video-js.css.br
- video.js/8.11.5/video-js.min.css.br
- video.js/8.11.5/video.js.br
- video.js/8.11.5/video.min.js.br
