Files:
- fontsource-mrs-sheppards/5.0.1/400.css.br
- fontsource-mrs-sheppards/5.0.1/400.css.gz
- fontsource-mrs-sheppards/5.0.1/400.min.css.br
- fontsource-mrs-sheppards/5.0.1/400.min.css.gz
- fontsource-mrs-sheppards/5.0.1/files/mrs-sheppards-latin-400-normal.woff.br
- fontsource-mrs-sheppards/5.0.1/files/mrs-sheppards-latin-400-normal.woff.gz
- fontsource-mrs-sheppards/5.0.1/files/mrs-sheppards-latin-400-normal.woff2
- fontsource-mrs-sheppards/5.0.1/files/mrs-sheppards-latin-ext-400-normal.woff.br
- fontsource-mrs-sheppards/5.0.1/files/mrs-sheppards-latin-ext-400-normal.woff.gz
- fontsource-mrs-sheppards/5.0.1/files/mrs-sheppards-latin-ext-400-normal.woff2
- fontsource-mrs-sheppards/5.0.1/index.css.br
- fontsource-mrs-sheppards/5.0.1/index.css.gz
- fontsource-mrs-sheppards/5.0.1/index.min.css.br
- fontsource-mrs-sheppards/5.0.1/index.min.css.gz
- fontsource-mrs-sheppards/5.0.1/latin-400.css.br
- fontsource-mrs-sheppards/5.0.1/latin-400.css.gz
- fontsource-mrs-sheppards/5.0.1/latin-400.min.css.br
- fontsource-mrs-sheppards/5.0.1/latin-400.min.css.gz
- fontsource-mrs-sheppards/5.0.1/latin-ext-400.css.br
- fontsource-mrs-sheppards/5.0.1/latin-ext-400.css.gz
- fontsource-mrs-sheppards/5.0.1/latin-ext-400.min.css.br
- fontsource-mrs-sheppards/5.0.1/latin-ext-400.min.css.gz
- fontsource-mrs-sheppards/5.0.1/latin-ext.css.br
- fontsource-mrs-sheppards/5.0.1/latin-ext.css.gz
- fontsource-mrs-sheppards/5.0.1/latin-ext.min.css.br
- fontsource-mrs-sheppards/5.0.1/latin-ext.min.css.gz
- fontsource-mrs-sheppards/5.0.1/latin.css.br
- fontsource-mrs-sheppards/5.0.1/latin.css.gz
- fontsource-mrs-sheppards/5.0.1/latin.min.css.br
- fontsource-mrs-sheppards/5.0.1/latin.min.css.gz
