2021/12/01 01:05:39 optimizing files (Js true, Css true, Png true, Jpg true)
2021/12/01 01:05:39 compressed file already exists: /tmp/work/dist/gd-sprest-bs-icons.min.js
2021/12/01 01:05:39 /tmp/work/dist/gd-sprest-bs-icons.min.js.min.js compressed file already exists
2021/12/01 01:05:39 compressed file already exists: /tmp/work/dist/gd-sprest-bs.min.js
2021/12/01 01:05:39 /tmp/work/dist/gd-sprest-bs.min.js.min.js compressed file already exists
2021/12/01 01:05:39 algorithm: run /usr/bin/brotli --quality=11 --output=/output/gd-sprest-bs.d.ts.br /tmp/work/dist/gd-sprest-bs.d.ts
2021/12/01 01:05:39 sri /tmp/work/dist/gd-sprest-bs.min.js -> /output/gd-sprest-bs.min.js.sri
2021/12/01 01:05:39 sri /tmp/work/dist/gd-sprest-bs-icons.min.js -> /output/gd-sprest-bs-icons.min.js.sri
2021/12/01 01:05:39 sri /tmp/work/dist/gd-sprest-bs.js -> /output/gd-sprest-bs.js.sri
2021/12/01 01:05:39 algorithm: run /usr/bin/brotli --quality=11 --output=/output/gd-sprest-bs.min.js.br /tmp/work/dist/gd-sprest-bs.min.js
2021/12/01 01:05:39 sri /tmp/work/dist/gd-sprest-bs-icons.js -> /output/gd-sprest-bs-icons.js.sri
2021/12/01 01:05:39 algorithm: run /usr/bin/brotli --quality=11 --output=/output/gd-sprest-bs-icons.min.js.br /tmp/work/dist/gd-sprest-bs-icons.min.js
2021/12/01 01:05:39 algorithm: run /usr/bin/brotli --quality=11 --output=/output/gd-sprest-bs.js.br /tmp/work/dist/gd-sprest-bs.js
2021/12/01 01:05:39 algorithm: run /usr/bin/brotli --quality=11 --output=/output/gd-sprest-bs-icons.js.br /tmp/work/dist/gd-sprest-bs-icons.js
2021/12/01 01:05:39 br /tmp/work/dist/gd-sprest-bs.d.ts -> /output/gd-sprest-bs.d.ts.br
2021/12/01 01:05:39 gz /tmp/work/dist/gd-sprest-bs.d.ts -> /output/gd-sprest-bs.d.ts.gz
2021/12/01 01:05:41 br /tmp/work/dist/gd-sprest-bs.min.js -> /output/gd-sprest-bs.min.js.br
2021/12/01 01:05:41 gz /tmp/work/dist/gd-sprest-bs.min.js -> /output/gd-sprest-bs.min.js.gz
2021/12/01 01:05:44 br /tmp/work/dist/gd-sprest-bs.js -> /output/gd-sprest-bs.js.br
2021/12/01 01:05:44 br /tmp/work/dist/gd-sprest-bs-icons.min.js -> /output/gd-sprest-bs-icons.min.js.br
2021/12/01 01:05:44 gz /tmp/work/dist/gd-sprest-bs.js -> /output/gd-sprest-bs.js.gz
2021/12/01 01:05:44 gz /tmp/work/dist/gd-sprest-bs-icons.min.js -> /output/gd-sprest-bs-icons.min.js.gz
2021/12/01 01:05:50 br /tmp/work/dist/gd-sprest-bs-icons.js -> /output/gd-sprest-bs-icons.js.br
2021/12/01 01:05:50 gz /tmp/work/dist/gd-sprest-bs-icons.js -> /output/gd-sprest-bs-icons.js.gz
2021/12/01 01:05:50 processed gd-sprest-bs
