config: {"authors":[{"name":"Francisco Hodge","email":"hello@franciscohodge.com","url":"https://github.com/hodgef"}],"autoupdate":{"source":"npm","target":"simple-keyboard","fileMap":[{"basePath":"build","files":["*.js","css/*.css","types/*.d.ts"]}]},"description":"On-screen Javascript Virtual Keyboard","filename":"index.js","homepage":"https://virtual-keyboard.js.org/","keywords":["javascript","es6","digital","keyboard","onscreen","virtual","screen-keyboard","component","virtual-keyboard","touchscreen","touch-screen","kiosk","osk","js"],"license":"MIT","name":"simple-keyboard","repository":{"type":"git","url":"git+https://github.com/hodgef/simple-keyboard.git"},"author":"Francisco Hodge \u003chello@franciscohodge.com\u003e (https://github.com/hodgef)"}
KV keys:
- simple-keyboard/3.7.21/css/index.css.br
- simple-keyboard/3.7.21/css/index.css.gz
- simple-keyboard/3.7.21/css/index.min.css.br
- simple-keyboard/3.7.21/css/index.min.css.gz
- simple-keyboard/3.7.21/index.js.br
- simple-keyboard/3.7.21/index.js.gz
- simple-keyboard/3.7.21/index.min.js.br
- simple-keyboard/3.7.21/index.min.js.gz
- simple-keyboard/3.7.21/index.modern.esm.js.br
- simple-keyboard/3.7.21/index.modern.esm.js.gz
- simple-keyboard/3.7.21/index.modern.esm.min.js.br
- simple-keyboard/3.7.21/index.modern.esm.min.js.gz
- simple-keyboard/3.7.21/index.modern.js.br
- simple-keyboard/3.7.21/index.modern.js.gz
- simple-keyboard/3.7.21/index.modern.min.js.br
- simple-keyboard/3.7.21/index.modern.min.js.gz
SRIs:
- simple-keyboard/3.7.21/index.modern.min.js: sha512-H3qjdaIpUMzr53iHSYdG03TtLlIgoHwBKBGLglZDj7Zx/BdURJ4z70zLif53lpWXO+/zbq5MeA7qlEd4Si0ppw==
- simple-keyboard/3.7.21/css/index.css: sha512-CEqjXQ5OqX+kCtwZFxu8W7jrix3wppp4RLzx0ODOMVIc9efDtTrBHgsBAPqpwNc1MzPXOb+Y20Nql0K3eZ77YQ==
- simple-keyboard/3.7.21/css/index.min.css: sha512-/YJOKibLvzLuvYYAP7VHfr06AkhR4rQsRvTF669eX34Du+hi/TOVQSXbhDRG9fS1oZa+p7Nq7YVNgU+50+cBEA==
- simple-keyboard/3.7.21/index.js: sha512-ngHb+gKQopf7mY0U0JJTduqEAH+2oE5Yifn8VKp06ImrzrafMxurmMbYV1bI9oeTszReKtt+H7jx/thIpycUVQ==
- simple-keyboard/3.7.21/index.min.js: sha512-ZifXeKEu9TrdyL2Cu3FwPph02VZntR1qGyMcIel9OXLBAinx/L+eTgx9TtB3rYbozqXvEBIlBH1EXA6V69NiFQ==
- simple-keyboard/3.7.21/index.modern.esm.js: sha512-Y177rc/16XXB0JpW/NK6/p6e+9UPlFsQi/ntvnQVVcZ1ci6eBcqflhzk2w1N+XLqFprdCQAr9yXeX6FZPqDfnQ==
- simple-keyboard/3.7.21/index.modern.esm.min.js: sha512-bh/20zSDy8yLVDN7CKtddbNTx7UC6BrQYcOMTK7hduk9KvTJzm5lfnAyhN+ULee6a2+UHglTKbLfZKcv1pUw0Q==
- simple-keyboard/3.7.21/index.modern.js: sha512-ysnCrfkNqz2U6tqLeYJO4VEaXNGOECm/YXdyr5+oDGlOrGlIVm1sCLZYF6pjWbLxLChQ5KStuzF+k+bZnDMiCQ==
