Files:
- fontsource-anek-telugu/4.5.5/100.css.br
- fontsource-anek-telugu/4.5.5/100.css.gz
- fontsource-anek-telugu/4.5.5/100.min.css.br
- fontsource-anek-telugu/4.5.5/100.min.css.gz
- fontsource-anek-telugu/4.5.5/200.css.br
- fontsource-anek-telugu/4.5.5/200.css.gz
- fontsource-anek-telugu/4.5.5/200.min.css.br
- fontsource-anek-telugu/4.5.5/200.min.css.gz
- fontsource-anek-telugu/4.5.5/300.css.br
- fontsource-anek-telugu/4.5.5/300.css.gz
- fontsource-anek-telugu/4.5.5/300.min.css.br
- fontsource-anek-telugu/4.5.5/300.min.css.gz
- fontsource-anek-telugu/4.5.5/400.css.br
- fontsource-anek-telugu/4.5.5/400.css.gz
- fontsource-anek-telugu/4.5.5/400.min.css.br
- fontsource-anek-telugu/4.5.5/400.min.css.gz
- fontsource-anek-telugu/4.5.5/500.css.br
- fontsource-anek-telugu/4.5.5/500.css.gz
- fontsource-anek-telugu/4.5.5/500.min.css.br
- fontsource-anek-telugu/4.5.5/500.min.css.gz
- fontsource-anek-telugu/4.5.5/600.css.br
- fontsource-anek-telugu/4.5.5/600.css.gz
- fontsource-anek-telugu/4.5.5/600.min.css.br
- fontsource-anek-telugu/4.5.5/600.min.css.gz
- fontsource-anek-telugu/4.5.5/700.css.br
- fontsource-anek-telugu/4.5.5/700.css.gz
- fontsource-anek-telugu/4.5.5/700.min.css.br
- fontsource-anek-telugu/4.5.5/700.min.css.gz
- fontsource-anek-telugu/4.5.5/800.css.br
- fontsource-anek-telugu/4.5.5/800.css.gz
- fontsource-anek-telugu/4.5.5/800.min.css.br
- fontsource-anek-telugu/4.5.5/800.min.css.gz
- fontsource-anek-telugu/4.5.5/files/anek-telugu-all-100-normal.woff.br
- fontsource-anek-telugu/4.5.5/files/anek-telugu-all-100-normal.woff.gz
- fontsource-anek-telugu/4.5.5/files/anek-telugu-all-200-normal.woff.br
- fontsource-anek-telugu/4.5.5/files/anek-telugu-all-200-normal.woff.gz
- fontsource-anek-telugu/4.5.5/files/anek-telugu-all-300-normal.woff.br
- fontsource-anek-telugu/4.5.5/files/anek-telugu-all-300-normal.woff.gz
- fontsource-anek-telugu/4.5.5/files/anek-telugu-all-400-normal.woff.br
- fontsource-anek-telugu/4.5.5/files/anek-telugu-all-400-normal.woff.gz
- fontsource-anek-telugu/4.5.5/files/anek-telugu-all-500-normal.woff.br
- fontsource-anek-telugu/4.5.5/files/anek-telugu-all-500-normal.woff.gz
- fontsource-anek-telugu/4.5.5/files/anek-telugu-all-600-normal.woff.br
- fontsource-anek-telugu/4.5.5/files/anek-telugu-all-600-normal.woff.gz
- fontsource-anek-telugu/4.5.5/files/anek-telugu-all-700-normal.woff.br
- fontsource-anek-telugu/4.5.5/files/anek-telugu-all-700-normal.woff.gz
- fontsource-anek-telugu/4.5.5/files/anek-telugu-all-800-normal.woff.br
- fontsource-anek-telugu/4.5.5/files/anek-telugu-all-800-normal.woff.gz
- fontsource-anek-telugu/4.5.5/files/anek-telugu-latin-100-normal.woff.br
- fontsource-anek-telugu/4.5.5/files/anek-telugu-latin-100-normal.woff.gz
- fontsource-anek-telugu/4.5.5/files/anek-telugu-latin-100-normal.woff2
- fontsource-anek-telugu/4.5.5/files/anek-telugu-latin-200-normal.woff.br
- fontsource-anek-telugu/4.5.5/files/anek-telugu-latin-200-normal.woff.gz
- fontsource-anek-telugu/4.5.5/files/anek-telugu-latin-200-normal.woff2
- fontsource-anek-telugu/4.5.5/files/anek-telugu-latin-300-normal.woff.br
- fontsource-anek-telugu/4.5.5/files/anek-telugu-latin-300-normal.woff.gz
- fontsource-anek-telugu/4.5.5/files/anek-telugu-latin-300-normal.woff2
- fontsource-anek-telugu/4.5.5/files/anek-telugu-latin-400-normal.woff.br
- fontsource-anek-telugu/4.5.5/files/anek-telugu-latin-400-normal.woff.gz
- fontsource-anek-telugu/4.5.5/files/anek-telugu-latin-400-normal.woff2
- fontsource-anek-telugu/4.5.5/files/anek-telugu-latin-500-normal.woff.br
- fontsource-anek-telugu/4.5.5/files/anek-telugu-latin-500-normal.woff.gz
- fontsource-anek-telugu/4.5.5/files/anek-telugu-latin-500-normal.woff2
- fontsource-anek-telugu/4.5.5/files/anek-telugu-latin-600-normal.woff.br
- fontsource-anek-telugu/4.5.5/files/anek-telugu-latin-600-normal.woff.gz
- fontsource-anek-telugu/4.5.5/files/anek-telugu-latin-600-normal.woff2
- fontsource-anek-telugu/4.5.5/files/anek-telugu-latin-700-normal.woff.br
- fontsource-anek-telugu/4.5.5/files/anek-telugu-latin-700-normal.woff.gz
- fontsource-anek-telugu/4.5.5/files/anek-telugu-latin-700-normal.woff2
- fontsource-anek-telugu/4.5.5/files/anek-telugu-latin-800-normal.woff.br
- fontsource-anek-telugu/4.5.5/files/anek-telugu-latin-800-normal.woff.gz
- fontsource-anek-telugu/4.5.5/files/anek-telugu-latin-800-normal.woff2
- fontsource-anek-telugu/4.5.5/files/anek-telugu-latin-ext-100-normal.woff.br
- fontsource-anek-telugu/4.5.5/files/anek-telugu-latin-ext-100-normal.woff.gz
- fontsource-anek-telugu/4.5.5/files/anek-telugu-latin-ext-100-normal.woff2
- fontsource-anek-telugu/4.5.5/files/anek-telugu-latin-ext-200-normal.woff.br
- fontsource-anek-telugu/4.5.5/files/anek-telugu-latin-ext-200-normal.woff.gz
- fontsource-anek-telugu/4.5.5/files/anek-telugu-latin-ext-200-normal.woff2
- fontsource-anek-telugu/4.5.5/files/anek-telugu-latin-ext-300-normal.woff.br
- fontsource-anek-telugu/4.5.5/files/anek-telugu-latin-ext-300-normal.woff.gz
- fontsource-anek-telugu/4.5.5/files/anek-telugu-latin-ext-300-normal.woff2
- fontsource-anek-telugu/4.5.5/files/anek-telugu-latin-ext-400-normal.woff.br
- fontsource-anek-telugu/4.5.5/files/anek-telugu-latin-ext-400-normal.woff.gz
- fontsource-anek-telugu/4.5.5/files/anek-telugu-latin-ext-400-normal.woff2
- fontsource-anek-telugu/4.5.5/files/anek-telugu-latin-ext-500-normal.woff.br
- fontsource-anek-telugu/4.5.5/files/anek-telugu-latin-ext-500-normal.woff.gz
- fontsource-anek-telugu/4.5.5/files/anek-telugu-latin-ext-500-normal.woff2
- fontsource-anek-telugu/4.5.5/files/anek-telugu-latin-ext-600-normal.woff.br
- fontsource-anek-telugu/4.5.5/files/anek-telugu-latin-ext-600-normal.woff.gz
- fontsource-anek-telugu/4.5.5/files/anek-telugu-latin-ext-600-normal.woff2
- fontsource-anek-telugu/4.5.5/files/anek-telugu-latin-ext-700-normal.woff.br
- fontsource-anek-telugu/4.5.5/files/anek-telugu-latin-ext-700-normal.woff.gz
- fontsource-anek-telugu/4.5.5/files/anek-telugu-latin-ext-700-normal.woff2
- fontsource-anek-telugu/4.5.5/files/anek-telugu-latin-ext-800-normal.woff.br
- fontsource-anek-telugu/4.5.5/files/anek-telugu-latin-ext-800-normal.woff.gz
- fontsource-anek-telugu/4.5.5/files/anek-telugu-latin-ext-800-normal.woff2
- fontsource-anek-telugu/4.5.5/files/anek-telugu-latin-ext-variable-full-normal.woff2
- fontsource-anek-telugu/4.5.5/files/anek-telugu-latin-ext-variable-wghtOnly-normal.woff2
- fontsource-anek-telugu/4.5.5/files/anek-telugu-latin-variable-full-normal.woff2
- fontsource-anek-telugu/4.5.5/files/anek-telugu-latin-variable-wghtOnly-normal.woff2
- fontsource-anek-telugu/4.5.5/files/anek-telugu-telugu-100-normal.woff.br
- fontsource-anek-telugu/4.5.5/files/anek-telugu-telugu-100-normal.woff.gz
- fontsource-anek-telugu/4.5.5/files/anek-telugu-telugu-100-normal.woff2
- fontsource-anek-telugu/4.5.5/files/anek-telugu-telugu-200-normal.woff.br
- fontsource-anek-telugu/4.5.5/files/anek-telugu-telugu-200-normal.woff.gz
- fontsource-anek-telugu/4.5.5/files/anek-telugu-telugu-200-normal.woff2
- fontsource-anek-telugu/4.5.5/files/anek-telugu-telugu-300-normal.woff.br
- fontsource-anek-telugu/4.5.5/files/anek-telugu-telugu-300-normal.woff.gz
- fontsource-anek-telugu/4.5.5/files/anek-telugu-telugu-300-normal.woff2
- fontsource-anek-telugu/4.5.5/files/anek-telugu-telugu-400-normal.woff.br
- fontsource-anek-telugu/4.5.5/files/anek-telugu-telugu-400-normal.woff.gz
- fontsource-anek-telugu/4.5.5/files/anek-telugu-telugu-400-normal.woff2
- fontsource-anek-telugu/4.5.5/files/anek-telugu-telugu-500-normal.woff.br
- fontsource-anek-telugu/4.5.5/files/anek-telugu-telugu-500-normal.woff.gz
- fontsource-anek-telugu/4.5.5/files/anek-telugu-telugu-500-normal.woff2
- fontsource-anek-telugu/4.5.5/files/anek-telugu-telugu-600-normal.woff.br
- fontsource-anek-telugu/4.5.5/files/anek-telugu-telugu-600-normal.woff.gz
- fontsource-anek-telugu/4.5.5/files/anek-telugu-telugu-600-normal.woff2
- fontsource-anek-telugu/4.5.5/files/anek-telugu-telugu-700-normal.woff.br
- fontsource-anek-telugu/4.5.5/files/anek-telugu-telugu-700-normal.woff.gz
- fontsource-anek-telugu/4.5.5/files/anek-telugu-telugu-700-normal.woff2
- fontsource-anek-telugu/4.5.5/files/anek-telugu-telugu-800-normal.woff.br
- fontsource-anek-telugu/4.5.5/files/anek-telugu-telugu-800-normal.woff.gz
- fontsource-anek-telugu/4.5.5/files/anek-telugu-telugu-800-normal.woff2
- fontsource-anek-telugu/4.5.5/files/anek-telugu-telugu-variable-full-normal.woff2
- fontsource-anek-telugu/4.5.5/files/anek-telugu-telugu-variable-wghtOnly-normal.woff2
- fontsource-anek-telugu/4.5.5/index.css.br
- fontsource-anek-telugu/4.5.5/index.css.gz
- fontsource-anek-telugu/4.5.5/index.min.css.br
- fontsource-anek-telugu/4.5.5/index.min.css.gz
- fontsource-anek-telugu/4.5.5/latin-100.css.br
- fontsource-anek-telugu/4.5.5/latin-100.css.gz
- fontsource-anek-telugu/4.5.5/latin-100.min.css.br
- fontsource-anek-telugu/4.5.5/latin-100.min.css.gz
- fontsource-anek-telugu/4.5.5/latin-200.css.br
- fontsource-anek-telugu/4.5.5/latin-200.css.gz
- fontsource-anek-telugu/4.5.5/latin-200.min.css.br
- fontsource-anek-telugu/4.5.5/latin-200.min.css.gz
- fontsource-anek-telugu/4.5.5/latin-300.css.br
- fontsource-anek-telugu/4.5.5/latin-300.css.gz
- fontsource-anek-telugu/4.5.5/latin-300.min.css.br
- fontsource-anek-telugu/4.5.5/latin-300.min.css.gz
- fontsource-anek-telugu/4.5.5/latin-400.css.br
- fontsource-anek-telugu/4.5.5/latin-400.css.gz
- fontsource-anek-telugu/4.5.5/latin-400.min.css.br
- fontsource-anek-telugu/4.5.5/latin-400.min.css.gz
- fontsource-anek-telugu/4.5.5/latin-500.css.br
- fontsource-anek-telugu/4.5.5/latin-500.css.gz
- fontsource-anek-telugu/4.5.5/latin-500.min.css.br
- fontsource-anek-telugu/4.5.5/latin-500.min.css.gz
- fontsource-anek-telugu/4.5.5/latin-600.css.br
- fontsource-anek-telugu/4.5.5/latin-600.css.gz
- fontsource-anek-telugu/4.5.5/latin-600.min.css.br
- fontsource-anek-telugu/4.5.5/latin-600.min.css.gz
- fontsource-anek-telugu/4.5.5/latin-700.css.br
- fontsource-anek-telugu/4.5.5/latin-700.css.gz
- fontsource-anek-telugu/4.5.5/latin-700.min.css.br
- fontsource-anek-telugu/4.5.5/latin-700.min.css.gz
- fontsource-anek-telugu/4.5.5/latin-800.css.br
- fontsource-anek-telugu/4.5.5/latin-800.css.gz
- fontsource-anek-telugu/4.5.5/latin-800.min.css.br
- fontsource-anek-telugu/4.5.5/latin-800.min.css.gz
- fontsource-anek-telugu/4.5.5/latin-ext-100.css.br
- fontsource-anek-telugu/4.5.5/latin-ext-100.css.gz
- fontsource-anek-telugu/4.5.5/latin-ext-100.min.css.br
- fontsource-anek-telugu/4.5.5/latin-ext-100.min.css.gz
- fontsource-anek-telugu/4.5.5/latin-ext-200.css.br
- fontsource-anek-telugu/4.5.5/latin-ext-200.css.gz
- fontsource-anek-telugu/4.5.5/latin-ext-200.min.css.br
- fontsource-anek-telugu/4.5.5/latin-ext-200.min.css.gz
- fontsource-anek-telugu/4.5.5/latin-ext-300.css.br
- fontsource-anek-telugu/4.5.5/latin-ext-300.css.gz
- fontsource-anek-telugu/4.5.5/latin-ext-300.min.css.br
- fontsource-anek-telugu/4.5.5/latin-ext-300.min.css.gz
- fontsource-anek-telugu/4.5.5/latin-ext-400.css.br
- fontsource-anek-telugu/4.5.5/latin-ext-400.css.gz
- fontsource-anek-telugu/4.5.5/latin-ext-400.min.css.br
- fontsource-anek-telugu/4.5.5/latin-ext-400.min.css.gz
- fontsource-anek-telugu/4.5.5/latin-ext-500.css.br
- fontsource-anek-telugu/4.5.5/latin-ext-500.css.gz
- fontsource-anek-telugu/4.5.5/latin-ext-500.min.css.br
- fontsource-anek-telugu/4.5.5/latin-ext-500.min.css.gz
- fontsource-anek-telugu/4.5.5/latin-ext-600.css.br
- fontsource-anek-telugu/4.5.5/latin-ext-600.css.gz
- fontsource-anek-telugu/4.5.5/latin-ext-600.min.css.br
- fontsource-anek-telugu/4.5.5/latin-ext-600.min.css.gz
- fontsource-anek-telugu/4.5.5/latin-ext-700.css.br
- fontsource-anek-telugu/4.5.5/latin-ext-700.css.gz
- fontsource-anek-telugu/4.5.5/latin-ext-700.min.css.br
- fontsource-anek-telugu/4.5.5/latin-ext-700.min.css.gz
- fontsource-anek-telugu/4.5.5/latin-ext-800.css.br
- fontsource-anek-telugu/4.5.5/latin-ext-800.css.gz
- fontsource-anek-telugu/4.5.5/latin-ext-800.min.css.br
- fontsource-anek-telugu/4.5.5/latin-ext-800.min.css.gz
- fontsource-anek-telugu/4.5.5/latin-ext.css.br
- fontsource-anek-telugu/4.5.5/latin-ext.css.gz
- fontsource-anek-telugu/4.5.5/latin-ext.min.css.br
- fontsource-anek-telugu/4.5.5/latin-ext.min.css.gz
- fontsource-anek-telugu/4.5.5/latin.css.br
- fontsource-anek-telugu/4.5.5/latin.css.gz
- fontsource-anek-telugu/4.5.5/latin.min.css.br
- fontsource-anek-telugu/4.5.5/latin.min.css.gz
- fontsource-anek-telugu/4.5.5/telugu-100.css.br
- fontsource-anek-telugu/4.5.5/telugu-100.css.gz
- fontsource-anek-telugu/4.5.5/telugu-100.min.css.br
- fontsource-anek-telugu/4.5.5/telugu-100.min.css.gz
- fontsource-anek-telugu/4.5.5/telugu-200.css.br
- fontsource-anek-telugu/4.5.5/telugu-200.css.gz
- fontsource-anek-telugu/4.5.5/telugu-200.min.css.br
- fontsource-anek-telugu/4.5.5/telugu-200.min.css.gz
- fontsource-anek-telugu/4.5.5/telugu-300.css.br
- fontsource-anek-telugu/4.5.5/telugu-300.css.gz
- fontsource-anek-telugu/4.5.5/telugu-300.min.css.br
- fontsource-anek-telugu/4.5.5/telugu-300.min.css.gz
- fontsource-anek-telugu/4.5.5/telugu-400.css.br
- fontsource-anek-telugu/4.5.5/telugu-400.css.gz
- fontsource-anek-telugu/4.5.5/telugu-400.min.css.br
- fontsource-anek-telugu/4.5.5/telugu-400.min.css.gz
- fontsource-anek-telugu/4.5.5/telugu-500.css.br
- fontsource-anek-telugu/4.5.5/telugu-500.css.gz
- fontsource-anek-telugu/4.5.5/telugu-500.min.css.br
- fontsource-anek-telugu/4.5.5/telugu-500.min.css.gz
- fontsource-anek-telugu/4.5.5/telugu-600.css.br
- fontsource-anek-telugu/4.5.5/telugu-600.css.gz
- fontsource-anek-telugu/4.5.5/telugu-600.min.css.br
- fontsource-anek-telugu/4.5.5/telugu-600.min.css.gz
- fontsource-anek-telugu/4.5.5/telugu-700.css.br
- fontsource-anek-telugu/4.5.5/telugu-700.css.gz
- fontsource-anek-telugu/4.5.5/telugu-700.min.css.br
- fontsource-anek-telugu/4.5.5/telugu-700.min.css.gz
- fontsource-anek-telugu/4.5.5/telugu-800.css.br
- fontsource-anek-telugu/4.5.5/telugu-800.css.gz
- fontsource-anek-telugu/4.5.5/telugu-800.min.css.br
- fontsource-anek-telugu/4.5.5/telugu-800.min.css.gz
- fontsource-anek-telugu/4.5.5/telugu.css.br
- fontsource-anek-telugu/4.5.5/telugu.css.gz
- fontsource-anek-telugu/4.5.5/telugu.min.css.br
- fontsource-anek-telugu/4.5.5/telugu.min.css.gz
- fontsource-anek-telugu/4.5.5/variable-full.css.br
- fontsource-anek-telugu/4.5.5/variable-full.css.gz
- fontsource-anek-telugu/4.5.5/variable-full.min.css.br
- fontsource-anek-telugu/4.5.5/variable-full.min.css.gz
- fontsource-anek-telugu/4.5.5/variable.css.br
- fontsource-anek-telugu/4.5.5/variable.css.gz
- fontsource-anek-telugu/4.5.5/variable.min.css.br
- fontsource-anek-telugu/4.5.5/variable.min.css.gz
