config: {"authors":[{"name":"Feathers contributors","email":"hello@feathersjs.com","url":"https://feathersjs.com"}],"autoupdate":{"source":"npm","target":"@feathersjs/feathers","fileMap":[{"basePath":"lib","files":["**/*.js"]}]},"description":"A framework for real-time applications and REST API with JavaScript and TypeScript","filename":"index.js","homepage":"http://feathersjs.com","keywords":["feathers","REST","socket.io","realtime"],"license":"MIT","name":"feathers","repository":{"type":"git","url":"git://github.com/feathersjs/feathers.git"},"author":"Feathers contributors \u003chello@feathersjs.com\u003e (https://feathersjs.com)"}
KV keys:
- feathers/5.0.0-pre.23/application.js.br
- feathers/5.0.0-pre.23/application.js.gz
- feathers/5.0.0-pre.23/application.min.js.br
- feathers/5.0.0-pre.23/application.min.js.gz
- feathers/5.0.0-pre.23/declarations.js.br
- feathers/5.0.0-pre.23/declarations.js.gz
- feathers/5.0.0-pre.23/declarations.min.js.br
- feathers/5.0.0-pre.23/declarations.min.js.gz
- feathers/5.0.0-pre.23/events.js.br
- feathers/5.0.0-pre.23/events.js.gz
- feathers/5.0.0-pre.23/events.min.js.br
- feathers/5.0.0-pre.23/events.min.js.gz
- feathers/5.0.0-pre.23/hooks.js.br
- feathers/5.0.0-pre.23/hooks.js.gz
- feathers/5.0.0-pre.23/hooks.min.js.br
- feathers/5.0.0-pre.23/hooks.min.js.gz
- feathers/5.0.0-pre.23/index.js.br
- feathers/5.0.0-pre.23/index.js.gz
- feathers/5.0.0-pre.23/index.min.js.br
- feathers/5.0.0-pre.23/index.min.js.gz
- feathers/5.0.0-pre.23/service.js.br
- feathers/5.0.0-pre.23/service.js.gz
- feathers/5.0.0-pre.23/service.min.js.br
- feathers/5.0.0-pre.23/service.min.js.gz
- feathers/5.0.0-pre.23/version.js.br
- feathers/5.0.0-pre.23/version.js.gz
- feathers/5.0.0-pre.23/version.min.js.br
- feathers/5.0.0-pre.23/version.min.js.gz
SRIs:
- feathers/5.0.0-pre.23/declarations.min.js: sha512-XJSPoSY+SSpL9dbI4rgX7E3PEkwS+0mTkuu3Uf1iQ1hBem75kVb/0Uh/x733rAd8CNanhDeM+yOelo90XkHCvg==
- feathers/5.0.0-pre.23/version.min.js: sha512-MkcNDnIKyqEqMK1FoKckfsz4wXXngCjaulYv12oG/s1WT/9cki45TIi8HYT0WtkUoDv6iCm/L5wUMYdoY6Cubg==
- feathers/5.0.0-pre.23/declarations.js: sha512-OfBkGteCMxFC6MjkVeV/RqnkO3OkbPFp4+bwYXLcB4CZm5gAdRBFnuMf8P6g1Lgby2JOkGZGk9N5NsnZjU02fg==
- feathers/5.0.0-pre.23/events.min.js: sha512-YzmRu0loBWidaeYFQmii9FLb02JcTdkKaMlrju4XbJ0xV/thGBtDjyWBaQo3y94pR0PE+V7aVVafux2IlC/G7A==
- feathers/5.0.0-pre.23/hooks.min.js: sha512-iY96IPzQQryfuSZnFXD8VR7TJXxhA6RGUysSP3Ib6rBIIt9iZ+NsNCg5aNZKiWS5PsZ08zfS2AZciWYS1LXiww==
- feathers/5.0.0-pre.23/index.min.js: sha512-yckAV53TOUoYtAVrCmJ0yjEjS3GX/rf++Rki8rqkxfpvGx1q9edpvadx8jCQfMs96x4nIzpdbfzGokshlSMghQ==
- feathers/5.0.0-pre.23/service.js: sha512-pq6qj5ptDhsZuqPpixUxif6+ZHPq16w7T+DMxQVReY2gvkZbpKhj8XEZADL67h3smN+v9jQuEngkSspyWTOugg==
- feathers/5.0.0-pre.23/service.min.js: sha512-xmRLKujuWgopmvr2X7AoWhPwMXGy4jcueRoa+MYYuEkbFRu5vm95jfC2/yEZmIsJ9iTA5tUXD7gaNMvXBKSJJw==
- feathers/5.0.0-pre.23/events.js: sha512-duWy6X5/rDzCxingDnpx6G1LjzU9rCtlZ+P1i6Guuru1ipEMiem+oRjUm+zt//S3Qgjo93J7bAYxSszDfkYJEA==
- feathers/5.0.0-pre.23/application.min.js: sha512-reMQcCNhFh8gmMZy/BuksKfTSTE2WM1xHcT4jD/ryCt7NOcZQYXhEF42oWSmgwowoyiHsSsnBtmpQ4NinvKUkQ==
- feathers/5.0.0-pre.23/hooks.js: sha512-ZCFCfrOMtDQpU7ZtMeKQLaRSCTojIJTHd0lLYS3cwxVQ+hYFprbbaO1pFaSyyME4XnESR2BFXg+pr/HCh+2f4g==
- feathers/5.0.0-pre.23/application.js: sha512-tWYtpZY9r+I9GP8jEd8mNwRwTsHN1YK0wTYRGpe8++jqdeTNgMnlfmwhEWZKsAjhnUr6+U5vk5k5VSXUbtnQ2g==
- feathers/5.0.0-pre.23/version.js: sha512-5eW5I4TU0Fb8xbuKGTcUvq4C/BQFBN3uJQELHPFRQtOoHgy1ZBMbgSX2moQVbz/gHRDQY9y5pX0Jo6pBvJPAyg==
- feathers/5.0.0-pre.23/index.js: sha512-uty330M02wqa0EV1b0sAHtCFa9B0U1ihWdSHeY8QTanrMk+jt4eq7P5m0uy9Apdxo/HVkBzBaucljMJPW8k5xA==
