Files:
- fontsource-halant/5.0.14/300.css.br
- fontsource-halant/5.0.14/300.min.css.br
- fontsource-halant/5.0.14/400.css.br
- fontsource-halant/5.0.14/400.min.css.br
- fontsource-halant/5.0.14/500.css.br
- fontsource-halant/5.0.14/500.min.css.br
- fontsource-halant/5.0.14/600.css.br
- fontsource-halant/5.0.14/600.min.css.br
- fontsource-halant/5.0.14/700.css.br
- fontsource-halant/5.0.14/700.min.css.br
- fontsource-halant/5.0.14/devanagari-300.css.br
- fontsource-halant/5.0.14/devanagari-300.min.css.br
- fontsource-halant/5.0.14/devanagari-400.css.br
- fontsource-halant/5.0.14/devanagari-400.min.css.br
- fontsource-halant/5.0.14/devanagari-500.css.br
- fontsource-halant/5.0.14/devanagari-500.min.css.br
- fontsource-halant/5.0.14/devanagari-600.css.br
- fontsource-halant/5.0.14/devanagari-600.min.css.br
- fontsource-halant/5.0.14/devanagari-700.css.br
- fontsource-halant/5.0.14/devanagari-700.min.css.br
- fontsource-halant/5.0.14/devanagari.css.br
- fontsource-halant/5.0.14/devanagari.min.css.br
- fontsource-halant/5.0.14/files/halant-devanagari-300-normal.woff.br
- fontsource-halant/5.0.14/files/halant-devanagari-400-normal.woff.br
- fontsource-halant/5.0.14/files/halant-devanagari-500-normal.woff.br
- fontsource-halant/5.0.14/files/halant-devanagari-600-normal.woff.br
- fontsource-halant/5.0.14/files/halant-devanagari-700-normal.woff.br
- fontsource-halant/5.0.14/files/halant-latin-300-normal.woff.br
- fontsource-halant/5.0.14/files/halant-latin-400-normal.woff.br
- fontsource-halant/5.0.14/files/halant-latin-500-normal.woff.br
- fontsource-halant/5.0.14/files/halant-latin-600-normal.woff.br
- fontsource-halant/5.0.14/files/halant-latin-700-normal.woff.br
- fontsource-halant/5.0.14/files/halant-latin-ext-300-normal.woff.br
- fontsource-halant/5.0.14/files/halant-latin-ext-400-normal.woff.br
- fontsource-halant/5.0.14/files/halant-latin-ext-500-normal.woff.br
- fontsource-halant/5.0.14/files/halant-latin-ext-600-normal.woff.br
- fontsource-halant/5.0.14/files/halant-latin-ext-700-normal.woff.br
- fontsource-halant/5.0.14/index.css.br
- fontsource-halant/5.0.14/index.min.css.br
- fontsource-halant/5.0.14/latin-300.css.br
- fontsource-halant/5.0.14/latin-300.min.css.br
- fontsource-halant/5.0.14/latin-400.css.br
- fontsource-halant/5.0.14/latin-400.min.css.br
- fontsource-halant/5.0.14/latin-500.css.br
- fontsource-halant/5.0.14/latin-500.min.css.br
- fontsource-halant/5.0.14/latin-600.css.br
- fontsource-halant/5.0.14/latin-600.min.css.br
- fontsource-halant/5.0.14/latin-700.css.br
- fontsource-halant/5.0.14/latin-700.min.css.br
- fontsource-halant/5.0.14/latin-ext-300.css.br
- fontsource-halant/5.0.14/latin-ext-300.min.css.br
- fontsource-halant/5.0.14/latin-ext-400.css.br
- fontsource-halant/5.0.14/latin-ext-400.min.css.br
- fontsource-halant/5.0.14/latin-ext-500.css.br
- fontsource-halant/5.0.14/latin-ext-500.min.css.br
- fontsource-halant/5.0.14/latin-ext-600.css.br
- fontsource-halant/5.0.14/latin-ext-600.min.css.br
- fontsource-halant/5.0.14/latin-ext-700.css.br
- fontsource-halant/5.0.14/latin-ext-700.min.css.br
- fontsource-halant/5.0.14/latin-ext.css.br
- fontsource-halant/5.0.14/latin-ext.min.css.br
- fontsource-halant/5.0.14/latin.css.br
- fontsource-halant/5.0.14/latin.min.css.br
