Files:
- fontsource-koulen/5.0.2/400.css.br
- fontsource-koulen/5.0.2/400.css.gz
- fontsource-koulen/5.0.2/400.min.css.br
- fontsource-koulen/5.0.2/400.min.css.gz
- fontsource-koulen/5.0.2/files/koulen-khmer-400-normal.woff.br
- fontsource-koulen/5.0.2/files/koulen-khmer-400-normal.woff.gz
- fontsource-koulen/5.0.2/files/koulen-khmer-400-normal.woff2
- fontsource-koulen/5.0.2/files/koulen-latin-400-normal.woff.br
- fontsource-koulen/5.0.2/files/koulen-latin-400-normal.woff.gz
- fontsource-koulen/5.0.2/files/koulen-latin-400-normal.woff2
- fontsource-koulen/5.0.2/index.css.br
- fontsource-koulen/5.0.2/index.css.gz
- fontsource-koulen/5.0.2/index.min.css.br
- fontsource-koulen/5.0.2/index.min.css.gz
- fontsource-koulen/5.0.2/khmer-400.css.br
- fontsource-koulen/5.0.2/khmer-400.css.gz
- fontsource-koulen/5.0.2/khmer-400.min.css.br
- fontsource-koulen/5.0.2/khmer-400.min.css.gz
- fontsource-koulen/5.0.2/khmer.css.br
- fontsource-koulen/5.0.2/khmer.css.gz
- fontsource-koulen/5.0.2/khmer.min.css.br
- fontsource-koulen/5.0.2/khmer.min.css.gz
- fontsource-koulen/5.0.2/latin-400.css.br
- fontsource-koulen/5.0.2/latin-400.css.gz
- fontsource-koulen/5.0.2/latin-400.min.css.br
- fontsource-koulen/5.0.2/latin-400.min.css.gz
- fontsource-koulen/5.0.2/latin.css.br
- fontsource-koulen/5.0.2/latin.css.gz
- fontsource-koulen/5.0.2/latin.min.css.br
- fontsource-koulen/5.0.2/latin.min.css.gz
