config: {"authors":[{"name":"Facebook"}],"autoupdate":{"source":"npm","target":"react","fileMap":[{"basePath":"dist","files":["**/*"]},{"basePath":"","files":["+(cjs|umd)/**/*"]}],"ignoreVersions":["*-alpha.*[a-z]*","0.0.0-*"]},"description":"React is a JavaScript library for building user interfaces.","filename":"umd/react.production.min.js","homepage":"https://facebook.github.io/react/","keywords":["react","jsx","transformer","view"],"license":"MIT","name":"react","repository":{"type":"git","url":"https://github.com/facebook/react"},"author":"Facebook"}
KV keys:
- react/18.0.0-alpha-a8cabb564-20210915/cjs/react-jsx-dev-runtime.development.js.br
- react/18.0.0-alpha-a8cabb564-20210915/cjs/react-jsx-dev-runtime.development.js.gz
- react/18.0.0-alpha-a8cabb564-20210915/cjs/react-jsx-dev-runtime.development.min.js.br
- react/18.0.0-alpha-a8cabb564-20210915/cjs/react-jsx-dev-runtime.development.min.js.gz
- react/18.0.0-alpha-a8cabb564-20210915/cjs/react-jsx-dev-runtime.production.min.js.br
- react/18.0.0-alpha-a8cabb564-20210915/cjs/react-jsx-dev-runtime.production.min.js.gz
- react/18.0.0-alpha-a8cabb564-20210915/cjs/react-jsx-dev-runtime.profiling.min.js.br
- react/18.0.0-alpha-a8cabb564-20210915/cjs/react-jsx-dev-runtime.profiling.min.js.gz
- react/18.0.0-alpha-a8cabb564-20210915/cjs/react-jsx-runtime.development.js.br
- react/18.0.0-alpha-a8cabb564-20210915/cjs/react-jsx-runtime.development.js.gz
- react/18.0.0-alpha-a8cabb564-20210915/cjs/react-jsx-runtime.development.min.js.br
- react/18.0.0-alpha-a8cabb564-20210915/cjs/react-jsx-runtime.development.min.js.gz
- react/18.0.0-alpha-a8cabb564-20210915/cjs/react-jsx-runtime.production.min.js.br
- react/18.0.0-alpha-a8cabb564-20210915/cjs/react-jsx-runtime.production.min.js.gz
- react/18.0.0-alpha-a8cabb564-20210915/cjs/react-jsx-runtime.profiling.min.js.br
- react/18.0.0-alpha-a8cabb564-20210915/cjs/react-jsx-runtime.profiling.min.js.gz
- react/18.0.0-alpha-a8cabb564-20210915/cjs/react-unstable-shared-subset.development.js.br
- react/18.0.0-alpha-a8cabb564-20210915/cjs/react-unstable-shared-subset.development.js.gz
- react/18.0.0-alpha-a8cabb564-20210915/cjs/react-unstable-shared-subset.development.min.js.br
- react/18.0.0-alpha-a8cabb564-20210915/cjs/react-unstable-shared-subset.development.min.js.gz
- react/18.0.0-alpha-a8cabb564-20210915/cjs/react-unstable-shared-subset.production.min.js.br
- react/18.0.0-alpha-a8cabb564-20210915/cjs/react-unstable-shared-subset.production.min.js.gz
- react/18.0.0-alpha-a8cabb564-20210915/cjs/react.development.js.br
- react/18.0.0-alpha-a8cabb564-20210915/cjs/react.development.js.gz
- react/18.0.0-alpha-a8cabb564-20210915/cjs/react.development.min.js.br
- react/18.0.0-alpha-a8cabb564-20210915/cjs/react.development.min.js.gz
- react/18.0.0-alpha-a8cabb564-20210915/cjs/react.production.min.js.br
- react/18.0.0-alpha-a8cabb564-20210915/cjs/react.production.min.js.gz
- react/18.0.0-alpha-a8cabb564-20210915/umd/react.development.js.br
- react/18.0.0-alpha-a8cabb564-20210915/umd/react.development.js.gz
- react/18.0.0-alpha-a8cabb564-20210915/umd/react.development.min.js.br
- react/18.0.0-alpha-a8cabb564-20210915/umd/react.development.min.js.gz
- react/18.0.0-alpha-a8cabb564-20210915/umd/react.production.min.js.br
- react/18.0.0-alpha-a8cabb564-20210915/umd/react.production.min.js.gz
- react/18.0.0-alpha-a8cabb564-20210915/umd/react.profiling.min.js.br
- react/18.0.0-alpha-a8cabb564-20210915/umd/react.profiling.min.js.gz
SRIs:
- react/18.0.0-alpha-a8cabb564-20210915/cjs/react-jsx-runtime.development.min.js: sha512-iciiXSkOjXOR2IQ9I06s4VzrwruY36Teezksk3LfFnz5koU4q9YQfeLXLd2035NIbfm8SfKdo9Z5RpyjnX+D5A==
- react/18.0.0-alpha-a8cabb564-20210915/cjs/react-jsx-runtime.production.min.js: sha512-kRCXx1+AgEvqKi/P/nOtnlCXSZhUSRLFYebfFZPl3A6uoOmUS7dUMkIT06Xh+IJZy1Q2NvG4NA7EQzasdvORKQ==
- react/18.0.0-alpha-a8cabb564-20210915/cjs/react-unstable-shared-subset.development.min.js: sha512-QG9fKGL4LiKqaGypoA94zOGqcK5fQszIa5Qdkw3X2HNZ27m7kc9PCOFZJxB+yEOKvlH1jcfFOTFzjwLOffWqfQ==
- react/18.0.0-alpha-a8cabb564-20210915/cjs/react.development.min.js: sha512-5wtf9x8NPJIJioUwIYQDK1aiIj1PhfXWSLqFc2ayr8eh/tzA9BQPGbKysjIrSnFmvRWlvZlgvva1JbgbpL6RQQ==
- react/18.0.0-alpha-a8cabb564-20210915/umd/react.profiling.min.js: sha512-AORzqbDIEEFAgbqgfbGmrOJVlOY77cBT/tuXdF56JoYz61I1O5dw0tr5qPB1tXvzvDstgdhqOP+kY9XwrQYtEw==
- react/18.0.0-alpha-a8cabb564-20210915/cjs/react-jsx-dev-runtime.development.js: sha512-nYuRshwjwnOIqCiaF1YFIM3bQKV3GiWDvh8IkE5ZovFoC8i4ps8EYHaXmIedK9zyDSTuM3kKJX4rtLgX9DgMxQ==
- react/18.0.0-alpha-a8cabb564-20210915/cjs/react-jsx-runtime.development.js: sha512-WnHPrt+y6U1jasqxcJgfaxl06MZIDyArB4oCjlSc2y+5qLx2OOvT4pDhRt/17oPoy3fauBrvYNVh91GxeDscVw==
- react/18.0.0-alpha-a8cabb564-20210915/cjs/react-unstable-shared-subset.development.js: sha512-wFBmYDe8xX4JxWecxFRkDgOB+J7gMAzOMrxBwtt3d/51dqcPXZ5mtFMceoFHEqTkoA4MaNoUf4aV0xgFyftB5g==
- react/18.0.0-alpha-a8cabb564-20210915/umd/react.production.min.js: sha512-9wh1TqOOjBPqDleGSRIiCOk0QfKDHj39yjlLK/EEqOayRk34jlwXvuWlGY71J3dBu5he0BAdx/aGIeUeVPzTHw==
- react/18.0.0-alpha-a8cabb564-20210915/cjs/react-jsx-dev-runtime.development.min.js: sha512-LiSLrVVFKLdIar41jZDMH205Xf1PUDpI53Z70hSeI2CoLFNyAv4EGygNI4BWRF7MCcixr5NwYl8duDcoLcNMmA==
- react/18.0.0-alpha-a8cabb564-20210915/cjs/react.development.js: sha512-yQBv2ayEZILlvEQhxoDRGLDRbfx+CvTPsSt8WX1KXp9P/LaTD9KmwxYgttp6VdNzZ4ilgCSDjPLuP7f3Lq2W9A==
- react/18.0.0-alpha-a8cabb564-20210915/cjs/react.production.min.js: sha512-ch4G9UDbKC4ryNdsRmcBXWTswbK8pgiAVr7/L0BY1ZE25bwIStHkR1hpgq4VV8JUuVtpatbv/YvcFv2BGRGCGQ==
- react/18.0.0-alpha-a8cabb564-20210915/umd/react.development.js: sha512-+WxUZprImzn5sW324RGw5sfcOf+CRc0P3K9odQ6YtFUNy8zwtN3MhMN93njktUTrvHO6ysaFR/Vp0O5UtsccQw==
- react/18.0.0-alpha-a8cabb564-20210915/umd/react.development.min.js: sha512-p3GgE+D7W3FAmawKmiq4dfoOEUQbwPRz2EYI5hAbLwVeAu3fYkNNYkf08NDrHsbUl/IryDwJ6KxrCwqxJ5uzVQ==
- react/18.0.0-alpha-a8cabb564-20210915/cjs/react-jsx-dev-runtime.production.min.js: sha512-tTG+JbCGc0BrDcjQNDr0IqhdDhZ1c3ii0g/5CgkjQIJoV8du/r1+zggbs5QIREmi4APB9/RHK0senZUWMqPfXQ==
- react/18.0.0-alpha-a8cabb564-20210915/cjs/react-jsx-dev-runtime.profiling.min.js: sha512-vmJKRkztc0hLh08/zIsBdU9qqdA5F9cByBSiZJ/EqoJ8BHYSMJJwWWCH3M2GVMRRdk1pM3v3wztgC6Vluronog==
- react/18.0.0-alpha-a8cabb564-20210915/cjs/react-jsx-runtime.profiling.min.js: sha512-kSc3UTOoz962vYZRwyC70vfebRR2y8Xmx8SmJCkJzLWIQ7Fnq1CoGmOl9S21H8XyEzpJ6CxMl571+i+WEYeDJw==
- react/18.0.0-alpha-a8cabb564-20210915/cjs/react-unstable-shared-subset.production.min.js: sha512-EDmpgk0ZyzJJ/NvMmwjMDRMCaa/pjn1Wxls4Gq7pe2KK0QUG362Yw7LvdcK5rixbhCFryh1Zs2yuJ0PdP3q0TA==
