config: {"authors":[{"name":"Google Inc."}],"autoupdate":{"source":"npm","target":"@fontsource/biorhyme-expanded","fileMap":[{"basePath":"","files":["*.css","files/*.@(woff|woff2)"]}],"excludeFromSearch":true},"description":"Self-host the BioRhyme Expanded font in a neatly bundled NPM package.","filename":"index.css","homepage":"https://fontsource.org/fonts/biorhyme-expanded","keywords":["fontsource","font","font family","google fonts","biorhyme-expanded","BioRhyme Expanded","css","sass","front-end","web","typeface","variable"],"license":"OFL-1.1","name":"fontsource-biorhyme-expanded","repository":{"type":"git","url":"git+https://github.com/fontsource/font-files.git"},"author":"Google Inc."}
KV keys:
- fontsource-biorhyme-expanded/5.0.0/200.css.br
- fontsource-biorhyme-expanded/5.0.0/200.css.gz
- fontsource-biorhyme-expanded/5.0.0/200.min.css.br
- fontsource-biorhyme-expanded/5.0.0/200.min.css.gz
- fontsource-biorhyme-expanded/5.0.0/300.css.br
- fontsource-biorhyme-expanded/5.0.0/300.css.gz
- fontsource-biorhyme-expanded/5.0.0/300.min.css.br
- fontsource-biorhyme-expanded/5.0.0/300.min.css.gz
- fontsource-biorhyme-expanded/5.0.0/400.css.br
- fontsource-biorhyme-expanded/5.0.0/400.css.gz
- fontsource-biorhyme-expanded/5.0.0/400.min.css.br
- fontsource-biorhyme-expanded/5.0.0/400.min.css.gz
- fontsource-biorhyme-expanded/5.0.0/700.css.br
- fontsource-biorhyme-expanded/5.0.0/700.css.gz
- fontsource-biorhyme-expanded/5.0.0/700.min.css.br
- fontsource-biorhyme-expanded/5.0.0/700.min.css.gz
- fontsource-biorhyme-expanded/5.0.0/800.css.br
- fontsource-biorhyme-expanded/5.0.0/800.css.gz
- fontsource-biorhyme-expanded/5.0.0/800.min.css.br
- fontsource-biorhyme-expanded/5.0.0/800.min.css.gz
- fontsource-biorhyme-expanded/5.0.0/files/biorhyme-expanded-latin-200-normal.woff.br
- fontsource-biorhyme-expanded/5.0.0/files/biorhyme-expanded-latin-200-normal.woff.gz
- fontsource-biorhyme-expanded/5.0.0/files/biorhyme-expanded-latin-200-normal.woff2
- fontsource-biorhyme-expanded/5.0.0/files/biorhyme-expanded-latin-300-normal.woff.br
- fontsource-biorhyme-expanded/5.0.0/files/biorhyme-expanded-latin-300-normal.woff.gz
- fontsource-biorhyme-expanded/5.0.0/files/biorhyme-expanded-latin-300-normal.woff2
- fontsource-biorhyme-expanded/5.0.0/files/biorhyme-expanded-latin-400-normal.woff.br
- fontsource-biorhyme-expanded/5.0.0/files/biorhyme-expanded-latin-400-normal.woff.gz
- fontsource-biorhyme-expanded/5.0.0/files/biorhyme-expanded-latin-400-normal.woff2
- fontsource-biorhyme-expanded/5.0.0/files/biorhyme-expanded-latin-700-normal.woff.br
- fontsource-biorhyme-expanded/5.0.0/files/biorhyme-expanded-latin-700-normal.woff.gz
- fontsource-biorhyme-expanded/5.0.0/files/biorhyme-expanded-latin-700-normal.woff2
- fontsource-biorhyme-expanded/5.0.0/files/biorhyme-expanded-latin-800-normal.woff.br
- fontsource-biorhyme-expanded/5.0.0/files/biorhyme-expanded-latin-800-normal.woff.gz
- fontsource-biorhyme-expanded/5.0.0/files/biorhyme-expanded-latin-800-normal.woff2
- fontsource-biorhyme-expanded/5.0.0/files/biorhyme-expanded-latin-ext-200-normal.woff.br
- fontsource-biorhyme-expanded/5.0.0/files/biorhyme-expanded-latin-ext-200-normal.woff.gz
- fontsource-biorhyme-expanded/5.0.0/files/biorhyme-expanded-latin-ext-200-normal.woff2
- fontsource-biorhyme-expanded/5.0.0/files/biorhyme-expanded-latin-ext-300-normal.woff.br
- fontsource-biorhyme-expanded/5.0.0/files/biorhyme-expanded-latin-ext-300-normal.woff.gz
- fontsource-biorhyme-expanded/5.0.0/files/biorhyme-expanded-latin-ext-300-normal.woff2
- fontsource-biorhyme-expanded/5.0.0/files/biorhyme-expanded-latin-ext-400-normal.woff.br
- fontsource-biorhyme-expanded/5.0.0/files/biorhyme-expanded-latin-ext-400-normal.woff.gz
- fontsource-biorhyme-expanded/5.0.0/files/biorhyme-expanded-latin-ext-400-normal.woff2
- fontsource-biorhyme-expanded/5.0.0/files/biorhyme-expanded-latin-ext-700-normal.woff.br
- fontsource-biorhyme-expanded/5.0.0/files/biorhyme-expanded-latin-ext-700-normal.woff.gz
- fontsource-biorhyme-expanded/5.0.0/files/biorhyme-expanded-latin-ext-700-normal.woff2
- fontsource-biorhyme-expanded/5.0.0/files/biorhyme-expanded-latin-ext-800-normal.woff.br
- fontsource-biorhyme-expanded/5.0.0/files/biorhyme-expanded-latin-ext-800-normal.woff.gz
- fontsource-biorhyme-expanded/5.0.0/files/biorhyme-expanded-latin-ext-800-normal.woff2
- fontsource-biorhyme-expanded/5.0.0/index.css.br
- fontsource-biorhyme-expanded/5.0.0/index.css.gz
- fontsource-biorhyme-expanded/5.0.0/index.min.css.br
- fontsource-biorhyme-expanded/5.0.0/index.min.css.gz
- fontsource-biorhyme-expanded/5.0.0/latin-200.css.br
- fontsource-biorhyme-expanded/5.0.0/latin-200.css.gz
- fontsource-biorhyme-expanded/5.0.0/latin-200.min.css.br
- fontsource-biorhyme-expanded/5.0.0/latin-200.min.css.gz
- fontsource-biorhyme-expanded/5.0.0/latin-300.css.br
- fontsource-biorhyme-expanded/5.0.0/latin-300.css.gz
- fontsource-biorhyme-expanded/5.0.0/latin-300.min.css.br
- fontsource-biorhyme-expanded/5.0.0/latin-300.min.css.gz
- fontsource-biorhyme-expanded/5.0.0/latin-400.css.br
- fontsource-biorhyme-expanded/5.0.0/latin-400.css.gz
- fontsource-biorhyme-expanded/5.0.0/latin-400.min.css.br
- fontsource-biorhyme-expanded/5.0.0/latin-400.min.css.gz
- fontsource-biorhyme-expanded/5.0.0/latin-700.css.br
- fontsource-biorhyme-expanded/5.0.0/latin-700.css.gz
- fontsource-biorhyme-expanded/5.0.0/latin-700.min.css.br
- fontsource-biorhyme-expanded/5.0.0/latin-700.min.css.gz
- fontsource-biorhyme-expanded/5.0.0/latin-800.css.br
- fontsource-biorhyme-expanded/5.0.0/latin-800.css.gz
- fontsource-biorhyme-expanded/5.0.0/latin-800.min.css.br
- fontsource-biorhyme-expanded/5.0.0/latin-800.min.css.gz
- fontsource-biorhyme-expanded/5.0.0/latin-ext-200.css.br
- fontsource-biorhyme-expanded/5.0.0/latin-ext-200.css.gz
- fontsource-biorhyme-expanded/5.0.0/latin-ext-200.min.css.br
- fontsource-biorhyme-expanded/5.0.0/latin-ext-200.min.css.gz
- fontsource-biorhyme-expanded/5.0.0/latin-ext-300.css.br
- fontsource-biorhyme-expanded/5.0.0/latin-ext-300.css.gz
- fontsource-biorhyme-expanded/5.0.0/latin-ext-300.min.css.br
- fontsource-biorhyme-expanded/5.0.0/latin-ext-300.min.css.gz
- fontsource-biorhyme-expanded/5.0.0/latin-ext-400.css.br
- fontsource-biorhyme-expanded/5.0.0/latin-ext-400.css.gz
- fontsource-biorhyme-expanded/5.0.0/latin-ext-400.min.css.br
- fontsource-biorhyme-expanded/5.0.0/latin-ext-400.min.css.gz
- fontsource-biorhyme-expanded/5.0.0/latin-ext-700.css.br
- fontsource-biorhyme-expanded/5.0.0/latin-ext-700.css.gz
- fontsource-biorhyme-expanded/5.0.0/latin-ext-700.min.css.br
- fontsource-biorhyme-expanded/5.0.0/latin-ext-700.min.css.gz
- fontsource-biorhyme-expanded/5.0.0/latin-ext-800.css.br
- fontsource-biorhyme-expanded/5.0.0/latin-ext-800.css.gz
- fontsource-biorhyme-expanded/5.0.0/latin-ext-800.min.css.br
- fontsource-biorhyme-expanded/5.0.0/latin-ext-800.min.css.gz
- fontsource-biorhyme-expanded/5.0.0/latin-ext.css.br
- fontsource-biorhyme-expanded/5.0.0/latin-ext.css.gz
- fontsource-biorhyme-expanded/5.0.0/latin-ext.min.css.br
- fontsource-biorhyme-expanded/5.0.0/latin-ext.min.css.gz
- fontsource-biorhyme-expanded/5.0.0/latin.css.br
- fontsource-biorhyme-expanded/5.0.0/latin.css.gz
- fontsource-biorhyme-expanded/5.0.0/latin.min.css.br
- fontsource-biorhyme-expanded/5.0.0/latin.min.css.gz
SRIs:
- fontsource-biorhyme-expanded/5.0.0/latin-ext-700.css: sha512-nMYq8Y5fvAO2CPlrWBF2pZZ1HLP9OTRdDy9cjkWYAbd6fsb5KDwRTI6XtIKz9E+HTUH7i58J8XE0gRFuVaF7oA==
- fontsource-biorhyme-expanded/5.0.0/latin-ext-800.css: sha512-i2i2qobd5DwTOGi/vD23GdXmgRUr3/KFZJTbpenbbqSccXzVpk24FxOGHEgCom0qLFwu2taTWTxBZFOnfmlGaQ==
- fontsource-biorhyme-expanded/5.0.0/200.min.css: sha512-uAcdahb8dKFNmwmntm+TpLwMxh3pMNc6UWO4Vwhe8e6EhfgKvAPr78Q987Jaj5SDm8qb1sFXchAldJbSF9SAbA==
- fontsource-biorhyme-expanded/5.0.0/800.min.css: sha512-8zp+cPIEMent7bCvlnV9UOrEmbiAHnCfB68zgEbfXIMafZHHjjtt/xg126pgPwsta+gAJczgjTAaYOs2mi7CkA==
- fontsource-biorhyme-expanded/5.0.0/latin-ext-300.min.css: sha512-elgjMPpdaKoX/Hts8HrYRS4By0TR8Rc6EEKyFeCLIJQeHONKKMcspm3KNmKQkd8DcANbZcXjC61iYn8n4RGECA==
- fontsource-biorhyme-expanded/5.0.0/latin-200.css: sha512-JyEMgv0pqasGlHln/3cHrq8BInVSTU4QJsHulbVRB8RhbEtIQGHMwwhhgc9H23vvW6ksDKmvPhRurAKu2xWTMw==
- fontsource-biorhyme-expanded/5.0.0/latin-ext-300.css: sha512-i3VnqJVyuZKN7+cw7mL8LXYi4o/aIg67waZvFrsWBdUIwXIXV7HAsTJSs7anAhpn+mIfQxtTPDMc3YuGdV6a2Q==
- fontsource-biorhyme-expanded/5.0.0/latin-ext-400.min.css: sha512-G+7IOC94KsVq7btONr3c73mDbRmUoi0tsJIACMR+GvZ3NjYs+Te8diRa1laSBckBBCduv9Km6+6v+jU2QziruA==
- fontsource-biorhyme-expanded/5.0.0/latin-ext-700.min.css: sha512-+We+kWJAdDcZu8K+WAsOhs7inMlrkwJlp2pUGjN0iGmkupbTN71d3TyjOWZLI4Ln31x9tBmyLsU7bq7xwiiRuQ==
- fontsource-biorhyme-expanded/5.0.0/200.css: sha512-CW5IvR9sh4KBoKRsrt+XEFyVY/bhXrvjGkUaOqEYNAZJZRzxrVYH7q+JNVHILXGKK/i7XBE59GIwZ9R/a9Kp0A==
- fontsource-biorhyme-expanded/5.0.0/300.min.css: sha512-zp8wFVjKcPeam2E5PjThThpfsO0BZ/1azkFtYWPZ6q3moo7yEouiscPFfNfEULaErcW+6xkcDTt1vZlZIfCcOA==
- fontsource-biorhyme-expanded/5.0.0/400.css: sha512-gYNlUV8HxhlT2MBl+woWpzkQiyvwkN/6DQfQ4dTO8VuCLPmj91V2D2vZfafwNfkE2Fg80HzU4XD4EAgX8FcHHg==
- fontsource-biorhyme-expanded/5.0.0/latin-ext-400.css: sha512-94OfDk6u15I6SUpq8/+fDBnsjqziPYcMWWkGbIeTLXzcmqfUzNC1ffXgqvftGUfwaqFL7v7aFX+TBwkhhDpmkQ==
- fontsource-biorhyme-expanded/5.0.0/700.min.css: sha512-GwJji6klgVEepcCRNJJRUKDPtjn1dTBEbqCSavTedFT7hzz2A/JRiGZqgJWAt7kNYtuV7ZPtwuwgi9v+Weqg/g==
- fontsource-biorhyme-expanded/5.0.0/index.min.css: sha512-He3v0KY69hScGhzFNNSEkV6czIseLtUzuCd+os18hZC6vyIsQm2uypJM75IfRtz8Sd26thY9d0Nka3IdfX4jJQ==
- fontsource-biorhyme-expanded/5.0.0/latin-700.css: sha512-2kg3VUSEhQ6TmeTvkeVxRf62f1xqDVAaJYlSz+YT3HjSUbapgqmT8y3H9ZLedzqF+LapZUOTLLPp5dRJioK3TA==
- fontsource-biorhyme-expanded/5.0.0/800.css: sha512-rIpGnNq2BEve+bhNMYONjShgytBGJhWabXPskesD4cirqE8oJHUK6uYkbFeR54yiGXcyPF0sGBgVzjROeqAbJw==
- fontsource-biorhyme-expanded/5.0.0/latin.css: sha512-ECr7UUmbsZ9kxn1klJlnUl0DjloajrkDmCuowTWcZErxBNsRNN4b7owkhtTbgKm8Xi1AAkXvmpIQCZ8a5va/Pg==
- fontsource-biorhyme-expanded/5.0.0/latin-800.css: sha512-dtJBzHQzx8QFwNXUtiSdBWsld2MocBCQ3mBPQLiUE2MKYKGSZjzaOaL4mGy92ouQOsSmWvXcQHLf7WNZ1wUAkA==
- fontsource-biorhyme-expanded/5.0.0/latin-ext-200.min.css: sha512-L4t4ajaanTBQojqS3z9rZwI44WW2FgMkwuuVou2chkItdcIHyEBdpDla5V16ZHb1/CZ/z7ZGatEuF21Q8cUMWw==
- fontsource-biorhyme-expanded/5.0.0/latin.min.css: sha512-SXhTVLCytmcujE45YGty62rD4SPgBxrwcD+emr+I+XzWWLSnIxrjGyLVIcK19W6UjTJzR4M/jbvcONgQUcRQVQ==
- fontsource-biorhyme-expanded/5.0.0/latin-400.css: sha512-CU02+vDStHJFWCX8IcjYQzmJ9KylIUghFmFU6HjsLnJemJgeyczlSXkhA0w9nf3O/yIuZmfdj3UpQMjnygD9+g==
- fontsource-biorhyme-expanded/5.0.0/latin-400.min.css: sha512-JS5eZUbskgwFx01olhjG/DNOsRkAes8xRF5MSRc9J3PvcdL4TZjG2aZ+IKV6EwAvLYouYvR8EqAWGH2ylaZURg==
- fontsource-biorhyme-expanded/5.0.0/latin-700.min.css: sha512-wtJy5bvs7bM3+V+g44XpaoqbAcrVtKL20YmrKLlgabF3h1sADb1uSYpCTa5Z3/Lz4kmzA9ia3BaOHdJjUMwjKw==
- fontsource-biorhyme-expanded/5.0.0/latin-800.min.css: sha512-kAJhwY0n5+a0Y5GjmM+25SnZ1o3V4+TDKbH851ECvt0PHuhfJeQjqQ/iO9iE61Y/fetkzcjfJKKBeQCs1L/5jQ==
- fontsource-biorhyme-expanded/5.0.0/latin-ext.css: sha512-X675rhQY23u1jPi4MpuIcn/UYf4pxhzB2R2zfscsUknfDwCcNDaMSQiuqCjelUsShnYUtg2QgZ6f0V1GRpPg5A==
- fontsource-biorhyme-expanded/5.0.0/latin-ext.min.css: sha512-vstXrvWcfHym9sj453j94tVIO4x1F2tniSAkIATb2FiVko3QRvB7henxr42SWq3GS4aQa8E45A6Kvk1hQJsciw==
- fontsource-biorhyme-expanded/5.0.0/300.css: sha512-VMW7u4nNtwbS3RAoVQf6Z5yu3pj/doD2GBlJxrbOP+Ly/i0vp9gOlY2D+GN35QXprd1k2BAqrSWGXVp9spzXqg==
- fontsource-biorhyme-expanded/5.0.0/700.css: sha512-qdO4kJf5WR8bZJ2eStNE1EFQn7Y7PqiCSVVmV4JnoLSPltgyQ2Tijz6WIAnpSCPsJCMMusPOjXrFUCjQI20WiQ==
- fontsource-biorhyme-expanded/5.0.0/latin-300.css: sha512-xo3/4BpGzb+/7D/cHw4WVLIHpG2++yxYfSZBLjg/AfZsDR+knsIe4/45pBhh6gQKFe5/UKJUKWvtRCeoeWb93Q==
- fontsource-biorhyme-expanded/5.0.0/latin-ext-200.css: sha512-84yIXrtQW6HMwO+hRUnGYVHyFA5v/nAsBfmHudXWP0elBQ2WiKvgw7ORS4LYUnTVye105iqgDPIVVkerkJnIhQ==
- fontsource-biorhyme-expanded/5.0.0/400.min.css: sha512-He3v0KY69hScGhzFNNSEkV6czIseLtUzuCd+os18hZC6vyIsQm2uypJM75IfRtz8Sd26thY9d0Nka3IdfX4jJQ==
- fontsource-biorhyme-expanded/5.0.0/latin-200.min.css: sha512-tlzp7CVDqgevMlrErRzz0IEudqO9mjSmH7rgCSZThjhQXeV816sNnq/ggRbGrO3GnJj13U8ksONX9aTpjQagPQ==
- fontsource-biorhyme-expanded/5.0.0/latin-300.min.css: sha512-MfDjJKyNgatBRy9kBCY4dUHZa24samYHtlvb4d5+0deX6KfTfGEChFEpibg5tORscrrsUG7ScNPAcrXU/kvMSQ==
- fontsource-biorhyme-expanded/5.0.0/index.css: sha512-gYNlUV8HxhlT2MBl+woWpzkQiyvwkN/6DQfQ4dTO8VuCLPmj91V2D2vZfafwNfkE2Fg80HzU4XD4EAgX8FcHHg==
- fontsource-biorhyme-expanded/5.0.0/latin-ext-800.min.css: sha512-vlchvDpiuAuKIpS4+KztY4injLCF5ooDGqotpClkSgQuGEWEWO4UysrnuVghMItDmvTBEvc6t5m78WCyVJQPsA==
