config: {"authors":[{"name":"afc163","url":"https://github.com/afc163"}],"autoupdate":{"source":"npm","target":"antd","fileMap":[{"basePath":"dist","files":["**/*.!(less)"]}]},"description":"An UI design language","filename":"antd.min.js","homepage":"http://ant.design/","keywords":["ant","design","react","react-component","component","components","ui","framework","frontend"],"license":"MIT","name":"antd","repository":{"type":"git","url":"https://github.com/ant-design/ant-design"},"author":"afc163 (https://github.com/afc163)"}
KV keys:
- antd/5.15.0/antd-with-locales.js.br
- antd/5.15.0/antd-with-locales.js.gz
- antd/5.15.0/antd-with-locales.js.map.br
- antd/5.15.0/antd-with-locales.js.map.gz
- antd/5.15.0/antd-with-locales.min.js.LICENSE.txt.br
- antd/5.15.0/antd-with-locales.min.js.LICENSE.txt.gz
- antd/5.15.0/antd-with-locales.min.js.br
- antd/5.15.0/antd-with-locales.min.js.gz
- antd/5.15.0/antd-with-locales.min.js.map.br
- antd/5.15.0/antd-with-locales.min.js.map.gz
- antd/5.15.0/antd.js.br
- antd/5.15.0/antd.js.gz
- antd/5.15.0/antd.js.map.br
- antd/5.15.0/antd.js.map.gz
- antd/5.15.0/antd.min.js.LICENSE.txt.br
- antd/5.15.0/antd.min.js.LICENSE.txt.gz
- antd/5.15.0/antd.min.js.br
- antd/5.15.0/antd.min.js.gz
- antd/5.15.0/antd.min.js.map.br
- antd/5.15.0/antd.min.js.map.gz
- antd/5.15.0/reset.css.br
- antd/5.15.0/reset.css.gz
- antd/5.15.0/reset.min.css.br
- antd/5.15.0/reset.min.css.gz
SRIs:
- antd/5.15.0/antd-with-locales.js: sha512-P3NVnfgb7dxfOkwqWJDkYGlPw7gRpCQFQHl79ljdtrV8rjnnZFmQyBEz4i+wIFX6ilISt5lzQKgRkPbtbpFRiA==
- antd/5.15.0/antd-with-locales.min.js: sha512-IH+5eYCrcHaOfQG+Wxan0GZX8RudlRJ9Ev5WuaV1sOd9Hi6nH3TINeEiIcjzlUb3PXGeOYhCX8usmR4ci2a+DA==
- antd/5.15.0/antd.js: sha512-OR40ShtNmmYzRHUTTr/ebyBHI+3PtibJgGyjoiDkJY7dfzjCDThGCX1a+ZivcXIxJcnMNEyrxD/M4DUbpUwduA==
- antd/5.15.0/antd.min.js: sha512-NDgUfnUQKMo4F2X2AYDRhxc4QXEEff55mWoz0HGoedxj4YUKOj7E4IbwjcwVOe5pFiOFoLfcc9SRqnK9xMebDQ==
- antd/5.15.0/reset.css: sha512-pZC2IRT+WsRU/IqN5Bhe0rqQVQUOOQhMrChWriipYy+lcncFKe9C+7p+CI2bz+jqlMAxOulcioNxbvZcsD7erw==
- antd/5.15.0/reset.min.css: sha512-vw1Eh0YXwSfFcRPIxtAvonjwHTEqKqwq7ucziF/ZCMEzRlmECgzmGSIHecwetYQXMUE1AL4mlxI7OCt38WvOgw==
