config: {"authors":[{"name":"Google Inc."}],"autoupdate":{"source":"npm","target":"@fontsource/radley","fileMap":[{"basePath":"","files":["*.css","files/*.@(woff|woff2)"]}],"excludeFromSearch":true},"description":"Self-host the Radley font in a neatly bundled NPM package.","filename":"index.css","homepage":"https://fontsource.org/fonts/radley","keywords":["fontsource","font","font family","google fonts","radley","Radley","css","sass","front-end","web","typeface","variable"],"license":"OFL-1.1","name":"fontsource-radley","repository":{"type":"git","url":"git+https://github.com/fontsource/font-files.git"},"author":"Google Inc."}
KV keys:
- fontsource-radley/5.0.5/400-italic.css.br
- fontsource-radley/5.0.5/400-italic.css.gz
- fontsource-radley/5.0.5/400-italic.min.css.br
- fontsource-radley/5.0.5/400-italic.min.css.gz
- fontsource-radley/5.0.5/400.css.br
- fontsource-radley/5.0.5/400.css.gz
- fontsource-radley/5.0.5/400.min.css.br
- fontsource-radley/5.0.5/400.min.css.gz
- fontsource-radley/5.0.5/files/radley-latin-400-italic.woff.br
- fontsource-radley/5.0.5/files/radley-latin-400-italic.woff.gz
- fontsource-radley/5.0.5/files/radley-latin-400-italic.woff2
- fontsource-radley/5.0.5/files/radley-latin-400-normal.woff.br
- fontsource-radley/5.0.5/files/radley-latin-400-normal.woff.gz
- fontsource-radley/5.0.5/files/radley-latin-400-normal.woff2
- fontsource-radley/5.0.5/files/radley-latin-ext-400-italic.woff.br
- fontsource-radley/5.0.5/files/radley-latin-ext-400-italic.woff.gz
- fontsource-radley/5.0.5/files/radley-latin-ext-400-italic.woff2
- fontsource-radley/5.0.5/files/radley-latin-ext-400-normal.woff.br
- fontsource-radley/5.0.5/files/radley-latin-ext-400-normal.woff.gz
- fontsource-radley/5.0.5/files/radley-latin-ext-400-normal.woff2
- fontsource-radley/5.0.5/index.css.br
- fontsource-radley/5.0.5/index.css.gz
- fontsource-radley/5.0.5/index.min.css.br
- fontsource-radley/5.0.5/index.min.css.gz
- fontsource-radley/5.0.5/latin-400-italic.css.br
- fontsource-radley/5.0.5/latin-400-italic.css.gz
- fontsource-radley/5.0.5/latin-400-italic.min.css.br
- fontsource-radley/5.0.5/latin-400-italic.min.css.gz
- fontsource-radley/5.0.5/latin-400.css.br
- fontsource-radley/5.0.5/latin-400.css.gz
- fontsource-radley/5.0.5/latin-400.min.css.br
- fontsource-radley/5.0.5/latin-400.min.css.gz
- fontsource-radley/5.0.5/latin-ext-400-italic.css.br
- fontsource-radley/5.0.5/latin-ext-400-italic.css.gz
- fontsource-radley/5.0.5/latin-ext-400-italic.min.css.br
- fontsource-radley/5.0.5/latin-ext-400-italic.min.css.gz
- fontsource-radley/5.0.5/latin-ext-400.css.br
- fontsource-radley/5.0.5/latin-ext-400.css.gz
- fontsource-radley/5.0.5/latin-ext-400.min.css.br
- fontsource-radley/5.0.5/latin-ext-400.min.css.gz
- fontsource-radley/5.0.5/latin-ext-italic.css.br
- fontsource-radley/5.0.5/latin-ext-italic.css.gz
- fontsource-radley/5.0.5/latin-ext-italic.min.css.br
- fontsource-radley/5.0.5/latin-ext-italic.min.css.gz
- fontsource-radley/5.0.5/latin-ext.css.br
- fontsource-radley/5.0.5/latin-ext.css.gz
- fontsource-radley/5.0.5/latin-ext.min.css.br
- fontsource-radley/5.0.5/latin-ext.min.css.gz
- fontsource-radley/5.0.5/latin-italic.css.br
- fontsource-radley/5.0.5/latin-italic.css.gz
- fontsource-radley/5.0.5/latin-italic.min.css.br
- fontsource-radley/5.0.5/latin-italic.min.css.gz
- fontsource-radley/5.0.5/latin.css.br
- fontsource-radley/5.0.5/latin.css.gz
- fontsource-radley/5.0.5/latin.min.css.br
- fontsource-radley/5.0.5/latin.min.css.gz
SRIs:
- fontsource-radley/5.0.5/400.css: sha512-cITGlJ3NXMJjhUqw9pDnZ30HNnvXeIzzoowbXOrO0oQUlKpyCobdlCUB4Dmitqeds1cpGfdLJs8AA26As24lgg==
- fontsource-radley/5.0.5/index.min.css: sha512-DjJ29osxmn51WZmLtdBdAWdlUIkzWtZ62RFti5p3bMYwnFoQySIOgZ7oAjJPBb3NnjG7xH7djpOlds+57Q8UHA==
- fontsource-radley/5.0.5/latin-400.css: sha512-34LMsbr9M3XMfBiCTvRfC37WDa4vHJpWomF5PBgBpScpN9vdkz42uvTj1slaSTYY+npRpvWkHU1V5e9t18XzYw==
- fontsource-radley/5.0.5/latin-ext-400-italic.min.css: sha512-cqhT8iCy8FOP3MS2UZGdikVpwSSYNHDtEDrcILJGxCEDHVh+DCQiGBLIWQtC2+WjnTZuPycNm2G5C4ZiJx8x4g==
- fontsource-radley/5.0.5/latin-ext-400.min.css: sha512-T8UAPs/DiwBE+NSTXWeySfec/k5kR3qq2wiNI8OQWvxkay/Rqc8xR+QD3onNbJBXRI4dYjeJlDZk+IapLzfBtw==
- fontsource-radley/5.0.5/latin-ext-italic.min.css: sha512-cqhT8iCy8FOP3MS2UZGdikVpwSSYNHDtEDrcILJGxCEDHVh+DCQiGBLIWQtC2+WjnTZuPycNm2G5C4ZiJx8x4g==
- fontsource-radley/5.0.5/latin-italic.css: sha512-wRoCIG1N2hTXH1WBQ5j7WmhUKtFLZCfm2m8H9Z4QM3xqQoJLe81U1ggcqcI16+DR6RKmbA74woQJX2DogZY3vg==
- fontsource-radley/5.0.5/400-italic.css: sha512-XtkKi40beszcB3Qc3cBqOyC7hiE+firLujfkqoNKZRJt0w1TgColXOnIDKa6GAzhxWzfnkDySxd50YwJg719Uw==
- fontsource-radley/5.0.5/400-italic.min.css: sha512-W4L/bGmG6BU+LPyBswWpZvlgarUqfuVTDxk8r1Rk/XGTlLrrUZbnOf4hwpqM9X6lffzrSEV/YEN1gGuafx3JHg==
- fontsource-radley/5.0.5/index.css: sha512-cITGlJ3NXMJjhUqw9pDnZ30HNnvXeIzzoowbXOrO0oQUlKpyCobdlCUB4Dmitqeds1cpGfdLJs8AA26As24lgg==
- fontsource-radley/5.0.5/latin-400-italic.min.css: sha512-YMkxWfANDTD5/dxxuua5G6XZalWKgftkUb2WL04wIsXQRy1EZfz4AVwTZUnVP5R3UNtVNhSzWuCaKhWDOG4uoQ==
- fontsource-radley/5.0.5/latin-400.min.css: sha512-glgV5jlOPsiCEHtICyptoS18gnzxu5Bmd6Rk3GCwz10FDLzYZJbNL7pLIr3vo3/GszBZu7vGia90j7MxGdYMoQ==
- fontsource-radley/5.0.5/latin-ext-400.css: sha512-j4SQac97yg4gr3C7pr6vuRXISY77x8L2RFmAA+8ftkWwfxp32X76xLKGoKG5Wm6bUf648Vrt1ioPCaLGDrP8iQ==
- fontsource-radley/5.0.5/latin-ext.css: sha512-j4SQac97yg4gr3C7pr6vuRXISY77x8L2RFmAA+8ftkWwfxp32X76xLKGoKG5Wm6bUf648Vrt1ioPCaLGDrP8iQ==
- fontsource-radley/5.0.5/latin-ext.min.css: sha512-T8UAPs/DiwBE+NSTXWeySfec/k5kR3qq2wiNI8OQWvxkay/Rqc8xR+QD3onNbJBXRI4dYjeJlDZk+IapLzfBtw==
- fontsource-radley/5.0.5/latin.min.css: sha512-glgV5jlOPsiCEHtICyptoS18gnzxu5Bmd6Rk3GCwz10FDLzYZJbNL7pLIr3vo3/GszBZu7vGia90j7MxGdYMoQ==
- fontsource-radley/5.0.5/400.min.css: sha512-DjJ29osxmn51WZmLtdBdAWdlUIkzWtZ62RFti5p3bMYwnFoQySIOgZ7oAjJPBb3NnjG7xH7djpOlds+57Q8UHA==
- fontsource-radley/5.0.5/latin-400-italic.css: sha512-wRoCIG1N2hTXH1WBQ5j7WmhUKtFLZCfm2m8H9Z4QM3xqQoJLe81U1ggcqcI16+DR6RKmbA74woQJX2DogZY3vg==
- fontsource-radley/5.0.5/latin-ext-400-italic.css: sha512-FIWRxSQaT8+bw7qCRcgeJS/P7TLzenTq+a0gkwXJC3D7crhe3pRHvCLQDTmfXtiM66Gmj1QuMDXBfapuueWiQA==
- fontsource-radley/5.0.5/latin-italic.min.css: sha512-YMkxWfANDTD5/dxxuua5G6XZalWKgftkUb2WL04wIsXQRy1EZfz4AVwTZUnVP5R3UNtVNhSzWuCaKhWDOG4uoQ==
- fontsource-radley/5.0.5/latin-ext-italic.css: sha512-FIWRxSQaT8+bw7qCRcgeJS/P7TLzenTq+a0gkwXJC3D7crhe3pRHvCLQDTmfXtiM66Gmj1QuMDXBfapuueWiQA==
- fontsource-radley/5.0.5/latin.css: sha512-34LMsbr9M3XMfBiCTvRfC37WDa4vHJpWomF5PBgBpScpN9vdkz42uvTj1slaSTYY+npRpvWkHU1V5e9t18XzYw==
