config: {"authors":[{"name":"Google Inc."}],"autoupdate":{"source":"npm","target":"@fontsource/federant","fileMap":[{"basePath":"","files":["*.css","files/*.@(woff|woff2)"]}],"excludeFromSearch":true},"description":"Self-host the Federant font in a neatly bundled NPM package.","filename":"index.css","homepage":"https://fontsource.org/fonts/federant","keywords":["fontsource","font","font family","google fonts","federant","Federant","css","sass","front-end","web","typeface","variable"],"license":"OFL-1.1","name":"fontsource-federant","repository":{"type":"git","url":"git+https://github.com/fontsource/font-files.git"},"author":"Google Inc."}
KV keys:
- fontsource-federant/4.5.7/400.css.br
- fontsource-federant/4.5.7/400.css.gz
- fontsource-federant/4.5.7/400.min.css.br
- fontsource-federant/4.5.7/400.min.css.gz
- fontsource-federant/4.5.7/files/federant-all-400-normal.woff.br
- fontsource-federant/4.5.7/files/federant-all-400-normal.woff.gz
- fontsource-federant/4.5.7/files/federant-latin-400-normal.woff.br
- fontsource-federant/4.5.7/files/federant-latin-400-normal.woff.gz
- fontsource-federant/4.5.7/files/federant-latin-400-normal.woff2
- fontsource-federant/4.5.7/index.css.br
- fontsource-federant/4.5.7/index.css.gz
- fontsource-federant/4.5.7/index.min.css.br
- fontsource-federant/4.5.7/index.min.css.gz
- fontsource-federant/4.5.7/latin-400.css.br
- fontsource-federant/4.5.7/latin-400.css.gz
- fontsource-federant/4.5.7/latin-400.min.css.br
- fontsource-federant/4.5.7/latin-400.min.css.gz
- fontsource-federant/4.5.7/latin.css.br
- fontsource-federant/4.5.7/latin.css.gz
- fontsource-federant/4.5.7/latin.min.css.br
- fontsource-federant/4.5.7/latin.min.css.gz
SRIs:
- fontsource-federant/4.5.7/400.css: sha512-Ee1njOC+fIxtaFoQSWWbaTVzlRT2GzrztFFuzCnjxhfI7i8+IjHkEk+ah+FAyCo5eDEirAv2SV5qju7hNMt3IA==
- fontsource-federant/4.5.7/400.min.css: sha512-cm3JVKGLu1YzTZsrFNeAEejy6NRMc03tc3SFi5T/oDsCX24fO69kN+DselnrYnWf++PcGl7BiAl9H9ddO3zxSA==
- fontsource-federant/4.5.7/index.css: sha512-Ee1njOC+fIxtaFoQSWWbaTVzlRT2GzrztFFuzCnjxhfI7i8+IjHkEk+ah+FAyCo5eDEirAv2SV5qju7hNMt3IA==
- fontsource-federant/4.5.7/index.min.css: sha512-cm3JVKGLu1YzTZsrFNeAEejy6NRMc03tc3SFi5T/oDsCX24fO69kN+DselnrYnWf++PcGl7BiAl9H9ddO3zxSA==
- fontsource-federant/4.5.7/latin-400.css: sha512-X2uy1Cxznz3aar6QGgja/1G6suAiHMZ/Ilch39/XAUR3rTurt0UrYR9yaYG72u0dvqmkdQwnGTglJ0avqIdNPQ==
- fontsource-federant/4.5.7/latin-400.min.css: sha512-jdDOFwzsFEZutQ2IUaVM/Lf8eSqrA9vaeLt0+wmyC7tdmLnG8CefzhdRPj6Xt8xuLanjiBengrZd6cwq+TTCkw==
- fontsource-federant/4.5.7/latin.css: sha512-X2uy1Cxznz3aar6QGgja/1G6suAiHMZ/Ilch39/XAUR3rTurt0UrYR9yaYG72u0dvqmkdQwnGTglJ0avqIdNPQ==
- fontsource-federant/4.5.7/latin.min.css: sha512-jdDOFwzsFEZutQ2IUaVM/Lf8eSqrA9vaeLt0+wmyC7tdmLnG8CefzhdRPj6Xt8xuLanjiBengrZd6cwq+TTCkw==
