Files:
- fontsource-tiro-devanagari-hindi/5.0.14/400-italic.css.br
- fontsource-tiro-devanagari-hindi/5.0.14/400-italic.css.gz
- fontsource-tiro-devanagari-hindi/5.0.14/400-italic.css.sri
- fontsource-tiro-devanagari-hindi/5.0.14/400-italic.min.css.br
- fontsource-tiro-devanagari-hindi/5.0.14/400-italic.min.css.gz
- fontsource-tiro-devanagari-hindi/5.0.14/400-italic.min.css.sri
- fontsource-tiro-devanagari-hindi/5.0.14/400.css.br
- fontsource-tiro-devanagari-hindi/5.0.14/400.css.gz
- fontsource-tiro-devanagari-hindi/5.0.14/400.css.sri
- fontsource-tiro-devanagari-hindi/5.0.14/400.min.css.br
- fontsource-tiro-devanagari-hindi/5.0.14/400.min.css.gz
- fontsource-tiro-devanagari-hindi/5.0.14/400.min.css.sri
- fontsource-tiro-devanagari-hindi/5.0.14/devanagari-400-italic.css.br
- fontsource-tiro-devanagari-hindi/5.0.14/devanagari-400-italic.css.gz
- fontsource-tiro-devanagari-hindi/5.0.14/devanagari-400-italic.css.sri
- fontsource-tiro-devanagari-hindi/5.0.14/devanagari-400-italic.min.css.br
- fontsource-tiro-devanagari-hindi/5.0.14/devanagari-400-italic.min.css.gz
- fontsource-tiro-devanagari-hindi/5.0.14/devanagari-400-italic.min.css.sri
- fontsource-tiro-devanagari-hindi/5.0.14/devanagari-400.css.br
- fontsource-tiro-devanagari-hindi/5.0.14/devanagari-400.css.gz
- fontsource-tiro-devanagari-hindi/5.0.14/devanagari-400.css.sri
- fontsource-tiro-devanagari-hindi/5.0.14/devanagari-400.min.css.br
- fontsource-tiro-devanagari-hindi/5.0.14/devanagari-400.min.css.gz
- fontsource-tiro-devanagari-hindi/5.0.14/devanagari-400.min.css.sri
- fontsource-tiro-devanagari-hindi/5.0.14/devanagari-italic.css.br
- fontsource-tiro-devanagari-hindi/5.0.14/devanagari-italic.css.gz
- fontsource-tiro-devanagari-hindi/5.0.14/devanagari-italic.css.sri
- fontsource-tiro-devanagari-hindi/5.0.14/devanagari-italic.min.css.br
- fontsource-tiro-devanagari-hindi/5.0.14/devanagari-italic.min.css.gz
- fontsource-tiro-devanagari-hindi/5.0.14/devanagari-italic.min.css.sri
- fontsource-tiro-devanagari-hindi/5.0.14/devanagari.css.br
- fontsource-tiro-devanagari-hindi/5.0.14/devanagari.css.gz
- fontsource-tiro-devanagari-hindi/5.0.14/devanagari.css.sri
- fontsource-tiro-devanagari-hindi/5.0.14/devanagari.min.css.br
- fontsource-tiro-devanagari-hindi/5.0.14/devanagari.min.css.gz
- fontsource-tiro-devanagari-hindi/5.0.14/devanagari.min.css.sri
- fontsource-tiro-devanagari-hindi/5.0.14/files/tiro-devanagari-hindi-devanagari-400-italic.woff.br
- fontsource-tiro-devanagari-hindi/5.0.14/files/tiro-devanagari-hindi-devanagari-400-italic.woff.gz
- fontsource-tiro-devanagari-hindi/5.0.14/files/tiro-devanagari-hindi-devanagari-400-italic.woff2
- fontsource-tiro-devanagari-hindi/5.0.14/files/tiro-devanagari-hindi-devanagari-400-normal.woff.br
- fontsource-tiro-devanagari-hindi/5.0.14/files/tiro-devanagari-hindi-devanagari-400-normal.woff.gz
- fontsource-tiro-devanagari-hindi/5.0.14/files/tiro-devanagari-hindi-devanagari-400-normal.woff2
- fontsource-tiro-devanagari-hindi/5.0.14/files/tiro-devanagari-hindi-latin-400-italic.woff.br
- fontsource-tiro-devanagari-hindi/5.0.14/files/tiro-devanagari-hindi-latin-400-italic.woff.gz
- fontsource-tiro-devanagari-hindi/5.0.14/files/tiro-devanagari-hindi-latin-400-italic.woff2
- fontsource-tiro-devanagari-hindi/5.0.14/files/tiro-devanagari-hindi-latin-400-normal.woff.br
- fontsource-tiro-devanagari-hindi/5.0.14/files/tiro-devanagari-hindi-latin-400-normal.woff.gz
- fontsource-tiro-devanagari-hindi/5.0.14/files/tiro-devanagari-hindi-latin-400-normal.woff2
- fontsource-tiro-devanagari-hindi/5.0.14/files/tiro-devanagari-hindi-latin-ext-400-italic.woff.br
- fontsource-tiro-devanagari-hindi/5.0.14/files/tiro-devanagari-hindi-latin-ext-400-italic.woff.gz
- fontsource-tiro-devanagari-hindi/5.0.14/files/tiro-devanagari-hindi-latin-ext-400-italic.woff2
- fontsource-tiro-devanagari-hindi/5.0.14/files/tiro-devanagari-hindi-latin-ext-400-normal.woff.br
- fontsource-tiro-devanagari-hindi/5.0.14/files/tiro-devanagari-hindi-latin-ext-400-normal.woff.gz
- fontsource-tiro-devanagari-hindi/5.0.14/files/tiro-devanagari-hindi-latin-ext-400-normal.woff2
- fontsource-tiro-devanagari-hindi/5.0.14/index.css.br
- fontsource-tiro-devanagari-hindi/5.0.14/index.css.gz
- fontsource-tiro-devanagari-hindi/5.0.14/index.css.sri
- fontsource-tiro-devanagari-hindi/5.0.14/index.min.css.br
- fontsource-tiro-devanagari-hindi/5.0.14/index.min.css.gz
- fontsource-tiro-devanagari-hindi/5.0.14/index.min.css.sri
- fontsource-tiro-devanagari-hindi/5.0.14/latin-400-italic.css.br
- fontsource-tiro-devanagari-hindi/5.0.14/latin-400-italic.css.gz
- fontsource-tiro-devanagari-hindi/5.0.14/latin-400-italic.css.sri
- fontsource-tiro-devanagari-hindi/5.0.14/latin-400-italic.min.css.br
- fontsource-tiro-devanagari-hindi/5.0.14/latin-400-italic.min.css.gz
- fontsource-tiro-devanagari-hindi/5.0.14/latin-400-italic.min.css.sri
- fontsource-tiro-devanagari-hindi/5.0.14/latin-400.css.br
- fontsource-tiro-devanagari-hindi/5.0.14/latin-400.css.gz
- fontsource-tiro-devanagari-hindi/5.0.14/latin-400.css.sri
- fontsource-tiro-devanagari-hindi/5.0.14/latin-400.min.css.br
- fontsource-tiro-devanagari-hindi/5.0.14/latin-400.min.css.gz
- fontsource-tiro-devanagari-hindi/5.0.14/latin-400.min.css.sri
- fontsource-tiro-devanagari-hindi/5.0.14/latin-ext-400-italic.css.br
- fontsource-tiro-devanagari-hindi/5.0.14/latin-ext-400-italic.css.gz
- fontsource-tiro-devanagari-hindi/5.0.14/latin-ext-400-italic.css.sri
- fontsource-tiro-devanagari-hindi/5.0.14/latin-ext-400-italic.min.css.br
- fontsource-tiro-devanagari-hindi/5.0.14/latin-ext-400-italic.min.css.gz
- fontsource-tiro-devanagari-hindi/5.0.14/latin-ext-400-italic.min.css.sri
- fontsource-tiro-devanagari-hindi/5.0.14/latin-ext-400.css.br
- fontsource-tiro-devanagari-hindi/5.0.14/latin-ext-400.css.gz
- fontsource-tiro-devanagari-hindi/5.0.14/latin-ext-400.css.sri
- fontsource-tiro-devanagari-hindi/5.0.14/latin-ext-400.min.css.br
- fontsource-tiro-devanagari-hindi/5.0.14/latin-ext-400.min.css.gz
- fontsource-tiro-devanagari-hindi/5.0.14/latin-ext-400.min.css.sri
- fontsource-tiro-devanagari-hindi/5.0.14/latin-ext-italic.css.br
- fontsource-tiro-devanagari-hindi/5.0.14/latin-ext-italic.css.gz
- fontsource-tiro-devanagari-hindi/5.0.14/latin-ext-italic.css.sri
- fontsource-tiro-devanagari-hindi/5.0.14/latin-ext-italic.min.css.br
- fontsource-tiro-devanagari-hindi/5.0.14/latin-ext-italic.min.css.gz
- fontsource-tiro-devanagari-hindi/5.0.14/latin-ext-italic.min.css.sri
- fontsource-tiro-devanagari-hindi/5.0.14/latin-ext.css.br
- fontsource-tiro-devanagari-hindi/5.0.14/latin-ext.css.gz
- fontsource-tiro-devanagari-hindi/5.0.14/latin-ext.css.sri
- fontsource-tiro-devanagari-hindi/5.0.14/latin-ext.min.css.br
- fontsource-tiro-devanagari-hindi/5.0.14/latin-ext.min.css.gz
- fontsource-tiro-devanagari-hindi/5.0.14/latin-ext.min.css.sri
- fontsource-tiro-devanagari-hindi/5.0.14/latin-italic.css.br
- fontsource-tiro-devanagari-hindi/5.0.14/latin-italic.css.gz
- fontsource-tiro-devanagari-hindi/5.0.14/latin-italic.css.sri
- fontsource-tiro-devanagari-hindi/5.0.14/latin-italic.min.css.br
- fontsource-tiro-devanagari-hindi/5.0.14/latin-italic.min.css.gz
- fontsource-tiro-devanagari-hindi/5.0.14/latin-italic.min.css.sri
- fontsource-tiro-devanagari-hindi/5.0.14/latin.css.br
- fontsource-tiro-devanagari-hindi/5.0.14/latin.css.gz
- fontsource-tiro-devanagari-hindi/5.0.14/latin.css.sri
- fontsource-tiro-devanagari-hindi/5.0.14/latin.min.css.br
- fontsource-tiro-devanagari-hindi/5.0.14/latin.min.css.gz
- fontsource-tiro-devanagari-hindi/5.0.14/latin.min.css.sri
