config: {"authors":[{"name":"Facebook"}],"autoupdate":{"source":"npm","target":"react-dom","fileMap":[{"basePath":"dist","files":["**/*"]},{"basePath":"","files":["+(cjs|umd)/**/*"]}],"ignoreVersions":["*-alpha.*[a-z]*","0.0.0-*"]},"description":"The entry point of the DOM-related rendering paths. It is intended to be paired with the isomorphic React, which is shipped as react to npm.","filename":"umd/react-dom.production.min.js","homepage":"https://facebook.github.io/react/","keywords":["react","jsx","transformer","view","dom","server"],"license":"MIT","name":"react-dom","repository":{"type":"git","url":"https://github.com/facebook/react"},"author":"Facebook"}
KV keys:
- react-dom/19.0.0-rc-f90a6bcc-20240827/cjs/react-dom-client.development.js.br
- react-dom/19.0.0-rc-f90a6bcc-20240827/cjs/react-dom-client.development.js.gz
- react-dom/19.0.0-rc-f90a6bcc-20240827/cjs/react-dom-client.development.min.js.br
- react-dom/19.0.0-rc-f90a6bcc-20240827/cjs/react-dom-client.development.min.js.gz
- react-dom/19.0.0-rc-f90a6bcc-20240827/cjs/react-dom-client.production.js.br
- react-dom/19.0.0-rc-f90a6bcc-20240827/cjs/react-dom-client.production.js.gz
- react-dom/19.0.0-rc-f90a6bcc-20240827/cjs/react-dom-client.production.min.js.br
- react-dom/19.0.0-rc-f90a6bcc-20240827/cjs/react-dom-client.production.min.js.gz
- react-dom/19.0.0-rc-f90a6bcc-20240827/cjs/react-dom-profiling.development.js.br
- react-dom/19.0.0-rc-f90a6bcc-20240827/cjs/react-dom-profiling.development.js.gz
- react-dom/19.0.0-rc-f90a6bcc-20240827/cjs/react-dom-profiling.development.min.js.br
- react-dom/19.0.0-rc-f90a6bcc-20240827/cjs/react-dom-profiling.development.min.js.gz
- react-dom/19.0.0-rc-f90a6bcc-20240827/cjs/react-dom-profiling.profiling.js.br
- react-dom/19.0.0-rc-f90a6bcc-20240827/cjs/react-dom-profiling.profiling.js.gz
- react-dom/19.0.0-rc-f90a6bcc-20240827/cjs/react-dom-profiling.profiling.min.js.br
- react-dom/19.0.0-rc-f90a6bcc-20240827/cjs/react-dom-profiling.profiling.min.js.gz
- react-dom/19.0.0-rc-f90a6bcc-20240827/cjs/react-dom-server-legacy.browser.development.js.br
- react-dom/19.0.0-rc-f90a6bcc-20240827/cjs/react-dom-server-legacy.browser.development.js.gz
- react-dom/19.0.0-rc-f90a6bcc-20240827/cjs/react-dom-server-legacy.browser.development.min.js.br
- react-dom/19.0.0-rc-f90a6bcc-20240827/cjs/react-dom-server-legacy.browser.development.min.js.gz
- react-dom/19.0.0-rc-f90a6bcc-20240827/cjs/react-dom-server-legacy.browser.production.js.br
- react-dom/19.0.0-rc-f90a6bcc-20240827/cjs/react-dom-server-legacy.browser.production.js.gz
- react-dom/19.0.0-rc-f90a6bcc-20240827/cjs/react-dom-server-legacy.browser.production.min.js.br
- react-dom/19.0.0-rc-f90a6bcc-20240827/cjs/react-dom-server-legacy.browser.production.min.js.gz
- react-dom/19.0.0-rc-f90a6bcc-20240827/cjs/react-dom-server-legacy.node.development.js.br
- react-dom/19.0.0-rc-f90a6bcc-20240827/cjs/react-dom-server-legacy.node.development.js.gz
- react-dom/19.0.0-rc-f90a6bcc-20240827/cjs/react-dom-server-legacy.node.development.min.js.br
- react-dom/19.0.0-rc-f90a6bcc-20240827/cjs/react-dom-server-legacy.node.development.min.js.gz
- react-dom/19.0.0-rc-f90a6bcc-20240827/cjs/react-dom-server-legacy.node.production.js.br
- react-dom/19.0.0-rc-f90a6bcc-20240827/cjs/react-dom-server-legacy.node.production.js.gz
- react-dom/19.0.0-rc-f90a6bcc-20240827/cjs/react-dom-server-legacy.node.production.min.js.br
- react-dom/19.0.0-rc-f90a6bcc-20240827/cjs/react-dom-server-legacy.node.production.min.js.gz
- react-dom/19.0.0-rc-f90a6bcc-20240827/cjs/react-dom-server.browser.development.js.br
- react-dom/19.0.0-rc-f90a6bcc-20240827/cjs/react-dom-server.browser.development.js.gz
- react-dom/19.0.0-rc-f90a6bcc-20240827/cjs/react-dom-server.browser.development.min.js.br
- react-dom/19.0.0-rc-f90a6bcc-20240827/cjs/react-dom-server.browser.development.min.js.gz
- react-dom/19.0.0-rc-f90a6bcc-20240827/cjs/react-dom-server.browser.production.js.br
- react-dom/19.0.0-rc-f90a6bcc-20240827/cjs/react-dom-server.browser.production.js.gz
- react-dom/19.0.0-rc-f90a6bcc-20240827/cjs/react-dom-server.browser.production.min.js.br
- react-dom/19.0.0-rc-f90a6bcc-20240827/cjs/react-dom-server.browser.production.min.js.gz
- react-dom/19.0.0-rc-f90a6bcc-20240827/cjs/react-dom-server.bun.development.js.br
- react-dom/19.0.0-rc-f90a6bcc-20240827/cjs/react-dom-server.bun.development.js.gz
- react-dom/19.0.0-rc-f90a6bcc-20240827/cjs/react-dom-server.bun.development.min.js.br
- react-dom/19.0.0-rc-f90a6bcc-20240827/cjs/react-dom-server.bun.development.min.js.gz
- react-dom/19.0.0-rc-f90a6bcc-20240827/cjs/react-dom-server.bun.production.js.br
- react-dom/19.0.0-rc-f90a6bcc-20240827/cjs/react-dom-server.bun.production.js.gz
- react-dom/19.0.0-rc-f90a6bcc-20240827/cjs/react-dom-server.bun.production.min.js.br
- react-dom/19.0.0-rc-f90a6bcc-20240827/cjs/react-dom-server.bun.production.min.js.gz
- react-dom/19.0.0-rc-f90a6bcc-20240827/cjs/react-dom-server.edge.development.js.br
- react-dom/19.0.0-rc-f90a6bcc-20240827/cjs/react-dom-server.edge.development.js.gz
- react-dom/19.0.0-rc-f90a6bcc-20240827/cjs/react-dom-server.edge.development.min.js.br
- react-dom/19.0.0-rc-f90a6bcc-20240827/cjs/react-dom-server.edge.development.min.js.gz
- react-dom/19.0.0-rc-f90a6bcc-20240827/cjs/react-dom-server.edge.production.js.br
- react-dom/19.0.0-rc-f90a6bcc-20240827/cjs/react-dom-server.edge.production.js.gz
- react-dom/19.0.0-rc-f90a6bcc-20240827/cjs/react-dom-server.edge.production.min.js.br
- react-dom/19.0.0-rc-f90a6bcc-20240827/cjs/react-dom-server.edge.production.min.js.gz
- react-dom/19.0.0-rc-f90a6bcc-20240827/cjs/react-dom-server.node.development.js.br
- react-dom/19.0.0-rc-f90a6bcc-20240827/cjs/react-dom-server.node.development.js.gz
- react-dom/19.0.0-rc-f90a6bcc-20240827/cjs/react-dom-server.node.development.min.js.br
- react-dom/19.0.0-rc-f90a6bcc-20240827/cjs/react-dom-server.node.development.min.js.gz
- react-dom/19.0.0-rc-f90a6bcc-20240827/cjs/react-dom-server.node.production.js.br
- react-dom/19.0.0-rc-f90a6bcc-20240827/cjs/react-dom-server.node.production.js.gz
- react-dom/19.0.0-rc-f90a6bcc-20240827/cjs/react-dom-server.node.production.min.js.br
- react-dom/19.0.0-rc-f90a6bcc-20240827/cjs/react-dom-server.node.production.min.js.gz
- react-dom/19.0.0-rc-f90a6bcc-20240827/cjs/react-dom-test-utils.development.js.br
- react-dom/19.0.0-rc-f90a6bcc-20240827/cjs/react-dom-test-utils.development.js.gz
- react-dom/19.0.0-rc-f90a6bcc-20240827/cjs/react-dom-test-utils.development.min.js.br
- react-dom/19.0.0-rc-f90a6bcc-20240827/cjs/react-dom-test-utils.development.min.js.gz
- react-dom/19.0.0-rc-f90a6bcc-20240827/cjs/react-dom-test-utils.production.js.br
- react-dom/19.0.0-rc-f90a6bcc-20240827/cjs/react-dom-test-utils.production.js.gz
- react-dom/19.0.0-rc-f90a6bcc-20240827/cjs/react-dom-test-utils.production.min.js.br
- react-dom/19.0.0-rc-f90a6bcc-20240827/cjs/react-dom-test-utils.production.min.js.gz
- react-dom/19.0.0-rc-f90a6bcc-20240827/cjs/react-dom.development.js.br
- react-dom/19.0.0-rc-f90a6bcc-20240827/cjs/react-dom.development.js.gz
- react-dom/19.0.0-rc-f90a6bcc-20240827/cjs/react-dom.development.min.js.br
- react-dom/19.0.0-rc-f90a6bcc-20240827/cjs/react-dom.development.min.js.gz
- react-dom/19.0.0-rc-f90a6bcc-20240827/cjs/react-dom.production.js.br
- react-dom/19.0.0-rc-f90a6bcc-20240827/cjs/react-dom.production.js.gz
- react-dom/19.0.0-rc-f90a6bcc-20240827/cjs/react-dom.production.min.js.br
- react-dom/19.0.0-rc-f90a6bcc-20240827/cjs/react-dom.production.min.js.gz
- react-dom/19.0.0-rc-f90a6bcc-20240827/cjs/react-dom.react-server.development.js.br
- react-dom/19.0.0-rc-f90a6bcc-20240827/cjs/react-dom.react-server.development.js.gz
- react-dom/19.0.0-rc-f90a6bcc-20240827/cjs/react-dom.react-server.development.min.js.br
- react-dom/19.0.0-rc-f90a6bcc-20240827/cjs/react-dom.react-server.development.min.js.gz
- react-dom/19.0.0-rc-f90a6bcc-20240827/cjs/react-dom.react-server.production.js.br
- react-dom/19.0.0-rc-f90a6bcc-20240827/cjs/react-dom.react-server.production.js.gz
- react-dom/19.0.0-rc-f90a6bcc-20240827/cjs/react-dom.react-server.production.min.js.br
- react-dom/19.0.0-rc-f90a6bcc-20240827/cjs/react-dom.react-server.production.min.js.gz
SRIs:
- react-dom/19.0.0-rc-f90a6bcc-20240827/cjs/react-dom-server.bun.production.js: sha512-8QIF9W0i74axeD2mZkMqkESvbkSUCVOO4w9wsbjeB/hyBdDbjd9Xy7l5y5NvHP904Aty9MKpsVkDfIXhAWDmwA==
- react-dom/19.0.0-rc-f90a6bcc-20240827/cjs/react-dom-server.node.development.min.js: sha512-2faP5jy57jRvE75VwEm9eQ47hJAdIMlw0SliM0GhmDMuZWGNWcFFQV8BUtMvbl9O/lgVOl/L2slZI+RvOlkuRA==
- react-dom/19.0.0-rc-f90a6bcc-20240827/cjs/react-dom.production.min.js: sha512-xWSZtJCUGgeWz/dZuLZYWyn7hzHNHL2bLrJljtnGE7ONw3BSr6I2IrXjokA/TUEE8yRZGxZu70/bRl1MP6xUWQ==
- react-dom/19.0.0-rc-f90a6bcc-20240827/cjs/react-dom-server-legacy.browser.development.min.js: sha512-xUo5K8vCetzW6qpGxWec3/jn5Eiy8rV7A6i/mqERetE5IgGeWtzAc8WHZ5RAtzZ155M2sTOH1a1Ajm++qIVaGA==
- react-dom/19.0.0-rc-f90a6bcc-20240827/cjs/react-dom-server-legacy.node.production.js: sha512-1+mYAGfwNBcRjCQmlavLjH0ShjA5QiuxbZDRsgCY4y/vtPvR0GE7RjtTT4sDeiBzDMDtzItBuKCRDcD6a+Gckg==
- react-dom/19.0.0-rc-f90a6bcc-20240827/cjs/react-dom-server.browser.development.min.js: sha512-x26qdBZ7+g1LSi3D+P+wbPKQd7GMEF5n3tcT82TF+tBiItqhWZI+S4EXa5d0dlJFnANi0uRWbDw2flQnfM8L6Q==
- react-dom/19.0.0-rc-f90a6bcc-20240827/cjs/react-dom-server.browser.production.js: sha512-ozRVhMpKBYZ8rX3dgK40U6ZH9ASRFP/Z0JJDdzpCg7E4yrZ2KRxVPfjALrYYq2SGGVvW45ry0ZOLw8GZFZxn2g==
- react-dom/19.0.0-rc-f90a6bcc-20240827/cjs/react-dom-server.edge.development.min.js: sha512-jQWqVhWAqlYtIyRuyPFH3KDDmygoRWoBt/ZZL2qWBAEC510JMgRReufwKWabyJweUX4b9wjhzBQarGbBl/6Xbg==
- react-dom/19.0.0-rc-f90a6bcc-20240827/cjs/react-dom-server.node.production.js: sha512-W7n2kIUuQqXN2xQnZB4I848hUzbQkrtH/NkfM7d7kpvz4VVcIuIZh/FuVI6qF25GzPpqycE7G1T8638wLTdIBA==
- react-dom/19.0.0-rc-f90a6bcc-20240827/cjs/react-dom.development.js: sha512-+WS1Ke81+fGKsNtP3ew+gf0iMvUtKdqSbhjAqz77evM92b0pMIZfyhJUxcQ1LaOMH+yEJ7w3OlJKl7xIEj4J/A==
- react-dom/19.0.0-rc-f90a6bcc-20240827/cjs/react-dom-client.development.js: sha512-v4kNU4EhEvK3Vs3AA1tmI5JQVXRJkOD2AxvJyU27UlYXg3bPaVAW10ceYM8gBo+COUH/ROy+uv6RbagAPd5uaA==
- react-dom/19.0.0-rc-f90a6bcc-20240827/cjs/react-dom-server.bun.development.js: sha512-xxhTX5u6VI7VQVHr45iiK42SAyv8FzCaJJ+l7a13Y5VgE7s5eTUmNqtywdd75cc/Z/aPQHeIkGZc7I6Fxg7r3A==
- react-dom/19.0.0-rc-f90a6bcc-20240827/cjs/react-dom.production.js: sha512-p0px14GA5g8WHmeZd3SLzuNSAqKxRBfQq0VJ54b/6abJ/YSHdC6ItYxAhhPD0yWZQWX3uWw6xKVU6JKLxqgf6Q==
- react-dom/19.0.0-rc-f90a6bcc-20240827/cjs/react-dom.react-server.development.js: sha512-uHyGQ3QejWR3QpPITlbE2Dy/1zE3IRZtEpMp+W3zX20UQqg6pGIL27ZjDwG6TjnjovhYTt0pNk1SLl1TdFKjJQ==
- react-dom/19.0.0-rc-f90a6bcc-20240827/cjs/react-dom.react-server.development.min.js: sha512-l9LX9lCID6PU5LTge/wEuiIzoz7AsYLGfQ9zbRcTtKJpwUzsJWGJs0sbLMm0nCP5b48962YkwKlA8ftabmOfGQ==
- react-dom/19.0.0-rc-f90a6bcc-20240827/cjs/react-dom-client.development.min.js: sha512-zsiNZ8ScgEOsnXpv9GPa0OTh/RPEX4ZAijKe352THjz8akKaN34T3RVe8+ZdQQuFZY9EXolLFMXbSlZ/FWuVNA==
- react-dom/19.0.0-rc-f90a6bcc-20240827/cjs/react-dom-server.edge.production.js: sha512-Lp2YDmqvmykuXVUJYFd6uRMXEeGWudQol1Li05SPg2y2w9cTxCQJ79PPXjNuP2ZPDz62tbBQ9ZQ8ItvnqG4HHw==
- react-dom/19.0.0-rc-f90a6bcc-20240827/cjs/react-dom-test-utils.development.js: sha512-WXOi4X8urnIYjwhn0/ettuwKqfPkRU/SKLAds31Ovg5w/cL3iy7GWQh8DdbUx1afVOJUwhU48fDqX1prORciCQ==
- react-dom/19.0.0-rc-f90a6bcc-20240827/cjs/react-dom-server-legacy.browser.development.js: sha512-Hb/B9CzLiFR5qA4mbbw86yaiGK1znuAwqkYRD7/HoLDP/bGtrDQhHdkpmgYv5GjO7K+/tQaW4PcaW8lyEi1uwA==
- react-dom/19.0.0-rc-f90a6bcc-20240827/cjs/react-dom-server-legacy.browser.production.js: sha512-p2hzp1evlFw8Q77dBC4rKa83L3soT/2NevjxcbkKAYOIDsItmtE+NdKa1XJf0rH00MfjE/HLFjPCzYfWO0YU+A==
- react-dom/19.0.0-rc-f90a6bcc-20240827/cjs/react-dom-server-legacy.node.development.js: sha512-YHNQGFRgKZA6U2Z2g9BlkG3i+5vbDvqLLUCcUZVt+9PkNlCmjxATRkZmhw+m+4Zd9MNncwNTsAIfv668h1QRqg==
- react-dom/19.0.0-rc-f90a6bcc-20240827/cjs/react-dom-server.browser.development.js: sha512-7kSeUZlA8sRS19kAYWNFunmNyf+2Mdgb4rualV0ysx+qr8/vSoDJhuVs89LS/bQ2ZY0uqbYiU/T+0I57HtbaUQ==
- react-dom/19.0.0-rc-f90a6bcc-20240827/cjs/react-dom-server.edge.development.js: sha512-7NeLgt1lbHDKH2kWG6Eq4NrKZtPktoenGRwqDHKxLfhBiWp9GcECIRRK6HEGl7QmMO+mSOJFic2Qn95kkANgvA==
- react-dom/19.0.0-rc-f90a6bcc-20240827/cjs/react-dom-server.node.development.js: sha512-5A95LQWJo10Pfwwvf83U+eCuMYtrRDObQJ591GZfe3jaXv1g5bd9gr6yYEfIVM07S1FO1FqjNqGAqyuLj8Srqw==
- react-dom/19.0.0-rc-f90a6bcc-20240827/cjs/react-dom-server.node.production.min.js: sha512-A/tN9GXKENPE/LHMvyUSVCPHT671sppde/0vqnA6s4ceoGQED1lQagLLjBCpl95A7ixn9RQjGqkOfg8mVwXhdw==
- react-dom/19.0.0-rc-f90a6bcc-20240827/cjs/react-dom.development.min.js: sha512-BXhQc1GmC0hNDHkCOAsxLA4NY/XDTPOAq7h/4WDLWrxrYXoPCdy/yE+PUYi1rkeHW22sPwoeGIUIPjO3qzu0UA==
- react-dom/19.0.0-rc-f90a6bcc-20240827/cjs/react-dom-client.production.min.js: sha512-CIKPPMsNHRnCgMB0CI8K0d7VXIp9lvLqkXvJFWug7Nm9jRlO9ZY82dUOJ2sv8vWYrwPEtYRZ+sX8t68sDoYDGQ==
- react-dom/19.0.0-rc-f90a6bcc-20240827/cjs/react-dom-server.browser.production.min.js: sha512-BCI6jyLAx8/WLyH7gLefFOYVQwd7SHs4sATqt3AAmx3/u6eKMf82QeymKhUjqBZfkNNZOnwYENp5oY3ymErBRQ==
- react-dom/19.0.0-rc-f90a6bcc-20240827/cjs/react-dom.react-server.production.min.js: sha512-vE8t46YNeFFVDeam/A/0TvghXeNpwE8YhJxzyQml/RmibZRtFPt5HL8RxddOukk5pybpQLmpT6X44c4NZgEZDg==
- react-dom/19.0.0-rc-f90a6bcc-20240827/cjs/react-dom-profiling.development.js: sha512-CMUEO5rljAWtDk28zDkPq36U0fOypD/isiVFAGmtML4oAGbxi/H45pU97i0Wq+QXHbqohFN/W5EScumNyjujhQ==
- react-dom/19.0.0-rc-f90a6bcc-20240827/cjs/react-dom-profiling.development.min.js: sha512-coHXw5DRMNy3Rqh6JMDw/2OXocJAWPJ9CyVZLiPzTyVZSBqlUpv/ZIXP4PEdgcFapLlqa2ids2zZELy6Nu7aow==
- react-dom/19.0.0-rc-f90a6bcc-20240827/cjs/react-dom-profiling.profiling.min.js: sha512-BBKDIH1tTTIqt5T0CIASPo1yBuLYaQLyMKrzuCr9eh5fbQcp4K34g4yOmUAAoZQaBdukNUOzjuwDY0XGFHOKZQ==
- react-dom/19.0.0-rc-f90a6bcc-20240827/cjs/react-dom-server-legacy.node.development.min.js: sha512-hlFe002rn1LOqWpho/lmr8uf5xV8nzSUNFvvJbQM/FO2FuCn/oK37jEK95/JO1j9Jon//YvUwOY3j/B1HYevjg==
- react-dom/19.0.0-rc-f90a6bcc-20240827/cjs/react-dom-server.bun.development.min.js: sha512-tsX4iHGeiOb20jrO6bOWr3icK2SRbYG6YO/3sEMF1Q08GdCj2FUMg4yboe8+OP4d2qQZ/8TeQY8pHKPuIBkceg==
- react-dom/19.0.0-rc-f90a6bcc-20240827/cjs/react-dom-test-utils.production.min.js: sha512-7i9t0ZObhvtf6bXCbuUPUW3AkdvGjkN3wJ+Wy1eNzrakcrYWQ2mieiZloe9pfdNx7c3ye/zhZFjluDQttG0gpw==
- react-dom/19.0.0-rc-f90a6bcc-20240827/cjs/react-dom-test-utils.production.js: sha512-jkoqaAph1QG0Rsi5v6QFKgNiVbYZAAHnJAMKrsaEng593GKYE7QdBtHNvNEnyJXhBy7MahqaZvPLT30h+DAZig==
- react-dom/19.0.0-rc-f90a6bcc-20240827/cjs/react-dom-client.production.js: sha512-+3yYhWKhAe0cwfEZFv8ktahANkzMTKUuah5FYkk6POfQcjH+MQhsCrIDvLt8sg9Dylg9e1bPXVUxZE5yebQLOQ==
- react-dom/19.0.0-rc-f90a6bcc-20240827/cjs/react-dom-profiling.profiling.js: sha512-orX4vYebpogRo3V2NXd4Ys8CYzcQUbyUi6oitiO7lKb77Ndm+2gjvJF1HYzyb0UNdAKaaGDdJbfEdMAqutvrxQ==
- react-dom/19.0.0-rc-f90a6bcc-20240827/cjs/react-dom-server-legacy.browser.production.min.js: sha512-HZbhf9ct47qHGQS6qF4KN12QjWrmwWvvzDTFl18BraxBR+8B799iVbton6HlU3rPnwt118MyTlICZ9a91AwVvw==
- react-dom/19.0.0-rc-f90a6bcc-20240827/cjs/react-dom-server-legacy.node.production.min.js: sha512-ZTGS+qbOy20moeGwfjJvDFKo2mzkkjVgVLiHLFTnvXgG9X1iq1xl0wwsxmALB4Bcy9Ic+U7CdcHUJQR3fUYfHg==
- react-dom/19.0.0-rc-f90a6bcc-20240827/cjs/react-dom-server.bun.production.min.js: sha512-tQMJK2XUduCNkpdBduGbQwxgq8Rp5cVbbJB2NzK1Z5WTQ1ZDckx642eOBK0m5Ti7elpoGec3obcAdhF3kQrnkQ==
- react-dom/19.0.0-rc-f90a6bcc-20240827/cjs/react-dom-server.edge.production.min.js: sha512-BkOf5r04Xhf53XMkmtvnEfqYxIlQvNSMQZ+Jp/C2aIpSYQC/FMd7qVyJjjuGLVL5VY8lwoeWYSFFrFQqhdkKRA==
- react-dom/19.0.0-rc-f90a6bcc-20240827/cjs/react-dom-test-utils.development.min.js: sha512-zZ3i3o1rgGlQugRndFsHwrDh56QBL4RxBWQsEEZKtI4fmkztffLhS4URazWEluTDK6af7E2vJnk0cDWvTJmBIA==
- react-dom/19.0.0-rc-f90a6bcc-20240827/cjs/react-dom.react-server.production.js: sha512-a592pSEaAV6yeVHRSnzQO2gE6ehVj61PFqya/+R7voIWEYupjx5ANz1IFkRcYMVThxWJ7YWokhvLqSD8MHLgoA==
