config: {"authors":[{"name":"Google Inc."}],"autoupdate":{"source":"npm","target":"@fontsource/mate-sc","fileMap":[{"basePath":"","files":["*.css","files/*.@(woff|woff2)"]}],"excludeFromSearch":true},"description":"Self-host the Mate SC font in a neatly bundled NPM package.","filename":"index.css","homepage":"https://fontsource.org/fonts/mate-sc","keywords":["fontsource","font","font family","google fonts","mate-sc","Mate SC","css","sass","front-end","web","typeface","variable"],"license":"OFL-1.1","name":"fontsource-mate-sc","repository":{"type":"git","url":"git+https://github.com/fontsource/font-files.git"},"author":"Google Inc."}
KV keys:
- fontsource-mate-sc/4.5.7/400.css.br
- fontsource-mate-sc/4.5.7/400.css.gz
- fontsource-mate-sc/4.5.7/400.min.css.br
- fontsource-mate-sc/4.5.7/400.min.css.gz
- fontsource-mate-sc/4.5.7/index.css.br
- fontsource-mate-sc/4.5.7/index.css.gz
- fontsource-mate-sc/4.5.7/index.min.css.br
- fontsource-mate-sc/4.5.7/index.min.css.gz
- fontsource-mate-sc/4.5.7/latin-400.css.br
- fontsource-mate-sc/4.5.7/latin-400.css.gz
- fontsource-mate-sc/4.5.7/latin-400.min.css.br
- fontsource-mate-sc/4.5.7/latin-400.min.css.gz
- fontsource-mate-sc/4.5.7/latin.css.br
- fontsource-mate-sc/4.5.7/latin.css.gz
- fontsource-mate-sc/4.5.7/latin.min.css.br
- fontsource-mate-sc/4.5.7/latin.min.css.gz
SRIs:
- fontsource-mate-sc/4.5.7/latin-400.css: sha512-A9ep51peePdEaNYQNpa5tbVoO1OxNhwSy5cA97pk/+OqkGstQ9iqbH7hvaLHDmQdMLdT793iRmnYpINyrv5T0g==
- fontsource-mate-sc/4.5.7/latin-400.min.css: sha512-iyE+qZKA+RKLkiRLTf3xE9EUQEHvd/3bdMDkLeD5UFHVBc7eAzh5cFgFx+Q5R9fHMzcRVIQqzVH2sdOzWgs/eQ==
- fontsource-mate-sc/4.5.7/latin.css: sha512-A9ep51peePdEaNYQNpa5tbVoO1OxNhwSy5cA97pk/+OqkGstQ9iqbH7hvaLHDmQdMLdT793iRmnYpINyrv5T0g==
- fontsource-mate-sc/4.5.7/latin.min.css: sha512-iyE+qZKA+RKLkiRLTf3xE9EUQEHvd/3bdMDkLeD5UFHVBc7eAzh5cFgFx+Q5R9fHMzcRVIQqzVH2sdOzWgs/eQ==
- fontsource-mate-sc/4.5.7/400.css: sha512-PPISiHw5Zn/PAV+oknrtSB6xtOKD8IFTH/BCZ+aynZW5+kcJxC2rcYzfWWxyGjVDS7urrcFvetV5CK8ghwMxfA==
- fontsource-mate-sc/4.5.7/400.min.css: sha512-NogjN0ka8Evf9ea4qOM4EKl0prIqWmVfsUdL+aStuNPfjVLvIkIPCe2UyWbmSAB0OZ5ujEWT3KqrJaIws8tP4g==
- fontsource-mate-sc/4.5.7/index.css: sha512-PPISiHw5Zn/PAV+oknrtSB6xtOKD8IFTH/BCZ+aynZW5+kcJxC2rcYzfWWxyGjVDS7urrcFvetV5CK8ghwMxfA==
- fontsource-mate-sc/4.5.7/index.min.css: sha512-NogjN0ka8Evf9ea4qOM4EKl0prIqWmVfsUdL+aStuNPfjVLvIkIPCe2UyWbmSAB0OZ5ujEWT3KqrJaIws8tP4g==
