Files:
- fontsource-cabin-sketch/5.0.2/400.css.br
- fontsource-cabin-sketch/5.0.2/400.css.gz
- fontsource-cabin-sketch/5.0.2/400.min.css.br
- fontsource-cabin-sketch/5.0.2/400.min.css.gz
- fontsource-cabin-sketch/5.0.2/700.css.br
- fontsource-cabin-sketch/5.0.2/700.css.gz
- fontsource-cabin-sketch/5.0.2/700.min.css.br
- fontsource-cabin-sketch/5.0.2/700.min.css.gz
- fontsource-cabin-sketch/5.0.2/files/cabin-sketch-latin-400-normal.woff.br
- fontsource-cabin-sketch/5.0.2/files/cabin-sketch-latin-400-normal.woff.gz
- fontsource-cabin-sketch/5.0.2/files/cabin-sketch-latin-400-normal.woff2
- fontsource-cabin-sketch/5.0.2/files/cabin-sketch-latin-700-normal.woff.br
- fontsource-cabin-sketch/5.0.2/files/cabin-sketch-latin-700-normal.woff.gz
- fontsource-cabin-sketch/5.0.2/files/cabin-sketch-latin-700-normal.woff2
- fontsource-cabin-sketch/5.0.2/index.css.br
- fontsource-cabin-sketch/5.0.2/index.css.gz
- fontsource-cabin-sketch/5.0.2/index.min.css.br
- fontsource-cabin-sketch/5.0.2/index.min.css.gz
- fontsource-cabin-sketch/5.0.2/latin-400.css.br
- fontsource-cabin-sketch/5.0.2/latin-400.css.gz
- fontsource-cabin-sketch/5.0.2/latin-400.min.css.br
- fontsource-cabin-sketch/5.0.2/latin-400.min.css.gz
- fontsource-cabin-sketch/5.0.2/latin-700.css.br
- fontsource-cabin-sketch/5.0.2/latin-700.css.gz
- fontsource-cabin-sketch/5.0.2/latin-700.min.css.br
- fontsource-cabin-sketch/5.0.2/latin-700.min.css.gz
- fontsource-cabin-sketch/5.0.2/latin.css.br
- fontsource-cabin-sketch/5.0.2/latin.css.gz
- fontsource-cabin-sketch/5.0.2/latin.min.css.br
- fontsource-cabin-sketch/5.0.2/latin.min.css.gz
