config: {"authors":[{"name":"jSuites","email":"contact@jsuites.net"}],"autoupdate":{"source":"npm","target":"jsuites","fileMap":[{"basePath":"dist","files":["*.@(js|css)"]}]},"description":"jSuites is a collection of lightweight common required javascript plugins and web components. It is composed of fully responsive vanilla plugins to help you bring the best user experience to your projects, independent of the platform.","filename":"jsuites.js","homepage":"https://github.com/jsuites/jsuites","keywords":["javascript plugins"],"license":"MIT","name":"jsuites","repository":{"type":"git","url":"git+https://github.com/jsuites/jsuites.git"},"author":"jSuites \u003ccontact@jsuites.net\u003e"}
KV keys:
- jsuites/5.3.0/jsuites.css.br
- jsuites/5.3.0/jsuites.css.gz
- jsuites/5.3.0/jsuites.js.br
- jsuites/5.3.0/jsuites.js.gz
- jsuites/5.3.0/jsuites.min.css.br
- jsuites/5.3.0/jsuites.min.css.gz
- jsuites/5.3.0/jsuites.min.js.br
- jsuites/5.3.0/jsuites.min.js.gz
- jsuites/5.3.0/jsuites.webcomponents.js.br
- jsuites/5.3.0/jsuites.webcomponents.js.gz
- jsuites/5.3.0/jsuites.webcomponents.min.js.br
- jsuites/5.3.0/jsuites.webcomponents.min.js.gz
SRIs:
- jsuites/5.3.0/jsuites.min.js: sha512-jotTl8BMWprrtJKkhuc5SHWZlWY+5TzoZ6v3huHml3/03egdaO13YgkZyRa4r7OJwB8y8z8/et3VeIyng6xNzQ==
- jsuites/5.3.0/jsuites.webcomponents.js: sha512-445yc07igDlBbHo2WQq8pvMhw83oQY46jfxLzYJfQIM+0j1xmTjjTjqO9sO/W/Us+fhzbFlx0oTAO7a69Ru25g==
- jsuites/5.3.0/jsuites.webcomponents.min.js: sha512-H106PzkRdAqq9zsKsHIPtBWqIDhryIA292qnRgB6JN67IvVFj5cvM6bqHWMPytwcj7S2zMDVSAqTebHJnopNaQ==
- jsuites/5.3.0/jsuites.css: sha512-Rn46BBKEk4s+HCaWvobOnQx8sN3QY2lt6n33kgr0Pdc/BkHM2LZ4DLWawwYgLBdRQZlpUVcFw+OIVMmnbatShA==
- jsuites/5.3.0/jsuites.js: sha512-FkUxyAR1IkoBzwb8J2CDVQ41Lh1mGf+ufLbabJv/9i/eM8o5HoG3VZg2BFFuB6fUWWkoTjW0lAZ1zHk2DzdaZw==
- jsuites/5.3.0/jsuites.min.css: sha512-ijzXhodqF5LrxrLbtBzidORVixR2OecAz6csErGF9/NlMiQivkU7g5pxLMZAaVi2AGdyg3uCGPjv6bgwh/cbzA==
