config: {"authors":[{"name":"David CATUHE"}],"autoupdate":{"source":"npm","target":"babylonjs","fileMap":[{"basePath":"","files":["babylon*.!(ts)"]}]},"description":"Babylon.js is a JavaScript 3D engine based on webgl.","filename":"babylon.js","keywords":["3D","javascript","html5","webgl"],"license":"Apache-2.0","name":"babylonjs","repository":{"type":"git","url":"https://github.com/BabylonJS/Babylon.js.git"},"author":"David CATUHE"}
KV keys:
- babylonjs/6.3.1/babylon.d.ts.br
- babylonjs/6.3.1/babylon.d.ts.gz
- babylonjs/6.3.1/babylon.js.br
- babylonjs/6.3.1/babylon.js.gz
- babylonjs/6.3.1/babylon.js.map.br
- babylonjs/6.3.1/babylon.js.map.gz
- babylonjs/6.3.1/babylon.max.js.br
- babylonjs/6.3.1/babylon.max.js.gz
- babylonjs/6.3.1/babylon.max.js.map.br
- babylonjs/6.3.1/babylon.max.js.map.gz
- babylonjs/6.3.1/babylon.max.min.js.br
- babylonjs/6.3.1/babylon.max.min.js.gz
- babylonjs/6.3.1/babylon.min.js.br
- babylonjs/6.3.1/babylon.min.js.gz
- babylonjs/6.3.1/babylon.module.d.ts.br
- babylonjs/6.3.1/babylon.module.d.ts.gz
SRIs:
- babylonjs/6.3.1/babylon.js: sha512-aQGMvdwWMh370IK9X+MMkM/9BtrTkQ34LFV0OBGCyy9ANYhz8Ss7OMbTvvi1Iz+2QAqPE3ps9LGaDfNssRuMEw==
- babylonjs/6.3.1/babylon.max.js: sha512-mCQdXMQOJlgCPaSx+inDbsxMwzxJ9pozZkSFMz6N5WMBFmz4NgOLCSBxDOT0Iz45Nho6Z2sXn5f0wIf3FLKTgw==
- babylonjs/6.3.1/babylon.max.min.js: sha512-YZ53P85Fsa0tccK3P3TNSUd2K0jP72+Fm0RznceMc8lo/u4gt3ERee3SPyNbs54w1pVHle7RWsVR7iIuewqYuw==
- babylonjs/6.3.1/babylon.min.js: sha512-slNmNSEosOTElsb7OYe+gyG5mt4cZq2a1slz8HvjZqVHZ1rs1PjeNq9KfTPwW/WExI8rjxJYuEqq4X4ADQKY/g==
