2023/11/29 01:36:18 optimizing files (Js true, Css true, Png true, Jpg true)
2023/11/29 01:36:18 /tmp/work/lib/addons/p5.sound.min.js is already compressed
2023/11/29 01:36:18 /tmp/work/lib/addons/p5.sound.min.js already has corresponding compressed file
2023/11/29 01:36:18 /tmp/work/lib/p5.min.js already has corresponding compressed file
2023/11/29 01:36:18 /tmp/work/lib/p5.min.js is already compressed
2023/11/29 01:36:18 sri /tmp/work/lib/addons/p5.sound.min.js -> /output/addons/p5.sound.min.js.sri
2023/11/29 01:36:18 algorithm: run /usr/bin/brotli --quality=11 --output=/output/addons/p5.sound.min.js.br /tmp/work/lib/addons/p5.sound.min.js
2023/11/29 01:36:18 algorithm: run /usr/bin/brotli --quality=11 --output=/output/translations/hi/translation.json.br /tmp/work/translations/hi/translation.json
2023/11/29 01:36:18 algorithm: run /usr/bin/brotli --quality=11 --output=/output/translations/es/translation.json.br /tmp/work/translations/es/translation.json
2023/11/29 01:36:18 sri /tmp/work/lib/p5.min.js -> /output/p5.min.js.sri
2023/11/29 01:36:18 algorithm: run /usr/bin/brotli --quality=11 --output=/output/translations/ko/translation.json.br /tmp/work/translations/ko/translation.json
2023/11/29 01:36:18 sri /tmp/work/lib/p5.js -> /output/p5.js.sri
2023/11/29 01:36:18 algorithm: run /usr/bin/brotli --quality=11 --output=/output/translations/en/translation.json.br /tmp/work/translations/en/translation.json
2023/11/29 01:36:18 algorithm: run /usr/bin/brotli --quality=11 --output=/output/p5.js.br /tmp/work/lib/p5.js
2023/11/29 01:36:18 br /tmp/work/translations/es/translation.json -> /output/translations/es/translation.json.br
2023/11/29 01:36:18 algorithm: run /usr/bin/brotli --quality=11 --output=/output/p5.min.js.br /tmp/work/lib/p5.min.js
2023/11/29 01:36:18 sri /tmp/work/lib/addons/p5.sound.js -> /output/addons/p5.sound.js.sri
2023/11/29 01:36:18 algorithm: run /usr/bin/brotli --quality=11 --output=/output/addons/p5.sound.js.br /tmp/work/lib/addons/p5.sound.js
2023/11/29 01:36:18 gz /tmp/work/translations/es/translation.json -> /output/translations/es/translation.json.gz
2023/11/29 01:36:18 algorithm: run /usr/bin/brotli --quality=11 --output=/output/translations/zh/translation.json.br /tmp/work/translations/zh/translation.json
2023/11/29 01:36:18 br /tmp/work/translations/hi/translation.json -> /output/translations/hi/translation.json.br
2023/11/29 01:36:18 gz /tmp/work/translations/hi/translation.json -> /output/translations/hi/translation.json.gz
2023/11/29 01:36:18 br /tmp/work/translations/ko/translation.json -> /output/translations/ko/translation.json.br
2023/11/29 01:36:18 br /tmp/work/translations/en/translation.json -> /output/translations/en/translation.json.br
2023/11/29 01:36:18 gz /tmp/work/translations/ko/translation.json -> /output/translations/ko/translation.json.gz
2023/11/29 01:36:18 gz /tmp/work/translations/en/translation.json -> /output/translations/en/translation.json.gz
2023/11/29 01:36:18 br /tmp/work/translations/zh/translation.json -> /output/translations/zh/translation.json.br
2023/11/29 01:36:18 gz /tmp/work/translations/zh/translation.json -> /output/translations/zh/translation.json.gz
2023/11/29 01:36:18 br /tmp/work/lib/addons/p5.sound.min.js -> /output/addons/p5.sound.min.js.br
2023/11/29 01:36:18 gz /tmp/work/lib/addons/p5.sound.min.js -> /output/addons/p5.sound.min.js.gz
2023/11/29 01:36:19 br /tmp/work/lib/addons/p5.sound.js -> /output/addons/p5.sound.js.br
2023/11/29 01:36:19 gz /tmp/work/lib/addons/p5.sound.js -> /output/addons/p5.sound.js.gz
2023/11/29 01:36:20 br /tmp/work/lib/p5.min.js -> /output/p5.min.js.br
2023/11/29 01:36:20 gz /tmp/work/lib/p5.min.js -> /output/p5.min.js.gz
2023/11/29 01:36:26 br /tmp/work/lib/p5.js -> /output/p5.js.br
2023/11/29 01:36:27 gz /tmp/work/lib/p5.js -> /output/p5.js.gz
2023/11/29 01:36:27 processed p5.js
