Files:
- fontsource-montserrat-subrayada/4.5.11/400.css.br
- fontsource-montserrat-subrayada/4.5.11/400.css.gz
- fontsource-montserrat-subrayada/4.5.11/400.min.css.br
- fontsource-montserrat-subrayada/4.5.11/400.min.css.gz
- fontsource-montserrat-subrayada/4.5.11/700.css.br
- fontsource-montserrat-subrayada/4.5.11/700.css.gz
- fontsource-montserrat-subrayada/4.5.11/700.min.css.br
- fontsource-montserrat-subrayada/4.5.11/700.min.css.gz
- fontsource-montserrat-subrayada/4.5.11/files/montserrat-subrayada-all-400-normal.woff.br
- fontsource-montserrat-subrayada/4.5.11/files/montserrat-subrayada-all-400-normal.woff.gz
- fontsource-montserrat-subrayada/4.5.11/files/montserrat-subrayada-all-700-normal.woff.br
- fontsource-montserrat-subrayada/4.5.11/files/montserrat-subrayada-all-700-normal.woff.gz
- fontsource-montserrat-subrayada/4.5.11/files/montserrat-subrayada-latin-400-normal.woff.br
- fontsource-montserrat-subrayada/4.5.11/files/montserrat-subrayada-latin-400-normal.woff.gz
- fontsource-montserrat-subrayada/4.5.11/files/montserrat-subrayada-latin-400-normal.woff2
- fontsource-montserrat-subrayada/4.5.11/files/montserrat-subrayada-latin-700-normal.woff.br
- fontsource-montserrat-subrayada/4.5.11/files/montserrat-subrayada-latin-700-normal.woff.gz
- fontsource-montserrat-subrayada/4.5.11/files/montserrat-subrayada-latin-700-normal.woff2
- fontsource-montserrat-subrayada/4.5.11/index.css.br
- fontsource-montserrat-subrayada/4.5.11/index.css.gz
- fontsource-montserrat-subrayada/4.5.11/index.min.css.br
- fontsource-montserrat-subrayada/4.5.11/index.min.css.gz
- fontsource-montserrat-subrayada/4.5.11/latin-400.css.br
- fontsource-montserrat-subrayada/4.5.11/latin-400.css.gz
- fontsource-montserrat-subrayada/4.5.11/latin-400.min.css.br
- fontsource-montserrat-subrayada/4.5.11/latin-400.min.css.gz
- fontsource-montserrat-subrayada/4.5.11/latin-700.css.br
- fontsource-montserrat-subrayada/4.5.11/latin-700.css.gz
- fontsource-montserrat-subrayada/4.5.11/latin-700.min.css.br
- fontsource-montserrat-subrayada/4.5.11/latin-700.min.css.gz
- fontsource-montserrat-subrayada/4.5.11/latin.css.br
- fontsource-montserrat-subrayada/4.5.11/latin.css.gz
- fontsource-montserrat-subrayada/4.5.11/latin.min.css.br
- fontsource-montserrat-subrayada/4.5.11/latin.min.css.gz
