Files:
- fontsource-dorsa/5.1.0/400.css.br
- fontsource-dorsa/5.1.0/400.css.gz
- fontsource-dorsa/5.1.0/400.css.sri
- fontsource-dorsa/5.1.0/400.min.css.br
- fontsource-dorsa/5.1.0/400.min.css.gz
- fontsource-dorsa/5.1.0/400.min.css.sri
- fontsource-dorsa/5.1.0/files/dorsa-latin-400-normal.woff.br
- fontsource-dorsa/5.1.0/files/dorsa-latin-400-normal.woff.gz
- fontsource-dorsa/5.1.0/files/dorsa-latin-400-normal.woff2
- fontsource-dorsa/5.1.0/index.css.br
- fontsource-dorsa/5.1.0/index.css.gz
- fontsource-dorsa/5.1.0/index.css.sri
- fontsource-dorsa/5.1.0/index.min.css.br
- fontsource-dorsa/5.1.0/index.min.css.gz
- fontsource-dorsa/5.1.0/index.min.css.sri
- fontsource-dorsa/5.1.0/latin-400.css.br
- fontsource-dorsa/5.1.0/latin-400.css.gz
- fontsource-dorsa/5.1.0/latin-400.css.sri
- fontsource-dorsa/5.1.0/latin-400.min.css.br
- fontsource-dorsa/5.1.0/latin-400.min.css.gz
- fontsource-dorsa/5.1.0/latin-400.min.css.sri
- fontsource-dorsa/5.1.0/latin.css.br
- fontsource-dorsa/5.1.0/latin.css.gz
- fontsource-dorsa/5.1.0/latin.css.sri
- fontsource-dorsa/5.1.0/latin.min.css.br
- fontsource-dorsa/5.1.0/latin.min.css.gz
- fontsource-dorsa/5.1.0/latin.min.css.sri
