config: {"authors":[{"name":"heyesr"}],"autoupdate":{"source":"git","target":"git://github.com/heyesr/rgraph.git","fileMap":[{"basePath":"libraries","files":["RGraph.*.js"]}]},"description":"Beautiful javascript charts for websites","filename":"RGraph.common.core.js","homepage":"https://www.rgraph.net","keywords":["charts"],"license":"MIT","name":"RGraph","repository":{"type":"git","url":"https://github.com/heyesr/rgraph"},"author":"heyesr"}
KV keys:
- RGraph/6.14/RGraph.activity.js.br
- RGraph/6.14/RGraph.activity.js.gz
- RGraph/6.14/RGraph.activity.min.js.br
- RGraph/6.14/RGraph.activity.min.js.gz
- RGraph/6.14/RGraph.bar.js.br
- RGraph/6.14/RGraph.bar.js.gz
- RGraph/6.14/RGraph.bar.min.js.br
- RGraph/6.14/RGraph.bar.min.js.gz
- RGraph/6.14/RGraph.bipolar.js.br
- RGraph/6.14/RGraph.bipolar.js.gz
- RGraph/6.14/RGraph.bipolar.min.js.br
- RGraph/6.14/RGraph.bipolar.min.js.gz
- RGraph/6.14/RGraph.common.annotate.js.br
- RGraph/6.14/RGraph.common.annotate.js.gz
- RGraph/6.14/RGraph.common.annotate.min.js.br
- RGraph/6.14/RGraph.common.annotate.min.js.gz
- RGraph/6.14/RGraph.common.context.js.br
- RGraph/6.14/RGraph.common.context.js.gz
- RGraph/6.14/RGraph.common.context.min.js.br
- RGraph/6.14/RGraph.common.context.min.js.gz
- RGraph/6.14/RGraph.common.core.js.br
- RGraph/6.14/RGraph.common.core.js.gz
- RGraph/6.14/RGraph.common.core.min.js.br
- RGraph/6.14/RGraph.common.core.min.js.gz
- RGraph/6.14/RGraph.common.csv.js.br
- RGraph/6.14/RGraph.common.csv.js.gz
- RGraph/6.14/RGraph.common.csv.min.js.br
- RGraph/6.14/RGraph.common.csv.min.js.gz
- RGraph/6.14/RGraph.common.dynamic.js.br
- RGraph/6.14/RGraph.common.dynamic.js.gz
- RGraph/6.14/RGraph.common.dynamic.min.js.br
- RGraph/6.14/RGraph.common.dynamic.min.js.gz
- RGraph/6.14/RGraph.common.effects.js.br
- RGraph/6.14/RGraph.common.effects.js.gz
- RGraph/6.14/RGraph.common.effects.min.js.br
- RGraph/6.14/RGraph.common.effects.min.js.gz
- RGraph/6.14/RGraph.common.key.js.br
- RGraph/6.14/RGraph.common.key.js.gz
- RGraph/6.14/RGraph.common.key.min.js.br
- RGraph/6.14/RGraph.common.key.min.js.gz
- RGraph/6.14/RGraph.common.moment.js.br
- RGraph/6.14/RGraph.common.moment.js.gz
- RGraph/6.14/RGraph.common.moment.min.js.br
- RGraph/6.14/RGraph.common.moment.min.js.gz
- RGraph/6.14/RGraph.common.sheets.js.br
- RGraph/6.14/RGraph.common.sheets.js.gz
- RGraph/6.14/RGraph.common.sheets.min.js.br
- RGraph/6.14/RGraph.common.sheets.min.js.gz
- RGraph/6.14/RGraph.common.starburst.js.br
- RGraph/6.14/RGraph.common.starburst.js.gz
- RGraph/6.14/RGraph.common.starburst.min.js.br
- RGraph/6.14/RGraph.common.starburst.min.js.gz
- RGraph/6.14/RGraph.common.table.js.br
- RGraph/6.14/RGraph.common.table.js.gz
- RGraph/6.14/RGraph.common.table.min.js.br
- RGraph/6.14/RGraph.common.table.min.js.gz
- RGraph/6.14/RGraph.common.tooltips.js.br
- RGraph/6.14/RGraph.common.tooltips.js.gz
- RGraph/6.14/RGraph.common.tooltips.min.js.br
- RGraph/6.14/RGraph.common.tooltips.min.js.gz
- RGraph/6.14/RGraph.drawing.background.js.br
- RGraph/6.14/RGraph.drawing.background.js.gz
- RGraph/6.14/RGraph.drawing.background.min.js.br
- RGraph/6.14/RGraph.drawing.background.min.js.gz
- RGraph/6.14/RGraph.drawing.circle.js.br
- RGraph/6.14/RGraph.drawing.circle.js.gz
- RGraph/6.14/RGraph.drawing.circle.min.js.br
- RGraph/6.14/RGraph.drawing.circle.min.js.gz
- RGraph/6.14/RGraph.drawing.image.js.br
- RGraph/6.14/RGraph.drawing.image.js.gz
- RGraph/6.14/RGraph.drawing.image.min.js.br
- RGraph/6.14/RGraph.drawing.image.min.js.gz
- RGraph/6.14/RGraph.drawing.line.js.br
- RGraph/6.14/RGraph.drawing.line.js.gz
- RGraph/6.14/RGraph.drawing.line.min.js.br
- RGraph/6.14/RGraph.drawing.line.min.js.gz
- RGraph/6.14/RGraph.drawing.marker1.js.br
- RGraph/6.14/RGraph.drawing.marker1.js.gz
- RGraph/6.14/RGraph.drawing.marker1.min.js.br
- RGraph/6.14/RGraph.drawing.marker1.min.js.gz
- RGraph/6.14/RGraph.drawing.marker2.js.br
- RGraph/6.14/RGraph.drawing.marker2.js.gz
- RGraph/6.14/RGraph.drawing.marker2.min.js.br
- RGraph/6.14/RGraph.drawing.marker2.min.js.gz
- RGraph/6.14/RGraph.drawing.marker3.js.br
- RGraph/6.14/RGraph.drawing.marker3.js.gz
- RGraph/6.14/RGraph.drawing.marker3.min.js.br
- RGraph/6.14/RGraph.drawing.marker3.min.js.gz
- RGraph/6.14/RGraph.drawing.poly.js.br
- RGraph/6.14/RGraph.drawing.poly.js.gz
- RGraph/6.14/RGraph.drawing.poly.min.js.br
- RGraph/6.14/RGraph.drawing.poly.min.js.gz
- RGraph/6.14/RGraph.drawing.rect.js.br
- RGraph/6.14/RGraph.drawing.rect.js.gz
- RGraph/6.14/RGraph.drawing.rect.min.js.br
- RGraph/6.14/RGraph.drawing.rect.min.js.gz
- RGraph/6.14/RGraph.drawing.text.js.br
- RGraph/6.14/RGraph.drawing.text.js.gz
- RGraph/6.14/RGraph.drawing.text.min.js.br
- RGraph/6.14/RGraph.drawing.text.min.js.gz
- RGraph/6.14/RGraph.drawing.xaxis.js.br
- RGraph/6.14/RGraph.drawing.xaxis.js.gz
- RGraph/6.14/RGraph.drawing.xaxis.min.js.br
- RGraph/6.14/RGraph.drawing.xaxis.min.js.gz
- RGraph/6.14/RGraph.drawing.yaxis.js.br
- RGraph/6.14/RGraph.drawing.yaxis.js.gz
- RGraph/6.14/RGraph.drawing.yaxis.min.js.br
- RGraph/6.14/RGraph.drawing.yaxis.min.js.gz
- RGraph/6.14/RGraph.fuel.js.br
- RGraph/6.14/RGraph.fuel.js.gz
- RGraph/6.14/RGraph.fuel.min.js.br
- RGraph/6.14/RGraph.fuel.min.js.gz
- RGraph/6.14/RGraph.funnel.js.br
- RGraph/6.14/RGraph.funnel.js.gz
- RGraph/6.14/RGraph.funnel.min.js.br
- RGraph/6.14/RGraph.funnel.min.js.gz
- RGraph/6.14/RGraph.gantt.js.br
- RGraph/6.14/RGraph.gantt.js.gz
- RGraph/6.14/RGraph.gantt.min.js.br
- RGraph/6.14/RGraph.gantt.min.js.gz
- RGraph/6.14/RGraph.gauge.js.br
- RGraph/6.14/RGraph.gauge.js.gz
- RGraph/6.14/RGraph.gauge.min.js.br
- RGraph/6.14/RGraph.gauge.min.js.gz
- RGraph/6.14/RGraph.hbar.js.br
- RGraph/6.14/RGraph.hbar.js.gz
- RGraph/6.14/RGraph.hbar.min.js.br
- RGraph/6.14/RGraph.hbar.min.js.gz
- RGraph/6.14/RGraph.horseshoe.js.br
- RGraph/6.14/RGraph.horseshoe.js.gz
- RGraph/6.14/RGraph.horseshoe.min.js.br
- RGraph/6.14/RGraph.horseshoe.min.js.gz
- RGraph/6.14/RGraph.hprogress.js.br
- RGraph/6.14/RGraph.hprogress.js.gz
- RGraph/6.14/RGraph.hprogress.min.js.br
- RGraph/6.14/RGraph.hprogress.min.js.gz
- RGraph/6.14/RGraph.line.js.br
- RGraph/6.14/RGraph.line.js.gz
- RGraph/6.14/RGraph.line.min.js.br
- RGraph/6.14/RGraph.line.min.js.gz
- RGraph/6.14/RGraph.meter.js.br
- RGraph/6.14/RGraph.meter.js.gz
- RGraph/6.14/RGraph.meter.min.js.br
- RGraph/6.14/RGraph.meter.min.js.gz
- RGraph/6.14/RGraph.modaldialog.js.br
- RGraph/6.14/RGraph.modaldialog.js.gz
- RGraph/6.14/RGraph.modaldialog.min.js.br
- RGraph/6.14/RGraph.modaldialog.min.js.gz
- RGraph/6.14/RGraph.odo.js.br
- RGraph/6.14/RGraph.odo.js.gz
- RGraph/6.14/RGraph.odo.min.js.br
- RGraph/6.14/RGraph.odo.min.js.gz
- RGraph/6.14/RGraph.pie.js.br
- RGraph/6.14/RGraph.pie.js.gz
- RGraph/6.14/RGraph.pie.min.js.br
- RGraph/6.14/RGraph.pie.min.js.gz
- RGraph/6.14/RGraph.radar.js.br
- RGraph/6.14/RGraph.radar.js.gz
- RGraph/6.14/RGraph.radar.min.js.br
- RGraph/6.14/RGraph.radar.min.js.gz
- RGraph/6.14/RGraph.rose.js.br
- RGraph/6.14/RGraph.rose.js.gz
- RGraph/6.14/RGraph.rose.min.js.br
- RGraph/6.14/RGraph.rose.min.js.gz
- RGraph/6.14/RGraph.rscatter.js.br
- RGraph/6.14/RGraph.rscatter.js.gz
- RGraph/6.14/RGraph.rscatter.min.js.br
- RGraph/6.14/RGraph.rscatter.min.js.gz
- RGraph/6.14/RGraph.scatter.js.br
- RGraph/6.14/RGraph.scatter.js.gz
- RGraph/6.14/RGraph.scatter.min.js.br
- RGraph/6.14/RGraph.scatter.min.js.gz
- RGraph/6.14/RGraph.segmented.js.br
- RGraph/6.14/RGraph.segmented.js.gz
- RGraph/6.14/RGraph.segmented.min.js.br
- RGraph/6.14/RGraph.segmented.min.js.gz
- RGraph/6.14/RGraph.semicircularprogress.js.br
- RGraph/6.14/RGraph.semicircularprogress.js.gz
- RGraph/6.14/RGraph.semicircularprogress.min.js.br
- RGraph/6.14/RGraph.semicircularprogress.min.js.gz
- RGraph/6.14/RGraph.svg.activity.js.br
- RGraph/6.14/RGraph.svg.activity.js.gz
- RGraph/6.14/RGraph.svg.activity.min.js.br
- RGraph/6.14/RGraph.svg.activity.min.js.gz
- RGraph/6.14/RGraph.svg.bar.js.br
- RGraph/6.14/RGraph.svg.bar.js.gz
- RGraph/6.14/RGraph.svg.bar.min.js.br
- RGraph/6.14/RGraph.svg.bar.min.js.gz
- RGraph/6.14/RGraph.svg.bipolar.js.br
- RGraph/6.14/RGraph.svg.bipolar.js.gz
- RGraph/6.14/RGraph.svg.bipolar.min.js.br
- RGraph/6.14/RGraph.svg.bipolar.min.js.gz
- RGraph/6.14/RGraph.svg.common.ajax.js.br
- RGraph/6.14/RGraph.svg.common.ajax.js.gz
- RGraph/6.14/RGraph.svg.common.ajax.min.js.br
- RGraph/6.14/RGraph.svg.common.ajax.min.js.gz
- RGraph/6.14/RGraph.svg.common.core.js.br
- RGraph/6.14/RGraph.svg.common.core.js.gz
- RGraph/6.14/RGraph.svg.common.core.min.js.br
- RGraph/6.14/RGraph.svg.common.core.min.js.gz
- RGraph/6.14/RGraph.svg.common.csv.js.br
- RGraph/6.14/RGraph.svg.common.csv.js.gz
- RGraph/6.14/RGraph.svg.common.csv.min.js.br
- RGraph/6.14/RGraph.svg.common.csv.min.js.gz
- RGraph/6.14/RGraph.svg.common.fx.js.br
- RGraph/6.14/RGraph.svg.common.fx.js.gz
- RGraph/6.14/RGraph.svg.common.fx.min.js.br
- RGraph/6.14/RGraph.svg.common.fx.min.js.gz
- RGraph/6.14/RGraph.svg.common.key.js.br
- RGraph/6.14/RGraph.svg.common.key.js.gz
- RGraph/6.14/RGraph.svg.common.key.min.js.br
- RGraph/6.14/RGraph.svg.common.key.min.js.gz
- RGraph/6.14/RGraph.svg.common.sheets.js.br
- RGraph/6.14/RGraph.svg.common.sheets.js.gz
- RGraph/6.14/RGraph.svg.common.sheets.min.js.br
- RGraph/6.14/RGraph.svg.common.sheets.min.js.gz
- RGraph/6.14/RGraph.svg.common.table.js.br
- RGraph/6.14/RGraph.svg.common.table.js.gz
- RGraph/6.14/RGraph.svg.common.table.min.js.br
- RGraph/6.14/RGraph.svg.common.table.min.js.gz
- RGraph/6.14/RGraph.svg.common.tooltips.js.br
- RGraph/6.14/RGraph.svg.common.tooltips.js.gz
- RGraph/6.14/RGraph.svg.common.tooltips.min.js.br
- RGraph/6.14/RGraph.svg.common.tooltips.min.js.gz
- RGraph/6.14/RGraph.svg.funnel.js.br
- RGraph/6.14/RGraph.svg.funnel.js.gz
- RGraph/6.14/RGraph.svg.funnel.min.js.br
- RGraph/6.14/RGraph.svg.funnel.min.js.gz
- RGraph/6.14/RGraph.svg.gauge.js.br
- RGraph/6.14/RGraph.svg.gauge.js.gz
- RGraph/6.14/RGraph.svg.gauge.min.js.br
- RGraph/6.14/RGraph.svg.gauge.min.js.gz
- RGraph/6.14/RGraph.svg.hbar.js.br
- RGraph/6.14/RGraph.svg.hbar.js.gz
- RGraph/6.14/RGraph.svg.hbar.min.js.br
- RGraph/6.14/RGraph.svg.hbar.min.js.gz
- RGraph/6.14/RGraph.svg.horseshoe.js.br
- RGraph/6.14/RGraph.svg.horseshoe.js.gz
- RGraph/6.14/RGraph.svg.horseshoe.min.js.br
- RGraph/6.14/RGraph.svg.horseshoe.min.js.gz
- RGraph/6.14/RGraph.svg.line.js.br
- RGraph/6.14/RGraph.svg.line.js.gz
- RGraph/6.14/RGraph.svg.line.min.js.br
- RGraph/6.14/RGraph.svg.line.min.js.gz
- RGraph/6.14/RGraph.svg.pie.js.br
- RGraph/6.14/RGraph.svg.pie.js.gz
- RGraph/6.14/RGraph.svg.pie.min.js.br
- RGraph/6.14/RGraph.svg.pie.min.js.gz
- RGraph/6.14/RGraph.svg.radar.js.br
- RGraph/6.14/RGraph.svg.radar.js.gz
- RGraph/6.14/RGraph.svg.radar.min.js.br
- RGraph/6.14/RGraph.svg.radar.min.js.gz
- RGraph/6.14/RGraph.svg.rose.js.br
- RGraph/6.14/RGraph.svg.rose.js.gz
- RGraph/6.14/RGraph.svg.rose.min.js.br
- RGraph/6.14/RGraph.svg.rose.min.js.gz
- RGraph/6.14/RGraph.svg.scatter.js.br
- RGraph/6.14/RGraph.svg.scatter.js.gz
- RGraph/6.14/RGraph.svg.scatter.min.js.br
- RGraph/6.14/RGraph.svg.scatter.min.js.gz
- RGraph/6.14/RGraph.svg.segmented.js.br
- RGraph/6.14/RGraph.svg.segmented.js.gz
- RGraph/6.14/RGraph.svg.segmented.min.js.br
- RGraph/6.14/RGraph.svg.segmented.min.js.gz
- RGraph/6.14/RGraph.svg.semicircularprogress.js.br
- RGraph/6.14/RGraph.svg.semicircularprogress.js.gz
- RGraph/6.14/RGraph.svg.semicircularprogress.min.js.br
- RGraph/6.14/RGraph.svg.semicircularprogress.min.js.gz
- RGraph/6.14/RGraph.svg.waterfall.js.br
- RGraph/6.14/RGraph.svg.waterfall.js.gz
- RGraph/6.14/RGraph.svg.waterfall.min.js.br
- RGraph/6.14/RGraph.svg.waterfall.min.js.gz
- RGraph/6.14/RGraph.thermometer.js.br
- RGraph/6.14/RGraph.thermometer.js.gz
- RGraph/6.14/RGraph.thermometer.min.js.br
- RGraph/6.14/RGraph.thermometer.min.js.gz
- RGraph/6.14/RGraph.vprogress.js.br
- RGraph/6.14/RGraph.vprogress.js.gz
- RGraph/6.14/RGraph.vprogress.min.js.br
- RGraph/6.14/RGraph.vprogress.min.js.gz
- RGraph/6.14/RGraph.waterfall.js.br
- RGraph/6.14/RGraph.waterfall.js.gz
- RGraph/6.14/RGraph.waterfall.min.js.br
- RGraph/6.14/RGraph.waterfall.min.js.gz
SRIs:
- RGraph/6.14/RGraph.drawing.rect.min.js: sha512-IfAcyXdS7Azx8oTpHfojLsB4M6WecDjOYX7xnrUlytqLMy0w6qgGcnQDPNy1vlZhlveR2lvMouHvWg1zkODapg==
- RGraph/6.14/RGraph.radar.min.js: sha512-H5MpJE4IvFJ2KTaLlN8KKRW8LL9ZPE1QcvoI1YQ9qhZJ8xLYIDupf26m0MBig55NSiS/Hp1p6k+5HNyC47Ayww==
- RGraph/6.14/RGraph.rose.js: sha512-whNj5OfEtRe+XeX/5wip41UzGp+PfbMLXmsZTjXHiRL0aEURCgkMc4zdYzlu5CcY8PNf+EexR/cg42/9iAWjGA==
- RGraph/6.14/RGraph.waterfall.js: sha512-+FPvAWm88Wo/4+yg8pp6EC55toMPCs9ZGR7Vwu+2UEB92gWARwJK8pwRBbsjBYqpGvaIInzSPIuRdOdhE+ANBQ==
- RGraph/6.14/RGraph.drawing.poly.js: sha512-MA3t8qr7tPlRzqD+JjpSRW7XLuJNZZvUmBiebS+GQoTyV6UcdMLys9K4rMLMJmcn/Athuk+XiM1bxyr4Z5x5Vg==
- RGraph/6.14/RGraph.svg.horseshoe.min.js: sha512-NyInYf3tDXoZMbKDjOFRX1ksR6TATcilH1h+ug2CsCgBUPnz8tOxDO9RwWIe9V4J1WVUeHw91be11pm4SJxTAg==
- RGraph/6.14/RGraph.svg.segmented.js: sha512-4BCDhbHPArb+JWnLW4KQaR0ao34y3vp0tp0XV3vbv6TZS8rZ6h6Bwsd2mGqL13EbH9/cnY3b+bfOn6dHhS7qxQ==
- RGraph/6.14/RGraph.svg.radar.js: sha512-CHFxstsrboFZcxBZsMqXe64k5DjpQ74jhCl21Q4r67C6HQxQk0Flm0mkM1X1E3a/j2PXfqzVkwfUGRwIE0MAuA==
- RGraph/6.14/RGraph.drawing.image.js: sha512-qxZYW2XObm5moC/LPukDT3sDFKNOwFTSg66jMxkXAGOvFne04O5zufdjU89z0JpU20zz4Xu/C8KZsLhG21X51A==
- RGraph/6.14/RGraph.drawing.text.js: sha512-50g+7+ZxdMdXT/FgJcTE8xrVTEQ8RiyxC528TqcZ46CYQIhHd264PsiGDupA0W1ppDq6BZNXB+SGL/9Byj2J0g==
- RGraph/6.14/RGraph.hprogress.min.js: sha512-JVTJiZj67dk2GfN5LM5OwOG4gaM9eqNaS6BJN9ZwoypFOBw6//Qnu5VbM6UJwyzROjmiyhXL32SHHHcHIc60qg==
- RGraph/6.14/RGraph.pie.min.js: sha512-4QzPAtQ61yC8V8Vy/c8rV616muejWA7xAHNvLvzwgSkPqtztQzs1+VYXyT/XvaWYHCJsh51JUOjmhlydW2mxfA==
- RGraph/6.14/RGraph.common.annotate.js: sha512-+/FIcenVn194l6tkShHBYj3g/hjXiZBfht+LnkBAdOX5xd48yf9xBQEAsRK48koHwa4W+GRI58q/xMjWsgFxDg==
- RGraph/6.14/RGraph.drawing.yaxis.min.js: sha512-zQUUd3mg3u+rLBktMox8jBFhKB1OgtJawnUr6IWOVTik0X8ZhTef6+jiuf2coPRIv3nckfChzcRz5JjpsN2/wA==
- RGraph/6.14/RGraph.vprogress.js: sha512-qaNPvtLzoA7N+cB6R6P/77tli6RGyeN1NKeMVl4rB+VvwyUdSBsUt5L2SpJfQpXPFHBNk2Orn9HjPvR7NPbjoQ==
- RGraph/6.14/RGraph.bipolar.js: sha512-NrK+58vpX/1nl8NLq4/7IW0fStswo/xjHVED2mBBfH2sMyue3ho7RIrJCFKFb4Caxd+ytBNS0Wy0718FHiauDw==
- RGraph/6.14/RGraph.common.context.min.js: sha512-56oENkw1ZTzcTioo44fBiRoaqVAqs1q/wCwBNQITHcQkfXsnUk82B8nWJ8Bp61BBuesvgFSXBLZtpCmLiv1dBw==
- RGraph/6.14/RGraph.common.effects.js: sha512-EFzMG9Q9narsE3cY1UDDGme6r4aSB51jWQ6ckREakNV+lMcq1BsKYpoqCuck3iU82Ivp6+S4Jfkm45JEkOj78g==
- RGraph/6.14/RGraph.drawing.text.min.js: sha512-6HI5M6fnEIU+uTTuxPwANERtKaZ11IWRe7Fmtg2+w38UhXXqtEry5rXU8KLFgmEOeRIWq6JmVlU+PDSj4kENTw==
- RGraph/6.14/RGraph.drawing.yaxis.js: sha512-DwloY9a0VYhTMjbhSB5Qy6UlxnV0msyc9eCW/p2l4p89jxJSDvYKA2oPY1nSmHSu4zcHR+o7PjUKvzQ391OggQ==
- RGraph/6.14/RGraph.horseshoe.min.js: sha512-3n2IC8attWCmz6+jbKhimrq8wPKoqS+h2KPTwGwMaMeaHg8qfWTOAgT3d8YYJRDmKrV145rnU7umUMyGKOUXPA==
- RGraph/6.14/RGraph.svg.pie.js: sha512-Gs8E24rCe6PH0VPlJu2BXeWKSadO9Qmjpdul/7I09l+6mcD/zve7rV+FmDkP0Wk5J7hZWgZXGU98mSn2s2Ythw==
- RGraph/6.14/RGraph.svg.pie.min.js: sha512-0Ukau5q2n86AmvpqmswxVAhslFXHuirhLf0dMfCwU88wah5A2oNy/HV6eCB2lpkfgUlg0iezyW/E64jxnVJ1gA==
- RGraph/6.14/RGraph.activity.js: sha512-+TnH/ol7mFvwQCtJyeWOLbThMuDN3WVZ/TMtONUl2KlrITOpU4VqLmtGowUt/0aKeNyClhNDCN3A5mcLBKUO+Q==
- RGraph/6.14/RGraph.common.csv.js: sha512-vgxPnYcVqQNkdyFvqcDD6TGnWGlWQFwh85JqQxL7CmZPmQKTuyBxkbP82NBWx+43yTOW70aPAzM8dsSPVGl88A==
- RGraph/6.14/RGraph.common.dynamic.min.js: sha512-8wrDjGFhJUfNCt8bwXcDo/twAor/3SNsQvvIiGIIX/Pk/45CQKB2QWNVE5bjbF/EJlTH7igBqv2I0OKm6V4BOw==
- RGraph/6.14/RGraph.common.moment.min.js: sha512-6gO0D2J9P+5ZXyohCRMAO2GctkCpO9HmNKwJnlec2pN3momdRblm/X1/C5c/hIWURdfEzvomaigycYlLorEVcg==
- RGraph/6.14/RGraph.svg.bar.min.js: sha512-EkcdVji6iBquGPb/ifWnN4RptJv7Pk3k0UM+Gr/lnNPHm5+vmUcX6i4b1ZOjG1itU3pXzLzZxZhKG9XRQiaA5w==
- RGraph/6.14/RGraph.svg.common.tooltips.js: sha512-ZtZCKfx4FhwMuO4ScHQINUUkPYdsSAE1hs5zLrgfEXcx4LhhzqiAqfo/DDdsKESR8DJKoiWygJ78dRPAbUzZ9g==
- RGraph/6.14/RGraph.bipolar.min.js: sha512-phjBHeyFfMZYtnIdGLVAklZOX76gEAh8+mUVN/ctBUBV7XD1/etS6VTJHSTrWi0c8znNqnZ0poywLYIn3FXhuQ==
- RGraph/6.14/RGraph.common.dynamic.js: sha512-4v5pBGiZTWeO1RYpyfyQmJRPtat5mIySkVHg+Mh59XU5ZUQ7qMGGOqz68ofNu8aPzgrT/OD5bbeyD4UzJMRU1Q==
- RGraph/6.14/RGraph.drawing.image.min.js: sha512-1LTJPQEFH5Bp3/L5TSaaNZ6DzFD+xNJ03pYprjxsyZPJQhepGL/lf0KaS40rKP549J7wdIEzHTfnvu5D8KgcgA==
- RGraph/6.14/RGraph.drawing.poly.min.js: sha512-ZdIzCZltpPdB6ppjmgm7qyN8bXlfY95D6hM/0m5u5TAJMmdC5tLQ8pXlgtUGu/oQ2CR91V6NI3O4pUNJ7woyBA==
- RGraph/6.14/RGraph.svg.funnel.min.js: sha512-e98k0vbhqDaHlyisc5yQuOivW8TLBX6hHqG8Xk7NWsd/9hc5s3+Y87XM4xRXqOiYFKesmJO6K3/c2G+1vI50KQ==
- RGraph/6.14/RGraph.common.key.min.js: sha512-6teULk+EK/xiDG5inguLJJ+ar+fI23QjAQWp1yymDByFYFOihuhUT2rBZMt0WJW6o1ZETeCjR2+EApudb3+C9Q==
- RGraph/6.14/RGraph.horseshoe.js: sha512-rAppSW0oNHGotCZSeMgTMCaLh2LHVb/GwhYhQKixmh7AmGuuIEx4x3crxLAnEECdW2yegAa6VVTFrsOTspS3tw==
- RGraph/6.14/RGraph.meter.min.js: sha512-CAWbie3ztl4cnF0YBS7CV5tNud2ZqvYdY/JzShcpc6nSE1AE1nRZTdxxY8FKbmw+eTN+sW/agrq5azrm/BYDng==
- RGraph/6.14/RGraph.common.effects.min.js: sha512-kvTBBTz+QRq98YgK9vpNOGKv9SaAutmToxROtBMc8Ear/Y68TC/CZaBLOJO1RBEEB6pwUrW7yn7hql3Q6dr/Lg==
- RGraph/6.14/RGraph.drawing.circle.js: sha512-yy0sbGNR1cgAmkerPtdCvDqY3uc++EbSgu4p8LMor4Drrp+eAkMPBtPYa7T8y61bFMnX8Y8bNm/EoavrCHVv2Q==
- RGraph/6.14/RGraph.semicircularprogress.min.js: sha512-ilv9HL6/cwX6v7D/JkFhvZoagEFKHP2y2s7aZFtT1XYLqHbNpW2RzqbljttKT7Z0/BCXHFnqsNaMKW3TCNu08Q==
- RGraph/6.14/RGraph.svg.common.key.js: sha512-J5a7iIBLQnw4XCEK5ZsF8NCvBEoWx9eDZDCN3e57uDgfw2l1r4oFg7EYslK64eGZNXwtsdgt48++GNEiuBgPwA==
- RGraph/6.14/RGraph.svg.semicircularprogress.js: sha512-FD/27op+uVzFju8TI17YaJzyqRKRAhvkZJ3WTyal6l4WnTSCmo3fTUaNcJ4fITNyDbrRCmFiH+V1czFqz6maOw==
- RGraph/6.14/RGraph.svg.waterfall.min.js: sha512-CNVYAr00/AoHpnyC5h9Pp2uZc20wHw1cuMNIvGZurXToSxZaj3tG67lKqkWr8BIJP3M06PzQ93984cbHDXMmug==
- RGraph/6.14/RGraph.common.table.min.js: sha512-sNJXSp9x4SU7FBBl0AvdH8UT6RnLIGnVFcEmgVuRBxgq19+zzBytsvvSDf2Kjg2yOQifGGM1m0FF1DLjVpR0dQ==
- RGraph/6.14/RGraph.gauge.min.js: sha512-aimwUnXz0dtv1VCV/H265b+xSrTqfdo1X7qeI0bTqTbkYMeCP9N/tj/GItAqdfronH67OtPL1M+FKK4mRmICJQ==
- RGraph/6.14/RGraph.segmented.min.js: sha512-occNdEBSMI8QZY3/h6NT4MhJwBL2n/HP8rfDy7g26mjIGDc50rB9bAINSn2shB5E2jEW+2X5UcbxaOpJrmK45Q==
- RGraph/6.14/RGraph.svg.common.csv.min.js: sha512-7HBB4kE0+7xTT9EXquvAL1bSgUQEXsISBsFkpiAyiOht+CO/fbgy/r0gXPAuArQgzVU81s5bTrz/982jdxFQoQ==
- RGraph/6.14/RGraph.activity.min.js: sha512-qY2ojQ/IizB3r0o2NZvXYu0fD960zO56yNpnuxbuJzxpgVajojRaKzcz/t0BtktjvGVgIWFduEg0d6fuU64InQ==
- RGraph/6.14/RGraph.svg.activity.js: sha512-+RzmZyAT2B5lBvF7rdHSQ8b05e3d3wkbSueCPUwddSVXc6tlnTIeMpa6Rt/TLZ7IEPWAEXu8cnpk6OHAFiiHKw==
- RGraph/6.14/RGraph.svg.funnel.js: sha512-PA0hwwvZwodBvI74tmLNTYmpmlZgovjUQl8EzZLIoaEbN0RHpmUENzD7ppEFbcCuE3tjQhG9MMnJIf1nx2hmBg==
- RGraph/6.14/RGraph.svg.line.js: sha512-j9lsJHmgBFgCvRD0jnqO0XwbBfyhDt7nVahtpvl3cfD/VZSwDUNshwE71oLAt/w2j71QS79fIpBmDCndX19cwg==
- RGraph/6.14/RGraph.drawing.background.js: sha512-9O1lO8rUQxrik6JL0xoUue+ipLotXHBdnrb1RfevDpwyKhrn/RLzqfzj+zYi249Lz10+4GbZfQT3PAbJH/1a9Q==
- RGraph/6.14/RGraph.drawing.background.min.js: sha512-5L+Xthh3rKY5WAT/s4Q1JioEz47fBprNTDODJkEVqNHxXyLJjdwhun8Y7Z9msCdIw6+ZeYSwwjd+AXJiqASIug==
- RGraph/6.14/RGraph.svg.hbar.min.js: sha512-yu7yrqBNfD+Gq80iNG+xRyon8CSY8sT5JvWWHSV2EqlYefBQCURmYpNl3xUwv+zBf0+vumkYCDB9kqwi+DLM/A==
- RGraph/6.14/RGraph.waterfall.min.js: sha512-COOCPLnaTLtrc5SySkgoKSZ1tyNdc3u5/uPmhiWn2Eyt1qCYr0tHds6kGptj3H9je3Y02IghRlZhnINORsJWrA==
- RGraph/6.14/RGraph.common.core.min.js: sha512-PTT2+ll+rFeb4ZVEWJc4+wp8qIim+EQz1HchGGWnVaSRpBA0Qm6ELSnD9JGjJQaWgWTGNioTj7ZQZ3uicLNXnw==
- RGraph/6.14/RGraph.drawing.marker1.min.js: sha512-y7WffKb6hQcZTzBZtxAssw5T9l5qedh0llaI5MWbvBhLLt2h/yGAsvBT3olS/gWS6FXme0JdbPOYIqg9CB8hZw==
- RGraph/6.14/RGraph.hprogress.js: sha512-Oj7DQDhRmV07Ui8+iySjTWE1AYXOTbAQJGW07lq4VgZtla/3jf+q5LXjLdolCWvW+fdBpQb2/z7rCNZ1olApsg==
- RGraph/6.14/RGraph.svg.radar.min.js: sha512-4Odl9sTkPfOlOOcx1oJiaYVE1UmM3E4xims62mqluHFFjqaRZc9hqSUnzYhZG6qxtnUAiwxVQ5BsjYmW1ZaP9g==
- RGraph/6.14/RGraph.funnel.js: sha512-1aDwRRtKvThAJZ6z1c5H2rkp7S363cFMRwSH4mOW5M5HUWp6AIjpl+g6hzrVgTKwBJwo0msiPNL+OKXsPxHXoQ==
- RGraph/6.14/RGraph.modaldialog.js: sha512-Tywg0WokAhs3c7u9P3c6oB6Y3AVmkHIYfHxXm2sf8vbmoR7Mej042OtXnqqL2L1DbDYQL2kNU3Q+Or+2ZUVA/Q==
- RGraph/6.14/RGraph.svg.horseshoe.js: sha512-jDWHqJE7YpL+o2oxrjdymFAos+xXMWYdE3NlJSqx3Za/oue3kznFZ6chXcq/VKPFBnLLkbpKPE7vpN1ntAWAVg==
- RGraph/6.14/RGraph.drawing.line.min.js: sha512-MPhzevFnlRvRiCo6LIdX3zigzDFb/zaPT1MOpj6V8WeE5LqkRjVRKIk0RXqPVSwVHIp/fPw2ohyrCjlL8bffEQ==
- RGraph/6.14/RGraph.line.js: sha512-EM4Euue2pLxETgWFnoMLVroWvY8m62KhGf/zZy0N70nkTF9+VpFAhHd/eyO7iLLDKaKuFB9JwueR1oRZI01DYA==
- RGraph/6.14/RGraph.svg.activity.min.js: sha512-rbY98rw4oq7BsSVuV0grd0VxsxMrst1B4bAmnD/mSURIta/lk6teCXx0FtBE9ADnA/fgt4wODN0ctQZGH5S9Dw==
- RGraph/6.14/RGraph.svg.waterfall.js: sha512-9O67PFwESf/rOWF8FD43Duaww2jlK2+wvLq8GQPoefLIqdgKWcYcKvWBESfQazH6L2useiKm/dBwZZAoku4U/A==
- RGraph/6.14/RGraph.common.core.js: sha512-9KAWMtweC1XOcU7N8LVBq3mj934ak/XAo1LoogCoW3abOMFycowho7L3m6RAjNEHJGlVL7EJ26Kmw/0UipBuwg==
- RGraph/6.14/RGraph.common.starburst.js: sha512-Fcs/uUY4bgJkp+//TJ3Bf+fagwnmlgnYx+KGTo/ujpLPPVVK2yuxPJ1/TciiJptEDgyALdClrrEGNbu19yOHqg==
- RGraph/6.14/RGraph.svg.bipolar.min.js: sha512-CBT8CthnQGP8AhzI7m9tRU3K9YBLusOGEe7hJ+u8Bd+Uob3Ws9iav60hldwOasyk8UDwQMx6CeRdXIQPHMybTA==
- RGraph/6.14/RGraph.svg.line.min.js: sha512-50/hcYCp2Pa4jav4FsDto1xhBHDCBZqoZonwrvLZh/bdHYjZhvJEJ5GjXxjroe+ZdYT3855zLoP378J0jdfwCQ==
- RGraph/6.14/RGraph.vprogress.min.js: sha512-dJzp/DG+OOowZLSoc+Km89pV92zgGkNYnknM85qtjBKNfH8aXZlnwawtu9DqhcV3CJzbYDxYimozeEcwtbkEiw==
- RGraph/6.14/RGraph.drawing.xaxis.min.js: sha512-Pxz2w5mbmqkxfw+YAWbaFORj+b5tzV8e/v/B12KXIAyhooyg0CIUvybzUsUe7EJXURst2l42sRhAi1Z21H/Grg==
- RGraph/6.14/RGraph.pie.js: sha512-I7e6o74/g0M71MfqYUm8vjjTnyATj0YK2/bp64AlQ2Z37wuJoQWEmBgiIwU2MCrN4qqoMVmA4OHfRp/7I8PTUQ==
- RGraph/6.14/RGraph.svg.common.ajax.min.js: sha512-eq8+QgxHsZzSSEdx1N/IhY1Kq0it5y+fptYbWLaCVXcIU/aZQbYDS4F8vweK57+4sFS+Wc2rHkbl43V1/LWQAg==
- RGraph/6.14/RGraph.svg.common.csv.js: sha512-qnMG1bbq8xw8sGr0YfZxt+6VXK31gFJ1iG3Nyz1MVbQ45tXfAyLmeYZzrT+a/IuUB/aIAcyOQDkwCE7gZ0VrlQ==
- RGraph/6.14/RGraph.svg.common.sheets.min.js: sha512-RVWXw2s21j7/Ls7GZj0dkplQiMfYFkmx0/7ncxJ5YAJip5X8+vCLsSXDMWqlPHhWXetIBrwTAo7G1Z5s32FvHA==
- RGraph/6.14/RGraph.svg.rose.min.js: sha512-dUTJwu3gXerRWYK0XMgdCeKtAYo5ErKO/zrlUTXqAjeKS+RplkZo9Z2MXkVua8bN8RJ7pq5S5tuNNgrv3nTi6A==
- RGraph/6.14/RGraph.svg.scatter.js: sha512-m2f0MdXPg3maESXgt/I6dOolJ5yBXJFAk0oa8uLVlLBXYSzNIQKTV9gguQZrHvXOfNMB/q5r7xx+U65esSiHUQ==
- RGraph/6.14/RGraph.drawing.xaxis.js: sha512-Qkdw61nRYmFIMdlNljoeMfEERVY3zhkWA8aDUGSnDjCH1rdxgFtQoI33qylUiExR2GQQ0hz8hkipMn9VCr1VnQ==
- RGraph/6.14/RGraph.funnel.min.js: sha512-HnBEApU/VzFGO6FeCC5V/juewzzB7qM9X/I4dPoTTXJW8iHHJVbku/hrGCLNYbw15IwyVnlIQnnKKRFiA12Trg==
- RGraph/6.14/RGraph.rose.min.js: sha512-6vZffj8fR4hm7zrGub4UUVk9roGF+p6JL/WsQT2lbP0B2qq9848kQj4KR9htJuFF86VbhmTRC55UNDQ9P5F1KA==
- RGraph/6.14/RGraph.svg.common.core.min.js: sha512-7gbTtI7TLsC0hH3JCxVB1VT1tGKrLHFTaTxU3ysufpmIGLS37vRDM1abji7HOSOAX2oawiON8EdEdTbXzZxOWQ==
- RGraph/6.14/RGraph.drawing.marker2.js: sha512-P1KoptKAgzvlBl2khYTPznB5tjEig//UeHmMY009phEUtmJ97fY/ALm+5+RqKNv4IwImBlmb+uY0C+Tk32sNjw==
- RGraph/6.14/RGraph.svg.common.sheets.js: sha512-nqLc+eKtLPgzYfonCBWXmeV1Wv7rXDUMftufaq8r4mM5k8iEqNOD3EYIenegJWCdkMiAxaZLDx/6ZuXpZ4NaIQ==
- RGraph/6.14/RGraph.svg.semicircularprogress.min.js: sha512-1AgcaB+23CAvUQxZ0zxLNPtkV/YmWPVqN4Qn3SCWJbgnhAU5Zio39qTMTfODydlIY0F9dT2sdeZTYwS91VyuMQ==
- RGraph/6.14/RGraph.common.sheets.min.js: sha512-RVWXw2s21j7/Ls7GZj0dkplQiMfYFkmx0/7ncxJ5YAJip5X8+vCLsSXDMWqlPHhWXetIBrwTAo7G1Z5s32FvHA==
- RGraph/6.14/RGraph.common.tooltips.min.js: sha512-guZKehKxEg5TL2lbKSdNsFTHrj7dzHppdrICxFEwZWcEx3WCbbqO59M3C/d/k0Gt2NZ5GG5kIrMkEFMyWM2o+w==
- RGraph/6.14/RGraph.drawing.line.js: sha512-x1JuNaBDXlBFD9buw9VAhtHGf9terMxlA3CsggsBw3Wd1O/p3hlaHyqYphVegqyPEbGyLh61zVz9QuKZiXcqvA==
- RGraph/6.14/RGraph.drawing.marker1.js: sha512-TECQH4InB9pSSHwM4rHAsHAACRGnEMBcZK/7n9/dCjD0JCBH4nal8/Ug9748KIubPE4oMnipDrj9GcHZWqp93g==
- RGraph/6.14/RGraph.common.sheets.js: sha512-45OjgiYQwA5fi0OizYTZEb+VtqA9DdEgKNimgKXdF1qs7wa2u6MB6cYIQpXfZB5a+jg4tfYLKeGHLEnm8evjpA==
- RGraph/6.14/RGraph.svg.bipolar.js: sha512-I4Npn84uYiI36a7fJvEGaOlhtjzD6tnDx/kjKWRfK3PDK3dCKt7+p8uBx0M4CQsu/L1Vm8DO2cjvC1eXbRiYrw==
- RGraph/6.14/RGraph.svg.gauge.js: sha512-cwc0nbLZymXWUqrnqlryai7H00PSqRAjxmIfBHpyioEhvzAqz55y5quHi2nbrxofXaiW+PXCfBt/MCaGH29xuw==
- RGraph/6.14/RGraph.common.csv.min.js: sha512-2zEfV5ThAal44DNyUnwQJdmMniqqkYKVwRb6BASreAlEFwAaXhqLhhLE57ZuwlxwgOVmutHuNgsygpplrJ5b0g==
- RGraph/6.14/RGraph.scatter.min.js: sha512-Zk/xEEWeKaSaOkUf7bOl8jCB0ZkfnVjVjIJgu2Euw0eg1oTeVac7MQHQhK6eOa4aJMZ3+xshE7vhVB+Kt6ztrA==
- RGraph/6.14/RGraph.semicircularprogress.js: sha512-nNMt7cLRp5qdOx4LlMHHG0xy0sD4aRmQZ6x0EG2OSwAzXCZqpIfMY7w0XtzqHAUUlKlIZMIXOCUHNO6PFfSkkw==
- RGraph/6.14/RGraph.segmented.js: sha512-PUFgGXjgtJB8lChHmWJBZJ/ELDZUO5jpUiWi3Jsr/iJUb1+jH5js67bncMFRb8P7BCxLrjXBSZkfEij48CTKaA==
- RGraph/6.14/RGraph.svg.common.ajax.js: sha512-y01qb1J2T6BBpBpCEoKF93QdE1NcSn6gKr85zF0Fqm8sIbGTv+U9+SW6rNqPkNMc1BJraFtTOzrveUB9Xa/t5A==
- RGraph/6.14/RGraph.common.tooltips.js: sha512-MpUsjISVdSlG0QxKBom6PgDi53WKsBtqmiZTltaTb1zX9HH7lOMZyr0m6z72Zd30T8oKxhk5h9VMCzmckjbR2A==
- RGraph/6.14/RGraph.drawing.circle.min.js: sha512-8EMP/VUb3yKToWbIj3oso7Psjp2OI0jkFLWLYSZCnNlySxICHzHA/wnzjtjiZjMUrBoM+c/o4g4loKa9BRATTg==
- RGraph/6.14/RGraph.meter.js: sha512-Z8kCuMtTRg/0ulmOLAdKxUyCQJxd7lyonFYqNYnn6JhjiLv6nSVjgO9SRn6aNKlTli+jcTugYP39QlmuNXHe3Q==
- RGraph/6.14/RGraph.odo.js: sha512-HFD1cyfr5hm+jrlJsRjRevOGVL1oQNG333qkkvXn5nJWl+mgiO7e3de8ceGaxL7wBX3pPWKQnYsuculglMt+ZQ==
- RGraph/6.14/RGraph.odo.min.js: sha512-TJO+yVw3SD21pwIBGuHY7gVuiUsgp2bB/8zYXdAxrTjaleKzV5KRJcoNAVENFP+YWvDzghrAvs7fMxjOVeXQbg==
- RGraph/6.14/RGraph.bar.js: sha512-wjyBJGcgrpKcKLXE+9I0j37Nrzcv809QDDtPA8Hi6WLuL/fX3WVlgSsSgLZAbdriWnlkGUbjm1ZfsCPRhRXnKg==
- RGraph/6.14/RGraph.drawing.rect.js: sha512-coK5grxQIBNGRZPqgiwoVp169pDFYm4mHOL+TphyurLxv7N+JyygUGE3sI0jH+F6nFNEI388HHek0X2KgK6Djg==
- RGraph/6.14/RGraph.gantt.js: sha512-20yBEzGcU7Db3UjLJPfjvP7t606w61DBSO4s3X7aRZCGa6/35pcl+zASz6LVsjqeyI2x7+T6yGjUIxtjSoGW5g==
- RGraph/6.14/RGraph.hbar.js: sha512-p2s4am5HlRbTjK+856poJtNICeDVfXBD4TOMVj+j/glX/Dcs8e0xNNYySFGq7k8bOLnwXEUHnVhYrDHdXJZJjQ==
- RGraph/6.14/RGraph.thermometer.min.js: sha512-pFaPphqZnfWq0GW+D2R0MPbi0qSkcDaFPlYFqzeRnOWkBVewvXFCF0HuJj3bqgRsf2DTEVflf1iVY3zkvflxEw==
- RGraph/6.14/RGraph.common.moment.js: sha512-Zo93gL1GigWRLcTQGUjo+vrpslGdI89xz46AdKiI7b6oEdEsZow9bQc6zMoDj9nbRRmh9+Lmh/IVZ7II1RAqEA==
- RGraph/6.14/RGraph.scatter.js: sha512-MNGeRZIQwjkWi6fijGR5AcXr028pbli2bosD0GgANTQuOHNYDiOsWreALx4GxqwSnbaCPTdN0KSwy5gF5l1L0Q==
- RGraph/6.14/RGraph.svg.hbar.js: sha512-q6dQeF7He8vpWwVNUYEMHTVtprSxb9OWfr5YbUL2pS9d4GtVqLP1r0LIib8FVUbIw8Xke/2yj4HcpyFT3Y//Vg==
- RGraph/6.14/RGraph.svg.scatter.min.js: sha512-OR3dYqJn4WyPR5vX3ABt2edAlts53EdYoYMkoVgHT60Gdc1ED/5uUrmpY7jAzVx7kXgDIshfzHl+VNKcwE6c0g==
- RGraph/6.14/RGraph.fuel.min.js: sha512-mq6aOmFgb9pK6DUZrrWPKU7Nseu/QUcsVGWW/Uhc+u374ECHp9kFiM5OPzlVv0nJ56yyBYLlfyTC1lNkEzm+9Q==
- RGraph/6.14/RGraph.radar.js: sha512-pGS9bH7gZyq7zdmGMPZdAxNCv8Rdlamf08D+T5C1q6LeUBeQORlUIigiU76A9hWLlTYjBY1CdgnxCvXkmd16YQ==
- RGraph/6.14/RGraph.svg.segmented.min.js: sha512-oysRxO4cb87iwPCf7tCIoU6Mn6qh3O8yNdq81aw8KYNKUML39NwflgPObkIbkC0b+AU+cgHnfnuv6RlwfapcbA==
- RGraph/6.14/RGraph.svg.common.table.js: sha512-0A3eWJFLyvoBk6KNNLF1oidOsgtrpweMjYLFTgbTOeiimJxm93y4MlmPm2FyJU1L4CHByHts5Qyi4InBKKUHkQ==
- RGraph/6.14/RGraph.svg.rose.js: sha512-xC8mfeQsTYgfB7oIs8MOHVPKrstErrBGZnfZBeC/eqZKv/7cSSFMTWxkioriHSNdZGxfza7IYAuc9KII6xtFaQ==
- RGraph/6.14/RGraph.bar.min.js: sha512-wjTJzVAMERFJ3PeC+zVYpoVVjkFNIxDDDsqRVF2c4L9p2brSezA4c0pQrUMs/RS498yShKu5GUuR2UeJv5YUog==
- RGraph/6.14/RGraph.gantt.min.js: sha512-E8RBrBQvaYF0JBDZIMLc4hCxvgZIAK705zRjrXOcDCVA/SsHhe9Ckv0fAJvhteEjQeK1mRE8Is8W6zBNB9PusA==
- RGraph/6.14/RGraph.hbar.min.js: sha512-d8nPwN1ckO9ULhlizhKsQxOQZJkApqc7b2iG3LXNAgPiralw8rs4zSGENJRT2z7zIff1OZg9HRirvviWU48YKw==
- RGraph/6.14/RGraph.svg.common.fx.min.js: sha512-WSDY4q2SRqxWsFbcOLM4TBA+fVl+y5AA6611HAe0dtM79lAbT+RHnTenKjRDyAcTQMJbH7bIwnhvsHiid2k7Zw==
- RGraph/6.14/RGraph.line.min.js: sha512-UD+pHSU+5aGs99T3j/WBVBhNJRnElAr01A5P2Z9OeO1qY09AO2iu9KFI7bjHjWVYLE5qT41GgV2G3bjEi1+RDw==
- RGraph/6.14/RGraph.modaldialog.min.js: sha512-///Lhh2YAEYYPdMiWGjZ2Cp3sQ4rCup3ARillqcRfFiz3rYPqVhREwMkfYYI0ycPlliQAgyrnS1gk44vAyWBfw==
- RGraph/6.14/RGraph.svg.common.core.js: sha512-g3mPBiYz9Vs504VkYIVhw5g0qNvxUAs/ut/j2YIqXGgqfKv9TixJ3lq4Vb8wVHcKMLLsq4ojtUBjK/pI8xBLOQ==
- RGraph/6.14/RGraph.rscatter.js: sha512-BuzNrO72SoXjuIy6Q5De84nhHWAxyLwqH35xoZh6ErkTy7AT7lqOsaH6S3iDLBNiHAIfcBIWPQubF4Bw57BbIw==
- RGraph/6.14/RGraph.svg.bar.js: sha512-WHfj8lB2j+e40O+j5KMrO83IRxid90fmIiwaVqeaBa/9H14jstmm0ub/UMaLnHkyUrTfeWzwm7OhKfa573xW1w==
- RGraph/6.14/RGraph.svg.common.key.min.js: sha512-D0LLF5pO88QuAXKcTuDVRedbu4ToSTrFy68SbFJJHk304jzSMUXJoY5U4oP/3BB8UYEuTA4u1KkM/yh3KgtV2A==
- RGraph/6.14/RGraph.svg.common.tooltips.min.js: sha512-ZRTulzqkt/T/h9EGX7lEbuxKzCCFqGNcUPOI7SJTAm/f+7Sd6LtHfYLc2VHLq847Wu3DMKB9izJ5d7dh6pzVPA==
- RGraph/6.14/RGraph.common.annotate.min.js: sha512-nOIR+0LIjbmzgwemnhmhITrQusQOStUAR6x66n1UCVB/Zrit/tCy2yiPfKgEDeVM8j9W+fmQGOP8s8G8mEKLZw==
- RGraph/6.14/RGraph.common.context.js: sha512-ic6KulAtm8FBEESvdkyrG2+wXt6MXxrIofkB1nZP2SMI5ti7HlFu/XcDkw9C7UffeyMDPgBXZVx/CDtTv116zg==
- RGraph/6.14/RGraph.common.key.js: sha512-n+qJZ1J2oUsE/2nTYL7Ul+EY/StkS5R3ej+xa+FtJNaQsQmtvEybfk8PWbc3ZhO+n6xRoGxaaquoU+V1qFZ/nQ==
- RGraph/6.14/RGraph.drawing.marker2.min.js: sha512-eeDju0TXDvhWZtV/3b8pMp/KlPfr5EbxycIJVz2il2FAj4I3Iv10HVG5PkALToYRF51iAPhj/zu7SccNJ1KjOA==
- RGraph/6.14/RGraph.thermometer.js: sha512-RQRpOTAWkSf+wm1TQFk4DeK0G/FvmLxDniGzYRIIV1m1w30TPw6U0sXy5Ct61CVakdsSGH/fej0vfj208HwZxg==
- RGraph/6.14/RGraph.gauge.js: sha512-6FEPGiVUP5/WoeLIvzwEBT4qMK4yWXokscibw1EjJqKf5ZpyZdQ/TL29pt4wNwQE6ttnLODcfHg7hBUV+4sMZQ==
- RGraph/6.14/RGraph.svg.common.fx.js: sha512-dBa8RBl3BmiqbTph2zmGk6k/vAKc4q0iRt1NQC72O5mVYocABEgNLL1c1+MPZiw9sZQZZC1zljQs4SU1BKZtZg==
- RGraph/6.14/RGraph.svg.common.table.min.js: sha512-fVbzo+S6gDam11rzbCu3PYYpC0fAfIhLCFk0R9L9mqzCbGxnXVDkasbUVbiQjWI0fJZfaeM8P6QDMzU7dXo+RA==
- RGraph/6.14/RGraph.svg.gauge.min.js: sha512-IvJD4A6w9FNCo5zlBUBi1j8vrOh1lfwqMLKffvKPN5hM6Fs35WYb7QFxiLGQX2NwSp3qaw8ZBf8GAkI+Ynpntg==
- RGraph/6.14/RGraph.common.starburst.min.js: sha512-zGYAQeyv0wXCqs2oIzBc4mRaxFAqrv/S+e/IsnzoFMfPirOQlBOYivqihMHDBRAbaHM55FB+etqKX1o6DOEtlw==
- RGraph/6.14/RGraph.drawing.marker3.js: sha512-SZsLNEVaR1aaOsHHeYfzH1RMn8aYi/sSNzpxcVo/+MdqCItvqfDA63FbZ3ADvkklllTrMb11i8+YlRiDRlg8XQ==
- RGraph/6.14/RGraph.drawing.marker3.min.js: sha512-CElwEnV20vktVKuweJ0QQIMDUERYhQWqx7/8ZymEQBlamuwD0limfIqQRfjYWPQFHvjO38LbfPL52SaZ1pSTSA==
- RGraph/6.14/RGraph.fuel.js: sha512-VsNniMKCSnaaiGxA2qC5jsOuS5LA4pH1gkskIb8zODTddwLnIvoFPuNfXl1Nc1EAJeQ1jQwnXGrX/a5BaeT+ew==
- RGraph/6.14/RGraph.common.table.js: sha512-dKplVhRZALMYMdDCl4Jp4z3hnwo9W1QQnbR3Xn7pTkLjiWZMd0yLjTgnAkxL1cPP6nfh8XOQwkvhoGaH8Iz4CA==
- RGraph/6.14/RGraph.rscatter.min.js: sha512-iGLlGrxxpECQs7dxBK0Xd7qcLmLt+j7CiBBBtgn1E7cdkL/ch8GsyLGLoY7l7zMupKH6KLgGHeJs70O10w9i/g==
