Files:
- fontsource-archivo-black/5.1.0/400.css.br
- fontsource-archivo-black/5.1.0/400.css.gz
- fontsource-archivo-black/5.1.0/400.css.sri
- fontsource-archivo-black/5.1.0/400.min.css.br
- fontsource-archivo-black/5.1.0/400.min.css.gz
- fontsource-archivo-black/5.1.0/400.min.css.sri
- fontsource-archivo-black/5.1.0/files/archivo-black-latin-400-normal.woff.br
- fontsource-archivo-black/5.1.0/files/archivo-black-latin-400-normal.woff.gz
- fontsource-archivo-black/5.1.0/files/archivo-black-latin-400-normal.woff2
- fontsource-archivo-black/5.1.0/files/archivo-black-latin-ext-400-normal.woff.br
- fontsource-archivo-black/5.1.0/files/archivo-black-latin-ext-400-normal.woff.gz
- fontsource-archivo-black/5.1.0/files/archivo-black-latin-ext-400-normal.woff2
- fontsource-archivo-black/5.1.0/index.css.br
- fontsource-archivo-black/5.1.0/index.css.gz
- fontsource-archivo-black/5.1.0/index.css.sri
- fontsource-archivo-black/5.1.0/index.min.css.br
- fontsource-archivo-black/5.1.0/index.min.css.gz
- fontsource-archivo-black/5.1.0/index.min.css.sri
- fontsource-archivo-black/5.1.0/latin-400.css.br
- fontsource-archivo-black/5.1.0/latin-400.css.gz
- fontsource-archivo-black/5.1.0/latin-400.css.sri
- fontsource-archivo-black/5.1.0/latin-400.min.css.br
- fontsource-archivo-black/5.1.0/latin-400.min.css.gz
- fontsource-archivo-black/5.1.0/latin-400.min.css.sri
- fontsource-archivo-black/5.1.0/latin-ext-400.css.br
- fontsource-archivo-black/5.1.0/latin-ext-400.css.gz
- fontsource-archivo-black/5.1.0/latin-ext-400.css.sri
- fontsource-archivo-black/5.1.0/latin-ext-400.min.css.br
- fontsource-archivo-black/5.1.0/latin-ext-400.min.css.gz
- fontsource-archivo-black/5.1.0/latin-ext-400.min.css.sri
- fontsource-archivo-black/5.1.0/latin-ext.css.br
- fontsource-archivo-black/5.1.0/latin-ext.css.gz
- fontsource-archivo-black/5.1.0/latin-ext.css.sri
- fontsource-archivo-black/5.1.0/latin-ext.min.css.br
- fontsource-archivo-black/5.1.0/latin-ext.min.css.gz
- fontsource-archivo-black/5.1.0/latin-ext.min.css.sri
- fontsource-archivo-black/5.1.0/latin.css.br
- fontsource-archivo-black/5.1.0/latin.css.gz
- fontsource-archivo-black/5.1.0/latin.css.sri
- fontsource-archivo-black/5.1.0/latin.min.css.br
- fontsource-archivo-black/5.1.0/latin.min.css.gz
- fontsource-archivo-black/5.1.0/latin.min.css.sri
