Files:
- fontsource-seymour-one/5.0.3/400.css.br
- fontsource-seymour-one/5.0.3/400.min.css.br
- fontsource-seymour-one/5.0.3/cyrillic-400.css.br
- fontsource-seymour-one/5.0.3/cyrillic-400.min.css.br
- fontsource-seymour-one/5.0.3/cyrillic.css.br
- fontsource-seymour-one/5.0.3/cyrillic.min.css.br
- fontsource-seymour-one/5.0.3/files/seymour-one-cyrillic-400-normal.woff.br
- fontsource-seymour-one/5.0.3/files/seymour-one-latin-400-normal.woff.br
- fontsource-seymour-one/5.0.3/files/seymour-one-latin-ext-400-normal.woff.br
- fontsource-seymour-one/5.0.3/index.css.br
- fontsource-seymour-one/5.0.3/index.min.css.br
- fontsource-seymour-one/5.0.3/latin-400.css.br
- fontsource-seymour-one/5.0.3/latin-400.min.css.br
- fontsource-seymour-one/5.0.3/latin-ext-400.css.br
- fontsource-seymour-one/5.0.3/latin-ext-400.min.css.br
- fontsource-seymour-one/5.0.3/latin-ext.css.br
- fontsource-seymour-one/5.0.3/latin-ext.min.css.br
- fontsource-seymour-one/5.0.3/latin.css.br
- fontsource-seymour-one/5.0.3/latin.min.css.br
