Files:
- fontsource-grandstander/5.0.3/100-italic.css.br
- fontsource-grandstander/5.0.3/100-italic.css.gz
- fontsource-grandstander/5.0.3/100-italic.min.css.br
- fontsource-grandstander/5.0.3/100-italic.min.css.gz
- fontsource-grandstander/5.0.3/100.css.br
- fontsource-grandstander/5.0.3/100.css.gz
- fontsource-grandstander/5.0.3/100.min.css.br
- fontsource-grandstander/5.0.3/100.min.css.gz
- fontsource-grandstander/5.0.3/200-italic.css.br
- fontsource-grandstander/5.0.3/200-italic.css.gz
- fontsource-grandstander/5.0.3/200-italic.min.css.br
- fontsource-grandstander/5.0.3/200-italic.min.css.gz
- fontsource-grandstander/5.0.3/200.css.br
- fontsource-grandstander/5.0.3/200.css.gz
- fontsource-grandstander/5.0.3/200.min.css.br
- fontsource-grandstander/5.0.3/200.min.css.gz
- fontsource-grandstander/5.0.3/300-italic.css.br
- fontsource-grandstander/5.0.3/300-italic.css.gz
- fontsource-grandstander/5.0.3/300-italic.min.css.br
- fontsource-grandstander/5.0.3/300-italic.min.css.gz
- fontsource-grandstander/5.0.3/300.css.br
- fontsource-grandstander/5.0.3/300.css.gz
- fontsource-grandstander/5.0.3/300.min.css.br
- fontsource-grandstander/5.0.3/300.min.css.gz
- fontsource-grandstander/5.0.3/400-italic.css.br
- fontsource-grandstander/5.0.3/400-italic.css.gz
- fontsource-grandstander/5.0.3/400-italic.min.css.br
- fontsource-grandstander/5.0.3/400-italic.min.css.gz
- fontsource-grandstander/5.0.3/400.css.br
- fontsource-grandstander/5.0.3/400.css.gz
- fontsource-grandstander/5.0.3/400.min.css.br
- fontsource-grandstander/5.0.3/400.min.css.gz
- fontsource-grandstander/5.0.3/500-italic.css.br
- fontsource-grandstander/5.0.3/500-italic.css.gz
- fontsource-grandstander/5.0.3/500-italic.min.css.br
- fontsource-grandstander/5.0.3/500-italic.min.css.gz
- fontsource-grandstander/5.0.3/500.css.br
- fontsource-grandstander/5.0.3/500.css.gz
- fontsource-grandstander/5.0.3/500.min.css.br
- fontsource-grandstander/5.0.3/500.min.css.gz
- fontsource-grandstander/5.0.3/600-italic.css.br
- fontsource-grandstander/5.0.3/600-italic.css.gz
- fontsource-grandstander/5.0.3/600-italic.min.css.br
- fontsource-grandstander/5.0.3/600-italic.min.css.gz
- fontsource-grandstander/5.0.3/600.css.br
- fontsource-grandstander/5.0.3/600.css.gz
- fontsource-grandstander/5.0.3/600.min.css.br
- fontsource-grandstander/5.0.3/600.min.css.gz
- fontsource-grandstander/5.0.3/700-italic.css.br
- fontsource-grandstander/5.0.3/700-italic.css.gz
- fontsource-grandstander/5.0.3/700-italic.min.css.br
- fontsource-grandstander/5.0.3/700-italic.min.css.gz
- fontsource-grandstander/5.0.3/700.css.br
- fontsource-grandstander/5.0.3/700.css.gz
- fontsource-grandstander/5.0.3/700.min.css.br
- fontsource-grandstander/5.0.3/700.min.css.gz
- fontsource-grandstander/5.0.3/800-italic.css.br
- fontsource-grandstander/5.0.3/800-italic.css.gz
- fontsource-grandstander/5.0.3/800-italic.min.css.br
- fontsource-grandstander/5.0.3/800-italic.min.css.gz
- fontsource-grandstander/5.0.3/800.css.br
- fontsource-grandstander/5.0.3/800.css.gz
- fontsource-grandstander/5.0.3/800.min.css.br
- fontsource-grandstander/5.0.3/800.min.css.gz
- fontsource-grandstander/5.0.3/900-italic.css.br
- fontsource-grandstander/5.0.3/900-italic.css.gz
- fontsource-grandstander/5.0.3/900-italic.min.css.br
- fontsource-grandstander/5.0.3/900-italic.min.css.gz
- fontsource-grandstander/5.0.3/900.css.br
- fontsource-grandstander/5.0.3/900.css.gz
- fontsource-grandstander/5.0.3/900.min.css.br
- fontsource-grandstander/5.0.3/900.min.css.gz
- fontsource-grandstander/5.0.3/files/grandstander-latin-100-italic.woff.br
- fontsource-grandstander/5.0.3/files/grandstander-latin-100-italic.woff.gz
- fontsource-grandstander/5.0.3/files/grandstander-latin-100-italic.woff2
- fontsource-grandstander/5.0.3/files/grandstander-latin-100-normal.woff.br
- fontsource-grandstander/5.0.3/files/grandstander-latin-100-normal.woff.gz
- fontsource-grandstander/5.0.3/files/grandstander-latin-100-normal.woff2
- fontsource-grandstander/5.0.3/files/grandstander-latin-200-italic.woff.br
- fontsource-grandstander/5.0.3/files/grandstander-latin-200-italic.woff.gz
- fontsource-grandstander/5.0.3/files/grandstander-latin-200-italic.woff2
- fontsource-grandstander/5.0.3/files/grandstander-latin-200-normal.woff.br
- fontsource-grandstander/5.0.3/files/grandstander-latin-200-normal.woff.gz
- fontsource-grandstander/5.0.3/files/grandstander-latin-200-normal.woff2
- fontsource-grandstander/5.0.3/files/grandstander-latin-300-italic.woff.br
- fontsource-grandstander/5.0.3/files/grandstander-latin-300-italic.woff.gz
- fontsource-grandstander/5.0.3/files/grandstander-latin-300-italic.woff2
- fontsource-grandstander/5.0.3/files/grandstander-latin-300-normal.woff.br
- fontsource-grandstander/5.0.3/files/grandstander-latin-300-normal.woff.gz
- fontsource-grandstander/5.0.3/files/grandstander-latin-300-normal.woff2
- fontsource-grandstander/5.0.3/files/grandstander-latin-400-italic.woff.br
- fontsource-grandstander/5.0.3/files/grandstander-latin-400-italic.woff.gz
- fontsource-grandstander/5.0.3/files/grandstander-latin-400-italic.woff2
- fontsource-grandstander/5.0.3/files/grandstander-latin-400-normal.woff.br
- fontsource-grandstander/5.0.3/files/grandstander-latin-400-normal.woff.gz
- fontsource-grandstander/5.0.3/files/grandstander-latin-400-normal.woff2
- fontsource-grandstander/5.0.3/files/grandstander-latin-500-italic.woff.br
- fontsource-grandstander/5.0.3/files/grandstander-latin-500-italic.woff.gz
- fontsource-grandstander/5.0.3/files/grandstander-latin-500-italic.woff2
- fontsource-grandstander/5.0.3/files/grandstander-latin-500-normal.woff.br
- fontsource-grandstander/5.0.3/files/grandstander-latin-500-normal.woff.gz
- fontsource-grandstander/5.0.3/files/grandstander-latin-500-normal.woff2
- fontsource-grandstander/5.0.3/files/grandstander-latin-600-italic.woff.br
- fontsource-grandstander/5.0.3/files/grandstander-latin-600-italic.woff.gz
- fontsource-grandstander/5.0.3/files/grandstander-latin-600-italic.woff2
- fontsource-grandstander/5.0.3/files/grandstander-latin-600-normal.woff.br
- fontsource-grandstander/5.0.3/files/grandstander-latin-600-normal.woff.gz
- fontsource-grandstander/5.0.3/files/grandstander-latin-600-normal.woff2
- fontsource-grandstander/5.0.3/files/grandstander-latin-700-italic.woff.br
- fontsource-grandstander/5.0.3/files/grandstander-latin-700-italic.woff.gz
- fontsource-grandstander/5.0.3/files/grandstander-latin-700-italic.woff2
- fontsource-grandstander/5.0.3/files/grandstander-latin-700-normal.woff.br
- fontsource-grandstander/5.0.3/files/grandstander-latin-700-normal.woff.gz
- fontsource-grandstander/5.0.3/files/grandstander-latin-700-normal.woff2
- fontsource-grandstander/5.0.3/files/grandstander-latin-800-italic.woff.br
- fontsource-grandstander/5.0.3/files/grandstander-latin-800-italic.woff.gz
- fontsource-grandstander/5.0.3/files/grandstander-latin-800-italic.woff2
- fontsource-grandstander/5.0.3/files/grandstander-latin-800-normal.woff.br
- fontsource-grandstander/5.0.3/files/grandstander-latin-800-normal.woff.gz
- fontsource-grandstander/5.0.3/files/grandstander-latin-800-normal.woff2
- fontsource-grandstander/5.0.3/files/grandstander-latin-900-italic.woff.br
- fontsource-grandstander/5.0.3/files/grandstander-latin-900-italic.woff.gz
- fontsource-grandstander/5.0.3/files/grandstander-latin-900-italic.woff2
- fontsource-grandstander/5.0.3/files/grandstander-latin-900-normal.woff.br
- fontsource-grandstander/5.0.3/files/grandstander-latin-900-normal.woff.gz
- fontsource-grandstander/5.0.3/files/grandstander-latin-900-normal.woff2
- fontsource-grandstander/5.0.3/files/grandstander-latin-ext-100-italic.woff.br
- fontsource-grandstander/5.0.3/files/grandstander-latin-ext-100-italic.woff.gz
- fontsource-grandstander/5.0.3/files/grandstander-latin-ext-100-italic.woff2
- fontsource-grandstander/5.0.3/files/grandstander-latin-ext-100-normal.woff.br
- fontsource-grandstander/5.0.3/files/grandstander-latin-ext-100-normal.woff.gz
- fontsource-grandstander/5.0.3/files/grandstander-latin-ext-100-normal.woff2
- fontsource-grandstander/5.0.3/files/grandstander-latin-ext-200-italic.woff.br
- fontsource-grandstander/5.0.3/files/grandstander-latin-ext-200-italic.woff.gz
- fontsource-grandstander/5.0.3/files/grandstander-latin-ext-200-italic.woff2
- fontsource-grandstander/5.0.3/files/grandstander-latin-ext-200-normal.woff.br
- fontsource-grandstander/5.0.3/files/grandstander-latin-ext-200-normal.woff.gz
- fontsource-grandstander/5.0.3/files/grandstander-latin-ext-200-normal.woff2
- fontsource-grandstander/5.0.3/files/grandstander-latin-ext-300-italic.woff.br
- fontsource-grandstander/5.0.3/files/grandstander-latin-ext-300-italic.woff.gz
- fontsource-grandstander/5.0.3/files/grandstander-latin-ext-300-italic.woff2
- fontsource-grandstander/5.0.3/files/grandstander-latin-ext-300-normal.woff.br
- fontsource-grandstander/5.0.3/files/grandstander-latin-ext-300-normal.woff.gz
- fontsource-grandstander/5.0.3/files/grandstander-latin-ext-300-normal.woff2
- fontsource-grandstander/5.0.3/files/grandstander-latin-ext-400-italic.woff.br
- fontsource-grandstander/5.0.3/files/grandstander-latin-ext-400-italic.woff.gz
- fontsource-grandstander/5.0.3/files/grandstander-latin-ext-400-italic.woff2
- fontsource-grandstander/5.0.3/files/grandstander-latin-ext-400-normal.woff.br
- fontsource-grandstander/5.0.3/files/grandstander-latin-ext-400-normal.woff.gz
- fontsource-grandstander/5.0.3/files/grandstander-latin-ext-400-normal.woff2
- fontsource-grandstander/5.0.3/files/grandstander-latin-ext-500-italic.woff.br
- fontsource-grandstander/5.0.3/files/grandstander-latin-ext-500-italic.woff.gz
- fontsource-grandstander/5.0.3/files/grandstander-latin-ext-500-italic.woff2
- fontsource-grandstander/5.0.3/files/grandstander-latin-ext-500-normal.woff.br
- fontsource-grandstander/5.0.3/files/grandstander-latin-ext-500-normal.woff.gz
- fontsource-grandstander/5.0.3/files/grandstander-latin-ext-500-normal.woff2
- fontsource-grandstander/5.0.3/files/grandstander-latin-ext-600-italic.woff.br
- fontsource-grandstander/5.0.3/files/grandstander-latin-ext-600-italic.woff.gz
- fontsource-grandstander/5.0.3/files/grandstander-latin-ext-600-italic.woff2
- fontsource-grandstander/5.0.3/files/grandstander-latin-ext-600-normal.woff.br
- fontsource-grandstander/5.0.3/files/grandstander-latin-ext-600-normal.woff.gz
- fontsource-grandstander/5.0.3/files/grandstander-latin-ext-600-normal.woff2
- fontsource-grandstander/5.0.3/files/grandstander-latin-ext-700-italic.woff.br
- fontsource-grandstander/5.0.3/files/grandstander-latin-ext-700-italic.woff.gz
- fontsource-grandstander/5.0.3/files/grandstander-latin-ext-700-italic.woff2
- fontsource-grandstander/5.0.3/files/grandstander-latin-ext-700-normal.woff.br
- fontsource-grandstander/5.0.3/files/grandstander-latin-ext-700-normal.woff.gz
- fontsource-grandstander/5.0.3/files/grandstander-latin-ext-700-normal.woff2
- fontsource-grandstander/5.0.3/files/grandstander-latin-ext-800-italic.woff.br
- fontsource-grandstander/5.0.3/files/grandstander-latin-ext-800-italic.woff.gz
- fontsource-grandstander/5.0.3/files/grandstander-latin-ext-800-italic.woff2
- fontsource-grandstander/5.0.3/files/grandstander-latin-ext-800-normal.woff.br
- fontsource-grandstander/5.0.3/files/grandstander-latin-ext-800-normal.woff.gz
- fontsource-grandstander/5.0.3/files/grandstander-latin-ext-800-normal.woff2
- fontsource-grandstander/5.0.3/files/grandstander-latin-ext-900-italic.woff.br
- fontsource-grandstander/5.0.3/files/grandstander-latin-ext-900-italic.woff.gz
- fontsource-grandstander/5.0.3/files/grandstander-latin-ext-900-italic.woff2
- fontsource-grandstander/5.0.3/files/grandstander-latin-ext-900-normal.woff.br
- fontsource-grandstander/5.0.3/files/grandstander-latin-ext-900-normal.woff.gz
- fontsource-grandstander/5.0.3/files/grandstander-latin-ext-900-normal.woff2
- fontsource-grandstander/5.0.3/files/grandstander-vietnamese-100-italic.woff.br
- fontsource-grandstander/5.0.3/files/grandstander-vietnamese-100-italic.woff.gz
- fontsource-grandstander/5.0.3/files/grandstander-vietnamese-100-italic.woff2
- fontsource-grandstander/5.0.3/files/grandstander-vietnamese-100-normal.woff.br
- fontsource-grandstander/5.0.3/files/grandstander-vietnamese-100-normal.woff.gz
- fontsource-grandstander/5.0.3/files/grandstander-vietnamese-100-normal.woff2
- fontsource-grandstander/5.0.3/files/grandstander-vietnamese-200-italic.woff.br
- fontsource-grandstander/5.0.3/files/grandstander-vietnamese-200-italic.woff.gz
- fontsource-grandstander/5.0.3/files/grandstander-vietnamese-200-italic.woff2
- fontsource-grandstander/5.0.3/files/grandstander-vietnamese-200-normal.woff.br
- fontsource-grandstander/5.0.3/files/grandstander-vietnamese-200-normal.woff.gz
- fontsource-grandstander/5.0.3/files/grandstander-vietnamese-200-normal.woff2
- fontsource-grandstander/5.0.3/files/grandstander-vietnamese-300-italic.woff.br
- fontsource-grandstander/5.0.3/files/grandstander-vietnamese-300-italic.woff.gz
- fontsource-grandstander/5.0.3/files/grandstander-vietnamese-300-italic.woff2
- fontsource-grandstander/5.0.3/files/grandstander-vietnamese-300-normal.woff.br
- fontsource-grandstander/5.0.3/files/grandstander-vietnamese-300-normal.woff.gz
- fontsource-grandstander/5.0.3/files/grandstander-vietnamese-300-normal.woff2
- fontsource-grandstander/5.0.3/files/grandstander-vietnamese-400-italic.woff.br
- fontsource-grandstander/5.0.3/files/grandstander-vietnamese-400-italic.woff.gz
- fontsource-grandstander/5.0.3/files/grandstander-vietnamese-400-italic.woff2
- fontsource-grandstander/5.0.3/files/grandstander-vietnamese-400-normal.woff.br
- fontsource-grandstander/5.0.3/files/grandstander-vietnamese-400-normal.woff.gz
- fontsource-grandstander/5.0.3/files/grandstander-vietnamese-400-normal.woff2
- fontsource-grandstander/5.0.3/files/grandstander-vietnamese-500-italic.woff.br
- fontsource-grandstander/5.0.3/files/grandstander-vietnamese-500-italic.woff.gz
- fontsource-grandstander/5.0.3/files/grandstander-vietnamese-500-italic.woff2
- fontsource-grandstander/5.0.3/files/grandstander-vietnamese-500-normal.woff.br
- fontsource-grandstander/5.0.3/files/grandstander-vietnamese-500-normal.woff.gz
- fontsource-grandstander/5.0.3/files/grandstander-vietnamese-500-normal.woff2
- fontsource-grandstander/5.0.3/files/grandstander-vietnamese-600-italic.woff.br
- fontsource-grandstander/5.0.3/files/grandstander-vietnamese-600-italic.woff.gz
- fontsource-grandstander/5.0.3/files/grandstander-vietnamese-600-italic.woff2
- fontsource-grandstander/5.0.3/files/grandstander-vietnamese-600-normal.woff.br
- fontsource-grandstander/5.0.3/files/grandstander-vietnamese-600-normal.woff.gz
- fontsource-grandstander/5.0.3/files/grandstander-vietnamese-600-normal.woff2
- fontsource-grandstander/5.0.3/files/grandstander-vietnamese-700-italic.woff.br
- fontsource-grandstander/5.0.3/files/grandstander-vietnamese-700-italic.woff.gz
- fontsource-grandstander/5.0.3/files/grandstander-vietnamese-700-italic.woff2
- fontsource-grandstander/5.0.3/files/grandstander-vietnamese-700-normal.woff.br
- fontsource-grandstander/5.0.3/files/grandstander-vietnamese-700-normal.woff.gz
- fontsource-grandstander/5.0.3/files/grandstander-vietnamese-700-normal.woff2
- fontsource-grandstander/5.0.3/files/grandstander-vietnamese-800-italic.woff.br
- fontsource-grandstander/5.0.3/files/grandstander-vietnamese-800-italic.woff.gz
- fontsource-grandstander/5.0.3/files/grandstander-vietnamese-800-italic.woff2
- fontsource-grandstander/5.0.3/files/grandstander-vietnamese-800-normal.woff.br
- fontsource-grandstander/5.0.3/files/grandstander-vietnamese-800-normal.woff.gz
- fontsource-grandstander/5.0.3/files/grandstander-vietnamese-800-normal.woff2
- fontsource-grandstander/5.0.3/files/grandstander-vietnamese-900-italic.woff.br
- fontsource-grandstander/5.0.3/files/grandstander-vietnamese-900-italic.woff.gz
- fontsource-grandstander/5.0.3/files/grandstander-vietnamese-900-italic.woff2
- fontsource-grandstander/5.0.3/files/grandstander-vietnamese-900-normal.woff.br
- fontsource-grandstander/5.0.3/files/grandstander-vietnamese-900-normal.woff.gz
- fontsource-grandstander/5.0.3/files/grandstander-vietnamese-900-normal.woff2
- fontsource-grandstander/5.0.3/index.css.br
- fontsource-grandstander/5.0.3/index.css.gz
- fontsource-grandstander/5.0.3/index.min.css.br
- fontsource-grandstander/5.0.3/index.min.css.gz
- fontsource-grandstander/5.0.3/latin-100-italic.css.br
- fontsource-grandstander/5.0.3/latin-100-italic.css.gz
- fontsource-grandstander/5.0.3/latin-100-italic.min.css.br
- fontsource-grandstander/5.0.3/latin-100-italic.min.css.gz
- fontsource-grandstander/5.0.3/latin-100.css.br
- fontsource-grandstander/5.0.3/latin-100.css.gz
- fontsource-grandstander/5.0.3/latin-100.min.css.br
- fontsource-grandstander/5.0.3/latin-100.min.css.gz
- fontsource-grandstander/5.0.3/latin-200-italic.css.br
- fontsource-grandstander/5.0.3/latin-200-italic.css.gz
- fontsource-grandstander/5.0.3/latin-200-italic.min.css.br
- fontsource-grandstander/5.0.3/latin-200-italic.min.css.gz
- fontsource-grandstander/5.0.3/latin-200.css.br
- fontsource-grandstander/5.0.3/latin-200.css.gz
- fontsource-grandstander/5.0.3/latin-200.min.css.br
- fontsource-grandstander/5.0.3/latin-200.min.css.gz
- fontsource-grandstander/5.0.3/latin-300-italic.css.br
- fontsource-grandstander/5.0.3/latin-300-italic.css.gz
- fontsource-grandstander/5.0.3/latin-300-italic.min.css.br
- fontsource-grandstander/5.0.3/latin-300-italic.min.css.gz
- fontsource-grandstander/5.0.3/latin-300.css.br
- fontsource-grandstander/5.0.3/latin-300.css.gz
- fontsource-grandstander/5.0.3/latin-300.min.css.br
- fontsource-grandstander/5.0.3/latin-300.min.css.gz
- fontsource-grandstander/5.0.3/latin-400-italic.css.br
- fontsource-grandstander/5.0.3/latin-400-italic.css.gz
- fontsource-grandstander/5.0.3/latin-400-italic.min.css.br
- fontsource-grandstander/5.0.3/latin-400-italic.min.css.gz
- fontsource-grandstander/5.0.3/latin-400.css.br
- fontsource-grandstander/5.0.3/latin-400.css.gz
- fontsource-grandstander/5.0.3/latin-400.min.css.br
- fontsource-grandstander/5.0.3/latin-400.min.css.gz
- fontsource-grandstander/5.0.3/latin-500-italic.css.br
- fontsource-grandstander/5.0.3/latin-500-italic.css.gz
- fontsource-grandstander/5.0.3/latin-500-italic.min.css.br
- fontsource-grandstander/5.0.3/latin-500-italic.min.css.gz
- fontsource-grandstander/5.0.3/latin-500.css.br
- fontsource-grandstander/5.0.3/latin-500.css.gz
- fontsource-grandstander/5.0.3/latin-500.min.css.br
- fontsource-grandstander/5.0.3/latin-500.min.css.gz
- fontsource-grandstander/5.0.3/latin-600-italic.css.br
- fontsource-grandstander/5.0.3/latin-600-italic.css.gz
- fontsource-grandstander/5.0.3/latin-600-italic.min.css.br
- fontsource-grandstander/5.0.3/latin-600-italic.min.css.gz
- fontsource-grandstander/5.0.3/latin-600.css.br
- fontsource-grandstander/5.0.3/latin-600.css.gz
- fontsource-grandstander/5.0.3/latin-600.min.css.br
- fontsource-grandstander/5.0.3/latin-600.min.css.gz
- fontsource-grandstander/5.0.3/latin-700-italic.css.br
- fontsource-grandstander/5.0.3/latin-700-italic.css.gz
- fontsource-grandstander/5.0.3/latin-700-italic.min.css.br
- fontsource-grandstander/5.0.3/latin-700-italic.min.css.gz
- fontsource-grandstander/5.0.3/latin-700.css.br
- fontsource-grandstander/5.0.3/latin-700.css.gz
- fontsource-grandstander/5.0.3/latin-700.min.css.br
- fontsource-grandstander/5.0.3/latin-700.min.css.gz
- fontsource-grandstander/5.0.3/latin-800-italic.css.br
- fontsource-grandstander/5.0.3/latin-800-italic.css.gz
- fontsource-grandstander/5.0.3/latin-800-italic.min.css.br
- fontsource-grandstander/5.0.3/latin-800-italic.min.css.gz
- fontsource-grandstander/5.0.3/latin-800.css.br
- fontsource-grandstander/5.0.3/latin-800.css.gz
- fontsource-grandstander/5.0.3/latin-800.min.css.br
- fontsource-grandstander/5.0.3/latin-800.min.css.gz
- fontsource-grandstander/5.0.3/latin-900-italic.css.br
- fontsource-grandstander/5.0.3/latin-900-italic.css.gz
- fontsource-grandstander/5.0.3/latin-900-italic.min.css.br
- fontsource-grandstander/5.0.3/latin-900-italic.min.css.gz
- fontsource-grandstander/5.0.3/latin-900.css.br
- fontsource-grandstander/5.0.3/latin-900.css.gz
- fontsource-grandstander/5.0.3/latin-900.min.css.br
- fontsource-grandstander/5.0.3/latin-900.min.css.gz
- fontsource-grandstander/5.0.3/latin-ext-100-italic.css.br
- fontsource-grandstander/5.0.3/latin-ext-100-italic.css.gz
- fontsource-grandstander/5.0.3/latin-ext-100-italic.min.css.br
- fontsource-grandstander/5.0.3/latin-ext-100-italic.min.css.gz
- fontsource-grandstander/5.0.3/latin-ext-100.css.br
- fontsource-grandstander/5.0.3/latin-ext-100.css.gz
- fontsource-grandstander/5.0.3/latin-ext-100.min.css.br
- fontsource-grandstander/5.0.3/latin-ext-100.min.css.gz
- fontsource-grandstander/5.0.3/latin-ext-200-italic.css.br
- fontsource-grandstander/5.0.3/latin-ext-200-italic.css.gz
- fontsource-grandstander/5.0.3/latin-ext-200-italic.min.css.br
- fontsource-grandstander/5.0.3/latin-ext-200-italic.min.css.gz
- fontsource-grandstander/5.0.3/latin-ext-200.css.br
- fontsource-grandstander/5.0.3/latin-ext-200.css.gz
- fontsource-grandstander/5.0.3/latin-ext-200.min.css.br
- fontsource-grandstander/5.0.3/latin-ext-200.min.css.gz
- fontsource-grandstander/5.0.3/latin-ext-300-italic.css.br
- fontsource-grandstander/5.0.3/latin-ext-300-italic.css.gz
- fontsource-grandstander/5.0.3/latin-ext-300-italic.min.css.br
- fontsource-grandstander/5.0.3/latin-ext-300-italic.min.css.gz
- fontsource-grandstander/5.0.3/latin-ext-300.css.br
- fontsource-grandstander/5.0.3/latin-ext-300.css.gz
- fontsource-grandstander/5.0.3/latin-ext-300.min.css.br
- fontsource-grandstander/5.0.3/latin-ext-300.min.css.gz
- fontsource-grandstander/5.0.3/latin-ext-400-italic.css.br
- fontsource-grandstander/5.0.3/latin-ext-400-italic.css.gz
- fontsource-grandstander/5.0.3/latin-ext-400-italic.min.css.br
- fontsource-grandstander/5.0.3/latin-ext-400-italic.min.css.gz
- fontsource-grandstander/5.0.3/latin-ext-400.css.br
- fontsource-grandstander/5.0.3/latin-ext-400.css.gz
- fontsource-grandstander/5.0.3/latin-ext-400.min.css.br
- fontsource-grandstander/5.0.3/latin-ext-400.min.css.gz
- fontsource-grandstander/5.0.3/latin-ext-500-italic.css.br
- fontsource-grandstander/5.0.3/latin-ext-500-italic.css.gz
- fontsource-grandstander/5.0.3/latin-ext-500-italic.min.css.br
- fontsource-grandstander/5.0.3/latin-ext-500-italic.min.css.gz
- fontsource-grandstander/5.0.3/latin-ext-500.css.br
- fontsource-grandstander/5.0.3/latin-ext-500.css.gz
- fontsource-grandstander/5.0.3/latin-ext-500.min.css.br
- fontsource-grandstander/5.0.3/latin-ext-500.min.css.gz
- fontsource-grandstander/5.0.3/latin-ext-600-italic.css.br
- fontsource-grandstander/5.0.3/latin-ext-600-italic.css.gz
- fontsource-grandstander/5.0.3/latin-ext-600-italic.min.css.br
- fontsource-grandstander/5.0.3/latin-ext-600-italic.min.css.gz
- fontsource-grandstander/5.0.3/latin-ext-600.css.br
- fontsource-grandstander/5.0.3/latin-ext-600.css.gz
- fontsource-grandstander/5.0.3/latin-ext-600.min.css.br
- fontsource-grandstander/5.0.3/latin-ext-600.min.css.gz
- fontsource-grandstander/5.0.3/latin-ext-700-italic.css.br
- fontsource-grandstander/5.0.3/latin-ext-700-italic.css.gz
- fontsource-grandstander/5.0.3/latin-ext-700-italic.min.css.br
- fontsource-grandstander/5.0.3/latin-ext-700-italic.min.css.gz
- fontsource-grandstander/5.0.3/latin-ext-700.css.br
- fontsource-grandstander/5.0.3/latin-ext-700.css.gz
- fontsource-grandstander/5.0.3/latin-ext-700.min.css.br
- fontsource-grandstander/5.0.3/latin-ext-700.min.css.gz
- fontsource-grandstander/5.0.3/latin-ext-800-italic.css.br
- fontsource-grandstander/5.0.3/latin-ext-800-italic.css.gz
- fontsource-grandstander/5.0.3/latin-ext-800-italic.min.css.br
- fontsource-grandstander/5.0.3/latin-ext-800-italic.min.css.gz
- fontsource-grandstander/5.0.3/latin-ext-800.css.br
- fontsource-grandstander/5.0.3/latin-ext-800.css.gz
- fontsource-grandstander/5.0.3/latin-ext-800.min.css.br
- fontsource-grandstander/5.0.3/latin-ext-800.min.css.gz
- fontsource-grandstander/5.0.3/latin-ext-900-italic.css.br
- fontsource-grandstander/5.0.3/latin-ext-900-italic.css.gz
- fontsource-grandstander/5.0.3/latin-ext-900-italic.min.css.br
- fontsource-grandstander/5.0.3/latin-ext-900-italic.min.css.gz
- fontsource-grandstander/5.0.3/latin-ext-900.css.br
- fontsource-grandstander/5.0.3/latin-ext-900.css.gz
- fontsource-grandstander/5.0.3/latin-ext-900.min.css.br
- fontsource-grandstander/5.0.3/latin-ext-900.min.css.gz
- fontsource-grandstander/5.0.3/latin-ext-italic.css.br
- fontsource-grandstander/5.0.3/latin-ext-italic.css.gz
- fontsource-grandstander/5.0.3/latin-ext-italic.min.css.br
- fontsource-grandstander/5.0.3/latin-ext-italic.min.css.gz
- fontsource-grandstander/5.0.3/latin-ext.css.br
- fontsource-grandstander/5.0.3/latin-ext.css.gz
- fontsource-grandstander/5.0.3/latin-ext.min.css.br
- fontsource-grandstander/5.0.3/latin-ext.min.css.gz
- fontsource-grandstander/5.0.3/latin-italic.css.br
- fontsource-grandstander/5.0.3/latin-italic.css.gz
- fontsource-grandstander/5.0.3/latin-italic.min.css.br
- fontsource-grandstander/5.0.3/latin-italic.min.css.gz
- fontsource-grandstander/5.0.3/latin.css.br
- fontsource-grandstander/5.0.3/latin.css.gz
- fontsource-grandstander/5.0.3/latin.min.css.br
- fontsource-grandstander/5.0.3/latin.min.css.gz
- fontsource-grandstander/5.0.3/vietnamese-100-italic.css.br
- fontsource-grandstander/5.0.3/vietnamese-100-italic.css.gz
- fontsource-grandstander/5.0.3/vietnamese-100-italic.min.css.br
- fontsource-grandstander/5.0.3/vietnamese-100-italic.min.css.gz
- fontsource-grandstander/5.0.3/vietnamese-100.css.br
- fontsource-grandstander/5.0.3/vietnamese-100.css.gz
- fontsource-grandstander/5.0.3/vietnamese-100.min.css.br
- fontsource-grandstander/5.0.3/vietnamese-100.min.css.gz
- fontsource-grandstander/5.0.3/vietnamese-200-italic.css.br
- fontsource-grandstander/5.0.3/vietnamese-200-italic.css.gz
- fontsource-grandstander/5.0.3/vietnamese-200-italic.min.css.br
- fontsource-grandstander/5.0.3/vietnamese-200-italic.min.css.gz
- fontsource-grandstander/5.0.3/vietnamese-200.css.br
- fontsource-grandstander/5.0.3/vietnamese-200.css.gz
- fontsource-grandstander/5.0.3/vietnamese-200.min.css.br
- fontsource-grandstander/5.0.3/vietnamese-200.min.css.gz
- fontsource-grandstander/5.0.3/vietnamese-300-italic.css.br
- fontsource-grandstander/5.0.3/vietnamese-300-italic.css.gz
- fontsource-grandstander/5.0.3/vietnamese-300-italic.min.css.br
- fontsource-grandstander/5.0.3/vietnamese-300-italic.min.css.gz
- fontsource-grandstander/5.0.3/vietnamese-300.css.br
- fontsource-grandstander/5.0.3/vietnamese-300.css.gz
- fontsource-grandstander/5.0.3/vietnamese-300.min.css.br
- fontsource-grandstander/5.0.3/vietnamese-300.min.css.gz
- fontsource-grandstander/5.0.3/vietnamese-400-italic.css.br
- fontsource-grandstander/5.0.3/vietnamese-400-italic.css.gz
- fontsource-grandstander/5.0.3/vietnamese-400-italic.min.css.br
- fontsource-grandstander/5.0.3/vietnamese-400-italic.min.css.gz
- fontsource-grandstander/5.0.3/vietnamese-400.css.br
- fontsource-grandstander/5.0.3/vietnamese-400.css.gz
- fontsource-grandstander/5.0.3/vietnamese-400.min.css.br
- fontsource-grandstander/5.0.3/vietnamese-400.min.css.gz
- fontsource-grandstander/5.0.3/vietnamese-500-italic.css.br
- fontsource-grandstander/5.0.3/vietnamese-500-italic.css.gz
- fontsource-grandstander/5.0.3/vietnamese-500-italic.min.css.br
- fontsource-grandstander/5.0.3/vietnamese-500-italic.min.css.gz
- fontsource-grandstander/5.0.3/vietnamese-500.css.br
- fontsource-grandstander/5.0.3/vietnamese-500.css.gz
- fontsource-grandstander/5.0.3/vietnamese-500.min.css.br
- fontsource-grandstander/5.0.3/vietnamese-500.min.css.gz
- fontsource-grandstander/5.0.3/vietnamese-600-italic.css.br
- fontsource-grandstander/5.0.3/vietnamese-600-italic.css.gz
- fontsource-grandstander/5.0.3/vietnamese-600-italic.min.css.br
- fontsource-grandstander/5.0.3/vietnamese-600-italic.min.css.gz
- fontsource-grandstander/5.0.3/vietnamese-600.css.br
- fontsource-grandstander/5.0.3/vietnamese-600.css.gz
- fontsource-grandstander/5.0.3/vietnamese-600.min.css.br
- fontsource-grandstander/5.0.3/vietnamese-600.min.css.gz
- fontsource-grandstander/5.0.3/vietnamese-700-italic.css.br
- fontsource-grandstander/5.0.3/vietnamese-700-italic.css.gz
- fontsource-grandstander/5.0.3/vietnamese-700-italic.min.css.br
- fontsource-grandstander/5.0.3/vietnamese-700-italic.min.css.gz
- fontsource-grandstander/5.0.3/vietnamese-700.css.br
- fontsource-grandstander/5.0.3/vietnamese-700.css.gz
- fontsource-grandstander/5.0.3/vietnamese-700.min.css.br
- fontsource-grandstander/5.0.3/vietnamese-700.min.css.gz
- fontsource-grandstander/5.0.3/vietnamese-800-italic.css.br
- fontsource-grandstander/5.0.3/vietnamese-800-italic.css.gz
- fontsource-grandstander/5.0.3/vietnamese-800-italic.min.css.br
- fontsource-grandstander/5.0.3/vietnamese-800-italic.min.css.gz
- fontsource-grandstander/5.0.3/vietnamese-800.css.br
- fontsource-grandstander/5.0.3/vietnamese-800.css.gz
- fontsource-grandstander/5.0.3/vietnamese-800.min.css.br
- fontsource-grandstander/5.0.3/vietnamese-800.min.css.gz
- fontsource-grandstander/5.0.3/vietnamese-900-italic.css.br
- fontsource-grandstander/5.0.3/vietnamese-900-italic.css.gz
- fontsource-grandstander/5.0.3/vietnamese-900-italic.min.css.br
- fontsource-grandstander/5.0.3/vietnamese-900-italic.min.css.gz
- fontsource-grandstander/5.0.3/vietnamese-900.css.br
- fontsource-grandstander/5.0.3/vietnamese-900.css.gz
- fontsource-grandstander/5.0.3/vietnamese-900.min.css.br
- fontsource-grandstander/5.0.3/vietnamese-900.min.css.gz
- fontsource-grandstander/5.0.3/vietnamese-italic.css.br
- fontsource-grandstander/5.0.3/vietnamese-italic.css.gz
- fontsource-grandstander/5.0.3/vietnamese-italic.min.css.br
- fontsource-grandstander/5.0.3/vietnamese-italic.min.css.gz
- fontsource-grandstander/5.0.3/vietnamese.css.br
- fontsource-grandstander/5.0.3/vietnamese.css.gz
- fontsource-grandstander/5.0.3/vietnamese.min.css.br
- fontsource-grandstander/5.0.3/vietnamese.min.css.gz
