Files:
- fontsource-expletus-sans/5.0.11/400-italic.css.gz
- fontsource-expletus-sans/5.0.11/400-italic.min.css.gz
- fontsource-expletus-sans/5.0.11/400.css.gz
- fontsource-expletus-sans/5.0.11/400.min.css.gz
- fontsource-expletus-sans/5.0.11/500-italic.css.gz
- fontsource-expletus-sans/5.0.11/500-italic.min.css.gz
- fontsource-expletus-sans/5.0.11/500.css.gz
- fontsource-expletus-sans/5.0.11/500.min.css.gz
- fontsource-expletus-sans/5.0.11/600-italic.css.gz
- fontsource-expletus-sans/5.0.11/600-italic.min.css.gz
- fontsource-expletus-sans/5.0.11/600.css.gz
- fontsource-expletus-sans/5.0.11/600.min.css.gz
- fontsource-expletus-sans/5.0.11/700-italic.css.gz
- fontsource-expletus-sans/5.0.11/700-italic.min.css.gz
- fontsource-expletus-sans/5.0.11/700.css.gz
- fontsource-expletus-sans/5.0.11/700.min.css.gz
- fontsource-expletus-sans/5.0.11/files/expletus-sans-latin-400-italic.woff.gz
- fontsource-expletus-sans/5.0.11/files/expletus-sans-latin-400-normal.woff.gz
- fontsource-expletus-sans/5.0.11/files/expletus-sans-latin-500-italic.woff.gz
- fontsource-expletus-sans/5.0.11/files/expletus-sans-latin-500-normal.woff.gz
- fontsource-expletus-sans/5.0.11/files/expletus-sans-latin-600-italic.woff.gz
- fontsource-expletus-sans/5.0.11/files/expletus-sans-latin-600-normal.woff.gz
- fontsource-expletus-sans/5.0.11/files/expletus-sans-latin-700-italic.woff.gz
- fontsource-expletus-sans/5.0.11/files/expletus-sans-latin-700-normal.woff.gz
- fontsource-expletus-sans/5.0.11/files/expletus-sans-latin-ext-400-italic.woff.gz
- fontsource-expletus-sans/5.0.11/files/expletus-sans-latin-ext-400-normal.woff.gz
- fontsource-expletus-sans/5.0.11/files/expletus-sans-latin-ext-500-italic.woff.gz
- fontsource-expletus-sans/5.0.11/files/expletus-sans-latin-ext-500-normal.woff.gz
- fontsource-expletus-sans/5.0.11/files/expletus-sans-latin-ext-600-italic.woff.gz
- fontsource-expletus-sans/5.0.11/files/expletus-sans-latin-ext-600-normal.woff.gz
- fontsource-expletus-sans/5.0.11/files/expletus-sans-latin-ext-700-italic.woff.gz
- fontsource-expletus-sans/5.0.11/files/expletus-sans-latin-ext-700-normal.woff.gz
- fontsource-expletus-sans/5.0.11/index.css.gz
- fontsource-expletus-sans/5.0.11/index.min.css.gz
- fontsource-expletus-sans/5.0.11/latin-400-italic.css.gz
- fontsource-expletus-sans/5.0.11/latin-400-italic.min.css.gz
- fontsource-expletus-sans/5.0.11/latin-400.css.gz
- fontsource-expletus-sans/5.0.11/latin-400.min.css.gz
- fontsource-expletus-sans/5.0.11/latin-500-italic.css.gz
- fontsource-expletus-sans/5.0.11/latin-500-italic.min.css.gz
- fontsource-expletus-sans/5.0.11/latin-500.css.gz
- fontsource-expletus-sans/5.0.11/latin-500.min.css.gz
- fontsource-expletus-sans/5.0.11/latin-600-italic.css.gz
- fontsource-expletus-sans/5.0.11/latin-600-italic.min.css.gz
- fontsource-expletus-sans/5.0.11/latin-600.css.gz
- fontsource-expletus-sans/5.0.11/latin-600.min.css.gz
- fontsource-expletus-sans/5.0.11/latin-700-italic.css.gz
- fontsource-expletus-sans/5.0.11/latin-700-italic.min.css.gz
- fontsource-expletus-sans/5.0.11/latin-700.css.gz
- fontsource-expletus-sans/5.0.11/latin-700.min.css.gz
- fontsource-expletus-sans/5.0.11/latin-ext-400-italic.css.gz
- fontsource-expletus-sans/5.0.11/latin-ext-400-italic.min.css.gz
- fontsource-expletus-sans/5.0.11/latin-ext-400.css.gz
- fontsource-expletus-sans/5.0.11/latin-ext-400.min.css.gz
- fontsource-expletus-sans/5.0.11/latin-ext-500-italic.css.gz
- fontsource-expletus-sans/5.0.11/latin-ext-500-italic.min.css.gz
- fontsource-expletus-sans/5.0.11/latin-ext-500.css.gz
- fontsource-expletus-sans/5.0.11/latin-ext-500.min.css.gz
- fontsource-expletus-sans/5.0.11/latin-ext-600-italic.css.gz
- fontsource-expletus-sans/5.0.11/latin-ext-600-italic.min.css.gz
- fontsource-expletus-sans/5.0.11/latin-ext-600.css.gz
- fontsource-expletus-sans/5.0.11/latin-ext-600.min.css.gz
- fontsource-expletus-sans/5.0.11/latin-ext-700-italic.css.gz
- fontsource-expletus-sans/5.0.11/latin-ext-700-italic.min.css.gz
- fontsource-expletus-sans/5.0.11/latin-ext-700.css.gz
- fontsource-expletus-sans/5.0.11/latin-ext-700.min.css.gz
- fontsource-expletus-sans/5.0.11/latin-ext-italic.css.gz
- fontsource-expletus-sans/5.0.11/latin-ext-italic.min.css.gz
- fontsource-expletus-sans/5.0.11/latin-ext.css.gz
- fontsource-expletus-sans/5.0.11/latin-ext.min.css.gz
- fontsource-expletus-sans/5.0.11/latin-italic.css.gz
- fontsource-expletus-sans/5.0.11/latin-italic.min.css.gz
- fontsource-expletus-sans/5.0.11/latin.css.gz
- fontsource-expletus-sans/5.0.11/latin.min.css.gz
