config: {"authors":[{"name":"Pouya Saadeghi"}],"autoupdate":{"source":"npm","target":"daisyui","fileMap":[{"basePath":"dist","files":["*.css"]}]},"description":"Tailwind CSS Components","filename":"full.css","homepage":"https://daisyui.com/","keywords":["design-system","tailwindcss","components","ui-library","component","framework","tailwind","theming","postcss","design","css","ui"],"license":"MIT","name":"daisyui","repository":{"type":"git","url":"https://github.com/saadeghi/daisyui.git"},"author":"Pouya Saadeghi"}
KV keys:
- daisyui/2.29.0/full.css.br
- daisyui/2.29.0/full.css.gz
- daisyui/2.29.0/full.min.css.br
- daisyui/2.29.0/full.min.css.gz
- daisyui/2.29.0/styled.css.br
- daisyui/2.29.0/styled.css.gz
- daisyui/2.29.0/styled.min.css.br
- daisyui/2.29.0/styled.min.css.gz
- daisyui/2.29.0/themes.css.br
- daisyui/2.29.0/themes.css.gz
- daisyui/2.29.0/themes.min.css.br
- daisyui/2.29.0/themes.min.css.gz
- daisyui/2.29.0/unstyled.css.br
- daisyui/2.29.0/unstyled.css.gz
- daisyui/2.29.0/unstyled.min.css.br
- daisyui/2.29.0/unstyled.min.css.gz
SRIs:
- daisyui/2.29.0/full.min.css: sha512-HIBKFMRXyO/DXI/ecqD0fexfX4G8q+3GzJs8J6VPU0dkg1mc/rsPJ6xuyai2dwkd5Z/kKOgEvldKF7oMU95D9g==
- daisyui/2.29.0/styled.css: sha512-DdmErYw+dcRmFvFqt4l2j+qjoef1yNlR/0l7iJLGB5z7Q+ZSEwvA9zUau11YjAQ1awUe4aGOhfvuwRE4LvRAAA==
- daisyui/2.29.0/styled.min.css: sha512-BMUb13qjFr2RoYr3OoW5jkxkdOIKgONXBvUe5FRLVyAgGOU0Mk0osJS3U3RgARXTIUsDuxAbS5HtbkLU2v/M7w==
- daisyui/2.29.0/themes.css: sha512-026hTlGHceT/SNe+nC70RzCdjBpwCMKCm8bswolHu+gWuLdHwGf1uuMDHBTf8+wzQzMHRpYY5AhERDH025TsKA==
- daisyui/2.29.0/themes.min.css: sha512-/g0zZvEkZtSRP2k2TwKh5zBi8VelGW0qRuBUL/9xsV0jPZ1rwPzSGl464FRsgWHVjVm3lOQzVZvqUtDiXvu4TA==
- daisyui/2.29.0/unstyled.css: sha512-zGgGfK6bRAjXgaWuOTHri7gRhksUO9dy+3xjrZOkz5mDaLaZ4+b75FGyOjWqu8Rh9tsIUE5XzZyGoEGnB70FCQ==
- daisyui/2.29.0/unstyled.min.css: sha512-i2TiUNsAferCa9LVoJvkb5X+1I+f8sk78J1cUI/lp5y8Wn89DS4X4YjKvehZnWm5C2HGbvEyrGjmDsEBY5oVbA==
- daisyui/2.29.0/full.css: sha512-nuqzg/RdXLloL27zqa/mlV4XzYnYGp5OzEVbhI4Kvr/vJxn6nZrwmHF/Xh445lijew70r2xtjcqoq0DikzzMdQ==
