config: {"authors":[{"name":"Fuel Labs","email":"contact@fuel.sh","url":"https://fuel.network/"}],"autoupdate":{"source":"npm","target":"fuels","fileMap":[{"basePath":"dist","files":["*.js"]}]},"description":"Fuel TS SDK","filename":"index.js","homepage":"https://fuellabs.github.io/fuels-ts/","keywords":["ethereum","fuels","fuel-vm","sway","typescript"],"license":"Apache-2.0","name":"fuels","repository":{"type":"git","url":"git://github.com/FuelLabs/fuels-ts.git"},"author":"Fuel Labs \u003ccontact@fuel.sh\u003e (https://fuel.network/)"}
KV keys:
- fuels/0.0.0-next-20231212131246/bin.global.js.br
- fuels/0.0.0-next-20231212131246/bin.global.js.gz
- fuels/0.0.0-next-20231212131246/bin.global.min.js.br
- fuels/0.0.0-next-20231212131246/bin.global.min.js.gz
- fuels/0.0.0-next-20231212131246/bin.js.br
- fuels/0.0.0-next-20231212131246/bin.js.gz
- fuels/0.0.0-next-20231212131246/bin.min.js.br
- fuels/0.0.0-next-20231212131246/bin.min.js.gz
- fuels/0.0.0-next-20231212131246/cli.global.js.br
- fuels/0.0.0-next-20231212131246/cli.global.js.gz
- fuels/0.0.0-next-20231212131246/cli.global.min.js.br
- fuels/0.0.0-next-20231212131246/cli.global.min.js.gz
- fuels/0.0.0-next-20231212131246/cli.js.br
- fuels/0.0.0-next-20231212131246/cli.js.gz
- fuels/0.0.0-next-20231212131246/cli.min.js.br
- fuels/0.0.0-next-20231212131246/cli.min.js.gz
- fuels/0.0.0-next-20231212131246/index.global.js.br
- fuels/0.0.0-next-20231212131246/index.global.js.gz
- fuels/0.0.0-next-20231212131246/index.global.min.js.br
- fuels/0.0.0-next-20231212131246/index.global.min.js.gz
- fuels/0.0.0-next-20231212131246/index.js.br
- fuels/0.0.0-next-20231212131246/index.js.gz
- fuels/0.0.0-next-20231212131246/index.min.js.br
- fuels/0.0.0-next-20231212131246/index.min.js.gz
SRIs:
- fuels/0.0.0-next-20231212131246/bin.global.js: sha512-pRH8hcJHbtnPPPZplycgU4T9/nhBK00UtWxFVWZYBqaumgR890C8Cs8KNe3JkXbAljELlwUtMOE7SuP0+ilmAA==
- fuels/0.0.0-next-20231212131246/bin.min.js: sha512-NgAvm//0LSc5yRePSggRCs+OOrn2f6TPMYmvGLBLclbS9AStxIM9ttW1IETTIMw2LufYBVNGyogH0MXlWFCuig==
- fuels/0.0.0-next-20231212131246/cli.global.min.js: sha512-D8mLw5eHm/MJJ90HihnRZ3DSs6kJsdkvMHYd1x3TsTy/Nj2o1SIL6lZs79C+K7WnYFI+6rDl/rdEU5etLQ0/zA==
- fuels/0.0.0-next-20231212131246/cli.js: sha512-IC+iAeAAvlJrh88gp4GRpkQoSS2//DftKDlbMzXAT3l1pdvF5y5+yJjMoKlZeOjp0otDLRdWIMLXtfiiCYsElw==
- fuels/0.0.0-next-20231212131246/cli.min.js: sha512-hQ6iV9PRlMVZVVzsVnjOZh5Un/4KND4zAfHs1rLxJDFOgtLui76/CBDtAY94VMVMuOelZeixTssF1NzUPyJ4xg==
- fuels/0.0.0-next-20231212131246/index.js: sha512-DWe6draiaHSsc8enLp09kpQc6snAArL9eGDJ9xdpr/jJqXAqSIzj2BaF9rh+FnBEqkWyAm3TtDxn2cqw8uptdQ==
- fuels/0.0.0-next-20231212131246/index.min.js: sha512-Hxak1YT/bEO/Yq+s5oSMePu1FoK2TyIJRxJSyzukBHQI5ovF5DvOljqmOZUNRnfGp++wfVrZ1ybdDXyFmbapMQ==
- fuels/0.0.0-next-20231212131246/bin.global.min.js: sha512-YqUaBIqh0iTHIr/2bUCpdnp0P5eHhu4HUx+oitzI/p4Ro5TQ9Nz3pOI7vQpG4BhOMJrtATvZoqLAXxxzFxDb5g==
- fuels/0.0.0-next-20231212131246/bin.js: sha512-TEmIdSa4YUYXmPvenQBpD9t3mYQwLtE7a1WpY49O/jqlx6b039JMuLFaPJLJ0pzHuEfdHlwDD9i/lVzcyGr81g==
- fuels/0.0.0-next-20231212131246/cli.global.js: sha512-P9leNuwQssCEsxU6V4NUn3Rh9D1vv/IeF94/MiJLBrXiNVtHo7sgPV/E88gXYz8esT19qSiMBLoauHBq6r4qrQ==
- fuels/0.0.0-next-20231212131246/index.global.js: sha512-3qLn6/emr0EUzdUQe3p3oHU5Ti9o9+SMAuy5F6i+eD4qnE9CrBtnr04uvmww5/H3puSO6VdV5vmjlAfBarv8vA==
- fuels/0.0.0-next-20231212131246/index.global.min.js: sha512-3UbooJHS1UonY9K0hjn+3C2ufO9cHy5u4Lpau+m+Ux9mN0xaTAj1AAOLjbK7cSXw0SwnusuILO0Trd9+Fdlpvw==
