config: {"authors":[{"name":"Guillaume du Pontavice","email":"g.du.pontavice@gmail.com"}],"autoupdate":{"source":"npm","target":"hls.js","fileMap":[{"basePath":"dist","files":["**/!(*-demo.*)"]}],"ignoreVersions":["*-canary.*"]},"description":"JavaScript HLS client using MediaSourceExtension","filename":"hls.min.js","homepage":"https://hls-js.netlify.com/demo/","keywords":["hls.js","video","streaming","mediasource","player"],"license":"Apache-2.0","name":"hls.js","repository":{"type":"git","url":"git://github.com/video-dev/hls.js"},"author":"Guillaume du Pontavice \u003cg.du.pontavice@gmail.com\u003e"}
KV keys:
- hls.js/1.5.14-0.canary.10505/hls.js.br
- hls.js/1.5.14-0.canary.10505/hls.js.d.ts.br
- hls.js/1.5.14-0.canary.10505/hls.js.d.ts.gz
- hls.js/1.5.14-0.canary.10505/hls.js.gz
- hls.js/1.5.14-0.canary.10505/hls.js.map.br
- hls.js/1.5.14-0.canary.10505/hls.js.map.gz
- hls.js/1.5.14-0.canary.10505/hls.light.js.br
- hls.js/1.5.14-0.canary.10505/hls.light.js.gz
- hls.js/1.5.14-0.canary.10505/hls.light.js.map.br
- hls.js/1.5.14-0.canary.10505/hls.light.js.map.gz
- hls.js/1.5.14-0.canary.10505/hls.light.min.js.br
- hls.js/1.5.14-0.canary.10505/hls.light.min.js.gz
- hls.js/1.5.14-0.canary.10505/hls.light.min.js.map.br
- hls.js/1.5.14-0.canary.10505/hls.light.min.js.map.gz
- hls.js/1.5.14-0.canary.10505/hls.light.mjs.br
- hls.js/1.5.14-0.canary.10505/hls.light.mjs.gz
- hls.js/1.5.14-0.canary.10505/hls.light.mjs.map.br
- hls.js/1.5.14-0.canary.10505/hls.light.mjs.map.gz
- hls.js/1.5.14-0.canary.10505/hls.min.js.br
- hls.js/1.5.14-0.canary.10505/hls.min.js.gz
- hls.js/1.5.14-0.canary.10505/hls.min.js.map.br
- hls.js/1.5.14-0.canary.10505/hls.min.js.map.gz
- hls.js/1.5.14-0.canary.10505/hls.mjs.br
- hls.js/1.5.14-0.canary.10505/hls.mjs.gz
- hls.js/1.5.14-0.canary.10505/hls.mjs.map.br
- hls.js/1.5.14-0.canary.10505/hls.mjs.map.gz
- hls.js/1.5.14-0.canary.10505/hls.worker.js.br
- hls.js/1.5.14-0.canary.10505/hls.worker.js.gz
- hls.js/1.5.14-0.canary.10505/hls.worker.js.map.br
- hls.js/1.5.14-0.canary.10505/hls.worker.js.map.gz
- hls.js/1.5.14-0.canary.10505/hls.worker.min.js.br
- hls.js/1.5.14-0.canary.10505/hls.worker.min.js.gz
SRIs:
- hls.js/1.5.14-0.canary.10505/hls.worker.js: sha512-eDKDg+p6baKgwRNXVNnbphca7zNAVenGWg/gn1WUHKBDdnABY5LyycWSGnfNUirrm/cIli2rva690kfJx60Mag==
- hls.js/1.5.14-0.canary.10505/hls.worker.min.js: sha512-Dj3O/w7b56LILwT+IYsV4OMk2df5TBj1On7yNYHQSUKASxLYs7Uu87+NaeNzWg1unZulGfHLkJ2f/2URfe/LTA==
- hls.js/1.5.14-0.canary.10505/hls.js: sha512-5QUQZA3ZA32nUQIrfvyxhJIuSw3W4HgYtWKqSMwsf2YjWetmwm+zfqaaRJmBItLlUsNvh0wmWpx18fUso/Hy2A==
- hls.js/1.5.14-0.canary.10505/hls.light.js: sha512-MxqC5xiOncsPitNjpn1oEokqPR/klQoKh7unZcSh+KhTae60aZ5ruOL2V+p7lNhAaUuHyMb7+h6joylz3EIhJw==
- hls.js/1.5.14-0.canary.10505/hls.light.min.js: sha512-LGLe80WSecS0eopkGqz38SNs3qeUHQ1m1O6LJmBcSI1Ol46nm2JZV5nvYC3dGzY9cGbttFDZSKuj16yDE47UUQ==
- hls.js/1.5.14-0.canary.10505/hls.min.js: sha512-lze6n70MjocHMS7hubrgBQ+kVOh409V8g355dGsQ8n5daRAKrTgDdoS/HcdXfxF2McO8TdZYohgosG9Ngat4hA==
