config: {"authors":[{"name":"Facebook"}],"autoupdate":{"source":"npm","target":"react-dom","fileMap":[{"basePath":"dist","files":["**/*"]},{"basePath":"","files":["+(cjs|umd)/**/*"]}],"ignoreVersions":["*-alpha.*[a-z]*","0.0.0-*"]},"description":"The entry point of the DOM-related rendering paths. It is intended to be paired with the isomorphic React, which is shipped as react to npm.","filename":"umd/react-dom.production.min.js","homepage":"https://facebook.github.io/react/","keywords":["react","jsx","transformer","view","dom","server"],"license":"MIT","name":"react-dom","repository":{"type":"git","url":"https://github.com/facebook/react"},"author":"Facebook"}
KV keys:
- react-dom/18.0.0-rc.0-next-64223fed8-20220210/cjs/react-dom-server-legacy.browser.development.js.br
- react-dom/18.0.0-rc.0-next-64223fed8-20220210/cjs/react-dom-server-legacy.browser.development.js.gz
- react-dom/18.0.0-rc.0-next-64223fed8-20220210/cjs/react-dom-server-legacy.browser.development.min.js.br
- react-dom/18.0.0-rc.0-next-64223fed8-20220210/cjs/react-dom-server-legacy.browser.development.min.js.gz
- react-dom/18.0.0-rc.0-next-64223fed8-20220210/cjs/react-dom-server-legacy.browser.production.min.js.br
- react-dom/18.0.0-rc.0-next-64223fed8-20220210/cjs/react-dom-server-legacy.browser.production.min.js.gz
- react-dom/18.0.0-rc.0-next-64223fed8-20220210/cjs/react-dom-server-legacy.node.development.js.br
- react-dom/18.0.0-rc.0-next-64223fed8-20220210/cjs/react-dom-server-legacy.node.development.js.gz
- react-dom/18.0.0-rc.0-next-64223fed8-20220210/cjs/react-dom-server-legacy.node.development.min.js.br
- react-dom/18.0.0-rc.0-next-64223fed8-20220210/cjs/react-dom-server-legacy.node.development.min.js.gz
- react-dom/18.0.0-rc.0-next-64223fed8-20220210/cjs/react-dom-server-legacy.node.production.min.js.br
- react-dom/18.0.0-rc.0-next-64223fed8-20220210/cjs/react-dom-server-legacy.node.production.min.js.gz
- react-dom/18.0.0-rc.0-next-64223fed8-20220210/cjs/react-dom-server.browser.development.js.br
- react-dom/18.0.0-rc.0-next-64223fed8-20220210/cjs/react-dom-server.browser.development.js.gz
- react-dom/18.0.0-rc.0-next-64223fed8-20220210/cjs/react-dom-server.browser.development.min.js.br
- react-dom/18.0.0-rc.0-next-64223fed8-20220210/cjs/react-dom-server.browser.development.min.js.gz
- react-dom/18.0.0-rc.0-next-64223fed8-20220210/cjs/react-dom-server.browser.production.min.js.br
- react-dom/18.0.0-rc.0-next-64223fed8-20220210/cjs/react-dom-server.browser.production.min.js.gz
- react-dom/18.0.0-rc.0-next-64223fed8-20220210/cjs/react-dom-server.node.development.js.br
- react-dom/18.0.0-rc.0-next-64223fed8-20220210/cjs/react-dom-server.node.development.js.gz
- react-dom/18.0.0-rc.0-next-64223fed8-20220210/cjs/react-dom-server.node.development.min.js.br
- react-dom/18.0.0-rc.0-next-64223fed8-20220210/cjs/react-dom-server.node.development.min.js.gz
- react-dom/18.0.0-rc.0-next-64223fed8-20220210/cjs/react-dom-server.node.production.min.js.br
- react-dom/18.0.0-rc.0-next-64223fed8-20220210/cjs/react-dom-server.node.production.min.js.gz
- react-dom/18.0.0-rc.0-next-64223fed8-20220210/cjs/react-dom-test-utils.development.js.br
- react-dom/18.0.0-rc.0-next-64223fed8-20220210/cjs/react-dom-test-utils.development.js.gz
- react-dom/18.0.0-rc.0-next-64223fed8-20220210/cjs/react-dom-test-utils.development.min.js.br
- react-dom/18.0.0-rc.0-next-64223fed8-20220210/cjs/react-dom-test-utils.development.min.js.gz
- react-dom/18.0.0-rc.0-next-64223fed8-20220210/cjs/react-dom-test-utils.production.min.js.br
- react-dom/18.0.0-rc.0-next-64223fed8-20220210/cjs/react-dom-test-utils.production.min.js.gz
- react-dom/18.0.0-rc.0-next-64223fed8-20220210/cjs/react-dom.development.js.br
- react-dom/18.0.0-rc.0-next-64223fed8-20220210/cjs/react-dom.development.js.gz
- react-dom/18.0.0-rc.0-next-64223fed8-20220210/cjs/react-dom.development.min.js.br
- react-dom/18.0.0-rc.0-next-64223fed8-20220210/cjs/react-dom.development.min.js.gz
- react-dom/18.0.0-rc.0-next-64223fed8-20220210/cjs/react-dom.production.min.js.br
- react-dom/18.0.0-rc.0-next-64223fed8-20220210/cjs/react-dom.production.min.js.gz
- react-dom/18.0.0-rc.0-next-64223fed8-20220210/cjs/react-dom.profiling.min.js.br
- react-dom/18.0.0-rc.0-next-64223fed8-20220210/cjs/react-dom.profiling.min.js.gz
- react-dom/18.0.0-rc.0-next-64223fed8-20220210/umd/react-dom-server-legacy.browser.development.js.br
- react-dom/18.0.0-rc.0-next-64223fed8-20220210/umd/react-dom-server-legacy.browser.development.js.gz
- react-dom/18.0.0-rc.0-next-64223fed8-20220210/umd/react-dom-server-legacy.browser.development.min.js.br
- react-dom/18.0.0-rc.0-next-64223fed8-20220210/umd/react-dom-server-legacy.browser.development.min.js.gz
- react-dom/18.0.0-rc.0-next-64223fed8-20220210/umd/react-dom-server-legacy.browser.production.min.js.br
- react-dom/18.0.0-rc.0-next-64223fed8-20220210/umd/react-dom-server-legacy.browser.production.min.js.gz
- react-dom/18.0.0-rc.0-next-64223fed8-20220210/umd/react-dom-server.browser.development.js.br
- react-dom/18.0.0-rc.0-next-64223fed8-20220210/umd/react-dom-server.browser.development.js.gz
- react-dom/18.0.0-rc.0-next-64223fed8-20220210/umd/react-dom-server.browser.development.min.js.br
- react-dom/18.0.0-rc.0-next-64223fed8-20220210/umd/react-dom-server.browser.development.min.js.gz
- react-dom/18.0.0-rc.0-next-64223fed8-20220210/umd/react-dom-server.browser.production.min.js.br
- react-dom/18.0.0-rc.0-next-64223fed8-20220210/umd/react-dom-server.browser.production.min.js.gz
- react-dom/18.0.0-rc.0-next-64223fed8-20220210/umd/react-dom-test-utils.development.js.br
- react-dom/18.0.0-rc.0-next-64223fed8-20220210/umd/react-dom-test-utils.development.js.gz
- react-dom/18.0.0-rc.0-next-64223fed8-20220210/umd/react-dom-test-utils.development.min.js.br
- react-dom/18.0.0-rc.0-next-64223fed8-20220210/umd/react-dom-test-utils.development.min.js.gz
- react-dom/18.0.0-rc.0-next-64223fed8-20220210/umd/react-dom-test-utils.production.min.js.br
- react-dom/18.0.0-rc.0-next-64223fed8-20220210/umd/react-dom-test-utils.production.min.js.gz
- react-dom/18.0.0-rc.0-next-64223fed8-20220210/umd/react-dom.development.js.br
- react-dom/18.0.0-rc.0-next-64223fed8-20220210/umd/react-dom.development.js.gz
- react-dom/18.0.0-rc.0-next-64223fed8-20220210/umd/react-dom.development.min.js.br
- react-dom/18.0.0-rc.0-next-64223fed8-20220210/umd/react-dom.development.min.js.gz
- react-dom/18.0.0-rc.0-next-64223fed8-20220210/umd/react-dom.production.min.js.br
- react-dom/18.0.0-rc.0-next-64223fed8-20220210/umd/react-dom.production.min.js.gz
- react-dom/18.0.0-rc.0-next-64223fed8-20220210/umd/react-dom.profiling.min.js.br
- react-dom/18.0.0-rc.0-next-64223fed8-20220210/umd/react-dom.profiling.min.js.gz
SRIs:
- react-dom/18.0.0-rc.0-next-64223fed8-20220210/cjs/react-dom-server.node.development.js: sha512-TFZCC5klUs0nMtPSpNZx/fKje/M95vcyCKHcqgoDV/VKzpPLnnn8o3QR0MGeSFB5MVq7FiTB4Qa5AQFmt/A+MQ==
- react-dom/18.0.0-rc.0-next-64223fed8-20220210/umd/react-dom-test-utils.development.js: sha512-WNf1E18aj/gPlwbcxdruMwUUD6k73ZcmHGdgEHk3fivQOGDkOKFXvi0B2kHUpEQW3agDlZ+lvBZr2ycNFPcNUg==
- react-dom/18.0.0-rc.0-next-64223fed8-20220210/umd/react-dom.profiling.min.js: sha512-pjI/yn7XWIUaLGJ8JjDWD67KhV/SsB+KRwQd4NLEJ9Q/5HGZX6Qis8r5wNaK6ndywVZe0N7PgR3qVtCv+cct5Q==
- react-dom/18.0.0-rc.0-next-64223fed8-20220210/cjs/react-dom-server-legacy.browser.development.js: sha512-TrApbbomFYAzuI7gVmW3xWM4i/LkEiSxJcOKpjNF4ni02cFPNw09kXb9vc5dV38/bCqhTEeAmODbgMQg3+JyFQ==
- react-dom/18.0.0-rc.0-next-64223fed8-20220210/cjs/react-dom-server-legacy.node.production.min.js: sha512-PvS2NDhgv9bQ/aoADp0DKqOCR6ZtaOAg5VF0peh2Bmy6/HBZPKvIDZnW4SGICoKS3RL02RwAcpxqjXdzfki0xQ==
- react-dom/18.0.0-rc.0-next-64223fed8-20220210/cjs/react-dom-server.browser.development.js: sha512-IdAxnraW8hduAowkcIltyuNVtJPwUprdb5R2KbZIVT212030PveMks/z+tDzVAyB4DCCpAtXs8uXa69WvJ7q2g==
- react-dom/18.0.0-rc.0-next-64223fed8-20220210/cjs/react-dom-server.node.development.min.js: sha512-9b8mzRVKy14dHN59Ey7zHmCu3m6o6MW33nP6ED/apPYMWCuTKExFLqB62XcT/yrnvsufRaMBPK6+GbevBPOiiA==
- react-dom/18.0.0-rc.0-next-64223fed8-20220210/cjs/react-dom-server-legacy.node.development.js: sha512-IsGZVq4VxafHJj8zPpmDnI33k66s2jAdIlmZtbYpqiJQ9xlB9tqBwedl3dNOp3K7lUl91LekvM7xtFWJKrDLNg==
- react-dom/18.0.0-rc.0-next-64223fed8-20220210/umd/react-dom-server-legacy.browser.development.js: sha512-6t7FU9so+oC0zsjZnLNRZCrUzwU9fFXkI870O/Q44pef0glUiuQQOQrdS1xo/g0nnTdTsOe8/s7WhoevU97o3w==
- react-dom/18.0.0-rc.0-next-64223fed8-20220210/umd/react-dom-server-legacy.browser.development.min.js: sha512-9qpnm58FSU+XIq4sjDh9NU17qgoWeS7JZBjoqqUPZA5DfBpOREq+SB4+n+6ulT+zFnO4yZHvWARbsvpAMZeKWQ==
- react-dom/18.0.0-rc.0-next-64223fed8-20220210/umd/react-dom-server-legacy.browser.production.min.js: sha512-V32JWn/bRi8T5fqv3hKqRZlmf3eEWoPwtMOeE53/fQnVQALu7hCW8d3hGyIH/EHibP0+G0fXF3arEEXtQ8WYUg==
- react-dom/18.0.0-rc.0-next-64223fed8-20220210/umd/react-dom.development.min.js: sha512-00YrteQLO7HCVXQBdYdffxNMn61jKoWPKOBWojnhWF56wLA1eRY8ylfI6k2+8lOlZGikZbmAzVEbhXzFVkTxLw==
- react-dom/18.0.0-rc.0-next-64223fed8-20220210/cjs/react-dom-server-legacy.browser.production.min.js: sha512-eZwZoB2KSS4/WdgAfRm0uc4l2O3icoPY1tDusrl45UbKzhLtQzH80rND67sBi8CokRBVhQHnOGrSJMoyL1e6Dw==
- react-dom/18.0.0-rc.0-next-64223fed8-20220210/cjs/react-dom.profiling.min.js: sha512-VUqLv1iXKt1Jcd06zf4vlYKz8DmvCWU0tADFv+Rs2VvEw+VBlFMD01EiSKwSokrZ1StVWx+6ZAM/PW+O0FxHnw==
- react-dom/18.0.0-rc.0-next-64223fed8-20220210/umd/react-dom-server.browser.production.min.js: sha512-6P6GEtwD4V0HBZ0b9c7dFv0D8ypL7+0w+hqGjAufauwTRMJL2QUsNtOB3HCuMZzcjZf4YI9kmz0xWr4Bp/hg7Q==
- react-dom/18.0.0-rc.0-next-64223fed8-20220210/umd/react-dom.development.js: sha512-oD6I8yRhFRc6qD1FCPrMCqubS2+P4vUIh6/e4cWKHs1ii1i+z5l8QSJP51JJg0fxrfbezsflGppUN0KaVbwkSw==
- react-dom/18.0.0-rc.0-next-64223fed8-20220210/umd/react-dom-server.browser.development.min.js: sha512-we59YiU9c9F/bVrNaLbBCQDAZcCDExRmeSQ5E6UVNsYi+uKCwgcvF8OHnKTnXYWNCU4RhwrdBI9FKviSYsS3LQ==
- react-dom/18.0.0-rc.0-next-64223fed8-20220210/umd/react-dom-test-utils.production.min.js: sha512-hWqltKv/+23Ib1ev6aU9Qc3Ye1Mbtzk9jv9bdOz5I5KSeK82NeDsVSXBtuIvuV+KscqXGWSHnupuWPHgd3fXHA==
- react-dom/18.0.0-rc.0-next-64223fed8-20220210/cjs/react-dom-server-legacy.node.development.min.js: sha512-XLJhTFENcASy7YNO44jvmhU0lX3bfQZ0PuDY/bzMNBSp9Gttl3jdXuJh64UpFIKQuq02uSeHiUvRGZ8nCOYUlw==
- react-dom/18.0.0-rc.0-next-64223fed8-20220210/cjs/react-dom-server.browser.development.min.js: sha512-xRz3+pGZ4NpPLpsnn3OLCoE5cnlYLklVA7OhxDDyJkA2XgB0ylOoBi1lPaCdE7vhsgb6m2D61lGs8hsHHNnM4Q==
- react-dom/18.0.0-rc.0-next-64223fed8-20220210/cjs/react-dom-test-utils.development.min.js: sha512-RFFCnitxn2/HU3Lnj2cHzNS2XuDNTv6aXeGWfP4lARlGYvzcXR7GzAPB4rFNZ/yoIefXGfAuPr9mkip8g3KZaw==
- react-dom/18.0.0-rc.0-next-64223fed8-20220210/cjs/react-dom.development.min.js: sha512-UUCFywLdom+WUL3e/ZQQovbPSjYdwkC8y8ypM+WuIP3UvvXXgKm7cKEEmCfOEC2lrlPETQCg/jfvuT0cgk0kLg==
- react-dom/18.0.0-rc.0-next-64223fed8-20220210/cjs/react-dom.development.js: sha512-qVHoDzvYtJoVt/1xFZNJfS6J949qO9D2sVndGDfvRBVYFOSUWGRIAGdRXyyGd7MAXATTyGbWk9LjArnXE+KMaA==
- react-dom/18.0.0-rc.0-next-64223fed8-20220210/umd/react-dom.production.min.js: sha512-8Eghqp3aRzLxN2s1VGLHwLJf9TB5lFyOQ3TmRSD9w+VthXW6nwc6M+VPUNEO8u7hyuk2ayOVqKuPtvw2jb2jMQ==
- react-dom/18.0.0-rc.0-next-64223fed8-20220210/cjs/react-dom-server.browser.production.min.js: sha512-Uh+aIWGhzq4lpNr3f1ylxsgyamKwBmLQUXvn9MeWOHlp5gqwfbmHzATS5zmUTlVE2Dgg9qyC/7Ezr7vTRU9coQ==
- react-dom/18.0.0-rc.0-next-64223fed8-20220210/cjs/react-dom-server.node.production.min.js: sha512-PDXnJZB5gs38aeWRWA0Rro6BN9tDP2plrVGXzj+CNbXbKBtreyshsoyFF3s5Evg9dMUU9m+c9i/zWj0juqn1jQ==
- react-dom/18.0.0-rc.0-next-64223fed8-20220210/cjs/react-dom-test-utils.development.js: sha512-iGJREBwLuy3+2yfIQ5fHqdZ20vgH/nQyHu4Kij8UckPnSy1pTu7aPNZxR0W8Kh+uiYhC+LfsaPkr2hzNFJINuA==
- react-dom/18.0.0-rc.0-next-64223fed8-20220210/cjs/react-dom-test-utils.production.min.js: sha512-sIsx0o3obmJJVhLPH2zSpGrh4SSGvtBosTPfgoqpOx3Nem/nn/JPfl0TKaujUur32kz2HvrAGWV1Vxds4ZkQNg==
- react-dom/18.0.0-rc.0-next-64223fed8-20220210/umd/react-dom-server.browser.development.js: sha512-NQBnxAjIaZ47TlRHceWv8CtyoIpJSAjrCrxuS7xmcyGf+THQRonHPOKAH4vkFU40XlDqYZjNi3r2V50BzSyqFA==
- react-dom/18.0.0-rc.0-next-64223fed8-20220210/umd/react-dom-test-utils.development.min.js: sha512-FAjyxKGBwqaZ4yyN/v4ovs0uxmezfZ73zQihaYyG2Qfhv0Uo5Xccjn4ip/nQBlu0zxq8v/N4tI3xPNHDkhbTYw==
- react-dom/18.0.0-rc.0-next-64223fed8-20220210/cjs/react-dom-server-legacy.browser.development.min.js: sha512-GmgD1UeVXB7a7bxOpAGdMoyrwruwleRVECZYV6G3RsgT7fM07qzNxswMLRwY1tsfR/zPxxlkwxvsvt+Wp7R2qA==
- react-dom/18.0.0-rc.0-next-64223fed8-20220210/cjs/react-dom.production.min.js: sha512-D4qJ4jwp83uO+eHoBqPyiSxlWX2rgTe6igNNZfjuRRrvtChpUijaeMiBYWqnfk0kFVSr0JcLGqAdwOTh5cOTlA==
