config: {"authors":[{"name":"Guillaume du Pontavice","email":"g.du.pontavice@gmail.com"}],"autoupdate":{"source":"npm","target":"hls.js","fileMap":[{"basePath":"dist","files":["**/!(*-demo.*)"]}],"ignoreVersions":["*-canary.*"]},"description":"JavaScript HLS client using MediaSourceExtension","filename":"hls.min.js","homepage":"https://hls-js.netlify.com/demo/","keywords":["hls.js","video","streaming","mediasource","player"],"license":"Apache-2.0","name":"hls.js","repository":{"type":"git","url":"git://github.com/video-dev/hls.js"},"author":"Guillaume du Pontavice \u003cg.du.pontavice@gmail.com\u003e"}
KV keys:
- hls.js/1.5.12-0.canary.10341/hls.js.br
- hls.js/1.5.12-0.canary.10341/hls.js.d.ts.br
- hls.js/1.5.12-0.canary.10341/hls.js.d.ts.gz
- hls.js/1.5.12-0.canary.10341/hls.js.gz
- hls.js/1.5.12-0.canary.10341/hls.js.map.br
- hls.js/1.5.12-0.canary.10341/hls.js.map.gz
- hls.js/1.5.12-0.canary.10341/hls.light.js.br
- hls.js/1.5.12-0.canary.10341/hls.light.js.gz
- hls.js/1.5.12-0.canary.10341/hls.light.js.map.br
- hls.js/1.5.12-0.canary.10341/hls.light.js.map.gz
- hls.js/1.5.12-0.canary.10341/hls.light.min.js.br
- hls.js/1.5.12-0.canary.10341/hls.light.min.js.gz
- hls.js/1.5.12-0.canary.10341/hls.light.min.js.map.br
- hls.js/1.5.12-0.canary.10341/hls.light.min.js.map.gz
- hls.js/1.5.12-0.canary.10341/hls.light.mjs.br
- hls.js/1.5.12-0.canary.10341/hls.light.mjs.gz
- hls.js/1.5.12-0.canary.10341/hls.light.mjs.map.br
- hls.js/1.5.12-0.canary.10341/hls.light.mjs.map.gz
- hls.js/1.5.12-0.canary.10341/hls.min.js.br
- hls.js/1.5.12-0.canary.10341/hls.min.js.gz
- hls.js/1.5.12-0.canary.10341/hls.min.js.map.br
- hls.js/1.5.12-0.canary.10341/hls.min.js.map.gz
- hls.js/1.5.12-0.canary.10341/hls.mjs.br
- hls.js/1.5.12-0.canary.10341/hls.mjs.gz
- hls.js/1.5.12-0.canary.10341/hls.mjs.map.br
- hls.js/1.5.12-0.canary.10341/hls.mjs.map.gz
- hls.js/1.5.12-0.canary.10341/hls.worker.js.br
- hls.js/1.5.12-0.canary.10341/hls.worker.js.gz
- hls.js/1.5.12-0.canary.10341/hls.worker.js.map.br
- hls.js/1.5.12-0.canary.10341/hls.worker.js.map.gz
- hls.js/1.5.12-0.canary.10341/hls.worker.min.js.br
- hls.js/1.5.12-0.canary.10341/hls.worker.min.js.gz
SRIs:
- hls.js/1.5.12-0.canary.10341/hls.min.js: sha512-Y+BC67VV05HmI7qrtotV7bWyqGlk7LA33I6Lhy8afRTgsLdjqh+dG16Y9LhtDPFwtHdDiB8NDZdc4JTtCE2mPg==
- hls.js/1.5.12-0.canary.10341/hls.worker.js: sha512-WROZvDHbkHq3zTKIoS2liEAFMSOqXRkP6jBNbqdYEE6046tR+pUINKPF68DJ3pF+2jaT2kzfuAbSKhCqepGzVg==
- hls.js/1.5.12-0.canary.10341/hls.worker.min.js: sha512-9pdfjnAV9yUWQhyW4VP+otMAAIjRmxIMvCY0DEjNU8RqBTo2LArZMRXusEsljb2zPxEm5gRFS86MDKvVtnDYhw==
- hls.js/1.5.12-0.canary.10341/hls.js: sha512-hV6GL78E5SXJx6Ufwx/gBYpSddjxvmxg5DusPmnHD5z5fdxt/uuDKcrdZjtA6YyoQ9Cugs+ocUd1j0jHe8rEpw==
- hls.js/1.5.12-0.canary.10341/hls.light.js: sha512-dEiE2K4WRtsh3MkKxLssQweOioP6re5fMzF7YdbktMxneGSlPiqibESkK+M1PErxkJF+3mf8Bxs8IKlYmNKWOg==
- hls.js/1.5.12-0.canary.10341/hls.light.min.js: sha512-g07JDLH9FKHFH9en7SJn0Z42BkG7HKN9o0+PcLY8nQeoI1/6YcS4Z18zyK/Rp2xa/D2zdtPkPFskXX62roJbGA==
