Files:
- fontsource-charm/5.1.0/400.css.br
- fontsource-charm/5.1.0/400.css.gz
- fontsource-charm/5.1.0/400.css.sri
- fontsource-charm/5.1.0/400.min.css.br
- fontsource-charm/5.1.0/400.min.css.gz
- fontsource-charm/5.1.0/400.min.css.sri
- fontsource-charm/5.1.0/700.css.br
- fontsource-charm/5.1.0/700.css.gz
- fontsource-charm/5.1.0/700.css.sri
- fontsource-charm/5.1.0/700.min.css.br
- fontsource-charm/5.1.0/700.min.css.gz
- fontsource-charm/5.1.0/700.min.css.sri
- fontsource-charm/5.1.0/files/charm-latin-400-normal.woff.br
- fontsource-charm/5.1.0/files/charm-latin-400-normal.woff.gz
- fontsource-charm/5.1.0/files/charm-latin-400-normal.woff2
- fontsource-charm/5.1.0/files/charm-latin-700-normal.woff.br
- fontsource-charm/5.1.0/files/charm-latin-700-normal.woff.gz
- fontsource-charm/5.1.0/files/charm-latin-700-normal.woff2
- fontsource-charm/5.1.0/files/charm-latin-ext-400-normal.woff.br
- fontsource-charm/5.1.0/files/charm-latin-ext-400-normal.woff.gz
- fontsource-charm/5.1.0/files/charm-latin-ext-400-normal.woff2
- fontsource-charm/5.1.0/files/charm-latin-ext-700-normal.woff.br
- fontsource-charm/5.1.0/files/charm-latin-ext-700-normal.woff.gz
- fontsource-charm/5.1.0/files/charm-latin-ext-700-normal.woff2
- fontsource-charm/5.1.0/files/charm-thai-400-normal.woff.br
- fontsource-charm/5.1.0/files/charm-thai-400-normal.woff.gz
- fontsource-charm/5.1.0/files/charm-thai-400-normal.woff2
- fontsource-charm/5.1.0/files/charm-thai-700-normal.woff.br
- fontsource-charm/5.1.0/files/charm-thai-700-normal.woff.gz
- fontsource-charm/5.1.0/files/charm-thai-700-normal.woff2
- fontsource-charm/5.1.0/files/charm-vietnamese-400-normal.woff.br
- fontsource-charm/5.1.0/files/charm-vietnamese-400-normal.woff.gz
- fontsource-charm/5.1.0/files/charm-vietnamese-400-normal.woff2
- fontsource-charm/5.1.0/files/charm-vietnamese-700-normal.woff.br
- fontsource-charm/5.1.0/files/charm-vietnamese-700-normal.woff.gz
- fontsource-charm/5.1.0/files/charm-vietnamese-700-normal.woff2
- fontsource-charm/5.1.0/index.css.br
- fontsource-charm/5.1.0/index.css.gz
- fontsource-charm/5.1.0/index.css.sri
- fontsource-charm/5.1.0/index.min.css.br
- fontsource-charm/5.1.0/index.min.css.gz
- fontsource-charm/5.1.0/index.min.css.sri
- fontsource-charm/5.1.0/latin-400.css.br
- fontsource-charm/5.1.0/latin-400.css.gz
- fontsource-charm/5.1.0/latin-400.css.sri
- fontsource-charm/5.1.0/latin-400.min.css.br
- fontsource-charm/5.1.0/latin-400.min.css.gz
- fontsource-charm/5.1.0/latin-400.min.css.sri
- fontsource-charm/5.1.0/latin-700.css.br
- fontsource-charm/5.1.0/latin-700.css.gz
- fontsource-charm/5.1.0/latin-700.css.sri
- fontsource-charm/5.1.0/latin-700.min.css.br
- fontsource-charm/5.1.0/latin-700.min.css.gz
- fontsource-charm/5.1.0/latin-700.min.css.sri
- fontsource-charm/5.1.0/latin-ext-400.css.br
- fontsource-charm/5.1.0/latin-ext-400.css.gz
- fontsource-charm/5.1.0/latin-ext-400.css.sri
- fontsource-charm/5.1.0/latin-ext-400.min.css.br
- fontsource-charm/5.1.0/latin-ext-400.min.css.gz
- fontsource-charm/5.1.0/latin-ext-400.min.css.sri
- fontsource-charm/5.1.0/latin-ext-700.css.br
- fontsource-charm/5.1.0/latin-ext-700.css.gz
- fontsource-charm/5.1.0/latin-ext-700.css.sri
- fontsource-charm/5.1.0/latin-ext-700.min.css.br
- fontsource-charm/5.1.0/latin-ext-700.min.css.gz
- fontsource-charm/5.1.0/latin-ext-700.min.css.sri
- fontsource-charm/5.1.0/latin-ext.css.br
- fontsource-charm/5.1.0/latin-ext.css.gz
- fontsource-charm/5.1.0/latin-ext.css.sri
- fontsource-charm/5.1.0/latin-ext.min.css.br
- fontsource-charm/5.1.0/latin-ext.min.css.gz
- fontsource-charm/5.1.0/latin-ext.min.css.sri
- fontsource-charm/5.1.0/latin.css.br
- fontsource-charm/5.1.0/latin.css.gz
- fontsource-charm/5.1.0/latin.css.sri
- fontsource-charm/5.1.0/latin.min.css.br
- fontsource-charm/5.1.0/latin.min.css.gz
- fontsource-charm/5.1.0/latin.min.css.sri
- fontsource-charm/5.1.0/thai-400.css.br
- fontsource-charm/5.1.0/thai-400.css.gz
- fontsource-charm/5.1.0/thai-400.css.sri
- fontsource-charm/5.1.0/thai-400.min.css.br
- fontsource-charm/5.1.0/thai-400.min.css.gz
- fontsource-charm/5.1.0/thai-400.min.css.sri
- fontsource-charm/5.1.0/thai-700.css.br
- fontsource-charm/5.1.0/thai-700.css.gz
- fontsource-charm/5.1.0/thai-700.css.sri
- fontsource-charm/5.1.0/thai-700.min.css.br
- fontsource-charm/5.1.0/thai-700.min.css.gz
- fontsource-charm/5.1.0/thai-700.min.css.sri
- fontsource-charm/5.1.0/thai.css.br
- fontsource-charm/5.1.0/thai.css.gz
- fontsource-charm/5.1.0/thai.css.sri
- fontsource-charm/5.1.0/thai.min.css.br
- fontsource-charm/5.1.0/thai.min.css.gz
- fontsource-charm/5.1.0/thai.min.css.sri
- fontsource-charm/5.1.0/vietnamese-400.css.br
- fontsource-charm/5.1.0/vietnamese-400.css.gz
- fontsource-charm/5.1.0/vietnamese-400.css.sri
- fontsource-charm/5.1.0/vietnamese-400.min.css.br
- fontsource-charm/5.1.0/vietnamese-400.min.css.gz
- fontsource-charm/5.1.0/vietnamese-400.min.css.sri
- fontsource-charm/5.1.0/vietnamese-700.css.br
- fontsource-charm/5.1.0/vietnamese-700.css.gz
- fontsource-charm/5.1.0/vietnamese-700.css.sri
- fontsource-charm/5.1.0/vietnamese-700.min.css.br
- fontsource-charm/5.1.0/vietnamese-700.min.css.gz
- fontsource-charm/5.1.0/vietnamese-700.min.css.sri
- fontsource-charm/5.1.0/vietnamese.css.br
- fontsource-charm/5.1.0/vietnamese.css.gz
- fontsource-charm/5.1.0/vietnamese.css.sri
- fontsource-charm/5.1.0/vietnamese.min.css.br
- fontsource-charm/5.1.0/vietnamese.min.css.gz
- fontsource-charm/5.1.0/vietnamese.min.css.sri
