Files:
- ruffle-rs/0.1.0-nightly.2024.7.6/c87059b71a6a03c86a38.wasm.br
- ruffle-rs/0.1.0-nightly.2024.7.6/c87059b71a6a03c86a38.wasm.gz
- ruffle-rs/0.1.0-nightly.2024.7.6/core.ruffle.9fe2e7c7b768c394f0ac.js.br
- ruffle-rs/0.1.0-nightly.2024.7.6/core.ruffle.9fe2e7c7b768c394f0ac.js.gz
- ruffle-rs/0.1.0-nightly.2024.7.6/core.ruffle.9fe2e7c7b768c394f0ac.js.sri
- ruffle-rs/0.1.0-nightly.2024.7.6/core.ruffle.9fe2e7c7b768c394f0ac.min.js.br
- ruffle-rs/0.1.0-nightly.2024.7.6/core.ruffle.9fe2e7c7b768c394f0ac.min.js.gz
- ruffle-rs/0.1.0-nightly.2024.7.6/core.ruffle.9fe2e7c7b768c394f0ac.min.js.sri
- ruffle-rs/0.1.0-nightly.2024.7.6/core.ruffle.e29c29ae39b143fd51da.js.br
- ruffle-rs/0.1.0-nightly.2024.7.6/core.ruffle.e29c29ae39b143fd51da.js.gz
- ruffle-rs/0.1.0-nightly.2024.7.6/core.ruffle.e29c29ae39b143fd51da.js.sri
- ruffle-rs/0.1.0-nightly.2024.7.6/core.ruffle.e29c29ae39b143fd51da.min.js.br
- ruffle-rs/0.1.0-nightly.2024.7.6/core.ruffle.e29c29ae39b143fd51da.min.js.gz
- ruffle-rs/0.1.0-nightly.2024.7.6/core.ruffle.e29c29ae39b143fd51da.min.js.sri
- ruffle-rs/0.1.0-nightly.2024.7.6/fd6b48c2b7f1fe8a53a9.wasm.br
- ruffle-rs/0.1.0-nightly.2024.7.6/fd6b48c2b7f1fe8a53a9.wasm.gz
- ruffle-rs/0.1.0-nightly.2024.7.6/ruffle.js.br
- ruffle-rs/0.1.0-nightly.2024.7.6/ruffle.js.gz
- ruffle-rs/0.1.0-nightly.2024.7.6/ruffle.js.sri
- ruffle-rs/0.1.0-nightly.2024.7.6/ruffle.min.js.br
- ruffle-rs/0.1.0-nightly.2024.7.6/ruffle.min.js.gz
- ruffle-rs/0.1.0-nightly.2024.7.6/ruffle.min.js.sri
