config: {"authors":[{"name":"Davy Van Roy","email":"davy.van.roy@venly.io"}],"autoupdate":{"source":"npm","target":"@venly/web3-provider","fileMap":[{"basePath":"dist","files":["*.js"]}]},"description":"Venly enabled Web3 Provider for the web","filename":"web3-provider.js","homepage":"https://venly.io","keywords":["ethereum","hd","wallet","mnemonic","provider","arkane","venly","venly.io","truffle","blockchain","crypto"],"license":"MIT","name":"venly-web3-provider","repository":{"type":"git","url":"git+https://github.com/ArkaneNetwork/web3-arkane-provider.git"},"author":"Davy Van Roy \u003cdavy.van.roy@venly.io\u003e"}
KV keys:
- venly-web3-provider/3.0.0-develop.12/createJsonRpcClient.js.br
- venly-web3-provider/3.0.0-develop.12/createJsonRpcClient.js.gz
- venly-web3-provider/3.0.0-develop.12/createJsonRpcClient.min.js.br
- venly-web3-provider/3.0.0-develop.12/createJsonRpcClient.min.js.gz
- venly-web3-provider/3.0.0-develop.12/index.js.br
- venly-web3-provider/3.0.0-develop.12/index.js.gz
- venly-web3-provider/3.0.0-develop.12/index.min.js.br
- venly-web3-provider/3.0.0-develop.12/index.min.js.gz
- venly-web3-provider/3.0.0-develop.12/index.test.js.br
- venly-web3-provider/3.0.0-develop.12/index.test.js.gz
- venly-web3-provider/3.0.0-develop.12/index.test.min.js.br
- venly-web3-provider/3.0.0-develop.12/index.test.min.js.gz
- venly-web3-provider/3.0.0-develop.12/types.js.br
- venly-web3-provider/3.0.0-develop.12/types.js.gz
- venly-web3-provider/3.0.0-develop.12/types.min.js.br
- venly-web3-provider/3.0.0-develop.12/types.min.js.gz
- venly-web3-provider/3.0.0-develop.12/util.js.br
- venly-web3-provider/3.0.0-develop.12/util.js.gz
- venly-web3-provider/3.0.0-develop.12/util.min.js.br
- venly-web3-provider/3.0.0-develop.12/util.min.js.gz
- venly-web3-provider/3.0.0-develop.12/venlyController.js.br
- venly-web3-provider/3.0.0-develop.12/venlyController.js.gz
- venly-web3-provider/3.0.0-develop.12/venlyController.min.js.br
- venly-web3-provider/3.0.0-develop.12/venlyController.min.js.gz
SRIs:
- venly-web3-provider/3.0.0-develop.12/index.min.js: sha512-n6pIr1aZBmZ/v5inSn8aCQCpECC7GEovj6wwDs60EBS1cvC973dTIN+B0JB4chuEVCyEI0HdVnKLQFRoXu3yww==
- venly-web3-provider/3.0.0-develop.12/index.test.min.js: sha512-UdNfl4CgFOwN4EMxIPyAc+UArnYT0tl9j5aEC3j1LlDJyEHMFzTDAejjNwCtUr+hVkEvm1zSyAy/CXnirIqL6g==
- venly-web3-provider/3.0.0-develop.12/types.js: sha512-Pbf+RudALPGXW2S54iPZ6E3dd88qftNSUuej0Rj5Bse7bVghaQYIUnQRR+EH0WSN+yaJRE3pga9/Zyxx3Gyivg==
- venly-web3-provider/3.0.0-develop.12/venlyController.js: sha512-eCVigzWj+PgfzTi+MDdxATQjxOigj7QChYYZCW1ziF6tCoFt0vHyo0WpRZoAB1n3tmcYwRlobVzFjl7AC/T4Sw==
- venly-web3-provider/3.0.0-develop.12/venlyController.min.js: sha512-KdfAJCkHNSgjxV6l1tYAEPKk7cxYJ6j2HSYJWX2nWZA8mBTLAWsNkN1uBlaZoPoRNW7MFufKyoKiPGqY8RWWig==
- venly-web3-provider/3.0.0-develop.12/createJsonRpcClient.js: sha512-m5wt1SWwgWw7uA7QNIlL9pjtqBZ6C2oC/nXtlH57oZc7b3Pgx9klPL6OLggmCnPFTqPRwZOxvEtHXbKAexbcUA==
- venly-web3-provider/3.0.0-develop.12/createJsonRpcClient.min.js: sha512-5XU9Ft5GQgDF1ooB1eJn/GhG/jGB3P4olkJ3WmtA15HHAhgOB/ySQjELFQGjDOhaUbFaQgILZmGztRqv27TqBQ==
- venly-web3-provider/3.0.0-develop.12/index.js: sha512-KM/4uKbIxQoONCuKq2Uiic940+KjBsiXy6ItPCzBJ0KXEKczF/1BFPWRlWIvIJ9fvWofekr/7BsWT1Y1MqFI1A==
- venly-web3-provider/3.0.0-develop.12/index.test.js: sha512-kn5FqCD9ErquxyWlPrdNiOYUy0sJqvIgNHFjC4s6JuGXCG5F8yWq2SYAqJDIl3USLMONIxNTToAIul7W4zDSsw==
- venly-web3-provider/3.0.0-develop.12/types.min.js: sha512-URX7hHY3WmpEjGRfkCTUhxyOrZ/52CxHidPqP9Qa8PEpA2ROl6DbdEtZC8TrHkR8laV2A9mILjc6F0vhsi1cZQ==
- venly-web3-provider/3.0.0-develop.12/util.js: sha512-jsBPBwDzY3CEiZUR4qhEZH7kqbVolp4lhMJep3kuifojrb65rjy7XMw4eofy+yHZCKe0/GODcMEHLJW5JYPu7w==
- venly-web3-provider/3.0.0-develop.12/util.min.js: sha512-LrMuNQvVFOQKSTMlDF30/Ldh//elUbdbXAdaLM+IFuQzkaSdfbn5puErUt+ZtEXEkRNEOXp5BevTLNKf3v52MQ==
