Files:
- fontsource-alumni-sans-pinstripe/5.0.5/400-italic.css.gz
- fontsource-alumni-sans-pinstripe/5.0.5/400-italic.min.css.gz
- fontsource-alumni-sans-pinstripe/5.0.5/400.css.gz
- fontsource-alumni-sans-pinstripe/5.0.5/400.min.css.gz
- fontsource-alumni-sans-pinstripe/5.0.5/cyrillic-400-italic.css.gz
- fontsource-alumni-sans-pinstripe/5.0.5/cyrillic-400-italic.min.css.gz
- fontsource-alumni-sans-pinstripe/5.0.5/cyrillic-400.css.gz
- fontsource-alumni-sans-pinstripe/5.0.5/cyrillic-400.min.css.gz
- fontsource-alumni-sans-pinstripe/5.0.5/cyrillic-ext-400-italic.css.gz
- fontsource-alumni-sans-pinstripe/5.0.5/cyrillic-ext-400-italic.min.css.gz
- fontsource-alumni-sans-pinstripe/5.0.5/cyrillic-ext-400.css.gz
- fontsource-alumni-sans-pinstripe/5.0.5/cyrillic-ext-400.min.css.gz
- fontsource-alumni-sans-pinstripe/5.0.5/cyrillic-ext-italic.css.gz
- fontsource-alumni-sans-pinstripe/5.0.5/cyrillic-ext-italic.min.css.gz
- fontsource-alumni-sans-pinstripe/5.0.5/cyrillic-ext.css.gz
- fontsource-alumni-sans-pinstripe/5.0.5/cyrillic-ext.min.css.gz
- fontsource-alumni-sans-pinstripe/5.0.5/cyrillic-italic.css.gz
- fontsource-alumni-sans-pinstripe/5.0.5/cyrillic-italic.min.css.gz
- fontsource-alumni-sans-pinstripe/5.0.5/cyrillic.css.gz
- fontsource-alumni-sans-pinstripe/5.0.5/cyrillic.min.css.gz
- fontsource-alumni-sans-pinstripe/5.0.5/files/alumni-sans-pinstripe-cyrillic-400-italic.woff.gz
- fontsource-alumni-sans-pinstripe/5.0.5/files/alumni-sans-pinstripe-cyrillic-400-normal.woff.gz
- fontsource-alumni-sans-pinstripe/5.0.5/files/alumni-sans-pinstripe-cyrillic-ext-400-italic.woff.gz
- fontsource-alumni-sans-pinstripe/5.0.5/files/alumni-sans-pinstripe-cyrillic-ext-400-normal.woff.gz
- fontsource-alumni-sans-pinstripe/5.0.5/files/alumni-sans-pinstripe-latin-400-italic.woff.gz
- fontsource-alumni-sans-pinstripe/5.0.5/files/alumni-sans-pinstripe-latin-400-normal.woff.gz
- fontsource-alumni-sans-pinstripe/5.0.5/files/alumni-sans-pinstripe-latin-ext-400-italic.woff.gz
- fontsource-alumni-sans-pinstripe/5.0.5/files/alumni-sans-pinstripe-latin-ext-400-normal.woff.gz
- fontsource-alumni-sans-pinstripe/5.0.5/files/alumni-sans-pinstripe-vietnamese-400-italic.woff.gz
- fontsource-alumni-sans-pinstripe/5.0.5/files/alumni-sans-pinstripe-vietnamese-400-normal.woff.gz
- fontsource-alumni-sans-pinstripe/5.0.5/index.css.gz
- fontsource-alumni-sans-pinstripe/5.0.5/index.min.css.gz
- fontsource-alumni-sans-pinstripe/5.0.5/latin-400-italic.css.gz
- fontsource-alumni-sans-pinstripe/5.0.5/latin-400-italic.min.css.gz
- fontsource-alumni-sans-pinstripe/5.0.5/latin-400.css.gz
- fontsource-alumni-sans-pinstripe/5.0.5/latin-400.min.css.gz
- fontsource-alumni-sans-pinstripe/5.0.5/latin-ext-400-italic.css.gz
- fontsource-alumni-sans-pinstripe/5.0.5/latin-ext-400-italic.min.css.gz
- fontsource-alumni-sans-pinstripe/5.0.5/latin-ext-400.css.gz
- fontsource-alumni-sans-pinstripe/5.0.5/latin-ext-400.min.css.gz
- fontsource-alumni-sans-pinstripe/5.0.5/latin-ext-italic.css.gz
- fontsource-alumni-sans-pinstripe/5.0.5/latin-ext-italic.min.css.gz
- fontsource-alumni-sans-pinstripe/5.0.5/latin-ext.css.gz
- fontsource-alumni-sans-pinstripe/5.0.5/latin-ext.min.css.gz
- fontsource-alumni-sans-pinstripe/5.0.5/latin-italic.css.gz
- fontsource-alumni-sans-pinstripe/5.0.5/latin-italic.min.css.gz
- fontsource-alumni-sans-pinstripe/5.0.5/latin.css.gz
- fontsource-alumni-sans-pinstripe/5.0.5/latin.min.css.gz
- fontsource-alumni-sans-pinstripe/5.0.5/vietnamese-400-italic.css.gz
- fontsource-alumni-sans-pinstripe/5.0.5/vietnamese-400-italic.min.css.gz
- fontsource-alumni-sans-pinstripe/5.0.5/vietnamese-400.css.gz
- fontsource-alumni-sans-pinstripe/5.0.5/vietnamese-400.min.css.gz
- fontsource-alumni-sans-pinstripe/5.0.5/vietnamese-italic.css.gz
- fontsource-alumni-sans-pinstripe/5.0.5/vietnamese-italic.min.css.gz
- fontsource-alumni-sans-pinstripe/5.0.5/vietnamese.css.gz
- fontsource-alumni-sans-pinstripe/5.0.5/vietnamese.min.css.gz
