config: {"authors":[{"name":"Google Inc."}],"autoupdate":{"source":"npm","target":"@fontsource/noto-sans-marchen","fileMap":[{"basePath":"","files":["*.css","files/*.@(woff|woff2)"]}],"excludeFromSearch":true},"description":"Self-host the Noto Sans Marchen font in a neatly bundled NPM package.","filename":"index.css","homepage":"https://fontsource.org/fonts/noto-sans-marchen","keywords":["fontsource","font","font family","google fonts","noto-sans-marchen","Noto Sans Marchen","css","sass","front-end","web","typeface","variable"],"license":"OFL-1.1","name":"fontsource-noto-sans-marchen","repository":{"type":"git","url":"git+https://github.com/fontsource/font-files.git"},"author":"Google Inc."}
KV keys:
- fontsource-noto-sans-marchen/5.0.14/400.css.br
- fontsource-noto-sans-marchen/5.0.14/400.css.gz
- fontsource-noto-sans-marchen/5.0.14/400.min.css.br
- fontsource-noto-sans-marchen/5.0.14/400.min.css.gz
- fontsource-noto-sans-marchen/5.0.14/files/noto-sans-marchen-latin-400-normal.woff.br
- fontsource-noto-sans-marchen/5.0.14/files/noto-sans-marchen-latin-400-normal.woff.gz
- fontsource-noto-sans-marchen/5.0.14/files/noto-sans-marchen-latin-400-normal.woff2
- fontsource-noto-sans-marchen/5.0.14/files/noto-sans-marchen-latin-ext-400-normal.woff.br
- fontsource-noto-sans-marchen/5.0.14/files/noto-sans-marchen-latin-ext-400-normal.woff.gz
- fontsource-noto-sans-marchen/5.0.14/files/noto-sans-marchen-latin-ext-400-normal.woff2
- fontsource-noto-sans-marchen/5.0.14/files/noto-sans-marchen-marchen-400-normal.woff.br
- fontsource-noto-sans-marchen/5.0.14/files/noto-sans-marchen-marchen-400-normal.woff.gz
- fontsource-noto-sans-marchen/5.0.14/files/noto-sans-marchen-marchen-400-normal.woff2
- fontsource-noto-sans-marchen/5.0.14/index.css.br
- fontsource-noto-sans-marchen/5.0.14/index.css.gz
- fontsource-noto-sans-marchen/5.0.14/index.min.css.br
- fontsource-noto-sans-marchen/5.0.14/index.min.css.gz
- fontsource-noto-sans-marchen/5.0.14/latin-400.css.br
- fontsource-noto-sans-marchen/5.0.14/latin-400.css.gz
- fontsource-noto-sans-marchen/5.0.14/latin-400.min.css.br
- fontsource-noto-sans-marchen/5.0.14/latin-400.min.css.gz
- fontsource-noto-sans-marchen/5.0.14/latin-ext-400.css.br
- fontsource-noto-sans-marchen/5.0.14/latin-ext-400.css.gz
- fontsource-noto-sans-marchen/5.0.14/latin-ext-400.min.css.br
- fontsource-noto-sans-marchen/5.0.14/latin-ext-400.min.css.gz
- fontsource-noto-sans-marchen/5.0.14/latin-ext.css.br
- fontsource-noto-sans-marchen/5.0.14/latin-ext.css.gz
- fontsource-noto-sans-marchen/5.0.14/latin-ext.min.css.br
- fontsource-noto-sans-marchen/5.0.14/latin-ext.min.css.gz
- fontsource-noto-sans-marchen/5.0.14/latin.css.br
- fontsource-noto-sans-marchen/5.0.14/latin.css.gz
- fontsource-noto-sans-marchen/5.0.14/latin.min.css.br
- fontsource-noto-sans-marchen/5.0.14/latin.min.css.gz
- fontsource-noto-sans-marchen/5.0.14/marchen-400.css.br
- fontsource-noto-sans-marchen/5.0.14/marchen-400.css.gz
- fontsource-noto-sans-marchen/5.0.14/marchen-400.min.css.br
- fontsource-noto-sans-marchen/5.0.14/marchen-400.min.css.gz
- fontsource-noto-sans-marchen/5.0.14/marchen.css.br
- fontsource-noto-sans-marchen/5.0.14/marchen.css.gz
- fontsource-noto-sans-marchen/5.0.14/marchen.min.css.br
- fontsource-noto-sans-marchen/5.0.14/marchen.min.css.gz
SRIs:
- fontsource-noto-sans-marchen/5.0.14/400.css: sha512-BE9Lr5GeLdOA+uGXVGSBio1YnXHCwhi5hPyBCdZRS4xY8Io6m3gVKRiVAXV21B3rGrG4uplNOlbJs0wN8rtbiA==
- fontsource-noto-sans-marchen/5.0.14/latin-ext-400.min.css: sha512-69HntCF5GCG4q0pmUjftGcoTabZcIIk7AoFyjYlrpEgLlhqmZRv6MBNJ9yUb5WWYGSd7IoiSV/e9ewhhA1koTw==
- fontsource-noto-sans-marchen/5.0.14/400.min.css: sha512-qm/ffL0oLs0vo3q3Td/BnV2HiKBBc3UcZPGjwedyzOWnU3ZvlZp5DN6azrhx8baKn4fiEy3m1U83jASnISdJ/Q==
- fontsource-noto-sans-marchen/5.0.14/index.min.css: sha512-qm/ffL0oLs0vo3q3Td/BnV2HiKBBc3UcZPGjwedyzOWnU3ZvlZp5DN6azrhx8baKn4fiEy3m1U83jASnISdJ/Q==
- fontsource-noto-sans-marchen/5.0.14/latin.css: sha512-6mMvApWuyEkmn9HMr1Ruf/y8MmxOHGmpfyw4D1cmbq3N6Ww9clrO1EuLEex/pbo08LbrZ7IA6Gnt+ocFNYvimg==
- fontsource-noto-sans-marchen/5.0.14/marchen.css: sha512-GGFjuEF5cW7KBxNqbN3d+OBAgfinPsjFDlef62Za2hMzy7Hzxjsms5RllqIm88AmK6VnOCAnToerinp8l9uTLg==
- fontsource-noto-sans-marchen/5.0.14/latin-400.min.css: sha512-4ztRFj7HNb1kxfayb/DrnPBr2j6ksVu3uqkqo+23KFQusjbTN+60DV9OooOcn1uI2warMMD9Yg6jgrgnr/+oww==
- fontsource-noto-sans-marchen/5.0.14/latin-ext.css: sha512-JB8WbrB4kin7jJ7KJlc0g/FquKuZTkbgRjWRTSBm82ncbRO78Q8v0bcE7gt/E9ABcZnU1apa81jyh/3tmXcoqQ==
- fontsource-noto-sans-marchen/5.0.14/marchen-400.css: sha512-GGFjuEF5cW7KBxNqbN3d+OBAgfinPsjFDlef62Za2hMzy7Hzxjsms5RllqIm88AmK6VnOCAnToerinp8l9uTLg==
- fontsource-noto-sans-marchen/5.0.14/latin-ext.min.css: sha512-69HntCF5GCG4q0pmUjftGcoTabZcIIk7AoFyjYlrpEgLlhqmZRv6MBNJ9yUb5WWYGSd7IoiSV/e9ewhhA1koTw==
- fontsource-noto-sans-marchen/5.0.14/latin.min.css: sha512-4ztRFj7HNb1kxfayb/DrnPBr2j6ksVu3uqkqo+23KFQusjbTN+60DV9OooOcn1uI2warMMD9Yg6jgrgnr/+oww==
- fontsource-noto-sans-marchen/5.0.14/marchen-400.min.css: sha512-Rv3vrPVchqKRZ9BUpLnFS/kzJWMPOghd1+gAFH2CrwnsSYsUwPS6jWqEA1aFTpzhtIa/YMRLakIov51/OhExcA==
- fontsource-noto-sans-marchen/5.0.14/marchen.min.css: sha512-Rv3vrPVchqKRZ9BUpLnFS/kzJWMPOghd1+gAFH2CrwnsSYsUwPS6jWqEA1aFTpzhtIa/YMRLakIov51/OhExcA==
- fontsource-noto-sans-marchen/5.0.14/index.css: sha512-BE9Lr5GeLdOA+uGXVGSBio1YnXHCwhi5hPyBCdZRS4xY8Io6m3gVKRiVAXV21B3rGrG4uplNOlbJs0wN8rtbiA==
- fontsource-noto-sans-marchen/5.0.14/latin-400.css: sha512-6mMvApWuyEkmn9HMr1Ruf/y8MmxOHGmpfyw4D1cmbq3N6Ww9clrO1EuLEex/pbo08LbrZ7IA6Gnt+ocFNYvimg==
- fontsource-noto-sans-marchen/5.0.14/latin-ext-400.css: sha512-JB8WbrB4kin7jJ7KJlc0g/FquKuZTkbgRjWRTSBm82ncbRO78Q8v0bcE7gt/E9ABcZnU1apa81jyh/3tmXcoqQ==
