config: {"authors":[{"name":"The Open Sauce Sans Authors","url":"https://github.com/marcologous/Open-Sauce-Fonts"}],"autoupdate":{"source":"npm","target":"@fontsource/open-sauce-sans","fileMap":[{"basePath":"","files":["*.css","files/*.@(woff|woff2)"]}],"excludeFromSearch":true},"description":"Self-host the Open Sauce Sans font in a neatly bundled NPM package.","filename":"index.css","homepage":"https://fontsource.org/fonts/open-sauce-sans","keywords":["fontsource","font","font family","google fonts","open-sauce-sans","Open Sauce Sans","css","sass","front-end","web","typeface","variable"],"license":"OFL-1.1","name":"fontsource-open-sauce-sans","repository":{"type":"git","url":"git+https://github.com/fontsource/font-files.git"},"author":"The Open Sauce Sans Authors (https://github.com/marcologous/Open-Sauce-Fonts)"}
KV keys:
- fontsource-open-sauce-sans/5.0.0/300-italic.css.br
- fontsource-open-sauce-sans/5.0.0/300-italic.css.gz
- fontsource-open-sauce-sans/5.0.0/300-italic.min.css.br
- fontsource-open-sauce-sans/5.0.0/300-italic.min.css.gz
- fontsource-open-sauce-sans/5.0.0/300.css.br
- fontsource-open-sauce-sans/5.0.0/300.css.gz
- fontsource-open-sauce-sans/5.0.0/300.min.css.br
- fontsource-open-sauce-sans/5.0.0/300.min.css.gz
- fontsource-open-sauce-sans/5.0.0/400-italic.css.br
- fontsource-open-sauce-sans/5.0.0/400-italic.css.gz
- fontsource-open-sauce-sans/5.0.0/400-italic.min.css.br
- fontsource-open-sauce-sans/5.0.0/400-italic.min.css.gz
- fontsource-open-sauce-sans/5.0.0/400.css.br
- fontsource-open-sauce-sans/5.0.0/400.css.gz
- fontsource-open-sauce-sans/5.0.0/400.min.css.br
- fontsource-open-sauce-sans/5.0.0/400.min.css.gz
- fontsource-open-sauce-sans/5.0.0/500-italic.css.br
- fontsource-open-sauce-sans/5.0.0/500-italic.css.gz
- fontsource-open-sauce-sans/5.0.0/500-italic.min.css.br
- fontsource-open-sauce-sans/5.0.0/500-italic.min.css.gz
- fontsource-open-sauce-sans/5.0.0/500.css.br
- fontsource-open-sauce-sans/5.0.0/500.css.gz
- fontsource-open-sauce-sans/5.0.0/500.min.css.br
- fontsource-open-sauce-sans/5.0.0/500.min.css.gz
- fontsource-open-sauce-sans/5.0.0/600-italic.css.br
- fontsource-open-sauce-sans/5.0.0/600-italic.css.gz
- fontsource-open-sauce-sans/5.0.0/600-italic.min.css.br
- fontsource-open-sauce-sans/5.0.0/600-italic.min.css.gz
- fontsource-open-sauce-sans/5.0.0/600.css.br
- fontsource-open-sauce-sans/5.0.0/600.css.gz
- fontsource-open-sauce-sans/5.0.0/600.min.css.br
- fontsource-open-sauce-sans/5.0.0/600.min.css.gz
- fontsource-open-sauce-sans/5.0.0/700-italic.css.br
- fontsource-open-sauce-sans/5.0.0/700-italic.css.gz
- fontsource-open-sauce-sans/5.0.0/700-italic.min.css.br
- fontsource-open-sauce-sans/5.0.0/700-italic.min.css.gz
- fontsource-open-sauce-sans/5.0.0/700.css.br
- fontsource-open-sauce-sans/5.0.0/700.css.gz
- fontsource-open-sauce-sans/5.0.0/700.min.css.br
- fontsource-open-sauce-sans/5.0.0/700.min.css.gz
- fontsource-open-sauce-sans/5.0.0/800-italic.css.br
- fontsource-open-sauce-sans/5.0.0/800-italic.css.gz
- fontsource-open-sauce-sans/5.0.0/800-italic.min.css.br
- fontsource-open-sauce-sans/5.0.0/800-italic.min.css.gz
- fontsource-open-sauce-sans/5.0.0/800.css.br
- fontsource-open-sauce-sans/5.0.0/800.css.gz
- fontsource-open-sauce-sans/5.0.0/800.min.css.br
- fontsource-open-sauce-sans/5.0.0/800.min.css.gz
- fontsource-open-sauce-sans/5.0.0/900-italic.css.br
- fontsource-open-sauce-sans/5.0.0/900-italic.css.gz
- fontsource-open-sauce-sans/5.0.0/900-italic.min.css.br
- fontsource-open-sauce-sans/5.0.0/900-italic.min.css.gz
- fontsource-open-sauce-sans/5.0.0/900.css.br
- fontsource-open-sauce-sans/5.0.0/900.css.gz
- fontsource-open-sauce-sans/5.0.0/900.min.css.br
- fontsource-open-sauce-sans/5.0.0/900.min.css.gz
- fontsource-open-sauce-sans/5.0.0/files/open-sauce-sans-latin-300-italic.woff.br
- fontsource-open-sauce-sans/5.0.0/files/open-sauce-sans-latin-300-italic.woff.gz
- fontsource-open-sauce-sans/5.0.0/files/open-sauce-sans-latin-300-italic.woff2
- fontsource-open-sauce-sans/5.0.0/files/open-sauce-sans-latin-300-normal.woff.br
- fontsource-open-sauce-sans/5.0.0/files/open-sauce-sans-latin-300-normal.woff.gz
- fontsource-open-sauce-sans/5.0.0/files/open-sauce-sans-latin-300-normal.woff2
- fontsource-open-sauce-sans/5.0.0/files/open-sauce-sans-latin-400-italic.woff.br
- fontsource-open-sauce-sans/5.0.0/files/open-sauce-sans-latin-400-italic.woff.gz
- fontsource-open-sauce-sans/5.0.0/files/open-sauce-sans-latin-400-italic.woff2
- fontsource-open-sauce-sans/5.0.0/files/open-sauce-sans-latin-400-normal.woff.br
- fontsource-open-sauce-sans/5.0.0/files/open-sauce-sans-latin-400-normal.woff.gz
- fontsource-open-sauce-sans/5.0.0/files/open-sauce-sans-latin-400-normal.woff2
- fontsource-open-sauce-sans/5.0.0/files/open-sauce-sans-latin-500-italic.woff.br
- fontsource-open-sauce-sans/5.0.0/files/open-sauce-sans-latin-500-italic.woff.gz
- fontsource-open-sauce-sans/5.0.0/files/open-sauce-sans-latin-500-italic.woff2
- fontsource-open-sauce-sans/5.0.0/files/open-sauce-sans-latin-500-normal.woff.br
- fontsource-open-sauce-sans/5.0.0/files/open-sauce-sans-latin-500-normal.woff.gz
- fontsource-open-sauce-sans/5.0.0/files/open-sauce-sans-latin-500-normal.woff2
- fontsource-open-sauce-sans/5.0.0/files/open-sauce-sans-latin-600-italic.woff.br
- fontsource-open-sauce-sans/5.0.0/files/open-sauce-sans-latin-600-italic.woff.gz
- fontsource-open-sauce-sans/5.0.0/files/open-sauce-sans-latin-600-italic.woff2
- fontsource-open-sauce-sans/5.0.0/files/open-sauce-sans-latin-600-normal.woff.br
- fontsource-open-sauce-sans/5.0.0/files/open-sauce-sans-latin-600-normal.woff.gz
- fontsource-open-sauce-sans/5.0.0/files/open-sauce-sans-latin-600-normal.woff2
- fontsource-open-sauce-sans/5.0.0/files/open-sauce-sans-latin-700-italic.woff.br
- fontsource-open-sauce-sans/5.0.0/files/open-sauce-sans-latin-700-italic.woff.gz
- fontsource-open-sauce-sans/5.0.0/files/open-sauce-sans-latin-700-italic.woff2
- fontsource-open-sauce-sans/5.0.0/files/open-sauce-sans-latin-700-normal.woff.br
- fontsource-open-sauce-sans/5.0.0/files/open-sauce-sans-latin-700-normal.woff.gz
- fontsource-open-sauce-sans/5.0.0/files/open-sauce-sans-latin-700-normal.woff2
- fontsource-open-sauce-sans/5.0.0/files/open-sauce-sans-latin-800-italic.woff.br
- fontsource-open-sauce-sans/5.0.0/files/open-sauce-sans-latin-800-italic.woff.gz
- fontsource-open-sauce-sans/5.0.0/files/open-sauce-sans-latin-800-italic.woff2
- fontsource-open-sauce-sans/5.0.0/files/open-sauce-sans-latin-800-normal.woff.br
- fontsource-open-sauce-sans/5.0.0/files/open-sauce-sans-latin-800-normal.woff.gz
- fontsource-open-sauce-sans/5.0.0/files/open-sauce-sans-latin-800-normal.woff2
- fontsource-open-sauce-sans/5.0.0/files/open-sauce-sans-latin-900-italic.woff.br
- fontsource-open-sauce-sans/5.0.0/files/open-sauce-sans-latin-900-italic.woff.gz
- fontsource-open-sauce-sans/5.0.0/files/open-sauce-sans-latin-900-italic.woff2
- fontsource-open-sauce-sans/5.0.0/files/open-sauce-sans-latin-900-normal.woff.br
- fontsource-open-sauce-sans/5.0.0/files/open-sauce-sans-latin-900-normal.woff.gz
- fontsource-open-sauce-sans/5.0.0/files/open-sauce-sans-latin-900-normal.woff2
- fontsource-open-sauce-sans/5.0.0/index.css.br
- fontsource-open-sauce-sans/5.0.0/index.css.gz
- fontsource-open-sauce-sans/5.0.0/index.min.css.br
- fontsource-open-sauce-sans/5.0.0/index.min.css.gz
- fontsource-open-sauce-sans/5.0.0/latin-300-italic.css.br
- fontsource-open-sauce-sans/5.0.0/latin-300-italic.css.gz
- fontsource-open-sauce-sans/5.0.0/latin-300-italic.min.css.br
- fontsource-open-sauce-sans/5.0.0/latin-300-italic.min.css.gz
- fontsource-open-sauce-sans/5.0.0/latin-300.css.br
- fontsource-open-sauce-sans/5.0.0/latin-300.css.gz
- fontsource-open-sauce-sans/5.0.0/latin-300.min.css.br
- fontsource-open-sauce-sans/5.0.0/latin-300.min.css.gz
- fontsource-open-sauce-sans/5.0.0/latin-400-italic.css.br
- fontsource-open-sauce-sans/5.0.0/latin-400-italic.css.gz
- fontsource-open-sauce-sans/5.0.0/latin-400-italic.min.css.br
- fontsource-open-sauce-sans/5.0.0/latin-400-italic.min.css.gz
- fontsource-open-sauce-sans/5.0.0/latin-400.css.br
- fontsource-open-sauce-sans/5.0.0/latin-400.css.gz
- fontsource-open-sauce-sans/5.0.0/latin-400.min.css.br
- fontsource-open-sauce-sans/5.0.0/latin-400.min.css.gz
- fontsource-open-sauce-sans/5.0.0/latin-500-italic.css.br
- fontsource-open-sauce-sans/5.0.0/latin-500-italic.css.gz
- fontsource-open-sauce-sans/5.0.0/latin-500-italic.min.css.br
- fontsource-open-sauce-sans/5.0.0/latin-500-italic.min.css.gz
- fontsource-open-sauce-sans/5.0.0/latin-500.css.br
- fontsource-open-sauce-sans/5.0.0/latin-500.css.gz
- fontsource-open-sauce-sans/5.0.0/latin-500.min.css.br
- fontsource-open-sauce-sans/5.0.0/latin-500.min.css.gz
- fontsource-open-sauce-sans/5.0.0/latin-600-italic.css.br
- fontsource-open-sauce-sans/5.0.0/latin-600-italic.css.gz
- fontsource-open-sauce-sans/5.0.0/latin-600-italic.min.css.br
- fontsource-open-sauce-sans/5.0.0/latin-600-italic.min.css.gz
- fontsource-open-sauce-sans/5.0.0/latin-600.css.br
- fontsource-open-sauce-sans/5.0.0/latin-600.css.gz
- fontsource-open-sauce-sans/5.0.0/latin-600.min.css.br
- fontsource-open-sauce-sans/5.0.0/latin-600.min.css.gz
- fontsource-open-sauce-sans/5.0.0/latin-700-italic.css.br
- fontsource-open-sauce-sans/5.0.0/latin-700-italic.css.gz
- fontsource-open-sauce-sans/5.0.0/latin-700-italic.min.css.br
- fontsource-open-sauce-sans/5.0.0/latin-700-italic.min.css.gz
- fontsource-open-sauce-sans/5.0.0/latin-700.css.br
- fontsource-open-sauce-sans/5.0.0/latin-700.css.gz
- fontsource-open-sauce-sans/5.0.0/latin-700.min.css.br
- fontsource-open-sauce-sans/5.0.0/latin-700.min.css.gz
- fontsource-open-sauce-sans/5.0.0/latin-800-italic.css.br
- fontsource-open-sauce-sans/5.0.0/latin-800-italic.css.gz
- fontsource-open-sauce-sans/5.0.0/latin-800-italic.min.css.br
- fontsource-open-sauce-sans/5.0.0/latin-800-italic.min.css.gz
- fontsource-open-sauce-sans/5.0.0/latin-800.css.br
- fontsource-open-sauce-sans/5.0.0/latin-800.css.gz
- fontsource-open-sauce-sans/5.0.0/latin-800.min.css.br
- fontsource-open-sauce-sans/5.0.0/latin-800.min.css.gz
- fontsource-open-sauce-sans/5.0.0/latin-900-italic.css.br
- fontsource-open-sauce-sans/5.0.0/latin-900-italic.css.gz
- fontsource-open-sauce-sans/5.0.0/latin-900-italic.min.css.br
- fontsource-open-sauce-sans/5.0.0/latin-900-italic.min.css.gz
- fontsource-open-sauce-sans/5.0.0/latin-900.css.br
- fontsource-open-sauce-sans/5.0.0/latin-900.css.gz
- fontsource-open-sauce-sans/5.0.0/latin-900.min.css.br
- fontsource-open-sauce-sans/5.0.0/latin-900.min.css.gz
- fontsource-open-sauce-sans/5.0.0/latin-italic.css.br
- fontsource-open-sauce-sans/5.0.0/latin-italic.css.gz
- fontsource-open-sauce-sans/5.0.0/latin-italic.min.css.br
- fontsource-open-sauce-sans/5.0.0/latin-italic.min.css.gz
- fontsource-open-sauce-sans/5.0.0/latin.css.br
- fontsource-open-sauce-sans/5.0.0/latin.css.gz
- fontsource-open-sauce-sans/5.0.0/latin.min.css.br
- fontsource-open-sauce-sans/5.0.0/latin.min.css.gz
SRIs:
- fontsource-open-sauce-sans/5.0.0/700-italic.css: sha512-A5pdx5sglqad71xHK7KRP2N6KoAQCjTCqqi+fQun2R7Tfsdt8DJ4EwpQadhwI8ZaauCS3T7lKUedaGL7IcoSyw==
- fontsource-open-sauce-sans/5.0.0/latin-500-italic.min.css: sha512-vwgmM2xUAvOMDRGVJfHgER1Y6YorGuu6LHXrsrmzkfymkT5J1Y1G2QpqukFBUJjn4Zt86J84E/cyixmDwVoUwA==
- fontsource-open-sauce-sans/5.0.0/latin-700.min.css: sha512-q6kjY4RmfDsPAanNEuV7vZ83QHTdSG+TF7OA0epnsoiuonATjzTEefpk1w0QFYeQlvOfsnsrQzfXsCdC2rUotg==
- fontsource-open-sauce-sans/5.0.0/400-italic.css: sha512-aKyd5xCukgwaf/Pe5Jz8lWqI2znqKsRknbGdzB/qAJOy3KqM3lspmnmPHGLCFDN5Kx+eZRlc/e3vfWAp6ocWhQ==
- fontsource-open-sauce-sans/5.0.0/900-italic.min.css: sha512-q59HaUEhWFa1jsr3rENnAnLv6GKgXLQDnvQwgwozQnqwMSIpEZpK5IUoAYDkU+XFxn6rgVTMlqEQ11z4JZ4UQg==
- fontsource-open-sauce-sans/5.0.0/latin-400-italic.css: sha512-aKyd5xCukgwaf/Pe5Jz8lWqI2znqKsRknbGdzB/qAJOy3KqM3lspmnmPHGLCFDN5Kx+eZRlc/e3vfWAp6ocWhQ==
- fontsource-open-sauce-sans/5.0.0/latin-800.min.css: sha512-t5vHibLuC/wpTBa17lO8EpXQhfpwAUgE/boug6YaxodUm41IpS+DPZ1xlaZ7+Gm+Rr7IxVzpCFePJrDmB0TREQ==
- fontsource-open-sauce-sans/5.0.0/300-italic.css: sha512-TMvUE3G80gvbN6BFZPVLLpp2oEMO8rPiYooLm/+LzvJagg3n9ijqZoYzkZaYCqFQ0P/ZMouWIIV7OzkEaKKETw==
- fontsource-open-sauce-sans/5.0.0/latin-800-italic.css: sha512-/AgZyAL8gPWRs/8bJN3QvXAf3Pdp6BtcWYuVCtJ2NYhrNyrcMi9Bcxjg2DpDhBILbBRX+gAQp7aVAni7zS6UfA==
- fontsource-open-sauce-sans/5.0.0/600-italic.min.css: sha512-FecSUlLTxvC/tUbyXXrC9bkpN3KycWsMmWktJcZuY1rfE/X1to7qa+0S0iQEAertzD2GQvIZ5wXRabj23goVhQ==
- fontsource-open-sauce-sans/5.0.0/600.min.css: sha512-JE1ZSctFIgoHqZ7CSUgv1eTQgyMr98x9dlb7QiJpcyObCj0QfcXhxZFtG8S0VJv11PA5cFMC1i3ajcoQYkpv5Q==
- fontsource-open-sauce-sans/5.0.0/latin-300.min.css: sha512-KNkxpJX3EdVEO6i97ZAlcJPrej/NKFJsxiZo/HR6LwVefDiQyzfy7onW21bGbwn49I1Xupe2tWTvdsQ3f2tbQg==
- fontsource-open-sauce-sans/5.0.0/latin-400.css: sha512-PIn4t+LAiSD4NLPADEIthlQojNiiTaXOi8p0Y+WpUTn2zh3Wjb6c/z6GMD16g0UfCWYjquvhqiThWWYCa9zGKg==
- fontsource-open-sauce-sans/5.0.0/latin-italic.css: sha512-5SYqXLdESiCIpIua1ejArmnart4eGK/CQ8R5uKPbuaGp1ftWhX1NRX8qYnVlDHKZaP/hw0KGKQ4E1CoVsaMNxw==
- fontsource-open-sauce-sans/5.0.0/500-italic.min.css: sha512-vwgmM2xUAvOMDRGVJfHgER1Y6YorGuu6LHXrsrmzkfymkT5J1Y1G2QpqukFBUJjn4Zt86J84E/cyixmDwVoUwA==
- fontsource-open-sauce-sans/5.0.0/latin-300-italic.css: sha512-TMvUE3G80gvbN6BFZPVLLpp2oEMO8rPiYooLm/+LzvJagg3n9ijqZoYzkZaYCqFQ0P/ZMouWIIV7OzkEaKKETw==
- fontsource-open-sauce-sans/5.0.0/latin.css: sha512-gj9UMINPXRw5Pav/MJ+WbWZqvNYXW9I5z+2Sjr205pQJ/yxYz45VMTVHNhWGwXT3blFWeqJuZErIEcGILw0vMA==
- fontsource-open-sauce-sans/5.0.0/latin.min.css: sha512-tzoIW300pYPanamVh7ZizxWMZq6TXaLEVuJJzqhc9rb8ZO4fFStxMbCdRY86bii6XggocwmHikeF1xE990UG1g==
- fontsource-open-sauce-sans/5.0.0/index.min.css: sha512-vRgLRm6aJ/NmkETF+AuH2/GHe++HEO8BSOeR7oectwur6qbWMqC1yMlNazGLzpY/kwOvEKczeiqGQPsmlXMMZQ==
- fontsource-open-sauce-sans/5.0.0/800-italic.css: sha512-/AgZyAL8gPWRs/8bJN3QvXAf3Pdp6BtcWYuVCtJ2NYhrNyrcMi9Bcxjg2DpDhBILbBRX+gAQp7aVAni7zS6UfA==
- fontsource-open-sauce-sans/5.0.0/900.css: sha512-0gVzU0qQatjTm33DgPEvPyoSlcMF9x3tdGh17lxLuiZhICUSagUCLoSOX1YgUNvAMFzmhk2zgygTN02LNcgs7A==
- fontsource-open-sauce-sans/5.0.0/latin-700-italic.css: sha512-A5pdx5sglqad71xHK7KRP2N6KoAQCjTCqqi+fQun2R7Tfsdt8DJ4EwpQadhwI8ZaauCS3T7lKUedaGL7IcoSyw==
- fontsource-open-sauce-sans/5.0.0/latin-700-italic.min.css: sha512-FyslOtMgmEyoQYOxFQRYLHHh1h4093F8nOpNzNw9gXE5XfU4lkD5+GlUubSmNl7fbDtetdduyLOiSnMNTnr4EQ==
- fontsource-open-sauce-sans/5.0.0/latin-700.css: sha512-L/s5ZdDDbMFgUD0IkG34Cww7pQfn4VeWYzptijuWm/cIQ9ZiWTCgrkaRH3PpxpULqj53phMqrt/M8N0yruHRRg==
- fontsource-open-sauce-sans/5.0.0/600-italic.css: sha512-IrOMwDXr2LGEoQ8f5CFy28h+V3cu/jaudFzy49CvkiHK94v90+xzr8RnrI1xML8ShLwfl6fLL4Y649tVBvB8SA==
- fontsource-open-sauce-sans/5.0.0/800-italic.min.css: sha512-7dakumdz1QH1jynqdYxheGHvzks/Hy/DxjakhztwxI37aC90OcF60GDN+cnGWcaZ2Cesq5qkSoZh2l4+E1EYyg==
- fontsource-open-sauce-sans/5.0.0/800.css: sha512-MFfQrPjo5dNrQ8FUONbAHPJ0CMOp3vNdXWneSNkJIIJIMRg3bNaO1aRN0NOvtyec+PPCPOTiLWkzpOA5iiKs/Q==
- fontsource-open-sauce-sans/5.0.0/500.css: sha512-ELi4C8VCJpIuDC/vcIDVCtVvQ1ZvpxQma3FIOdS1QBE3tOH37MDFs1QwJQJ3uo1nENhNKgGFkWTVrc/I+kjf+Q==
- fontsource-open-sauce-sans/5.0.0/latin-900.min.css: sha512-jRNxCmNfWcFedowUxbpzPO3IykvfmeA231giuhwZCLXIlaY7hOnzSK3gnuuDLrCu4O9xS8kN93tdxsXRa0ptlQ==
- fontsource-open-sauce-sans/5.0.0/index.css: sha512-PIn4t+LAiSD4NLPADEIthlQojNiiTaXOi8p0Y+WpUTn2zh3Wjb6c/z6GMD16g0UfCWYjquvhqiThWWYCa9zGKg==
- fontsource-open-sauce-sans/5.0.0/900.min.css: sha512-jRNxCmNfWcFedowUxbpzPO3IykvfmeA231giuhwZCLXIlaY7hOnzSK3gnuuDLrCu4O9xS8kN93tdxsXRa0ptlQ==
- fontsource-open-sauce-sans/5.0.0/900-italic.css: sha512-efYrJQWytxJ+PwWBRUhBIxF5wuju53L5MF5nIqcg0xiYCjup3l9+SFwvqoOw2Bo5AOjUYlhVOAHLMQ1eQ5ks9A==
- fontsource-open-sauce-sans/5.0.0/latin-800.css: sha512-MFfQrPjo5dNrQ8FUONbAHPJ0CMOp3vNdXWneSNkJIIJIMRg3bNaO1aRN0NOvtyec+PPCPOTiLWkzpOA5iiKs/Q==
- fontsource-open-sauce-sans/5.0.0/500.min.css: sha512-jd5IwHQKhSNgeviESUu00ze0Ui3AJanAGzdaarjWqNKP1wM0/oTR+1vqQx3O2TbKvVLN5rAHxHKKL+jfCw+TQw==
- fontsource-open-sauce-sans/5.0.0/latin-500-italic.css: sha512-PQ9aeYfpVjAsj5c2FqsLIKcBryaw3bTwjJHl3LXoo0UY3IeZp0/EN/o44EOnCf+72CBcBDhpnmn2AgdfB78smQ==
- fontsource-open-sauce-sans/5.0.0/latin-500.css: sha512-ELi4C8VCJpIuDC/vcIDVCtVvQ1ZvpxQma3FIOdS1QBE3tOH37MDFs1QwJQJ3uo1nENhNKgGFkWTVrc/I+kjf+Q==
- fontsource-open-sauce-sans/5.0.0/latin-600.min.css: sha512-JE1ZSctFIgoHqZ7CSUgv1eTQgyMr98x9dlb7QiJpcyObCj0QfcXhxZFtG8S0VJv11PA5cFMC1i3ajcoQYkpv5Q==
- fontsource-open-sauce-sans/5.0.0/300.css: sha512-G/H/Xju0ioPgCfaR9Z54HzQSeUg5A1GMlhapktY8v1+x+LFChY+Jzn+vCALBn9z7y7Q2zX5tlilesDljlU4oBQ==
- fontsource-open-sauce-sans/5.0.0/400-italic.min.css: sha512-XxPXMQDzOkrtfjZPfWN5u62fYTYVM/X0Y//TRI4YTw+HTvtkRFjboR5rBjDHt1g2Y6Qp3IiokDaizK9xKifbog==
- fontsource-open-sauce-sans/5.0.0/700.css: sha512-L/s5ZdDDbMFgUD0IkG34Cww7pQfn4VeWYzptijuWm/cIQ9ZiWTCgrkaRH3PpxpULqj53phMqrt/M8N0yruHRRg==
- fontsource-open-sauce-sans/5.0.0/700.min.css: sha512-q6kjY4RmfDsPAanNEuV7vZ83QHTdSG+TF7OA0epnsoiuonATjzTEefpk1w0QFYeQlvOfsnsrQzfXsCdC2rUotg==
- fontsource-open-sauce-sans/5.0.0/latin-300.css: sha512-G/H/Xju0ioPgCfaR9Z54HzQSeUg5A1GMlhapktY8v1+x+LFChY+Jzn+vCALBn9z7y7Q2zX5tlilesDljlU4oBQ==
- fontsource-open-sauce-sans/5.0.0/latin-400-italic.min.css: sha512-XxPXMQDzOkrtfjZPfWN5u62fYTYVM/X0Y//TRI4YTw+HTvtkRFjboR5rBjDHt1g2Y6Qp3IiokDaizK9xKifbog==
- fontsource-open-sauce-sans/5.0.0/latin-800-italic.min.css: sha512-7dakumdz1QH1jynqdYxheGHvzks/Hy/DxjakhztwxI37aC90OcF60GDN+cnGWcaZ2Cesq5qkSoZh2l4+E1EYyg==
- fontsource-open-sauce-sans/5.0.0/300-italic.min.css: sha512-TsLyA+dpyPX+tx/ow1s7xlYrbnqbvOqnVX7LXHvhb4bIq3rAXL5xvzm8zZhgJEW5BunD7c/2GIn508dAISbZ4w==
- fontsource-open-sauce-sans/5.0.0/800.min.css: sha512-t5vHibLuC/wpTBa17lO8EpXQhfpwAUgE/boug6YaxodUm41IpS+DPZ1xlaZ7+Gm+Rr7IxVzpCFePJrDmB0TREQ==
- fontsource-open-sauce-sans/5.0.0/400.min.css: sha512-vRgLRm6aJ/NmkETF+AuH2/GHe++HEO8BSOeR7oectwur6qbWMqC1yMlNazGLzpY/kwOvEKczeiqGQPsmlXMMZQ==
- fontsource-open-sauce-sans/5.0.0/latin-300-italic.min.css: sha512-TsLyA+dpyPX+tx/ow1s7xlYrbnqbvOqnVX7LXHvhb4bIq3rAXL5xvzm8zZhgJEW5BunD7c/2GIn508dAISbZ4w==
- fontsource-open-sauce-sans/5.0.0/latin-400.min.css: sha512-vRgLRm6aJ/NmkETF+AuH2/GHe++HEO8BSOeR7oectwur6qbWMqC1yMlNazGLzpY/kwOvEKczeiqGQPsmlXMMZQ==
- fontsource-open-sauce-sans/5.0.0/latin-600-italic.min.css: sha512-FecSUlLTxvC/tUbyXXrC9bkpN3KycWsMmWktJcZuY1rfE/X1to7qa+0S0iQEAertzD2GQvIZ5wXRabj23goVhQ==
- fontsource-open-sauce-sans/5.0.0/latin-600.css: sha512-zOnshqGcVk/szAkT36Hj2Rb0zEQD3xDI67YnSKfV0rfIbQrz1hO/D4K8auqzhEm9c5I1KZOSj6T6Ku+puN4Y+Q==
- fontsource-open-sauce-sans/5.0.0/600.css: sha512-zOnshqGcVk/szAkT36Hj2Rb0zEQD3xDI67YnSKfV0rfIbQrz1hO/D4K8auqzhEm9c5I1KZOSj6T6Ku+puN4Y+Q==
- fontsource-open-sauce-sans/5.0.0/700-italic.min.css: sha512-FyslOtMgmEyoQYOxFQRYLHHh1h4093F8nOpNzNw9gXE5XfU4lkD5+GlUubSmNl7fbDtetdduyLOiSnMNTnr4EQ==
- fontsource-open-sauce-sans/5.0.0/latin-500.min.css: sha512-jd5IwHQKhSNgeviESUu00ze0Ui3AJanAGzdaarjWqNKP1wM0/oTR+1vqQx3O2TbKvVLN5rAHxHKKL+jfCw+TQw==
- fontsource-open-sauce-sans/5.0.0/latin-900-italic.css: sha512-efYrJQWytxJ+PwWBRUhBIxF5wuju53L5MF5nIqcg0xiYCjup3l9+SFwvqoOw2Bo5AOjUYlhVOAHLMQ1eQ5ks9A==
- fontsource-open-sauce-sans/5.0.0/latin-900-italic.min.css: sha512-q59HaUEhWFa1jsr3rENnAnLv6GKgXLQDnvQwgwozQnqwMSIpEZpK5IUoAYDkU+XFxn6rgVTMlqEQ11z4JZ4UQg==
- fontsource-open-sauce-sans/5.0.0/latin-italic.min.css: sha512-GnaTgbaGmEi3JCvVyWnf0zWG6D1JW9cMucvHJFdV+8GQ80oJstxrMrughG9rQTvjgKKIjQrXZ+PWj9XD4Ah3yQ==
- fontsource-open-sauce-sans/5.0.0/300.min.css: sha512-KNkxpJX3EdVEO6i97ZAlcJPrej/NKFJsxiZo/HR6LwVefDiQyzfy7onW21bGbwn49I1Xupe2tWTvdsQ3f2tbQg==
- fontsource-open-sauce-sans/5.0.0/500-italic.css: sha512-PQ9aeYfpVjAsj5c2FqsLIKcBryaw3bTwjJHl3LXoo0UY3IeZp0/EN/o44EOnCf+72CBcBDhpnmn2AgdfB78smQ==
- fontsource-open-sauce-sans/5.0.0/latin-600-italic.css: sha512-IrOMwDXr2LGEoQ8f5CFy28h+V3cu/jaudFzy49CvkiHK94v90+xzr8RnrI1xML8ShLwfl6fLL4Y649tVBvB8SA==
- fontsource-open-sauce-sans/5.0.0/latin-900.css: sha512-0gVzU0qQatjTm33DgPEvPyoSlcMF9x3tdGh17lxLuiZhICUSagUCLoSOX1YgUNvAMFzmhk2zgygTN02LNcgs7A==
- fontsource-open-sauce-sans/5.0.0/400.css: sha512-PIn4t+LAiSD4NLPADEIthlQojNiiTaXOi8p0Y+WpUTn2zh3Wjb6c/z6GMD16g0UfCWYjquvhqiThWWYCa9zGKg==
