Files:
- fontsource-m-plus-code-latin/5.0.12/100.css.gz
- fontsource-m-plus-code-latin/5.0.12/100.min.css.gz
- fontsource-m-plus-code-latin/5.0.12/200.css.gz
- fontsource-m-plus-code-latin/5.0.12/200.min.css.gz
- fontsource-m-plus-code-latin/5.0.12/300.css.gz
- fontsource-m-plus-code-latin/5.0.12/300.min.css.gz
- fontsource-m-plus-code-latin/5.0.12/400.css.gz
- fontsource-m-plus-code-latin/5.0.12/400.min.css.gz
- fontsource-m-plus-code-latin/5.0.12/500.css.gz
- fontsource-m-plus-code-latin/5.0.12/500.min.css.gz
- fontsource-m-plus-code-latin/5.0.12/600.css.gz
- fontsource-m-plus-code-latin/5.0.12/600.min.css.gz
- fontsource-m-plus-code-latin/5.0.12/700.css.gz
- fontsource-m-plus-code-latin/5.0.12/700.min.css.gz
- fontsource-m-plus-code-latin/5.0.12/files/m-plus-code-latin-latin-100-normal.woff.gz
- fontsource-m-plus-code-latin/5.0.12/files/m-plus-code-latin-latin-200-normal.woff.gz
- fontsource-m-plus-code-latin/5.0.12/files/m-plus-code-latin-latin-300-normal.woff.gz
- fontsource-m-plus-code-latin/5.0.12/files/m-plus-code-latin-latin-400-normal.woff.gz
- fontsource-m-plus-code-latin/5.0.12/files/m-plus-code-latin-latin-500-normal.woff.gz
- fontsource-m-plus-code-latin/5.0.12/files/m-plus-code-latin-latin-600-normal.woff.gz
- fontsource-m-plus-code-latin/5.0.12/files/m-plus-code-latin-latin-700-normal.woff.gz
- fontsource-m-plus-code-latin/5.0.12/files/m-plus-code-latin-latin-ext-100-normal.woff.gz
- fontsource-m-plus-code-latin/5.0.12/files/m-plus-code-latin-latin-ext-200-normal.woff.gz
- fontsource-m-plus-code-latin/5.0.12/files/m-plus-code-latin-latin-ext-300-normal.woff.gz
- fontsource-m-plus-code-latin/5.0.12/files/m-plus-code-latin-latin-ext-400-normal.woff.gz
- fontsource-m-plus-code-latin/5.0.12/files/m-plus-code-latin-latin-ext-500-normal.woff.gz
- fontsource-m-plus-code-latin/5.0.12/files/m-plus-code-latin-latin-ext-600-normal.woff.gz
- fontsource-m-plus-code-latin/5.0.12/files/m-plus-code-latin-latin-ext-700-normal.woff.gz
- fontsource-m-plus-code-latin/5.0.12/files/m-plus-code-latin-vietnamese-100-normal.woff.gz
- fontsource-m-plus-code-latin/5.0.12/files/m-plus-code-latin-vietnamese-200-normal.woff.gz
- fontsource-m-plus-code-latin/5.0.12/files/m-plus-code-latin-vietnamese-300-normal.woff.gz
- fontsource-m-plus-code-latin/5.0.12/files/m-plus-code-latin-vietnamese-400-normal.woff.gz
- fontsource-m-plus-code-latin/5.0.12/files/m-plus-code-latin-vietnamese-500-normal.woff.gz
- fontsource-m-plus-code-latin/5.0.12/files/m-plus-code-latin-vietnamese-600-normal.woff.gz
- fontsource-m-plus-code-latin/5.0.12/files/m-plus-code-latin-vietnamese-700-normal.woff.gz
- fontsource-m-plus-code-latin/5.0.12/index.css.gz
- fontsource-m-plus-code-latin/5.0.12/index.min.css.gz
- fontsource-m-plus-code-latin/5.0.12/latin-100.css.gz
- fontsource-m-plus-code-latin/5.0.12/latin-100.min.css.gz
- fontsource-m-plus-code-latin/5.0.12/latin-200.css.gz
- fontsource-m-plus-code-latin/5.0.12/latin-200.min.css.gz
- fontsource-m-plus-code-latin/5.0.12/latin-300.css.gz
- fontsource-m-plus-code-latin/5.0.12/latin-300.min.css.gz
- fontsource-m-plus-code-latin/5.0.12/latin-400.css.gz
- fontsource-m-plus-code-latin/5.0.12/latin-400.min.css.gz
- fontsource-m-plus-code-latin/5.0.12/latin-500.css.gz
- fontsource-m-plus-code-latin/5.0.12/latin-500.min.css.gz
- fontsource-m-plus-code-latin/5.0.12/latin-600.css.gz
- fontsource-m-plus-code-latin/5.0.12/latin-600.min.css.gz
- fontsource-m-plus-code-latin/5.0.12/latin-700.css.gz
- fontsource-m-plus-code-latin/5.0.12/latin-700.min.css.gz
- fontsource-m-plus-code-latin/5.0.12/latin-ext-100.css.gz
- fontsource-m-plus-code-latin/5.0.12/latin-ext-100.min.css.gz
- fontsource-m-plus-code-latin/5.0.12/latin-ext-200.css.gz
- fontsource-m-plus-code-latin/5.0.12/latin-ext-200.min.css.gz
- fontsource-m-plus-code-latin/5.0.12/latin-ext-300.css.gz
- fontsource-m-plus-code-latin/5.0.12/latin-ext-300.min.css.gz
- fontsource-m-plus-code-latin/5.0.12/latin-ext-400.css.gz
- fontsource-m-plus-code-latin/5.0.12/latin-ext-400.min.css.gz
- fontsource-m-plus-code-latin/5.0.12/latin-ext-500.css.gz
- fontsource-m-plus-code-latin/5.0.12/latin-ext-500.min.css.gz
- fontsource-m-plus-code-latin/5.0.12/latin-ext-600.css.gz
- fontsource-m-plus-code-latin/5.0.12/latin-ext-600.min.css.gz
- fontsource-m-plus-code-latin/5.0.12/latin-ext-700.css.gz
- fontsource-m-plus-code-latin/5.0.12/latin-ext-700.min.css.gz
- fontsource-m-plus-code-latin/5.0.12/latin-ext.css.gz
- fontsource-m-plus-code-latin/5.0.12/latin-ext.min.css.gz
- fontsource-m-plus-code-latin/5.0.12/latin.css.gz
- fontsource-m-plus-code-latin/5.0.12/latin.min.css.gz
- fontsource-m-plus-code-latin/5.0.12/vietnamese-100.css.gz
- fontsource-m-plus-code-latin/5.0.12/vietnamese-100.min.css.gz
- fontsource-m-plus-code-latin/5.0.12/vietnamese-200.css.gz
- fontsource-m-plus-code-latin/5.0.12/vietnamese-200.min.css.gz
- fontsource-m-plus-code-latin/5.0.12/vietnamese-300.css.gz
- fontsource-m-plus-code-latin/5.0.12/vietnamese-300.min.css.gz
- fontsource-m-plus-code-latin/5.0.12/vietnamese-400.css.gz
- fontsource-m-plus-code-latin/5.0.12/vietnamese-400.min.css.gz
- fontsource-m-plus-code-latin/5.0.12/vietnamese-500.css.gz
- fontsource-m-plus-code-latin/5.0.12/vietnamese-500.min.css.gz
- fontsource-m-plus-code-latin/5.0.12/vietnamese-600.css.gz
- fontsource-m-plus-code-latin/5.0.12/vietnamese-600.min.css.gz
- fontsource-m-plus-code-latin/5.0.12/vietnamese-700.css.gz
- fontsource-m-plus-code-latin/5.0.12/vietnamese-700.min.css.gz
- fontsource-m-plus-code-latin/5.0.12/vietnamese.css.gz
- fontsource-m-plus-code-latin/5.0.12/vietnamese.min.css.gz
