2021-02-17 06:20:17 toastify-js: new version: 1.5.0: ["toastify.css","toastify.js","toastify.min.css","toastify.min.js"]
2021-02-17 06:20:17 toastify-js: new version kv files: 1.5.0: ["toastify.css.br","toastify.css.gz","toastify.js.br","toastify.js.gz","toastify.min.css.br","toastify.min.css.gz","toastify.min.js.br","toastify.min.js.gz"]
2021-02-17 06:20:17 toastify-js: new version kv SRIs: 1.5.0: ["toastify.css","toastify.js","toastify.min.css","toastify.min.js"]
2021-02-17 06:20:21 toastify-js: new version: 1.6.0: ["toastify.css","toastify.js","toastify.min.css","toastify.min.js"]
2021-02-17 06:20:21 toastify-js: new version kv files: 1.6.0: ["toastify.css.br","toastify.css.gz","toastify.js.br","toastify.js.gz","toastify.min.css.br","toastify.min.css.gz","toastify.min.js.br","toastify.min.js.gz"]
2021-02-17 06:20:21 toastify-js: new version kv SRIs: 1.6.0: ["toastify.css","toastify.js","toastify.min.css","toastify.min.js"]
2021-02-17 06:20:25 toastify-js: new version: 1.6.1: ["toastify.css","toastify.js","toastify.min.css","toastify.min.js"]
2021-02-17 06:20:25 toastify-js: new version kv files: 1.6.1: ["toastify.css.br","toastify.css.gz","toastify.js.br","toastify.js.gz","toastify.min.css.br","toastify.min.css.gz","toastify.min.js.br","toastify.min.js.gz"]
2021-02-17 06:20:25 toastify-js: new version kv SRIs: 1.6.1: ["toastify.css","toastify.js","toastify.min.css","toastify.min.js"]
2021-02-17 06:20:29 toastify-js: new version: 1.6.2: ["toastify.css","toastify.js","toastify.min.css","toastify.min.js"]
2021-02-17 06:20:29 toastify-js: new version kv files: 1.6.2: ["toastify.css.br","toastify.css.gz","toastify.js.br","toastify.js.gz","toastify.min.css.br","toastify.min.css.gz","toastify.min.js.br","toastify.min.js.gz"]
2021-02-17 06:20:29 toastify-js: new version kv SRIs: 1.6.2: ["toastify.css","toastify.js","toastify.min.css","toastify.min.js"]
2021-02-17 06:20:33 toastify-js: new version: 1.7.0: ["toastify.css","toastify.js","toastify.min.css","toastify.min.js"]
2021-02-17 06:20:33 toastify-js: new version kv files: 1.7.0: ["toastify.css.br","toastify.css.gz","toastify.js.br","toastify.js.gz","toastify.min.css.br","toastify.min.css.gz","toastify.min.js.br","toastify.min.js.gz"]
2021-02-17 06:20:33 toastify-js: new version kv SRIs: 1.7.0: ["toastify.css","toastify.js","toastify.min.css","toastify.min.js"]
2021-02-17 06:20:37 toastify-js: new version: 1.8.0: ["toastify.css","toastify.js","toastify.min.css","toastify.min.js"]
2021-02-17 06:20:37 toastify-js: new version kv files: 1.8.0: ["toastify.css.br","toastify.css.gz","toastify.js.br","toastify.js.gz","toastify.min.css.br","toastify.min.css.gz","toastify.min.js.br","toastify.min.js.gz"]
2021-02-17 06:20:37 toastify-js: new version kv SRIs: 1.8.0: ["toastify.css","toastify.js","toastify.min.css","toastify.min.js"]
2021-02-17 06:20:41 toastify-js: new version: 1.9.0: ["toastify.css","toastify.js","toastify.min.css","toastify.min.js"]
2021-02-17 06:20:41 toastify-js: new version kv files: 1.9.0: ["toastify.css.br","toastify.css.gz","toastify.js.br","toastify.js.gz","toastify.min.css.br","toastify.min.css.gz","toastify.min.js.br","toastify.min.js.gz"]
2021-02-17 06:20:41 toastify-js: new version kv SRIs: 1.9.0: ["toastify.css","toastify.js","toastify.min.css","toastify.min.js"]
2021-02-17 06:20:45 toastify-js: new version: 1.9.1: ["toastify.css","toastify.js","toastify.min.css","toastify.min.js"]
2021-02-17 06:20:45 toastify-js: new version kv files: 1.9.1: ["toastify.css.br","toastify.css.gz","toastify.js.br","toastify.js.gz","toastify.min.css.br","toastify.min.css.gz","toastify.min.js.br","toastify.min.js.gz"]
2021-02-17 06:20:45 toastify-js: new version kv SRIs: 1.9.1: ["toastify.css","toastify.js","toastify.min.css","toastify.min.js"]
2021-02-17 06:20:49 toastify-js: new version: 1.9.2: ["toastify.css","toastify.js","toastify.min.css","toastify.min.js"]
2021-02-17 06:20:49 toastify-js: new version kv files: 1.9.2: ["toastify.css.br","toastify.css.gz","toastify.js.br","toastify.js.gz","toastify.min.css.br","toastify.min.css.gz","toastify.min.js.br","toastify.min.js.gz"]
2021-02-17 06:20:49 toastify-js: new version kv SRIs: 1.9.2: ["toastify.css","toastify.js","toastify.min.css","toastify.min.js"]
2021-02-17 06:20:53 toastify-js: new version: 1.9.3: ["toastify.css","toastify.js","toastify.min.css","toastify.min.js"]
2021-02-17 06:20:53 toastify-js: new version kv files: 1.9.3: ["toastify.css.br","toastify.css.gz","toastify.js.br","toastify.js.gz","toastify.min.css.br","toastify.min.css.gz","toastify.min.js.br","toastify.min.js.gz"]
2021-02-17 06:20:53 toastify-js: new version kv SRIs: 1.9.3: ["toastify.css","toastify.js","toastify.min.css","toastify.min.js"]
2021-02-17 06:21:52 toastify-js: update metadata: 1.9.3: {"authors":[{"name":"Varun A P"}],"autoupdate":{"source":"npm","target":"toastify-js","fileMap":[{"basePath":"src","files":["*.@(js|css)"]}]},"description":"Toastify is a lightweight, vanilla JS toast notification library.","filename":"toastify.js","homepage":"https://github.com/apvarun/toastify-js#readme","keywords":["toastify","javascript","notifications","toast"],"license":"MIT","name":"toastify-js","repository":{"type":"git","url":"git+https://github.com/apvarun/toastify-js.git"},"version":"1.9.3","author":"Varun A P"}
2021-02-17 06:22:07 toastify-js: update aggregated metadata: 1.9.3: {"found":false,"kv_writes":["toastify-js"]}
