config: {"authors":[{"name":"Google Inc."}],"autoupdate":{"source":"npm","target":"@fontsource/noto-serif-oriya","fileMap":[{"basePath":"","files":["*.css","files/*.@(woff|woff2)"]}],"excludeFromSearch":true},"description":"Self-host the Noto Serif Oriya font in a neatly bundled NPM package.","filename":"index.css","homepage":"https://fontsource.org/fonts/noto-serif-oriya","keywords":["fontsource","font","font family","google fonts","noto-serif-oriya","Noto Serif Oriya","css","sass","front-end","web","typeface","variable"],"license":"OFL-1.1","name":"fontsource-noto-serif-oriya","repository":{"type":"git","url":"git+https://github.com/fontsource/font-files.git"},"author":"Google Inc."}
KV keys:
- fontsource-noto-serif-oriya/5.0.8/400.css.br
- fontsource-noto-serif-oriya/5.0.8/400.css.gz
- fontsource-noto-serif-oriya/5.0.8/400.min.css.br
- fontsource-noto-serif-oriya/5.0.8/400.min.css.gz
- fontsource-noto-serif-oriya/5.0.8/500.css.br
- fontsource-noto-serif-oriya/5.0.8/500.css.gz
- fontsource-noto-serif-oriya/5.0.8/500.min.css.br
- fontsource-noto-serif-oriya/5.0.8/500.min.css.gz
- fontsource-noto-serif-oriya/5.0.8/600.css.br
- fontsource-noto-serif-oriya/5.0.8/600.css.gz
- fontsource-noto-serif-oriya/5.0.8/600.min.css.br
- fontsource-noto-serif-oriya/5.0.8/600.min.css.gz
- fontsource-noto-serif-oriya/5.0.8/700.css.br
- fontsource-noto-serif-oriya/5.0.8/700.css.gz
- fontsource-noto-serif-oriya/5.0.8/700.min.css.br
- fontsource-noto-serif-oriya/5.0.8/700.min.css.gz
- fontsource-noto-serif-oriya/5.0.8/files/noto-serif-oriya-latin-400-normal.woff.br
- fontsource-noto-serif-oriya/5.0.8/files/noto-serif-oriya-latin-400-normal.woff.gz
- fontsource-noto-serif-oriya/5.0.8/files/noto-serif-oriya-latin-400-normal.woff2
- fontsource-noto-serif-oriya/5.0.8/files/noto-serif-oriya-latin-500-normal.woff.br
- fontsource-noto-serif-oriya/5.0.8/files/noto-serif-oriya-latin-500-normal.woff.gz
- fontsource-noto-serif-oriya/5.0.8/files/noto-serif-oriya-latin-500-normal.woff2
- fontsource-noto-serif-oriya/5.0.8/files/noto-serif-oriya-latin-600-normal.woff.br
- fontsource-noto-serif-oriya/5.0.8/files/noto-serif-oriya-latin-600-normal.woff.gz
- fontsource-noto-serif-oriya/5.0.8/files/noto-serif-oriya-latin-600-normal.woff2
- fontsource-noto-serif-oriya/5.0.8/files/noto-serif-oriya-latin-700-normal.woff.br
- fontsource-noto-serif-oriya/5.0.8/files/noto-serif-oriya-latin-700-normal.woff.gz
- fontsource-noto-serif-oriya/5.0.8/files/noto-serif-oriya-latin-700-normal.woff2
- fontsource-noto-serif-oriya/5.0.8/files/noto-serif-oriya-latin-ext-400-normal.woff.br
- fontsource-noto-serif-oriya/5.0.8/files/noto-serif-oriya-latin-ext-400-normal.woff.gz
- fontsource-noto-serif-oriya/5.0.8/files/noto-serif-oriya-latin-ext-400-normal.woff2
- fontsource-noto-serif-oriya/5.0.8/files/noto-serif-oriya-latin-ext-500-normal.woff.br
- fontsource-noto-serif-oriya/5.0.8/files/noto-serif-oriya-latin-ext-500-normal.woff.gz
- fontsource-noto-serif-oriya/5.0.8/files/noto-serif-oriya-latin-ext-500-normal.woff2
- fontsource-noto-serif-oriya/5.0.8/files/noto-serif-oriya-latin-ext-600-normal.woff.br
- fontsource-noto-serif-oriya/5.0.8/files/noto-serif-oriya-latin-ext-600-normal.woff.gz
- fontsource-noto-serif-oriya/5.0.8/files/noto-serif-oriya-latin-ext-600-normal.woff2
- fontsource-noto-serif-oriya/5.0.8/files/noto-serif-oriya-latin-ext-700-normal.woff.br
- fontsource-noto-serif-oriya/5.0.8/files/noto-serif-oriya-latin-ext-700-normal.woff.gz
- fontsource-noto-serif-oriya/5.0.8/files/noto-serif-oriya-latin-ext-700-normal.woff2
- fontsource-noto-serif-oriya/5.0.8/files/noto-serif-oriya-oriya-400-normal.woff.br
- fontsource-noto-serif-oriya/5.0.8/files/noto-serif-oriya-oriya-400-normal.woff.gz
- fontsource-noto-serif-oriya/5.0.8/files/noto-serif-oriya-oriya-400-normal.woff2
- fontsource-noto-serif-oriya/5.0.8/files/noto-serif-oriya-oriya-500-normal.woff.br
- fontsource-noto-serif-oriya/5.0.8/files/noto-serif-oriya-oriya-500-normal.woff.gz
- fontsource-noto-serif-oriya/5.0.8/files/noto-serif-oriya-oriya-500-normal.woff2
- fontsource-noto-serif-oriya/5.0.8/files/noto-serif-oriya-oriya-600-normal.woff.br
- fontsource-noto-serif-oriya/5.0.8/files/noto-serif-oriya-oriya-600-normal.woff.gz
- fontsource-noto-serif-oriya/5.0.8/files/noto-serif-oriya-oriya-600-normal.woff2
- fontsource-noto-serif-oriya/5.0.8/files/noto-serif-oriya-oriya-700-normal.woff.br
- fontsource-noto-serif-oriya/5.0.8/files/noto-serif-oriya-oriya-700-normal.woff.gz
- fontsource-noto-serif-oriya/5.0.8/files/noto-serif-oriya-oriya-700-normal.woff2
- fontsource-noto-serif-oriya/5.0.8/index.css.br
- fontsource-noto-serif-oriya/5.0.8/index.css.gz
- fontsource-noto-serif-oriya/5.0.8/index.min.css.br
- fontsource-noto-serif-oriya/5.0.8/index.min.css.gz
- fontsource-noto-serif-oriya/5.0.8/latin-400.css.br
- fontsource-noto-serif-oriya/5.0.8/latin-400.css.gz
- fontsource-noto-serif-oriya/5.0.8/latin-400.min.css.br
- fontsource-noto-serif-oriya/5.0.8/latin-400.min.css.gz
- fontsource-noto-serif-oriya/5.0.8/latin-500.css.br
- fontsource-noto-serif-oriya/5.0.8/latin-500.css.gz
- fontsource-noto-serif-oriya/5.0.8/latin-500.min.css.br
- fontsource-noto-serif-oriya/5.0.8/latin-500.min.css.gz
- fontsource-noto-serif-oriya/5.0.8/latin-600.css.br
- fontsource-noto-serif-oriya/5.0.8/latin-600.css.gz
- fontsource-noto-serif-oriya/5.0.8/latin-600.min.css.br
- fontsource-noto-serif-oriya/5.0.8/latin-600.min.css.gz
- fontsource-noto-serif-oriya/5.0.8/latin-700.css.br
- fontsource-noto-serif-oriya/5.0.8/latin-700.css.gz
- fontsource-noto-serif-oriya/5.0.8/latin-700.min.css.br
- fontsource-noto-serif-oriya/5.0.8/latin-700.min.css.gz
- fontsource-noto-serif-oriya/5.0.8/latin-ext-400.css.br
- fontsource-noto-serif-oriya/5.0.8/latin-ext-400.css.gz
- fontsource-noto-serif-oriya/5.0.8/latin-ext-400.min.css.br
- fontsource-noto-serif-oriya/5.0.8/latin-ext-400.min.css.gz
- fontsource-noto-serif-oriya/5.0.8/latin-ext-500.css.br
- fontsource-noto-serif-oriya/5.0.8/latin-ext-500.css.gz
- fontsource-noto-serif-oriya/5.0.8/latin-ext-500.min.css.br
- fontsource-noto-serif-oriya/5.0.8/latin-ext-500.min.css.gz
- fontsource-noto-serif-oriya/5.0.8/latin-ext-600.css.br
- fontsource-noto-serif-oriya/5.0.8/latin-ext-600.css.gz
- fontsource-noto-serif-oriya/5.0.8/latin-ext-600.min.css.br
- fontsource-noto-serif-oriya/5.0.8/latin-ext-600.min.css.gz
- fontsource-noto-serif-oriya/5.0.8/latin-ext-700.css.br
- fontsource-noto-serif-oriya/5.0.8/latin-ext-700.css.gz
- fontsource-noto-serif-oriya/5.0.8/latin-ext-700.min.css.br
- fontsource-noto-serif-oriya/5.0.8/latin-ext-700.min.css.gz
- fontsource-noto-serif-oriya/5.0.8/latin-ext.css.br
- fontsource-noto-serif-oriya/5.0.8/latin-ext.css.gz
- fontsource-noto-serif-oriya/5.0.8/latin-ext.min.css.br
- fontsource-noto-serif-oriya/5.0.8/latin-ext.min.css.gz
- fontsource-noto-serif-oriya/5.0.8/latin.css.br
- fontsource-noto-serif-oriya/5.0.8/latin.css.gz
- fontsource-noto-serif-oriya/5.0.8/latin.min.css.br
- fontsource-noto-serif-oriya/5.0.8/latin.min.css.gz
- fontsource-noto-serif-oriya/5.0.8/oriya-400.css.br
- fontsource-noto-serif-oriya/5.0.8/oriya-400.css.gz
- fontsource-noto-serif-oriya/5.0.8/oriya-400.min.css.br
- fontsource-noto-serif-oriya/5.0.8/oriya-400.min.css.gz
- fontsource-noto-serif-oriya/5.0.8/oriya-500.css.br
- fontsource-noto-serif-oriya/5.0.8/oriya-500.css.gz
- fontsource-noto-serif-oriya/5.0.8/oriya-500.min.css.br
- fontsource-noto-serif-oriya/5.0.8/oriya-500.min.css.gz
- fontsource-noto-serif-oriya/5.0.8/oriya-600.css.br
- fontsource-noto-serif-oriya/5.0.8/oriya-600.css.gz
- fontsource-noto-serif-oriya/5.0.8/oriya-600.min.css.br
- fontsource-noto-serif-oriya/5.0.8/oriya-600.min.css.gz
- fontsource-noto-serif-oriya/5.0.8/oriya-700.css.br
- fontsource-noto-serif-oriya/5.0.8/oriya-700.css.gz
- fontsource-noto-serif-oriya/5.0.8/oriya-700.min.css.br
- fontsource-noto-serif-oriya/5.0.8/oriya-700.min.css.gz
- fontsource-noto-serif-oriya/5.0.8/oriya.css.br
- fontsource-noto-serif-oriya/5.0.8/oriya.css.gz
- fontsource-noto-serif-oriya/5.0.8/oriya.min.css.br
- fontsource-noto-serif-oriya/5.0.8/oriya.min.css.gz
SRIs:
- fontsource-noto-serif-oriya/5.0.8/latin-ext-500.css: sha512-OY0odXYlSEToG34pQQARku+WSEgvuKvnncY/CivFPVKK8Jja4sqgLONl5pjNTbNfvKA9rmKEW4nYQU6rWtCFPQ==
- fontsource-noto-serif-oriya/5.0.8/latin-ext-500.min.css: sha512-9Fpm720RKZjlqdsYuSqywdk0UDNNXMbgCT3mvvfyjOIxDK+KNGFXioPUZCt4iW9AzlD0+Y1e+t/SSvy1z5kXMQ==
- fontsource-noto-serif-oriya/5.0.8/latin-ext.min.css: sha512-KI/ee1FK1Vgch6fL/gCVrh7mKgV08ELdcd36Kcu7vJd9s6lBb2YkqR5og47D+4qwmM7pPAfBxnTa7zCxY9LmKQ==
- fontsource-noto-serif-oriya/5.0.8/400.css: sha512-YYNzGMr/EqI9YbvpLq8hZc9I9heQSHpqADPW28Ug6JA314EcQfPcgdtX/usPBgUVucs6bYBQEIuRUnhFf+WGcg==
- fontsource-noto-serif-oriya/5.0.8/500.min.css: sha512-qA3vCdAxKHcC+iTIi6r8ZgtPo7b04c0mOWMefVrkBwRA3tHjeSV86mcaysXjT5f0h8qCG/t3epr5ImY2U4zzVw==
- fontsource-noto-serif-oriya/5.0.8/600.css: sha512-Sh5AYPfOSbOf6oyg1HbYs1z+viUEUK56v3Mhj9fUk7YwwzFsMh3VBdC/iLHrLITw0j+xufbS9ANGWnGLrjvk1g==
- fontsource-noto-serif-oriya/5.0.8/700.css: sha512-lI66mlEGtO/hbB1ZDUZfFIGK2ShI93rCgZPeN3l1gQyrx9gwLtz1/LQj/XBCNjgHFm+Ay5WvDYPTxRY+L8/dUQ==
- fontsource-noto-serif-oriya/5.0.8/index.css: sha512-YYNzGMr/EqI9YbvpLq8hZc9I9heQSHpqADPW28Ug6JA314EcQfPcgdtX/usPBgUVucs6bYBQEIuRUnhFf+WGcg==
- fontsource-noto-serif-oriya/5.0.8/oriya.css: sha512-s/S18szFcXJ0lwsMReyxrVa6VTvHoQ98D2uJ0PBGOUvG9Lay9adiKPqzS0vCHjeFfbQnn+GgoWpVwvobgOqM0Q==
- fontsource-noto-serif-oriya/5.0.8/latin-ext-700.min.css: sha512-6Y3JoxquSuViUM/HYqMGyj3nZwsjkC0W+7iOA8SvXb23/+xB/LuV8ugg0EAaFLAjyk94P78auWPZOHCLEesO9g==
- fontsource-noto-serif-oriya/5.0.8/latin-ext.css: sha512-mXQk6Djzm+WonE+zqua5FHugwv9T5h/6OOMfjadvztMchiPh+LTnnkqXeB1BqMY+Uccy4zzkdxlLFmDwnwuPzA==
- fontsource-noto-serif-oriya/5.0.8/oriya-600.css: sha512-47y4bUpjceP8lvQHNtlEhpW+NUHnGJkEBAfb/NV9TQvneweGTGtxVY9pXYtpOYb3wF7BtdpfTwVX5lsvY9kPNQ==
- fontsource-noto-serif-oriya/5.0.8/index.min.css: sha512-CCTboRmDwq9IexkY7owmXTNYUGsmfoEWTlFheAe1RHW3PSwYcru4qG151ZuIBkOdZOs3T8RLMOI1yPLCHo37gQ==
- fontsource-noto-serif-oriya/5.0.8/latin-600.min.css: sha512-UK4jQVKbgCfQM8nBcczQD1czGlNA45BmNdh/dWZ13EG5pDYK1VRFcui9//qxydMV8u6JD/9D41zL3HL7b3SBQg==
- fontsource-noto-serif-oriya/5.0.8/latin-700.css: sha512-NEjzvY9AxHhUGmEFz3VBKhSdh1s+k4Dwc+wEhWInTThV7QMxcqz6xgCMv051D01jyx70ixeBk4mWDQ+/V5KV2Q==
- fontsource-noto-serif-oriya/5.0.8/latin-ext-400.min.css: sha512-EkNT/f05T8q/uoiIugZfSvLaCT4Pad9mg7Xrq/hv2DgNHoxN+/XBwDwlcgHgl7rK50N9TUcVJMM8ereoNVHBsQ==
- fontsource-noto-serif-oriya/5.0.8/latin-ext-700.css: sha512-sOg1sHJAgA174L9tY6ddE2XNU18oL+bK4IoSr0zXY2GRvoBNlgcORupaUid8TNk00/u0tyibNo/VW5MyJsz2Wg==
- fontsource-noto-serif-oriya/5.0.8/oriya-600.min.css: sha512-GK4o+vizHiYT+ExE5+YS6PINxrgV72urQ0/euEkucigKtAnscLio80A2xc79RRUUjofPbTlIPwwZi3P7tGxtsA==
- fontsource-noto-serif-oriya/5.0.8/oriya-700.css: sha512-G25hOL3AdXMrswAbo5eM18d/jLz0KDVJUs+VWdy1HlrRCYc+0nCCE0hZcFEdGvhx2fBdigeDUsHNuHKKsTGNxw==
- fontsource-noto-serif-oriya/5.0.8/latin-ext-400.css: sha512-khWhEKeqfkC0NZ3+dui3F849YFFnS+TYOrDJNterOgv4/ftsvNP7E8rmCI+neefULR+5WS34vOK3sUjqvxz1Tg==
- fontsource-noto-serif-oriya/5.0.8/oriya.min.css: sha512-HGGE46dRLDo48s6HHUjdAAZXWpyYUbFX07wbkrV9XptTHxobYLj28Oz7V6F2Tqd0qRpkBt5ePnXLR9c4LRsFpg==
- fontsource-noto-serif-oriya/5.0.8/oriya-500.min.css: sha512-rrEmkzGtBptbzfNaGF5HiOYseZGPHnXXcCATBWZVXaSFM+fwpSSMuntsalVihcEdVuEBo75cVzZlSbdYfZ9Qzg==
- fontsource-noto-serif-oriya/5.0.8/700.min.css: sha512-yRd0aOT26AvEkeRHRGfvB66en6RnrMhRMjMBHrMArvSKIHCHimK+eR90TCnpFtXKjOEx2EMDUG/zMJSZqvQhUA==
- fontsource-noto-serif-oriya/5.0.8/latin-400.css: sha512-V+Jty2aIO8jjgHhxHWy/AH3dKdyc/pD1uvmLxjYlE3/86GDGIJa6jTYLaSQI8yM4KtJ+n/0t2Fu7dr3zuB4fJg==
- fontsource-noto-serif-oriya/5.0.8/latin-ext-600.min.css: sha512-r6UY5q5Oo+2ImVV6XYLMjBcRN1DDdyf9ro5YjZdG9oTJix/3td0d24ol+iUl84UsgadkhNyyUNpJb7isBAsQmA==
- fontsource-noto-serif-oriya/5.0.8/latin.min.css: sha512-Xkacu3SLB9qZAyM6qwd2VN02si90DeYQ2XovALe7dHvlrr/POjjS9OtczdSdDZVW+RoORm2lr4OcyjTqKw7Kjg==
- fontsource-noto-serif-oriya/5.0.8/oriya-400.min.css: sha512-Jci7HBSkgzP3YnDkTK6zyGYhvgqADoG1hQuEwgvMOx8jx+BC74PHgcp1hI1tQk/GM5FAcd/pIGpcBK0HPS9gEQ==
- fontsource-noto-serif-oriya/5.0.8/latin-700.min.css: sha512-8aO1k4LvMMvxTgPJfo3P4MmPcEduXqAMNvyFjBwgReTjcAu2orpN25hO2TzRg4i+F+VsR7tIrwVKAj+k0abt1w==
- fontsource-noto-serif-oriya/5.0.8/oriya-500.css: sha512-OmGjOejUAah8zI7LTJUKejQPLE4//uvEMKLS/24fpNg7MIeksZYjPV9j3dMm76XHkN6lmE06z7n1TXrnNZIwBA==
- fontsource-noto-serif-oriya/5.0.8/400.min.css: sha512-CCTboRmDwq9IexkY7owmXTNYUGsmfoEWTlFheAe1RHW3PSwYcru4qG151ZuIBkOdZOs3T8RLMOI1yPLCHo37gQ==
- fontsource-noto-serif-oriya/5.0.8/500.css: sha512-asFaaiu2wDi4k+mp0YPTrv7NuwV80Y5bZqRPW+JHdzXlkw0K3dZew7Xd9U0P6cxkgvFrQPArwM7dKyWIE9e1Sw==
- fontsource-noto-serif-oriya/5.0.8/600.min.css: sha512-BKJKpoUphat8wUloCcThkYeDyX56bERf2Q1iQMbTLnBfoDE/opgU1ENKARcxbMP5W0uz3JZxz4XxLvsSpGbHJw==
- fontsource-noto-serif-oriya/5.0.8/latin-500.css: sha512-ERJoay7UqAFmZZE6v92smbXq3uSf57+BmxdredF30N45QsCcNFWdgqtqwfzk7gcZvUM2IGTn5tZZx3VbT2Gi7w==
- fontsource-noto-serif-oriya/5.0.8/latin-ext-600.css: sha512-zUBMHyaXEwOqraq/QwLbDlsunh0PVihfSYj7wvUEynlbbaHSfj2eRU0Pcczzlnr3sVxvLjyGEG9wIdQZQ86B1Q==
- fontsource-noto-serif-oriya/5.0.8/latin.css: sha512-xsu2vXEEMWGSPrlgt/wkqfNALIrFSIRv0qewz0HxO4/JrO0n1U335Z12vyBHaf06cfYPGtn+l7KIYEimeXG9Lg==
- fontsource-noto-serif-oriya/5.0.8/oriya-400.css: sha512-aMqwRD0A+9mpqePqffOYmSh9AT1/yMNTHfeTHXvJXyc5ecGOx0yaFgc2mZpeRrhjDq3Sn1mKoLXgTgx+AvzRig==
- fontsource-noto-serif-oriya/5.0.8/oriya-700.min.css: sha512-9JFhPRTdEWzGJsyznVn19ta4TqTGcmBA3odLmM+n5zpOxNS+waU2XdanmYJ3nbT0IY8+5x49tm9O9TKZkn5knw==
- fontsource-noto-serif-oriya/5.0.8/latin-400.min.css: sha512-aT9D1G6ezf2rS3dnCgSGqLj4KwSB5SVwZpTcae9sAKwSYUODmMcyG/OWS0tJo6fy0yTyHPkOOCzFjtWnQVGmyw==
- fontsource-noto-serif-oriya/5.0.8/latin-500.min.css: sha512-o3QsgfcdqxaPveQ4wa0d4G9TGxdHtfv3hez/58K/9HqHzxxOx6tpPGu6jnXq8Vc2TDtrAtU6YJStFJr+a7CT9A==
- fontsource-noto-serif-oriya/5.0.8/latin-600.css: sha512-pad4UJAnjlhgYlgJBeP+eZNQN7EBfWXVTfn2mp07eYTmv0Bwge0YYzp2NVOEmxgKdo/ca0EaPgjbNOZJoXruYQ==
