Files:
- fontsource-noto-sans-newa/5.0.3/400.css.br
- fontsource-noto-sans-newa/5.0.3/400.min.css.br
- fontsource-noto-sans-newa/5.0.3/files/noto-sans-newa-latin-400-normal.woff.br
- fontsource-noto-sans-newa/5.0.3/files/noto-sans-newa-latin-ext-400-normal.woff.br
- fontsource-noto-sans-newa/5.0.3/files/noto-sans-newa-newa-400-normal.woff.br
- fontsource-noto-sans-newa/5.0.3/index.css.br
- fontsource-noto-sans-newa/5.0.3/index.min.css.br
- fontsource-noto-sans-newa/5.0.3/latin-400.css.br
- fontsource-noto-sans-newa/5.0.3/latin-400.min.css.br
- fontsource-noto-sans-newa/5.0.3/latin-ext-400.css.br
- fontsource-noto-sans-newa/5.0.3/latin-ext-400.min.css.br
- fontsource-noto-sans-newa/5.0.3/latin-ext.css.br
- fontsource-noto-sans-newa/5.0.3/latin-ext.min.css.br
- fontsource-noto-sans-newa/5.0.3/latin.css.br
- fontsource-noto-sans-newa/5.0.3/latin.min.css.br
- fontsource-noto-sans-newa/5.0.3/newa-400.css.br
- fontsource-noto-sans-newa/5.0.3/newa-400.min.css.br
- fontsource-noto-sans-newa/5.0.3/newa.css.br
- fontsource-noto-sans-newa/5.0.3/newa.min.css.br
