Files:
- fontsource-birthstone/5.0.14/400.css.br
- fontsource-birthstone/5.0.14/400.min.css.br
- fontsource-birthstone/5.0.14/files/birthstone-latin-400-normal.woff.br
- fontsource-birthstone/5.0.14/files/birthstone-latin-ext-400-normal.woff.br
- fontsource-birthstone/5.0.14/files/birthstone-vietnamese-400-normal.woff.br
- fontsource-birthstone/5.0.14/index.css.br
- fontsource-birthstone/5.0.14/index.min.css.br
- fontsource-birthstone/5.0.14/latin-400.css.br
- fontsource-birthstone/5.0.14/latin-400.min.css.br
- fontsource-birthstone/5.0.14/latin-ext-400.css.br
- fontsource-birthstone/5.0.14/latin-ext-400.min.css.br
- fontsource-birthstone/5.0.14/latin-ext.css.br
- fontsource-birthstone/5.0.14/latin-ext.min.css.br
- fontsource-birthstone/5.0.14/latin.css.br
- fontsource-birthstone/5.0.14/latin.min.css.br
- fontsource-birthstone/5.0.14/vietnamese-400.css.br
- fontsource-birthstone/5.0.14/vietnamese-400.min.css.br
- fontsource-birthstone/5.0.14/vietnamese.css.br
- fontsource-birthstone/5.0.14/vietnamese.min.css.br
