config: {"authors":[{"name":"Guillaume du Pontavice","email":"g.du.pontavice@gmail.com"}],"autoupdate":{"source":"npm","target":"hls.js","fileMap":[{"basePath":"dist","files":["**/!(*-demo.*)"]}],"ignoreVersions":["*-canary.*"]},"description":"JavaScript HLS client using MediaSourceExtension","filename":"hls.min.js","homepage":"https://hls-js.netlify.com/demo/","keywords":["hls.js","video","streaming","mediasource","player"],"license":"Apache-2.0","name":"hls.js","repository":{"type":"git","url":"git://github.com/video-dev/hls.js"},"author":"Guillaume du Pontavice \u003cg.du.pontavice@gmail.com\u003e"}
KV keys:
- hls.js/1.2.2/hls.js.br
- hls.js/1.2.2/hls.js.d.ts.br
- hls.js/1.2.2/hls.js.d.ts.gz
- hls.js/1.2.2/hls.js.gz
- hls.js/1.2.2/hls.js.map.br
- hls.js/1.2.2/hls.js.map.gz
- hls.js/1.2.2/hls.light.js.br
- hls.js/1.2.2/hls.light.js.gz
- hls.js/1.2.2/hls.light.js.map.br
- hls.js/1.2.2/hls.light.js.map.gz
- hls.js/1.2.2/hls.light.min.js.br
- hls.js/1.2.2/hls.light.min.js.gz
- hls.js/1.2.2/hls.light.min.js.map.br
- hls.js/1.2.2/hls.light.min.js.map.gz
- hls.js/1.2.2/hls.min.js.br
- hls.js/1.2.2/hls.min.js.gz
- hls.js/1.2.2/hls.min.js.map.br
- hls.js/1.2.2/hls.min.js.map.gz
SRIs:
- hls.js/1.2.2/hls.min.js: sha512-UNFfE2mtyMEk4THBZpFB5a/NFAMcepf0B/2aLaeu4rinyhvXu44eTczo6o1yVsn1I+POa9f28IY1MtL3vOF6yg==
- hls.js/1.2.2/hls.js: sha512-DQGOykbnoYW6D3gxzebj+sZDsJxaZWksvDWjk7F69A20HbrAeFo6WSeyzoCzsquyH8dt8kl0gY9kv2nwbJi9lQ==
- hls.js/1.2.2/hls.light.js: sha512-kB/XOtdLZxfeg3asSz/ouHV7X3I0O2enCGAF3XAbHhBn6ZO7bbxMXTVa0aVItD18Q3oKmx5P5KzcVnjsnrESgg==
- hls.js/1.2.2/hls.light.min.js: sha512-cfIPTdKfMrbLG584YePEYpflMg1LLGeKC1vI3Szh5+ERrgFcZ9ApSyecDxCr5tNkBb8jsuoeMqFXrLT14Cy76A==
