2024/07/02 16:32:01 optimizing files (Js true, Css true, Png true, Jpg true)
2024/07/02 16:32:01 compress: run /node_modules/uglify-js/bin/uglifyjs (3.15.4) [--mangle --compress if_return=true -o /tmp/work/mocha.min.js /tmp/work/mocha.js]
2024/07/02 16:32:01 compress: run /node_modules/clean-css-cli/bin/cleancss (3.3.10) [--compatibility --s0 -o /tmp/work/mocha.min.css /tmp/work/mocha.css]
2024/07/02 16:32:01 sri /tmp/work/mocha.min.css -> /output/mocha.min.css.sri
2024/07/02 16:32:01 algorithm: run /usr/bin/brotli --quality=11 --output=/output/mocha.min.css.br /tmp/work/mocha.min.css
2024/07/02 16:32:01 br /tmp/work/mocha.min.css -> /output/mocha.min.css.br
2024/07/02 16:32:01 gz /tmp/work/mocha.min.css -> /output/mocha.min.css.gz
2024/07/02 16:32:01 sri /tmp/work/mocha.css -> /output/mocha.css.sri
2024/07/02 16:32:01 algorithm: run /usr/bin/brotli --quality=11 --output=/output/mocha.css.br /tmp/work/mocha.css
2024/07/02 16:32:01 br /tmp/work/mocha.css -> /output/mocha.css.br
2024/07/02 16:32:01 gz /tmp/work/mocha.css -> /output/mocha.css.gz
2024/07/02 16:32:04 sri /tmp/work/mocha.min.js -> /output/mocha.min.js.sri
2024/07/02 16:32:04 algorithm: run /usr/bin/brotli --quality=11 --output=/output/mocha.min.js.br /tmp/work/mocha.min.js
2024/07/02 16:32:04 br /tmp/work/mocha.min.js -> /output/mocha.min.js.br
2024/07/02 16:32:04 gz /tmp/work/mocha.min.js -> /output/mocha.min.js.gz
2024/07/02 16:32:04 sri /tmp/work/mocha.js -> /output/mocha.js.sri
2024/07/02 16:32:04 algorithm: run /usr/bin/brotli --quality=11 --output=/output/mocha.js.br /tmp/work/mocha.js
2024/07/02 16:32:05 br /tmp/work/mocha.js -> /output/mocha.js.br
2024/07/02 16:32:05 gz /tmp/work/mocha.js -> /output/mocha.js.gz
2024/07/02 16:32:05 processed mocha
