config: {"authors":[{"name":"Yehuda Katz"}],"autoupdate":{"source":"npm","target":"handlebars","fileMap":[{"basePath":"dist","files":["handlebars.amd.js","handlebars.amd.min.js","handlebars.js","handlebars.min.js","handlebars.runtime.amd.js","handlebars.runtime.amd.min.js","handlebars.runtime.js","handlebars.runtime.min.js"]}]},"description":"Handlebars provides the power necessary to let you build semantic templates effectively with no frustration","filename":"handlebars.min.js","homepage":"http://www.handlebarsjs.com","keywords":["template","mustache"],"license":"MIT","name":"handlebars.js","repository":{"type":"git","url":"https://github.com/wycats/handlebars.js"},"author":"Yehuda Katz"}
KV keys:
- handlebars.js/4.7.8/handlebars.amd.js.br
- handlebars.js/4.7.8/handlebars.amd.js.gz
- handlebars.js/4.7.8/handlebars.amd.min.js.br
- handlebars.js/4.7.8/handlebars.amd.min.js.gz
- handlebars.js/4.7.8/handlebars.js.br
- handlebars.js/4.7.8/handlebars.js.gz
- handlebars.js/4.7.8/handlebars.min.js.br
- handlebars.js/4.7.8/handlebars.min.js.gz
- handlebars.js/4.7.8/handlebars.runtime.amd.js.br
- handlebars.js/4.7.8/handlebars.runtime.amd.js.gz
- handlebars.js/4.7.8/handlebars.runtime.amd.min.js.br
- handlebars.js/4.7.8/handlebars.runtime.amd.min.js.gz
- handlebars.js/4.7.8/handlebars.runtime.js.br
- handlebars.js/4.7.8/handlebars.runtime.js.gz
- handlebars.js/4.7.8/handlebars.runtime.min.js.br
- handlebars.js/4.7.8/handlebars.runtime.min.js.gz
SRIs:
- handlebars.js/4.7.8/handlebars.runtime.js: sha512-SDjGnjLyfeYTX8BUK3eV+bVE/g1+I7+69tTqwy2tGsg1iB/lShnAZQYaBTVCwPqbotNXp4jZagYVW06uGvPk3w==
- handlebars.js/4.7.8/handlebars.runtime.min.js: sha512-WUaZk9J3oknQdKPT2wAfA0gEBG2371l1ACjiynLA/X28p07n1u59VFk7q1i83/bo7N9rqVdYKlnvwAAiwL36jQ==
- handlebars.js/4.7.8/handlebars.amd.js: sha512-Lv+ARkMDHI+21JOZYURMppyIWBYUny2ORJs37pY95Rv9HVB1u66nJf+Rtn6oftkaYjZ+5g/J9hImHi6VKjOUaw==
- handlebars.js/4.7.8/handlebars.amd.min.js: sha512-7o00VOl39DK3HPg6aceR1dilVLCWr69j0gqEdT+rpRd/dHtqy+aRRq0KgHNLsj+MjZvdp5WViLe/cXDQfGZbnA==
- handlebars.js/4.7.8/handlebars.js: sha512-qwi9BHx0+QtW8krMaXObe76bUkPf8nRJOufgT5GS7C74s2sV+neksCVUhAWuMSXxZzKHiM3RuADPmWbhguWEIw==
- handlebars.js/4.7.8/handlebars.min.js: sha512-E1dSFxg+wsfJ4HKjutk/WaCzK7S2wv1POn1RRPGh8ZK+ag9l244Vqxji3r6wgz9YBf6+vhQEYJZpSjqWFPg9gg==
- handlebars.js/4.7.8/handlebars.runtime.amd.js: sha512-RE4QjUSCj7B6clceT06lIf5EErnNFQcxYGVU4fngWXWrRBt4FHye+GV32fN++17fsHi/fAa+2p+dZpaLZvzedA==
- handlebars.js/4.7.8/handlebars.runtime.amd.min.js: sha512-u/+pcDeM4UkvjTK0kxVRWTcpY1Cz6YaNr7D54Aj8P8XKn20Ew+bO9QAf7m+Y7JR1cVnGYD0D5uijJAMX1x3CbA==
