Files:
- fontsource-orienta/4.5.6/400.css.br
- fontsource-orienta/4.5.6/400.css.gz
- fontsource-orienta/4.5.6/400.min.css.br
- fontsource-orienta/4.5.6/400.min.css.gz
- fontsource-orienta/4.5.6/files/orienta-all-400-normal.woff.br
- fontsource-orienta/4.5.6/files/orienta-all-400-normal.woff.gz
- fontsource-orienta/4.5.6/files/orienta-latin-400-normal.woff.br
- fontsource-orienta/4.5.6/files/orienta-latin-400-normal.woff.gz
- fontsource-orienta/4.5.6/files/orienta-latin-400-normal.woff2
- fontsource-orienta/4.5.6/files/orienta-latin-ext-400-normal.woff.br
- fontsource-orienta/4.5.6/files/orienta-latin-ext-400-normal.woff.gz
- fontsource-orienta/4.5.6/files/orienta-latin-ext-400-normal.woff2
- fontsource-orienta/4.5.6/index.css.br
- fontsource-orienta/4.5.6/index.css.gz
- fontsource-orienta/4.5.6/index.min.css.br
- fontsource-orienta/4.5.6/index.min.css.gz
- fontsource-orienta/4.5.6/latin-400.css.br
- fontsource-orienta/4.5.6/latin-400.css.gz
- fontsource-orienta/4.5.6/latin-400.min.css.br
- fontsource-orienta/4.5.6/latin-400.min.css.gz
- fontsource-orienta/4.5.6/latin-ext-400.css.br
- fontsource-orienta/4.5.6/latin-ext-400.css.gz
- fontsource-orienta/4.5.6/latin-ext-400.min.css.br
- fontsource-orienta/4.5.6/latin-ext-400.min.css.gz
- fontsource-orienta/4.5.6/latin-ext.css.br
- fontsource-orienta/4.5.6/latin-ext.css.gz
- fontsource-orienta/4.5.6/latin-ext.min.css.br
- fontsource-orienta/4.5.6/latin-ext.min.css.gz
- fontsource-orienta/4.5.6/latin.css.br
- fontsource-orienta/4.5.6/latin.css.gz
- fontsource-orienta/4.5.6/latin.min.css.br
- fontsource-orienta/4.5.6/latin.min.css.gz
