config: {"authors":[{"name":"Lucas Larroche"}],"autoupdate":{"source":"npm","target":"@picocss/pico","fileMap":[{"basePath":"css","files":["**/*.css"]}]},"description":"Minimal CSS Framework for semantic HTML","filename":"pico.min.css","homepage":"https://picocss.com","keywords":["css","css-framework","dark-mode","dark-theme","lightweight","minimal","minimalist","minimalistic","native-html","scss-framework","semantic"],"license":"MIT","name":"picocss","repository":{"type":"git","url":"git+https://github.com/picocss/pico.git"},"author":"Lucas Larroche"}
KV keys:
- picocss/2.0.5/pico.amber.css.br
- picocss/2.0.5/pico.amber.css.gz
- picocss/2.0.5/pico.amber.min.css.br
- picocss/2.0.5/pico.amber.min.css.gz
- picocss/2.0.5/pico.blue.css.br
- picocss/2.0.5/pico.blue.css.gz
- picocss/2.0.5/pico.blue.min.css.br
- picocss/2.0.5/pico.blue.min.css.gz
- picocss/2.0.5/pico.classless.amber.css.br
- picocss/2.0.5/pico.classless.amber.css.gz
- picocss/2.0.5/pico.classless.amber.min.css.br
- picocss/2.0.5/pico.classless.amber.min.css.gz
- picocss/2.0.5/pico.classless.blue.css.br
- picocss/2.0.5/pico.classless.blue.css.gz
- picocss/2.0.5/pico.classless.blue.min.css.br
- picocss/2.0.5/pico.classless.blue.min.css.gz
- picocss/2.0.5/pico.classless.conditional.amber.css.br
- picocss/2.0.5/pico.classless.conditional.amber.css.gz
- picocss/2.0.5/pico.classless.conditional.amber.min.css.br
- picocss/2.0.5/pico.classless.conditional.amber.min.css.gz
- picocss/2.0.5/pico.classless.conditional.blue.css.br
- picocss/2.0.5/pico.classless.conditional.blue.css.gz
- picocss/2.0.5/pico.classless.conditional.blue.min.css.br
- picocss/2.0.5/pico.classless.conditional.blue.min.css.gz
- picocss/2.0.5/pico.classless.conditional.cyan.css.br
- picocss/2.0.5/pico.classless.conditional.cyan.css.gz
- picocss/2.0.5/pico.classless.conditional.cyan.min.css.br
- picocss/2.0.5/pico.classless.conditional.cyan.min.css.gz
- picocss/2.0.5/pico.classless.conditional.fuchsia.css.br
- picocss/2.0.5/pico.classless.conditional.fuchsia.css.gz
- picocss/2.0.5/pico.classless.conditional.fuchsia.min.css.br
- picocss/2.0.5/pico.classless.conditional.fuchsia.min.css.gz
- picocss/2.0.5/pico.classless.conditional.green.css.br
- picocss/2.0.5/pico.classless.conditional.green.css.gz
- picocss/2.0.5/pico.classless.conditional.green.min.css.br
- picocss/2.0.5/pico.classless.conditional.green.min.css.gz
- picocss/2.0.5/pico.classless.conditional.grey.css.br
- picocss/2.0.5/pico.classless.conditional.grey.css.gz
- picocss/2.0.5/pico.classless.conditional.grey.min.css.br
- picocss/2.0.5/pico.classless.conditional.grey.min.css.gz
- picocss/2.0.5/pico.classless.conditional.indigo.css.br
- picocss/2.0.5/pico.classless.conditional.indigo.css.gz
- picocss/2.0.5/pico.classless.conditional.indigo.min.css.br
- picocss/2.0.5/pico.classless.conditional.indigo.min.css.gz
- picocss/2.0.5/pico.classless.conditional.jade.css.br
- picocss/2.0.5/pico.classless.conditional.jade.css.gz
- picocss/2.0.5/pico.classless.conditional.jade.min.css.br
- picocss/2.0.5/pico.classless.conditional.jade.min.css.gz
- picocss/2.0.5/pico.classless.conditional.lime.css.br
- picocss/2.0.5/pico.classless.conditional.lime.css.gz
- picocss/2.0.5/pico.classless.conditional.lime.min.css.br
- picocss/2.0.5/pico.classless.conditional.lime.min.css.gz
- picocss/2.0.5/pico.classless.conditional.orange.css.br
- picocss/2.0.5/pico.classless.conditional.orange.css.gz
- picocss/2.0.5/pico.classless.conditional.orange.min.css.br
- picocss/2.0.5/pico.classless.conditional.orange.min.css.gz
- picocss/2.0.5/pico.classless.conditional.pink.css.br
- picocss/2.0.5/pico.classless.conditional.pink.css.gz
- picocss/2.0.5/pico.classless.conditional.pink.min.css.br
- picocss/2.0.5/pico.classless.conditional.pink.min.css.gz
- picocss/2.0.5/pico.classless.conditional.pumpkin.css.br
- picocss/2.0.5/pico.classless.conditional.pumpkin.css.gz
- picocss/2.0.5/pico.classless.conditional.pumpkin.min.css.br
- picocss/2.0.5/pico.classless.conditional.pumpkin.min.css.gz
- picocss/2.0.5/pico.classless.conditional.purple.css.br
- picocss/2.0.5/pico.classless.conditional.purple.css.gz
- picocss/2.0.5/pico.classless.conditional.purple.min.css.br
- picocss/2.0.5/pico.classless.conditional.purple.min.css.gz
- picocss/2.0.5/pico.classless.conditional.red.css.br
- picocss/2.0.5/pico.classless.conditional.red.css.gz
- picocss/2.0.5/pico.classless.conditional.red.min.css.br
- picocss/2.0.5/pico.classless.conditional.red.min.css.gz
- picocss/2.0.5/pico.classless.conditional.sand.css.br
- picocss/2.0.5/pico.classless.conditional.sand.css.gz
- picocss/2.0.5/pico.classless.conditional.sand.min.css.br
- picocss/2.0.5/pico.classless.conditional.sand.min.css.gz
- picocss/2.0.5/pico.classless.conditional.slate.css.br
- picocss/2.0.5/pico.classless.conditional.slate.css.gz
- picocss/2.0.5/pico.classless.conditional.slate.min.css.br
- picocss/2.0.5/pico.classless.conditional.slate.min.css.gz
- picocss/2.0.5/pico.classless.conditional.violet.css.br
- picocss/2.0.5/pico.classless.conditional.violet.css.gz
- picocss/2.0.5/pico.classless.conditional.violet.min.css.br
- picocss/2.0.5/pico.classless.conditional.violet.min.css.gz
- picocss/2.0.5/pico.classless.conditional.yellow.css.br
- picocss/2.0.5/pico.classless.conditional.yellow.css.gz
- picocss/2.0.5/pico.classless.conditional.yellow.min.css.br
- picocss/2.0.5/pico.classless.conditional.yellow.min.css.gz
- picocss/2.0.5/pico.classless.conditional.zinc.css.br
- picocss/2.0.5/pico.classless.conditional.zinc.css.gz
- picocss/2.0.5/pico.classless.conditional.zinc.min.css.br
- picocss/2.0.5/pico.classless.conditional.zinc.min.css.gz
- picocss/2.0.5/pico.classless.css.br
- picocss/2.0.5/pico.classless.css.gz
- picocss/2.0.5/pico.classless.cyan.css.br
- picocss/2.0.5/pico.classless.cyan.css.gz
- picocss/2.0.5/pico.classless.cyan.min.css.br
- picocss/2.0.5/pico.classless.cyan.min.css.gz
- picocss/2.0.5/pico.classless.fuchsia.css.br
- picocss/2.0.5/pico.classless.fuchsia.css.gz
- picocss/2.0.5/pico.classless.fuchsia.min.css.br
- picocss/2.0.5/pico.classless.fuchsia.min.css.gz
- picocss/2.0.5/pico.classless.green.css.br
- picocss/2.0.5/pico.classless.green.css.gz
- picocss/2.0.5/pico.classless.green.min.css.br
- picocss/2.0.5/pico.classless.green.min.css.gz
- picocss/2.0.5/pico.classless.grey.css.br
- picocss/2.0.5/pico.classless.grey.css.gz
- picocss/2.0.5/pico.classless.grey.min.css.br
- picocss/2.0.5/pico.classless.grey.min.css.gz
- picocss/2.0.5/pico.classless.indigo.css.br
- picocss/2.0.5/pico.classless.indigo.css.gz
- picocss/2.0.5/pico.classless.indigo.min.css.br
- picocss/2.0.5/pico.classless.indigo.min.css.gz
- picocss/2.0.5/pico.classless.jade.css.br
- picocss/2.0.5/pico.classless.jade.css.gz
- picocss/2.0.5/pico.classless.jade.min.css.br
- picocss/2.0.5/pico.classless.jade.min.css.gz
- picocss/2.0.5/pico.classless.lime.css.br
- picocss/2.0.5/pico.classless.lime.css.gz
- picocss/2.0.5/pico.classless.lime.min.css.br
- picocss/2.0.5/pico.classless.lime.min.css.gz
- picocss/2.0.5/pico.classless.min.css.br
- picocss/2.0.5/pico.classless.min.css.gz
- picocss/2.0.5/pico.classless.orange.css.br
- picocss/2.0.5/pico.classless.orange.css.gz
- picocss/2.0.5/pico.classless.orange.min.css.br
- picocss/2.0.5/pico.classless.orange.min.css.gz
- picocss/2.0.5/pico.classless.pink.css.br
- picocss/2.0.5/pico.classless.pink.css.gz
- picocss/2.0.5/pico.classless.pink.min.css.br
- picocss/2.0.5/pico.classless.pink.min.css.gz
- picocss/2.0.5/pico.classless.pumpkin.css.br
- picocss/2.0.5/pico.classless.pumpkin.css.gz
- picocss/2.0.5/pico.classless.pumpkin.min.css.br
- picocss/2.0.5/pico.classless.pumpkin.min.css.gz
- picocss/2.0.5/pico.classless.purple.css.br
- picocss/2.0.5/pico.classless.purple.css.gz
- picocss/2.0.5/pico.classless.purple.min.css.br
- picocss/2.0.5/pico.classless.purple.min.css.gz
- picocss/2.0.5/pico.classless.red.css.br
- picocss/2.0.5/pico.classless.red.css.gz
- picocss/2.0.5/pico.classless.red.min.css.br
- picocss/2.0.5/pico.classless.red.min.css.gz
- picocss/2.0.5/pico.classless.sand.css.br
- picocss/2.0.5/pico.classless.sand.css.gz
- picocss/2.0.5/pico.classless.sand.min.css.br
- picocss/2.0.5/pico.classless.sand.min.css.gz
- picocss/2.0.5/pico.classless.slate.css.br
- picocss/2.0.5/pico.classless.slate.css.gz
- picocss/2.0.5/pico.classless.slate.min.css.br
- picocss/2.0.5/pico.classless.slate.min.css.gz
- picocss/2.0.5/pico.classless.violet.css.br
- picocss/2.0.5/pico.classless.violet.css.gz
- picocss/2.0.5/pico.classless.violet.min.css.br
- picocss/2.0.5/pico.classless.violet.min.css.gz
- picocss/2.0.5/pico.classless.yellow.css.br
- picocss/2.0.5/pico.classless.yellow.css.gz
- picocss/2.0.5/pico.classless.yellow.min.css.br
- picocss/2.0.5/pico.classless.yellow.min.css.gz
- picocss/2.0.5/pico.classless.zinc.css.br
- picocss/2.0.5/pico.classless.zinc.css.gz
- picocss/2.0.5/pico.classless.zinc.min.css.br
- picocss/2.0.5/pico.classless.zinc.min.css.gz
- picocss/2.0.5/pico.colors.css.br
- picocss/2.0.5/pico.colors.css.gz
- picocss/2.0.5/pico.colors.min.css.br
- picocss/2.0.5/pico.colors.min.css.gz
- picocss/2.0.5/pico.conditional.amber.css.br
- picocss/2.0.5/pico.conditional.amber.css.gz
- picocss/2.0.5/pico.conditional.amber.min.css.br
- picocss/2.0.5/pico.conditional.amber.min.css.gz
- picocss/2.0.5/pico.conditional.blue.css.br
- picocss/2.0.5/pico.conditional.blue.css.gz
- picocss/2.0.5/pico.conditional.blue.min.css.br
- picocss/2.0.5/pico.conditional.blue.min.css.gz
- picocss/2.0.5/pico.conditional.css.br
- picocss/2.0.5/pico.conditional.css.gz
- picocss/2.0.5/pico.conditional.cyan.css.br
- picocss/2.0.5/pico.conditional.cyan.css.gz
- picocss/2.0.5/pico.conditional.cyan.min.css.br
- picocss/2.0.5/pico.conditional.cyan.min.css.gz
- picocss/2.0.5/pico.conditional.fuchsia.css.br
- picocss/2.0.5/pico.conditional.fuchsia.css.gz
- picocss/2.0.5/pico.conditional.fuchsia.min.css.br
- picocss/2.0.5/pico.conditional.fuchsia.min.css.gz
- picocss/2.0.5/pico.conditional.green.css.br
- picocss/2.0.5/pico.conditional.green.css.gz
- picocss/2.0.5/pico.conditional.green.min.css.br
- picocss/2.0.5/pico.conditional.green.min.css.gz
- picocss/2.0.5/pico.conditional.grey.css.br
- picocss/2.0.5/pico.conditional.grey.css.gz
- picocss/2.0.5/pico.conditional.grey.min.css.br
- picocss/2.0.5/pico.conditional.grey.min.css.gz
- picocss/2.0.5/pico.conditional.indigo.css.br
- picocss/2.0.5/pico.conditional.indigo.css.gz
- picocss/2.0.5/pico.conditional.indigo.min.css.br
- picocss/2.0.5/pico.conditional.indigo.min.css.gz
- picocss/2.0.5/pico.conditional.jade.css.br
- picocss/2.0.5/pico.conditional.jade.css.gz
- picocss/2.0.5/pico.conditional.jade.min.css.br
- picocss/2.0.5/pico.conditional.jade.min.css.gz
- picocss/2.0.5/pico.conditional.lime.css.br
- picocss/2.0.5/pico.conditional.lime.css.gz
- picocss/2.0.5/pico.conditional.lime.min.css.br
- picocss/2.0.5/pico.conditional.lime.min.css.gz
- picocss/2.0.5/pico.conditional.min.css.br
- picocss/2.0.5/pico.conditional.min.css.gz
- picocss/2.0.5/pico.conditional.orange.css.br
- picocss/2.0.5/pico.conditional.orange.css.gz
- picocss/2.0.5/pico.conditional.orange.min.css.br
- picocss/2.0.5/pico.conditional.orange.min.css.gz
- picocss/2.0.5/pico.conditional.pink.css.br
- picocss/2.0.5/pico.conditional.pink.css.gz
- picocss/2.0.5/pico.conditional.pink.min.css.br
- picocss/2.0.5/pico.conditional.pink.min.css.gz
- picocss/2.0.5/pico.conditional.pumpkin.css.br
- picocss/2.0.5/pico.conditional.pumpkin.css.gz
- picocss/2.0.5/pico.conditional.pumpkin.min.css.br
- picocss/2.0.5/pico.conditional.pumpkin.min.css.gz
- picocss/2.0.5/pico.conditional.purple.css.br
- picocss/2.0.5/pico.conditional.purple.css.gz
- picocss/2.0.5/pico.conditional.purple.min.css.br
- picocss/2.0.5/pico.conditional.purple.min.css.gz
- picocss/2.0.5/pico.conditional.red.css.br
- picocss/2.0.5/pico.conditional.red.css.gz
- picocss/2.0.5/pico.conditional.red.min.css.br
- picocss/2.0.5/pico.conditional.red.min.css.gz
- picocss/2.0.5/pico.conditional.sand.css.br
- picocss/2.0.5/pico.conditional.sand.css.gz
- picocss/2.0.5/pico.conditional.sand.min.css.br
- picocss/2.0.5/pico.conditional.sand.min.css.gz
- picocss/2.0.5/pico.conditional.slate.css.br
- picocss/2.0.5/pico.conditional.slate.css.gz
- picocss/2.0.5/pico.conditional.slate.min.css.br
- picocss/2.0.5/pico.conditional.slate.min.css.gz
- picocss/2.0.5/pico.conditional.violet.css.br
- picocss/2.0.5/pico.conditional.violet.css.gz
- picocss/2.0.5/pico.conditional.violet.min.css.br
- picocss/2.0.5/pico.conditional.violet.min.css.gz
- picocss/2.0.5/pico.conditional.yellow.css.br
- picocss/2.0.5/pico.conditional.yellow.css.gz
- picocss/2.0.5/pico.conditional.yellow.min.css.br
- picocss/2.0.5/pico.conditional.yellow.min.css.gz
- picocss/2.0.5/pico.conditional.zinc.css.br
- picocss/2.0.5/pico.conditional.zinc.css.gz
- picocss/2.0.5/pico.conditional.zinc.min.css.br
- picocss/2.0.5/pico.conditional.zinc.min.css.gz
- picocss/2.0.5/pico.css.br
- picocss/2.0.5/pico.css.gz
- picocss/2.0.5/pico.cyan.css.br
- picocss/2.0.5/pico.cyan.css.gz
- picocss/2.0.5/pico.cyan.min.css.br
- picocss/2.0.5/pico.cyan.min.css.gz
- picocss/2.0.5/pico.fluid.classless.amber.css.br
- picocss/2.0.5/pico.fluid.classless.amber.css.gz
- picocss/2.0.5/pico.fluid.classless.amber.min.css.br
- picocss/2.0.5/pico.fluid.classless.amber.min.css.gz
- picocss/2.0.5/pico.fluid.classless.blue.css.br
- picocss/2.0.5/pico.fluid.classless.blue.css.gz
- picocss/2.0.5/pico.fluid.classless.blue.min.css.br
- picocss/2.0.5/pico.fluid.classless.blue.min.css.gz
- picocss/2.0.5/pico.fluid.classless.conditional.amber.css.br
- picocss/2.0.5/pico.fluid.classless.conditional.amber.css.gz
- picocss/2.0.5/pico.fluid.classless.conditional.amber.min.css.br
- picocss/2.0.5/pico.fluid.classless.conditional.amber.min.css.gz
- picocss/2.0.5/pico.fluid.classless.conditional.blue.css.br
- picocss/2.0.5/pico.fluid.classless.conditional.blue.css.gz
- picocss/2.0.5/pico.fluid.classless.conditional.blue.min.css.br
- picocss/2.0.5/pico.fluid.classless.conditional.blue.min.css.gz
- picocss/2.0.5/pico.fluid.classless.conditional.cyan.css.br
- picocss/2.0.5/pico.fluid.classless.conditional.cyan.css.gz
- picocss/2.0.5/pico.fluid.classless.conditional.cyan.min.css.br
- picocss/2.0.5/pico.fluid.classless.conditional.cyan.min.css.gz
- picocss/2.0.5/pico.fluid.classless.conditional.fuchsia.css.br
- picocss/2.0.5/pico.fluid.classless.conditional.fuchsia.css.gz
- picocss/2.0.5/pico.fluid.classless.conditional.fuchsia.min.css.br
- picocss/2.0.5/pico.fluid.classless.conditional.fuchsia.min.css.gz
- picocss/2.0.5/pico.fluid.classless.conditional.green.css.br
- picocss/2.0.5/pico.fluid.classless.conditional.green.css.gz
- picocss/2.0.5/pico.fluid.classless.conditional.green.min.css.br
- picocss/2.0.5/pico.fluid.classless.conditional.green.min.css.gz
- picocss/2.0.5/pico.fluid.classless.conditional.grey.css.br
- picocss/2.0.5/pico.fluid.classless.conditional.grey.css.gz
- picocss/2.0.5/pico.fluid.classless.conditional.grey.min.css.br
- picocss/2.0.5/pico.fluid.classless.conditional.grey.min.css.gz
- picocss/2.0.5/pico.fluid.classless.conditional.indigo.css.br
- picocss/2.0.5/pico.fluid.classless.conditional.indigo.css.gz
- picocss/2.0.5/pico.fluid.classless.conditional.indigo.min.css.br
- picocss/2.0.5/pico.fluid.classless.conditional.indigo.min.css.gz
- picocss/2.0.5/pico.fluid.classless.conditional.jade.css.br
- picocss/2.0.5/pico.fluid.classless.conditional.jade.css.gz
- picocss/2.0.5/pico.fluid.classless.conditional.jade.min.css.br
- picocss/2.0.5/pico.fluid.classless.conditional.jade.min.css.gz
- picocss/2.0.5/pico.fluid.classless.conditional.lime.css.br
- picocss/2.0.5/pico.fluid.classless.conditional.lime.css.gz
- picocss/2.0.5/pico.fluid.classless.conditional.lime.min.css.br
- picocss/2.0.5/pico.fluid.classless.conditional.lime.min.css.gz
- picocss/2.0.5/pico.fluid.classless.conditional.orange.css.br
- picocss/2.0.5/pico.fluid.classless.conditional.orange.css.gz
- picocss/2.0.5/pico.fluid.classless.conditional.orange.min.css.br
- picocss/2.0.5/pico.fluid.classless.conditional.orange.min.css.gz
- picocss/2.0.5/pico.fluid.classless.conditional.pink.css.br
- picocss/2.0.5/pico.fluid.classless.conditional.pink.css.gz
- picocss/2.0.5/pico.fluid.classless.conditional.pink.min.css.br
- picocss/2.0.5/pico.fluid.classless.conditional.pink.min.css.gz
- picocss/2.0.5/pico.fluid.classless.conditional.pumpkin.css.br
- picocss/2.0.5/pico.fluid.classless.conditional.pumpkin.css.gz
- picocss/2.0.5/pico.fluid.classless.conditional.pumpkin.min.css.br
- picocss/2.0.5/pico.fluid.classless.conditional.pumpkin.min.css.gz
- picocss/2.0.5/pico.fluid.classless.conditional.purple.css.br
- picocss/2.0.5/pico.fluid.classless.conditional.purple.css.gz
- picocss/2.0.5/pico.fluid.classless.conditional.purple.min.css.br
- picocss/2.0.5/pico.fluid.classless.conditional.purple.min.css.gz
- picocss/2.0.5/pico.fluid.classless.conditional.red.css.br
- picocss/2.0.5/pico.fluid.classless.conditional.red.css.gz
- picocss/2.0.5/pico.fluid.classless.conditional.red.min.css.br
- picocss/2.0.5/pico.fluid.classless.conditional.red.min.css.gz
- picocss/2.0.5/pico.fluid.classless.conditional.sand.css.br
- picocss/2.0.5/pico.fluid.classless.conditional.sand.css.gz
- picocss/2.0.5/pico.fluid.classless.conditional.sand.min.css.br
- picocss/2.0.5/pico.fluid.classless.conditional.sand.min.css.gz
- picocss/2.0.5/pico.fluid.classless.conditional.slate.css.br
- picocss/2.0.5/pico.fluid.classless.conditional.slate.css.gz
- picocss/2.0.5/pico.fluid.classless.conditional.slate.min.css.br
- picocss/2.0.5/pico.fluid.classless.conditional.slate.min.css.gz
- picocss/2.0.5/pico.fluid.classless.conditional.violet.css.br
- picocss/2.0.5/pico.fluid.classless.conditional.violet.css.gz
- picocss/2.0.5/pico.fluid.classless.conditional.violet.min.css.br
- picocss/2.0.5/pico.fluid.classless.conditional.violet.min.css.gz
- picocss/2.0.5/pico.fluid.classless.conditional.yellow.css.br
- picocss/2.0.5/pico.fluid.classless.conditional.yellow.css.gz
- picocss/2.0.5/pico.fluid.classless.conditional.yellow.min.css.br
- picocss/2.0.5/pico.fluid.classless.conditional.yellow.min.css.gz
- picocss/2.0.5/pico.fluid.classless.conditional.zinc.css.br
- picocss/2.0.5/pico.fluid.classless.conditional.zinc.css.gz
- picocss/2.0.5/pico.fluid.classless.conditional.zinc.min.css.br
- picocss/2.0.5/pico.fluid.classless.conditional.zinc.min.css.gz
- picocss/2.0.5/pico.fluid.classless.css.br
- picocss/2.0.5/pico.fluid.classless.css.gz
- picocss/2.0.5/pico.fluid.classless.cyan.css.br
- picocss/2.0.5/pico.fluid.classless.cyan.css.gz
- picocss/2.0.5/pico.fluid.classless.cyan.min.css.br
- picocss/2.0.5/pico.fluid.classless.cyan.min.css.gz
- picocss/2.0.5/pico.fluid.classless.fuchsia.css.br
- picocss/2.0.5/pico.fluid.classless.fuchsia.css.gz
- picocss/2.0.5/pico.fluid.classless.fuchsia.min.css.br
- picocss/2.0.5/pico.fluid.classless.fuchsia.min.css.gz
- picocss/2.0.5/pico.fluid.classless.green.css.br
- picocss/2.0.5/pico.fluid.classless.green.css.gz
- picocss/2.0.5/pico.fluid.classless.green.min.css.br
- picocss/2.0.5/pico.fluid.classless.green.min.css.gz
- picocss/2.0.5/pico.fluid.classless.grey.css.br
- picocss/2.0.5/pico.fluid.classless.grey.css.gz
- picocss/2.0.5/pico.fluid.classless.grey.min.css.br
- picocss/2.0.5/pico.fluid.classless.grey.min.css.gz
- picocss/2.0.5/pico.fluid.classless.indigo.css.br
- picocss/2.0.5/pico.fluid.classless.indigo.css.gz
- picocss/2.0.5/pico.fluid.classless.indigo.min.css.br
- picocss/2.0.5/pico.fluid.classless.indigo.min.css.gz
- picocss/2.0.5/pico.fluid.classless.jade.css.br
- picocss/2.0.5/pico.fluid.classless.jade.css.gz
- picocss/2.0.5/pico.fluid.classless.jade.min.css.br
- picocss/2.0.5/pico.fluid.classless.jade.min.css.gz
- picocss/2.0.5/pico.fluid.classless.lime.css.br
- picocss/2.0.5/pico.fluid.classless.lime.css.gz
- picocss/2.0.5/pico.fluid.classless.lime.min.css.br
- picocss/2.0.5/pico.fluid.classless.lime.min.css.gz
- picocss/2.0.5/pico.fluid.classless.min.css.br
- picocss/2.0.5/pico.fluid.classless.min.css.gz
- picocss/2.0.5/pico.fluid.classless.orange.css.br
- picocss/2.0.5/pico.fluid.classless.orange.css.gz
- picocss/2.0.5/pico.fluid.classless.orange.min.css.br
- picocss/2.0.5/pico.fluid.classless.orange.min.css.gz
- picocss/2.0.5/pico.fluid.classless.pink.css.br
- picocss/2.0.5/pico.fluid.classless.pink.css.gz
- picocss/2.0.5/pico.fluid.classless.pink.min.css.br
- picocss/2.0.5/pico.fluid.classless.pink.min.css.gz
- picocss/2.0.5/pico.fluid.classless.pumpkin.css.br
- picocss/2.0.5/pico.fluid.classless.pumpkin.css.gz
- picocss/2.0.5/pico.fluid.classless.pumpkin.min.css.br
- picocss/2.0.5/pico.fluid.classless.pumpkin.min.css.gz
- picocss/2.0.5/pico.fluid.classless.purple.css.br
- picocss/2.0.5/pico.fluid.classless.purple.css.gz
- picocss/2.0.5/pico.fluid.classless.purple.min.css.br
- picocss/2.0.5/pico.fluid.classless.purple.min.css.gz
- picocss/2.0.5/pico.fluid.classless.red.css.br
- picocss/2.0.5/pico.fluid.classless.red.css.gz
- picocss/2.0.5/pico.fluid.classless.red.min.css.br
- picocss/2.0.5/pico.fluid.classless.red.min.css.gz
- picocss/2.0.5/pico.fluid.classless.sand.css.br
- picocss/2.0.5/pico.fluid.classless.sand.css.gz
- picocss/2.0.5/pico.fluid.classless.sand.min.css.br
- picocss/2.0.5/pico.fluid.classless.sand.min.css.gz
- picocss/2.0.5/pico.fluid.classless.slate.css.br
- picocss/2.0.5/pico.fluid.classless.slate.css.gz
- picocss/2.0.5/pico.fluid.classless.slate.min.css.br
- picocss/2.0.5/pico.fluid.classless.slate.min.css.gz
- picocss/2.0.5/pico.fluid.classless.violet.css.br
- picocss/2.0.5/pico.fluid.classless.violet.css.gz
- picocss/2.0.5/pico.fluid.classless.violet.min.css.br
- picocss/2.0.5/pico.fluid.classless.violet.min.css.gz
- picocss/2.0.5/pico.fluid.classless.yellow.css.br
- picocss/2.0.5/pico.fluid.classless.yellow.css.gz
- picocss/2.0.5/pico.fluid.classless.yellow.min.css.br
- picocss/2.0.5/pico.fluid.classless.yellow.min.css.gz
- picocss/2.0.5/pico.fluid.classless.zinc.css.br
- picocss/2.0.5/pico.fluid.classless.zinc.css.gz
- picocss/2.0.5/pico.fluid.classless.zinc.min.css.br
- picocss/2.0.5/pico.fluid.classless.zinc.min.css.gz
- picocss/2.0.5/pico.fuchsia.css.br
- picocss/2.0.5/pico.fuchsia.css.gz
- picocss/2.0.5/pico.fuchsia.min.css.br
- picocss/2.0.5/pico.fuchsia.min.css.gz
- picocss/2.0.5/pico.green.css.br
- picocss/2.0.5/pico.green.css.gz
- picocss/2.0.5/pico.green.min.css.br
- picocss/2.0.5/pico.green.min.css.gz
- picocss/2.0.5/pico.grey.css.br
- picocss/2.0.5/pico.grey.css.gz
- picocss/2.0.5/pico.grey.min.css.br
- picocss/2.0.5/pico.grey.min.css.gz
- picocss/2.0.5/pico.indigo.css.br
- picocss/2.0.5/pico.indigo.css.gz
- picocss/2.0.5/pico.indigo.min.css.br
- picocss/2.0.5/pico.indigo.min.css.gz
- picocss/2.0.5/pico.jade.css.br
- picocss/2.0.5/pico.jade.css.gz
- picocss/2.0.5/pico.jade.min.css.br
- picocss/2.0.5/pico.jade.min.css.gz
- picocss/2.0.5/pico.lime.css.br
- picocss/2.0.5/pico.lime.css.gz
- picocss/2.0.5/pico.lime.min.css.br
- picocss/2.0.5/pico.lime.min.css.gz
- picocss/2.0.5/pico.min.css.br
- picocss/2.0.5/pico.min.css.gz
- picocss/2.0.5/pico.orange.css.br
- picocss/2.0.5/pico.orange.css.gz
- picocss/2.0.5/pico.orange.min.css.br
- picocss/2.0.5/pico.orange.min.css.gz
- picocss/2.0.5/pico.pink.css.br
- picocss/2.0.5/pico.pink.css.gz
- picocss/2.0.5/pico.pink.min.css.br
- picocss/2.0.5/pico.pink.min.css.gz
- picocss/2.0.5/pico.pumpkin.css.br
- picocss/2.0.5/pico.pumpkin.css.gz
- picocss/2.0.5/pico.pumpkin.min.css.br
- picocss/2.0.5/pico.pumpkin.min.css.gz
- picocss/2.0.5/pico.purple.css.br
- picocss/2.0.5/pico.purple.css.gz
- picocss/2.0.5/pico.purple.min.css.br
- picocss/2.0.5/pico.purple.min.css.gz
- picocss/2.0.5/pico.red.css.br
- picocss/2.0.5/pico.red.css.gz
- picocss/2.0.5/pico.red.min.css.br
- picocss/2.0.5/pico.red.min.css.gz
- picocss/2.0.5/pico.sand.css.br
- picocss/2.0.5/pico.sand.css.gz
- picocss/2.0.5/pico.sand.min.css.br
- picocss/2.0.5/pico.sand.min.css.gz
- picocss/2.0.5/pico.slate.css.br
- picocss/2.0.5/pico.slate.css.gz
- picocss/2.0.5/pico.slate.min.css.br
- picocss/2.0.5/pico.slate.min.css.gz
- picocss/2.0.5/pico.violet.css.br
- picocss/2.0.5/pico.violet.css.gz
- picocss/2.0.5/pico.violet.min.css.br
- picocss/2.0.5/pico.violet.min.css.gz
- picocss/2.0.5/pico.yellow.css.br
- picocss/2.0.5/pico.yellow.css.gz
- picocss/2.0.5/pico.yellow.min.css.br
- picocss/2.0.5/pico.yellow.min.css.gz
- picocss/2.0.5/pico.zinc.css.br
- picocss/2.0.5/pico.zinc.css.gz
- picocss/2.0.5/pico.zinc.min.css.br
- picocss/2.0.5/pico.zinc.min.css.gz
SRIs:
- picocss/2.0.5/pico.fluid.classless.conditional.grey.css: sha512-3/DSOI1+SxlgkZDJSdUtTBa5e11Lkl3CbTlVfr5ZEo1ZbxJNDcn7Ue1UV4M/gC8HkSbMWFJqx6y/vPRvmIhAvA==
- picocss/2.0.5/pico.fluid.classless.pink.min.css: sha512-ugrUUJ6/f/PMUqcVfwY6FBTu1KqL6duGbKaaRUePBJn+3NFzgLRW0cXUYOsuxAZYvbEj8Ut9n9F/canueqG96w==
- picocss/2.0.5/pico.fluid.classless.green.css: sha512-Qkswee29xDI3QlK50A3sD4tnRqxmfhbE0Bltwr8VMGvVXXFYEEzNs+vXsLgi+2F/o32rK+cDiKIRBUz/OhsJcg==
- picocss/2.0.5/pico.fluid.classless.yellow.css: sha512-9jTNMBp3w5Xh1qm0PKHjdQtG3Jr+A5U/UGY4Qeq9BYeHKWK17ST4cg28ma2oGwxKT7FM1n6CEHoGTR4vIUii3g==
- picocss/2.0.5/pico.fuchsia.css: sha512-HZteaf/T1cNunL7PcSwTfQb48YozOAhPDSAREavONtmWWdKj1ED75tHoBt+2hTR2wOBWmnRy+GtG4B9ecu3p7Q==
- picocss/2.0.5/pico.purple.min.css: sha512-sFg2//sOrsRAk1jaWX4YrPeFYuKZAWbS08f7pD47h7A5I8QxDgRdXuRCYcTq1Ei0W9rnHSYoKTsLHyqvEUF/PQ==
- picocss/2.0.5/pico.zinc.min.css: sha512-9UTsxwEJwrBtXboXm+uwWXKWoWMwo1FLD3PTMO/Cnhf/raxbwV8hD1iXv5Kfghpt6+gGna3cHjDez3dq2iNL1g==
- picocss/2.0.5/pico.fluid.classless.conditional.slate.min.css: sha512-xf06fi3MwB/C1DETX/tUM2QciFtsqtgshZ17KCvXfURfpYxJYAxsZwgduQovuB+XGnb/H8kjNCvzYM4kEwS0Qw==
- picocss/2.0.5/pico.fluid.classless.conditional.zinc.min.css: sha512-QMrh1zrAotNXQb7IcUtNCcxP5y4AwbRC2f1neWxlI1kle+0pTMHp67Qdn2mzkXpg0IPZz3TBOmp++RO590T0WQ==
- picocss/2.0.5/pico.classless.grey.css: sha512-pdauMTzfsksXT53WLKUH+lBDs3/P5fN4fJ4qn+/9g1oM/5HcdYhLfINM6Qctbc20gikCXUGPEguPQpzG11hLpA==
- picocss/2.0.5/pico.classless.pink.css: sha512-k7oU18aNviqq7gdTpU+oN2sqv2U5YZkRxOuAgFsjo5zn9ytfavnYlJsMbgBIPcDAD/KwnmU2TYvFD+ujWX3BxQ==
- picocss/2.0.5/pico.fluid.classless.blue.css: sha512-Gjpte2ODidn/+vYWWKAG/h9aMFOQFjpO2mlyOwExsUsRnIPJLtNP2VsaXiGaXKEUQki3K+/1kSkEb9tOOJffBw==
- picocss/2.0.5/pico.fluid.classless.grey.min.css: sha512-qm+wGhfwpASGTYiHwoPHytKRFAlaxcPWrHs85Rgki9IvT4kKu5YwvNZAY8p99OTaDSh6R3iPUd34QIRr+E7Utw==
- picocss/2.0.5/pico.fluid.classless.pumpkin.css: sha512-B76bmYxABVhvx6XLzJP2erhOhLtOnhTmpIIVySFTCntRqSMshLVSixAJgKpON3tW8qtkJwNwqNTLmOJFSQwhzw==
- picocss/2.0.5/pico.fluid.classless.zinc.css: sha512-Bi95w9VUMlFOVNnNtxz+bGyTtXXdQOO3NYEG/NS8PPx/+l5Zhd8I34FD2lWnoJF/rOhZxyN5W/FcRUJNcbJrxA==
- picocss/2.0.5/pico.classless.amber.min.css: sha512-x8VzPNPdLWFS6BqdnZtx+N7KE90eV+BoWvO8Qq7FECDxBbJfNzI25+fcr8TNNwVIGDOPcBU8e11IpOvPZZzogw==
- picocss/2.0.5/pico.classless.conditional.red.css: sha512-/oPLjEw6GPgL3Qm3o2pmMnSws6UYZ8sjoE6fzMrc/saPZvednq70MDOSrQIAnMNMPPykt0BokOA5MGt7LihYNw==
- picocss/2.0.5/pico.conditional.jade.css: sha512-WPZqDf+NNlpnDqT/yV5YUNhcU0g7zVRYkMi5njXwzEq0pgTtYfwezcVvbH6E9haQ92Xu5dqhgxowxR3Am0UkqA==
- picocss/2.0.5/pico.fluid.classless.grey.css: sha512-qehM2I0ExG22qk2o0F1bS7JJbo1XNEPP7Ag96qzfwxjnNNQLoKrmbTe31Vjx/DWESX1enaw6M6/3WVISXcAlgA==
- picocss/2.0.5/pico.classless.pumpkin.min.css: sha512-eTQkguzToBctB7YbFO2/FCwQur92rVyeojQEDiGu6nFw8/hjwfJKQW3I87zp8zgoJmwGr88o6D8z79VmVHud2Q==
- picocss/2.0.5/pico.fluid.classless.conditional.jade.css: sha512-CAZIrYi1nwsrUQAvlyXdwkU24s2S1b+/op2PreFN7XOb/RamcZCj5lJzFP+czC+c2DIQOlK5CNp7Gub7cTjHcA==
- picocss/2.0.5/pico.fluid.classless.conditional.lime.css: sha512-zbVayi9ZWkTMzXlCqxguhvaf+t9a+92btpLdO/xf8olfTpM5nrKaqycDr8MnjwNo8jcZCzOhhdEmQ48aYTAseg==
- picocss/2.0.5/pico.conditional.cyan.css: sha512-Yghzrgqu8gq1zotADlOQsJrZaUfrETWq7clUP+4NxN5pnByLZzf2ZmOhBAsf6xfvzqm9OUDGYp84Q8Mj25Ju4Q==
- picocss/2.0.5/pico.fluid.classless.red.css: sha512-HFKOB/tT/r0E8HwaMX9/eMGWWnonBA8SyAl+dXaW+T2BaxLY0/vSbGOghUwBV/nUexXH/Om7pNoREeoDCaSrQg==
- picocss/2.0.5/pico.fuchsia.min.css: sha512-RN8gjjwNJaXWYO3Lcmh/TPjUhu+eoFh4odms7VeLBxjZzT45+L3bBtZ03StQnjFDIDYau28W027meHmfKhXzJQ==
- picocss/2.0.5/pico.orange.min.css: sha512-Ke4bangA1vlDnoNHKvRPRBfSheIo2/ZtYC1MaWJk4k70I4ZR3YS5WKhzWFIKF7ml4HY8kd9qVxJcPkiF+nVIkA==
- picocss/2.0.5/pico.classless.conditional.pink.min.css: sha512-eLaG+Y5mjOb+D9NyhI2GHypNp2KIn94ScUd/SnzjFm8UK7k1kMYB+r/yd7C/DjNOqJZTPKRdeNBjlZQVoU46aA==
- picocss/2.0.5/pico.classless.grey.min.css: sha512-jEZpkKxSkQoI086j+qjuL2xBQvfGQbQ3QVHoXwcyNji3/UygqKmMNkN7N5nw6rqv/ysFnhTy/OLg77mo5V+ouw==
- picocss/2.0.5/pico.fluid.classless.amber.css: sha512-Qoa3wCA7Pwgjs/goW7QhUsj6wdXrsTEhafuQGhW7fa0PW8UfIMXAZGjPoqzSjagYK1pl8agCIeO4GgVJq4DRQQ==
- picocss/2.0.5/pico.classless.conditional.yellow.min.css: sha512-C2wHmwweCPZCi1AkLlJy3C9EgdH4MI8dYlnsXQgZ+TCUqYBuo+Q8d6t7eCp0K01CPm+0pcfi3qyGYLrKEtcbNQ==
- picocss/2.0.5/pico.classless.fuchsia.min.css: sha512-mV+GzslhyjmqegpFqVL7TsQ/RIkhu9zym3pDVaZi/ki56P0wntLr4sIxdnKOYTJjiTF9pTZ4uBcu+cs9QRJYFQ==
- picocss/2.0.5/pico.conditional.green.min.css: sha512-9TVq2Ot/Toh/P7U1kJFgyQlluTLpnfkjJqp7Jc7KmQE+d17uncrZjRwIleRwUbXnExwgmjHuyTTHEAqOfynMLA==
- picocss/2.0.5/pico.fluid.classless.sand.css: sha512-G8C085AtHJ8NnKg7lfoTEE6Cp2oYYZI1gf6hYX8qcf0+jrHSO+/Sc4Vv3XI4tofnVVq11Z92irqA8YkvcGDd/g==
- picocss/2.0.5/pico.green.min.css: sha512-lB8VJYh1KHJK2rpSkgTzzfCHjM8y4wAMsVSjKJMAAuXp0Bf07x+966weuO6qixONSOzmOcdEKNuLMJUy+GDnLQ==
- picocss/2.0.5/pico.grey.css: sha512-GVrqnMJURITpyjehOn4uFyRGwKKl04gktaqEMTygnsqI69mMvIruI2E0SutmhTlYv6QZ2X2QFOeS3p5ubl6nXg==
- picocss/2.0.5/pico.sand.css: sha512-Tf6bCJajXQ3PALmu4SKkQUrukV/kyw/cGRYbP5WFvqzes4b1Zz/5dN94woqpY0n8GU9QdazfPUUeHH6k9Nak5Q==
- picocss/2.0.5/pico.amber.css: sha512-rlyb0fczCzbPdmjy8nptPep+71Kai6q1/wTU7+GaZG6BnSnX1uTgMHFOfzStPyawPZeDdnAMFvS9HXI+uhppBA==
- picocss/2.0.5/pico.classless.conditional.orange.min.css: sha512-cfxPoceksk7jUuZIavKorwaKao3B5BXt/A8IlEscXUccvtEPH8GQJmiY3OJz4/fYuYS2LcuPtUjyXt5kvJAUAQ==
- picocss/2.0.5/pico.colors.css: sha512-lV4tfsXPqvsAuj0C1urkYkOa5XtaHC66mS1H0VqCGEHrHm5Ng5lCJJuUNU4UDa72LKWFIXbIve9VIXZVVxyhaw==
- picocss/2.0.5/pico.css: sha512-80QSqTmB5sIS1vuETqjDCunzn5uBs2jXw/EQJVZTJ/fXtDhBZ+abgmTDVQLDYgBkN+magCF8df4tS2kRcQt7fQ==
- picocss/2.0.5/pico.fluid.classless.red.min.css: sha512-O+Ahu7yPgNAdI9K9JJVWIdGNVBIsmK81hfoGCjwrR6cqnrKlKsRzA7NI9jn1Freiat+Tsmxj2H/Ol6e1S7q5DA==
- picocss/2.0.5/pico.pink.css: sha512-ZOUtgCi0sSFPuf6O9Zu7xq561fo4J8MUS+dBfsb7ouLfL8zwB26hAcAyWeUqWekXpDSZJDK7yDbRxkoZGK/bwg==
- picocss/2.0.5/pico.classless.conditional.sand.css: sha512-NxehI8XuzLj0FHobdw+HlSu5Sdb8fNhJXVIS3p4m/RL80gndLSni9TucGtZrlRq4oPU3GfyHRknhiziiXEIpMw==
- picocss/2.0.5/pico.classless.yellow.min.css: sha512-gIYyKOUPnVGXpS/dqqdFvAIPDfgP11mNgbwOsQDjbteYpbLpVXiynGakeWpl2dMlgziniP/XqMFdeM66qipoWw==
- picocss/2.0.5/pico.classless.conditional.sand.min.css: sha512-o05YwqIgXb7iIhdfz1/rvJGpM2p9+d7Ri9RwQCEKB+6Tkr97/0wg7SEEQ0okbvbygU7TTyXzEY4gc64/p5EOyg==
- picocss/2.0.5/pico.classless.lime.css: sha512-iBIEy70vrA4nYXCl9SZikc42l/UbBRQY7KckXs+R6UEe+r2Z9DXPffGbJL6gHlJ11caynAUG/nR+Id1ZqOzs8A==
- picocss/2.0.5/pico.classless.zinc.min.css: sha512-b4k3AUHSnJZvB/Db9k+KkNAb6GexBhm20pWs5k3T04hEFm+k3dk/TwSnWFV9NzrTltnNE05kRos4CYjzoNoloA==
- picocss/2.0.5/pico.conditional.blue.min.css: sha512-0ld44FPiOCV48PBe4Twez2rdftPpO0I/xBH5PMl6OaD+UCFDYsfPF4hifLeEagVQtbfZalKTVxyKvBVwUEXEJw==
- picocss/2.0.5/pico.fluid.classless.conditional.sand.css: sha512-YdFAGFR36FyDQ8Q67CE6+4WlRU0O1Da6BzuX2j2YQN0l26AFFoSE/l15ETHOIQn3sBCrK8lQJEZuwSnIdxr4Cg==
- picocss/2.0.5/pico.classless.conditional.orange.css: sha512-pJ2a+HMiCV3F6oCEOw+OYbaSXRZhSlcl7vlTxUcg3etk3gv+FKc+UUfnI5wRI5r8EjEEZIrUrxVQcDTMABNMXA==
- picocss/2.0.5/pico.classless.jade.css: sha512-zhVBCbPZvfz32B7Ppalkaj/V84qwatlkDsQ/O3jLmSvB0Dv63LRm/oUJteOT5z6QZRxxHJc3aiCjWWRK4UaF4w==
- picocss/2.0.5/pico.classless.conditional.zinc.css: sha512-0BXAa0jYokFtkgdDti1pinfpaeNzGKhHJdq1/P2LrgCBKoXclfkGJHKivZPN7bwLzKMTZ+bNluzEI2MWjK2tRQ==
- picocss/2.0.5/pico.fluid.classless.indigo.min.css: sha512-sAss2H/AjpCWHIhkdeVUdCT9Wnsfu7yh/sdwgwBSAyyAdqxRM+koLGJaVgvEEhgOkgCchoxuMkIUgRy/SnTvpw==
- picocss/2.0.5/pico.conditional.css: sha512-BIN6xCJxTiwvyGsnVBN9NWERL8cTM6iFGhTxEqIVUplm2gr67i4q3Ph+ljPO4lG5/KVyjZudc6nz0SYBaHEn3Q==
- picocss/2.0.5/pico.conditional.lime.min.css: sha512-kqAMiz6rhCIAIDgivLAA+wD9EeffiGjk7KqwAV7ZSBAsC15S8a53Bj5cYCeC0goBKGHHY56SVSKuiWhhDvsxWQ==
- picocss/2.0.5/pico.classless.yellow.css: sha512-T9rBMabUg/2iwEtuPvAj9wm/Z6pfAHA+DrjtJRPXgDxgnwA6Ksk0abNLthsoE8H9clhGhnTTw3V/NE+LJZ9eNQ==
- picocss/2.0.5/pico.fluid.classless.amber.min.css: sha512-3HymLcLT4ALbGX9/Ll2MEpFS2UQsohVzj4jmaUfiP1hWzTWlU4z6Ipl+GR/Ppfv5IqxWj1b6LZX/NiYoLCXNdw==
- picocss/2.0.5/pico.classless.conditional.cyan.css: sha512-Oa1L3ryzQ6tGXelKpY2vLBC5sHmEuADZfG3SY9hDMzpXhqpXjw5+rivKAekWEVzERDH7+43S+3gJTzb3igtk8Q==
- picocss/2.0.5/pico.classless.slate.css: sha512-5eWIzapPps2ns19arMtAhldaM/UvsYc91ZogW36MbLG+KBu2LROq/8nCrSnUAIfEueJ54Kh0WaQEd5afGWI68A==
- picocss/2.0.5/pico.conditional.slate.css: sha512-W4bwhL4CzFP5ViBa+cwZNFk3fRE8StSs+XCltIpaX1/aiDml7AZPVymIK/W9klb2j41tvIWfi5J/imL1W/NMTQ==
- picocss/2.0.5/pico.classless.conditional.jade.css: sha512-VZKm4pglBf16xfKgjcvF3Q0Yu4SHLS3U1xq4jnapX3d7Yat4mDW4FCGyGCHUjRYJIemwbHWmuYvB1B+8HLJxQg==
- picocss/2.0.5/pico.classless.conditional.violet.css: sha512-d53Zx7DOz4hgYM+gMhsyaMCJjnqWfqHM74zNCF4DsvruJ5G8RkiW9PZ5WuqrdRWsv/6peF0+GosOlSBeDMACZg==
- picocss/2.0.5/pico.classless.conditional.indigo.min.css: sha512-YZc5wilEmJQsitVIOtj0jm1p4yyL2kJZhc0fnXZG82PSDJMnVS+sQGAl1QdnYp49nkaIlb8PqSo5z+L1zUBegA==
- picocss/2.0.5/pico.classless.indigo.min.css: sha512-VbvnRM6wE2mk85Mxh4W9n/doY1Kcw4MLkxK/pI2Hj1ImPmcfxwf+eNem/j6KEfRmbY386yFe6wN1WoJGxks9Cw==
- picocss/2.0.5/pico.fluid.classless.fuchsia.css: sha512-S54E78ZKEgx6PWkm+Vw4AjR2rMp3vfoRQKqTXROohGt0PpA705xWzNnBFFm9mx5mv1UgSOvLSvaMjKQGdiH5LA==
- picocss/2.0.5/pico.fluid.classless.conditional.fuchsia.css: sha512-D+VrkXtDZp62y9TXOOp1oKih9vj1QIzjX4/6/eRKwCoifMzVMbT3/Psy3LsgOuAu9TGza3I/7h0CdKiEPhukQA==
- picocss/2.0.5/pico.fluid.classless.cyan.min.css: sha512-nv6rxL5k+AcukNNdYEJiHSt56IAxCCoy+tTWqLWZUnkBFp2DBc14umRhW3E/dXG6gs87w1xGjxd8+bSD2fRvAA==
- picocss/2.0.5/pico.classless.indigo.css: sha512-zVd+QU3Qg9avX19rSg3yHHK6JznVX8iCnXEKnbEHFLgG16nEQLS+6j04KhjgvXpfIzddocdchD1+nPBHPKjUjA==
- picocss/2.0.5/pico.fluid.classless.violet.css: sha512-9aI2om50W3Etelrc43HOYCHc6dx03LgpF5r1X2jtAeFcERr4E/mr0Uxx8VqGrmq+8c0OVU9xzSOYBEezfD+S6A==
- picocss/2.0.5/pico.conditional.lime.css: sha512-4U150ULe54pn3Rt+CZKpojCbypA6ZyLs4NM/EBywe0s2We3iuOipq23bl4XD0VDZcHvCweg72zvoRaR28shpew==
- picocss/2.0.5/pico.classless.conditional.yellow.css: sha512-AC+XmEwr9OHVPW+8kRVFUsxBi3qytAmGAZzGktudp3PCE1Wk3CjSQ9yhoC1ZJOSRn9K8GNAedhcWRS69HYl+TQ==
- picocss/2.0.5/pico.conditional.indigo.css: sha512-5wYh7ZKsiLSGE8hCxM/LTNNDQ9y8sO+GQVp9e7p7sVJN3m/zCYaGHQQwc8HuAaQEeTQqxIN14E5UvbzjYDvm4A==
- picocss/2.0.5/pico.fluid.classless.conditional.red.min.css: sha512-E+u8d+I6U1XKE8xIMKrRL0biyigoEkkvKnUCIp5ppNhxmuRJ/oWdxFNG2k0S+n0vToaIwXXVgiKOO3jej1jL5w==
- picocss/2.0.5/pico.fluid.classless.orange.css: sha512-uZeQ9/+zq2Gyz1DnuAR9Yykc6hjO4R/7dFxoBqdO+9TD6rJ9SKoJC/4xYiEqH5m1Li8s30NcA1z2OH3rgDmTDA==
- picocss/2.0.5/pico.fluid.classless.pink.css: sha512-0J2vnHcLuu5pxp1ORcTn6l+py4bDl9pbKcHZNl6/Rnk3QzQ/e53GRNVlnSKPbuiJ7Z3DaAexBkADxtcUZzzFjw==
- picocss/2.0.5/pico.classless.conditional.amber.css: sha512-kiQi/UiPsjqt3+B6+cjQIxnorggdfachVfCf0A7+oTTSoG5QwBwVFKcqhv66cxtWmWo5gZwQvE55i/g6psZsZg==
- picocss/2.0.5/pico.classless.conditional.fuchsia.min.css: sha512-MJ8dtueE6Z28k7tRcgU4P4/0dfdBnhLtXJf3O5LniFgpow9ifnLVkJPusMw7PBLs7RaRJ47PQpXBfP0Q4xUOtg==
- picocss/2.0.5/pico.fluid.classless.lime.min.css: sha512-w+o6aemaJAeHop6LewOdAmfL5uR08rkwksVu5m7gwDfjHu+j1E/qu9vlsGmiiMgvPog240/yLIAZHyvm/Ye4FA==
- picocss/2.0.5/pico.min.css: sha512-jmtZw5FIWzlldrzWtki/ob5ps/1latcXbabHFzXMS43xQX3elN/q4f65mzw9ShB8lxIcs8gMDXZVL5NJ7mvo5g==
- picocss/2.0.5/pico.conditional.zinc.min.css: sha512-zLq6S4mdAj0+x1gEugTKVL6csMPEAHb8sPmoOHa53z86Yqh2B8L3WZvmoNu4h7qUIQ2Sqyk9uJKOzFntshN6/g==
- picocss/2.0.5/pico.fluid.classless.conditional.lime.min.css: sha512-M3bC8XVLMf9lDYmlKhqIH1JOjPd7uIdq/vCTw7qQNmImA3l0XxUqqErJ6XMvtKerLRESg9MoTGv0yiVfhTi7CA==
- picocss/2.0.5/pico.classless.cyan.min.css: sha512-qLFnGTQE3SRfvYusdUJKH+H30oTGja3IViDgZ44so8EZuft22+sQUHRE51xLwF0tbp6wkdyF7L1v6IXubuihPA==
- picocss/2.0.5/pico.conditional.fuchsia.css: sha512-+MkiMtN/cpQ0v5FEldoSWU7Q1H+X+AX8Jr2ebbn/OJn5lOCCWaHLPUE0Y+OHLOm44s5GowT1+XAEzYMF+tZMeg==
- picocss/2.0.5/pico.fluid.classless.conditional.sand.min.css: sha512-dRjwCPWuh7UAjn4ESJp3B4S9e6RQXVAai07p+9hH/X10kAPEwknYgDquRo+JrhcZILzlnyYdbwvFRQG6+2ZxoA==
- picocss/2.0.5/pico.fluid.classless.sand.min.css: sha512-h3+1PJ6eTF/fH0FZPDWvFLyFt56F4GpaKsNGm+w/fT+PCPcXTAdQH/95171IFHJZz+foLijXilP9VwHUS1uakQ==
- picocss/2.0.5/pico.classless.conditional.grey.css: sha512-1PtXrt8CaBdyfyea88JMOMa9JiSMdXVZvbTgz0aJV5j73u/f1GL688/7mBJpwjckr+U9gKqloSAs1IgqxdKWXA==
- picocss/2.0.5/pico.classless.conditional.purple.css: sha512-NrDf5dWPrtBpyEVGzmARCekN6oGqtst5oWhbBFWZXsTys6MHOdWFqTocvKiF3EzYPEcWoeOuxDE8bJbAurU4dQ==
- picocss/2.0.5/pico.lime.min.css: sha512-bSxlAeb/IktxKHHOL4sHahOTjbBamR6X0Nn00MZJ3PTChz+hZE1i5cHE+hQsIDnqAybcqSEC2PZeMbXd8fTKgQ==
- picocss/2.0.5/pico.pumpkin.min.css: sha512-GHnUJoZoPXOr5WDuJOUuVyVCPwkphkND2BWaShvnZ7Bpfv9ctBWMf1io8b28EFfC+6Runz9tqfmphxOezEUTAw==
- picocss/2.0.5/pico.classless.orange.css: sha512-/ZmQR4HwxfTCUi7r7MMd4ZJhyDCPARPz/Tl0JVqnXozsLUEb1sys07S8jBHUOz9V7znxYkH3aWG1+/wsGgKFFw==
- picocss/2.0.5/pico.conditional.amber.css: sha512-AitwTk/QCDX+v6fN+XuYslGIjKgc1n9R1cuBJNmjtVaqi32NdfvlhigE7tPDj6McyA9EZ+B3ioP0Y5dFELdTaA==
- picocss/2.0.5/pico.classless.slate.min.css: sha512-3n6VNXh3dIvEkGI2wWdK5pjwwlRU+MMzyMY1qSBZZsK9Gc5opPCLLtKC7eosflg4M7lAkVBlQ0Zp7ZKm/f843g==
- picocss/2.0.5/pico.conditional.yellow.css: sha512-Q4iiwOdrOA7bAMWnVbaFfgh979iDoS3Ik4ZU3Lq2def/OdMJzpCVvFFbpNI+BWVFtKYoNMTaunJ0l7q3oRQmbw==
- picocss/2.0.5/pico.green.css: sha512-ENkrDzvZtXERsV16Y51QzY2zHs1mbdwL8PV8CAXJF8D1Nr+CXtusbuH8w6Z0Y02zHj+rvFZBbe9bu4V+bBkDGg==
- picocss/2.0.5/pico.classless.conditional.slate.css: sha512-AVOFwM1WoHqX3v+HLvkugYnDdZ2DybSyFG0ygRfBYnsO7293PgfWIoRG2nRw8+b0dz82YQaOrIkDfGiIQ9LZCQ==
- picocss/2.0.5/pico.classless.css: sha512-cgl7gGdF0/3uIoDCSyKj0cZCPPDMoxsRPB43Fp2KQZKx4Yyjq1VnTcbbAJhm4olqe/QBrOX+K8BjLXIolDR7Vw==
- picocss/2.0.5/pico.conditional.jade.min.css: sha512-TFbypnE7+x+lg9Qgd3zDwCBXbBFqeR6YoQ62/uoVAzMEDUEd00cyaz3k1HuM/uNzhGe+qFYxj+8UBLPnXkJ45w==
- picocss/2.0.5/pico.fluid.classless.lime.css: sha512-h44n8ZXCLLkqn3FSetUrjcjc7g2wcXoF6+yRvO/amKLXO5BG1CSih8e8UTx3HTQL+MIBX1rqMNw9C0PygWIUiw==
- picocss/2.0.5/pico.lime.css: sha512-ewMSVgU3sn4JvlXJe9rCzSsgdaPIBpeUD5WrBrZjM1dr9VQ9+jU4TkUR7Kqp1Vesa7mU7R8ym90aWpxnq9pP3A==
- picocss/2.0.5/pico.fluid.classless.conditional.zinc.css: sha512-NtmmGMDmDIb1p21mUizSmZiP19+3mgsaM5PMGloM8nZizbYEHFXxABlHAkFoRuG+9KmhWNBBlhXNuB8/y3Yc1g==
- picocss/2.0.5/pico.fluid.classless.jade.css: sha512-cijI/CUBfx+xQT9Fp26z6LwVUJB275vWLIULiRfN+Vgs9sSL6Zbaf4qCEF2g6VevX1Hxp1zQe2LZvwjU9+M70w==
- picocss/2.0.5/pico.conditional.violet.min.css: sha512-YtV5A+vlaMoxAmDebXgVKjmTStwttaDCQOvh47YWoimXf8AEjrTfipaiEXtiGVwUaQRgJgMlE+Yb0YUzLO8y2g==
- picocss/2.0.5/pico.conditional.sand.min.css: sha512-7kzP60LTqJXOBC00e7LU6vC7qsYkvF7oP3vGVrM+EKcBfwKRyo8DdyieCE8hPYsvmHQgpanAUuQb1EeOiXzYAA==
- picocss/2.0.5/pico.conditional.violet.css: sha512-lYRHrTUyLN5kvHDKM3OLaMMO6FiLSbhZxnyowFvUabJEjXnY2eUNB+A2ciEZnHA4obLoUeUHjXHpqwcREf+q6A==
- picocss/2.0.5/pico.classless.conditional.indigo.css: sha512-gkN6uU5yMFTAIQWbFWFW9HY9pbkrBbnxwUSAQRBx57560azFp05lmAWz7EoKyqHSWQAKGO0vt0sQBnETa/CYOQ==
- picocss/2.0.5/pico.classless.jade.min.css: sha512-JzSZVtl2PjXDyYnjM9NqM7Dl1gMiO7Fb30DlJJkQKI/OUk4DVHZfBLFkQfU6k3uAjHiakig2I5zXFHdZ2zkXQw==
- picocss/2.0.5/pico.fluid.classless.min.css: sha512-tgQO2ScEHVrA9KVESC+57Qn2UEeYUIYoEsArQmyhopoqPxf+JLTE5mcGY4pE5BsSUupbz5sDvLXuTUaCF5YM1Q==
- picocss/2.0.5/pico.classless.conditional.blue.min.css: sha512-duK/MzPKRwKOqfacNJ2kSc0LjU0hkfzgx3h+qpi+lyigWi906DqfNQPg5yCiaDDx57aN9EKLiXhiFCAVNP81Lw==
- picocss/2.0.5/pico.fluid.classless.jade.min.css: sha512-2sSkeQNGCR8qIIxRKpTIapOI2cj9TfntDGddKhTvJTnrHJZ+M7bl2phO/v6QUoRPJjaGeHr/MZDJqgJxKom2nw==
- picocss/2.0.5/pico.fluid.classless.yellow.min.css: sha512-4oDOeKZ1w4TuEERjUyA1qA7wrAcL+PXZzBtP4Y6FcWSVNfK0GI+IlqfAVV/GebBISTA0J4DuQlArhs1z8NMNag==
- picocss/2.0.5/pico.fluid.classless.conditional.purple.css: sha512-5w4qZn/OsZKWzmrCzn0r5L4WesxXgKzt6B7u73HYygsIy+VYKQLXvitMMV9qOODzA2Nn3sQG6zHLemOpKCrmGQ==
- picocss/2.0.5/pico.fluid.classless.purple.min.css: sha512-vIr6/gAIlVi5sKtJ2zd6fEtsqrUbbNeyx0szBR6Ak0cs1jt1+uwDtesqG5n+2Hh+p7MtuxLjIeT/M0TrULN4jA==
- picocss/2.0.5/pico.pink.min.css: sha512-oiUbm42YP2P0h3ejDH4MuVxqw02UXGeMPg8uOGzZemcjCL6bFbUEqFTfWj5kgAUkQWIQHEtP8Gph2b1VbtXEuA==
- picocss/2.0.5/pico.red.min.css: sha512-zb9dGEeKUq8yMGROZDibwf05ZtSfbVV0S6tLLqyJmxAq9EMgH8hTuLQUmwu+0xUjysvDfLQxSFpa+mbmI3KI6A==
- picocss/2.0.5/pico.classless.conditional.jade.min.css: sha512-MSKbOhfPxZTw4dnnuFIRE7mqYp/f/UG6CDzndm93qZ9y1KwJJyllSPjuaSFHBNe+NcxSPY3ZXHvQQ1AdEQ62Qg==
- picocss/2.0.5/pico.classless.conditional.slate.min.css: sha512-h0g495jOuYxEICm5NUYbtbLQ6VZ3asKheI3QPsQws7LNytom7Tbw+bLn7toe1BX7L1DDTFjUo3xmj1bEYl66HA==
- picocss/2.0.5/pico.classless.green.css: sha512-o8sgTZk8sxNarEY6xCts1UVtlM/mJyhSmO1fgwtOJLkabhK1wCTr3vIabMKyi3Z5JKrXd8zToivCNs49f3MLPA==
- picocss/2.0.5/pico.fluid.classless.conditional.jade.min.css: sha512-IMzIT+r9LG1nSPBTCb3ZuO+nstRGQ/7CXv7M8YCw8u04b/ChyzmULgOhvHmlK3NxnwRJ4HUsypk764Mr4fSlew==
- picocss/2.0.5/pico.slate.min.css: sha512-CKOT3JKAO1m4MrUPtE3jmkxxYp1w2VTIDLmeWxiWAWeFVURPjs9KT7eHl1sDQkTx3jA57aVbLqQjGC/Opd+DFg==
- picocss/2.0.5/pico.classless.amber.css: sha512-Es/Y3s4dfOf4g9FP5O1UL12NbRRvzHUvmW9JW2oSLXFnhaVodC+v567cRYFyRvzFhKbNK3FrdRD8h9QOnffUEg==
- picocss/2.0.5/pico.classless.conditional.green.min.css: sha512-8w031Tva6XEBOH8hc5SEldZmIeYvG50o4qmFmKnY9OG9Z2WJsNHySI2ZaEh5/HhgSCT3r3abSTkAhA9HiDxaVA==
- picocss/2.0.5/pico.orange.css: sha512-5qkNJdYxt1WwBxpd2BYqj7x2iUtAqZeJgPlDDAjlRl+WnFOFyTI9HiDMHS0IkDP4Oy1NOuVn4LTUq1N61UyMkA==
- picocss/2.0.5/pico.sand.min.css: sha512-OSlQx+rHc/6hP+vx7Nfiaucg4GIyA4E7iMw3RTEioMzfBh6SIP69uPwvgA6av0cL0QJwW7QHk8mFgHCXP37DCQ==
- picocss/2.0.5/pico.conditional.fuchsia.min.css: sha512-CCRN3mPa1bJkgeiVlm4Exm3+XXkZwip+o3M+OcnQS5DS1Trvi14eVNJMLDyXEyVGYAyAW6lFB4nTeuH8q0Oi6A==
- picocss/2.0.5/pico.conditional.red.css: sha512-PSCroya9rHHeAFAvpnsLujtUHiDUyObdHnohIrKTp0fJRjELKcd2T89roh9DD3MS86nceMqipuD/1ichJgqRRQ==
- picocss/2.0.5/pico.classless.conditional.violet.min.css: sha512-ypyr2hqgd2eJaFUj5dzWd2ljn3B1EergowOatTiSLj+ZfaGPFhEJqFduJDejHZ4ZHTRQXnEZRhYxCpF24rBzng==
- picocss/2.0.5/pico.conditional.pumpkin.min.css: sha512-hnTHBmJVEbVzG4dPwCutLj0zrpcitCK7r6nzfahpt7IyitKJjnTRKDS+Fj8NokVLdAg6DrCV/7oiIq35OfdmRw==
- picocss/2.0.5/pico.zinc.css: sha512-ap2VN/DKMseXwC4OjYpCwUQFqcWW+NiSCXqxlDB7jnZWpK6mF5J+7REE/kUD+VLXdrFMMF3b4HgSoXxFanVbEA==
- picocss/2.0.5/pico.classless.blue.min.css: sha512-Y4PR57HSb32iv39a2dk1+BWsWaIOK2WG0kGlcer9hvU5TzsNgQ3Fx4YaenGqZ6hGO83zdGZSC2sBEAIpBNAYcg==
- picocss/2.0.5/pico.classless.conditional.pink.css: sha512-b1dCDUD4O2Llh1pbXe0WgtTPdjCoQidm92PT6L5e12rlnO6pdvHRlpqwihWh6Wk1T2K9xG/EWJJQ3ElpcIF95A==
- picocss/2.0.5/pico.fluid.classless.conditional.pumpkin.css: sha512-B0/Fq2aPhysjRh3ANDqEHGpnjK+2XvrbP+QDIoGkRXKPEToh9uxFhKSaP9mLSUoiqoxdqDIvhuMvLYgcSv4JCA==
- picocss/2.0.5/pico.classless.conditional.purple.min.css: sha512-vgOyFqzwoDKiqbklyXNW1PniqBgXo0CA7ThUQCXrHXDA7XCyWW7cMcpl54hkYc31DANq6wByd9D+fCQBb5ajYg==
- picocss/2.0.5/pico.conditional.grey.min.css: sha512-dHyFRIhh5fLW3gLfOEUQrXBf0P0iVLfifNBtqXlFvaLAGhMDNSFebUogmKAyvWht1YREbiZjEjw53Ds55MiL5A==
- picocss/2.0.5/pico.fluid.classless.zinc.min.css: sha512-bNJfDQEcv9q0rLIi8Il4qlLRlq4G6+hHoPozlRfPR7wxZaGTJB1raeQiJIKTwuBahlQilf5baWuMUn17Ir8uxQ==
- picocss/2.0.5/pico.violet.css: sha512-qtJlcCw9c3BnOV5RDIn13kntYbBwW0SwroFvtX8MsFkh3L/9+sqZc8KHpwsbt7GnSbEdA9jo5bt3xaAlt5TRLw==
- picocss/2.0.5/pico.classless.violet.min.css: sha512-Oz9DNXpSKuQmJB/L6xtwuxLHDBXROSf9QZ+dqVytinw8pGYtAMIQvl/MrKuT12HG6WGcdaL+zDPUz14xG3J+Mw==
- picocss/2.0.5/pico.fluid.classless.orange.min.css: sha512-qYAVZUBs8m0N/ybXF+gNfO0wWzPwaKm/1HLTjO7aEXE6ckYr6E4//Ak8gODu1q6DanDH2+FM+ddKDNtiMfFvAQ==
- picocss/2.0.5/pico.fluid.classless.conditional.yellow.min.css: sha512-O5H+pMOMszki+OhWBGqRYt9Z46HB4LsW/k6g+avNR9CLSWBGG9Qrn2FM4VZY5qn3QFkkSmADNk/e5tECM8kjlw==
- picocss/2.0.5/pico.classless.conditional.zinc.min.css: sha512-uiD5rhQXbueivdRJs9w0jAoMBiVrUGzgvClFnkjq5XSiAyjkj01Dgp19iKPc7BE5KSF7CdQcFL/teTZqpGQ1pA==
- picocss/2.0.5/pico.conditional.min.css: sha512-kPX0MJ3ziSlhBETkTeHyY3/12A/ciEgqLPZBrgwxRXxd1wt9AUpb/nmEN2t4oQ6Bpi7GDJBsqsVWSrny8/jLoA==
- picocss/2.0.5/pico.fluid.classless.conditional.slate.css: sha512-goYA2qvinlZCMav/gqnBwmYzvLyPIKVEIG66ifaQGRPiyrg7V66novw4LckGG6pSlys9db4cCcH7/dAcGSlGJg==
- picocss/2.0.5/pico.red.css: sha512-5rG6TXtevC8HI49MniJXb8fefWBFxMiOQMMhIICNkAajaeFyAabwaiQDuMFwH4yJKSRyB+97FifwLjP6foh9rQ==
- picocss/2.0.5/pico.classless.lime.min.css: sha512-Z4anMPSgIZuyhhOpyoIhmxpP7rFAZIa0yGMVJq9kaVWqDc6tvdN6gtUvJHBxQc+nKLlxlYoPN6M0YUeXcFHmww==
- picocss/2.0.5/pico.fluid.classless.conditional.green.min.css: sha512-jctzhXek47rf1mFaU5C8DaMRPF3PyoGddYosMs2c1eRZEIM4fKMNgnI86x7fDBSiEg18KApfnQz2VAsDbx5fzw==
- picocss/2.0.5/pico.classless.sand.css: sha512-i1aaPmGtCit8yO3njUqeb9MvlGxbkKk754twyMPfWqEmqxi+2EUphmMDpfNhrC8PF8YWA393WI+Tz3umbe1nFQ==
- picocss/2.0.5/pico.fluid.classless.conditional.orange.css: sha512-kKR6JOVotY0J+Jpet6M3B2XIITQYLfZ/QiPe1Saii+3l+zbejI3mcWbtlWK8PrQ8pEaztbiuBPruHQDuFaNFMg==
- picocss/2.0.5/pico.classless.conditional.green.css: sha512-9DUXTFhs/HlUsDkjSoMqDOV9rhH1u5btnfm9Ejgrq8YmuPQcrODFqY7kQYGecZcDYP/S7GlQfRw8Q75vzF0s3A==
- picocss/2.0.5/pico.classless.conditional.red.min.css: sha512-NYKOotYgPY6W1Jl1noC3LR/Mo1lzMJ38vrX3tFmrYiJJT7GyAxAOZsiohzI3a/IpotN0GaVcriPcIpH/f8xYcA==
- picocss/2.0.5/pico.conditional.orange.css: sha512-OfPCffrb0NsY6GGm9Xd5nd5Y+IZiBvXJWsc04ss4w0+6oCEY6D51jTDE3Dp44IDUSsSrSA9sRREzIPAvDWzHaQ==
- picocss/2.0.5/pico.fluid.classless.conditional.violet.min.css: sha512-5d4vqn+ysG0mkNRehnju3rIV5er3P/Tb1irZzsrBvzwwf8u2QnOcYCOevdnpFy+H4xgNuqHe/FXmkUE/BHE8jw==
- picocss/2.0.5/pico.jade.min.css: sha512-4h3GC4TXRULAqJlDlhZ232fxcc9saJgoPMR3rcLi3PRbVHzvaDfoURA1XbFSwSd1Gjd1l6K7iO95yeb0lH9G2g==
- picocss/2.0.5/pico.conditional.amber.min.css: sha512-Hpmp8RtejutIxCgRKUTpymdfR4IvRqsKGG7YScelN49vECEGQjO/FGtgxv3X0KuhNwOgiSvCOHnoAX3ZLWM74Q==
- picocss/2.0.5/pico.conditional.cyan.min.css: sha512-MMPXMeDsDwZhYkUdndvh/0v+7eV+o/3NdQZIiCTF4LZgAanNaWO1FQ+EETYbG0G8Bca+hbvqZjONXSoQKZG+jw==
- picocss/2.0.5/pico.fluid.classless.indigo.css: sha512-u8I020cX/a5+XJL+z6i/6Oe0OUMvl0eWDpe/3MqkKSATMxdJ71dLY+Ap0Cm7jAGrP+8J+E/HQmfY3BJWYy9LGA==
- picocss/2.0.5/pico.fluid.classless.purple.css: sha512-OZ/v/uX7GHUIvcodE0K3mJa81tyupG+yJggxOeyTci61KBnK+EQkh7YiuNqI702Zynvf21Oiw3PYbJVAv9dJHA==
- picocss/2.0.5/pico.jade.css: sha512-LvNyzf+ujgYzeJQhVLKiOcmSbOVhkZXE1he128vi6rqrtT4VVBbGvfAQ5mJ1nY+1h2klQpSrOdKKq9SF73vy1g==
- picocss/2.0.5/pico.conditional.sand.css: sha512-SMgFZ2mHLRoXqGcmTNoSHIO8ORX6KmSshHsypjsn71j/nWbuIBbPwqLnlduPpdCwM7Ab31K8C7GImxxt/51Crg==
- picocss/2.0.5/pico.fluid.classless.conditional.pumpkin.min.css: sha512-BAFyeei+fbXyH/69BrcRhRgYa7P4itTij5WYtmVhTjUXvY8lNjXC7yYQf+T570Wb/CDX4RtGutfd70St5ILtvA==
- picocss/2.0.5/pico.fluid.classless.conditional.cyan.min.css: sha512-FsYCY4xOOj0j3cS5jnhreyx0+LZ4B0vzG40lfEQlqdyVnyi/uYjdg7gkcx6V4Ncs4enkXTD91xrFvF5yp+WBug==
- picocss/2.0.5/pico.fluid.classless.fuchsia.min.css: sha512-1smO1hU4KTq8NmhKTcOHHzZf9e/gDvK2oVi4/+mQDb2vDwpWAzcaYjv9ZKQJbA5yURr5oZCpKCo8QpEKCPHkyA==
- picocss/2.0.5/pico.yellow.css: sha512-D6K5TNjSWL9/rHW/cJCLQSkMLeu5fWURp8W/NGzOyPHSdUUXwrozONwvd9+i5gMmzkxqGRe0Lo6wNvX/27pzCA==
- picocss/2.0.5/pico.blue.css: sha512-Vj5G3rrJfDXwbFoVO6OBM7YySoRiHJpiewHSi++BAHZrovifT47ssfvglHKu0pwQeGVB0sxeI2E6Hl9shJXjhQ==
- picocss/2.0.5/pico.colors.min.css: sha512-7T+VYgzKthVgiTI1Upk/LT281Hs9oal+jock9kJ460gtYEJDzL4vRf0bZXu9KtDtP9Zah0YT7nCvsvfPw6GiEg==
- picocss/2.0.5/pico.classless.red.css: sha512-UnSTPBfY2h4dAz5ywlB7D5WqhPrgmZ2hSyK0KO3ctqSd4JUW84zBg9jJHy4bUFt1RhZ7ks9idvtJDihEuxJqKg==
- picocss/2.0.5/pico.conditional.red.min.css: sha512-UQ+Kz0Esh9hzRbV0bTPkfF7VmgDVIlDx0X0BXWqN/gCilNgceCVZ0t6464/kV0NJtkxVcIUpou9WfJ+MSAwS7w==
- picocss/2.0.5/pico.conditional.yellow.min.css: sha512-wunfsbCtEZfKrKyUGDmCmCu7q402zgfEzPxLTzEcduLjj5yQvyezhgmjgeUwVhZGX6/nUgVox2o1GWbJzX93Jw==
- picocss/2.0.5/pico.fluid.classless.conditional.blue.min.css: sha512-aWfowhEfl3TQ9Rzbf87OLTGEjqRxljz+Nfo2RMR4H3My1y5IwgOZq3+HfbJzOx5OAUsOMJKDq7j1phx2r7bLvw==
- picocss/2.0.5/pico.fluid.classless.css: sha512-HYPcb9SQt4ofQTAII+ea3aHHHqDsss2zx+fVOK+CBh93hgj2C4TufR6mwtzeL6gks5QLXI94pXGElRIeh4xHtg==
- picocss/2.0.5/pico.classless.conditional.pumpkin.css: sha512-vf6DbDb5z/ISV3wCZA7soFAz6m2joOSenTAHGwlN/dgOIM/vuV68bfn2dm3klY+evby+/AxyZAndbUL852PczQ==
- picocss/2.0.5/pico.classless.purple.css: sha512-WYG7U9jLAlN1WSOUTuHA30RAt0UhdKgKwQxAgfFH8TF1J3exlU1NqUdNWuzp3sZNmj9VDmpEb0pG24HGeWhVZw==
- picocss/2.0.5/pico.classless.purple.min.css: sha512-Gm2jGLAqbtAr4yqDmNdfs2SwIp5OhcblLrt8zTFZ75CvPpxZb+A0OZ2xsMaF1s1Zq1HlhQhduNDAKYWSMzYE1g==
- picocss/2.0.5/pico.classless.red.min.css: sha512-OZDKCnTWwzALZhJoSXEBceKTHkPX/RAj5wtC0al983mN7dO1/ZxKQYJO45Yhtd1/52bmV1HxV7vVaIrUyJmxug==
- picocss/2.0.5/pico.fluid.classless.conditional.purple.min.css: sha512-DopTJO6KJdjeYYOHkLI73CP6IR0xJMr7v6bVQkLMG4/VdW/GDuj+DOac6WS6LZNhRpyVfHs8RbPMx3icxlIXLw==
- picocss/2.0.5/pico.fluid.classless.cyan.css: sha512-HU3Z0vzEzDh97d9Ycb+bg6vwvtt18IF+v1Z4gFB3FsqSxtk2JM4U74W63cj4Mf+zmAXBN/wB6tdgDA/DuzMR+g==
- picocss/2.0.5/pico.fluid.classless.slate.css: sha512-fzbQ4dac+cynA8BNnqG73L474a0OSEfeEg9COHEr5UOFTLKqu0dsZ2Hsv1b/tvk9APtskmbHnnlJOVVJCqUaZw==
- picocss/2.0.5/pico.classless.conditional.blue.css: sha512-QXMPuk4fe8sALYDfQOZw3mVwIwULfvPwuQRa5jmJaApSOPjaTzQVVUAdRBECc0Qli4hQkZe8C8gV6SuZ+vixoQ==
- picocss/2.0.5/pico.classless.conditional.cyan.min.css: sha512-UoZscL5P6jggAx/vglUuQ00N2lHRtX/RfXq4qf7Xdw4DpmZYC4Ssu+/QLqDbt6fdKRtHiARgRDs3T61aHFUWVA==
- picocss/2.0.5/pico.blue.min.css: sha512-i5GMaA7uGtbC/d6BUYXD+2sMY72u78BBUFH/KoGtGwAPhEaxchVSib7RmJZEN6CXPxM864spyiAAETQK6LfD+A==
- picocss/2.0.5/pico.classless.green.min.css: sha512-yYlJvSjEfk7HjWogls39kWDGzOXWkVLWBsS6bGR3oROroVKwcQFz/KGjifMBXPaXOcd8k+9ijA5AG2JMdn2iHw==
- picocss/2.0.5/pico.conditional.green.css: sha512-hvHu0dR4M6THYi4e3fVSdyL3uQ62SL110Hn6kS8lzY4gz+b/sTXxvexrG5lV+3ztVXX+EBpxgR7TD97E/0MHog==
- picocss/2.0.5/pico.cyan.min.css: sha512-Cp3AHNvNS0bM3o/Qzge9l5Xr5OuCwyY0qU4bWVjtBJZyOPdbag9QbQy7cdg9k+DdfyBNrqYDyJdIxkfmq+Tp2w==
- picocss/2.0.5/pico.fluid.classless.conditional.fuchsia.min.css: sha512-Fra5T+j0plHZKwhxXPGPhbRiN7/lDd0Qjcmm4h62YQb08COVa/A1T6OUEoAljKXpfad12lFKWPeK8XY1JdZeaw==
- picocss/2.0.5/pico.fluid.classless.conditional.pink.min.css: sha512-t6PeuVYgjSq3haFyZ470TTTUx/tRqpLYrsliuerni3GuSmtamMPK8mM0G+gsEl1GG351/0ERx1bLae81V6MakA==
- picocss/2.0.5/pico.classless.cyan.css: sha512-uRJmUJvFPIms8bhG5uSoO+OmKKnWJ7M/Vo3/xvpwZXhilkLy5Tx8Zv77NX3vBDrquDjGS6M3eEqm5wQQexRP6A==
- picocss/2.0.5/pico.classless.fuchsia.css: sha512-nXsZLomkTxdKQVsiqDnz0bKmokwlv68QAihuY/pA3ENn3rlqZynp+6TgQVI7dl6WZnBEp96fgTgoSRM2SJGmhg==
- picocss/2.0.5/pico.cyan.css: sha512-5gcQseM65sIFajENtz3WjsTn3cHoWpcylVMT/n7qQrIvWnFAnmg91tUNin8H4DxA5kd3QMP3N7NaRL6PARZnoQ==
- picocss/2.0.5/pico.fluid.classless.conditional.pink.css: sha512-DJzW4BjUsJ0xodbEUXc1rDGBUU8oNjnHwkk2TdBIjv4CVZA+MdoXzdSJQKGcjTYamBLtJ5q6Rktx3Biwb5EWLA==
- picocss/2.0.5/pico.fluid.classless.slate.min.css: sha512-rEe9bnqnHPAtnNrqBnTDWYgbnhsMPhKv8i/q4KEYIt4oBAKduBfmrZmZ0Awi//Vj/hVjIQSk2pUnsmiHqRMRRQ==
- picocss/2.0.5/pico.classless.conditional.lime.min.css: sha512-bh39hnSGh4gZsnhttLebqpHsIkZueoS5JNF2+D/ZfsOLP/Vdb3W6wcmQnwWimudeXc1ITFEcrc6l6YRVAt6kBA==
- picocss/2.0.5/pico.conditional.pumpkin.css: sha512-TBiZWIO+1PkIGpg7oO+O87qr3ndog0UbRmWyC7FNBvKt7auoTel44XOlScS5y6tbpiKUsYuKprl/HyZRnc33lA==
- picocss/2.0.5/pico.grey.min.css: sha512-M1kJzssyObL0jBoy5gO2fhDONhRF42hMlEpwafQae/aRgDJHFxcyeGNcgztsINhQaNqpxsAEmzLSgCCMjPS3NQ==
- picocss/2.0.5/pico.fluid.classless.conditional.amber.css: sha512-81I4UHgzwu+1LNrVP3rKM4XQGqJYgib/xCR5fWxdW92/1SCfYzR87++mmyHHBYd3gyrUkI7MFRU6UvRwAZjubg==
- picocss/2.0.5/pico.fluid.classless.conditional.orange.min.css: sha512-+VnA1AZtARUhctVpszSA8g4tZWeCHFxeur8jyxQk7Oak3kGgnW82zdJDvLJy1Per9nYB7AMCEI0hJZrSqXPmMg==
- picocss/2.0.5/pico.classless.orange.min.css: sha512-xM3rDjqfE4Q1GbnCxg5pbnL9Khlp6aK4yhyIJwpnM/6lGrKNCfdoatqkArt1vrdZnAJc4yL9InpMJcnHWlCF6Q==
- picocss/2.0.5/pico.classless.pumpkin.css: sha512-R0u/Ma6KegJZl+AvyKTD2KJJGHU1vxKfZ9VvL8WheFckKVN1cq/d4UGCHwB/Ymn4K/mVnewPOVdXvWhgdj8jgw==
- picocss/2.0.5/pico.conditional.slate.min.css: sha512-Yn9FIcucc5R9NU/3uHvO02d8IPZG6+JlDGK0wD5veXaEEIIXTnk7qwokELPIOTNMJUL/Q/tis5zjumXL7bMTsQ==
- picocss/2.0.5/pico.fluid.classless.conditional.green.css: sha512-xC3A/ttfWHnfJQWFBr6L60fkRH3pF0694OPR0CVLCpIMbdlkAI2BL92UG4Icf9i13VnVmdoPljrd0DWTRVb2AA==
- picocss/2.0.5/pico.fluid.classless.conditional.yellow.css: sha512-tnOoyIyJW044084f6mV0CKMYGb+tAebOdXZLhMos46QiPzEAPRNvlP0Eghg8dCa1oDWvAwGRMHNPWzrj78p5Ww==
- picocss/2.0.5/pico.fluid.classless.green.min.css: sha512-jiYSzCR7gu+wcllK7/OTkT8/1lBtcgZOzFHGtC0OLylORMsrxI1BWaeIH5qnzAzHLaLT7YKG3kvfijqXU5S+Sg==
- picocss/2.0.5/pico.classless.conditional.amber.min.css: sha512-Xm9ZSLMSfT+bxMOtYgq+qdfu2F+YDn0QVDMJUrMIaRiGVOZ1YmjZZe7/QgW4H9XU9MmC2A34GcD/lGYhszDRwQ==
- picocss/2.0.5/pico.classless.conditional.lime.css: sha512-eVQ++aKOTKK57rVAydIvqEI2ST+gLEzio285xFQDMErNTuNO0JXY7E1K3K7qpTJghNjopDthSPHZeHxp1OP+vA==
- picocss/2.0.5/pico.classless.conditional.fuchsia.css: sha512-q66+2GLQA5P6dwb+3+BDM4TTAxIRLnbluVo4cYOJKKuZfnvFEAJp38PGgAx1sFC2Z40DsGcTSedbU9ry37z0OA==
- picocss/2.0.5/pico.fluid.classless.blue.min.css: sha512-drYW6JkJ42oYTkPUtQp9UjSnoVdDKZ2QaUTmMdHqqa5JcSO3lmmc1U13kGDLHSo61A+KS+sSdlnATyDhaMCzUQ==
- picocss/2.0.5/pico.fluid.classless.conditional.amber.min.css: sha512-90asZCuEYMxi3rEXcrdeLwPDzaVfk0SdAGcEcEBA6Al/VoouOyYA1L7mIR0Qk3ZIzJkQ/N9167/HAkbSnYRpZw==
- picocss/2.0.5/pico.yellow.min.css: sha512-fSGGrj53ha2CRT3EdlL+tZyISU0j3U7Wm2MDYbOpOaRqFlBZGlCRua3ou3Pv+tWa8dsStSYWdgX0hCvoE3hwHg==
- picocss/2.0.5/pico.fluid.classless.conditional.indigo.css: sha512-/lYOheplyloQgl4G35Tolqg0i9TkKU878eFwXbKxfxY0b39IEZsISzmUBljuVdutj8l20/jQ2Ng4seaz/PvnHg==
- picocss/2.0.5/pico.conditional.blue.css: sha512-/n1izDDH18RZQAX2OP+uDCX3kZa/aD0e0TiqX0RhYlOwuUs17MPCh0VJy5vWpJM/C8o5el3agcfV2nZHnbOaOw==
- picocss/2.0.5/pico.conditional.purple.min.css: sha512-SBS+pqE33N6KJ3Vp0a7rufKXYeWu/4UOgHX+J1PAuqTDAOfH9vtl/dKZynV5BSID7+HOkTawhlHeUuWah1zvHA==
- picocss/2.0.5/pico.fluid.classless.conditional.violet.css: sha512-VKiSBaqCvGQx7g/VWDqicks3p9BDff7rRCa7iZx+tqSqaxhkK/y2w1mtD0IovypdesdTqBcovMO1UJZud+ri0Q==
- picocss/2.0.5/pico.classless.zinc.css: sha512-Z97rtsRQXUJXf8HzNztl33A9kgljuidPz/QpZ0swOorlafj+58dkMStHqZfBtujglQRe1U/OFj5LyxPjeIhHdw==
- picocss/2.0.5/pico.conditional.indigo.min.css: sha512-YotOy4B0s2LouJ2SoTEC/oQEYAEnp0qPUbe+mQvQlOW96sLCX9PYIHrKXJ52oABlNGFv1S0zZ5hOvUNGGLnqHg==
- picocss/2.0.5/pico.classless.sand.min.css: sha512-ULMPVL6TAQK429JZl59e5p2XsCApefhfcgGpP8dJSBtiPF28Wc/Ifl/PrUw4gLE2cJdjcFScmlfcz23PyaogEg==
- picocss/2.0.5/pico.conditional.grey.css: sha512-ND7d4i1Kx0AAlmrHxdt4b6J1L2eoXnS0HMG9q72yvIsNiHas+F55Dv/viqWYB6VtU4AiHx78z3CgU7L7F61tnQ==
- picocss/2.0.5/pico.conditional.pink.css: sha512-UwhVJweYMfWXx+vRt5SSECMFVX/TN6SFlK+An4+HzO43MDXgD4chDI2FY0TQc0BCgt7UePixjXJRApiGDYFP1A==
- picocss/2.0.5/pico.fluid.classless.conditional.red.css: sha512-kZIW6XgspOKsxdeYJV8nM+snwmS152NM8zSHuafPkGh/J9q48RmIbcXU2zIzXIzYzZt6qRqz2NP59BctW+tXUA==
- picocss/2.0.5/pico.indigo.min.css: sha512-ExZjuQeNhrIaNN1Fp8Sk1+OOs0Nq0N6bKfB+SJCbmc4sGYLEpIulzd22u9pBE3Lz09QZpfd6xMn4CARisGC3sw==
- picocss/2.0.5/pico.classless.conditional.grey.min.css: sha512-Dq39W63O4Rz/2XMhVUY5H3zzpWuSEpA7+B7/OxlA/PT7Yta8JHoGgH5ON/Hvlv9Pdq8PeIObH9TbCzwJxaseCw==
- picocss/2.0.5/pico.classless.min.css: sha512-ptBzPZTH4Hq9fFSuOpC9Z7WTfQAyB8E2rZ9+3wKHEd0lrEW0XDPAUKR5QSbBvG+VevEjAJ2hSxCq3/nNVm7J1w==
- picocss/2.0.5/pico.fluid.classless.pumpkin.min.css: sha512-4aqfW5Nm0E1yqQt8nPWYTzmrKzeGr31S6E+LDehXHDx/F+6IYP36LyLnoI8jVZUw+AfVyTjtiGmyrMquJEy47g==
- picocss/2.0.5/pico.classless.blue.css: sha512-6UFle2bYYa51aTtjM0pDbyN4j5N8aiTAjqg2Oe09cz+MYXPvRaSu8qsJUoR8xsaTuCZiImt+brp+uvh/dCXSMA==
- picocss/2.0.5/pico.conditional.zinc.css: sha512-UJy+izeAp4WhAfuQv+y0c4eRwo5Ug1qyTsl8sVjwTV/7FD6UAuvkIRwhrggVf3O6uoZi6S3AtIhG0wXfza8YpQ==
- picocss/2.0.5/pico.indigo.css: sha512-Q8qfThEdqoCXcyl3LXAe7ExEXdp3z0he08ocnjMTrUVc1IOaslZ4UR95see8va5kBw98mDYttK4EW4x2a2IpUw==
- picocss/2.0.5/pico.pumpkin.css: sha512-y7LEaE/fC1wsUPHPkwPS38yynse8Y+LWghUpbYTLvPLLJPUk/ObjdHzz/b59mR/P8IS8GC3sAhZb07Z3hM6pIw==
- picocss/2.0.5/pico.classless.pink.min.css: sha512-S7v81fYt93Uu1YGkhSHyOeDkancaofIKtNEk/tYiBpvjrHVKr4a8ih7a6Y0gxOqjQJZAMaut2DLZ7BJFKbCebQ==
- picocss/2.0.5/pico.classless.violet.css: sha512-s0BXhvIM0R9BOQ6Wxr5VOTs5knTp3TRYOKODHSupWVXC2UEn6Buo+E1NdeF6iMPHohQI2rFDY7CdhMxVT8JyKA==
- picocss/2.0.5/pico.purple.css: sha512-AuCNAr1ZzarqSAcYSXMlni1Gw/rMZrIxDPMPAd3QidoTf8LeaIMAtJti+54zlBwCvsuC8rrckv4e/dnbuMLj7A==
- picocss/2.0.5/pico.violet.min.css: sha512-diRpKWfsa0WPkMQWQpmGAFekaxPyz73Q3bqEsE7mwaQqG7Q/LGakQUXnRadCdQgtzk4y3HxJOApPBHHKiMujdQ==
- picocss/2.0.5/pico.fluid.classless.conditional.cyan.css: sha512-yCUi5uJoiT/Nzbvejj4RqBgcsgyG8MGa6Qb9mo5vaoPBw/cKo/h6l1sVo6qZXIeUXO28HfvOMzhziicTi1bZ2A==
- picocss/2.0.5/pico.slate.css: sha512-ZndO949veUirlWeWUsmtpHz7Mz5ayFKwD7MaCEAwqGJx8/Aqgq/DsISGw2A646LlJrZ4VyYIXtQxiSRTEPjl5Q==
- picocss/2.0.5/pico.conditional.purple.css: sha512-mINILQA4/rIwnuZD4B5eQC/BkUHV6Vdz+v2mZlLXzSKMPdyR+aQIyrO1QGGULENKidzdnlxwgySMEKy7LkmZxg==
- picocss/2.0.5/pico.fluid.classless.conditional.blue.css: sha512-kct/eegdKT7tmkxoLh8Lb8+mu9bKQAk6OQrZZD5wEUlsbMmd6wxOQa4aTt0dDQWQXNgNIz+PgwYzQf+o0hA8aA==
- picocss/2.0.5/pico.amber.min.css: sha512-mIgdrMfyrBkcgbLWEpOKNr3DtGpy/TC5YFany5hdlWBro62HvIDqaMksCuKwgSA6oWvbdI/f7IYyb8Hf1pyvAg==
- picocss/2.0.5/pico.classless.conditional.pumpkin.min.css: sha512-5pdTfXUXu8QY+xF6IbeI8aysiX1F0zHnI/RaUjvKt77uqWecQGVXalYmCe/WBUIXXyB0je+NNek/CU13xMyrPQ==
- picocss/2.0.5/pico.fluid.classless.conditional.grey.min.css: sha512-eMHF0CSxum0jeC4YDx62Y6ebIVtlypNu0xK2icPyW4rIv2+TpTR5N8/+ag67/NkP96mD+V5AZgPsESbLdQnULA==
- picocss/2.0.5/pico.fluid.classless.conditional.indigo.min.css: sha512-vrNTkPR6shpMBqdr/DCs//V+ZNmcV1dKKNznGKSsskATAjt4La/8CbKFn+nOcaSfqK/F075xGznV1JUb5/HdcQ==
- picocss/2.0.5/pico.fluid.classless.violet.min.css: sha512-gNhvhonTcrp6w21iqYRk6yiW/D/3QYWyB7xB41eXm6d0pLWcTRjQWBbPmUYduvl8wWDcZcLPWLZO3+bfetNqBA==
- picocss/2.0.5/pico.conditional.orange.min.css: sha512-yZnwdFvLK1l9BLiN/4RD9ZoJUg3wnGQFw1SSbMA8zJSfwsWsyiLozCfyaGxVaMKX82lzbfIY3KSaZaZSG5wLVg==
- picocss/2.0.5/pico.conditional.pink.min.css: sha512-LUpmIkeiISNlPvPC+vkYtf5gyCvnuZ8zzbT1WILikZfQBTe/oWL9HWvw1RmkUzlXDRIZ7EP12NPNILtGTB1Y9Q==
