Files:
- fontsource-bevan/5.0.9/400-italic.css.br
- fontsource-bevan/5.0.9/400-italic.min.css.br
- fontsource-bevan/5.0.9/400.css.br
- fontsource-bevan/5.0.9/400.min.css.br
- fontsource-bevan/5.0.9/files/bevan-latin-400-italic.woff.br
- fontsource-bevan/5.0.9/files/bevan-latin-400-normal.woff.br
- fontsource-bevan/5.0.9/files/bevan-latin-ext-400-italic.woff.br
- fontsource-bevan/5.0.9/files/bevan-latin-ext-400-normal.woff.br
- fontsource-bevan/5.0.9/files/bevan-vietnamese-400-italic.woff.br
- fontsource-bevan/5.0.9/files/bevan-vietnamese-400-normal.woff.br
- fontsource-bevan/5.0.9/index.css.br
- fontsource-bevan/5.0.9/index.min.css.br
- fontsource-bevan/5.0.9/latin-400-italic.css.br
- fontsource-bevan/5.0.9/latin-400-italic.min.css.br
- fontsource-bevan/5.0.9/latin-400.css.br
- fontsource-bevan/5.0.9/latin-400.min.css.br
- fontsource-bevan/5.0.9/latin-ext-400-italic.css.br
- fontsource-bevan/5.0.9/latin-ext-400-italic.min.css.br
- fontsource-bevan/5.0.9/latin-ext-400.css.br
- fontsource-bevan/5.0.9/latin-ext-400.min.css.br
- fontsource-bevan/5.0.9/latin-ext-italic.css.br
- fontsource-bevan/5.0.9/latin-ext-italic.min.css.br
- fontsource-bevan/5.0.9/latin-ext.css.br
- fontsource-bevan/5.0.9/latin-ext.min.css.br
- fontsource-bevan/5.0.9/latin-italic.css.br
- fontsource-bevan/5.0.9/latin-italic.min.css.br
- fontsource-bevan/5.0.9/latin.css.br
- fontsource-bevan/5.0.9/latin.min.css.br
- fontsource-bevan/5.0.9/vietnamese-400-italic.css.br
- fontsource-bevan/5.0.9/vietnamese-400-italic.min.css.br
- fontsource-bevan/5.0.9/vietnamese-400.css.br
- fontsource-bevan/5.0.9/vietnamese-400.min.css.br
- fontsource-bevan/5.0.9/vietnamese-italic.css.br
- fontsource-bevan/5.0.9/vietnamese-italic.min.css.br
- fontsource-bevan/5.0.9/vietnamese.css.br
- fontsource-bevan/5.0.9/vietnamese.min.css.br
