config: {"authors":[{"name":"Kartik Visweswaran","email":"kartikv2@gmail.com"}],"autoupdate":{"source":"git","target":"git://github.com/kartik-v/bootstrap-fileinput.git","fileMap":[{"basePath":"","files":["+(css|js)/fileinput*.+(css|js|map)","js/plugins/*.+(js|map)","js/locales/!(LANG.js)","img/*.+(png|jpg|gif)","themes/**/*"]}]},"description":"An enhanced HTML 5 file input for Bootstrap 3.x with file preview, multiple selection, ajax uploads, and more features.","filename":"js/fileinput.min.js","keywords":["bootstrap","file","input","preview","image","upload","ajax","multiple","delete","progress","gallery"],"license":"BSD-3-Clause","name":"bootstrap-fileinput","repository":{"type":"git","url":"https://github.com/kartik-v/bootstrap-fileinput"},"author":"Kartik Visweswaran \u003ckartikv2@gmail.com\u003e"}
KV keys:
- bootstrap-fileinput/5.5.3/css/fileinput-rtl.css.br
- bootstrap-fileinput/5.5.3/css/fileinput-rtl.css.gz
- bootstrap-fileinput/5.5.3/css/fileinput-rtl.min.css.br
- bootstrap-fileinput/5.5.3/css/fileinput-rtl.min.css.gz
- bootstrap-fileinput/5.5.3/css/fileinput.css.br
- bootstrap-fileinput/5.5.3/css/fileinput.css.gz
- bootstrap-fileinput/5.5.3/css/fileinput.min.css.br
- bootstrap-fileinput/5.5.3/css/fileinput.min.css.gz
- bootstrap-fileinput/5.5.3/img/loading-sm.gif.br
- bootstrap-fileinput/5.5.3/img/loading-sm.gif.gz
- bootstrap-fileinput/5.5.3/img/loading.gif.br
- bootstrap-fileinput/5.5.3/img/loading.gif.gz
- bootstrap-fileinput/5.5.3/js/fileinput.js.br
- bootstrap-fileinput/5.5.3/js/fileinput.js.gz
- bootstrap-fileinput/5.5.3/js/fileinput.min.js.br
- bootstrap-fileinput/5.5.3/js/fileinput.min.js.gz
- bootstrap-fileinput/5.5.3/js/locales/ar.js.br
- bootstrap-fileinput/5.5.3/js/locales/ar.js.gz
- bootstrap-fileinput/5.5.3/js/locales/ar.min.js.br
- bootstrap-fileinput/5.5.3/js/locales/ar.min.js.gz
- bootstrap-fileinput/5.5.3/js/locales/az.js.br
- bootstrap-fileinput/5.5.3/js/locales/az.js.gz
- bootstrap-fileinput/5.5.3/js/locales/az.min.js.br
- bootstrap-fileinput/5.5.3/js/locales/az.min.js.gz
- bootstrap-fileinput/5.5.3/js/locales/bg.js.br
- bootstrap-fileinput/5.5.3/js/locales/bg.js.gz
- bootstrap-fileinput/5.5.3/js/locales/bg.min.js.br
- bootstrap-fileinput/5.5.3/js/locales/bg.min.js.gz
- bootstrap-fileinput/5.5.3/js/locales/ca.js.br
- bootstrap-fileinput/5.5.3/js/locales/ca.js.gz
- bootstrap-fileinput/5.5.3/js/locales/ca.min.js.br
- bootstrap-fileinput/5.5.3/js/locales/ca.min.js.gz
- bootstrap-fileinput/5.5.3/js/locales/cr.js.br
- bootstrap-fileinput/5.5.3/js/locales/cr.js.gz
- bootstrap-fileinput/5.5.3/js/locales/cr.min.js.br
- bootstrap-fileinput/5.5.3/js/locales/cr.min.js.gz
- bootstrap-fileinput/5.5.3/js/locales/cs.js.br
- bootstrap-fileinput/5.5.3/js/locales/cs.js.gz
- bootstrap-fileinput/5.5.3/js/locales/cs.min.js.br
- bootstrap-fileinput/5.5.3/js/locales/cs.min.js.gz
- bootstrap-fileinput/5.5.3/js/locales/da.js.br
- bootstrap-fileinput/5.5.3/js/locales/da.js.gz
- bootstrap-fileinput/5.5.3/js/locales/da.min.js.br
- bootstrap-fileinput/5.5.3/js/locales/da.min.js.gz
- bootstrap-fileinput/5.5.3/js/locales/de.js.br
- bootstrap-fileinput/5.5.3/js/locales/de.js.gz
- bootstrap-fileinput/5.5.3/js/locales/de.min.js.br
- bootstrap-fileinput/5.5.3/js/locales/de.min.js.gz
- bootstrap-fileinput/5.5.3/js/locales/el.js.br
- bootstrap-fileinput/5.5.3/js/locales/el.js.gz
- bootstrap-fileinput/5.5.3/js/locales/el.min.js.br
- bootstrap-fileinput/5.5.3/js/locales/el.min.js.gz
- bootstrap-fileinput/5.5.3/js/locales/es.js.br
- bootstrap-fileinput/5.5.3/js/locales/es.js.gz
- bootstrap-fileinput/5.5.3/js/locales/es.min.js.br
- bootstrap-fileinput/5.5.3/js/locales/es.min.js.gz
- bootstrap-fileinput/5.5.3/js/locales/et.js.br
- bootstrap-fileinput/5.5.3/js/locales/et.js.gz
- bootstrap-fileinput/5.5.3/js/locales/et.min.js.br
- bootstrap-fileinput/5.5.3/js/locales/et.min.js.gz
- bootstrap-fileinput/5.5.3/js/locales/eu.js.br
- bootstrap-fileinput/5.5.3/js/locales/eu.js.gz
- bootstrap-fileinput/5.5.3/js/locales/eu.min.js.br
- bootstrap-fileinput/5.5.3/js/locales/eu.min.js.gz
- bootstrap-fileinput/5.5.3/js/locales/fa.js.br
- bootstrap-fileinput/5.5.3/js/locales/fa.js.gz
- bootstrap-fileinput/5.5.3/js/locales/fa.min.js.br
- bootstrap-fileinput/5.5.3/js/locales/fa.min.js.gz
- bootstrap-fileinput/5.5.3/js/locales/fi.js.br
- bootstrap-fileinput/5.5.3/js/locales/fi.js.gz
- bootstrap-fileinput/5.5.3/js/locales/fi.min.js.br
- bootstrap-fileinput/5.5.3/js/locales/fi.min.js.gz
- bootstrap-fileinput/5.5.3/js/locales/fr.js.br
- bootstrap-fileinput/5.5.3/js/locales/fr.js.gz
- bootstrap-fileinput/5.5.3/js/locales/fr.min.js.br
- bootstrap-fileinput/5.5.3/js/locales/fr.min.js.gz
- bootstrap-fileinput/5.5.3/js/locales/gl.js.br
- bootstrap-fileinput/5.5.3/js/locales/gl.js.gz
- bootstrap-fileinput/5.5.3/js/locales/gl.min.js.br
- bootstrap-fileinput/5.5.3/js/locales/gl.min.js.gz
- bootstrap-fileinput/5.5.3/js/locales/he.js.br
- bootstrap-fileinput/5.5.3/js/locales/he.js.gz
- bootstrap-fileinput/5.5.3/js/locales/he.min.js.br
- bootstrap-fileinput/5.5.3/js/locales/he.min.js.gz
- bootstrap-fileinput/5.5.3/js/locales/hu.js.br
- bootstrap-fileinput/5.5.3/js/locales/hu.js.gz
- bootstrap-fileinput/5.5.3/js/locales/hu.min.js.br
- bootstrap-fileinput/5.5.3/js/locales/hu.min.js.gz
- bootstrap-fileinput/5.5.3/js/locales/id.js.br
- bootstrap-fileinput/5.5.3/js/locales/id.js.gz
- bootstrap-fileinput/5.5.3/js/locales/id.min.js.br
- bootstrap-fileinput/5.5.3/js/locales/id.min.js.gz
- bootstrap-fileinput/5.5.3/js/locales/it.js.br
- bootstrap-fileinput/5.5.3/js/locales/it.js.gz
- bootstrap-fileinput/5.5.3/js/locales/it.min.js.br
- bootstrap-fileinput/5.5.3/js/locales/it.min.js.gz
- bootstrap-fileinput/5.5.3/js/locales/ja.js.br
- bootstrap-fileinput/5.5.3/js/locales/ja.js.gz
- bootstrap-fileinput/5.5.3/js/locales/ja.min.js.br
- bootstrap-fileinput/5.5.3/js/locales/ja.min.js.gz
- bootstrap-fileinput/5.5.3/js/locales/ka.js.br
- bootstrap-fileinput/5.5.3/js/locales/ka.js.gz
- bootstrap-fileinput/5.5.3/js/locales/ka.min.js.br
- bootstrap-fileinput/5.5.3/js/locales/ka.min.js.gz
- bootstrap-fileinput/5.5.3/js/locales/kr.js.br
- bootstrap-fileinput/5.5.3/js/locales/kr.js.gz
- bootstrap-fileinput/5.5.3/js/locales/kr.min.js.br
- bootstrap-fileinput/5.5.3/js/locales/kr.min.js.gz
- bootstrap-fileinput/5.5.3/js/locales/kz.js.br
- bootstrap-fileinput/5.5.3/js/locales/kz.js.gz
- bootstrap-fileinput/5.5.3/js/locales/kz.min.js.br
- bootstrap-fileinput/5.5.3/js/locales/kz.min.js.gz
- bootstrap-fileinput/5.5.3/js/locales/lt.js.br
- bootstrap-fileinput/5.5.3/js/locales/lt.js.gz
- bootstrap-fileinput/5.5.3/js/locales/lt.min.js.br
- bootstrap-fileinput/5.5.3/js/locales/lt.min.js.gz
- bootstrap-fileinput/5.5.3/js/locales/lv.js.br
- bootstrap-fileinput/5.5.3/js/locales/lv.js.gz
- bootstrap-fileinput/5.5.3/js/locales/lv.min.js.br
- bootstrap-fileinput/5.5.3/js/locales/lv.min.js.gz
- bootstrap-fileinput/5.5.3/js/locales/nl.js.br
- bootstrap-fileinput/5.5.3/js/locales/nl.js.gz
- bootstrap-fileinput/5.5.3/js/locales/nl.min.js.br
- bootstrap-fileinput/5.5.3/js/locales/nl.min.js.gz
- bootstrap-fileinput/5.5.3/js/locales/no.js.br
- bootstrap-fileinput/5.5.3/js/locales/no.js.gz
- bootstrap-fileinput/5.5.3/js/locales/no.min.js.br
- bootstrap-fileinput/5.5.3/js/locales/no.min.js.gz
- bootstrap-fileinput/5.5.3/js/locales/pl.js.br
- bootstrap-fileinput/5.5.3/js/locales/pl.js.gz
- bootstrap-fileinput/5.5.3/js/locales/pl.min.js.br
- bootstrap-fileinput/5.5.3/js/locales/pl.min.js.gz
- bootstrap-fileinput/5.5.3/js/locales/pt-BR.js.br
- bootstrap-fileinput/5.5.3/js/locales/pt-BR.js.gz
- bootstrap-fileinput/5.5.3/js/locales/pt-BR.min.js.br
- bootstrap-fileinput/5.5.3/js/locales/pt-BR.min.js.gz
- bootstrap-fileinput/5.5.3/js/locales/pt.js.br
- bootstrap-fileinput/5.5.3/js/locales/pt.js.gz
- bootstrap-fileinput/5.5.3/js/locales/pt.min.js.br
- bootstrap-fileinput/5.5.3/js/locales/pt.min.js.gz
- bootstrap-fileinput/5.5.3/js/locales/ro.js.br
- bootstrap-fileinput/5.5.3/js/locales/ro.js.gz
- bootstrap-fileinput/5.5.3/js/locales/ro.min.js.br
- bootstrap-fileinput/5.5.3/js/locales/ro.min.js.gz
- bootstrap-fileinput/5.5.3/js/locales/ru.js.br
- bootstrap-fileinput/5.5.3/js/locales/ru.js.gz
- bootstrap-fileinput/5.5.3/js/locales/ru.min.js.br
- bootstrap-fileinput/5.5.3/js/locales/ru.min.js.gz
- bootstrap-fileinput/5.5.3/js/locales/sk.js.br
- bootstrap-fileinput/5.5.3/js/locales/sk.js.gz
- bootstrap-fileinput/5.5.3/js/locales/sk.min.js.br
- bootstrap-fileinput/5.5.3/js/locales/sk.min.js.gz
- bootstrap-fileinput/5.5.3/js/locales/sl.js.br
- bootstrap-fileinput/5.5.3/js/locales/sl.js.gz
- bootstrap-fileinput/5.5.3/js/locales/sl.min.js.br
- bootstrap-fileinput/5.5.3/js/locales/sl.min.js.gz
- bootstrap-fileinput/5.5.3/js/locales/sr-latn.js.br
- bootstrap-fileinput/5.5.3/js/locales/sr-latn.js.gz
- bootstrap-fileinput/5.5.3/js/locales/sr-latn.min.js.br
- bootstrap-fileinput/5.5.3/js/locales/sr-latn.min.js.gz
- bootstrap-fileinput/5.5.3/js/locales/sv.js.br
- bootstrap-fileinput/5.5.3/js/locales/sv.js.gz
- bootstrap-fileinput/5.5.3/js/locales/sv.min.js.br
- bootstrap-fileinput/5.5.3/js/locales/sv.min.js.gz
- bootstrap-fileinput/5.5.3/js/locales/th.js.br
- bootstrap-fileinput/5.5.3/js/locales/th.js.gz
- bootstrap-fileinput/5.5.3/js/locales/th.min.js.br
- bootstrap-fileinput/5.5.3/js/locales/th.min.js.gz
- bootstrap-fileinput/5.5.3/js/locales/tr.js.br
- bootstrap-fileinput/5.5.3/js/locales/tr.js.gz
- bootstrap-fileinput/5.5.3/js/locales/tr.min.js.br
- bootstrap-fileinput/5.5.3/js/locales/tr.min.js.gz
- bootstrap-fileinput/5.5.3/js/locales/uk.js.br
- bootstrap-fileinput/5.5.3/js/locales/uk.js.gz
- bootstrap-fileinput/5.5.3/js/locales/uk.min.js.br
- bootstrap-fileinput/5.5.3/js/locales/uk.min.js.gz
- bootstrap-fileinput/5.5.3/js/locales/ur.js.br
- bootstrap-fileinput/5.5.3/js/locales/ur.js.gz
- bootstrap-fileinput/5.5.3/js/locales/ur.min.js.br
- bootstrap-fileinput/5.5.3/js/locales/ur.min.js.gz
- bootstrap-fileinput/5.5.3/js/locales/uz-Cy.js.br
- bootstrap-fileinput/5.5.3/js/locales/uz-Cy.js.gz
- bootstrap-fileinput/5.5.3/js/locales/uz-Cy.min.js.br
- bootstrap-fileinput/5.5.3/js/locales/uz-Cy.min.js.gz
- bootstrap-fileinput/5.5.3/js/locales/uz.js.br
- bootstrap-fileinput/5.5.3/js/locales/uz.js.gz
- bootstrap-fileinput/5.5.3/js/locales/uz.min.js.br
- bootstrap-fileinput/5.5.3/js/locales/uz.min.js.gz
- bootstrap-fileinput/5.5.3/js/locales/vi.js.br
- bootstrap-fileinput/5.5.3/js/locales/vi.js.gz
- bootstrap-fileinput/5.5.3/js/locales/vi.min.js.br
- bootstrap-fileinput/5.5.3/js/locales/vi.min.js.gz
- bootstrap-fileinput/5.5.3/js/locales/zh-TW.js.br
- bootstrap-fileinput/5.5.3/js/locales/zh-TW.js.gz
- bootstrap-fileinput/5.5.3/js/locales/zh-TW.min.js.br
- bootstrap-fileinput/5.5.3/js/locales/zh-TW.min.js.gz
- bootstrap-fileinput/5.5.3/js/locales/zh.js.br
- bootstrap-fileinput/5.5.3/js/locales/zh.js.gz
- bootstrap-fileinput/5.5.3/js/locales/zh.min.js.br
- bootstrap-fileinput/5.5.3/js/locales/zh.min.js.gz
- bootstrap-fileinput/5.5.3/js/plugins/buffer.js.br
- bootstrap-fileinput/5.5.3/js/plugins/buffer.js.gz
- bootstrap-fileinput/5.5.3/js/plugins/buffer.min.js.br
- bootstrap-fileinput/5.5.3/js/plugins/buffer.min.js.gz
- bootstrap-fileinput/5.5.3/js/plugins/filetype.es6.js.br
- bootstrap-fileinput/5.5.3/js/plugins/filetype.es6.js.gz
- bootstrap-fileinput/5.5.3/js/plugins/filetype.es6.min.js.br
- bootstrap-fileinput/5.5.3/js/plugins/filetype.es6.min.js.gz
- bootstrap-fileinput/5.5.3/js/plugins/filetype.js.br
- bootstrap-fileinput/5.5.3/js/plugins/filetype.js.gz
- bootstrap-fileinput/5.5.3/js/plugins/filetype.min.js.br
- bootstrap-fileinput/5.5.3/js/plugins/filetype.min.js.gz
- bootstrap-fileinput/5.5.3/js/plugins/piexif.js.br
- bootstrap-fileinput/5.5.3/js/plugins/piexif.js.gz
- bootstrap-fileinput/5.5.3/js/plugins/piexif.min.js.br
- bootstrap-fileinput/5.5.3/js/plugins/piexif.min.js.gz
- bootstrap-fileinput/5.5.3/js/plugins/sortable.js.br
- bootstrap-fileinput/5.5.3/js/plugins/sortable.js.gz
- bootstrap-fileinput/5.5.3/js/plugins/sortable.min.js.br
- bootstrap-fileinput/5.5.3/js/plugins/sortable.min.js.gz
- bootstrap-fileinput/5.5.3/themes/bs5/theme.js.br
- bootstrap-fileinput/5.5.3/themes/bs5/theme.js.gz
- bootstrap-fileinput/5.5.3/themes/bs5/theme.min.js.br
- bootstrap-fileinput/5.5.3/themes/bs5/theme.min.js.gz
- bootstrap-fileinput/5.5.3/themes/explorer/theme.css.br
- bootstrap-fileinput/5.5.3/themes/explorer/theme.css.gz
- bootstrap-fileinput/5.5.3/themes/explorer/theme.js.br
- bootstrap-fileinput/5.5.3/themes/explorer/theme.js.gz
- bootstrap-fileinput/5.5.3/themes/explorer/theme.min.css.br
- bootstrap-fileinput/5.5.3/themes/explorer/theme.min.css.gz
- bootstrap-fileinput/5.5.3/themes/explorer/theme.min.js.br
- bootstrap-fileinput/5.5.3/themes/explorer/theme.min.js.gz
- bootstrap-fileinput/5.5.3/themes/explorer-fa4/theme.css.br
- bootstrap-fileinput/5.5.3/themes/explorer-fa4/theme.css.gz
- bootstrap-fileinput/5.5.3/themes/explorer-fa4/theme.js.br
- bootstrap-fileinput/5.5.3/themes/explorer-fa4/theme.js.gz
- bootstrap-fileinput/5.5.3/themes/explorer-fa4/theme.min.css.br
- bootstrap-fileinput/5.5.3/themes/explorer-fa4/theme.min.css.gz
- bootstrap-fileinput/5.5.3/themes/explorer-fa4/theme.min.js.br
- bootstrap-fileinput/5.5.3/themes/explorer-fa4/theme.min.js.gz
- bootstrap-fileinput/5.5.3/themes/explorer-fa5/theme.css.br
- bootstrap-fileinput/5.5.3/themes/explorer-fa5/theme.css.gz
- bootstrap-fileinput/5.5.3/themes/explorer-fa5/theme.js.br
- bootstrap-fileinput/5.5.3/themes/explorer-fa5/theme.js.gz
- bootstrap-fileinput/5.5.3/themes/explorer-fa5/theme.min.css.br
- bootstrap-fileinput/5.5.3/themes/explorer-fa5/theme.min.css.gz
- bootstrap-fileinput/5.5.3/themes/explorer-fa5/theme.min.js.br
- bootstrap-fileinput/5.5.3/themes/explorer-fa5/theme.min.js.gz
- bootstrap-fileinput/5.5.3/themes/explorer-fa6/theme.css.br
- bootstrap-fileinput/5.5.3/themes/explorer-fa6/theme.css.gz
- bootstrap-fileinput/5.5.3/themes/explorer-fa6/theme.js.br
- bootstrap-fileinput/5.5.3/themes/explorer-fa6/theme.js.gz
- bootstrap-fileinput/5.5.3/themes/explorer-fa6/theme.min.css.br
- bootstrap-fileinput/5.5.3/themes/explorer-fa6/theme.min.css.gz
- bootstrap-fileinput/5.5.3/themes/explorer-fa6/theme.min.js.br
- bootstrap-fileinput/5.5.3/themes/explorer-fa6/theme.min.js.gz
- bootstrap-fileinput/5.5.3/themes/fa4/theme.js.br
- bootstrap-fileinput/5.5.3/themes/fa4/theme.js.gz
- bootstrap-fileinput/5.5.3/themes/fa4/theme.min.js.br
- bootstrap-fileinput/5.5.3/themes/fa4/theme.min.js.gz
- bootstrap-fileinput/5.5.3/themes/fa5/theme.js.br
- bootstrap-fileinput/5.5.3/themes/fa5/theme.js.gz
- bootstrap-fileinput/5.5.3/themes/fa5/theme.min.js.br
- bootstrap-fileinput/5.5.3/themes/fa5/theme.min.js.gz
- bootstrap-fileinput/5.5.3/themes/fa6/theme.js.br
- bootstrap-fileinput/5.5.3/themes/fa6/theme.js.gz
- bootstrap-fileinput/5.5.3/themes/fa6/theme.min.js.br
- bootstrap-fileinput/5.5.3/themes/fa6/theme.min.js.gz
- bootstrap-fileinput/5.5.3/themes/gly/theme.js.br
- bootstrap-fileinput/5.5.3/themes/gly/theme.js.gz
- bootstrap-fileinput/5.5.3/themes/gly/theme.min.js.br
- bootstrap-fileinput/5.5.3/themes/gly/theme.min.js.gz
SRIs:
- bootstrap-fileinput/5.5.3/js/locales/el.js: sha512-phBKrXvHeaaHYmw1Ds5xHb7Zu66VOY1tyXnBV5mKiPcG4f8dOJvsd7/XIoH8bddNrYvI31XJvXDD/BeuhhV7hg==
- bootstrap-fileinput/5.5.3/js/locales/ar.min.js: sha512-c08RdgLOUStD6G5kqAtuYLyrvsksEbkcYUzQkqr74YqL2KT5LrvjHUqBJCJHQzAfKFIGQ8dup0devxNmLRv1SA==
- bootstrap-fileinput/5.5.3/js/locales/ro.js: sha512-DWYM/dbTbKALEjs7+L23BdH1rnZ3pj1+26CzzIz6otgzXXUZZOaLZPOlwTq+CXrAZxtaZtKdyzFsJQqk5MRKHA==
- bootstrap-fileinput/5.5.3/js/locales/zh.js: sha512-RAQzREJjwTqj2byRp1xZxEtAyBZYx74+jQQ53D93TYE8dp7R48uUoB3s6jPRa51ff0zwblvdxlNFnlijQ4XEOA==
- bootstrap-fileinput/5.5.3/themes/explorer-fa6/theme.min.css: sha512-1X5+PDceZNL9xGcyWZ1tGEcD/qlRcLk4irv36SOICVMGAg1akC/1PIRX084WPzlyHUSNgywpneugRZUi53tOxA==
- bootstrap-fileinput/5.5.3/js/locales/lv.js: sha512-m8055tBzAO8Cf+fimJOmg71uvM0Gz5+zPgLY3gfgalwwlxFjMq8KO805LnLFdcwA+TA0IZbEm6XpWAGY1sfEDw==
- bootstrap-fileinput/5.5.3/js/locales/az.min.js: sha512-bH+5ave85OHN0X2aVhWOeA/Yk90XrnES0+SRNyXNair0a0DBe2YHTMRDLyoAKYSrwoYY7Uj0LO4lrlF4kAQNkw==
- bootstrap-fileinput/5.5.3/js/locales/ru.js: sha512-cd/0z+s6Bqu/jy/1j4x3zKabeBM7P5AwH+I/3oFWlQSr+wOp9b6v3nRemsCMH5MMb2sBN0POiHay4FIBWORFtg==
- bootstrap-fileinput/5.5.3/js/locales/sr-latn.js: sha512-K7Vo+EPLNARr/d+f9rFCgeIO5Z7spa9MXV9ePvR2isWGtRwAqqTwLE6vo3ejEFQK1H1qLr3LmYSQKAmUJQeAXg==
- bootstrap-fileinput/5.5.3/js/fileinput.js: sha512-jeDUvaTVwKdXqT8I/cdtFOAj/3Gzq2uF5GfgRzZH70s98vYD1lSvPTzukt+cqZ1yig7RqYdCGoxyYt4rbKVxDg==
- bootstrap-fileinput/5.5.3/themes/explorer-fa4/theme.min.js: sha512-tR3jLZgj66JW6/IQhwUEAH4Xyfl7FhW18GgsiujDEhWzLd/SbwUXpLOkFUzY0VAYsO2X+ER0JG5h3AYHm+54JA==
- bootstrap-fileinput/5.5.3/js/locales/ca.js: sha512-DpGmvgSfCsKBQR1SB7NfUrg8YNPwNyxvZWm0vu0gei8sJ2qn8lQqsQ9iSjujIfkNp4N9C79tPI/Zo2TO20alXQ==
- bootstrap-fileinput/5.5.3/js/locales/gl.min.js: sha512-vQ/1+NEYbKgbMEHEN2+2+hLVbhdxzd5yMQFSNDvTfm9CsU6061FC0l5nRqg5MXrQcRSblyMlG8e/m2eQogwVCg==
- bootstrap-fileinput/5.5.3/js/locales/id.min.js: sha512-OgfPIqAjPO/pt0KMv2EzkQRDQBt4yzfi/bSPnESDuxqUUDwwLfqR7EHbinP0JYnW0WIJ6lWQzr6gZHekgsf04Q==
- bootstrap-fileinput/5.5.3/js/locales/zh-TW.js: sha512-e61nLfidM8JNNU0vXpjGs1QzzaDp263ORy7QyybXUD5+OTVeIGySPqrinE7El6jnU5JEQe6SPxjHwe3adlzlxA==
- bootstrap-fileinput/5.5.3/themes/fa6/theme.js: sha512-4eV2KGrOEAkrHLjsE79dqJkObD0H+CjEf5dxUgqueOHvd+HS6POyoFA+li8JENipXQLH9RDlSNYFmHGR/VFk6Q==
- bootstrap-fileinput/5.5.3/themes/fa6/theme.min.js: sha512-u4/0wdGUGgCEDJclLOBtcOQfE527qMp5dwO5WxQWK9x4d5TNu1ihbxM/f/sZQrMpeJ0Wo45wMpFIsP4vhlfDwg==
- bootstrap-fileinput/5.5.3/js/locales/gl.js: sha512-3FkgP3Dy6CSeFRmT+Rw+Qz+YNGcZLqwQNuaaAkPb95nauRztY9Dc0djdPUayoh/8rlQGF7eUDbcwh/1nAH+uLA==
- bootstrap-fileinput/5.5.3/js/locales/uz-Cy.js: sha512-WxI0tFb98aqu/oOfo6KBuXrSJ4zEjFYloZoUyUkToNjgEmpLpGh8PAdA/F7LoFs25PEuwR59xoFTgtAVQTDbbA==
- bootstrap-fileinput/5.5.3/themes/explorer-fa5/theme.js: sha512-uhf9j7kiuwrmlcrIOAtbG4NaHsvDC7Ys3Strd7601gjxiFrhEoCVOSSCv7IFmCto0TSMMUl4/qRDuk1MIzJkHA==
- bootstrap-fileinput/5.5.3/themes/fa4/theme.min.js: sha512-T3TlRSkRK0eiw2psu3p9DGMchagyPDRwjy4G75BDOqYyFtuOHZMCngPWWu79PzZRbMj1scdSF0Zyh5lonS54dg==
- bootstrap-fileinput/5.5.3/js/locales/sv.js: sha512-SO+3Wx9N9Pfj0qj/gW8ESj+AVVkfjS3Pibf6zD08F2ZmUkZRD6MMXWGIdyddpZsZmiSDWWJ7z8LzU1at39nLbA==
- bootstrap-fileinput/5.5.3/js/locales/eu.min.js: sha512-RfSysPMoiEe/qoGS06MQha+PFgQzwAIMTvfrjx6w7E3VvzWtGHGEdunWJkshp12SurND8dOOuwDhsc3qa1hppg==
- bootstrap-fileinput/5.5.3/js/locales/kz.js: sha512-rnS1X0pPeoZSrBYslMes9v4hkDiPtJC02z06KbwijXXtxM6X+oi8XmsKUyqFY1uCvIbR5w5gce+pjI0Wdg/Sew==
- bootstrap-fileinput/5.5.3/js/plugins/buffer.js: sha512-AM5wxME7ArRYzS/Af6MRP9kok2TmTva6E1gHClJqTDGY2qThcnAp5P/gwsLh2Byec2IQUGCJlSpQa+l7Ch3xUQ==
- bootstrap-fileinput/5.5.3/themes/explorer-fa4/theme.min.css: sha512-/G8dFJMhaI30Qcvjj8zXFT2j6mKD20W7+VRFTA3XuYr8Bl2Gd/jboxp1UWgzAylccZ0hvKkKta63mcx9Fe6z5A==
- bootstrap-fileinput/5.5.3/js/locales/de.js: sha512-3AB4AaG8MZ9d8eOOtUtWqNcOE9+ZUTeg8XCk3sOCpcUWEnVYVUP/xb9HS4Nktva/kjtT/TnY14N8kz47lhOc2w==
- bootstrap-fileinput/5.5.3/js/plugins/piexif.min.js: sha512-7Gal4k+2XP+jya460hB5G4UouinZAr3iTagzd8evV/QRcxHJevyrU1tnzfVWAlWQmI9fd2nnmtaBMsEqjJN6Yw==
- bootstrap-fileinput/5.5.3/js/locales/pt.min.js: sha512-aWm6/DzgbvXQjNrr8VlHgvhgFDHpLHjUwRi/CuGLytNViwPBiaOXw432nqhmQKPVXz6LJW6x3lPwYW/1clLydw==
- bootstrap-fileinput/5.5.3/js/locales/ro.min.js: sha512-XkDp2pF+viSt4cZos6jrNDZZZWpnDbEbIjKq8103Aq88ouMu2RG6magZvmzqydV2slLq4uzHuBAzPyhv6nOM9Q==
- bootstrap-fileinput/5.5.3/themes/explorer-fa5/theme.min.js: sha512-zLL7QxkGuEeBsgx4wS5KynROcPZOfxcX0jykNdAdUk8r+QPUy2CUPKBU/XZPSYGu7XXM0cXfPfc/CZI1CpbnfQ==
- bootstrap-fileinput/5.5.3/themes/gly/theme.js: sha512-SXId9/2jMFXzjRQVmxxxm/YhoZJrbRIl8bzRaAZ06ak00ERqk9NsSAHPjsuQhKYkwnz5WV9xZHXKmZiXFJ/2BQ==
- bootstrap-fileinput/5.5.3/js/locales/az.js: sha512-TnTgai5FTre06QVzzWo8H2au9/loz1yN825nwAashT//anF97xp1I0cBxn2NLOO9LPsTAJOZTBu6M+k7HAbENQ==
- bootstrap-fileinput/5.5.3/themes/explorer/theme.min.css: sha512-Ozx+i54UoZNBUTdITp3j+bE3T7oEBN4RfaBx2348cQTu7c+7y7SK+2lWSZWg7TZ7jnBPU95gFKjFt6kg09R37Q==
- bootstrap-fileinput/5.5.3/js/locales/lt.js: sha512-+XFRFjv8zmsaBupcSqv1F0n20ng/8KaLSgdIA28qPg0WjpVh3aNdCZKA7POwtp6G2yZ02EWkLdEZP3gCcZv97Q==
- bootstrap-fileinput/5.5.3/js/locales/ka.js: sha512-M3EX//GrrJnl1puVVrfe1G7rd2+gbJhQEIJbgz8S3FyOo6T0la6iGZW3J9ogzI38ilqGqqvV5tcDBeAxB2kr2A==
- bootstrap-fileinput/5.5.3/js/locales/uz-Cy.min.js: sha512-jVhNkRb6BbREcgS6qXdwIswjPV7BGCA8M9byxObpHgaxhHqUJonwXC2Ms2MahPddzrMn9XZQujQsrJvvrdeUyQ==
- bootstrap-fileinput/5.5.3/themes/explorer/theme.js: sha512-E9J6OFS2yha87DvGkwIpOzWpgVYeBkAb2gGU/Bs4O2BWzWcnYM0q25N3z5vr3DlR1QACmAugRXV68ie06UudVg==
- bootstrap-fileinput/5.5.3/js/fileinput.min.js: sha512-QcqoMPM0cbbQk3HlPbav/8HLvdVtzTVvS0V403goS1sJNSW8Zc3jxOLEXlxUcCg3UFM79ae+LGvV2CD+A3v68Q==
- bootstrap-fileinput/5.5.3/js/locales/hu.min.js: sha512-LtyOKbQbdAICgSxjKtKq2AG56hSiL3H75CMIolDceblBN6cUNA+R0pgyBh+2xJ7RQjpGgeeR9RBa4BNq1aIoMQ==
- bootstrap-fileinput/5.5.3/js/locales/kz.min.js: sha512-S7X5b+vGCMTlVXzNSjHpYAPhecIy95gJP+uGjuOcygpfAOr1qwni4jgRRgpW9e/KwS6jE0edGuIeRQshG+twIQ==
- bootstrap-fileinput/5.5.3/js/locales/pt-BR.min.js: sha512-WJ7rEMkSqdMauHPdj/Kg9+SccBt6phax7hvlCJTncTKvxjNqaKZqxDRGuj2sb3HAbHRlKiXsGBFXixcBrSPQCw==
- bootstrap-fileinput/5.5.3/js/locales/hu.js: sha512-iEGl7kz3mTL9CfcpYWwXYOvYVfNNwUaehMzoyccApl6XghFQCmUN1obybPocmcEdilTXXDsbEzvaIX7Y14BD9w==
- bootstrap-fileinput/5.5.3/js/locales/lt.min.js: sha512-F0FN3Km8P1ks+fOABNlC3+qg5qj7cZq5RZvO0IypQhKLGK8rGBxEEP1D9KLfzioWBa6o+wpt1m3Qnmt0xJFXkA==
- bootstrap-fileinput/5.5.3/js/locales/sk.js: sha512-cQ5SstAIKh2vo7cq/sCszg5KQ6Vxr2QKyojNKz3S7f1jb33//Jv/doVkXoaJrjZvD+/VTgWpJXUsB/F2hzuR+Q==
- bootstrap-fileinput/5.5.3/js/locales/uk.js: sha512-VqFfIVY6lUhakOX8uKzNOlYxB1Z/tjMGc/+TAWspIugvOXruhzwO0sHRAhmJnm7ZbaGzVhCfhIwZdi/tMV4qTQ==
- bootstrap-fileinput/5.5.3/js/plugins/filetype.js: sha512-pxwuzKVc7ng6f6iL/DD6YGehsGUEESrszJQZDTZfJZE2GF0H2qmC+zzzjkqShTWNZmJWXwSjVeJK2JHlwMI/nQ==
- bootstrap-fileinput/5.5.3/themes/gly/theme.min.js: sha512-sk2WKQSsNs14EI9XSD9vsy7vuzEXldXmV8AHZityqBuEKcFV5T1YDn3W7NYVXgRywJ5zsq20+EawIdcVgp2sww==
- bootstrap-fileinput/5.5.3/js/locales/ka.min.js: sha512-3U7g0k6WnOhJPJ6JcMNfZ285g09UYt8QqZi5MCqO9e4ZLi98ZbgSHP7XmFGRM91+hdgO327qphqW9lTR/+EQRg==
- bootstrap-fileinput/5.5.3/js/plugins/sortable.min.js: sha512-zYXldzJsDrNKV+odAwFYiDXV2Cy37cwizT+NkuiPGsa9X1dOz04eHvUWVuxaJ299GvcJT31ug2zO4itXBjFx4w==
- bootstrap-fileinput/5.5.3/themes/explorer/theme.css: sha512-yWzbQvzMqEJwCNTr8KxkPUe9vwDj/GM/UGvQjhPX1ul5E1hCwjnF9gm5fiTrOY2DqnYUW/zx19yXxBHuIwplSw==
- bootstrap-fileinput/5.5.3/js/locales/pt.js: sha512-frM7qzGh0ZKUKSU2OHBJwUJFHfwTE1JZKUY4p0z/qEOu3a8scMLDReNol994vUNT4dNATvqly3D23K42urttbg==
- bootstrap-fileinput/5.5.3/js/locales/uz.min.js: sha512-h1BDqZ3/bJEDmEZ9cpq/5BxbD0S3F1Gc1osGgYy5y2VpV50dx3rW7vnFfjUyMC/2ZDTzJeET3tUFULUqJcCKyA==
- bootstrap-fileinput/5.5.3/js/locales/et.min.js: sha512-8+ZrlVYsAdY7OMGPEuuMcwyB29a8yC2CvHPXlukYD/QC9MnBu+jbIh6twDFgHAE7BKBECk+oIFwM0AUjjAc4OQ==
- bootstrap-fileinput/5.5.3/js/locales/sk.min.js: sha512-CiGxMm7Mwj5Sh3wFft9iZDHGB1tC/iZ902equLoxJsjeu96YGe+urUM2u7rXBLLDARYDT7+8mnATKufaQSOgnw==
- bootstrap-fileinput/5.5.3/js/locales/sv.min.js: sha512-C9sap0zcUacEz6qdizyzdnvm5TrLeU553z0pI6MxtLIvsGMAXJaP4hbgI7S4+N0IGFvwGW24X3qfDlP4X3NSWA==
- bootstrap-fileinput/5.5.3/js/locales/th.js: sha512-ewlcENdIL5duEuQH4ahYMWeP2y3752W+jKVvWpBDSxeWYCSuMGGSYnLRPE36oAXsdNT3L74tfYqyE0fh2Jcxow==
- bootstrap-fileinput/5.5.3/js/locales/vi.min.js: sha512-hk6fU1/6ADKbxfjWBZCgwi7wi22ZD334Ts0VHg+M3ZrOofJ0ll83AXDTX5/lw/+Nv9quWpvVU3EOf7Pi6e61pg==
- bootstrap-fileinput/5.5.3/themes/explorer-fa4/theme.js: sha512-IJbQmjYjHxwvTwL/TIU1eh0rBuAzU8L5Z2CN9FqymkacjZ1PRord/GYmO05eRaRbk9d/2+Dgcjkh8g8I/Jw3YA==
- bootstrap-fileinput/5.5.3/themes/fa4/theme.js: sha512-ZqL63KOHflM2immJgK2TKIricwkzbn2EZEm816fVEyKnYwK2EOrvBGm/UjGgU76RdML8g68lDLEPxhqIeZErkQ==
- bootstrap-fileinput/5.5.3/js/locales/ja.min.js: sha512-1ahPf+AWkynqWJNo3M6rJO9JIMTLwtWqTcA9L9jlIYYqyxoR7kw5G4WHLjSgkAvN2j+1/pvFB3TkZi12nT2klg==
- bootstrap-fileinput/5.5.3/themes/explorer-fa5/theme.min.css: sha512-Mt2rQNaB820o8z6yvy9tNKcp2m7zYEXTxlMDV5XH9gDndgP7/9jQdetHqiyTsQQ1ykdyKYiSTQerKErf8W4dDQ==
- bootstrap-fileinput/5.5.3/themes/fa5/theme.js: sha512-58OekjsFmhg+kJxq5Ws+R3avUYlwUSSdcsS5q33A9LUJ76qDuxekM/n81fi8/J8boUyZvffzzFoLlc/I9vKkgw==
- bootstrap-fileinput/5.5.3/css/fileinput.css: sha512-Xm2T7P2Od1LglV/A5NryGb5KVUbR2MwUMKgdYBtMOh5D1WmM3qBwUmtAiKoWH2CRNA7QZ3EDMyTo6xZ2mC3Inw==
- bootstrap-fileinput/5.5.3/js/locales/he.js: sha512-FZeyAzLYkq6u8J6a5E7WHGv+wmgFbfg1QUWiw5dRccr4YOYm1KefSA82y6UwgF9pQyppIgsBgW2Nf1EQFZ3qsw==
- bootstrap-fileinput/5.5.3/js/locales/ja.js: sha512-qUUTZXfgQFN5xwORMlARlpJ0yfgKwm8gyWcDsvHjfTGwDvc5A1dyzTDAGmU90WxkYC3NcUhYuDebYSLJcLDNNA==
- bootstrap-fileinput/5.5.3/js/locales/nl.min.js: sha512-ZYBNNdSpK9TNbHEkn7f19sZuJ0ZqheyPtLKGhUUiJA0VrfXIhxFvT/kED4bNRy1tlrCcrPwSrIlT0gNsuR1YXA==
- bootstrap-fileinput/5.5.3/js/locales/no.js: sha512-vxG/zR5/u7dGIWvyPEEIj3KzEWtDZ0B99p+gpVPkn9dtyT00jVhQQKdrc8WpC0wTfwu0UZpef5hbwtyXLlBmxg==
- bootstrap-fileinput/5.5.3/js/locales/eu.js: sha512-VjydyCR9sfDZerXkXxJ4ik0yP4p1PnWSrehFKZSmn8zn37lP6esIKicpG4GE62BJrCrQBgJupRWhbqqR1yfTXQ==
- bootstrap-fileinput/5.5.3/js/locales/ca.min.js: sha512-OljzpchEPXFRi7yMvWNP7l5yvJqkxWOY9SiRYISZzZsODZx1FYezJIOFNiMR6XbfUEj/YGV+HAUkWCKi7VV8lg==
- bootstrap-fileinput/5.5.3/js/locales/es.js: sha512-/XKuxri2MhF2zC7Ce2cy2+CL5eWueCNpP0N2Fuzj9V5iBm9+BGzf4N00BmAeiETM1lllKo6Uz/Cg4zi5ThDefQ==
- bootstrap-fileinput/5.5.3/js/plugins/filetype.min.js: sha512-YOEQp5YQMzrQICJyuImAhCkL7Ct0ErdZE1GFhyIgoLGDoyBJwUzyIof7aZT5V35gVycvlLsrnerZ375F0RPRyQ==
- bootstrap-fileinput/5.5.3/themes/explorer-fa6/theme.min.js: sha512-mrvIc9CvIYPVj4fl+FOscMqix0g0XytUltwIfME0q/O7+0w6i6spZHUINOLiAM82KFugR7UFOgldfHnquZ1OWg==
- bootstrap-fileinput/5.5.3/js/locales/ar.js: sha512-jzDNNxUQG0bOmekPP0ZLXm10r/noTAEVthfypdQBPybMrhTbitcM1rtiTNEdfZgA9CRJZAW2UDUIR3Sc56MvpA==
- bootstrap-fileinput/5.5.3/js/locales/it.js: sha512-UGoQTDhv1Lc+irR5sH2J4IyYNT27Np4pPZbHT/w7ekHLUnf5jWctvQCXLMNTPN+0POh6icEond46kC61z/A6IQ==
- bootstrap-fileinput/5.5.3/js/locales/pl.min.js: sha512-Ea2ntl+hNsn1TXzngf5k3ajrz7OmzrWCOp1RAkuxx49yv7jCQ/AkiMqjWm/HjDLnEkAqjwnsEuvje6EDZO8tQg==
- bootstrap-fileinput/5.5.3/js/locales/ur.min.js: sha512-b7xmbmYHH9WaqY00RJR6hnqmGTz+qnACIkQmhRaoJctOLxEXyMH4vFvcoTIpj9Hixgh8+pSrZ0EbEYiDFAALvQ==
- bootstrap-fileinput/5.5.3/themes/explorer-fa6/theme.css: sha512-4OBWLeBpUZLRbJOdQQt6vKO+69Lub3gzhg1NrC87YiRH16KqxdpDRHj28z7Wpq3CywEaC4jXPXSxumyUEZLqZw==
- bootstrap-fileinput/5.5.3/js/locales/he.min.js: sha512-cTSveDRNMcrDcMC+VIJPr32kbLAVJd72qTuNIurNKpgdC3t1uCikm1xyoSlsISKPMj8BMBBlAXrXlXrNTTbgog==
- bootstrap-fileinput/5.5.3/js/locales/cs.js: sha512-fFsy0EcARGe9y7BSuihUJF29Od0MRioBBMUWYP2yDrO04kanwjSjb843FsDMpLQcDXmyVmB657bvQnGbc66l/Q==
- bootstrap-fileinput/5.5.3/js/locales/de.min.js: sha512-TqhE842B2nK+HeEAKD/9WefTO3p8PH1oxEfCeGWtum72AdmGl09a8ge3dJLreBs7dt/DcgPe7EpsJMoSsZojUA==
- bootstrap-fileinput/5.5.3/js/locales/pl.js: sha512-Jhz5FSLJ1bLuNE7BuVJBw6Tzc6U34vnkzziEK5LonnfoJPJt1S0IvE5FZ09tpYPCX2lbMsCJO13IjW/csUxlHg==
- bootstrap-fileinput/5.5.3/js/locales/ru.min.js: sha512-WYyj8/mE2W3aXhvS87RaXtEbSdI4cwtchs5U6hFLiIR+2+MSrxNDDOp1zMobdABmGmChCYnRqEDjm5VQu16B5w==
- bootstrap-fileinput/5.5.3/themes/explorer-fa5/theme.css: sha512-7jsA/o8GIqvZQUpw1NK5tM5MzCXtlFVgy8tvwwABDDNw5lys9suoBgG7I6Px78ngtuAX2/yDIEBoxDYk0Edz4w==
- bootstrap-fileinput/5.5.3/themes/explorer-fa6/theme.js: sha512-yIF1rvPjGh0gcXIQlarDjuQUN+dAv438a1Sf0NZvH8YvlEZ1pb2XkRjeP4jze4IM9X0xDnnUugDcTSaX30Rs2g==
- bootstrap-fileinput/5.5.3/js/locales/bg.min.js: sha512-Jaq2GbBqq1tZ/0bNCmwl+N8oXios5RRMlPlK796ojomYtK2gQgH6BRxftuGgMAChuyUJFRwtGQQNYXEexmnBeA==
- bootstrap-fileinput/5.5.3/js/locales/cr.min.js: sha512-BSdV5R0PHfXuNuat+IBeINKrlyo43fsw2hrt+sAQO1fE6vkZFk8d0Gso8RnexkpSYvKky0gK7Jr5eWLoAn2FOA==
- bootstrap-fileinput/5.5.3/js/locales/cs.min.js: sha512-cUgp0qqjmzQujKLwIxxzz4aicFXgwsA12+L7NxArrynRktH6bhtutXEDJITWWJ2R4Q8oh+9zoQp6G6wwbZdJNw==
- bootstrap-fileinput/5.5.3/js/locales/kr.js: sha512-wVyqsvPJGUtyzF8JfcA7fVM45ZUi8/C40173RgZkVP75xi2oQFlGEtPgGYW0F6v4/eInLP6W4z8pypoAUbTo0w==
- bootstrap-fileinput/5.5.3/js/locales/bg.js: sha512-V706Jn238SpCgKlGtf822GKimuwFAApbxw3cXPd8tGz6CDI2zFq/LWiZQQmCjJgfibyk+01VQOxC06DfNIDDZw==
- bootstrap-fileinput/5.5.3/js/locales/da.js: sha512-WdV5I0e4bZdPwWct/UghQbHDBUCXL2J6NHpGt8OFhf/jnbisuNDIsrPakzyFthMlI3qTW3LcdvTODMWbPg6i3g==
- bootstrap-fileinput/5.5.3/js/locales/fr.min.js: sha512-lPRnYljPYc2cTB9+GThPqB/uHWPT8Uc3ChgTVOKX417Z3qS93gCIzQ0obsbF+unmfszEevc2hqeFyU5XH7NrPA==
- bootstrap-fileinput/5.5.3/js/locales/pt-BR.js: sha512-M1qJdJ1zRPstXeUVviwG3qgHjdJ/Su5aMDnzCkUwTHqhH4sK81jxcoymRajNXV/zGSGgRC4jcX0PLyIA6k2XLw==
- bootstrap-fileinput/5.5.3/js/locales/tr.js: sha512-R+nzyEc9OVbwbW/dznHvlM28eA31ABQzwS1R17Ec/drtbJvZ2Wo6WSpgpbBquus+SVKDxcw7cyervm8jqkgxug==
- bootstrap-fileinput/5.5.3/js/plugins/sortable.js: sha512-Fc8SDJVBwajCGX0A9z8lBeRPaCjR25Ek577z9PtQLB7CLBz7Mw1XhjbcD2yDWrGszL/uezKGidtGCng6Fhz3+A==
- bootstrap-fileinput/5.5.3/css/fileinput.min.css: sha512-rzEvRcAYl72PQBzQlC0fVRlV3wlsroORbC+8QyI2zgb4UTMgczXiJny9JQC0NkCE9BeD+fr+P3U3y0qCNC7XNw==
- bootstrap-fileinput/5.5.3/js/locales/fa.js: sha512-AT7zZExImB1YDoHKsH0+Vtabeh8tK7sY7a8FqIozdVZd9dk7ru7CaTfrBCXLj/Q+UwOpmXOhypIPNTpfmI6/mg==
- bootstrap-fileinput/5.5.3/js/locales/uz.js: sha512-6urTVaXa4NTy75Eqtk51I+B2ZCXqrOokEGgi1Hx+3g/r0zTZnSZgU6BuP/dr+0bRMBwQEw5akOG4VbGlzdRMbg==
- bootstrap-fileinput/5.5.3/js/locales/cr.js: sha512-uCRMS4Nc41TcpY6ppPOYZIpCUfEdJlKEwSIob382mCZF7NocM1/sqT5bZV5XHpczJvjLP9i6WhfVFF+owiI1iQ==
- bootstrap-fileinput/5.5.3/js/locales/fi.js: sha512-G3qP2FrC6vzTv90NQGOG9JwlPwVXJGb6vfbehYyE7UWqYhobynwx1nJQvwc8FLkGKtUgh0kYnU9/EqbRGWw5Wg==
- bootstrap-fileinput/5.5.3/js/locales/no.min.js: sha512-byTi/2ow7yB3yFHxVbPgMzFKtlLFEdHuyha93ODIr5cnRHq1aODLMGIeGTUKZIGrKq5Kx2zbs+bGbfndsNUbrA==
- bootstrap-fileinput/5.5.3/js/locales/tr.min.js: sha512-J+wohqwZXdjui4PwKGgkLWJ7VbKw3Mffytd+zOkU22wcz9AOzXtThbLCULDYDeUcElrjggi/4goD9UAUeL7IFQ==
- bootstrap-fileinput/5.5.3/js/locales/zh-TW.min.js: sha512-3kWGyiv8AVCmYCca32WPuE72+fGjigO+Beyd25fcwZiS48ld3lxZesMnh/VKcsn/NL31BxZ3UrR0EpiX5R9+Ww==
- bootstrap-fileinput/5.5.3/themes/fa5/theme.min.js: sha512-tog1Oml3YPDwZKMJLvZ/UvZ9w/7ml1JZ49ENJcuK0LApSNSxXVlN43HlIrQKIgsIAJV/zIl0kaS3kKS8eQhlIg==
- bootstrap-fileinput/5.5.3/js/locales/es.min.js: sha512-S0JIOaKT8nR01aG3SVwIeYYdf0+/0GgZz03j6WN0r9UYNtAgZOEntG5VRigldiFWY/ka6p6umMGmAE9DnDBgnQ==
- bootstrap-fileinput/5.5.3/js/locales/el.min.js: sha512-XcMsD1Y0wR3nSgi3iqhYAqHKlwsD/3zRyuob2dSl1v7kVhDO6uGg8/4kRxKy0OX/U4/AKAgrbyFOkyIsSgXOBg==
- bootstrap-fileinput/5.5.3/js/locales/et.js: sha512-mYU2I9qSmbRlSoSwHZ6BeePxRitfbx49h93J54jAsTLxL9j7V0HJzv28uOkUCVrDJ60010cpW4CdRlHdbwXpXg==
- bootstrap-fileinput/5.5.3/js/locales/fi.min.js: sha512-yLygpQRIzG5+TXlI+ZNTlK0Qh7yqMMm3pNBmPKNFXV+6zwHG8LmLur9Y9XAClnWiQNhepx1Is3K2SERESnUkQg==
- bootstrap-fileinput/5.5.3/js/locales/sl.min.js: sha512-998knldse43+JuyyxaJQw8rNXiyg9f3cd8occgvWjNZinsq4vWzYzBNB0aulz6bdtkktFbtId9MOaLjaxDyPyQ==
- bootstrap-fileinput/5.5.3/js/locales/uk.min.js: sha512-WaxvB/UEX8Ts6URmMwiakqaS1XnTdFDx11/Q3Xttt54hvezEUOx/ILuGJEHPw2t7KCvVoJ8LGaVfEEodqwMNCQ==
- bootstrap-fileinput/5.5.3/js/locales/zh.min.js: sha512-9V2EO1Bjq6mwELKa0mhgTK6g9bRYpG2H2zXUAEzYbnTOXfJRPPnF0WeuCMMPsJT6rr6LjoRlk98VknPuw+x1Cw==
- bootstrap-fileinput/5.5.3/js/plugins/buffer.min.js: sha512-UwceJzw/HmnX6PtXeqS50Xt41ixKrJGJan+tGR6ZPQ++t1GeIWktNCuQ+WMvHZQrAroRexAk3nM/aRLTrsylwA==
- bootstrap-fileinput/5.5.3/css/fileinput-rtl.min.css: sha512-th2bHYvAO2A4uRrFgyEQBqwsC6e2CbVgTgTf1+xwkXIx8f0y8pVo7DOODHtoSciGRNQUXVVFpj3PyveksoBPqA==
- bootstrap-fileinput/5.5.3/js/locales/th.min.js: sha512-R92E/eV4IVSdayO745ykS/Y4xbOL0BVElxt7XYp8T9Et016GWrLK1/fL2ZUmlQ9x0jEiDCz2hDyPUezTKxZnUg==
- bootstrap-fileinput/5.5.3/js/locales/ur.js: sha512-taKOvakowGgn/+KEDKt/X96VtzSpAuoIdbiaM8KHdm9USJQjcT18e7Z0WGEJBhoXYXllMmCy15y92lVAtD+7vA==
- bootstrap-fileinput/5.5.3/js/plugins/filetype.es6.min.js: sha512-Bu0D7oL+bFp9/xk6S2aUH36piXglx2hugXlNuG8oZv4dNpsItRnJ9FM+6NAZp6Gv4ID+ZCdYQwHmaUabohABrw==
- bootstrap-fileinput/5.5.3/themes/explorer/theme.min.js: sha512-aqwj5s8Zvwywa/sXaSIAfmd5k8OUjl2qiq5dF9x7O9rMRxDBKcg9dzLyzPdveaW8sSpVLKfmbU+LDiph5ox3Sw==
- bootstrap-fileinput/5.5.3/js/locales/sl.js: sha512-NooY1vXgIRplPR2dfRKD8j301Vr3fAjARYeIT3QMpzQvs0CGiuLrpTBO+g8xWRGXWQWA955aqMZYorqh1BWX9A==
- bootstrap-fileinput/5.5.3/js/plugins/filetype.es6.js: sha512-ndVmODfahvM6zzBAvP1gMQw6bOp6TElUqihiSNBzrFRAhvI/z6CO1Ts0tZ2zzCPqo1iHGhIFgcvD0RUbHuEqWw==
- bootstrap-fileinput/5.5.3/js/plugins/piexif.js: sha512-RKYI6p4qRR8axUQjd5UofUnjmv6TJw8fspwuGCQ48M6t9amXLRWooxXbvbCHNDCZaTR5Tze8zDsoD0NFC4OWpg==
- bootstrap-fileinput/5.5.3/js/locales/id.js: sha512-QAyZeRZk++T8cGbrmD/ImmUeGyZ+6QABOdczSqG2MzVD8rbxLFHidDtbgA1X32boQvYoeqFVtIIrkfCFm2PP0g==
- bootstrap-fileinput/5.5.3/js/locales/it.min.js: sha512-UL7nQubK9S1eaElbquEA1+2FLw557vk3071T8+viFUlBOHVir/ql7RxJc5wwW9VWmof8kAOMXxpAi2Qb3TeZoA==
- bootstrap-fileinput/5.5.3/js/locales/kr.min.js: sha512-fa8XskfWWIvu2qbwpkPlZ6/1TypmHO46ZlZ+igZW0SAKuM6/m35w8e4JYtXLdX9+zE9RHCp8zTT+vOotRfEXwQ==
- bootstrap-fileinput/5.5.3/js/locales/vi.js: sha512-holUYusMU0Z+yloR/CdIu90PlW9eihAnI6RMEDmBf0Q2KH7ANHFq+mV5OoAF3r9flO+cWRTARHJ/RYcrlvVVKw==
- bootstrap-fileinput/5.5.3/js/locales/da.min.js: sha512-e89JfaDDe1oP/sMwfHj/hP/1uL2VUHJ9wOUhNDLy0FHMyFhdf4xkqBbEg1m0kWnjaVVrIOZgc4POwYdnmhfmRQ==
- bootstrap-fileinput/5.5.3/js/locales/nl.js: sha512-tnSHs9/p0p2bFz9sdadh1tW4V+dWbvNbr2lPZEjOiKY8TzBSCARp7B1ol10CEXQPcGZ6zFelROcUEAdFWwmXrg==
- bootstrap-fileinput/5.5.3/themes/bs5/theme.js: sha512-YdgD5qRrWESdmcNcwQ2KFOTRYap/08RSrwbkiBKBnsVn1AUrVOr9JkmwcLIa/qVvp3Phde1tIl+IzXsgoLqILg==
- bootstrap-fileinput/5.5.3/themes/explorer-fa4/theme.css: sha512-u6cd6XFfW3ZbY1GeW7xbrRgJNso3jNkJQbOKL8L2Tg8gB8PDGkJZpgtdG4KoehZxkRli58E42f1gLkj8Q1MonA==
- bootstrap-fileinput/5.5.3/js/locales/lv.min.js: sha512-IZHlUjuEcD215v8sQrsQv9xIkpnhZrpIZPzx38FdCjsjQB4R9htWlZ55y4OSVjRR094JWGtK7iKQvpgcl8hRqA==
- bootstrap-fileinput/5.5.3/js/locales/fa.min.js: sha512-zHE3T+WTAZgz6aR5LELFHJGJQZRrNT1pI+GdMZKSy6lmBQMnGya6zfMU5PpEYO0mURVB6bfW903Z5jXWyX5Gug==
- bootstrap-fileinput/5.5.3/js/locales/fr.js: sha512-9i+v51eLfAlvLbjT7X3jpZoc++LqTwNq+v3nfRJGCtyHLzB1jOF9IvNBIQPRn0OP/ugNieIp4vz70sBQiwcJpg==
- bootstrap-fileinput/5.5.3/js/locales/sr-latn.min.js: sha512-OfW+ZRZt1fQKDXSqBHwcL78ySvnRmr8IMMuvev2wGzJy7ZYO+nokL3Ci8emd/ZMN3TSRNgvIu3IZCcyezYS3nw==
- bootstrap-fileinput/5.5.3/themes/bs5/theme.min.js: sha512-jOS93mf1cWYTXvOLx3kSeNxWlCMB4PJReKPyX7lm18u3lvc0SD0+TBiz5U+SbHj5n4CZ8/HeAPdKIlmIriwD6A==
- bootstrap-fileinput/5.5.3/css/fileinput-rtl.css: sha512-5zNo+6fqKYFAn4H7Jdoalh7H2I3pQiLKsAb14CyhdZgqOjvzxvD3H9kEEUmhLOiXKbjotPJ+LcBAlYf541VMdA==
