Files:
- fontsource-noto-serif-sinhala/5.0.0/100.css.br
- fontsource-noto-serif-sinhala/5.0.0/100.min.css.br
- fontsource-noto-serif-sinhala/5.0.0/200.css.br
- fontsource-noto-serif-sinhala/5.0.0/200.min.css.br
- fontsource-noto-serif-sinhala/5.0.0/300.css.br
- fontsource-noto-serif-sinhala/5.0.0/300.min.css.br
- fontsource-noto-serif-sinhala/5.0.0/400.css.br
- fontsource-noto-serif-sinhala/5.0.0/400.min.css.br
- fontsource-noto-serif-sinhala/5.0.0/500.css.br
- fontsource-noto-serif-sinhala/5.0.0/500.min.css.br
- fontsource-noto-serif-sinhala/5.0.0/600.css.br
- fontsource-noto-serif-sinhala/5.0.0/600.min.css.br
- fontsource-noto-serif-sinhala/5.0.0/700.css.br
- fontsource-noto-serif-sinhala/5.0.0/700.min.css.br
- fontsource-noto-serif-sinhala/5.0.0/800.css.br
- fontsource-noto-serif-sinhala/5.0.0/800.min.css.br
- fontsource-noto-serif-sinhala/5.0.0/900.css.br
- fontsource-noto-serif-sinhala/5.0.0/900.min.css.br
- fontsource-noto-serif-sinhala/5.0.0/files/noto-serif-sinhala-latin-100-normal.woff.br
- fontsource-noto-serif-sinhala/5.0.0/files/noto-serif-sinhala-latin-200-normal.woff.br
- fontsource-noto-serif-sinhala/5.0.0/files/noto-serif-sinhala-latin-300-normal.woff.br
- fontsource-noto-serif-sinhala/5.0.0/files/noto-serif-sinhala-latin-400-normal.woff.br
- fontsource-noto-serif-sinhala/5.0.0/files/noto-serif-sinhala-latin-500-normal.woff.br
- fontsource-noto-serif-sinhala/5.0.0/files/noto-serif-sinhala-latin-600-normal.woff.br
- fontsource-noto-serif-sinhala/5.0.0/files/noto-serif-sinhala-latin-700-normal.woff.br
- fontsource-noto-serif-sinhala/5.0.0/files/noto-serif-sinhala-latin-800-normal.woff.br
- fontsource-noto-serif-sinhala/5.0.0/files/noto-serif-sinhala-latin-900-normal.woff.br
- fontsource-noto-serif-sinhala/5.0.0/files/noto-serif-sinhala-latin-ext-100-normal.woff.br
- fontsource-noto-serif-sinhala/5.0.0/files/noto-serif-sinhala-latin-ext-200-normal.woff.br
- fontsource-noto-serif-sinhala/5.0.0/files/noto-serif-sinhala-latin-ext-300-normal.woff.br
- fontsource-noto-serif-sinhala/5.0.0/files/noto-serif-sinhala-latin-ext-400-normal.woff.br
- fontsource-noto-serif-sinhala/5.0.0/files/noto-serif-sinhala-latin-ext-500-normal.woff.br
- fontsource-noto-serif-sinhala/5.0.0/files/noto-serif-sinhala-latin-ext-600-normal.woff.br
- fontsource-noto-serif-sinhala/5.0.0/files/noto-serif-sinhala-latin-ext-700-normal.woff.br
- fontsource-noto-serif-sinhala/5.0.0/files/noto-serif-sinhala-latin-ext-800-normal.woff.br
- fontsource-noto-serif-sinhala/5.0.0/files/noto-serif-sinhala-latin-ext-900-normal.woff.br
- fontsource-noto-serif-sinhala/5.0.0/files/noto-serif-sinhala-sinhala-100-normal.woff.br
- fontsource-noto-serif-sinhala/5.0.0/files/noto-serif-sinhala-sinhala-200-normal.woff.br
- fontsource-noto-serif-sinhala/5.0.0/files/noto-serif-sinhala-sinhala-300-normal.woff.br
- fontsource-noto-serif-sinhala/5.0.0/files/noto-serif-sinhala-sinhala-400-normal.woff.br
- fontsource-noto-serif-sinhala/5.0.0/files/noto-serif-sinhala-sinhala-500-normal.woff.br
- fontsource-noto-serif-sinhala/5.0.0/files/noto-serif-sinhala-sinhala-600-normal.woff.br
- fontsource-noto-serif-sinhala/5.0.0/files/noto-serif-sinhala-sinhala-700-normal.woff.br
- fontsource-noto-serif-sinhala/5.0.0/files/noto-serif-sinhala-sinhala-800-normal.woff.br
- fontsource-noto-serif-sinhala/5.0.0/files/noto-serif-sinhala-sinhala-900-normal.woff.br
- fontsource-noto-serif-sinhala/5.0.0/index.css.br
- fontsource-noto-serif-sinhala/5.0.0/index.min.css.br
- fontsource-noto-serif-sinhala/5.0.0/latin-100.css.br
- fontsource-noto-serif-sinhala/5.0.0/latin-100.min.css.br
- fontsource-noto-serif-sinhala/5.0.0/latin-200.css.br
- fontsource-noto-serif-sinhala/5.0.0/latin-200.min.css.br
- fontsource-noto-serif-sinhala/5.0.0/latin-300.css.br
- fontsource-noto-serif-sinhala/5.0.0/latin-300.min.css.br
- fontsource-noto-serif-sinhala/5.0.0/latin-400.css.br
- fontsource-noto-serif-sinhala/5.0.0/latin-400.min.css.br
- fontsource-noto-serif-sinhala/5.0.0/latin-500.css.br
- fontsource-noto-serif-sinhala/5.0.0/latin-500.min.css.br
- fontsource-noto-serif-sinhala/5.0.0/latin-600.css.br
- fontsource-noto-serif-sinhala/5.0.0/latin-600.min.css.br
- fontsource-noto-serif-sinhala/5.0.0/latin-700.css.br
- fontsource-noto-serif-sinhala/5.0.0/latin-700.min.css.br
- fontsource-noto-serif-sinhala/5.0.0/latin-800.css.br
- fontsource-noto-serif-sinhala/5.0.0/latin-800.min.css.br
- fontsource-noto-serif-sinhala/5.0.0/latin-900.css.br
- fontsource-noto-serif-sinhala/5.0.0/latin-900.min.css.br
- fontsource-noto-serif-sinhala/5.0.0/latin-ext-100.css.br
- fontsource-noto-serif-sinhala/5.0.0/latin-ext-100.min.css.br
- fontsource-noto-serif-sinhala/5.0.0/latin-ext-200.css.br
- fontsource-noto-serif-sinhala/5.0.0/latin-ext-200.min.css.br
- fontsource-noto-serif-sinhala/5.0.0/latin-ext-300.css.br
- fontsource-noto-serif-sinhala/5.0.0/latin-ext-300.min.css.br
- fontsource-noto-serif-sinhala/5.0.0/latin-ext-400.css.br
- fontsource-noto-serif-sinhala/5.0.0/latin-ext-400.min.css.br
- fontsource-noto-serif-sinhala/5.0.0/latin-ext-500.css.br
- fontsource-noto-serif-sinhala/5.0.0/latin-ext-500.min.css.br
- fontsource-noto-serif-sinhala/5.0.0/latin-ext-600.css.br
- fontsource-noto-serif-sinhala/5.0.0/latin-ext-600.min.css.br
- fontsource-noto-serif-sinhala/5.0.0/latin-ext-700.css.br
- fontsource-noto-serif-sinhala/5.0.0/latin-ext-700.min.css.br
- fontsource-noto-serif-sinhala/5.0.0/latin-ext-800.css.br
- fontsource-noto-serif-sinhala/5.0.0/latin-ext-800.min.css.br
- fontsource-noto-serif-sinhala/5.0.0/latin-ext-900.css.br
- fontsource-noto-serif-sinhala/5.0.0/latin-ext-900.min.css.br
- fontsource-noto-serif-sinhala/5.0.0/latin-ext.css.br
- fontsource-noto-serif-sinhala/5.0.0/latin-ext.min.css.br
- fontsource-noto-serif-sinhala/5.0.0/latin.css.br
- fontsource-noto-serif-sinhala/5.0.0/latin.min.css.br
- fontsource-noto-serif-sinhala/5.0.0/sinhala-100.css.br
- fontsource-noto-serif-sinhala/5.0.0/sinhala-100.min.css.br
- fontsource-noto-serif-sinhala/5.0.0/sinhala-200.css.br
- fontsource-noto-serif-sinhala/5.0.0/sinhala-200.min.css.br
- fontsource-noto-serif-sinhala/5.0.0/sinhala-300.css.br
- fontsource-noto-serif-sinhala/5.0.0/sinhala-300.min.css.br
- fontsource-noto-serif-sinhala/5.0.0/sinhala-400.css.br
- fontsource-noto-serif-sinhala/5.0.0/sinhala-400.min.css.br
- fontsource-noto-serif-sinhala/5.0.0/sinhala-500.css.br
- fontsource-noto-serif-sinhala/5.0.0/sinhala-500.min.css.br
- fontsource-noto-serif-sinhala/5.0.0/sinhala-600.css.br
- fontsource-noto-serif-sinhala/5.0.0/sinhala-600.min.css.br
- fontsource-noto-serif-sinhala/5.0.0/sinhala-700.css.br
- fontsource-noto-serif-sinhala/5.0.0/sinhala-700.min.css.br
- fontsource-noto-serif-sinhala/5.0.0/sinhala-800.css.br
- fontsource-noto-serif-sinhala/5.0.0/sinhala-800.min.css.br
- fontsource-noto-serif-sinhala/5.0.0/sinhala-900.css.br
- fontsource-noto-serif-sinhala/5.0.0/sinhala-900.min.css.br
- fontsource-noto-serif-sinhala/5.0.0/sinhala.css.br
- fontsource-noto-serif-sinhala/5.0.0/sinhala.min.css.br
