2022/12/16 09:32:05 optimizing files (Js true, Css true, Png true, Jpg true)
2022/12/16 09:32:05 compress: run /node_modules/uglify-js/bin/uglifyjs --mangle --compress if_return=true -o /tmp/work/dist/scene.cjs.min.js /tmp/work/dist/scene.cjs.js
2022/12/16 09:32:05 algorithm: run /usr/bin/brotli --quality=11 --output=/output/scene.cjs.js.map.br /tmp/work/dist/scene.cjs.js.map
2022/12/16 09:32:05 compress: run /node_modules/uglify-js/bin/uglifyjs --mangle --compress if_return=true -o /tmp/work/dist/scene.esm.min.js /tmp/work/dist/scene.esm.js
2022/12/16 09:32:05 algorithm: run /usr/bin/brotli --quality=11 --output=/output/scene.min.js.map.br /tmp/work/dist/scene.min.js.map
2022/12/16 09:32:05 /tmp/work/dist/scene.min.js is already compressed
2022/12/16 09:32:05 /tmp/work/dist/scene.min.js already has corresponding compressed file
2022/12/16 09:32:05 algorithm: run /usr/bin/brotli --quality=11 --output=/output/scene.js.map.br /tmp/work/dist/scene.js.map
2022/12/16 09:32:05 algorithm: run /usr/bin/brotli --quality=11 --output=/output/scene.esm.js.map.br /tmp/work/dist/scene.esm.js.map
2022/12/16 09:32:05 sri /tmp/work/dist/scene.js -> /output/scene.js.sri
2022/12/16 09:32:05 algorithm: run /usr/bin/brotli --quality=11 --output=/output/scene.js.br /tmp/work/dist/scene.js
2022/12/16 09:32:05 sri /tmp/work/dist/scene.min.js -> /output/scene.min.js.sri
2022/12/16 09:32:05 algorithm: run /usr/bin/brotli --quality=11 --output=/output/scene.min.js.br /tmp/work/dist/scene.min.js
2022/12/16 09:32:05 br /tmp/work/dist/scene.min.js.map -> /output/scene.min.js.map.br
2022/12/16 09:32:05 gz /tmp/work/dist/scene.min.js.map -> /output/scene.min.js.map.gz
2022/12/16 09:32:06 br /tmp/work/dist/scene.min.js -> /output/scene.min.js.br
2022/12/16 09:32:06 gz /tmp/work/dist/scene.min.js -> /output/scene.min.js.gz
2022/12/16 09:32:06 br /tmp/work/dist/scene.cjs.js.map -> /output/scene.cjs.js.map.br
2022/12/16 09:32:06 gz /tmp/work/dist/scene.cjs.js.map -> /output/scene.cjs.js.map.gz
2022/12/16 09:32:06 br /tmp/work/dist/scene.esm.js.map -> /output/scene.esm.js.map.br
2022/12/16 09:32:06 gz /tmp/work/dist/scene.esm.js.map -> /output/scene.esm.js.map.gz
2022/12/16 09:32:06 br /tmp/work/dist/scene.js -> /output/scene.js.br
2022/12/16 09:32:06 gz /tmp/work/dist/scene.js -> /output/scene.js.gz
2022/12/16 09:32:06 br /tmp/work/dist/scene.js.map -> /output/scene.js.map.br
2022/12/16 09:32:06 gz /tmp/work/dist/scene.js.map -> /output/scene.js.map.gz
2022/12/16 09:32:07 sri /tmp/work/dist/scene.esm.min.js -> /output/scene.esm.min.js.sri
2022/12/16 09:32:07 algorithm: run /usr/bin/brotli --quality=11 --output=/output/scene.esm.min.js.br /tmp/work/dist/scene.esm.min.js
2022/12/16 09:32:07 sri /tmp/work/dist/scene.cjs.min.js -> /output/scene.cjs.min.js.sri
2022/12/16 09:32:07 algorithm: run /usr/bin/brotli --quality=11 --output=/output/scene.cjs.min.js.br /tmp/work/dist/scene.cjs.min.js
2022/12/16 09:32:07 br /tmp/work/dist/scene.esm.min.js -> /output/scene.esm.min.js.br
2022/12/16 09:32:07 gz /tmp/work/dist/scene.esm.min.js -> /output/scene.esm.min.js.gz
2022/12/16 09:32:07 sri /tmp/work/dist/scene.esm.js -> /output/scene.esm.js.sri
2022/12/16 09:32:07 algorithm: run /usr/bin/brotli --quality=11 --output=/output/scene.esm.js.br /tmp/work/dist/scene.esm.js
2022/12/16 09:32:07 br /tmp/work/dist/scene.cjs.min.js -> /output/scene.cjs.min.js.br
2022/12/16 09:32:07 gz /tmp/work/dist/scene.cjs.min.js -> /output/scene.cjs.min.js.gz
2022/12/16 09:32:07 sri /tmp/work/dist/scene.cjs.js -> /output/scene.cjs.js.sri
2022/12/16 09:32:07 algorithm: run /usr/bin/brotli --quality=11 --output=/output/scene.cjs.js.br /tmp/work/dist/scene.cjs.js
2022/12/16 09:32:07 br /tmp/work/dist/scene.esm.js -> /output/scene.esm.js.br
2022/12/16 09:32:07 gz /tmp/work/dist/scene.esm.js -> /output/scene.esm.js.gz
2022/12/16 09:32:07 br /tmp/work/dist/scene.cjs.js -> /output/scene.cjs.js.br
2022/12/16 09:32:07 gz /tmp/work/dist/scene.cjs.js -> /output/scene.cjs.js.gz
2022/12/16 09:32:07 processed scenejs
