config: {"authors":[{"name":"Tony Tam","email":"fehguy@gmail.com"}],"autoupdate":{"source":"git","target":"git://github.com/swagger-api/swagger-ui.git","fileMap":[{"basePath":"dist","files":["**/swagger-ui*"]}],"ignoreVersions":["v"]},"description":"Swagger UI is a dependency-free collection of HTML, JavaScript, and CSS assets that dynamically generate beautiful documentation from a Swagger-compliant API","filename":"swagger-ui.js","homepage":"http://swagger.io/","keywords":["swagger-ui","library","ajax","framework","toolkit","api"],"license":"Apache-2.0","name":"swagger-ui","repository":{"type":"git","url":"https://github.com/swagger-api/swagger-ui.git"},"author":"Tony Tam \u003cfehguy@gmail.com\u003e"}
KV keys:
- swagger-ui/5.11.6/swagger-ui-bundle.js.br
- swagger-ui/5.11.6/swagger-ui-bundle.js.gz
- swagger-ui/5.11.6/swagger-ui-bundle.js.map.br
- swagger-ui/5.11.6/swagger-ui-bundle.js.map.gz
- swagger-ui/5.11.6/swagger-ui-bundle.min.js.br
- swagger-ui/5.11.6/swagger-ui-bundle.min.js.gz
- swagger-ui/5.11.6/swagger-ui-es-bundle-core.js.br
- swagger-ui/5.11.6/swagger-ui-es-bundle-core.js.gz
- swagger-ui/5.11.6/swagger-ui-es-bundle-core.js.map.br
- swagger-ui/5.11.6/swagger-ui-es-bundle-core.js.map.gz
- swagger-ui/5.11.6/swagger-ui-es-bundle-core.min.js.br
- swagger-ui/5.11.6/swagger-ui-es-bundle-core.min.js.gz
- swagger-ui/5.11.6/swagger-ui-es-bundle.js.br
- swagger-ui/5.11.6/swagger-ui-es-bundle.js.gz
- swagger-ui/5.11.6/swagger-ui-es-bundle.js.map.br
- swagger-ui/5.11.6/swagger-ui-es-bundle.js.map.gz
- swagger-ui/5.11.6/swagger-ui-es-bundle.min.js.br
- swagger-ui/5.11.6/swagger-ui-es-bundle.min.js.gz
- swagger-ui/5.11.6/swagger-ui-standalone-preset.js.br
- swagger-ui/5.11.6/swagger-ui-standalone-preset.js.gz
- swagger-ui/5.11.6/swagger-ui-standalone-preset.js.map.br
- swagger-ui/5.11.6/swagger-ui-standalone-preset.js.map.gz
- swagger-ui/5.11.6/swagger-ui-standalone-preset.min.js.br
- swagger-ui/5.11.6/swagger-ui-standalone-preset.min.js.gz
- swagger-ui/5.11.6/swagger-ui.css.br
- swagger-ui/5.11.6/swagger-ui.css.gz
- swagger-ui/5.11.6/swagger-ui.css.map.br
- swagger-ui/5.11.6/swagger-ui.css.map.gz
- swagger-ui/5.11.6/swagger-ui.js.br
- swagger-ui/5.11.6/swagger-ui.js.gz
- swagger-ui/5.11.6/swagger-ui.js.map.br
- swagger-ui/5.11.6/swagger-ui.js.map.gz
- swagger-ui/5.11.6/swagger-ui.min.css.br
- swagger-ui/5.11.6/swagger-ui.min.css.gz
- swagger-ui/5.11.6/swagger-ui.min.js.br
- swagger-ui/5.11.6/swagger-ui.min.js.gz
SRIs:
- swagger-ui/5.11.6/swagger-ui-bundle.js: sha512-h/eCQ+0Y74fWjOcAuWYzWiMa8Xmrj4ObzC0Df5TdWN/iB3ztRvlv+g7XttaeXuyXkxblU2u5XOH2PIrkJTxtEQ==
- swagger-ui/5.11.6/swagger-ui-es-bundle-core.js: sha512-UY9ml5SlQa1BHHJdIROEn7x37D4LlUL3j4aZA9jbS9RbGyrpoTGfArmphP655z4CM0ihob6gyWB+z5eJ2TtUyw==
- swagger-ui/5.11.6/swagger-ui-es-bundle-core.min.js: sha512-MTrxnyQeZcFxE+dViCzrQ1CQhegD3x6I21/84X5mDqRJgqG0ORSJwu0mEnCYYa06cFvTwqPHxKj9ldRV628ypA==
- swagger-ui/5.11.6/swagger-ui-es-bundle.js: sha512-RYI5aLMoteWF/7h/sHADYMEIwtVSLG86Tvwd7pD3R17o4uqo5X5wzNraxfgma24FvfPbT6WxmL5dG1fv6JUA/g==
- swagger-ui/5.11.6/swagger-ui.min.js: sha512-WDLfo0EQYx+dES7N12axELhA92yFtMsFrS36tbzjq5CYBh5eYF7FcGpL2lHCQcRDlMKZMt/Rfe5NCfnLTci0Sw==
- swagger-ui/5.11.6/swagger-ui.min.css: sha512-XtsDvxKBBCfSB54eyZVPobezzETL6eAP6QqJ1C5/tjEVSuxXJd+cwyaCCMMkIEJkuu7ciVAmzX08T86VaRxlsg==
- swagger-ui/5.11.6/swagger-ui-bundle.min.js: sha512-h2tzqkPKtO5P/xZXe/WSLfb7zBhJBFdaSpMzTbSxK3sm+hOla2exAt4z1zuF/RBRa1AQ8AkJbqqucTXrztpXqQ==
- swagger-ui/5.11.6/swagger-ui-es-bundle.min.js: sha512-VH6Bm1guFSRImyWpb7LNxQPBKb7H/EdNnkZdJbtfgM/4sxFCdpgm0G2HMlmChthgdjIOgJ/1kXcgzJyUEYWqFw==
- swagger-ui/5.11.6/swagger-ui-standalone-preset.js: sha512-ll0eHQBVEdPdfdeph+gIorzHfDzyFjcuFmaODXc6brPGqAPnHd4tMhUlDuC5qYVWtvwtcI0lUX6oeIvyGGM+/A==
- swagger-ui/5.11.6/swagger-ui-standalone-preset.min.js: sha512-934E87vjuX2SsHvPcCZt8RvrnMXyKnEahQXN/J8dbXmIieq+gkWPidWvwKu2o/wSx8YAK3C4GdwqJoZsEwRj+g==
- swagger-ui/5.11.6/swagger-ui.css: sha512-CUrU8jW2FzbeOhVlOTweMpj7bkllUqGepjvth3oj9EZdDscEb6W7sz+zpbRLVBuS/y3dBsRSuDpeY5aG5mzieQ==
- swagger-ui/5.11.6/swagger-ui.js: sha512-htjRrvC5i8/DWy/dc0+0tb7EkUaH3twTh9DHW5ncHtrcaKBMBzizI1Wz5tz+2ftjQoKPOz+x7Q+upAUYa8iyrw==
