config: {"autoupdate":{"source":"npm","target":"@alifd/next","fileMap":[{"basePath":"dist","files":["**/*"]}]},"description":"A configurable component library for web built on React.","filename":"next.min.js","homepage":"https://github.com/alibaba-fusion/next","keywords":["fusion","fusion design","next","component","ui tookit","react","react-components","components","design","frontend"],"license":"MIT","name":"alifd__next","repository":{"type":"git","url":"https://github.com/alibaba-fusion/next.git"}}
KV keys:
- alifd__next/1.23.0/adaptor.min.js.br
- alifd__next/1.23.0/adaptor.min.js.gz
- alifd__next/1.23.0/next-1.css.br
- alifd__next/1.23.0/next-1.css.gz
- alifd__next/1.23.0/next-1.min.css.br
- alifd__next/1.23.0/next-1.min.css.gz
- alifd__next/1.23.0/next-2.css.br
- alifd__next/1.23.0/next-2.css.gz
- alifd__next/1.23.0/next-2.min.css.br
- alifd__next/1.23.0/next-2.min.css.gz
- alifd__next/1.23.0/next-noreset-1.css.br
- alifd__next/1.23.0/next-noreset-1.css.gz
- alifd__next/1.23.0/next-noreset-1.min.css.br
- alifd__next/1.23.0/next-noreset-1.min.css.gz
- alifd__next/1.23.0/next-noreset-2.css.br
- alifd__next/1.23.0/next-noreset-2.css.gz
- alifd__next/1.23.0/next-noreset-2.min.css.br
- alifd__next/1.23.0/next-noreset-2.min.css.gz
- alifd__next/1.23.0/next-noreset.css.br
- alifd__next/1.23.0/next-noreset.css.gz
- alifd__next/1.23.0/next-noreset.min-1.css.br
- alifd__next/1.23.0/next-noreset.min-1.css.gz
- alifd__next/1.23.0/next-noreset.min-1.min.css.br
- alifd__next/1.23.0/next-noreset.min-1.min.css.gz
- alifd__next/1.23.0/next-noreset.min-2.css.br
- alifd__next/1.23.0/next-noreset.min-2.css.gz
- alifd__next/1.23.0/next-noreset.min-2.min.css.br
- alifd__next/1.23.0/next-noreset.min-2.min.css.gz
- alifd__next/1.23.0/next-noreset.min.css.br
- alifd__next/1.23.0/next-noreset.min.css.gz
- alifd__next/1.23.0/next-noreset.var-1.css.br
- alifd__next/1.23.0/next-noreset.var-1.css.gz
- alifd__next/1.23.0/next-noreset.var-1.min.css.br
- alifd__next/1.23.0/next-noreset.var-1.min.css.gz
- alifd__next/1.23.0/next-noreset.var-2.css.br
- alifd__next/1.23.0/next-noreset.var-2.css.gz
- alifd__next/1.23.0/next-noreset.var-2.min.css.br
- alifd__next/1.23.0/next-noreset.var-2.min.css.gz
- alifd__next/1.23.0/next-noreset.var.css.br
- alifd__next/1.23.0/next-noreset.var.css.gz
- alifd__next/1.23.0/next-noreset.var.min-1.css.br
- alifd__next/1.23.0/next-noreset.var.min-1.css.gz
- alifd__next/1.23.0/next-noreset.var.min-1.min.css.br
- alifd__next/1.23.0/next-noreset.var.min-1.min.css.gz
- alifd__next/1.23.0/next-noreset.var.min-2.css.br
- alifd__next/1.23.0/next-noreset.var.min-2.css.gz
- alifd__next/1.23.0/next-noreset.var.min-2.min.css.br
- alifd__next/1.23.0/next-noreset.var.min-2.min.css.gz
- alifd__next/1.23.0/next-noreset.var.min.css.br
- alifd__next/1.23.0/next-noreset.var.min.css.gz
- alifd__next/1.23.0/next-with-locales.js.br
- alifd__next/1.23.0/next-with-locales.js.gz
- alifd__next/1.23.0/next-with-locales.min.js.br
- alifd__next/1.23.0/next-with-locales.min.js.gz
- alifd__next/1.23.0/next.css.br
- alifd__next/1.23.0/next.css.gz
- alifd__next/1.23.0/next.js.br
- alifd__next/1.23.0/next.js.gz
- alifd__next/1.23.0/next.min-1.css.br
- alifd__next/1.23.0/next.min-1.css.gz
- alifd__next/1.23.0/next.min-1.min.css.br
- alifd__next/1.23.0/next.min-1.min.css.gz
- alifd__next/1.23.0/next.min-2.css.br
- alifd__next/1.23.0/next.min-2.css.gz
- alifd__next/1.23.0/next.min-2.min.css.br
- alifd__next/1.23.0/next.min-2.min.css.gz
- alifd__next/1.23.0/next.min.css.br
- alifd__next/1.23.0/next.min.css.gz
- alifd__next/1.23.0/next.min.js.br
- alifd__next/1.23.0/next.min.js.gz
- alifd__next/1.23.0/next.var-1.css.br
- alifd__next/1.23.0/next.var-1.css.gz
- alifd__next/1.23.0/next.var-1.min.css.br
- alifd__next/1.23.0/next.var-1.min.css.gz
- alifd__next/1.23.0/next.var-2.css.br
- alifd__next/1.23.0/next.var-2.css.gz
- alifd__next/1.23.0/next.var-2.min.css.br
- alifd__next/1.23.0/next.var-2.min.css.gz
- alifd__next/1.23.0/next.var.css.br
- alifd__next/1.23.0/next.var.css.gz
- alifd__next/1.23.0/next.var.min-1.css.br
- alifd__next/1.23.0/next.var.min-1.css.gz
- alifd__next/1.23.0/next.var.min-1.min.css.br
- alifd__next/1.23.0/next.var.min-1.min.css.gz
- alifd__next/1.23.0/next.var.min-2.css.br
- alifd__next/1.23.0/next.var.min-2.css.gz
- alifd__next/1.23.0/next.var.min-2.min.css.br
- alifd__next/1.23.0/next.var.min-2.min.css.gz
- alifd__next/1.23.0/next.var.min.css.br
- alifd__next/1.23.0/next.var.min.css.gz
SRIs:
- alifd__next/1.23.0/next.var.min-1.min.css: sha512-zKX9E863+aMDIa/zXCaPFf/pS8KrqK4QLsdX9FyJFS3PUav6C3hXeyMNFKUJGgO5910Zty/z0d8DxuDZ+prpog==
- alifd__next/1.23.0/next-noreset-1.min.css: sha512-GPtNMBZCeBFT9pdk6Gds3ts8QjZ/Lf9regfbYDXIN0btp3z2tq2ezdWFmzBi91E+PC6lOWfUkGRdLtCyuJOYtg==
- alifd__next/1.23.0/next-noreset.var.min-2.min.css: sha512-89xxPXYTznbhRjL5uAwJzEClFNaoJAwvNZs8xmdYIH6E4UzVWSBwi/W02GJbBENbXCsbhu3cQSLU8P0/Wc4spQ==
- alifd__next/1.23.0/next-with-locales.js: sha512-nwQBFMXoGLRsJ9aLubgmENH28R6vB4j1X/N6d5SUENoOtCHzAYJdrMetYGNIjJBKNi3hPohhotOi6rvrJMFfbQ==
- alifd__next/1.23.0/next-with-locales.min.js: sha512-9jhuEfkUom0y8lTO8ardlvH6ij/O9n0/TKnOMCdKCfZCNezn+19s600PIQz5PtITWkll43hvJnpGFtAFLGliUQ==
- alifd__next/1.23.0/next.var-1.min.css: sha512-C0m8IDEI32cmvU8fA+GvtP3xS+3GGakVsXldfar6z8lNPwpBP7gpTFkTygNYdeUjfA52mSGNZSEhPoGC6kzvPA==
- alifd__next/1.23.0/next.var-2.css: sha512-ky2TqYRlJ7cf1U5GQbi8kTWdj9FoTzGxF7imeVHnSTIWQvLh08IUYkta9tDUs2RPQwPS6mdw03+NXBJVtpTyIg==
- alifd__next/1.23.0/next.var.min-1.css: sha512-S8pcJmj7t/y9nGtALzamTD/cTqZXIhVAoZGwNN/M3AHsLItmI7YOr9aXamdSxe6LIIlqf9z12P9gdd7JKZthnw==
- alifd__next/1.23.0/next-1.css: sha512-mraBrsoYXTxP9P0FinmmkJc1uR/3DmLzefn4nKe0Loo9h2ysyhhY2CaOeQiJCNc7b94+ZjJbtD17tEHSpvS02A==
- alifd__next/1.23.0/next-noreset-2.css: sha512-QvTpfo0Mnb0+9seP6T2vZcIL1Y7Z5NRzIEKTTMTZgQSIUiGQUrapusJxEGkbNmZcRtiJch+w41L7VKeEmPX5gw==
- alifd__next/1.23.0/next-noreset.var.min-1.css: sha512-S8pcJmj7t/y9nGtALzamTD/cTqZXIhVAoZGwNN/M3AHsLItmI7YOr9aXamdSxe6LIIlqf9z12P9gdd7JKZthnw==
- alifd__next/1.23.0/next.var-2.min.css: sha512-G5Kva61kijPxoZeU4R4B4Cz4yY3Jm3wZavP96qR1OtwgC+tMG1ONi+gsQD8V5+nseP7mfM2m66K85dMhNeePyg==
- alifd__next/1.23.0/next-noreset-1.css: sha512-gN8JP8arZzAFQpkiVitUdSsLAtSyX7rS5mL3i9awK+5qAzjZBNtAtBwS0i9FtZfue6nd25q811j+qNZZ4fjTww==
- alifd__next/1.23.0/next-noreset.min-2.css: sha512-XRTWEvg7yDm1BquLwdi+NQf8N0IAukhR/vltxOIVH5WHoumE8nQti9zG0+9UHlnlXEJv/tQPbzg/FZldo1HuPQ==
- alifd__next/1.23.0/next-noreset.var-1.min.css: sha512-C0m8IDEI32cmvU8fA+GvtP3xS+3GGakVsXldfar6z8lNPwpBP7gpTFkTygNYdeUjfA52mSGNZSEhPoGC6kzvPA==
- alifd__next/1.23.0/next.min-1.css: sha512-ZNx+/XlBT6M+ByJdUKQVIkRLn2uLZDxN20bOJrFXgWcg0HcBggctR2UHs/BM9gV9jN71DketRNcqoO0EWxC1kg==
- alifd__next/1.23.0/next.min-1.min.css: sha512-kkJgKLZkrFmunP2dbWmWfjVqnZZGHIN2PjryyBaFLG/Yij1dvR/pOXWXyikzrLmN2OS9ju1HYnSBJRJwphZXzQ==
- alifd__next/1.23.0/next.min.css: sha512-8dFKZMx+jtn7u3lg8KdoqQ7V3LDwvH5wN93KYUtb39QrMhK1vRudAKeQfNLbZiT/RbgJo0RjpIhZanc8lHizjA==
- alifd__next/1.23.0/next-2.min.css: sha512-CtuZ5s88knjEt1lWr/Ffuyz0vMGkSk+eJPeB3sn/CjBvWqfbsS+dkea/VJpSRwAsRmgaj3Pt7KYwC49tUdNheg==
- alifd__next/1.23.0/next-noreset.css: sha512-Rajm+e/zRu7reih54TA+HWZVXPdUwZRldJpqudYdpBALSozyt1FSo9PzFuaux8HJwQcBTm/R5ZbKH+KeNLJYXA==
- alifd__next/1.23.0/next-noreset.min-1.css: sha512-hsl0rwXGnOzvtbQCZtrrYnnUbxKP/r47rcycjr8AnJ6peKqqZRGIDmi8Ne+8Y2JXtUeBWAMqoxYZcvK8as0tJQ==
- alifd__next/1.23.0/next-noreset.var-2.min.css: sha512-3GDRJnyzzBuGqOjYD+A8aJbn5OKOHQPbZ2Uol74AaoySir33gen+EthMcsa3tp4CHIwLuEOC6+0idwBDoLF4Fg==
- alifd__next/1.23.0/next.css: sha512-jjefNHam+fujliPUGQb5IIVuK3owSK+dlqO5+0hszANzANU3hYX9k25yQx9jnCRgW/fNkAr1qhBJpsl4zz6yWg==
- alifd__next/1.23.0/next.min-2.css: sha512-bdo1OX36NHxfl2Q6Lib55LUICKKJt35pOIbAZWiahUn4anNd0W+EVjyhFnWci85/b7fBm3lM9Tdzyf+SZs094g==
- alifd__next/1.23.0/next.var.min-2.css: sha512-5Ae8FmEpOT1JZt0nXnYhQtBHh7Wy4s4HSF4VRRl2jDL7Fq7hsINYZ9juz9DbyML6c5n2okmu57go3hzeCPQsxQ==
- alifd__next/1.23.0/next.var-1.css: sha512-RIFiZ/8sCVHIjiz2vJJbOywEV8bdFYtY41ussp5m4+w6tEDqrbV8xgYdlnxis5h4hMY1B5uStBx6vyonqRD0Hw==
- alifd__next/1.23.0/adaptor.min.js: sha512-9+xMuI0UrAY+C6Dhn1HbMiogXtVWibJGuYwpX06D/Wc0cSZA27nBbR1HsD5AyqcUNtqvhTanjmTKH+omo7YPeA==
- alifd__next/1.23.0/next-1.min.css: sha512-yDgxIHCElfsR/Tafnc+7PwAOMjvaPi53TWUsClLkwHRXnMv48oQ+W6s4IHORV2DcS1lDhb6CSdXqDPgRmOApAA==
- alifd__next/1.23.0/next-noreset.min-1.min.css: sha512-VX9uQ8NRHCas9qkADx9/h736gKlv1QRCvuPfnOZ/OOfyyf5usZx2hrH4Gq5nreFSk9UQoKWGhzESR60YMFL09A==
- alifd__next/1.23.0/next-noreset.var.min-2.css: sha512-0L1Cw00X3xtPyFy2ZUzl4SeJBKwWQti3sFJiqw86OZsom2iiUo5AseZzQZEXBhTICOSIDQ8VrnkiKhPDZgWYrg==
- alifd__next/1.23.0/next-noreset.var.min.css: sha512-9MZ0lCm5kKUQ7bycl5jy3AgJTBMOJD2wsTuZu8cWXJnsZZbaoNhbJ8kTRp01B8yf0gw2UC3MINIyCvtZB0Qw+w==
- alifd__next/1.23.0/next.js: sha512-1pdgkiJUTpXTYebtkZUGUZxefKRaxjH3XTDnkG+5Y82Hri8+O9hcsjooYf+iPTyiORjA/wnz35Y151DJHHnDlA==
- alifd__next/1.23.0/next.min.js: sha512-8BDfJ6gg3TiN5w0HerSvqqdbbx/bnQGl/2UtF9swXeiTkj4WoZ0+rvnRZg2yQx7itabs019rIS9zLTGHytBeIQ==
- alifd__next/1.23.0/next-2.css: sha512-IbuRSVbbfMyPTzzrWbL9Gmd+qUVMXWdyvqHEa588jAsuJoxOqbq0fUM3KAONv2yKzvfBdB7bMcBqU946st5bdw==
- alifd__next/1.23.0/next-noreset.min.css: sha512-v/wcNhdOBBFnkDAmbiwkxcen0NeRg/E8pYV3DJgzPb4HzGWx0FwxKR//CmxBTXkhXo6/mLbEKG173QUbGaTSaw==
- alifd__next/1.23.0/next-noreset.var-1.css: sha512-+MQqqN5alIj6R29V+mjcCsCOfGSWz4cGAxX6xHKuz7WFtlr1o2B7ohn4/WwWLwFFYLgFYpt/e6Z/WYfPAUkPBw==
- alifd__next/1.23.0/next.var.css: sha512-F2A0Bq2gWZm0q38XWU/RQYlraQUE3VNPsbUWi5UJckxKpUjsz0E5laYVKzZ+7+p40/V8B3Ssd2ptTdBLidZ5Lw==
- alifd__next/1.23.0/next-noreset.min-2.min.css: sha512-K6pc+4fXCELsBBCbrNPc0Hv6Qsc9KeFwsZS1Wcd9GuK+gZ6IjmfsYA3MlG96tfywZP2QooVtCLS1qtq/1C7qSw==
- alifd__next/1.23.0/next-noreset.var-2.css: sha512-wST9cE1xs0GgGZIMwJWUDpcRaecXiu7vBkKHV3Jky7rIcsepjdNjgW+kwykSnTdBzjAkKZqFles5Uau7vUv1lA==
- alifd__next/1.23.0/next-noreset.var.css: sha512-dfvxqf6/ZBPA2jXEkcaH4mZSWunFIGzSp8Pzuyxzg5RHAcaeVb8WdMsyfJgYO9TL67LJkPGZa+Rko09YVDCZ7Q==
- alifd__next/1.23.0/next-noreset.var.min-1.min.css: sha512-zKX9E863+aMDIa/zXCaPFf/pS8KrqK4QLsdX9FyJFS3PUav6C3hXeyMNFKUJGgO5910Zty/z0d8DxuDZ+prpog==
- alifd__next/1.23.0/next.var.min-2.min.css: sha512-SrEPYsgUhnSuEZbU19HSlWe4Cy9tMJ4Y+KMG3UnuHoxBTlQR06pN7lM99yVcy5/H77D29Rgy8vJXRg3J5xqycw==
- alifd__next/1.23.0/next.var.min.css: sha512-HKt88J9U9tlxiXfUprBXFD1Fis3EG21hxRUNLENF3E32dP9t4yBqt7zQXGL7izwS8NlZD+ooAaoMwGLmWg45nQ==
- alifd__next/1.23.0/next-noreset-2.min.css: sha512-C3mdD84ZqE6nNygRyV0EBYBAT8ziylfMOHUA6gWI+9OmesfoG5rYDN2uz/OAB4pi0iNJAvYKUDYpvWdlg1BqQQ==
- alifd__next/1.23.0/next.min-2.min.css: sha512-qzraK3UP1g7lXPT0rvb8VvJpNbTg0gnUKoG4OX8f2jR4ApMn5qZGwp4ykcr3q6jS4eR62XeO70Qpb2V49dQTrA==
