config: {"authors":[{"name":"Guillaume du Pontavice","email":"g.du.pontavice@gmail.com"}],"autoupdate":{"source":"npm","target":"hls.js","fileMap":[{"basePath":"dist","files":["**/!(*-demo.*)"]}],"ignoreVersions":["*-canary.*"]},"description":"JavaScript HLS client using MediaSourceExtension","filename":"hls.min.js","homepage":"https://hls-js.netlify.com/demo/","keywords":["hls.js","video","streaming","mediasource","player"],"license":"Apache-2.0","name":"hls.js","repository":{"type":"git","url":"git://github.com/video-dev/hls.js"},"author":"Guillaume du Pontavice \u003cg.du.pontavice@gmail.com\u003e"}
KV keys:
- hls.js/1.2.5-0.canary.8674/hls.js.br
- hls.js/1.2.5-0.canary.8674/hls.js.d.ts.br
- hls.js/1.2.5-0.canary.8674/hls.js.d.ts.gz
- hls.js/1.2.5-0.canary.8674/hls.js.gz
- hls.js/1.2.5-0.canary.8674/hls.js.map.br
- hls.js/1.2.5-0.canary.8674/hls.js.map.gz
- hls.js/1.2.5-0.canary.8674/hls.light.js.br
- hls.js/1.2.5-0.canary.8674/hls.light.js.gz
- hls.js/1.2.5-0.canary.8674/hls.light.js.map.br
- hls.js/1.2.5-0.canary.8674/hls.light.js.map.gz
- hls.js/1.2.5-0.canary.8674/hls.light.min.js.br
- hls.js/1.2.5-0.canary.8674/hls.light.min.js.gz
- hls.js/1.2.5-0.canary.8674/hls.light.min.js.map.br
- hls.js/1.2.5-0.canary.8674/hls.light.min.js.map.gz
- hls.js/1.2.5-0.canary.8674/hls.min.js.br
- hls.js/1.2.5-0.canary.8674/hls.min.js.gz
- hls.js/1.2.5-0.canary.8674/hls.min.js.map.br
- hls.js/1.2.5-0.canary.8674/hls.min.js.map.gz
SRIs:
- hls.js/1.2.5-0.canary.8674/hls.js: sha512-+Bb3l6GBGQvDpzvsU9Zd5+rRoXfODgHJIJSgPf6U3nGK5JnDz2HoRNTISmb3XvhuXggiC1ra/pZ3A2XMy0OSAw==
- hls.js/1.2.5-0.canary.8674/hls.light.js: sha512-PEBGM9/1+0eZudpDy4hrhr1H2+yyMb0+Ad/u/tbz+clZ7nCyWj32+KRuhS5zJFsiDsF4aNjAcbhtj/dBOnBf9g==
- hls.js/1.2.5-0.canary.8674/hls.light.min.js: sha512-FHY0XJuMRJqAJUeP2NKOiV1MyLvcFDqVJ2x2qHEBB/1r7wsWfnV+gqo/hQtlXFhGRG6IsbLbBiEJ3M2VDY6YCg==
- hls.js/1.2.5-0.canary.8674/hls.min.js: sha512-WxZ94t9SfGVwwLAnoXHLAaMjZ/gU+T0ahuNIExCFYESi9tjOuVRh5Jlc/QkvuEM7eOOitUvyW7LfdZUPpdyg2g==
