Files:
- fontsource-great-vibes/5.0.3/400.css.br
- fontsource-great-vibes/5.0.3/400.min.css.br
- fontsource-great-vibes/5.0.3/files/great-vibes-latin-400-normal.woff.br
- fontsource-great-vibes/5.0.3/files/great-vibes-latin-ext-400-normal.woff.br
- fontsource-great-vibes/5.0.3/files/great-vibes-vietnamese-400-normal.woff.br
- fontsource-great-vibes/5.0.3/index.css.br
- fontsource-great-vibes/5.0.3/index.min.css.br
- fontsource-great-vibes/5.0.3/latin-400.css.br
- fontsource-great-vibes/5.0.3/latin-400.min.css.br
- fontsource-great-vibes/5.0.3/latin-ext-400.css.br
- fontsource-great-vibes/5.0.3/latin-ext-400.min.css.br
- fontsource-great-vibes/5.0.3/latin-ext.css.br
- fontsource-great-vibes/5.0.3/latin-ext.min.css.br
- fontsource-great-vibes/5.0.3/latin.css.br
- fontsource-great-vibes/5.0.3/latin.min.css.br
- fontsource-great-vibes/5.0.3/vietnamese-400.css.br
- fontsource-great-vibes/5.0.3/vietnamese-400.min.css.br
- fontsource-great-vibes/5.0.3/vietnamese.css.br
- fontsource-great-vibes/5.0.3/vietnamese.min.css.br
