Files:
- fontsource-anonymous-pro/5.0.12/400-italic.css.br
- fontsource-anonymous-pro/5.0.12/400-italic.min.css.br
- fontsource-anonymous-pro/5.0.12/400.css.br
- fontsource-anonymous-pro/5.0.12/400.min.css.br
- fontsource-anonymous-pro/5.0.12/700-italic.css.br
- fontsource-anonymous-pro/5.0.12/700-italic.min.css.br
- fontsource-anonymous-pro/5.0.12/700.css.br
- fontsource-anonymous-pro/5.0.12/700.min.css.br
- fontsource-anonymous-pro/5.0.12/cyrillic-400-italic.css.br
- fontsource-anonymous-pro/5.0.12/cyrillic-400-italic.min.css.br
- fontsource-anonymous-pro/5.0.12/cyrillic-400.css.br
- fontsource-anonymous-pro/5.0.12/cyrillic-400.min.css.br
- fontsource-anonymous-pro/5.0.12/cyrillic-700-italic.css.br
- fontsource-anonymous-pro/5.0.12/cyrillic-700-italic.min.css.br
- fontsource-anonymous-pro/5.0.12/cyrillic-700.css.br
- fontsource-anonymous-pro/5.0.12/cyrillic-700.min.css.br
- fontsource-anonymous-pro/5.0.12/cyrillic-italic.css.br
- fontsource-anonymous-pro/5.0.12/cyrillic-italic.min.css.br
- fontsource-anonymous-pro/5.0.12/cyrillic.css.br
- fontsource-anonymous-pro/5.0.12/cyrillic.min.css.br
- fontsource-anonymous-pro/5.0.12/files/anonymous-pro-cyrillic-400-italic.woff.br
- fontsource-anonymous-pro/5.0.12/files/anonymous-pro-cyrillic-400-normal.woff.br
- fontsource-anonymous-pro/5.0.12/files/anonymous-pro-cyrillic-700-italic.woff.br
- fontsource-anonymous-pro/5.0.12/files/anonymous-pro-cyrillic-700-normal.woff.br
- fontsource-anonymous-pro/5.0.12/files/anonymous-pro-greek-400-italic.woff.br
- fontsource-anonymous-pro/5.0.12/files/anonymous-pro-greek-400-normal.woff.br
- fontsource-anonymous-pro/5.0.12/files/anonymous-pro-greek-700-italic.woff.br
- fontsource-anonymous-pro/5.0.12/files/anonymous-pro-greek-700-normal.woff.br
- fontsource-anonymous-pro/5.0.12/files/anonymous-pro-latin-400-italic.woff.br
- fontsource-anonymous-pro/5.0.12/files/anonymous-pro-latin-400-normal.woff.br
- fontsource-anonymous-pro/5.0.12/files/anonymous-pro-latin-700-italic.woff.br
- fontsource-anonymous-pro/5.0.12/files/anonymous-pro-latin-700-normal.woff.br
- fontsource-anonymous-pro/5.0.12/files/anonymous-pro-latin-ext-400-italic.woff.br
- fontsource-anonymous-pro/5.0.12/files/anonymous-pro-latin-ext-400-normal.woff.br
- fontsource-anonymous-pro/5.0.12/files/anonymous-pro-latin-ext-700-italic.woff.br
- fontsource-anonymous-pro/5.0.12/files/anonymous-pro-latin-ext-700-normal.woff.br
- fontsource-anonymous-pro/5.0.12/greek-400-italic.css.br
- fontsource-anonymous-pro/5.0.12/greek-400-italic.min.css.br
- fontsource-anonymous-pro/5.0.12/greek-400.css.br
- fontsource-anonymous-pro/5.0.12/greek-400.min.css.br
- fontsource-anonymous-pro/5.0.12/greek-700-italic.css.br
- fontsource-anonymous-pro/5.0.12/greek-700-italic.min.css.br
- fontsource-anonymous-pro/5.0.12/greek-700.css.br
- fontsource-anonymous-pro/5.0.12/greek-700.min.css.br
- fontsource-anonymous-pro/5.0.12/greek-italic.css.br
- fontsource-anonymous-pro/5.0.12/greek-italic.min.css.br
- fontsource-anonymous-pro/5.0.12/greek.css.br
- fontsource-anonymous-pro/5.0.12/greek.min.css.br
- fontsource-anonymous-pro/5.0.12/index.css.br
- fontsource-anonymous-pro/5.0.12/index.min.css.br
- fontsource-anonymous-pro/5.0.12/latin-400-italic.css.br
- fontsource-anonymous-pro/5.0.12/latin-400-italic.min.css.br
- fontsource-anonymous-pro/5.0.12/latin-400.css.br
- fontsource-anonymous-pro/5.0.12/latin-400.min.css.br
- fontsource-anonymous-pro/5.0.12/latin-700-italic.css.br
- fontsource-anonymous-pro/5.0.12/latin-700-italic.min.css.br
- fontsource-anonymous-pro/5.0.12/latin-700.css.br
- fontsource-anonymous-pro/5.0.12/latin-700.min.css.br
- fontsource-anonymous-pro/5.0.12/latin-ext-400-italic.css.br
- fontsource-anonymous-pro/5.0.12/latin-ext-400-italic.min.css.br
- fontsource-anonymous-pro/5.0.12/latin-ext-400.css.br
- fontsource-anonymous-pro/5.0.12/latin-ext-400.min.css.br
- fontsource-anonymous-pro/5.0.12/latin-ext-700-italic.css.br
- fontsource-anonymous-pro/5.0.12/latin-ext-700-italic.min.css.br
- fontsource-anonymous-pro/5.0.12/latin-ext-700.css.br
- fontsource-anonymous-pro/5.0.12/latin-ext-700.min.css.br
- fontsource-anonymous-pro/5.0.12/latin-ext-italic.css.br
- fontsource-anonymous-pro/5.0.12/latin-ext-italic.min.css.br
- fontsource-anonymous-pro/5.0.12/latin-ext.css.br
- fontsource-anonymous-pro/5.0.12/latin-ext.min.css.br
- fontsource-anonymous-pro/5.0.12/latin-italic.css.br
- fontsource-anonymous-pro/5.0.12/latin-italic.min.css.br
- fontsource-anonymous-pro/5.0.12/latin.css.br
- fontsource-anonymous-pro/5.0.12/latin.min.css.br
