2022/01/11 23:06:05 optimizing files (Js true, Css true, Png true, Jpg true)
2022/01/11 23:06:05 compressed file already exists: /tmp/work/dist/jquery.shave.min.js
2022/01/11 23:06:05 compress: run /node_modules/uglify-js/bin/uglifyjs --mangle --compress if_return=true -o /tmp/work/dist/jquery.shave.es.min.js /tmp/work/dist/jquery.shave.es.js
2022/01/11 23:06:05 /tmp/work/dist/jquery.shave.min.js.min.js compressed file already exists
2022/01/11 23:06:05 sri /tmp/work/dist/jquery.shave.js -> /output/jquery.shave.js.sri
2022/01/11 23:06:05 compressed file already exists: /tmp/work/dist/shave.min.js
2022/01/11 23:06:05 algorithm: run /usr/bin/brotli --quality=11 --output=/output/jquery.shave.js.br /tmp/work/dist/jquery.shave.js
2022/01/11 23:06:05 compress: run /node_modules/uglify-js/bin/uglifyjs --mangle --compress if_return=true -o /tmp/work/dist/shave.es.min.js /tmp/work/dist/shave.es.js
2022/01/11 23:06:05 sri /tmp/work/dist/jquery.shave.min.js -> /output/jquery.shave.min.js.sri
2022/01/11 23:06:05 sri /tmp/work/dist/shave.js -> /output/shave.js.sri
2022/01/11 23:06:05 algorithm: run /usr/bin/brotli --quality=11 --output=/output/jquery.shave.min.js.br /tmp/work/dist/jquery.shave.min.js
2022/01/11 23:06:05 algorithm: run /usr/bin/brotli --quality=11 --output=/output/shave.js.br /tmp/work/dist/shave.js
2022/01/11 23:06:05 /tmp/work/dist/shave.min.js.min.js compressed file already exists
2022/01/11 23:06:05 sri /tmp/work/dist/shave.min.js -> /output/shave.min.js.sri
2022/01/11 23:06:05 algorithm: run /usr/bin/brotli --quality=11 --output=/output/shave.min.js.br /tmp/work/dist/shave.min.js
2022/01/11 23:06:05 br /tmp/work/dist/jquery.shave.min.js -> /output/jquery.shave.min.js.br
2022/01/11 23:06:05 gz /tmp/work/dist/jquery.shave.min.js -> /output/jquery.shave.min.js.gz
2022/01/11 23:06:05 br /tmp/work/dist/shave.min.js -> /output/shave.min.js.br
2022/01/11 23:06:05 gz /tmp/work/dist/shave.min.js -> /output/shave.min.js.gz
2022/01/11 23:06:05 br /tmp/work/dist/jquery.shave.js -> /output/jquery.shave.js.br
2022/01/11 23:06:05 gz /tmp/work/dist/jquery.shave.js -> /output/jquery.shave.js.gz
2022/01/11 23:06:05 br /tmp/work/dist/shave.js -> /output/shave.js.br
2022/01/11 23:06:05 gz /tmp/work/dist/shave.js -> /output/shave.js.gz
2022/01/11 23:06:05 sri /tmp/work/dist/shave.es.min.js -> /output/shave.es.min.js.sri
2022/01/11 23:06:05 algorithm: run /usr/bin/brotli --quality=11 --output=/output/shave.es.min.js.br /tmp/work/dist/shave.es.min.js
2022/01/11 23:06:05 sri /tmp/work/dist/jquery.shave.es.min.js -> /output/jquery.shave.es.min.js.sri
2022/01/11 23:06:05 algorithm: run /usr/bin/brotli --quality=11 --output=/output/jquery.shave.es.min.js.br /tmp/work/dist/jquery.shave.es.min.js
2022/01/11 23:06:05 br /tmp/work/dist/shave.es.min.js -> /output/shave.es.min.js.br
2022/01/11 23:06:05 br /tmp/work/dist/jquery.shave.es.min.js -> /output/jquery.shave.es.min.js.br
2022/01/11 23:06:05 gz /tmp/work/dist/jquery.shave.es.min.js -> /output/jquery.shave.es.min.js.gz
2022/01/11 23:06:05 sri /tmp/work/dist/jquery.shave.es.js -> /output/jquery.shave.es.js.sri
2022/01/11 23:06:05 algorithm: run /usr/bin/brotli --quality=11 --output=/output/jquery.shave.es.js.br /tmp/work/dist/jquery.shave.es.js
2022/01/11 23:06:05 gz /tmp/work/dist/shave.es.min.js -> /output/shave.es.min.js.gz
2022/01/11 23:06:05 sri /tmp/work/dist/shave.es.js -> /output/shave.es.js.sri
2022/01/11 23:06:05 algorithm: run /usr/bin/brotli --quality=11 --output=/output/shave.es.js.br /tmp/work/dist/shave.es.js
2022/01/11 23:06:05 br /tmp/work/dist/shave.es.js -> /output/shave.es.js.br
2022/01/11 23:06:05 br /tmp/work/dist/jquery.shave.es.js -> /output/jquery.shave.es.js.br
2022/01/11 23:06:05 gz /tmp/work/dist/shave.es.js -> /output/shave.es.js.gz
2022/01/11 23:06:05 gz /tmp/work/dist/jquery.shave.es.js -> /output/jquery.shave.es.js.gz
2022/01/11 23:06:05 processed shave
