config: {"authors":[{"name":"Guillaume du Pontavice","email":"g.du.pontavice@gmail.com"}],"autoupdate":{"source":"npm","target":"hls.js","fileMap":[{"basePath":"dist","files":["**/!(*-demo.*)"]}],"ignoreVersions":["*-canary.*"]},"description":"JavaScript HLS client using MediaSourceExtension","filename":"hls.min.js","homepage":"https://hls-js.netlify.com/demo/","keywords":["hls.js","video","streaming","mediasource","player"],"license":"Apache-2.0","name":"hls.js","repository":{"type":"git","url":"git://github.com/video-dev/hls.js"},"author":"Guillaume du Pontavice \u003cg.du.pontavice@gmail.com\u003e"}
KV keys:
- hls.js/1.2.4-0.canary.8607/hls.js.br
- hls.js/1.2.4-0.canary.8607/hls.js.d.ts.br
- hls.js/1.2.4-0.canary.8607/hls.js.d.ts.gz
- hls.js/1.2.4-0.canary.8607/hls.js.gz
- hls.js/1.2.4-0.canary.8607/hls.js.map.br
- hls.js/1.2.4-0.canary.8607/hls.js.map.gz
- hls.js/1.2.4-0.canary.8607/hls.light.js.br
- hls.js/1.2.4-0.canary.8607/hls.light.js.gz
- hls.js/1.2.4-0.canary.8607/hls.light.js.map.br
- hls.js/1.2.4-0.canary.8607/hls.light.js.map.gz
- hls.js/1.2.4-0.canary.8607/hls.light.min.js.br
- hls.js/1.2.4-0.canary.8607/hls.light.min.js.gz
- hls.js/1.2.4-0.canary.8607/hls.light.min.js.map.br
- hls.js/1.2.4-0.canary.8607/hls.light.min.js.map.gz
- hls.js/1.2.4-0.canary.8607/hls.min.js.br
- hls.js/1.2.4-0.canary.8607/hls.min.js.gz
- hls.js/1.2.4-0.canary.8607/hls.min.js.map.br
- hls.js/1.2.4-0.canary.8607/hls.min.js.map.gz
SRIs:
- hls.js/1.2.4-0.canary.8607/hls.js: sha512-X/INKJuFMRBz7Kz9NZmLB1X02W2jys+2HIcgI43r3SUzNX6NW7tNAUyCL6gMq1kYmhAe2nnAU9ucJc8LoawaRA==
- hls.js/1.2.4-0.canary.8607/hls.light.js: sha512-tjuGl/WU0F5GVuAC786kLMzlZyazZLsR15hztHx0j5uwOk6J/CH/aRsxZOOP46UbtLQv/1cvPTL3sAYFbA8+MQ==
- hls.js/1.2.4-0.canary.8607/hls.light.min.js: sha512-xo+920qSOuGxbmqlXP2m8ZbbLq2a5LCrFYFia22zI/sT0CQd96uXjgIQLKvbEYljmPnG0BW7dFIn0oPCq2QiMw==
- hls.js/1.2.4-0.canary.8607/hls.min.js: sha512-X+Qj9aBa4cIvsiqW9Qxly0R4d1LL7NMIc/UCDvmW4hMHrlE2PqFC/+xoDP/syu/0FoWOEzqTW1+n6GjouELLPQ==
