2021/09/16 01:05:40 optimizing files (Js true, Css true, Png true, Jpg true)
2021/09/16 01:05:40 /tmp/work/dist/tui-grid.css already has a compressed version: /tmp/work/dist/tui-grid.min.css
2021/09/16 01:05:40 compressed file already exists: /tmp/work/dist/tui-grid.min.js
2021/09/16 01:05:40 /tmp/work/dist/tui-grid.min.js.min.js compressed file already exists
2021/09/16 01:05:40 sri /tmp/work/dist/tui-grid.css -> /output/tui-grid.css.sri
2021/09/16 01:05:40 algorithm: run /usr/bin/brotli --quality=11 --output=/output/tui-grid.css.br /tmp/work/dist/tui-grid.css
2021/09/16 01:05:40 sri /tmp/work/dist/tui-grid.min.js -> /output/tui-grid.min.js.sri
2021/09/16 01:05:40 algorithm: run /usr/bin/brotli --quality=11 --output=/output/tui-grid.min.js.br /tmp/work/dist/tui-grid.min.js
2021/09/16 01:05:40 sri /tmp/work/dist/tui-grid.js -> /output/tui-grid.js.sri
2021/09/16 01:05:40 algorithm: run /usr/bin/brotli --quality=11 --output=/output/tui-grid.js.br /tmp/work/dist/tui-grid.js
2021/09/16 01:05:40 sri /tmp/work/dist/tui-grid.min.css -> /output/tui-grid.min.css.sri
2021/09/16 01:05:40 algorithm: run /usr/bin/brotli --quality=11 --output=/output/tui-grid.min.css.br /tmp/work/dist/tui-grid.min.css
2021/09/16 01:05:40 br /tmp/work/dist/tui-grid.min.css -> /output/tui-grid.min.css.br
2021/09/16 01:05:40 gz /tmp/work/dist/tui-grid.min.css -> /output/tui-grid.min.css.gz
2021/09/16 01:05:40 br /tmp/work/dist/tui-grid.css -> /output/tui-grid.css.br
2021/09/16 01:05:40 gz /tmp/work/dist/tui-grid.css -> /output/tui-grid.css.gz
2021/09/16 01:05:41 br /tmp/work/dist/tui-grid.min.js -> /output/tui-grid.min.js.br
2021/09/16 01:05:41 gz /tmp/work/dist/tui-grid.min.js -> /output/tui-grid.min.js.gz
2021/09/16 01:05:43 br /tmp/work/dist/tui-grid.js -> /output/tui-grid.js.br
2021/09/16 01:05:43 gz /tmp/work/dist/tui-grid.js -> /output/tui-grid.js.gz
2021/09/16 01:05:43 processed tui-grid
