config: {"authors":[{"name":"Dominik Moritz"}],"autoupdate":{"source":"npm","target":"leaflet.locatecontrol","fileMap":[{"basePath":"dist","files":["**/*"]}]},"description":"A useful control to geolocate the user with many options. Official Leaflet and MapBox plugin.","filename":"L.Control.Locate.min.js","keywords":["leaflet","maps","mobile"],"license":"MIT","name":"leaflet-locatecontrol","repository":{"type":"git","url":"https://github.com/domoritz/leaflet-locatecontrol"},"author":"Dominik Moritz"}
KV keys:
- leaflet-locatecontrol/0.78.0/L.Control.Locate.css.br
- leaflet-locatecontrol/0.78.0/L.Control.Locate.css.gz
- leaflet-locatecontrol/0.78.0/L.Control.Locate.css.map.br
- leaflet-locatecontrol/0.78.0/L.Control.Locate.css.map.gz
- leaflet-locatecontrol/0.78.0/L.Control.Locate.mapbox.css.br
- leaflet-locatecontrol/0.78.0/L.Control.Locate.mapbox.css.gz
- leaflet-locatecontrol/0.78.0/L.Control.Locate.mapbox.css.map.br
- leaflet-locatecontrol/0.78.0/L.Control.Locate.mapbox.css.map.gz
- leaflet-locatecontrol/0.78.0/L.Control.Locate.mapbox.min.css.br
- leaflet-locatecontrol/0.78.0/L.Control.Locate.mapbox.min.css.gz
- leaflet-locatecontrol/0.78.0/L.Control.Locate.mapbox.min.css.map.br
- leaflet-locatecontrol/0.78.0/L.Control.Locate.mapbox.min.css.map.gz
- leaflet-locatecontrol/0.78.0/L.Control.Locate.min.css.br
- leaflet-locatecontrol/0.78.0/L.Control.Locate.min.css.gz
- leaflet-locatecontrol/0.78.0/L.Control.Locate.min.css.map.br
- leaflet-locatecontrol/0.78.0/L.Control.Locate.min.css.map.gz
- leaflet-locatecontrol/0.78.0/L.Control.Locate.min.js.br
- leaflet-locatecontrol/0.78.0/L.Control.Locate.min.js.gz
- leaflet-locatecontrol/0.78.0/L.Control.Locate.min.js.map.br
- leaflet-locatecontrol/0.78.0/L.Control.Locate.min.js.map.gz
SRIs:
- leaflet-locatecontrol/0.78.0/L.Control.Locate.css: sha512-6+fQwheLeCW6sKV5liSHZ0rxcrN4TRBwWOhsof+3Iahu9J+WRyF4eBLjL5QshWxja6WiKE1WAtrH0hsRJ3nA8A==
- leaflet-locatecontrol/0.78.0/L.Control.Locate.mapbox.css: sha512-FjQ46UsWu/JEl/nieke+4FDqSRCAB4C2RupSeTi9y4pKKpdhLiIUubJ4ix3OIfRSihSXs0B2Ixbm2anSivejnw==
- leaflet-locatecontrol/0.78.0/L.Control.Locate.mapbox.min.css: sha512-I5Vnyo3TSzk6CCqTFFocx7lNQYQRodzXlvE2ThYTvGRDZMerRyR3rOhIGRBxiy8VmsayWupprQqap6EBy/wZRw==
- leaflet-locatecontrol/0.78.0/L.Control.Locate.min.css: sha512-IlIXbyZEmmeF+tke8OOZzxTAN+zU31Ye+CBvZR6wylo37OaqtdRMXYwPuwwV2cup5DE4gwEeWWv0SCBJsLW18g==
- leaflet-locatecontrol/0.78.0/L.Control.Locate.min.js: sha512-WoTSCN23B1KFkgOr9k5UThIhriK5LBl2OO6+WPYk242MTKcga7TqsIEVRv+0uu8fRtia9s/Jyf7FqW1E98yYNw==
