config: {"authors":[{"name":"Guillaume du Pontavice","email":"g.du.pontavice@gmail.com"}],"autoupdate":{"source":"npm","target":"hls.js","fileMap":[{"basePath":"dist","files":["**/!(*-demo.*)"]}],"ignoreVersions":["*-canary.*"]},"description":"JavaScript HLS client using MediaSourceExtension","filename":"hls.min.js","homepage":"https://hls-js.netlify.com/demo/","keywords":["hls.js","video","streaming","mediasource","player"],"license":"Apache-2.0","name":"hls.js","repository":{"type":"git","url":"git://github.com/video-dev/hls.js"},"author":"Guillaume du Pontavice \u003cg.du.pontavice@gmail.com\u003e"}
KV keys:
- hls.js/1.4.5-0.canary.9210/hls.js.br
- hls.js/1.4.5-0.canary.9210/hls.js.d.ts.br
- hls.js/1.4.5-0.canary.9210/hls.js.d.ts.gz
- hls.js/1.4.5-0.canary.9210/hls.js.gz
- hls.js/1.4.5-0.canary.9210/hls.js.map.br
- hls.js/1.4.5-0.canary.9210/hls.js.map.gz
- hls.js/1.4.5-0.canary.9210/hls.light.js.br
- hls.js/1.4.5-0.canary.9210/hls.light.js.gz
- hls.js/1.4.5-0.canary.9210/hls.light.js.map.br
- hls.js/1.4.5-0.canary.9210/hls.light.js.map.gz
- hls.js/1.4.5-0.canary.9210/hls.light.min.js.br
- hls.js/1.4.5-0.canary.9210/hls.light.min.js.gz
- hls.js/1.4.5-0.canary.9210/hls.light.min.js.map.br
- hls.js/1.4.5-0.canary.9210/hls.light.min.js.map.gz
- hls.js/1.4.5-0.canary.9210/hls.light.mjs.br
- hls.js/1.4.5-0.canary.9210/hls.light.mjs.gz
- hls.js/1.4.5-0.canary.9210/hls.light.mjs.map.br
- hls.js/1.4.5-0.canary.9210/hls.light.mjs.map.gz
- hls.js/1.4.5-0.canary.9210/hls.min.js.br
- hls.js/1.4.5-0.canary.9210/hls.min.js.gz
- hls.js/1.4.5-0.canary.9210/hls.min.js.map.br
- hls.js/1.4.5-0.canary.9210/hls.min.js.map.gz
- hls.js/1.4.5-0.canary.9210/hls.mjs.br
- hls.js/1.4.5-0.canary.9210/hls.mjs.gz
- hls.js/1.4.5-0.canary.9210/hls.mjs.map.br
- hls.js/1.4.5-0.canary.9210/hls.mjs.map.gz
- hls.js/1.4.5-0.canary.9210/hls.worker.js.br
- hls.js/1.4.5-0.canary.9210/hls.worker.js.gz
- hls.js/1.4.5-0.canary.9210/hls.worker.js.map.br
- hls.js/1.4.5-0.canary.9210/hls.worker.js.map.gz
- hls.js/1.4.5-0.canary.9210/hls.worker.min.js.br
- hls.js/1.4.5-0.canary.9210/hls.worker.min.js.gz
SRIs:
- hls.js/1.4.5-0.canary.9210/hls.light.min.js: sha512-5Cv3YS9H2hflF83Y4ZAYF/5vFEVFhu6+6hqaoXCIg4ZzUSim4WCsl2LcMYM2ESc4fOf46YVUXLKu3uWMtZvRVw==
- hls.js/1.4.5-0.canary.9210/hls.min.js: sha512-nc13VJPFYeMfDmOB/4hJMub4WuH+P+xFOvoJ1Yt/N4G8olBgfmo/JhAZTA+RUIq2pfnzyx/g2Y0ZXzDxVLPDSg==
- hls.js/1.4.5-0.canary.9210/hls.worker.js: sha512-YbEinyPXXHaOH7m+W6wZCeaOjkv+vY0ONBIdQuHhOhz5ItSjYYXWVfrlMS+UbXgEXYwRGeFlEZFwNy2pEI0twg==
- hls.js/1.4.5-0.canary.9210/hls.worker.min.js: sha512-hWk9jHlfHDRgCE9cL8xYjSrUz6pRX6gY+C3L9A7FlWTtARzPLU8JsnRdTavHIwItFFvl0nNG5e9Zf5SVDUhDYg==
- hls.js/1.4.5-0.canary.9210/hls.js: sha512-Mn/AqrsJ17LofvNv0SsVvmhtMqCLsgg55F9As+eWwvDcVxp6RNIO1xW+/z0sSsWZdmuE2ZZKbWyQqjuf1kG/eQ==
- hls.js/1.4.5-0.canary.9210/hls.light.js: sha512-rwwzv8buhB69QDncojVxOv37m5jUDLLxBWCp5rJTr1MYW/VGN+q1879A0UhtGK9Wmvboy1wOUXLGLZaWY3TDrA==
