config: {"autoupdate":{"source":"npm","target":"@alifd/next","fileMap":[{"basePath":"dist","files":["**/*"]}]},"description":"A configurable component library for web built on React.","filename":"next.min.js","homepage":"https://github.com/alibaba-fusion/next","keywords":["fusion","fusion design","next","component","ui tookit","react","react-components","components","design","frontend"],"license":"MIT","name":"alifd__next","repository":{"type":"git","url":"https://github.com/alibaba-fusion/next.git"}}
KV keys:
- alifd__next/1.26.33/adaptor.min.js.br
- alifd__next/1.26.33/adaptor.min.js.gz
- alifd__next/1.26.33/next-1.css.br
- alifd__next/1.26.33/next-1.css.gz
- alifd__next/1.26.33/next-1.min.css.br
- alifd__next/1.26.33/next-1.min.css.gz
- alifd__next/1.26.33/next-2.css.br
- alifd__next/1.26.33/next-2.css.gz
- alifd__next/1.26.33/next-2.min.css.br
- alifd__next/1.26.33/next-2.min.css.gz
- alifd__next/1.26.33/next-noreset-1.css.br
- alifd__next/1.26.33/next-noreset-1.css.gz
- alifd__next/1.26.33/next-noreset-1.min.css.br
- alifd__next/1.26.33/next-noreset-1.min.css.gz
- alifd__next/1.26.33/next-noreset-2.css.br
- alifd__next/1.26.33/next-noreset-2.css.gz
- alifd__next/1.26.33/next-noreset-2.min.css.br
- alifd__next/1.26.33/next-noreset-2.min.css.gz
- alifd__next/1.26.33/next-noreset.css.br
- alifd__next/1.26.33/next-noreset.css.gz
- alifd__next/1.26.33/next-noreset.min-1.css.br
- alifd__next/1.26.33/next-noreset.min-1.css.gz
- alifd__next/1.26.33/next-noreset.min-1.min.css.br
- alifd__next/1.26.33/next-noreset.min-1.min.css.gz
- alifd__next/1.26.33/next-noreset.min-2.css.br
- alifd__next/1.26.33/next-noreset.min-2.css.gz
- alifd__next/1.26.33/next-noreset.min-2.min.css.br
- alifd__next/1.26.33/next-noreset.min-2.min.css.gz
- alifd__next/1.26.33/next-noreset.min.css.br
- alifd__next/1.26.33/next-noreset.min.css.gz
- alifd__next/1.26.33/next-noreset.var-1.css.br
- alifd__next/1.26.33/next-noreset.var-1.css.gz
- alifd__next/1.26.33/next-noreset.var-1.min.css.br
- alifd__next/1.26.33/next-noreset.var-1.min.css.gz
- alifd__next/1.26.33/next-noreset.var-2.css.br
- alifd__next/1.26.33/next-noreset.var-2.css.gz
- alifd__next/1.26.33/next-noreset.var-2.min.css.br
- alifd__next/1.26.33/next-noreset.var-2.min.css.gz
- alifd__next/1.26.33/next-noreset.var.css.br
- alifd__next/1.26.33/next-noreset.var.css.gz
- alifd__next/1.26.33/next-noreset.var.min-1.css.br
- alifd__next/1.26.33/next-noreset.var.min-1.css.gz
- alifd__next/1.26.33/next-noreset.var.min-1.min.css.br
- alifd__next/1.26.33/next-noreset.var.min-1.min.css.gz
- alifd__next/1.26.33/next-noreset.var.min-2.css.br
- alifd__next/1.26.33/next-noreset.var.min-2.css.gz
- alifd__next/1.26.33/next-noreset.var.min-2.min.css.br
- alifd__next/1.26.33/next-noreset.var.min-2.min.css.gz
- alifd__next/1.26.33/next-noreset.var.min.css.br
- alifd__next/1.26.33/next-noreset.var.min.css.gz
- alifd__next/1.26.33/next-with-locales.js.br
- alifd__next/1.26.33/next-with-locales.js.gz
- alifd__next/1.26.33/next-with-locales.min.js.br
- alifd__next/1.26.33/next-with-locales.min.js.gz
- alifd__next/1.26.33/next.css.br
- alifd__next/1.26.33/next.css.gz
- alifd__next/1.26.33/next.js.br
- alifd__next/1.26.33/next.js.gz
- alifd__next/1.26.33/next.min-1.css.br
- alifd__next/1.26.33/next.min-1.css.gz
- alifd__next/1.26.33/next.min-1.min.css.br
- alifd__next/1.26.33/next.min-1.min.css.gz
- alifd__next/1.26.33/next.min-2.css.br
- alifd__next/1.26.33/next.min-2.css.gz
- alifd__next/1.26.33/next.min-2.min.css.br
- alifd__next/1.26.33/next.min-2.min.css.gz
- alifd__next/1.26.33/next.min.css.br
- alifd__next/1.26.33/next.min.css.gz
- alifd__next/1.26.33/next.min.js.br
- alifd__next/1.26.33/next.min.js.gz
- alifd__next/1.26.33/next.var-1.css.br
- alifd__next/1.26.33/next.var-1.css.gz
- alifd__next/1.26.33/next.var-1.min.css.br
- alifd__next/1.26.33/next.var-1.min.css.gz
- alifd__next/1.26.33/next.var-2.css.br
- alifd__next/1.26.33/next.var-2.css.gz
- alifd__next/1.26.33/next.var-2.min.css.br
- alifd__next/1.26.33/next.var-2.min.css.gz
- alifd__next/1.26.33/next.var.css.br
- alifd__next/1.26.33/next.var.css.gz
- alifd__next/1.26.33/next.var.min-1.css.br
- alifd__next/1.26.33/next.var.min-1.css.gz
- alifd__next/1.26.33/next.var.min-1.min.css.br
- alifd__next/1.26.33/next.var.min-1.min.css.gz
- alifd__next/1.26.33/next.var.min-2.css.br
- alifd__next/1.26.33/next.var.min-2.css.gz
- alifd__next/1.26.33/next.var.min-2.min.css.br
- alifd__next/1.26.33/next.var.min-2.min.css.gz
- alifd__next/1.26.33/next.var.min.css.br
- alifd__next/1.26.33/next.var.min.css.gz
SRIs:
- alifd__next/1.26.33/adaptor.min.js: sha512-NNjnKkhXPXrawsSVYreRlNggbUrFg7VHfig2C31jPOC0qFz1HRtwjyDd2kge84ZfB62cuOuwdZg6NOQRPo+keg==
- alifd__next/1.26.33/next-noreset.css: sha512-XHidXFBQ8OSir6xag967JjDFkGfxZwzoprIzF4YC0DG5+rSVXGvurdPtQomR2z4G3x2i6YUWXzebnAjXzTkgrw==
- alifd__next/1.26.33/next.var-2.min.css: sha512-SAxymSARCmim1ztjbczMxAVgsgvKwOdTjSNUJ1UeXzxyO7LJWwY1cEk1vykBHD1RVL+74icarI/AYJ9kju9g7A==
- alifd__next/1.26.33/next.var-2.css: sha512-VvpzwSxJLuVrhUGTHtkrCEKaDb06G1/ucZgXOlyFI2/OefVJ7gWU4wYObSLcj4RWNJtc9N+Oc0bP1QTzVBPeCg==
- alifd__next/1.26.33/next.var.min-1.min.css: sha512-1sjsdfn1jurGdspYOj1kgFtpAF4vZz8KQfTSPeKAYc6Bx+kawCa4sogfyz1lIl9BbW9I0bWnIPxzejzdbae+IQ==
- alifd__next/1.26.33/next-1.css: sha512-STO95ATf3B5xvH7eXy1kzY9j4j64Okb7EJ3dvvnGb4/e/7ma2BxSDOu/LTGprJF6DOyYrhCI91UFk2efXzniKQ==
- alifd__next/1.26.33/next-noreset.var-1.min.css: sha512-RH2Ascy/qPWHc+z4iUdDgrF+7AASFHDDmRoqcrBg+kaWu7Q4r8y7esFQ4tKSNVGX+1/bt1OenKwl1hWMlKnbzA==
- alifd__next/1.26.33/next-noreset.var.min-1.css: sha512-a3m35NoAHaN80qiqq0AD94XS62ptWvAMuqUpX1ApCgH2C/auJp/sFOJMPZcVuwWAi1G9Ca/AgH69FjUiJ3dkxw==
- alifd__next/1.26.33/next-noreset.var.min-1.min.css: sha512-1sjsdfn1jurGdspYOj1kgFtpAF4vZz8KQfTSPeKAYc6Bx+kawCa4sogfyz1lIl9BbW9I0bWnIPxzejzdbae+IQ==
- alifd__next/1.26.33/next-noreset-1.min.css: sha512-3GU4BEZ8ogRBwD4FIpUmPEE8FBI0i8j9m8EU7sZ1mj3SqCYm3xNRH/5/P5AVW+8GMDKx3XOj8EfnCLgCWqg/yw==
- alifd__next/1.26.33/next-noreset.min-2.min.css: sha512-Vmd9uCOHVjXrfoDcHwNW3DAcTFiq8hf7LSfnUSUwY2c+LokrVHq5Y1AVrWSFFyTm6WRQzP8F4B3H3w2dmclVPA==
- alifd__next/1.26.33/next-noreset.var.min-2.css: sha512-yj+uBNpovSekwCp5aXPLB7eS82Pq/1D0OHcOE+0mLaLceRMicjjX8EL0qkt9gG4OMQFXF/0khYXBzbV96mWExg==
- alifd__next/1.26.33/next-noreset.var.min.css: sha512-sK1+blHY6Bxw7267SPTd1+K7SgneJuV5TRfbMMLS2qi6iWDj5IHzXs/YlUGD/fMBP8DA9Sq0RTjImDEVnshclg==
- alifd__next/1.26.33/next-noreset.min-1.css: sha512-UtR1KC+HQ+8vnCm5muPxCTbeHAIdplZw51FNHh3PRmYm5EcZYgHqDQfgUf2awd0Cn1MwxLCIx4fz+o9J+LYAoQ==
- alifd__next/1.26.33/next-noreset.min.css: sha512-UKkCMgSvacgBkQ+Wwq3nQ9y35AylEiCTG+vi48LrMIEruF2/L3axqrBSFeMIJlBzbXHIrNDdiZOlOAf/dNw8TQ==
- alifd__next/1.26.33/next-noreset.var.min-2.min.css: sha512-iwZmD5RU78fkbMEHhjX2mzeXMC3cIQErxgU/jpB0uL0zxoezcWIr926tycHy4NFOAxzSgGBfTZhI7BkKUjeNlw==
- alifd__next/1.26.33/next.css: sha512-lhYMknE2g3zg4wTUgbSkalnzFg/4rsQw0+b3P4A0GGyxnu0S+MgdRMZpHwAm7nZUzLe9HXHYLUx21oIp4ga/BQ==
- alifd__next/1.26.33/next.min-2.css: sha512-fdtZs1YgTnmmfh9B0PXUfQDIMY6d5wTDZGl07N1MRVPIdk+ghOrk39S7mXlJd5kZOC1XjdeQ2ksPN1XatE0WPw==
- alifd__next/1.26.33/next.var.min-2.min.css: sha512-n65dFho8/dVtm2HFLjxItRCDpFAZ4cV9q5iOF8KQO9E+SNxs1mulTMjDMGSIQds9UYNYU/d8j51bm8TxN0lbfQ==
- alifd__next/1.26.33/next-noreset.var-2.min.css: sha512-Yuop5yNf+SgagmJp7l3OrdO7u6h2enW3h7CjK/kUBh6kosI6qWt9rAkUjjF+pN1rh9wCVMKSCb+rRdmDALfI+w==
- alifd__next/1.26.33/next-noreset.var.css: sha512-EiLyvdlebkI4nJlZ76LHf1IwuCwDP1RbmngFC/3f3yy0/XJAHC6/UEd+ra0dbftiYCYA0DWCuQm5kk0+eH4leA==
- alifd__next/1.26.33/next.min.css: sha512-szFpl8q7ysaPi+f3WHAcYTx66FTxlwsrJNw+DJThSaiswCpB3I1tvCs0fTSsjDby/2Yjd+bPIhMprrRYRJQSmg==
- alifd__next/1.26.33/next.var-1.min.css: sha512-RH2Ascy/qPWHc+z4iUdDgrF+7AASFHDDmRoqcrBg+kaWu7Q4r8y7esFQ4tKSNVGX+1/bt1OenKwl1hWMlKnbzA==
- alifd__next/1.26.33/next.var.min-2.css: sha512-o7dybJqQ/rt3v3Uq1HFeNwPUvmfHDh2ClIQY/TDQoU3EO/pdluy2Yy3dAbq4iU47T/yTh8sV/vItdxNCDoPTRg==
- alifd__next/1.26.33/next.var.min.css: sha512-ib2YCzS4YkTJueH7jl6JIFb+bwaWAzcvLVXFHI8oHAxWKo83qM5EMGQGkgBp/ozFclPNLOks0+5c+BtnN0sH7Q==
- alifd__next/1.26.33/next-1.min.css: sha512-eSHXcigsMFPBp1X9Bis9YkNe85mnb0parOW6IALZqfL9u7T/nZ8xwnAtpAECqLDqGbKK3Y9/sQU9hBmYt7mH4Q==
- alifd__next/1.26.33/next-2.css: sha512-FkkBxx7XwI5qwfYVVzWnCvNuT86WWJ7HTJ76ZkJw8m6LzweVrQmyuLxIHDMPVu5BRmSWai0yWociQeE+ZM5dQw==
- alifd__next/1.26.33/next-noreset-2.css: sha512-QcI2+5JJZU++y+oH6/cZ5YHrjpDv+E4dWr88T4W20EQLkyYHYt/jr47NzuLmpVL3VsPHNKrkyuNJiyPQ6AS5kA==
- alifd__next/1.26.33/next-noreset-2.min.css: sha512-MWtrP9f6s1U72A1F3DwivGVP0AfbiSt0TKILATiB5828flvcNffYhev2zBQ0gXyyw3wDUquL/TAbypSHcSx3/A==
- alifd__next/1.26.33/next-noreset.var-1.css: sha512-o7CLU0y5tAh9ydHFDGGR+HNhkrcprJ0BgvUnrpT3tUpnvX20tcwJh4Qv1KubUFOGy57l+yc9NeHKAvMampwIFg==
- alifd__next/1.26.33/next.js: sha512-6vMrHRzeHe00+0+3c4TMepXBFmqf29LABHheAgmZwUEEoB94Wlq9I6xQm1tZLHL4XbfGJrieLNIIjFOoFq41GA==
- alifd__next/1.26.33/next.min-1.min.css: sha512-AQOHZxFnvT92QQQlZqKa1MWr22SFXEqZMzjWH2rJqoyd3EjR0sMxZshRvHT7hpcU6rR3h9pgDXTndt8Gs2FgZA==
- alifd__next/1.26.33/next.min-2.min.css: sha512-y0TMaW26jmChTOkb262uRrp4KFpzmAN3cktYvEM9XizoMjAe64DqjJo9wHuwrid9jh2sRsybA/ZzetpDpUBI0w==
- alifd__next/1.26.33/next.min.js: sha512-dfJIYDo4oc1U5FXjEC0+QCxLa4clsXVxa9+8y+H40ByetRfPZHEmYdzRrc7QKo+W2ZHLrh5z2vYQo0nJntZoag==
- alifd__next/1.26.33/next.var.css: sha512-EpkoPmL6JV6QWoM4bIuapiBxsw7ZLenoLfXkA3myI44a/FRiQeCkslEX00fzL9NWCDMBiRHeM2g6e3g/a43bYw==
- alifd__next/1.26.33/next-2.min.css: sha512-LCzJww7ZSUUgR0cFih9EYbUqjcn/wpz0k6utn+ZOy0I7XnvM0H/aiw5u2v8qPzObuaIn2W7yDxaKa4o5u8cVwg==
- alifd__next/1.26.33/next-noreset-1.css: sha512-G40YvMPbbc5kflFQP2pq2w0bcCI0idhgyfbPYI7sFsNiFPBW61cbUyuknmW9t50FOppr3/ph7ikOGMfBEyrm7g==
- alifd__next/1.26.33/next-noreset.min-1.min.css: sha512-jmBmPENXMyiQAGDn8J/M1urCKTuoHlLx2Nwtz0HKWKL7oRT7UtvQUo2UK/UJc+32v9ZgRlTefPK11d1Rmgb8Og==
- alifd__next/1.26.33/next-noreset.min-2.css: sha512-N16uv5cMapGS83YxthDXg2S4JS4Z3l8Es0PaSvbALZbK/8ufhHa4/rO6N4bP0YV7rLCYsolCY6zuPyLkGzPw4w==
- alifd__next/1.26.33/next-noreset.var-2.css: sha512-RZphQx/3MVjqyNumr3SJDsg4ZkEORohTkGnD1HcX2Yu/X3gQKY6GHFE2eAF3q4HhjDVMj1rP9M98q1ZmtswWPg==
- alifd__next/1.26.33/next-with-locales.js: sha512-d+zm/IVR8+iMdu4Ybzo+82Je031rJss+2nSsHkM5cPoZDVdzLn6hbxeYx6ojGQoRB31BMWktz9LJh421UlfKuQ==
- alifd__next/1.26.33/next-with-locales.min.js: sha512-HAx5BiWdy9RdZqPMbuzQCmrC2mOyF6mY4L/UY6VJWbe5ANuIm+h7NS7FsjFXRjzDIY148JGUmELlfEYeYqJlBA==
- alifd__next/1.26.33/next.min-1.css: sha512-6Y9kLU2VloAF4VsV8UgeOBsgmcEffMI7IC1lMUPjYQ4iWf7szJdlA+bfAfIUMriWayPYedLRHBNgVg40gbSVmA==
- alifd__next/1.26.33/next.var-1.css: sha512-Um8yVeFNEBPYpUotLK76LDT4ZxY8a+rMFoYK9AAJcEIFUbiGMvTRFd6K8VoyvoYonOh2PoLYwtpikGUYQujRAQ==
- alifd__next/1.26.33/next.var.min-1.css: sha512-a3m35NoAHaN80qiqq0AD94XS62ptWvAMuqUpX1ApCgH2C/auJp/sFOJMPZcVuwWAi1G9Ca/AgH69FjUiJ3dkxw==
