Files:
- fontsource-grenze/5.0.16/files/grenze-latin-100-italic.woff2
- fontsource-grenze/5.0.16/files/grenze-latin-100-normal.woff2
- fontsource-grenze/5.0.16/files/grenze-latin-200-italic.woff2
- fontsource-grenze/5.0.16/files/grenze-latin-200-normal.woff2
- fontsource-grenze/5.0.16/files/grenze-latin-300-italic.woff2
- fontsource-grenze/5.0.16/files/grenze-latin-300-normal.woff2
- fontsource-grenze/5.0.16/files/grenze-latin-400-italic.woff2
- fontsource-grenze/5.0.16/files/grenze-latin-400-normal.woff2
- fontsource-grenze/5.0.16/files/grenze-latin-500-italic.woff2
- fontsource-grenze/5.0.16/files/grenze-latin-500-normal.woff2
- fontsource-grenze/5.0.16/files/grenze-latin-600-italic.woff2
- fontsource-grenze/5.0.16/files/grenze-latin-600-normal.woff2
- fontsource-grenze/5.0.16/files/grenze-latin-700-italic.woff2
- fontsource-grenze/5.0.16/files/grenze-latin-700-normal.woff2
- fontsource-grenze/5.0.16/files/grenze-latin-800-italic.woff2
- fontsource-grenze/5.0.16/files/grenze-latin-800-normal.woff2
- fontsource-grenze/5.0.16/files/grenze-latin-900-italic.woff2
- fontsource-grenze/5.0.16/files/grenze-latin-900-normal.woff2
- fontsource-grenze/5.0.16/files/grenze-latin-ext-100-italic.woff2
- fontsource-grenze/5.0.16/files/grenze-latin-ext-100-normal.woff2
- fontsource-grenze/5.0.16/files/grenze-latin-ext-200-italic.woff2
- fontsource-grenze/5.0.16/files/grenze-latin-ext-200-normal.woff2
- fontsource-grenze/5.0.16/files/grenze-latin-ext-300-italic.woff2
- fontsource-grenze/5.0.16/files/grenze-latin-ext-300-normal.woff2
- fontsource-grenze/5.0.16/files/grenze-latin-ext-400-italic.woff2
- fontsource-grenze/5.0.16/files/grenze-latin-ext-400-normal.woff2
- fontsource-grenze/5.0.16/files/grenze-latin-ext-500-italic.woff2
- fontsource-grenze/5.0.16/files/grenze-latin-ext-500-normal.woff2
- fontsource-grenze/5.0.16/files/grenze-latin-ext-600-italic.woff2
- fontsource-grenze/5.0.16/files/grenze-latin-ext-600-normal.woff2
- fontsource-grenze/5.0.16/files/grenze-latin-ext-700-italic.woff2
- fontsource-grenze/5.0.16/files/grenze-latin-ext-700-normal.woff2
- fontsource-grenze/5.0.16/files/grenze-latin-ext-800-italic.woff2
- fontsource-grenze/5.0.16/files/grenze-latin-ext-800-normal.woff2
- fontsource-grenze/5.0.16/files/grenze-latin-ext-900-italic.woff2
- fontsource-grenze/5.0.16/files/grenze-latin-ext-900-normal.woff2
- fontsource-grenze/5.0.16/files/grenze-vietnamese-100-italic.woff2
- fontsource-grenze/5.0.16/files/grenze-vietnamese-100-normal.woff2
- fontsource-grenze/5.0.16/files/grenze-vietnamese-200-italic.woff2
- fontsource-grenze/5.0.16/files/grenze-vietnamese-200-normal.woff2
- fontsource-grenze/5.0.16/files/grenze-vietnamese-300-italic.woff2
- fontsource-grenze/5.0.16/files/grenze-vietnamese-300-normal.woff2
- fontsource-grenze/5.0.16/files/grenze-vietnamese-400-italic.woff2
- fontsource-grenze/5.0.16/files/grenze-vietnamese-400-normal.woff2
- fontsource-grenze/5.0.16/files/grenze-vietnamese-500-italic.woff2
- fontsource-grenze/5.0.16/files/grenze-vietnamese-500-normal.woff2
- fontsource-grenze/5.0.16/files/grenze-vietnamese-600-italic.woff2
- fontsource-grenze/5.0.16/files/grenze-vietnamese-600-normal.woff2
- fontsource-grenze/5.0.16/files/grenze-vietnamese-700-italic.woff2
- fontsource-grenze/5.0.16/files/grenze-vietnamese-700-normal.woff2
- fontsource-grenze/5.0.16/files/grenze-vietnamese-800-italic.woff2
- fontsource-grenze/5.0.16/files/grenze-vietnamese-800-normal.woff2
- fontsource-grenze/5.0.16/files/grenze-vietnamese-900-italic.woff2
- fontsource-grenze/5.0.16/files/grenze-vietnamese-900-normal.woff2
