2022/12/16 15:30:43 optimizing files (Js true, Css true, Png true, Jpg true)
2022/12/16 15:30:43 algorithm: run /usr/bin/brotli --quality=11 --output=/output/index.mjs.br /tmp/work/dist/index.mjs
2022/12/16 15:30:43 algorithm: run /usr/bin/brotli --quality=11 --output=/output/server/index.mjs.br /tmp/work/dist/server/index.mjs
2022/12/16 15:30:43 algorithm: run /usr/bin/brotli --quality=11 --output=/output/server/index.cjs.br /tmp/work/dist/server/index.cjs
2022/12/16 15:30:43 algorithm: run /usr/bin/brotli --quality=11 --output=/output/shared/vuefire.168e85f4.mjs.br /tmp/work/dist/shared/vuefire.168e85f4.mjs
2022/12/16 15:30:43 algorithm: run /usr/bin/brotli --quality=11 --output=/output/shared/vuefire.3ad3af86.cjs.br /tmp/work/dist/shared/vuefire.3ad3af86.cjs
2022/12/16 15:30:43 algorithm: run /usr/bin/brotli --quality=11 --output=/output/index.cjs.br /tmp/work/dist/index.cjs
2022/12/16 15:30:43 br /tmp/work/dist/server/index.cjs -> /output/server/index.cjs.br
2022/12/16 15:30:43 gz /tmp/work/dist/server/index.cjs -> /output/server/index.cjs.gz
2022/12/16 15:30:43 br /tmp/work/dist/server/index.mjs -> /output/server/index.mjs.br
2022/12/16 15:30:43 br /tmp/work/dist/shared/vuefire.168e85f4.mjs -> /output/shared/vuefire.168e85f4.mjs.br
2022/12/16 15:30:43 gz /tmp/work/dist/shared/vuefire.168e85f4.mjs -> /output/shared/vuefire.168e85f4.mjs.gz
2022/12/16 15:30:43 gz /tmp/work/dist/server/index.mjs -> /output/server/index.mjs.gz
2022/12/16 15:30:43 br /tmp/work/dist/shared/vuefire.3ad3af86.cjs -> /output/shared/vuefire.3ad3af86.cjs.br
2022/12/16 15:30:43 gz /tmp/work/dist/shared/vuefire.3ad3af86.cjs -> /output/shared/vuefire.3ad3af86.cjs.gz
2022/12/16 15:30:43 br /tmp/work/dist/index.mjs -> /output/index.mjs.br
2022/12/16 15:30:43 br /tmp/work/dist/index.cjs -> /output/index.cjs.br
2022/12/16 15:30:43 gz /tmp/work/dist/index.mjs -> /output/index.mjs.gz
2022/12/16 15:30:43 gz /tmp/work/dist/index.cjs -> /output/index.cjs.gz
2022/12/16 15:30:43 processed vuefire
