config: {"authors":[{"name":"SheetJS"}],"autoupdate":{"source":"npm","target":"xlsx","fileMap":[{"basePath":"dist","files":["*.js","*.map"]}]},"description":"Excel (XLSB/XLSX/XLSM/XLS/XML) and ODS spreadsheet parser and writer","filename":"xlsx.min.js","keywords":["excel","spreadsheet","xlsx","xlsm","xlsb","parser"],"license":"Apache License, Version 2.0","name":"xlsx","repository":{"type":"git","url":"https://github.com/SheetJS/js-xlsx.git"},"author":"SheetJS"}
KV keys:
- xlsx/0.18.5/cpexcel.js.br
- xlsx/0.18.5/cpexcel.js.gz
- xlsx/0.18.5/cpexcel.min.js.br
- xlsx/0.18.5/cpexcel.min.js.gz
- xlsx/0.18.5/shim.min.js.br
- xlsx/0.18.5/shim.min.js.gz
- xlsx/0.18.5/xlsx.core.min.js.br
- xlsx/0.18.5/xlsx.core.min.js.gz
- xlsx/0.18.5/xlsx.core.min.map.br
- xlsx/0.18.5/xlsx.core.min.map.gz
- xlsx/0.18.5/xlsx.extendscript.js.br
- xlsx/0.18.5/xlsx.extendscript.js.gz
- xlsx/0.18.5/xlsx.extendscript.min.js.br
- xlsx/0.18.5/xlsx.extendscript.min.js.gz
- xlsx/0.18.5/xlsx.full.min.js.br
- xlsx/0.18.5/xlsx.full.min.js.gz
- xlsx/0.18.5/xlsx.full.min.map.br
- xlsx/0.18.5/xlsx.full.min.map.gz
- xlsx/0.18.5/xlsx.mini.min.js.br
- xlsx/0.18.5/xlsx.mini.min.js.gz
- xlsx/0.18.5/xlsx.mini.min.map.br
- xlsx/0.18.5/xlsx.mini.min.map.gz
- xlsx/0.18.5/xlsx.zahl.js.br
- xlsx/0.18.5/xlsx.zahl.js.gz
- xlsx/0.18.5/xlsx.zahl.min.js.br
- xlsx/0.18.5/xlsx.zahl.min.js.gz
SRIs:
- xlsx/0.18.5/cpexcel.js: sha512-yi8FNVU1yTsGyKcq01t6Ti5U2flfCXRvam3U00sPCRJUSMs/ZhghiJPyh25QmI5Tr3L87d+aS1Irozv4Qt631g==
- xlsx/0.18.5/cpexcel.min.js: sha512-zSeWAJ1Y8Aq8pRvDTZLmSVj0jnFMv1aM8ivaabgg8+HoPoI24xfssw4z8RGStCfYfpP209XzCR/UZxgEIRVNwg==
- xlsx/0.18.5/xlsx.extendscript.min.js: sha512-/beelv6NubZ3n/FHI/4n/Rqwt0PfpVIuj5q4dK80g3805gbHGQroPfy3AX6Q9OCc6MPl+t1o0+qIFfFN+ZrV0A==
- xlsx/0.18.5/xlsx.zahl.js: sha512-dDFQDm6zKgK7RdXLzqUB3x/O/dqd/kIrZCppUwui3zDek1RnVKaw8mOXuU534ZtYrVjSUtLf6SuQ7+lkLNtNAg==
- xlsx/0.18.5/xlsx.zahl.min.js: sha512-GYsHEATquwmXTXsIanSCIbY1Us15qoMJ+a5Fd4NCDlxsTTdAEUOr4HXnpF0xLmPBqobv05eEpwhd1/WVaZFIaQ==
- xlsx/0.18.5/shim.min.js: sha512-nPnkC29R0sikt0ieZaAkk28Ib7Y1Dz7IqePgELH30NnSi1DzG4x+envJAOHz8ZSAveLXAHTR3ai2E9DZUsT8pQ==
- xlsx/0.18.5/xlsx.core.min.js: sha512-UhlYw//T419BPq/emC5xSZzkjjreRfN3426517rfsg/XIEC02ggQBb680V0VvP+zaDZ78zqse3rqnnI5EJ6rxA==
- xlsx/0.18.5/xlsx.extendscript.js: sha512-3Jm+Dj3Flsg52VpwKKGkdNMFC6o/m+3lVVqckmsdGQhWoymZvNlXyHHnAIdsHWmbTCobBG2bkL2LXsg5wvhHwA==
- xlsx/0.18.5/xlsx.full.min.js: sha512-r22gChDnGvBylk90+2e/ycr3RVrDi8DIOkIGNhJlKfuyQM4tIRAI062MaV8sfjQKYVGjOBaZBOA87z+IhZE9DA==
- xlsx/0.18.5/xlsx.mini.min.js: sha512-NDQhXrK2pOCL18FV5/Nc+ya9Vz+7o8dJV1IGRwuuYuRMFhAR0allmjWdZCSHFLDYgMvXKyN2jXlSy2JJEmq+ZA==
