config: {"authors":[{"name":"Jesse Pollak","email":"jpollak92@gmail.com"}],"autoupdate":{"source":"npm","target":"card","fileMap":[{"basePath":"dist","files":["**/*"]}]},"description":"Card lets you add an interactive, CSS3 credit card animation to your credit card form to help your users through the process.","filename":"card.min.js","homepage":"http://jessepollak.github.io/card","keywords":["card"],"license":"MIT","name":"card","repository":{"type":"git","url":"https://github.com/jessepollak/card"},"author":"Jesse Pollak \u003cjpollak92@gmail.com\u003e"}
KV keys:
- card/2.5.3/card.css.br
- card/2.5.3/card.css.gz
- card/2.5.3/card.js.br
- card/2.5.3/card.js.gz
- card/2.5.3/card.min.css.br
- card/2.5.3/card.min.css.gz
- card/2.5.3/card.min.js.br
- card/2.5.3/card.min.js.gz
- card/2.5.3/jquery.card.js.br
- card/2.5.3/jquery.card.js.gz
- card/2.5.3/jquery.card.min.js.br
- card/2.5.3/jquery.card.min.js.gz
SRIs:
- card/2.5.3/jquery.card.js: sha512-PPfmyruzNsXnVnkCwTKrYwvwsXxWP79G7GexKMNgSXVfs5aT2FtbBLV24v2gGW/gcXJas5rJjZZ9NP2sa3D3cQ==
- card/2.5.3/jquery.card.min.js: sha512-j3ZqMov47OQ0s5P3gL4IqWfpyCMzbrXLBilDmZ5MOn1Z6U/G7xg02w7OZlGGOPEMsXSCCeo2keYAp3ucj8UHDw==
- card/2.5.3/card.css: sha512-jwig9JMb/5BPdKZsQfUaybbQEQgtZheK7tRYJassOSmTuljmZZ1PN8U2eMFzvz0lBIyB3cZ9KSCcFH1uJNTc6A==
- card/2.5.3/card.js: sha512-ulI/vCU2MH6W//SfoWegaAWPzU/BV+vZWhhPcsZmfp54+A1Q+nL0IUWfrQQLGR0bTIpT5WcEFnUhELJAG1DysA==
- card/2.5.3/card.min.css: sha512-8wlDpmu9nKtbrmqKrfSnBZy4BP/ct6Rg14EiTlDV91CF1ywH3Lr22E/QRG3g2uOMDTcjFtdaq7Me56GDq6YXMg==
- card/2.5.3/card.min.js: sha512-fiQ8hJiiWswRp+AF4XKlzWiO2njlWWhZfrC5ir+lJ5slr0tRi1DQBWvY50nkyTs89tMqsOs5Wuz+uzMVVgBoVA==
