Files:
- fontsource-fleur-de-leah/5.0.0/400.css.br
- fontsource-fleur-de-leah/5.0.0/400.css.gz
- fontsource-fleur-de-leah/5.0.0/400.min.css.br
- fontsource-fleur-de-leah/5.0.0/400.min.css.gz
- fontsource-fleur-de-leah/5.0.0/files/fleur-de-leah-latin-400-normal.woff.br
- fontsource-fleur-de-leah/5.0.0/files/fleur-de-leah-latin-400-normal.woff.gz
- fontsource-fleur-de-leah/5.0.0/files/fleur-de-leah-latin-400-normal.woff2
- fontsource-fleur-de-leah/5.0.0/files/fleur-de-leah-latin-ext-400-normal.woff.br
- fontsource-fleur-de-leah/5.0.0/files/fleur-de-leah-latin-ext-400-normal.woff.gz
- fontsource-fleur-de-leah/5.0.0/files/fleur-de-leah-latin-ext-400-normal.woff2
- fontsource-fleur-de-leah/5.0.0/files/fleur-de-leah-vietnamese-400-normal.woff.br
- fontsource-fleur-de-leah/5.0.0/files/fleur-de-leah-vietnamese-400-normal.woff.gz
- fontsource-fleur-de-leah/5.0.0/files/fleur-de-leah-vietnamese-400-normal.woff2
- fontsource-fleur-de-leah/5.0.0/index.css.br
- fontsource-fleur-de-leah/5.0.0/index.css.gz
- fontsource-fleur-de-leah/5.0.0/index.min.css.br
- fontsource-fleur-de-leah/5.0.0/index.min.css.gz
- fontsource-fleur-de-leah/5.0.0/latin-400.css.br
- fontsource-fleur-de-leah/5.0.0/latin-400.css.gz
- fontsource-fleur-de-leah/5.0.0/latin-400.min.css.br
- fontsource-fleur-de-leah/5.0.0/latin-400.min.css.gz
- fontsource-fleur-de-leah/5.0.0/latin-ext-400.css.br
- fontsource-fleur-de-leah/5.0.0/latin-ext-400.css.gz
- fontsource-fleur-de-leah/5.0.0/latin-ext-400.min.css.br
- fontsource-fleur-de-leah/5.0.0/latin-ext-400.min.css.gz
- fontsource-fleur-de-leah/5.0.0/latin-ext.css.br
- fontsource-fleur-de-leah/5.0.0/latin-ext.css.gz
- fontsource-fleur-de-leah/5.0.0/latin-ext.min.css.br
- fontsource-fleur-de-leah/5.0.0/latin-ext.min.css.gz
- fontsource-fleur-de-leah/5.0.0/latin.css.br
- fontsource-fleur-de-leah/5.0.0/latin.css.gz
- fontsource-fleur-de-leah/5.0.0/latin.min.css.br
- fontsource-fleur-de-leah/5.0.0/latin.min.css.gz
- fontsource-fleur-de-leah/5.0.0/vietnamese-400.css.br
- fontsource-fleur-de-leah/5.0.0/vietnamese-400.css.gz
- fontsource-fleur-de-leah/5.0.0/vietnamese-400.min.css.br
- fontsource-fleur-de-leah/5.0.0/vietnamese-400.min.css.gz
- fontsource-fleur-de-leah/5.0.0/vietnamese.css.br
- fontsource-fleur-de-leah/5.0.0/vietnamese.css.gz
- fontsource-fleur-de-leah/5.0.0/vietnamese.min.css.br
- fontsource-fleur-de-leah/5.0.0/vietnamese.min.css.gz
