config: {"authors":[{"name":"Developer Express Inc.","email":"js@devexpress.com","url":"https://www.devexpress.com/"}],"autoupdate":{"source":"npm","target":"devextreme","fileMap":[{"basePath":"dist","files":["js/!(*.debug).js","js/localization/*.js","js/vectormap-data/*.js","css/*.css","css/@(fonts|icons)/*.@(ttf|woff|woff2)"]}]},"description":"HTML5 JavaScript Component Suite for Responsive Web Development","filename":"js/dx.all.js","homepage":"https://js.devexpress.com/","keywords":["html5","controls","widgets","components","jquery","knockout","angular","web","ui","datagrid","pivotgrid","scheduler","treelist","chart"],"license":"https://js.devexpress.com/Licensing/","name":"devextreme","repository":{"type":"git","url":"https://github.com/DevExpress/DevExtreme.git"},"author":"Developer Express Inc. \u003cjs@devexpress.com\u003e (https://www.devexpress.com/)"}
KV keys:
- devextreme/22.2.11-build-23357-0113/css/dx.carmine.compact.css.br
- devextreme/22.2.11-build-23357-0113/css/dx.carmine.compact.css.gz
- devextreme/22.2.11-build-23357-0113/css/dx.carmine.compact.min.css.br
- devextreme/22.2.11-build-23357-0113/css/dx.carmine.compact.min.css.gz
- devextreme/22.2.11-build-23357-0113/css/dx.carmine.css.br
- devextreme/22.2.11-build-23357-0113/css/dx.carmine.css.gz
- devextreme/22.2.11-build-23357-0113/css/dx.carmine.min.css.br
- devextreme/22.2.11-build-23357-0113/css/dx.carmine.min.css.gz
- devextreme/22.2.11-build-23357-0113/css/dx.common.css.br
- devextreme/22.2.11-build-23357-0113/css/dx.common.css.gz
- devextreme/22.2.11-build-23357-0113/css/dx.common.min.css.br
- devextreme/22.2.11-build-23357-0113/css/dx.common.min.css.gz
- devextreme/22.2.11-build-23357-0113/css/dx.contrast.compact.css.br
- devextreme/22.2.11-build-23357-0113/css/dx.contrast.compact.css.gz
- devextreme/22.2.11-build-23357-0113/css/dx.contrast.compact.min.css.br
- devextreme/22.2.11-build-23357-0113/css/dx.contrast.compact.min.css.gz
- devextreme/22.2.11-build-23357-0113/css/dx.contrast.css.br
- devextreme/22.2.11-build-23357-0113/css/dx.contrast.css.gz
- devextreme/22.2.11-build-23357-0113/css/dx.contrast.min.css.br
- devextreme/22.2.11-build-23357-0113/css/dx.contrast.min.css.gz
- devextreme/22.2.11-build-23357-0113/css/dx.dark.compact.css.br
- devextreme/22.2.11-build-23357-0113/css/dx.dark.compact.css.gz
- devextreme/22.2.11-build-23357-0113/css/dx.dark.compact.min.css.br
- devextreme/22.2.11-build-23357-0113/css/dx.dark.compact.min.css.gz
- devextreme/22.2.11-build-23357-0113/css/dx.dark.css.br
- devextreme/22.2.11-build-23357-0113/css/dx.dark.css.gz
- devextreme/22.2.11-build-23357-0113/css/dx.dark.min.css.br
- devextreme/22.2.11-build-23357-0113/css/dx.dark.min.css.gz
- devextreme/22.2.11-build-23357-0113/css/dx.darkmoon.compact.css.br
- devextreme/22.2.11-build-23357-0113/css/dx.darkmoon.compact.css.gz
- devextreme/22.2.11-build-23357-0113/css/dx.darkmoon.compact.min.css.br
- devextreme/22.2.11-build-23357-0113/css/dx.darkmoon.compact.min.css.gz
- devextreme/22.2.11-build-23357-0113/css/dx.darkmoon.css.br
- devextreme/22.2.11-build-23357-0113/css/dx.darkmoon.css.gz
- devextreme/22.2.11-build-23357-0113/css/dx.darkmoon.min.css.br
- devextreme/22.2.11-build-23357-0113/css/dx.darkmoon.min.css.gz
- devextreme/22.2.11-build-23357-0113/css/dx.darkviolet.compact.css.br
- devextreme/22.2.11-build-23357-0113/css/dx.darkviolet.compact.css.gz
- devextreme/22.2.11-build-23357-0113/css/dx.darkviolet.compact.min.css.br
- devextreme/22.2.11-build-23357-0113/css/dx.darkviolet.compact.min.css.gz
- devextreme/22.2.11-build-23357-0113/css/dx.darkviolet.css.br
- devextreme/22.2.11-build-23357-0113/css/dx.darkviolet.css.gz
- devextreme/22.2.11-build-23357-0113/css/dx.darkviolet.min.css.br
- devextreme/22.2.11-build-23357-0113/css/dx.darkviolet.min.css.gz
- devextreme/22.2.11-build-23357-0113/css/dx.greenmist.compact.css.br
- devextreme/22.2.11-build-23357-0113/css/dx.greenmist.compact.css.gz
- devextreme/22.2.11-build-23357-0113/css/dx.greenmist.compact.min.css.br
- devextreme/22.2.11-build-23357-0113/css/dx.greenmist.compact.min.css.gz
- devextreme/22.2.11-build-23357-0113/css/dx.greenmist.css.br
- devextreme/22.2.11-build-23357-0113/css/dx.greenmist.css.gz
- devextreme/22.2.11-build-23357-0113/css/dx.greenmist.min.css.br
- devextreme/22.2.11-build-23357-0113/css/dx.greenmist.min.css.gz
- devextreme/22.2.11-build-23357-0113/css/dx.light.compact.css.br
- devextreme/22.2.11-build-23357-0113/css/dx.light.compact.css.gz
- devextreme/22.2.11-build-23357-0113/css/dx.light.compact.min.css.br
- devextreme/22.2.11-build-23357-0113/css/dx.light.compact.min.css.gz
- devextreme/22.2.11-build-23357-0113/css/dx.light.css.br
- devextreme/22.2.11-build-23357-0113/css/dx.light.css.gz
- devextreme/22.2.11-build-23357-0113/css/dx.light.min.css.br
- devextreme/22.2.11-build-23357-0113/css/dx.light.min.css.gz
- devextreme/22.2.11-build-23357-0113/css/dx.material.blue.dark.compact.css.br
- devextreme/22.2.11-build-23357-0113/css/dx.material.blue.dark.compact.css.gz
- devextreme/22.2.11-build-23357-0113/css/dx.material.blue.dark.compact.min.css.br
- devextreme/22.2.11-build-23357-0113/css/dx.material.blue.dark.compact.min.css.gz
- devextreme/22.2.11-build-23357-0113/css/dx.material.blue.dark.css.br
- devextreme/22.2.11-build-23357-0113/css/dx.material.blue.dark.css.gz
- devextreme/22.2.11-build-23357-0113/css/dx.material.blue.dark.min.css.br
- devextreme/22.2.11-build-23357-0113/css/dx.material.blue.dark.min.css.gz
- devextreme/22.2.11-build-23357-0113/css/dx.material.blue.light.compact.css.br
- devextreme/22.2.11-build-23357-0113/css/dx.material.blue.light.compact.css.gz
- devextreme/22.2.11-build-23357-0113/css/dx.material.blue.light.compact.min.css.br
- devextreme/22.2.11-build-23357-0113/css/dx.material.blue.light.compact.min.css.gz
- devextreme/22.2.11-build-23357-0113/css/dx.material.blue.light.css.br
- devextreme/22.2.11-build-23357-0113/css/dx.material.blue.light.css.gz
- devextreme/22.2.11-build-23357-0113/css/dx.material.blue.light.min.css.br
- devextreme/22.2.11-build-23357-0113/css/dx.material.blue.light.min.css.gz
- devextreme/22.2.11-build-23357-0113/css/dx.material.lime.dark.compact.css.br
- devextreme/22.2.11-build-23357-0113/css/dx.material.lime.dark.compact.css.gz
- devextreme/22.2.11-build-23357-0113/css/dx.material.lime.dark.compact.min.css.br
- devextreme/22.2.11-build-23357-0113/css/dx.material.lime.dark.compact.min.css.gz
- devextreme/22.2.11-build-23357-0113/css/dx.material.lime.dark.css.br
- devextreme/22.2.11-build-23357-0113/css/dx.material.lime.dark.css.gz
- devextreme/22.2.11-build-23357-0113/css/dx.material.lime.dark.min.css.br
- devextreme/22.2.11-build-23357-0113/css/dx.material.lime.dark.min.css.gz
- devextreme/22.2.11-build-23357-0113/css/dx.material.lime.light.compact.css.br
- devextreme/22.2.11-build-23357-0113/css/dx.material.lime.light.compact.css.gz
- devextreme/22.2.11-build-23357-0113/css/dx.material.lime.light.compact.min.css.br
- devextreme/22.2.11-build-23357-0113/css/dx.material.lime.light.compact.min.css.gz
- devextreme/22.2.11-build-23357-0113/css/dx.material.lime.light.css.br
- devextreme/22.2.11-build-23357-0113/css/dx.material.lime.light.css.gz
- devextreme/22.2.11-build-23357-0113/css/dx.material.lime.light.min.css.br
- devextreme/22.2.11-build-23357-0113/css/dx.material.lime.light.min.css.gz
- devextreme/22.2.11-build-23357-0113/css/dx.material.orange.dark.compact.css.br
- devextreme/22.2.11-build-23357-0113/css/dx.material.orange.dark.compact.css.gz
- devextreme/22.2.11-build-23357-0113/css/dx.material.orange.dark.compact.min.css.br
- devextreme/22.2.11-build-23357-0113/css/dx.material.orange.dark.compact.min.css.gz
- devextreme/22.2.11-build-23357-0113/css/dx.material.orange.dark.css.br
- devextreme/22.2.11-build-23357-0113/css/dx.material.orange.dark.css.gz
- devextreme/22.2.11-build-23357-0113/css/dx.material.orange.dark.min.css.br
- devextreme/22.2.11-build-23357-0113/css/dx.material.orange.dark.min.css.gz
- devextreme/22.2.11-build-23357-0113/css/dx.material.orange.light.compact.css.br
- devextreme/22.2.11-build-23357-0113/css/dx.material.orange.light.compact.css.gz
- devextreme/22.2.11-build-23357-0113/css/dx.material.orange.light.compact.min.css.br
- devextreme/22.2.11-build-23357-0113/css/dx.material.orange.light.compact.min.css.gz
- devextreme/22.2.11-build-23357-0113/css/dx.material.orange.light.css.br
- devextreme/22.2.11-build-23357-0113/css/dx.material.orange.light.css.gz
- devextreme/22.2.11-build-23357-0113/css/dx.material.orange.light.min.css.br
- devextreme/22.2.11-build-23357-0113/css/dx.material.orange.light.min.css.gz
- devextreme/22.2.11-build-23357-0113/css/dx.material.purple.dark.compact.css.br
- devextreme/22.2.11-build-23357-0113/css/dx.material.purple.dark.compact.css.gz
- devextreme/22.2.11-build-23357-0113/css/dx.material.purple.dark.compact.min.css.br
- devextreme/22.2.11-build-23357-0113/css/dx.material.purple.dark.compact.min.css.gz
- devextreme/22.2.11-build-23357-0113/css/dx.material.purple.dark.css.br
- devextreme/22.2.11-build-23357-0113/css/dx.material.purple.dark.css.gz
- devextreme/22.2.11-build-23357-0113/css/dx.material.purple.dark.min.css.br
- devextreme/22.2.11-build-23357-0113/css/dx.material.purple.dark.min.css.gz
- devextreme/22.2.11-build-23357-0113/css/dx.material.purple.light.compact.css.br
- devextreme/22.2.11-build-23357-0113/css/dx.material.purple.light.compact.css.gz
- devextreme/22.2.11-build-23357-0113/css/dx.material.purple.light.compact.min.css.br
- devextreme/22.2.11-build-23357-0113/css/dx.material.purple.light.compact.min.css.gz
- devextreme/22.2.11-build-23357-0113/css/dx.material.purple.light.css.br
- devextreme/22.2.11-build-23357-0113/css/dx.material.purple.light.css.gz
- devextreme/22.2.11-build-23357-0113/css/dx.material.purple.light.min.css.br
- devextreme/22.2.11-build-23357-0113/css/dx.material.purple.light.min.css.gz
- devextreme/22.2.11-build-23357-0113/css/dx.material.teal.dark.compact.css.br
- devextreme/22.2.11-build-23357-0113/css/dx.material.teal.dark.compact.css.gz
- devextreme/22.2.11-build-23357-0113/css/dx.material.teal.dark.compact.min.css.br
- devextreme/22.2.11-build-23357-0113/css/dx.material.teal.dark.compact.min.css.gz
- devextreme/22.2.11-build-23357-0113/css/dx.material.teal.dark.css.br
- devextreme/22.2.11-build-23357-0113/css/dx.material.teal.dark.css.gz
- devextreme/22.2.11-build-23357-0113/css/dx.material.teal.dark.min.css.br
- devextreme/22.2.11-build-23357-0113/css/dx.material.teal.dark.min.css.gz
- devextreme/22.2.11-build-23357-0113/css/dx.material.teal.light.compact.css.br
- devextreme/22.2.11-build-23357-0113/css/dx.material.teal.light.compact.css.gz
- devextreme/22.2.11-build-23357-0113/css/dx.material.teal.light.compact.min.css.br
- devextreme/22.2.11-build-23357-0113/css/dx.material.teal.light.compact.min.css.gz
- devextreme/22.2.11-build-23357-0113/css/dx.material.teal.light.css.br
- devextreme/22.2.11-build-23357-0113/css/dx.material.teal.light.css.gz
- devextreme/22.2.11-build-23357-0113/css/dx.material.teal.light.min.css.br
- devextreme/22.2.11-build-23357-0113/css/dx.material.teal.light.min.css.gz
- devextreme/22.2.11-build-23357-0113/css/dx.softblue.compact.css.br
- devextreme/22.2.11-build-23357-0113/css/dx.softblue.compact.css.gz
- devextreme/22.2.11-build-23357-0113/css/dx.softblue.compact.min.css.br
- devextreme/22.2.11-build-23357-0113/css/dx.softblue.compact.min.css.gz
- devextreme/22.2.11-build-23357-0113/css/dx.softblue.css.br
- devextreme/22.2.11-build-23357-0113/css/dx.softblue.css.gz
- devextreme/22.2.11-build-23357-0113/css/dx.softblue.min.css.br
- devextreme/22.2.11-build-23357-0113/css/dx.softblue.min.css.gz
- devextreme/22.2.11-build-23357-0113/css/fonts/Roboto-300.ttf.br
- devextreme/22.2.11-build-23357-0113/css/fonts/Roboto-300.ttf.gz
- devextreme/22.2.11-build-23357-0113/css/fonts/Roboto-300.woff.br
- devextreme/22.2.11-build-23357-0113/css/fonts/Roboto-300.woff.gz
- devextreme/22.2.11-build-23357-0113/css/fonts/Roboto-300.woff2
- devextreme/22.2.11-build-23357-0113/css/fonts/Roboto-400.ttf.br
- devextreme/22.2.11-build-23357-0113/css/fonts/Roboto-400.ttf.gz
- devextreme/22.2.11-build-23357-0113/css/fonts/Roboto-400.woff.br
- devextreme/22.2.11-build-23357-0113/css/fonts/Roboto-400.woff.gz
- devextreme/22.2.11-build-23357-0113/css/fonts/Roboto-400.woff2
- devextreme/22.2.11-build-23357-0113/css/fonts/Roboto-500.ttf.br
- devextreme/22.2.11-build-23357-0113/css/fonts/Roboto-500.ttf.gz
- devextreme/22.2.11-build-23357-0113/css/fonts/Roboto-500.woff.br
- devextreme/22.2.11-build-23357-0113/css/fonts/Roboto-500.woff.gz
- devextreme/22.2.11-build-23357-0113/css/fonts/Roboto-500.woff2
- devextreme/22.2.11-build-23357-0113/css/fonts/Roboto-700.ttf.br
- devextreme/22.2.11-build-23357-0113/css/fonts/Roboto-700.ttf.gz
- devextreme/22.2.11-build-23357-0113/css/fonts/Roboto-700.woff.br
- devextreme/22.2.11-build-23357-0113/css/fonts/Roboto-700.woff.gz
- devextreme/22.2.11-build-23357-0113/css/fonts/Roboto-700.woff2
- devextreme/22.2.11-build-23357-0113/css/icons/dxicons.ttf.br
- devextreme/22.2.11-build-23357-0113/css/icons/dxicons.ttf.gz
- devextreme/22.2.11-build-23357-0113/css/icons/dxicons.woff.br
- devextreme/22.2.11-build-23357-0113/css/icons/dxicons.woff.gz
- devextreme/22.2.11-build-23357-0113/css/icons/dxicons.woff2
- devextreme/22.2.11-build-23357-0113/css/icons/dxiconsmaterial.ttf.br
- devextreme/22.2.11-build-23357-0113/css/icons/dxiconsmaterial.ttf.gz
- devextreme/22.2.11-build-23357-0113/css/icons/dxiconsmaterial.woff.br
- devextreme/22.2.11-build-23357-0113/css/icons/dxiconsmaterial.woff.gz
- devextreme/22.2.11-build-23357-0113/css/icons/dxiconsmaterial.woff2
- devextreme/22.2.11-build-23357-0113/js/FileSaver.js.br
- devextreme/22.2.11-build-23357-0113/js/FileSaver.js.gz
- devextreme/22.2.11-build-23357-0113/js/FileSaver.min.js.br
- devextreme/22.2.11-build-23357-0113/js/FileSaver.min.js.gz
- devextreme/22.2.11-build-23357-0113/js/dx.all.js.br
- devextreme/22.2.11-build-23357-0113/js/dx.all.js.gz
- devextreme/22.2.11-build-23357-0113/js/dx.all.min.js.br
- devextreme/22.2.11-build-23357-0113/js/dx.all.min.js.gz
- devextreme/22.2.11-build-23357-0113/js/dx.aspnet.mvc.js.br
- devextreme/22.2.11-build-23357-0113/js/dx.aspnet.mvc.js.gz
- devextreme/22.2.11-build-23357-0113/js/dx.aspnet.mvc.min.js.br
- devextreme/22.2.11-build-23357-0113/js/dx.aspnet.mvc.min.js.gz
- devextreme/22.2.11-build-23357-0113/js/localization/dx.messages.ar.js.br
- devextreme/22.2.11-build-23357-0113/js/localization/dx.messages.ar.js.gz
- devextreme/22.2.11-build-23357-0113/js/localization/dx.messages.ar.min.js.br
- devextreme/22.2.11-build-23357-0113/js/localization/dx.messages.ar.min.js.gz
- devextreme/22.2.11-build-23357-0113/js/localization/dx.messages.ca.js.br
- devextreme/22.2.11-build-23357-0113/js/localization/dx.messages.ca.js.gz
- devextreme/22.2.11-build-23357-0113/js/localization/dx.messages.ca.min.js.br
- devextreme/22.2.11-build-23357-0113/js/localization/dx.messages.ca.min.js.gz
- devextreme/22.2.11-build-23357-0113/js/localization/dx.messages.cs.js.br
- devextreme/22.2.11-build-23357-0113/js/localization/dx.messages.cs.js.gz
- devextreme/22.2.11-build-23357-0113/js/localization/dx.messages.cs.min.js.br
- devextreme/22.2.11-build-23357-0113/js/localization/dx.messages.cs.min.js.gz
- devextreme/22.2.11-build-23357-0113/js/localization/dx.messages.de.js.br
- devextreme/22.2.11-build-23357-0113/js/localization/dx.messages.de.js.gz
- devextreme/22.2.11-build-23357-0113/js/localization/dx.messages.de.min.js.br
- devextreme/22.2.11-build-23357-0113/js/localization/dx.messages.de.min.js.gz
- devextreme/22.2.11-build-23357-0113/js/localization/dx.messages.el.js.br
- devextreme/22.2.11-build-23357-0113/js/localization/dx.messages.el.js.gz
- devextreme/22.2.11-build-23357-0113/js/localization/dx.messages.el.min.js.br
- devextreme/22.2.11-build-23357-0113/js/localization/dx.messages.el.min.js.gz
- devextreme/22.2.11-build-23357-0113/js/localization/dx.messages.en.js.br
- devextreme/22.2.11-build-23357-0113/js/localization/dx.messages.en.js.gz
- devextreme/22.2.11-build-23357-0113/js/localization/dx.messages.en.min.js.br
- devextreme/22.2.11-build-23357-0113/js/localization/dx.messages.en.min.js.gz
- devextreme/22.2.11-build-23357-0113/js/localization/dx.messages.es.js.br
- devextreme/22.2.11-build-23357-0113/js/localization/dx.messages.es.js.gz
- devextreme/22.2.11-build-23357-0113/js/localization/dx.messages.es.min.js.br
- devextreme/22.2.11-build-23357-0113/js/localization/dx.messages.es.min.js.gz
- devextreme/22.2.11-build-23357-0113/js/localization/dx.messages.fi.js.br
- devextreme/22.2.11-build-23357-0113/js/localization/dx.messages.fi.js.gz
- devextreme/22.2.11-build-23357-0113/js/localization/dx.messages.fi.min.js.br
- devextreme/22.2.11-build-23357-0113/js/localization/dx.messages.fi.min.js.gz
- devextreme/22.2.11-build-23357-0113/js/localization/dx.messages.fr.js.br
- devextreme/22.2.11-build-23357-0113/js/localization/dx.messages.fr.js.gz
- devextreme/22.2.11-build-23357-0113/js/localization/dx.messages.fr.min.js.br
- devextreme/22.2.11-build-23357-0113/js/localization/dx.messages.fr.min.js.gz
- devextreme/22.2.11-build-23357-0113/js/localization/dx.messages.hu.js.br
- devextreme/22.2.11-build-23357-0113/js/localization/dx.messages.hu.js.gz
- devextreme/22.2.11-build-23357-0113/js/localization/dx.messages.hu.min.js.br
- devextreme/22.2.11-build-23357-0113/js/localization/dx.messages.hu.min.js.gz
- devextreme/22.2.11-build-23357-0113/js/localization/dx.messages.it.js.br
- devextreme/22.2.11-build-23357-0113/js/localization/dx.messages.it.js.gz
- devextreme/22.2.11-build-23357-0113/js/localization/dx.messages.it.min.js.br
- devextreme/22.2.11-build-23357-0113/js/localization/dx.messages.it.min.js.gz
- devextreme/22.2.11-build-23357-0113/js/localization/dx.messages.ja.js.br
- devextreme/22.2.11-build-23357-0113/js/localization/dx.messages.ja.js.gz
- devextreme/22.2.11-build-23357-0113/js/localization/dx.messages.ja.min.js.br
- devextreme/22.2.11-build-23357-0113/js/localization/dx.messages.ja.min.js.gz
- devextreme/22.2.11-build-23357-0113/js/localization/dx.messages.lt.js.br
- devextreme/22.2.11-build-23357-0113/js/localization/dx.messages.lt.js.gz
- devextreme/22.2.11-build-23357-0113/js/localization/dx.messages.lt.min.js.br
- devextreme/22.2.11-build-23357-0113/js/localization/dx.messages.lt.min.js.gz
- devextreme/22.2.11-build-23357-0113/js/localization/dx.messages.nb.js.br
- devextreme/22.2.11-build-23357-0113/js/localization/dx.messages.nb.js.gz
- devextreme/22.2.11-build-23357-0113/js/localization/dx.messages.nb.min.js.br
- devextreme/22.2.11-build-23357-0113/js/localization/dx.messages.nb.min.js.gz
- devextreme/22.2.11-build-23357-0113/js/localization/dx.messages.nl.js.br
- devextreme/22.2.11-build-23357-0113/js/localization/dx.messages.nl.js.gz
- devextreme/22.2.11-build-23357-0113/js/localization/dx.messages.nl.min.js.br
- devextreme/22.2.11-build-23357-0113/js/localization/dx.messages.nl.min.js.gz
- devextreme/22.2.11-build-23357-0113/js/localization/dx.messages.pl.js.br
- devextreme/22.2.11-build-23357-0113/js/localization/dx.messages.pl.js.gz
- devextreme/22.2.11-build-23357-0113/js/localization/dx.messages.pl.min.js.br
- devextreme/22.2.11-build-23357-0113/js/localization/dx.messages.pl.min.js.gz
- devextreme/22.2.11-build-23357-0113/js/localization/dx.messages.pt.js.br
- devextreme/22.2.11-build-23357-0113/js/localization/dx.messages.pt.js.gz
- devextreme/22.2.11-build-23357-0113/js/localization/dx.messages.pt.min.js.br
- devextreme/22.2.11-build-23357-0113/js/localization/dx.messages.pt.min.js.gz
- devextreme/22.2.11-build-23357-0113/js/localization/dx.messages.ro.js.br
- devextreme/22.2.11-build-23357-0113/js/localization/dx.messages.ro.js.gz
- devextreme/22.2.11-build-23357-0113/js/localization/dx.messages.ro.min.js.br
- devextreme/22.2.11-build-23357-0113/js/localization/dx.messages.ro.min.js.gz
- devextreme/22.2.11-build-23357-0113/js/localization/dx.messages.ru.js.br
- devextreme/22.2.11-build-23357-0113/js/localization/dx.messages.ru.js.gz
- devextreme/22.2.11-build-23357-0113/js/localization/dx.messages.ru.min.js.br
- devextreme/22.2.11-build-23357-0113/js/localization/dx.messages.ru.min.js.gz
- devextreme/22.2.11-build-23357-0113/js/localization/dx.messages.sl.js.br
- devextreme/22.2.11-build-23357-0113/js/localization/dx.messages.sl.js.gz
- devextreme/22.2.11-build-23357-0113/js/localization/dx.messages.sl.min.js.br
- devextreme/22.2.11-build-23357-0113/js/localization/dx.messages.sl.min.js.gz
- devextreme/22.2.11-build-23357-0113/js/localization/dx.messages.sv.js.br
- devextreme/22.2.11-build-23357-0113/js/localization/dx.messages.sv.js.gz
- devextreme/22.2.11-build-23357-0113/js/localization/dx.messages.sv.min.js.br
- devextreme/22.2.11-build-23357-0113/js/localization/dx.messages.sv.min.js.gz
- devextreme/22.2.11-build-23357-0113/js/localization/dx.messages.tr.js.br
- devextreme/22.2.11-build-23357-0113/js/localization/dx.messages.tr.js.gz
- devextreme/22.2.11-build-23357-0113/js/localization/dx.messages.tr.min.js.br
- devextreme/22.2.11-build-23357-0113/js/localization/dx.messages.tr.min.js.gz
- devextreme/22.2.11-build-23357-0113/js/localization/dx.messages.vi.js.br
- devextreme/22.2.11-build-23357-0113/js/localization/dx.messages.vi.js.gz
- devextreme/22.2.11-build-23357-0113/js/localization/dx.messages.vi.min.js.br
- devextreme/22.2.11-build-23357-0113/js/localization/dx.messages.vi.min.js.gz
- devextreme/22.2.11-build-23357-0113/js/localization/dx.messages.zh-tw.js.br
- devextreme/22.2.11-build-23357-0113/js/localization/dx.messages.zh-tw.js.gz
- devextreme/22.2.11-build-23357-0113/js/localization/dx.messages.zh-tw.min.js.br
- devextreme/22.2.11-build-23357-0113/js/localization/dx.messages.zh-tw.min.js.gz
- devextreme/22.2.11-build-23357-0113/js/localization/dx.messages.zh.js.br
- devextreme/22.2.11-build-23357-0113/js/localization/dx.messages.zh.js.gz
- devextreme/22.2.11-build-23357-0113/js/localization/dx.messages.zh.min.js.br
- devextreme/22.2.11-build-23357-0113/js/localization/dx.messages.zh.min.js.gz
- devextreme/22.2.11-build-23357-0113/js/vectormap-data/africa.js.br
- devextreme/22.2.11-build-23357-0113/js/vectormap-data/africa.js.gz
- devextreme/22.2.11-build-23357-0113/js/vectormap-data/africa.min.js.br
- devextreme/22.2.11-build-23357-0113/js/vectormap-data/africa.min.js.gz
- devextreme/22.2.11-build-23357-0113/js/vectormap-data/canada.js.br
- devextreme/22.2.11-build-23357-0113/js/vectormap-data/canada.js.gz
- devextreme/22.2.11-build-23357-0113/js/vectormap-data/canada.min.js.br
- devextreme/22.2.11-build-23357-0113/js/vectormap-data/canada.min.js.gz
- devextreme/22.2.11-build-23357-0113/js/vectormap-data/eurasia.js.br
- devextreme/22.2.11-build-23357-0113/js/vectormap-data/eurasia.js.gz
- devextreme/22.2.11-build-23357-0113/js/vectormap-data/eurasia.min.js.br
- devextreme/22.2.11-build-23357-0113/js/vectormap-data/eurasia.min.js.gz
- devextreme/22.2.11-build-23357-0113/js/vectormap-data/europe.js.br
- devextreme/22.2.11-build-23357-0113/js/vectormap-data/europe.js.gz
- devextreme/22.2.11-build-23357-0113/js/vectormap-data/europe.min.js.br
- devextreme/22.2.11-build-23357-0113/js/vectormap-data/europe.min.js.gz
- devextreme/22.2.11-build-23357-0113/js/vectormap-data/usa.js.br
- devextreme/22.2.11-build-23357-0113/js/vectormap-data/usa.js.gz
- devextreme/22.2.11-build-23357-0113/js/vectormap-data/usa.min.js.br
- devextreme/22.2.11-build-23357-0113/js/vectormap-data/usa.min.js.gz
- devextreme/22.2.11-build-23357-0113/js/vectormap-data/world.js.br
- devextreme/22.2.11-build-23357-0113/js/vectormap-data/world.js.gz
- devextreme/22.2.11-build-23357-0113/js/vectormap-data/world.min.js.br
- devextreme/22.2.11-build-23357-0113/js/vectormap-data/world.min.js.gz
SRIs:
- devextreme/22.2.11-build-23357-0113/js/localization/dx.messages.hu.min.js: sha512-JL9AwWkzrWjEoK6a2P+1OIP59tf9eoqljcyMQ4MOfqVeHeQH9tRKDsmMRvjGTqjeQsUR791CeLw2VCkYKDKfbA==
- devextreme/22.2.11-build-23357-0113/js/localization/dx.messages.nl.js: sha512-QuLZEuX4qNGOLl8Z3JuyCFannzfiTsFyahzzO2m4AEeK1yKX9pGJoZ+/WUTCKumBOn0RQJiZPYT7PZY7F0vIcg==
- devextreme/22.2.11-build-23357-0113/css/dx.material.blue.dark.compact.css: sha512-WC1rd32RTwprBB0plWM9b2EXinD9E4tzIQznTavWLFyw9V5KTWO7aYmbbtp2lA5YLU6vgaxVOgtC1Ee7zr1mVQ==
- devextreme/22.2.11-build-23357-0113/css/dx.material.orange.dark.compact.min.css: sha512-H7KXrRhHPligJOFw9RQEw1bfLIkCfUxSehd1AduGiF2yLOBUZaLATFUQdTLAlTPrseusclAoSu0JfjMD/B1FPg==
- devextreme/22.2.11-build-23357-0113/css/dx.material.teal.light.min.css: sha512-k/LJaC/7idXPvrXovjtM8KjzXDouPMP/De/JJlVB5Vnnp0EBjcfUcGjbiTSL9VUSwbX40ohgJW4Ls0yOl+4Prw==
- devextreme/22.2.11-build-23357-0113/js/dx.aspnet.mvc.min.js: sha512-llu5tsi5YQ3lHbikXEunP6XiMZ9D0zEcQXWKnhIFy2B/rjrUlEug/HdK3AD3diuQpC2+eqiflUth39cTLkQlyg==
- devextreme/22.2.11-build-23357-0113/js/localization/dx.messages.hu.js: sha512-4X+pJ+kNqdVTWWflSYWG7N+AVjUQSNyKtTO5cSCgRsnhE12uipHC5naFkvLbE36JlT6Z10GneW1qWZXjHxvlUQ==
- devextreme/22.2.11-build-23357-0113/js/localization/dx.messages.zh-tw.min.js: sha512-dTlBkgxXPsVENG/5IPMvn6LG3K3Mc595QCiMFIMwol5ag+w8WxdAQU3tQVt34q4GP1pYUrjyFlwUWI21vdQRyg==
- devextreme/22.2.11-build-23357-0113/css/dx.darkmoon.css: sha512-uthP+tEVF4qQe1FfzogzErw2mvOZQ3EZCN2gzC4SGRzNopgXTVY3YHTj6W9uNiBshCdaUnbDlvsJQ90bwzkmvA==
- devextreme/22.2.11-build-23357-0113/css/dx.material.teal.dark.compact.css: sha512-MNQ2CPXYOPjp+BY54LW/PBERdJGJsAHG3AXotKviyMlJw7jpMGk5EBB7Fpw6zu3stKTneEQEKEdcdN4V8v6Fsg==
- devextreme/22.2.11-build-23357-0113/js/FileSaver.js: sha512-B+gr+zLWg81qxVwvtYwKrmjvQtZKD/GGFF7jD80OfzbqFw+NsbS5faEqpCO7Q7oRw1bYi0+WLJf54j8Vm7NADw==
- devextreme/22.2.11-build-23357-0113/js/localization/dx.messages.it.js: sha512-Spo9fDyzzMIxvDTnD0ir/AJeimXzO+wo7v2Rjns2ceE+PnoOTEm1leltpMLxwXlPi5hKy7vUQt0Co5zFPyiC9w==
- devextreme/22.2.11-build-23357-0113/js/localization/dx.messages.vi.min.js: sha512-96VDeZN4wETFvC2TMC/+l9NuBjX4tmTYi9ZeAiVz3PTKkhxTpLSd3YsW4+CrBkrLu+I4eUT23+LCaepe1N+01g==
- devextreme/22.2.11-build-23357-0113/css/dx.carmine.compact.min.css: sha512-y5lfIo7HvLzGt7gZXEW58TC1CAo9kBJtsJsRAxe+dM3peneVuZVomLB+i+Bk1dvFuvSKZeSdxpXLI0ifA8FQxg==
- devextreme/22.2.11-build-23357-0113/css/dx.softblue.compact.min.css: sha512-NLqTnB12m26KA9frk2P0HHLANgEyHBM3lVdh/H32362gHJOE3S9/CaNOL/NyMYvWrBTGfP2KrhMtorEA66shsw==
- devextreme/22.2.11-build-23357-0113/js/localization/dx.messages.el.js: sha512-VePK/y7udfI+VRVImXb1Aztk+Arda0gzIc/PBuI693OMUugsibTW6Zq6MrIVI+gj/HAg2E/JDAamU84fOlKqcQ==
- devextreme/22.2.11-build-23357-0113/js/localization/dx.messages.nb.min.js: sha512-aben9UqeszsgIHvJ2FZhi+SGyl55mJjy8AxcBrojN270ZNWWASFBh3209FC8KF2sYEOThSkakHjeecJq/ljZXg==
- devextreme/22.2.11-build-23357-0113/css/dx.material.blue.light.min.css: sha512-VFDExL8YcY6HiBUfyZfxIHeBivbgnUK5mdwCq5xu4qzDgFSYJfrKjOpCb2qIgQzjodZzOgM1Lg362zPzOK4Cag==
- devextreme/22.2.11-build-23357-0113/css/dx.material.purple.light.compact.min.css: sha512-m+MMve3OnXeVcS2Xmqr4u8w/PdIkm8LGSIUWJo7J90uUcH4sXniASoS7xMqjxv31+l7MESOkn2xbYdIeWgDZ1A==
- devextreme/22.2.11-build-23357-0113/js/localization/dx.messages.en.min.js: sha512-lMqPWCKklw91nqHWNUvlIMbFxMe8z0++qVL7lJ0WisyCkNGas1aSqyhiRI9Gegj1gwFUhphWhjvi/BfqX034vw==
- devextreme/22.2.11-build-23357-0113/js/localization/dx.messages.lt.js: sha512-Ff/4sP9iW7vI4jOmmwrnF6l4XVx9OXLXyokdVqB/xVopfLICoizE0kAkG/bTi7iZAc3tWyWTYc1MnYXXzVewSg==
- devextreme/22.2.11-build-23357-0113/js/localization/dx.messages.vi.js: sha512-OzbPLQpu9F3AKBjNZNKzHaUT3H5gr4RpyK8MATPsLgXOWVWevz8OHCgu6hD3wT+neTGF3Hc8a5X9VTtdG6qunw==
- devextreme/22.2.11-build-23357-0113/js/vectormap-data/canada.min.js: sha512-0XLERAfoSgOIJDTJ7OSiZvdvaER393pzeuZ+vJomw6qSUqUn7ZPuRVhSC0kTWGKcVau54xSzKt1D//sINEIAlg==
- devextreme/22.2.11-build-23357-0113/css/dx.darkmoon.compact.css: sha512-2G7FEUQ1Bt3bQ4y21YxTjYGKqq27bSOLtQOSU5XuO3Jh5rM1r5yNfoWoReWqufnBZUWnvPOH8dmhWIY47x8SvQ==
- devextreme/22.2.11-build-23357-0113/css/dx.darkviolet.compact.min.css: sha512-Ru8VX1lBfN0egWh01p/7CtSWbPan9aOq3aYsWbROiFQVWtCAeaMkf53+BY8bl5RaJNVTXRqtO7839rGzuVor+Q==
- devextreme/22.2.11-build-23357-0113/css/dx.material.purple.dark.min.css: sha512-tWJdX72JCJwUrclc2tGrcOe9vDwgTRgIVihYK4UIgZT2eAhRH4HYAliwSphYJ7rQJkUHfJyo+tDNJGWtdqA0Mg==
- devextreme/22.2.11-build-23357-0113/js/localization/dx.messages.en.js: sha512-WCCUXP1ibA7s+iU49dRDTvib0sR28pYmipSENPvIGSTveFkuRYAmHF3HIsm8kLr+ZB80gswmd9wuf9sgTYnPkw==
- devextreme/22.2.11-build-23357-0113/js/localization/dx.messages.ro.js: sha512-CbCYwbquWZobCLmqxk28zQfzBdjg2vHnKdCYppyqHkdKCRsahhfeiLg1PK8VivsazjT4jytRRmQd+XPKwIhggA==
- devextreme/22.2.11-build-23357-0113/js/localization/dx.messages.es.min.js: sha512-7/Bs647GZup98stGHr6pLmTrl7phCHM9iOpjDIH+Kv8IHmVmcPuaQfhB49t/VK9/0Nsn7+XPtwOo81m39zpKAw==
- devextreme/22.2.11-build-23357-0113/js/vectormap-data/europe.min.js: sha512-3toeZYJeiDe0LJB3wuQawWHarz8QtxFID8T/de0k756f3T5KhvNw1qdmIScLMcWmpsydIH8t77rMMLN9oiRGUg==
- devextreme/22.2.11-build-23357-0113/css/dx.material.blue.dark.min.css: sha512-38baQxMH4FWrIOTXdlV64Yrrz5iBEvU1eSgNq55TJp1hZj/hvA+NNu2BKqgzODxKHL26XldKFwbkMk2mBMMixQ==
- devextreme/22.2.11-build-23357-0113/css/dx.material.orange.light.min.css: sha512-JHkVLdP3mGdtOiBz8uOquF+NPWo2Lm1YcipuosqAtqIQn4YrVbR3oRfdv9AL1eRVIdkvQ2sMpafXz4jLdsJAKw==
- devextreme/22.2.11-build-23357-0113/css/dx.material.teal.dark.min.css: sha512-Zii4DeT3+qS83UGstbE+g4TnxTqWE0JyRHpd3jJfdQNPJrv3RqkOslzBebPeKF4A4z2rD+j9/zN2F/vTbdVawA==
- devextreme/22.2.11-build-23357-0113/css/dx.material.teal.light.compact.css: sha512-cnXE7GECaY7JzSR+JqU8ma/nwAdnSVPw8/SxEjCpwW232wq6AfnpZstrT1lxOC6rxmHfFTn/bSIhRU1QWIPYeA==
- devextreme/22.2.11-build-23357-0113/js/localization/dx.messages.es.js: sha512-tiED9TWT7b4xICuMlKo+WlZI9uskmhHUJtOpD4wK4RDYXl/2MwJ0cR8LhkE+qD9G/HfMxzf6qdOwyiIMme46Ag==
- devextreme/22.2.11-build-23357-0113/css/dx.carmine.min.css: sha512-Z1uGHOjnKHqGHXsPhyXL8rrNvFwVcc1NcEoBd+yydDUY0piDvs3tvKW7ikhzYubDwwm+ABh+Q/z0WMLZMH1nwg==
- devextreme/22.2.11-build-23357-0113/css/dx.material.orange.dark.compact.css: sha512-J6t1E0cfCsIL8lO1eYwrnaHHdsL4Tp4Lahe2pITx7aD6HzekoPLRW6mmcKC8T9F57YS/FTL77UqVnNDKjI1Izw==
- devextreme/22.2.11-build-23357-0113/css/dx.material.teal.dark.compact.min.css: sha512-AMahpbcSPXLjtd4qdp4kqe5dnv6X26xHwO7CdcWqx4RtOjfhBUsJu9p8XIlNl++Vdw3oc0WOvWZGbz4WMZ+8mg==
- devextreme/22.2.11-build-23357-0113/css/dx.material.lime.light.css: sha512-kdTVt4zNEoAHzc2d8KLNOfLeiAl+iVwMbYjcYSvI0qEPd1pAWOY7o8FGrA9WtDFL2taJ01QQ9UKkqMjZKx9fVw==
- devextreme/22.2.11-build-23357-0113/js/localization/dx.messages.ru.js: sha512-epjBNb0KfKhOrvzT7ciI6SFtykhjX2e6lszSNUBScMQHLjmQkPcvRReHhCctjfNSpSWg/69ybzZTZeWfbYDpaA==
- devextreme/22.2.11-build-23357-0113/css/dx.darkmoon.compact.min.css: sha512-y8GqqCFiQ3SKMezynrO069ajXVPq1rEt9/2SVgcrrQkaCk/LMM34+ciJnMSkN74xNVUUP9BexUl0g+aHVzvVyA==
- devextreme/22.2.11-build-23357-0113/css/dx.darkviolet.css: sha512-5IejYv4mNBR7wYl4IgnpqJUDYPwmOQxxn1ts1XrfNj4to+fguRMuu1NFngFptPHJsuQcrleKpSuu/N6xqaUceg==
- devextreme/22.2.11-build-23357-0113/js/vectormap-data/canada.js: sha512-u5qf5VbcnMWNBt7933l6u7PAoZfx8nYTubYosm1P/duQyRt9X0NbhuzY90NgzN8zscxQjC1D/nErBxTlHzoTNQ==
- devextreme/22.2.11-build-23357-0113/css/dx.light.compact.css: sha512-cQJu292QZCFmjGopOXOcAd3dfOkq+3FmurfnlngDyEA5DfCC7qnke38QELyMOB4Hr6wys++uxnL+rz5GC9PJfA==
- devextreme/22.2.11-build-23357-0113/css/dx.material.lime.light.min.css: sha512-QGIWYlzhz4HtGBOmnSB5jNWZqz17jWBwSOhCUo3wNKKui/TOg4yffQRokqDsDdzG4PBktOf7PdTxMD2VvTzpSQ==
- devextreme/22.2.11-build-23357-0113/css/dx.material.purple.light.compact.css: sha512-DRX8T003jYTP12Q/G/S/kloSwk/pAfknMmyX47S2Tw48jxWmCQQrGGuarQa34cgqEUcrqRPUBmGYfHS/TxoHKA==
- devextreme/22.2.11-build-23357-0113/js/localization/dx.messages.de.js: sha512-6FAKMTQnQg1sLETe2Gt9PGdTBSqAOdq+nByXC458s2FQSDpY4sGRtgKor0RXjCtE1Ik4ZSSJxJpIXajOihHHEA==
- devextreme/22.2.11-build-23357-0113/js/localization/dx.messages.fr.js: sha512-WaiIE88wa71A5bRrSNpr7gp0RhL+yJlm516kkOfyWQJxnfYl4KTTyKbBUAfWYSs56ettx5RJtBXrdnzZOF0wFA==
- devextreme/22.2.11-build-23357-0113/css/dx.greenmist.compact.css: sha512-6t+XFGZos/NFjcc83Z/oJH1OgDJP/2nTI9wab/g8PD2dPpGPavOJyPCWVUydTe1yY+Feh5q01mx4PlK5uAHzzw==
- devextreme/22.2.11-build-23357-0113/css/dx.softblue.compact.css: sha512-uwxWaJRJdRwMk3KBpTdsQX30wqIZ3+2dK07ghidsdpsN9tceLU7a30i4nq8+uF6v/oYKcb3HZKzG8u1+GjYkdA==
- devextreme/22.2.11-build-23357-0113/js/localization/dx.messages.ar.js: sha512-dXZ7f8XNSOO55S9bEAOs4F/Fnv88A00uD0JBu+tyqMa7FUjr0EZm3lV5PrjG031mQ9rPAwBxR1fzOy9CvKEuIw==
- devextreme/22.2.11-build-23357-0113/js/localization/dx.messages.zh.min.js: sha512-j/oLypia1usF1n6MpwOsFZNmw+QidaYTK9JLHLIg2exhZHvGCt6yPCcwfmLvO7MnrQghEypyGJSnGgu9+PLh4w==
- devextreme/22.2.11-build-23357-0113/js/localization/dx.messages.cs.js: sha512-s/M/zhiI2gr7Y19AQonz160l5Kh1rd/ZRTaCBq7cvPqc5ZjGI8P1VoFXm7ivl9S2bm0EtspuZRTkFpNUWjM0SA==
- devextreme/22.2.11-build-23357-0113/js/localization/dx.messages.nb.js: sha512-jJIEtw+jwJVXggZ4pjWxCqyGfJM93yWASuCGcQeBTPFRGMTLnlzmcRNUY4WVeI/mufLxXjonVeJbZ/Tp+pieDg==
- devextreme/22.2.11-build-23357-0113/js/localization/dx.messages.pt.min.js: sha512-C2Qm9VoBYi70wQccxDIwfNaoSzaAu91Brq3E6N2RQxDoot8MQKCix7kfvlbpmIcwcPULbT2t7NdYFldG6J+vCA==
- devextreme/22.2.11-build-23357-0113/js/localization/dx.messages.de.min.js: sha512-84olVgFl+2xYGe7FVTWrtKQDOZwiKZRhxqVmycPKliWc6WzpNfs47qBn2lo3fCcda/EX/TshDQU2RNJ9fhbSCA==
- devextreme/22.2.11-build-23357-0113/css/dx.carmine.compact.css: sha512-aIbb2b8JusB2pAQ6owhvmgNnGBguPq+gBokrQqngaA3mUxm7mL/Y6tVl9x6fvoL74BfQitbVzUFl4GVjhVFy/Q==
- devextreme/22.2.11-build-23357-0113/css/dx.darkmoon.min.css: sha512-DQDzOj6uqY9wrug4tbwzq6B1frwAdlr9uBoi91VImpGdEzwbQxeIf7eMwXMaClsXpv5fkcrZGrGBAcNdFWjY1w==
- devextreme/22.2.11-build-23357-0113/css/dx.greenmist.min.css: sha512-zLS2Z+dZCF+SgF1OFF/nU2tW5QxQqrxwtMxUt2q18iWeZJcH1e2nPCJwv8rEFSqxHQIEj7baA2TIfemf/+KIKg==
- devextreme/22.2.11-build-23357-0113/css/dx.light.css: sha512-2nYwBUzWvhVA6DPoP/hJKXBTMdpGySmb62xY4pFtFZBupNkwjsGNLiqdp24URfxRx+ngw1/Vvi4zkjnPOU/Mcw==
- devextreme/22.2.11-build-23357-0113/css/dx.material.teal.dark.css: sha512-5G/XDbsH3HDUyfQnBU3RXaZ2iKoeoEqWDwfXyNwGCyLcd5fO+njG1oyLRQE7UZfWDbYvWk/N1Vnnq90nYKxz/A==
- devextreme/22.2.11-build-23357-0113/css/dx.material.purple.light.min.css: sha512-Xnrr637832SDrSXbALplF7FuW+KQoiUxD1OrYxoj/mCzANyhA240aJYgI6VFA8dMq3lEm+X2qF849ve7jBP+aA==
- devextreme/22.2.11-build-23357-0113/css/dx.softblue.css: sha512-z7KJHsEAeCzlA1Jolf6QaJT4oTsuntkFbr221moHcUFfc17Yd6VQq+FmgC0cvEYshUmG+9avU0QxmEVJfkZahg==
- devextreme/22.2.11-build-23357-0113/js/localization/dx.messages.pl.min.js: sha512-OZ1z1R/XpB3UzhsoJweVkKq7fH0tJVwogFxio9xKL1PauyDBL6jYfmdQIEY9Atx0j+P6vDZAIwJlwHjp6LVHvA==
- devextreme/22.2.11-build-23357-0113/css/dx.common.min.css: sha512-EVRL7JviixMHZIcXVqUkjLu2D43qMOeIOaRkXkN7g2cRbfoCCFFOJ17QNev381ZOvBFzexv5v2DJsygpCxlvzg==
- devextreme/22.2.11-build-23357-0113/css/dx.darkviolet.compact.css: sha512-bCKF7nfu/8k3clByS5K2TE1/s0D9I1CPD3g8IA1ezdabHrLWiu7hQLvWjkm96rGqyOtIaChj1TZNnfguL8kaDQ==
- devextreme/22.2.11-build-23357-0113/css/dx.material.teal.light.css: sha512-LJSE1lDP9s1GJuxIzsA8O9fBwM2yHoqPt18lIivW5GQGnlWCyp9IV/++CLTO2s72SE3p0QtC8TdBkkeTSdpltw==
- devextreme/22.2.11-build-23357-0113/js/localization/dx.messages.sv.js: sha512-zkQZON34aipOtbwI3ETsC8Gn1rgCM6HPcoSfyXB3nHTquNEjIxcuimWsa9r/eLAjyrpER+wxt4Ama5IyvxvSIg==
- devextreme/22.2.11-build-23357-0113/css/dx.dark.compact.min.css: sha512-Kr+FGRsbn1CGmE3VnNQOHjm/JxTwWRlbw0KLs4jlrme5e1r3WcVy1g73lfay83Nw2L4yG+7Af0TBpbjj4st7OA==
- devextreme/22.2.11-build-23357-0113/css/dx.greenmist.css: sha512-w2DP/Os5Dju8B9cm/uCrobBMzJF7lVDrOby6ZjVO+n7RgeoWWd92Ycww3QugCvbDe5QXrInTqRbLdcOz5w+j5g==
- devextreme/22.2.11-build-23357-0113/css/dx.material.lime.dark.compact.min.css: sha512-vVhxmjRVy7s9IF17bmObYZMBAaWLbvXF/ZetgbIm2v+Mf6dI85cEpTyMJMnwfuIBdUF1wyOY5rDJfhWrtunG9w==
- devextreme/22.2.11-build-23357-0113/js/localization/dx.messages.cs.min.js: sha512-k7CZEIsKscYTDLJ0GoQQltLyZWcjAyTZEzZNBkxlLfN0Ya6E6hqQdP5T0ltNOzeECdaRiBkiW7zUrgqNyM6oug==
- devextreme/22.2.11-build-23357-0113/js/localization/dx.messages.ar.min.js: sha512-lv5vzN6doig9awfU630eiw8/dt9GV5SmMHxDLE+GlckIR19ysdAseYvZCu5SzKxVg3O4PnwTON1dQ5nTllTIHw==
- devextreme/22.2.11-build-23357-0113/js/localization/dx.messages.ca.min.js: sha512-xYOD49G0c9dH57WFidMboc2MwGv2NcHUEcr0rVdOH4YrHsW9Kb8ITHheph/i61irZQ1AjJJ8F2n7oaoARx2lOg==
- devextreme/22.2.11-build-23357-0113/js/localization/dx.messages.tr.js: sha512-CoJJQMisWvXJ0WmhfxeOzfaKIYAeP2j3se0Mez6/sAhL2QOuI0QEYlXeHw1Ymc1uy3DV8I2LmV7Q1x+tUwHPMQ==
- devextreme/22.2.11-build-23357-0113/js/vectormap-data/europe.js: sha512-IYDdiaNyLOytPUM2P9hYd7oG1UE7qOcqCMpzL001abSQDE7T4dhIqp9B04v+b3CRYRVh8EuOntWcvH9XUMDwNQ==
- devextreme/22.2.11-build-23357-0113/js/localization/dx.messages.it.min.js: sha512-61teU2GLF5E30yq4IOBSs4xw0r5FR/glZ/ZLpYuXoxSqrAQKvcD/dVCM3W4te84jDgz7pj6kBMIA/zem37cJHg==
- devextreme/22.2.11-build-23357-0113/js/localization/dx.messages.pl.js: sha512-Zf8GHw5Pll7tynPl6M7VdsK6P/tw5nZCZKus+hDn/R4v/hnquknamuimgRSw8eUT+kzhOEHx9pEB2YUJNnGP3Q==
- devextreme/22.2.11-build-23357-0113/js/localization/dx.messages.sl.js: sha512-LcxksCSXnRn5KHIihSL0LSTQID5aM5ZafdAw5fGXl2m1e5JyS1NyYjFAmYyaadrpVZckwvRf6aaV1AMuAhOInQ==
- devextreme/22.2.11-build-23357-0113/css/dx.common.css: sha512-nxTASFPhn95rx6h5FJUHgFcNGtXBJVmaZuFnUvZiM5hgJclCPDLPsy45WXh4xrXYPV8eWBy6BMh5YY6L03UMWQ==
- devextreme/22.2.11-build-23357-0113/css/dx.contrast.css: sha512-fRq+I9Bp0gdmw577ZM52d57o0nYSiIOpUPlSCUr2M0Jpun9Dtw3bsEv6IdtqzE+MqBXl5IZg9dnF4E0OMC6Igg==
- devextreme/22.2.11-build-23357-0113/css/dx.darkviolet.min.css: sha512-bU87WffjvUu5UIcb2qkH9tAiU1qcrMW55tiiwvMe/k9/ICmgkvsN0l62/Vf0NlgglIZlPIsWdmrhgDKaYu1cXg==
- devextreme/22.2.11-build-23357-0113/css/dx.material.teal.light.compact.min.css: sha512-JVLEjAgM+J99vADHpD3zO2Hhsjg8GQ6rkIG6zq9UFYqUwiDMFIqHpen88zkcOq00gFezAb1w1n04zeEsUEC7PA==
- devextreme/22.2.11-build-23357-0113/js/dx.aspnet.mvc.js: sha512-cWrHp00Zj7TxOUkKkiaXq5j4xZNDDG+NOGusAmyF9sYy+fKXGAxRVz2pxCmCpCnyVpgcUv2etLmDiZyHUR4ezg==
- devextreme/22.2.11-build-23357-0113/css/dx.material.blue.light.compact.css: sha512-XKMMbxRMmLxmO7PzoIgHmnc3dJcSHBN3Etmj4Gt8F3WfsPfFioS6U0I2VmAXJhYff8vmTzmkK+TP5s6qDFcfpQ==
- devextreme/22.2.11-build-23357-0113/css/dx.softblue.min.css: sha512-O2fQ0lls8Io86eqTPCmtJcJc8cpUkRTfnEkjhV6fsBEyalr0T0SpDd/8rsyHpytYSYA+G5JAAwVOLjX37V9k7g==
- devextreme/22.2.11-build-23357-0113/js/localization/dx.messages.zh.js: sha512-bgF7ej0UBNYPckCaw82WMDepuUfggrIol5Pel/NrVVa8irxLFnGyCpn2kyxq/OPAA8qzRW4eiobjK6GIJE8jkA==
- devextreme/22.2.11-build-23357-0113/js/vectormap-data/africa.js: sha512-/914vm1ix+/hIG0+pWQznBhQEDOHPn7c+l10UwxlgyTEqr1Dy9JHBh6BXNSw1MxRRVop6zH0+mAO0b0XF1+huw==
- devextreme/22.2.11-build-23357-0113/css/dx.greenmist.compact.min.css: sha512-3zUIq1TR9OUibo2qNkimfIV3AMrzBma0TM1mRBq4AEjkfN8W730cdgHWJSXM4QcZ6tQ60cpiWM8LpGQK1nAZFA==
- devextreme/22.2.11-build-23357-0113/css/dx.material.orange.light.compact.css: sha512-pq2RVCjRrR1KcJmtWe66lOSlEUcM5jnF2/uEUM/VX6f9SJd3jg7XewbZ0S1c//Tj11wROMfYxZxEbGHcemUspw==
- devextreme/22.2.11-build-23357-0113/js/localization/dx.messages.lt.min.js: sha512-9nkMbTM9AmNnzI8kzAhzqPcWS5rzixZJ8nzDYYbgz3tNSAzp3G6u3bnSEQ61S3BUh7OIv+hLPr9QRsxW+Fe2mw==
- devextreme/22.2.11-build-23357-0113/js/localization/dx.messages.nl.min.js: sha512-xEbqT0AR4vRgzHb8mjggIMvFx1jjvnjj6v6OxqH6/UA/uXDAQwwtE/O4kjnuuNKu+NVQBOQEVxtLFTi2Hcs+BQ==
- devextreme/22.2.11-build-23357-0113/css/dx.material.lime.dark.min.css: sha512-8yl/1eROfZDHOeXLdsP/GtxrualFOMeYIjSDaJAprBE1OWks9/3oRNprdC0sezfM4P1DblqrmoCSACwEkuS+Iw==
- devextreme/22.2.11-build-23357-0113/js/FileSaver.min.js: sha512-Qlv6VSKh1gDKGoJbnyA5RMXYcvnpIqhO++MhIM2fStMcGT9i2T//tSwYFlcyoRRDcDZ+TYHpH8azBBCyhpSeqw==
- devextreme/22.2.11-build-23357-0113/css/dx.material.lime.dark.compact.css: sha512-M5gBtbXGbrOHQ3h/gBQ28cTkNr53/Eo2SwkkDhBw8/ES1eSTFDi9uUVFMdQFv0OZOYd0PcI3bsTDjzckdaeXBA==
- devextreme/22.2.11-build-23357-0113/css/dx.material.purple.dark.compact.min.css: sha512-ikDJ5qCztgPJCxV6K+mSW7DgLd5MBGgZTEceIJvt+9fa6Q2JodpTbSQxzC2tbrddkLW3OYR0MTz3qb3LHv0NNg==
- devextreme/22.2.11-build-23357-0113/css/dx.material.purple.light.css: sha512-dFZvkomMzy6m6k+WUCKfi84AOCbwguPSx6QiKIiK8xx09L+MxmzUxG8nQMMrlwgc5i3M3Bmir6uzSsi7l9wtfA==
- devextreme/22.2.11-build-23357-0113/js/localization/dx.messages.ja.js: sha512-g1fJrX1vrcHnVolfFsPoziPU0yqN1yn4HSa7sOgiAt3lmuW8Mns6JINR3ryh9pLRchXYU5n65x7Kco2ardqVIg==
- devextreme/22.2.11-build-23357-0113/js/vectormap-data/world.min.js: sha512-M9MmhCV0942lQmJRhGDObxmMwAacN7x5taE5d6+HtezKnKaAPw9MBH65dICGdkbCsHcF1jANXnnvAOxGn+liZw==
- devextreme/22.2.11-build-23357-0113/css/dx.material.orange.light.compact.min.css: sha512-vWiP9Jiwc4ecZrWNTtz2+1hKy8JYKR9Q3ec75dUVsGrUhyf8CD389Upt8GFsv5Kzo23tW6EC69TR9CjEYwZ4SA==
- devextreme/22.2.11-build-23357-0113/js/localization/dx.messages.pt.js: sha512-Tg8exDZWGZAI0OdvjCvk6bYXht9IJVwm8geFlJHGUhE7TXOGpdsoYLnP3v8wUdHk7p8xRDsEA3TjPXMI+R1NRg==
- devextreme/22.2.11-build-23357-0113/js/localization/dx.messages.sl.min.js: sha512-/jhBF//sLTH8/EHDVxMQwj3GpOq7D9PUoAWl2/+1J7UxriFtP5c3ZVmRKyTPwN1yRC7Jxr4xaHV5MF3BG2Wq+A==
- devextreme/22.2.11-build-23357-0113/css/dx.light.min.css: sha512-GhPocr1jm46eRr/RIbZD6q/IbrJVXtY59tSyBOetcGwoeVRmovxMbal56Jg96FX/0QY6Y2xBoDz3dBrHHLcH4g==
- devextreme/22.2.11-build-23357-0113/css/dx.material.blue.light.css: sha512-Afel2Y+u7OojkG7kqbHSN/BQLwqms/agsgdmWj1LvwK8BPy+5dLIMao0l2q/IDNSbxs6sDWZ8QTsb30Aresm7A==
- devextreme/22.2.11-build-23357-0113/js/localization/dx.messages.tr.min.js: sha512-PReQiWDj89Z+71LrdSx0HcshOmD7aq2JAYNLiPdTTOr227Jjda9rTqJBGQowOybI2Vk6n+INnj/iFbespCXR4g==
- devextreme/22.2.11-build-23357-0113/js/localization/dx.messages.zh-tw.js: sha512-ViDW8yq2xar9LptRWjqIK3EIJgIswZ3nmsOBrNlNyBg7DNmjWK4WpwlR0PSzduAdCUKDnq7JCMUpPV0HdOeY3w==
- devextreme/22.2.11-build-23357-0113/js/vectormap-data/usa.min.js: sha512-Cz2QrXZkkz42uEXNZVXTSj5+knZ+BrHwn2GTKZm3n6bMq9S86AKg/V+fcTutVupKnNPEue+aV7jE8wM1TTYElQ==
- devextreme/22.2.11-build-23357-0113/css/dx.contrast.min.css: sha512-DHpBFW9T/Tgbs1D0pDRUagFoy5kI06dp2xqmGj3DoqVgbJnvEpcIrj71x/pkqnhym6WerZl/wjbhCBE90O0Njw==
- devextreme/22.2.11-build-23357-0113/css/dx.material.orange.dark.min.css: sha512-O2Rh0UN7wYBUGDj8FCzlndSZm22HyL3qREyKjSvIRSeT5+w/Pm6HO1c89cyi/+RTb0CKgrG1UecNo1gWewdPNA==
- devextreme/22.2.11-build-23357-0113/css/dx.material.purple.dark.compact.css: sha512-95p9VHClXZ/kOatEEUtOdydRsaC/7u5DnUA3PZRUUODY2BTOZpMoCxXXYh0/ntzC7YFxleaKS2Q0j8SrvzrXiw==
- devextreme/22.2.11-build-23357-0113/js/localization/dx.messages.el.min.js: sha512-E81oTXBJjM1BeWs4hHSaRQpEQJUcN9BP9YRwlVYqmdSt+Qap8s/8eaWukx+Kiza13dxRFNFCukkKHcLaAujV3g==
- devextreme/22.2.11-build-23357-0113/js/localization/dx.messages.fi.js: sha512-9YItgCB4JgqC1xeUKnWzGD9Hc0P8pQsJtcXBBKKlTH34UORjNykrmAmsE/SXBVQadSaL7mvNFU9dOLRNlL6ECQ==
- devextreme/22.2.11-build-23357-0113/css/dx.light.compact.min.css: sha512-AiNnM5EWXrZkX6/X9v2dCa7Nh3ZclukyF3LWnBkzhiC7Il72ODouLBwBta2QhezrhjxwZCGDg7zK02LdioQTJA==
- devextreme/22.2.11-build-23357-0113/css/dx.material.lime.dark.css: sha512-6HXFk6zwm8TOlgm0xfuePEvjjkddoOtRl/NfbMxXrIRXn/9Bq0f+fQljCCPZfe6Wkfab/Hggtnzs91p/o6agMA==
- devextreme/22.2.11-build-23357-0113/js/localization/dx.messages.ru.min.js: sha512-MLXwg+0jEY6LsTB5nFjztyptqU4l6kthlc9Q73hnr5n1fuvUrtecN9ZCjos9D3+qXTsqsUhYftwz65sGFKVrCQ==
- devextreme/22.2.11-build-23357-0113/js/vectormap-data/world.js: sha512-oCqwbaC/hljqrYHLNl1Nr4ttIJs/VcQpFvcVf3PnVwqqLVGCzBopJ4bpIiwjLsmsUbAFIbk3/0abXdAFdLHi1g==
- devextreme/22.2.11-build-23357-0113/js/localization/dx.messages.fr.min.js: sha512-M7wrcXlLb08PH5lmfyjgghtHtJ2RG/PL81qMtzGfB2wLVY1fdiVon/m45RkcLk7k2ODjjv7zpTT0BWwkVM5jjQ==
- devextreme/22.2.11-build-23357-0113/js/vectormap-data/usa.js: sha512-cDqaJzHm0ZNQLpy4Zo669gtMAMZRDrQp0Alqe4wRd008aoznjZnqEP/7viNLdirwc2MopZ2K8ECL0v9z7vOgnA==
- devextreme/22.2.11-build-23357-0113/css/dx.dark.compact.css: sha512-7FGy3ECg7UXkEqqUyO8FrHr9/WlwhglLPwexrJcF4LjjZCtJT6QeaBcdiL8UOhSR/aKqvJ7HIP0HQeSOBci9Ug==
- devextreme/22.2.11-build-23357-0113/css/dx.material.blue.dark.css: sha512-Nqg40NkiPTQga+9wIW01EjQfC8st603ZxgSK3MXP0kmwD+Ws6VRhns+WDVROs5BtzpSJOLMkLI7DiZp2GIQx3A==
- devextreme/22.2.11-build-23357-0113/css/dx.material.orange.dark.css: sha512-SD2RXaRCVBm6I5QpBnPcWuurmUNm+fzVGSdYekryTApE4apmZGzE7IbVKHzugNPxOmS6g4V1WxFN6SDBeUohtQ==
- devextreme/22.2.11-build-23357-0113/js/localization/dx.messages.ca.js: sha512-V0uzQlMzc4PiCkXi2xZ1W0muN+cpvVDPOoMylcCOlNlNOs7+sF4wN5/M7B8qu0E+tJmjKdtV5kRAjMtKaSxCvg==
- devextreme/22.2.11-build-23357-0113/js/localization/dx.messages.fi.min.js: sha512-TdYVZvFf0mIVyyynSeKXSXM1tsCQuKMZVt+jbcFEoL1fL1lCqVM7W/D+X2GvG4QIPL7rFRhPnXXPjqoMDQJygA==
- devextreme/22.2.11-build-23357-0113/css/dx.material.blue.light.compact.min.css: sha512-3YI8TJVbh/BTXLTrCAJMtP+X31Nz9ErOO6Dcwf988v9CPo6F+NoHueZLwQ1ut6Xv1vx6FjjgKPo1yRo26G11JQ==
- devextreme/22.2.11-build-23357-0113/css/dx.material.lime.light.compact.min.css: sha512-5neAkgudnN4w5PbTWIDviGje8AVPuQFWByjOglfVKYKE28Rh+7XtuEdLQYbsKV/zdQc9iZmj/FuDhmso3GHn7w==
- devextreme/22.2.11-build-23357-0113/css/dx.carmine.css: sha512-T9h/deSPca1aTbwenv3LKWuu5p5MOTDM4dXHTgwzinDHL87NhbBpCXAbJzmQDWCmCzib6KeIladgS2MmiavSkw==
- devextreme/22.2.11-build-23357-0113/css/dx.contrast.compact.css: sha512-3nYqGbfNBIT/OXptEkLozu8M26nan532NaTVg6oPoHWSQ2Rz52jamKyxFheQS233tx4tQmEdWPVFVf//PR+ugw==
- devextreme/22.2.11-build-23357-0113/css/dx.contrast.compact.min.css: sha512-+njt7lZEhhM17FgxpxHO+oH2GaFJy4yOKY1BlqF7Pkj7y6435ZI+35LYDXgoNyURWjhnOqIbrjh98Yuveb4qjA==
- devextreme/22.2.11-build-23357-0113/css/dx.dark.css: sha512-E+EKG9/MifUCxZoHdEJQentBwkh5vsvPZjG3mwWizMyUN4WlGz/XvLMsxCiCumBl0nmvjc0p39aHg5D3CmIq2A==
- devextreme/22.2.11-build-23357-0113/css/dx.dark.min.css: sha512-8F2487Xr/E/4teF4PP8Ebqg3OR/07RkL4mtkHFxk/X+Q0yPCSneLP/P/HXuUb0N4wqlLEyYCzd5uPt6apdZl3A==
- devextreme/22.2.11-build-23357-0113/js/vectormap-data/africa.min.js: sha512-2WWoeTeZq4x2f0lQVMPsOPWAxnJOxRvHV5YW7E+v3uRti+WvwSRXrKa5jZElHvZ53OZIrlAulpCVZ2E3KR+MDQ==
- devextreme/22.2.11-build-23357-0113/js/vectormap-data/eurasia.js: sha512-8dmydbdKJkQTaGlJ/HJTHnQgSzpOb3UoRVE1jax70uobi7sDs9oNMn0j01GiYPk7yBUGkS6H1qfFMnW7Trz0XA==
- devextreme/22.2.11-build-23357-0113/js/vectormap-data/eurasia.min.js: sha512-mI70Li1ga/62+SsHfP74wJvNhRaCkNwzySLmHlMPKcWYpTea12IReYj4a7yu2kAwfMDUDtFtaCKww82lkbdPpg==
- devextreme/22.2.11-build-23357-0113/css/dx.material.lime.light.compact.css: sha512-01hVVEgYKoCPelqXKbkaclfT5neVTRqgVcbzgoR6FpBV7uZ482pJQBDqayS0bhDcq/nls1/TDAIeC53RI2zskQ==
- devextreme/22.2.11-build-23357-0113/css/dx.material.purple.dark.css: sha512-EI/G9f7K5YLrZv3xjc7j3t48tK7QaSjJS/aeHyNed8N0HTbaoIlQ3mIkHxsoNQZJamBA4+l44jyda4tiZuiXvw==
- devextreme/22.2.11-build-23357-0113/js/dx.all.js: sha512-rzgdnAHMM3Zy2bnlZKB0vwZgOczB+hkVxuSJqavmdoqXtI2hlNc8dGdBusEn0fFHHpGxbqNN5b3Pe9/m2k8uiw==
- devextreme/22.2.11-build-23357-0113/js/dx.all.min.js: sha512-kvebBeWcPmz9QAa3BZ4EbJyDZlDaAyXfZtknrMci87snPTdDgbqMG2wblrrZeZWo7+/kpnHuOccFS/ksKRStIQ==
- devextreme/22.2.11-build-23357-0113/js/localization/dx.messages.ja.min.js: sha512-hwZg50LJXsPl1Yz63a5TUo4IrzTKmS4CpCUtA900I+OwujfFqZ60DCwTfy4q8GaT4cRdz7l3gJ7M/IASLnRabA==
- devextreme/22.2.11-build-23357-0113/css/dx.material.blue.dark.compact.min.css: sha512-qb+rgRvxscdFGl2oOgBHSVbFJBpMx1WQduSwiNq9AKIgntNd0vP40b+7q00BeRjYPitaR1fKlB6n3/GgB7khHA==
- devextreme/22.2.11-build-23357-0113/css/dx.material.orange.light.css: sha512-HNHx1dISYiMN6e63V8Pht5A9Eb9QoA87zzHVY903hEwNu7cUnl6mkC7Ve7/gzdGcWBiXofKA2j9CBFeumM+0Nw==
- devextreme/22.2.11-build-23357-0113/js/localization/dx.messages.ro.min.js: sha512-wUHW86hORzLB5cjZCMwTsdj9hQdnIyF4J++F7mjeV1JzkXM3Hokjp3r5Qwn98yWyQPxkaREe3WbAcDyf7nQYxA==
- devextreme/22.2.11-build-23357-0113/js/localization/dx.messages.sv.min.js: sha512-t+yPeefTMn1r78a8wmYGKQLBRQ7wNrKmRdM3yD2SAK6oIdO/JN6IFSDholkfmtaitDbneMatoCqAHXge4qne3Q==
