config: {"authors":[{"name":"Google Inc."}],"autoupdate":{"source":"npm","target":"@fontsource/arbutus","fileMap":[{"basePath":"","files":["*.css","files/*.@(woff|woff2)"]}],"excludeFromSearch":true},"description":"Self-host the Arbutus font in a neatly bundled NPM package.","filename":"index.css","homepage":"https://fontsource.org/fonts/arbutus","keywords":["fontsource","font","font family","google fonts","arbutus","Arbutus","css","sass","front-end","web","typeface","variable"],"license":"OFL-1.1","name":"fontsource-arbutus","repository":{"type":"git","url":"git+https://github.com/fontsource/font-files.git"},"author":"Google Inc."}
KV keys:
- fontsource-arbutus/5.0.3/400.css.br
- fontsource-arbutus/5.0.3/400.css.gz
- fontsource-arbutus/5.0.3/400.min.css.br
- fontsource-arbutus/5.0.3/400.min.css.gz
- fontsource-arbutus/5.0.3/files/arbutus-latin-400-normal.woff.br
- fontsource-arbutus/5.0.3/files/arbutus-latin-400-normal.woff.gz
- fontsource-arbutus/5.0.3/files/arbutus-latin-400-normal.woff2
- fontsource-arbutus/5.0.3/files/arbutus-latin-ext-400-normal.woff.br
- fontsource-arbutus/5.0.3/files/arbutus-latin-ext-400-normal.woff.gz
- fontsource-arbutus/5.0.3/files/arbutus-latin-ext-400-normal.woff2
- fontsource-arbutus/5.0.3/index.css.br
- fontsource-arbutus/5.0.3/index.css.gz
- fontsource-arbutus/5.0.3/index.min.css.br
- fontsource-arbutus/5.0.3/index.min.css.gz
- fontsource-arbutus/5.0.3/latin-400.css.br
- fontsource-arbutus/5.0.3/latin-400.css.gz
- fontsource-arbutus/5.0.3/latin-400.min.css.br
- fontsource-arbutus/5.0.3/latin-400.min.css.gz
- fontsource-arbutus/5.0.3/latin-ext-400.css.br
- fontsource-arbutus/5.0.3/latin-ext-400.css.gz
- fontsource-arbutus/5.0.3/latin-ext-400.min.css.br
- fontsource-arbutus/5.0.3/latin-ext-400.min.css.gz
- fontsource-arbutus/5.0.3/latin-ext.css.br
- fontsource-arbutus/5.0.3/latin-ext.css.gz
- fontsource-arbutus/5.0.3/latin-ext.min.css.br
- fontsource-arbutus/5.0.3/latin-ext.min.css.gz
- fontsource-arbutus/5.0.3/latin.css.br
- fontsource-arbutus/5.0.3/latin.css.gz
- fontsource-arbutus/5.0.3/latin.min.css.br
- fontsource-arbutus/5.0.3/latin.min.css.gz
SRIs:
- fontsource-arbutus/5.0.3/index.min.css: sha512-lbs1vTaEPu3v8fT8z9JStC4P7ppjgyk+Kc5u2XEpifI0dy9Gj2zUEBeHMI1CvBPSDj4zSEeV4180f+ErHymPHQ==
- fontsource-arbutus/5.0.3/latin-400.css: sha512-I0cecEbOzSVzO1iwbfIgaZogmyV9zwGzwgrh68UXDcXjD8FkQ3CtYpe1Ni7dNIq6Lgx0W/hrepZDPvFG5vLcaw==
- fontsource-arbutus/5.0.3/latin-ext-400.css: sha512-3g2BXeuxR8FFPSfvsI83I95l8glb+4r5RphLYaCohRATATdgLqUpvIfHuPW09jsPEvg3NQkOyTZgeKTvXpR+aw==
- fontsource-arbutus/5.0.3/latin-ext.css: sha512-3g2BXeuxR8FFPSfvsI83I95l8glb+4r5RphLYaCohRATATdgLqUpvIfHuPW09jsPEvg3NQkOyTZgeKTvXpR+aw==
- fontsource-arbutus/5.0.3/latin.min.css: sha512-OhbqD+HWfYJAuZgFzHl+skfqmdwfybs1YBMmeGouevI/6FmonyErwi/rvoUxdLI01HZGA+1OQBytoAqgu6qXVQ==
- fontsource-arbutus/5.0.3/400.min.css: sha512-lbs1vTaEPu3v8fT8z9JStC4P7ppjgyk+Kc5u2XEpifI0dy9Gj2zUEBeHMI1CvBPSDj4zSEeV4180f+ErHymPHQ==
- fontsource-arbutus/5.0.3/index.css: sha512-FPgmJ0eiKP8ehPwxangpMv6J1dDUjbJ8a4Y+ErJ+9Z+z7xCBYOxiQ3ylFlJZKDAA/0JAV4Tf63nR7Vbw8SH2ZA==
- fontsource-arbutus/5.0.3/latin-ext-400.min.css: sha512-KpqqrRrI4OJlKtSYErbXZsvA5CS+LpcmD8L+s2m8dFXrQAZeP3ORFPWG3AcE2wV0CU6pSnXGsXd4rCIBfhD3KQ==
- fontsource-arbutus/5.0.3/latin-ext.min.css: sha512-KpqqrRrI4OJlKtSYErbXZsvA5CS+LpcmD8L+s2m8dFXrQAZeP3ORFPWG3AcE2wV0CU6pSnXGsXd4rCIBfhD3KQ==
- fontsource-arbutus/5.0.3/latin.css: sha512-I0cecEbOzSVzO1iwbfIgaZogmyV9zwGzwgrh68UXDcXjD8FkQ3CtYpe1Ni7dNIq6Lgx0W/hrepZDPvFG5vLcaw==
- fontsource-arbutus/5.0.3/400.css: sha512-FPgmJ0eiKP8ehPwxangpMv6J1dDUjbJ8a4Y+ErJ+9Z+z7xCBYOxiQ3ylFlJZKDAA/0JAV4Tf63nR7Vbw8SH2ZA==
- fontsource-arbutus/5.0.3/latin-400.min.css: sha512-OhbqD+HWfYJAuZgFzHl+skfqmdwfybs1YBMmeGouevI/6FmonyErwi/rvoUxdLI01HZGA+1OQBytoAqgu6qXVQ==
