config: {"authors":[{"name":"NAVER Corp."}],"autoupdate":{"source":"npm","target":"@egjs/axes","fileMap":[{"basePath":"dist","files":["**/!(*.esm.js|*.esm.js.map)"]}]},"description":"A module used to change the information of user action entered by various input devices such as touch screen or mouse into the logical virtual coordinates. You can easily create a UI that responds to user actions.","filename":"axes.min.js","homepage":"https://naver.github.io/egjs-axes/","keywords":["egjs","axes","virtual-scroll","javascript","cartesian","coordinate"],"license":"MIT","name":"egjs-axes","repository":{"type":"git","url":"https://github.com/naver/egjs-axes"},"author":"NAVER Corp."}
KV keys:
- egjs-axes/3.9.1/axes.cjs.js.br
- egjs-axes/3.9.1/axes.cjs.js.gz
- egjs-axes/3.9.1/axes.cjs.js.map.br
- egjs-axes/3.9.1/axes.cjs.js.map.gz
- egjs-axes/3.9.1/axes.cjs.min.js.br
- egjs-axes/3.9.1/axes.cjs.min.js.gz
- egjs-axes/3.9.1/axes.js.br
- egjs-axes/3.9.1/axes.js.gz
- egjs-axes/3.9.1/axes.js.map.br
- egjs-axes/3.9.1/axes.js.map.gz
- egjs-axes/3.9.1/axes.min.js.br
- egjs-axes/3.9.1/axes.min.js.gz
- egjs-axes/3.9.1/axes.min.js.map.br
- egjs-axes/3.9.1/axes.min.js.map.gz
- egjs-axes/3.9.1/axes.pkgd.js.br
- egjs-axes/3.9.1/axes.pkgd.js.gz
- egjs-axes/3.9.1/axes.pkgd.js.map.br
- egjs-axes/3.9.1/axes.pkgd.js.map.gz
- egjs-axes/3.9.1/axes.pkgd.min.js.br
- egjs-axes/3.9.1/axes.pkgd.min.js.gz
- egjs-axes/3.9.1/axes.pkgd.min.js.map.br
- egjs-axes/3.9.1/axes.pkgd.min.js.map.gz
SRIs:
- egjs-axes/3.9.1/axes.cjs.js: sha512-1kd8b6rMJnBVMUd5Rvlp6EBNvshfGjnUA8K/1Z6/n4ZA5T6VK9rlF1hIBeJhCWis1aFaGUlPeQ9DCNnZAum2Uw==
- egjs-axes/3.9.1/axes.cjs.min.js: sha512-JqHCLTw93J4ODljI43xl7UXRGq4YBelOhjHs8mn4IdYyH7h3cgMJeC0s8JviMkxED24vNhW4gWqBtYqQuiI2fg==
- egjs-axes/3.9.1/axes.js: sha512-dZ0mAGBQ3wsDL2GPkTTTySEh/kIZl/fmrvS3gtj3Pa5JOzglYS21DUTjveNJV3vBcVr5QFETNCTu7ruR6Rb3kw==
- egjs-axes/3.9.1/axes.min.js: sha512-uSL92exC8LZ20yVEPqBLN2R97IwQgAtLAsIleTJtEQQR7vQUKxTaGWc99fPuU/fWABMXE8dloRY4e9YMH2wvCw==
- egjs-axes/3.9.1/axes.pkgd.js: sha512-lYCvCoh7haMFI9f2lhf6sJrLlA5WF4msyyFd6Vzy6D/4lIjDtOmcu/TPUUKprdUnVrv2vZlFERAO7rR0uaLFmw==
- egjs-axes/3.9.1/axes.pkgd.min.js: sha512-u88MxiXu8wyxYp+zmfbNvnJExsawYGLWza6oRz7w0m2CoOiziU+lIb9eVz8558LVCzKgDRe1o5McV1RpvJIhYw==
