config: {"authors":[{"name":"Robert Wagner","email":"rwwagner90@gmail.com"}],"autoupdate":{"source":"npm","target":"shepherd.js","fileMap":[{"basePath":"dist","files":["**/*.@(js|css|map)"]}]},"description":"Guide your users through a tour of your app.","filename":"js/shepherd.min.js","homepage":"https://shepherdjs.dev","keywords":["site tour","tour","tutorial","shepherd"],"license":"MIT","name":"shepherd.js","repository":{"type":"git","url":"git+https://github.com/shipshapecode/shepherd.git"},"author":"Robert Wagner \u003crwwagner90@gmail.com\u003e"}
KV keys:
- shepherd.js/11.0.0/css/shepherd.css.br
- shepherd.js/11.0.0/css/shepherd.css.gz
- shepherd.js/11.0.0/css/shepherd.min.css.br
- shepherd.js/11.0.0/css/shepherd.min.css.gz
- shepherd.js/11.0.0/js/shepherd.esm.js.br
- shepherd.js/11.0.0/js/shepherd.esm.js.gz
- shepherd.js/11.0.0/js/shepherd.esm.js.map.br
- shepherd.js/11.0.0/js/shepherd.esm.js.map.gz
- shepherd.js/11.0.0/js/shepherd.esm.min.js.br
- shepherd.js/11.0.0/js/shepherd.esm.min.js.gz
- shepherd.js/11.0.0/js/shepherd.esm.min.js.map.br
- shepherd.js/11.0.0/js/shepherd.esm.min.js.map.gz
- shepherd.js/11.0.0/js/shepherd.js.br
- shepherd.js/11.0.0/js/shepherd.js.gz
- shepherd.js/11.0.0/js/shepherd.js.map.br
- shepherd.js/11.0.0/js/shepherd.js.map.gz
- shepherd.js/11.0.0/js/shepherd.min.js.br
- shepherd.js/11.0.0/js/shepherd.min.js.gz
- shepherd.js/11.0.0/js/shepherd.min.js.map.br
- shepherd.js/11.0.0/js/shepherd.min.js.map.gz
SRIs:
- shepherd.js/11.0.0/js/shepherd.esm.min.js: sha512-0r4GFPmvc7DZ0SSoUuCuRo8r1U9turQvTR6qqHq9sV5oaByL/qHkntCPWRJc3lpNMvryNwim5jJfiHegRY1zBQ==
- shepherd.js/11.0.0/js/shepherd.js: sha512-Vk+rIOuaghyIGGthf4LRh1UKRHjiY9TR1BmXWnTDyr1j+MbOwaIu4uZ6XfScj6smc/q7+DCAKPctS+Djgu014A==
- shepherd.js/11.0.0/js/shepherd.min.js: sha512-nlkEfhgLDOKWxp7Rp3Ahff/5VgL9TZWM9nbAtZxTJVd0aWWnNqN4GyHtaYVKkeGflpDXDPnn7ZTAr07owdsyIQ==
- shepherd.js/11.0.0/css/shepherd.css: sha512-Nt4iMiqRumUbivLZoP7YOWEI5unLFL7vgncYCX/PnzAyXSceWf1o6sPIgwuIiWfMyXSHLQt0+UwD2nKBheiSVQ==
- shepherd.js/11.0.0/css/shepherd.min.css: sha512-B/jBsZ5GJKmb99JjqVUsP6NLf0dHi9hbbviMlYzrIxUAsQqmnV4rzQc4Kq9wBLdc478s665nmbVWXFpDNpUM3w==
- shepherd.js/11.0.0/js/shepherd.esm.js: sha512-3MB2CCS74Ehr2aWnuLYI7DRX2MPa3OwQisWqWRzjC8bXomOd58sp5JtuXIqzhC1g+lBQ5GGo3eda/kybMEuECw==
