config: {"autoupdate":{"source":"npm","target":"@bokeh/bokehjs","fileMap":[{"basePath":"build/js","files":["bokeh*.!(json)"]},{"basePath":"build/css","files":["bokeh*"]}],"ignoreVersions":["1.3.2-dev2"]},"description":"Interactive, novel data visualization","filename":"bokeh.min.js","homepage":"https://docs.bokeh.org/en/latest/","keywords":["bokeh","datavis","dataviz","visualization","plotting","plot","graph"],"license":"BSD-3-Clause","name":"bokeh","repository":{"type":"git","url":"git://github.com/bokeh/bokeh.git"}}
KV keys:
- bokeh/3.0.3/bokeh-api.esm.min.js.br
- bokeh/3.0.3/bokeh-api.esm.min.js.gz
- bokeh/3.0.3/bokeh-api.min.js.br
- bokeh/3.0.3/bokeh-api.min.js.gz
- bokeh/3.0.3/bokeh-gl.esm.min.js.br
- bokeh/3.0.3/bokeh-gl.esm.min.js.gz
- bokeh/3.0.3/bokeh-gl.min.js.br
- bokeh/3.0.3/bokeh-gl.min.js.gz
- bokeh/3.0.3/bokeh-mathjax.esm.min.js.br
- bokeh/3.0.3/bokeh-mathjax.esm.min.js.gz
- bokeh/3.0.3/bokeh-mathjax.min.js.br
- bokeh/3.0.3/bokeh-mathjax.min.js.gz
- bokeh/3.0.3/bokeh-tables.esm.min.js.br
- bokeh/3.0.3/bokeh-tables.esm.min.js.gz
- bokeh/3.0.3/bokeh-tables.min.js.br
- bokeh/3.0.3/bokeh-tables.min.js.gz
- bokeh/3.0.3/bokeh-widgets.esm.min.js.br
- bokeh/3.0.3/bokeh-widgets.esm.min.js.gz
- bokeh/3.0.3/bokeh-widgets.min.js.br
- bokeh/3.0.3/bokeh-widgets.min.js.gz
- bokeh/3.0.3/bokeh.esm.min.js.br
- bokeh/3.0.3/bokeh.esm.min.js.gz
- bokeh/3.0.3/bokeh.min.js.br
- bokeh/3.0.3/bokeh.min.js.gz
SRIs:
- bokeh/3.0.3/bokeh-mathjax.min.js: sha512-sSny444s+Qlfa8oGRgnifR4gIGCwkwSaIhhFilGrayOrA0iYCFlLINjK78Qq5JkG1u2ZmyWQUrNffEcT+/KvBw==
- bokeh/3.0.3/bokeh-tables.min.js: sha512-8pfKSGkBOcZqPob4fnIGKYshZ1ZHMQShNCTHNO3GqDEpHj/uNUggZe8H/JSLE17halAf97xHrexPTWOM9mmZ9g==
- bokeh/3.0.3/bokeh-widgets.esm.min.js: sha512-UimnePS6w7s1wjbdoKzOggGT8YBlCWEX1K+3inTO8FJ6oKAHY2BZ5Wi1r9xK3J/7yvRqvDxCZedwhCZsy7i9qg==
- bokeh/3.0.3/bokeh-widgets.min.js: sha512-TfvxSt2tvu7nJma3xw8vb7kK4nZK456Z7siZpBfWrfYxuBFQBS5zKefy0NUea50/mox8gDwwh0CluL3Hy2LxXA==
- bokeh/3.0.3/bokeh-api.min.js: sha512-ow1KpdJ3bQvjwnRIazztHEEaZlDxaZbnWBCnHPMwQPh5ngdgddPtaWSe2FIPostORWjGMADErT0zX9jlBMpRjA==
- bokeh/3.0.3/bokeh-gl.esm.min.js: sha512-yz6EvnE1FegDiMfAthma0r+Bm40ik/yyZUDP3Y8PVnbJF8HhEnzT05qSYshX3vDD4Yr3t55TP1vCLZRdnXzBAQ==
- bokeh/3.0.3/bokeh-gl.min.js: sha512-6h1JmepUs/kTs7x7PesesdD0tnEFaWOslv753FwO/IFM61sRI35A1PhGX95ex5Ni3VHrByuWukpvjK89rETmaQ==
- bokeh/3.0.3/bokeh.esm.min.js: sha512-b8cP7hPBoNreFD1ZRdil5mvDr0bkLvKxLuHVc8RNIF79ehqHhAa1CzdEwv7bTIRNEl+Y8cHdNoQPJWnJH0AUAg==
- bokeh/3.0.3/bokeh.min.js: sha512-wP1tBxTwcRUS6tKS9EYT1HZ3zpnqNOtWzQlxpGrqYbAY3TqmYLKe4NrnwhETIB5KkkPiG/i+JkTvwA+dH6Jy4Q==
- bokeh/3.0.3/bokeh-api.esm.min.js: sha512-+AOU12jvMoXaSkaESJiEtvfgn4Jh9ggDTYoZVRoN7Bh+oDMZXjpHGhTN/5kLqWnMEnc+IgdH+sn+hPUKjwLniQ==
- bokeh/3.0.3/bokeh-mathjax.esm.min.js: sha512-J91+aX7R33VQugmrX4ba+z+o6aB3Ya+ABWAPiefU/dtVXU0CEwz0uQ9nXPHOzaftu99lOiktHyx76dAt/esJhA==
- bokeh/3.0.3/bokeh-tables.esm.min.js: sha512-zo1HhBZXphjcq4NlwE4J7y8yfOfwQn53vdP2z9IFx67pCyatvDt4w+20/NNY8P9nhAU8b6I2Gy/I8+po5N1O8w==
