config: {"authors":[{"name":"Google Inc."}],"autoupdate":{"source":"npm","target":"@fontsource/alef","fileMap":[{"basePath":"","files":["*.css","files/*.@(woff|woff2)"]}],"excludeFromSearch":true},"description":"Self-host the Alef font in a neatly bundled NPM package.","filename":"index.css","homepage":"https://fontsource.org/fonts/alef","keywords":["fontsource","font","font family","google fonts","alef","Alef","css","sass","front-end","web","typeface","variable"],"license":"OFL-1.1","name":"fontsource-alef","repository":{"type":"git","url":"git+https://github.com/fontsource/font-files.git"},"author":"Google Inc."}
KV keys:
- fontsource-alef/5.0.2/400.css.br
- fontsource-alef/5.0.2/400.css.gz
- fontsource-alef/5.0.2/400.min.css.br
- fontsource-alef/5.0.2/400.min.css.gz
- fontsource-alef/5.0.2/700.css.br
- fontsource-alef/5.0.2/700.css.gz
- fontsource-alef/5.0.2/700.min.css.br
- fontsource-alef/5.0.2/700.min.css.gz
- fontsource-alef/5.0.2/files/alef-hebrew-400-normal.woff.br
- fontsource-alef/5.0.2/files/alef-hebrew-400-normal.woff.gz
- fontsource-alef/5.0.2/files/alef-hebrew-400-normal.woff2
- fontsource-alef/5.0.2/files/alef-hebrew-700-normal.woff.br
- fontsource-alef/5.0.2/files/alef-hebrew-700-normal.woff.gz
- fontsource-alef/5.0.2/files/alef-hebrew-700-normal.woff2
- fontsource-alef/5.0.2/files/alef-latin-400-normal.woff.br
- fontsource-alef/5.0.2/files/alef-latin-400-normal.woff.gz
- fontsource-alef/5.0.2/files/alef-latin-400-normal.woff2
- fontsource-alef/5.0.2/files/alef-latin-700-normal.woff.br
- fontsource-alef/5.0.2/files/alef-latin-700-normal.woff.gz
- fontsource-alef/5.0.2/files/alef-latin-700-normal.woff2
- fontsource-alef/5.0.2/hebrew-400.css.br
- fontsource-alef/5.0.2/hebrew-400.css.gz
- fontsource-alef/5.0.2/hebrew-400.min.css.br
- fontsource-alef/5.0.2/hebrew-400.min.css.gz
- fontsource-alef/5.0.2/hebrew-700.css.br
- fontsource-alef/5.0.2/hebrew-700.css.gz
- fontsource-alef/5.0.2/hebrew-700.min.css.br
- fontsource-alef/5.0.2/hebrew-700.min.css.gz
- fontsource-alef/5.0.2/hebrew.css.br
- fontsource-alef/5.0.2/hebrew.css.gz
- fontsource-alef/5.0.2/hebrew.min.css.br
- fontsource-alef/5.0.2/hebrew.min.css.gz
- fontsource-alef/5.0.2/index.css.br
- fontsource-alef/5.0.2/index.css.gz
- fontsource-alef/5.0.2/index.min.css.br
- fontsource-alef/5.0.2/index.min.css.gz
- fontsource-alef/5.0.2/latin-400.css.br
- fontsource-alef/5.0.2/latin-400.css.gz
- fontsource-alef/5.0.2/latin-400.min.css.br
- fontsource-alef/5.0.2/latin-400.min.css.gz
- fontsource-alef/5.0.2/latin-700.css.br
- fontsource-alef/5.0.2/latin-700.css.gz
- fontsource-alef/5.0.2/latin-700.min.css.br
- fontsource-alef/5.0.2/latin-700.min.css.gz
- fontsource-alef/5.0.2/latin.css.br
- fontsource-alef/5.0.2/latin.css.gz
- fontsource-alef/5.0.2/latin.min.css.br
- fontsource-alef/5.0.2/latin.min.css.gz
SRIs:
- fontsource-alef/5.0.2/700.min.css: sha512-nKPJgR3rX/6KIK8Xn2lrJuwRmdxcR9HiB4EAJmOILMyn+v8TtH6Mxp3GM1Fm0sDGOgIJvPTvqFOP6QErS+XYcg==
- fontsource-alef/5.0.2/hebrew-400.css: sha512-j+6O7qH0bQNckUzq7wA7pvXwB9yUdJ/bOhsc5G27sE1jbbUmaMmym27apzAOi2fi+4kTrqyTYauWFVY35Yp4Mg==
- fontsource-alef/5.0.2/hebrew-400.min.css: sha512-fubCavieckQYlPRPjv3vxxRjjaVG66EaNEcVnPG6UvIXrWCGY/HJ2NZ4bODVjIpeCS8VXo0HizTCIOfimbK3+w==
- fontsource-alef/5.0.2/hebrew.min.css: sha512-PW1S2wcEP3hrz3CvvRJqgaOF9WUDiZeEipPFvpSOBf9/vVfPE8RyjeOO0fSNDqsyoye7I+wR393LuhTHFFqoRg==
- fontsource-alef/5.0.2/latin-400.css: sha512-1TCGoJJpS3seWOU8xLbYHW2q4WujQgExFGGdQI2n8hS/HXxP1p0OXom/s5VLug3fa+XLqSuw3O/38OaEY2RiUQ==
- fontsource-alef/5.0.2/latin.min.css: sha512-hdzCUOnTYPoVfjfwKIiaf6rqI/6pTzZ0MgNq0fAIJXkd5HsjT1WK52OIJEIb2CJz2L8PlsFQcv2CX8hkNfRQCQ==
- fontsource-alef/5.0.2/latin.css: sha512-hfT8dUYf8g2KVpr6Up/+HTDRdUWBDWJcVfOh5oFlicjfNUQcPehZfIqMTM88oZwSJEn38GM6RONf8UzqR32gnA==
- fontsource-alef/5.0.2/400.min.css: sha512-JEw8B9VtoZ2aMX/K+Q76ObxeorPADKwUlmQxNtpzU0SxgTVhynaqK/sbQOoHJBsCiWxh/gW35p0cT7UUAVzKGQ==
- fontsource-alef/5.0.2/hebrew-700.css: sha512-VuRqShfd51cE4FeWsmVaXOFNqYFge7RWZkTZ5Eoctv06TOs498j+AB0Rp5wCpiTm/fjO2uqr99iEeup7cC4ZnQ==
- fontsource-alef/5.0.2/hebrew.css: sha512-57gEav4RzlvVQAUheJEvpwPePkckdYBjPho2fh53XCbQyz+IWRYj0AYywnS1ppj1TOlDfS7accOAMKCahyiUmg==
- fontsource-alef/5.0.2/index.css: sha512-8uZymKItJcbNVuOTEHjH6dUzheTflrHBdW0EQWQbWsKnyZOxowFTO3aa9thdIIq5EZDZyIq7pA9NuRMIfLR9xg==
- fontsource-alef/5.0.2/latin-400.min.css: sha512-lak8poSs114C1sDDOUk+T3h8VynbWP11ZlgmAy0rEL/k4caQiY/3+C9WRL2WEL5YuwJvAnfeLtB0UAjsif0uEg==
- fontsource-alef/5.0.2/latin-700.css: sha512-7ORZop2CMI9ZRy+A+wOvGMC4u9XqKTgb/ZKcxLgpq6MwQZAA7IXOI1Qe0aWodHpSfwyqf2AcL7rOzEuvZcMGjA==
- fontsource-alef/5.0.2/700.css: sha512-xol1xhH7/NO5bdkskEsd0+7xe3fOUqSqxHwg/85kXqakqoSYQykwDEY14jTEMMtHy7mAwAJkqZrVYboT/U2GhA==
- fontsource-alef/5.0.2/index.min.css: sha512-JEw8B9VtoZ2aMX/K+Q76ObxeorPADKwUlmQxNtpzU0SxgTVhynaqK/sbQOoHJBsCiWxh/gW35p0cT7UUAVzKGQ==
- fontsource-alef/5.0.2/400.css: sha512-8uZymKItJcbNVuOTEHjH6dUzheTflrHBdW0EQWQbWsKnyZOxowFTO3aa9thdIIq5EZDZyIq7pA9NuRMIfLR9xg==
- fontsource-alef/5.0.2/hebrew-700.min.css: sha512-XCVzZIE/nkpwaUSZKJ3uJVbSUo0YpdfnFGpIiVSmOs2EC98N1yHUZQ70RiDvs2T4QQMV71cjCUwNyS5r1Nlx0g==
- fontsource-alef/5.0.2/latin-700.min.css: sha512-VC30prXmyinA+GqKvuEUqe5AA22pZLTQUSZ8a6rhu4JC1o75pdFaw6vJuEYE5JglOcla7kFcZ4wvrgtxN8k2/w==
