Files:
- fontsource-la-belle-aurore/4.5.9/400.css.br
- fontsource-la-belle-aurore/4.5.9/400.css.gz
- fontsource-la-belle-aurore/4.5.9/400.min.css.br
- fontsource-la-belle-aurore/4.5.9/400.min.css.gz
- fontsource-la-belle-aurore/4.5.9/files/la-belle-aurore-all-400-normal.woff.br
- fontsource-la-belle-aurore/4.5.9/files/la-belle-aurore-all-400-normal.woff.gz
- fontsource-la-belle-aurore/4.5.9/files/la-belle-aurore-latin-400-normal.woff.br
- fontsource-la-belle-aurore/4.5.9/files/la-belle-aurore-latin-400-normal.woff.gz
- fontsource-la-belle-aurore/4.5.9/files/la-belle-aurore-latin-400-normal.woff2
- fontsource-la-belle-aurore/4.5.9/index.css.br
- fontsource-la-belle-aurore/4.5.9/index.css.gz
- fontsource-la-belle-aurore/4.5.9/index.min.css.br
- fontsource-la-belle-aurore/4.5.9/index.min.css.gz
- fontsource-la-belle-aurore/4.5.9/latin-400.css.br
- fontsource-la-belle-aurore/4.5.9/latin-400.css.gz
- fontsource-la-belle-aurore/4.5.9/latin-400.min.css.br
- fontsource-la-belle-aurore/4.5.9/latin-400.min.css.gz
- fontsource-la-belle-aurore/4.5.9/latin.css.br
- fontsource-la-belle-aurore/4.5.9/latin.css.gz
- fontsource-la-belle-aurore/4.5.9/latin.min.css.br
- fontsource-la-belle-aurore/4.5.9/latin.min.css.gz
