2022/01/02 04:37:15 optimizing files (Js true, Css true, Png true, Jpg true)
2022/01/02 04:37:15 compress: run /node_modules/uglify-js/bin/uglifyjs --mangle --compress if_return=true -o /tmp/work/dist/html2canvas.esm.min.js /tmp/work/dist/html2canvas.esm.js
2022/01/02 04:37:15 /tmp/work/dist/html2canvas.min.js.min.js compressed file already exists
2022/01/02 04:37:15 compressed file already exists: /tmp/work/dist/html2canvas.min.js
2022/01/02 04:37:15 sri /tmp/work/dist/html2canvas.min.js -> /output/html2canvas.min.js.sri
2022/01/02 04:37:15 algorithm: run /usr/bin/brotli --quality=11 --output=/output/html2canvas.min.js.br /tmp/work/dist/html2canvas.min.js
2022/01/02 04:37:15 sri /tmp/work/dist/html2canvas.js -> /output/html2canvas.js.sri
2022/01/02 04:37:15 algorithm: run /usr/bin/brotli --quality=11 --output=/output/html2canvas.js.br /tmp/work/dist/html2canvas.js
2022/01/02 04:37:16 br /tmp/work/dist/html2canvas.min.js -> /output/html2canvas.min.js.br
2022/01/02 04:37:16 gz /tmp/work/dist/html2canvas.min.js -> /output/html2canvas.min.js.gz
2022/01/02 04:37:16 br /tmp/work/dist/html2canvas.js -> /output/html2canvas.js.br
2022/01/02 04:37:16 gz /tmp/work/dist/html2canvas.js -> /output/html2canvas.js.gz
2022/01/02 04:37:18 sri /tmp/work/dist/html2canvas.esm.min.js -> /output/html2canvas.esm.min.js.sri
2022/01/02 04:37:18 algorithm: run /usr/bin/brotli --quality=11 --output=/output/html2canvas.esm.min.js.br /tmp/work/dist/html2canvas.esm.min.js
2022/01/02 04:37:19 br /tmp/work/dist/html2canvas.esm.min.js -> /output/html2canvas.esm.min.js.br
2022/01/02 04:37:19 gz /tmp/work/dist/html2canvas.esm.min.js -> /output/html2canvas.esm.min.js.gz
2022/01/02 04:37:19 sri /tmp/work/dist/html2canvas.esm.js -> /output/html2canvas.esm.js.sri
2022/01/02 04:37:19 algorithm: run /usr/bin/brotli --quality=11 --output=/output/html2canvas.esm.js.br /tmp/work/dist/html2canvas.esm.js
2022/01/02 04:37:20 br /tmp/work/dist/html2canvas.esm.js -> /output/html2canvas.esm.js.br
2022/01/02 04:37:20 gz /tmp/work/dist/html2canvas.esm.js -> /output/html2canvas.esm.js.gz
2022/01/02 04:37:20 processed html2canvas
