config: {"authors":[{"name":"Guy Bedford"}],"autoupdate":{"source":"npm","target":"systemjs","fileMap":[{"basePath":"dist","files":["**/*"]}]},"description":"Universal dynamic module loader","filename":"system.min.js","keywords":["systemjs"],"license":"MIT","name":"systemjs","repository":{"type":"git","url":"git://github.com/systemjs/systemjs"},"author":"Guy Bedford"}
KV keys:
- systemjs/6.12.2/extras/amd.js.br
- systemjs/6.12.2/extras/amd.js.gz
- systemjs/6.12.2/extras/amd.min.js.br
- systemjs/6.12.2/extras/amd.min.js.gz
- systemjs/6.12.2/extras/amd.min.js.map.br
- systemjs/6.12.2/extras/amd.min.js.map.gz
- systemjs/6.12.2/extras/dynamic-import-maps.js.br
- systemjs/6.12.2/extras/dynamic-import-maps.js.gz
- systemjs/6.12.2/extras/dynamic-import-maps.min.js.br
- systemjs/6.12.2/extras/dynamic-import-maps.min.js.gz
- systemjs/6.12.2/extras/dynamic-import-maps.min.js.map.br
- systemjs/6.12.2/extras/dynamic-import-maps.min.js.map.gz
- systemjs/6.12.2/extras/global.js.br
- systemjs/6.12.2/extras/global.js.gz
- systemjs/6.12.2/extras/global.min.js.br
- systemjs/6.12.2/extras/global.min.js.gz
- systemjs/6.12.2/extras/global.min.js.map.br
- systemjs/6.12.2/extras/global.min.js.map.gz
- systemjs/6.12.2/extras/module-types.js.br
- systemjs/6.12.2/extras/module-types.js.gz
- systemjs/6.12.2/extras/module-types.min.js.br
- systemjs/6.12.2/extras/module-types.min.js.gz
- systemjs/6.12.2/extras/module-types.min.js.map.br
- systemjs/6.12.2/extras/module-types.min.js.map.gz
- systemjs/6.12.2/extras/named-exports.js.br
- systemjs/6.12.2/extras/named-exports.js.gz
- systemjs/6.12.2/extras/named-exports.min.js.br
- systemjs/6.12.2/extras/named-exports.min.js.gz
- systemjs/6.12.2/extras/named-exports.min.js.map.br
- systemjs/6.12.2/extras/named-exports.min.js.map.gz
- systemjs/6.12.2/extras/named-register.js.br
- systemjs/6.12.2/extras/named-register.js.gz
- systemjs/6.12.2/extras/named-register.min.js.br
- systemjs/6.12.2/extras/named-register.min.js.gz
- systemjs/6.12.2/extras/named-register.min.js.map.br
- systemjs/6.12.2/extras/named-register.min.js.map.gz
- systemjs/6.12.2/extras/transform.js.br
- systemjs/6.12.2/extras/transform.js.gz
- systemjs/6.12.2/extras/transform.min.js.br
- systemjs/6.12.2/extras/transform.min.js.gz
- systemjs/6.12.2/extras/transform.min.js.map.br
- systemjs/6.12.2/extras/transform.min.js.map.gz
- systemjs/6.12.2/extras/use-default.js.br
- systemjs/6.12.2/extras/use-default.js.gz
- systemjs/6.12.2/extras/use-default.min.js.br
- systemjs/6.12.2/extras/use-default.min.js.gz
- systemjs/6.12.2/extras/use-default.min.js.map.br
- systemjs/6.12.2/extras/use-default.min.js.map.gz
- systemjs/6.12.2/s.js.br
- systemjs/6.12.2/s.js.gz
- systemjs/6.12.2/s.min.js.br
- systemjs/6.12.2/s.min.js.gz
- systemjs/6.12.2/s.min.js.map.br
- systemjs/6.12.2/s.min.js.map.gz
- systemjs/6.12.2/system-node.cjs.br
- systemjs/6.12.2/system-node.cjs.gz
- systemjs/6.12.2/system.js.br
- systemjs/6.12.2/system.js.gz
- systemjs/6.12.2/system.min.js.br
- systemjs/6.12.2/system.min.js.gz
- systemjs/6.12.2/system.min.js.map.br
- systemjs/6.12.2/system.min.js.map.gz
SRIs:
- systemjs/6.12.2/extras/amd.js: sha512-jH9z01Uy13gcMYytJFu1Zy91fXCbKkBLkkwbRGOrYkoeeWIl12zXvFlkf1iERFG827O2zWidklOnqqdBww8ZtA==
- systemjs/6.12.2/extras/dynamic-import-maps.js: sha512-nXmCTfGCOINv303ttNt35Ra7bg6tUP22Aq+r4VtMU9hHYJ3MB3K67nImT9fAaLrKXM8kM8KTVGdh0IIC7s1cjQ==
- systemjs/6.12.2/extras/module-types.min.js: sha512-UZgOH9YR5kfMS2skTfg17KOrmG+IJiLM6qONGbfjjAeox4hei0xNc7hnDnucy7d/ydl1htwdMaDQM7rGdrCp5g==
- systemjs/6.12.2/extras/named-register.min.js: sha512-t0Pj3FLicq4DQ5qmPuIw7SfXzNktQC/UUGrlbUDr/l6LS2cVPj2hfjDGJy2NbzybGqJRNJutLBpN9jFtKd3LoA==
- systemjs/6.12.2/system.js: sha512-1FOWj0K6zYPib9v1AyDVKvVuFvEtxvgVUZZL+mOkmUiUvd2hgW3tlNel5gPeCNZVxKrp5KacGsKAeiQz5uEfcA==
- systemjs/6.12.2/extras/module-types.js: sha512-Z+mNbI+Uw44g1LH5gpgs3j63a9CKInSV7XT4zML5ngQ1S/maXqnqmoP0P3rx2VW5kaapENmiyvQh2gOqzNdi5w==
- systemjs/6.12.2/extras/use-default.min.js: sha512-bX/JACEKd9FImYr1gSjLEDp4JBWTKzADXuzYTKf8dj1eHJFbeHA2AxDpLsYw/8tyyNj8erjbxGKa3UvorNGUTA==
- systemjs/6.12.2/system.min.js: sha512-XM66TWGC6suMwM5MpSxJk/Dk38thFR9MuPS7ieXJmYWhKf1YK5leOhh6O88332xv+DbT0cZYCgjBsbWYHHM2uA==
- systemjs/6.12.2/s.min.js: sha512-m+B1et3BvAA7jEa7JV5dqxP8mdQ5FpFIEsOdXiNu5dTc47SpeASdh8H+Ib0rx9t68GZgZDztYzt60oJlIglriw==
- systemjs/6.12.2/extras/amd.min.js: sha512-kc/1nJfoWWY70Y7GJGYSnDD0cjcVjrFyuUUVveIqftNAdt5ulW5nfiak9WfUd1avhkPgkgoN4Kgh+IQdeZGVmg==
- systemjs/6.12.2/extras/dynamic-import-maps.min.js: sha512-f6pj7Wyo9KaYJX3qdNtuNixV+2UjeCRp8cJdVhHvmi0LZ4bRwXTN5fKTK1WDID7NndFFR4FT9ux4tRw/8gUJnQ==
- systemjs/6.12.2/extras/global.min.js: sha512-cfNni5TzI3Sx3mMdABafgaKXxiBg3k5PV8jW1330j/btFpoAz/K/+wqoNbtaS7vxitOzdLm9o33xSDdqAk1nHQ==
- systemjs/6.12.2/extras/named-exports.min.js: sha512-DKzIlvQVAQf1ON6vl+1PYx7uTGb/Gb/P4W4yTRWhM3pPfhslHfbxOX/D6/DTTs6hCcAEWiB5S6E/C04P6VEm4A==
- systemjs/6.12.2/extras/named-register.js: sha512-uW8sv7h2Yfo28ZbyKTQExpGri2VH9MHLDItqoEWR5VqPGDiGIW2l5sixw0spTfkCrzxR7zWXIfMGd0Us5xsRZw==
- systemjs/6.12.2/extras/transform.min.js: sha512-jNqC5LGTsouuTuqCkReaBGhp7CVALQtvhQS3iLymytq3RofLlDbrZg0OJ5PCWzCylRlyKXDBqRDTkrCOefczkA==
- systemjs/6.12.2/s.js: sha512-dufHzcb9RhwqsXH93xSXBUIHFRZHYXxd8fTmZl8XKXiPDmX4roVWCgPvmLUAhTs5xPQq91FtW0UT7xePQrduiA==
- systemjs/6.12.2/extras/global.js: sha512-qq62piulsv7dTSNob/cziEI5Fw8iJYYYXnG22K36gGwe6R0X2tDRTmjTZB+AAXBvIFf83/xdRmpFD30tv9k2pA==
- systemjs/6.12.2/extras/named-exports.js: sha512-VUyoSjCz5++pwEKZsYvzlBUoZVf6t0IQslgARo5nkYt2Ve+0BQSau84IWaYqqGDoIlEoOLBQwVM8bgpURzHKeg==
- systemjs/6.12.2/extras/transform.js: sha512-EHqBH/ORT+FZUUJboD5FspsyYVzuMT+qH5hYXHfDWTSqyYT7Y31MSq9lGyhE5Xxo9uBmhl7t/g4pTJd06yH6Aw==
- systemjs/6.12.2/extras/use-default.js: sha512-GahwMaXXrflRWLmsXK3DV7dy84casSEDxLFfXmfC2xw6uNWv770HOlsPhsljTh1QZogklSZvK+E1GHyDLtA4uQ==
