Files:
- fontsource-moo-lah-lah/5.0.7/400.css.gz
- fontsource-moo-lah-lah/5.0.7/400.min.css.gz
- fontsource-moo-lah-lah/5.0.7/files/moo-lah-lah-latin-400-normal.woff.gz
- fontsource-moo-lah-lah/5.0.7/files/moo-lah-lah-latin-ext-400-normal.woff.gz
- fontsource-moo-lah-lah/5.0.7/files/moo-lah-lah-vietnamese-400-normal.woff.gz
- fontsource-moo-lah-lah/5.0.7/index.css.gz
- fontsource-moo-lah-lah/5.0.7/index.min.css.gz
- fontsource-moo-lah-lah/5.0.7/latin-400.css.gz
- fontsource-moo-lah-lah/5.0.7/latin-400.min.css.gz
- fontsource-moo-lah-lah/5.0.7/latin-ext-400.css.gz
- fontsource-moo-lah-lah/5.0.7/latin-ext-400.min.css.gz
- fontsource-moo-lah-lah/5.0.7/latin-ext.css.gz
- fontsource-moo-lah-lah/5.0.7/latin-ext.min.css.gz
- fontsource-moo-lah-lah/5.0.7/latin.css.gz
- fontsource-moo-lah-lah/5.0.7/latin.min.css.gz
- fontsource-moo-lah-lah/5.0.7/vietnamese-400.css.gz
- fontsource-moo-lah-lah/5.0.7/vietnamese-400.min.css.gz
- fontsource-moo-lah-lah/5.0.7/vietnamese.css.gz
- fontsource-moo-lah-lah/5.0.7/vietnamese.min.css.gz
