Files:
- fontsource-dm-serif-text/4.5.10/400-italic.css.br
- fontsource-dm-serif-text/4.5.10/400-italic.css.gz
- fontsource-dm-serif-text/4.5.10/400-italic.min.css.br
- fontsource-dm-serif-text/4.5.10/400-italic.min.css.gz
- fontsource-dm-serif-text/4.5.10/400.css.br
- fontsource-dm-serif-text/4.5.10/400.css.gz
- fontsource-dm-serif-text/4.5.10/400.min.css.br
- fontsource-dm-serif-text/4.5.10/400.min.css.gz
- fontsource-dm-serif-text/4.5.10/files/dm-serif-text-all-400-italic.woff.br
- fontsource-dm-serif-text/4.5.10/files/dm-serif-text-all-400-italic.woff.gz
- fontsource-dm-serif-text/4.5.10/files/dm-serif-text-all-400-normal.woff.br
- fontsource-dm-serif-text/4.5.10/files/dm-serif-text-all-400-normal.woff.gz
- fontsource-dm-serif-text/4.5.10/files/dm-serif-text-latin-400-italic.woff.br
- fontsource-dm-serif-text/4.5.10/files/dm-serif-text-latin-400-italic.woff.gz
- fontsource-dm-serif-text/4.5.10/files/dm-serif-text-latin-400-italic.woff2
- fontsource-dm-serif-text/4.5.10/files/dm-serif-text-latin-400-normal.woff.br
- fontsource-dm-serif-text/4.5.10/files/dm-serif-text-latin-400-normal.woff.gz
- fontsource-dm-serif-text/4.5.10/files/dm-serif-text-latin-400-normal.woff2
- fontsource-dm-serif-text/4.5.10/files/dm-serif-text-latin-ext-400-italic.woff.br
- fontsource-dm-serif-text/4.5.10/files/dm-serif-text-latin-ext-400-italic.woff.gz
- fontsource-dm-serif-text/4.5.10/files/dm-serif-text-latin-ext-400-italic.woff2
- fontsource-dm-serif-text/4.5.10/files/dm-serif-text-latin-ext-400-normal.woff.br
- fontsource-dm-serif-text/4.5.10/files/dm-serif-text-latin-ext-400-normal.woff.gz
- fontsource-dm-serif-text/4.5.10/files/dm-serif-text-latin-ext-400-normal.woff2
- fontsource-dm-serif-text/4.5.10/index.css.br
- fontsource-dm-serif-text/4.5.10/index.css.gz
- fontsource-dm-serif-text/4.5.10/index.min.css.br
- fontsource-dm-serif-text/4.5.10/index.min.css.gz
- fontsource-dm-serif-text/4.5.10/latin-400-italic.css.br
- fontsource-dm-serif-text/4.5.10/latin-400-italic.css.gz
- fontsource-dm-serif-text/4.5.10/latin-400-italic.min.css.br
- fontsource-dm-serif-text/4.5.10/latin-400-italic.min.css.gz
- fontsource-dm-serif-text/4.5.10/latin-400.css.br
- fontsource-dm-serif-text/4.5.10/latin-400.css.gz
- fontsource-dm-serif-text/4.5.10/latin-400.min.css.br
- fontsource-dm-serif-text/4.5.10/latin-400.min.css.gz
- fontsource-dm-serif-text/4.5.10/latin-ext-400-italic.css.br
- fontsource-dm-serif-text/4.5.10/latin-ext-400-italic.css.gz
- fontsource-dm-serif-text/4.5.10/latin-ext-400-italic.min.css.br
- fontsource-dm-serif-text/4.5.10/latin-ext-400-italic.min.css.gz
- fontsource-dm-serif-text/4.5.10/latin-ext-400.css.br
- fontsource-dm-serif-text/4.5.10/latin-ext-400.css.gz
- fontsource-dm-serif-text/4.5.10/latin-ext-400.min.css.br
- fontsource-dm-serif-text/4.5.10/latin-ext-400.min.css.gz
- fontsource-dm-serif-text/4.5.10/latin-ext.css.br
- fontsource-dm-serif-text/4.5.10/latin-ext.css.gz
- fontsource-dm-serif-text/4.5.10/latin-ext.min.css.br
- fontsource-dm-serif-text/4.5.10/latin-ext.min.css.gz
- fontsource-dm-serif-text/4.5.10/latin.css.br
- fontsource-dm-serif-text/4.5.10/latin.css.gz
- fontsource-dm-serif-text/4.5.10/latin.min.css.br
- fontsource-dm-serif-text/4.5.10/latin.min.css.gz
