config: {"authors":[{"name":"Cesium GS, Inc.","url":"https://cesium.com"}],"autoupdate":{"source":"npm","target":"cesium","fileMap":[{"basePath":"Build/Cesium","files":["*.@(js|d.ts)","Assets/**/*.@(json|svg|jpg|png|xml)","ThirdParty/**/*.@(js|wasm)","Widgets/**/*.@(css|png|svg|gif)","Workers/*.js"]}],"ignoreVersions":null},"description":"CesiumJS is a JavaScript library for creating 3D globes and 2D maps in a web browser without a plugin.","filename":"Cesium.js","homepage":"http://cesium.com/cesiumjs/","keywords":["3D","webgl","geospatial","map","globe"],"license":"Apache-2.0","name":"cesium","repository":{"type":"git","url":"git+https://github.com/CesiumGS/cesium.git"},"author":"Cesium GS, Inc. (https://cesium.com)"}
KV keys:
- cesium/1.82.1/Assets/IAU2006_XYS/IAU2006_XYS_0.json.br
- cesium/1.82.1/Assets/IAU2006_XYS/IAU2006_XYS_0.json.gz
- cesium/1.82.1/Assets/IAU2006_XYS/IAU2006_XYS_1.json.br
- cesium/1.82.1/Assets/IAU2006_XYS/IAU2006_XYS_1.json.gz
- cesium/1.82.1/Assets/IAU2006_XYS/IAU2006_XYS_10.json.br
- cesium/1.82.1/Assets/IAU2006_XYS/IAU2006_XYS_10.json.gz
- cesium/1.82.1/Assets/IAU2006_XYS/IAU2006_XYS_11.json.br
- cesium/1.82.1/Assets/IAU2006_XYS/IAU2006_XYS_11.json.gz
- cesium/1.82.1/Assets/IAU2006_XYS/IAU2006_XYS_12.json.br
- cesium/1.82.1/Assets/IAU2006_XYS/IAU2006_XYS_12.json.gz
- cesium/1.82.1/Assets/IAU2006_XYS/IAU2006_XYS_13.json.br
- cesium/1.82.1/Assets/IAU2006_XYS/IAU2006_XYS_13.json.gz
- cesium/1.82.1/Assets/IAU2006_XYS/IAU2006_XYS_14.json.br
- cesium/1.82.1/Assets/IAU2006_XYS/IAU2006_XYS_14.json.gz
- cesium/1.82.1/Assets/IAU2006_XYS/IAU2006_XYS_15.json.br
- cesium/1.82.1/Assets/IAU2006_XYS/IAU2006_XYS_15.json.gz
- cesium/1.82.1/Assets/IAU2006_XYS/IAU2006_XYS_16.json.br
- cesium/1.82.1/Assets/IAU2006_XYS/IAU2006_XYS_16.json.gz
- cesium/1.82.1/Assets/IAU2006_XYS/IAU2006_XYS_17.json.br
- cesium/1.82.1/Assets/IAU2006_XYS/IAU2006_XYS_17.json.gz
- cesium/1.82.1/Assets/IAU2006_XYS/IAU2006_XYS_18.json.br
- cesium/1.82.1/Assets/IAU2006_XYS/IAU2006_XYS_18.json.gz
- cesium/1.82.1/Assets/IAU2006_XYS/IAU2006_XYS_19.json.br
- cesium/1.82.1/Assets/IAU2006_XYS/IAU2006_XYS_19.json.gz
- cesium/1.82.1/Assets/IAU2006_XYS/IAU2006_XYS_2.json.br
- cesium/1.82.1/Assets/IAU2006_XYS/IAU2006_XYS_2.json.gz
- cesium/1.82.1/Assets/IAU2006_XYS/IAU2006_XYS_20.json.br
- cesium/1.82.1/Assets/IAU2006_XYS/IAU2006_XYS_20.json.gz
- cesium/1.82.1/Assets/IAU2006_XYS/IAU2006_XYS_21.json.br
- cesium/1.82.1/Assets/IAU2006_XYS/IAU2006_XYS_21.json.gz
- cesium/1.82.1/Assets/IAU2006_XYS/IAU2006_XYS_22.json.br
- cesium/1.82.1/Assets/IAU2006_XYS/IAU2006_XYS_22.json.gz
- cesium/1.82.1/Assets/IAU2006_XYS/IAU2006_XYS_23.json.br
- cesium/1.82.1/Assets/IAU2006_XYS/IAU2006_XYS_23.json.gz
- cesium/1.82.1/Assets/IAU2006_XYS/IAU2006_XYS_24.json.br
- cesium/1.82.1/Assets/IAU2006_XYS/IAU2006_XYS_24.json.gz
- cesium/1.82.1/Assets/IAU2006_XYS/IAU2006_XYS_25.json.br
- cesium/1.82.1/Assets/IAU2006_XYS/IAU2006_XYS_25.json.gz
- cesium/1.82.1/Assets/IAU2006_XYS/IAU2006_XYS_26.json.br
- cesium/1.82.1/Assets/IAU2006_XYS/IAU2006_XYS_26.json.gz
- cesium/1.82.1/Assets/IAU2006_XYS/IAU2006_XYS_27.json.br
- cesium/1.82.1/Assets/IAU2006_XYS/IAU2006_XYS_27.json.gz
- cesium/1.82.1/Assets/IAU2006_XYS/IAU2006_XYS_3.json.br
- cesium/1.82.1/Assets/IAU2006_XYS/IAU2006_XYS_3.json.gz
- cesium/1.82.1/Assets/IAU2006_XYS/IAU2006_XYS_4.json.br
- cesium/1.82.1/Assets/IAU2006_XYS/IAU2006_XYS_4.json.gz
- cesium/1.82.1/Assets/IAU2006_XYS/IAU2006_XYS_5.json.br
- cesium/1.82.1/Assets/IAU2006_XYS/IAU2006_XYS_5.json.gz
- cesium/1.82.1/Assets/IAU2006_XYS/IAU2006_XYS_6.json.br
- cesium/1.82.1/Assets/IAU2006_XYS/IAU2006_XYS_6.json.gz
- cesium/1.82.1/Assets/IAU2006_XYS/IAU2006_XYS_7.json.br
- cesium/1.82.1/Assets/IAU2006_XYS/IAU2006_XYS_7.json.gz
- cesium/1.82.1/Assets/IAU2006_XYS/IAU2006_XYS_8.json.br
- cesium/1.82.1/Assets/IAU2006_XYS/IAU2006_XYS_8.json.gz
- cesium/1.82.1/Assets/IAU2006_XYS/IAU2006_XYS_9.json.br
- cesium/1.82.1/Assets/IAU2006_XYS/IAU2006_XYS_9.json.gz
- cesium/1.82.1/Assets/Images/bing_maps_credit.png.br
- cesium/1.82.1/Assets/Images/bing_maps_credit.png.gz
- cesium/1.82.1/Assets/Images/cesium_credit.png.br
- cesium/1.82.1/Assets/Images/cesium_credit.png.gz
- cesium/1.82.1/Assets/Images/google_earth_credit.png.br
- cesium/1.82.1/Assets/Images/google_earth_credit.png.gz
- cesium/1.82.1/Assets/Images/ion-credit.png.br
- cesium/1.82.1/Assets/Images/ion-credit.png.gz
- cesium/1.82.1/Assets/Textures/LensFlare/DirtMask.jpg.br
- cesium/1.82.1/Assets/Textures/LensFlare/DirtMask.jpg.gz
- cesium/1.82.1/Assets/Textures/LensFlare/StarBurst.jpg.br
- cesium/1.82.1/Assets/Textures/LensFlare/StarBurst.jpg.gz
- cesium/1.82.1/Assets/Textures/NaturalEarthII/0/0/0.jpg.br
- cesium/1.82.1/Assets/Textures/NaturalEarthII/0/0/0.jpg.gz
- cesium/1.82.1/Assets/Textures/NaturalEarthII/0/1/0.jpg.br
- cesium/1.82.1/Assets/Textures/NaturalEarthII/0/1/0.jpg.gz
- cesium/1.82.1/Assets/Textures/NaturalEarthII/1/0/0.jpg.br
- cesium/1.82.1/Assets/Textures/NaturalEarthII/1/0/0.jpg.gz
- cesium/1.82.1/Assets/Textures/NaturalEarthII/1/0/1.jpg.br
- cesium/1.82.1/Assets/Textures/NaturalEarthII/1/0/1.jpg.gz
- cesium/1.82.1/Assets/Textures/NaturalEarthII/1/1/0.jpg.br
- cesium/1.82.1/Assets/Textures/NaturalEarthII/1/1/0.jpg.gz
- cesium/1.82.1/Assets/Textures/NaturalEarthII/1/1/1.jpg.br
- cesium/1.82.1/Assets/Textures/NaturalEarthII/1/1/1.jpg.gz
- cesium/1.82.1/Assets/Textures/NaturalEarthII/1/2/0.jpg.br
- cesium/1.82.1/Assets/Textures/NaturalEarthII/1/2/0.jpg.gz
- cesium/1.82.1/Assets/Textures/NaturalEarthII/1/2/1.jpg.br
- cesium/1.82.1/Assets/Textures/NaturalEarthII/1/2/1.jpg.gz
- cesium/1.82.1/Assets/Textures/NaturalEarthII/1/3/0.jpg.br
- cesium/1.82.1/Assets/Textures/NaturalEarthII/1/3/0.jpg.gz
- cesium/1.82.1/Assets/Textures/NaturalEarthII/1/3/1.jpg.br
- cesium/1.82.1/Assets/Textures/NaturalEarthII/1/3/1.jpg.gz
- cesium/1.82.1/Assets/Textures/NaturalEarthII/2/0/0.jpg.br
- cesium/1.82.1/Assets/Textures/NaturalEarthII/2/0/0.jpg.gz
- cesium/1.82.1/Assets/Textures/NaturalEarthII/2/0/1.jpg.br
- cesium/1.82.1/Assets/Textures/NaturalEarthII/2/0/1.jpg.gz
- cesium/1.82.1/Assets/Textures/NaturalEarthII/2/0/2.jpg.br
- cesium/1.82.1/Assets/Textures/NaturalEarthII/2/0/2.jpg.gz
- cesium/1.82.1/Assets/Textures/NaturalEarthII/2/0/3.jpg.br
- cesium/1.82.1/Assets/Textures/NaturalEarthII/2/0/3.jpg.gz
- cesium/1.82.1/Assets/Textures/NaturalEarthII/2/1/0.jpg.br
- cesium/1.82.1/Assets/Textures/NaturalEarthII/2/1/0.jpg.gz
- cesium/1.82.1/Assets/Textures/NaturalEarthII/2/1/1.jpg.br
- cesium/1.82.1/Assets/Textures/NaturalEarthII/2/1/1.jpg.gz
- cesium/1.82.1/Assets/Textures/NaturalEarthII/2/1/2.jpg.br
- cesium/1.82.1/Assets/Textures/NaturalEarthII/2/1/2.jpg.gz
- cesium/1.82.1/Assets/Textures/NaturalEarthII/2/1/3.jpg.br
- cesium/1.82.1/Assets/Textures/NaturalEarthII/2/1/3.jpg.gz
- cesium/1.82.1/Assets/Textures/NaturalEarthII/2/2/0.jpg.br
- cesium/1.82.1/Assets/Textures/NaturalEarthII/2/2/0.jpg.gz
- cesium/1.82.1/Assets/Textures/NaturalEarthII/2/2/1.jpg.br
- cesium/1.82.1/Assets/Textures/NaturalEarthII/2/2/1.jpg.gz
- cesium/1.82.1/Assets/Textures/NaturalEarthII/2/2/2.jpg.br
- cesium/1.82.1/Assets/Textures/NaturalEarthII/2/2/2.jpg.gz
- cesium/1.82.1/Assets/Textures/NaturalEarthII/2/2/3.jpg.br
- cesium/1.82.1/Assets/Textures/NaturalEarthII/2/2/3.jpg.gz
- cesium/1.82.1/Assets/Textures/NaturalEarthII/2/3/0.jpg.br
- cesium/1.82.1/Assets/Textures/NaturalEarthII/2/3/0.jpg.gz
- cesium/1.82.1/Assets/Textures/NaturalEarthII/2/3/1.jpg.br
- cesium/1.82.1/Assets/Textures/NaturalEarthII/2/3/1.jpg.gz
- cesium/1.82.1/Assets/Textures/NaturalEarthII/2/3/2.jpg.br
- cesium/1.82.1/Assets/Textures/NaturalEarthII/2/3/2.jpg.gz
- cesium/1.82.1/Assets/Textures/NaturalEarthII/2/3/3.jpg.br
- cesium/1.82.1/Assets/Textures/NaturalEarthII/2/3/3.jpg.gz
- cesium/1.82.1/Assets/Textures/NaturalEarthII/2/4/0.jpg.br
- cesium/1.82.1/Assets/Textures/NaturalEarthII/2/4/0.jpg.gz
- cesium/1.82.1/Assets/Textures/NaturalEarthII/2/4/1.jpg.br
- cesium/1.82.1/Assets/Textures/NaturalEarthII/2/4/1.jpg.gz
- cesium/1.82.1/Assets/Textures/NaturalEarthII/2/4/2.jpg.br
- cesium/1.82.1/Assets/Textures/NaturalEarthII/2/4/2.jpg.gz
- cesium/1.82.1/Assets/Textures/NaturalEarthII/2/4/3.jpg.br
- cesium/1.82.1/Assets/Textures/NaturalEarthII/2/4/3.jpg.gz
- cesium/1.82.1/Assets/Textures/NaturalEarthII/2/5/0.jpg.br
- cesium/1.82.1/Assets/Textures/NaturalEarthII/2/5/0.jpg.gz
- cesium/1.82.1/Assets/Textures/NaturalEarthII/2/5/1.jpg.br
- cesium/1.82.1/Assets/Textures/NaturalEarthII/2/5/1.jpg.gz
- cesium/1.82.1/Assets/Textures/NaturalEarthII/2/5/2.jpg.br
- cesium/1.82.1/Assets/Textures/NaturalEarthII/2/5/2.jpg.gz
- cesium/1.82.1/Assets/Textures/NaturalEarthII/2/5/3.jpg.br
- cesium/1.82.1/Assets/Textures/NaturalEarthII/2/5/3.jpg.gz
- cesium/1.82.1/Assets/Textures/NaturalEarthII/2/6/0.jpg.br
- cesium/1.82.1/Assets/Textures/NaturalEarthII/2/6/0.jpg.gz
- cesium/1.82.1/Assets/Textures/NaturalEarthII/2/6/1.jpg.br
- cesium/1.82.1/Assets/Textures/NaturalEarthII/2/6/1.jpg.gz
- cesium/1.82.1/Assets/Textures/NaturalEarthII/2/6/2.jpg.br
- cesium/1.82.1/Assets/Textures/NaturalEarthII/2/6/2.jpg.gz
- cesium/1.82.1/Assets/Textures/NaturalEarthII/2/6/3.jpg.br
- cesium/1.82.1/Assets/Textures/NaturalEarthII/2/6/3.jpg.gz
- cesium/1.82.1/Assets/Textures/NaturalEarthII/2/7/0.jpg.br
- cesium/1.82.1/Assets/Textures/NaturalEarthII/2/7/0.jpg.gz
- cesium/1.82.1/Assets/Textures/NaturalEarthII/2/7/1.jpg.br
- cesium/1.82.1/Assets/Textures/NaturalEarthII/2/7/1.jpg.gz
- cesium/1.82.1/Assets/Textures/NaturalEarthII/2/7/2.jpg.br
- cesium/1.82.1/Assets/Textures/NaturalEarthII/2/7/2.jpg.gz
- cesium/1.82.1/Assets/Textures/NaturalEarthII/2/7/3.jpg.br
- cesium/1.82.1/Assets/Textures/NaturalEarthII/2/7/3.jpg.gz
- cesium/1.82.1/Assets/Textures/NaturalEarthII/tilemapresource.xml.br
- cesium/1.82.1/Assets/Textures/NaturalEarthII/tilemapresource.xml.gz
- cesium/1.82.1/Assets/Textures/SkyBox/tycho2t3_80_mx.jpg.br
- cesium/1.82.1/Assets/Textures/SkyBox/tycho2t3_80_mx.jpg.gz
- cesium/1.82.1/Assets/Textures/SkyBox/tycho2t3_80_my.jpg.br
- cesium/1.82.1/Assets/Textures/SkyBox/tycho2t3_80_my.jpg.gz
- cesium/1.82.1/Assets/Textures/SkyBox/tycho2t3_80_mz.jpg.br
- cesium/1.82.1/Assets/Textures/SkyBox/tycho2t3_80_mz.jpg.gz
- cesium/1.82.1/Assets/Textures/SkyBox/tycho2t3_80_px.jpg.br
- cesium/1.82.1/Assets/Textures/SkyBox/tycho2t3_80_px.jpg.gz
- cesium/1.82.1/Assets/Textures/SkyBox/tycho2t3_80_py.jpg.br
- cesium/1.82.1/Assets/Textures/SkyBox/tycho2t3_80_py.jpg.gz
- cesium/1.82.1/Assets/Textures/SkyBox/tycho2t3_80_pz.jpg.br
- cesium/1.82.1/Assets/Textures/SkyBox/tycho2t3_80_pz.jpg.gz
- cesium/1.82.1/Assets/Textures/maki/airfield.png.br
- cesium/1.82.1/Assets/Textures/maki/airfield.png.gz
- cesium/1.82.1/Assets/Textures/maki/airport.png.br
- cesium/1.82.1/Assets/Textures/maki/airport.png.gz
- cesium/1.82.1/Assets/Textures/maki/alcohol-shop.png.br
- cesium/1.82.1/Assets/Textures/maki/alcohol-shop.png.gz
- cesium/1.82.1/Assets/Textures/maki/america-football.png.br
- cesium/1.82.1/Assets/Textures/maki/america-football.png.gz
- cesium/1.82.1/Assets/Textures/maki/art-gallery.png.br
- cesium/1.82.1/Assets/Textures/maki/art-gallery.png.gz
- cesium/1.82.1/Assets/Textures/maki/bakery.png.br
- cesium/1.82.1/Assets/Textures/maki/bakery.png.gz
- cesium/1.82.1/Assets/Textures/maki/bank.png.br
- cesium/1.82.1/Assets/Textures/maki/bank.png.gz
- cesium/1.82.1/Assets/Textures/maki/bar.png.br
- cesium/1.82.1/Assets/Textures/maki/bar.png.gz
- cesium/1.82.1/Assets/Textures/maki/baseball.png.br
- cesium/1.82.1/Assets/Textures/maki/baseball.png.gz
- cesium/1.82.1/Assets/Textures/maki/basketball.png.br
- cesium/1.82.1/Assets/Textures/maki/basketball.png.gz
- cesium/1.82.1/Assets/Textures/maki/beer.png.br
- cesium/1.82.1/Assets/Textures/maki/beer.png.gz
- cesium/1.82.1/Assets/Textures/maki/bicycle.png.br
- cesium/1.82.1/Assets/Textures/maki/bicycle.png.gz
- cesium/1.82.1/Assets/Textures/maki/building.png.br
- cesium/1.82.1/Assets/Textures/maki/building.png.gz
- cesium/1.82.1/Assets/Textures/maki/bus.png.br
- cesium/1.82.1/Assets/Textures/maki/bus.png.gz
- cesium/1.82.1/Assets/Textures/maki/cafe.png.br
- cesium/1.82.1/Assets/Textures/maki/cafe.png.gz
- cesium/1.82.1/Assets/Textures/maki/camera.png.br
- cesium/1.82.1/Assets/Textures/maki/camera.png.gz
- cesium/1.82.1/Assets/Textures/maki/campsite.png.br
- cesium/1.82.1/Assets/Textures/maki/campsite.png.gz
- cesium/1.82.1/Assets/Textures/maki/car.png.br
- cesium/1.82.1/Assets/Textures/maki/car.png.gz
- cesium/1.82.1/Assets/Textures/maki/cemetery.png.br
- cesium/1.82.1/Assets/Textures/maki/cemetery.png.gz
- cesium/1.82.1/Assets/Textures/maki/cesium.png.br
- cesium/1.82.1/Assets/Textures/maki/cesium.png.gz
- cesium/1.82.1/Assets/Textures/maki/chemist.png.br
- cesium/1.82.1/Assets/Textures/maki/chemist.png.gz
- cesium/1.82.1/Assets/Textures/maki/cinema.png.br
- cesium/1.82.1/Assets/Textures/maki/cinema.png.gz
- cesium/1.82.1/Assets/Textures/maki/circle-stroked.png.br
- cesium/1.82.1/Assets/Textures/maki/circle-stroked.png.gz
- cesium/1.82.1/Assets/Textures/maki/circle.png.br
- cesium/1.82.1/Assets/Textures/maki/circle.png.gz
- cesium/1.82.1/Assets/Textures/maki/city.png.br
- cesium/1.82.1/Assets/Textures/maki/city.png.gz
- cesium/1.82.1/Assets/Textures/maki/clothing-store.png.br
- cesium/1.82.1/Assets/Textures/maki/clothing-store.png.gz
- cesium/1.82.1/Assets/Textures/maki/college.png.br
- cesium/1.82.1/Assets/Textures/maki/college.png.gz
- cesium/1.82.1/Assets/Textures/maki/commercial.png.br
- cesium/1.82.1/Assets/Textures/maki/commercial.png.gz
- cesium/1.82.1/Assets/Textures/maki/cricket.png.br
- cesium/1.82.1/Assets/Textures/maki/cricket.png.gz
- cesium/1.82.1/Assets/Textures/maki/cross.png.br
- cesium/1.82.1/Assets/Textures/maki/cross.png.gz
- cesium/1.82.1/Assets/Textures/maki/dam.png.br
- cesium/1.82.1/Assets/Textures/maki/dam.png.gz
- cesium/1.82.1/Assets/Textures/maki/danger.png.br
- cesium/1.82.1/Assets/Textures/maki/danger.png.gz
- cesium/1.82.1/Assets/Textures/maki/disability.png.br
- cesium/1.82.1/Assets/Textures/maki/disability.png.gz
- cesium/1.82.1/Assets/Textures/maki/dog-park.png.br
- cesium/1.82.1/Assets/Textures/maki/dog-park.png.gz
- cesium/1.82.1/Assets/Textures/maki/embassy.png.br
- cesium/1.82.1/Assets/Textures/maki/embassy.png.gz
- cesium/1.82.1/Assets/Textures/maki/emergency-telephone.png.br
- cesium/1.82.1/Assets/Textures/maki/emergency-telephone.png.gz
- cesium/1.82.1/Assets/Textures/maki/entrance.png.br
- cesium/1.82.1/Assets/Textures/maki/entrance.png.gz
- cesium/1.82.1/Assets/Textures/maki/farm.png.br
- cesium/1.82.1/Assets/Textures/maki/farm.png.gz
- cesium/1.82.1/Assets/Textures/maki/fast-food.png.br
- cesium/1.82.1/Assets/Textures/maki/fast-food.png.gz
- cesium/1.82.1/Assets/Textures/maki/ferry.png.br
- cesium/1.82.1/Assets/Textures/maki/ferry.png.gz
- cesium/1.82.1/Assets/Textures/maki/fire-station.png.br
- cesium/1.82.1/Assets/Textures/maki/fire-station.png.gz
- cesium/1.82.1/Assets/Textures/maki/fuel.png.br
- cesium/1.82.1/Assets/Textures/maki/fuel.png.gz
- cesium/1.82.1/Assets/Textures/maki/garden.png.br
- cesium/1.82.1/Assets/Textures/maki/garden.png.gz
- cesium/1.82.1/Assets/Textures/maki/gift.png.br
- cesium/1.82.1/Assets/Textures/maki/gift.png.gz
- cesium/1.82.1/Assets/Textures/maki/golf.png.br
- cesium/1.82.1/Assets/Textures/maki/golf.png.gz
- cesium/1.82.1/Assets/Textures/maki/grocery.png.br
- cesium/1.82.1/Assets/Textures/maki/grocery.png.gz
- cesium/1.82.1/Assets/Textures/maki/hairdresser.png.br
- cesium/1.82.1/Assets/Textures/maki/hairdresser.png.gz
- cesium/1.82.1/Assets/Textures/maki/harbor.png.br
- cesium/1.82.1/Assets/Textures/maki/harbor.png.gz
- cesium/1.82.1/Assets/Textures/maki/heart.png.br
- cesium/1.82.1/Assets/Textures/maki/heart.png.gz
- cesium/1.82.1/Assets/Textures/maki/heliport.png.br
- cesium/1.82.1/Assets/Textures/maki/heliport.png.gz
- cesium/1.82.1/Assets/Textures/maki/hospital.png.br
- cesium/1.82.1/Assets/Textures/maki/hospital.png.gz
- cesium/1.82.1/Assets/Textures/maki/ice-cream.png.br
- cesium/1.82.1/Assets/Textures/maki/ice-cream.png.gz
- cesium/1.82.1/Assets/Textures/maki/industrial.png.br
- cesium/1.82.1/Assets/Textures/maki/industrial.png.gz
- cesium/1.82.1/Assets/Textures/maki/land-use.png.br
- cesium/1.82.1/Assets/Textures/maki/land-use.png.gz
- cesium/1.82.1/Assets/Textures/maki/laundry.png.br
- cesium/1.82.1/Assets/Textures/maki/laundry.png.gz
- cesium/1.82.1/Assets/Textures/maki/library.png.br
- cesium/1.82.1/Assets/Textures/maki/library.png.gz
- cesium/1.82.1/Assets/Textures/maki/lighthouse.png.br
- cesium/1.82.1/Assets/Textures/maki/lighthouse.png.gz
- cesium/1.82.1/Assets/Textures/maki/lodging.png.br
- cesium/1.82.1/Assets/Textures/maki/lodging.png.gz
- cesium/1.82.1/Assets/Textures/maki/logging.png.br
- cesium/1.82.1/Assets/Textures/maki/logging.png.gz
- cesium/1.82.1/Assets/Textures/maki/london-underground.png.br
- cesium/1.82.1/Assets/Textures/maki/london-underground.png.gz
- cesium/1.82.1/Assets/Textures/maki/marker-stroked.png.br
- cesium/1.82.1/Assets/Textures/maki/marker-stroked.png.gz
- cesium/1.82.1/Assets/Textures/maki/marker.png.br
- cesium/1.82.1/Assets/Textures/maki/marker.png.gz
- cesium/1.82.1/Assets/Textures/maki/minefield.png.br
- cesium/1.82.1/Assets/Textures/maki/minefield.png.gz
- cesium/1.82.1/Assets/Textures/maki/mobilephone.png.br
- cesium/1.82.1/Assets/Textures/maki/mobilephone.png.gz
- cesium/1.82.1/Assets/Textures/maki/monument.png.br
- cesium/1.82.1/Assets/Textures/maki/monument.png.gz
- cesium/1.82.1/Assets/Textures/maki/museum.png.br
- cesium/1.82.1/Assets/Textures/maki/museum.png.gz
- cesium/1.82.1/Assets/Textures/maki/music.png.br
- cesium/1.82.1/Assets/Textures/maki/music.png.gz
- cesium/1.82.1/Assets/Textures/maki/oil-well.png.br
- cesium/1.82.1/Assets/Textures/maki/oil-well.png.gz
- cesium/1.82.1/Assets/Textures/maki/park.png.br
- cesium/1.82.1/Assets/Textures/maki/park.png.gz
- cesium/1.82.1/Assets/Textures/maki/park2.png.br
- cesium/1.82.1/Assets/Textures/maki/park2.png.gz
- cesium/1.82.1/Assets/Textures/maki/parking-garage.png.br
- cesium/1.82.1/Assets/Textures/maki/parking-garage.png.gz
- cesium/1.82.1/Assets/Textures/maki/parking.png.br
- cesium/1.82.1/Assets/Textures/maki/parking.png.gz
- cesium/1.82.1/Assets/Textures/maki/pharmacy.png.br
- cesium/1.82.1/Assets/Textures/maki/pharmacy.png.gz
- cesium/1.82.1/Assets/Textures/maki/pitch.png.br
- cesium/1.82.1/Assets/Textures/maki/pitch.png.gz
- cesium/1.82.1/Assets/Textures/maki/place-of-worship.png.br
- cesium/1.82.1/Assets/Textures/maki/place-of-worship.png.gz
- cesium/1.82.1/Assets/Textures/maki/playground.png.br
- cesium/1.82.1/Assets/Textures/maki/playground.png.gz
- cesium/1.82.1/Assets/Textures/maki/police.png.br
- cesium/1.82.1/Assets/Textures/maki/police.png.gz
- cesium/1.82.1/Assets/Textures/maki/polling-place.png.br
- cesium/1.82.1/Assets/Textures/maki/polling-place.png.gz
- cesium/1.82.1/Assets/Textures/maki/post.png.br
- cesium/1.82.1/Assets/Textures/maki/post.png.gz
- cesium/1.82.1/Assets/Textures/maki/prison.png.br
- cesium/1.82.1/Assets/Textures/maki/prison.png.gz
- cesium/1.82.1/Assets/Textures/maki/rail-above.png.br
- cesium/1.82.1/Assets/Textures/maki/rail-above.png.gz
- cesium/1.82.1/Assets/Textures/maki/rail-light.png.br
- cesium/1.82.1/Assets/Textures/maki/rail-light.png.gz
- cesium/1.82.1/Assets/Textures/maki/rail-metro.png.br
- cesium/1.82.1/Assets/Textures/maki/rail-metro.png.gz
- cesium/1.82.1/Assets/Textures/maki/rail-underground.png.br
- cesium/1.82.1/Assets/Textures/maki/rail-underground.png.gz
- cesium/1.82.1/Assets/Textures/maki/rail.png.br
- cesium/1.82.1/Assets/Textures/maki/rail.png.gz
- cesium/1.82.1/Assets/Textures/maki/religious-christian.png.br
- cesium/1.82.1/Assets/Textures/maki/religious-christian.png.gz
- cesium/1.82.1/Assets/Textures/maki/religious-jewish.png.br
- cesium/1.82.1/Assets/Textures/maki/religious-jewish.png.gz
- cesium/1.82.1/Assets/Textures/maki/religious-muslim.png.br
- cesium/1.82.1/Assets/Textures/maki/religious-muslim.png.gz
- cesium/1.82.1/Assets/Textures/maki/restaurant.png.br
- cesium/1.82.1/Assets/Textures/maki/restaurant.png.gz
- cesium/1.82.1/Assets/Textures/maki/roadblock.png.br
- cesium/1.82.1/Assets/Textures/maki/roadblock.png.gz
- cesium/1.82.1/Assets/Textures/maki/rocket.png.br
- cesium/1.82.1/Assets/Textures/maki/rocket.png.gz
- cesium/1.82.1/Assets/Textures/maki/school.png.br
- cesium/1.82.1/Assets/Textures/maki/school.png.gz
- cesium/1.82.1/Assets/Textures/maki/scooter.png.br
- cesium/1.82.1/Assets/Textures/maki/scooter.png.gz
- cesium/1.82.1/Assets/Textures/maki/shop.png.br
- cesium/1.82.1/Assets/Textures/maki/shop.png.gz
- cesium/1.82.1/Assets/Textures/maki/skiing.png.br
- cesium/1.82.1/Assets/Textures/maki/skiing.png.gz
- cesium/1.82.1/Assets/Textures/maki/slaughterhouse.png.br
- cesium/1.82.1/Assets/Textures/maki/slaughterhouse.png.gz
- cesium/1.82.1/Assets/Textures/maki/soccer.png.br
- cesium/1.82.1/Assets/Textures/maki/soccer.png.gz
- cesium/1.82.1/Assets/Textures/maki/square-stroked.png.br
- cesium/1.82.1/Assets/Textures/maki/square-stroked.png.gz
- cesium/1.82.1/Assets/Textures/maki/square.png.br
- cesium/1.82.1/Assets/Textures/maki/square.png.gz
- cesium/1.82.1/Assets/Textures/maki/star-stroked.png.br
- cesium/1.82.1/Assets/Textures/maki/star-stroked.png.gz
- cesium/1.82.1/Assets/Textures/maki/star.png.br
- cesium/1.82.1/Assets/Textures/maki/star.png.gz
- cesium/1.82.1/Assets/Textures/maki/suitcase.png.br
- cesium/1.82.1/Assets/Textures/maki/suitcase.png.gz
- cesium/1.82.1/Assets/Textures/maki/swimming.png.br
- cesium/1.82.1/Assets/Textures/maki/swimming.png.gz
- cesium/1.82.1/Assets/Textures/maki/telephone.png.br
- cesium/1.82.1/Assets/Textures/maki/telephone.png.gz
- cesium/1.82.1/Assets/Textures/maki/tennis.png.br
- cesium/1.82.1/Assets/Textures/maki/tennis.png.gz
- cesium/1.82.1/Assets/Textures/maki/theatre.png.br
- cesium/1.82.1/Assets/Textures/maki/theatre.png.gz
- cesium/1.82.1/Assets/Textures/maki/toilets.png.br
- cesium/1.82.1/Assets/Textures/maki/toilets.png.gz
- cesium/1.82.1/Assets/Textures/maki/town-hall.png.br
- cesium/1.82.1/Assets/Textures/maki/town-hall.png.gz
- cesium/1.82.1/Assets/Textures/maki/town.png.br
- cesium/1.82.1/Assets/Textures/maki/town.png.gz
- cesium/1.82.1/Assets/Textures/maki/triangle-stroked.png.br
- cesium/1.82.1/Assets/Textures/maki/triangle-stroked.png.gz
- cesium/1.82.1/Assets/Textures/maki/triangle.png.br
- cesium/1.82.1/Assets/Textures/maki/triangle.png.gz
- cesium/1.82.1/Assets/Textures/maki/village.png.br
- cesium/1.82.1/Assets/Textures/maki/village.png.gz
- cesium/1.82.1/Assets/Textures/maki/warehouse.png.br
- cesium/1.82.1/Assets/Textures/maki/warehouse.png.gz
- cesium/1.82.1/Assets/Textures/maki/waste-basket.png.br
- cesium/1.82.1/Assets/Textures/maki/waste-basket.png.gz
- cesium/1.82.1/Assets/Textures/maki/water.png.br
- cesium/1.82.1/Assets/Textures/maki/water.png.gz
- cesium/1.82.1/Assets/Textures/maki/wetland.png.br
- cesium/1.82.1/Assets/Textures/maki/wetland.png.gz
- cesium/1.82.1/Assets/Textures/maki/zoo.png.br
- cesium/1.82.1/Assets/Textures/maki/zoo.png.gz
- cesium/1.82.1/Assets/Textures/moonSmall.jpg.br
- cesium/1.82.1/Assets/Textures/moonSmall.jpg.gz
- cesium/1.82.1/Assets/Textures/pin.svg.br
- cesium/1.82.1/Assets/Textures/pin.svg.gz
- cesium/1.82.1/Assets/Textures/waterNormals.jpg.br
- cesium/1.82.1/Assets/Textures/waterNormals.jpg.gz
- cesium/1.82.1/Assets/Textures/waterNormalsSmall.jpg.br
- cesium/1.82.1/Assets/Textures/waterNormalsSmall.jpg.gz
- cesium/1.82.1/Assets/approximateTerrainHeights.json.br
- cesium/1.82.1/Assets/approximateTerrainHeights.json.gz
- cesium/1.82.1/Cesium.d.ts.br
- cesium/1.82.1/Cesium.d.ts.gz
- cesium/1.82.1/Cesium.js.br
- cesium/1.82.1/Cesium.js.gz
- cesium/1.82.1/Cesium.min.js.br
- cesium/1.82.1/Cesium.min.js.gz
- cesium/1.82.1/ThirdParty/Workers/deflate.js.br
- cesium/1.82.1/ThirdParty/Workers/deflate.js.gz
- cesium/1.82.1/ThirdParty/Workers/deflate.min.js.br
- cesium/1.82.1/ThirdParty/Workers/deflate.min.js.gz
- cesium/1.82.1/ThirdParty/Workers/draco_decoder.js.br
- cesium/1.82.1/ThirdParty/Workers/draco_decoder.js.gz
- cesium/1.82.1/ThirdParty/Workers/draco_decoder.min.js.br
- cesium/1.82.1/ThirdParty/Workers/draco_decoder.min.js.gz
- cesium/1.82.1/ThirdParty/Workers/draco_wasm_wrapper.js.br
- cesium/1.82.1/ThirdParty/Workers/draco_wasm_wrapper.js.gz
- cesium/1.82.1/ThirdParty/Workers/draco_wasm_wrapper.min.js.br
- cesium/1.82.1/ThirdParty/Workers/draco_wasm_wrapper.min.js.gz
- cesium/1.82.1/ThirdParty/Workers/inflate.js.br
- cesium/1.82.1/ThirdParty/Workers/inflate.js.gz
- cesium/1.82.1/ThirdParty/Workers/inflate.min.js.br
- cesium/1.82.1/ThirdParty/Workers/inflate.min.js.gz
- cesium/1.82.1/ThirdParty/draco_decoder.wasm.br
- cesium/1.82.1/ThirdParty/draco_decoder.wasm.gz
- cesium/1.82.1/ThirdParty/google-earth-dbroot-parser.js.br
- cesium/1.82.1/ThirdParty/google-earth-dbroot-parser.js.gz
- cesium/1.82.1/ThirdParty/google-earth-dbroot-parser.min.js.br
- cesium/1.82.1/ThirdParty/google-earth-dbroot-parser.min.js.gz
- cesium/1.82.1/Widgets/Animation/Animation.css.br
- cesium/1.82.1/Widgets/Animation/Animation.css.gz
- cesium/1.82.1/Widgets/Animation/Animation.min.css.br
- cesium/1.82.1/Widgets/Animation/Animation.min.css.gz
- cesium/1.82.1/Widgets/Animation/lighter.css.br
- cesium/1.82.1/Widgets/Animation/lighter.css.gz
- cesium/1.82.1/Widgets/Animation/lighter.min.css.br
- cesium/1.82.1/Widgets/Animation/lighter.min.css.gz
- cesium/1.82.1/Widgets/BaseLayerPicker/BaseLayerPicker.css.br
- cesium/1.82.1/Widgets/BaseLayerPicker/BaseLayerPicker.css.gz
- cesium/1.82.1/Widgets/BaseLayerPicker/BaseLayerPicker.min.css.br
- cesium/1.82.1/Widgets/BaseLayerPicker/BaseLayerPicker.min.css.gz
- cesium/1.82.1/Widgets/BaseLayerPicker/lighter.css.br
- cesium/1.82.1/Widgets/BaseLayerPicker/lighter.css.gz
- cesium/1.82.1/Widgets/BaseLayerPicker/lighter.min.css.br
- cesium/1.82.1/Widgets/BaseLayerPicker/lighter.min.css.gz
- cesium/1.82.1/Widgets/Cesium3DTilesInspector/Cesium3DTilesInspector.css.br
- cesium/1.82.1/Widgets/Cesium3DTilesInspector/Cesium3DTilesInspector.css.gz
- cesium/1.82.1/Widgets/Cesium3DTilesInspector/Cesium3DTilesInspector.min.css.br
- cesium/1.82.1/Widgets/Cesium3DTilesInspector/Cesium3DTilesInspector.min.css.gz
- cesium/1.82.1/Widgets/CesiumInspector/CesiumInspector.css.br
- cesium/1.82.1/Widgets/CesiumInspector/CesiumInspector.css.gz
- cesium/1.82.1/Widgets/CesiumInspector/CesiumInspector.min.css.br
- cesium/1.82.1/Widgets/CesiumInspector/CesiumInspector.min.css.gz
- cesium/1.82.1/Widgets/CesiumWidget/CesiumWidget.css.br
- cesium/1.82.1/Widgets/CesiumWidget/CesiumWidget.css.gz
- cesium/1.82.1/Widgets/CesiumWidget/CesiumWidget.min.css.br
- cesium/1.82.1/Widgets/CesiumWidget/CesiumWidget.min.css.gz
- cesium/1.82.1/Widgets/CesiumWidget/lighter.css.br
- cesium/1.82.1/Widgets/CesiumWidget/lighter.css.gz
- cesium/1.82.1/Widgets/CesiumWidget/lighter.min.css.br
- cesium/1.82.1/Widgets/CesiumWidget/lighter.min.css.gz
- cesium/1.82.1/Widgets/FullscreenButton/FullscreenButton.css.br
- cesium/1.82.1/Widgets/FullscreenButton/FullscreenButton.css.gz
- cesium/1.82.1/Widgets/FullscreenButton/FullscreenButton.min.css.br
- cesium/1.82.1/Widgets/FullscreenButton/FullscreenButton.min.css.gz
- cesium/1.82.1/Widgets/Geocoder/Geocoder.css.br
- cesium/1.82.1/Widgets/Geocoder/Geocoder.css.gz
- cesium/1.82.1/Widgets/Geocoder/Geocoder.min.css.br
- cesium/1.82.1/Widgets/Geocoder/Geocoder.min.css.gz
- cesium/1.82.1/Widgets/Geocoder/lighter.css.br
- cesium/1.82.1/Widgets/Geocoder/lighter.css.gz
- cesium/1.82.1/Widgets/Geocoder/lighter.min.css.br
- cesium/1.82.1/Widgets/Geocoder/lighter.min.css.gz
- cesium/1.82.1/Widgets/Images/ImageryProviders/bingAerial.png.br
- cesium/1.82.1/Widgets/Images/ImageryProviders/bingAerial.png.gz
- cesium/1.82.1/Widgets/Images/ImageryProviders/bingAerialLabels.png.br
- cesium/1.82.1/Widgets/Images/ImageryProviders/bingAerialLabels.png.gz
- cesium/1.82.1/Widgets/Images/ImageryProviders/bingRoads.png.br
- cesium/1.82.1/Widgets/Images/ImageryProviders/bingRoads.png.gz
- cesium/1.82.1/Widgets/Images/ImageryProviders/blueMarble.png.br
- cesium/1.82.1/Widgets/Images/ImageryProviders/blueMarble.png.gz
- cesium/1.82.1/Widgets/Images/ImageryProviders/earthAtNight.png.br
- cesium/1.82.1/Widgets/Images/ImageryProviders/earthAtNight.png.gz
- cesium/1.82.1/Widgets/Images/ImageryProviders/esriNationalGeographic.png.br
- cesium/1.82.1/Widgets/Images/ImageryProviders/esriNationalGeographic.png.gz
- cesium/1.82.1/Widgets/Images/ImageryProviders/esriWorldImagery.png.br
- cesium/1.82.1/Widgets/Images/ImageryProviders/esriWorldImagery.png.gz
- cesium/1.82.1/Widgets/Images/ImageryProviders/esriWorldStreetMap.png.br
- cesium/1.82.1/Widgets/Images/ImageryProviders/esriWorldStreetMap.png.gz
- cesium/1.82.1/Widgets/Images/ImageryProviders/mapQuestOpenStreetMap.png.br
- cesium/1.82.1/Widgets/Images/ImageryProviders/mapQuestOpenStreetMap.png.gz
- cesium/1.82.1/Widgets/Images/ImageryProviders/mapboxSatellite.png.br
- cesium/1.82.1/Widgets/Images/ImageryProviders/mapboxSatellite.png.gz
- cesium/1.82.1/Widgets/Images/ImageryProviders/mapboxStreets.png.br
- cesium/1.82.1/Widgets/Images/ImageryProviders/mapboxStreets.png.gz
- cesium/1.82.1/Widgets/Images/ImageryProviders/mapboxTerrain.png.br
- cesium/1.82.1/Widgets/Images/ImageryProviders/mapboxTerrain.png.gz
- cesium/1.82.1/Widgets/Images/ImageryProviders/naturalEarthII.png.br
- cesium/1.82.1/Widgets/Images/ImageryProviders/naturalEarthII.png.gz
- cesium/1.82.1/Widgets/Images/ImageryProviders/openStreetMap.png.br
- cesium/1.82.1/Widgets/Images/ImageryProviders/openStreetMap.png.gz
- cesium/1.82.1/Widgets/Images/ImageryProviders/sentinel-2.png.br
- cesium/1.82.1/Widgets/Images/ImageryProviders/sentinel-2.png.gz
- cesium/1.82.1/Widgets/Images/ImageryProviders/stamenToner.png.br
- cesium/1.82.1/Widgets/Images/ImageryProviders/stamenToner.png.gz
- cesium/1.82.1/Widgets/Images/ImageryProviders/stamenWatercolor.png.br
- cesium/1.82.1/Widgets/Images/ImageryProviders/stamenWatercolor.png.gz
- cesium/1.82.1/Widgets/Images/NavigationHelp/Mouse.svg.br
- cesium/1.82.1/Widgets/Images/NavigationHelp/Mouse.svg.gz
- cesium/1.82.1/Widgets/Images/NavigationHelp/MouseLeft.svg.br
- cesium/1.82.1/Widgets/Images/NavigationHelp/MouseLeft.svg.gz
- cesium/1.82.1/Widgets/Images/NavigationHelp/MouseMiddle.svg.br
- cesium/1.82.1/Widgets/Images/NavigationHelp/MouseMiddle.svg.gz
- cesium/1.82.1/Widgets/Images/NavigationHelp/MouseRight.svg.br
- cesium/1.82.1/Widgets/Images/NavigationHelp/MouseRight.svg.gz
- cesium/1.82.1/Widgets/Images/NavigationHelp/Touch.svg.br
- cesium/1.82.1/Widgets/Images/NavigationHelp/Touch.svg.gz
- cesium/1.82.1/Widgets/Images/NavigationHelp/TouchDrag.svg.br
- cesium/1.82.1/Widgets/Images/NavigationHelp/TouchDrag.svg.gz
- cesium/1.82.1/Widgets/Images/NavigationHelp/TouchRotate.svg.br
- cesium/1.82.1/Widgets/Images/NavigationHelp/TouchRotate.svg.gz
- cesium/1.82.1/Widgets/Images/NavigationHelp/TouchTilt.svg.br
- cesium/1.82.1/Widgets/Images/NavigationHelp/TouchTilt.svg.gz
- cesium/1.82.1/Widgets/Images/NavigationHelp/TouchZoom.svg.br
- cesium/1.82.1/Widgets/Images/NavigationHelp/TouchZoom.svg.gz
- cesium/1.82.1/Widgets/Images/TerrainProviders/CesiumWorldTerrain.png.br
- cesium/1.82.1/Widgets/Images/TerrainProviders/CesiumWorldTerrain.png.gz
- cesium/1.82.1/Widgets/Images/TerrainProviders/Ellipsoid.png.br
- cesium/1.82.1/Widgets/Images/TerrainProviders/Ellipsoid.png.gz
- cesium/1.82.1/Widgets/Images/TimelineIcons.png.br
- cesium/1.82.1/Widgets/Images/TimelineIcons.png.gz
- cesium/1.82.1/Widgets/Images/info-loading.gif.br
- cesium/1.82.1/Widgets/Images/info-loading.gif.gz
- cesium/1.82.1/Widgets/InfoBox/InfoBox.css.br
- cesium/1.82.1/Widgets/InfoBox/InfoBox.css.gz
- cesium/1.82.1/Widgets/InfoBox/InfoBox.min.css.br
- cesium/1.82.1/Widgets/InfoBox/InfoBox.min.css.gz
- cesium/1.82.1/Widgets/InfoBox/InfoBoxDescription.css.br
- cesium/1.82.1/Widgets/InfoBox/InfoBoxDescription.css.gz
- cesium/1.82.1/Widgets/InfoBox/InfoBoxDescription.min.css.br
- cesium/1.82.1/Widgets/InfoBox/InfoBoxDescription.min.css.gz
- cesium/1.82.1/Widgets/NavigationHelpButton/NavigationHelpButton.css.br
- cesium/1.82.1/Widgets/NavigationHelpButton/NavigationHelpButton.css.gz
- cesium/1.82.1/Widgets/NavigationHelpButton/NavigationHelpButton.min.css.br
- cesium/1.82.1/Widgets/NavigationHelpButton/NavigationHelpButton.min.css.gz
- cesium/1.82.1/Widgets/NavigationHelpButton/lighter.css.br
- cesium/1.82.1/Widgets/NavigationHelpButton/lighter.css.gz
- cesium/1.82.1/Widgets/NavigationHelpButton/lighter.min.css.br
- cesium/1.82.1/Widgets/NavigationHelpButton/lighter.min.css.gz
- cesium/1.82.1/Widgets/PerformanceWatchdog/PerformanceWatchdog.css.br
- cesium/1.82.1/Widgets/PerformanceWatchdog/PerformanceWatchdog.css.gz
- cesium/1.82.1/Widgets/PerformanceWatchdog/PerformanceWatchdog.min.css.br
- cesium/1.82.1/Widgets/PerformanceWatchdog/PerformanceWatchdog.min.css.gz
- cesium/1.82.1/Widgets/ProjectionPicker/ProjectionPicker.css.br
- cesium/1.82.1/Widgets/ProjectionPicker/ProjectionPicker.css.gz
- cesium/1.82.1/Widgets/ProjectionPicker/ProjectionPicker.min.css.br
- cesium/1.82.1/Widgets/ProjectionPicker/ProjectionPicker.min.css.gz
- cesium/1.82.1/Widgets/SceneModePicker/SceneModePicker.css.br
- cesium/1.82.1/Widgets/SceneModePicker/SceneModePicker.css.gz
- cesium/1.82.1/Widgets/SceneModePicker/SceneModePicker.min.css.br
- cesium/1.82.1/Widgets/SceneModePicker/SceneModePicker.min.css.gz
- cesium/1.82.1/Widgets/SelectionIndicator/SelectionIndicator.css.br
- cesium/1.82.1/Widgets/SelectionIndicator/SelectionIndicator.css.gz
- cesium/1.82.1/Widgets/SelectionIndicator/SelectionIndicator.min.css.br
- cesium/1.82.1/Widgets/SelectionIndicator/SelectionIndicator.min.css.gz
- cesium/1.82.1/Widgets/Timeline/Timeline.css.br
- cesium/1.82.1/Widgets/Timeline/Timeline.css.gz
- cesium/1.82.1/Widgets/Timeline/Timeline.min.css.br
- cesium/1.82.1/Widgets/Timeline/Timeline.min.css.gz
- cesium/1.82.1/Widgets/Timeline/lighter.css.br
- cesium/1.82.1/Widgets/Timeline/lighter.css.gz
- cesium/1.82.1/Widgets/Timeline/lighter.min.css.br
- cesium/1.82.1/Widgets/Timeline/lighter.min.css.gz
- cesium/1.82.1/Widgets/VRButton/VRButton.css.br
- cesium/1.82.1/Widgets/VRButton/VRButton.css.gz
- cesium/1.82.1/Widgets/VRButton/VRButton.min.css.br
- cesium/1.82.1/Widgets/VRButton/VRButton.min.css.gz
- cesium/1.82.1/Widgets/Viewer/Viewer.css.br
- cesium/1.82.1/Widgets/Viewer/Viewer.css.gz
- cesium/1.82.1/Widgets/Viewer/Viewer.min.css.br
- cesium/1.82.1/Widgets/Viewer/Viewer.min.css.gz
- cesium/1.82.1/Widgets/lighter.css.br
- cesium/1.82.1/Widgets/lighter.css.gz
- cesium/1.82.1/Widgets/lighter.min.css.br
- cesium/1.82.1/Widgets/lighter.min.css.gz
- cesium/1.82.1/Widgets/lighterShared.css.br
- cesium/1.82.1/Widgets/lighterShared.css.gz
- cesium/1.82.1/Widgets/lighterShared.min.css.br
- cesium/1.82.1/Widgets/lighterShared.min.css.gz
- cesium/1.82.1/Widgets/shared.css.br
- cesium/1.82.1/Widgets/shared.css.gz
- cesium/1.82.1/Widgets/shared.min.css.br
- cesium/1.82.1/Widgets/shared.min.css.gz
- cesium/1.82.1/Widgets/widgets.css.br
- cesium/1.82.1/Widgets/widgets.css.gz
- cesium/1.82.1/Widgets/widgets.min.css.br
- cesium/1.82.1/Widgets/widgets.min.css.gz
- cesium/1.82.1/Workers/ArcType-dc1c5aee.js.br
- cesium/1.82.1/Workers/ArcType-dc1c5aee.js.gz
- cesium/1.82.1/Workers/ArcType-dc1c5aee.min.js.br
- cesium/1.82.1/Workers/ArcType-dc1c5aee.min.js.gz
- cesium/1.82.1/Workers/AttributeCompression-9711314b.js.br
- cesium/1.82.1/Workers/AttributeCompression-9711314b.js.gz
- cesium/1.82.1/Workers/AttributeCompression-9711314b.min.js.br
- cesium/1.82.1/Workers/AttributeCompression-9711314b.min.js.gz
- cesium/1.82.1/Workers/BoundingRectangle-47baedda.js.br
- cesium/1.82.1/Workers/BoundingRectangle-47baedda.js.gz
- cesium/1.82.1/Workers/BoundingRectangle-47baedda.min.js.br
- cesium/1.82.1/Workers/BoundingRectangle-47baedda.min.js.gz
- cesium/1.82.1/Workers/BoxGeometry-8fee5c0e.js.br
- cesium/1.82.1/Workers/BoxGeometry-8fee5c0e.js.gz
- cesium/1.82.1/Workers/BoxGeometry-8fee5c0e.min.js.br
- cesium/1.82.1/Workers/BoxGeometry-8fee5c0e.min.js.gz
- cesium/1.82.1/Workers/Cartesian2-b4b7b0b3.js.br
- cesium/1.82.1/Workers/Cartesian2-b4b7b0b3.js.gz
- cesium/1.82.1/Workers/Cartesian2-b4b7b0b3.min.js.br
- cesium/1.82.1/Workers/Cartesian2-b4b7b0b3.min.js.gz
- cesium/1.82.1/Workers/Check-5e798bbf.js.br
- cesium/1.82.1/Workers/Check-5e798bbf.js.gz
- cesium/1.82.1/Workers/Check-5e798bbf.min.js.br
- cesium/1.82.1/Workers/Check-5e798bbf.min.js.gz
- cesium/1.82.1/Workers/Color-f81b2784.js.br
- cesium/1.82.1/Workers/Color-f81b2784.js.gz
- cesium/1.82.1/Workers/Color-f81b2784.min.js.br
- cesium/1.82.1/Workers/Color-f81b2784.min.js.gz
- cesium/1.82.1/Workers/ComponentDatatype-ce69354e.js.br
- cesium/1.82.1/Workers/ComponentDatatype-ce69354e.js.gz
- cesium/1.82.1/Workers/ComponentDatatype-ce69354e.min.js.br
- cesium/1.82.1/Workers/ComponentDatatype-ce69354e.min.js.gz
- cesium/1.82.1/Workers/CoplanarPolygonGeometryLibrary-8723ad5f.js.br
- cesium/1.82.1/Workers/CoplanarPolygonGeometryLibrary-8723ad5f.js.gz
- cesium/1.82.1/Workers/CoplanarPolygonGeometryLibrary-8723ad5f.min.js.br
- cesium/1.82.1/Workers/CoplanarPolygonGeometryLibrary-8723ad5f.min.js.gz
- cesium/1.82.1/Workers/CorridorGeometryLibrary-f678732d.js.br
- cesium/1.82.1/Workers/CorridorGeometryLibrary-f678732d.js.gz
- cesium/1.82.1/Workers/CorridorGeometryLibrary-f678732d.min.js.br
- cesium/1.82.1/Workers/CorridorGeometryLibrary-f678732d.min.js.gz
- cesium/1.82.1/Workers/CylinderGeometry-20320e60.js.br
- cesium/1.82.1/Workers/CylinderGeometry-20320e60.js.gz
- cesium/1.82.1/Workers/CylinderGeometry-20320e60.min.js.br
- cesium/1.82.1/Workers/CylinderGeometry-20320e60.min.js.gz
- cesium/1.82.1/Workers/CylinderGeometryLibrary-6ad5dbcf.js.br
- cesium/1.82.1/Workers/CylinderGeometryLibrary-6ad5dbcf.js.gz
- cesium/1.82.1/Workers/CylinderGeometryLibrary-6ad5dbcf.min.js.br
- cesium/1.82.1/Workers/CylinderGeometryLibrary-6ad5dbcf.min.js.gz
- cesium/1.82.1/Workers/EllipseGeometry-8d2f5a72.js.br
- cesium/1.82.1/Workers/EllipseGeometry-8d2f5a72.js.gz
- cesium/1.82.1/Workers/EllipseGeometry-8d2f5a72.min.js.br
- cesium/1.82.1/Workers/EllipseGeometry-8d2f5a72.min.js.gz
- cesium/1.82.1/Workers/EllipseGeometryLibrary-f934d063.js.br
- cesium/1.82.1/Workers/EllipseGeometryLibrary-f934d063.js.gz
- cesium/1.82.1/Workers/EllipseGeometryLibrary-f934d063.min.js.br
- cesium/1.82.1/Workers/EllipseGeometryLibrary-f934d063.min.js.gz
- cesium/1.82.1/Workers/EllipseOutlineGeometry-c92de375.js.br
- cesium/1.82.1/Workers/EllipseOutlineGeometry-c92de375.js.gz
- cesium/1.82.1/Workers/EllipseOutlineGeometry-c92de375.min.js.br
- cesium/1.82.1/Workers/EllipseOutlineGeometry-c92de375.min.js.gz
- cesium/1.82.1/Workers/EllipsoidGeodesic-92f0d3cc.js.br
- cesium/1.82.1/Workers/EllipsoidGeodesic-92f0d3cc.js.gz
- cesium/1.82.1/Workers/EllipsoidGeodesic-92f0d3cc.min.js.br
- cesium/1.82.1/Workers/EllipsoidGeodesic-92f0d3cc.min.js.gz
- cesium/1.82.1/Workers/EllipsoidGeometry-aea476ce.js.br
- cesium/1.82.1/Workers/EllipsoidGeometry-aea476ce.js.gz
- cesium/1.82.1/Workers/EllipsoidGeometry-aea476ce.min.js.br
- cesium/1.82.1/Workers/EllipsoidGeometry-aea476ce.min.js.gz
- cesium/1.82.1/Workers/EllipsoidOutlineGeometry-83bad8f0.js.br
- cesium/1.82.1/Workers/EllipsoidOutlineGeometry-83bad8f0.js.gz
- cesium/1.82.1/Workers/EllipsoidOutlineGeometry-83bad8f0.min.js.br
- cesium/1.82.1/Workers/EllipsoidOutlineGeometry-83bad8f0.min.js.gz
- cesium/1.82.1/Workers/EllipsoidRhumbLine-73a4e3eb.js.br
- cesium/1.82.1/Workers/EllipsoidRhumbLine-73a4e3eb.js.gz
- cesium/1.82.1/Workers/EllipsoidRhumbLine-73a4e3eb.min.js.br
- cesium/1.82.1/Workers/EllipsoidRhumbLine-73a4e3eb.min.js.gz
- cesium/1.82.1/Workers/EllipsoidTangentPlane-7dd3130c.js.br
- cesium/1.82.1/Workers/EllipsoidTangentPlane-7dd3130c.js.gz
- cesium/1.82.1/Workers/EllipsoidTangentPlane-7dd3130c.min.js.br
- cesium/1.82.1/Workers/EllipsoidTangentPlane-7dd3130c.min.js.gz
- cesium/1.82.1/Workers/EncodedCartesian3-21af0f3b.js.br
- cesium/1.82.1/Workers/EncodedCartesian3-21af0f3b.js.gz
- cesium/1.82.1/Workers/EncodedCartesian3-21af0f3b.min.js.br
- cesium/1.82.1/Workers/EncodedCartesian3-21af0f3b.min.js.gz
- cesium/1.82.1/Workers/FrustumGeometry-01786c68.js.br
- cesium/1.82.1/Workers/FrustumGeometry-01786c68.js.gz
- cesium/1.82.1/Workers/FrustumGeometry-01786c68.min.js.br
- cesium/1.82.1/Workers/FrustumGeometry-01786c68.min.js.gz
- cesium/1.82.1/Workers/GeometryAttribute-3314089a.js.br
- cesium/1.82.1/Workers/GeometryAttribute-3314089a.js.gz
- cesium/1.82.1/Workers/GeometryAttribute-3314089a.min.js.br
- cesium/1.82.1/Workers/GeometryAttribute-3314089a.min.js.gz
- cesium/1.82.1/Workers/GeometryAttributes-b0b294d8.js.br
- cesium/1.82.1/Workers/GeometryAttributes-b0b294d8.js.gz
- cesium/1.82.1/Workers/GeometryAttributes-b0b294d8.min.js.br
- cesium/1.82.1/Workers/GeometryAttributes-b0b294d8.min.js.gz
- cesium/1.82.1/Workers/GeometryInstance-3ec54139.js.br
- cesium/1.82.1/Workers/GeometryInstance-3ec54139.js.gz
- cesium/1.82.1/Workers/GeometryInstance-3ec54139.min.js.br
- cesium/1.82.1/Workers/GeometryInstance-3ec54139.min.js.gz
- cesium/1.82.1/Workers/GeometryOffsetAttribute-3497d4dd.js.br
- cesium/1.82.1/Workers/GeometryOffsetAttribute-3497d4dd.js.gz
- cesium/1.82.1/Workers/GeometryOffsetAttribute-3497d4dd.min.js.br
- cesium/1.82.1/Workers/GeometryOffsetAttribute-3497d4dd.min.js.gz
- cesium/1.82.1/Workers/GeometryPipeline-cd170892.js.br
- cesium/1.82.1/Workers/GeometryPipeline-cd170892.js.gz
- cesium/1.82.1/Workers/GeometryPipeline-cd170892.min.js.br
- cesium/1.82.1/Workers/GeometryPipeline-cd170892.min.js.gz
- cesium/1.82.1/Workers/IndexDatatype-da7c58eb.js.br
- cesium/1.82.1/Workers/IndexDatatype-da7c58eb.js.gz
- cesium/1.82.1/Workers/IndexDatatype-da7c58eb.min.js.br
- cesium/1.82.1/Workers/IndexDatatype-da7c58eb.min.js.gz
- cesium/1.82.1/Workers/IntersectionTests-eb44dd99.js.br
- cesium/1.82.1/Workers/IntersectionTests-eb44dd99.js.gz
- cesium/1.82.1/Workers/IntersectionTests-eb44dd99.min.js.br
- cesium/1.82.1/Workers/IntersectionTests-eb44dd99.min.js.gz
- cesium/1.82.1/Workers/Math-8386669c.js.br
- cesium/1.82.1/Workers/Math-8386669c.js.gz
- cesium/1.82.1/Workers/Math-8386669c.min.js.br
- cesium/1.82.1/Workers/Math-8386669c.min.js.gz
- cesium/1.82.1/Workers/OrientedBoundingBox-9c75ee89.js.br
- cesium/1.82.1/Workers/OrientedBoundingBox-9c75ee89.js.gz
- cesium/1.82.1/Workers/OrientedBoundingBox-9c75ee89.min.js.br
- cesium/1.82.1/Workers/OrientedBoundingBox-9c75ee89.min.js.gz
- cesium/1.82.1/Workers/Plane-06d5a63d.js.br
- cesium/1.82.1/Workers/Plane-06d5a63d.js.gz
- cesium/1.82.1/Workers/Plane-06d5a63d.min.js.br
- cesium/1.82.1/Workers/Plane-06d5a63d.min.js.gz
- cesium/1.82.1/Workers/PolygonGeometryLibrary-5fcc0c80.js.br
- cesium/1.82.1/Workers/PolygonGeometryLibrary-5fcc0c80.js.gz
- cesium/1.82.1/Workers/PolygonGeometryLibrary-5fcc0c80.min.js.br
- cesium/1.82.1/Workers/PolygonGeometryLibrary-5fcc0c80.min.js.gz
- cesium/1.82.1/Workers/PolygonPipeline-7bfe45de.js.br
- cesium/1.82.1/Workers/PolygonPipeline-7bfe45de.js.gz
- cesium/1.82.1/Workers/PolygonPipeline-7bfe45de.min.js.br
- cesium/1.82.1/Workers/PolygonPipeline-7bfe45de.min.js.gz
- cesium/1.82.1/Workers/PolylinePipeline-b25bdf3a.js.br
- cesium/1.82.1/Workers/PolylinePipeline-b25bdf3a.js.gz
- cesium/1.82.1/Workers/PolylinePipeline-b25bdf3a.min.js.br
- cesium/1.82.1/Workers/PolylinePipeline-b25bdf3a.min.js.gz
- cesium/1.82.1/Workers/PolylineVolumeGeometryLibrary-f1531841.js.br
- cesium/1.82.1/Workers/PolylineVolumeGeometryLibrary-f1531841.js.gz
- cesium/1.82.1/Workers/PolylineVolumeGeometryLibrary-f1531841.min.js.br
- cesium/1.82.1/Workers/PolylineVolumeGeometryLibrary-f1531841.min.js.gz
- cesium/1.82.1/Workers/PrimitivePipeline-ff0113f1.js.br
- cesium/1.82.1/Workers/PrimitivePipeline-ff0113f1.js.gz
- cesium/1.82.1/Workers/PrimitivePipeline-ff0113f1.min.js.br
- cesium/1.82.1/Workers/PrimitivePipeline-ff0113f1.min.js.gz
- cesium/1.82.1/Workers/RectangleGeometryLibrary-dfcd6d02.js.br
- cesium/1.82.1/Workers/RectangleGeometryLibrary-dfcd6d02.js.gz
- cesium/1.82.1/Workers/RectangleGeometryLibrary-dfcd6d02.min.js.br
- cesium/1.82.1/Workers/RectangleGeometryLibrary-dfcd6d02.min.js.gz
- cesium/1.82.1/Workers/RuntimeError-7f634f5d.js.br
- cesium/1.82.1/Workers/RuntimeError-7f634f5d.js.gz
- cesium/1.82.1/Workers/RuntimeError-7f634f5d.min.js.br
- cesium/1.82.1/Workers/RuntimeError-7f634f5d.min.js.gz
- cesium/1.82.1/Workers/TerrainEncoding-cdabb65b.js.br
- cesium/1.82.1/Workers/TerrainEncoding-cdabb65b.js.gz
- cesium/1.82.1/Workers/TerrainEncoding-cdabb65b.min.js.br
- cesium/1.82.1/Workers/TerrainEncoding-cdabb65b.min.js.gz
- cesium/1.82.1/Workers/Transforms-d5dbea8d.js.br
- cesium/1.82.1/Workers/Transforms-d5dbea8d.js.gz
- cesium/1.82.1/Workers/Transforms-d5dbea8d.min.js.br
- cesium/1.82.1/Workers/Transforms-d5dbea8d.min.js.gz
- cesium/1.82.1/Workers/VertexFormat-7e57a3bd.js.br
- cesium/1.82.1/Workers/VertexFormat-7e57a3bd.js.gz
- cesium/1.82.1/Workers/VertexFormat-7e57a3bd.min.js.br
- cesium/1.82.1/Workers/VertexFormat-7e57a3bd.min.js.gz
- cesium/1.82.1/Workers/WallGeometryLibrary-c1be3e11.js.br
- cesium/1.82.1/Workers/WallGeometryLibrary-c1be3e11.js.gz
- cesium/1.82.1/Workers/WallGeometryLibrary-c1be3e11.min.js.br
- cesium/1.82.1/Workers/WallGeometryLibrary-c1be3e11.min.js.gz
- cesium/1.82.1/Workers/WebGLConstants-76bb35d1.js.br
- cesium/1.82.1/Workers/WebGLConstants-76bb35d1.js.gz
- cesium/1.82.1/Workers/WebGLConstants-76bb35d1.min.js.br
- cesium/1.82.1/Workers/WebGLConstants-76bb35d1.min.js.gz
- cesium/1.82.1/Workers/WebMercatorProjection-1b058022.js.br
- cesium/1.82.1/Workers/WebMercatorProjection-1b058022.js.gz
- cesium/1.82.1/Workers/WebMercatorProjection-1b058022.min.js.br
- cesium/1.82.1/Workers/WebMercatorProjection-1b058022.min.js.gz
- cesium/1.82.1/Workers/arrayRemoveDuplicates-3a9a9480.js.br
- cesium/1.82.1/Workers/arrayRemoveDuplicates-3a9a9480.js.gz
- cesium/1.82.1/Workers/arrayRemoveDuplicates-3a9a9480.min.js.br
- cesium/1.82.1/Workers/arrayRemoveDuplicates-3a9a9480.min.js.gz
- cesium/1.82.1/Workers/cesiumWorkerBootstrapper.js.br
- cesium/1.82.1/Workers/cesiumWorkerBootstrapper.js.gz
- cesium/1.82.1/Workers/cesiumWorkerBootstrapper.min.js.br
- cesium/1.82.1/Workers/cesiumWorkerBootstrapper.min.js.gz
- cesium/1.82.1/Workers/combineGeometry.js.br
- cesium/1.82.1/Workers/combineGeometry.js.gz
- cesium/1.82.1/Workers/combineGeometry.min.js.br
- cesium/1.82.1/Workers/combineGeometry.min.js.gz
- cesium/1.82.1/Workers/createBoxGeometry.js.br
- cesium/1.82.1/Workers/createBoxGeometry.js.gz
- cesium/1.82.1/Workers/createBoxGeometry.min.js.br
- cesium/1.82.1/Workers/createBoxGeometry.min.js.gz
- cesium/1.82.1/Workers/createBoxOutlineGeometry.js.br
- cesium/1.82.1/Workers/createBoxOutlineGeometry.js.gz
- cesium/1.82.1/Workers/createBoxOutlineGeometry.min.js.br
- cesium/1.82.1/Workers/createBoxOutlineGeometry.min.js.gz
- cesium/1.82.1/Workers/createCircleGeometry.js.br
- cesium/1.82.1/Workers/createCircleGeometry.js.gz
- cesium/1.82.1/Workers/createCircleGeometry.min.js.br
- cesium/1.82.1/Workers/createCircleGeometry.min.js.gz
- cesium/1.82.1/Workers/createCircleOutlineGeometry.js.br
- cesium/1.82.1/Workers/createCircleOutlineGeometry.js.gz
- cesium/1.82.1/Workers/createCircleOutlineGeometry.min.js.br
- cesium/1.82.1/Workers/createCircleOutlineGeometry.min.js.gz
- cesium/1.82.1/Workers/createCoplanarPolygonGeometry.js.br
- cesium/1.82.1/Workers/createCoplanarPolygonGeometry.js.gz
- cesium/1.82.1/Workers/createCoplanarPolygonGeometry.min.js.br
- cesium/1.82.1/Workers/createCoplanarPolygonGeometry.min.js.gz
- cesium/1.82.1/Workers/createCoplanarPolygonOutlineGeometry.js.br
- cesium/1.82.1/Workers/createCoplanarPolygonOutlineGeometry.js.gz
- cesium/1.82.1/Workers/createCoplanarPolygonOutlineGeometry.min.js.br
- cesium/1.82.1/Workers/createCoplanarPolygonOutlineGeometry.min.js.gz
- cesium/1.82.1/Workers/createCorridorGeometry.js.br
- cesium/1.82.1/Workers/createCorridorGeometry.js.gz
- cesium/1.82.1/Workers/createCorridorGeometry.min.js.br
- cesium/1.82.1/Workers/createCorridorGeometry.min.js.gz
- cesium/1.82.1/Workers/createCorridorOutlineGeometry.js.br
- cesium/1.82.1/Workers/createCorridorOutlineGeometry.js.gz
- cesium/1.82.1/Workers/createCorridorOutlineGeometry.min.js.br
- cesium/1.82.1/Workers/createCorridorOutlineGeometry.min.js.gz
- cesium/1.82.1/Workers/createCylinderGeometry.js.br
- cesium/1.82.1/Workers/createCylinderGeometry.js.gz
- cesium/1.82.1/Workers/createCylinderGeometry.min.js.br
- cesium/1.82.1/Workers/createCylinderGeometry.min.js.gz
- cesium/1.82.1/Workers/createCylinderOutlineGeometry.js.br
- cesium/1.82.1/Workers/createCylinderOutlineGeometry.js.gz
- cesium/1.82.1/Workers/createCylinderOutlineGeometry.min.js.br
- cesium/1.82.1/Workers/createCylinderOutlineGeometry.min.js.gz
- cesium/1.82.1/Workers/createEllipseGeometry.js.br
- cesium/1.82.1/Workers/createEllipseGeometry.js.gz
- cesium/1.82.1/Workers/createEllipseGeometry.min.js.br
- cesium/1.82.1/Workers/createEllipseGeometry.min.js.gz
- cesium/1.82.1/Workers/createEllipseOutlineGeometry.js.br
- cesium/1.82.1/Workers/createEllipseOutlineGeometry.js.gz
- cesium/1.82.1/Workers/createEllipseOutlineGeometry.min.js.br
- cesium/1.82.1/Workers/createEllipseOutlineGeometry.min.js.gz
- cesium/1.82.1/Workers/createEllipsoidGeometry.js.br
- cesium/1.82.1/Workers/createEllipsoidGeometry.js.gz
- cesium/1.82.1/Workers/createEllipsoidGeometry.min.js.br
- cesium/1.82.1/Workers/createEllipsoidGeometry.min.js.gz
- cesium/1.82.1/Workers/createEllipsoidOutlineGeometry.js.br
- cesium/1.82.1/Workers/createEllipsoidOutlineGeometry.js.gz
- cesium/1.82.1/Workers/createEllipsoidOutlineGeometry.min.js.br
- cesium/1.82.1/Workers/createEllipsoidOutlineGeometry.min.js.gz
- cesium/1.82.1/Workers/createFrustumGeometry.js.br
- cesium/1.82.1/Workers/createFrustumGeometry.js.gz
- cesium/1.82.1/Workers/createFrustumGeometry.min.js.br
- cesium/1.82.1/Workers/createFrustumGeometry.min.js.gz
- cesium/1.82.1/Workers/createFrustumOutlineGeometry.js.br
- cesium/1.82.1/Workers/createFrustumOutlineGeometry.js.gz
- cesium/1.82.1/Workers/createFrustumOutlineGeometry.min.js.br
- cesium/1.82.1/Workers/createFrustumOutlineGeometry.min.js.gz
- cesium/1.82.1/Workers/createGeometry.js.br
- cesium/1.82.1/Workers/createGeometry.js.gz
- cesium/1.82.1/Workers/createGeometry.min.js.br
- cesium/1.82.1/Workers/createGeometry.min.js.gz
- cesium/1.82.1/Workers/createGroundPolylineGeometry.js.br
- cesium/1.82.1/Workers/createGroundPolylineGeometry.js.gz
- cesium/1.82.1/Workers/createGroundPolylineGeometry.min.js.br
- cesium/1.82.1/Workers/createGroundPolylineGeometry.min.js.gz
- cesium/1.82.1/Workers/createPlaneGeometry.js.br
- cesium/1.82.1/Workers/createPlaneGeometry.js.gz
- cesium/1.82.1/Workers/createPlaneGeometry.min.js.br
- cesium/1.82.1/Workers/createPlaneGeometry.min.js.gz
- cesium/1.82.1/Workers/createPlaneOutlineGeometry.js.br
- cesium/1.82.1/Workers/createPlaneOutlineGeometry.js.gz
- cesium/1.82.1/Workers/createPlaneOutlineGeometry.min.js.br
- cesium/1.82.1/Workers/createPlaneOutlineGeometry.min.js.gz
- cesium/1.82.1/Workers/createPolygonGeometry.js.br
- cesium/1.82.1/Workers/createPolygonGeometry.js.gz
- cesium/1.82.1/Workers/createPolygonGeometry.min.js.br
- cesium/1.82.1/Workers/createPolygonGeometry.min.js.gz
- cesium/1.82.1/Workers/createPolygonOutlineGeometry.js.br
- cesium/1.82.1/Workers/createPolygonOutlineGeometry.js.gz
- cesium/1.82.1/Workers/createPolygonOutlineGeometry.min.js.br
- cesium/1.82.1/Workers/createPolygonOutlineGeometry.min.js.gz
- cesium/1.82.1/Workers/createPolylineGeometry.js.br
- cesium/1.82.1/Workers/createPolylineGeometry.js.gz
- cesium/1.82.1/Workers/createPolylineGeometry.min.js.br
- cesium/1.82.1/Workers/createPolylineGeometry.min.js.gz
- cesium/1.82.1/Workers/createPolylineVolumeGeometry.js.br
- cesium/1.82.1/Workers/createPolylineVolumeGeometry.js.gz
- cesium/1.82.1/Workers/createPolylineVolumeGeometry.min.js.br
- cesium/1.82.1/Workers/createPolylineVolumeGeometry.min.js.gz
- cesium/1.82.1/Workers/createPolylineVolumeOutlineGeometry.js.br
- cesium/1.82.1/Workers/createPolylineVolumeOutlineGeometry.js.gz
- cesium/1.82.1/Workers/createPolylineVolumeOutlineGeometry.min.js.br
- cesium/1.82.1/Workers/createPolylineVolumeOutlineGeometry.min.js.gz
- cesium/1.82.1/Workers/createRectangleGeometry.js.br
- cesium/1.82.1/Workers/createRectangleGeometry.js.gz
- cesium/1.82.1/Workers/createRectangleGeometry.min.js.br
- cesium/1.82.1/Workers/createRectangleGeometry.min.js.gz
- cesium/1.82.1/Workers/createRectangleOutlineGeometry.js.br
- cesium/1.82.1/Workers/createRectangleOutlineGeometry.js.gz
- cesium/1.82.1/Workers/createRectangleOutlineGeometry.min.js.br
- cesium/1.82.1/Workers/createRectangleOutlineGeometry.min.js.gz
- cesium/1.82.1/Workers/createSimplePolylineGeometry.js.br
- cesium/1.82.1/Workers/createSimplePolylineGeometry.js.gz
- cesium/1.82.1/Workers/createSimplePolylineGeometry.min.js.br
- cesium/1.82.1/Workers/createSimplePolylineGeometry.min.js.gz
- cesium/1.82.1/Workers/createSphereGeometry.js.br
- cesium/1.82.1/Workers/createSphereGeometry.js.gz
- cesium/1.82.1/Workers/createSphereGeometry.min.js.br
- cesium/1.82.1/Workers/createSphereGeometry.min.js.gz
- cesium/1.82.1/Workers/createSphereOutlineGeometry.js.br
- cesium/1.82.1/Workers/createSphereOutlineGeometry.js.gz
- cesium/1.82.1/Workers/createSphereOutlineGeometry.min.js.br
- cesium/1.82.1/Workers/createSphereOutlineGeometry.min.js.gz
- cesium/1.82.1/Workers/createTaskProcessorWorker.js.br
- cesium/1.82.1/Workers/createTaskProcessorWorker.js.gz
- cesium/1.82.1/Workers/createTaskProcessorWorker.min.js.br
- cesium/1.82.1/Workers/createTaskProcessorWorker.min.js.gz
- cesium/1.82.1/Workers/createVectorTileClampedPolylines.js.br
- cesium/1.82.1/Workers/createVectorTileClampedPolylines.js.gz
- cesium/1.82.1/Workers/createVectorTileClampedPolylines.min.js.br
- cesium/1.82.1/Workers/createVectorTileClampedPolylines.min.js.gz
- cesium/1.82.1/Workers/createVectorTileGeometries.js.br
- cesium/1.82.1/Workers/createVectorTileGeometries.js.gz
- cesium/1.82.1/Workers/createVectorTileGeometries.min.js.br
- cesium/1.82.1/Workers/createVectorTileGeometries.min.js.gz
- cesium/1.82.1/Workers/createVectorTilePoints.js.br
- cesium/1.82.1/Workers/createVectorTilePoints.js.gz
- cesium/1.82.1/Workers/createVectorTilePoints.min.js.br
- cesium/1.82.1/Workers/createVectorTilePoints.min.js.gz
- cesium/1.82.1/Workers/createVectorTilePolygons.js.br
- cesium/1.82.1/Workers/createVectorTilePolygons.js.gz
- cesium/1.82.1/Workers/createVectorTilePolygons.min.js.br
- cesium/1.82.1/Workers/createVectorTilePolygons.min.js.gz
- cesium/1.82.1/Workers/createVectorTilePolylines.js.br
- cesium/1.82.1/Workers/createVectorTilePolylines.js.gz
- cesium/1.82.1/Workers/createVectorTilePolylines.min.js.br
- cesium/1.82.1/Workers/createVectorTilePolylines.min.js.gz
- cesium/1.82.1/Workers/createVerticesFromGoogleEarthEnterpriseBuffer.js.br
- cesium/1.82.1/Workers/createVerticesFromGoogleEarthEnterpriseBuffer.js.gz
- cesium/1.82.1/Workers/createVerticesFromGoogleEarthEnterpriseBuffer.min.js.br
- cesium/1.82.1/Workers/createVerticesFromGoogleEarthEnterpriseBuffer.min.js.gz
- cesium/1.82.1/Workers/createVerticesFromHeightmap.js.br
- cesium/1.82.1/Workers/createVerticesFromHeightmap.js.gz
- cesium/1.82.1/Workers/createVerticesFromHeightmap.min.js.br
- cesium/1.82.1/Workers/createVerticesFromHeightmap.min.js.gz
- cesium/1.82.1/Workers/createVerticesFromQuantizedTerrainMesh.js.br
- cesium/1.82.1/Workers/createVerticesFromQuantizedTerrainMesh.js.gz
- cesium/1.82.1/Workers/createVerticesFromQuantizedTerrainMesh.min.js.br
- cesium/1.82.1/Workers/createVerticesFromQuantizedTerrainMesh.min.js.gz
- cesium/1.82.1/Workers/createWallGeometry.js.br
- cesium/1.82.1/Workers/createWallGeometry.js.gz
- cesium/1.82.1/Workers/createWallGeometry.min.js.br
- cesium/1.82.1/Workers/createWallGeometry.min.js.gz
- cesium/1.82.1/Workers/createWallOutlineGeometry.js.br
- cesium/1.82.1/Workers/createWallOutlineGeometry.js.gz
- cesium/1.82.1/Workers/createWallOutlineGeometry.min.js.br
- cesium/1.82.1/Workers/createWallOutlineGeometry.min.js.gz
- cesium/1.82.1/Workers/decodeDraco.js.br
- cesium/1.82.1/Workers/decodeDraco.js.gz
- cesium/1.82.1/Workers/decodeDraco.min.js.br
- cesium/1.82.1/Workers/decodeDraco.min.js.gz
- cesium/1.82.1/Workers/decodeGoogleEarthEnterprisePacket.js.br
- cesium/1.82.1/Workers/decodeGoogleEarthEnterprisePacket.js.gz
- cesium/1.82.1/Workers/decodeGoogleEarthEnterprisePacket.min.js.br
- cesium/1.82.1/Workers/decodeGoogleEarthEnterprisePacket.min.js.gz
- cesium/1.82.1/Workers/transcodeCRNToDXT.js.br
- cesium/1.82.1/Workers/transcodeCRNToDXT.js.gz
- cesium/1.82.1/Workers/transcodeCRNToDXT.min.js.br
- cesium/1.82.1/Workers/transcodeCRNToDXT.min.js.gz
- cesium/1.82.1/Workers/transferTypedArrayTest.js.br
- cesium/1.82.1/Workers/transferTypedArrayTest.js.gz
- cesium/1.82.1/Workers/transferTypedArrayTest.min.js.br
- cesium/1.82.1/Workers/transferTypedArrayTest.min.js.gz
- cesium/1.82.1/Workers/upsampleQuantizedTerrainMesh.js.br
- cesium/1.82.1/Workers/upsampleQuantizedTerrainMesh.js.gz
- cesium/1.82.1/Workers/upsampleQuantizedTerrainMesh.min.js.br
- cesium/1.82.1/Workers/upsampleQuantizedTerrainMesh.min.js.gz
- cesium/1.82.1/Workers/when-208fe5b0.js.br
- cesium/1.82.1/Workers/when-208fe5b0.js.gz
- cesium/1.82.1/Workers/when-208fe5b0.min.js.br
- cesium/1.82.1/Workers/when-208fe5b0.min.js.gz
SRIs:
- cesium/1.82.1/Widgets/Geocoder/Geocoder.min.css: sha512-/CzTU8NBwJcnR02sCCJcych69pAP50rzTqP3SRwWMxMkodn5ujZqArC6S0Psh5qlH9uI+dYZlAN0yjbmL850Tg==
- cesium/1.82.1/Workers/createTaskProcessorWorker.min.js: sha512-AbGwHowvrg6RgNLQV2IYTTtkp6YeJcYaGsWVTaRpUDG0Jbsx+UyP5ajvz4i1XMSQo6PvP2Ehm31aKpW05xV+7A==
- cesium/1.82.1/Workers/FrustumGeometry-01786c68.min.js: sha512-tkhB7S4RaSoXOXw6RXgRY5LZq7ueDIChwJ+ocmKw6Aqltt8mBsyYbmJ14ww8Ktj4K1D8AVaIKGC761MgVW5jdg==
- cesium/1.82.1/Workers/IndexDatatype-da7c58eb.js: sha512-jz6uux/1T4/PVdaWmfeu3xsmFqMc/paTrnPOos6Pca78EU9+4FXskVq2G0xh510rNMwqqEneaVwrLqSZ/dvYdQ==
- cesium/1.82.1/Workers/combineGeometry.js: sha512-pkWXsk3A0F45E2BtGfaz1MKdWabOfLQr8hkObH/bxe8LK3gkH5odTjooBzBVR4Um4mPG7GDLYmQC1aSJ9wkiDA==
- cesium/1.82.1/Workers/createCoplanarPolygonOutlineGeometry.js: sha512-WRT+MuhINTkfHbXNnzE5qUeDE7IbrbZUHuLUG6LYBCQ92600n8eiJsqYmyDFBXLtzuy83QejX+242fpawtJxuQ==
- cesium/1.82.1/Workers/createCylinderOutlineGeometry.js: sha512-2L4vY3DtA5u05C2CaBAoG6LogIAWgY/cWbWWevzTCAk+gf7QPSvyoRbRF0x7HWNmiLje7TwlE1fr9x/gKWx92A==
- cesium/1.82.1/Workers/createSimplePolylineGeometry.js: sha512-OGtakOwrN0xm6NzK4gdmIN4M/fOmMCbvxJNPwVpkR+GHJY5nDBrz0+tR17WnX6WVj2cRzE+OV1trAicvyyi0bA==
- cesium/1.82.1/Workers/CylinderGeometryLibrary-6ad5dbcf.min.js: sha512-u0A2uMMfiLT1VUHZfQ55M9qXXcsU6+T+cKuhpr+Ehjc1kNxjx9JzFIeqzSzzCDEjxe63jryavJlt/1zzXomQuQ==
- cesium/1.82.1/Workers/createCylinderGeometry.min.js: sha512-thg71OP4ew3sYY+qjS6YgdwvaI/w4vewVqO/emCipHsH1qHUYCh6Yk3pFhQbvec4ibvKARYNa86cJtpEt1/Qcw==
- cesium/1.82.1/Workers/createRectangleOutlineGeometry.js: sha512-tb1eiN1gPtY46LQ4xuOQ11EXPeilW09es8RM+Q0kgPmK8TEFFfWwk6YptD3c2mOxhw+5c5SN5aD7SoUKRO/zGA==
- cesium/1.82.1/Widgets/shared.css: sha512-4l9FVd/JqHvdgogNKa1LJjIHY8zJmIje6WJxtMNWFbGRwXwcPXaafpqWtd0/86J6ANI/ihpxdvmnEdCewOLOkA==
- cesium/1.82.1/Workers/ArcType-dc1c5aee.js: sha512-LpLZ/jdXF6OYTxyWtSY6ILKMv39yJciMECmMzUCM21VJwnOdK6w54ZhEjVqGNBb+uVydLgchlZQppVP/ZG8Ybw==
- cesium/1.82.1/Workers/GeometryAttribute-3314089a.js: sha512-+DBnKtOqPiWqSHpFVZDY2ozPfupsKApErdp5ovwoSCqZFBoLIDiIBFHmrtB4ZDdG30JT6eppsARdsWmEzycY3A==
- cesium/1.82.1/Workers/createPlaneOutlineGeometry.min.js: sha512-gYXznDp3x5PhWRDm19/VzaAIc4M+Q19Ugf5VkpB9Cauk/bR8kujtvaZwZTLBxa3r1vCtHAGi58LbsuKlZwoqyA==
- cesium/1.82.1/Workers/createVectorTileClampedPolylines.min.js: sha512-pKK0JeQWq64eZ/nBRPhRSvRMUGsitNcO43Ibr7RjXf5kcOq4+i/kkIESFVRnBRz7gVks5eL9hM5q2UD+5MUBvQ==
- cesium/1.82.1/Widgets/Viewer/Viewer.css: sha512-+KLKkky7HS3GRp6S424BeMMlDWkfaH9djOwCnDmodAGTAuj36PkS3lJfi909G3LEpDTCvpHpyg5N0zA+7yt/IQ==
- cesium/1.82.1/Widgets/lighter.min.css: sha512-AiKAmasmZog9cp4ZCNc+kyO9/UXPH77dBKaclZjnXIrdiioFCP/kHotOMUqybaLNVWAgxHefWOn9GAz/kgQbSw==
- cesium/1.82.1/Workers/Cartesian2-b4b7b0b3.min.js: sha512-56z+SiAk88mlBMd3MeBFnBy4Fe6MPHUN/auhMMy3poMzcG9nTS4BcgovVoQ/ZY/6lPLTWxEuzPMCYk3Z4Zp20w==
- cesium/1.82.1/Workers/GeometryOffsetAttribute-3497d4dd.min.js: sha512-Kn3y7ttlvL63uRRDn0G/eeX+TibPz+ahTpS0ANJWN/WpTfMHrlurVHKUQfGnL875JbW9kZ1MxKSrFp9kDtEDtw==
- cesium/1.82.1/Workers/BoundingRectangle-47baedda.min.js: sha512-ZbyonYghKhbV9KiqodDtw9VdabOmdGR7mjwEGdGUeZW9EQiRlRL8q08Q54tJZv85/0tw+N8eAG1IwUhLtJy6Yw==
- cesium/1.82.1/Workers/createCircleGeometry.min.js: sha512-ehK9ByuHWyQ8P8a+Djjz2AuQ5JeOE1yPEZ8m2Y8/nTSWdneJD6jrx5IzutUoyGLPkEyKki6VqFy/sJxe1jNPZw==
- cesium/1.82.1/Widgets/CesiumWidget/lighter.css: sha512-+FW/kQAWIRPWhEzEbcFSBd2/7N/k2AaXLUTsHn0qdW6cmTx61Igs7NJq/buRW2+uxzzWM4dGWFFPJrTAiQSR5w==
- cesium/1.82.1/Workers/VertexFormat-7e57a3bd.js: sha512-e6rNirqjrmp3U43CtXglQRF3rJuKBBlCUeBst1zjgp3xoEz65oLk7w7uX4nZpnnltyuoSFZYfBHN7vZyAZ7fIg==
- cesium/1.82.1/Workers/WebMercatorProjection-1b058022.js: sha512-AXYStJglODYujJfTUqOwiV6gBaW7uH8eICw51NlEcnzl+AGRyQHN6opuC+MqcWSvoDN8hD4eQ/q2VgZ9UgUAeA==
- cesium/1.82.1/Workers/createEllipseGeometry.min.js: sha512-8HdebO+wK9Nym3F4Qh7889Qi1XUoSZIwwYkepJmOhJlnx3hXFr7lVDVoqECzRA4OatIKLA6Y2x91DXRa3k00cw==
- cesium/1.82.1/Workers/createPolylineVolumeOutlineGeometry.min.js: sha512-O7cJwQUojCPG60rnVDgekTt8atYEiYjwFhx2UWPnDTW5u+uvislviaS34ZalpwWn5ZcYnaOuKP3okmlQa5U11w==
- cesium/1.82.1/Workers/createVectorTilePolylines.js: sha512-591+/wAlIp+zmk+Jc3wMcpfcGRhBSqng2rF9JaMkvY6Ck6bz1mFyVJ+5sMs6Q0Aj64xraUp3yW5pcyE0YTNe8Q==
- cesium/1.82.1/Workers/createWallGeometry.min.js: sha512-8l2hwMHIZE5XbG1obyOm5TxHdB9/Ou2LSbmScRfs8gmJvUQo1+8CtFwc99exDTbwG0Y2zb4F+BfW51jPnKNWoA==
- cesium/1.82.1/ThirdParty/Workers/draco_decoder.min.js: sha512-FS7J9Eh64tJ95t67vVGqex2RD3slpi2jyQWQns7CPbRlio2rjRoRJ1FD3tUrBFkWidUmJIKVdMLkf13VDiHzTw==
- cesium/1.82.1/Workers/createSphereGeometry.js: sha512-DclirQjgCPdOVo19WHX7n1xFxHmej1PxA8kNOieIoLCmmPOKYC9d+87QPXLYbVoim8BJpmYF8rpcNi2MubavNg==
- cesium/1.82.1/Widgets/FullscreenButton/FullscreenButton.min.css: sha512-Pc4ralT8fCFgOd23nDVUhJDYEovagKtplLeN6RmkHh/x5LF2TkvA1/ontgFIZ3piZ6GPzT6OBj7KaH/vsREp4w==
- cesium/1.82.1/Workers/PolygonPipeline-7bfe45de.js: sha512-FgCuzaO/lY6kw4frAVlzivt61ZMANFI8UeZ8HkFB1x29JywC+ZVf/ORvhx8yaqs1dqd7LWl9+36KZ59ytpAkgg==
- cesium/1.82.1/Workers/Transforms-d5dbea8d.js: sha512-PTmpW79mdWwY0GLFcYD9GbqKnHCe2PoZMTnc2fb0lQGRvbWn5pUTl5vrcXzkR9ArbusfnxlQiF0HWyQYe/6xKQ==
- cesium/1.82.1/Workers/createCylinderGeometry.js: sha512-oLrTMcEV91OKHcAV3/YEADpd8WhZIgp+o1GLo1ELN3LExQOFC46Uy1e+g8Z24530oLgaDUygsG4qZuD5KJS8ZQ==
- cesium/1.82.1/Workers/decodeGoogleEarthEnterprisePacket.min.js: sha512-Mz9mYEKwdpW7qupuB4pgt2rr4wZDz4kwkE5U+d8t8t8JGZIar3PIIVGwzFiaBdpQF5O6FTkRoh6eXotdDgpevA==
- cesium/1.82.1/Widgets/lighter.css: sha512-AiKAmasmZog9cp4ZCNc+kyO9/UXPH77dBKaclZjnXIrdiioFCP/kHotOMUqybaLNVWAgxHefWOn9GAz/kgQbSw==
- cesium/1.82.1/Workers/Check-5e798bbf.min.js: sha512-IfFQwqbQPYB9M/a746rPYMqhX1iOVOaEoC3N1bJi+VOFbLHE2VQZgtJWa+lV98QL6PkBHIyF/o1khFtFQa7SJw==
- cesium/1.82.1/Workers/EllipseGeometryLibrary-f934d063.min.js: sha512-P0nm7ZaMbrem5WHlVTUpumyy07oT/SadtLGjZe3OXii+lT4pVenupxajtf+cS3Ys+YnLCasa4ER4xLIXIVQJDA==
- cesium/1.82.1/Workers/Transforms-d5dbea8d.min.js: sha512-16BuoyxS+ZWuCC3AwflXE70v37UYBTB3eRzhscsQmP9Jn7Hm3D5ybbm+uoOe+5NVFzUHgfHUVTN8+hihKrjM2Q==
- cesium/1.82.1/Workers/WallGeometryLibrary-c1be3e11.js: sha512-MDRB+pWdDIbu+mfOzfd8EaCGbMdzClOAcsdCUgv5caQWXVJAW+55KrWMtGQRAQHlB7ZJNgjefmQ3uVmXqP0bFQ==
- cesium/1.82.1/Workers/createPolygonOutlineGeometry.js: sha512-V/JVLafK0PHFOch5do+Jw0qfAfrlMeBCroxSEQBk9KoO+MscmPslfmp59eqOtsV+rh3Z9CfUCwOlTdUzUcbZdA==
- cesium/1.82.1/Workers/createRectangleOutlineGeometry.min.js: sha512-6tvuVOajUo8IfslLJlUTvkue/v1NCh16FhSPVwO+GAoKbuS+Kun4UPml/fq87LQoiyS6Yr6sU7WmPC/bzIBKCQ==
- cesium/1.82.1/Widgets/Viewer/Viewer.min.css: sha512-+KLKkky7HS3GRp6S424BeMMlDWkfaH9djOwCnDmodAGTAuj36PkS3lJfi909G3LEpDTCvpHpyg5N0zA+7yt/IQ==
- cesium/1.82.1/Workers/CylinderGeometry-20320e60.min.js: sha512-8KZ4p+dVdYXGOscbCR5M2Tsj3Y3+uLl714VFtnXDG6HyZD1wg//cRrsWHYjIBxRVFiaPxGS7SGlUbSardiVFCw==
- cesium/1.82.1/Workers/Math-8386669c.js: sha512-79Ct0GmSepxuPQ2wb7wCH7SKGp+QhNLUiwlHmZrePUJo3LK19vCuYZn9sjL+tsTCu6VfnP/8IajlQqSP0xtpIQ==
- cesium/1.82.1/Workers/combineGeometry.min.js: sha512-bMNvW4Oa/coi5g+zFyxNdsKjqCbhDIS3CgwYijBGhNcjbdCj2UMpBDBrEdz7CFoxXHWjBFErEDDo62E4nwgwCA==
- cesium/1.82.1/Workers/createCircleOutlineGeometry.min.js: sha512-juSbL9m36EXOgI67aPmlcN4WuEFZPRtL4h2+6EpWwBYA71DAWeG1EBv7WmWZR5Frir4IWc1lEYxmsA5wj/LFNQ==
- cesium/1.82.1/Workers/createCoplanarPolygonGeometry.min.js: sha512-mLXAAMT0mleZBDZYuTb0KD8AnwtFunvVIT5+gp7JvIcX9KWshkt1SI0+WbYEx1zlV3Bn828T+6TJr9X4BzXV/g==
- cesium/1.82.1/Workers/createCorridorGeometry.min.js: sha512-+SNwIoAhnTDUaRgNTgNkoAv0zwUnJ8KXDCdZ2W07ADOt7HjZGt4or1/sDGbBhS+aTeNYcADogs4kYLzDxP1kew==
- cesium/1.82.1/Workers/createSimplePolylineGeometry.min.js: sha512-pfIV8tfg6OFl9DXGEPOMLpY2CslTaAKZPXS5DV3b2EPn8IHRhwAdnq5QWoFrlRTA8oQassGb1GHgdww6gojebw==
- cesium/1.82.1/Workers/createFrustumGeometry.min.js: sha512-dBq+r/1Uw+1VuujxyxRI56QRpoEAeIrOkkgM89DYfApmipEqSoNvbeBzrvaPXccvezdnlWybtd9v3L+twTCOaA==
- cesium/1.82.1/Workers/transcodeCRNToDXT.min.js: sha512-CHSYNEwxQARB4ktJUs9K8xS6qNgxgjcOSurZI6AJTGcatlmEXQqkvfQ7YKmlX9Dsa2GtNNRM/phwrfFOKb6xnw==
- cesium/1.82.1/Widgets/BaseLayerPicker/BaseLayerPicker.min.css: sha512-WUWXp5Gcae0aJl2Ge0rWfawt36yQ+tMEudm4l5MYXWPR/gdGngXrKLml+bCt7JMTu0NCr8b7aZGsVzyUD84ftQ==
- cesium/1.82.1/Workers/EllipsoidRhumbLine-73a4e3eb.min.js: sha512-2ocFQmJ/WEwgMm2fWPTePXIhcQbAX4mU3n2eCorPqlDUfDIfzGHmGuBQvK35cP7i7DIi0ilELL1XwARFK1H9Sg==
- cesium/1.82.1/Workers/GeometryOffsetAttribute-3497d4dd.js: sha512-KFl9Q+u0hHtG+jPPUnM/c6AUa32QQj3GZBEzvp8XmS7zNeJZSsu0y+4GSpztup1nosubVkzyOoQC6zweiHe5EQ==
- cesium/1.82.1/Workers/RuntimeError-7f634f5d.js: sha512-VmlZNS5O4QwptF47v1lcWnzZpYVyVWU4KHb5XiUJhfMNeJD2P4W951bW/YKT4iIvzqX23yGdvjMJpnx/rIo5Hw==
- cesium/1.82.1/Workers/createVerticesFromGoogleEarthEnterpriseBuffer.js: sha512-OM9itf4jFQhugb2/V9vJGwu5qS9XkzQ/R79QcYAPXQxoZX80xQ6kvGPRrkli99fOCgd7sMREn1tFblYLnPbJDw==
- cesium/1.82.1/ThirdParty/Workers/draco_wasm_wrapper.min.js: sha512-YHr4UpdXmvXWbVl+dtqjSDZjdVC/St0to1WWvcbkjFR77PaaQ6qQCntGZGSgSUztc+GOHZhguRfkkJQEbMLgvA==
- cesium/1.82.1/Workers/CoplanarPolygonGeometryLibrary-8723ad5f.min.js: sha512-g1iQsfyQNVe7yfrbulzf0y7cY8aLVSHGWrxuP+FJVcmFySHEGtMZY0GxPST70Y8unp20xrEeqqcZpiMNPsw02g==
- cesium/1.82.1/Workers/createPolylineVolumeGeometry.min.js: sha512-/d9TSVa1gYTOrUCPux7+5IhCAk2EEbLUQOSwkc9CzN7f8/kd0L9khvUx9Eb6UrgKDHEvL0qva7bKNBk52Q1BCA==
- cesium/1.82.1/ThirdParty/google-earth-dbroot-parser.js: sha512-PZYowuYanIHtbjvgOkxsjiOij2GBKyADO/HyO7xZkma5629put5yEN8ax1BjTSXm4+nWDHQEdmvMOQ8Crm9Wtg==
- cesium/1.82.1/Widgets/widgets.css: sha512-h9djTljMpI/36vV9pOtaO/bqarwzjbD6eYjE1ISRhnPDkJ3IWNpEUnSyqUUepEPDno/k6Mv+Cm179z1O1qYAJA==
- cesium/1.82.1/Workers/transferTypedArrayTest.js: sha512-fAeaQqy7jj2QEO6zg0j5CT+rGM4FDoeEr9MFI1Q1LUyD8BIfeCOIINdTI6IxVXVrX4diCN2B6adVHCHK4pm7KQ==
- cesium/1.82.1/ThirdParty/google-earth-dbroot-parser.min.js: sha512-if+9LfTyehXcUY/orcCnnOo4OFK/kT+xkw0YPhuUwQ41oGfkOtqDRlVatyeDIJFl1/M5TcVv6f2eSxllIDKzKQ==
- cesium/1.82.1/Widgets/VRButton/VRButton.min.css: sha512-f7EpWuRwqGre1R+E5VeJPFIeQgeam2lPmHBkkufpfgTAdds/Z+75Fnl2/iQjmhtQSbbMaUh7OxNmzAMkJWppxQ==
- cesium/1.82.1/Workers/createPlaneGeometry.min.js: sha512-tcdAPDSdBZ8zYAfd2NBY9q8h3rTXiN1PftGFUShcz+D7Qz11K2+NeyKCDub0Kh+QdfyJ7vSsPueTAUP5e9LDCA==
- cesium/1.82.1/Workers/createVectorTilePoints.min.js: sha512-yqEgt+QyjpaZy2SSv2eVTDx77+jBA9fQanE6O/mpmRblc6rFOJLcY7IS+5Mck7PFCqeCHPzaVi4UDm2nGlIJPA==
- cesium/1.82.1/Widgets/Animation/Animation.css: sha512-hOmMUPB0JHVGZBfrBdL2WKzZOc3Xka8+ZrWshvpbk+n4PcaYwataoly7jDT6YTfxXtyAaeVrbQwlrtiL42YRTQ==
- cesium/1.82.1/Workers/EllipsoidGeometry-aea476ce.min.js: sha512-vp1fTMVl+JRrgU2EdVlYvgRSv0rlXMxXkpPCyYD7kmEdpb2s70oFK1tX+k/bGrtoBls7nQORScFwoZEGFzlg/w==
- cesium/1.82.1/Workers/EncodedCartesian3-21af0f3b.js: sha512-9sN6AtRH76O/xb/yhXshKtjpi+p8wsSmMjcsqqoIVn/0TxEcH07dDjK3EYOKS2CJxRZcReTOsgmC9AT+g9mrFg==
- cesium/1.82.1/Workers/IndexDatatype-da7c58eb.min.js: sha512-Z8t9eLZPzSUj+uVwcDRs9pY44UYt9ZEIStw3FAv3ZkHJrChErEaAPqlJDDfxKwuv7mdxmklTTKXEuVCjU+sKZQ==
- cesium/1.82.1/Workers/createCorridorGeometry.js: sha512-GJphzYJsLLpfavX15e2ZjSyHLnm7vq98dk/DhxdVKF4NNVVelyg6Z4+ztNcsk1+f/Ppc3CUxJSgr3r2U/6JdaQ==
- cesium/1.82.1/Workers/createCylinderOutlineGeometry.min.js: sha512-vaYEjd1Ly/pnNd8p6iOqgcbR2TetTKPE0TJ+X+7Nu35kZCw807mS+RMtquZDs0r//q4esBTNFHAqvB6bR9YNeA==
- cesium/1.82.1/Workers/EllipseGeometry-8d2f5a72.js: sha512-wwiICHSUegTXnJCFmaXU/VH9i/GZA/CipiI1+Zy3/Rfs8EW+2m/eys/wKOkiVB5wgaWdE6g4k2lmCc8RyJ5AlQ==
- cesium/1.82.1/Workers/createRectangleGeometry.js: sha512-+myLSU4bBNuikU0MEsqisko+F8x/hn/v+jS5NEVFniitj+OppKPD2vFqXfCq4C/4i6ZxE5c1Qx7Ism2C3uXhjg==
- cesium/1.82.1/ThirdParty/Workers/deflate.min.js: sha512-19W2nFnrVBzVuokiOnGQBSO4q+qFKMhJn76NitW7b8/nZ3edChyAZwbfV2uF8aFdu337RtrJ0u5/5wXzCqaM6g==
- cesium/1.82.1/Widgets/InfoBox/InfoBoxDescription.css: sha512-UgWDrI30ezxpMt54HElEzFBAQ/GX4GVEhLf/zAydToyHf7KbdRDrKd5VGH52Irk0HFCiTNYF4rZXmuKeBJCTcw==
- cesium/1.82.1/Workers/CoplanarPolygonGeometryLibrary-8723ad5f.js: sha512-7mpUu7dsmpujuvztKFVMe++zzC5nxTLQ6jXFfjMQssHU7YPCX5qTjiDNVJk4lj55AdTJKe2qt7Tdl0yPr2rcJQ==
- cesium/1.82.1/Workers/EllipsoidGeodesic-92f0d3cc.js: sha512-jPSbEZgoSYGM2inXfsnwUQl/C8PdC5wT3yNnHLfzPaqwjEQwhV6Qgneoc3/Czu2GdnlIfhSQHAN1qUY+JMgoBQ==
- cesium/1.82.1/Workers/OrientedBoundingBox-9c75ee89.min.js: sha512-qE3YJwTES5Z1BgD67F4Ev84jbDa5zG0oqmdNyH+rB9sAowcR66lJijCoDCYFq0Pm7YGrD7QMsVeEp12EiYXcCQ==
- cesium/1.82.1/Workers/createVerticesFromQuantizedTerrainMesh.js: sha512-hxWopAnfefuzCXUoNwqvZID3yMXwpJp1/9eVg9jlxqXz3go1xLhpY+dIHCW5t8p1gYSG3pjQV64sr7vWyeVczA==
- cesium/1.82.1/Workers/createVerticesFromQuantizedTerrainMesh.min.js: sha512-RskSbO10h0T0Wg7YCTfqEqtT1Ekunc6FqF0KdOpLjTgd1OWGqOoBcJhmmRflnprQDtcM6SbRSgs0SmMx92QBuA==
- cesium/1.82.1/Workers/RectangleGeometryLibrary-dfcd6d02.min.js: sha512-1j8tyXv53k7VgVceSPaaC9cHuchUjrSKdGdh9FNqKf8/ywVaAn9hrvJSzH8BfCWfuyByfeT/lgUMXJbFLuGAAQ==
- cesium/1.82.1/Workers/WebGLConstants-76bb35d1.min.js: sha512-vsQ2wDvmq1UzFvng4JAyy4vi13VpmydWZCS80QtxMOtLIz+WVBo6BcqGg/jCTq7BMZqMuenADvDXnxSloUJL7Q==
- cesium/1.82.1/Workers/createVectorTileGeometries.min.js: sha512-cIX/ktIhGR/Ukik9Ehx37NtXndgd3xfqTn1BrPDyZpVU8LKdpbZnj8jl2avdDePpNnMb5ute5H9iVFH2u1k1rQ==
- cesium/1.82.1/Widgets/Timeline/Timeline.min.css: sha512-2FCJUuV37gim1TVyznPqPsaeTwseCw7JcrHD81ScrwU72HNhv9GXBYpcQlHxlaODlLVQ4e+ioXrLhr/gba7DsA==
- cesium/1.82.1/Workers/EllipsoidGeometry-aea476ce.js: sha512-zkBJSRNKUAW9ePQqXV7NOPFGAphOGzc9ocHCmoj+tyEg4Y69kjp9xkJgqb+fgYHX6qjr+Y9wDtTo0MIRis7sHA==
- cesium/1.82.1/Workers/cesiumWorkerBootstrapper.min.js: sha512-TEbHKTWMDg/Xp1q0uRitjLkbs8uwwv6svQlnnFavK8Fjm2yVb4BF5I7gbVOFTCWQzVZKL/wDWVSOetn1qZphug==
- cesium/1.82.1/Workers/createEllipsoidOutlineGeometry.js: sha512-RBzikZNgTd0ObUhrBKIZ8oluyOLIZCoa9V6qy0CvOkUCrFZr2NjEGrKQnSexYR8dEafsV//twXg4HajMtaiAbA==
- cesium/1.82.1/Workers/decodeDraco.min.js: sha512-+32T3ICBAeZqvhbLoYwXmLAoSqDWU86ssznY5qw67kKXuv+e0oSATiIaooK+rzp+MsDeOLRq4olnFbhrZKn83g==
- cesium/1.82.1/Widgets/NavigationHelpButton/lighter.min.css: sha512-9Z47wP+LA3afuS/a9QR6ON++s/52vSRfgjpooj6LSly9ZsXQvdNOXSv9mFFNrkfzXrad+GRaPei/smDX6VxFhg==
- cesium/1.82.1/Workers/BoundingRectangle-47baedda.js: sha512-b1cdaUXNMWxr72knd/XAHYqs63crQ1OS2hHMKSFziqkrzvjL7Ol0tO6elHWnpoFgNCBMRaZ6OvjnLzYt7A6wLw==
- cesium/1.82.1/Workers/CorridorGeometryLibrary-f678732d.js: sha512-0BM+QCDVNgTsOlAUsWRhQP+kJp0/T3jTqEZmdSs/DoVz4oynWWmLV4t8ogggt3gtLGR1yywCretVUXj5sIQdTw==
- cesium/1.82.1/Workers/WallGeometryLibrary-c1be3e11.min.js: sha512-Lb/GPIxixHLtNnbwsU/Ux9uzTLHBvwHRkW1OxaS6tFClp+QANADB6MQGyyZFSaZL5F5Y7QFxxz2eh4g5cGHt2g==
- cesium/1.82.1/Workers/createCoplanarPolygonOutlineGeometry.min.js: sha512-rlS/0vAsMLaSQN/qftZIAC8f4CICCx4Mc+0abOxFvSj/FwrTLKH8R/Tk2SCCuBwvyKpk1AcgoXbsEjVIq+vitw==
- cesium/1.82.1/Workers/createGroundPolylineGeometry.min.js: sha512-T6GWpJzFq/zHS1Sfusr1HGNXSjiJo6R9Tm8nOwGoaV1Z0m7u6JHy1TkfruoH6GiRj3/gwG7zpMkq14KWRXILOQ==
- cesium/1.82.1/Widgets/Animation/lighter.min.css: sha512-f+W0eMvwxX4D0/+hXvnyv1Ac1rWMLkaLZckzkMRIfnEjBHAZYS4KkBcfgV2FwpS3AxqA2eJ2Ie5Dib/CVfD9NA==
- cesium/1.82.1/Widgets/CesiumWidget/lighter.min.css: sha512-+FW/kQAWIRPWhEzEbcFSBd2/7N/k2AaXLUTsHn0qdW6cmTx61Igs7NJq/buRW2+uxzzWM4dGWFFPJrTAiQSR5w==
- cesium/1.82.1/Workers/createEllipsoidGeometry.js: sha512-OLKsvJs1C4C9Gynz+XqE3pPEx/ZKtEj6EheItucqLX1L+C00h3y2+mcvdElzXs7ai1f7KlYamqaFtOz89pG1Kg==
- cesium/1.82.1/Workers/createFrustumOutlineGeometry.js: sha512-IvS02txN609xiuGBq3V/73T0lY0UafRBmY2FjrtaEumVNqD+FGCpICfn0jGXJGjLJyL1rimEnmm6mVid9Pewvw==
- cesium/1.82.1/Workers/decodeGoogleEarthEnterprisePacket.js: sha512-4ryNB3c8KtCYvtkBgXcfr2Z9z2n8g/XtCjSa/xLLnknvglqs/p7S0Y6uoPbySdZaj/P3QPlOGFmjPcZY8Anv2w==
- cesium/1.82.1/ThirdParty/Workers/draco_wasm_wrapper.js: sha512-XXuAY40+/gYjSySeY1498dJOh7Aij+4LjcgWBceZiLNBmyk4c3yBpcLVHa0Y48tsQICPoHLtMHiE6KmBQbKdkw==
- cesium/1.82.1/Widgets/Geocoder/Geocoder.css: sha512-/CzTU8NBwJcnR02sCCJcych69pAP50rzTqP3SRwWMxMkodn5ujZqArC6S0Psh5qlH9uI+dYZlAN0yjbmL850Tg==
- cesium/1.82.1/Widgets/InfoBox/InfoBox.min.css: sha512-ufsbbC7S5mhhOlGOxp+JXw00/br7++RcbTsDb2QR8KICvNNmQpnYMpUWWxCiqePY1SLKpAwYRAY/6uCccZKgFw==
- cesium/1.82.1/Workers/GeometryPipeline-cd170892.min.js: sha512-nvI8GktvCX3Os68YCHgbJLfCdj3CP7RVUAXJ5uVyOnfQXVDla/yig+QdA/EONP2SGwl07L4JZR4BmNU9OpimVQ==
- cesium/1.82.1/Workers/createVectorTilePolygons.min.js: sha512-FuBKGV03o8Qa/hpUwW/jvRBjt16BpSkKuzM3AOv0qTSY1QQ8mEtuI04JRllPEzfnMuwfCCUhYsZ33J+RGUjReQ==
- cesium/1.82.1/ThirdParty/Workers/inflate.js: sha512-Y/BkGqXddhvelIUbVbBLLLrq97J1ML7ytUY54OFr3ipPq+GmYiOAuW0GHJDFArHmmRYkUJuXntadwudDT1rGPQ==
- cesium/1.82.1/Workers/Color-f81b2784.js: sha512-l96tSUKPICiVSvtJ5RuJKZ9o/2QtOaLEpHSNWzS3q1ce8zH8Y+R/KXOJnCNZ7rKEWTKcUGlAz0QaiXrjAaYHfw==
- cesium/1.82.1/Workers/CylinderGeometryLibrary-6ad5dbcf.js: sha512-LpJmfgQvQCGyQrTJ4frOT4H4T86Yv65sBMRkz3aqIOwWIFJjIm8jpBEOQxSKssvM9tAo75t15mKvRru3zFtFSw==
- cesium/1.82.1/Workers/EllipsoidTangentPlane-7dd3130c.js: sha512-VqHQ8pJFMdzigJ+sv96vFHeEuK5P4YvkmkcCBpETo0YKmXQasUgXGa+yuQvfEJnqNwG+dBa9gMAeNfd2PbWIhQ==
- cesium/1.82.1/Workers/Math-8386669c.min.js: sha512-m/v6ZxTnepJiS8lUlSLzOnK4tbJgMN2Qf7hOiMg885pYQpcSya7WQhhtxxPGEGPBNpDEURAyWbFaiYT9jNzNxg==
- cesium/1.82.1/Workers/when-208fe5b0.min.js: sha512-0FUY6KuEqx9VxP9KTc/RTf/qMD3XqlXFP/5ZAucL+Ki78zTaYB+tGK+fjefEbfZiZdDxRPhQXO24UpzpLDgAww==
- cesium/1.82.1/Workers/AttributeCompression-9711314b.min.js: sha512-Dh6guEPVLfaPNYpLxBQ7SmlASsrfhsS3f2ONNPFPKb5fR5D9cH1PbPUEkvZnLRfaTxFS4HJBVBqNmlwM5TBCPA==
- cesium/1.82.1/Workers/CylinderGeometry-20320e60.js: sha512-ZqjG+PQ5NIH7h7vXVqy4Gj7CFT9Zdlskqxy3OSX0lgmlCfuuNDD9d9GnFfIQ7GUWaXge7R7JkasiOSY/3psXhA==
- cesium/1.82.1/Workers/GeometryPipeline-cd170892.js: sha512-M51xy1nTmehr1NICUmIyUvHwuxfmjS2bUL0WOMPIZusErqxtK6xjqaRBzC4DnaC41KqV7WqrbGS57QlUemldSw==
- cesium/1.82.1/Workers/PrimitivePipeline-ff0113f1.min.js: sha512-uy0RVwV3E2EG2hKK+OuzRjvxKB2NerW9V8xRzIO9O0PuticUU3sa4VSlOO0lB7BqymUUVBX2svwAWTsphGT4nA==
- cesium/1.82.1/Workers/createPlaneOutlineGeometry.js: sha512-uZCOMDBjrCzOPcjWrqvoC1OWY5PpCeeexKnydNnJkIPutMDDwzHfrfBbHcZlv8RsGKDa5UDUcw8F/QKUVeMUGw==
- cesium/1.82.1/Workers/createVerticesFromHeightmap.min.js: sha512-ublF0ueLsLdx9Jfa2hPsSX1od5SgnPXC7ewN9PrgXIGY8tYlX9W8+KKzukxQ3wzbBdOLBuHKME3ViRoP4a40Ow==
- cesium/1.82.1/Workers/EllipseOutlineGeometry-c92de375.min.js: sha512-vr7cEqyNDWp0mZ1b3ttJ8ko4TNmdYZdkbhstMmfi9BXMAV8H6R5iiOdSqNx+20jVPj0CrNjAv83d1MwWxsDa0A==
- cesium/1.82.1/Widgets/BaseLayerPicker/lighter.css: sha512-th+bfYPHMo64qv2CmvrAbdCCh2UcDXYlAbfbNCXBBy/q9LB1Z9i1zLfJ/EHwDJmVKS2MIdh+8HQsY9Mzse3Spw==
- cesium/1.82.1/Widgets/InfoBox/InfoBox.css: sha512-ufsbbC7S5mhhOlGOxp+JXw00/br7++RcbTsDb2QR8KICvNNmQpnYMpUWWxCiqePY1SLKpAwYRAY/6uCccZKgFw==
- cesium/1.82.1/Workers/ArcType-dc1c5aee.min.js: sha512-5+dpcqlClog1XuXpPDiNwLxOGXePL4/OlGjBEk6PDNgLBlNr2Rg88RRw05If7ppH0wOSF66Pu4mfgpASrtPQKA==
- cesium/1.82.1/Workers/PolylineVolumeGeometryLibrary-f1531841.js: sha512-7oqu7FQ2Mtiqj69f2zmCDOQTn8/+azpZoopnnMhnE9gm7zTuDJVTrA/CbYJAKKaWWVVkQEHxu5FyfItvW9GqUQ==
- cesium/1.82.1/Workers/createPolylineVolumeOutlineGeometry.js: sha512-cWIAVf6QKWWNaEzv9COJ9PbAf+xkQFs2D1TmI247C8B0TgIRG49NkLP0+m/UWyx/eUAch1Jf0TQkrWInlYl3bg==
- cesium/1.82.1/Workers/createSphereGeometry.min.js: sha512-rRqQkl7KKWttJdy92Deouv7IRZlcUMlaXUOvcLZfPkFOILNCDqPWga8oKTTzOM/dmVBokQRdobZdHs3WRIpk5Q==
- cesium/1.82.1/Workers/createSphereOutlineGeometry.min.js: sha512-0Upd2KrYQpGNt1xxr6J9QOQPmjYOnE7aUJ290mDTKyF7btntvjC8khmv/rLHFcCh8CJvYKPkGEL8d71BzpKCVA==
- cesium/1.82.1/Cesium.js: sha512-i0+16B+F5kx2x4LXbltoipFgmrTDaPxRHXxSbQt0evQwKmR5AuygDz740EUDCoRzP2qV81paIxizqxGjw9WPNQ==
- cesium/1.82.1/Widgets/BaseLayerPicker/BaseLayerPicker.css: sha512-WUWXp5Gcae0aJl2Ge0rWfawt36yQ+tMEudm4l5MYXWPR/gdGngXrKLml+bCt7JMTu0NCr8b7aZGsVzyUD84ftQ==
- cesium/1.82.1/Widgets/lighterShared.css: sha512-78+u/K0WG40V7j0j4L2t50XAYBURL3AqnGDWKndZmCNEN1HfaNJQGME1jWjs6a2U2AxzekYcoGSCyLWvavIJpQ==
- cesium/1.82.1/Workers/AttributeCompression-9711314b.js: sha512-O9Gqfv38rUTwIlAzkuo8bLsS5DWFg52yKf/MWLJGEpCJh3NY9kwGsS4Kt+t5KKFyGIGsnZa19J6STkqXCSHbDA==
- cesium/1.82.1/Workers/createFrustumGeometry.js: sha512-B8t5IibhrwUeJYKPyf6FYEQG1PEFYObXroFLale388rzEBm8Iu6+2I0KBH3ZFzEu3vRngFAIyBDyzwYJUctKjQ==
- cesium/1.82.1/Workers/BoxGeometry-8fee5c0e.min.js: sha512-df2/f6TuMwFa+mQ6aHOik9t/VaYbBo9MDmJAJ/rAiLntzQCddyjKm5ikPFz1qtQZ1x4deh9C80pLlJwzLkwFvA==
- cesium/1.82.1/Workers/IntersectionTests-eb44dd99.js: sha512-8823NH+8qYMd5uFoAaYuVicwKnzLrgLYNd++IAsvqcgefNd4tc0VUR5ckMidzNmFBCAr0YOReHwWjs3R+JMR+Q==
- cesium/1.82.1/Workers/createBoxGeometry.min.js: sha512-TXbxTWV+Ynr3q7ecTEC8liJba1l6hv2pfD3cWT2WkiK8jgX2qMjc0vZFAociywQGlrJMrKoIqftIj796qcSOkg==
- cesium/1.82.1/Workers/createEllipseOutlineGeometry.js: sha512-cZMqyUbcpCZMgvDBuxFVBKqry3BE55Z+POIK3rTjvdzpEApGNziCuuHTRXNFjPad5tIAe4O7FMhh4QRzQHHJ0Q==
- cesium/1.82.1/Workers/upsampleQuantizedTerrainMesh.js: sha512-p7Aj8t4Cpz4/mMi60IfPmOUZOdPAp/cpt8jtGThisWM0y5x9qqPQAnYsxaaIlRH5NNsxSLad19DfZJCc316Gtg==
- cesium/1.82.1/Widgets/SceneModePicker/SceneModePicker.min.css: sha512-fq/Yb/u9503fNui1k4yOQaAqRfAzjRjiB4SSikvcEfOO8/50w/Cd+j2ejQDQrbnFlDOe1m9/LAmhixpUv8nc+w==
- cesium/1.82.1/Workers/EllipseOutlineGeometry-c92de375.js: sha512-Iu3DT5nFohfPnB6ttqFzbpJbVUHEaij8RdGAGQMDVpGtbq58FILrl9hv8nJ+aYoMtZ+JBOubFZdnYCsX+wcj0w==
- cesium/1.82.1/Workers/createSphereOutlineGeometry.js: sha512-YtGk5Jfo6Fb4EcNTWTiySXCKWPghmv0zp9SocWJxEi/DET8bdbVsO5uY4oMygNuUwQODXO+Qzk2s4XMytI++Zw==
- cesium/1.82.1/Workers/transcodeCRNToDXT.js: sha512-UXCqTPZrTkaWIoqG+l8BPxgt4E7s23BW6nsIseVirV21ljkmYRS/FLMDrH31NOWAxjanrc0JFm1AjshFtqikiQ==
- cesium/1.82.1/Widgets/BaseLayerPicker/lighter.min.css: sha512-th+bfYPHMo64qv2CmvrAbdCCh2UcDXYlAbfbNCXBBy/q9LB1Z9i1zLfJ/EHwDJmVKS2MIdh+8HQsY9Mzse3Spw==
- cesium/1.82.1/Workers/Plane-06d5a63d.min.js: sha512-a+C2idTzGbe2EBFgTURiRqtW6IK9LpmotryukSWro6MKAtM5Z2VnXEaEd7fo+1miCezxnl8/gmmB5NtrjfR15Q==
- cesium/1.82.1/Workers/createPlaneGeometry.js: sha512-EbFMdiscHziUPgjM4f6LTzUT/F5y1q5vpTWkTQLXM2dwzwpqxbqoah9rKfncaYTfKNkzd6wjG0SbpqWvUzoIIg==
- cesium/1.82.1/Workers/createWallGeometry.js: sha512-8lOFoL5A1qHJzimf10qqGhJJ0kaWeRHurPkMTquUerSLY2C/mQ/4xpJ+Hhv4/WMnVATtlY0mXyFhMeQFZ4sVPA==
- cesium/1.82.1/Cesium.min.js: sha512-T4ILejLNtBFb00gHcnWiYeLEdHwsapFlCwYxGjixAMsO+Nbz8w9c4Zypa9yHpcT73X0HsZ/mD8rZRak5WtXO2Q==
- cesium/1.82.1/Workers/PolylinePipeline-b25bdf3a.js: sha512-Ndt6KTvL8zWZmaznr6jXCYLj4yzcSOz1xMaXHuR62+9j8KlXvY0YSj7PdFfXxI7P+EiIJc8ouqz8A2mc4RNfdg==
- cesium/1.82.1/Workers/createWallOutlineGeometry.min.js: sha512-ge2ztgiepseuWgRHUN6nFZWSq/SnqSARlTr6Ijxpuc1tFW73fSuPaZcj4oaOYumGxKnHzcqmTCq3RZP9zr8IBA==
- cesium/1.82.1/Workers/decodeDraco.js: sha512-KkozFQheEgywerVsHucTTCV+hGFY0SDD/hpXddy9JirAwbo47pqBbJu7vW+V1S8qDbpzTHKOsjlUuaVHyBs0bA==
- cesium/1.82.1/Workers/transferTypedArrayTest.min.js: sha512-fA7K4rynLOmwCty39Ly4AgIwDHRg6DGgiQEugQ6vpjXeSSiL89OcEAjgvXWYyhh6rWS5ESnPcWqH3egMDlRtdg==
- cesium/1.82.1/Workers/FrustumGeometry-01786c68.js: sha512-EZX6KZTEE/Yy82T7+YTImxinZMXxsX6K0wm9fkBUW+6Eq4a+X0BQBR8ZOcHOx3FSLNKlR3KrIWUX7Vg7GMYrlg==
- cesium/1.82.1/Workers/createCorridorOutlineGeometry.js: sha512-q7O9ZC6+UK5q3lnL6k9u8pMj2DMsZYvNpklCH6KPobNSt73WVRLfREw40idm+oHTDdqIYe2AK385GmWMaIoJIg==
- cesium/1.82.1/Workers/createCorridorOutlineGeometry.min.js: sha512-pfjDXsCcm5JydwxFxSYrSxjLrgmSNIIPnRE9hsHURevMDDuPdS28wa07RXhPVgxetru7bjw0dPd1NpJ5EfQE2w==
- cesium/1.82.1/Workers/createFrustumOutlineGeometry.min.js: sha512-oz6fqb2Mxmuy9EPudKarO7QTLXiCc5ixA5zyrid/9sSyDoVTuFa4dT2yk0hWveWokOQGtMI8onQyLpUynuAyHA==
- cesium/1.82.1/Widgets/NavigationHelpButton/lighter.css: sha512-9Z47wP+LA3afuS/a9QR6ON++s/52vSRfgjpooj6LSly9ZsXQvdNOXSv9mFFNrkfzXrad+GRaPei/smDX6VxFhg==
- cesium/1.82.1/Workers/createCircleOutlineGeometry.js: sha512-xt39khJRC/KT/Cpe1Vc3ojjNJmzwlobqbQmQUPxQdx8nH8QSZdcAaruDApl/gTbzU0f9pm64vZIUkf2NwDrzLg==
- cesium/1.82.1/Widgets/CesiumWidget/CesiumWidget.css: sha512-9HKB8JZIVb/s8GK6Inc3g93Q/84/4k6CRKspUi+IHdQ4S8nvWW2iMlNOUwY53Rn62LuC0JGKBMkatYeMk8niFA==
- cesium/1.82.1/Widgets/InfoBox/InfoBoxDescription.min.css: sha512-UgWDrI30ezxpMt54HElEzFBAQ/GX4GVEhLf/zAydToyHf7KbdRDrKd5VGH52Irk0HFCiTNYF4rZXmuKeBJCTcw==
- cesium/1.82.1/Workers/createPolygonGeometry.js: sha512-+K4ogF+fk6d07SgZnED9DW+fhdJsD+aMBeWGatCgk01Wc4ABh8j+lEi3sGGfCQjyXKy6zMW+FEyMJrVmcwHFfQ==
- cesium/1.82.1/ThirdParty/Workers/draco_decoder.js: sha512-yjlEzQMJsFnnoJbKQ8hbThtS5f8JMo1xCtmoTQtipzAImNg0tOVWk+0c27wUDxWD8ZaCtRaZp0CC37J9vNqRNQ==
- cesium/1.82.1/Workers/createPolylineGeometry.js: sha512-h5GTT1qpSdL3tzLAR8nAD5awXoZHXX1yQ8B+H72ho7q41HtgNwK2/LM9dRzLdhse/CxcjQPzE8Fxx8eXLbbeXg==
- cesium/1.82.1/ThirdParty/Workers/deflate.js: sha512-8dKpwQW/D6E6v+mhUwcwEObGTAVTixmljSCO6tn2DZI0kD1P3rw5Ken6v+O6/FR3tSnsz/QhREW2OxFomnb8wg==
- cesium/1.82.1/Widgets/Geocoder/lighter.css: sha512-p/yiuXoc+Wvavw7KE1sGfS0ozH8M0COZPA43/NJKK8lF43rIWW/Hs3b2FgsoXx8qC2mEerqvGgpHMqwAImoTZA==
- cesium/1.82.1/Widgets/Geocoder/lighter.min.css: sha512-p/yiuXoc+Wvavw7KE1sGfS0ozH8M0COZPA43/NJKK8lF43rIWW/Hs3b2FgsoXx8qC2mEerqvGgpHMqwAImoTZA==
- cesium/1.82.1/Workers/EncodedCartesian3-21af0f3b.min.js: sha512-bp9gFzgNpYQ7abWsjE+UmjgfqMqz5WQM2t77tCQ1sn2LsaYPhthC4URGNiwErTG4TLAFQUsNX3AciAfNQ3l3FQ==
- cesium/1.82.1/Workers/arrayRemoveDuplicates-3a9a9480.min.js: sha512-9E6pJGlaRauDiSVTD13K01gAorJeV0N/61u9kX+vICM6zDe9kdFiP6oMSGI067QIUHWhdwNlWFDFvFDQ2j9ckw==
- cesium/1.82.1/Workers/createVectorTileGeometries.js: sha512-kMZjZzal8apdUQhp6X1ro9yVNYCYD183EC7K+rVKEoAK+8ModhwG8QhUHY0jOVMMob+FvbnQlRvwJfSOfG6DdA==
- cesium/1.82.1/Widgets/CesiumInspector/CesiumInspector.css: sha512-OCUoyPfWRVDHSA8RAT684gKgyWSbtJc2wM00QGwr6re97hTX1xaLqyXjM9TnoH22+yLunLwJRLX4BK6QXe0xMQ==
- cesium/1.82.1/Widgets/PerformanceWatchdog/PerformanceWatchdog.css: sha512-fM1WSvxDZFSUC/Vj4RpFY58qYuL4GLlc/hAZdAHgcwcoDyMY5w2CRTIxEQ7BcuU+GAJ1xQSGYKahXtlsvPvlpA==
- cesium/1.82.1/Widgets/Timeline/lighter.css: sha512-Vp4kQDsYl8wTdXST3ApCLzmZAKduJyqs6VIPCCkeiO3JRUbPkt3AvH7kvGQEeJzMMi3tdp42VQNm1ywp7G9QLw==
- cesium/1.82.1/Workers/PolygonPipeline-7bfe45de.min.js: sha512-QMVWwS4r1HLTobCH2FXczJM2pyeCvicMndSqXJ70GnfEOL5oN4UjcfEiXy9glKhpCRvkDNKJs3Xk2umCzMWeYw==
- cesium/1.82.1/Widgets/CesiumWidget/CesiumWidget.min.css: sha512-9HKB8JZIVb/s8GK6Inc3g93Q/84/4k6CRKspUi+IHdQ4S8nvWW2iMlNOUwY53Rn62LuC0JGKBMkatYeMk8niFA==
- cesium/1.82.1/Widgets/FullscreenButton/FullscreenButton.css: sha512-Pc4ralT8fCFgOd23nDVUhJDYEovagKtplLeN6RmkHh/x5LF2TkvA1/ontgFIZ3piZ6GPzT6OBj7KaH/vsREp4w==
- cesium/1.82.1/Workers/createCoplanarPolygonGeometry.js: sha512-HB03PC9H7z5tG69ItYP7CicVmsLh99TkNbHJjzyG3X5hqNLGxED+6l2FfIJ7tM8zmjKultUeKUVktmncI/qABw==
- cesium/1.82.1/Workers/createVectorTilePolylines.min.js: sha512-POENkekW5wkRc9T4EJITcdxrOfhELTAiCT+xxthhOY02zybtHUXYcQicjSlvfvaxX6JLGZaK43Q/ux/mL3DrzQ==
- cesium/1.82.1/Workers/PolylinePipeline-b25bdf3a.min.js: sha512-6EunvLFJJGmBms07fvt0WH0Yb5qW5GIXEM7UJ0HB9fi86pj/CoCJmal8l20AjhPyZbiIxSLpNJ71rEEbxEu6XQ==
- cesium/1.82.1/Workers/TerrainEncoding-cdabb65b.min.js: sha512-b0FgT3NUgAEVGcQ7eK7WFZpd1pWkcDQi6LDxK8E4FUyu3fbJUejSRq2kCqTxQOJdA/DLqGtfEuIXF65wNMl2uw==
- cesium/1.82.1/Widgets/widgets.min.css: sha512-h9djTljMpI/36vV9pOtaO/bqarwzjbD6eYjE1ISRhnPDkJ3IWNpEUnSyqUUepEPDno/k6Mv+Cm179z1O1qYAJA==
- cesium/1.82.1/Workers/GeometryInstance-3ec54139.min.js: sha512-mgaRtpAOqzTLc4sAyM3EBO090wrxYPa1i646uGENOLRkkllQRkQjq4rxKRH4tPV8fRHRnQBhl8qWXyuOzfcEKA==
- cesium/1.82.1/Workers/createVectorTileClampedPolylines.js: sha512-wzSfF96ZZ7b5PJNmueGYTJFqh9UKRDzVIZeJC7g8HmutGLTTueZQf2nFLeBS6ltbO2FAbhyc1+NFlgWOcVCgqQ==
- cesium/1.82.1/Workers/createVectorTilePolygons.js: sha512-fXGMyMCD/b5LcqTxcCrxDgtBToiWGhY8qInBwZ6RMJ9R026T6pwkipOgWCKGXtlySLfTvfcuhP8t1DP6YO1WvA==
- cesium/1.82.1/Workers/when-208fe5b0.js: sha512-6yK5O5LoOfir288ys0ru1yNXqot9RQ+Ba+BDe2i+7DpCoV5CQf7zcuGxX33qd7AKP4dk2QHO4qr330fL1ZOq+A==
- cesium/1.82.1/Widgets/Cesium3DTilesInspector/Cesium3DTilesInspector.min.css: sha512-cMqn458e1cweQ7RTfOJ1zBu00+gja//lFz5Sijvs7iuX/FTP6jyW1McZcYwQ3tYYs8Br375XCMps8LTrwpfh/Q==
- cesium/1.82.1/Widgets/SceneModePicker/SceneModePicker.css: sha512-fq/Yb/u9503fNui1k4yOQaAqRfAzjRjiB4SSikvcEfOO8/50w/Cd+j2ejQDQrbnFlDOe1m9/LAmhixpUv8nc+w==
- cesium/1.82.1/Workers/GeometryAttributes-b0b294d8.js: sha512-HLBVxjIFWRE+XevDWJQqKZXeNQOliGP4pvQpTYGURhfm5m8dBuuak58DPUaXFsr3IBtW5hzbP7bWH/KlWgHzYg==
- cesium/1.82.1/Workers/WebMercatorProjection-1b058022.min.js: sha512-f8azv3j0p+dadnN0fTFcV7m+Gb6DpZvedqUiEFFBFDUNwb9qpKzd41ElQy+Zar5w6Xn2Prh8NaArhmA39cR2zQ==
- cesium/1.82.1/Workers/IntersectionTests-eb44dd99.min.js: sha512-Y8fMWwBVyMMxk36lG8RwhyTmmtjG7wmi5GBLJvioYzJrRRapIoZLXnj/JXNqp+fpV9N5xdS2I/8Z3OREJozrXA==
- cesium/1.82.1/Workers/createPolygonOutlineGeometry.min.js: sha512-iVRObxOp5tvAvcgIk4A+YyQTrV/RvAq7FJxhLp8PsFRss+ypaBbTEqMbOu5LeSs18XkqrDUcINyO1EwrnUid+Q==
- cesium/1.82.1/Widgets/ProjectionPicker/ProjectionPicker.css: sha512-7YST5Bx/CJYEpt0rWaiFdqCx38U8kGfQD5FR+57DeSfxaF6q4G66XiLU3sAY2b0rQNRTPMAhUcFKRpz+hOxPmQ==
- cesium/1.82.1/Widgets/lighterShared.min.css: sha512-78+u/K0WG40V7j0j4L2t50XAYBURL3AqnGDWKndZmCNEN1HfaNJQGME1jWjs6a2U2AxzekYcoGSCyLWvavIJpQ==
- cesium/1.82.1/Workers/Color-f81b2784.min.js: sha512-B/AcQq6xNxQrLAwD1qKnW1cJwBM9LVMXuGYs3AgMChp/1lb7Y1GdkSDCMmTXV9F6Z+LOUSX/xtzYU76DybtxVA==
- cesium/1.82.1/Workers/EllipsoidOutlineGeometry-83bad8f0.min.js: sha512-boGiyZh2ZeofN+NtPLyXHrJEm+Z2lYpBKdxFuWE2ppH6xkdlymwhl5Fo3GwLP2ZCFd/wifqCJ/yB02P4QqJ2RA==
- cesium/1.82.1/Workers/Plane-06d5a63d.js: sha512-liR2GueWe/Sv8SEAGOvIppuXd2GeqfZmyHPdQbQtOoiy1qASAOMWUWnejYUbKCzonF7UBKi7bWJLoFoN9dQPkg==
- cesium/1.82.1/Workers/createBoxOutlineGeometry.js: sha512-ZJiEuNMNSs6rZ3KWyPrW6DTOOXaw1GKBQxY8oIz/qLRZGy9gdRLB2h4KXG6MrHGHGSpaq10ZG3LeVR4RJwIQRw==
- cesium/1.82.1/Workers/createEllipseOutlineGeometry.min.js: sha512-iOrr6RN2dkWFUnJc/2Yo9iPniIx7BfMHKwxbTMOClHeRorTpc5B/UfP7Rb5gkPJQ1s4hDN8TlT3LOU/uMuf0mw==
- cesium/1.82.1/Workers/createGeometry.min.js: sha512-iqu1TPkoyn1b4CposxdVvSdnt2d95kdztfjmrJ7c+r0Kj/KjjuveiOBYZdlpRwGSWPbYoF6AkuyMd6XgpLhazg==
- cesium/1.82.1/Workers/createPolylineVolumeGeometry.js: sha512-NFQwtMl0GXryjsvm7NDS/NpiAwPputSol0i2WUrCPm9yRo0Hyjp40mryXjH2lxbkB06Xi/LZZD3i92GxotcXkg==
- cesium/1.82.1/Widgets/shared.min.css: sha512-4l9FVd/JqHvdgogNKa1LJjIHY8zJmIje6WJxtMNWFbGRwXwcPXaafpqWtd0/86J6ANI/ihpxdvmnEdCewOLOkA==
- cesium/1.82.1/Workers/arrayRemoveDuplicates-3a9a9480.js: sha512-fsVOl+ccqtnF+oXBx9lVo0XOzcQNR7WISkkVdWzabKqxQQ6iZYZnBxpLuMgqNxhyDDVZ10Gb7M+KQZOLA4oU0g==
- cesium/1.82.1/Widgets/Timeline/lighter.min.css: sha512-Vp4kQDsYl8wTdXST3ApCLzmZAKduJyqs6VIPCCkeiO3JRUbPkt3AvH7kvGQEeJzMMi3tdp42VQNm1ywp7G9QLw==
- cesium/1.82.1/Workers/ComponentDatatype-ce69354e.js: sha512-BnNJ32eHteq5ICq9OLZ9e2YoHtckCSBv9T2TOBih2Or7+TIDHcJ8trt9XET1A54Ce0XllMGKOK1lGjPsd+8eQA==
- cesium/1.82.1/Workers/CorridorGeometryLibrary-f678732d.min.js: sha512-csSwgA0fYvm+gCpIk1i3ugy1x5ZUDqkFrS49M4OtydKdzQdgK8stDdJJaCHF6E8zaGpfFYpdo4rstkbFYO6bYA==
- cesium/1.82.1/Workers/PolylineVolumeGeometryLibrary-f1531841.min.js: sha512-q2KKH0THw+iFx9aeo51Da92NdewAJ0gxdWW8xV28WoPfdIZwXDvGlMU+zWKPibuCZMNVHwJgP2B86/rh2XcEpQ==
- cesium/1.82.1/Workers/RectangleGeometryLibrary-dfcd6d02.js: sha512-7Y0C6ZXlUkqDng/QPlHF+1yrRcU+o/5baLlJ7FF1NvnFEyAeIKl0VIt5b7FOa69FkYcBXxGEekmHnFY7fUE6fQ==
- cesium/1.82.1/Workers/createEllipsoidOutlineGeometry.min.js: sha512-mz5NU0ooHgdX0fodFqOPwaad8a1Wpq2xOPTHrnFJwEGjjZukALM/1EUCL0llKD5W0v9L8/Hr2t1RzT8uhtedtw==
- cesium/1.82.1/Workers/createGroundPolylineGeometry.js: sha512-H7uGNBU9LGmLN/UG/I/AkJqm7y6inlOiTFxn3z0Nyjrrzr42ofJqC24Y4cK6L9ko9a6j3zM5mWnU1q49J6yj2Q==
- cesium/1.82.1/Widgets/PerformanceWatchdog/PerformanceWatchdog.min.css: sha512-fM1WSvxDZFSUC/Vj4RpFY58qYuL4GLlc/hAZdAHgcwcoDyMY5w2CRTIxEQ7BcuU+GAJ1xQSGYKahXtlsvPvlpA==
- cesium/1.82.1/Workers/VertexFormat-7e57a3bd.min.js: sha512-TqxPD7jIPBKjbCePd5xxGkto0Cq53poUsmPJQQduwdJZgLI1riz7niD7AsRB0NeUKgNlcKiGg1wnYaAs/o9qLA==
- cesium/1.82.1/Workers/createPolygonGeometry.min.js: sha512-nzahXU4Z8SQyEGLSen5FjU/nmCDZvBdfqLgljO3QXMwV535Hws765mgH5OiL4cCzI1vlmDwQZzRUvOxCRwpnsw==
- cesium/1.82.1/Widgets/Animation/lighter.css: sha512-f+W0eMvwxX4D0/+hXvnyv1Ac1rWMLkaLZckzkMRIfnEjBHAZYS4KkBcfgV2FwpS3AxqA2eJ2Ie5Dib/CVfD9NA==
- cesium/1.82.1/Workers/OrientedBoundingBox-9c75ee89.js: sha512-fe+kB/RFb4Cm9zCUuKdmSI1zffhUoYjZ5lcdHinbxHfNxsChjK7g0xS8GUpKOvpe+wjc1gNf0WwdLVrNlLO03A==
- cesium/1.82.1/Workers/createBoxOutlineGeometry.min.js: sha512-Z3apg0feCkFDpB+IzAVNr0ikYQmfFIug4k68IWMg3D1+aAr5dKRphppE4GbYpLObZuTXWof+r8Vcsjqs4NAFkQ==
- cesium/1.82.1/ThirdParty/Workers/inflate.min.js: sha512-8btB4SC1TmoZYiFOTUMYgzAu2dniQeb4ZFw0pYM1Vh52H0ZkiKizwLQcAnGvZi0zF75PGH0vgi292TKa0tz/og==
- cesium/1.82.1/Workers/createPolylineGeometry.min.js: sha512-V9PD6xdzrrbkE7/3NxPE06LIzqL9u3CCuErkqbHrYC3Pk6yt0EW7NzUa/p8C58AP4jRBXi8su3c6gw5pxxL6hw==
- cesium/1.82.1/Widgets/ProjectionPicker/ProjectionPicker.min.css: sha512-7YST5Bx/CJYEpt0rWaiFdqCx38U8kGfQD5FR+57DeSfxaF6q4G66XiLU3sAY2b0rQNRTPMAhUcFKRpz+hOxPmQ==
- cesium/1.82.1/Widgets/SelectionIndicator/SelectionIndicator.min.css: sha512-4mWKHxlp3GNn+PWHgSwVVIYVVCZUSVs+vIJqMbWVzi/l3Fz86WDL8UtTlwTD8uKvN76w+5Z2FaewWN00OZ3vXQ==
- cesium/1.82.1/Workers/EllipseGeometry-8d2f5a72.min.js: sha512-qNZ5o4yqW++v6hK02HQecES67/2gYQlmW1s+XrHfHiO8GeDk8ll0F6V9/6CKDdfODQDsT3IJcawaKVHtjjAu8g==
- cesium/1.82.1/Workers/EllipsoidRhumbLine-73a4e3eb.js: sha512-XIo+rCYkk7iR3DhLg1h+Gl2I+Mmj0milWO/6N3C+DuZpHCDv1zVOOkTkmu2wqUWPm0zIlHozvI5d2oHBQq4VQA==
- cesium/1.82.1/Workers/upsampleQuantizedTerrainMesh.min.js: sha512-q/36S0w8NmYxF5K+afBqrulDzPpAAxLhr8UjC3Dd86T9n4VyxRkWk+lQ7KRRfftYe/46hEJ61njZyofCFpu3XA==
- cesium/1.82.1/Workers/Cartesian2-b4b7b0b3.js: sha512-ZL4wEw5VToviA2yENSR7aNjOtJoUtf63EMbFi3AsBNBKWpegUDrT/PmPJ97UShrEWS0H7p68qfof7OHICHNYOg==
- cesium/1.82.1/Workers/Check-5e798bbf.js: sha512-Hdm++tgTFP6KUOJ+PzB8JWHiuH7Gx1ij6mtQVy7K11ssgfXjTB0liO+IjrMz1yV7/x9a4BA3/qa5UZ3iyf8y6A==
- cesium/1.82.1/Workers/EllipsoidOutlineGeometry-83bad8f0.js: sha512-9o/uARh+SAKcBbIE8zAtY+/rc1FPjVk1zB9VWffKVDaRdYr/GASXsQZn5MIC1CpedLNBKDW6I08E5QRhyLdoaA==
- cesium/1.82.1/Workers/PolygonGeometryLibrary-5fcc0c80.min.js: sha512-Ew+UFahInlySokXkbtfTA9MTDyqHp3Ws27lYHo93ORvLi+mBpvjB5HBp9vcSdPKZUrLLITiUTJVr7DJ+8n0YZA==
- cesium/1.82.1/Workers/createGeometry.js: sha512-1xqIgybARNVY8w+5t3o0kTBf0ZTUk35LhxmYyprquWRtMXsB+cvbUK0/UB5HpEsHViyn8OT7DN7tYEM/vyEXkQ==
- cesium/1.82.1/Workers/createVerticesFromHeightmap.js: sha512-2OuShbkow48PJmbg6nthEMepcwV/XPQrz5iV930/EFsW2fj0dWEXC21mA9H00HcON/p7qxDeohDLYtLHAqy8uQ==
- cesium/1.82.1/Widgets/Timeline/Timeline.css: sha512-2FCJUuV37gim1TVyznPqPsaeTwseCw7JcrHD81ScrwU72HNhv9GXBYpcQlHxlaODlLVQ4e+ioXrLhr/gba7DsA==
- cesium/1.82.1/Workers/GeometryAttribute-3314089a.min.js: sha512-GYXExUrkgzf8RcwRHaq/dNKolIBRFYfVlFXCIr98UGveLc5HHAsEgo31iXWklScK5nh02qdfxq5jaILT57hKgQ==
- cesium/1.82.1/Workers/PrimitivePipeline-ff0113f1.js: sha512-5FPwJAYiykQLBKZg2ReCb6sgOhhXViVd7FfS6bBovIHjeW2g9I5QIZh57qOmpotUvUo4MMXsjav8XuEsMD+ffw==
- cesium/1.82.1/Workers/cesiumWorkerBootstrapper.js: sha512-hfb1u99rfaWV2mWuFWH5nfxI8VCHZxmlZk/Zv2fn6WZYaSRM5fcwljIz8WbYg+D2WGRPKtvTw0BL0tKEVmCoJg==
- cesium/1.82.1/Workers/createBoxGeometry.js: sha512-M1U0Rz0z3ydG3//9Cw29V8/A728WFucSImTMBoW15YwPPJOMcsFgxYTxzM+RxA0hWVXGLo2xSVxPlEWEcX+gng==
- cesium/1.82.1/Workers/createWallOutlineGeometry.js: sha512-bqmgyrgOXXI22slm0njlWOq3LE/NkpiO1XHjGkr119cvuxsOV8bcBQ3RyKAInRuGL8sARg8OQ+pV3hLS3vBM+Q==
- cesium/1.82.1/Widgets/Animation/Animation.min.css: sha512-hOmMUPB0JHVGZBfrBdL2WKzZOc3Xka8+ZrWshvpbk+n4PcaYwataoly7jDT6YTfxXtyAaeVrbQwlrtiL42YRTQ==
- cesium/1.82.1/Widgets/VRButton/VRButton.css: sha512-f7EpWuRwqGre1R+E5VeJPFIeQgeam2lPmHBkkufpfgTAdds/Z+75Fnl2/iQjmhtQSbbMaUh7OxNmzAMkJWppxQ==
- cesium/1.82.1/Workers/GeometryAttributes-b0b294d8.min.js: sha512-hYqhdcfmLPT+7MP/4YfsoY3TnQ2oxKFZK4tfIPWmpVnqUz0L/C6gidHdOeRr7CTvtw/eLaZT4FIuDd8IEDHeiA==
- cesium/1.82.1/Widgets/NavigationHelpButton/NavigationHelpButton.min.css: sha512-5Nu5wUBcLnSvNPXRcKdc12GB4Yr2s+aDmoP3IEb3UPhG2B9zQkRCnxsnNr7VMj6sNVj6cjV904lqv5pWIC8xmQ==
- cesium/1.82.1/Workers/EllipsoidTangentPlane-7dd3130c.min.js: sha512-6DVv+HriID0NN6fy79K3ce80fmzB/OeIOpUWApHjpwAhfAi/QvP74lOHQFjONse7GoMVjeLY09gUW2tgusKPmg==
- cesium/1.82.1/Workers/createCircleGeometry.js: sha512-dLVU3Hu++ogYQF9KxfVceg69dDS4c/mW7qVdTqM0OkTY765ZFBizXRGFGDvIY/jsKD6uwTb425W48GfmbwR3fg==
- cesium/1.82.1/Workers/EllipseGeometryLibrary-f934d063.js: sha512-vQJ77fLp+MFygeaDWLLoGhiQmnFkCkDowXgSM4OrCrcdxVXZFjcG6ppLEZXcWVioA+zafQhHj5EB/t9/A14zuA==
- cesium/1.82.1/Workers/GeometryInstance-3ec54139.js: sha512-pJHBzWWSVIT1Zfmma1pqZmfpaE7BaI5JJ079mEE/TmfvQxvUE6S6zXbhidLHgjoiZuP1CIvvYxALKrkrXfPzuA==
- cesium/1.82.1/Workers/createTaskProcessorWorker.js: sha512-T4B4WVl2eUFxOPwWrwVwE8Xt+D9OiA1Mt583AD65cJVed/4Sw7GbV2cnJnJQ2fX7Sx5MWiXS7M5vvItaSgPwIg==
- cesium/1.82.1/Workers/createVectorTilePoints.js: sha512-wnEoI4LvbQirKuCo56LjZ/kWNplqymBsvBL6XxOv58+kn6BHvVupE+3/sepvA8TFlNpBV7jYVC1+b+TckTwfyQ==
- cesium/1.82.1/Widgets/Cesium3DTilesInspector/Cesium3DTilesInspector.css: sha512-cMqn458e1cweQ7RTfOJ1zBu00+gja//lFz5Sijvs7iuX/FTP6jyW1McZcYwQ3tYYs8Br375XCMps8LTrwpfh/Q==
- cesium/1.82.1/Widgets/CesiumInspector/CesiumInspector.min.css: sha512-OCUoyPfWRVDHSA8RAT684gKgyWSbtJc2wM00QGwr6re97hTX1xaLqyXjM9TnoH22+yLunLwJRLX4BK6QXe0xMQ==
- cesium/1.82.1/Widgets/NavigationHelpButton/NavigationHelpButton.css: sha512-5Nu5wUBcLnSvNPXRcKdc12GB4Yr2s+aDmoP3IEb3UPhG2B9zQkRCnxsnNr7VMj6sNVj6cjV904lqv5pWIC8xmQ==
- cesium/1.82.1/Widgets/SelectionIndicator/SelectionIndicator.css: sha512-4mWKHxlp3GNn+PWHgSwVVIYVVCZUSVs+vIJqMbWVzi/l3Fz86WDL8UtTlwTD8uKvN76w+5Z2FaewWN00OZ3vXQ==
- cesium/1.82.1/Workers/RuntimeError-7f634f5d.min.js: sha512-XwWMnigyNzTw3ZrdMqo0/V5GRYlZVIa4FlXc1oL/x/bNybZkcyd9cpqJI5ol62gCsWyFVK+rKJUZsDje9guAtA==
- cesium/1.82.1/Workers/TerrainEncoding-cdabb65b.js: sha512-4r8zY8W+FYcFgng5hXuytNWDYJNCA8/x852wppjzcY72vB9kIMUtgyde9g495Edfdc3OsuGebeSSlG3F1G7mlQ==
- cesium/1.82.1/Workers/createEllipsoidGeometry.min.js: sha512-/dRKFJYNz8I/LuBuRX7xu+6ZSH/EOCKr/AiV9zDzbS0OxtNzPMumHqfp+claJYFlormTBXmle2F9OzXZ1NRXhw==
- cesium/1.82.1/Workers/createRectangleGeometry.min.js: sha512-CTMsbRMwBAEXdSbpiVJSrEfx12SXEC0fPwcZ6Ann/If8F2Um5CZnHnLoE2B157sRQuv0q4FFH1v9wT2PLoQTWA==
- cesium/1.82.1/Workers/BoxGeometry-8fee5c0e.js: sha512-XZ1kG70V7IHSEJiMI3Lm/OxJXE0vNCr17ohh5k0Bio+IJgiE0X7xPCSceClJXy9suauAagV5LEBaJMN1vGf9ZA==
- cesium/1.82.1/Workers/ComponentDatatype-ce69354e.min.js: sha512-+ykKJG3ukcmypwSKRG+ihpMyasodlbzmPyZxgcJyG3ayS+rCBCXZFLtBh/y6+J+kMpHB6D/zdhezzbU6ZjQLGg==
- cesium/1.82.1/Workers/EllipsoidGeodesic-92f0d3cc.min.js: sha512-ZaXj/Ax94Eo6WJGPehvkUIgqMT4uE7/AXsfaRSjuceCXUEI9KZJX2CUC2eEeQ/HhC+s0QtIx5/Cl8Ht+j+WZKA==
- cesium/1.82.1/Workers/PolygonGeometryLibrary-5fcc0c80.js: sha512-/CI2Q0OMcUK34MgemthkTGaDjcJN6z1q019fjCdGz6VYXe6NoKmkk6QkN7xbZjSxGE7TPb6u3I92cZcMBhmgyw==
- cesium/1.82.1/Workers/WebGLConstants-76bb35d1.js: sha512-ejmVbodCiRzp00KLAokpl/U3dPUE2NET+DnpULl7bzJYIhE0YNsxhvEvDWj2zhue4qzP1+qBA+tlyGKhV+eXmQ==
- cesium/1.82.1/Workers/createEllipseGeometry.js: sha512-FLPg28diCjA/dab3andpI5Fm9bVs+tR23QMSlZ2BUnar3MiYy4WuBzoMgRszJswt4nUa9nK/DZ89nlAZ8kISlw==
- cesium/1.82.1/Workers/createVerticesFromGoogleEarthEnterpriseBuffer.min.js: sha512-VhtY3EOwBMrHvuNImfZAwLu7aQEw0gwHlUpzU9jrNiBmjE5w+9TFS3zPOytWEOyAFGoLHqnqeb/42bSgYDEG+w==
