config: {"authors":[{"name":"Facebook"}],"autoupdate":{"source":"npm","target":"react-dom","fileMap":[{"basePath":"dist","files":["**/*"]},{"basePath":"","files":["+(cjs|umd)/**/*"]}],"ignoreVersions":["*-alpha.*[a-z]*","0.0.0-*"]},"description":"The entry point of the DOM-related rendering paths. It is intended to be paired with the isomorphic React, which is shipped as react to npm.","filename":"umd/react-dom.production.min.js","homepage":"https://facebook.github.io/react/","keywords":["react","jsx","transformer","view","dom","server"],"license":"MIT","name":"react-dom","repository":{"type":"git","url":"https://github.com/facebook/react"},"author":"Facebook"}
KV keys:
- react-dom/18.0.0-alpha-8f96c6b2a-20210909/cjs/react-dom-server-legacy.browser.development.js.br
- react-dom/18.0.0-alpha-8f96c6b2a-20210909/cjs/react-dom-server-legacy.browser.development.js.gz
- react-dom/18.0.0-alpha-8f96c6b2a-20210909/cjs/react-dom-server-legacy.browser.development.min.js.br
- react-dom/18.0.0-alpha-8f96c6b2a-20210909/cjs/react-dom-server-legacy.browser.development.min.js.gz
- react-dom/18.0.0-alpha-8f96c6b2a-20210909/cjs/react-dom-server-legacy.browser.production.min.js.br
- react-dom/18.0.0-alpha-8f96c6b2a-20210909/cjs/react-dom-server-legacy.browser.production.min.js.gz
- react-dom/18.0.0-alpha-8f96c6b2a-20210909/cjs/react-dom-server-legacy.node.development.js.br
- react-dom/18.0.0-alpha-8f96c6b2a-20210909/cjs/react-dom-server-legacy.node.development.js.gz
- react-dom/18.0.0-alpha-8f96c6b2a-20210909/cjs/react-dom-server-legacy.node.development.min.js.br
- react-dom/18.0.0-alpha-8f96c6b2a-20210909/cjs/react-dom-server-legacy.node.development.min.js.gz
- react-dom/18.0.0-alpha-8f96c6b2a-20210909/cjs/react-dom-server-legacy.node.production.min.js.br
- react-dom/18.0.0-alpha-8f96c6b2a-20210909/cjs/react-dom-server-legacy.node.production.min.js.gz
- react-dom/18.0.0-alpha-8f96c6b2a-20210909/cjs/react-dom-server.browser.development.js.br
- react-dom/18.0.0-alpha-8f96c6b2a-20210909/cjs/react-dom-server.browser.development.js.gz
- react-dom/18.0.0-alpha-8f96c6b2a-20210909/cjs/react-dom-server.browser.development.min.js.br
- react-dom/18.0.0-alpha-8f96c6b2a-20210909/cjs/react-dom-server.browser.development.min.js.gz
- react-dom/18.0.0-alpha-8f96c6b2a-20210909/cjs/react-dom-server.browser.production.min.js.br
- react-dom/18.0.0-alpha-8f96c6b2a-20210909/cjs/react-dom-server.browser.production.min.js.gz
- react-dom/18.0.0-alpha-8f96c6b2a-20210909/cjs/react-dom-server.node.development.js.br
- react-dom/18.0.0-alpha-8f96c6b2a-20210909/cjs/react-dom-server.node.development.js.gz
- react-dom/18.0.0-alpha-8f96c6b2a-20210909/cjs/react-dom-server.node.development.min.js.br
- react-dom/18.0.0-alpha-8f96c6b2a-20210909/cjs/react-dom-server.node.development.min.js.gz
- react-dom/18.0.0-alpha-8f96c6b2a-20210909/cjs/react-dom-server.node.production.min.js.br
- react-dom/18.0.0-alpha-8f96c6b2a-20210909/cjs/react-dom-server.node.production.min.js.gz
- react-dom/18.0.0-alpha-8f96c6b2a-20210909/cjs/react-dom-test-utils.development.js.br
- react-dom/18.0.0-alpha-8f96c6b2a-20210909/cjs/react-dom-test-utils.development.js.gz
- react-dom/18.0.0-alpha-8f96c6b2a-20210909/cjs/react-dom-test-utils.development.min.js.br
- react-dom/18.0.0-alpha-8f96c6b2a-20210909/cjs/react-dom-test-utils.development.min.js.gz
- react-dom/18.0.0-alpha-8f96c6b2a-20210909/cjs/react-dom-test-utils.production.min.js.br
- react-dom/18.0.0-alpha-8f96c6b2a-20210909/cjs/react-dom-test-utils.production.min.js.gz
- react-dom/18.0.0-alpha-8f96c6b2a-20210909/cjs/react-dom.development.js.br
- react-dom/18.0.0-alpha-8f96c6b2a-20210909/cjs/react-dom.development.js.gz
- react-dom/18.0.0-alpha-8f96c6b2a-20210909/cjs/react-dom.development.min.js.br
- react-dom/18.0.0-alpha-8f96c6b2a-20210909/cjs/react-dom.development.min.js.gz
- react-dom/18.0.0-alpha-8f96c6b2a-20210909/cjs/react-dom.production.min.js.br
- react-dom/18.0.0-alpha-8f96c6b2a-20210909/cjs/react-dom.production.min.js.gz
- react-dom/18.0.0-alpha-8f96c6b2a-20210909/cjs/react-dom.profiling.min.js.br
- react-dom/18.0.0-alpha-8f96c6b2a-20210909/cjs/react-dom.profiling.min.js.gz
- react-dom/18.0.0-alpha-8f96c6b2a-20210909/umd/react-dom-server-legacy.browser.development.js.br
- react-dom/18.0.0-alpha-8f96c6b2a-20210909/umd/react-dom-server-legacy.browser.development.js.gz
- react-dom/18.0.0-alpha-8f96c6b2a-20210909/umd/react-dom-server-legacy.browser.development.min.js.br
- react-dom/18.0.0-alpha-8f96c6b2a-20210909/umd/react-dom-server-legacy.browser.development.min.js.gz
- react-dom/18.0.0-alpha-8f96c6b2a-20210909/umd/react-dom-server-legacy.browser.production.min.js.br
- react-dom/18.0.0-alpha-8f96c6b2a-20210909/umd/react-dom-server-legacy.browser.production.min.js.gz
- react-dom/18.0.0-alpha-8f96c6b2a-20210909/umd/react-dom-server.browser.development.js.br
- react-dom/18.0.0-alpha-8f96c6b2a-20210909/umd/react-dom-server.browser.development.js.gz
- react-dom/18.0.0-alpha-8f96c6b2a-20210909/umd/react-dom-server.browser.development.min.js.br
- react-dom/18.0.0-alpha-8f96c6b2a-20210909/umd/react-dom-server.browser.development.min.js.gz
- react-dom/18.0.0-alpha-8f96c6b2a-20210909/umd/react-dom-server.browser.production.min.js.br
- react-dom/18.0.0-alpha-8f96c6b2a-20210909/umd/react-dom-server.browser.production.min.js.gz
- react-dom/18.0.0-alpha-8f96c6b2a-20210909/umd/react-dom-test-utils.development.js.br
- react-dom/18.0.0-alpha-8f96c6b2a-20210909/umd/react-dom-test-utils.development.js.gz
- react-dom/18.0.0-alpha-8f96c6b2a-20210909/umd/react-dom-test-utils.development.min.js.br
- react-dom/18.0.0-alpha-8f96c6b2a-20210909/umd/react-dom-test-utils.development.min.js.gz
- react-dom/18.0.0-alpha-8f96c6b2a-20210909/umd/react-dom-test-utils.production.min.js.br
- react-dom/18.0.0-alpha-8f96c6b2a-20210909/umd/react-dom-test-utils.production.min.js.gz
- react-dom/18.0.0-alpha-8f96c6b2a-20210909/umd/react-dom.development.js.br
- react-dom/18.0.0-alpha-8f96c6b2a-20210909/umd/react-dom.development.js.gz
- react-dom/18.0.0-alpha-8f96c6b2a-20210909/umd/react-dom.development.min.js.br
- react-dom/18.0.0-alpha-8f96c6b2a-20210909/umd/react-dom.development.min.js.gz
- react-dom/18.0.0-alpha-8f96c6b2a-20210909/umd/react-dom.production.min.js.br
- react-dom/18.0.0-alpha-8f96c6b2a-20210909/umd/react-dom.production.min.js.gz
- react-dom/18.0.0-alpha-8f96c6b2a-20210909/umd/react-dom.profiling.min.js.br
- react-dom/18.0.0-alpha-8f96c6b2a-20210909/umd/react-dom.profiling.min.js.gz
SRIs:
- react-dom/18.0.0-alpha-8f96c6b2a-20210909/umd/react-dom-test-utils.production.min.js: sha512-FzcowpfzNm6N7ZSHP6jDmHYB89+gWf2bmsp4IAO3ZWRdbiDXApiQ1gWqO/iW5KPhtek79lb8jPDLTmEs2cWJdg==
- react-dom/18.0.0-alpha-8f96c6b2a-20210909/cjs/react-dom-server-legacy.browser.development.js: sha512-5iHdCrasUxhQg9Woux+RQ3jqO0NDF3M4cBYurobIVtinOSbBVJTFJBXuqbnS2f8Nj/dwWVo4PbGUPJQX01NI5g==
- react-dom/18.0.0-alpha-8f96c6b2a-20210909/cjs/react-dom-server-legacy.node.development.js: sha512-BVvv7IOEjMzC7ZDI+a2xiHtSmkvqXmPqfC/mV40/zKEsXDmp0Ty2Z9oRboyXjvVjw/2R6tggKO4P5SyCMwQCqA==
- react-dom/18.0.0-alpha-8f96c6b2a-20210909/cjs/react-dom-server.node.development.js: sha512-N2KXz05KH4jSs/Zlvm+NQesrDEsxX1BYlb+J9h9Da3YCOBjyUgYUnU0kYxfHALqbK/+xcmZ0qIyeOVh+Dr92Uw==
- react-dom/18.0.0-alpha-8f96c6b2a-20210909/cjs/react-dom.production.min.js: sha512-KgRaVVIxkSsgxIuqhP8FChnQIYIpCPsVcze9IJ7XvCMX/iBAzS6NDhC5NOiDfMzd94T86oijmYi11RstaHWjIQ==
- react-dom/18.0.0-alpha-8f96c6b2a-20210909/cjs/react-dom-server-legacy.browser.production.min.js: sha512-pghqPhuvVlQ0mQFCe4wlCYzumXurLv5fyk0SegdCCqGYefdKWpBCR9ppaZtjjhn4TNBZEYdTE3Kj6Mob7Gjx7g==
- react-dom/18.0.0-alpha-8f96c6b2a-20210909/cjs/react-dom-server.browser.production.min.js: sha512-TqDQLDrHz/hA8WOiNRheZBAUt09pudSIefJ0BOkEhcVb1g6A0btNugWn55+WGMdauqTxx20b/L9cMEOCGLlG1A==
- react-dom/18.0.0-alpha-8f96c6b2a-20210909/cjs/react-dom-server.node.development.min.js: sha512-6cACSBFVvnFtx/mjN+vFxAs8HTzAFF4vQKtTxMDkK42euVSwubvr2piG4MtUC9+XNdXlF5OLgCJwAo8TXxPjKg==
- react-dom/18.0.0-alpha-8f96c6b2a-20210909/cjs/react-dom.development.js: sha512-dm2EX4a6PRlim78T6ms3WNwL0PZHZmkYlbqLTBFSFsWtLaGalcsmXYsg9CkOVxTCenQahwi5yPecNy+FdlVlXg==
- react-dom/18.0.0-alpha-8f96c6b2a-20210909/umd/react-dom.profiling.min.js: sha512-pBXE7FzI/pNQudBrX3B/fSUxaRNQFqnjLkGpzJSnpBsHQpOTq8QcGHU3sPDv8MrlggNgCFW2m13oGhWKEfE7PA==
- react-dom/18.0.0-alpha-8f96c6b2a-20210909/umd/react-dom-server.browser.development.js: sha512-+6Ki1PRxDSoF09B2i4cv+5SxJrATnAWcHt8+Xt9f1ePRb/lB1Ssf4rfVLcH5WIJFUgn67eakHRswjI7yl0wBnA==
- react-dom/18.0.0-alpha-8f96c6b2a-20210909/umd/react-dom-server.browser.production.min.js: sha512-PLgSVWJaC0GkNYU94CxGavC0YYBZCkjCIFTEsXWgRkCsKEM9MRm8vy+yI1mzUXCKz7mJNxNeKuHlMxcpsm98mw==
- react-dom/18.0.0-alpha-8f96c6b2a-20210909/umd/react-dom-test-utils.development.min.js: sha512-x3VBScOyFH5fU4w2KQ1Ncfvlcd3D+pqdOZkTDlUMZdL8Gng4eu51qCvzhi4OiL2gm/JG4ahMwmJjdfQ0wtSGnQ==
- react-dom/18.0.0-alpha-8f96c6b2a-20210909/umd/react-dom.production.min.js: sha512-WsKHwcQeMvWhF0vEksxZlu+m3ozvVGFnJUJSDE90OcqyN7kRp/wiosZjZm7+9KVWcDMZh7f51NCWuIARlg0v/w==
- react-dom/18.0.0-alpha-8f96c6b2a-20210909/cjs/react-dom-server-legacy.node.production.min.js: sha512-Qh4dXv2XQ9CAJwRZDmvlK33odDMkSEOgANnnGTctDuoXerZR1OqnVhvOp9+J16ieETV95muWhQNSwX/Kg0Fnzg==
- react-dom/18.0.0-alpha-8f96c6b2a-20210909/cjs/react-dom-server.node.production.min.js: sha512-Kh65k9K1FWkkAciOd5A/KZTYfSuFDCXgCblfTc7Zv3jR19saCvcZB+IFx7ToBNApoU1sqGBkt2KZKItoUH0cqA==
- react-dom/18.0.0-alpha-8f96c6b2a-20210909/umd/react-dom-server.browser.development.min.js: sha512-6qP5KDCR5vJnCwo17ZKOXgHFz+sRx8uXNfKjnJWDjOBVAIxe32lMW+viSDY76ZzkE9Ys0KPuRYqxELqhHICD8A==
- react-dom/18.0.0-alpha-8f96c6b2a-20210909/umd/react-dom.development.js: sha512-Uflp53npfFGkE/qB9HKHbqs48oUx1pED7PyWHfEkb5ecR1JnSaQS1E5KCC63CL0a52YbKCuvGVMsISDK/NkoKw==
- react-dom/18.0.0-alpha-8f96c6b2a-20210909/cjs/react-dom-test-utils.development.js: sha512-VcOokgYrIM412k0RIxytRX1ULgj0U/WpLu2GO8tfgujFIYxnGlrIZBd/NrA/Bscocb84ZadfUiWKwgXfa3Cxug==
- react-dom/18.0.0-alpha-8f96c6b2a-20210909/cjs/react-dom.profiling.min.js: sha512-4wNJeQ5VbroCEFmUke/pN7lmxFcHgjqQ2hdCmQDzhPNOuB6fst7YMFMGGNrcNm/F/O61QuCfZPxu3CWaV5bNiA==
- react-dom/18.0.0-alpha-8f96c6b2a-20210909/umd/react-dom-test-utils.development.js: sha512-x1jvJooqbVJ8Xp8vz0wtYkZdhfKNmv75hLAXl2Vne2JHSUwnNUDQqAjpd5482zYyv0sA5DCd79kU/FJD2e542w==
- react-dom/18.0.0-alpha-8f96c6b2a-20210909/umd/react-dom.development.min.js: sha512-ytnLyw/CsjuW83qv71w+F5cBHi8CxQutkBNR6Cq+6XvYnRwaCSUDf1NCRIWwdfvVykQtpNzEcQLIt6OL/P0/bQ==
- react-dom/18.0.0-alpha-8f96c6b2a-20210909/cjs/react-dom-server-legacy.node.development.min.js: sha512-mX+z7G+2KskXf/rKbR4WU35HHlI/t8VMtB4oWALUk92JyeGHMk3RgLYKQAsS/WES280/wD9I/6w6g0JrIcNBzg==
- react-dom/18.0.0-alpha-8f96c6b2a-20210909/cjs/react-dom-server.browser.development.min.js: sha512-L79cka2WfJT/NAEP9UP0TnKfdRabeo9euDmfu+xPXuqLWqxihfEN66qBVyWlO30Hul1Yepu7Ip1y2Xvl405eHA==
- react-dom/18.0.0-alpha-8f96c6b2a-20210909/umd/react-dom-server-legacy.browser.development.js: sha512-A+WU9Tl6u65ExGPRf7zZYDA5p/5deq7O+KlAkGUJMfGSQJ3lmcVPPde1QeKS7rItZ1GLHR9qDVyHVG/YGqse7w==
- react-dom/18.0.0-alpha-8f96c6b2a-20210909/umd/react-dom-server-legacy.browser.development.min.js: sha512-2z3d5D2ePF2LeRyqTBoEq1cv9npX2oSTr5cm/kCkG2uV2OEL5tG7XzhV7kZeNFBCYlVJqDOdu3JgHvdB11JQEg==
- react-dom/18.0.0-alpha-8f96c6b2a-20210909/cjs/react-dom-server-legacy.browser.development.min.js: sha512-o7g8N36vZal/saCadSUbs7dTIp3pKuGRk4UCJnGTZ0LTD4aH4pQ9QBsxdkSCEk+ZP7x3sxXFC0l6qlVccZyiyg==
- react-dom/18.0.0-alpha-8f96c6b2a-20210909/cjs/react-dom-server.browser.development.js: sha512-+p/xZojH7f4F5Km4FfKjtRtKiKhxXZLXSxQdQhsnc3J2s9nkwJjXduz935y8g2SiLcNk4lNxU5JRjsaCIDDYBg==
- react-dom/18.0.0-alpha-8f96c6b2a-20210909/cjs/react-dom-test-utils.development.min.js: sha512-fEzHuW06s7zsR4uJ+awj4dtVdJgt1lmjCRo9RPqkTjkvkY9o2cAFfDu7Cj93a+0g0UvZG8Qt52boztbuArTceQ==
- react-dom/18.0.0-alpha-8f96c6b2a-20210909/cjs/react-dom-test-utils.production.min.js: sha512-IQ4I5ucOJcrlucPjIfVuvbE+D9igpqEu9MmoF7sgPgSrV/KDDhUtljJeeEbint+MRxjW6oqCCqzUgBiVp7pXeA==
- react-dom/18.0.0-alpha-8f96c6b2a-20210909/cjs/react-dom.development.min.js: sha512-bNaMDpIb4DDRL9MDFqBkDwQovxetp+WxDb8VHa4lwLTbL1LLqv7Lx4yCml4kSYMsHFtLCBKXlnD+ycGcCHXNHQ==
- react-dom/18.0.0-alpha-8f96c6b2a-20210909/umd/react-dom-server-legacy.browser.production.min.js: sha512-rwFGZb99La4rijPVuhfE1c/A23KCvKaxtbANhgJHGdIdBZ5XR+04LP8uMTgm+klYS05u5ucA2hU9qEsfrzDlGw==
