config: {"authors":[{"name":"Jed Watson"}],"autoupdate":{"source":"npm","target":"react-select","fileMap":[{"basePath":"dist","files":["**/!(react-select.es.js|*.flow|*.esm.js|chunk*)"]}]},"description":"A Select control built with and for ReactJS","filename":"react-select.min.js","homepage":"https://jedwatson.github.io/react-select/","keywords":["combobox","form","input","multiselect","react","react-component","select","ui"],"license":"MIT","name":"react-select","repository":{"type":"git","url":"https://github.com/JedWatson/react-select.git"},"author":"Jed Watson"}
KV keys:
- react-select/5.5.5/Select-4ca1f7f6.cjs.prod.js.br
- react-select/5.5.5/Select-4ca1f7f6.cjs.prod.js.gz
- react-select/5.5.5/Select-4ca1f7f6.cjs.prod.min.js.br
- react-select/5.5.5/Select-4ca1f7f6.cjs.prod.min.js.gz
- react-select/5.5.5/Select-bdbd4bb5.cjs.dev.js.br
- react-select/5.5.5/Select-bdbd4bb5.cjs.dev.js.gz
- react-select/5.5.5/Select-bdbd4bb5.cjs.dev.min.js.br
- react-select/5.5.5/Select-bdbd4bb5.cjs.dev.min.js.gz
- react-select/5.5.5/declarations/src/Async.d.ts.br
- react-select/5.5.5/declarations/src/Async.d.ts.gz
- react-select/5.5.5/declarations/src/AsyncCreatable.d.ts.br
- react-select/5.5.5/declarations/src/AsyncCreatable.d.ts.gz
- react-select/5.5.5/declarations/src/Creatable.d.ts.br
- react-select/5.5.5/declarations/src/Creatable.d.ts.gz
- react-select/5.5.5/declarations/src/NonceProvider.d.ts.br
- react-select/5.5.5/declarations/src/NonceProvider.d.ts.gz
- react-select/5.5.5/declarations/src/Select.d.ts.br
- react-select/5.5.5/declarations/src/Select.d.ts.gz
- react-select/5.5.5/declarations/src/accessibility/index.d.ts.br
- react-select/5.5.5/declarations/src/accessibility/index.d.ts.gz
- react-select/5.5.5/declarations/src/animated/Input.d.ts.br
- react-select/5.5.5/declarations/src/animated/Input.d.ts.gz
- react-select/5.5.5/declarations/src/animated/MultiValue.d.ts.br
- react-select/5.5.5/declarations/src/animated/MultiValue.d.ts.gz
- react-select/5.5.5/declarations/src/animated/Placeholder.d.ts.br
- react-select/5.5.5/declarations/src/animated/Placeholder.d.ts.gz
- react-select/5.5.5/declarations/src/animated/SingleValue.d.ts.br
- react-select/5.5.5/declarations/src/animated/SingleValue.d.ts.gz
- react-select/5.5.5/declarations/src/animated/ValueContainer.d.ts.br
- react-select/5.5.5/declarations/src/animated/ValueContainer.d.ts.gz
- react-select/5.5.5/declarations/src/animated/index.d.ts.br
- react-select/5.5.5/declarations/src/animated/index.d.ts.gz
- react-select/5.5.5/declarations/src/animated/transitions.d.ts.br
- react-select/5.5.5/declarations/src/animated/transitions.d.ts.gz
- react-select/5.5.5/declarations/src/builtins.d.ts.br
- react-select/5.5.5/declarations/src/builtins.d.ts.gz
- react-select/5.5.5/declarations/src/components/Control.d.ts.br
- react-select/5.5.5/declarations/src/components/Control.d.ts.gz
- react-select/5.5.5/declarations/src/components/Group.d.ts.br
- react-select/5.5.5/declarations/src/components/Group.d.ts.gz
- react-select/5.5.5/declarations/src/components/Input.d.ts.br
- react-select/5.5.5/declarations/src/components/Input.d.ts.gz
- react-select/5.5.5/declarations/src/components/LiveRegion.d.ts.br
- react-select/5.5.5/declarations/src/components/LiveRegion.d.ts.gz
- react-select/5.5.5/declarations/src/components/Menu.d.ts.br
- react-select/5.5.5/declarations/src/components/Menu.d.ts.gz
- react-select/5.5.5/declarations/src/components/MultiValue.d.ts.br
- react-select/5.5.5/declarations/src/components/MultiValue.d.ts.gz
- react-select/5.5.5/declarations/src/components/Option.d.ts.br
- react-select/5.5.5/declarations/src/components/Option.d.ts.gz
- react-select/5.5.5/declarations/src/components/Placeholder.d.ts.br
- react-select/5.5.5/declarations/src/components/Placeholder.d.ts.gz
- react-select/5.5.5/declarations/src/components/SingleValue.d.ts.br
- react-select/5.5.5/declarations/src/components/SingleValue.d.ts.gz
- react-select/5.5.5/declarations/src/components/containers.d.ts.br
- react-select/5.5.5/declarations/src/components/containers.d.ts.gz
- react-select/5.5.5/declarations/src/components/index.d.ts.br
- react-select/5.5.5/declarations/src/components/index.d.ts.gz
- react-select/5.5.5/declarations/src/components/indicators.d.ts.br
- react-select/5.5.5/declarations/src/components/indicators.d.ts.gz
- react-select/5.5.5/declarations/src/diacritics.d.ts.br
- react-select/5.5.5/declarations/src/diacritics.d.ts.gz
- react-select/5.5.5/declarations/src/filters.d.ts.br
- react-select/5.5.5/declarations/src/filters.d.ts.gz
- react-select/5.5.5/declarations/src/index.d.ts.br
- react-select/5.5.5/declarations/src/index.d.ts.gz
- react-select/5.5.5/declarations/src/internal/A11yText.d.ts.br
- react-select/5.5.5/declarations/src/internal/A11yText.d.ts.gz
- react-select/5.5.5/declarations/src/internal/DummyInput.d.ts.br
- react-select/5.5.5/declarations/src/internal/DummyInput.d.ts.gz
- react-select/5.5.5/declarations/src/internal/ScrollManager.d.ts.br
- react-select/5.5.5/declarations/src/internal/ScrollManager.d.ts.gz
- react-select/5.5.5/declarations/src/internal/index.d.ts.br
- react-select/5.5.5/declarations/src/internal/index.d.ts.gz
- react-select/5.5.5/declarations/src/internal/useScrollCapture.d.ts.br
- react-select/5.5.5/declarations/src/internal/useScrollCapture.d.ts.gz
- react-select/5.5.5/declarations/src/internal/useScrollLock.d.ts.br
- react-select/5.5.5/declarations/src/internal/useScrollLock.d.ts.gz
- react-select/5.5.5/declarations/src/stateManager.d.ts.br
- react-select/5.5.5/declarations/src/stateManager.d.ts.gz
- react-select/5.5.5/declarations/src/styles.d.ts.br
- react-select/5.5.5/declarations/src/styles.d.ts.gz
- react-select/5.5.5/declarations/src/theme.d.ts.br
- react-select/5.5.5/declarations/src/theme.d.ts.gz
- react-select/5.5.5/declarations/src/types.d.ts.br
- react-select/5.5.5/declarations/src/types.d.ts.gz
- react-select/5.5.5/declarations/src/useAsync.d.ts.br
- react-select/5.5.5/declarations/src/useAsync.d.ts.gz
- react-select/5.5.5/declarations/src/useCreatable.d.ts.br
- react-select/5.5.5/declarations/src/useCreatable.d.ts.gz
- react-select/5.5.5/declarations/src/useStateManager.d.ts.br
- react-select/5.5.5/declarations/src/useStateManager.d.ts.gz
- react-select/5.5.5/declarations/src/utils.d.ts.br
- react-select/5.5.5/declarations/src/utils.d.ts.gz
- react-select/5.5.5/index-25743a6b.cjs.dev.js.br
- react-select/5.5.5/index-25743a6b.cjs.dev.js.gz
- react-select/5.5.5/index-25743a6b.cjs.dev.min.js.br
- react-select/5.5.5/index-25743a6b.cjs.dev.min.js.gz
- react-select/5.5.5/index-9977a29f.cjs.prod.js.br
- react-select/5.5.5/index-9977a29f.cjs.prod.js.gz
- react-select/5.5.5/index-9977a29f.cjs.prod.min.js.br
- react-select/5.5.5/index-9977a29f.cjs.prod.min.js.gz
- react-select/5.5.5/react-select.cjs.d.ts.br
- react-select/5.5.5/react-select.cjs.d.ts.gz
- react-select/5.5.5/react-select.cjs.dev.js.br
- react-select/5.5.5/react-select.cjs.dev.js.gz
- react-select/5.5.5/react-select.cjs.dev.min.js.br
- react-select/5.5.5/react-select.cjs.dev.min.js.gz
- react-select/5.5.5/react-select.cjs.js.br
- react-select/5.5.5/react-select.cjs.js.gz
- react-select/5.5.5/react-select.cjs.min.js.br
- react-select/5.5.5/react-select.cjs.min.js.gz
- react-select/5.5.5/react-select.cjs.prod.js.br
- react-select/5.5.5/react-select.cjs.prod.js.gz
- react-select/5.5.5/react-select.cjs.prod.min.js.br
- react-select/5.5.5/react-select.cjs.prod.min.js.gz
- react-select/5.5.5/useAsync-8444c706.cjs.prod.js.br
- react-select/5.5.5/useAsync-8444c706.cjs.prod.js.gz
- react-select/5.5.5/useAsync-8444c706.cjs.prod.min.js.br
- react-select/5.5.5/useAsync-8444c706.cjs.prod.min.js.gz
- react-select/5.5.5/useAsync-d4439824.cjs.dev.js.br
- react-select/5.5.5/useAsync-d4439824.cjs.dev.js.gz
- react-select/5.5.5/useAsync-d4439824.cjs.dev.min.js.br
- react-select/5.5.5/useAsync-d4439824.cjs.dev.min.js.gz
- react-select/5.5.5/useCreatable-3a28df58.cjs.prod.js.br
- react-select/5.5.5/useCreatable-3a28df58.cjs.prod.js.gz
- react-select/5.5.5/useCreatable-3a28df58.cjs.prod.min.js.br
- react-select/5.5.5/useCreatable-3a28df58.cjs.prod.min.js.gz
- react-select/5.5.5/useCreatable-943f6d21.cjs.dev.js.br
- react-select/5.5.5/useCreatable-943f6d21.cjs.dev.js.gz
- react-select/5.5.5/useCreatable-943f6d21.cjs.dev.min.js.br
- react-select/5.5.5/useCreatable-943f6d21.cjs.dev.min.js.gz
- react-select/5.5.5/useStateManager-f8504f57.cjs.prod.js.br
- react-select/5.5.5/useStateManager-f8504f57.cjs.prod.js.gz
- react-select/5.5.5/useStateManager-f8504f57.cjs.prod.min.js.br
- react-select/5.5.5/useStateManager-f8504f57.cjs.prod.min.js.gz
- react-select/5.5.5/useStateManager-f885b0cb.cjs.dev.js.br
- react-select/5.5.5/useStateManager-f885b0cb.cjs.dev.js.gz
- react-select/5.5.5/useStateManager-f885b0cb.cjs.dev.min.js.br
- react-select/5.5.5/useStateManager-f885b0cb.cjs.dev.min.js.gz
SRIs:
- react-select/5.5.5/Select-bdbd4bb5.cjs.dev.min.js: sha512-FdNo34WofPOj5yW4Gz7hXJCa14FjnAbTc2P/I/777XfmaGqWCcQDW2HbN3H/zY1UTAl/IbB8cfifLGMvmaSbsg==
- react-select/5.5.5/index-9977a29f.cjs.prod.js: sha512-esVUKCR/rneNRI/LOAlx+G18+8tXb//Wc4lOEmOMtUgu60VfVL8wEwEE4F7wvZSEC2y52NWRYT2pSAwIUi1YPA==
- react-select/5.5.5/useAsync-8444c706.cjs.prod.js: sha512-aS31XVYrqiOcpjK4bvL9jG5FFo0k4ZAcVYKI6lNDDfau8U4Fu2dWNY6VhT87+fJf65jrnDU40u9D7IipvRxbcw==
- react-select/5.5.5/useAsync-8444c706.cjs.prod.min.js: sha512-DmcGkKq1b2vnmoVdPrCDv+fXDX/E30KV8c944ZwW2zfP+L2620/2NepvXRaDKp9hd8HznJEl5INyHXNVhADMgQ==
- react-select/5.5.5/useAsync-d4439824.cjs.dev.js: sha512-HLs+pfg0/DvaXk0hhu7aTR90rzt1l328W7dGDCdXHt0NbMXgp4A8r0Y/5dHu0w5UWuzDF5PdroJPv2eYpQAEuw==
- react-select/5.5.5/useAsync-d4439824.cjs.dev.min.js: sha512-0x7kFppGLXKnkFyLR9LU+zg+SnnQyx56vUDhOkRNgKwTRPPwDY9XTlYivk3Ylr/P+FruuuRQk6Zhv5wO78XlWw==
- react-select/5.5.5/useCreatable-943f6d21.cjs.dev.min.js: sha512-GxuW37tFAR/hiDOXOkluTA/OuhQgoymIeI2Js4PxaRR9I+VLl4K4DjKnrZm+7DeV/cMpwWBlWylKLMi4CveJ9Q==
- react-select/5.5.5/Select-4ca1f7f6.cjs.prod.js: sha512-mDBBUTwdbddbA+OzE2EdpSXicvgAWRpd8zJAX+JDJLJSRT1LqRzKf/eHpTyzB5cE6YDuY3eAvA1c9K9P65UE3w==
- react-select/5.5.5/useStateManager-f8504f57.cjs.prod.min.js: sha512-3ww0HyNxsU8BGJcU3uo7rxC2YUuMsvy88QeZhtYT5eG6Kw+9p27Vxuz+v0JWCEz9+5QiE3LL4WWokUGlydYYXQ==
- react-select/5.5.5/useStateManager-f885b0cb.cjs.dev.min.js: sha512-90O3/FmTQV5EOC93tHbAiUP25mAc6O4xC9EI/Xdi1p6+z1x6b44tiEMmg7H1pMRFMluKYliOSC/aN/yrPAcC6A==
- react-select/5.5.5/useStateManager-f8504f57.cjs.prod.js: sha512-vVW+cb8QfOm+AS7xAuCsfkg5C/n1DZvCRZqQznaaCqA2Q8t0SQatL+icQJKdB81jRRUZfDuU6eH9lamuokbt1Q==
- react-select/5.5.5/react-select.cjs.min.js: sha512-kdHxGfA6cgOUo+CWz9LSRVBto5mdaZiyOvmzT27cv4M8zMMTwGbvvywV6DmipR9pJ5AYCuQ3tGYD11RJJ+8SHw==
- react-select/5.5.5/react-select.cjs.prod.js: sha512-Sa+Cpll9Lnn7+6aUTOOegcIRoZo6AKkLQpoP/RwkATMuoEHjkfR67+not44SSfRI9PN5MexMQMCa9XlfTLMSCQ==
- react-select/5.5.5/react-select.cjs.prod.min.js: sha512-rXmgaQvCINjVak+JekIXn0SvgNdyGQhxMm1DRRFD48poZTwkh0xS3sab6ys0VqziGtwPrij05qk5RPkNRYheKg==
- react-select/5.5.5/useCreatable-3a28df58.cjs.prod.js: sha512-TTXo4D8GwmXXKUrZIIHjla48tRJqnqtXyZPNAPx7OBVdZMjQKGpBPfHsLm1GkAbxrt+ZlJSNgRqMnwPg2j8uKA==
- react-select/5.5.5/useCreatable-943f6d21.cjs.dev.js: sha512-bcHmE3ooTyzAXgzFN0cZHnpZ/IR1yZOAIpb0HmsATeerPgCNK5/0N4B2M5kZMEUYIsq9+NeAt+ojkvl3IlhBkg==
- react-select/5.5.5/index-25743a6b.cjs.dev.js: sha512-dsJyw6UatD8q41THptyQbHVSAjll+K2uL+q2T0CzM5Qv/Oeb7/xKS5W3AbaDNCO87r7z4kQbUCT0v4ZU972PZQ==
- react-select/5.5.5/react-select.cjs.js: sha512-tXjEPfcs3+8ODA7pVDfd6mZCGXybtuecI8CQkIJOYid0GGEyW8MbK0o8UclNbNLTowh78PRCMh1kPw+7bKXQUQ==
- react-select/5.5.5/react-select.cjs.dev.js: sha512-b8QUCJHrmffRcFoVwLqjhDl0itPnbTQDhGUopiqfigXT2C6DDXP/FbCdobCnARVLLF1jHbOtYeKfxqHPZm5pqA==
- react-select/5.5.5/Select-bdbd4bb5.cjs.dev.js: sha512-zoJwLRDJs++m3pBZxaqzjKQ/q6aDTb1dSt3iV9BcBAkIv9Q6XAzsS4VsEh6YF0u6MzXc5VcO6EoVYcokvm6Ncw==
- react-select/5.5.5/index-25743a6b.cjs.dev.min.js: sha512-pncp98yVOI3obTfIrThFE/koFBaWn4ED/ECEB1xe23PW9o6K4WrLiG0WQqwDhrQnoEsgQuEMpzGBv2PDhLqL1Q==
- react-select/5.5.5/index-9977a29f.cjs.prod.min.js: sha512-Nv0RVYarMUakkjM5/YqTcRPD95m2naXTpW6oOyk9H6bvoIIE02Sw+cgtLOqjs0U/Mpju/rnxvz6Ng3yDyGwVmw==
- react-select/5.5.5/react-select.cjs.dev.min.js: sha512-FVnRGAdQl0TvfHDzJVpFoJOvPcrKpcu/RXD+rwwtIzNMO7RWPVdOa4Z0RJMUeRbdPo7vtiWHfC8CcsnMgaJ8/g==
- react-select/5.5.5/useCreatable-3a28df58.cjs.prod.min.js: sha512-oGz0WBWvbLqhv7zSJloosLtjhhPCTfnk5fCGRmWQz6hqhU8Emyvc4eFa38wTU1UWwb23feSt5vV758/xIECXGQ==
- react-select/5.5.5/useStateManager-f885b0cb.cjs.dev.js: sha512-lG5JJ4PlzqSiq0Ij/iIlEHqyb70jEzbMNfXkPbszkFnLZaz1t+uZEQh+diWfLOQQVkRvgdLBtmWqWhkvNguqLg==
- react-select/5.5.5/Select-4ca1f7f6.cjs.prod.min.js: sha512-8whWgymElpkEDQoXYYGq3V7Scj4lcfLl3rHJ6ki4wVXG95bScx87YSH4MUjTz/xeAexwRVtdwwqCuTYgscZ46Q==
