2022/12/12 07:03:18 optimizing files (Js true, Css true, Png true, Jpg true)
2022/12/12 07:03:18 compress: run /node_modules/uglify-js/bin/uglifyjs --mangle --compress if_return=true -o /tmp/work/lib/api/createModelSchema.min.js /tmp/work/lib/api/createModelSchema.js
2022/12/12 07:03:18 compress: run /node_modules/uglify-js/bin/uglifyjs --mangle --compress if_return=true -o /tmp/work/lib/api/createSimpleSchema.min.js /tmp/work/lib/api/createSimpleSchema.js
2022/12/12 07:03:18 compress: run /node_modules/uglify-js/bin/uglifyjs --mangle --compress if_return=true -o /tmp/work/lib/api/getDefaultModelSchema.min.js /tmp/work/lib/api/getDefaultModelSchema.js
2022/12/12 07:03:18 algorithm: run /usr/bin/brotli --quality=11 --output=/output/api/serializable.d.ts.br /tmp/work/lib/api/serializable.d.ts
2022/12/12 07:03:18 algorithm: run /usr/bin/brotli --quality=11 --output=/output/api/getDefaultModelSchema.d.ts.br /tmp/work/lib/api/getDefaultModelSchema.d.ts
2022/12/12 07:03:18 algorithm: run /usr/bin/brotli --quality=11 --output=/output/api/createModelSchema.d.ts.br /tmp/work/lib/api/createModelSchema.d.ts
2022/12/12 07:03:18 compress: run /node_modules/uglify-js/bin/uglifyjs --mangle --compress if_return=true -o /tmp/work/lib/api/serializable.min.js /tmp/work/lib/api/serializable.js
2022/12/12 07:03:18 algorithm: run /usr/bin/brotli --quality=11 --output=/output/api/createSimpleSchema.d.ts.br /tmp/work/lib/api/createSimpleSchema.d.ts
2022/12/12 07:03:18 br /tmp/work/lib/api/serializable.d.ts -> /output/api/serializable.d.ts.br
2022/12/12 07:03:18 gz /tmp/work/lib/api/serializable.d.ts -> /output/api/serializable.d.ts.gz
2022/12/12 07:03:18 algorithm: run /usr/bin/brotli --quality=11 --output=/output/api/setDefaultModelSchema.d.ts.br /tmp/work/lib/api/setDefaultModelSchema.d.ts
2022/12/12 07:03:18 br /tmp/work/lib/api/createModelSchema.d.ts -> /output/api/createModelSchema.d.ts.br
2022/12/12 07:03:18 br /tmp/work/lib/api/getDefaultModelSchema.d.ts -> /output/api/getDefaultModelSchema.d.ts.br
2022/12/12 07:03:18 gz /tmp/work/lib/api/getDefaultModelSchema.d.ts -> /output/api/getDefaultModelSchema.d.ts.gz
2022/12/12 07:03:18 compress: run /node_modules/uglify-js/bin/uglifyjs --mangle --compress if_return=true -o /tmp/work/lib/api/setDefaultModelSchema.min.js /tmp/work/lib/api/setDefaultModelSchema.js
2022/12/12 07:03:18 gz /tmp/work/lib/api/createModelSchema.d.ts -> /output/api/createModelSchema.d.ts.gz
2022/12/12 07:03:18 algorithm: run /usr/bin/brotli --quality=11 --output=/output/api/types.d.ts.br /tmp/work/lib/api/types.d.ts
2022/12/12 07:03:18 br /tmp/work/lib/api/createSimpleSchema.d.ts -> /output/api/createSimpleSchema.d.ts.br
2022/12/12 07:03:18 br /tmp/work/lib/api/setDefaultModelSchema.d.ts -> /output/api/setDefaultModelSchema.d.ts.br
2022/12/12 07:03:18 gz /tmp/work/lib/api/createSimpleSchema.d.ts -> /output/api/createSimpleSchema.d.ts.gz
2022/12/12 07:03:18 compress: run /node_modules/uglify-js/bin/uglifyjs --mangle --compress if_return=true -o /tmp/work/lib/api/types.min.js /tmp/work/lib/api/types.js
2022/12/12 07:03:18 gz /tmp/work/lib/api/setDefaultModelSchema.d.ts -> /output/api/setDefaultModelSchema.d.ts.gz
2022/12/12 07:03:18 algorithm: run /usr/bin/brotli --quality=11 --output=/output/constants.d.ts.br /tmp/work/lib/constants.d.ts
2022/12/12 07:03:18 br /tmp/work/lib/api/types.d.ts -> /output/api/types.d.ts.br
2022/12/12 07:03:18 gz /tmp/work/lib/api/types.d.ts -> /output/api/types.d.ts.gz
2022/12/12 07:03:18 compress: run /node_modules/uglify-js/bin/uglifyjs --mangle --compress if_return=true -o /tmp/work/lib/constants.min.js /tmp/work/lib/constants.js
2022/12/12 07:03:18 br /tmp/work/lib/constants.d.ts -> /output/constants.d.ts.br
2022/12/12 07:03:18 gz /tmp/work/lib/constants.d.ts -> /output/constants.d.ts.gz
2022/12/12 07:03:18 algorithm: run /usr/bin/brotli --quality=11 --output=/output/core/cancelDeserialize.d.ts.br /tmp/work/lib/core/cancelDeserialize.d.ts
2022/12/12 07:03:18 br /tmp/work/lib/core/cancelDeserialize.d.ts -> /output/core/cancelDeserialize.d.ts.br
2022/12/12 07:03:18 gz /tmp/work/lib/core/cancelDeserialize.d.ts -> /output/core/cancelDeserialize.d.ts.gz
2022/12/12 07:03:18 compress: run /node_modules/uglify-js/bin/uglifyjs --mangle --compress if_return=true -o /tmp/work/lib/core/cancelDeserialize.min.js /tmp/work/lib/core/cancelDeserialize.js
2022/12/12 07:03:18 sri /tmp/work/lib/api/createSimpleSchema.min.js -> /output/api/createSimpleSchema.min.js.sri
2022/12/12 07:03:18 algorithm: run /usr/bin/brotli --quality=11 --output=/output/api/createSimpleSchema.min.js.br /tmp/work/lib/api/createSimpleSchema.min.js
2022/12/12 07:03:18 br /tmp/work/lib/api/createSimpleSchema.min.js -> /output/api/createSimpleSchema.min.js.br
2022/12/12 07:03:18 gz /tmp/work/lib/api/createSimpleSchema.min.js -> /output/api/createSimpleSchema.min.js.gz
2022/12/12 07:03:18 sri /tmp/work/lib/api/createSimpleSchema.js -> /output/api/createSimpleSchema.js.sri
2022/12/12 07:03:18 algorithm: run /usr/bin/brotli --quality=11 --output=/output/api/createSimpleSchema.js.br /tmp/work/lib/api/createSimpleSchema.js
2022/12/12 07:03:18 br /tmp/work/lib/api/createSimpleSchema.js -> /output/api/createSimpleSchema.js.br
2022/12/12 07:03:18 gz /tmp/work/lib/api/createSimpleSchema.js -> /output/api/createSimpleSchema.js.gz
2022/12/12 07:03:18 algorithm: run /usr/bin/brotli --quality=11 --output=/output/core/Context.d.ts.br /tmp/work/lib/core/Context.d.ts
2022/12/12 07:03:18 sri /tmp/work/lib/api/types.min.js -> /output/api/types.min.js.sri
2022/12/12 07:03:18 algorithm: run /usr/bin/brotli --quality=11 --output=/output/api/types.min.js.br /tmp/work/lib/api/types.min.js
2022/12/12 07:03:18 sri /tmp/work/lib/api/getDefaultModelSchema.min.js -> /output/api/getDefaultModelSchema.min.js.sri
2022/12/12 07:03:18 algorithm: run /usr/bin/brotli --quality=11 --output=/output/api/getDefaultModelSchema.min.js.br /tmp/work/lib/api/getDefaultModelSchema.min.js
2022/12/12 07:03:18 sri /tmp/work/lib/api/setDefaultModelSchema.min.js -> /output/api/setDefaultModelSchema.min.js.sri
2022/12/12 07:03:18 algorithm: run /usr/bin/brotli --quality=11 --output=/output/api/setDefaultModelSchema.min.js.br /tmp/work/lib/api/setDefaultModelSchema.min.js
2022/12/12 07:03:18 br /tmp/work/lib/core/Context.d.ts -> /output/core/Context.d.ts.br
2022/12/12 07:03:18 gz /tmp/work/lib/core/Context.d.ts -> /output/core/Context.d.ts.gz
2022/12/12 07:03:18 compress: run /node_modules/uglify-js/bin/uglifyjs --mangle --compress if_return=true -o /tmp/work/lib/core/Context.min.js /tmp/work/lib/core/Context.js
2022/12/12 07:03:18 br /tmp/work/lib/api/types.min.js -> /output/api/types.min.js.br
2022/12/12 07:03:18 gz /tmp/work/lib/api/types.min.js -> /output/api/types.min.js.gz
2022/12/12 07:03:18 sri /tmp/work/lib/api/types.js -> /output/api/types.js.sri
2022/12/12 07:03:18 algorithm: run /usr/bin/brotli --quality=11 --output=/output/api/types.js.br /tmp/work/lib/api/types.js
2022/12/12 07:03:18 br /tmp/work/lib/api/setDefaultModelSchema.min.js -> /output/api/setDefaultModelSchema.min.js.br
2022/12/12 07:03:18 br /tmp/work/lib/api/getDefaultModelSchema.min.js -> /output/api/getDefaultModelSchema.min.js.br
2022/12/12 07:03:18 gz /tmp/work/lib/api/setDefaultModelSchema.min.js -> /output/api/setDefaultModelSchema.min.js.gz
2022/12/12 07:03:18 sri /tmp/work/lib/api/setDefaultModelSchema.js -> /output/api/setDefaultModelSchema.js.sri
2022/12/12 07:03:18 algorithm: run /usr/bin/brotli --quality=11 --output=/output/api/setDefaultModelSchema.js.br /tmp/work/lib/api/setDefaultModelSchema.js
2022/12/12 07:03:18 gz /tmp/work/lib/api/getDefaultModelSchema.min.js -> /output/api/getDefaultModelSchema.min.js.gz
2022/12/12 07:03:18 sri /tmp/work/lib/api/getDefaultModelSchema.js -> /output/api/getDefaultModelSchema.js.sri
2022/12/12 07:03:18 algorithm: run /usr/bin/brotli --quality=11 --output=/output/api/getDefaultModelSchema.js.br /tmp/work/lib/api/getDefaultModelSchema.js
2022/12/12 07:03:18 br /tmp/work/lib/api/types.js -> /output/api/types.js.br
2022/12/12 07:03:18 gz /tmp/work/lib/api/types.js -> /output/api/types.js.gz
2022/12/12 07:03:18 algorithm: run /usr/bin/brotli --quality=11 --output=/output/core/deserialize.d.ts.br /tmp/work/lib/core/deserialize.d.ts
2022/12/12 07:03:18 br /tmp/work/lib/api/getDefaultModelSchema.js -> /output/api/getDefaultModelSchema.js.br
2022/12/12 07:03:18 gz /tmp/work/lib/api/getDefaultModelSchema.js -> /output/api/getDefaultModelSchema.js.gz
2022/12/12 07:03:18 compress: run /node_modules/uglify-js/bin/uglifyjs --mangle --compress if_return=true -o /tmp/work/lib/core/deserialize.min.js /tmp/work/lib/core/deserialize.js
2022/12/12 07:03:18 br /tmp/work/lib/api/setDefaultModelSchema.js -> /output/api/setDefaultModelSchema.js.br
2022/12/12 07:03:18 gz /tmp/work/lib/api/setDefaultModelSchema.js -> /output/api/setDefaultModelSchema.js.gz
2022/12/12 07:03:18 algorithm: run /usr/bin/brotli --quality=11 --output=/output/core/serialize.d.ts.br /tmp/work/lib/core/serialize.d.ts
2022/12/12 07:03:18 sri /tmp/work/lib/constants.min.js -> /output/constants.min.js.sri
2022/12/12 07:03:18 algorithm: run /usr/bin/brotli --quality=11 --output=/output/constants.min.js.br /tmp/work/lib/constants.min.js
2022/12/12 07:03:18 br /tmp/work/lib/core/deserialize.d.ts -> /output/core/deserialize.d.ts.br
2022/12/12 07:03:18 gz /tmp/work/lib/core/deserialize.d.ts -> /output/core/deserialize.d.ts.gz
2022/12/12 07:03:18 compress: run /node_modules/uglify-js/bin/uglifyjs --mangle --compress if_return=true -o /tmp/work/lib/core/serialize.min.js /tmp/work/lib/core/serialize.js
2022/12/12 07:03:18 br /tmp/work/lib/core/serialize.d.ts -> /output/core/serialize.d.ts.br
2022/12/12 07:03:18 sri /tmp/work/lib/api/createModelSchema.min.js -> /output/api/createModelSchema.min.js.sri
2022/12/12 07:03:18 algorithm: run /usr/bin/brotli --quality=11 --output=/output/api/createModelSchema.min.js.br /tmp/work/lib/api/createModelSchema.min.js
2022/12/12 07:03:18 gz /tmp/work/lib/core/serialize.d.ts -> /output/core/serialize.d.ts.gz
2022/12/12 07:03:18 algorithm: run /usr/bin/brotli --quality=11 --output=/output/core/serializeAll.d.ts.br /tmp/work/lib/core/serializeAll.d.ts
2022/12/12 07:03:18 br /tmp/work/lib/constants.min.js -> /output/constants.min.js.br
2022/12/12 07:03:18 gz /tmp/work/lib/constants.min.js -> /output/constants.min.js.gz
2022/12/12 07:03:18 sri /tmp/work/lib/constants.js -> /output/constants.js.sri
2022/12/12 07:03:18 algorithm: run /usr/bin/brotli --quality=11 --output=/output/constants.js.br /tmp/work/lib/constants.js
2022/12/12 07:03:18 br /tmp/work/lib/api/createModelSchema.min.js -> /output/api/createModelSchema.min.js.br
2022/12/12 07:03:18 gz /tmp/work/lib/api/createModelSchema.min.js -> /output/api/createModelSchema.min.js.gz
2022/12/12 07:03:18 sri /tmp/work/lib/api/createModelSchema.js -> /output/api/createModelSchema.js.sri
2022/12/12 07:03:18 algorithm: run /usr/bin/brotli --quality=11 --output=/output/api/createModelSchema.js.br /tmp/work/lib/api/createModelSchema.js
2022/12/12 07:03:18 br /tmp/work/lib/core/serializeAll.d.ts -> /output/core/serializeAll.d.ts.br
2022/12/12 07:03:18 gz /tmp/work/lib/core/serializeAll.d.ts -> /output/core/serializeAll.d.ts.gz
2022/12/12 07:03:18 compress: run /node_modules/uglify-js/bin/uglifyjs --mangle --compress if_return=true -o /tmp/work/lib/core/serializeAll.min.js /tmp/work/lib/core/serializeAll.js
2022/12/12 07:03:18 br /tmp/work/lib/constants.js -> /output/constants.js.br
2022/12/12 07:03:18 gz /tmp/work/lib/constants.js -> /output/constants.js.gz
2022/12/12 07:03:18 algorithm: run /usr/bin/brotli --quality=11 --output=/output/core/subSchema.d.ts.br /tmp/work/lib/core/subSchema.d.ts
2022/12/12 07:03:18 br /tmp/work/lib/api/createModelSchema.js -> /output/api/createModelSchema.js.br
2022/12/12 07:03:18 gz /tmp/work/lib/api/createModelSchema.js -> /output/api/createModelSchema.js.gz
2022/12/12 07:03:18 algorithm: run /usr/bin/brotli --quality=11 --output=/output/core/update.d.ts.br /tmp/work/lib/core/update.d.ts
2022/12/12 07:03:18 sri /tmp/work/lib/core/cancelDeserialize.min.js -> /output/core/cancelDeserialize.min.js.sri
2022/12/12 07:03:18 algorithm: run /usr/bin/brotli --quality=11 --output=/output/core/cancelDeserialize.min.js.br /tmp/work/lib/core/cancelDeserialize.min.js
2022/12/12 07:03:18 br /tmp/work/lib/core/update.d.ts -> /output/core/update.d.ts.br
2022/12/12 07:03:18 gz /tmp/work/lib/core/update.d.ts -> /output/core/update.d.ts.gz
2022/12/12 07:03:18 compress: run /node_modules/uglify-js/bin/uglifyjs --mangle --compress if_return=true -o /tmp/work/lib/core/update.min.js /tmp/work/lib/core/update.js
2022/12/12 07:03:18 br /tmp/work/lib/core/cancelDeserialize.min.js -> /output/core/cancelDeserialize.min.js.br
2022/12/12 07:03:18 gz /tmp/work/lib/core/cancelDeserialize.min.js -> /output/core/cancelDeserialize.min.js.gz
2022/12/12 07:03:18 br /tmp/work/lib/core/subSchema.d.ts -> /output/core/subSchema.d.ts.br
2022/12/12 07:03:18 sri /tmp/work/lib/core/cancelDeserialize.js -> /output/core/cancelDeserialize.js.sri
2022/12/12 07:03:18 algorithm: run /usr/bin/brotli --quality=11 --output=/output/core/cancelDeserialize.js.br /tmp/work/lib/core/cancelDeserialize.js
2022/12/12 07:03:18 gz /tmp/work/lib/core/subSchema.d.ts -> /output/core/subSchema.d.ts.gz
2022/12/12 07:03:18 algorithm: run /usr/bin/brotli --quality=11 --output=/output/serializr.d.ts.br /tmp/work/lib/serializr.d.ts
2022/12/12 07:03:18 br /tmp/work/lib/core/cancelDeserialize.js -> /output/core/cancelDeserialize.js.br
2022/12/12 07:03:18 gz /tmp/work/lib/core/cancelDeserialize.js -> /output/core/cancelDeserialize.js.gz
2022/12/12 07:03:18 /tmp/work/lib/serializr.es.min.js already has corresponding compressed file
2022/12/12 07:03:18 sri /tmp/work/lib/serializr.es.js -> /output/serializr.es.js.sri
2022/12/12 07:03:18 algorithm: run /usr/bin/brotli --quality=11 --output=/output/serializr.es.js.br /tmp/work/lib/serializr.es.js
2022/12/12 07:03:18 br /tmp/work/lib/serializr.d.ts -> /output/serializr.d.ts.br
2022/12/12 07:03:18 gz /tmp/work/lib/serializr.d.ts -> /output/serializr.d.ts.gz
2022/12/12 07:03:18 /tmp/work/lib/serializr.es.min.js is already compressed
2022/12/12 07:03:18 sri /tmp/work/lib/serializr.es.min.js -> /output/serializr.es.min.js.sri
2022/12/12 07:03:18 algorithm: run /usr/bin/brotli --quality=11 --output=/output/serializr.es.min.js.br /tmp/work/lib/serializr.es.min.js
2022/12/12 07:03:18 br /tmp/work/lib/serializr.es.min.js -> /output/serializr.es.min.js.br
2022/12/12 07:03:18 gz /tmp/work/lib/serializr.es.min.js -> /output/serializr.es.min.js.gz
2022/12/12 07:03:18 compress: run /node_modules/uglify-js/bin/uglifyjs --mangle --compress if_return=true -o /tmp/work/lib/serializr.min.js /tmp/work/lib/serializr.js
2022/12/12 07:03:18 sri /tmp/work/lib/api/serializable.min.js -> /output/api/serializable.min.js.sri
2022/12/12 07:03:18 algorithm: run /usr/bin/brotli --quality=11 --output=/output/api/serializable.min.js.br /tmp/work/lib/api/serializable.min.js
2022/12/12 07:03:18 br /tmp/work/lib/api/serializable.min.js -> /output/api/serializable.min.js.br
2022/12/12 07:03:18 gz /tmp/work/lib/api/serializable.min.js -> /output/api/serializable.min.js.gz
2022/12/12 07:03:18 sri /tmp/work/lib/api/serializable.js -> /output/api/serializable.js.sri
2022/12/12 07:03:18 algorithm: run /usr/bin/brotli --quality=11 --output=/output/api/serializable.js.br /tmp/work/lib/api/serializable.js
2022/12/12 07:03:18 br /tmp/work/lib/api/serializable.js -> /output/api/serializable.js.br
2022/12/12 07:03:18 gz /tmp/work/lib/api/serializable.js -> /output/api/serializable.js.gz
2022/12/12 07:03:18 /tmp/work/lib/serializr.umd.min.js already has corresponding compressed file
2022/12/12 07:03:18 sri /tmp/work/lib/serializr.umd.js -> /output/serializr.umd.js.sri
2022/12/12 07:03:18 algorithm: run /usr/bin/brotli --quality=11 --output=/output/serializr.umd.js.br /tmp/work/lib/serializr.umd.js
2022/12/12 07:03:18 br /tmp/work/lib/serializr.es.js -> /output/serializr.es.js.br
2022/12/12 07:03:18 gz /tmp/work/lib/serializr.es.js -> /output/serializr.es.js.gz
2022/12/12 07:03:18 /tmp/work/lib/serializr.umd.min.js is already compressed
2022/12/12 07:03:18 sri /tmp/work/lib/serializr.umd.min.js -> /output/serializr.umd.min.js.sri
2022/12/12 07:03:18 algorithm: run /usr/bin/brotli --quality=11 --output=/output/serializr.umd.min.js.br /tmp/work/lib/serializr.umd.min.js
2022/12/12 07:03:18 sri /tmp/work/lib/core/Context.min.js -> /output/core/Context.min.js.sri
2022/12/12 07:03:18 algorithm: run /usr/bin/brotli --quality=11 --output=/output/core/Context.min.js.br /tmp/work/lib/core/Context.min.js
2022/12/12 07:03:18 sri /tmp/work/lib/core/serializeAll.min.js -> /output/core/serializeAll.min.js.sri
2022/12/12 07:03:18 algorithm: run /usr/bin/brotli --quality=11 --output=/output/core/serializeAll.min.js.br /tmp/work/lib/core/serializeAll.min.js
2022/12/12 07:03:18 br /tmp/work/lib/serializr.umd.min.js -> /output/serializr.umd.min.js.br
2022/12/12 07:03:18 gz /tmp/work/lib/serializr.umd.min.js -> /output/serializr.umd.min.js.gz
2022/12/12 07:03:18 algorithm: run /usr/bin/brotli --quality=11 --output=/output/types/alias.d.ts.br /tmp/work/lib/types/alias.d.ts
2022/12/12 07:03:18 sri /tmp/work/lib/core/update.min.js -> /output/core/update.min.js.sri
2022/12/12 07:03:18 algorithm: run /usr/bin/brotli --quality=11 --output=/output/core/update.min.js.br /tmp/work/lib/core/update.min.js
2022/12/12 07:03:18 br /tmp/work/lib/core/serializeAll.min.js -> /output/core/serializeAll.min.js.br
2022/12/12 07:03:18 br /tmp/work/lib/core/Context.min.js -> /output/core/Context.min.js.br
2022/12/12 07:03:18 br /tmp/work/lib/types/alias.d.ts -> /output/types/alias.d.ts.br
2022/12/12 07:03:18 gz /tmp/work/lib/core/serializeAll.min.js -> /output/core/serializeAll.min.js.gz
2022/12/12 07:03:18 sri /tmp/work/lib/core/serializeAll.js -> /output/core/serializeAll.js.sri
2022/12/12 07:03:18 algorithm: run /usr/bin/brotli --quality=11 --output=/output/core/serializeAll.js.br /tmp/work/lib/core/serializeAll.js
2022/12/12 07:03:18 gz /tmp/work/lib/types/alias.d.ts -> /output/types/alias.d.ts.gz
2022/12/12 07:03:18 compress: run /node_modules/uglify-js/bin/uglifyjs --mangle --compress if_return=true -o /tmp/work/lib/types/alias.min.js /tmp/work/lib/types/alias.js
2022/12/12 07:03:18 br /tmp/work/lib/core/update.min.js -> /output/core/update.min.js.br
2022/12/12 07:03:18 gz /tmp/work/lib/core/Context.min.js -> /output/core/Context.min.js.gz
2022/12/12 07:03:18 sri /tmp/work/lib/core/Context.js -> /output/core/Context.js.sri
2022/12/12 07:03:18 algorithm: run /usr/bin/brotli --quality=11 --output=/output/core/Context.js.br /tmp/work/lib/core/Context.js
2022/12/12 07:03:18 gz /tmp/work/lib/core/update.min.js -> /output/core/update.min.js.gz
2022/12/12 07:03:18 sri /tmp/work/lib/core/update.js -> /output/core/update.js.sri
2022/12/12 07:03:18 algorithm: run /usr/bin/brotli --quality=11 --output=/output/core/update.js.br /tmp/work/lib/core/update.js
2022/12/12 07:03:18 br /tmp/work/lib/core/serializeAll.js -> /output/core/serializeAll.js.br
2022/12/12 07:03:18 gz /tmp/work/lib/core/serializeAll.js -> /output/core/serializeAll.js.gz
2022/12/12 07:03:18 algorithm: run /usr/bin/brotli --quality=11 --output=/output/types/custom.d.ts.br /tmp/work/lib/types/custom.d.ts
2022/12/12 07:03:18 br /tmp/work/lib/core/update.js -> /output/core/update.js.br
2022/12/12 07:03:18 gz /tmp/work/lib/core/update.js -> /output/core/update.js.gz
2022/12/12 07:03:18 compress: run /node_modules/uglify-js/bin/uglifyjs --mangle --compress if_return=true -o /tmp/work/lib/types/custom.min.js /tmp/work/lib/types/custom.js
2022/12/12 07:03:18 br /tmp/work/lib/types/custom.d.ts -> /output/types/custom.d.ts.br
2022/12/12 07:03:18 gz /tmp/work/lib/types/custom.d.ts -> /output/types/custom.d.ts.gz
2022/12/12 07:03:18 algorithm: run /usr/bin/brotli --quality=11 --output=/output/types/date.d.ts.br /tmp/work/lib/types/date.d.ts
2022/12/12 07:03:18 br /tmp/work/lib/core/Context.js -> /output/core/Context.js.br
2022/12/12 07:03:18 gz /tmp/work/lib/core/Context.js -> /output/core/Context.js.gz
2022/12/12 07:03:18 compress: run /node_modules/uglify-js/bin/uglifyjs --mangle --compress if_return=true -o /tmp/work/lib/types/date.min.js /tmp/work/lib/types/date.js
2022/12/12 07:03:18 sri /tmp/work/lib/serializr.min.js -> /output/serializr.min.js.sri
2022/12/12 07:03:18 algorithm: run /usr/bin/brotli --quality=11 --output=/output/serializr.min.js.br /tmp/work/lib/serializr.min.js
2022/12/12 07:03:18 br /tmp/work/lib/types/date.d.ts -> /output/types/date.d.ts.br
2022/12/12 07:03:18 gz /tmp/work/lib/types/date.d.ts -> /output/types/date.d.ts.gz
2022/12/12 07:03:18 algorithm: run /usr/bin/brotli --quality=11 --output=/output/types/identifier.d.ts.br /tmp/work/lib/types/identifier.d.ts
2022/12/12 07:03:18 sri /tmp/work/lib/core/serialize.min.js -> /output/core/serialize.min.js.sri
2022/12/12 07:03:18 algorithm: run /usr/bin/brotli --quality=11 --output=/output/core/serialize.min.js.br /tmp/work/lib/core/serialize.min.js
2022/12/12 07:03:18 br /tmp/work/lib/serializr.min.js -> /output/serializr.min.js.br
2022/12/12 07:03:18 br /tmp/work/lib/types/identifier.d.ts -> /output/types/identifier.d.ts.br
2022/12/12 07:03:18 gz /tmp/work/lib/serializr.min.js -> /output/serializr.min.js.gz
2022/12/12 07:03:18 sri /tmp/work/lib/serializr.js -> /output/serializr.js.sri
2022/12/12 07:03:18 algorithm: run /usr/bin/brotli --quality=11 --output=/output/serializr.js.br /tmp/work/lib/serializr.js
2022/12/12 07:03:18 gz /tmp/work/lib/types/identifier.d.ts -> /output/types/identifier.d.ts.gz
2022/12/12 07:03:18 compress: run /node_modules/uglify-js/bin/uglifyjs --mangle --compress if_return=true -o /tmp/work/lib/types/identifier.min.js /tmp/work/lib/types/identifier.js
2022/12/12 07:03:18 br /tmp/work/lib/core/serialize.min.js -> /output/core/serialize.min.js.br
2022/12/12 07:03:18 gz /tmp/work/lib/core/serialize.min.js -> /output/core/serialize.min.js.gz
2022/12/12 07:03:18 sri /tmp/work/lib/core/serialize.js -> /output/core/serialize.js.sri
2022/12/12 07:03:18 algorithm: run /usr/bin/brotli --quality=11 --output=/output/core/serialize.js.br /tmp/work/lib/core/serialize.js
2022/12/12 07:03:18 br /tmp/work/lib/serializr.js -> /output/serializr.js.br
2022/12/12 07:03:18 gz /tmp/work/lib/serializr.js -> /output/serializr.js.gz
2022/12/12 07:03:18 algorithm: run /usr/bin/brotli --quality=11 --output=/output/types/list.d.ts.br /tmp/work/lib/types/list.d.ts
2022/12/12 07:03:18 sri /tmp/work/lib/core/deserialize.min.js -> /output/core/deserialize.min.js.sri
2022/12/12 07:03:18 algorithm: run /usr/bin/brotli --quality=11 --output=/output/core/deserialize.min.js.br /tmp/work/lib/core/deserialize.min.js
2022/12/12 07:03:18 br /tmp/work/lib/types/list.d.ts -> /output/types/list.d.ts.br
2022/12/12 07:03:18 gz /tmp/work/lib/types/list.d.ts -> /output/types/list.d.ts.gz
2022/12/12 07:03:18 compress: run /node_modules/uglify-js/bin/uglifyjs --mangle --compress if_return=true -o /tmp/work/lib/types/list.min.js /tmp/work/lib/types/list.js
2022/12/12 07:03:18 br /tmp/work/lib/core/serialize.js -> /output/core/serialize.js.br
2022/12/12 07:03:18 gz /tmp/work/lib/core/serialize.js -> /output/core/serialize.js.gz
2022/12/12 07:03:18 algorithm: run /usr/bin/brotli --quality=11 --output=/output/types/map.d.ts.br /tmp/work/lib/types/map.d.ts
2022/12/12 07:03:18 br /tmp/work/lib/core/deserialize.min.js -> /output/core/deserialize.min.js.br
2022/12/12 07:03:18 gz /tmp/work/lib/core/deserialize.min.js -> /output/core/deserialize.min.js.gz
2022/12/12 07:03:18 sri /tmp/work/lib/core/deserialize.js -> /output/core/deserialize.js.sri
2022/12/12 07:03:18 algorithm: run /usr/bin/brotli --quality=11 --output=/output/core/deserialize.js.br /tmp/work/lib/core/deserialize.js
2022/12/12 07:03:18 br /tmp/work/lib/types/map.d.ts -> /output/types/map.d.ts.br
2022/12/12 07:03:18 gz /tmp/work/lib/types/map.d.ts -> /output/types/map.d.ts.gz
2022/12/12 07:03:19 compress: run /node_modules/uglify-js/bin/uglifyjs --mangle --compress if_return=true -o /tmp/work/lib/types/map.min.js /tmp/work/lib/types/map.js
2022/12/12 07:03:19 br /tmp/work/lib/serializr.umd.js -> /output/serializr.umd.js.br
2022/12/12 07:03:19 br /tmp/work/lib/core/deserialize.js -> /output/core/deserialize.js.br
2022/12/12 07:03:19 gz /tmp/work/lib/core/deserialize.js -> /output/core/deserialize.js.gz
2022/12/12 07:03:19 algorithm: run /usr/bin/brotli --quality=11 --output=/output/types/mapAsArray.d.ts.br /tmp/work/lib/types/mapAsArray.d.ts
2022/12/12 07:03:19 gz /tmp/work/lib/serializr.umd.js -> /output/serializr.umd.js.gz
2022/12/12 07:03:19 compress: run /node_modules/uglify-js/bin/uglifyjs --mangle --compress if_return=true -o /tmp/work/lib/types/mapAsArray.min.js /tmp/work/lib/types/mapAsArray.js
2022/12/12 07:03:19 br /tmp/work/lib/types/mapAsArray.d.ts -> /output/types/mapAsArray.d.ts.br
2022/12/12 07:03:19 gz /tmp/work/lib/types/mapAsArray.d.ts -> /output/types/mapAsArray.d.ts.gz
2022/12/12 07:03:19 algorithm: run /usr/bin/brotli --quality=11 --output=/output/types/object.d.ts.br /tmp/work/lib/types/object.d.ts
2022/12/12 07:03:19 br /tmp/work/lib/types/object.d.ts -> /output/types/object.d.ts.br
2022/12/12 07:03:19 gz /tmp/work/lib/types/object.d.ts -> /output/types/object.d.ts.gz
2022/12/12 07:03:19 compress: run /node_modules/uglify-js/bin/uglifyjs --mangle --compress if_return=true -o /tmp/work/lib/types/object.min.js /tmp/work/lib/types/object.js
2022/12/12 07:03:19 sri /tmp/work/lib/types/alias.min.js -> /output/types/alias.min.js.sri
2022/12/12 07:03:19 algorithm: run /usr/bin/brotli --quality=11 --output=/output/types/alias.min.js.br /tmp/work/lib/types/alias.min.js
2022/12/12 07:03:19 br /tmp/work/lib/types/alias.min.js -> /output/types/alias.min.js.br
2022/12/12 07:03:19 gz /tmp/work/lib/types/alias.min.js -> /output/types/alias.min.js.gz
2022/12/12 07:03:19 sri /tmp/work/lib/types/alias.js -> /output/types/alias.js.sri
2022/12/12 07:03:19 algorithm: run /usr/bin/brotli --quality=11 --output=/output/types/alias.js.br /tmp/work/lib/types/alias.js
2022/12/12 07:03:19 sri /tmp/work/lib/types/custom.min.js -> /output/types/custom.min.js.sri
2022/12/12 07:03:19 algorithm: run /usr/bin/brotli --quality=11 --output=/output/types/custom.min.js.br /tmp/work/lib/types/custom.min.js
2022/12/12 07:03:19 br /tmp/work/lib/types/alias.js -> /output/types/alias.js.br
2022/12/12 07:03:19 gz /tmp/work/lib/types/alias.js -> /output/types/alias.js.gz
2022/12/12 07:03:19 algorithm: run /usr/bin/brotli --quality=11 --output=/output/types/optional.d.ts.br /tmp/work/lib/types/optional.d.ts
2022/12/12 07:03:19 sri /tmp/work/lib/types/date.min.js -> /output/types/date.min.js.sri
2022/12/12 07:03:19 algorithm: run /usr/bin/brotli --quality=11 --output=/output/types/date.min.js.br /tmp/work/lib/types/date.min.js
2022/12/12 07:03:19 br /tmp/work/lib/types/custom.min.js -> /output/types/custom.min.js.br
2022/12/12 07:03:19 gz /tmp/work/lib/types/custom.min.js -> /output/types/custom.min.js.gz
2022/12/12 07:03:19 sri /tmp/work/lib/types/custom.js -> /output/types/custom.js.sri
2022/12/12 07:03:19 algorithm: run /usr/bin/brotli --quality=11 --output=/output/types/custom.js.br /tmp/work/lib/types/custom.js
2022/12/12 07:03:19 br /tmp/work/lib/types/optional.d.ts -> /output/types/optional.d.ts.br
2022/12/12 07:03:19 gz /tmp/work/lib/types/optional.d.ts -> /output/types/optional.d.ts.gz
2022/12/12 07:03:19 compress: run /node_modules/uglify-js/bin/uglifyjs --mangle --compress if_return=true -o /tmp/work/lib/types/optional.min.js /tmp/work/lib/types/optional.js
2022/12/12 07:03:19 br /tmp/work/lib/types/date.min.js -> /output/types/date.min.js.br
2022/12/12 07:03:19 gz /tmp/work/lib/types/date.min.js -> /output/types/date.min.js.gz
2022/12/12 07:03:19 sri /tmp/work/lib/types/date.js -> /output/types/date.js.sri
2022/12/12 07:03:19 algorithm: run /usr/bin/brotli --quality=11 --output=/output/types/date.js.br /tmp/work/lib/types/date.js
2022/12/12 07:03:19 br /tmp/work/lib/types/custom.js -> /output/types/custom.js.br
2022/12/12 07:03:19 gz /tmp/work/lib/types/custom.js -> /output/types/custom.js.gz
2022/12/12 07:03:19 algorithm: run /usr/bin/brotli --quality=11 --output=/output/types/primitive.d.ts.br /tmp/work/lib/types/primitive.d.ts
2022/12/12 07:03:19 br /tmp/work/lib/types/date.js -> /output/types/date.js.br
2022/12/12 07:03:19 gz /tmp/work/lib/types/date.js -> /output/types/date.js.gz
2022/12/12 07:03:19 compress: run /node_modules/uglify-js/bin/uglifyjs --mangle --compress if_return=true -o /tmp/work/lib/types/primitive.min.js /tmp/work/lib/types/primitive.js
2022/12/12 07:03:19 br /tmp/work/lib/types/primitive.d.ts -> /output/types/primitive.d.ts.br
2022/12/12 07:03:19 gz /tmp/work/lib/types/primitive.d.ts -> /output/types/primitive.d.ts.gz
2022/12/12 07:03:19 algorithm: run /usr/bin/brotli --quality=11 --output=/output/types/raw.d.ts.br /tmp/work/lib/types/raw.d.ts
2022/12/12 07:03:19 br /tmp/work/lib/types/raw.d.ts -> /output/types/raw.d.ts.br
2022/12/12 07:03:19 gz /tmp/work/lib/types/raw.d.ts -> /output/types/raw.d.ts.gz
2022/12/12 07:03:19 compress: run /node_modules/uglify-js/bin/uglifyjs --mangle --compress if_return=true -o /tmp/work/lib/types/raw.min.js /tmp/work/lib/types/raw.js
2022/12/12 07:03:19 sri /tmp/work/lib/types/identifier.min.js -> /output/types/identifier.min.js.sri
2022/12/12 07:03:19 algorithm: run /usr/bin/brotli --quality=11 --output=/output/types/identifier.min.js.br /tmp/work/lib/types/identifier.min.js
2022/12/12 07:03:19 br /tmp/work/lib/types/identifier.min.js -> /output/types/identifier.min.js.br
2022/12/12 07:03:19 gz /tmp/work/lib/types/identifier.min.js -> /output/types/identifier.min.js.gz
2022/12/12 07:03:19 sri /tmp/work/lib/types/identifier.js -> /output/types/identifier.js.sri
2022/12/12 07:03:19 algorithm: run /usr/bin/brotli --quality=11 --output=/output/types/identifier.js.br /tmp/work/lib/types/identifier.js
2022/12/12 07:03:19 br /tmp/work/lib/types/identifier.js -> /output/types/identifier.js.br
2022/12/12 07:03:19 gz /tmp/work/lib/types/identifier.js -> /output/types/identifier.js.gz
2022/12/12 07:03:19 algorithm: run /usr/bin/brotli --quality=11 --output=/output/types/reference.d.ts.br /tmp/work/lib/types/reference.d.ts
2022/12/12 07:03:19 br /tmp/work/lib/types/reference.d.ts -> /output/types/reference.d.ts.br
2022/12/12 07:03:19 gz /tmp/work/lib/types/reference.d.ts -> /output/types/reference.d.ts.gz
2022/12/12 07:03:19 compress: run /node_modules/uglify-js/bin/uglifyjs --mangle --compress if_return=true -o /tmp/work/lib/types/reference.min.js /tmp/work/lib/types/reference.js
2022/12/12 07:03:19 sri /tmp/work/lib/types/list.min.js -> /output/types/list.min.js.sri
2022/12/12 07:03:19 algorithm: run /usr/bin/brotli --quality=11 --output=/output/types/list.min.js.br /tmp/work/lib/types/list.min.js
2022/12/12 07:03:19 br /tmp/work/lib/types/list.min.js -> /output/types/list.min.js.br
2022/12/12 07:03:19 gz /tmp/work/lib/types/list.min.js -> /output/types/list.min.js.gz
2022/12/12 07:03:19 sri /tmp/work/lib/types/list.js -> /output/types/list.js.sri
2022/12/12 07:03:19 algorithm: run /usr/bin/brotli --quality=11 --output=/output/types/list.js.br /tmp/work/lib/types/list.js
2022/12/12 07:03:19 br /tmp/work/lib/types/list.js -> /output/types/list.js.br
2022/12/12 07:03:19 gz /tmp/work/lib/types/list.js -> /output/types/list.js.gz
2022/12/12 07:03:19 algorithm: run /usr/bin/brotli --quality=11 --output=/output/utils/invariant.d.ts.br /tmp/work/lib/utils/invariant.d.ts
2022/12/12 07:03:19 sri /tmp/work/lib/types/mapAsArray.min.js -> /output/types/mapAsArray.min.js.sri
2022/12/12 07:03:19 algorithm: run /usr/bin/brotli --quality=11 --output=/output/types/mapAsArray.min.js.br /tmp/work/lib/types/mapAsArray.min.js
2022/12/12 07:03:19 br /tmp/work/lib/utils/invariant.d.ts -> /output/utils/invariant.d.ts.br
2022/12/12 07:03:19 sri /tmp/work/lib/types/object.min.js -> /output/types/object.min.js.sri
2022/12/12 07:03:19 algorithm: run /usr/bin/brotli --quality=11 --output=/output/types/object.min.js.br /tmp/work/lib/types/object.min.js
2022/12/12 07:03:19 gz /tmp/work/lib/utils/invariant.d.ts -> /output/utils/invariant.d.ts.gz
2022/12/12 07:03:19 compress: run /node_modules/uglify-js/bin/uglifyjs --mangle --compress if_return=true -o /tmp/work/lib/utils/invariant.min.js /tmp/work/lib/utils/invariant.js
2022/12/12 07:03:19 br /tmp/work/lib/types/mapAsArray.min.js -> /output/types/mapAsArray.min.js.br
2022/12/12 07:03:19 gz /tmp/work/lib/types/mapAsArray.min.js -> /output/types/mapAsArray.min.js.gz
2022/12/12 07:03:19 sri /tmp/work/lib/types/mapAsArray.js -> /output/types/mapAsArray.js.sri
2022/12/12 07:03:19 algorithm: run /usr/bin/brotli --quality=11 --output=/output/types/mapAsArray.js.br /tmp/work/lib/types/mapAsArray.js
2022/12/12 07:03:19 br /tmp/work/lib/types/object.min.js -> /output/types/object.min.js.br
2022/12/12 07:03:19 gz /tmp/work/lib/types/object.min.js -> /output/types/object.min.js.gz
2022/12/12 07:03:19 sri /tmp/work/lib/types/object.js -> /output/types/object.js.sri
2022/12/12 07:03:19 algorithm: run /usr/bin/brotli --quality=11 --output=/output/types/object.js.br /tmp/work/lib/types/object.js
2022/12/12 07:03:19 br /tmp/work/lib/types/mapAsArray.js -> /output/types/mapAsArray.js.br
2022/12/12 07:03:19 gz /tmp/work/lib/types/mapAsArray.js -> /output/types/mapAsArray.js.gz
2022/12/12 07:03:19 algorithm: run /usr/bin/brotli --quality=11 --output=/output/utils/schemas.d.ts.br /tmp/work/lib/utils/schemas.d.ts
2022/12/12 07:03:19 sri /tmp/work/lib/types/map.min.js -> /output/types/map.min.js.sri
2022/12/12 07:03:19 algorithm: run /usr/bin/brotli --quality=11 --output=/output/types/map.min.js.br /tmp/work/lib/types/map.min.js
2022/12/12 07:03:19 br /tmp/work/lib/utils/schemas.d.ts -> /output/utils/schemas.d.ts.br
2022/12/12 07:03:19 gz /tmp/work/lib/utils/schemas.d.ts -> /output/utils/schemas.d.ts.gz
2022/12/12 07:03:19 algorithm: run /usr/bin/brotli --quality=11 --output=/output/utils/utils.d.ts.br /tmp/work/lib/utils/utils.d.ts
2022/12/12 07:03:19 br /tmp/work/lib/types/object.js -> /output/types/object.js.br
2022/12/12 07:03:19 gz /tmp/work/lib/types/object.js -> /output/types/object.js.gz
2022/12/12 07:03:19 compress: run /node_modules/uglify-js/bin/uglifyjs --mangle --compress if_return=true -o /tmp/work/lib/utils/utils.min.js /tmp/work/lib/utils/utils.js
2022/12/12 07:03:19 br /tmp/work/lib/types/map.min.js -> /output/types/map.min.js.br
2022/12/12 07:03:19 gz /tmp/work/lib/types/map.min.js -> /output/types/map.min.js.gz
2022/12/12 07:03:19 sri /tmp/work/lib/types/map.js -> /output/types/map.js.sri
2022/12/12 07:03:19 algorithm: run /usr/bin/brotli --quality=11 --output=/output/types/map.js.br /tmp/work/lib/types/map.js
2022/12/12 07:03:19 br /tmp/work/lib/utils/utils.d.ts -> /output/utils/utils.d.ts.br
2022/12/12 07:03:19 gz /tmp/work/lib/utils/utils.d.ts -> /output/utils/utils.d.ts.gz
2022/12/12 07:03:19 br /tmp/work/lib/types/map.js -> /output/types/map.js.br
2022/12/12 07:03:19 gz /tmp/work/lib/types/map.js -> /output/types/map.js.gz
2022/12/12 07:03:19 sri /tmp/work/lib/types/optional.min.js -> /output/types/optional.min.js.sri
2022/12/12 07:03:19 algorithm: run /usr/bin/brotli --quality=11 --output=/output/types/optional.min.js.br /tmp/work/lib/types/optional.min.js
2022/12/12 07:03:19 br /tmp/work/lib/types/optional.min.js -> /output/types/optional.min.js.br
2022/12/12 07:03:19 gz /tmp/work/lib/types/optional.min.js -> /output/types/optional.min.js.gz
2022/12/12 07:03:19 sri /tmp/work/lib/types/optional.js -> /output/types/optional.js.sri
2022/12/12 07:03:19 algorithm: run /usr/bin/brotli --quality=11 --output=/output/types/optional.js.br /tmp/work/lib/types/optional.js
2022/12/12 07:03:19 br /tmp/work/lib/types/optional.js -> /output/types/optional.js.br
2022/12/12 07:03:19 gz /tmp/work/lib/types/optional.js -> /output/types/optional.js.gz
2022/12/12 07:03:19 sri /tmp/work/lib/types/raw.min.js -> /output/types/raw.min.js.sri
2022/12/12 07:03:19 algorithm: run /usr/bin/brotli --quality=11 --output=/output/types/raw.min.js.br /tmp/work/lib/types/raw.min.js
2022/12/12 07:03:19 br /tmp/work/lib/types/raw.min.js -> /output/types/raw.min.js.br
2022/12/12 07:03:19 gz /tmp/work/lib/types/raw.min.js -> /output/types/raw.min.js.gz
2022/12/12 07:03:19 sri /tmp/work/lib/types/raw.js -> /output/types/raw.js.sri
2022/12/12 07:03:19 algorithm: run /usr/bin/brotli --quality=11 --output=/output/types/raw.js.br /tmp/work/lib/types/raw.js
2022/12/12 07:03:19 br /tmp/work/lib/types/raw.js -> /output/types/raw.js.br
2022/12/12 07:03:19 gz /tmp/work/lib/types/raw.js -> /output/types/raw.js.gz
2022/12/12 07:03:19 sri /tmp/work/lib/types/primitive.min.js -> /output/types/primitive.min.js.sri
2022/12/12 07:03:19 algorithm: run /usr/bin/brotli --quality=11 --output=/output/types/primitive.min.js.br /tmp/work/lib/types/primitive.min.js
2022/12/12 07:03:19 br /tmp/work/lib/types/primitive.min.js -> /output/types/primitive.min.js.br
2022/12/12 07:03:19 gz /tmp/work/lib/types/primitive.min.js -> /output/types/primitive.min.js.gz
2022/12/12 07:03:19 sri /tmp/work/lib/types/primitive.js -> /output/types/primitive.js.sri
2022/12/12 07:03:19 algorithm: run /usr/bin/brotli --quality=11 --output=/output/types/primitive.js.br /tmp/work/lib/types/primitive.js
2022/12/12 07:03:19 br /tmp/work/lib/types/primitive.js -> /output/types/primitive.js.br
2022/12/12 07:03:19 gz /tmp/work/lib/types/primitive.js -> /output/types/primitive.js.gz
2022/12/12 07:03:19 sri /tmp/work/lib/types/reference.min.js -> /output/types/reference.min.js.sri
2022/12/12 07:03:19 algorithm: run /usr/bin/brotli --quality=11 --output=/output/types/reference.min.js.br /tmp/work/lib/types/reference.min.js
2022/12/12 07:03:19 sri /tmp/work/lib/utils/invariant.min.js -> /output/utils/invariant.min.js.sri
2022/12/12 07:03:19 algorithm: run /usr/bin/brotli --quality=11 --output=/output/utils/invariant.min.js.br /tmp/work/lib/utils/invariant.min.js
2022/12/12 07:03:19 br /tmp/work/lib/utils/invariant.min.js -> /output/utils/invariant.min.js.br
2022/12/12 07:03:19 br /tmp/work/lib/types/reference.min.js -> /output/types/reference.min.js.br
2022/12/12 07:03:19 gz /tmp/work/lib/utils/invariant.min.js -> /output/utils/invariant.min.js.gz
2022/12/12 07:03:19 sri /tmp/work/lib/utils/invariant.js -> /output/utils/invariant.js.sri
2022/12/12 07:03:19 algorithm: run /usr/bin/brotli --quality=11 --output=/output/utils/invariant.js.br /tmp/work/lib/utils/invariant.js
2022/12/12 07:03:19 gz /tmp/work/lib/types/reference.min.js -> /output/types/reference.min.js.gz
2022/12/12 07:03:19 sri /tmp/work/lib/types/reference.js -> /output/types/reference.js.sri
2022/12/12 07:03:19 algorithm: run /usr/bin/brotli --quality=11 --output=/output/types/reference.js.br /tmp/work/lib/types/reference.js
2022/12/12 07:03:19 br /tmp/work/lib/utils/invariant.js -> /output/utils/invariant.js.br
2022/12/12 07:03:19 gz /tmp/work/lib/utils/invariant.js -> /output/utils/invariant.js.gz
2022/12/12 07:03:19 br /tmp/work/lib/types/reference.js -> /output/types/reference.js.br
2022/12/12 07:03:19 gz /tmp/work/lib/types/reference.js -> /output/types/reference.js.gz
2022/12/12 07:03:19 sri /tmp/work/lib/utils/utils.min.js -> /output/utils/utils.min.js.sri
2022/12/12 07:03:19 algorithm: run /usr/bin/brotli --quality=11 --output=/output/utils/utils.min.js.br /tmp/work/lib/utils/utils.min.js
2022/12/12 07:03:19 br /tmp/work/lib/utils/utils.min.js -> /output/utils/utils.min.js.br
2022/12/12 07:03:19 gz /tmp/work/lib/utils/utils.min.js -> /output/utils/utils.min.js.gz
2022/12/12 07:03:19 sri /tmp/work/lib/utils/utils.js -> /output/utils/utils.js.sri
2022/12/12 07:03:19 algorithm: run /usr/bin/brotli --quality=11 --output=/output/utils/utils.js.br /tmp/work/lib/utils/utils.js
2022/12/12 07:03:19 br /tmp/work/lib/utils/utils.js -> /output/utils/utils.js.br
2022/12/12 07:03:19 gz /tmp/work/lib/utils/utils.js -> /output/utils/utils.js.gz
2022/12/12 07:03:19 processed serializr
