config: {"authors":[{"name":"Google Inc."}],"autoupdate":{"source":"npm","target":"@fontsource/anek-latin","fileMap":[{"basePath":"","files":["*.css","files/*.@(woff|woff2)"]}],"excludeFromSearch":true},"description":"Self-host the Anek Latin font in a neatly bundled NPM package.","filename":"index.css","homepage":"https://fontsource.org/fonts/anek-latin","keywords":["fontsource","font","font family","google fonts","anek-latin","Anek Latin","css","sass","front-end","web","typeface","variable"],"license":"OFL-1.1","name":"fontsource-anek-latin","repository":{"type":"git","url":"git+https://github.com/fontsource/font-files.git"},"author":"Google Inc."}
KV keys:
- fontsource-anek-latin/5.0.14/100.css.br
- fontsource-anek-latin/5.0.14/100.css.gz
- fontsource-anek-latin/5.0.14/100.min.css.br
- fontsource-anek-latin/5.0.14/100.min.css.gz
- fontsource-anek-latin/5.0.14/200.css.br
- fontsource-anek-latin/5.0.14/200.css.gz
- fontsource-anek-latin/5.0.14/200.min.css.br
- fontsource-anek-latin/5.0.14/200.min.css.gz
- fontsource-anek-latin/5.0.14/300.css.br
- fontsource-anek-latin/5.0.14/300.css.gz
- fontsource-anek-latin/5.0.14/300.min.css.br
- fontsource-anek-latin/5.0.14/300.min.css.gz
- fontsource-anek-latin/5.0.14/400.css.br
- fontsource-anek-latin/5.0.14/400.css.gz
- fontsource-anek-latin/5.0.14/400.min.css.br
- fontsource-anek-latin/5.0.14/400.min.css.gz
- fontsource-anek-latin/5.0.14/500.css.br
- fontsource-anek-latin/5.0.14/500.css.gz
- fontsource-anek-latin/5.0.14/500.min.css.br
- fontsource-anek-latin/5.0.14/500.min.css.gz
- fontsource-anek-latin/5.0.14/600.css.br
- fontsource-anek-latin/5.0.14/600.css.gz
- fontsource-anek-latin/5.0.14/600.min.css.br
- fontsource-anek-latin/5.0.14/600.min.css.gz
- fontsource-anek-latin/5.0.14/700.css.br
- fontsource-anek-latin/5.0.14/700.css.gz
- fontsource-anek-latin/5.0.14/700.min.css.br
- fontsource-anek-latin/5.0.14/700.min.css.gz
- fontsource-anek-latin/5.0.14/800.css.br
- fontsource-anek-latin/5.0.14/800.css.gz
- fontsource-anek-latin/5.0.14/800.min.css.br
- fontsource-anek-latin/5.0.14/800.min.css.gz
- fontsource-anek-latin/5.0.14/files/anek-latin-latin-100-normal.woff.br
- fontsource-anek-latin/5.0.14/files/anek-latin-latin-100-normal.woff.gz
- fontsource-anek-latin/5.0.14/files/anek-latin-latin-100-normal.woff2
- fontsource-anek-latin/5.0.14/files/anek-latin-latin-200-normal.woff.br
- fontsource-anek-latin/5.0.14/files/anek-latin-latin-200-normal.woff.gz
- fontsource-anek-latin/5.0.14/files/anek-latin-latin-200-normal.woff2
- fontsource-anek-latin/5.0.14/files/anek-latin-latin-300-normal.woff.br
- fontsource-anek-latin/5.0.14/files/anek-latin-latin-300-normal.woff.gz
- fontsource-anek-latin/5.0.14/files/anek-latin-latin-300-normal.woff2
- fontsource-anek-latin/5.0.14/files/anek-latin-latin-400-normal.woff.br
- fontsource-anek-latin/5.0.14/files/anek-latin-latin-400-normal.woff.gz
- fontsource-anek-latin/5.0.14/files/anek-latin-latin-400-normal.woff2
- fontsource-anek-latin/5.0.14/files/anek-latin-latin-500-normal.woff.br
- fontsource-anek-latin/5.0.14/files/anek-latin-latin-500-normal.woff.gz
- fontsource-anek-latin/5.0.14/files/anek-latin-latin-500-normal.woff2
- fontsource-anek-latin/5.0.14/files/anek-latin-latin-600-normal.woff.br
- fontsource-anek-latin/5.0.14/files/anek-latin-latin-600-normal.woff.gz
- fontsource-anek-latin/5.0.14/files/anek-latin-latin-600-normal.woff2
- fontsource-anek-latin/5.0.14/files/anek-latin-latin-700-normal.woff.br
- fontsource-anek-latin/5.0.14/files/anek-latin-latin-700-normal.woff.gz
- fontsource-anek-latin/5.0.14/files/anek-latin-latin-700-normal.woff2
- fontsource-anek-latin/5.0.14/files/anek-latin-latin-800-normal.woff.br
- fontsource-anek-latin/5.0.14/files/anek-latin-latin-800-normal.woff.gz
- fontsource-anek-latin/5.0.14/files/anek-latin-latin-800-normal.woff2
- fontsource-anek-latin/5.0.14/files/anek-latin-latin-ext-100-normal.woff.br
- fontsource-anek-latin/5.0.14/files/anek-latin-latin-ext-100-normal.woff.gz
- fontsource-anek-latin/5.0.14/files/anek-latin-latin-ext-100-normal.woff2
- fontsource-anek-latin/5.0.14/files/anek-latin-latin-ext-200-normal.woff.br
- fontsource-anek-latin/5.0.14/files/anek-latin-latin-ext-200-normal.woff.gz
- fontsource-anek-latin/5.0.14/files/anek-latin-latin-ext-200-normal.woff2
- fontsource-anek-latin/5.0.14/files/anek-latin-latin-ext-300-normal.woff.br
- fontsource-anek-latin/5.0.14/files/anek-latin-latin-ext-300-normal.woff.gz
- fontsource-anek-latin/5.0.14/files/anek-latin-latin-ext-300-normal.woff2
- fontsource-anek-latin/5.0.14/files/anek-latin-latin-ext-400-normal.woff.br
- fontsource-anek-latin/5.0.14/files/anek-latin-latin-ext-400-normal.woff.gz
- fontsource-anek-latin/5.0.14/files/anek-latin-latin-ext-400-normal.woff2
- fontsource-anek-latin/5.0.14/files/anek-latin-latin-ext-500-normal.woff.br
- fontsource-anek-latin/5.0.14/files/anek-latin-latin-ext-500-normal.woff.gz
- fontsource-anek-latin/5.0.14/files/anek-latin-latin-ext-500-normal.woff2
- fontsource-anek-latin/5.0.14/files/anek-latin-latin-ext-600-normal.woff.br
- fontsource-anek-latin/5.0.14/files/anek-latin-latin-ext-600-normal.woff.gz
- fontsource-anek-latin/5.0.14/files/anek-latin-latin-ext-600-normal.woff2
- fontsource-anek-latin/5.0.14/files/anek-latin-latin-ext-700-normal.woff.br
- fontsource-anek-latin/5.0.14/files/anek-latin-latin-ext-700-normal.woff.gz
- fontsource-anek-latin/5.0.14/files/anek-latin-latin-ext-700-normal.woff2
- fontsource-anek-latin/5.0.14/files/anek-latin-latin-ext-800-normal.woff.br
- fontsource-anek-latin/5.0.14/files/anek-latin-latin-ext-800-normal.woff.gz
- fontsource-anek-latin/5.0.14/files/anek-latin-latin-ext-800-normal.woff2
- fontsource-anek-latin/5.0.14/files/anek-latin-vietnamese-100-normal.woff.br
- fontsource-anek-latin/5.0.14/files/anek-latin-vietnamese-100-normal.woff.gz
- fontsource-anek-latin/5.0.14/files/anek-latin-vietnamese-100-normal.woff2
- fontsource-anek-latin/5.0.14/files/anek-latin-vietnamese-200-normal.woff.br
- fontsource-anek-latin/5.0.14/files/anek-latin-vietnamese-200-normal.woff.gz
- fontsource-anek-latin/5.0.14/files/anek-latin-vietnamese-200-normal.woff2
- fontsource-anek-latin/5.0.14/files/anek-latin-vietnamese-300-normal.woff.br
- fontsource-anek-latin/5.0.14/files/anek-latin-vietnamese-300-normal.woff.gz
- fontsource-anek-latin/5.0.14/files/anek-latin-vietnamese-300-normal.woff2
- fontsource-anek-latin/5.0.14/files/anek-latin-vietnamese-400-normal.woff.br
- fontsource-anek-latin/5.0.14/files/anek-latin-vietnamese-400-normal.woff.gz
- fontsource-anek-latin/5.0.14/files/anek-latin-vietnamese-400-normal.woff2
- fontsource-anek-latin/5.0.14/files/anek-latin-vietnamese-500-normal.woff.br
- fontsource-anek-latin/5.0.14/files/anek-latin-vietnamese-500-normal.woff.gz
- fontsource-anek-latin/5.0.14/files/anek-latin-vietnamese-500-normal.woff2
- fontsource-anek-latin/5.0.14/files/anek-latin-vietnamese-600-normal.woff.br
- fontsource-anek-latin/5.0.14/files/anek-latin-vietnamese-600-normal.woff.gz
- fontsource-anek-latin/5.0.14/files/anek-latin-vietnamese-600-normal.woff2
- fontsource-anek-latin/5.0.14/files/anek-latin-vietnamese-700-normal.woff.br
- fontsource-anek-latin/5.0.14/files/anek-latin-vietnamese-700-normal.woff.gz
- fontsource-anek-latin/5.0.14/files/anek-latin-vietnamese-700-normal.woff2
- fontsource-anek-latin/5.0.14/files/anek-latin-vietnamese-800-normal.woff.br
- fontsource-anek-latin/5.0.14/files/anek-latin-vietnamese-800-normal.woff.gz
- fontsource-anek-latin/5.0.14/files/anek-latin-vietnamese-800-normal.woff2
- fontsource-anek-latin/5.0.14/index.css.br
- fontsource-anek-latin/5.0.14/index.css.gz
- fontsource-anek-latin/5.0.14/index.min.css.br
- fontsource-anek-latin/5.0.14/index.min.css.gz
- fontsource-anek-latin/5.0.14/latin-100.css.br
- fontsource-anek-latin/5.0.14/latin-100.css.gz
- fontsource-anek-latin/5.0.14/latin-100.min.css.br
- fontsource-anek-latin/5.0.14/latin-100.min.css.gz
- fontsource-anek-latin/5.0.14/latin-200.css.br
- fontsource-anek-latin/5.0.14/latin-200.css.gz
- fontsource-anek-latin/5.0.14/latin-200.min.css.br
- fontsource-anek-latin/5.0.14/latin-200.min.css.gz
- fontsource-anek-latin/5.0.14/latin-300.css.br
- fontsource-anek-latin/5.0.14/latin-300.css.gz
- fontsource-anek-latin/5.0.14/latin-300.min.css.br
- fontsource-anek-latin/5.0.14/latin-300.min.css.gz
- fontsource-anek-latin/5.0.14/latin-400.css.br
- fontsource-anek-latin/5.0.14/latin-400.css.gz
- fontsource-anek-latin/5.0.14/latin-400.min.css.br
- fontsource-anek-latin/5.0.14/latin-400.min.css.gz
- fontsource-anek-latin/5.0.14/latin-500.css.br
- fontsource-anek-latin/5.0.14/latin-500.css.gz
- fontsource-anek-latin/5.0.14/latin-500.min.css.br
- fontsource-anek-latin/5.0.14/latin-500.min.css.gz
- fontsource-anek-latin/5.0.14/latin-600.css.br
- fontsource-anek-latin/5.0.14/latin-600.css.gz
- fontsource-anek-latin/5.0.14/latin-600.min.css.br
- fontsource-anek-latin/5.0.14/latin-600.min.css.gz
- fontsource-anek-latin/5.0.14/latin-700.css.br
- fontsource-anek-latin/5.0.14/latin-700.css.gz
- fontsource-anek-latin/5.0.14/latin-700.min.css.br
- fontsource-anek-latin/5.0.14/latin-700.min.css.gz
- fontsource-anek-latin/5.0.14/latin-800.css.br
- fontsource-anek-latin/5.0.14/latin-800.css.gz
- fontsource-anek-latin/5.0.14/latin-800.min.css.br
- fontsource-anek-latin/5.0.14/latin-800.min.css.gz
- fontsource-anek-latin/5.0.14/latin-ext-100.css.br
- fontsource-anek-latin/5.0.14/latin-ext-100.css.gz
- fontsource-anek-latin/5.0.14/latin-ext-100.min.css.br
- fontsource-anek-latin/5.0.14/latin-ext-100.min.css.gz
- fontsource-anek-latin/5.0.14/latin-ext-200.css.br
- fontsource-anek-latin/5.0.14/latin-ext-200.css.gz
- fontsource-anek-latin/5.0.14/latin-ext-200.min.css.br
- fontsource-anek-latin/5.0.14/latin-ext-200.min.css.gz
- fontsource-anek-latin/5.0.14/latin-ext-300.css.br
- fontsource-anek-latin/5.0.14/latin-ext-300.css.gz
- fontsource-anek-latin/5.0.14/latin-ext-300.min.css.br
- fontsource-anek-latin/5.0.14/latin-ext-300.min.css.gz
- fontsource-anek-latin/5.0.14/latin-ext-400.css.br
- fontsource-anek-latin/5.0.14/latin-ext-400.css.gz
- fontsource-anek-latin/5.0.14/latin-ext-400.min.css.br
- fontsource-anek-latin/5.0.14/latin-ext-400.min.css.gz
- fontsource-anek-latin/5.0.14/latin-ext-500.css.br
- fontsource-anek-latin/5.0.14/latin-ext-500.css.gz
- fontsource-anek-latin/5.0.14/latin-ext-500.min.css.br
- fontsource-anek-latin/5.0.14/latin-ext-500.min.css.gz
- fontsource-anek-latin/5.0.14/latin-ext-600.css.br
- fontsource-anek-latin/5.0.14/latin-ext-600.css.gz
- fontsource-anek-latin/5.0.14/latin-ext-600.min.css.br
- fontsource-anek-latin/5.0.14/latin-ext-600.min.css.gz
- fontsource-anek-latin/5.0.14/latin-ext-700.css.br
- fontsource-anek-latin/5.0.14/latin-ext-700.css.gz
- fontsource-anek-latin/5.0.14/latin-ext-700.min.css.br
- fontsource-anek-latin/5.0.14/latin-ext-700.min.css.gz
- fontsource-anek-latin/5.0.14/latin-ext-800.css.br
- fontsource-anek-latin/5.0.14/latin-ext-800.css.gz
- fontsource-anek-latin/5.0.14/latin-ext-800.min.css.br
- fontsource-anek-latin/5.0.14/latin-ext-800.min.css.gz
- fontsource-anek-latin/5.0.14/latin-ext.css.br
- fontsource-anek-latin/5.0.14/latin-ext.css.gz
- fontsource-anek-latin/5.0.14/latin-ext.min.css.br
- fontsource-anek-latin/5.0.14/latin-ext.min.css.gz
- fontsource-anek-latin/5.0.14/latin.css.br
- fontsource-anek-latin/5.0.14/latin.css.gz
- fontsource-anek-latin/5.0.14/latin.min.css.br
- fontsource-anek-latin/5.0.14/latin.min.css.gz
- fontsource-anek-latin/5.0.14/vietnamese-100.css.br
- fontsource-anek-latin/5.0.14/vietnamese-100.css.gz
- fontsource-anek-latin/5.0.14/vietnamese-100.min.css.br
- fontsource-anek-latin/5.0.14/vietnamese-100.min.css.gz
- fontsource-anek-latin/5.0.14/vietnamese-200.css.br
- fontsource-anek-latin/5.0.14/vietnamese-200.css.gz
- fontsource-anek-latin/5.0.14/vietnamese-200.min.css.br
- fontsource-anek-latin/5.0.14/vietnamese-200.min.css.gz
- fontsource-anek-latin/5.0.14/vietnamese-300.css.br
- fontsource-anek-latin/5.0.14/vietnamese-300.css.gz
- fontsource-anek-latin/5.0.14/vietnamese-300.min.css.br
- fontsource-anek-latin/5.0.14/vietnamese-300.min.css.gz
- fontsource-anek-latin/5.0.14/vietnamese-400.css.br
- fontsource-anek-latin/5.0.14/vietnamese-400.css.gz
- fontsource-anek-latin/5.0.14/vietnamese-400.min.css.br
- fontsource-anek-latin/5.0.14/vietnamese-400.min.css.gz
- fontsource-anek-latin/5.0.14/vietnamese-500.css.br
- fontsource-anek-latin/5.0.14/vietnamese-500.css.gz
- fontsource-anek-latin/5.0.14/vietnamese-500.min.css.br
- fontsource-anek-latin/5.0.14/vietnamese-500.min.css.gz
- fontsource-anek-latin/5.0.14/vietnamese-600.css.br
- fontsource-anek-latin/5.0.14/vietnamese-600.css.gz
- fontsource-anek-latin/5.0.14/vietnamese-600.min.css.br
- fontsource-anek-latin/5.0.14/vietnamese-600.min.css.gz
- fontsource-anek-latin/5.0.14/vietnamese-700.css.br
- fontsource-anek-latin/5.0.14/vietnamese-700.css.gz
- fontsource-anek-latin/5.0.14/vietnamese-700.min.css.br
- fontsource-anek-latin/5.0.14/vietnamese-700.min.css.gz
- fontsource-anek-latin/5.0.14/vietnamese-800.css.br
- fontsource-anek-latin/5.0.14/vietnamese-800.css.gz
- fontsource-anek-latin/5.0.14/vietnamese-800.min.css.br
- fontsource-anek-latin/5.0.14/vietnamese-800.min.css.gz
- fontsource-anek-latin/5.0.14/vietnamese.css.br
- fontsource-anek-latin/5.0.14/vietnamese.css.gz
- fontsource-anek-latin/5.0.14/vietnamese.min.css.br
- fontsource-anek-latin/5.0.14/vietnamese.min.css.gz
SRIs:
- fontsource-anek-latin/5.0.14/vietnamese-100.css: sha512-/BnU4imrYtRT9Lcr0pbrjLGZhwcUAKCY4m2ZRtTYVQP/iotwP9xgj9mHzczVjnNnNi5mOkP/QtksYpa/JeavPQ==
- fontsource-anek-latin/5.0.14/latin-ext-600.css: sha512-mVUtXTi1zFv4PUDRawZs9WQ9ReI3OsLI43O0/6UzNv9ORrOSjypjXixxtir2Vvc13u9Z0o5g/u9R4fV6mKsEDA==
- fontsource-anek-latin/5.0.14/latin-ext.css: sha512-9SK9SZxs13icnnnA72Js9ZXGmdO6ufIC6XuoeRhFAhLJfj75jNmFK6ZcpuZ0l3xQ4jAO2ITq7VzbhCWc6D63hA==
- fontsource-anek-latin/5.0.14/latin-ext.min.css: sha512-CitT0MTX6TSXG40aeqVoznfZW7UvmFjKN1nPtWL2s36FcYM5eWnWcu3SSiku6S3meEVKPHIF6ef4yeoYL2fFfw==
- fontsource-anek-latin/5.0.14/vietnamese-800.css: sha512-EoJsifs3dlZmid0GNaUCiShleE6Ox+l/pS1kjWys0YgU+e+79CZoVBZN22I+8DeM7tuiw8WMOtjDBHzapbEKYQ==
- fontsource-anek-latin/5.0.14/latin-ext-200.css: sha512-IXYTLvHJwyI81z1UyGQT68yZAwlt8FiEQ8yB3a1f+k5O3UDF44G1VB42HPE9fllQotbox6JNBqJJ0k6tVsNl8A==
- fontsource-anek-latin/5.0.14/latin-ext-300.min.css: sha512-lyieaj0ChYG8Z+cN+2y8xwzBUE6qEU85pT5bcboiST9HWWhbWW+bXv7Y9eADDnmo1jtS2PXtSalKd/9927TgQg==
- fontsource-anek-latin/5.0.14/latin-ext-400.min.css: sha512-iKp0rytL3kIvGd4jWWDx4DCgl72oPujyH9g8stfYzNcSVUs2I79YkKNgZlNLWmahMN+0JMt/OFfI+3GhkK6WeA==
- fontsource-anek-latin/5.0.14/vietnamese-500.css: sha512-Y6Y80X0fb0i1iSgcYOWFz6sO92X3Y7BWNpRzdThXKUbhCMZXxbvXfH1omK2Gn0H5zMwgdppiFI+SatMHft9Hzg==
- fontsource-anek-latin/5.0.14/vietnamese-500.min.css: sha512-bEpH1EHlQyhh37lLtEie+APcsBPeThD6c2zqTUeCxYaNi1O6k4PBsuraEBscBVJAvWS+OZU6b6HL9RTb1J4kvA==
- fontsource-anek-latin/5.0.14/200.min.css: sha512-sSGUJ5ycRm11RgwfgQu2tD5rDIFPP//pwOyuMPVfo8nNN+FsvurNM2zPL/wEzP2l57NIf9Txw7P3DOjMrxlqLQ==
- fontsource-anek-latin/5.0.14/latin-400.min.css: sha512-xa1jn9c/JiIWJYDMpZpshG9E5HAFc3OX7TDawRqAZjfRvJVgYXKvrYHdQPoFgZtBjKE0R1URTQvV2kJbC/EKvw==
- fontsource-anek-latin/5.0.14/latin-600.min.css: sha512-G5wXVo3niwLTeEyh3+uiDrzIgHwaYgGByYZ1TnzWM+ITq5fYUXcMf+FFhkF3no7MWV8wlf+CIuT2Xn2y/Wscfw==
- fontsource-anek-latin/5.0.14/700.css: sha512-hNlvpFg5yRm+6GnVkq7cFTjV/Be/W2blWjCzSUiu63Q624pU5OUOdi+6RKU/Is9Ajq+6Oa9gfu3bEAzWaQ6uEw==
- fontsource-anek-latin/5.0.14/latin-200.min.css: sha512-j98iDyGO/psoM3IJVl5092qxuV8xFMnAfJnga+YWLPjeD05a8lcj3xIBOzm883VznLKhRpmbWemEoSkXmBxwjg==
- fontsource-anek-latin/5.0.14/vietnamese-200.css: sha512-YlXoJiuK5vYyCBWHI9v3JBNkpo+BXpE92aCzfZyF580m3klU2cm2RysxH3S+ZBF99cErqsm6G9eaRaxpTOkNpw==
- fontsource-anek-latin/5.0.14/400.min.css: sha512-DZr9bjQZjfrU6u4+ati1eGrmu2I8wrF9mvE+WJV0btBO3GESEDAiMiwezYqlrw7dj8hZz2etQOKRyPndxJv3lQ==
- fontsource-anek-latin/5.0.14/latin-100.min.css: sha512-M1unp6qKHUZCRWAZCt2UKd0jHUEHeBiiN8ktffZeayhU3UNKayLGxfvK4XYwjwrg7/SSPsVJr+XR3o6iHT+t7Q==
- fontsource-anek-latin/5.0.14/latin-ext-200.min.css: sha512-+HFScObfAD/Q9Uljm79NRmE18sIC0k5hv86HCLwou9rORlngIM6HoVy6UtSIS9HK5NJJcYbaXO9KkqHTKe6SsA==
- fontsource-anek-latin/5.0.14/vietnamese-700.css: sha512-tAku5JuRlyFQkIpmQNiQjlYB3/gNqKorjvyTVlnw0CYgGxNhrmibpB8UV9vZ8+wW/K+7H94LKMyqPqTpkdCX1A==
- fontsource-anek-latin/5.0.14/latin-300.css: sha512-nRdJESPiuUT5bZhJMM8N+urKndemOp7KwxkUBWje2Y5PhuEyLngytH7CQlN9muLzXJGHyiNGzISJOcL3Oo9wOg==
- fontsource-anek-latin/5.0.14/latin-500.css: sha512-acL1yVGrfDvBlr6mDvGdXcRlT2bn6SFBsbYDM+hdkHLksowjlRakkxeWfitnM40gX6SwsZwNLdmeaHncnoDoDA==
- fontsource-anek-latin/5.0.14/latin-800.min.css: sha512-Z67Y34Wv9mwlNFGFn+e9zMkrggkzvpDxsXG1REQyHirN5vj3pU0MnzDXP+7kwJWFhNGXSATjFQ3+6yIgi38slA==
- fontsource-anek-latin/5.0.14/vietnamese-600.min.css: sha512-MxTtQOUzaqDJ8hN3/+EDgmmRt8ESCKRY/EsAl4GftSDd8Ozwcx52FIbdQwr8AZdK8C5oPu9Auiz0aJIb+v/WCw==
- fontsource-anek-latin/5.0.14/vietnamese-800.min.css: sha512-qxduxswl/05aBn0koNYI/hvAVFvNJ5Bzj8q2o9wCaZYQZS34YJOtggwctpyeUw+aeUEgnbjPTV9M4NzeoHYmlA==
- fontsource-anek-latin/5.0.14/vietnamese.css: sha512-UiP0vAGLToVGmOWICNnpffalbnRHy/jG9Mt7HYvlIkuNQhi/XO5l0ClmpA9M/hYPiFI2wyrXg89kzBWXmlhS9Q==
- fontsource-anek-latin/5.0.14/800.css: sha512-XZW1ND2OyF7F68DrSGhSvmAnYcI2jO3MfzqoQIuyBdVJoYGxx3pw0JFBNnby4f8cUv3EoNBJ7luUVPBHXhW5Qg==
- fontsource-anek-latin/5.0.14/index.css: sha512-31RKn95YxWGtR69IhyZle2OoUAfj9ZTwoqtWOpSS4iDjt7L+7K1ndQfKrMEx+nY+vbZ/4sbhfexSByxo/KgVuw==
- fontsource-anek-latin/5.0.14/latin-500.min.css: sha512-rDYW27nyMKBZGHMbY6JnSdYeRPd02+Jpu+7hJ1AemyfzFbjPy7R8f7Ck/S//7OSECmYF3jxiYfd2T3rsOx8osw==
- fontsource-anek-latin/5.0.14/latin-700.css: sha512-KQ+wQpv2uJeMif9/mRxyV1XL9Sr/iAmp3PsuFABe8valITAh0y5mU4wASwPhfHJIlcukcgpfKTtlaDrA11hXjQ==
- fontsource-anek-latin/5.0.14/300.css: sha512-dBrz7/rBk1Iy0FB2AXSRkGcC+z30OD90iVwJb5R6ByhpIDcgov31DVF6cVYj4A9Sdx0ng3cJbZoC6LeDaRtW7w==
- fontsource-anek-latin/5.0.14/latin-200.css: sha512-5tEwEXn5mj4bTtYIxz1R+N/sHVyW8RrjkkL7s4qkP0mr2a5afuk2Z/jhjDw8RaSRirukOEUh9oTLPJwAqxW30w==
- fontsource-anek-latin/5.0.14/latin-300.min.css: sha512-srZsKZTW3X0S5uD0u5DYDuRi7/U2UjHFZIvO+4/YTaZBwuwx7Zvi8GtsE7YIg9C1Ty9dJavhygJjaOsQZ5o2GA==
- fontsource-anek-latin/5.0.14/latin-ext-300.css: sha512-qLJn/4QXDhIsL0WUbIQjjJY4sPs+nVXRFkgXxZxfFckOaosdrf8kj5S/LYvgG2T8Z4G77GXvA9RZfenjCTdvvw==
- fontsource-anek-latin/5.0.14/400.css: sha512-31RKn95YxWGtR69IhyZle2OoUAfj9ZTwoqtWOpSS4iDjt7L+7K1ndQfKrMEx+nY+vbZ/4sbhfexSByxo/KgVuw==
- fontsource-anek-latin/5.0.14/700.min.css: sha512-Ia7MiRoTv/3PZW3k/eH6xI3FmN9fu5cLew425Py7P7FV5oaPz1pJKKDB1PuDR2oz/0UG/GGPM95p7OsVw5pQMg==
- fontsource-anek-latin/5.0.14/latin-400.css: sha512-xOGvurZzQ7GatZSEA9I+AXQ1oVWIMV3nwnCDMhQUOyFmdE+INcZq/5+9EOpcQL9OgCS+MBBhQIH7tmihBkBcHQ==
- fontsource-anek-latin/5.0.14/vietnamese.min.css: sha512-aI9uFT4jiLPFzsIP0lpIbqkn8arYVlqNtLNLWFgNADD56e8LwW1LNtXgcPA9wvPFRR6jCuWHrvrv4CI6y7M6iw==
- fontsource-anek-latin/5.0.14/200.css: sha512-cBVk3OG7ugUDkWImD+CHzOoFlbvNwqQU5ht05rl8SrsUi/p8ghg+IgGrsQ6DTBuVeNlqcnSHxdiFEdTWoRT9lA==
- fontsource-anek-latin/5.0.14/latin-600.css: sha512-qI49OW0Xt+CsovEvUb4iTlivEq1WIeAJPc7qx2Ah+2wX5j525qPlcG8mdzR4Gk1sl4H7s8aN7EAfG8DxYj9psA==
- fontsource-anek-latin/5.0.14/vietnamese-400.css: sha512-g0gsnrnngTKiwYOfqyn/JESzynZgKoCC1CfUQKHS/sQNbEnlli8X8K0/ZYKt8QgzY/8DUipvePPXHy2L+GKRkQ==
- fontsource-anek-latin/5.0.14/vietnamese-600.css: sha512-iclj5zu/uW6Ofdzi24xDBb1rIBoOJDhzeT3XSog9zsgOz7+q49l9X8ftk8gSxk9spAPBDdhGZsMEOKxk2jINUw==
- fontsource-anek-latin/5.0.14/latin-700.min.css: sha512-2ORSAlvu1dxMl1NDDqqq8m2yzL4ETizCcblxB2FYcHLlvt1NB5ud/D+M1hRdBVr5tdAsmUg9rbD8xr97HTMF9g==
- fontsource-anek-latin/5.0.14/latin-ext-600.min.css: sha512-m3vgTadCyH8InBXEMhhkIo/C9/UakZwn5pGlC/qS3RET/Oc3a+CLkgZCjo4oIKzDMCwKpQkHokw7QITdaqOreA==
- fontsource-anek-latin/5.0.14/latin-ext-700.min.css: sha512-GzGuhmkGu43BK0PacZBbUSbaXflEzd+E7cGWMBzsMir44sOkrS/y0+pG3NUKrY0WBSXfzcSirZlVb+wIwrsy8w==
- fontsource-anek-latin/5.0.14/latin-100.css: sha512-v3e1I8Wn7mk4JZ3IruZRzdx+rw4WjM5ng/JRlSMzZ51Po98FNOhGtidhSa0kzc53YkaZcZBmPnWFNKMGA32r2w==
- fontsource-anek-latin/5.0.14/latin-ext-500.css: sha512-Zf3+EBDTf+f0cVvycfYxCns7l50qgyKsqxb4RvQfLlnGC5ixi7l1CaNr44buxooqz3TQeMHV2nyasXptOmWEIQ==
- fontsource-anek-latin/5.0.14/latin-ext-700.css: sha512-LujYqaV6pqXmHnABGqyqhe9aD+8orOPTVablvDPKThX1TVxThx6hnjNtPI5wINMZVpKU3FsL0pFeX9f73J/QVA==
- fontsource-anek-latin/5.0.14/latin-ext-800.css: sha512-8KNtOKGNNx3FyNLGPmbbAdrsRebNmaRWe6F8kc9PVirqp+goNfT9cEEAy2kKkKVZggfh1lK1NivdDZVukV8a0A==
- fontsource-anek-latin/5.0.14/latin.css: sha512-KO18oJXcQmQm3dc2D2x5sLo4HL65vGkae0VUc85yPLjov0jQpM+LqipLtTPtmoHoGCOVmJxvcl2Ljpeu5a/Bmg==
- fontsource-anek-latin/5.0.14/100.min.css: sha512-m+lhlYEGFmuMBPYiW0huNRpjZxzRRCqjJWx2QiW+uBLrmzKONj7nak+e5v+wpv1hROUheBun0sI1O4Q97Wt1RQ==
- fontsource-anek-latin/5.0.14/300.min.css: sha512-xMVaroFNmBuayL0paWuGJXk+JHqalDOpiMo80Ky+j3CCKWuXinWi9PvJL1zNtfhIxoYm0rnMECxHi7k9YdUBxQ==
- fontsource-anek-latin/5.0.14/800.min.css: sha512-AkciBQyEoQkyTLtIH5Ym4aoIlS9yose8aHGBafdNfsuJwym0YhZDCt41tYWJBDAyxwYOcQnptxl/yAwS95rDew==
- fontsource-anek-latin/5.0.14/vietnamese-300.css: sha512-ZNAYF/39DchRuJidLzr7vATiUrL8+6OM90rqlzkD/0SNS1Qc/kGkUkRcEDkRCyKUqyVVcljO70fGjp3Ci4D9Ww==
- fontsource-anek-latin/5.0.14/vietnamese-400.min.css: sha512-dsNciwM7iRsUz0vBefOO8OywAHbSWtMVSIKkoJmzhp+otDQ2wvh+BrPsQP2upgE4QXmfZXCCQCWo5oB9mYZkQw==
- fontsource-anek-latin/5.0.14/vietnamese-700.min.css: sha512-rwVUrPjIVjSxnK19M5u1gPARAv9RyOXvv/8ut4ylEBPdJQl2UR7T1im4Uccvj0JqiueqhAitMPqq0+lG90Ut6g==
- fontsource-anek-latin/5.0.14/vietnamese-300.min.css: sha512-E0tHGKBBHQSJn3oR1TYHNweseSaJFsvTVmptUNO2VQs+mMw1TSqESSpI7oVsnxwSAR/3f+usruxfHXG/HVUQ0w==
- fontsource-anek-latin/5.0.14/500.min.css: sha512-b5uVqanxerOS9ooDhBHtULydFitzE3VPG8vwqboMq4BLZyBye2KXBAZID5mhrSDEx45TyT7FKtKs8k+Dhi29rA==
- fontsource-anek-latin/5.0.14/600.css: sha512-4OQV8VQ1QYKpcci3zfl5GJlPHPY/iu7lMsZzKhp+xYcjs8x+lJEH4fxz3mWQFburZ+YTocw2hrNEGgBGmeVAgg==
- fontsource-anek-latin/5.0.14/vietnamese-100.min.css: sha512-OMfvYwYi2LXcq/i9lql5j/7rONX+wslQKHttsD0oDtKQGshIGFagfbWuVAfnKXx45YCmGF097bsd8uRE20eSvg==
- fontsource-anek-latin/5.0.14/latin-ext-400.css: sha512-RfpOeLWBy/WAfPt9r4vhfuHIIaFLb3463kASho12ir7uMIKNhU8JtXKCfNgcer4cuwU1hrA3oz8JLVyNDPwntg==
- fontsource-anek-latin/5.0.14/latin-ext-500.min.css: sha512-sFD09vF1RIL7jYTOaKT2H2yztQFBMmykEnDYQT9fBNakgPc4DsuYXQ1CdrOdwOJOCck8XReDhZX1PXQ1+AQx8w==
- fontsource-anek-latin/5.0.14/latin-ext-800.min.css: sha512-p0c9T+c8tYzVgwQUmo87nwahEQz8GwqNO4SUbMfruZ1VW+I3y8rKonurNKtPB2q0DPKmCcPKjaoMm0Lq87GlbQ==
- fontsource-anek-latin/5.0.14/100.css: sha512-Nd3lX2E26cNhaqKHgJOOcdP/a3cTsEe8cCNRQBi8Ht96CqACc/aOiBCL61L+cqm9ynvQo4VIjl118hqXmBqfdw==
- fontsource-anek-latin/5.0.14/500.css: sha512-eYuf8/Ccqc24FyZCB5eaGBJDuWknPQszd2VPjYsLeFbns2w87MNw9wkzLbvU4285mG8OjPHJsDh98eGj3+IcTg==
- fontsource-anek-latin/5.0.14/latin-ext-100.css: sha512-CadiyTWo9HWkoYXL4xndBSo8olZRf5YhxxRhzcFkLfxMhPwZpYc2o0CaC3Lk3ByvExWTgDXRNqFWjwOk+mABUQ==
- fontsource-anek-latin/5.0.14/latin-ext-100.min.css: sha512-rr5Gd5r6BD46CaRuxLCD+xKUvDOkcrr21HLy1uAXZOX83z3XDLW220bWfGOWVxJgSHM4O1ITuZRm/7ZuDhRSgQ==
- fontsource-anek-latin/5.0.14/latin.min.css: sha512-bxPTI46rvarsT+Ff5W6CnEOjJ5F3Vpp34ljGw3v5tuPdFJ/Ss/U1WSjvDJVuSsicGNqa8uWUwsv8XXhn+GvuQw==
- fontsource-anek-latin/5.0.14/vietnamese-200.min.css: sha512-uynUQZv8ApLiAOEbGL0w0lPiX5U8PwrpNZ7Qtb9OFoAS4PWQfXRA8mz7AyjpXIlCSRGG/SD/tBqEzdi4qIMsFg==
- fontsource-anek-latin/5.0.14/600.min.css: sha512-eYm23j9Pw/3ncsvdinbDQKoe4LlXURgWJmPv1H0yedHd/Q9Se8jZkhW/kCdPEmjcsrtG2X9yPbGLfIzyh1/00A==
- fontsource-anek-latin/5.0.14/index.min.css: sha512-DZr9bjQZjfrU6u4+ati1eGrmu2I8wrF9mvE+WJV0btBO3GESEDAiMiwezYqlrw7dj8hZz2etQOKRyPndxJv3lQ==
- fontsource-anek-latin/5.0.14/latin-800.css: sha512-aDDWt01KjiGyzWQqLZseY2hMmQjgxSbRM1O5ysj97XyJ81wujVTcz+/9QlQp6ZcVF3IjvqcFw6jLXAOeK5a7rQ==
