config: {"authors":[{"name":"Caleb Porzio"}],"autoupdate":{"source":"npm","target":"@alpinejs/ui","fileMap":[{"basePath":"dist","files":["*.js"]}]},"description":"A rugged, minimal framework for composing JavaScript behavior in your markup.","filename":"cdn.js","homepage":"https://alpinejs.dev/components","keywords":["framework","reactive","declarative","plugin"],"license":"MIT","name":"alpinejs-ui","repository":{"type":"git","url":"git://github.com/alpinejs/alpine.git"},"author":"Caleb Porzio"}
KV keys:
- alpinejs-ui/3.13.4-beta.0/cdn.js.br
- alpinejs-ui/3.13.4-beta.0/cdn.js.gz
- alpinejs-ui/3.13.4-beta.0/cdn.min.js.br
- alpinejs-ui/3.13.4-beta.0/cdn.min.js.gz
- alpinejs-ui/3.13.4-beta.0/module.cjs.js.br
- alpinejs-ui/3.13.4-beta.0/module.cjs.js.gz
- alpinejs-ui/3.13.4-beta.0/module.cjs.min.js.br
- alpinejs-ui/3.13.4-beta.0/module.cjs.min.js.gz
- alpinejs-ui/3.13.4-beta.0/module.esm.js.br
- alpinejs-ui/3.13.4-beta.0/module.esm.js.gz
- alpinejs-ui/3.13.4-beta.0/module.esm.min.js.br
- alpinejs-ui/3.13.4-beta.0/module.esm.min.js.gz
SRIs:
- alpinejs-ui/3.13.4-beta.0/module.cjs.min.js: sha512-4iWjFRA/NKf/mBsPyxt6rGI2JBvA1nn8UXxkmZPaY4IQJhM4hRICSYv31LoEZyeiPUQGCNHo/dNQFDlIC7jMfw==
- alpinejs-ui/3.13.4-beta.0/module.esm.js: sha512-0lkKLn1UbMNPyBsQBTM8P7oXMCt6R7sT1Z0U8FCoQn+D+qHYbxEsLzC5IjUqHZeurzMbpanmfWxwYyKzDFAW5Q==
- alpinejs-ui/3.13.4-beta.0/module.esm.min.js: sha512-Wg/XORPTmz+SD0wGAlrQTrXbLERoXXEF2O+OUy83RKMi7hBcvbZA1F90Ex7KpAO3tKDoIzfwNms/0ih4hWz0MQ==
- alpinejs-ui/3.13.4-beta.0/cdn.js: sha512-xJ1rcJE6rV8SuNQke9ckPwlGO1BKPMNdIr7EKp2tcJ7hcxCNbk8GAmDXPTAmTuEzCfMwAh3IBZvNlFsAXDJfZA==
- alpinejs-ui/3.13.4-beta.0/cdn.min.js: sha512-bG6HEWShGaevWsEIckgabzBqEcsQqlAvyHRUxfNrI+z1S09UvCLEmHQA3v/TH8CtdL2pzxtoCMKyo72GqyWZtA==
- alpinejs-ui/3.13.4-beta.0/module.cjs.js: sha512-q+mJ/MkAoXlAvfPSiTgzl3CFEjENcOxaRcYMi4f30pqXXanAeAaJgwyyVIVqSzAxmEnadHr8UTZJB1Ybej3vtw==
