Files:
- fontsource-yakuhanjps/5.0.7/100.css.br
- fontsource-yakuhanjps/5.0.7/100.min.css.br
- fontsource-yakuhanjps/5.0.7/200.css.br
- fontsource-yakuhanjps/5.0.7/200.min.css.br
- fontsource-yakuhanjps/5.0.7/300.css.br
- fontsource-yakuhanjps/5.0.7/300.min.css.br
- fontsource-yakuhanjps/5.0.7/400.css.br
- fontsource-yakuhanjps/5.0.7/400.min.css.br
- fontsource-yakuhanjps/5.0.7/500.css.br
- fontsource-yakuhanjps/5.0.7/500.min.css.br
- fontsource-yakuhanjps/5.0.7/700.css.br
- fontsource-yakuhanjps/5.0.7/700.min.css.br
- fontsource-yakuhanjps/5.0.7/900.css.br
- fontsource-yakuhanjps/5.0.7/900.min.css.br
- fontsource-yakuhanjps/5.0.7/files/yakuhanjps-latin-100-normal.woff.br
- fontsource-yakuhanjps/5.0.7/files/yakuhanjps-latin-200-normal.woff.br
- fontsource-yakuhanjps/5.0.7/files/yakuhanjps-latin-300-normal.woff.br
- fontsource-yakuhanjps/5.0.7/files/yakuhanjps-latin-400-normal.woff.br
- fontsource-yakuhanjps/5.0.7/files/yakuhanjps-latin-500-normal.woff.br
- fontsource-yakuhanjps/5.0.7/files/yakuhanjps-latin-700-normal.woff.br
- fontsource-yakuhanjps/5.0.7/files/yakuhanjps-latin-900-normal.woff.br
- fontsource-yakuhanjps/5.0.7/index.css.br
- fontsource-yakuhanjps/5.0.7/index.min.css.br
- fontsource-yakuhanjps/5.0.7/latin-100.css.br
- fontsource-yakuhanjps/5.0.7/latin-100.min.css.br
- fontsource-yakuhanjps/5.0.7/latin-200.css.br
- fontsource-yakuhanjps/5.0.7/latin-200.min.css.br
- fontsource-yakuhanjps/5.0.7/latin-300.css.br
- fontsource-yakuhanjps/5.0.7/latin-300.min.css.br
- fontsource-yakuhanjps/5.0.7/latin-400.css.br
- fontsource-yakuhanjps/5.0.7/latin-400.min.css.br
- fontsource-yakuhanjps/5.0.7/latin-500.css.br
- fontsource-yakuhanjps/5.0.7/latin-500.min.css.br
- fontsource-yakuhanjps/5.0.7/latin-700.css.br
- fontsource-yakuhanjps/5.0.7/latin-700.min.css.br
- fontsource-yakuhanjps/5.0.7/latin-900.css.br
- fontsource-yakuhanjps/5.0.7/latin-900.min.css.br
- fontsource-yakuhanjps/5.0.7/latin.css.br
- fontsource-yakuhanjps/5.0.7/latin.min.css.br
