config: {"autoupdate":{"source":"npm","target":"@bokeh/bokehjs","fileMap":[{"basePath":"build/js","files":["bokeh*.!(json)"]},{"basePath":"build/css","files":["bokeh*"]}],"ignoreVersions":["1.3.2-dev2"]},"description":"Interactive, novel data visualization","filename":"bokeh.min.js","homepage":"https://docs.bokeh.org/en/latest/","keywords":["bokeh","datavis","dataviz","visualization","plotting","plot","graph"],"license":"BSD-3-Clause","name":"bokeh","repository":{"type":"git","url":"git://github.com/bokeh/bokeh.git"}}
KV keys:
- bokeh/2.4.3-rc.1/bokeh-api.esm.min.js.br
- bokeh/2.4.3-rc.1/bokeh-api.esm.min.js.gz
- bokeh/2.4.3-rc.1/bokeh-api.legacy.min.js.br
- bokeh/2.4.3-rc.1/bokeh-api.legacy.min.js.gz
- bokeh/2.4.3-rc.1/bokeh-api.min.js.br
- bokeh/2.4.3-rc.1/bokeh-api.min.js.gz
- bokeh/2.4.3-rc.1/bokeh-gl.esm.min.js.br
- bokeh/2.4.3-rc.1/bokeh-gl.esm.min.js.gz
- bokeh/2.4.3-rc.1/bokeh-gl.legacy.min.js.br
- bokeh/2.4.3-rc.1/bokeh-gl.legacy.min.js.gz
- bokeh/2.4.3-rc.1/bokeh-gl.min.js.br
- bokeh/2.4.3-rc.1/bokeh-gl.min.js.gz
- bokeh/2.4.3-rc.1/bokeh-mathjax.esm.min.js.br
- bokeh/2.4.3-rc.1/bokeh-mathjax.esm.min.js.gz
- bokeh/2.4.3-rc.1/bokeh-mathjax.legacy.min.js.br
- bokeh/2.4.3-rc.1/bokeh-mathjax.legacy.min.js.gz
- bokeh/2.4.3-rc.1/bokeh-mathjax.min.js.br
- bokeh/2.4.3-rc.1/bokeh-mathjax.min.js.gz
- bokeh/2.4.3-rc.1/bokeh-tables.esm.min.js.br
- bokeh/2.4.3-rc.1/bokeh-tables.esm.min.js.gz
- bokeh/2.4.3-rc.1/bokeh-tables.legacy.min.js.br
- bokeh/2.4.3-rc.1/bokeh-tables.legacy.min.js.gz
- bokeh/2.4.3-rc.1/bokeh-tables.min.js.br
- bokeh/2.4.3-rc.1/bokeh-tables.min.js.gz
- bokeh/2.4.3-rc.1/bokeh-widgets.esm.min.js.br
- bokeh/2.4.3-rc.1/bokeh-widgets.esm.min.js.gz
- bokeh/2.4.3-rc.1/bokeh-widgets.legacy.min.js.br
- bokeh/2.4.3-rc.1/bokeh-widgets.legacy.min.js.gz
- bokeh/2.4.3-rc.1/bokeh-widgets.min.js.br
- bokeh/2.4.3-rc.1/bokeh-widgets.min.js.gz
- bokeh/2.4.3-rc.1/bokeh.esm.min.js.br
- bokeh/2.4.3-rc.1/bokeh.esm.min.js.gz
- bokeh/2.4.3-rc.1/bokeh.legacy.min.js.br
- bokeh/2.4.3-rc.1/bokeh.legacy.min.js.gz
- bokeh/2.4.3-rc.1/bokeh.min.js.br
- bokeh/2.4.3-rc.1/bokeh.min.js.gz
SRIs:
- bokeh/2.4.3-rc.1/bokeh-gl.min.js: sha512-mLHaKHjW/+4uAqwNSWXGZYiN1JN/Zw0i4ip+BoHKtRVuhah7iOyqEh7jO7QxsApHkVlUpOy0rScK7tauAupoDg==
- bokeh/2.4.3-rc.1/bokeh-mathjax.esm.min.js: sha512-6e+7AfKMF7MBASlbY8H7TsJOwIsx1AoNNHy+D9x3gy1IJ9cxPW0T9PwhkM+1ENgrmpvahJ158NF0MWBaMPWdsw==
- bokeh/2.4.3-rc.1/bokeh-mathjax.legacy.min.js: sha512-BAECxcvPAgV9tLjHkpid7ktKnGTdKnort/lmTw/qUzTEqEm+4bFsSgghIdmH0Qhfz/ALrecI6+4IKWIIKsqCYA==
- bokeh/2.4.3-rc.1/bokeh.legacy.min.js: sha512-+g6fv7aKnVPZKv8uQApxUVKFOOG2yu7pRsnmzZclUpA0dB7vbEH/diUNof7+0TDs9mmgwks/ojmQ9r2BlEaI0A==
- bokeh/2.4.3-rc.1/bokeh.min.js: sha512-98wVFAUEWkSQ66nGDAnOTUNEWF4OP1M2qLFDIuHA4xO3QFMSgleUmQR19ofj3yTQe4s49xRR4KdQ/IZWFOmzTg==
- bokeh/2.4.3-rc.1/bokeh-api.esm.min.js: sha512-pigxGfMWSF2krggGmiN6R/jhXoG20zn0OQ/qrRdJHkZtUmiZXfJoFa8b9ru+Qc2VBC3pHLJ+KtI1sG9VDHLLrg==
- bokeh/2.4.3-rc.1/bokeh-gl.esm.min.js: sha512-v4GmVDwQnE3U/dbdAi8mg5xzsMcFcOsbVuYBkxyzneOhOzDxrkVieYLAkl2j2LkV9yD4LZDuiuW6U28GjltFnw==
- bokeh/2.4.3-rc.1/bokeh-tables.esm.min.js: sha512-NZ15QqfOnR+4fDFIx/qEyWUA5lN3ugj0dkL6V6EtxzUiAKmPdG+1ifgzM3vPXANfVcY2FKbmJz7MOy5hUOxZaQ==
- bokeh/2.4.3-rc.1/bokeh-tables.legacy.min.js: sha512-ZtDqz7Lwos1DrK4IMeKk3UpMnocJrbBopp0DqgbdZvfnPLO5tb2K1Vdb4UK7PATwxGAJFUWIFrcZ26PHRoZb7g==
- bokeh/2.4.3-rc.1/bokeh-widgets.esm.min.js: sha512-TBY7pXU1JZAmu//orv+4bK9wzI83CgKqnPURDRX3ZbmJGP5acFsR6T+OE8lrCqvnuHPFQ7YMssVbmSU7y5s5lQ==
- bokeh/2.4.3-rc.1/bokeh-api.min.js: sha512-U2hCCLKzB+pgHQ+6BfbJOd686FkVVWbm8Tf3hjzUDfMUyyQTbUrL1Z70cXJMXZkPGeM0LqTrIUkcsb9Cvdb8bw==
- bokeh/2.4.3-rc.1/bokeh-widgets.legacy.min.js: sha512-oObp/51K2b1cV/VrU6oNSc6++ixr/1sGnwMmHP1GWUKOJxe2kW7LcN2L+OSOFg1Fe91QXgvswxVX8Q34YIubpQ==
- bokeh/2.4.3-rc.1/bokeh-widgets.min.js: sha512-itAp44gzr8ntKkdjaDwZylL5ac/Hxd3hhawnH56uuQpve5CJs7ia7NAiyk30QpQxXhTlvo8E3Nv2QDSNEAI8HA==
- bokeh/2.4.3-rc.1/bokeh.esm.min.js: sha512-iEjy8UJLhgC1f6xPM3XIvTxngwTxtbKzgaavZ3nQvTeH+zmCRqzOdQQEksbDzMwfn+4T2s6BV9Qpgp2p2EqKHg==
- bokeh/2.4.3-rc.1/bokeh-api.legacy.min.js: sha512-UXtGVDJ+QkBBiL9hd2xKBu/6AvPITiXbHCwNLPoGN40LL7jeA7AO6yQkeUx+UcwadfvTsSHRt5vh3rg1llYuuA==
- bokeh/2.4.3-rc.1/bokeh-gl.legacy.min.js: sha512-m4kEPvlr0xgjx5m96jILEVhOGG6mXrCogdAlBQyO2XxgV7hKlsmkmNbKXIq0d/CdEzI0ruFtqwxbCzU7USga2g==
- bokeh/2.4.3-rc.1/bokeh-mathjax.min.js: sha512-UOB5KVKF6IRdOPWITLnLAKE9xCHiAkJ5kOghtMzalxNw9SfOH9wfmH0RDMDNVypxbCoUzs+butp02QzN8tCGaQ==
- bokeh/2.4.3-rc.1/bokeh-tables.min.js: sha512-hM42BqdOMs3t0FOe83hd4wwGvPle/6MYDwy1A0TG6cqcqz1Qh+PcenfGA1qJUeV4EjiWEi8z2TnxL+FGbtws3Q==
