Files:
- fontsource-ruslan-display/5.0.11/400.css.gz
- fontsource-ruslan-display/5.0.11/400.min.css.gz
- fontsource-ruslan-display/5.0.11/cyrillic-400.css.gz
- fontsource-ruslan-display/5.0.11/cyrillic-400.min.css.gz
- fontsource-ruslan-display/5.0.11/cyrillic.css.gz
- fontsource-ruslan-display/5.0.11/cyrillic.min.css.gz
- fontsource-ruslan-display/5.0.11/files/ruslan-display-cyrillic-400-normal.woff.gz
- fontsource-ruslan-display/5.0.11/files/ruslan-display-latin-400-normal.woff.gz
- fontsource-ruslan-display/5.0.11/files/ruslan-display-latin-ext-400-normal.woff.gz
- fontsource-ruslan-display/5.0.11/index.css.gz
- fontsource-ruslan-display/5.0.11/index.min.css.gz
- fontsource-ruslan-display/5.0.11/latin-400.css.gz
- fontsource-ruslan-display/5.0.11/latin-400.min.css.gz
- fontsource-ruslan-display/5.0.11/latin-ext-400.css.gz
- fontsource-ruslan-display/5.0.11/latin-ext-400.min.css.gz
- fontsource-ruslan-display/5.0.11/latin-ext.css.gz
- fontsource-ruslan-display/5.0.11/latin-ext.min.css.gz
- fontsource-ruslan-display/5.0.11/latin.css.gz
- fontsource-ruslan-display/5.0.11/latin.min.css.gz
