config: {"authors":[{"name":"Vladimir Gorej","email":"vladimir.gorej@gmail.com","url":"https://www.linkedin.com/in/vladimirgorej/"}],"autoupdate":{"source":"npm","target":"ramda-adjunct","fileMap":[{"basePath":"dist","files":["*.js"]}]},"description":"Ramda Adjunct is the most popular and most comprehensive set of utilities for use with Ramda, providing a variety of useful, well tested functions with excellent documentation.","filename":"RA.web.standalone.min.js","homepage":"https://github.com/char0n/ramda-adjunct","keywords":["ramda","utils","utilities","toolkit","extensions","addons","adjunct","recipes","extras","cookbook","functional"],"license":"BSD-3-Clause","name":"ramda-adjunct","repository":{"type":"git","url":"git://github.com/char0n/ramda-adjunct.git"},"author":"Vladimir Gorej \u003cvladimir.gorej@gmail.com\u003e (https://www.linkedin.com/in/vladimirgorej/)"}
KV keys:
- ramda-adjunct/3.2.0/RA.node.js.br
- ramda-adjunct/3.2.0/RA.node.js.gz
- ramda-adjunct/3.2.0/RA.node.min.js.br
- ramda-adjunct/3.2.0/RA.node.min.js.gz
- ramda-adjunct/3.2.0/RA.web.js.br
- ramda-adjunct/3.2.0/RA.web.js.gz
- ramda-adjunct/3.2.0/RA.web.min.js.br
- ramda-adjunct/3.2.0/RA.web.min.js.gz
- ramda-adjunct/3.2.0/RA.web.standalone.js.br
- ramda-adjunct/3.2.0/RA.web.standalone.js.gz
- ramda-adjunct/3.2.0/RA.web.standalone.min.js.br
- ramda-adjunct/3.2.0/RA.web.standalone.min.js.gz
SRIs:
- ramda-adjunct/3.2.0/RA.node.js: sha512-Kpb7JaZR9MQfK0dEkjv5t2tSEKGrLGz0AYWOZ/FfHEJhwSj3uUWoGL4nrTu/Gl1pVs+nYnPcRIL0i32gOnazKg==
- ramda-adjunct/3.2.0/RA.node.min.js: sha512-7p4qiLYlLmkKNPDIkLo77NRn6mt+tLs2Da8RCWh9eQ2O7mogogzBHMTOhCULUlM75YRvGkUiq9e3YRrhbV148Q==
- ramda-adjunct/3.2.0/RA.web.js: sha512-r+snNafFxtjROL3Uwef0NemsSmKXO+ZHa5VHkmquRgNsHNGLqoxE2m/EGkUwUZU9IGDt9bvINq9ByDXbLeJYOA==
- ramda-adjunct/3.2.0/RA.web.min.js: sha512-PA6eXIyJbd4L2+upAuV6cbtFPH7KjeODJCGvPK9hN7tsZh4jTP0RlpU95AvhpOZA6ppexSCz8BUB0herWEcMAA==
- ramda-adjunct/3.2.0/RA.web.standalone.js: sha512-tuTirMo/9/okg6CPhghGdy9ACbb/VDTLqlFRw+VuBegm0o547L6wrTNiQTTVAa6pJ3cLzIbvZ9u+n/bcBlkmng==
- ramda-adjunct/3.2.0/RA.web.standalone.min.js: sha512-1SX1ovGOTjD4WMO6S3BcRNWkzy3uyZwflEAe12S+g6WcI1azxxPbUMMnQV9S5wNP5WiqUDB1yfqzXYGGLwzPxw==
