Files:
- fontsource-khand/5.0.2/300.css.br
- fontsource-khand/5.0.2/300.css.gz
- fontsource-khand/5.0.2/300.min.css.br
- fontsource-khand/5.0.2/300.min.css.gz
- fontsource-khand/5.0.2/400.css.br
- fontsource-khand/5.0.2/400.css.gz
- fontsource-khand/5.0.2/400.min.css.br
- fontsource-khand/5.0.2/400.min.css.gz
- fontsource-khand/5.0.2/500.css.br
- fontsource-khand/5.0.2/500.css.gz
- fontsource-khand/5.0.2/500.min.css.br
- fontsource-khand/5.0.2/500.min.css.gz
- fontsource-khand/5.0.2/600.css.br
- fontsource-khand/5.0.2/600.css.gz
- fontsource-khand/5.0.2/600.min.css.br
- fontsource-khand/5.0.2/600.min.css.gz
- fontsource-khand/5.0.2/700.css.br
- fontsource-khand/5.0.2/700.css.gz
- fontsource-khand/5.0.2/700.min.css.br
- fontsource-khand/5.0.2/700.min.css.gz
- fontsource-khand/5.0.2/devanagari-300.css.br
- fontsource-khand/5.0.2/devanagari-300.css.gz
- fontsource-khand/5.0.2/devanagari-300.min.css.br
- fontsource-khand/5.0.2/devanagari-300.min.css.gz
- fontsource-khand/5.0.2/devanagari-400.css.br
- fontsource-khand/5.0.2/devanagari-400.css.gz
- fontsource-khand/5.0.2/devanagari-400.min.css.br
- fontsource-khand/5.0.2/devanagari-400.min.css.gz
- fontsource-khand/5.0.2/devanagari-500.css.br
- fontsource-khand/5.0.2/devanagari-500.css.gz
- fontsource-khand/5.0.2/devanagari-500.min.css.br
- fontsource-khand/5.0.2/devanagari-500.min.css.gz
- fontsource-khand/5.0.2/devanagari-600.css.br
- fontsource-khand/5.0.2/devanagari-600.css.gz
- fontsource-khand/5.0.2/devanagari-600.min.css.br
- fontsource-khand/5.0.2/devanagari-600.min.css.gz
- fontsource-khand/5.0.2/devanagari-700.css.br
- fontsource-khand/5.0.2/devanagari-700.css.gz
- fontsource-khand/5.0.2/devanagari-700.min.css.br
- fontsource-khand/5.0.2/devanagari-700.min.css.gz
- fontsource-khand/5.0.2/devanagari.css.br
- fontsource-khand/5.0.2/devanagari.css.gz
- fontsource-khand/5.0.2/devanagari.min.css.br
- fontsource-khand/5.0.2/devanagari.min.css.gz
- fontsource-khand/5.0.2/files/khand-devanagari-300-normal.woff.br
- fontsource-khand/5.0.2/files/khand-devanagari-300-normal.woff.gz
- fontsource-khand/5.0.2/files/khand-devanagari-300-normal.woff2
- fontsource-khand/5.0.2/files/khand-devanagari-400-normal.woff.br
- fontsource-khand/5.0.2/files/khand-devanagari-400-normal.woff.gz
- fontsource-khand/5.0.2/files/khand-devanagari-400-normal.woff2
- fontsource-khand/5.0.2/files/khand-devanagari-500-normal.woff.br
- fontsource-khand/5.0.2/files/khand-devanagari-500-normal.woff.gz
- fontsource-khand/5.0.2/files/khand-devanagari-500-normal.woff2
- fontsource-khand/5.0.2/files/khand-devanagari-600-normal.woff.br
- fontsource-khand/5.0.2/files/khand-devanagari-600-normal.woff.gz
- fontsource-khand/5.0.2/files/khand-devanagari-600-normal.woff2
- fontsource-khand/5.0.2/files/khand-devanagari-700-normal.woff.br
- fontsource-khand/5.0.2/files/khand-devanagari-700-normal.woff.gz
- fontsource-khand/5.0.2/files/khand-devanagari-700-normal.woff2
- fontsource-khand/5.0.2/files/khand-latin-300-normal.woff.br
- fontsource-khand/5.0.2/files/khand-latin-300-normal.woff.gz
- fontsource-khand/5.0.2/files/khand-latin-300-normal.woff2
- fontsource-khand/5.0.2/files/khand-latin-400-normal.woff.br
- fontsource-khand/5.0.2/files/khand-latin-400-normal.woff.gz
- fontsource-khand/5.0.2/files/khand-latin-400-normal.woff2
- fontsource-khand/5.0.2/files/khand-latin-500-normal.woff.br
- fontsource-khand/5.0.2/files/khand-latin-500-normal.woff.gz
- fontsource-khand/5.0.2/files/khand-latin-500-normal.woff2
- fontsource-khand/5.0.2/files/khand-latin-600-normal.woff.br
- fontsource-khand/5.0.2/files/khand-latin-600-normal.woff.gz
- fontsource-khand/5.0.2/files/khand-latin-600-normal.woff2
- fontsource-khand/5.0.2/files/khand-latin-700-normal.woff.br
- fontsource-khand/5.0.2/files/khand-latin-700-normal.woff.gz
- fontsource-khand/5.0.2/files/khand-latin-700-normal.woff2
- fontsource-khand/5.0.2/files/khand-latin-ext-300-normal.woff.br
- fontsource-khand/5.0.2/files/khand-latin-ext-300-normal.woff.gz
- fontsource-khand/5.0.2/files/khand-latin-ext-300-normal.woff2
- fontsource-khand/5.0.2/files/khand-latin-ext-400-normal.woff.br
- fontsource-khand/5.0.2/files/khand-latin-ext-400-normal.woff.gz
- fontsource-khand/5.0.2/files/khand-latin-ext-400-normal.woff2
- fontsource-khand/5.0.2/files/khand-latin-ext-500-normal.woff.br
- fontsource-khand/5.0.2/files/khand-latin-ext-500-normal.woff.gz
- fontsource-khand/5.0.2/files/khand-latin-ext-500-normal.woff2
- fontsource-khand/5.0.2/files/khand-latin-ext-600-normal.woff.br
- fontsource-khand/5.0.2/files/khand-latin-ext-600-normal.woff.gz
- fontsource-khand/5.0.2/files/khand-latin-ext-600-normal.woff2
- fontsource-khand/5.0.2/files/khand-latin-ext-700-normal.woff.br
- fontsource-khand/5.0.2/files/khand-latin-ext-700-normal.woff.gz
- fontsource-khand/5.0.2/files/khand-latin-ext-700-normal.woff2
- fontsource-khand/5.0.2/index.css.br
- fontsource-khand/5.0.2/index.css.gz
- fontsource-khand/5.0.2/index.min.css.br
- fontsource-khand/5.0.2/index.min.css.gz
- fontsource-khand/5.0.2/latin-300.css.br
- fontsource-khand/5.0.2/latin-300.css.gz
- fontsource-khand/5.0.2/latin-300.min.css.br
- fontsource-khand/5.0.2/latin-300.min.css.gz
- fontsource-khand/5.0.2/latin-400.css.br
- fontsource-khand/5.0.2/latin-400.css.gz
- fontsource-khand/5.0.2/latin-400.min.css.br
- fontsource-khand/5.0.2/latin-400.min.css.gz
- fontsource-khand/5.0.2/latin-500.css.br
- fontsource-khand/5.0.2/latin-500.css.gz
- fontsource-khand/5.0.2/latin-500.min.css.br
- fontsource-khand/5.0.2/latin-500.min.css.gz
- fontsource-khand/5.0.2/latin-600.css.br
- fontsource-khand/5.0.2/latin-600.css.gz
- fontsource-khand/5.0.2/latin-600.min.css.br
- fontsource-khand/5.0.2/latin-600.min.css.gz
- fontsource-khand/5.0.2/latin-700.css.br
- fontsource-khand/5.0.2/latin-700.css.gz
- fontsource-khand/5.0.2/latin-700.min.css.br
- fontsource-khand/5.0.2/latin-700.min.css.gz
- fontsource-khand/5.0.2/latin-ext-300.css.br
- fontsource-khand/5.0.2/latin-ext-300.css.gz
- fontsource-khand/5.0.2/latin-ext-300.min.css.br
- fontsource-khand/5.0.2/latin-ext-300.min.css.gz
- fontsource-khand/5.0.2/latin-ext-400.css.br
- fontsource-khand/5.0.2/latin-ext-400.css.gz
- fontsource-khand/5.0.2/latin-ext-400.min.css.br
- fontsource-khand/5.0.2/latin-ext-400.min.css.gz
- fontsource-khand/5.0.2/latin-ext-500.css.br
- fontsource-khand/5.0.2/latin-ext-500.css.gz
- fontsource-khand/5.0.2/latin-ext-500.min.css.br
- fontsource-khand/5.0.2/latin-ext-500.min.css.gz
- fontsource-khand/5.0.2/latin-ext-600.css.br
- fontsource-khand/5.0.2/latin-ext-600.css.gz
- fontsource-khand/5.0.2/latin-ext-600.min.css.br
- fontsource-khand/5.0.2/latin-ext-600.min.css.gz
- fontsource-khand/5.0.2/latin-ext-700.css.br
- fontsource-khand/5.0.2/latin-ext-700.css.gz
- fontsource-khand/5.0.2/latin-ext-700.min.css.br
- fontsource-khand/5.0.2/latin-ext-700.min.css.gz
- fontsource-khand/5.0.2/latin-ext.css.br
- fontsource-khand/5.0.2/latin-ext.css.gz
- fontsource-khand/5.0.2/latin-ext.min.css.br
- fontsource-khand/5.0.2/latin-ext.min.css.gz
- fontsource-khand/5.0.2/latin.css.br
- fontsource-khand/5.0.2/latin.css.gz
- fontsource-khand/5.0.2/latin.min.css.br
- fontsource-khand/5.0.2/latin.min.css.gz
