config: {"authors":[{"name":"Google Inc."}],"autoupdate":{"source":"npm","target":"@fontsource/dongle","fileMap":[{"basePath":"","files":["*.css","files/*.@(woff|woff2)"]}],"excludeFromSearch":true},"description":"Self-host the Dongle font in a neatly bundled NPM package.","filename":"index.css","homepage":"https://fontsource.org/fonts/dongle","keywords":["fontsource","font","font family","google fonts","dongle","Dongle","css","sass","front-end","web","typeface","variable"],"license":"OFL-1.1","name":"fontsource-dongle","repository":{"type":"git","url":"git+https://github.com/fontsource/font-files.git"},"author":"Google Inc."}
KV keys:
- fontsource-dongle/5.0.1/300.css.br
- fontsource-dongle/5.0.1/300.css.gz
- fontsource-dongle/5.0.1/300.min.css.br
- fontsource-dongle/5.0.1/300.min.css.gz
- fontsource-dongle/5.0.1/400.css.br
- fontsource-dongle/5.0.1/400.css.gz
- fontsource-dongle/5.0.1/400.min.css.br
- fontsource-dongle/5.0.1/400.min.css.gz
- fontsource-dongle/5.0.1/700.css.br
- fontsource-dongle/5.0.1/700.css.gz
- fontsource-dongle/5.0.1/700.min.css.br
- fontsource-dongle/5.0.1/700.min.css.gz
- fontsource-dongle/5.0.1/files/dongle-0-300-normal.woff.br
- fontsource-dongle/5.0.1/files/dongle-0-300-normal.woff.gz
- fontsource-dongle/5.0.1/files/dongle-0-300-normal.woff2
- fontsource-dongle/5.0.1/files/dongle-0-400-normal.woff.br
- fontsource-dongle/5.0.1/files/dongle-0-400-normal.woff.gz
- fontsource-dongle/5.0.1/files/dongle-0-400-normal.woff2
- fontsource-dongle/5.0.1/files/dongle-0-700-normal.woff.br
- fontsource-dongle/5.0.1/files/dongle-0-700-normal.woff.gz
- fontsource-dongle/5.0.1/files/dongle-0-700-normal.woff2
- fontsource-dongle/5.0.1/files/dongle-10-300-normal.woff.br
- fontsource-dongle/5.0.1/files/dongle-10-300-normal.woff.gz
- fontsource-dongle/5.0.1/files/dongle-10-300-normal.woff2
- fontsource-dongle/5.0.1/files/dongle-10-400-normal.woff.br
- fontsource-dongle/5.0.1/files/dongle-10-400-normal.woff.gz
- fontsource-dongle/5.0.1/files/dongle-10-400-normal.woff2
- fontsource-dongle/5.0.1/files/dongle-10-700-normal.woff.br
- fontsource-dongle/5.0.1/files/dongle-10-700-normal.woff.gz
- fontsource-dongle/5.0.1/files/dongle-10-700-normal.woff2
- fontsource-dongle/5.0.1/files/dongle-100-300-normal.woff.br
- fontsource-dongle/5.0.1/files/dongle-100-300-normal.woff.gz
- fontsource-dongle/5.0.1/files/dongle-100-300-normal.woff2
- fontsource-dongle/5.0.1/files/dongle-100-400-normal.woff.br
- fontsource-dongle/5.0.1/files/dongle-100-400-normal.woff.gz
- fontsource-dongle/5.0.1/files/dongle-100-400-normal.woff2
- fontsource-dongle/5.0.1/files/dongle-100-700-normal.woff.br
- fontsource-dongle/5.0.1/files/dongle-100-700-normal.woff.gz
- fontsource-dongle/5.0.1/files/dongle-100-700-normal.woff2
- fontsource-dongle/5.0.1/files/dongle-101-300-normal.woff.br
- fontsource-dongle/5.0.1/files/dongle-101-300-normal.woff.gz
- fontsource-dongle/5.0.1/files/dongle-101-300-normal.woff2
- fontsource-dongle/5.0.1/files/dongle-101-400-normal.woff.br
- fontsource-dongle/5.0.1/files/dongle-101-400-normal.woff.gz
- fontsource-dongle/5.0.1/files/dongle-101-400-normal.woff2
- fontsource-dongle/5.0.1/files/dongle-101-700-normal.woff.br
- fontsource-dongle/5.0.1/files/dongle-101-700-normal.woff.gz
- fontsource-dongle/5.0.1/files/dongle-101-700-normal.woff2
- fontsource-dongle/5.0.1/files/dongle-102-300-normal.woff.br
- fontsource-dongle/5.0.1/files/dongle-102-300-normal.woff.gz
- fontsource-dongle/5.0.1/files/dongle-102-300-normal.woff2
- fontsource-dongle/5.0.1/files/dongle-102-400-normal.woff.br
- fontsource-dongle/5.0.1/files/dongle-102-400-normal.woff.gz
- fontsource-dongle/5.0.1/files/dongle-102-400-normal.woff2
- fontsource-dongle/5.0.1/files/dongle-102-700-normal.woff.br
- fontsource-dongle/5.0.1/files/dongle-102-700-normal.woff.gz
- fontsource-dongle/5.0.1/files/dongle-102-700-normal.woff2
- fontsource-dongle/5.0.1/files/dongle-103-300-normal.woff.br
- fontsource-dongle/5.0.1/files/dongle-103-300-normal.woff.gz
- fontsource-dongle/5.0.1/files/dongle-103-300-normal.woff2
- fontsource-dongle/5.0.1/files/dongle-103-400-normal.woff.br
- fontsource-dongle/5.0.1/files/dongle-103-400-normal.woff.gz
- fontsource-dongle/5.0.1/files/dongle-103-400-normal.woff2
- fontsource-dongle/5.0.1/files/dongle-103-700-normal.woff.br
- fontsource-dongle/5.0.1/files/dongle-103-700-normal.woff.gz
- fontsource-dongle/5.0.1/files/dongle-103-700-normal.woff2
- fontsource-dongle/5.0.1/files/dongle-104-300-normal.woff.br
- fontsource-dongle/5.0.1/files/dongle-104-300-normal.woff.gz
- fontsource-dongle/5.0.1/files/dongle-104-300-normal.woff2
- fontsource-dongle/5.0.1/files/dongle-104-400-normal.woff.br
- fontsource-dongle/5.0.1/files/dongle-104-400-normal.woff.gz
- fontsource-dongle/5.0.1/files/dongle-104-400-normal.woff2
- fontsource-dongle/5.0.1/files/dongle-104-700-normal.woff.br
- fontsource-dongle/5.0.1/files/dongle-104-700-normal.woff.gz
- fontsource-dongle/5.0.1/files/dongle-104-700-normal.woff2
- fontsource-dongle/5.0.1/files/dongle-105-300-normal.woff.br
- fontsource-dongle/5.0.1/files/dongle-105-300-normal.woff.gz
- fontsource-dongle/5.0.1/files/dongle-105-300-normal.woff2
- fontsource-dongle/5.0.1/files/dongle-105-400-normal.woff.br
- fontsource-dongle/5.0.1/files/dongle-105-400-normal.woff.gz
- fontsource-dongle/5.0.1/files/dongle-105-400-normal.woff2
- fontsource-dongle/5.0.1/files/dongle-105-700-normal.woff.br
- fontsource-dongle/5.0.1/files/dongle-105-700-normal.woff.gz
- fontsource-dongle/5.0.1/files/dongle-105-700-normal.woff2
- fontsource-dongle/5.0.1/files/dongle-106-300-normal.woff.br
- fontsource-dongle/5.0.1/files/dongle-106-300-normal.woff.gz
- fontsource-dongle/5.0.1/files/dongle-106-300-normal.woff2
- fontsource-dongle/5.0.1/files/dongle-106-400-normal.woff.br
- fontsource-dongle/5.0.1/files/dongle-106-400-normal.woff.gz
- fontsource-dongle/5.0.1/files/dongle-106-400-normal.woff2
- fontsource-dongle/5.0.1/files/dongle-106-700-normal.woff.br
- fontsource-dongle/5.0.1/files/dongle-106-700-normal.woff.gz
- fontsource-dongle/5.0.1/files/dongle-106-700-normal.woff2
- fontsource-dongle/5.0.1/files/dongle-107-300-normal.woff.br
- fontsource-dongle/5.0.1/files/dongle-107-300-normal.woff.gz
- fontsource-dongle/5.0.1/files/dongle-107-300-normal.woff2
- fontsource-dongle/5.0.1/files/dongle-107-400-normal.woff.br
- fontsource-dongle/5.0.1/files/dongle-107-400-normal.woff.gz
- fontsource-dongle/5.0.1/files/dongle-107-400-normal.woff2
- fontsource-dongle/5.0.1/files/dongle-107-700-normal.woff.br
- fontsource-dongle/5.0.1/files/dongle-107-700-normal.woff.gz
- fontsource-dongle/5.0.1/files/dongle-107-700-normal.woff2
- fontsource-dongle/5.0.1/files/dongle-108-300-normal.woff.br
- fontsource-dongle/5.0.1/files/dongle-108-300-normal.woff.gz
- fontsource-dongle/5.0.1/files/dongle-108-300-normal.woff2
- fontsource-dongle/5.0.1/files/dongle-108-400-normal.woff.br
- fontsource-dongle/5.0.1/files/dongle-108-400-normal.woff.gz
- fontsource-dongle/5.0.1/files/dongle-108-400-normal.woff2
- fontsource-dongle/5.0.1/files/dongle-108-700-normal.woff.br
- fontsource-dongle/5.0.1/files/dongle-108-700-normal.woff.gz
- fontsource-dongle/5.0.1/files/dongle-108-700-normal.woff2
- fontsource-dongle/5.0.1/files/dongle-109-300-normal.woff.br
- fontsource-dongle/5.0.1/files/dongle-109-300-normal.woff.gz
- fontsource-dongle/5.0.1/files/dongle-109-300-normal.woff2
- fontsource-dongle/5.0.1/files/dongle-109-400-normal.woff.br
- fontsource-dongle/5.0.1/files/dongle-109-400-normal.woff.gz
- fontsource-dongle/5.0.1/files/dongle-109-400-normal.woff2
- fontsource-dongle/5.0.1/files/dongle-109-700-normal.woff.br
- fontsource-dongle/5.0.1/files/dongle-109-700-normal.woff.gz
- fontsource-dongle/5.0.1/files/dongle-109-700-normal.woff2
- fontsource-dongle/5.0.1/files/dongle-11-300-normal.woff.br
- fontsource-dongle/5.0.1/files/dongle-11-300-normal.woff.gz
- fontsource-dongle/5.0.1/files/dongle-11-300-normal.woff2
- fontsource-dongle/5.0.1/files/dongle-11-400-normal.woff.br
- fontsource-dongle/5.0.1/files/dongle-11-400-normal.woff.gz
- fontsource-dongle/5.0.1/files/dongle-11-400-normal.woff2
- fontsource-dongle/5.0.1/files/dongle-11-700-normal.woff.br
- fontsource-dongle/5.0.1/files/dongle-11-700-normal.woff.gz
- fontsource-dongle/5.0.1/files/dongle-11-700-normal.woff2
- fontsource-dongle/5.0.1/files/dongle-110-300-normal.woff.br
- fontsource-dongle/5.0.1/files/dongle-110-300-normal.woff.gz
- fontsource-dongle/5.0.1/files/dongle-110-300-normal.woff2
- fontsource-dongle/5.0.1/files/dongle-110-400-normal.woff.br
- fontsource-dongle/5.0.1/files/dongle-110-400-normal.woff.gz
- fontsource-dongle/5.0.1/files/dongle-110-400-normal.woff2
- fontsource-dongle/5.0.1/files/dongle-110-700-normal.woff.br
- fontsource-dongle/5.0.1/files/dongle-110-700-normal.woff.gz
- fontsource-dongle/5.0.1/files/dongle-110-700-normal.woff2
- fontsource-dongle/5.0.1/files/dongle-111-300-normal.woff.br
- fontsource-dongle/5.0.1/files/dongle-111-300-normal.woff.gz
- fontsource-dongle/5.0.1/files/dongle-111-300-normal.woff2
- fontsource-dongle/5.0.1/files/dongle-111-400-normal.woff.br
- fontsource-dongle/5.0.1/files/dongle-111-400-normal.woff.gz
- fontsource-dongle/5.0.1/files/dongle-111-400-normal.woff2
- fontsource-dongle/5.0.1/files/dongle-111-700-normal.woff.br
- fontsource-dongle/5.0.1/files/dongle-111-700-normal.woff.gz
- fontsource-dongle/5.0.1/files/dongle-111-700-normal.woff2
- fontsource-dongle/5.0.1/files/dongle-112-300-normal.woff.br
- fontsource-dongle/5.0.1/files/dongle-112-300-normal.woff.gz
- fontsource-dongle/5.0.1/files/dongle-112-300-normal.woff2
- fontsource-dongle/5.0.1/files/dongle-112-400-normal.woff.br
- fontsource-dongle/5.0.1/files/dongle-112-400-normal.woff.gz
- fontsource-dongle/5.0.1/files/dongle-112-400-normal.woff2
- fontsource-dongle/5.0.1/files/dongle-112-700-normal.woff.br
- fontsource-dongle/5.0.1/files/dongle-112-700-normal.woff.gz
- fontsource-dongle/5.0.1/files/dongle-112-700-normal.woff2
- fontsource-dongle/5.0.1/files/dongle-113-300-normal.woff.br
- fontsource-dongle/5.0.1/files/dongle-113-300-normal.woff.gz
- fontsource-dongle/5.0.1/files/dongle-113-300-normal.woff2
- fontsource-dongle/5.0.1/files/dongle-113-400-normal.woff.br
- fontsource-dongle/5.0.1/files/dongle-113-400-normal.woff.gz
- fontsource-dongle/5.0.1/files/dongle-113-400-normal.woff2
- fontsource-dongle/5.0.1/files/dongle-113-700-normal.woff.br
- fontsource-dongle/5.0.1/files/dongle-113-700-normal.woff.gz
- fontsource-dongle/5.0.1/files/dongle-113-700-normal.woff2
- fontsource-dongle/5.0.1/files/dongle-114-300-normal.woff.br
- fontsource-dongle/5.0.1/files/dongle-114-300-normal.woff.gz
- fontsource-dongle/5.0.1/files/dongle-114-300-normal.woff2
- fontsource-dongle/5.0.1/files/dongle-114-400-normal.woff.br
- fontsource-dongle/5.0.1/files/dongle-114-400-normal.woff.gz
- fontsource-dongle/5.0.1/files/dongle-114-400-normal.woff2
- fontsource-dongle/5.0.1/files/dongle-114-700-normal.woff.br
- fontsource-dongle/5.0.1/files/dongle-114-700-normal.woff.gz
- fontsource-dongle/5.0.1/files/dongle-114-700-normal.woff2
- fontsource-dongle/5.0.1/files/dongle-115-300-normal.woff.br
- fontsource-dongle/5.0.1/files/dongle-115-300-normal.woff.gz
- fontsource-dongle/5.0.1/files/dongle-115-300-normal.woff2
- fontsource-dongle/5.0.1/files/dongle-115-400-normal.woff.br
- fontsource-dongle/5.0.1/files/dongle-115-400-normal.woff.gz
- fontsource-dongle/5.0.1/files/dongle-115-400-normal.woff2
- fontsource-dongle/5.0.1/files/dongle-115-700-normal.woff.br
- fontsource-dongle/5.0.1/files/dongle-115-700-normal.woff.gz
- fontsource-dongle/5.0.1/files/dongle-115-700-normal.woff2
- fontsource-dongle/5.0.1/files/dongle-116-300-normal.woff.br
- fontsource-dongle/5.0.1/files/dongle-116-300-normal.woff.gz
- fontsource-dongle/5.0.1/files/dongle-116-300-normal.woff2
- fontsource-dongle/5.0.1/files/dongle-116-400-normal.woff.br
- fontsource-dongle/5.0.1/files/dongle-116-400-normal.woff.gz
- fontsource-dongle/5.0.1/files/dongle-116-400-normal.woff2
- fontsource-dongle/5.0.1/files/dongle-116-700-normal.woff.br
- fontsource-dongle/5.0.1/files/dongle-116-700-normal.woff.gz
- fontsource-dongle/5.0.1/files/dongle-116-700-normal.woff2
- fontsource-dongle/5.0.1/files/dongle-117-300-normal.woff.br
- fontsource-dongle/5.0.1/files/dongle-117-300-normal.woff.gz
- fontsource-dongle/5.0.1/files/dongle-117-300-normal.woff2
- fontsource-dongle/5.0.1/files/dongle-117-400-normal.woff.br
- fontsource-dongle/5.0.1/files/dongle-117-400-normal.woff.gz
- fontsource-dongle/5.0.1/files/dongle-117-400-normal.woff2
- fontsource-dongle/5.0.1/files/dongle-117-700-normal.woff.br
- fontsource-dongle/5.0.1/files/dongle-117-700-normal.woff.gz
- fontsource-dongle/5.0.1/files/dongle-117-700-normal.woff2
- fontsource-dongle/5.0.1/files/dongle-118-300-normal.woff.br
- fontsource-dongle/5.0.1/files/dongle-118-300-normal.woff.gz
- fontsource-dongle/5.0.1/files/dongle-118-300-normal.woff2
- fontsource-dongle/5.0.1/files/dongle-118-400-normal.woff.br
- fontsource-dongle/5.0.1/files/dongle-118-400-normal.woff.gz
- fontsource-dongle/5.0.1/files/dongle-118-400-normal.woff2
- fontsource-dongle/5.0.1/files/dongle-118-700-normal.woff.br
- fontsource-dongle/5.0.1/files/dongle-118-700-normal.woff.gz
- fontsource-dongle/5.0.1/files/dongle-118-700-normal.woff2
- fontsource-dongle/5.0.1/files/dongle-119-300-normal.woff.br
- fontsource-dongle/5.0.1/files/dongle-119-300-normal.woff.gz
- fontsource-dongle/5.0.1/files/dongle-119-300-normal.woff2
- fontsource-dongle/5.0.1/files/dongle-119-400-normal.woff.br
- fontsource-dongle/5.0.1/files/dongle-119-400-normal.woff.gz
- fontsource-dongle/5.0.1/files/dongle-119-400-normal.woff2
- fontsource-dongle/5.0.1/files/dongle-119-700-normal.woff.br
- fontsource-dongle/5.0.1/files/dongle-119-700-normal.woff.gz
- fontsource-dongle/5.0.1/files/dongle-119-700-normal.woff2
- fontsource-dongle/5.0.1/files/dongle-12-300-normal.woff.br
- fontsource-dongle/5.0.1/files/dongle-12-300-normal.woff.gz
- fontsource-dongle/5.0.1/files/dongle-12-300-normal.woff2
- fontsource-dongle/5.0.1/files/dongle-12-400-normal.woff.br
- fontsource-dongle/5.0.1/files/dongle-12-400-normal.woff.gz
- fontsource-dongle/5.0.1/files/dongle-12-400-normal.woff2
- fontsource-dongle/5.0.1/files/dongle-12-700-normal.woff.br
- fontsource-dongle/5.0.1/files/dongle-12-700-normal.woff.gz
- fontsource-dongle/5.0.1/files/dongle-12-700-normal.woff2
- fontsource-dongle/5.0.1/files/dongle-13-300-normal.woff.br
- fontsource-dongle/5.0.1/files/dongle-13-300-normal.woff.gz
- fontsource-dongle/5.0.1/files/dongle-13-300-normal.woff2
- fontsource-dongle/5.0.1/files/dongle-13-400-normal.woff.br
- fontsource-dongle/5.0.1/files/dongle-13-400-normal.woff.gz
- fontsource-dongle/5.0.1/files/dongle-13-400-normal.woff2
- fontsource-dongle/5.0.1/files/dongle-13-700-normal.woff.br
- fontsource-dongle/5.0.1/files/dongle-13-700-normal.woff.gz
- fontsource-dongle/5.0.1/files/dongle-13-700-normal.woff2
- fontsource-dongle/5.0.1/files/dongle-14-300-normal.woff.br
- fontsource-dongle/5.0.1/files/dongle-14-300-normal.woff.gz
- fontsource-dongle/5.0.1/files/dongle-14-300-normal.woff2
- fontsource-dongle/5.0.1/files/dongle-14-400-normal.woff.br
- fontsource-dongle/5.0.1/files/dongle-14-400-normal.woff.gz
- fontsource-dongle/5.0.1/files/dongle-14-400-normal.woff2
- fontsource-dongle/5.0.1/files/dongle-14-700-normal.woff.br
- fontsource-dongle/5.0.1/files/dongle-14-700-normal.woff.gz
- fontsource-dongle/5.0.1/files/dongle-14-700-normal.woff2
- fontsource-dongle/5.0.1/files/dongle-15-300-normal.woff.br
- fontsource-dongle/5.0.1/files/dongle-15-300-normal.woff.gz
- fontsource-dongle/5.0.1/files/dongle-15-300-normal.woff2
- fontsource-dongle/5.0.1/files/dongle-15-400-normal.woff.br
- fontsource-dongle/5.0.1/files/dongle-15-400-normal.woff.gz
- fontsource-dongle/5.0.1/files/dongle-15-400-normal.woff2
- fontsource-dongle/5.0.1/files/dongle-15-700-normal.woff.br
- fontsource-dongle/5.0.1/files/dongle-15-700-normal.woff.gz
- fontsource-dongle/5.0.1/files/dongle-15-700-normal.woff2
- fontsource-dongle/5.0.1/files/dongle-16-300-normal.woff.br
- fontsource-dongle/5.0.1/files/dongle-16-300-normal.woff.gz
- fontsource-dongle/5.0.1/files/dongle-16-300-normal.woff2
- fontsource-dongle/5.0.1/files/dongle-16-400-normal.woff.br
- fontsource-dongle/5.0.1/files/dongle-16-400-normal.woff.gz
- fontsource-dongle/5.0.1/files/dongle-16-400-normal.woff2
- fontsource-dongle/5.0.1/files/dongle-16-700-normal.woff.br
- fontsource-dongle/5.0.1/files/dongle-16-700-normal.woff.gz
- fontsource-dongle/5.0.1/files/dongle-16-700-normal.woff2
- fontsource-dongle/5.0.1/files/dongle-17-300-normal.woff.br
- fontsource-dongle/5.0.1/files/dongle-17-300-normal.woff.gz
- fontsource-dongle/5.0.1/files/dongle-17-300-normal.woff2
- fontsource-dongle/5.0.1/files/dongle-17-400-normal.woff.br
- fontsource-dongle/5.0.1/files/dongle-17-400-normal.woff.gz
- fontsource-dongle/5.0.1/files/dongle-17-400-normal.woff2
- fontsource-dongle/5.0.1/files/dongle-17-700-normal.woff.br
- fontsource-dongle/5.0.1/files/dongle-17-700-normal.woff.gz
- fontsource-dongle/5.0.1/files/dongle-17-700-normal.woff2
- fontsource-dongle/5.0.1/files/dongle-18-300-normal.woff.br
- fontsource-dongle/5.0.1/files/dongle-18-300-normal.woff.gz
- fontsource-dongle/5.0.1/files/dongle-18-300-normal.woff2
- fontsource-dongle/5.0.1/files/dongle-18-400-normal.woff.br
- fontsource-dongle/5.0.1/files/dongle-18-400-normal.woff.gz
- fontsource-dongle/5.0.1/files/dongle-18-400-normal.woff2
- fontsource-dongle/5.0.1/files/dongle-18-700-normal.woff.br
- fontsource-dongle/5.0.1/files/dongle-18-700-normal.woff.gz
- fontsource-dongle/5.0.1/files/dongle-18-700-normal.woff2
- fontsource-dongle/5.0.1/files/dongle-19-300-normal.woff.br
- fontsource-dongle/5.0.1/files/dongle-19-300-normal.woff.gz
- fontsource-dongle/5.0.1/files/dongle-19-300-normal.woff2
- fontsource-dongle/5.0.1/files/dongle-19-400-normal.woff.br
- fontsource-dongle/5.0.1/files/dongle-19-400-normal.woff.gz
- fontsource-dongle/5.0.1/files/dongle-19-400-normal.woff2
- fontsource-dongle/5.0.1/files/dongle-19-700-normal.woff.br
- fontsource-dongle/5.0.1/files/dongle-19-700-normal.woff.gz
- fontsource-dongle/5.0.1/files/dongle-19-700-normal.woff2
- fontsource-dongle/5.0.1/files/dongle-2-300-normal.woff.br
- fontsource-dongle/5.0.1/files/dongle-2-300-normal.woff.gz
- fontsource-dongle/5.0.1/files/dongle-2-300-normal.woff2
- fontsource-dongle/5.0.1/files/dongle-2-400-normal.woff.br
- fontsource-dongle/5.0.1/files/dongle-2-400-normal.woff.gz
- fontsource-dongle/5.0.1/files/dongle-2-400-normal.woff2
- fontsource-dongle/5.0.1/files/dongle-2-700-normal.woff.br
- fontsource-dongle/5.0.1/files/dongle-2-700-normal.woff.gz
- fontsource-dongle/5.0.1/files/dongle-2-700-normal.woff2
- fontsource-dongle/5.0.1/files/dongle-20-300-normal.woff.br
- fontsource-dongle/5.0.1/files/dongle-20-300-normal.woff.gz
- fontsource-dongle/5.0.1/files/dongle-20-300-normal.woff2
- fontsource-dongle/5.0.1/files/dongle-20-400-normal.woff.br
- fontsource-dongle/5.0.1/files/dongle-20-400-normal.woff.gz
- fontsource-dongle/5.0.1/files/dongle-20-400-normal.woff2
- fontsource-dongle/5.0.1/files/dongle-20-700-normal.woff.br
- fontsource-dongle/5.0.1/files/dongle-20-700-normal.woff.gz
- fontsource-dongle/5.0.1/files/dongle-20-700-normal.woff2
- fontsource-dongle/5.0.1/files/dongle-21-300-normal.woff.br
- fontsource-dongle/5.0.1/files/dongle-21-300-normal.woff.gz
- fontsource-dongle/5.0.1/files/dongle-21-300-normal.woff2
- fontsource-dongle/5.0.1/files/dongle-21-400-normal.woff.br
- fontsource-dongle/5.0.1/files/dongle-21-400-normal.woff.gz
- fontsource-dongle/5.0.1/files/dongle-21-400-normal.woff2
- fontsource-dongle/5.0.1/files/dongle-21-700-normal.woff.br
- fontsource-dongle/5.0.1/files/dongle-21-700-normal.woff.gz
- fontsource-dongle/5.0.1/files/dongle-21-700-normal.woff2
- fontsource-dongle/5.0.1/files/dongle-22-300-normal.woff.br
- fontsource-dongle/5.0.1/files/dongle-22-300-normal.woff.gz
- fontsource-dongle/5.0.1/files/dongle-22-300-normal.woff2
- fontsource-dongle/5.0.1/files/dongle-22-400-normal.woff.br
- fontsource-dongle/5.0.1/files/dongle-22-400-normal.woff.gz
- fontsource-dongle/5.0.1/files/dongle-22-400-normal.woff2
- fontsource-dongle/5.0.1/files/dongle-22-700-normal.woff.br
- fontsource-dongle/5.0.1/files/dongle-22-700-normal.woff.gz
- fontsource-dongle/5.0.1/files/dongle-22-700-normal.woff2
- fontsource-dongle/5.0.1/files/dongle-23-300-normal.woff.br
- fontsource-dongle/5.0.1/files/dongle-23-300-normal.woff.gz
- fontsource-dongle/5.0.1/files/dongle-23-300-normal.woff2
- fontsource-dongle/5.0.1/files/dongle-23-400-normal.woff.br
- fontsource-dongle/5.0.1/files/dongle-23-400-normal.woff.gz
- fontsource-dongle/5.0.1/files/dongle-23-400-normal.woff2
- fontsource-dongle/5.0.1/files/dongle-23-700-normal.woff.br
- fontsource-dongle/5.0.1/files/dongle-23-700-normal.woff.gz
- fontsource-dongle/5.0.1/files/dongle-23-700-normal.woff2
- fontsource-dongle/5.0.1/files/dongle-24-300-normal.woff.br
- fontsource-dongle/5.0.1/files/dongle-24-300-normal.woff.gz
- fontsource-dongle/5.0.1/files/dongle-24-300-normal.woff2
- fontsource-dongle/5.0.1/files/dongle-24-400-normal.woff.br
- fontsource-dongle/5.0.1/files/dongle-24-400-normal.woff.gz
- fontsource-dongle/5.0.1/files/dongle-24-400-normal.woff2
- fontsource-dongle/5.0.1/files/dongle-24-700-normal.woff.br
- fontsource-dongle/5.0.1/files/dongle-24-700-normal.woff.gz
- fontsource-dongle/5.0.1/files/dongle-24-700-normal.woff2
- fontsource-dongle/5.0.1/files/dongle-25-300-normal.woff.br
- fontsource-dongle/5.0.1/files/dongle-25-300-normal.woff.gz
- fontsource-dongle/5.0.1/files/dongle-25-300-normal.woff2
- fontsource-dongle/5.0.1/files/dongle-25-400-normal.woff.br
- fontsource-dongle/5.0.1/files/dongle-25-400-normal.woff.gz
- fontsource-dongle/5.0.1/files/dongle-25-400-normal.woff2
- fontsource-dongle/5.0.1/files/dongle-25-700-normal.woff.br
- fontsource-dongle/5.0.1/files/dongle-25-700-normal.woff.gz
- fontsource-dongle/5.0.1/files/dongle-25-700-normal.woff2
- fontsource-dongle/5.0.1/files/dongle-26-300-normal.woff.br
- fontsource-dongle/5.0.1/files/dongle-26-300-normal.woff.gz
- fontsource-dongle/5.0.1/files/dongle-26-300-normal.woff2
- fontsource-dongle/5.0.1/files/dongle-26-400-normal.woff.br
- fontsource-dongle/5.0.1/files/dongle-26-400-normal.woff.gz
- fontsource-dongle/5.0.1/files/dongle-26-400-normal.woff2
- fontsource-dongle/5.0.1/files/dongle-26-700-normal.woff.br
- fontsource-dongle/5.0.1/files/dongle-26-700-normal.woff.gz
- fontsource-dongle/5.0.1/files/dongle-26-700-normal.woff2
- fontsource-dongle/5.0.1/files/dongle-27-300-normal.woff.br
- fontsource-dongle/5.0.1/files/dongle-27-300-normal.woff.gz
- fontsource-dongle/5.0.1/files/dongle-27-300-normal.woff2
- fontsource-dongle/5.0.1/files/dongle-27-400-normal.woff.br
- fontsource-dongle/5.0.1/files/dongle-27-400-normal.woff.gz
- fontsource-dongle/5.0.1/files/dongle-27-400-normal.woff2
- fontsource-dongle/5.0.1/files/dongle-27-700-normal.woff.br
- fontsource-dongle/5.0.1/files/dongle-27-700-normal.woff.gz
- fontsource-dongle/5.0.1/files/dongle-27-700-normal.woff2
- fontsource-dongle/5.0.1/files/dongle-28-300-normal.woff.br
- fontsource-dongle/5.0.1/files/dongle-28-300-normal.woff.gz
- fontsource-dongle/5.0.1/files/dongle-28-300-normal.woff2
- fontsource-dongle/5.0.1/files/dongle-28-400-normal.woff.br
- fontsource-dongle/5.0.1/files/dongle-28-400-normal.woff.gz
- fontsource-dongle/5.0.1/files/dongle-28-400-normal.woff2
- fontsource-dongle/5.0.1/files/dongle-28-700-normal.woff.br
- fontsource-dongle/5.0.1/files/dongle-28-700-normal.woff.gz
- fontsource-dongle/5.0.1/files/dongle-28-700-normal.woff2
- fontsource-dongle/5.0.1/files/dongle-29-300-normal.woff.br
- fontsource-dongle/5.0.1/files/dongle-29-300-normal.woff.gz
- fontsource-dongle/5.0.1/files/dongle-29-300-normal.woff2
- fontsource-dongle/5.0.1/files/dongle-29-400-normal.woff.br
- fontsource-dongle/5.0.1/files/dongle-29-400-normal.woff.gz
- fontsource-dongle/5.0.1/files/dongle-29-400-normal.woff2
- fontsource-dongle/5.0.1/files/dongle-29-700-normal.woff.br
- fontsource-dongle/5.0.1/files/dongle-29-700-normal.woff.gz
- fontsource-dongle/5.0.1/files/dongle-29-700-normal.woff2
- fontsource-dongle/5.0.1/files/dongle-3-300-normal.woff.br
- fontsource-dongle/5.0.1/files/dongle-3-300-normal.woff.gz
- fontsource-dongle/5.0.1/files/dongle-3-300-normal.woff2
- fontsource-dongle/5.0.1/files/dongle-3-400-normal.woff.br
- fontsource-dongle/5.0.1/files/dongle-3-400-normal.woff.gz
- fontsource-dongle/5.0.1/files/dongle-3-400-normal.woff2
- fontsource-dongle/5.0.1/files/dongle-3-700-normal.woff.br
- fontsource-dongle/5.0.1/files/dongle-3-700-normal.woff.gz
- fontsource-dongle/5.0.1/files/dongle-3-700-normal.woff2
- fontsource-dongle/5.0.1/files/dongle-30-300-normal.woff.br
- fontsource-dongle/5.0.1/files/dongle-30-300-normal.woff.gz
- fontsource-dongle/5.0.1/files/dongle-30-300-normal.woff2
- fontsource-dongle/5.0.1/files/dongle-30-400-normal.woff.br
- fontsource-dongle/5.0.1/files/dongle-30-400-normal.woff.gz
- fontsource-dongle/5.0.1/files/dongle-30-400-normal.woff2
- fontsource-dongle/5.0.1/files/dongle-30-700-normal.woff.br
- fontsource-dongle/5.0.1/files/dongle-30-700-normal.woff.gz
- fontsource-dongle/5.0.1/files/dongle-30-700-normal.woff2
- fontsource-dongle/5.0.1/files/dongle-31-300-normal.woff.br
- fontsource-dongle/5.0.1/files/dongle-31-300-normal.woff.gz
- fontsource-dongle/5.0.1/files/dongle-31-300-normal.woff2
- fontsource-dongle/5.0.1/files/dongle-31-400-normal.woff.br
- fontsource-dongle/5.0.1/files/dongle-31-400-normal.woff.gz
- fontsource-dongle/5.0.1/files/dongle-31-400-normal.woff2
- fontsource-dongle/5.0.1/files/dongle-31-700-normal.woff.br
- fontsource-dongle/5.0.1/files/dongle-31-700-normal.woff.gz
- fontsource-dongle/5.0.1/files/dongle-31-700-normal.woff2
- fontsource-dongle/5.0.1/files/dongle-32-300-normal.woff.br
- fontsource-dongle/5.0.1/files/dongle-32-300-normal.woff.gz
- fontsource-dongle/5.0.1/files/dongle-32-300-normal.woff2
- fontsource-dongle/5.0.1/files/dongle-32-400-normal.woff.br
- fontsource-dongle/5.0.1/files/dongle-32-400-normal.woff.gz
- fontsource-dongle/5.0.1/files/dongle-32-400-normal.woff2
- fontsource-dongle/5.0.1/files/dongle-32-700-normal.woff.br
- fontsource-dongle/5.0.1/files/dongle-32-700-normal.woff.gz
- fontsource-dongle/5.0.1/files/dongle-32-700-normal.woff2
- fontsource-dongle/5.0.1/files/dongle-33-300-normal.woff.br
- fontsource-dongle/5.0.1/files/dongle-33-300-normal.woff.gz
- fontsource-dongle/5.0.1/files/dongle-33-300-normal.woff2
- fontsource-dongle/5.0.1/files/dongle-33-400-normal.woff.br
- fontsource-dongle/5.0.1/files/dongle-33-400-normal.woff.gz
- fontsource-dongle/5.0.1/files/dongle-33-400-normal.woff2
- fontsource-dongle/5.0.1/files/dongle-33-700-normal.woff.br
- fontsource-dongle/5.0.1/files/dongle-33-700-normal.woff.gz
- fontsource-dongle/5.0.1/files/dongle-33-700-normal.woff2
- fontsource-dongle/5.0.1/files/dongle-34-300-normal.woff.br
- fontsource-dongle/5.0.1/files/dongle-34-300-normal.woff.gz
- fontsource-dongle/5.0.1/files/dongle-34-300-normal.woff2
- fontsource-dongle/5.0.1/files/dongle-34-400-normal.woff.br
- fontsource-dongle/5.0.1/files/dongle-34-400-normal.woff.gz
- fontsource-dongle/5.0.1/files/dongle-34-400-normal.woff2
- fontsource-dongle/5.0.1/files/dongle-34-700-normal.woff.br
- fontsource-dongle/5.0.1/files/dongle-34-700-normal.woff.gz
- fontsource-dongle/5.0.1/files/dongle-34-700-normal.woff2
- fontsource-dongle/5.0.1/files/dongle-35-300-normal.woff.br
- fontsource-dongle/5.0.1/files/dongle-35-300-normal.woff.gz
- fontsource-dongle/5.0.1/files/dongle-35-300-normal.woff2
- fontsource-dongle/5.0.1/files/dongle-35-400-normal.woff.br
- fontsource-dongle/5.0.1/files/dongle-35-400-normal.woff.gz
- fontsource-dongle/5.0.1/files/dongle-35-400-normal.woff2
- fontsource-dongle/5.0.1/files/dongle-35-700-normal.woff.br
- fontsource-dongle/5.0.1/files/dongle-35-700-normal.woff.gz
- fontsource-dongle/5.0.1/files/dongle-35-700-normal.woff2
- fontsource-dongle/5.0.1/files/dongle-36-300-normal.woff.br
- fontsource-dongle/5.0.1/files/dongle-36-300-normal.woff.gz
- fontsource-dongle/5.0.1/files/dongle-36-300-normal.woff2
- fontsource-dongle/5.0.1/files/dongle-36-400-normal.woff.br
- fontsource-dongle/5.0.1/files/dongle-36-400-normal.woff.gz
- fontsource-dongle/5.0.1/files/dongle-36-400-normal.woff2
- fontsource-dongle/5.0.1/files/dongle-36-700-normal.woff.br
- fontsource-dongle/5.0.1/files/dongle-36-700-normal.woff.gz
- fontsource-dongle/5.0.1/files/dongle-36-700-normal.woff2
- fontsource-dongle/5.0.1/files/dongle-37-300-normal.woff.br
- fontsource-dongle/5.0.1/files/dongle-37-300-normal.woff.gz
- fontsource-dongle/5.0.1/files/dongle-37-300-normal.woff2
- fontsource-dongle/5.0.1/files/dongle-37-400-normal.woff.br
- fontsource-dongle/5.0.1/files/dongle-37-400-normal.woff.gz
- fontsource-dongle/5.0.1/files/dongle-37-400-normal.woff2
- fontsource-dongle/5.0.1/files/dongle-37-700-normal.woff.br
- fontsource-dongle/5.0.1/files/dongle-37-700-normal.woff.gz
- fontsource-dongle/5.0.1/files/dongle-37-700-normal.woff2
- fontsource-dongle/5.0.1/files/dongle-38-300-normal.woff.br
- fontsource-dongle/5.0.1/files/dongle-38-300-normal.woff.gz
- fontsource-dongle/5.0.1/files/dongle-38-300-normal.woff2
- fontsource-dongle/5.0.1/files/dongle-38-400-normal.woff.br
- fontsource-dongle/5.0.1/files/dongle-38-400-normal.woff.gz
- fontsource-dongle/5.0.1/files/dongle-38-400-normal.woff2
- fontsource-dongle/5.0.1/files/dongle-38-700-normal.woff.br
- fontsource-dongle/5.0.1/files/dongle-38-700-normal.woff.gz
- fontsource-dongle/5.0.1/files/dongle-38-700-normal.woff2
- fontsource-dongle/5.0.1/files/dongle-39-300-normal.woff.br
- fontsource-dongle/5.0.1/files/dongle-39-300-normal.woff.gz
- fontsource-dongle/5.0.1/files/dongle-39-300-normal.woff2
- fontsource-dongle/5.0.1/files/dongle-39-400-normal.woff.br
- fontsource-dongle/5.0.1/files/dongle-39-400-normal.woff.gz
- fontsource-dongle/5.0.1/files/dongle-39-400-normal.woff2
- fontsource-dongle/5.0.1/files/dongle-39-700-normal.woff.br
- fontsource-dongle/5.0.1/files/dongle-39-700-normal.woff.gz
- fontsource-dongle/5.0.1/files/dongle-39-700-normal.woff2
- fontsource-dongle/5.0.1/files/dongle-4-300-normal.woff.br
- fontsource-dongle/5.0.1/files/dongle-4-300-normal.woff.gz
- fontsource-dongle/5.0.1/files/dongle-4-300-normal.woff2
- fontsource-dongle/5.0.1/files/dongle-4-400-normal.woff.br
- fontsource-dongle/5.0.1/files/dongle-4-400-normal.woff.gz
- fontsource-dongle/5.0.1/files/dongle-4-400-normal.woff2
- fontsource-dongle/5.0.1/files/dongle-4-700-normal.woff.br
- fontsource-dongle/5.0.1/files/dongle-4-700-normal.woff.gz
- fontsource-dongle/5.0.1/files/dongle-4-700-normal.woff2
- fontsource-dongle/5.0.1/files/dongle-40-300-normal.woff.br
- fontsource-dongle/5.0.1/files/dongle-40-300-normal.woff.gz
- fontsource-dongle/5.0.1/files/dongle-40-300-normal.woff2
- fontsource-dongle/5.0.1/files/dongle-40-400-normal.woff.br
- fontsource-dongle/5.0.1/files/dongle-40-400-normal.woff.gz
- fontsource-dongle/5.0.1/files/dongle-40-400-normal.woff2
- fontsource-dongle/5.0.1/files/dongle-40-700-normal.woff.br
- fontsource-dongle/5.0.1/files/dongle-40-700-normal.woff.gz
- fontsource-dongle/5.0.1/files/dongle-40-700-normal.woff2
- fontsource-dongle/5.0.1/files/dongle-41-300-normal.woff.br
- fontsource-dongle/5.0.1/files/dongle-41-300-normal.woff.gz
- fontsource-dongle/5.0.1/files/dongle-41-300-normal.woff2
- fontsource-dongle/5.0.1/files/dongle-41-400-normal.woff.br
- fontsource-dongle/5.0.1/files/dongle-41-400-normal.woff.gz
- fontsource-dongle/5.0.1/files/dongle-41-400-normal.woff2
- fontsource-dongle/5.0.1/files/dongle-41-700-normal.woff.br
- fontsource-dongle/5.0.1/files/dongle-41-700-normal.woff.gz
- fontsource-dongle/5.0.1/files/dongle-41-700-normal.woff2
- fontsource-dongle/5.0.1/files/dongle-42-300-normal.woff.br
- fontsource-dongle/5.0.1/files/dongle-42-300-normal.woff.gz
- fontsource-dongle/5.0.1/files/dongle-42-300-normal.woff2
- fontsource-dongle/5.0.1/files/dongle-42-400-normal.woff.br
- fontsource-dongle/5.0.1/files/dongle-42-400-normal.woff.gz
- fontsource-dongle/5.0.1/files/dongle-42-400-normal.woff2
- fontsource-dongle/5.0.1/files/dongle-42-700-normal.woff.br
- fontsource-dongle/5.0.1/files/dongle-42-700-normal.woff.gz
- fontsource-dongle/5.0.1/files/dongle-42-700-normal.woff2
- fontsource-dongle/5.0.1/files/dongle-43-300-normal.woff.br
- fontsource-dongle/5.0.1/files/dongle-43-300-normal.woff.gz
- fontsource-dongle/5.0.1/files/dongle-43-300-normal.woff2
- fontsource-dongle/5.0.1/files/dongle-43-400-normal.woff.br
- fontsource-dongle/5.0.1/files/dongle-43-400-normal.woff.gz
- fontsource-dongle/5.0.1/files/dongle-43-400-normal.woff2
- fontsource-dongle/5.0.1/files/dongle-43-700-normal.woff.br
- fontsource-dongle/5.0.1/files/dongle-43-700-normal.woff.gz
- fontsource-dongle/5.0.1/files/dongle-43-700-normal.woff2
- fontsource-dongle/5.0.1/files/dongle-44-300-normal.woff.br
- fontsource-dongle/5.0.1/files/dongle-44-300-normal.woff.gz
- fontsource-dongle/5.0.1/files/dongle-44-300-normal.woff2
- fontsource-dongle/5.0.1/files/dongle-44-400-normal.woff.br
- fontsource-dongle/5.0.1/files/dongle-44-400-normal.woff.gz
- fontsource-dongle/5.0.1/files/dongle-44-400-normal.woff2
- fontsource-dongle/5.0.1/files/dongle-44-700-normal.woff.br
- fontsource-dongle/5.0.1/files/dongle-44-700-normal.woff.gz
- fontsource-dongle/5.0.1/files/dongle-44-700-normal.woff2
- fontsource-dongle/5.0.1/files/dongle-45-300-normal.woff.br
- fontsource-dongle/5.0.1/files/dongle-45-300-normal.woff.gz
- fontsource-dongle/5.0.1/files/dongle-45-300-normal.woff2
- fontsource-dongle/5.0.1/files/dongle-45-400-normal.woff.br
- fontsource-dongle/5.0.1/files/dongle-45-400-normal.woff.gz
- fontsource-dongle/5.0.1/files/dongle-45-400-normal.woff2
- fontsource-dongle/5.0.1/files/dongle-45-700-normal.woff.br
- fontsource-dongle/5.0.1/files/dongle-45-700-normal.woff.gz
- fontsource-dongle/5.0.1/files/dongle-45-700-normal.woff2
- fontsource-dongle/5.0.1/files/dongle-46-300-normal.woff.br
- fontsource-dongle/5.0.1/files/dongle-46-300-normal.woff.gz
- fontsource-dongle/5.0.1/files/dongle-46-300-normal.woff2
- fontsource-dongle/5.0.1/files/dongle-46-400-normal.woff.br
- fontsource-dongle/5.0.1/files/dongle-46-400-normal.woff.gz
- fontsource-dongle/5.0.1/files/dongle-46-400-normal.woff2
- fontsource-dongle/5.0.1/files/dongle-46-700-normal.woff.br
- fontsource-dongle/5.0.1/files/dongle-46-700-normal.woff.gz
- fontsource-dongle/5.0.1/files/dongle-46-700-normal.woff2
- fontsource-dongle/5.0.1/files/dongle-47-300-normal.woff.br
- fontsource-dongle/5.0.1/files/dongle-47-300-normal.woff.gz
- fontsource-dongle/5.0.1/files/dongle-47-300-normal.woff2
- fontsource-dongle/5.0.1/files/dongle-47-400-normal.woff.br
- fontsource-dongle/5.0.1/files/dongle-47-400-normal.woff.gz
- fontsource-dongle/5.0.1/files/dongle-47-400-normal.woff2
- fontsource-dongle/5.0.1/files/dongle-47-700-normal.woff.br
- fontsource-dongle/5.0.1/files/dongle-47-700-normal.woff.gz
- fontsource-dongle/5.0.1/files/dongle-47-700-normal.woff2
- fontsource-dongle/5.0.1/files/dongle-48-300-normal.woff.br
- fontsource-dongle/5.0.1/files/dongle-48-300-normal.woff.gz
- fontsource-dongle/5.0.1/files/dongle-48-300-normal.woff2
- fontsource-dongle/5.0.1/files/dongle-48-400-normal.woff.br
- fontsource-dongle/5.0.1/files/dongle-48-400-normal.woff.gz
- fontsource-dongle/5.0.1/files/dongle-48-400-normal.woff2
- fontsource-dongle/5.0.1/files/dongle-48-700-normal.woff.br
- fontsource-dongle/5.0.1/files/dongle-48-700-normal.woff.gz
- fontsource-dongle/5.0.1/files/dongle-48-700-normal.woff2
- fontsource-dongle/5.0.1/files/dongle-49-300-normal.woff.br
- fontsource-dongle/5.0.1/files/dongle-49-300-normal.woff.gz
- fontsource-dongle/5.0.1/files/dongle-49-300-normal.woff2
- fontsource-dongle/5.0.1/files/dongle-49-400-normal.woff.br
- fontsource-dongle/5.0.1/files/dongle-49-400-normal.woff.gz
- fontsource-dongle/5.0.1/files/dongle-49-400-normal.woff2
- fontsource-dongle/5.0.1/files/dongle-49-700-normal.woff.br
- fontsource-dongle/5.0.1/files/dongle-49-700-normal.woff.gz
- fontsource-dongle/5.0.1/files/dongle-49-700-normal.woff2
- fontsource-dongle/5.0.1/files/dongle-5-300-normal.woff.br
- fontsource-dongle/5.0.1/files/dongle-5-300-normal.woff.gz
- fontsource-dongle/5.0.1/files/dongle-5-300-normal.woff2
- fontsource-dongle/5.0.1/files/dongle-5-400-normal.woff.br
- fontsource-dongle/5.0.1/files/dongle-5-400-normal.woff.gz
- fontsource-dongle/5.0.1/files/dongle-5-400-normal.woff2
- fontsource-dongle/5.0.1/files/dongle-5-700-normal.woff.br
- fontsource-dongle/5.0.1/files/dongle-5-700-normal.woff.gz
- fontsource-dongle/5.0.1/files/dongle-5-700-normal.woff2
- fontsource-dongle/5.0.1/files/dongle-50-300-normal.woff.br
- fontsource-dongle/5.0.1/files/dongle-50-300-normal.woff.gz
- fontsource-dongle/5.0.1/files/dongle-50-300-normal.woff2
- fontsource-dongle/5.0.1/files/dongle-50-400-normal.woff.br
- fontsource-dongle/5.0.1/files/dongle-50-400-normal.woff.gz
- fontsource-dongle/5.0.1/files/dongle-50-400-normal.woff2
- fontsource-dongle/5.0.1/files/dongle-50-700-normal.woff.br
- fontsource-dongle/5.0.1/files/dongle-50-700-normal.woff.gz
- fontsource-dongle/5.0.1/files/dongle-50-700-normal.woff2
- fontsource-dongle/5.0.1/files/dongle-51-300-normal.woff.br
- fontsource-dongle/5.0.1/files/dongle-51-300-normal.woff.gz
- fontsource-dongle/5.0.1/files/dongle-51-300-normal.woff2
- fontsource-dongle/5.0.1/files/dongle-51-400-normal.woff.br
- fontsource-dongle/5.0.1/files/dongle-51-400-normal.woff.gz
- fontsource-dongle/5.0.1/files/dongle-51-400-normal.woff2
- fontsource-dongle/5.0.1/files/dongle-51-700-normal.woff.br
- fontsource-dongle/5.0.1/files/dongle-51-700-normal.woff.gz
- fontsource-dongle/5.0.1/files/dongle-51-700-normal.woff2
- fontsource-dongle/5.0.1/files/dongle-52-300-normal.woff.br
- fontsource-dongle/5.0.1/files/dongle-52-300-normal.woff.gz
- fontsource-dongle/5.0.1/files/dongle-52-300-normal.woff2
- fontsource-dongle/5.0.1/files/dongle-52-400-normal.woff.br
- fontsource-dongle/5.0.1/files/dongle-52-400-normal.woff.gz
- fontsource-dongle/5.0.1/files/dongle-52-400-normal.woff2
- fontsource-dongle/5.0.1/files/dongle-52-700-normal.woff.br
- fontsource-dongle/5.0.1/files/dongle-52-700-normal.woff.gz
- fontsource-dongle/5.0.1/files/dongle-52-700-normal.woff2
- fontsource-dongle/5.0.1/files/dongle-53-300-normal.woff.br
- fontsource-dongle/5.0.1/files/dongle-53-300-normal.woff.gz
- fontsource-dongle/5.0.1/files/dongle-53-300-normal.woff2
- fontsource-dongle/5.0.1/files/dongle-53-400-normal.woff.br
- fontsource-dongle/5.0.1/files/dongle-53-400-normal.woff.gz
- fontsource-dongle/5.0.1/files/dongle-53-400-normal.woff2
- fontsource-dongle/5.0.1/files/dongle-53-700-normal.woff.br
- fontsource-dongle/5.0.1/files/dongle-53-700-normal.woff.gz
- fontsource-dongle/5.0.1/files/dongle-53-700-normal.woff2
- fontsource-dongle/5.0.1/files/dongle-54-300-normal.woff.br
- fontsource-dongle/5.0.1/files/dongle-54-300-normal.woff.gz
- fontsource-dongle/5.0.1/files/dongle-54-300-normal.woff2
- fontsource-dongle/5.0.1/files/dongle-54-400-normal.woff.br
- fontsource-dongle/5.0.1/files/dongle-54-400-normal.woff.gz
- fontsource-dongle/5.0.1/files/dongle-54-400-normal.woff2
- fontsource-dongle/5.0.1/files/dongle-54-700-normal.woff.br
- fontsource-dongle/5.0.1/files/dongle-54-700-normal.woff.gz
- fontsource-dongle/5.0.1/files/dongle-54-700-normal.woff2
- fontsource-dongle/5.0.1/files/dongle-55-300-normal.woff.br
- fontsource-dongle/5.0.1/files/dongle-55-300-normal.woff.gz
- fontsource-dongle/5.0.1/files/dongle-55-300-normal.woff2
- fontsource-dongle/5.0.1/files/dongle-55-400-normal.woff.br
- fontsource-dongle/5.0.1/files/dongle-55-400-normal.woff.gz
- fontsource-dongle/5.0.1/files/dongle-55-400-normal.woff2
- fontsource-dongle/5.0.1/files/dongle-55-700-normal.woff.br
- fontsource-dongle/5.0.1/files/dongle-55-700-normal.woff.gz
- fontsource-dongle/5.0.1/files/dongle-55-700-normal.woff2
- fontsource-dongle/5.0.1/files/dongle-56-300-normal.woff.br
- fontsource-dongle/5.0.1/files/dongle-56-300-normal.woff.gz
- fontsource-dongle/5.0.1/files/dongle-56-300-normal.woff2
- fontsource-dongle/5.0.1/files/dongle-56-400-normal.woff.br
- fontsource-dongle/5.0.1/files/dongle-56-400-normal.woff.gz
- fontsource-dongle/5.0.1/files/dongle-56-400-normal.woff2
- fontsource-dongle/5.0.1/files/dongle-56-700-normal.woff.br
- fontsource-dongle/5.0.1/files/dongle-56-700-normal.woff.gz
- fontsource-dongle/5.0.1/files/dongle-56-700-normal.woff2
- fontsource-dongle/5.0.1/files/dongle-57-300-normal.woff.br
- fontsource-dongle/5.0.1/files/dongle-57-300-normal.woff.gz
- fontsource-dongle/5.0.1/files/dongle-57-300-normal.woff2
- fontsource-dongle/5.0.1/files/dongle-57-400-normal.woff.br
- fontsource-dongle/5.0.1/files/dongle-57-400-normal.woff.gz
- fontsource-dongle/5.0.1/files/dongle-57-400-normal.woff2
- fontsource-dongle/5.0.1/files/dongle-57-700-normal.woff.br
- fontsource-dongle/5.0.1/files/dongle-57-700-normal.woff.gz
- fontsource-dongle/5.0.1/files/dongle-57-700-normal.woff2
- fontsource-dongle/5.0.1/files/dongle-58-300-normal.woff.br
- fontsource-dongle/5.0.1/files/dongle-58-300-normal.woff.gz
- fontsource-dongle/5.0.1/files/dongle-58-300-normal.woff2
- fontsource-dongle/5.0.1/files/dongle-58-400-normal.woff.br
- fontsource-dongle/5.0.1/files/dongle-58-400-normal.woff.gz
- fontsource-dongle/5.0.1/files/dongle-58-400-normal.woff2
- fontsource-dongle/5.0.1/files/dongle-58-700-normal.woff.br
- fontsource-dongle/5.0.1/files/dongle-58-700-normal.woff.gz
- fontsource-dongle/5.0.1/files/dongle-58-700-normal.woff2
- fontsource-dongle/5.0.1/files/dongle-59-300-normal.woff.br
- fontsource-dongle/5.0.1/files/dongle-59-300-normal.woff.gz
- fontsource-dongle/5.0.1/files/dongle-59-300-normal.woff2
- fontsource-dongle/5.0.1/files/dongle-59-400-normal.woff.br
- fontsource-dongle/5.0.1/files/dongle-59-400-normal.woff.gz
- fontsource-dongle/5.0.1/files/dongle-59-400-normal.woff2
- fontsource-dongle/5.0.1/files/dongle-59-700-normal.woff.br
- fontsource-dongle/5.0.1/files/dongle-59-700-normal.woff.gz
- fontsource-dongle/5.0.1/files/dongle-59-700-normal.woff2
- fontsource-dongle/5.0.1/files/dongle-6-300-normal.woff.br
- fontsource-dongle/5.0.1/files/dongle-6-300-normal.woff.gz
- fontsource-dongle/5.0.1/files/dongle-6-300-normal.woff2
- fontsource-dongle/5.0.1/files/dongle-6-400-normal.woff.br
- fontsource-dongle/5.0.1/files/dongle-6-400-normal.woff.gz
- fontsource-dongle/5.0.1/files/dongle-6-400-normal.woff2
- fontsource-dongle/5.0.1/files/dongle-6-700-normal.woff.br
- fontsource-dongle/5.0.1/files/dongle-6-700-normal.woff.gz
- fontsource-dongle/5.0.1/files/dongle-6-700-normal.woff2
- fontsource-dongle/5.0.1/files/dongle-60-300-normal.woff.br
- fontsource-dongle/5.0.1/files/dongle-60-300-normal.woff.gz
- fontsource-dongle/5.0.1/files/dongle-60-300-normal.woff2
- fontsource-dongle/5.0.1/files/dongle-60-400-normal.woff.br
- fontsource-dongle/5.0.1/files/dongle-60-400-normal.woff.gz
- fontsource-dongle/5.0.1/files/dongle-60-400-normal.woff2
- fontsource-dongle/5.0.1/files/dongle-60-700-normal.woff.br
- fontsource-dongle/5.0.1/files/dongle-60-700-normal.woff.gz
- fontsource-dongle/5.0.1/files/dongle-60-700-normal.woff2
- fontsource-dongle/5.0.1/files/dongle-61-300-normal.woff.br
- fontsource-dongle/5.0.1/files/dongle-61-300-normal.woff.gz
- fontsource-dongle/5.0.1/files/dongle-61-300-normal.woff2
- fontsource-dongle/5.0.1/files/dongle-61-400-normal.woff.br
- fontsource-dongle/5.0.1/files/dongle-61-400-normal.woff.gz
- fontsource-dongle/5.0.1/files/dongle-61-400-normal.woff2
- fontsource-dongle/5.0.1/files/dongle-61-700-normal.woff.br
- fontsource-dongle/5.0.1/files/dongle-61-700-normal.woff.gz
- fontsource-dongle/5.0.1/files/dongle-61-700-normal.woff2
- fontsource-dongle/5.0.1/files/dongle-62-300-normal.woff.br
- fontsource-dongle/5.0.1/files/dongle-62-300-normal.woff.gz
- fontsource-dongle/5.0.1/files/dongle-62-300-normal.woff2
- fontsource-dongle/5.0.1/files/dongle-62-400-normal.woff.br
- fontsource-dongle/5.0.1/files/dongle-62-400-normal.woff.gz
- fontsource-dongle/5.0.1/files/dongle-62-400-normal.woff2
- fontsource-dongle/5.0.1/files/dongle-62-700-normal.woff.br
- fontsource-dongle/5.0.1/files/dongle-62-700-normal.woff.gz
- fontsource-dongle/5.0.1/files/dongle-62-700-normal.woff2
- fontsource-dongle/5.0.1/files/dongle-63-300-normal.woff.br
- fontsource-dongle/5.0.1/files/dongle-63-300-normal.woff.gz
- fontsource-dongle/5.0.1/files/dongle-63-300-normal.woff2
- fontsource-dongle/5.0.1/files/dongle-63-400-normal.woff.br
- fontsource-dongle/5.0.1/files/dongle-63-400-normal.woff.gz
- fontsource-dongle/5.0.1/files/dongle-63-400-normal.woff2
- fontsource-dongle/5.0.1/files/dongle-63-700-normal.woff.br
- fontsource-dongle/5.0.1/files/dongle-63-700-normal.woff.gz
- fontsource-dongle/5.0.1/files/dongle-63-700-normal.woff2
- fontsource-dongle/5.0.1/files/dongle-64-300-normal.woff.br
- fontsource-dongle/5.0.1/files/dongle-64-300-normal.woff.gz
- fontsource-dongle/5.0.1/files/dongle-64-300-normal.woff2
- fontsource-dongle/5.0.1/files/dongle-64-400-normal.woff.br
- fontsource-dongle/5.0.1/files/dongle-64-400-normal.woff.gz
- fontsource-dongle/5.0.1/files/dongle-64-400-normal.woff2
- fontsource-dongle/5.0.1/files/dongle-64-700-normal.woff.br
- fontsource-dongle/5.0.1/files/dongle-64-700-normal.woff.gz
- fontsource-dongle/5.0.1/files/dongle-64-700-normal.woff2
- fontsource-dongle/5.0.1/files/dongle-65-300-normal.woff.br
- fontsource-dongle/5.0.1/files/dongle-65-300-normal.woff.gz
- fontsource-dongle/5.0.1/files/dongle-65-300-normal.woff2
- fontsource-dongle/5.0.1/files/dongle-65-400-normal.woff.br
- fontsource-dongle/5.0.1/files/dongle-65-400-normal.woff.gz
- fontsource-dongle/5.0.1/files/dongle-65-400-normal.woff2
- fontsource-dongle/5.0.1/files/dongle-65-700-normal.woff.br
- fontsource-dongle/5.0.1/files/dongle-65-700-normal.woff.gz
- fontsource-dongle/5.0.1/files/dongle-65-700-normal.woff2
- fontsource-dongle/5.0.1/files/dongle-7-300-normal.woff.br
- fontsource-dongle/5.0.1/files/dongle-7-300-normal.woff.gz
- fontsource-dongle/5.0.1/files/dongle-7-300-normal.woff2
- fontsource-dongle/5.0.1/files/dongle-7-400-normal.woff.br
- fontsource-dongle/5.0.1/files/dongle-7-400-normal.woff.gz
- fontsource-dongle/5.0.1/files/dongle-7-400-normal.woff2
- fontsource-dongle/5.0.1/files/dongle-7-700-normal.woff.br
- fontsource-dongle/5.0.1/files/dongle-7-700-normal.woff.gz
- fontsource-dongle/5.0.1/files/dongle-7-700-normal.woff2
- fontsource-dongle/5.0.1/files/dongle-8-300-normal.woff.br
- fontsource-dongle/5.0.1/files/dongle-8-300-normal.woff.gz
- fontsource-dongle/5.0.1/files/dongle-8-300-normal.woff2
- fontsource-dongle/5.0.1/files/dongle-8-400-normal.woff.br
- fontsource-dongle/5.0.1/files/dongle-8-400-normal.woff.gz
- fontsource-dongle/5.0.1/files/dongle-8-400-normal.woff2
- fontsource-dongle/5.0.1/files/dongle-8-700-normal.woff.br
- fontsource-dongle/5.0.1/files/dongle-8-700-normal.woff.gz
- fontsource-dongle/5.0.1/files/dongle-8-700-normal.woff2
- fontsource-dongle/5.0.1/files/dongle-9-300-normal.woff.br
- fontsource-dongle/5.0.1/files/dongle-9-300-normal.woff.gz
- fontsource-dongle/5.0.1/files/dongle-9-300-normal.woff2
- fontsource-dongle/5.0.1/files/dongle-9-400-normal.woff.br
- fontsource-dongle/5.0.1/files/dongle-9-400-normal.woff.gz
- fontsource-dongle/5.0.1/files/dongle-9-400-normal.woff2
- fontsource-dongle/5.0.1/files/dongle-9-700-normal.woff.br
- fontsource-dongle/5.0.1/files/dongle-9-700-normal.woff.gz
- fontsource-dongle/5.0.1/files/dongle-9-700-normal.woff2
- fontsource-dongle/5.0.1/files/dongle-93-300-normal.woff.br
- fontsource-dongle/5.0.1/files/dongle-93-300-normal.woff.gz
- fontsource-dongle/5.0.1/files/dongle-93-300-normal.woff2
- fontsource-dongle/5.0.1/files/dongle-93-400-normal.woff.br
- fontsource-dongle/5.0.1/files/dongle-93-400-normal.woff.gz
- fontsource-dongle/5.0.1/files/dongle-93-400-normal.woff2
- fontsource-dongle/5.0.1/files/dongle-93-700-normal.woff.br
- fontsource-dongle/5.0.1/files/dongle-93-700-normal.woff.gz
- fontsource-dongle/5.0.1/files/dongle-93-700-normal.woff2
- fontsource-dongle/5.0.1/files/dongle-94-300-normal.woff.br
- fontsource-dongle/5.0.1/files/dongle-94-300-normal.woff.gz
- fontsource-dongle/5.0.1/files/dongle-94-300-normal.woff2
- fontsource-dongle/5.0.1/files/dongle-94-400-normal.woff.br
- fontsource-dongle/5.0.1/files/dongle-94-400-normal.woff.gz
- fontsource-dongle/5.0.1/files/dongle-94-400-normal.woff2
- fontsource-dongle/5.0.1/files/dongle-94-700-normal.woff.br
- fontsource-dongle/5.0.1/files/dongle-94-700-normal.woff.gz
- fontsource-dongle/5.0.1/files/dongle-94-700-normal.woff2
- fontsource-dongle/5.0.1/files/dongle-95-300-normal.woff.br
- fontsource-dongle/5.0.1/files/dongle-95-300-normal.woff.gz
- fontsource-dongle/5.0.1/files/dongle-95-300-normal.woff2
- fontsource-dongle/5.0.1/files/dongle-95-400-normal.woff.br
- fontsource-dongle/5.0.1/files/dongle-95-400-normal.woff.gz
- fontsource-dongle/5.0.1/files/dongle-95-400-normal.woff2
- fontsource-dongle/5.0.1/files/dongle-95-700-normal.woff.br
- fontsource-dongle/5.0.1/files/dongle-95-700-normal.woff.gz
- fontsource-dongle/5.0.1/files/dongle-95-700-normal.woff2
- fontsource-dongle/5.0.1/files/dongle-96-300-normal.woff.br
- fontsource-dongle/5.0.1/files/dongle-96-300-normal.woff.gz
- fontsource-dongle/5.0.1/files/dongle-96-300-normal.woff2
- fontsource-dongle/5.0.1/files/dongle-96-400-normal.woff.br
- fontsource-dongle/5.0.1/files/dongle-96-400-normal.woff.gz
- fontsource-dongle/5.0.1/files/dongle-96-400-normal.woff2
- fontsource-dongle/5.0.1/files/dongle-96-700-normal.woff.br
- fontsource-dongle/5.0.1/files/dongle-96-700-normal.woff.gz
- fontsource-dongle/5.0.1/files/dongle-96-700-normal.woff2
- fontsource-dongle/5.0.1/files/dongle-97-300-normal.woff.br
- fontsource-dongle/5.0.1/files/dongle-97-300-normal.woff.gz
- fontsource-dongle/5.0.1/files/dongle-97-300-normal.woff2
- fontsource-dongle/5.0.1/files/dongle-97-400-normal.woff.br
- fontsource-dongle/5.0.1/files/dongle-97-400-normal.woff.gz
- fontsource-dongle/5.0.1/files/dongle-97-400-normal.woff2
- fontsource-dongle/5.0.1/files/dongle-97-700-normal.woff.br
- fontsource-dongle/5.0.1/files/dongle-97-700-normal.woff.gz
- fontsource-dongle/5.0.1/files/dongle-97-700-normal.woff2
- fontsource-dongle/5.0.1/files/dongle-98-300-normal.woff.br
- fontsource-dongle/5.0.1/files/dongle-98-300-normal.woff.gz
- fontsource-dongle/5.0.1/files/dongle-98-300-normal.woff2
- fontsource-dongle/5.0.1/files/dongle-98-400-normal.woff.br
- fontsource-dongle/5.0.1/files/dongle-98-400-normal.woff.gz
- fontsource-dongle/5.0.1/files/dongle-98-400-normal.woff2
- fontsource-dongle/5.0.1/files/dongle-98-700-normal.woff.br
- fontsource-dongle/5.0.1/files/dongle-98-700-normal.woff.gz
- fontsource-dongle/5.0.1/files/dongle-98-700-normal.woff2
- fontsource-dongle/5.0.1/files/dongle-99-300-normal.woff.br
- fontsource-dongle/5.0.1/files/dongle-99-300-normal.woff.gz
- fontsource-dongle/5.0.1/files/dongle-99-300-normal.woff2
- fontsource-dongle/5.0.1/files/dongle-99-400-normal.woff.br
- fontsource-dongle/5.0.1/files/dongle-99-400-normal.woff.gz
- fontsource-dongle/5.0.1/files/dongle-99-400-normal.woff2
- fontsource-dongle/5.0.1/files/dongle-99-700-normal.woff.br
- fontsource-dongle/5.0.1/files/dongle-99-700-normal.woff.gz
- fontsource-dongle/5.0.1/files/dongle-99-700-normal.woff2
- fontsource-dongle/5.0.1/files/dongle-korean-300-normal.woff.br
- fontsource-dongle/5.0.1/files/dongle-korean-300-normal.woff.gz
- fontsource-dongle/5.0.1/files/dongle-korean-300-normal.woff2
- fontsource-dongle/5.0.1/files/dongle-korean-400-normal.woff.br
- fontsource-dongle/5.0.1/files/dongle-korean-400-normal.woff.gz
- fontsource-dongle/5.0.1/files/dongle-korean-400-normal.woff2
- fontsource-dongle/5.0.1/files/dongle-korean-700-normal.woff.br
- fontsource-dongle/5.0.1/files/dongle-korean-700-normal.woff.gz
- fontsource-dongle/5.0.1/files/dongle-korean-700-normal.woff2
- fontsource-dongle/5.0.1/files/dongle-latin-300-normal.woff.br
- fontsource-dongle/5.0.1/files/dongle-latin-300-normal.woff.gz
- fontsource-dongle/5.0.1/files/dongle-latin-300-normal.woff2
- fontsource-dongle/5.0.1/files/dongle-latin-400-normal.woff.br
- fontsource-dongle/5.0.1/files/dongle-latin-400-normal.woff.gz
- fontsource-dongle/5.0.1/files/dongle-latin-400-normal.woff2
- fontsource-dongle/5.0.1/files/dongle-latin-700-normal.woff.br
- fontsource-dongle/5.0.1/files/dongle-latin-700-normal.woff.gz
- fontsource-dongle/5.0.1/files/dongle-latin-700-normal.woff2
- fontsource-dongle/5.0.1/files/dongle-latin-ext-300-normal.woff.br
- fontsource-dongle/5.0.1/files/dongle-latin-ext-300-normal.woff.gz
- fontsource-dongle/5.0.1/files/dongle-latin-ext-300-normal.woff2
- fontsource-dongle/5.0.1/files/dongle-latin-ext-400-normal.woff.br
- fontsource-dongle/5.0.1/files/dongle-latin-ext-400-normal.woff.gz
- fontsource-dongle/5.0.1/files/dongle-latin-ext-400-normal.woff2
- fontsource-dongle/5.0.1/files/dongle-latin-ext-700-normal.woff.br
- fontsource-dongle/5.0.1/files/dongle-latin-ext-700-normal.woff.gz
- fontsource-dongle/5.0.1/files/dongle-latin-ext-700-normal.woff2
- fontsource-dongle/5.0.1/files/dongle-vietnamese-300-normal.woff.br
- fontsource-dongle/5.0.1/files/dongle-vietnamese-300-normal.woff.gz
- fontsource-dongle/5.0.1/files/dongle-vietnamese-300-normal.woff2
- fontsource-dongle/5.0.1/files/dongle-vietnamese-400-normal.woff.br
- fontsource-dongle/5.0.1/files/dongle-vietnamese-400-normal.woff.gz
- fontsource-dongle/5.0.1/files/dongle-vietnamese-400-normal.woff2
- fontsource-dongle/5.0.1/files/dongle-vietnamese-700-normal.woff.br
- fontsource-dongle/5.0.1/files/dongle-vietnamese-700-normal.woff.gz
- fontsource-dongle/5.0.1/files/dongle-vietnamese-700-normal.woff2
- fontsource-dongle/5.0.1/index.css.br
- fontsource-dongle/5.0.1/index.css.gz
- fontsource-dongle/5.0.1/index.min.css.br
- fontsource-dongle/5.0.1/index.min.css.gz
- fontsource-dongle/5.0.1/korean-300.css.br
- fontsource-dongle/5.0.1/korean-300.css.gz
- fontsource-dongle/5.0.1/korean-300.min.css.br
- fontsource-dongle/5.0.1/korean-300.min.css.gz
- fontsource-dongle/5.0.1/korean-400.css.br
- fontsource-dongle/5.0.1/korean-400.css.gz
- fontsource-dongle/5.0.1/korean-400.min.css.br
- fontsource-dongle/5.0.1/korean-400.min.css.gz
- fontsource-dongle/5.0.1/korean-700.css.br
- fontsource-dongle/5.0.1/korean-700.css.gz
- fontsource-dongle/5.0.1/korean-700.min.css.br
- fontsource-dongle/5.0.1/korean-700.min.css.gz
- fontsource-dongle/5.0.1/korean.css.br
- fontsource-dongle/5.0.1/korean.css.gz
- fontsource-dongle/5.0.1/korean.min.css.br
- fontsource-dongle/5.0.1/korean.min.css.gz
- fontsource-dongle/5.0.1/latin-300.css.br
- fontsource-dongle/5.0.1/latin-300.css.gz
- fontsource-dongle/5.0.1/latin-300.min.css.br
- fontsource-dongle/5.0.1/latin-300.min.css.gz
- fontsource-dongle/5.0.1/latin-400.css.br
- fontsource-dongle/5.0.1/latin-400.css.gz
- fontsource-dongle/5.0.1/latin-400.min.css.br
- fontsource-dongle/5.0.1/latin-400.min.css.gz
- fontsource-dongle/5.0.1/latin-700.css.br
- fontsource-dongle/5.0.1/latin-700.css.gz
- fontsource-dongle/5.0.1/latin-700.min.css.br
- fontsource-dongle/5.0.1/latin-700.min.css.gz
- fontsource-dongle/5.0.1/latin-ext-300.css.br
- fontsource-dongle/5.0.1/latin-ext-300.css.gz
- fontsource-dongle/5.0.1/latin-ext-300.min.css.br
- fontsource-dongle/5.0.1/latin-ext-300.min.css.gz
- fontsource-dongle/5.0.1/latin-ext-400.css.br
- fontsource-dongle/5.0.1/latin-ext-400.css.gz
- fontsource-dongle/5.0.1/latin-ext-400.min.css.br
- fontsource-dongle/5.0.1/latin-ext-400.min.css.gz
- fontsource-dongle/5.0.1/latin-ext-700.css.br
- fontsource-dongle/5.0.1/latin-ext-700.css.gz
- fontsource-dongle/5.0.1/latin-ext-700.min.css.br
- fontsource-dongle/5.0.1/latin-ext-700.min.css.gz
- fontsource-dongle/5.0.1/latin-ext.css.br
- fontsource-dongle/5.0.1/latin-ext.css.gz
- fontsource-dongle/5.0.1/latin-ext.min.css.br
- fontsource-dongle/5.0.1/latin-ext.min.css.gz
- fontsource-dongle/5.0.1/latin.css.br
- fontsource-dongle/5.0.1/latin.css.gz
- fontsource-dongle/5.0.1/latin.min.css.br
- fontsource-dongle/5.0.1/latin.min.css.gz
- fontsource-dongle/5.0.1/vietnamese-300.css.br
- fontsource-dongle/5.0.1/vietnamese-300.css.gz
- fontsource-dongle/5.0.1/vietnamese-300.min.css.br
- fontsource-dongle/5.0.1/vietnamese-300.min.css.gz
- fontsource-dongle/5.0.1/vietnamese-400.css.br
- fontsource-dongle/5.0.1/vietnamese-400.css.gz
- fontsource-dongle/5.0.1/vietnamese-400.min.css.br
- fontsource-dongle/5.0.1/vietnamese-400.min.css.gz
- fontsource-dongle/5.0.1/vietnamese-700.css.br
- fontsource-dongle/5.0.1/vietnamese-700.css.gz
- fontsource-dongle/5.0.1/vietnamese-700.min.css.br
- fontsource-dongle/5.0.1/vietnamese-700.min.css.gz
- fontsource-dongle/5.0.1/vietnamese.css.br
- fontsource-dongle/5.0.1/vietnamese.css.gz
- fontsource-dongle/5.0.1/vietnamese.min.css.br
- fontsource-dongle/5.0.1/vietnamese.min.css.gz
SRIs:
- fontsource-dongle/5.0.1/latin-300.css: sha512-XN2VAdfoi2LBvJvKepbnVQanaBthM7gxJspI4HXhEFUst8hLBxZDu39uUultqKgymB3tJTupWvpHdYiyqFB+Mg==
- fontsource-dongle/5.0.1/latin-700.min.css: sha512-O/C10gIkuGTUoQGdsw8uXKMsf5TVjd9+qK8bI8Rqc6vK4U0Iw+LGmQtB3lg0lIQ1Ddi304TZpnNZsTO4Ok0vAA==
- fontsource-dongle/5.0.1/vietnamese-700.css: sha512-u74HGBQZFEyhQtySJlBFJPgsEhimUfPcW+SsqpG20HpDA7QiW9JuKVNOa5oJzip18ZXkVgW4p2YMUg3BBufgGQ==
- fontsource-dongle/5.0.1/300.css: sha512-YCodJfvvGomvUy5x4b3ae00ptRCXPp1EImAiDRPnQIhlURo5T3CzKeXfDzHR2nz2KWy/JfHZb1+QdTZy6SdjMg==
- fontsource-dongle/5.0.1/700.css: sha512-8mrKgMvtr8p8iHxMCKIb8jxnwQHZVJeSqa9BJresuOpkmgi1hswhU/Q2SaYLFmiKR5hMDaFT2EmTcA5J/3ECAg==
- fontsource-dongle/5.0.1/korean.css: sha512-gk9rix4KfJMB4dJhbh48Kc5YStVwEGvN3yp+Y4/u8Us10BE15JiIvMtpeZzvmmqHDpEFW7ERPsJnVS4yZnxE6g==
- fontsource-dongle/5.0.1/latin-700.css: sha512-jnf2R3/YWUSNVBdE9pOCwq6IVBevYMZk2X14FgRR9Z/ImoYvtf438v7yZowQTY4FIqgaHUiJasdy/vDJFU4Cig==
- fontsource-dongle/5.0.1/latin-ext-700.min.css: sha512-3yGIYRKpkb30gFUVpDiU3FDo4gVjfXCa1JX+NHmSO2rO8wGULp5K5t5gEniym674aa+7HuHingBRbv/XKvmYhQ==
- fontsource-dongle/5.0.1/vietnamese.min.css: sha512-pU3pwoc/wdngHcO9w+ss6k7WFf5kHXkHKefu6+d0cwpFlrfewORghYNnW1C9L/TejdcEgWW2ADVdaCKu4Z1/ew==
- fontsource-dongle/5.0.1/400.min.css: sha512-t7fqw7pvRTDoFpnLiKzDu6NN9uWCfa/GLpRwMfbbW+tMZoHpAZZv1eo+YX7F2Go/LfO4T4GcHIBZIDyxi/Scfw==
- fontsource-dongle/5.0.1/korean-300.css: sha512-iyMO4enIeGXVhHFTcorkc9+BaImGGjdqwUd7HeRje4MJ7l/Y8mZwwA3mgGvZirI/3CKR3olNCPgQVV9LFFDx8w==
- fontsource-dongle/5.0.1/korean-400.css: sha512-lTXB8SASuf2A0ej1crBTkPCq7Wb3fFkZe91sul2cSuGxQhbBdiJCfN6ehKmBw3J1WJe92QMse7V5UpjKlgetnA==
- fontsource-dongle/5.0.1/latin-ext-400.css: sha512-9k6gDEC+/pWu6kR8AeMCA6n3fY4Jsaq1E/g7VtTAU1awZmi0BvqJP9RaB9fpCSYayvHq8eVWTRQzaYkbIc/mLA==
- fontsource-dongle/5.0.1/latin-ext-700.css: sha512-BS0o4K1n6o0v5oJ76pyNsdjHTerIAe1okYQyzi6+Xh6PNg/I+XGhhxnqL8nBkZMMc1+/0cSwJdwHKA4+LVx9cg==
- fontsource-dongle/5.0.1/latin-ext.min.css: sha512-pnF7Cen8oKVBvTjd0BLl0u+6/RJRe2GqWUJdS+yfSzNnwjR29JWfoqrMcLTV85+gfSKxbM/un6QCPC23sJcuFw==
- fontsource-dongle/5.0.1/vietnamese-400.min.css: sha512-mVtS08etjp5UD4FAgfqbDgd8bakghwG+5guuutOUCe9ncgDRZ3nghF8IOOOvP5kPMKXEOCt6fg43dBiB0OftLQ==
- fontsource-dongle/5.0.1/400.css: sha512-M5ksTq6AxwpZrUQCYhSBFm5/AF32v3Q3eK8d67CYHbyypoLtnGnAFj+lCpHOTwIAxOXvhIJdrgO1SpeuOi0CcA==
- fontsource-dongle/5.0.1/index.css: sha512-M5ksTq6AxwpZrUQCYhSBFm5/AF32v3Q3eK8d67CYHbyypoLtnGnAFj+lCpHOTwIAxOXvhIJdrgO1SpeuOi0CcA==
- fontsource-dongle/5.0.1/latin-400.css: sha512-ZO/rIihL6jaf5weAM6n3FI6mOBXO1o2H6cc5USEF/u61Wn9skObIYPponIKuNMp2sAKyhSrROU1egdxdPUE87w==
- fontsource-dongle/5.0.1/latin-ext-300.css: sha512-l/xQvMAIvgxBtjwtVtm1V7Jk+gQwtOKlE77iaWOM4fRqI73ISZmMf0vfVjuB6Bn/AgglAzGyrpkcttXEwYB9Gg==
- fontsource-dongle/5.0.1/latin-ext-300.min.css: sha512-BHddMJghdIvCnU1lO0bUwJrICy9P+0fwi9NyVRAO7W8PDS1/ZZcc869aYe4jkHqLf6b9xfJsmhJzL/ydSkYvmQ==
- fontsource-dongle/5.0.1/latin.min.css: sha512-aKNhxbH//oW7xvFjtIftRRLhjiCDi8IYu0ZEtQEdh2s9wVRkXplE8ppRUKtxw4tzHzoYgikM+mFsqYkzay1NyQ==
- fontsource-dongle/5.0.1/vietnamese-300.css: sha512-btYWm/xVYI42WHLj53wbTD47mgWQ6bjL15XQS++OtV+/zsON7AEhXUsz9Z8IyHf+TAmHIgaYS6Z+wx2GVXlU4Q==
- fontsource-dongle/5.0.1/vietnamese-400.css: sha512-PH5uxPTXpTgVtdl9N8ifDxin+x4FYBP/LUrl1qDNVM/KDYwa31ozavI0XGyK1Lz1NI1gk/CU/dGk/AzJiZWSrA==
- fontsource-dongle/5.0.1/korean-300.min.css: sha512-3FPghwFAVlQ0a7ozL68g5EDf6gXMS7hVqMUgaMpB+hGx1BCqJtGv3LfDehcH/Zx9xsaJ+VATKQFGAasFc640SQ==
- fontsource-dongle/5.0.1/korean.min.css: sha512-3C8mNsqut09wPnhPcMkyebFExi/oR0jxUir21CqtmIvqquGOZcDvDxUgwRSrX+f1psNhFc88WH6/V0eeymdEHA==
- fontsource-dongle/5.0.1/latin-ext.css: sha512-rkH1dxm6NF7Df1KtVuMxgUkJ4lNLYnuclxhkSrJChQJ0lO0n6Uladew44V95q5FCYsShkSLiFnkeI+E9O5Ystg==
- fontsource-dongle/5.0.1/vietnamese-300.min.css: sha512-bRUiBv0frL+30nVyV4cKaChT6eIPg6hLs95m3dEqSomDHEp9FQzvjjlr6Y1gVjEk3950VlwWzXDpXoMWVl2Aow==
- fontsource-dongle/5.0.1/korean-400.min.css: sha512-zZsBwYR7KR1MrUWkm245MzVP6lCn4a5ImIWsxGQ5ld+nTZ+H2+ycra2oSopnEQQXZX9cvvzt7LlozTAd7PSRcQ==
- fontsource-dongle/5.0.1/latin-400.min.css: sha512-zXUOND/ZN3Qqn6AQqY4JbshTbdHNyj8wi4PsABq3tTHNZTSqnIlyIs86yjpCJxr6E9NoW1WAm/EPAv6v6VNMzw==
- fontsource-dongle/5.0.1/korean-700.css: sha512-LFOsIBy9yoxmOshgr4m3o3JqK11bCLKjKMyTb83bhbe2f7ju2x2CC5a18ArE2YxXzUo9Bw9rzMyEAbq7nmOuUg==
- fontsource-dongle/5.0.1/vietnamese-700.min.css: sha512-Su6GTF0xs9mlQvpQHbDLeM4mcJ7gf5ugxVnv66Jy+UA5WzIvO0lpPycxKOysI12RRVP5gxAVBbBcVRE5Yl6s4g==
- fontsource-dongle/5.0.1/vietnamese.css: sha512-brhgO1S0Y9wR3c3ybVfFWbbXIJ0Khrx0iWivS9XgLSkhspXAegxOi7xAKr3eYjjxqnKNhlbVBLNskHmx8ljvOg==
- fontsource-dongle/5.0.1/300.min.css: sha512-gIK2ACeKOP6+HfbbJcZf8us4s3n3nrt8dA/C0DfxEDPTJaN/FW3VjIo8FJpMKlcivFne9FLnBXoUdsggWQ3Y6g==
- fontsource-dongle/5.0.1/index.min.css: sha512-t7fqw7pvRTDoFpnLiKzDu6NN9uWCfa/GLpRwMfbbW+tMZoHpAZZv1eo+YX7F2Go/LfO4T4GcHIBZIDyxi/Scfw==
- fontsource-dongle/5.0.1/latin-ext-400.min.css: sha512-SqAx+/TTG5J/wYmpqOnZ/Bw8i2DedZ+z782pwBLA/GXq5pHfzhuzBRjzTa7dJwiq/tmBsJ5l4kAbRjL2+RyTpA==
- fontsource-dongle/5.0.1/latin.css: sha512-8Dcgh1NswA2A2nbtW+7PQfVJySUBkSn+XOnCmT2rr8GYbQ6Sx6cgSS7PGTMfxQaGkBsbkxBkXoOx4t9eF35R+A==
- fontsource-dongle/5.0.1/700.min.css: sha512-JWvrIYdksTLzqKiKw+Hrk3xkYpCsUUy+kNl46qvyKoFwFzKbu7TFavYk4VgEQ/N7v6c/GUmqnLHM0rAoiv8tJA==
- fontsource-dongle/5.0.1/latin-300.min.css: sha512-8rNKcuS1dYmD3cKeoBK8s5qD7PyGxqaBhPcRyowkT7QFuvUglbwSuDg1KcGW1vtD/lwOah5MkyAO6GvNCyL7cg==
- fontsource-dongle/5.0.1/korean-700.min.css: sha512-TVu1bcYchbicmb1I+XSpoFzGnG5AL5ZB+yRbYwSjjtCUWhO+eJ2qXZtOlAssdQB003W5b8kxs25nRQ1GFX/LdQ==
