config: {"authors":[{"name":"Google Inc."}],"autoupdate":{"source":"npm","target":"@fontsource/spirax","fileMap":[{"basePath":"","files":["*.css","files/*.@(woff|woff2)"]}],"excludeFromSearch":true},"description":"Self-host the Spirax font in a neatly bundled NPM package.","filename":"index.css","homepage":"https://fontsource.org/fonts/spirax","keywords":["fontsource","font","font family","google fonts","spirax","Spirax","css","sass","front-end","web","typeface","variable"],"license":"OFL-1.1","name":"fontsource-spirax","repository":{"type":"git","url":"git+https://github.com/fontsource/font-files.git"},"author":"Google Inc."}
KV keys:
- fontsource-spirax/4.5.8/400.css.br
- fontsource-spirax/4.5.8/400.css.gz
- fontsource-spirax/4.5.8/400.min.css.br
- fontsource-spirax/4.5.8/400.min.css.gz
- fontsource-spirax/4.5.8/files/spirax-all-400-normal.woff.br
- fontsource-spirax/4.5.8/files/spirax-all-400-normal.woff.gz
- fontsource-spirax/4.5.8/files/spirax-latin-400-normal.woff.br
- fontsource-spirax/4.5.8/files/spirax-latin-400-normal.woff.gz
- fontsource-spirax/4.5.8/files/spirax-latin-400-normal.woff2
- fontsource-spirax/4.5.8/index.css.br
- fontsource-spirax/4.5.8/index.css.gz
- fontsource-spirax/4.5.8/index.min.css.br
- fontsource-spirax/4.5.8/index.min.css.gz
- fontsource-spirax/4.5.8/latin-400.css.br
- fontsource-spirax/4.5.8/latin-400.css.gz
- fontsource-spirax/4.5.8/latin-400.min.css.br
- fontsource-spirax/4.5.8/latin-400.min.css.gz
- fontsource-spirax/4.5.8/latin.css.br
- fontsource-spirax/4.5.8/latin.css.gz
- fontsource-spirax/4.5.8/latin.min.css.br
- fontsource-spirax/4.5.8/latin.min.css.gz
SRIs:
- fontsource-spirax/4.5.8/latin.min.css: sha512-Q6XiDk6LPNyiNKvAvOg9B+PAmqXtk/IXpOkQ11JJkneZmR/UHT6MeMJzGUBsNgR6jLtNuFw+M4EWRgm58tY1hg==
- fontsource-spirax/4.5.8/400.css: sha512-hw+FIuzyhFomzicYBPkGEMLzGaXuEOsarrF4Tw8bg2uhtsD0RTIKOpW2Ynu1e46pTUYdnHTISu00yW3T1tSgyA==
- fontsource-spirax/4.5.8/400.min.css: sha512-o6JTkQM+dBASmzwIwZsdWY2YHc9GklDcWSKsLheXGz7MamgslGKHdEyjSqa2oHveHcJlP6TNK59ERnDuWQRCbA==
- fontsource-spirax/4.5.8/index.css: sha512-hw+FIuzyhFomzicYBPkGEMLzGaXuEOsarrF4Tw8bg2uhtsD0RTIKOpW2Ynu1e46pTUYdnHTISu00yW3T1tSgyA==
- fontsource-spirax/4.5.8/index.min.css: sha512-o6JTkQM+dBASmzwIwZsdWY2YHc9GklDcWSKsLheXGz7MamgslGKHdEyjSqa2oHveHcJlP6TNK59ERnDuWQRCbA==
- fontsource-spirax/4.5.8/latin-400.css: sha512-bnqvFmLXmm6+M8qpJiTmmF2w8PyhobbxTsVf0ZH8zLCXEGFsnqCxTqUGaVs04BCtYB/shaQ6LQMq9T2NctT5gQ==
- fontsource-spirax/4.5.8/latin-400.min.css: sha512-Q6XiDk6LPNyiNKvAvOg9B+PAmqXtk/IXpOkQ11JJkneZmR/UHT6MeMJzGUBsNgR6jLtNuFw+M4EWRgm58tY1hg==
- fontsource-spirax/4.5.8/latin.css: sha512-bnqvFmLXmm6+M8qpJiTmmF2w8PyhobbxTsVf0ZH8zLCXEGFsnqCxTqUGaVs04BCtYB/shaQ6LQMq9T2NctT5gQ==
