config: {"authors":[{"name":"Google Inc."}],"autoupdate":{"source":"npm","target":"@fontsource/bubblegum-sans","fileMap":[{"basePath":"","files":["*.css","files/*.@(woff|woff2)"]}],"excludeFromSearch":true},"description":"Self-host the Bubblegum Sans font in a neatly bundled NPM package.","filename":"index.css","homepage":"https://fontsource.org/fonts/bubblegum-sans","keywords":["fontsource","font","font family","google fonts","bubblegum-sans","Bubblegum Sans","css","sass","front-end","web","typeface","variable"],"license":"OFL-1.1","name":"fontsource-bubblegum-sans","repository":{"type":"git","url":"git+https://github.com/fontsource/font-files.git"},"author":"Google Inc."}
KV keys:
- fontsource-bubblegum-sans/5.0.14/400.css.br
- fontsource-bubblegum-sans/5.0.14/400.css.gz
- fontsource-bubblegum-sans/5.0.14/400.min.css.br
- fontsource-bubblegum-sans/5.0.14/400.min.css.gz
- fontsource-bubblegum-sans/5.0.14/files/bubblegum-sans-latin-400-normal.woff.br
- fontsource-bubblegum-sans/5.0.14/files/bubblegum-sans-latin-400-normal.woff.gz
- fontsource-bubblegum-sans/5.0.14/files/bubblegum-sans-latin-400-normal.woff2
- fontsource-bubblegum-sans/5.0.14/files/bubblegum-sans-latin-ext-400-normal.woff.br
- fontsource-bubblegum-sans/5.0.14/files/bubblegum-sans-latin-ext-400-normal.woff.gz
- fontsource-bubblegum-sans/5.0.14/files/bubblegum-sans-latin-ext-400-normal.woff2
- fontsource-bubblegum-sans/5.0.14/index.css.br
- fontsource-bubblegum-sans/5.0.14/index.css.gz
- fontsource-bubblegum-sans/5.0.14/index.min.css.br
- fontsource-bubblegum-sans/5.0.14/index.min.css.gz
- fontsource-bubblegum-sans/5.0.14/latin-400.css.br
- fontsource-bubblegum-sans/5.0.14/latin-400.css.gz
- fontsource-bubblegum-sans/5.0.14/latin-400.min.css.br
- fontsource-bubblegum-sans/5.0.14/latin-400.min.css.gz
- fontsource-bubblegum-sans/5.0.14/latin-ext-400.css.br
- fontsource-bubblegum-sans/5.0.14/latin-ext-400.css.gz
- fontsource-bubblegum-sans/5.0.14/latin-ext-400.min.css.br
- fontsource-bubblegum-sans/5.0.14/latin-ext-400.min.css.gz
- fontsource-bubblegum-sans/5.0.14/latin-ext.css.br
- fontsource-bubblegum-sans/5.0.14/latin-ext.css.gz
- fontsource-bubblegum-sans/5.0.14/latin-ext.min.css.br
- fontsource-bubblegum-sans/5.0.14/latin-ext.min.css.gz
- fontsource-bubblegum-sans/5.0.14/latin.css.br
- fontsource-bubblegum-sans/5.0.14/latin.css.gz
- fontsource-bubblegum-sans/5.0.14/latin.min.css.br
- fontsource-bubblegum-sans/5.0.14/latin.min.css.gz
SRIs:
- fontsource-bubblegum-sans/5.0.14/400.min.css: sha512-h35u0fj42Qt4+65BtCBBbvXQMq68jGs8vlhPgFLi661mouji/zuoAVXQp6D6oc6IlOJnLC+SbNzmJjDr9IcbsQ==
- fontsource-bubblegum-sans/5.0.14/index.min.css: sha512-h35u0fj42Qt4+65BtCBBbvXQMq68jGs8vlhPgFLi661mouji/zuoAVXQp6D6oc6IlOJnLC+SbNzmJjDr9IcbsQ==
- fontsource-bubblegum-sans/5.0.14/latin-400.min.css: sha512-0nDWnxrl9EnFyz16sQ9lPdu2/MQ2W41A2CQbB1XUB1tYuzxT0k/xttKmTXepEjAAt4w/CasIQYmIavuUyCCQ2A==
- fontsource-bubblegum-sans/5.0.14/latin-ext-400.min.css: sha512-wlwe1VFzQES6xNdvS1pHOSACSpHr0yzGcphe5vl4FbB8aLZ75sZdmuu0FqK8rEjj1vxbKk+Y+CN3fU0O58wpvQ==
- fontsource-bubblegum-sans/5.0.14/latin.min.css: sha512-0nDWnxrl9EnFyz16sQ9lPdu2/MQ2W41A2CQbB1XUB1tYuzxT0k/xttKmTXepEjAAt4w/CasIQYmIavuUyCCQ2A==
- fontsource-bubblegum-sans/5.0.14/400.css: sha512-uxVzVWQK4jsZItz1YTzDjJM4P6aTYk0Fg6Ue2gLlzP1vUhPOpB9U3WnMpn6C5Bki7KQDyc4lGyHsdDSspTViRg==
- fontsource-bubblegum-sans/5.0.14/index.css: sha512-uxVzVWQK4jsZItz1YTzDjJM4P6aTYk0Fg6Ue2gLlzP1vUhPOpB9U3WnMpn6C5Bki7KQDyc4lGyHsdDSspTViRg==
- fontsource-bubblegum-sans/5.0.14/latin-400.css: sha512-kh9hF6TEzm8RTZPSou9Y/enXPwEGnae0BNwj+1SNgAxG/2GdgoMlFVET6HuecFGZC85x6ujAN4HoDpd5ZRsiFA==
- fontsource-bubblegum-sans/5.0.14/latin-ext-400.css: sha512-gbsmYnaPK/K/LCcZXMfTYI8ojxxGUEgtXLwemyKGf+Vxwk3Gz7ytYvdcZ18I/Z9FsWRIxKpyGnfOEZbUk1p8HA==
- fontsource-bubblegum-sans/5.0.14/latin-ext.css: sha512-gbsmYnaPK/K/LCcZXMfTYI8ojxxGUEgtXLwemyKGf+Vxwk3Gz7ytYvdcZ18I/Z9FsWRIxKpyGnfOEZbUk1p8HA==
- fontsource-bubblegum-sans/5.0.14/latin-ext.min.css: sha512-wlwe1VFzQES6xNdvS1pHOSACSpHr0yzGcphe5vl4FbB8aLZ75sZdmuu0FqK8rEjj1vxbKk+Y+CN3fU0O58wpvQ==
- fontsource-bubblegum-sans/5.0.14/latin.css: sha512-kh9hF6TEzm8RTZPSou9Y/enXPwEGnae0BNwj+1SNgAxG/2GdgoMlFVET6HuecFGZC85x6ujAN4HoDpd5ZRsiFA==
