2021/09/09 05:32:48 optimizing files (Js true, Css true, Png true, Jpg true)
2021/09/09 05:32:48 compressed file already exists: /tmp/work/dist/gd-sprest-bs-icons.min.js
2021/09/09 05:32:48 compressed file already exists: /tmp/work/dist/gd-sprest-bs.min.js
2021/09/09 05:32:48 algorithm: run /usr/bin/brotli --quality=11 --output=/output/gd-sprest-bs.d.ts.br /tmp/work/dist/gd-sprest-bs.d.ts
2021/09/09 05:32:48 /tmp/work/dist/gd-sprest-bs-icons.min.js.min.js compressed file already exists
2021/09/09 05:32:48 /tmp/work/dist/gd-sprest-bs.min.js.min.js compressed file already exists
2021/09/09 05:32:48 sri /tmp/work/dist/gd-sprest-bs.min.js -> /output/gd-sprest-bs.min.js.sri
2021/09/09 05:32:48 algorithm: run /usr/bin/brotli --quality=11 --output=/output/gd-sprest-bs.min.js.br /tmp/work/dist/gd-sprest-bs.min.js
2021/09/09 05:32:48 sri /tmp/work/dist/gd-sprest-bs-icons.min.js -> /output/gd-sprest-bs-icons.min.js.sri
2021/09/09 05:32:48 algorithm: run /usr/bin/brotli --quality=11 --output=/output/gd-sprest-bs-icons.min.js.br /tmp/work/dist/gd-sprest-bs-icons.min.js
2021/09/09 05:32:48 sri /tmp/work/dist/gd-sprest-bs.js -> /output/gd-sprest-bs.js.sri
2021/09/09 05:32:48 algorithm: run /usr/bin/brotli --quality=11 --output=/output/gd-sprest-bs.js.br /tmp/work/dist/gd-sprest-bs.js
2021/09/09 05:32:48 sri /tmp/work/dist/gd-sprest-bs-icons.js -> /output/gd-sprest-bs-icons.js.sri
2021/09/09 05:32:48 algorithm: run /usr/bin/brotli --quality=11 --output=/output/gd-sprest-bs-icons.js.br /tmp/work/dist/gd-sprest-bs-icons.js
2021/09/09 05:32:49 br /tmp/work/dist/gd-sprest-bs.d.ts -> /output/gd-sprest-bs.d.ts.br
2021/09/09 05:32:49 gz /tmp/work/dist/gd-sprest-bs.d.ts -> /output/gd-sprest-bs.d.ts.gz
2021/09/09 05:32:50 br /tmp/work/dist/gd-sprest-bs.min.js -> /output/gd-sprest-bs.min.js.br
2021/09/09 05:32:51 gz /tmp/work/dist/gd-sprest-bs.min.js -> /output/gd-sprest-bs.min.js.gz
2021/09/09 05:32:52 br /tmp/work/dist/gd-sprest-bs-icons.min.js -> /output/gd-sprest-bs-icons.min.js.br
2021/09/09 05:32:53 gz /tmp/work/dist/gd-sprest-bs-icons.min.js -> /output/gd-sprest-bs-icons.min.js.gz
2021/09/09 05:32:53 br /tmp/work/dist/gd-sprest-bs.js -> /output/gd-sprest-bs.js.br
2021/09/09 05:32:53 gz /tmp/work/dist/gd-sprest-bs.js -> /output/gd-sprest-bs.js.gz
2021/09/09 05:33:00 br /tmp/work/dist/gd-sprest-bs-icons.js -> /output/gd-sprest-bs-icons.js.br
2021/09/09 05:33:00 gz /tmp/work/dist/gd-sprest-bs-icons.js -> /output/gd-sprest-bs-icons.js.gz
2021/09/09 05:33:00 processed gd-sprest-bs
