2023/08/04 13:02:38 optimizing files (Js true, Css true, Png true, Jpg true)
2023/08/04 13:02:38 compress: run /node_modules/clean-css-cli/bin/cleancss --compatibility --s0 -o /tmp/work/200-italic.min.css /tmp/work/200-italic.css
2023/08/04 13:02:38 compress: run /node_modules/clean-css-cli/bin/cleancss --compatibility --s0 -o /tmp/work/200.min.css /tmp/work/200.css
2023/08/04 13:02:38 compress: run /node_modules/clean-css-cli/bin/cleancss --compatibility --s0 -o /tmp/work/300-italic.min.css /tmp/work/300-italic.css
2023/08/04 13:02:38 compress: run /node_modules/clean-css-cli/bin/cleancss --compatibility --s0 -o /tmp/work/300.min.css /tmp/work/300.css
2023/08/04 13:02:38 compress: run /node_modules/clean-css-cli/bin/cleancss --compatibility --s0 -o /tmp/work/400-italic.min.css /tmp/work/400-italic.css
2023/08/04 13:02:38 compress: run /node_modules/clean-css-cli/bin/cleancss --compatibility --s0 -o /tmp/work/500-italic.min.css /tmp/work/500-italic.css
2023/08/04 13:02:38 compress: run /node_modules/clean-css-cli/bin/cleancss --compatibility --s0 -o /tmp/work/400.min.css /tmp/work/400.css
2023/08/04 13:02:38 compress: run /node_modules/clean-css-cli/bin/cleancss --compatibility --s0 -o /tmp/work/500.min.css /tmp/work/500.css
2023/08/04 13:02:38 sri /tmp/work/500.min.css -> /output/500.min.css.sri
2023/08/04 13:02:38 algorithm: run /usr/bin/brotli --quality=11 --output=/output/500.min.css.br /tmp/work/500.min.css
2023/08/04 13:02:38 sri /tmp/work/200.min.css -> /output/200.min.css.sri
2023/08/04 13:02:38 sri /tmp/work/300.min.css -> /output/300.min.css.sri
2023/08/04 13:02:38 algorithm: run /usr/bin/brotli --quality=11 --output=/output/300.min.css.br /tmp/work/300.min.css
2023/08/04 13:02:38 sri /tmp/work/300-italic.min.css -> /output/300-italic.min.css.sri
2023/08/04 13:02:38 algorithm: run /usr/bin/brotli --quality=11 --output=/output/300-italic.min.css.br /tmp/work/300-italic.min.css
2023/08/04 13:02:38 algorithm: run /usr/bin/brotli --quality=11 --output=/output/200.min.css.br /tmp/work/200.min.css
2023/08/04 13:02:38 br /tmp/work/500.min.css -> /output/500.min.css.br
2023/08/04 13:02:38 sri /tmp/work/400.min.css -> /output/400.min.css.sri
2023/08/04 13:02:38 algorithm: run /usr/bin/brotli --quality=11 --output=/output/400.min.css.br /tmp/work/400.min.css
2023/08/04 13:02:38 sri /tmp/work/400-italic.min.css -> /output/400-italic.min.css.sri
2023/08/04 13:02:38 algorithm: run /usr/bin/brotli --quality=11 --output=/output/400-italic.min.css.br /tmp/work/400-italic.min.css
2023/08/04 13:02:38 gz /tmp/work/500.min.css -> /output/500.min.css.gz
2023/08/04 13:02:38 sri /tmp/work/500.css -> /output/500.css.sri
2023/08/04 13:02:38 algorithm: run /usr/bin/brotli --quality=11 --output=/output/500.css.br /tmp/work/500.css
2023/08/04 13:02:38 br /tmp/work/300.min.css -> /output/300.min.css.br
2023/08/04 13:02:38 br /tmp/work/300-italic.min.css -> /output/300-italic.min.css.br
2023/08/04 13:02:38 gz /tmp/work/300.min.css -> /output/300.min.css.gz
2023/08/04 13:02:38 sri /tmp/work/300.css -> /output/300.css.sri
2023/08/04 13:02:38 algorithm: run /usr/bin/brotli --quality=11 --output=/output/300.css.br /tmp/work/300.css
2023/08/04 13:02:38 gz /tmp/work/300-italic.min.css -> /output/300-italic.min.css.gz
2023/08/04 13:02:38 sri /tmp/work/300-italic.css -> /output/300-italic.css.sri
2023/08/04 13:02:38 algorithm: run /usr/bin/brotli --quality=11 --output=/output/300-italic.css.br /tmp/work/300-italic.css
2023/08/04 13:02:38 br /tmp/work/200.min.css -> /output/200.min.css.br
2023/08/04 13:02:38 gz /tmp/work/200.min.css -> /output/200.min.css.gz
2023/08/04 13:02:38 sri /tmp/work/200.css -> /output/200.css.sri
2023/08/04 13:02:38 algorithm: run /usr/bin/brotli --quality=11 --output=/output/200.css.br /tmp/work/200.css
2023/08/04 13:02:38 sri /tmp/work/200-italic.min.css -> /output/200-italic.min.css.sri
2023/08/04 13:02:38 br /tmp/work/400.min.css -> /output/400.min.css.br
2023/08/04 13:02:38 sri /tmp/work/500-italic.min.css -> /output/500-italic.min.css.sri
2023/08/04 13:02:38 algorithm: run /usr/bin/brotli --quality=11 --output=/output/500-italic.min.css.br /tmp/work/500-italic.min.css
2023/08/04 13:02:38 br /tmp/work/400-italic.min.css -> /output/400-italic.min.css.br
2023/08/04 13:02:38 algorithm: run /usr/bin/brotli --quality=11 --output=/output/200-italic.min.css.br /tmp/work/200-italic.min.css
2023/08/04 13:02:38 gz /tmp/work/400.min.css -> /output/400.min.css.gz
2023/08/04 13:02:38 sri /tmp/work/400.css -> /output/400.css.sri
2023/08/04 13:02:38 algorithm: run /usr/bin/brotli --quality=11 --output=/output/400.css.br /tmp/work/400.css
2023/08/04 13:02:38 gz /tmp/work/400-italic.min.css -> /output/400-italic.min.css.gz
2023/08/04 13:02:38 sri /tmp/work/400-italic.css -> /output/400-italic.css.sri
2023/08/04 13:02:38 algorithm: run /usr/bin/brotli --quality=11 --output=/output/400-italic.css.br /tmp/work/400-italic.css
2023/08/04 13:02:38 br /tmp/work/500.css -> /output/500.css.br
2023/08/04 13:02:38 gz /tmp/work/500.css -> /output/500.css.gz
2023/08/04 13:02:38 compress: run /node_modules/clean-css-cli/bin/cleancss --compatibility --s0 -o /tmp/work/600-italic.min.css /tmp/work/600-italic.css
2023/08/04 13:02:38 br /tmp/work/300.css -> /output/300.css.br
2023/08/04 13:02:38 br /tmp/work/500-italic.min.css -> /output/500-italic.min.css.br
2023/08/04 13:02:38 br /tmp/work/300-italic.css -> /output/300-italic.css.br
2023/08/04 13:02:38 gz /tmp/work/300.css -> /output/300.css.gz
2023/08/04 13:02:38 compress: run /node_modules/clean-css-cli/bin/cleancss --compatibility --s0 -o /tmp/work/600.min.css /tmp/work/600.css
2023/08/04 13:02:38 br /tmp/work/200-italic.min.css -> /output/200-italic.min.css.br
2023/08/04 13:02:38 gz /tmp/work/500-italic.min.css -> /output/500-italic.min.css.gz
2023/08/04 13:02:38 sri /tmp/work/500-italic.css -> /output/500-italic.css.sri
2023/08/04 13:02:38 algorithm: run /usr/bin/brotli --quality=11 --output=/output/500-italic.css.br /tmp/work/500-italic.css
2023/08/04 13:02:38 br /tmp/work/200.css -> /output/200.css.br
2023/08/04 13:02:38 gz /tmp/work/200.css -> /output/200.css.gz
2023/08/04 13:02:38 br /tmp/work/400.css -> /output/400.css.br
2023/08/04 13:02:38 compress: run /node_modules/clean-css-cli/bin/cleancss --compatibility --s0 -o /tmp/work/700-italic.min.css /tmp/work/700-italic.css
2023/08/04 13:02:38 gz /tmp/work/300-italic.css -> /output/300-italic.css.gz
2023/08/04 13:02:38 compress: run /node_modules/clean-css-cli/bin/cleancss --compatibility --s0 -o /tmp/work/700.min.css /tmp/work/700.css
2023/08/04 13:02:38 br /tmp/work/400-italic.css -> /output/400-italic.css.br
2023/08/04 13:02:38 gz /tmp/work/200-italic.min.css -> /output/200-italic.min.css.gz
2023/08/04 13:02:38 sri /tmp/work/200-italic.css -> /output/200-italic.css.sri
2023/08/04 13:02:38 algorithm: run /usr/bin/brotli --quality=11 --output=/output/200-italic.css.br /tmp/work/200-italic.css
2023/08/04 13:02:38 gz /tmp/work/400.css -> /output/400.css.gz
2023/08/04 13:02:38 compress: run /node_modules/clean-css-cli/bin/cleancss --compatibility --s0 -o /tmp/work/index.min.css /tmp/work/index.css
2023/08/04 13:02:38 gz /tmp/work/400-italic.css -> /output/400-italic.css.gz
2023/08/04 13:02:38 compress: run /node_modules/clean-css-cli/bin/cleancss --compatibility --s0 -o /tmp/work/latin-200-italic.min.css /tmp/work/latin-200-italic.css
2023/08/04 13:02:38 br /tmp/work/500-italic.css -> /output/500-italic.css.br
2023/08/04 13:02:38 gz /tmp/work/500-italic.css -> /output/500-italic.css.gz
2023/08/04 13:02:38 compress: run /node_modules/clean-css-cli/bin/cleancss --compatibility --s0 -o /tmp/work/latin-200.min.css /tmp/work/latin-200.css
2023/08/04 13:02:38 br /tmp/work/200-italic.css -> /output/200-italic.css.br
2023/08/04 13:02:38 gz /tmp/work/200-italic.css -> /output/200-italic.css.gz
2023/08/04 13:02:38 compress: run /node_modules/clean-css-cli/bin/cleancss --compatibility --s0 -o /tmp/work/latin-300-italic.min.css /tmp/work/latin-300-italic.css
2023/08/04 13:02:38 sri /tmp/work/latin-200-italic.min.css -> /output/latin-200-italic.min.css.sri
2023/08/04 13:02:38 algorithm: run /usr/bin/brotli --quality=11 --output=/output/latin-200-italic.min.css.br /tmp/work/latin-200-italic.min.css
2023/08/04 13:02:38 sri /tmp/work/700-italic.min.css -> /output/700-italic.min.css.sri
2023/08/04 13:02:38 algorithm: run /usr/bin/brotli --quality=11 --output=/output/700-italic.min.css.br /tmp/work/700-italic.min.css
2023/08/04 13:02:38 sri /tmp/work/latin-300-italic.min.css -> /output/latin-300-italic.min.css.sri
2023/08/04 13:02:38 algorithm: run /usr/bin/brotli --quality=11 --output=/output/latin-300-italic.min.css.br /tmp/work/latin-300-italic.min.css
2023/08/04 13:02:38 br /tmp/work/latin-200-italic.min.css -> /output/latin-200-italic.min.css.br
2023/08/04 13:02:38 gz /tmp/work/latin-200-italic.min.css -> /output/latin-200-italic.min.css.gz
2023/08/04 13:02:38 sri /tmp/work/latin-200-italic.css -> /output/latin-200-italic.css.sri
2023/08/04 13:02:38 algorithm: run /usr/bin/brotli --quality=11 --output=/output/latin-200-italic.css.br /tmp/work/latin-200-italic.css
2023/08/04 13:02:38 br /tmp/work/latin-300-italic.min.css -> /output/latin-300-italic.min.css.br
2023/08/04 13:02:38 gz /tmp/work/latin-300-italic.min.css -> /output/latin-300-italic.min.css.gz
2023/08/04 13:02:38 sri /tmp/work/latin-300-italic.css -> /output/latin-300-italic.css.sri
2023/08/04 13:02:38 algorithm: run /usr/bin/brotli --quality=11 --output=/output/latin-300-italic.css.br /tmp/work/latin-300-italic.css
2023/08/04 13:02:38 sri /tmp/work/index.min.css -> /output/index.min.css.sri
2023/08/04 13:02:38 sri /tmp/work/600.min.css -> /output/600.min.css.sri
2023/08/04 13:02:38 algorithm: run /usr/bin/brotli --quality=11 --output=/output/600.min.css.br /tmp/work/600.min.css
2023/08/04 13:02:38 algorithm: run /usr/bin/brotli --quality=11 --output=/output/index.min.css.br /tmp/work/index.min.css
2023/08/04 13:02:38 br /tmp/work/latin-200-italic.css -> /output/latin-200-italic.css.br
2023/08/04 13:02:38 gz /tmp/work/latin-200-italic.css -> /output/latin-200-italic.css.gz
2023/08/04 13:02:38 compress: run /node_modules/clean-css-cli/bin/cleancss --compatibility --s0 -o /tmp/work/latin-300.min.css /tmp/work/latin-300.css
2023/08/04 13:02:38 br /tmp/work/700-italic.min.css -> /output/700-italic.min.css.br
2023/08/04 13:02:38 gz /tmp/work/700-italic.min.css -> /output/700-italic.min.css.gz
2023/08/04 13:02:38 br /tmp/work/latin-300-italic.css -> /output/latin-300-italic.css.br
2023/08/04 13:02:38 sri /tmp/work/700-italic.css -> /output/700-italic.css.sri
2023/08/04 13:02:38 algorithm: run /usr/bin/brotli --quality=11 --output=/output/700-italic.css.br /tmp/work/700-italic.css
2023/08/04 13:02:38 gz /tmp/work/latin-300-italic.css -> /output/latin-300-italic.css.gz
2023/08/04 13:02:38 compress: run /node_modules/clean-css-cli/bin/cleancss --compatibility --s0 -o /tmp/work/latin-400-italic.min.css /tmp/work/latin-400-italic.css
2023/08/04 13:02:38 sri /tmp/work/latin-200.min.css -> /output/latin-200.min.css.sri
2023/08/04 13:02:38 sri /tmp/work/700.min.css -> /output/700.min.css.sri
2023/08/04 13:02:38 algorithm: run /usr/bin/brotli --quality=11 --output=/output/700.min.css.br /tmp/work/700.min.css
2023/08/04 13:02:38 algorithm: run /usr/bin/brotli --quality=11 --output=/output/latin-200.min.css.br /tmp/work/latin-200.min.css
2023/08/04 13:02:38 br /tmp/work/600.min.css -> /output/600.min.css.br
2023/08/04 13:02:38 br /tmp/work/index.min.css -> /output/index.min.css.br
2023/08/04 13:02:38 gz /tmp/work/index.min.css -> /output/index.min.css.gz
2023/08/04 13:02:38 sri /tmp/work/index.css -> /output/index.css.sri
2023/08/04 13:02:38 algorithm: run /usr/bin/brotli --quality=11 --output=/output/index.css.br /tmp/work/index.css
2023/08/04 13:02:38 gz /tmp/work/600.min.css -> /output/600.min.css.gz
2023/08/04 13:02:38 br /tmp/work/latin-200.min.css -> /output/latin-200.min.css.br
2023/08/04 13:02:38 sri /tmp/work/600.css -> /output/600.css.sri
2023/08/04 13:02:38 algorithm: run /usr/bin/brotli --quality=11 --output=/output/600.css.br /tmp/work/600.css
2023/08/04 13:02:38 gz /tmp/work/latin-200.min.css -> /output/latin-200.min.css.gz
2023/08/04 13:02:38 sri /tmp/work/latin-200.css -> /output/latin-200.css.sri
2023/08/04 13:02:38 algorithm: run /usr/bin/brotli --quality=11 --output=/output/latin-200.css.br /tmp/work/latin-200.css
2023/08/04 13:02:38 br /tmp/work/700.min.css -> /output/700.min.css.br
2023/08/04 13:02:38 gz /tmp/work/700.min.css -> /output/700.min.css.gz
2023/08/04 13:02:38 sri /tmp/work/700.css -> /output/700.css.sri
2023/08/04 13:02:38 br /tmp/work/700-italic.css -> /output/700-italic.css.br
2023/08/04 13:02:38 algorithm: run /usr/bin/brotli --quality=11 --output=/output/700.css.br /tmp/work/700.css
2023/08/04 13:02:38 gz /tmp/work/700-italic.css -> /output/700-italic.css.gz
2023/08/04 13:02:38 compress: run /node_modules/clean-css-cli/bin/cleancss --compatibility --s0 -o /tmp/work/latin-400.min.css /tmp/work/latin-400.css
2023/08/04 13:02:38 br /tmp/work/latin-200.css -> /output/latin-200.css.br
2023/08/04 13:02:38 gz /tmp/work/latin-200.css -> /output/latin-200.css.gz
2023/08/04 13:02:38 compress: run /node_modules/clean-css-cli/bin/cleancss --compatibility --s0 -o /tmp/work/latin-500-italic.min.css /tmp/work/latin-500-italic.css
2023/08/04 13:02:38 sri /tmp/work/600-italic.min.css -> /output/600-italic.min.css.sri
2023/08/04 13:02:38 algorithm: run /usr/bin/brotli --quality=11 --output=/output/600-italic.min.css.br /tmp/work/600-italic.min.css
2023/08/04 13:02:38 br /tmp/work/index.css -> /output/index.css.br
2023/08/04 13:02:38 gz /tmp/work/index.css -> /output/index.css.gz
2023/08/04 13:02:38 compress: run /node_modules/clean-css-cli/bin/cleancss --compatibility --s0 -o /tmp/work/latin-500.min.css /tmp/work/latin-500.css
2023/08/04 13:02:38 br /tmp/work/600.css -> /output/600.css.br
2023/08/04 13:02:38 gz /tmp/work/600.css -> /output/600.css.gz
2023/08/04 13:02:38 compress: run /node_modules/clean-css-cli/bin/cleancss --compatibility --s0 -o /tmp/work/latin-600-italic.min.css /tmp/work/latin-600-italic.css
2023/08/04 13:02:38 br /tmp/work/700.css -> /output/700.css.br
2023/08/04 13:02:38 gz /tmp/work/700.css -> /output/700.css.gz
2023/08/04 13:02:38 br /tmp/work/600-italic.min.css -> /output/600-italic.min.css.br
2023/08/04 13:02:38 compress: run /node_modules/clean-css-cli/bin/cleancss --compatibility --s0 -o /tmp/work/latin-600.min.css /tmp/work/latin-600.css
2023/08/04 13:02:38 gz /tmp/work/600-italic.min.css -> /output/600-italic.min.css.gz
2023/08/04 13:02:38 sri /tmp/work/600-italic.css -> /output/600-italic.css.sri
2023/08/04 13:02:38 algorithm: run /usr/bin/brotli --quality=11 --output=/output/600-italic.css.br /tmp/work/600-italic.css
2023/08/04 13:02:38 br /tmp/work/600-italic.css -> /output/600-italic.css.br
2023/08/04 13:02:38 gz /tmp/work/600-italic.css -> /output/600-italic.css.gz
2023/08/04 13:02:38 compress: run /node_modules/clean-css-cli/bin/cleancss --compatibility --s0 -o /tmp/work/latin-700-italic.min.css /tmp/work/latin-700-italic.css
2023/08/04 13:02:39 sri /tmp/work/latin-400-italic.min.css -> /output/latin-400-italic.min.css.sri
2023/08/04 13:02:39 algorithm: run /usr/bin/brotli --quality=11 --output=/output/latin-400-italic.min.css.br /tmp/work/latin-400-italic.min.css
2023/08/04 13:02:39 sri /tmp/work/latin-300.min.css -> /output/latin-300.min.css.sri
2023/08/04 13:02:39 algorithm: run /usr/bin/brotli --quality=11 --output=/output/latin-300.min.css.br /tmp/work/latin-300.min.css
2023/08/04 13:02:39 br /tmp/work/latin-400-italic.min.css -> /output/latin-400-italic.min.css.br
2023/08/04 13:02:39 br /tmp/work/latin-300.min.css -> /output/latin-300.min.css.br
2023/08/04 13:02:39 gz /tmp/work/latin-300.min.css -> /output/latin-300.min.css.gz
2023/08/04 13:02:39 gz /tmp/work/latin-400-italic.min.css -> /output/latin-400-italic.min.css.gz
2023/08/04 13:02:39 sri /tmp/work/latin-400-italic.css -> /output/latin-400-italic.css.sri
2023/08/04 13:02:39 algorithm: run /usr/bin/brotli --quality=11 --output=/output/latin-400-italic.css.br /tmp/work/latin-400-italic.css
2023/08/04 13:02:39 sri /tmp/work/latin-300.css -> /output/latin-300.css.sri
2023/08/04 13:02:39 algorithm: run /usr/bin/brotli --quality=11 --output=/output/latin-300.css.br /tmp/work/latin-300.css
2023/08/04 13:02:39 br /tmp/work/latin-300.css -> /output/latin-300.css.br
2023/08/04 13:02:39 br /tmp/work/latin-400-italic.css -> /output/latin-400-italic.css.br
2023/08/04 13:02:39 gz /tmp/work/latin-300.css -> /output/latin-300.css.gz
2023/08/04 13:02:39 compress: run /node_modules/clean-css-cli/bin/cleancss --compatibility --s0 -o /tmp/work/latin-700.min.css /tmp/work/latin-700.css
2023/08/04 13:02:39 gz /tmp/work/latin-400-italic.css -> /output/latin-400-italic.css.gz
2023/08/04 13:02:39 compress: run /node_modules/clean-css-cli/bin/cleancss --compatibility --s0 -o /tmp/work/latin-ext-200-italic.min.css /tmp/work/latin-ext-200-italic.css
2023/08/04 13:02:39 sri /tmp/work/latin-500-italic.min.css -> /output/latin-500-italic.min.css.sri
2023/08/04 13:02:39 algorithm: run /usr/bin/brotli --quality=11 --output=/output/latin-500-italic.min.css.br /tmp/work/latin-500-italic.min.css
2023/08/04 13:02:39 sri /tmp/work/latin-500.min.css -> /output/latin-500.min.css.sri
2023/08/04 13:02:39 algorithm: run /usr/bin/brotli --quality=11 --output=/output/latin-500.min.css.br /tmp/work/latin-500.min.css
2023/08/04 13:02:39 br /tmp/work/latin-500-italic.min.css -> /output/latin-500-italic.min.css.br
2023/08/04 13:02:39 gz /tmp/work/latin-500-italic.min.css -> /output/latin-500-italic.min.css.gz
2023/08/04 13:02:39 sri /tmp/work/latin-500-italic.css -> /output/latin-500-italic.css.sri
2023/08/04 13:02:39 algorithm: run /usr/bin/brotli --quality=11 --output=/output/latin-500-italic.css.br /tmp/work/latin-500-italic.css
2023/08/04 13:02:39 br /tmp/work/latin-500.min.css -> /output/latin-500.min.css.br
2023/08/04 13:02:39 gz /tmp/work/latin-500.min.css -> /output/latin-500.min.css.gz
2023/08/04 13:02:39 sri /tmp/work/latin-500.css -> /output/latin-500.css.sri
2023/08/04 13:02:39 algorithm: run /usr/bin/brotli --quality=11 --output=/output/latin-500.css.br /tmp/work/latin-500.css
2023/08/04 13:02:39 br /tmp/work/latin-500-italic.css -> /output/latin-500-italic.css.br
2023/08/04 13:02:39 gz /tmp/work/latin-500-italic.css -> /output/latin-500-italic.css.gz
2023/08/04 13:02:39 br /tmp/work/latin-500.css -> /output/latin-500.css.br
2023/08/04 13:02:39 compress: run /node_modules/clean-css-cli/bin/cleancss --compatibility --s0 -o /tmp/work/latin-ext-200.min.css /tmp/work/latin-ext-200.css
2023/08/04 13:02:39 sri /tmp/work/latin-400.min.css -> /output/latin-400.min.css.sri
2023/08/04 13:02:39 algorithm: run /usr/bin/brotli --quality=11 --output=/output/latin-400.min.css.br /tmp/work/latin-400.min.css
2023/08/04 13:02:39 gz /tmp/work/latin-500.css -> /output/latin-500.css.gz
2023/08/04 13:02:39 compress: run /node_modules/clean-css-cli/bin/cleancss --compatibility --s0 -o /tmp/work/latin-ext-300-italic.min.css /tmp/work/latin-ext-300-italic.css
2023/08/04 13:02:39 br /tmp/work/latin-400.min.css -> /output/latin-400.min.css.br
2023/08/04 13:02:39 gz /tmp/work/latin-400.min.css -> /output/latin-400.min.css.gz
2023/08/04 13:02:39 sri /tmp/work/latin-400.css -> /output/latin-400.css.sri
2023/08/04 13:02:39 algorithm: run /usr/bin/brotli --quality=11 --output=/output/latin-400.css.br /tmp/work/latin-400.css
2023/08/04 13:02:39 br /tmp/work/latin-400.css -> /output/latin-400.css.br
2023/08/04 13:02:39 gz /tmp/work/latin-400.css -> /output/latin-400.css.gz
2023/08/04 13:02:39 compress: run /node_modules/clean-css-cli/bin/cleancss --compatibility --s0 -o /tmp/work/latin-ext-300.min.css /tmp/work/latin-ext-300.css
2023/08/04 13:02:39 sri /tmp/work/latin-600-italic.min.css -> /output/latin-600-italic.min.css.sri
2023/08/04 13:02:39 algorithm: run /usr/bin/brotli --quality=11 --output=/output/latin-600-italic.min.css.br /tmp/work/latin-600-italic.min.css
2023/08/04 13:02:39 sri /tmp/work/latin-700-italic.min.css -> /output/latin-700-italic.min.css.sri
2023/08/04 13:02:39 algorithm: run /usr/bin/brotli --quality=11 --output=/output/latin-700-italic.min.css.br /tmp/work/latin-700-italic.min.css
2023/08/04 13:02:39 br /tmp/work/latin-700-italic.min.css -> /output/latin-700-italic.min.css.br
2023/08/04 13:02:39 gz /tmp/work/latin-700-italic.min.css -> /output/latin-700-italic.min.css.gz
2023/08/04 13:02:39 sri /tmp/work/latin-700-italic.css -> /output/latin-700-italic.css.sri
2023/08/04 13:02:39 algorithm: run /usr/bin/brotli --quality=11 --output=/output/latin-700-italic.css.br /tmp/work/latin-700-italic.css
2023/08/04 13:02:39 br /tmp/work/latin-600-italic.min.css -> /output/latin-600-italic.min.css.br
2023/08/04 13:02:39 gz /tmp/work/latin-600-italic.min.css -> /output/latin-600-italic.min.css.gz
2023/08/04 13:02:39 sri /tmp/work/latin-600-italic.css -> /output/latin-600-italic.css.sri
2023/08/04 13:02:39 algorithm: run /usr/bin/brotli --quality=11 --output=/output/latin-600-italic.css.br /tmp/work/latin-600-italic.css
2023/08/04 13:02:39 br /tmp/work/latin-600-italic.css -> /output/latin-600-italic.css.br
2023/08/04 13:02:39 gz /tmp/work/latin-600-italic.css -> /output/latin-600-italic.css.gz
2023/08/04 13:02:39 compress: run /node_modules/clean-css-cli/bin/cleancss --compatibility --s0 -o /tmp/work/latin-ext-400-italic.min.css /tmp/work/latin-ext-400-italic.css
2023/08/04 13:02:39 br /tmp/work/latin-700-italic.css -> /output/latin-700-italic.css.br
2023/08/04 13:02:39 gz /tmp/work/latin-700-italic.css -> /output/latin-700-italic.css.gz
2023/08/04 13:02:39 compress: run /node_modules/clean-css-cli/bin/cleancss --compatibility --s0 -o /tmp/work/latin-ext-400.min.css /tmp/work/latin-ext-400.css
2023/08/04 13:02:39 sri /tmp/work/latin-600.min.css -> /output/latin-600.min.css.sri
2023/08/04 13:02:39 algorithm: run /usr/bin/brotli --quality=11 --output=/output/latin-600.min.css.br /tmp/work/latin-600.min.css
2023/08/04 13:02:39 br /tmp/work/latin-600.min.css -> /output/latin-600.min.css.br
2023/08/04 13:02:39 gz /tmp/work/latin-600.min.css -> /output/latin-600.min.css.gz
2023/08/04 13:02:39 sri /tmp/work/latin-600.css -> /output/latin-600.css.sri
2023/08/04 13:02:39 algorithm: run /usr/bin/brotli --quality=11 --output=/output/latin-600.css.br /tmp/work/latin-600.css
2023/08/04 13:02:39 br /tmp/work/latin-600.css -> /output/latin-600.css.br
2023/08/04 13:02:39 gz /tmp/work/latin-600.css -> /output/latin-600.css.gz
2023/08/04 13:02:39 compress: run /node_modules/clean-css-cli/bin/cleancss --compatibility --s0 -o /tmp/work/latin-ext-500-italic.min.css /tmp/work/latin-ext-500-italic.css
2023/08/04 13:02:39 sri /tmp/work/latin-700.min.css -> /output/latin-700.min.css.sri
2023/08/04 13:02:39 algorithm: run /usr/bin/brotli --quality=11 --output=/output/latin-700.min.css.br /tmp/work/latin-700.min.css
2023/08/04 13:02:39 br /tmp/work/latin-700.min.css -> /output/latin-700.min.css.br
2023/08/04 13:02:39 sri /tmp/work/latin-ext-200-italic.min.css -> /output/latin-ext-200-italic.min.css.sri
2023/08/04 13:02:39 algorithm: run /usr/bin/brotli --quality=11 --output=/output/latin-ext-200-italic.min.css.br /tmp/work/latin-ext-200-italic.min.css
2023/08/04 13:02:39 gz /tmp/work/latin-700.min.css -> /output/latin-700.min.css.gz
2023/08/04 13:02:39 sri /tmp/work/latin-700.css -> /output/latin-700.css.sri
2023/08/04 13:02:39 algorithm: run /usr/bin/brotli --quality=11 --output=/output/latin-700.css.br /tmp/work/latin-700.css
2023/08/04 13:02:39 sri /tmp/work/latin-ext-200.min.css -> /output/latin-ext-200.min.css.sri
2023/08/04 13:02:39 algorithm: run /usr/bin/brotli --quality=11 --output=/output/latin-ext-200.min.css.br /tmp/work/latin-ext-200.min.css
2023/08/04 13:02:39 sri /tmp/work/latin-ext-300-italic.min.css -> /output/latin-ext-300-italic.min.css.sri
2023/08/04 13:02:39 algorithm: run /usr/bin/brotli --quality=11 --output=/output/latin-ext-300-italic.min.css.br /tmp/work/latin-ext-300-italic.min.css
2023/08/04 13:02:39 br /tmp/work/latin-ext-200-italic.min.css -> /output/latin-ext-200-italic.min.css.br
2023/08/04 13:02:39 gz /tmp/work/latin-ext-200-italic.min.css -> /output/latin-ext-200-italic.min.css.gz
2023/08/04 13:02:39 sri /tmp/work/latin-ext-200-italic.css -> /output/latin-ext-200-italic.css.sri
2023/08/04 13:02:39 algorithm: run /usr/bin/brotli --quality=11 --output=/output/latin-ext-200-italic.css.br /tmp/work/latin-ext-200-italic.css
2023/08/04 13:02:39 br /tmp/work/latin-700.css -> /output/latin-700.css.br
2023/08/04 13:02:39 gz /tmp/work/latin-700.css -> /output/latin-700.css.gz
2023/08/04 13:02:39 compress: run /node_modules/clean-css-cli/bin/cleancss --compatibility --s0 -o /tmp/work/latin-ext-500.min.css /tmp/work/latin-ext-500.css
2023/08/04 13:02:39 br /tmp/work/latin-ext-200.min.css -> /output/latin-ext-200.min.css.br
2023/08/04 13:02:39 br /tmp/work/latin-ext-300-italic.min.css -> /output/latin-ext-300-italic.min.css.br
2023/08/04 13:02:39 br /tmp/work/latin-ext-200-italic.css -> /output/latin-ext-200-italic.css.br
2023/08/04 13:02:39 gz /tmp/work/latin-ext-200.min.css -> /output/latin-ext-200.min.css.gz
2023/08/04 13:02:39 sri /tmp/work/latin-ext-200.css -> /output/latin-ext-200.css.sri
2023/08/04 13:02:39 algorithm: run /usr/bin/brotli --quality=11 --output=/output/latin-ext-200.css.br /tmp/work/latin-ext-200.css
2023/08/04 13:02:39 gz /tmp/work/latin-ext-200-italic.css -> /output/latin-ext-200-italic.css.gz
2023/08/04 13:02:39 compress: run /node_modules/clean-css-cli/bin/cleancss --compatibility --s0 -o /tmp/work/latin-ext-600-italic.min.css /tmp/work/latin-ext-600-italic.css
2023/08/04 13:02:39 gz /tmp/work/latin-ext-300-italic.min.css -> /output/latin-ext-300-italic.min.css.gz
2023/08/04 13:02:39 sri /tmp/work/latin-ext-300-italic.css -> /output/latin-ext-300-italic.css.sri
2023/08/04 13:02:39 algorithm: run /usr/bin/brotli --quality=11 --output=/output/latin-ext-300-italic.css.br /tmp/work/latin-ext-300-italic.css
2023/08/04 13:02:39 sri /tmp/work/latin-ext-300.min.css -> /output/latin-ext-300.min.css.sri
2023/08/04 13:02:39 algorithm: run /usr/bin/brotli --quality=11 --output=/output/latin-ext-300.min.css.br /tmp/work/latin-ext-300.min.css
2023/08/04 13:02:39 br /tmp/work/latin-ext-200.css -> /output/latin-ext-200.css.br
2023/08/04 13:02:39 gz /tmp/work/latin-ext-200.css -> /output/latin-ext-200.css.gz
2023/08/04 13:02:39 compress: run /node_modules/clean-css-cli/bin/cleancss --compatibility --s0 -o /tmp/work/latin-ext-600.min.css /tmp/work/latin-ext-600.css
2023/08/04 13:02:39 br /tmp/work/latin-ext-300-italic.css -> /output/latin-ext-300-italic.css.br
2023/08/04 13:02:39 br /tmp/work/latin-ext-300.min.css -> /output/latin-ext-300.min.css.br
2023/08/04 13:02:39 gz /tmp/work/latin-ext-300.min.css -> /output/latin-ext-300.min.css.gz
2023/08/04 13:02:39 sri /tmp/work/latin-ext-300.css -> /output/latin-ext-300.css.sri
2023/08/04 13:02:39 algorithm: run /usr/bin/brotli --quality=11 --output=/output/latin-ext-300.css.br /tmp/work/latin-ext-300.css
2023/08/04 13:02:39 gz /tmp/work/latin-ext-300-italic.css -> /output/latin-ext-300-italic.css.gz
2023/08/04 13:02:39 compress: run /node_modules/clean-css-cli/bin/cleancss --compatibility --s0 -o /tmp/work/latin-ext-700-italic.min.css /tmp/work/latin-ext-700-italic.css
2023/08/04 13:02:39 br /tmp/work/latin-ext-300.css -> /output/latin-ext-300.css.br
2023/08/04 13:02:39 gz /tmp/work/latin-ext-300.css -> /output/latin-ext-300.css.gz
2023/08/04 13:02:39 compress: run /node_modules/clean-css-cli/bin/cleancss --compatibility --s0 -o /tmp/work/latin-ext-700.min.css /tmp/work/latin-ext-700.css
2023/08/04 13:02:39 sri /tmp/work/latin-ext-400-italic.min.css -> /output/latin-ext-400-italic.min.css.sri
2023/08/04 13:02:39 algorithm: run /usr/bin/brotli --quality=11 --output=/output/latin-ext-400-italic.min.css.br /tmp/work/latin-ext-400-italic.min.css
2023/08/04 13:02:39 br /tmp/work/latin-ext-400-italic.min.css -> /output/latin-ext-400-italic.min.css.br
2023/08/04 13:02:39 gz /tmp/work/latin-ext-400-italic.min.css -> /output/latin-ext-400-italic.min.css.gz
2023/08/04 13:02:39 sri /tmp/work/latin-ext-400-italic.css -> /output/latin-ext-400-italic.css.sri
2023/08/04 13:02:39 algorithm: run /usr/bin/brotli --quality=11 --output=/output/latin-ext-400-italic.css.br /tmp/work/latin-ext-400-italic.css
2023/08/04 13:02:39 br /tmp/work/latin-ext-400-italic.css -> /output/latin-ext-400-italic.css.br
2023/08/04 13:02:39 gz /tmp/work/latin-ext-400-italic.css -> /output/latin-ext-400-italic.css.gz
2023/08/04 13:02:39 compress: run /node_modules/clean-css-cli/bin/cleancss --compatibility --s0 -o /tmp/work/latin-ext-italic.min.css /tmp/work/latin-ext-italic.css
2023/08/04 13:02:39 sri /tmp/work/latin-ext-400.min.css -> /output/latin-ext-400.min.css.sri
2023/08/04 13:02:39 algorithm: run /usr/bin/brotli --quality=11 --output=/output/latin-ext-400.min.css.br /tmp/work/latin-ext-400.min.css
2023/08/04 13:02:39 sri /tmp/work/latin-ext-500-italic.min.css -> /output/latin-ext-500-italic.min.css.sri
2023/08/04 13:02:39 algorithm: run /usr/bin/brotli --quality=11 --output=/output/latin-ext-500-italic.min.css.br /tmp/work/latin-ext-500-italic.min.css
2023/08/04 13:02:39 br /tmp/work/latin-ext-400.min.css -> /output/latin-ext-400.min.css.br
2023/08/04 13:02:39 gz /tmp/work/latin-ext-400.min.css -> /output/latin-ext-400.min.css.gz
2023/08/04 13:02:39 sri /tmp/work/latin-ext-400.css -> /output/latin-ext-400.css.sri
2023/08/04 13:02:39 algorithm: run /usr/bin/brotli --quality=11 --output=/output/latin-ext-400.css.br /tmp/work/latin-ext-400.css
2023/08/04 13:02:39 br /tmp/work/latin-ext-500-italic.min.css -> /output/latin-ext-500-italic.min.css.br
2023/08/04 13:02:39 gz /tmp/work/latin-ext-500-italic.min.css -> /output/latin-ext-500-italic.min.css.gz
2023/08/04 13:02:39 sri /tmp/work/latin-ext-500-italic.css -> /output/latin-ext-500-italic.css.sri
2023/08/04 13:02:39 algorithm: run /usr/bin/brotli --quality=11 --output=/output/latin-ext-500-italic.css.br /tmp/work/latin-ext-500-italic.css
2023/08/04 13:02:39 br /tmp/work/latin-ext-400.css -> /output/latin-ext-400.css.br
2023/08/04 13:02:39 gz /tmp/work/latin-ext-400.css -> /output/latin-ext-400.css.gz
2023/08/04 13:02:39 compress: run /node_modules/clean-css-cli/bin/cleancss --compatibility --s0 -o /tmp/work/latin-ext.min.css /tmp/work/latin-ext.css
2023/08/04 13:02:39 br /tmp/work/latin-ext-500-italic.css -> /output/latin-ext-500-italic.css.br
2023/08/04 13:02:39 gz /tmp/work/latin-ext-500-italic.css -> /output/latin-ext-500-italic.css.gz
2023/08/04 13:02:39 compress: run /node_modules/clean-css-cli/bin/cleancss --compatibility --s0 -o /tmp/work/latin-italic.min.css /tmp/work/latin-italic.css
2023/08/04 13:02:39 sri /tmp/work/latin-ext-500.min.css -> /output/latin-ext-500.min.css.sri
2023/08/04 13:02:39 algorithm: run /usr/bin/brotli --quality=11 --output=/output/latin-ext-500.min.css.br /tmp/work/latin-ext-500.min.css
2023/08/04 13:02:39 sri /tmp/work/latin-ext-600.min.css -> /output/latin-ext-600.min.css.sri
2023/08/04 13:02:39 algorithm: run /usr/bin/brotli --quality=11 --output=/output/latin-ext-600.min.css.br /tmp/work/latin-ext-600.min.css
2023/08/04 13:02:39 br /tmp/work/latin-ext-500.min.css -> /output/latin-ext-500.min.css.br
2023/08/04 13:02:39 gz /tmp/work/latin-ext-500.min.css -> /output/latin-ext-500.min.css.gz
2023/08/04 13:02:39 br /tmp/work/latin-ext-600.min.css -> /output/latin-ext-600.min.css.br
2023/08/04 13:02:39 sri /tmp/work/latin-ext-500.css -> /output/latin-ext-500.css.sri
2023/08/04 13:02:39 algorithm: run /usr/bin/brotli --quality=11 --output=/output/latin-ext-500.css.br /tmp/work/latin-ext-500.css
2023/08/04 13:02:39 gz /tmp/work/latin-ext-600.min.css -> /output/latin-ext-600.min.css.gz
2023/08/04 13:02:39 sri /tmp/work/latin-ext-600.css -> /output/latin-ext-600.css.sri
2023/08/04 13:02:39 algorithm: run /usr/bin/brotli --quality=11 --output=/output/latin-ext-600.css.br /tmp/work/latin-ext-600.css
2023/08/04 13:02:39 br /tmp/work/latin-ext-500.css -> /output/latin-ext-500.css.br
2023/08/04 13:02:39 sri /tmp/work/latin-ext-700.min.css -> /output/latin-ext-700.min.css.sri
2023/08/04 13:02:39 algorithm: run /usr/bin/brotli --quality=11 --output=/output/latin-ext-700.min.css.br /tmp/work/latin-ext-700.min.css
2023/08/04 13:02:39 br /tmp/work/latin-ext-600.css -> /output/latin-ext-600.css.br
2023/08/04 13:02:39 gz /tmp/work/latin-ext-600.css -> /output/latin-ext-600.css.gz
2023/08/04 13:02:39 gz /tmp/work/latin-ext-500.css -> /output/latin-ext-500.css.gz
2023/08/04 13:02:39 compress: run /node_modules/clean-css-cli/bin/cleancss --compatibility --s0 -o /tmp/work/thai-200-italic.min.css /tmp/work/thai-200-italic.css
2023/08/04 13:02:39 compress: run /node_modules/clean-css-cli/bin/cleancss --compatibility --s0 -o /tmp/work/latin.min.css /tmp/work/latin.css
2023/08/04 13:02:39 br /tmp/work/latin-ext-700.min.css -> /output/latin-ext-700.min.css.br
2023/08/04 13:02:39 gz /tmp/work/latin-ext-700.min.css -> /output/latin-ext-700.min.css.gz
2023/08/04 13:02:39 sri /tmp/work/latin-ext-700.css -> /output/latin-ext-700.css.sri
2023/08/04 13:02:39 algorithm: run /usr/bin/brotli --quality=11 --output=/output/latin-ext-700.css.br /tmp/work/latin-ext-700.css
2023/08/04 13:02:39 br /tmp/work/latin-ext-700.css -> /output/latin-ext-700.css.br
2023/08/04 13:02:39 gz /tmp/work/latin-ext-700.css -> /output/latin-ext-700.css.gz
2023/08/04 13:02:39 compress: run /node_modules/clean-css-cli/bin/cleancss --compatibility --s0 -o /tmp/work/thai-200.min.css /tmp/work/thai-200.css
2023/08/04 13:02:39 sri /tmp/work/latin-ext-italic.min.css -> /output/latin-ext-italic.min.css.sri
2023/08/04 13:02:39 algorithm: run /usr/bin/brotli --quality=11 --output=/output/latin-ext-italic.min.css.br /tmp/work/latin-ext-italic.min.css
2023/08/04 13:02:39 sri /tmp/work/latin-ext-700-italic.min.css -> /output/latin-ext-700-italic.min.css.sri
2023/08/04 13:02:39 algorithm: run /usr/bin/brotli --quality=11 --output=/output/latin-ext-700-italic.min.css.br /tmp/work/latin-ext-700-italic.min.css
2023/08/04 13:02:39 br /tmp/work/latin-ext-italic.min.css -> /output/latin-ext-italic.min.css.br
2023/08/04 13:02:39 br /tmp/work/latin-ext-700-italic.min.css -> /output/latin-ext-700-italic.min.css.br
2023/08/04 13:02:39 gz /tmp/work/latin-ext-700-italic.min.css -> /output/latin-ext-700-italic.min.css.gz
2023/08/04 13:02:39 sri /tmp/work/latin-ext-700-italic.css -> /output/latin-ext-700-italic.css.sri
2023/08/04 13:02:39 algorithm: run /usr/bin/brotli --quality=11 --output=/output/latin-ext-700-italic.css.br /tmp/work/latin-ext-700-italic.css
2023/08/04 13:02:39 gz /tmp/work/latin-ext-italic.min.css -> /output/latin-ext-italic.min.css.gz
2023/08/04 13:02:39 sri /tmp/work/latin-ext-italic.css -> /output/latin-ext-italic.css.sri
2023/08/04 13:02:39 algorithm: run /usr/bin/brotli --quality=11 --output=/output/latin-ext-italic.css.br /tmp/work/latin-ext-italic.css
2023/08/04 13:02:39 br /tmp/work/latin-ext-700-italic.css -> /output/latin-ext-700-italic.css.br
2023/08/04 13:02:39 gz /tmp/work/latin-ext-700-italic.css -> /output/latin-ext-700-italic.css.gz
2023/08/04 13:02:39 compress: run /node_modules/clean-css-cli/bin/cleancss --compatibility --s0 -o /tmp/work/thai-300-italic.min.css /tmp/work/thai-300-italic.css
2023/08/04 13:02:39 br /tmp/work/latin-ext-italic.css -> /output/latin-ext-italic.css.br
2023/08/04 13:02:39 gz /tmp/work/latin-ext-italic.css -> /output/latin-ext-italic.css.gz
2023/08/04 13:02:39 compress: run /node_modules/clean-css-cli/bin/cleancss --compatibility --s0 -o /tmp/work/thai-300.min.css /tmp/work/thai-300.css
2023/08/04 13:02:39 sri /tmp/work/latin-ext-600-italic.min.css -> /output/latin-ext-600-italic.min.css.sri
2023/08/04 13:02:39 algorithm: run /usr/bin/brotli --quality=11 --output=/output/latin-ext-600-italic.min.css.br /tmp/work/latin-ext-600-italic.min.css
2023/08/04 13:02:39 br /tmp/work/latin-ext-600-italic.min.css -> /output/latin-ext-600-italic.min.css.br
2023/08/04 13:02:39 gz /tmp/work/latin-ext-600-italic.min.css -> /output/latin-ext-600-italic.min.css.gz
2023/08/04 13:02:39 sri /tmp/work/latin-ext-600-italic.css -> /output/latin-ext-600-italic.css.sri
2023/08/04 13:02:39 algorithm: run /usr/bin/brotli --quality=11 --output=/output/latin-ext-600-italic.css.br /tmp/work/latin-ext-600-italic.css
2023/08/04 13:02:39 br /tmp/work/latin-ext-600-italic.css -> /output/latin-ext-600-italic.css.br
2023/08/04 13:02:39 gz /tmp/work/latin-ext-600-italic.css -> /output/latin-ext-600-italic.css.gz
2023/08/04 13:02:39 compress: run /node_modules/clean-css-cli/bin/cleancss --compatibility --s0 -o /tmp/work/thai-400-italic.min.css /tmp/work/thai-400-italic.css
2023/08/04 13:02:39 sri /tmp/work/latin-ext.min.css -> /output/latin-ext.min.css.sri
2023/08/04 13:02:39 algorithm: run /usr/bin/brotli --quality=11 --output=/output/latin-ext.min.css.br /tmp/work/latin-ext.min.css
2023/08/04 13:02:39 sri /tmp/work/latin-italic.min.css -> /output/latin-italic.min.css.sri
2023/08/04 13:02:39 algorithm: run /usr/bin/brotli --quality=11 --output=/output/latin-italic.min.css.br /tmp/work/latin-italic.min.css
2023/08/04 13:02:39 br /tmp/work/latin-italic.min.css -> /output/latin-italic.min.css.br
2023/08/04 13:02:39 br /tmp/work/latin-ext.min.css -> /output/latin-ext.min.css.br
2023/08/04 13:02:39 gz /tmp/work/latin-italic.min.css -> /output/latin-italic.min.css.gz
2023/08/04 13:02:39 sri /tmp/work/latin-italic.css -> /output/latin-italic.css.sri
2023/08/04 13:02:39 algorithm: run /usr/bin/brotli --quality=11 --output=/output/latin-italic.css.br /tmp/work/latin-italic.css
2023/08/04 13:02:39 gz /tmp/work/latin-ext.min.css -> /output/latin-ext.min.css.gz
2023/08/04 13:02:39 sri /tmp/work/latin-ext.css -> /output/latin-ext.css.sri
2023/08/04 13:02:39 algorithm: run /usr/bin/brotli --quality=11 --output=/output/latin-ext.css.br /tmp/work/latin-ext.css
2023/08/04 13:02:39 br /tmp/work/latin-italic.css -> /output/latin-italic.css.br
2023/08/04 13:02:39 gz /tmp/work/latin-italic.css -> /output/latin-italic.css.gz
2023/08/04 13:02:39 compress: run /node_modules/clean-css-cli/bin/cleancss --compatibility --s0 -o /tmp/work/thai-400.min.css /tmp/work/thai-400.css
2023/08/04 13:02:39 br /tmp/work/latin-ext.css -> /output/latin-ext.css.br
2023/08/04 13:02:39 gz /tmp/work/latin-ext.css -> /output/latin-ext.css.gz
2023/08/04 13:02:39 compress: run /node_modules/clean-css-cli/bin/cleancss --compatibility --s0 -o /tmp/work/thai-500-italic.min.css /tmp/work/thai-500-italic.css
2023/08/04 13:02:39 sri /tmp/work/thai-200-italic.min.css -> /output/thai-200-italic.min.css.sri
2023/08/04 13:02:39 algorithm: run /usr/bin/brotli --quality=11 --output=/output/thai-200-italic.min.css.br /tmp/work/thai-200-italic.min.css
2023/08/04 13:02:39 br /tmp/work/thai-200-italic.min.css -> /output/thai-200-italic.min.css.br
2023/08/04 13:02:39 gz /tmp/work/thai-200-italic.min.css -> /output/thai-200-italic.min.css.gz
2023/08/04 13:02:39 sri /tmp/work/thai-200-italic.css -> /output/thai-200-italic.css.sri
2023/08/04 13:02:39 algorithm: run /usr/bin/brotli --quality=11 --output=/output/thai-200-italic.css.br /tmp/work/thai-200-italic.css
2023/08/04 13:02:39 br /tmp/work/thai-200-italic.css -> /output/thai-200-italic.css.br
2023/08/04 13:02:39 gz /tmp/work/thai-200-italic.css -> /output/thai-200-italic.css.gz
2023/08/04 13:02:39 compress: run /node_modules/clean-css-cli/bin/cleancss --compatibility --s0 -o /tmp/work/thai-500.min.css /tmp/work/thai-500.css
2023/08/04 13:02:39 sri /tmp/work/thai-200.min.css -> /output/thai-200.min.css.sri
2023/08/04 13:02:39 algorithm: run /usr/bin/brotli --quality=11 --output=/output/thai-200.min.css.br /tmp/work/thai-200.min.css
2023/08/04 13:02:39 br /tmp/work/thai-200.min.css -> /output/thai-200.min.css.br
2023/08/04 13:02:39 gz /tmp/work/thai-200.min.css -> /output/thai-200.min.css.gz
2023/08/04 13:02:39 sri /tmp/work/thai-200.css -> /output/thai-200.css.sri
2023/08/04 13:02:39 algorithm: run /usr/bin/brotli --quality=11 --output=/output/thai-200.css.br /tmp/work/thai-200.css
2023/08/04 13:02:39 br /tmp/work/thai-200.css -> /output/thai-200.css.br
2023/08/04 13:02:39 gz /tmp/work/thai-200.css -> /output/thai-200.css.gz
2023/08/04 13:02:39 compress: run /node_modules/clean-css-cli/bin/cleancss --compatibility --s0 -o /tmp/work/thai-600-italic.min.css /tmp/work/thai-600-italic.css
2023/08/04 13:02:39 sri /tmp/work/latin.min.css -> /output/latin.min.css.sri
2023/08/04 13:02:39 algorithm: run /usr/bin/brotli --quality=11 --output=/output/latin.min.css.br /tmp/work/latin.min.css
2023/08/04 13:02:39 br /tmp/work/latin.min.css -> /output/latin.min.css.br
2023/08/04 13:02:39 gz /tmp/work/latin.min.css -> /output/latin.min.css.gz
2023/08/04 13:02:39 sri /tmp/work/latin.css -> /output/latin.css.sri
2023/08/04 13:02:39 algorithm: run /usr/bin/brotli --quality=11 --output=/output/latin.css.br /tmp/work/latin.css
2023/08/04 13:02:39 br /tmp/work/latin.css -> /output/latin.css.br
2023/08/04 13:02:39 gz /tmp/work/latin.css -> /output/latin.css.gz
2023/08/04 13:02:39 compress: run /node_modules/clean-css-cli/bin/cleancss --compatibility --s0 -o /tmp/work/thai-600.min.css /tmp/work/thai-600.css
2023/08/04 13:02:39 sri /tmp/work/thai-300-italic.min.css -> /output/thai-300-italic.min.css.sri
2023/08/04 13:02:39 algorithm: run /usr/bin/brotli --quality=11 --output=/output/thai-300-italic.min.css.br /tmp/work/thai-300-italic.min.css
2023/08/04 13:02:39 br /tmp/work/thai-300-italic.min.css -> /output/thai-300-italic.min.css.br
2023/08/04 13:02:39 gz /tmp/work/thai-300-italic.min.css -> /output/thai-300-italic.min.css.gz
2023/08/04 13:02:39 sri /tmp/work/thai-300-italic.css -> /output/thai-300-italic.css.sri
2023/08/04 13:02:39 algorithm: run /usr/bin/brotli --quality=11 --output=/output/thai-300-italic.css.br /tmp/work/thai-300-italic.css
2023/08/04 13:02:39 br /tmp/work/thai-300-italic.css -> /output/thai-300-italic.css.br
2023/08/04 13:02:39 gz /tmp/work/thai-300-italic.css -> /output/thai-300-italic.css.gz
2023/08/04 13:02:39 compress: run /node_modules/clean-css-cli/bin/cleancss --compatibility --s0 -o /tmp/work/thai-700-italic.min.css /tmp/work/thai-700-italic.css
2023/08/04 13:02:39 sri /tmp/work/thai-400.min.css -> /output/thai-400.min.css.sri
2023/08/04 13:02:39 algorithm: run /usr/bin/brotli --quality=11 --output=/output/thai-400.min.css.br /tmp/work/thai-400.min.css
2023/08/04 13:02:39 br /tmp/work/thai-400.min.css -> /output/thai-400.min.css.br
2023/08/04 13:02:39 gz /tmp/work/thai-400.min.css -> /output/thai-400.min.css.gz
2023/08/04 13:02:39 sri /tmp/work/thai-400-italic.min.css -> /output/thai-400-italic.min.css.sri
2023/08/04 13:02:39 algorithm: run /usr/bin/brotli --quality=11 --output=/output/thai-400-italic.min.css.br /tmp/work/thai-400-italic.min.css
2023/08/04 13:02:39 sri /tmp/work/thai-400.css -> /output/thai-400.css.sri
2023/08/04 13:02:39 algorithm: run /usr/bin/brotli --quality=11 --output=/output/thai-400.css.br /tmp/work/thai-400.css
2023/08/04 13:02:39 br /tmp/work/thai-400-italic.min.css -> /output/thai-400-italic.min.css.br
2023/08/04 13:02:39 gz /tmp/work/thai-400-italic.min.css -> /output/thai-400-italic.min.css.gz
2023/08/04 13:02:39 sri /tmp/work/thai-300.min.css -> /output/thai-300.min.css.sri
2023/08/04 13:02:39 br /tmp/work/thai-400.css -> /output/thai-400.css.br
2023/08/04 13:02:39 algorithm: run /usr/bin/brotli --quality=11 --output=/output/thai-300.min.css.br /tmp/work/thai-300.min.css
2023/08/04 13:02:39 sri /tmp/work/thai-400-italic.css -> /output/thai-400-italic.css.sri
2023/08/04 13:02:39 algorithm: run /usr/bin/brotli --quality=11 --output=/output/thai-400-italic.css.br /tmp/work/thai-400-italic.css
2023/08/04 13:02:39 gz /tmp/work/thai-400.css -> /output/thai-400.css.gz
2023/08/04 13:02:39 compress: run /node_modules/clean-css-cli/bin/cleancss --compatibility --s0 -o /tmp/work/thai-700.min.css /tmp/work/thai-700.css
2023/08/04 13:02:39 sri /tmp/work/thai-500-italic.min.css -> /output/thai-500-italic.min.css.sri
2023/08/04 13:02:39 algorithm: run /usr/bin/brotli --quality=11 --output=/output/thai-500-italic.min.css.br /tmp/work/thai-500-italic.min.css
2023/08/04 13:02:39 br /tmp/work/thai-300.min.css -> /output/thai-300.min.css.br
2023/08/04 13:02:39 gz /tmp/work/thai-300.min.css -> /output/thai-300.min.css.gz
2023/08/04 13:02:39 sri /tmp/work/thai-300.css -> /output/thai-300.css.sri
2023/08/04 13:02:39 algorithm: run /usr/bin/brotli --quality=11 --output=/output/thai-300.css.br /tmp/work/thai-300.css
2023/08/04 13:02:39 br /tmp/work/thai-400-italic.css -> /output/thai-400-italic.css.br
2023/08/04 13:02:39 gz /tmp/work/thai-400-italic.css -> /output/thai-400-italic.css.gz
2023/08/04 13:02:39 compress: run /node_modules/clean-css-cli/bin/cleancss --compatibility --s0 -o /tmp/work/thai-italic.min.css /tmp/work/thai-italic.css
2023/08/04 13:02:39 br /tmp/work/thai-500-italic.min.css -> /output/thai-500-italic.min.css.br
2023/08/04 13:02:39 gz /tmp/work/thai-500-italic.min.css -> /output/thai-500-italic.min.css.gz
2023/08/04 13:02:39 sri /tmp/work/thai-500-italic.css -> /output/thai-500-italic.css.sri
2023/08/04 13:02:39 algorithm: run /usr/bin/brotli --quality=11 --output=/output/thai-500-italic.css.br /tmp/work/thai-500-italic.css
2023/08/04 13:02:39 br /tmp/work/thai-300.css -> /output/thai-300.css.br
2023/08/04 13:02:39 gz /tmp/work/thai-300.css -> /output/thai-300.css.gz
2023/08/04 13:02:39 compress: run /node_modules/clean-css-cli/bin/cleancss --compatibility --s0 -o /tmp/work/thai.min.css /tmp/work/thai.css
2023/08/04 13:02:39 br /tmp/work/thai-500-italic.css -> /output/thai-500-italic.css.br
2023/08/04 13:02:39 gz /tmp/work/thai-500-italic.css -> /output/thai-500-italic.css.gz
2023/08/04 13:02:39 compress: run /node_modules/clean-css-cli/bin/cleancss --compatibility --s0 -o /tmp/work/vietnamese-200-italic.min.css /tmp/work/vietnamese-200-italic.css
2023/08/04 13:02:40 sri /tmp/work/thai-500.min.css -> /output/thai-500.min.css.sri
2023/08/04 13:02:40 algorithm: run /usr/bin/brotli --quality=11 --output=/output/thai-500.min.css.br /tmp/work/thai-500.min.css
2023/08/04 13:02:40 br /tmp/work/thai-500.min.css -> /output/thai-500.min.css.br
2023/08/04 13:02:40 gz /tmp/work/thai-500.min.css -> /output/thai-500.min.css.gz
2023/08/04 13:02:40 sri /tmp/work/thai-500.css -> /output/thai-500.css.sri
2023/08/04 13:02:40 algorithm: run /usr/bin/brotli --quality=11 --output=/output/thai-500.css.br /tmp/work/thai-500.css
2023/08/04 13:02:40 br /tmp/work/thai-500.css -> /output/thai-500.css.br
2023/08/04 13:02:40 gz /tmp/work/thai-500.css -> /output/thai-500.css.gz
2023/08/04 13:02:40 compress: run /node_modules/clean-css-cli/bin/cleancss --compatibility --s0 -o /tmp/work/vietnamese-200.min.css /tmp/work/vietnamese-200.css
2023/08/04 13:02:40 sri /tmp/work/thai-600-italic.min.css -> /output/thai-600-italic.min.css.sri
2023/08/04 13:02:40 algorithm: run /usr/bin/brotli --quality=11 --output=/output/thai-600-italic.min.css.br /tmp/work/thai-600-italic.min.css
2023/08/04 13:02:40 br /tmp/work/thai-600-italic.min.css -> /output/thai-600-italic.min.css.br
2023/08/04 13:02:40 gz /tmp/work/thai-600-italic.min.css -> /output/thai-600-italic.min.css.gz
2023/08/04 13:02:40 sri /tmp/work/thai-600-italic.css -> /output/thai-600-italic.css.sri
2023/08/04 13:02:40 algorithm: run /usr/bin/brotli --quality=11 --output=/output/thai-600-italic.css.br /tmp/work/thai-600-italic.css
2023/08/04 13:02:40 br /tmp/work/thai-600-italic.css -> /output/thai-600-italic.css.br
2023/08/04 13:02:40 gz /tmp/work/thai-600-italic.css -> /output/thai-600-italic.css.gz
2023/08/04 13:02:40 compress: run /node_modules/clean-css-cli/bin/cleancss --compatibility --s0 -o /tmp/work/vietnamese-300-italic.min.css /tmp/work/vietnamese-300-italic.css
2023/08/04 13:02:40 sri /tmp/work/thai-600.min.css -> /output/thai-600.min.css.sri
2023/08/04 13:02:40 algorithm: run /usr/bin/brotli --quality=11 --output=/output/thai-600.min.css.br /tmp/work/thai-600.min.css
2023/08/04 13:02:40 br /tmp/work/thai-600.min.css -> /output/thai-600.min.css.br
2023/08/04 13:02:40 sri /tmp/work/thai-700-italic.min.css -> /output/thai-700-italic.min.css.sri
2023/08/04 13:02:40 algorithm: run /usr/bin/brotli --quality=11 --output=/output/thai-700-italic.min.css.br /tmp/work/thai-700-italic.min.css
2023/08/04 13:02:40 gz /tmp/work/thai-600.min.css -> /output/thai-600.min.css.gz
2023/08/04 13:02:40 sri /tmp/work/thai-600.css -> /output/thai-600.css.sri
2023/08/04 13:02:40 algorithm: run /usr/bin/brotli --quality=11 --output=/output/thai-600.css.br /tmp/work/thai-600.css
2023/08/04 13:02:40 br /tmp/work/thai-700-italic.min.css -> /output/thai-700-italic.min.css.br
2023/08/04 13:02:40 gz /tmp/work/thai-700-italic.min.css -> /output/thai-700-italic.min.css.gz
2023/08/04 13:02:40 sri /tmp/work/thai-700-italic.css -> /output/thai-700-italic.css.sri
2023/08/04 13:02:40 algorithm: run /usr/bin/brotli --quality=11 --output=/output/thai-700-italic.css.br /tmp/work/thai-700-italic.css
2023/08/04 13:02:40 br /tmp/work/thai-600.css -> /output/thai-600.css.br
2023/08/04 13:02:40 gz /tmp/work/thai-600.css -> /output/thai-600.css.gz
2023/08/04 13:02:40 compress: run /node_modules/clean-css-cli/bin/cleancss --compatibility --s0 -o /tmp/work/vietnamese-300.min.css /tmp/work/vietnamese-300.css
2023/08/04 13:02:40 br /tmp/work/thai-700-italic.css -> /output/thai-700-italic.css.br
2023/08/04 13:02:40 gz /tmp/work/thai-700-italic.css -> /output/thai-700-italic.css.gz
2023/08/04 13:02:40 compress: run /node_modules/clean-css-cli/bin/cleancss --compatibility --s0 -o /tmp/work/vietnamese-400-italic.min.css /tmp/work/vietnamese-400-italic.css
2023/08/04 13:02:40 sri /tmp/work/thai.min.css -> /output/thai.min.css.sri
2023/08/04 13:02:40 algorithm: run /usr/bin/brotli --quality=11 --output=/output/thai.min.css.br /tmp/work/thai.min.css
2023/08/04 13:02:40 br /tmp/work/thai.min.css -> /output/thai.min.css.br
2023/08/04 13:02:40 gz /tmp/work/thai.min.css -> /output/thai.min.css.gz
2023/08/04 13:02:40 sri /tmp/work/thai.css -> /output/thai.css.sri
2023/08/04 13:02:40 algorithm: run /usr/bin/brotli --quality=11 --output=/output/thai.css.br /tmp/work/thai.css
2023/08/04 13:02:40 br /tmp/work/thai.css -> /output/thai.css.br
2023/08/04 13:02:40 gz /tmp/work/thai.css -> /output/thai.css.gz
2023/08/04 13:02:40 compress: run /node_modules/clean-css-cli/bin/cleancss --compatibility --s0 -o /tmp/work/vietnamese-400.min.css /tmp/work/vietnamese-400.css
2023/08/04 13:02:40 sri /tmp/work/thai-700.min.css -> /output/thai-700.min.css.sri
2023/08/04 13:02:40 algorithm: run /usr/bin/brotli --quality=11 --output=/output/thai-700.min.css.br /tmp/work/thai-700.min.css
2023/08/04 13:02:40 sri /tmp/work/vietnamese-200-italic.min.css -> /output/vietnamese-200-italic.min.css.sri
2023/08/04 13:02:40 algorithm: run /usr/bin/brotli --quality=11 --output=/output/vietnamese-200-italic.min.css.br /tmp/work/vietnamese-200-italic.min.css
2023/08/04 13:02:40 br /tmp/work/thai-700.min.css -> /output/thai-700.min.css.br
2023/08/04 13:02:40 gz /tmp/work/thai-700.min.css -> /output/thai-700.min.css.gz
2023/08/04 13:02:40 sri /tmp/work/thai-700.css -> /output/thai-700.css.sri
2023/08/04 13:02:40 algorithm: run /usr/bin/brotli --quality=11 --output=/output/thai-700.css.br /tmp/work/thai-700.css
2023/08/04 13:02:40 br /tmp/work/vietnamese-200-italic.min.css -> /output/vietnamese-200-italic.min.css.br
2023/08/04 13:02:40 gz /tmp/work/vietnamese-200-italic.min.css -> /output/vietnamese-200-italic.min.css.gz
2023/08/04 13:02:40 sri /tmp/work/vietnamese-200-italic.css -> /output/vietnamese-200-italic.css.sri
2023/08/04 13:02:40 algorithm: run /usr/bin/brotli --quality=11 --output=/output/vietnamese-200-italic.css.br /tmp/work/vietnamese-200-italic.css
2023/08/04 13:02:40 br /tmp/work/vietnamese-200-italic.css -> /output/vietnamese-200-italic.css.br
2023/08/04 13:02:40 gz /tmp/work/vietnamese-200-italic.css -> /output/vietnamese-200-italic.css.gz
2023/08/04 13:02:40 compress: run /node_modules/clean-css-cli/bin/cleancss --compatibility --s0 -o /tmp/work/vietnamese-500-italic.min.css /tmp/work/vietnamese-500-italic.css
2023/08/04 13:02:40 br /tmp/work/thai-700.css -> /output/thai-700.css.br
2023/08/04 13:02:40 gz /tmp/work/thai-700.css -> /output/thai-700.css.gz
2023/08/04 13:02:40 compress: run /node_modules/clean-css-cli/bin/cleancss --compatibility --s0 -o /tmp/work/vietnamese-500.min.css /tmp/work/vietnamese-500.css
2023/08/04 13:02:40 sri /tmp/work/thai-italic.min.css -> /output/thai-italic.min.css.sri
2023/08/04 13:02:40 algorithm: run /usr/bin/brotli --quality=11 --output=/output/thai-italic.min.css.br /tmp/work/thai-italic.min.css
2023/08/04 13:02:40 br /tmp/work/thai-italic.min.css -> /output/thai-italic.min.css.br
2023/08/04 13:02:40 gz /tmp/work/thai-italic.min.css -> /output/thai-italic.min.css.gz
2023/08/04 13:02:40 sri /tmp/work/thai-italic.css -> /output/thai-italic.css.sri
2023/08/04 13:02:40 algorithm: run /usr/bin/brotli --quality=11 --output=/output/thai-italic.css.br /tmp/work/thai-italic.css
2023/08/04 13:02:40 br /tmp/work/thai-italic.css -> /output/thai-italic.css.br
2023/08/04 13:02:40 gz /tmp/work/thai-italic.css -> /output/thai-italic.css.gz
2023/08/04 13:02:40 compress: run /node_modules/clean-css-cli/bin/cleancss --compatibility --s0 -o /tmp/work/vietnamese-600-italic.min.css /tmp/work/vietnamese-600-italic.css
2023/08/04 13:02:40 sri /tmp/work/vietnamese-200.min.css -> /output/vietnamese-200.min.css.sri
2023/08/04 13:02:40 algorithm: run /usr/bin/brotli --quality=11 --output=/output/vietnamese-200.min.css.br /tmp/work/vietnamese-200.min.css
2023/08/04 13:02:40 br /tmp/work/vietnamese-200.min.css -> /output/vietnamese-200.min.css.br
2023/08/04 13:02:40 gz /tmp/work/vietnamese-200.min.css -> /output/vietnamese-200.min.css.gz
2023/08/04 13:02:40 sri /tmp/work/vietnamese-200.css -> /output/vietnamese-200.css.sri
2023/08/04 13:02:40 algorithm: run /usr/bin/brotli --quality=11 --output=/output/vietnamese-200.css.br /tmp/work/vietnamese-200.css
2023/08/04 13:02:40 br /tmp/work/vietnamese-200.css -> /output/vietnamese-200.css.br
2023/08/04 13:02:40 gz /tmp/work/vietnamese-200.css -> /output/vietnamese-200.css.gz
2023/08/04 13:02:40 compress: run /node_modules/clean-css-cli/bin/cleancss --compatibility --s0 -o /tmp/work/vietnamese-600.min.css /tmp/work/vietnamese-600.css
2023/08/04 13:02:40 sri /tmp/work/vietnamese-300-italic.min.css -> /output/vietnamese-300-italic.min.css.sri
2023/08/04 13:02:40 algorithm: run /usr/bin/brotli --quality=11 --output=/output/vietnamese-300-italic.min.css.br /tmp/work/vietnamese-300-italic.min.css
2023/08/04 13:02:40 br /tmp/work/vietnamese-300-italic.min.css -> /output/vietnamese-300-italic.min.css.br
2023/08/04 13:02:40 gz /tmp/work/vietnamese-300-italic.min.css -> /output/vietnamese-300-italic.min.css.gz
2023/08/04 13:02:40 sri /tmp/work/vietnamese-300-italic.css -> /output/vietnamese-300-italic.css.sri
2023/08/04 13:02:40 algorithm: run /usr/bin/brotli --quality=11 --output=/output/vietnamese-300-italic.css.br /tmp/work/vietnamese-300-italic.css
2023/08/04 13:02:40 br /tmp/work/vietnamese-300-italic.css -> /output/vietnamese-300-italic.css.br
2023/08/04 13:02:40 gz /tmp/work/vietnamese-300-italic.css -> /output/vietnamese-300-italic.css.gz
2023/08/04 13:02:40 compress: run /node_modules/clean-css-cli/bin/cleancss --compatibility --s0 -o /tmp/work/vietnamese-700-italic.min.css /tmp/work/vietnamese-700-italic.css
2023/08/04 13:02:40 sri /tmp/work/vietnamese-300.min.css -> /output/vietnamese-300.min.css.sri
2023/08/04 13:02:40 algorithm: run /usr/bin/brotli --quality=11 --output=/output/vietnamese-300.min.css.br /tmp/work/vietnamese-300.min.css
2023/08/04 13:02:40 sri /tmp/work/vietnamese-400-italic.min.css -> /output/vietnamese-400-italic.min.css.sri
2023/08/04 13:02:40 algorithm: run /usr/bin/brotli --quality=11 --output=/output/vietnamese-400-italic.min.css.br /tmp/work/vietnamese-400-italic.min.css
2023/08/04 13:02:40 br /tmp/work/vietnamese-300.min.css -> /output/vietnamese-300.min.css.br
2023/08/04 13:02:40 gz /tmp/work/vietnamese-300.min.css -> /output/vietnamese-300.min.css.gz
2023/08/04 13:02:40 sri /tmp/work/vietnamese-300.css -> /output/vietnamese-300.css.sri
2023/08/04 13:02:40 algorithm: run /usr/bin/brotli --quality=11 --output=/output/vietnamese-300.css.br /tmp/work/vietnamese-300.css
2023/08/04 13:02:40 sri /tmp/work/vietnamese-400.min.css -> /output/vietnamese-400.min.css.sri
2023/08/04 13:02:40 algorithm: run /usr/bin/brotli --quality=11 --output=/output/vietnamese-400.min.css.br /tmp/work/vietnamese-400.min.css
2023/08/04 13:02:40 br /tmp/work/vietnamese-400-italic.min.css -> /output/vietnamese-400-italic.min.css.br
2023/08/04 13:02:40 gz /tmp/work/vietnamese-400-italic.min.css -> /output/vietnamese-400-italic.min.css.gz
2023/08/04 13:02:40 sri /tmp/work/vietnamese-400-italic.css -> /output/vietnamese-400-italic.css.sri
2023/08/04 13:02:40 algorithm: run /usr/bin/brotli --quality=11 --output=/output/vietnamese-400-italic.css.br /tmp/work/vietnamese-400-italic.css
2023/08/04 13:02:40 br /tmp/work/vietnamese-300.css -> /output/vietnamese-300.css.br
2023/08/04 13:02:40 gz /tmp/work/vietnamese-300.css -> /output/vietnamese-300.css.gz
2023/08/04 13:02:40 compress: run /node_modules/clean-css-cli/bin/cleancss --compatibility --s0 -o /tmp/work/vietnamese-700.min.css /tmp/work/vietnamese-700.css
2023/08/04 13:02:40 br /tmp/work/vietnamese-400.min.css -> /output/vietnamese-400.min.css.br
2023/08/04 13:02:40 gz /tmp/work/vietnamese-400.min.css -> /output/vietnamese-400.min.css.gz
2023/08/04 13:02:40 sri /tmp/work/vietnamese-400.css -> /output/vietnamese-400.css.sri
2023/08/04 13:02:40 algorithm: run /usr/bin/brotli --quality=11 --output=/output/vietnamese-400.css.br /tmp/work/vietnamese-400.css
2023/08/04 13:02:40 br /tmp/work/vietnamese-400-italic.css -> /output/vietnamese-400-italic.css.br
2023/08/04 13:02:40 gz /tmp/work/vietnamese-400-italic.css -> /output/vietnamese-400-italic.css.gz
2023/08/04 13:02:40 sri /tmp/work/vietnamese-700-italic.min.css -> /output/vietnamese-700-italic.min.css.sri
2023/08/04 13:02:40 compress: run /node_modules/clean-css-cli/bin/cleancss --compatibility --s0 -o /tmp/work/vietnamese-italic.min.css /tmp/work/vietnamese-italic.css
2023/08/04 13:02:40 sri /tmp/work/vietnamese-600-italic.min.css -> /output/vietnamese-600-italic.min.css.sri
2023/08/04 13:02:40 sri /tmp/work/vietnamese-600.min.css -> /output/vietnamese-600.min.css.sri
2023/08/04 13:02:40 br /tmp/work/vietnamese-400.css -> /output/vietnamese-400.css.br
2023/08/04 13:02:40 algorithm: run /usr/bin/brotli --quality=11 --output=/output/vietnamese-600.min.css.br /tmp/work/vietnamese-600.min.css
2023/08/04 13:02:40 algorithm: run /usr/bin/brotli --quality=11 --output=/output/vietnamese-600-italic.min.css.br /tmp/work/vietnamese-600-italic.min.css
2023/08/04 13:02:40 algorithm: run /usr/bin/brotli --quality=11 --output=/output/vietnamese-700-italic.min.css.br /tmp/work/vietnamese-700-italic.min.css
2023/08/04 13:02:40 sri /tmp/work/vietnamese-500-italic.min.css -> /output/vietnamese-500-italic.min.css.sri
2023/08/04 13:02:40 algorithm: run /usr/bin/brotli --quality=11 --output=/output/vietnamese-500-italic.min.css.br /tmp/work/vietnamese-500-italic.min.css
2023/08/04 13:02:40 sri /tmp/work/vietnamese-500.min.css -> /output/vietnamese-500.min.css.sri
2023/08/04 13:02:40 algorithm: run /usr/bin/brotli --quality=11 --output=/output/vietnamese-500.min.css.br /tmp/work/vietnamese-500.min.css
2023/08/04 13:02:40 gz /tmp/work/vietnamese-400.css -> /output/vietnamese-400.css.gz
2023/08/04 13:02:40 compress: run /node_modules/clean-css-cli/bin/cleancss --compatibility --s0 -o /tmp/work/vietnamese.min.css /tmp/work/vietnamese.css
2023/08/04 13:02:40 br /tmp/work/vietnamese-500.min.css -> /output/vietnamese-500.min.css.br
2023/08/04 13:02:40 br /tmp/work/vietnamese-600.min.css -> /output/vietnamese-600.min.css.br
2023/08/04 13:02:40 br /tmp/work/vietnamese-700-italic.min.css -> /output/vietnamese-700-italic.min.css.br
2023/08/04 13:02:40 br /tmp/work/vietnamese-600-italic.min.css -> /output/vietnamese-600-italic.min.css.br
2023/08/04 13:02:40 br /tmp/work/vietnamese-500-italic.min.css -> /output/vietnamese-500-italic.min.css.br
2023/08/04 13:02:40 gz /tmp/work/vietnamese-500.min.css -> /output/vietnamese-500.min.css.gz
2023/08/04 13:02:40 sri /tmp/work/vietnamese-500.css -> /output/vietnamese-500.css.sri
2023/08/04 13:02:40 gz /tmp/work/vietnamese-600.min.css -> /output/vietnamese-600.min.css.gz
2023/08/04 13:02:40 algorithm: run /usr/bin/brotli --quality=11 --output=/output/vietnamese-500.css.br /tmp/work/vietnamese-500.css
2023/08/04 13:02:40 gz /tmp/work/vietnamese-600-italic.min.css -> /output/vietnamese-600-italic.min.css.gz
2023/08/04 13:02:40 sri /tmp/work/vietnamese-600.css -> /output/vietnamese-600.css.sri
2023/08/04 13:02:40 algorithm: run /usr/bin/brotli --quality=11 --output=/output/vietnamese-600.css.br /tmp/work/vietnamese-600.css
2023/08/04 13:02:40 gz /tmp/work/vietnamese-500-italic.min.css -> /output/vietnamese-500-italic.min.css.gz
2023/08/04 13:02:40 sri /tmp/work/vietnamese-600-italic.css -> /output/vietnamese-600-italic.css.sri
2023/08/04 13:02:40 gz /tmp/work/vietnamese-700-italic.min.css -> /output/vietnamese-700-italic.min.css.gz
2023/08/04 13:02:40 sri /tmp/work/vietnamese-500-italic.css -> /output/vietnamese-500-italic.css.sri
2023/08/04 13:02:40 algorithm: run /usr/bin/brotli --quality=11 --output=/output/vietnamese-500-italic.css.br /tmp/work/vietnamese-500-italic.css
2023/08/04 13:02:40 algorithm: run /usr/bin/brotli --quality=11 --output=/output/vietnamese-600-italic.css.br /tmp/work/vietnamese-600-italic.css
2023/08/04 13:02:40 sri /tmp/work/vietnamese-700-italic.css -> /output/vietnamese-700-italic.css.sri
2023/08/04 13:02:40 algorithm: run /usr/bin/brotli --quality=11 --output=/output/vietnamese-700-italic.css.br /tmp/work/vietnamese-700-italic.css
2023/08/04 13:02:40 br /tmp/work/vietnamese-500.css -> /output/vietnamese-500.css.br
2023/08/04 13:02:40 br /tmp/work/vietnamese-600-italic.css -> /output/vietnamese-600-italic.css.br
2023/08/04 13:02:40 br /tmp/work/vietnamese-600.css -> /output/vietnamese-600.css.br
2023/08/04 13:02:40 br /tmp/work/vietnamese-500-italic.css -> /output/vietnamese-500-italic.css.br
2023/08/04 13:02:40 gz /tmp/work/vietnamese-500.css -> /output/vietnamese-500.css.gz
2023/08/04 13:02:40 gz /tmp/work/vietnamese-600.css -> /output/vietnamese-600.css.gz
2023/08/04 13:02:40 gz /tmp/work/vietnamese-600-italic.css -> /output/vietnamese-600-italic.css.gz
2023/08/04 13:02:40 algorithm: run /usr/bin/brotli --quality=11 --output=/output/files/krub-latin-200-italic.woff.br /tmp/work/files/krub-latin-200-italic.woff
2023/08/04 13:02:40 algorithm: run /usr/bin/brotli --quality=11 --output=/output/files/krub-latin-200-normal.woff.br /tmp/work/files/krub-latin-200-normal.woff
2023/08/04 13:02:40 gz /tmp/work/vietnamese-500-italic.css -> /output/vietnamese-500-italic.css.gz
2023/08/04 13:02:40 br /tmp/work/vietnamese-700-italic.css -> /output/vietnamese-700-italic.css.br
2023/08/04 13:02:40 gz /tmp/work/vietnamese-700-italic.css -> /output/vietnamese-700-italic.css.gz
2023/08/04 13:02:40 algorithm: run /usr/bin/brotli --quality=11 --output=/output/files/krub-latin-300-italic.woff.br /tmp/work/files/krub-latin-300-italic.woff
2023/08/04 13:02:40 copy /tmp/work/files/krub-latin-200-normal.woff2 -> /output/files/krub-latin-200-normal.woff2
2023/08/04 13:02:40 copy /tmp/work/files/krub-latin-200-italic.woff2 -> /output/files/krub-latin-200-italic.woff2
2023/08/04 13:02:40 algorithm: run /usr/bin/brotli --quality=11 --output=/output/files/krub-latin-300-normal.woff.br /tmp/work/files/krub-latin-300-normal.woff
2023/08/04 13:02:40 copy /tmp/work/files/krub-latin-300-italic.woff2 -> /output/files/krub-latin-300-italic.woff2
2023/08/04 13:02:40 copy /tmp/work/files/krub-latin-300-normal.woff2 -> /output/files/krub-latin-300-normal.woff2
2023/08/04 13:02:40 algorithm: run /usr/bin/brotli --quality=11 --output=/output/files/krub-latin-400-italic.woff.br /tmp/work/files/krub-latin-400-italic.woff
2023/08/04 13:02:40 br /tmp/work/files/krub-latin-300-italic.woff -> /output/files/krub-latin-300-italic.woff.br
2023/08/04 13:02:40 br /tmp/work/files/krub-latin-200-italic.woff -> /output/files/krub-latin-200-italic.woff.br
2023/08/04 13:02:40 gz /tmp/work/files/krub-latin-200-italic.woff -> /output/files/krub-latin-200-italic.woff.gz
2023/08/04 13:02:40 gz /tmp/work/files/krub-latin-300-italic.woff -> /output/files/krub-latin-300-italic.woff.gz
2023/08/04 13:02:40 algorithm: run /usr/bin/brotli --quality=11 --output=/output/files/krub-latin-400-normal.woff.br /tmp/work/files/krub-latin-400-normal.woff
2023/08/04 13:02:40 copy /tmp/work/files/krub-latin-400-italic.woff2 -> /output/files/krub-latin-400-italic.woff2
2023/08/04 13:02:40 br /tmp/work/files/krub-latin-200-normal.woff -> /output/files/krub-latin-200-normal.woff.br
2023/08/04 13:02:40 gz /tmp/work/files/krub-latin-200-normal.woff -> /output/files/krub-latin-200-normal.woff.gz
2023/08/04 13:02:40 copy /tmp/work/files/krub-latin-400-normal.woff2 -> /output/files/krub-latin-400-normal.woff2
2023/08/04 13:02:40 algorithm: run /usr/bin/brotli --quality=11 --output=/output/files/krub-latin-500-italic.woff.br /tmp/work/files/krub-latin-500-italic.woff
2023/08/04 13:02:40 copy /tmp/work/files/krub-latin-500-italic.woff2 -> /output/files/krub-latin-500-italic.woff2
2023/08/04 13:02:40 algorithm: run /usr/bin/brotli --quality=11 --output=/output/files/krub-latin-500-normal.woff.br /tmp/work/files/krub-latin-500-normal.woff
2023/08/04 13:02:40 br /tmp/work/files/krub-latin-300-normal.woff -> /output/files/krub-latin-300-normal.woff.br
2023/08/04 13:02:40 gz /tmp/work/files/krub-latin-300-normal.woff -> /output/files/krub-latin-300-normal.woff.gz
2023/08/04 13:02:40 copy /tmp/work/files/krub-latin-500-normal.woff2 -> /output/files/krub-latin-500-normal.woff2
2023/08/04 13:02:40 algorithm: run /usr/bin/brotli --quality=11 --output=/output/files/krub-latin-600-italic.woff.br /tmp/work/files/krub-latin-600-italic.woff
2023/08/04 13:02:40 br /tmp/work/files/krub-latin-400-italic.woff -> /output/files/krub-latin-400-italic.woff.br
2023/08/04 13:02:40 gz /tmp/work/files/krub-latin-400-italic.woff -> /output/files/krub-latin-400-italic.woff.gz
2023/08/04 13:02:40 copy /tmp/work/files/krub-latin-600-italic.woff2 -> /output/files/krub-latin-600-italic.woff2
2023/08/04 13:02:40 algorithm: run /usr/bin/brotli --quality=11 --output=/output/files/krub-latin-600-normal.woff.br /tmp/work/files/krub-latin-600-normal.woff
2023/08/04 13:02:40 br /tmp/work/files/krub-latin-500-normal.woff -> /output/files/krub-latin-500-normal.woff.br
2023/08/04 13:02:40 gz /tmp/work/files/krub-latin-500-normal.woff -> /output/files/krub-latin-500-normal.woff.gz
2023/08/04 13:02:40 copy /tmp/work/files/krub-latin-600-normal.woff2 -> /output/files/krub-latin-600-normal.woff2
2023/08/04 13:02:40 algorithm: run /usr/bin/brotli --quality=11 --output=/output/files/krub-latin-700-italic.woff.br /tmp/work/files/krub-latin-700-italic.woff
2023/08/04 13:02:40 br /tmp/work/files/krub-latin-400-normal.woff -> /output/files/krub-latin-400-normal.woff.br
2023/08/04 13:02:40 gz /tmp/work/files/krub-latin-400-normal.woff -> /output/files/krub-latin-400-normal.woff.gz
2023/08/04 13:02:40 copy /tmp/work/files/krub-latin-700-italic.woff2 -> /output/files/krub-latin-700-italic.woff2
2023/08/04 13:02:40 algorithm: run /usr/bin/brotli --quality=11 --output=/output/files/krub-latin-700-normal.woff.br /tmp/work/files/krub-latin-700-normal.woff
2023/08/04 13:02:40 br /tmp/work/files/krub-latin-500-italic.woff -> /output/files/krub-latin-500-italic.woff.br
2023/08/04 13:02:40 gz /tmp/work/files/krub-latin-500-italic.woff -> /output/files/krub-latin-500-italic.woff.gz
2023/08/04 13:02:40 copy /tmp/work/files/krub-latin-700-normal.woff2 -> /output/files/krub-latin-700-normal.woff2
2023/08/04 13:02:40 algorithm: run /usr/bin/brotli --quality=11 --output=/output/files/krub-latin-ext-200-italic.woff.br /tmp/work/files/krub-latin-ext-200-italic.woff
2023/08/04 13:02:40 br /tmp/work/files/krub-latin-600-italic.woff -> /output/files/krub-latin-600-italic.woff.br
2023/08/04 13:02:40 gz /tmp/work/files/krub-latin-600-italic.woff -> /output/files/krub-latin-600-italic.woff.gz
2023/08/04 13:02:40 sri /tmp/work/vietnamese-700.min.css -> /output/vietnamese-700.min.css.sri
2023/08/04 13:02:40 algorithm: run /usr/bin/brotli --quality=11 --output=/output/vietnamese-700.min.css.br /tmp/work/vietnamese-700.min.css
2023/08/04 13:02:40 copy /tmp/work/files/krub-latin-ext-200-italic.woff2 -> /output/files/krub-latin-ext-200-italic.woff2
2023/08/04 13:02:40 algorithm: run /usr/bin/brotli --quality=11 --output=/output/files/krub-latin-ext-200-normal.woff.br /tmp/work/files/krub-latin-ext-200-normal.woff
2023/08/04 13:02:40 br /tmp/work/vietnamese-700.min.css -> /output/vietnamese-700.min.css.br
2023/08/04 13:02:40 gz /tmp/work/vietnamese-700.min.css -> /output/vietnamese-700.min.css.gz
2023/08/04 13:02:40 sri /tmp/work/vietnamese-700.css -> /output/vietnamese-700.css.sri
2023/08/04 13:02:40 algorithm: run /usr/bin/brotli --quality=11 --output=/output/vietnamese-700.css.br /tmp/work/vietnamese-700.css
2023/08/04 13:02:40 br /tmp/work/vietnamese-700.css -> /output/vietnamese-700.css.br
2023/08/04 13:02:40 gz /tmp/work/vietnamese-700.css -> /output/vietnamese-700.css.gz
2023/08/04 13:02:40 copy /tmp/work/files/krub-latin-ext-200-normal.woff2 -> /output/files/krub-latin-ext-200-normal.woff2
2023/08/04 13:02:40 algorithm: run /usr/bin/brotli --quality=11 --output=/output/files/krub-latin-ext-300-italic.woff.br /tmp/work/files/krub-latin-ext-300-italic.woff
2023/08/04 13:02:40 br /tmp/work/files/krub-latin-600-normal.woff -> /output/files/krub-latin-600-normal.woff.br
2023/08/04 13:02:40 sri /tmp/work/vietnamese.min.css -> /output/vietnamese.min.css.sri
2023/08/04 13:02:40 algorithm: run /usr/bin/brotli --quality=11 --output=/output/vietnamese.min.css.br /tmp/work/vietnamese.min.css
2023/08/04 13:02:40 gz /tmp/work/files/krub-latin-600-normal.woff -> /output/files/krub-latin-600-normal.woff.gz
2023/08/04 13:02:40 copy /tmp/work/files/krub-latin-ext-300-italic.woff2 -> /output/files/krub-latin-ext-300-italic.woff2
2023/08/04 13:02:40 algorithm: run /usr/bin/brotli --quality=11 --output=/output/files/krub-latin-ext-300-normal.woff.br /tmp/work/files/krub-latin-ext-300-normal.woff
2023/08/04 13:02:40 br /tmp/work/vietnamese.min.css -> /output/vietnamese.min.css.br
2023/08/04 13:02:40 gz /tmp/work/vietnamese.min.css -> /output/vietnamese.min.css.gz
2023/08/04 13:02:40 sri /tmp/work/vietnamese.css -> /output/vietnamese.css.sri
2023/08/04 13:02:40 algorithm: run /usr/bin/brotli --quality=11 --output=/output/vietnamese.css.br /tmp/work/vietnamese.css
2023/08/04 13:02:40 br /tmp/work/files/krub-latin-700-normal.woff -> /output/files/krub-latin-700-normal.woff.br
2023/08/04 13:02:40 sri /tmp/work/vietnamese-italic.min.css -> /output/vietnamese-italic.min.css.sri
2023/08/04 13:02:40 algorithm: run /usr/bin/brotli --quality=11 --output=/output/vietnamese-italic.min.css.br /tmp/work/vietnamese-italic.min.css
2023/08/04 13:02:40 gz /tmp/work/files/krub-latin-700-normal.woff -> /output/files/krub-latin-700-normal.woff.gz
2023/08/04 13:02:40 copy /tmp/work/files/krub-latin-ext-300-normal.woff2 -> /output/files/krub-latin-ext-300-normal.woff2
2023/08/04 13:02:40 algorithm: run /usr/bin/brotli --quality=11 --output=/output/files/krub-latin-ext-400-italic.woff.br /tmp/work/files/krub-latin-ext-400-italic.woff
2023/08/04 13:02:40 br /tmp/work/vietnamese.css -> /output/vietnamese.css.br
2023/08/04 13:02:40 gz /tmp/work/vietnamese.css -> /output/vietnamese.css.gz
2023/08/04 13:02:40 br /tmp/work/files/krub-latin-ext-200-italic.woff -> /output/files/krub-latin-ext-200-italic.woff.br
2023/08/04 13:02:40 br /tmp/work/vietnamese-italic.min.css -> /output/vietnamese-italic.min.css.br
2023/08/04 13:02:40 br /tmp/work/files/krub-latin-700-italic.woff -> /output/files/krub-latin-700-italic.woff.br
2023/08/04 13:02:40 gz /tmp/work/vietnamese-italic.min.css -> /output/vietnamese-italic.min.css.gz
2023/08/04 13:02:40 sri /tmp/work/vietnamese-italic.css -> /output/vietnamese-italic.css.sri
2023/08/04 13:02:40 algorithm: run /usr/bin/brotli --quality=11 --output=/output/vietnamese-italic.css.br /tmp/work/vietnamese-italic.css
2023/08/04 13:02:40 gz /tmp/work/files/krub-latin-ext-200-italic.woff -> /output/files/krub-latin-ext-200-italic.woff.gz
2023/08/04 13:02:40 algorithm: run /usr/bin/brotli --quality=11 --output=/output/files/krub-latin-ext-400-normal.woff.br /tmp/work/files/krub-latin-ext-400-normal.woff
2023/08/04 13:02:40 copy /tmp/work/files/krub-latin-ext-400-italic.woff2 -> /output/files/krub-latin-ext-400-italic.woff2
2023/08/04 13:02:40 gz /tmp/work/files/krub-latin-700-italic.woff -> /output/files/krub-latin-700-italic.woff.gz
2023/08/04 13:02:40 algorithm: run /usr/bin/brotli --quality=11 --output=/output/files/krub-latin-ext-500-italic.woff.br /tmp/work/files/krub-latin-ext-500-italic.woff
2023/08/04 13:02:40 copy /tmp/work/files/krub-latin-ext-400-normal.woff2 -> /output/files/krub-latin-ext-400-normal.woff2
2023/08/04 13:02:40 copy /tmp/work/files/krub-latin-ext-500-italic.woff2 -> /output/files/krub-latin-ext-500-italic.woff2
2023/08/04 13:02:40 algorithm: run /usr/bin/brotli --quality=11 --output=/output/files/krub-latin-ext-500-normal.woff.br /tmp/work/files/krub-latin-ext-500-normal.woff
2023/08/04 13:02:40 br /tmp/work/vietnamese-italic.css -> /output/vietnamese-italic.css.br
2023/08/04 13:02:40 gz /tmp/work/vietnamese-italic.css -> /output/vietnamese-italic.css.gz
2023/08/04 13:02:40 br /tmp/work/files/krub-latin-ext-200-normal.woff -> /output/files/krub-latin-ext-200-normal.woff.br
2023/08/04 13:02:40 gz /tmp/work/files/krub-latin-ext-200-normal.woff -> /output/files/krub-latin-ext-200-normal.woff.gz
2023/08/04 13:02:40 algorithm: run /usr/bin/brotli --quality=11 --output=/output/files/krub-latin-ext-600-italic.woff.br /tmp/work/files/krub-latin-ext-600-italic.woff
2023/08/04 13:02:40 copy /tmp/work/files/krub-latin-ext-500-normal.woff2 -> /output/files/krub-latin-ext-500-normal.woff2
2023/08/04 13:02:40 copy /tmp/work/files/krub-latin-ext-600-italic.woff2 -> /output/files/krub-latin-ext-600-italic.woff2
2023/08/04 13:02:40 algorithm: run /usr/bin/brotli --quality=11 --output=/output/files/krub-latin-ext-600-normal.woff.br /tmp/work/files/krub-latin-ext-600-normal.woff
2023/08/04 13:02:40 br /tmp/work/files/krub-latin-ext-300-italic.woff -> /output/files/krub-latin-ext-300-italic.woff.br
2023/08/04 13:02:40 gz /tmp/work/files/krub-latin-ext-300-italic.woff -> /output/files/krub-latin-ext-300-italic.woff.gz
2023/08/04 13:02:40 copy /tmp/work/files/krub-latin-ext-600-normal.woff2 -> /output/files/krub-latin-ext-600-normal.woff2
2023/08/04 13:02:40 algorithm: run /usr/bin/brotli --quality=11 --output=/output/files/krub-latin-ext-700-italic.woff.br /tmp/work/files/krub-latin-ext-700-italic.woff
2023/08/04 13:02:40 br /tmp/work/files/krub-latin-ext-300-normal.woff -> /output/files/krub-latin-ext-300-normal.woff.br
2023/08/04 13:02:40 br /tmp/work/files/krub-latin-ext-400-normal.woff -> /output/files/krub-latin-ext-400-normal.woff.br
2023/08/04 13:02:40 gz /tmp/work/files/krub-latin-ext-300-normal.woff -> /output/files/krub-latin-ext-300-normal.woff.gz
2023/08/04 13:02:40 gz /tmp/work/files/krub-latin-ext-400-normal.woff -> /output/files/krub-latin-ext-400-normal.woff.gz
2023/08/04 13:02:40 algorithm: run /usr/bin/brotli --quality=11 --output=/output/files/krub-latin-ext-700-normal.woff.br /tmp/work/files/krub-latin-ext-700-normal.woff
2023/08/04 13:02:40 br /tmp/work/files/krub-latin-ext-500-italic.woff -> /output/files/krub-latin-ext-500-italic.woff.br
2023/08/04 13:02:40 copy /tmp/work/files/krub-latin-ext-700-italic.woff2 -> /output/files/krub-latin-ext-700-italic.woff2
2023/08/04 13:02:40 gz /tmp/work/files/krub-latin-ext-500-italic.woff -> /output/files/krub-latin-ext-500-italic.woff.gz
2023/08/04 13:02:40 algorithm: run /usr/bin/brotli --quality=11 --output=/output/files/krub-thai-200-italic.woff.br /tmp/work/files/krub-thai-200-italic.woff
2023/08/04 13:02:40 copy /tmp/work/files/krub-latin-ext-700-normal.woff2 -> /output/files/krub-latin-ext-700-normal.woff2
2023/08/04 13:02:40 br /tmp/work/files/krub-latin-ext-600-italic.woff -> /output/files/krub-latin-ext-600-italic.woff.br
2023/08/04 13:02:40 br /tmp/work/files/krub-latin-ext-400-italic.woff -> /output/files/krub-latin-ext-400-italic.woff.br
2023/08/04 13:02:40 copy /tmp/work/files/krub-thai-200-italic.woff2 -> /output/files/krub-thai-200-italic.woff2
2023/08/04 13:02:40 algorithm: run /usr/bin/brotli --quality=11 --output=/output/files/krub-thai-200-normal.woff.br /tmp/work/files/krub-thai-200-normal.woff
2023/08/04 13:02:40 gz /tmp/work/files/krub-latin-ext-600-italic.woff -> /output/files/krub-latin-ext-600-italic.woff.gz
2023/08/04 13:02:40 gz /tmp/work/files/krub-latin-ext-400-italic.woff -> /output/files/krub-latin-ext-400-italic.woff.gz
2023/08/04 13:02:40 algorithm: run /usr/bin/brotli --quality=11 --output=/output/files/krub-thai-300-italic.woff.br /tmp/work/files/krub-thai-300-italic.woff
2023/08/04 13:02:40 copy /tmp/work/files/krub-thai-200-normal.woff2 -> /output/files/krub-thai-200-normal.woff2
2023/08/04 13:02:40 copy /tmp/work/files/krub-thai-300-italic.woff2 -> /output/files/krub-thai-300-italic.woff2
2023/08/04 13:02:40 algorithm: run /usr/bin/brotli --quality=11 --output=/output/files/krub-thai-300-normal.woff.br /tmp/work/files/krub-thai-300-normal.woff
2023/08/04 13:02:40 br /tmp/work/files/krub-latin-ext-600-normal.woff -> /output/files/krub-latin-ext-600-normal.woff.br
2023/08/04 13:02:40 gz /tmp/work/files/krub-latin-ext-600-normal.woff -> /output/files/krub-latin-ext-600-normal.woff.gz
2023/08/04 13:02:40 copy /tmp/work/files/krub-thai-300-normal.woff2 -> /output/files/krub-thai-300-normal.woff2
2023/08/04 13:02:40 algorithm: run /usr/bin/brotli --quality=11 --output=/output/files/krub-thai-400-italic.woff.br /tmp/work/files/krub-thai-400-italic.woff
2023/08/04 13:02:40 br /tmp/work/files/krub-latin-ext-500-normal.woff -> /output/files/krub-latin-ext-500-normal.woff.br
2023/08/04 13:02:40 gz /tmp/work/files/krub-latin-ext-500-normal.woff -> /output/files/krub-latin-ext-500-normal.woff.gz
2023/08/04 13:02:40 copy /tmp/work/files/krub-thai-400-italic.woff2 -> /output/files/krub-thai-400-italic.woff2
2023/08/04 13:02:40 algorithm: run /usr/bin/brotli --quality=11 --output=/output/files/krub-thai-400-normal.woff.br /tmp/work/files/krub-thai-400-normal.woff
2023/08/04 13:02:41 br /tmp/work/files/krub-latin-ext-700-normal.woff -> /output/files/krub-latin-ext-700-normal.woff.br
2023/08/04 13:02:41 gz /tmp/work/files/krub-latin-ext-700-normal.woff -> /output/files/krub-latin-ext-700-normal.woff.gz
2023/08/04 13:02:41 copy /tmp/work/files/krub-thai-400-normal.woff2 -> /output/files/krub-thai-400-normal.woff2
2023/08/04 13:02:41 algorithm: run /usr/bin/brotli --quality=11 --output=/output/files/krub-thai-500-italic.woff.br /tmp/work/files/krub-thai-500-italic.woff
2023/08/04 13:02:41 br /tmp/work/files/krub-thai-200-normal.woff -> /output/files/krub-thai-200-normal.woff.br
2023/08/04 13:02:41 gz /tmp/work/files/krub-thai-200-normal.woff -> /output/files/krub-thai-200-normal.woff.gz
2023/08/04 13:02:41 br /tmp/work/files/krub-thai-200-italic.woff -> /output/files/krub-thai-200-italic.woff.br
2023/08/04 13:02:41 br /tmp/work/files/krub-thai-300-italic.woff -> /output/files/krub-thai-300-italic.woff.br
2023/08/04 13:02:41 gz /tmp/work/files/krub-thai-300-italic.woff -> /output/files/krub-thai-300-italic.woff.gz
2023/08/04 13:02:41 copy /tmp/work/files/krub-thai-500-italic.woff2 -> /output/files/krub-thai-500-italic.woff2
2023/08/04 13:02:41 gz /tmp/work/files/krub-thai-200-italic.woff -> /output/files/krub-thai-200-italic.woff.gz
2023/08/04 13:02:41 br /tmp/work/files/krub-thai-300-normal.woff -> /output/files/krub-thai-300-normal.woff.br
2023/08/04 13:02:41 br /tmp/work/files/krub-latin-ext-700-italic.woff -> /output/files/krub-latin-ext-700-italic.woff.br
2023/08/04 13:02:41 br /tmp/work/files/krub-thai-400-italic.woff -> /output/files/krub-thai-400-italic.woff.br
2023/08/04 13:02:41 algorithm: run /usr/bin/brotli --quality=11 --output=/output/files/krub-thai-500-normal.woff.br /tmp/work/files/krub-thai-500-normal.woff
2023/08/04 13:02:41 algorithm: run /usr/bin/brotli --quality=11 --output=/output/files/krub-thai-600-italic.woff.br /tmp/work/files/krub-thai-600-italic.woff
2023/08/04 13:02:41 gz /tmp/work/files/krub-thai-400-italic.woff -> /output/files/krub-thai-400-italic.woff.gz
2023/08/04 13:02:41 gz /tmp/work/files/krub-thai-300-normal.woff -> /output/files/krub-thai-300-normal.woff.gz
2023/08/04 13:02:41 algorithm: run /usr/bin/brotli --quality=11 --output=/output/files/krub-thai-600-normal.woff.br /tmp/work/files/krub-thai-600-normal.woff
2023/08/04 13:02:41 gz /tmp/work/files/krub-latin-ext-700-italic.woff -> /output/files/krub-latin-ext-700-italic.woff.gz
2023/08/04 13:02:41 copy /tmp/work/files/krub-thai-500-normal.woff2 -> /output/files/krub-thai-500-normal.woff2
2023/08/04 13:02:41 algorithm: run /usr/bin/brotli --quality=11 --output=/output/files/krub-thai-700-italic.woff.br /tmp/work/files/krub-thai-700-italic.woff
2023/08/04 13:02:41 copy /tmp/work/files/krub-thai-600-italic.woff2 -> /output/files/krub-thai-600-italic.woff2
2023/08/04 13:02:41 copy /tmp/work/files/krub-thai-600-normal.woff2 -> /output/files/krub-thai-600-normal.woff2
2023/08/04 13:02:41 algorithm: run /usr/bin/brotli --quality=11 --output=/output/files/krub-thai-700-normal.woff.br /tmp/work/files/krub-thai-700-normal.woff
2023/08/04 13:02:41 copy /tmp/work/files/krub-thai-700-italic.woff2 -> /output/files/krub-thai-700-italic.woff2
2023/08/04 13:02:41 copy /tmp/work/files/krub-thai-700-normal.woff2 -> /output/files/krub-thai-700-normal.woff2
2023/08/04 13:02:41 algorithm: run /usr/bin/brotli --quality=11 --output=/output/files/krub-vietnamese-200-italic.woff.br /tmp/work/files/krub-vietnamese-200-italic.woff
2023/08/04 13:02:41 br /tmp/work/files/krub-thai-400-normal.woff -> /output/files/krub-thai-400-normal.woff.br
2023/08/04 13:02:41 gz /tmp/work/files/krub-thai-400-normal.woff -> /output/files/krub-thai-400-normal.woff.gz
2023/08/04 13:02:41 copy /tmp/work/files/krub-vietnamese-200-italic.woff2 -> /output/files/krub-vietnamese-200-italic.woff2
2023/08/04 13:02:41 algorithm: run /usr/bin/brotli --quality=11 --output=/output/files/krub-vietnamese-200-normal.woff.br /tmp/work/files/krub-vietnamese-200-normal.woff
2023/08/04 13:02:41 br /tmp/work/files/krub-vietnamese-200-italic.woff -> /output/files/krub-vietnamese-200-italic.woff.br
2023/08/04 13:02:41 gz /tmp/work/files/krub-vietnamese-200-italic.woff -> /output/files/krub-vietnamese-200-italic.woff.gz
2023/08/04 13:02:41 copy /tmp/work/files/krub-vietnamese-200-normal.woff2 -> /output/files/krub-vietnamese-200-normal.woff2
2023/08/04 13:02:41 algorithm: run /usr/bin/brotli --quality=11 --output=/output/files/krub-vietnamese-300-italic.woff.br /tmp/work/files/krub-vietnamese-300-italic.woff
2023/08/04 13:02:41 br /tmp/work/files/krub-vietnamese-200-normal.woff -> /output/files/krub-vietnamese-200-normal.woff.br
2023/08/04 13:02:41 gz /tmp/work/files/krub-vietnamese-200-normal.woff -> /output/files/krub-vietnamese-200-normal.woff.gz
2023/08/04 13:02:41 copy /tmp/work/files/krub-vietnamese-300-italic.woff2 -> /output/files/krub-vietnamese-300-italic.woff2
2023/08/04 13:02:41 algorithm: run /usr/bin/brotli --quality=11 --output=/output/files/krub-vietnamese-300-normal.woff.br /tmp/work/files/krub-vietnamese-300-normal.woff
2023/08/04 13:02:41 br /tmp/work/files/krub-thai-700-normal.woff -> /output/files/krub-thai-700-normal.woff.br
2023/08/04 13:02:41 br /tmp/work/files/krub-thai-600-italic.woff -> /output/files/krub-thai-600-italic.woff.br
2023/08/04 13:02:41 gz /tmp/work/files/krub-thai-700-normal.woff -> /output/files/krub-thai-700-normal.woff.gz
2023/08/04 13:02:41 br /tmp/work/files/krub-thai-500-normal.woff -> /output/files/krub-thai-500-normal.woff.br
2023/08/04 13:02:41 gz /tmp/work/files/krub-thai-600-italic.woff -> /output/files/krub-thai-600-italic.woff.gz
2023/08/04 13:02:41 gz /tmp/work/files/krub-thai-500-normal.woff -> /output/files/krub-thai-500-normal.woff.gz
2023/08/04 13:02:41 algorithm: run /usr/bin/brotli --quality=11 --output=/output/files/krub-vietnamese-400-italic.woff.br /tmp/work/files/krub-vietnamese-400-italic.woff
2023/08/04 13:02:41 copy /tmp/work/files/krub-vietnamese-300-normal.woff2 -> /output/files/krub-vietnamese-300-normal.woff2
2023/08/04 13:02:41 algorithm: run /usr/bin/brotli --quality=11 --output=/output/files/krub-vietnamese-400-normal.woff.br /tmp/work/files/krub-vietnamese-400-normal.woff
2023/08/04 13:02:41 copy /tmp/work/files/krub-vietnamese-400-italic.woff2 -> /output/files/krub-vietnamese-400-italic.woff2
2023/08/04 13:02:41 copy /tmp/work/files/krub-vietnamese-400-normal.woff2 -> /output/files/krub-vietnamese-400-normal.woff2
2023/08/04 13:02:41 algorithm: run /usr/bin/brotli --quality=11 --output=/output/files/krub-vietnamese-500-italic.woff.br /tmp/work/files/krub-vietnamese-500-italic.woff
2023/08/04 13:02:41 br /tmp/work/files/krub-thai-600-normal.woff -> /output/files/krub-thai-600-normal.woff.br
2023/08/04 13:02:41 gz /tmp/work/files/krub-thai-600-normal.woff -> /output/files/krub-thai-600-normal.woff.gz
2023/08/04 13:02:41 br /tmp/work/files/krub-thai-700-italic.woff -> /output/files/krub-thai-700-italic.woff.br
2023/08/04 13:02:41 copy /tmp/work/files/krub-vietnamese-500-italic.woff2 -> /output/files/krub-vietnamese-500-italic.woff2
2023/08/04 13:02:41 algorithm: run /usr/bin/brotli --quality=11 --output=/output/files/krub-vietnamese-500-normal.woff.br /tmp/work/files/krub-vietnamese-500-normal.woff
2023/08/04 13:02:41 br /tmp/work/files/krub-thai-500-italic.woff -> /output/files/krub-thai-500-italic.woff.br
2023/08/04 13:02:41 gz /tmp/work/files/krub-thai-500-italic.woff -> /output/files/krub-thai-500-italic.woff.gz
2023/08/04 13:02:41 gz /tmp/work/files/krub-thai-700-italic.woff -> /output/files/krub-thai-700-italic.woff.gz
2023/08/04 13:02:41 algorithm: run /usr/bin/brotli --quality=11 --output=/output/files/krub-vietnamese-600-italic.woff.br /tmp/work/files/krub-vietnamese-600-italic.woff
2023/08/04 13:02:41 br /tmp/work/files/krub-vietnamese-300-normal.woff -> /output/files/krub-vietnamese-300-normal.woff.br
2023/08/04 13:02:41 br /tmp/work/files/krub-vietnamese-300-italic.woff -> /output/files/krub-vietnamese-300-italic.woff.br
2023/08/04 13:02:41 gz /tmp/work/files/krub-vietnamese-300-italic.woff -> /output/files/krub-vietnamese-300-italic.woff.gz
2023/08/04 13:02:41 gz /tmp/work/files/krub-vietnamese-300-normal.woff -> /output/files/krub-vietnamese-300-normal.woff.gz
2023/08/04 13:02:41 algorithm: run /usr/bin/brotli --quality=11 --output=/output/files/krub-vietnamese-600-normal.woff.br /tmp/work/files/krub-vietnamese-600-normal.woff
2023/08/04 13:02:41 copy /tmp/work/files/krub-vietnamese-500-normal.woff2 -> /output/files/krub-vietnamese-500-normal.woff2
2023/08/04 13:02:41 copy /tmp/work/files/krub-vietnamese-600-italic.woff2 -> /output/files/krub-vietnamese-600-italic.woff2
2023/08/04 13:02:41 algorithm: run /usr/bin/brotli --quality=11 --output=/output/files/krub-vietnamese-700-italic.woff.br /tmp/work/files/krub-vietnamese-700-italic.woff
2023/08/04 13:02:41 copy /tmp/work/files/krub-vietnamese-600-normal.woff2 -> /output/files/krub-vietnamese-600-normal.woff2
2023/08/04 13:02:41 br /tmp/work/files/krub-vietnamese-400-italic.woff -> /output/files/krub-vietnamese-400-italic.woff.br
2023/08/04 13:02:41 gz /tmp/work/files/krub-vietnamese-400-italic.woff -> /output/files/krub-vietnamese-400-italic.woff.gz
2023/08/04 13:02:41 algorithm: run /usr/bin/brotli --quality=11 --output=/output/files/krub-vietnamese-700-normal.woff.br /tmp/work/files/krub-vietnamese-700-normal.woff
2023/08/04 13:02:41 br /tmp/work/files/krub-vietnamese-400-normal.woff -> /output/files/krub-vietnamese-400-normal.woff.br
2023/08/04 13:02:41 gz /tmp/work/files/krub-vietnamese-400-normal.woff -> /output/files/krub-vietnamese-400-normal.woff.gz
2023/08/04 13:02:41 copy /tmp/work/files/krub-vietnamese-700-italic.woff2 -> /output/files/krub-vietnamese-700-italic.woff2
2023/08/04 13:02:41 copy /tmp/work/files/krub-vietnamese-700-normal.woff2 -> /output/files/krub-vietnamese-700-normal.woff2
2023/08/04 13:02:41 br /tmp/work/files/krub-vietnamese-500-italic.woff -> /output/files/krub-vietnamese-500-italic.woff.br
2023/08/04 13:02:41 gz /tmp/work/files/krub-vietnamese-500-italic.woff -> /output/files/krub-vietnamese-500-italic.woff.gz
2023/08/04 13:02:41 br /tmp/work/files/krub-vietnamese-500-normal.woff -> /output/files/krub-vietnamese-500-normal.woff.br
2023/08/04 13:02:41 gz /tmp/work/files/krub-vietnamese-500-normal.woff -> /output/files/krub-vietnamese-500-normal.woff.gz
2023/08/04 13:02:41 br /tmp/work/files/krub-vietnamese-600-italic.woff -> /output/files/krub-vietnamese-600-italic.woff.br
2023/08/04 13:02:41 gz /tmp/work/files/krub-vietnamese-600-italic.woff -> /output/files/krub-vietnamese-600-italic.woff.gz
2023/08/04 13:02:41 br /tmp/work/files/krub-vietnamese-600-normal.woff -> /output/files/krub-vietnamese-600-normal.woff.br
2023/08/04 13:02:41 gz /tmp/work/files/krub-vietnamese-600-normal.woff -> /output/files/krub-vietnamese-600-normal.woff.gz
2023/08/04 13:02:41 br /tmp/work/files/krub-vietnamese-700-italic.woff -> /output/files/krub-vietnamese-700-italic.woff.br
2023/08/04 13:02:41 gz /tmp/work/files/krub-vietnamese-700-italic.woff -> /output/files/krub-vietnamese-700-italic.woff.gz
2023/08/04 13:02:41 br /tmp/work/files/krub-vietnamese-700-normal.woff -> /output/files/krub-vietnamese-700-normal.woff.br
2023/08/04 13:02:41 gz /tmp/work/files/krub-vietnamese-700-normal.woff -> /output/files/krub-vietnamese-700-normal.woff.gz
2023/08/04 13:02:41 processed fontsource-krub
