config: {"authors":[{"name":"Evan You"}],"autoupdate":{"source":"npm","target":"vue-router","fileMap":[{"basePath":"dist","files":["*.js"]}]},"description":"Official router for Vue.js 2","filename":"vue-router.min.js","homepage":"https://github.com/vuejs/vue-router#readme","keywords":["vue","router","routing"],"license":"MIT","name":"vue-router","repository":{"type":"git","url":"git+https://github.com/vuejs/vue-router.git"},"author":"Evan You"}
KV keys:
- vue-router/4.0.12/vue-router.cjs.js.br
- vue-router/4.0.12/vue-router.cjs.js.gz
- vue-router/4.0.12/vue-router.cjs.min.js.br
- vue-router/4.0.12/vue-router.cjs.min.js.gz
- vue-router/4.0.12/vue-router.cjs.prod.js.br
- vue-router/4.0.12/vue-router.cjs.prod.js.gz
- vue-router/4.0.12/vue-router.cjs.prod.min.js.br
- vue-router/4.0.12/vue-router.cjs.prod.min.js.gz
- vue-router/4.0.12/vue-router.esm-browser.js.br
- vue-router/4.0.12/vue-router.esm-browser.js.gz
- vue-router/4.0.12/vue-router.esm-browser.min.js.br
- vue-router/4.0.12/vue-router.esm-browser.min.js.gz
- vue-router/4.0.12/vue-router.esm-bundler.js.br
- vue-router/4.0.12/vue-router.esm-bundler.js.gz
- vue-router/4.0.12/vue-router.esm-bundler.min.js.br
- vue-router/4.0.12/vue-router.esm-bundler.min.js.gz
- vue-router/4.0.12/vue-router.global.js.br
- vue-router/4.0.12/vue-router.global.js.gz
- vue-router/4.0.12/vue-router.global.min.js.br
- vue-router/4.0.12/vue-router.global.min.js.gz
- vue-router/4.0.12/vue-router.global.prod.js.br
- vue-router/4.0.12/vue-router.global.prod.js.gz
- vue-router/4.0.12/vue-router.global.prod.min.js.br
- vue-router/4.0.12/vue-router.global.prod.min.js.gz
SRIs:
- vue-router/4.0.12/vue-router.esm-browser.min.js: sha512-JvXlzOe+r2VMDdCu/yy2ucVa0c9fvOCWhIojBgltonXs7O3Gw3Oy/XqiJVhpZ5lSgJQegxEzsFyxhfTluyzpBw==
- vue-router/4.0.12/vue-router.esm-bundler.min.js: sha512-akn+7DkFyUUEWIykL7+dtiA4KtIIGl3EstNqgJxREY9z5gfVRa0lSI9LXdHU1B5QeC5+p2Mct1WJFdTwJdBgMg==
- vue-router/4.0.12/vue-router.global.js: sha512-OcwuEqOp3inNUnSPs3R7XvEg3ieFeTlx7WoXzi9IHLGPOGqdUKuLodBh8MvSSj4cDnovEe/eD59NN4/JIv3Gvw==
- vue-router/4.0.12/vue-router.global.min.js: sha512-r2A59THD2LZO882KXa7yEb3gMGbnNEhPSiCK76jKTHJTW/pcCEEu/QMhj1YZgN5yvdbhItZkKz+HLJg0HnLVQQ==
- vue-router/4.0.12/vue-router.global.prod.js: sha512-ShNswswLzMe6mQEES7mmS81poVNfLaaAc7yfQJVuLZscSmWacqLj2dcC/CwX+kHzq4TCKIlrdmRB/iZ1ARjvkQ==
- vue-router/4.0.12/vue-router.global.prod.min.js: sha512-V4wJo2tPFlrTfeFqrlPDJG/iKkcwX+RywJqiL/I5pfxucomceV5KC0Plqispv2Qav2KqZ8BfayOlsPTEhz5QAA==
- vue-router/4.0.12/vue-router.cjs.min.js: sha512-iGtCyemPKhk9f8JM9Oz435pcjyHWAZxHyX8izMZ1dKrrmNYHry/X1JYHr9bVd98LfxikewC9pKbxwzqfgEzi/Q==
- vue-router/4.0.12/vue-router.cjs.prod.js: sha512-AvMEzIDXHwoNv/ZrhyuIucmsrLH27eac/EGj4WhhXhPJj1ohlPAU7OeKPWjPjCbdJXtN2VczglQ7RXyo1dkRYg==
- vue-router/4.0.12/vue-router.cjs.prod.min.js: sha512-Cyp/Y1BvJq1/Ck/06/egtu/HcSgqTn6q8JSHjMJsPTOO1IIPBzH3WK29kEQJgj698LUy2E+ZsZkxnFR3vzMF4Q==
- vue-router/4.0.12/vue-router.esm-browser.js: sha512-lG8ajXDFYJhPD+UhdHGRsYP98p3On+vY1SvDwXlYvh04JNOkOD2WLKqdV84dMjFTbijfRVCbIEDn+3H2PIV8vw==
- vue-router/4.0.12/vue-router.esm-bundler.js: sha512-0R5zjPyCnp333aOXFh2IJpMsFHoplLOHPZ7IBKqfJxXEctOmj01NeKLvvRf8uGJKYa49ZvZpxUNHgMVmZ+HdTw==
- vue-router/4.0.12/vue-router.cjs.js: sha512-MTIIugG+o6ulMJ5BkCgptOh9qbNyOqG903XeW6GOu70YdzwU7tEWX0wpYkNxU/qx1b85Gp6FGl8+HkgFLtWgjg==
