Files:
- fontsource-sigmar-one/5.0.21/400.css.br
- fontsource-sigmar-one/5.0.21/400.css.gz
- fontsource-sigmar-one/5.0.21/400.css.sri
- fontsource-sigmar-one/5.0.21/400.min.css.br
- fontsource-sigmar-one/5.0.21/400.min.css.gz
- fontsource-sigmar-one/5.0.21/400.min.css.sri
- fontsource-sigmar-one/5.0.21/files/sigmar-one-latin-400-normal.woff.br
- fontsource-sigmar-one/5.0.21/files/sigmar-one-latin-400-normal.woff.gz
- fontsource-sigmar-one/5.0.21/files/sigmar-one-latin-400-normal.woff2
- fontsource-sigmar-one/5.0.21/files/sigmar-one-latin-ext-400-normal.woff.br
- fontsource-sigmar-one/5.0.21/files/sigmar-one-latin-ext-400-normal.woff.gz
- fontsource-sigmar-one/5.0.21/files/sigmar-one-latin-ext-400-normal.woff2
- fontsource-sigmar-one/5.0.21/files/sigmar-one-vietnamese-400-normal.woff.br
- fontsource-sigmar-one/5.0.21/files/sigmar-one-vietnamese-400-normal.woff.gz
- fontsource-sigmar-one/5.0.21/files/sigmar-one-vietnamese-400-normal.woff2
- fontsource-sigmar-one/5.0.21/index.css.br
- fontsource-sigmar-one/5.0.21/index.css.gz
- fontsource-sigmar-one/5.0.21/index.css.sri
- fontsource-sigmar-one/5.0.21/index.min.css.br
- fontsource-sigmar-one/5.0.21/index.min.css.gz
- fontsource-sigmar-one/5.0.21/index.min.css.sri
- fontsource-sigmar-one/5.0.21/latin-400.css.br
- fontsource-sigmar-one/5.0.21/latin-400.css.gz
- fontsource-sigmar-one/5.0.21/latin-400.css.sri
- fontsource-sigmar-one/5.0.21/latin-400.min.css.br
- fontsource-sigmar-one/5.0.21/latin-400.min.css.gz
- fontsource-sigmar-one/5.0.21/latin-400.min.css.sri
- fontsource-sigmar-one/5.0.21/latin-ext-400.css.br
- fontsource-sigmar-one/5.0.21/latin-ext-400.css.gz
- fontsource-sigmar-one/5.0.21/latin-ext-400.css.sri
- fontsource-sigmar-one/5.0.21/latin-ext-400.min.css.br
- fontsource-sigmar-one/5.0.21/latin-ext-400.min.css.gz
- fontsource-sigmar-one/5.0.21/latin-ext-400.min.css.sri
- fontsource-sigmar-one/5.0.21/latin-ext.css.br
- fontsource-sigmar-one/5.0.21/latin-ext.css.gz
- fontsource-sigmar-one/5.0.21/latin-ext.css.sri
- fontsource-sigmar-one/5.0.21/latin-ext.min.css.br
- fontsource-sigmar-one/5.0.21/latin-ext.min.css.gz
- fontsource-sigmar-one/5.0.21/latin-ext.min.css.sri
- fontsource-sigmar-one/5.0.21/latin.css.br
- fontsource-sigmar-one/5.0.21/latin.css.gz
- fontsource-sigmar-one/5.0.21/latin.css.sri
- fontsource-sigmar-one/5.0.21/latin.min.css.br
- fontsource-sigmar-one/5.0.21/latin.min.css.gz
- fontsource-sigmar-one/5.0.21/latin.min.css.sri
- fontsource-sigmar-one/5.0.21/vietnamese-400.css.br
- fontsource-sigmar-one/5.0.21/vietnamese-400.css.gz
- fontsource-sigmar-one/5.0.21/vietnamese-400.css.sri
- fontsource-sigmar-one/5.0.21/vietnamese-400.min.css.br
- fontsource-sigmar-one/5.0.21/vietnamese-400.min.css.gz
- fontsource-sigmar-one/5.0.21/vietnamese-400.min.css.sri
- fontsource-sigmar-one/5.0.21/vietnamese.css.br
- fontsource-sigmar-one/5.0.21/vietnamese.css.gz
- fontsource-sigmar-one/5.0.21/vietnamese.css.sri
- fontsource-sigmar-one/5.0.21/vietnamese.min.css.br
- fontsource-sigmar-one/5.0.21/vietnamese.min.css.gz
- fontsource-sigmar-one/5.0.21/vietnamese.min.css.sri
