Files:
- fontsource-mina/5.1.0/400.css.br
- fontsource-mina/5.1.0/400.css.gz
- fontsource-mina/5.1.0/400.css.sri
- fontsource-mina/5.1.0/400.min.css.br
- fontsource-mina/5.1.0/400.min.css.gz
- fontsource-mina/5.1.0/400.min.css.sri
- fontsource-mina/5.1.0/700.css.br
- fontsource-mina/5.1.0/700.css.gz
- fontsource-mina/5.1.0/700.css.sri
- fontsource-mina/5.1.0/700.min.css.br
- fontsource-mina/5.1.0/700.min.css.gz
- fontsource-mina/5.1.0/700.min.css.sri
- fontsource-mina/5.1.0/bengali-400.css.br
- fontsource-mina/5.1.0/bengali-400.css.gz
- fontsource-mina/5.1.0/bengali-400.css.sri
- fontsource-mina/5.1.0/bengali-400.min.css.br
- fontsource-mina/5.1.0/bengali-400.min.css.gz
- fontsource-mina/5.1.0/bengali-400.min.css.sri
- fontsource-mina/5.1.0/bengali-700.css.br
- fontsource-mina/5.1.0/bengali-700.css.gz
- fontsource-mina/5.1.0/bengali-700.css.sri
- fontsource-mina/5.1.0/bengali-700.min.css.br
- fontsource-mina/5.1.0/bengali-700.min.css.gz
- fontsource-mina/5.1.0/bengali-700.min.css.sri
- fontsource-mina/5.1.0/bengali.css.br
- fontsource-mina/5.1.0/bengali.css.gz
- fontsource-mina/5.1.0/bengali.css.sri
- fontsource-mina/5.1.0/bengali.min.css.br
- fontsource-mina/5.1.0/bengali.min.css.gz
- fontsource-mina/5.1.0/bengali.min.css.sri
- fontsource-mina/5.1.0/files/mina-bengali-400-normal.woff.br
- fontsource-mina/5.1.0/files/mina-bengali-400-normal.woff.gz
- fontsource-mina/5.1.0/files/mina-bengali-400-normal.woff2
- fontsource-mina/5.1.0/files/mina-bengali-700-normal.woff.br
- fontsource-mina/5.1.0/files/mina-bengali-700-normal.woff.gz
- fontsource-mina/5.1.0/files/mina-bengali-700-normal.woff2
- fontsource-mina/5.1.0/files/mina-latin-400-normal.woff.br
- fontsource-mina/5.1.0/files/mina-latin-400-normal.woff.gz
- fontsource-mina/5.1.0/files/mina-latin-400-normal.woff2
- fontsource-mina/5.1.0/files/mina-latin-700-normal.woff.br
- fontsource-mina/5.1.0/files/mina-latin-700-normal.woff.gz
- fontsource-mina/5.1.0/files/mina-latin-700-normal.woff2
- fontsource-mina/5.1.0/files/mina-latin-ext-400-normal.woff.br
- fontsource-mina/5.1.0/files/mina-latin-ext-400-normal.woff.gz
- fontsource-mina/5.1.0/files/mina-latin-ext-400-normal.woff2
- fontsource-mina/5.1.0/files/mina-latin-ext-700-normal.woff.br
- fontsource-mina/5.1.0/files/mina-latin-ext-700-normal.woff.gz
- fontsource-mina/5.1.0/files/mina-latin-ext-700-normal.woff2
- fontsource-mina/5.1.0/index.css.br
- fontsource-mina/5.1.0/index.css.gz
- fontsource-mina/5.1.0/index.css.sri
- fontsource-mina/5.1.0/index.min.css.br
- fontsource-mina/5.1.0/index.min.css.gz
- fontsource-mina/5.1.0/index.min.css.sri
- fontsource-mina/5.1.0/latin-400.css.br
- fontsource-mina/5.1.0/latin-400.css.gz
- fontsource-mina/5.1.0/latin-400.css.sri
- fontsource-mina/5.1.0/latin-400.min.css.br
- fontsource-mina/5.1.0/latin-400.min.css.gz
- fontsource-mina/5.1.0/latin-400.min.css.sri
- fontsource-mina/5.1.0/latin-700.css.br
- fontsource-mina/5.1.0/latin-700.css.gz
- fontsource-mina/5.1.0/latin-700.css.sri
- fontsource-mina/5.1.0/latin-700.min.css.br
- fontsource-mina/5.1.0/latin-700.min.css.gz
- fontsource-mina/5.1.0/latin-700.min.css.sri
- fontsource-mina/5.1.0/latin-ext-400.css.br
- fontsource-mina/5.1.0/latin-ext-400.css.gz
- fontsource-mina/5.1.0/latin-ext-400.css.sri
- fontsource-mina/5.1.0/latin-ext-400.min.css.br
- fontsource-mina/5.1.0/latin-ext-400.min.css.gz
- fontsource-mina/5.1.0/latin-ext-400.min.css.sri
- fontsource-mina/5.1.0/latin-ext-700.css.br
- fontsource-mina/5.1.0/latin-ext-700.css.gz
- fontsource-mina/5.1.0/latin-ext-700.css.sri
- fontsource-mina/5.1.0/latin-ext-700.min.css.br
- fontsource-mina/5.1.0/latin-ext-700.min.css.gz
- fontsource-mina/5.1.0/latin-ext-700.min.css.sri
- fontsource-mina/5.1.0/latin-ext.css.br
- fontsource-mina/5.1.0/latin-ext.css.gz
- fontsource-mina/5.1.0/latin-ext.css.sri
- fontsource-mina/5.1.0/latin-ext.min.css.br
- fontsource-mina/5.1.0/latin-ext.min.css.gz
- fontsource-mina/5.1.0/latin-ext.min.css.sri
- fontsource-mina/5.1.0/latin.css.br
- fontsource-mina/5.1.0/latin.css.gz
- fontsource-mina/5.1.0/latin.css.sri
- fontsource-mina/5.1.0/latin.min.css.br
- fontsource-mina/5.1.0/latin.min.css.gz
- fontsource-mina/5.1.0/latin.min.css.sri
