Files:
- zebra_dialog/3.0.6/css/classic/confirmation.png.br
- zebra_dialog/3.0.6/css/classic/confirmation.png.gz
- zebra_dialog/3.0.6/css/classic/error.png.br
- zebra_dialog/3.0.6/css/classic/error.png.gz
- zebra_dialog/3.0.6/css/classic/information.png.br
- zebra_dialog/3.0.6/css/classic/information.png.gz
- zebra_dialog/3.0.6/css/classic/prompt.png.br
- zebra_dialog/3.0.6/css/classic/prompt.png.gz
- zebra_dialog/3.0.6/css/classic/question.png.br
- zebra_dialog/3.0.6/css/classic/question.png.gz
- zebra_dialog/3.0.6/css/classic/spinner.gif.br
- zebra_dialog/3.0.6/css/classic/spinner.gif.gz
- zebra_dialog/3.0.6/css/classic/warning.png.br
- zebra_dialog/3.0.6/css/classic/warning.png.gz
- zebra_dialog/3.0.6/css/classic/zebra_dialog.css.br
- zebra_dialog/3.0.6/css/classic/zebra_dialog.css.gz
- zebra_dialog/3.0.6/css/classic/zebra_dialog.css.sri
- zebra_dialog/3.0.6/css/classic/zebra_dialog.min.css.br
- zebra_dialog/3.0.6/css/classic/zebra_dialog.min.css.gz
- zebra_dialog/3.0.6/css/classic/zebra_dialog.min.css.sri
- zebra_dialog/3.0.6/css/classic/zebra_dialog.scss.br
- zebra_dialog/3.0.6/css/classic/zebra_dialog.scss.gz
- zebra_dialog/3.0.6/css/flat/confirmation.png.br
- zebra_dialog/3.0.6/css/flat/confirmation.png.gz
- zebra_dialog/3.0.6/css/flat/error.png.br
- zebra_dialog/3.0.6/css/flat/error.png.gz
- zebra_dialog/3.0.6/css/flat/icons.txt.br
- zebra_dialog/3.0.6/css/flat/icons.txt.gz
- zebra_dialog/3.0.6/css/flat/information.png.br
- zebra_dialog/3.0.6/css/flat/information.png.gz
- zebra_dialog/3.0.6/css/flat/prompt.png.br
- zebra_dialog/3.0.6/css/flat/prompt.png.gz
- zebra_dialog/3.0.6/css/flat/question.png.br
- zebra_dialog/3.0.6/css/flat/question.png.gz
- zebra_dialog/3.0.6/css/flat/spinner.gif.br
- zebra_dialog/3.0.6/css/flat/spinner.gif.gz
- zebra_dialog/3.0.6/css/flat/warning.png.br
- zebra_dialog/3.0.6/css/flat/warning.png.gz
- zebra_dialog/3.0.6/css/flat/zebra_dialog.css.br
- zebra_dialog/3.0.6/css/flat/zebra_dialog.css.gz
- zebra_dialog/3.0.6/css/flat/zebra_dialog.css.sri
- zebra_dialog/3.0.6/css/flat/zebra_dialog.min.css.br
- zebra_dialog/3.0.6/css/flat/zebra_dialog.min.css.gz
- zebra_dialog/3.0.6/css/flat/zebra_dialog.min.css.sri
- zebra_dialog/3.0.6/css/flat/zebra_dialog.scss.br
- zebra_dialog/3.0.6/css/flat/zebra_dialog.scss.gz
- zebra_dialog/3.0.6/css/materialize/confirmation.png.br
- zebra_dialog/3.0.6/css/materialize/confirmation.png.gz
- zebra_dialog/3.0.6/css/materialize/error.png.br
- zebra_dialog/3.0.6/css/materialize/error.png.gz
- zebra_dialog/3.0.6/css/materialize/icons.txt.br
- zebra_dialog/3.0.6/css/materialize/icons.txt.gz
- zebra_dialog/3.0.6/css/materialize/information.png.br
- zebra_dialog/3.0.6/css/materialize/information.png.gz
- zebra_dialog/3.0.6/css/materialize/prompt.png.br
- zebra_dialog/3.0.6/css/materialize/prompt.png.gz
- zebra_dialog/3.0.6/css/materialize/question.png.br
- zebra_dialog/3.0.6/css/materialize/question.png.gz
- zebra_dialog/3.0.6/css/materialize/spinner.gif.br
- zebra_dialog/3.0.6/css/materialize/spinner.gif.gz
- zebra_dialog/3.0.6/css/materialize/warning.png.br
- zebra_dialog/3.0.6/css/materialize/warning.png.gz
- zebra_dialog/3.0.6/css/materialize/zebra_dialog.css.br
- zebra_dialog/3.0.6/css/materialize/zebra_dialog.css.gz
- zebra_dialog/3.0.6/css/materialize/zebra_dialog.css.sri
- zebra_dialog/3.0.6/css/materialize/zebra_dialog.min.css.br
- zebra_dialog/3.0.6/css/materialize/zebra_dialog.min.css.gz
- zebra_dialog/3.0.6/css/materialize/zebra_dialog.min.css.sri
- zebra_dialog/3.0.6/css/materialize/zebra_dialog.scss.br
- zebra_dialog/3.0.6/css/materialize/zebra_dialog.scss.gz
- zebra_dialog/3.0.6/zebra_dialog.min.js.br
- zebra_dialog/3.0.6/zebra_dialog.min.js.gz
- zebra_dialog/3.0.6/zebra_dialog.min.js.sri
- zebra_dialog/3.0.6/zebra_dialog.src.js.br
- zebra_dialog/3.0.6/zebra_dialog.src.js.gz
- zebra_dialog/3.0.6/zebra_dialog.src.js.sri
- zebra_dialog/3.0.6/zebra_dialog.src.min.js.br
- zebra_dialog/3.0.6/zebra_dialog.src.min.js.gz
- zebra_dialog/3.0.6/zebra_dialog.src.min.js.sri
