config: {"authors":[{"name":"Google Inc."}],"autoupdate":{"source":"npm","target":"@fontsource/bellota","fileMap":[{"basePath":"","files":["*.css","files/*.@(woff|woff2)"]}],"excludeFromSearch":true},"description":"Self-host the Bellota font in a neatly bundled NPM package.","filename":"index.css","homepage":"https://fontsource.org/fonts/bellota","keywords":["fontsource","font","font family","google fonts","bellota","Bellota","css","sass","front-end","web","typeface","variable"],"license":"OFL-1.1","name":"fontsource-bellota","repository":{"type":"git","url":"git+https://github.com/fontsource/font-files.git"},"author":"Google Inc."}
KV keys:
- fontsource-bellota/5.0.8/300-italic.css.br
- fontsource-bellota/5.0.8/300-italic.css.gz
- fontsource-bellota/5.0.8/300-italic.min.css.br
- fontsource-bellota/5.0.8/300-italic.min.css.gz
- fontsource-bellota/5.0.8/300.css.br
- fontsource-bellota/5.0.8/300.css.gz
- fontsource-bellota/5.0.8/300.min.css.br
- fontsource-bellota/5.0.8/300.min.css.gz
- fontsource-bellota/5.0.8/400-italic.css.br
- fontsource-bellota/5.0.8/400-italic.css.gz
- fontsource-bellota/5.0.8/400-italic.min.css.br
- fontsource-bellota/5.0.8/400-italic.min.css.gz
- fontsource-bellota/5.0.8/400.css.br
- fontsource-bellota/5.0.8/400.css.gz
- fontsource-bellota/5.0.8/400.min.css.br
- fontsource-bellota/5.0.8/400.min.css.gz
- fontsource-bellota/5.0.8/700-italic.css.br
- fontsource-bellota/5.0.8/700-italic.css.gz
- fontsource-bellota/5.0.8/700-italic.min.css.br
- fontsource-bellota/5.0.8/700-italic.min.css.gz
- fontsource-bellota/5.0.8/700.css.br
- fontsource-bellota/5.0.8/700.css.gz
- fontsource-bellota/5.0.8/700.min.css.br
- fontsource-bellota/5.0.8/700.min.css.gz
- fontsource-bellota/5.0.8/cyrillic-300-italic.css.br
- fontsource-bellota/5.0.8/cyrillic-300-italic.css.gz
- fontsource-bellota/5.0.8/cyrillic-300-italic.min.css.br
- fontsource-bellota/5.0.8/cyrillic-300-italic.min.css.gz
- fontsource-bellota/5.0.8/cyrillic-300.css.br
- fontsource-bellota/5.0.8/cyrillic-300.css.gz
- fontsource-bellota/5.0.8/cyrillic-300.min.css.br
- fontsource-bellota/5.0.8/cyrillic-300.min.css.gz
- fontsource-bellota/5.0.8/cyrillic-400-italic.css.br
- fontsource-bellota/5.0.8/cyrillic-400-italic.css.gz
- fontsource-bellota/5.0.8/cyrillic-400-italic.min.css.br
- fontsource-bellota/5.0.8/cyrillic-400-italic.min.css.gz
- fontsource-bellota/5.0.8/cyrillic-400.css.br
- fontsource-bellota/5.0.8/cyrillic-400.css.gz
- fontsource-bellota/5.0.8/cyrillic-400.min.css.br
- fontsource-bellota/5.0.8/cyrillic-400.min.css.gz
- fontsource-bellota/5.0.8/cyrillic-700-italic.css.br
- fontsource-bellota/5.0.8/cyrillic-700-italic.css.gz
- fontsource-bellota/5.0.8/cyrillic-700-italic.min.css.br
- fontsource-bellota/5.0.8/cyrillic-700-italic.min.css.gz
- fontsource-bellota/5.0.8/cyrillic-700.css.br
- fontsource-bellota/5.0.8/cyrillic-700.css.gz
- fontsource-bellota/5.0.8/cyrillic-700.min.css.br
- fontsource-bellota/5.0.8/cyrillic-700.min.css.gz
- fontsource-bellota/5.0.8/cyrillic-italic.css.br
- fontsource-bellota/5.0.8/cyrillic-italic.css.gz
- fontsource-bellota/5.0.8/cyrillic-italic.min.css.br
- fontsource-bellota/5.0.8/cyrillic-italic.min.css.gz
- fontsource-bellota/5.0.8/cyrillic.css.br
- fontsource-bellota/5.0.8/cyrillic.css.gz
- fontsource-bellota/5.0.8/cyrillic.min.css.br
- fontsource-bellota/5.0.8/cyrillic.min.css.gz
- fontsource-bellota/5.0.8/files/bellota-cyrillic-300-italic.woff.br
- fontsource-bellota/5.0.8/files/bellota-cyrillic-300-italic.woff.gz
- fontsource-bellota/5.0.8/files/bellota-cyrillic-300-italic.woff2
- fontsource-bellota/5.0.8/files/bellota-cyrillic-300-normal.woff.br
- fontsource-bellota/5.0.8/files/bellota-cyrillic-300-normal.woff.gz
- fontsource-bellota/5.0.8/files/bellota-cyrillic-300-normal.woff2
- fontsource-bellota/5.0.8/files/bellota-cyrillic-400-italic.woff.br
- fontsource-bellota/5.0.8/files/bellota-cyrillic-400-italic.woff.gz
- fontsource-bellota/5.0.8/files/bellota-cyrillic-400-italic.woff2
- fontsource-bellota/5.0.8/files/bellota-cyrillic-400-normal.woff.br
- fontsource-bellota/5.0.8/files/bellota-cyrillic-400-normal.woff.gz
- fontsource-bellota/5.0.8/files/bellota-cyrillic-400-normal.woff2
- fontsource-bellota/5.0.8/files/bellota-cyrillic-700-italic.woff.br
- fontsource-bellota/5.0.8/files/bellota-cyrillic-700-italic.woff.gz
- fontsource-bellota/5.0.8/files/bellota-cyrillic-700-italic.woff2
- fontsource-bellota/5.0.8/files/bellota-cyrillic-700-normal.woff.br
- fontsource-bellota/5.0.8/files/bellota-cyrillic-700-normal.woff.gz
- fontsource-bellota/5.0.8/files/bellota-cyrillic-700-normal.woff2
- fontsource-bellota/5.0.8/files/bellota-latin-300-italic.woff.br
- fontsource-bellota/5.0.8/files/bellota-latin-300-italic.woff.gz
- fontsource-bellota/5.0.8/files/bellota-latin-300-italic.woff2
- fontsource-bellota/5.0.8/files/bellota-latin-300-normal.woff.br
- fontsource-bellota/5.0.8/files/bellota-latin-300-normal.woff.gz
- fontsource-bellota/5.0.8/files/bellota-latin-300-normal.woff2
- fontsource-bellota/5.0.8/files/bellota-latin-400-italic.woff.br
- fontsource-bellota/5.0.8/files/bellota-latin-400-italic.woff.gz
- fontsource-bellota/5.0.8/files/bellota-latin-400-italic.woff2
- fontsource-bellota/5.0.8/files/bellota-latin-400-normal.woff.br
- fontsource-bellota/5.0.8/files/bellota-latin-400-normal.woff.gz
- fontsource-bellota/5.0.8/files/bellota-latin-400-normal.woff2
- fontsource-bellota/5.0.8/files/bellota-latin-700-italic.woff.br
- fontsource-bellota/5.0.8/files/bellota-latin-700-italic.woff.gz
- fontsource-bellota/5.0.8/files/bellota-latin-700-italic.woff2
- fontsource-bellota/5.0.8/files/bellota-latin-700-normal.woff.br
- fontsource-bellota/5.0.8/files/bellota-latin-700-normal.woff.gz
- fontsource-bellota/5.0.8/files/bellota-latin-700-normal.woff2
- fontsource-bellota/5.0.8/files/bellota-latin-ext-300-italic.woff.br
- fontsource-bellota/5.0.8/files/bellota-latin-ext-300-italic.woff.gz
- fontsource-bellota/5.0.8/files/bellota-latin-ext-300-italic.woff2
- fontsource-bellota/5.0.8/files/bellota-latin-ext-300-normal.woff.br
- fontsource-bellota/5.0.8/files/bellota-latin-ext-300-normal.woff.gz
- fontsource-bellota/5.0.8/files/bellota-latin-ext-300-normal.woff2
- fontsource-bellota/5.0.8/files/bellota-latin-ext-400-italic.woff.br
- fontsource-bellota/5.0.8/files/bellota-latin-ext-400-italic.woff.gz
- fontsource-bellota/5.0.8/files/bellota-latin-ext-400-italic.woff2
- fontsource-bellota/5.0.8/files/bellota-latin-ext-400-normal.woff.br
- fontsource-bellota/5.0.8/files/bellota-latin-ext-400-normal.woff.gz
- fontsource-bellota/5.0.8/files/bellota-latin-ext-400-normal.woff2
- fontsource-bellota/5.0.8/files/bellota-latin-ext-700-italic.woff.br
- fontsource-bellota/5.0.8/files/bellota-latin-ext-700-italic.woff.gz
- fontsource-bellota/5.0.8/files/bellota-latin-ext-700-italic.woff2
- fontsource-bellota/5.0.8/files/bellota-latin-ext-700-normal.woff.br
- fontsource-bellota/5.0.8/files/bellota-latin-ext-700-normal.woff.gz
- fontsource-bellota/5.0.8/files/bellota-latin-ext-700-normal.woff2
- fontsource-bellota/5.0.8/files/bellota-vietnamese-300-italic.woff.br
- fontsource-bellota/5.0.8/files/bellota-vietnamese-300-italic.woff.gz
- fontsource-bellota/5.0.8/files/bellota-vietnamese-300-italic.woff2
- fontsource-bellota/5.0.8/files/bellota-vietnamese-300-normal.woff.br
- fontsource-bellota/5.0.8/files/bellota-vietnamese-300-normal.woff.gz
- fontsource-bellota/5.0.8/files/bellota-vietnamese-300-normal.woff2
- fontsource-bellota/5.0.8/files/bellota-vietnamese-400-italic.woff.br
- fontsource-bellota/5.0.8/files/bellota-vietnamese-400-italic.woff.gz
- fontsource-bellota/5.0.8/files/bellota-vietnamese-400-italic.woff2
- fontsource-bellota/5.0.8/files/bellota-vietnamese-400-normal.woff.br
- fontsource-bellota/5.0.8/files/bellota-vietnamese-400-normal.woff.gz
- fontsource-bellota/5.0.8/files/bellota-vietnamese-400-normal.woff2
- fontsource-bellota/5.0.8/files/bellota-vietnamese-700-italic.woff.br
- fontsource-bellota/5.0.8/files/bellota-vietnamese-700-italic.woff.gz
- fontsource-bellota/5.0.8/files/bellota-vietnamese-700-italic.woff2
- fontsource-bellota/5.0.8/files/bellota-vietnamese-700-normal.woff.br
- fontsource-bellota/5.0.8/files/bellota-vietnamese-700-normal.woff.gz
- fontsource-bellota/5.0.8/files/bellota-vietnamese-700-normal.woff2
- fontsource-bellota/5.0.8/index.css.br
- fontsource-bellota/5.0.8/index.css.gz
- fontsource-bellota/5.0.8/index.min.css.br
- fontsource-bellota/5.0.8/index.min.css.gz
- fontsource-bellota/5.0.8/latin-300-italic.css.br
- fontsource-bellota/5.0.8/latin-300-italic.css.gz
- fontsource-bellota/5.0.8/latin-300-italic.min.css.br
- fontsource-bellota/5.0.8/latin-300-italic.min.css.gz
- fontsource-bellota/5.0.8/latin-300.css.br
- fontsource-bellota/5.0.8/latin-300.css.gz
- fontsource-bellota/5.0.8/latin-300.min.css.br
- fontsource-bellota/5.0.8/latin-300.min.css.gz
- fontsource-bellota/5.0.8/latin-400-italic.css.br
- fontsource-bellota/5.0.8/latin-400-italic.css.gz
- fontsource-bellota/5.0.8/latin-400-italic.min.css.br
- fontsource-bellota/5.0.8/latin-400-italic.min.css.gz
- fontsource-bellota/5.0.8/latin-400.css.br
- fontsource-bellota/5.0.8/latin-400.css.gz
- fontsource-bellota/5.0.8/latin-400.min.css.br
- fontsource-bellota/5.0.8/latin-400.min.css.gz
- fontsource-bellota/5.0.8/latin-700-italic.css.br
- fontsource-bellota/5.0.8/latin-700-italic.css.gz
- fontsource-bellota/5.0.8/latin-700-italic.min.css.br
- fontsource-bellota/5.0.8/latin-700-italic.min.css.gz
- fontsource-bellota/5.0.8/latin-700.css.br
- fontsource-bellota/5.0.8/latin-700.css.gz
- fontsource-bellota/5.0.8/latin-700.min.css.br
- fontsource-bellota/5.0.8/latin-700.min.css.gz
- fontsource-bellota/5.0.8/latin-ext-300-italic.css.br
- fontsource-bellota/5.0.8/latin-ext-300-italic.css.gz
- fontsource-bellota/5.0.8/latin-ext-300-italic.min.css.br
- fontsource-bellota/5.0.8/latin-ext-300-italic.min.css.gz
- fontsource-bellota/5.0.8/latin-ext-300.css.br
- fontsource-bellota/5.0.8/latin-ext-300.css.gz
- fontsource-bellota/5.0.8/latin-ext-300.min.css.br
- fontsource-bellota/5.0.8/latin-ext-300.min.css.gz
- fontsource-bellota/5.0.8/latin-ext-400-italic.css.br
- fontsource-bellota/5.0.8/latin-ext-400-italic.css.gz
- fontsource-bellota/5.0.8/latin-ext-400-italic.min.css.br
- fontsource-bellota/5.0.8/latin-ext-400-italic.min.css.gz
- fontsource-bellota/5.0.8/latin-ext-400.css.br
- fontsource-bellota/5.0.8/latin-ext-400.css.gz
- fontsource-bellota/5.0.8/latin-ext-400.min.css.br
- fontsource-bellota/5.0.8/latin-ext-400.min.css.gz
- fontsource-bellota/5.0.8/latin-ext-700-italic.css.br
- fontsource-bellota/5.0.8/latin-ext-700-italic.css.gz
- fontsource-bellota/5.0.8/latin-ext-700-italic.min.css.br
- fontsource-bellota/5.0.8/latin-ext-700-italic.min.css.gz
- fontsource-bellota/5.0.8/latin-ext-700.css.br
- fontsource-bellota/5.0.8/latin-ext-700.css.gz
- fontsource-bellota/5.0.8/latin-ext-700.min.css.br
- fontsource-bellota/5.0.8/latin-ext-700.min.css.gz
- fontsource-bellota/5.0.8/latin-ext-italic.css.br
- fontsource-bellota/5.0.8/latin-ext-italic.css.gz
- fontsource-bellota/5.0.8/latin-ext-italic.min.css.br
- fontsource-bellota/5.0.8/latin-ext-italic.min.css.gz
- fontsource-bellota/5.0.8/latin-ext.css.br
- fontsource-bellota/5.0.8/latin-ext.css.gz
- fontsource-bellota/5.0.8/latin-ext.min.css.br
- fontsource-bellota/5.0.8/latin-ext.min.css.gz
- fontsource-bellota/5.0.8/latin-italic.css.br
- fontsource-bellota/5.0.8/latin-italic.css.gz
- fontsource-bellota/5.0.8/latin-italic.min.css.br
- fontsource-bellota/5.0.8/latin-italic.min.css.gz
- fontsource-bellota/5.0.8/latin.css.br
- fontsource-bellota/5.0.8/latin.css.gz
- fontsource-bellota/5.0.8/latin.min.css.br
- fontsource-bellota/5.0.8/latin.min.css.gz
- fontsource-bellota/5.0.8/vietnamese-300-italic.css.br
- fontsource-bellota/5.0.8/vietnamese-300-italic.css.gz
- fontsource-bellota/5.0.8/vietnamese-300-italic.min.css.br
- fontsource-bellota/5.0.8/vietnamese-300-italic.min.css.gz
- fontsource-bellota/5.0.8/vietnamese-300.css.br
- fontsource-bellota/5.0.8/vietnamese-300.css.gz
- fontsource-bellota/5.0.8/vietnamese-300.min.css.br
- fontsource-bellota/5.0.8/vietnamese-300.min.css.gz
- fontsource-bellota/5.0.8/vietnamese-400-italic.css.br
- fontsource-bellota/5.0.8/vietnamese-400-italic.css.gz
- fontsource-bellota/5.0.8/vietnamese-400-italic.min.css.br
- fontsource-bellota/5.0.8/vietnamese-400-italic.min.css.gz
- fontsource-bellota/5.0.8/vietnamese-400.css.br
- fontsource-bellota/5.0.8/vietnamese-400.css.gz
- fontsource-bellota/5.0.8/vietnamese-400.min.css.br
- fontsource-bellota/5.0.8/vietnamese-400.min.css.gz
- fontsource-bellota/5.0.8/vietnamese-700-italic.css.br
- fontsource-bellota/5.0.8/vietnamese-700-italic.css.gz
- fontsource-bellota/5.0.8/vietnamese-700-italic.min.css.br
- fontsource-bellota/5.0.8/vietnamese-700-italic.min.css.gz
- fontsource-bellota/5.0.8/vietnamese-700.css.br
- fontsource-bellota/5.0.8/vietnamese-700.css.gz
- fontsource-bellota/5.0.8/vietnamese-700.min.css.br
- fontsource-bellota/5.0.8/vietnamese-700.min.css.gz
- fontsource-bellota/5.0.8/vietnamese-italic.css.br
- fontsource-bellota/5.0.8/vietnamese-italic.css.gz
- fontsource-bellota/5.0.8/vietnamese-italic.min.css.br
- fontsource-bellota/5.0.8/vietnamese-italic.min.css.gz
- fontsource-bellota/5.0.8/vietnamese.css.br
- fontsource-bellota/5.0.8/vietnamese.css.gz
- fontsource-bellota/5.0.8/vietnamese.min.css.br
- fontsource-bellota/5.0.8/vietnamese.min.css.gz
SRIs:
- fontsource-bellota/5.0.8/cyrillic-300-italic.css: sha512-at/6Erjmw220uP0cJHaPxrNqOrj+zgQRniJUYmqpvk8kXLZKj+0oGwqIYt4DW624pjqaOVI9NVE3yalThGziVQ==
- fontsource-bellota/5.0.8/cyrillic-400.css: sha512-trhmgQJaW3amb/Bhzjy1Jou6sbNhGKwV/UglYHB+YNxFS6etUZ70SY0eqUZOgl2Z7kK+kBJ1N1PKDrh4CwpYoA==
- fontsource-bellota/5.0.8/cyrillic-700.css: sha512-V0RhDJEXbZxQW2EJUaseGgG+pXWjAXuunSkdJgCIKgZIxexfQwzFWTiY6sfpBnpqjEO1uIivxvOaK+hv34OAtg==
- fontsource-bellota/5.0.8/latin-300.css: sha512-HH5xvwQSpYcStfzTVizdYlQiNmfk6wdwywKuimmfBO4t3OMHFmLkaxpHtBgWz8lFfuNyATW+QBlFf1E6NhufIA==
- fontsource-bellota/5.0.8/latin-700.min.css: sha512-Lx123QuXeJ/Sb89hOovvRTF4xhgXTeQD+cczVfm/iH9ujGmMKyXJ3WR+RxKbHhtxNv4TmLIFcQws/QMaE2tp9w==
- fontsource-bellota/5.0.8/latin-ext-700.min.css: sha512-kyf92zlQNj0ztyNfRg4WtZEylZwTagIxga5DjYAYd3c6fsysgjtrefS/VXpnl3GTpFtlpvf/MIPkn/aoOkaZ5g==
- fontsource-bellota/5.0.8/300-italic.css: sha512-tLQ2tRppLPgQswudZe0dWSptjpsGgYLC4c1m7Tmdk/zIxNG+9FQEg6utA1a6+p3xBagdl3SnLzTpR0JxSUb0jg==
- fontsource-bellota/5.0.8/cyrillic-400.min.css: sha512-v7uTfOZ7PBEMFKwr63dNB3x4EwunChWGfCy3czz0vqMMCb9v4m9n/QGaa+Zdi51jmwpofIt2dhQ3hkHkaIyfIA==
- fontsource-bellota/5.0.8/vietnamese-700-italic.min.css: sha512-oRh7984Frvm+3/zq+c9FnRn80Ub77/5czLSk7yIAnY45+aMh70qbUMHTC/fjPjUabTTllLlLuaSS+NRU9XUYRQ==
- fontsource-bellota/5.0.8/vietnamese.min.css: sha512-NWqgOEAcoSXtem8Miw4vVqVlGzi2VMW48a3jdF9uF48O+jR0Vb6E+Tu0+nxKair/hCG/xDZrpzXLxlmcCZyVbA==
- fontsource-bellota/5.0.8/latin-400.css: sha512-Jt4qbOhtDUvt4Gciv7LMZUJJrqlJoi6TbxZs8pJjJ4H5ZUWMV/ai0Z27Pk82x4asTaaL2FGD1MuECq9UNz9WxQ==
- fontsource-bellota/5.0.8/latin-700.css: sha512-5GRMWIeLIvbzFuyYusIJiUzS/cnQ8jOuxI7euSVtOu81xjpF4wnDMyCxVWVh71U3IH8zLjRj1gE7WiZFK5k2pA==
- fontsource-bellota/5.0.8/latin-ext-300.css: sha512-tUNV8L16OrtGMNYIdaBLi+29NljZquMXps9Xp/doB0ns/veS5hoyUzWR8lymykCNCURdD93a55e21f1M535y9Q==
- fontsource-bellota/5.0.8/latin-ext-italic.css: sha512-9LH0AWGqlaP/HMmJUl5pWAHjzWXikRPgbL+EhrFf/F9YkeHW0p7RrPTi+iPhBAk//yAqVSOMa7aB/4y7OzMYyA==
- fontsource-bellota/5.0.8/300-italic.min.css: sha512-mJtm6GzK9JHRq54Kb+mxDpmr8LLMPVX45h8ziMxJa+XNaJEdcsNDtKbb06p3O7L8d7c28kYIwrKaLW6tYZTwWA==
- fontsource-bellota/5.0.8/latin-700-italic.min.css: sha512-3jUbD1xAvucFAIeyrMiw2gqoP7Teh9lhLopUwKkBuw6ibM8mCO6aNQ5t5NyOkP3EVMeZQmUKMvwq1GL/Jm21ag==
- fontsource-bellota/5.0.8/latin-ext-400.min.css: sha512-3XrAjKjvh7nFwPTBGYRZ40OK6sRg/7CnI56yNlX7bfj3qJ2SwJ7zH9qT2KGthh40/vx7B+4oqIhtph8oC761vw==
- fontsource-bellota/5.0.8/vietnamese-300-italic.css: sha512-znbojWdGPfur7p7rSejb6pE26iyb6nym9A7UFIg/w25Ibz8E2g0EaxTjS2HxPPrnd7BGqLEMerWpg+ErxMUC6A==
- fontsource-bellota/5.0.8/vietnamese-700-italic.css: sha512-7FSu1v/Tml+kzUt2cp4D9raemuIus0op44bEHsjrZPchzHohZWbRsyzY3b/fEr3oHXgvtnx8w+6wep0MSMb8tw==
- fontsource-bellota/5.0.8/700-italic.min.css: sha512-LRe2OSs1aZhYbT7tP4VlZXblL3Ff1jk5rxK7pSgpmv+mH46DmJcqDq8rQbGlfyT+cVATHwXG8B6tCS50iy0C1A==
- fontsource-bellota/5.0.8/index.css: sha512-fvQaHY5QNUbgoJlf5/vrv0gC8ABuusbSEoR/lh64W3wV9Ig8odr5zsdGS2Gem1Zt/dN/TwqiiHDTkgzFX8LGkQ==
- fontsource-bellota/5.0.8/index.min.css: sha512-Yj2qbPz10SbCVhaY7454wP/eknABl27VKx/vmq5SkCW+yGhO+SkW8NId3L9b5I45n9ETQ7CUtvlGg3pJd/gvBw==
- fontsource-bellota/5.0.8/latin-ext-400.css: sha512-XWgYEwgA6Wjyuul91QnB6EKnuETcxNw2vReTBZ95zOfANSGXGGceDOkUpDNmvVezgH0HMHHCev8yH1+wE0FEdQ==
- fontsource-bellota/5.0.8/latin-italic.min.css: sha512-MaE5LRQToCyvn1jzDI8CGXhO+u9xROLWDYi94TD3klsZXtKvqadqMyGll91G4jt+WQM2XWjP0yG60XQn106Vug==
- fontsource-bellota/5.0.8/vietnamese-300.css: sha512-v2CEzo+yGHYDpkF0mp7fCoERhS3I2gum7TJQhpyTkIuM/eYWA5mHR99DOqLqjTOsJ3xApASdHb1ce5TihEMy4A==
- fontsource-bellota/5.0.8/400.css: sha512-fvQaHY5QNUbgoJlf5/vrv0gC8ABuusbSEoR/lh64W3wV9Ig8odr5zsdGS2Gem1Zt/dN/TwqiiHDTkgzFX8LGkQ==
- fontsource-bellota/5.0.8/cyrillic-300-italic.min.css: sha512-lQoAVFCRLKQmNLf/i2wuBIvZKDethMP3PdsaUwZU0voysHzfLJRkOTVBs0w02elGYGa0u0pGynnO44uWOfmfuA==
- fontsource-bellota/5.0.8/cyrillic-700.min.css: sha512-VUXyWSUeWYi9Emq2il1+mIq44bTj7PBvZ5ZlGW/Luge5eTm0mJDwuhd1UJP9jc6B82cKazOTRgVpNvDW0mSaTA==
- fontsource-bellota/5.0.8/latin-ext-700-italic.min.css: sha512-NTnCgBul87uym5wriJ8qq1m142M4CsKHueK0C0wXHieJs2+JhdwnvrGS8sCuEQF70/i8X3P9nZL2GyHxCYhe2A==
- fontsource-bellota/5.0.8/latin.css: sha512-t98r69uyAlpbPYwW4AdSE5r3jRePAnkABEhT7GulA0H1pbI70YZBE3/pgs2M1QA6rH2WZxEcRt57F09ndjQdww==
- fontsource-bellota/5.0.8/latin-300.min.css: sha512-7imn+s266WH9n7fm0EkHu8EQtYrGKmRNZ1gUiqHnFwS7WkJzXfYOqLEz7P8OUSd4ng9AeO8jDc+gzLqFqd2MXQ==
- fontsource-bellota/5.0.8/latin-ext-400-italic.css: sha512-BJgSvr/zAVx94oL7h8pUi6KXIKXYKAJpPFB+69/RIM6WUXmLCHsu56W3jke33dAljjVZXYOHwsfDX5e/vHygQw==
- fontsource-bellota/5.0.8/latin-ext-400-italic.min.css: sha512-gwNsiZyj84cDQOmLZOUgLOJUzhhc1e1sw0cc97xxBBiO1FKIWg7trNW4wJHWy95Hn0Qjs4deXGL3GIctJpY/tg==
- fontsource-bellota/5.0.8/vietnamese-700.css: sha512-FCxyXMI8PeTcnm/ctIrDWdFi44h1ghh3o+0RDccMzEDcadMteFfPKp13rbmDCJkOnC+zuHigKPHdIoi7FHvdHQ==
- fontsource-bellota/5.0.8/300.css: sha512-Nl828l0ox9/yq6u/wJdfl8N79q20mQj+mwY6gjQL+74mBPfxiO/YOPCmFGPhUG29TRLu7XG0Qy6T1Gg9qDamww==
- fontsource-bellota/5.0.8/700.css: sha512-Wfs5JA536xbIYxDXwb74rbA1L+K3YseYl/nWN9VXnP61+IRZQeIiJWWNezh4lqYiib4lL/rB9cA+dlu4qMSMaQ==
- fontsource-bellota/5.0.8/700.min.css: sha512-GkpFXPu32B1UmXhqwUyUMVrqTojg4S4V5IaBDoAx5MX8n+GhKKWFnFY0LVqZwRkxccX0PeS1H1Dl9RtcivoF1w==
- fontsource-bellota/5.0.8/cyrillic-300.min.css: sha512-kLChbMjmHaz//gzr2NFaNLVcIYo66bAt1F5Fjpmza7hyvg+tqu+UVowtdprQIuuGJ5GN2BWTEpF677f3kATGKw==
- fontsource-bellota/5.0.8/latin-400.min.css: sha512-BJ2e5bTYlU6of0l49NALR9cNzmLZgzRhm/0OIOs2z6E5smx42UdQVfSa6G80lPwgWX1H+27fw3fsR7/iAr856g==
- fontsource-bellota/5.0.8/vietnamese-700.min.css: sha512-9EGF5z8O63BB/1AzPj7kWlA6ysM+bB0VRg+kOLXRA25OtuNIVVHCuqJEJLyPtdDRfokQgrBKksigOf11dLG+sg==
- fontsource-bellota/5.0.8/vietnamese-400-italic.min.css: sha512-kIUSLlSpbMkb2PzDNYSSO0SASLboI3VolwK4+lvZQXBbq8F5GpGDdo1NPlUvoLUHygckAecDJhCla/KwHk8tGA==
- fontsource-bellota/5.0.8/vietnamese-400.css: sha512-C1gI0RrYvsW/cMvOtANEBq3NBqe0Uzne8M2LFis3PBs/dCeh4+5vQEmJmLa5MiUgIBiG/6t2+RQbi9vjMB5jFw==
- fontsource-bellota/5.0.8/cyrillic-400-italic.min.css: sha512-VdZ7GpYLRrS25ztSkgXTGtd28eEZNqN840tBLP9kwktAduWgbbb3gk0gaJ2nuTqHrXBy/i70zcX/g4hcWrICTQ==
- fontsource-bellota/5.0.8/cyrillic-italic.min.css: sha512-Gald4mgRy/YfVzoMyc1pkw5AKt82rRrGK42z1C+oGeQ9vnPJWcjJ37yAuwzJYu5VbZfdnOA4+tXzMd/S2Pw0Mw==
- fontsource-bellota/5.0.8/cyrillic.css: sha512-l0y2zIn/aCJtGnIl3skmD5c3BCj9IZJmvw7rCXHd2l0jqlghHqELsOR42sA1zWo5ra65+2ZmOszwvAds0YXKuA==
- fontsource-bellota/5.0.8/latin-300-italic.min.css: sha512-25dIL8sX+iO73Nq/EzG756NioWp6MvrM/KLp4odGbio0gpR0ti8UUffSIMet3oGfBfno9JUMoMOrVvDkQgdkXg==
- fontsource-bellota/5.0.8/latin-ext-300-italic.min.css: sha512-c4ghQajA3bCKRC3z3VpcN1k38K791/d+q4w8nseRbSgDghprt+AhO2hY0cWCUD6LU53N+K4WVIoNgQ2K121QMg==
- fontsource-bellota/5.0.8/vietnamese-300.min.css: sha512-AzSdiDMYHxfJ8GWps58/Av1W/ftimXJDSU5SVl5ZGPL8KJoLuynRHwLP8NS/nr/LphN66+/aQCUPz1TAzmwJog==
- fontsource-bellota/5.0.8/vietnamese-400.min.css: sha512-mptu9SonsBgqwQ7SH67CE+L50vHIkn8dAleJzewlW21xOSuC7QdLy+32xeoPcRuHwhQ4vjldqc5UOt2HgGHBhw==
- fontsource-bellota/5.0.8/latin-400-italic.min.css: sha512-/S+P+6NDD2TdPgocheB/+7h51CM8LXHAeWerLfqOzyYSvOqCiYDshZylVqWggdV/ZLxi5AgWcbeT38jayyXhhg==
- fontsource-bellota/5.0.8/latin-ext-300.min.css: sha512-cvz2nK7bVKu8E0u+h4dQs/9RzxbKtQ8hdy3XVFZvX9OlegRqrXwFZ+UjlxQS2upIcXmhyXDYI7ZVtt7IinkNiw==
- fontsource-bellota/5.0.8/latin-ext.css: sha512-UWKg07TNMRtsMpnxE7K1i0z6MyM55OYB053mswIE12Kp/MdhuPW6Fq1HQf76/UU7XT0BtPIq2rgMSfD/kxpmsQ==
- fontsource-bellota/5.0.8/latin-ext.min.css: sha512-8zm2tkDLYG4cruRapawjDXdxj+/e1u7g9ghYaeTM37RPDkppmD/jcmNVej8BzP1GVbDKGDg/CGBnWMIJkTo56w==
- fontsource-bellota/5.0.8/latin-italic.css: sha512-hlwIsEQFwockRa4ZqZHjdISlZX5+JswLEyY5ATehauexb1i/wnqlNrzNpgjmn/Hzf0pWK9v2RAR3vw0pIip6rw==
- fontsource-bellota/5.0.8/700-italic.css: sha512-aQ+PpCFTE5ED9dmE1uuv28ZhPrzWLluQ5TLeyt21BMdLOrmbG4b65ED7S/fZhzx3XpjHXq00oifftfavuv9zkA==
- fontsource-bellota/5.0.8/latin-300-italic.css: sha512-MC5kSSNrXWld0oC8H7sP2SCTZ3sWLY3CPVCahvrdMkochM+tGqkq0Cz4OQZnPOVwTpeTFuBLToCOIO8OxfMz3g==
- fontsource-bellota/5.0.8/latin-ext-700-italic.css: sha512-z/xACj7Wnut4Df705rb8HSevAFkT3Z4Z6AI2+faZh/GTAtD/H4btyQu5NmKnl7fwCutqKC0W2mfncKlQVOFfrw==
- fontsource-bellota/5.0.8/latin-ext-italic.min.css: sha512-+kbCRaCsn7gx3zCvrVrK59aHg2LRLh0llBgfFoE1lAQmPW4mSVoSqgbMCc1Ca0MYgExnlk5ioSBk/67YM1ukXA==
- fontsource-bellota/5.0.8/cyrillic-300.css: sha512-3oi8BBEyBxGTBD4GTGmzCSZ/AK1628TvSbepQGNbdU/IxYGFafykCoIJ5MknOtjPaCf9HnhfEqkg2CP8W5CWgA==
- fontsource-bellota/5.0.8/vietnamese-300-italic.min.css: sha512-NyXYR7JqfKfWiVkzMFIKV+mDLxNilDFN5uglAMJUjRy1lPZBH8WxRazz/ziSO8+D0t/McQF8SUlf32bRHMtjrQ==
- fontsource-bellota/5.0.8/vietnamese-400-italic.css: sha512-05chR5agMbnxKqT0jmYrtaX95yJX3RcDjplaXaTg4+g62qq1MVn5NHmwWHcWSacMI+wxQDIASbpuvECaaKRy4A==
- fontsource-bellota/5.0.8/vietnamese-italic.min.css: sha512-q7xZ94gjCHp+Nm+PXevxH8G2xIaNIFBS/yobcMx8XRe2lR1Edlpck9h/gKo+pdooFJo5Dq9j8Zoz2OZN5tyInQ==
- fontsource-bellota/5.0.8/400-italic.css: sha512-HvrM9WXCXLfonVK8fdwzhITDk9inrN1nw1Dxh6cylhNEwzK5zp/qnSKi0b6Wrs7ocf5CmtPs+iv8+/dtkMAHDg==
- fontsource-bellota/5.0.8/cyrillic-700-italic.min.css: sha512-AWB1epUEehYwN/R1P/QPzvMfyiWHNtueE+8ZI94AL8anRVMxS0E2Xhjx52SHbVA3StDvHq9ODtJsiHSo62yD0Q==
- fontsource-bellota/5.0.8/cyrillic-italic.css: sha512-jvA0z9jFRmdymcMahf2w8owWd4v+UCyY3eUlql6TUT3OHE77y2djB0G5n6E3IUjQch53V7c1CllKI42HrfvrYg==
- fontsource-bellota/5.0.8/latin-400-italic.css: sha512-y31hDxj35AlhM/0HhZnBzZhTBmoOh2aYrNgXTg77LrOG3zNMRykzmn4nL3A4fMKEU7ApysxqtcgWsG7cTR8PSA==
- fontsource-bellota/5.0.8/latin-ext-300-italic.css: sha512-0y3zkaQYkdAOC+TTjp4tFP1IQg9Y8IcTF5wE7mZncY1YAs6JI8vER5WyrdjLGKwD/bzvnkLJtWmzVAOs4YjobQ==
- fontsource-bellota/5.0.8/latin-ext-700.css: sha512-VVnDT7/SvHOH9hzfVhhjDxcqrR5dTUaN6xedAZoludWRQC/5cfJMXA4BchkZBo9BKtV2CdQ6m9MiaHz+VLJhaQ==
- fontsource-bellota/5.0.8/300.min.css: sha512-Tg8VhREULOVqTF0YXIovQCEOKyIieYuOHazummFgK5A4VXaGrJHwvsCdpfigF+Rl5xZyxPwzagHStmMbDg/VeQ==
- fontsource-bellota/5.0.8/400.min.css: sha512-Yj2qbPz10SbCVhaY7454wP/eknABl27VKx/vmq5SkCW+yGhO+SkW8NId3L9b5I45n9ETQ7CUtvlGg3pJd/gvBw==
- fontsource-bellota/5.0.8/cyrillic-700-italic.css: sha512-KmyFq+LqQz/p8xBF4fF+WPP/UIXWVukYkgozO6LgA680SAW5M9RegCXyJc7NYW3j1L2F2fCBrSPIcmFX/Y9IQQ==
- fontsource-bellota/5.0.8/vietnamese.css: sha512-SS6uaIE46k4HFCi2/8ZIRWjGkUTE16fCavJ+U4nyRwgeL/ss3sC5ELnVqOfMFUOmSpGkXFiE36n4F4catGTs0Q==
- fontsource-bellota/5.0.8/400-italic.min.css: sha512-h2Vy4Wl5h11ttZQEFJ/6SCbdTcEtNBGSApVWfCWtr8JbD4feme/xixav6DuBTME1cRzqeHugrXXbdtdAxux02A==
- fontsource-bellota/5.0.8/cyrillic-400-italic.css: sha512-K6WT5Tt+aNeUUg5FJYAsdcWJTiP83LBx6DH1mp/QrbixOhpykkc2J0+BdCOgRAfd7OKjblrnUgbwBWTl15+c2Q==
- fontsource-bellota/5.0.8/cyrillic.min.css: sha512-CEUTPDowXl7bD/gx036T3tAOUFpkI3Ee1wRYGD1dJMlM7lCLM2blEKc2rQaZ73EjSmNzAkfIIQLYEMtjajTlaw==
- fontsource-bellota/5.0.8/latin-700-italic.css: sha512-Xo1PAQW+E+3viP38jPF+Ii0zDcUd11BxTM/+NHGjafUtV3SJ+6LrEjq24gr2LjiQtxVkFRY+JhIEZ4wNDL3MoQ==
- fontsource-bellota/5.0.8/latin.min.css: sha512-aJJv3ZKaIt6OmX3eTm4eOQ8oh1d7EEnQehhrK5418zMYcby8yHIJmiQJmPpE0/FTcdvCGP2z9dSFaXjeU7KCAA==
- fontsource-bellota/5.0.8/vietnamese-italic.css: sha512-yw9TQT5dKFIUy9HNhU6HTQRKEycrKvFt4rg2WKRbWaPg/I1jJcIvj8eZ5kdBpmqeXTHiWEJceohVtqq/n0OExw==
