Files:
- fontsource-blinker/4.5.9/100.css.br
- fontsource-blinker/4.5.9/100.css.gz
- fontsource-blinker/4.5.9/100.min.css.br
- fontsource-blinker/4.5.9/100.min.css.gz
- fontsource-blinker/4.5.9/200.css.br
- fontsource-blinker/4.5.9/200.css.gz
- fontsource-blinker/4.5.9/200.min.css.br
- fontsource-blinker/4.5.9/200.min.css.gz
- fontsource-blinker/4.5.9/300.css.br
- fontsource-blinker/4.5.9/300.css.gz
- fontsource-blinker/4.5.9/300.min.css.br
- fontsource-blinker/4.5.9/300.min.css.gz
- fontsource-blinker/4.5.9/400.css.br
- fontsource-blinker/4.5.9/400.css.gz
- fontsource-blinker/4.5.9/400.min.css.br
- fontsource-blinker/4.5.9/400.min.css.gz
- fontsource-blinker/4.5.9/600.css.br
- fontsource-blinker/4.5.9/600.css.gz
- fontsource-blinker/4.5.9/600.min.css.br
- fontsource-blinker/4.5.9/600.min.css.gz
- fontsource-blinker/4.5.9/700.css.br
- fontsource-blinker/4.5.9/700.css.gz
- fontsource-blinker/4.5.9/700.min.css.br
- fontsource-blinker/4.5.9/700.min.css.gz
- fontsource-blinker/4.5.9/800.css.br
- fontsource-blinker/4.5.9/800.css.gz
- fontsource-blinker/4.5.9/800.min.css.br
- fontsource-blinker/4.5.9/800.min.css.gz
- fontsource-blinker/4.5.9/900.css.br
- fontsource-blinker/4.5.9/900.css.gz
- fontsource-blinker/4.5.9/900.min.css.br
- fontsource-blinker/4.5.9/900.min.css.gz
- fontsource-blinker/4.5.9/files/blinker-all-100-normal.woff.br
- fontsource-blinker/4.5.9/files/blinker-all-100-normal.woff.gz
- fontsource-blinker/4.5.9/files/blinker-all-200-normal.woff.br
- fontsource-blinker/4.5.9/files/blinker-all-200-normal.woff.gz
- fontsource-blinker/4.5.9/files/blinker-all-300-normal.woff.br
- fontsource-blinker/4.5.9/files/blinker-all-300-normal.woff.gz
- fontsource-blinker/4.5.9/files/blinker-all-400-normal.woff.br
- fontsource-blinker/4.5.9/files/blinker-all-400-normal.woff.gz
- fontsource-blinker/4.5.9/files/blinker-all-600-normal.woff.br
- fontsource-blinker/4.5.9/files/blinker-all-600-normal.woff.gz
- fontsource-blinker/4.5.9/files/blinker-all-700-normal.woff.br
- fontsource-blinker/4.5.9/files/blinker-all-700-normal.woff.gz
- fontsource-blinker/4.5.9/files/blinker-all-800-normal.woff.br
- fontsource-blinker/4.5.9/files/blinker-all-800-normal.woff.gz
- fontsource-blinker/4.5.9/files/blinker-all-900-normal.woff.br
- fontsource-blinker/4.5.9/files/blinker-all-900-normal.woff.gz
- fontsource-blinker/4.5.9/files/blinker-latin-100-normal.woff.br
- fontsource-blinker/4.5.9/files/blinker-latin-100-normal.woff.gz
- fontsource-blinker/4.5.9/files/blinker-latin-100-normal.woff2
- fontsource-blinker/4.5.9/files/blinker-latin-200-normal.woff.br
- fontsource-blinker/4.5.9/files/blinker-latin-200-normal.woff.gz
- fontsource-blinker/4.5.9/files/blinker-latin-200-normal.woff2
- fontsource-blinker/4.5.9/files/blinker-latin-300-normal.woff.br
- fontsource-blinker/4.5.9/files/blinker-latin-300-normal.woff.gz
- fontsource-blinker/4.5.9/files/blinker-latin-300-normal.woff2
- fontsource-blinker/4.5.9/files/blinker-latin-400-normal.woff.br
- fontsource-blinker/4.5.9/files/blinker-latin-400-normal.woff.gz
- fontsource-blinker/4.5.9/files/blinker-latin-400-normal.woff2
- fontsource-blinker/4.5.9/files/blinker-latin-600-normal.woff.br
- fontsource-blinker/4.5.9/files/blinker-latin-600-normal.woff.gz
- fontsource-blinker/4.5.9/files/blinker-latin-600-normal.woff2
- fontsource-blinker/4.5.9/files/blinker-latin-700-normal.woff.br
- fontsource-blinker/4.5.9/files/blinker-latin-700-normal.woff.gz
- fontsource-blinker/4.5.9/files/blinker-latin-700-normal.woff2
- fontsource-blinker/4.5.9/files/blinker-latin-800-normal.woff.br
- fontsource-blinker/4.5.9/files/blinker-latin-800-normal.woff.gz
- fontsource-blinker/4.5.9/files/blinker-latin-800-normal.woff2
- fontsource-blinker/4.5.9/files/blinker-latin-900-normal.woff.br
- fontsource-blinker/4.5.9/files/blinker-latin-900-normal.woff.gz
- fontsource-blinker/4.5.9/files/blinker-latin-900-normal.woff2
- fontsource-blinker/4.5.9/files/blinker-latin-ext-100-normal.woff.br
- fontsource-blinker/4.5.9/files/blinker-latin-ext-100-normal.woff.gz
- fontsource-blinker/4.5.9/files/blinker-latin-ext-100-normal.woff2
- fontsource-blinker/4.5.9/files/blinker-latin-ext-200-normal.woff.br
- fontsource-blinker/4.5.9/files/blinker-latin-ext-200-normal.woff.gz
- fontsource-blinker/4.5.9/files/blinker-latin-ext-200-normal.woff2
- fontsource-blinker/4.5.9/files/blinker-latin-ext-300-normal.woff.br
- fontsource-blinker/4.5.9/files/blinker-latin-ext-300-normal.woff.gz
- fontsource-blinker/4.5.9/files/blinker-latin-ext-300-normal.woff2
- fontsource-blinker/4.5.9/files/blinker-latin-ext-400-normal.woff.br
- fontsource-blinker/4.5.9/files/blinker-latin-ext-400-normal.woff.gz
- fontsource-blinker/4.5.9/files/blinker-latin-ext-400-normal.woff2
- fontsource-blinker/4.5.9/files/blinker-latin-ext-600-normal.woff.br
- fontsource-blinker/4.5.9/files/blinker-latin-ext-600-normal.woff.gz
- fontsource-blinker/4.5.9/files/blinker-latin-ext-600-normal.woff2
- fontsource-blinker/4.5.9/files/blinker-latin-ext-700-normal.woff.br
- fontsource-blinker/4.5.9/files/blinker-latin-ext-700-normal.woff.gz
- fontsource-blinker/4.5.9/files/blinker-latin-ext-700-normal.woff2
- fontsource-blinker/4.5.9/files/blinker-latin-ext-800-normal.woff.br
- fontsource-blinker/4.5.9/files/blinker-latin-ext-800-normal.woff.gz
- fontsource-blinker/4.5.9/files/blinker-latin-ext-800-normal.woff2
- fontsource-blinker/4.5.9/files/blinker-latin-ext-900-normal.woff.br
- fontsource-blinker/4.5.9/files/blinker-latin-ext-900-normal.woff.gz
- fontsource-blinker/4.5.9/files/blinker-latin-ext-900-normal.woff2
- fontsource-blinker/4.5.9/index.css.br
- fontsource-blinker/4.5.9/index.css.gz
- fontsource-blinker/4.5.9/index.min.css.br
- fontsource-blinker/4.5.9/index.min.css.gz
- fontsource-blinker/4.5.9/latin-100.css.br
- fontsource-blinker/4.5.9/latin-100.css.gz
- fontsource-blinker/4.5.9/latin-100.min.css.br
- fontsource-blinker/4.5.9/latin-100.min.css.gz
- fontsource-blinker/4.5.9/latin-200.css.br
- fontsource-blinker/4.5.9/latin-200.css.gz
- fontsource-blinker/4.5.9/latin-200.min.css.br
- fontsource-blinker/4.5.9/latin-200.min.css.gz
- fontsource-blinker/4.5.9/latin-300.css.br
- fontsource-blinker/4.5.9/latin-300.css.gz
- fontsource-blinker/4.5.9/latin-300.min.css.br
- fontsource-blinker/4.5.9/latin-300.min.css.gz
- fontsource-blinker/4.5.9/latin-400.css.br
- fontsource-blinker/4.5.9/latin-400.css.gz
- fontsource-blinker/4.5.9/latin-400.min.css.br
- fontsource-blinker/4.5.9/latin-400.min.css.gz
- fontsource-blinker/4.5.9/latin-600.css.br
- fontsource-blinker/4.5.9/latin-600.css.gz
- fontsource-blinker/4.5.9/latin-600.min.css.br
- fontsource-blinker/4.5.9/latin-600.min.css.gz
- fontsource-blinker/4.5.9/latin-700.css.br
- fontsource-blinker/4.5.9/latin-700.css.gz
- fontsource-blinker/4.5.9/latin-700.min.css.br
- fontsource-blinker/4.5.9/latin-700.min.css.gz
- fontsource-blinker/4.5.9/latin-800.css.br
- fontsource-blinker/4.5.9/latin-800.css.gz
- fontsource-blinker/4.5.9/latin-800.min.css.br
- fontsource-blinker/4.5.9/latin-800.min.css.gz
- fontsource-blinker/4.5.9/latin-900.css.br
- fontsource-blinker/4.5.9/latin-900.css.gz
- fontsource-blinker/4.5.9/latin-900.min.css.br
- fontsource-blinker/4.5.9/latin-900.min.css.gz
- fontsource-blinker/4.5.9/latin-ext-100.css.br
- fontsource-blinker/4.5.9/latin-ext-100.css.gz
- fontsource-blinker/4.5.9/latin-ext-100.min.css.br
- fontsource-blinker/4.5.9/latin-ext-100.min.css.gz
- fontsource-blinker/4.5.9/latin-ext-200.css.br
- fontsource-blinker/4.5.9/latin-ext-200.css.gz
- fontsource-blinker/4.5.9/latin-ext-200.min.css.br
- fontsource-blinker/4.5.9/latin-ext-200.min.css.gz
- fontsource-blinker/4.5.9/latin-ext-300.css.br
- fontsource-blinker/4.5.9/latin-ext-300.css.gz
- fontsource-blinker/4.5.9/latin-ext-300.min.css.br
- fontsource-blinker/4.5.9/latin-ext-300.min.css.gz
- fontsource-blinker/4.5.9/latin-ext-400.css.br
- fontsource-blinker/4.5.9/latin-ext-400.css.gz
- fontsource-blinker/4.5.9/latin-ext-400.min.css.br
- fontsource-blinker/4.5.9/latin-ext-400.min.css.gz
- fontsource-blinker/4.5.9/latin-ext-600.css.br
- fontsource-blinker/4.5.9/latin-ext-600.css.gz
- fontsource-blinker/4.5.9/latin-ext-600.min.css.br
- fontsource-blinker/4.5.9/latin-ext-600.min.css.gz
- fontsource-blinker/4.5.9/latin-ext-700.css.br
- fontsource-blinker/4.5.9/latin-ext-700.css.gz
- fontsource-blinker/4.5.9/latin-ext-700.min.css.br
- fontsource-blinker/4.5.9/latin-ext-700.min.css.gz
- fontsource-blinker/4.5.9/latin-ext-800.css.br
- fontsource-blinker/4.5.9/latin-ext-800.css.gz
- fontsource-blinker/4.5.9/latin-ext-800.min.css.br
- fontsource-blinker/4.5.9/latin-ext-800.min.css.gz
- fontsource-blinker/4.5.9/latin-ext-900.css.br
- fontsource-blinker/4.5.9/latin-ext-900.css.gz
- fontsource-blinker/4.5.9/latin-ext-900.min.css.br
- fontsource-blinker/4.5.9/latin-ext-900.min.css.gz
- fontsource-blinker/4.5.9/latin-ext.css.br
- fontsource-blinker/4.5.9/latin-ext.css.gz
- fontsource-blinker/4.5.9/latin-ext.min.css.br
- fontsource-blinker/4.5.9/latin-ext.min.css.gz
- fontsource-blinker/4.5.9/latin.css.br
- fontsource-blinker/4.5.9/latin.css.gz
- fontsource-blinker/4.5.9/latin.min.css.br
- fontsource-blinker/4.5.9/latin.min.css.gz
