Files:
- fontsource-tiro-bangla/4.5.5/400-italic.css.br
- fontsource-tiro-bangla/4.5.5/400-italic.css.gz
- fontsource-tiro-bangla/4.5.5/400-italic.min.css.br
- fontsource-tiro-bangla/4.5.5/400-italic.min.css.gz
- fontsource-tiro-bangla/4.5.5/400.css.br
- fontsource-tiro-bangla/4.5.5/400.css.gz
- fontsource-tiro-bangla/4.5.5/400.min.css.br
- fontsource-tiro-bangla/4.5.5/400.min.css.gz
- fontsource-tiro-bangla/4.5.5/bengali-400-italic.css.br
- fontsource-tiro-bangla/4.5.5/bengali-400-italic.css.gz
- fontsource-tiro-bangla/4.5.5/bengali-400-italic.min.css.br
- fontsource-tiro-bangla/4.5.5/bengali-400-italic.min.css.gz
- fontsource-tiro-bangla/4.5.5/bengali-400.css.br
- fontsource-tiro-bangla/4.5.5/bengali-400.css.gz
- fontsource-tiro-bangla/4.5.5/bengali-400.min.css.br
- fontsource-tiro-bangla/4.5.5/bengali-400.min.css.gz
- fontsource-tiro-bangla/4.5.5/bengali.css.br
- fontsource-tiro-bangla/4.5.5/bengali.css.gz
- fontsource-tiro-bangla/4.5.5/bengali.min.css.br
- fontsource-tiro-bangla/4.5.5/bengali.min.css.gz
- fontsource-tiro-bangla/4.5.5/files/tiro-bangla-all-400-italic.woff.br
- fontsource-tiro-bangla/4.5.5/files/tiro-bangla-all-400-italic.woff.gz
- fontsource-tiro-bangla/4.5.5/files/tiro-bangla-all-400-normal.woff.br
- fontsource-tiro-bangla/4.5.5/files/tiro-bangla-all-400-normal.woff.gz
- fontsource-tiro-bangla/4.5.5/files/tiro-bangla-bengali-400-italic.woff.br
- fontsource-tiro-bangla/4.5.5/files/tiro-bangla-bengali-400-italic.woff.gz
- fontsource-tiro-bangla/4.5.5/files/tiro-bangla-bengali-400-italic.woff2
- fontsource-tiro-bangla/4.5.5/files/tiro-bangla-bengali-400-normal.woff.br
- fontsource-tiro-bangla/4.5.5/files/tiro-bangla-bengali-400-normal.woff.gz
- fontsource-tiro-bangla/4.5.5/files/tiro-bangla-bengali-400-normal.woff2
- fontsource-tiro-bangla/4.5.5/files/tiro-bangla-latin-400-italic.woff.br
- fontsource-tiro-bangla/4.5.5/files/tiro-bangla-latin-400-italic.woff.gz
- fontsource-tiro-bangla/4.5.5/files/tiro-bangla-latin-400-italic.woff2
- fontsource-tiro-bangla/4.5.5/files/tiro-bangla-latin-400-normal.woff.br
- fontsource-tiro-bangla/4.5.5/files/tiro-bangla-latin-400-normal.woff.gz
- fontsource-tiro-bangla/4.5.5/files/tiro-bangla-latin-400-normal.woff2
- fontsource-tiro-bangla/4.5.5/files/tiro-bangla-latin-ext-400-italic.woff.br
- fontsource-tiro-bangla/4.5.5/files/tiro-bangla-latin-ext-400-italic.woff.gz
- fontsource-tiro-bangla/4.5.5/files/tiro-bangla-latin-ext-400-italic.woff2
- fontsource-tiro-bangla/4.5.5/files/tiro-bangla-latin-ext-400-normal.woff.br
- fontsource-tiro-bangla/4.5.5/files/tiro-bangla-latin-ext-400-normal.woff.gz
- fontsource-tiro-bangla/4.5.5/files/tiro-bangla-latin-ext-400-normal.woff2
- fontsource-tiro-bangla/4.5.5/index.css.br
- fontsource-tiro-bangla/4.5.5/index.css.gz
- fontsource-tiro-bangla/4.5.5/index.min.css.br
- fontsource-tiro-bangla/4.5.5/index.min.css.gz
- fontsource-tiro-bangla/4.5.5/latin-400-italic.css.br
- fontsource-tiro-bangla/4.5.5/latin-400-italic.css.gz
- fontsource-tiro-bangla/4.5.5/latin-400-italic.min.css.br
- fontsource-tiro-bangla/4.5.5/latin-400-italic.min.css.gz
- fontsource-tiro-bangla/4.5.5/latin-400.css.br
- fontsource-tiro-bangla/4.5.5/latin-400.css.gz
- fontsource-tiro-bangla/4.5.5/latin-400.min.css.br
- fontsource-tiro-bangla/4.5.5/latin-400.min.css.gz
- fontsource-tiro-bangla/4.5.5/latin-ext-400-italic.css.br
- fontsource-tiro-bangla/4.5.5/latin-ext-400-italic.css.gz
- fontsource-tiro-bangla/4.5.5/latin-ext-400-italic.min.css.br
- fontsource-tiro-bangla/4.5.5/latin-ext-400-italic.min.css.gz
- fontsource-tiro-bangla/4.5.5/latin-ext-400.css.br
- fontsource-tiro-bangla/4.5.5/latin-ext-400.css.gz
- fontsource-tiro-bangla/4.5.5/latin-ext-400.min.css.br
- fontsource-tiro-bangla/4.5.5/latin-ext-400.min.css.gz
- fontsource-tiro-bangla/4.5.5/latin-ext.css.br
- fontsource-tiro-bangla/4.5.5/latin-ext.css.gz
- fontsource-tiro-bangla/4.5.5/latin-ext.min.css.br
- fontsource-tiro-bangla/4.5.5/latin-ext.min.css.gz
- fontsource-tiro-bangla/4.5.5/latin.css.br
- fontsource-tiro-bangla/4.5.5/latin.css.gz
- fontsource-tiro-bangla/4.5.5/latin.min.css.br
- fontsource-tiro-bangla/4.5.5/latin.min.css.gz
