config: {"authors":[{"name":"Johan Sörlin","email":"spocke@moxiecode.com"}],"autoupdate":{"source":"npm","target":"tinymce","fileMap":[{"basePath":"","files":["**/*.min.+(css|js|map)","skins/lightgray/img/*","skins/lightgray/fonts/*","plugins/**/plugin.js","plugins/**/i18n/**/*.js","plugins/**/*.!(js)"]}]},"description":"TinyMCE rich text editor","filename":"tinymce.min.js","homepage":"http://www.tinymce.com","keywords":["tinymce","editor","wysiwyg"],"license":"LGPL-2.0","name":"tinymce","repository":{"type":"git","url":"https://github.com/tinymce/tinymce.git"},"author":"Johan Sörlin \u003cspocke@moxiecode.com\u003e"}
KV keys:
- tinymce/6.8.4/icons/default/icons.min.js.br
- tinymce/6.8.4/icons/default/icons.min.js.gz
- tinymce/6.8.4/models/dom/model.min.js.br
- tinymce/6.8.4/models/dom/model.min.js.gz
- tinymce/6.8.4/plugins/accordion/plugin.js.br
- tinymce/6.8.4/plugins/accordion/plugin.js.gz
- tinymce/6.8.4/plugins/accordion/plugin.min.js.br
- tinymce/6.8.4/plugins/accordion/plugin.min.js.gz
- tinymce/6.8.4/plugins/advlist/plugin.js.br
- tinymce/6.8.4/plugins/advlist/plugin.js.gz
- tinymce/6.8.4/plugins/advlist/plugin.min.js.br
- tinymce/6.8.4/plugins/advlist/plugin.min.js.gz
- tinymce/6.8.4/plugins/anchor/plugin.js.br
- tinymce/6.8.4/plugins/anchor/plugin.js.gz
- tinymce/6.8.4/plugins/anchor/plugin.min.js.br
- tinymce/6.8.4/plugins/anchor/plugin.min.js.gz
- tinymce/6.8.4/plugins/autolink/plugin.js.br
- tinymce/6.8.4/plugins/autolink/plugin.js.gz
- tinymce/6.8.4/plugins/autolink/plugin.min.js.br
- tinymce/6.8.4/plugins/autolink/plugin.min.js.gz
- tinymce/6.8.4/plugins/autoresize/plugin.js.br
- tinymce/6.8.4/plugins/autoresize/plugin.js.gz
- tinymce/6.8.4/plugins/autoresize/plugin.min.js.br
- tinymce/6.8.4/plugins/autoresize/plugin.min.js.gz
- tinymce/6.8.4/plugins/autosave/plugin.js.br
- tinymce/6.8.4/plugins/autosave/plugin.js.gz
- tinymce/6.8.4/plugins/autosave/plugin.min.js.br
- tinymce/6.8.4/plugins/autosave/plugin.min.js.gz
- tinymce/6.8.4/plugins/charmap/plugin.js.br
- tinymce/6.8.4/plugins/charmap/plugin.js.gz
- tinymce/6.8.4/plugins/charmap/plugin.min.js.br
- tinymce/6.8.4/plugins/charmap/plugin.min.js.gz
- tinymce/6.8.4/plugins/code/plugin.js.br
- tinymce/6.8.4/plugins/code/plugin.js.gz
- tinymce/6.8.4/plugins/code/plugin.min.js.br
- tinymce/6.8.4/plugins/code/plugin.min.js.gz
- tinymce/6.8.4/plugins/codesample/plugin.js.br
- tinymce/6.8.4/plugins/codesample/plugin.js.gz
- tinymce/6.8.4/plugins/codesample/plugin.min.js.br
- tinymce/6.8.4/plugins/codesample/plugin.min.js.gz
- tinymce/6.8.4/plugins/directionality/plugin.js.br
- tinymce/6.8.4/plugins/directionality/plugin.js.gz
- tinymce/6.8.4/plugins/directionality/plugin.min.js.br
- tinymce/6.8.4/plugins/directionality/plugin.min.js.gz
- tinymce/6.8.4/plugins/emoticons/js/emojiimages.min.js.br
- tinymce/6.8.4/plugins/emoticons/js/emojiimages.min.js.gz
- tinymce/6.8.4/plugins/emoticons/js/emojis.min.js.br
- tinymce/6.8.4/plugins/emoticons/js/emojis.min.js.gz
- tinymce/6.8.4/plugins/emoticons/plugin.js.br
- tinymce/6.8.4/plugins/emoticons/plugin.js.gz
- tinymce/6.8.4/plugins/emoticons/plugin.min.js.br
- tinymce/6.8.4/plugins/emoticons/plugin.min.js.gz
- tinymce/6.8.4/plugins/fullscreen/plugin.js.br
- tinymce/6.8.4/plugins/fullscreen/plugin.js.gz
- tinymce/6.8.4/plugins/fullscreen/plugin.min.js.br
- tinymce/6.8.4/plugins/fullscreen/plugin.min.js.gz
- tinymce/6.8.4/plugins/help/js/i18n/keynav/ar.js.br
- tinymce/6.8.4/plugins/help/js/i18n/keynav/ar.js.gz
- tinymce/6.8.4/plugins/help/js/i18n/keynav/ar.min.js.br
- tinymce/6.8.4/plugins/help/js/i18n/keynav/ar.min.js.gz
- tinymce/6.8.4/plugins/help/js/i18n/keynav/bg_BG.js.br
- tinymce/6.8.4/plugins/help/js/i18n/keynav/bg_BG.js.gz
- tinymce/6.8.4/plugins/help/js/i18n/keynav/bg_BG.min.js.br
- tinymce/6.8.4/plugins/help/js/i18n/keynav/bg_BG.min.js.gz
- tinymce/6.8.4/plugins/help/js/i18n/keynav/ca.js.br
- tinymce/6.8.4/plugins/help/js/i18n/keynav/ca.js.gz
- tinymce/6.8.4/plugins/help/js/i18n/keynav/ca.min.js.br
- tinymce/6.8.4/plugins/help/js/i18n/keynav/ca.min.js.gz
- tinymce/6.8.4/plugins/help/js/i18n/keynav/cs.js.br
- tinymce/6.8.4/plugins/help/js/i18n/keynav/cs.js.gz
- tinymce/6.8.4/plugins/help/js/i18n/keynav/cs.min.js.br
- tinymce/6.8.4/plugins/help/js/i18n/keynav/cs.min.js.gz
- tinymce/6.8.4/plugins/help/js/i18n/keynav/da.js.br
- tinymce/6.8.4/plugins/help/js/i18n/keynav/da.js.gz
- tinymce/6.8.4/plugins/help/js/i18n/keynav/da.min.js.br
- tinymce/6.8.4/plugins/help/js/i18n/keynav/da.min.js.gz
- tinymce/6.8.4/plugins/help/js/i18n/keynav/de.js.br
- tinymce/6.8.4/plugins/help/js/i18n/keynav/de.js.gz
- tinymce/6.8.4/plugins/help/js/i18n/keynav/de.min.js.br
- tinymce/6.8.4/plugins/help/js/i18n/keynav/de.min.js.gz
- tinymce/6.8.4/plugins/help/js/i18n/keynav/el.js.br
- tinymce/6.8.4/plugins/help/js/i18n/keynav/el.js.gz
- tinymce/6.8.4/plugins/help/js/i18n/keynav/el.min.js.br
- tinymce/6.8.4/plugins/help/js/i18n/keynav/el.min.js.gz
- tinymce/6.8.4/plugins/help/js/i18n/keynav/en.js.br
- tinymce/6.8.4/plugins/help/js/i18n/keynav/en.js.gz
- tinymce/6.8.4/plugins/help/js/i18n/keynav/en.min.js.br
- tinymce/6.8.4/plugins/help/js/i18n/keynav/en.min.js.gz
- tinymce/6.8.4/plugins/help/js/i18n/keynav/es.js.br
- tinymce/6.8.4/plugins/help/js/i18n/keynav/es.js.gz
- tinymce/6.8.4/plugins/help/js/i18n/keynav/es.min.js.br
- tinymce/6.8.4/plugins/help/js/i18n/keynav/es.min.js.gz
- tinymce/6.8.4/plugins/help/js/i18n/keynav/eu.js.br
- tinymce/6.8.4/plugins/help/js/i18n/keynav/eu.js.gz
- tinymce/6.8.4/plugins/help/js/i18n/keynav/eu.min.js.br
- tinymce/6.8.4/plugins/help/js/i18n/keynav/eu.min.js.gz
- tinymce/6.8.4/plugins/help/js/i18n/keynav/fa.js.br
- tinymce/6.8.4/plugins/help/js/i18n/keynav/fa.js.gz
- tinymce/6.8.4/plugins/help/js/i18n/keynav/fa.min.js.br
- tinymce/6.8.4/plugins/help/js/i18n/keynav/fa.min.js.gz
- tinymce/6.8.4/plugins/help/js/i18n/keynav/fi.js.br
- tinymce/6.8.4/plugins/help/js/i18n/keynav/fi.js.gz
- tinymce/6.8.4/plugins/help/js/i18n/keynav/fi.min.js.br
- tinymce/6.8.4/plugins/help/js/i18n/keynav/fi.min.js.gz
- tinymce/6.8.4/plugins/help/js/i18n/keynav/fr_FR.js.br
- tinymce/6.8.4/plugins/help/js/i18n/keynav/fr_FR.js.gz
- tinymce/6.8.4/plugins/help/js/i18n/keynav/fr_FR.min.js.br
- tinymce/6.8.4/plugins/help/js/i18n/keynav/fr_FR.min.js.gz
- tinymce/6.8.4/plugins/help/js/i18n/keynav/he_IL.js.br
- tinymce/6.8.4/plugins/help/js/i18n/keynav/he_IL.js.gz
- tinymce/6.8.4/plugins/help/js/i18n/keynav/he_IL.min.js.br
- tinymce/6.8.4/plugins/help/js/i18n/keynav/he_IL.min.js.gz
- tinymce/6.8.4/plugins/help/js/i18n/keynav/hi.js.br
- tinymce/6.8.4/plugins/help/js/i18n/keynav/hi.js.gz
- tinymce/6.8.4/plugins/help/js/i18n/keynav/hi.min.js.br
- tinymce/6.8.4/plugins/help/js/i18n/keynav/hi.min.js.gz
- tinymce/6.8.4/plugins/help/js/i18n/keynav/hr.js.br
- tinymce/6.8.4/plugins/help/js/i18n/keynav/hr.js.gz
- tinymce/6.8.4/plugins/help/js/i18n/keynav/hr.min.js.br
- tinymce/6.8.4/plugins/help/js/i18n/keynav/hr.min.js.gz
- tinymce/6.8.4/plugins/help/js/i18n/keynav/hu_HU.js.br
- tinymce/6.8.4/plugins/help/js/i18n/keynav/hu_HU.js.gz
- tinymce/6.8.4/plugins/help/js/i18n/keynav/hu_HU.min.js.br
- tinymce/6.8.4/plugins/help/js/i18n/keynav/hu_HU.min.js.gz
- tinymce/6.8.4/plugins/help/js/i18n/keynav/id.js.br
- tinymce/6.8.4/plugins/help/js/i18n/keynav/id.js.gz
- tinymce/6.8.4/plugins/help/js/i18n/keynav/id.min.js.br
- tinymce/6.8.4/plugins/help/js/i18n/keynav/id.min.js.gz
- tinymce/6.8.4/plugins/help/js/i18n/keynav/it.js.br
- tinymce/6.8.4/plugins/help/js/i18n/keynav/it.js.gz
- tinymce/6.8.4/plugins/help/js/i18n/keynav/it.min.js.br
- tinymce/6.8.4/plugins/help/js/i18n/keynav/it.min.js.gz
- tinymce/6.8.4/plugins/help/js/i18n/keynav/ja.js.br
- tinymce/6.8.4/plugins/help/js/i18n/keynav/ja.js.gz
- tinymce/6.8.4/plugins/help/js/i18n/keynav/ja.min.js.br
- tinymce/6.8.4/plugins/help/js/i18n/keynav/ja.min.js.gz
- tinymce/6.8.4/plugins/help/js/i18n/keynav/kk.js.br
- tinymce/6.8.4/plugins/help/js/i18n/keynav/kk.js.gz
- tinymce/6.8.4/plugins/help/js/i18n/keynav/kk.min.js.br
- tinymce/6.8.4/plugins/help/js/i18n/keynav/kk.min.js.gz
- tinymce/6.8.4/plugins/help/js/i18n/keynav/ko_KR.js.br
- tinymce/6.8.4/plugins/help/js/i18n/keynav/ko_KR.js.gz
- tinymce/6.8.4/plugins/help/js/i18n/keynav/ko_KR.min.js.br
- tinymce/6.8.4/plugins/help/js/i18n/keynav/ko_KR.min.js.gz
- tinymce/6.8.4/plugins/help/js/i18n/keynav/ms.js.br
- tinymce/6.8.4/plugins/help/js/i18n/keynav/ms.js.gz
- tinymce/6.8.4/plugins/help/js/i18n/keynav/ms.min.js.br
- tinymce/6.8.4/plugins/help/js/i18n/keynav/ms.min.js.gz
- tinymce/6.8.4/plugins/help/js/i18n/keynav/nb_NO.js.br
- tinymce/6.8.4/plugins/help/js/i18n/keynav/nb_NO.js.gz
- tinymce/6.8.4/plugins/help/js/i18n/keynav/nb_NO.min.js.br
- tinymce/6.8.4/plugins/help/js/i18n/keynav/nb_NO.min.js.gz
- tinymce/6.8.4/plugins/help/js/i18n/keynav/nl.js.br
- tinymce/6.8.4/plugins/help/js/i18n/keynav/nl.js.gz
- tinymce/6.8.4/plugins/help/js/i18n/keynav/nl.min.js.br
- tinymce/6.8.4/plugins/help/js/i18n/keynav/nl.min.js.gz
- tinymce/6.8.4/plugins/help/js/i18n/keynav/pl.js.br
- tinymce/6.8.4/plugins/help/js/i18n/keynav/pl.js.gz
- tinymce/6.8.4/plugins/help/js/i18n/keynav/pl.min.js.br
- tinymce/6.8.4/plugins/help/js/i18n/keynav/pl.min.js.gz
- tinymce/6.8.4/plugins/help/js/i18n/keynav/pt_BR.js.br
- tinymce/6.8.4/plugins/help/js/i18n/keynav/pt_BR.js.gz
- tinymce/6.8.4/plugins/help/js/i18n/keynav/pt_BR.min.js.br
- tinymce/6.8.4/plugins/help/js/i18n/keynav/pt_BR.min.js.gz
- tinymce/6.8.4/plugins/help/js/i18n/keynav/pt_PT.js.br
- tinymce/6.8.4/plugins/help/js/i18n/keynav/pt_PT.js.gz
- tinymce/6.8.4/plugins/help/js/i18n/keynav/pt_PT.min.js.br
- tinymce/6.8.4/plugins/help/js/i18n/keynav/pt_PT.min.js.gz
- tinymce/6.8.4/plugins/help/js/i18n/keynav/ro.js.br
- tinymce/6.8.4/plugins/help/js/i18n/keynav/ro.js.gz
- tinymce/6.8.4/plugins/help/js/i18n/keynav/ro.min.js.br
- tinymce/6.8.4/plugins/help/js/i18n/keynav/ro.min.js.gz
- tinymce/6.8.4/plugins/help/js/i18n/keynav/ru.js.br
- tinymce/6.8.4/plugins/help/js/i18n/keynav/ru.js.gz
- tinymce/6.8.4/plugins/help/js/i18n/keynav/ru.min.js.br
- tinymce/6.8.4/plugins/help/js/i18n/keynav/ru.min.js.gz
- tinymce/6.8.4/plugins/help/js/i18n/keynav/sk.js.br
- tinymce/6.8.4/plugins/help/js/i18n/keynav/sk.js.gz
- tinymce/6.8.4/plugins/help/js/i18n/keynav/sk.min.js.br
- tinymce/6.8.4/plugins/help/js/i18n/keynav/sk.min.js.gz
- tinymce/6.8.4/plugins/help/js/i18n/keynav/sl_SI.js.br
- tinymce/6.8.4/plugins/help/js/i18n/keynav/sl_SI.js.gz
- tinymce/6.8.4/plugins/help/js/i18n/keynav/sl_SI.min.js.br
- tinymce/6.8.4/plugins/help/js/i18n/keynav/sl_SI.min.js.gz
- tinymce/6.8.4/plugins/help/js/i18n/keynav/sv_SE.js.br
- tinymce/6.8.4/plugins/help/js/i18n/keynav/sv_SE.js.gz
- tinymce/6.8.4/plugins/help/js/i18n/keynav/sv_SE.min.js.br
- tinymce/6.8.4/plugins/help/js/i18n/keynav/sv_SE.min.js.gz
- tinymce/6.8.4/plugins/help/js/i18n/keynav/th_TH.js.br
- tinymce/6.8.4/plugins/help/js/i18n/keynav/th_TH.js.gz
- tinymce/6.8.4/plugins/help/js/i18n/keynav/th_TH.min.js.br
- tinymce/6.8.4/plugins/help/js/i18n/keynav/th_TH.min.js.gz
- tinymce/6.8.4/plugins/help/js/i18n/keynav/tr.js.br
- tinymce/6.8.4/plugins/help/js/i18n/keynav/tr.js.gz
- tinymce/6.8.4/plugins/help/js/i18n/keynav/tr.min.js.br
- tinymce/6.8.4/plugins/help/js/i18n/keynav/tr.min.js.gz
- tinymce/6.8.4/plugins/help/js/i18n/keynav/uk.js.br
- tinymce/6.8.4/plugins/help/js/i18n/keynav/uk.js.gz
- tinymce/6.8.4/plugins/help/js/i18n/keynav/uk.min.js.br
- tinymce/6.8.4/plugins/help/js/i18n/keynav/uk.min.js.gz
- tinymce/6.8.4/plugins/help/js/i18n/keynav/vi.js.br
- tinymce/6.8.4/plugins/help/js/i18n/keynav/vi.js.gz
- tinymce/6.8.4/plugins/help/js/i18n/keynav/vi.min.js.br
- tinymce/6.8.4/plugins/help/js/i18n/keynav/vi.min.js.gz
- tinymce/6.8.4/plugins/help/js/i18n/keynav/zh_CN.js.br
- tinymce/6.8.4/plugins/help/js/i18n/keynav/zh_CN.js.gz
- tinymce/6.8.4/plugins/help/js/i18n/keynav/zh_CN.min.js.br
- tinymce/6.8.4/plugins/help/js/i18n/keynav/zh_CN.min.js.gz
- tinymce/6.8.4/plugins/help/js/i18n/keynav/zh_TW.js.br
- tinymce/6.8.4/plugins/help/js/i18n/keynav/zh_TW.js.gz
- tinymce/6.8.4/plugins/help/js/i18n/keynav/zh_TW.min.js.br
- tinymce/6.8.4/plugins/help/js/i18n/keynav/zh_TW.min.js.gz
- tinymce/6.8.4/plugins/help/plugin.js.br
- tinymce/6.8.4/plugins/help/plugin.js.gz
- tinymce/6.8.4/plugins/help/plugin.min.js.br
- tinymce/6.8.4/plugins/help/plugin.min.js.gz
- tinymce/6.8.4/plugins/image/plugin.js.br
- tinymce/6.8.4/plugins/image/plugin.js.gz
- tinymce/6.8.4/plugins/image/plugin.min.js.br
- tinymce/6.8.4/plugins/image/plugin.min.js.gz
- tinymce/6.8.4/plugins/importcss/plugin.js.br
- tinymce/6.8.4/plugins/importcss/plugin.js.gz
- tinymce/6.8.4/plugins/importcss/plugin.min.js.br
- tinymce/6.8.4/plugins/importcss/plugin.min.js.gz
- tinymce/6.8.4/plugins/insertdatetime/plugin.js.br
- tinymce/6.8.4/plugins/insertdatetime/plugin.js.gz
- tinymce/6.8.4/plugins/insertdatetime/plugin.min.js.br
- tinymce/6.8.4/plugins/insertdatetime/plugin.min.js.gz
- tinymce/6.8.4/plugins/link/plugin.js.br
- tinymce/6.8.4/plugins/link/plugin.js.gz
- tinymce/6.8.4/plugins/link/plugin.min.js.br
- tinymce/6.8.4/plugins/link/plugin.min.js.gz
- tinymce/6.8.4/plugins/lists/plugin.js.br
- tinymce/6.8.4/plugins/lists/plugin.js.gz
- tinymce/6.8.4/plugins/lists/plugin.min.js.br
- tinymce/6.8.4/plugins/lists/plugin.min.js.gz
- tinymce/6.8.4/plugins/media/plugin.js.br
- tinymce/6.8.4/plugins/media/plugin.js.gz
- tinymce/6.8.4/plugins/media/plugin.min.js.br
- tinymce/6.8.4/plugins/media/plugin.min.js.gz
- tinymce/6.8.4/plugins/nonbreaking/plugin.js.br
- tinymce/6.8.4/plugins/nonbreaking/plugin.js.gz
- tinymce/6.8.4/plugins/nonbreaking/plugin.min.js.br
- tinymce/6.8.4/plugins/nonbreaking/plugin.min.js.gz
- tinymce/6.8.4/plugins/pagebreak/plugin.js.br
- tinymce/6.8.4/plugins/pagebreak/plugin.js.gz
- tinymce/6.8.4/plugins/pagebreak/plugin.min.js.br
- tinymce/6.8.4/plugins/pagebreak/plugin.min.js.gz
- tinymce/6.8.4/plugins/preview/plugin.js.br
- tinymce/6.8.4/plugins/preview/plugin.js.gz
- tinymce/6.8.4/plugins/preview/plugin.min.js.br
- tinymce/6.8.4/plugins/preview/plugin.min.js.gz
- tinymce/6.8.4/plugins/quickbars/plugin.js.br
- tinymce/6.8.4/plugins/quickbars/plugin.js.gz
- tinymce/6.8.4/plugins/quickbars/plugin.min.js.br
- tinymce/6.8.4/plugins/quickbars/plugin.min.js.gz
- tinymce/6.8.4/plugins/save/plugin.js.br
- tinymce/6.8.4/plugins/save/plugin.js.gz
- tinymce/6.8.4/plugins/save/plugin.min.js.br
- tinymce/6.8.4/plugins/save/plugin.min.js.gz
- tinymce/6.8.4/plugins/searchreplace/plugin.js.br
- tinymce/6.8.4/plugins/searchreplace/plugin.js.gz
- tinymce/6.8.4/plugins/searchreplace/plugin.min.js.br
- tinymce/6.8.4/plugins/searchreplace/plugin.min.js.gz
- tinymce/6.8.4/plugins/table/plugin.js.br
- tinymce/6.8.4/plugins/table/plugin.js.gz
- tinymce/6.8.4/plugins/table/plugin.min.js.br
- tinymce/6.8.4/plugins/table/plugin.min.js.gz
- tinymce/6.8.4/plugins/template/plugin.js.br
- tinymce/6.8.4/plugins/template/plugin.js.gz
- tinymce/6.8.4/plugins/template/plugin.min.js.br
- tinymce/6.8.4/plugins/template/plugin.min.js.gz
- tinymce/6.8.4/plugins/visualblocks/plugin.js.br
- tinymce/6.8.4/plugins/visualblocks/plugin.js.gz
- tinymce/6.8.4/plugins/visualblocks/plugin.min.js.br
- tinymce/6.8.4/plugins/visualblocks/plugin.min.js.gz
- tinymce/6.8.4/plugins/visualchars/plugin.js.br
- tinymce/6.8.4/plugins/visualchars/plugin.js.gz
- tinymce/6.8.4/plugins/visualchars/plugin.min.js.br
- tinymce/6.8.4/plugins/visualchars/plugin.min.js.gz
- tinymce/6.8.4/plugins/wordcount/plugin.js.br
- tinymce/6.8.4/plugins/wordcount/plugin.js.gz
- tinymce/6.8.4/plugins/wordcount/plugin.min.js.br
- tinymce/6.8.4/plugins/wordcount/plugin.min.js.gz
- tinymce/6.8.4/skins/content/dark/content.min.css.br
- tinymce/6.8.4/skins/content/dark/content.min.css.gz
- tinymce/6.8.4/skins/content/default/content.min.css.br
- tinymce/6.8.4/skins/content/default/content.min.css.gz
- tinymce/6.8.4/skins/content/document/content.min.css.br
- tinymce/6.8.4/skins/content/document/content.min.css.gz
- tinymce/6.8.4/skins/content/tinymce-5/content.min.css.br
- tinymce/6.8.4/skins/content/tinymce-5/content.min.css.gz
- tinymce/6.8.4/skins/content/tinymce-5-dark/content.min.css.br
- tinymce/6.8.4/skins/content/tinymce-5-dark/content.min.css.gz
- tinymce/6.8.4/skins/content/writer/content.min.css.br
- tinymce/6.8.4/skins/content/writer/content.min.css.gz
- tinymce/6.8.4/skins/ui/oxide/content.inline.min.css.br
- tinymce/6.8.4/skins/ui/oxide/content.inline.min.css.gz
- tinymce/6.8.4/skins/ui/oxide/content.min.css.br
- tinymce/6.8.4/skins/ui/oxide/content.min.css.gz
- tinymce/6.8.4/skins/ui/oxide/skin.min.css.br
- tinymce/6.8.4/skins/ui/oxide/skin.min.css.gz
- tinymce/6.8.4/skins/ui/oxide/skin.shadowdom.min.css.br
- tinymce/6.8.4/skins/ui/oxide/skin.shadowdom.min.css.gz
- tinymce/6.8.4/skins/ui/oxide-dark/content.inline.min.css.br
- tinymce/6.8.4/skins/ui/oxide-dark/content.inline.min.css.gz
- tinymce/6.8.4/skins/ui/oxide-dark/content.min.css.br
- tinymce/6.8.4/skins/ui/oxide-dark/content.min.css.gz
- tinymce/6.8.4/skins/ui/oxide-dark/skin.min.css.br
- tinymce/6.8.4/skins/ui/oxide-dark/skin.min.css.gz
- tinymce/6.8.4/skins/ui/oxide-dark/skin.shadowdom.min.css.br
- tinymce/6.8.4/skins/ui/oxide-dark/skin.shadowdom.min.css.gz
- tinymce/6.8.4/skins/ui/tinymce-5/content.inline.min.css.br
- tinymce/6.8.4/skins/ui/tinymce-5/content.inline.min.css.gz
- tinymce/6.8.4/skins/ui/tinymce-5/content.min.css.br
- tinymce/6.8.4/skins/ui/tinymce-5/content.min.css.gz
- tinymce/6.8.4/skins/ui/tinymce-5/skin.min.css.br
- tinymce/6.8.4/skins/ui/tinymce-5/skin.min.css.gz
- tinymce/6.8.4/skins/ui/tinymce-5/skin.shadowdom.min.css.br
- tinymce/6.8.4/skins/ui/tinymce-5/skin.shadowdom.min.css.gz
- tinymce/6.8.4/skins/ui/tinymce-5-dark/content.inline.min.css.br
- tinymce/6.8.4/skins/ui/tinymce-5-dark/content.inline.min.css.gz
- tinymce/6.8.4/skins/ui/tinymce-5-dark/content.min.css.br
- tinymce/6.8.4/skins/ui/tinymce-5-dark/content.min.css.gz
- tinymce/6.8.4/skins/ui/tinymce-5-dark/skin.min.css.br
- tinymce/6.8.4/skins/ui/tinymce-5-dark/skin.min.css.gz
- tinymce/6.8.4/skins/ui/tinymce-5-dark/skin.shadowdom.min.css.br
- tinymce/6.8.4/skins/ui/tinymce-5-dark/skin.shadowdom.min.css.gz
- tinymce/6.8.4/themes/silver/theme.min.js.br
- tinymce/6.8.4/themes/silver/theme.min.js.gz
- tinymce/6.8.4/tinymce.min.js.br
- tinymce/6.8.4/tinymce.min.js.gz
SRIs:
- tinymce/6.8.4/plugins/help/js/i18n/keynav/zh_TW.js: sha512-FaOoDlU7w+mZLNAt2U4XYHO02BSDJMiKlzJSbaBUkmDdw0t644qZr8kjrsw/NEQnE4/OpSr2JvLzssJvpTSoOQ==
- tinymce/6.8.4/plugins/table/plugin.min.js: sha512-84TIIghpgnhoKwhbcmY0Sh4JS0OdytUerYM2nQd18sFSOoebot/o8k6lEUvfHRyZ31PXmANvdYA+6E4VYoS3bA==
- tinymce/6.8.4/plugins/visualchars/plugin.js: sha512-eOB/jBqd5mmJ84J6RbSuSf1x19PoBPXT08+PK2RUAPJZKppueBw2kKawq4hhRUbUcnZD47+KOP+cvt+StnFanQ==
- tinymce/6.8.4/skins/content/default/content.min.css: sha512-AQlh8pNI8GdH0sbUsSACzz37sCq68PohXzXYt/YOJt581nIiqnMjF4YM9lp5YVBMLR90GzkJLQNQjcfLn2yhUA==
- tinymce/6.8.4/plugins/help/js/i18n/keynav/pl.min.js: sha512-CQizntCtFsWeF0VNdUcVSWbwtOizFyX46N5K6lIpzO/AtLhxqIMwDaDCM6EOpeD2B3CAqCvnPHKpDiRyEe/wDQ==
- tinymce/6.8.4/plugins/template/plugin.min.js: sha512-AhDl12XQqcwvPzgHtj3xsqz9MOOgNZplbUlvWWG22gMM30VGpv1W9xReFWtuzGzL8pWug9QZyOHiH/MqMLP72g==
- tinymce/6.8.4/skins/ui/oxide-dark/skin.min.css: sha512-tO61KbcWeecjMLyEzR4HcEEzxHgfzZ5jYpm39WUtSXTBxIwLNR2iBMbgpUWUXrp65egYQQ+aypEtLfNalIXBvQ==
- tinymce/6.8.4/plugins/help/js/i18n/keynav/th_TH.js: sha512-QNmWmXc290lNULo4s4621jfSgvZnfLiWPtedHbK5dNLthEF/8lkX6DAqesRo6QqtfaUBv4P20IUqLhn6X99baA==
- tinymce/6.8.4/plugins/emoticons/plugin.min.js: sha512-nt5DItdLlSziw7t9uWHZdTJfnSOP2Vd3kMXF/trSveNo4p8DdJtEcjPHeCDKmdPyGpA4tKssrJYlkmPUI4Sx0w==
- tinymce/6.8.4/plugins/help/js/i18n/keynav/ar.min.js: sha512-obHFifAlJLPq7GRaj1bHJ+ylP6i1I85vNYaxXRntyg/+OjSSToJBMHIczH2Vp/uajxnFq1oxpOaVIV7KYbFpHg==
- tinymce/6.8.4/plugins/help/js/i18n/keynav/bg_BG.min.js: sha512-FzhfFBtBSualR25+y8ccKw8SACMOlDrfOctZ01IYfvdGkk9mqzznXQEp+dqKdZMUKp1U99xAVzbdjPT8sdGavg==
- tinymce/6.8.4/plugins/help/js/i18n/keynav/nl.js: sha512-zWsspE+TgwLanZMLUyO7UxTJlLahdgvqSZTIQKlletTtb1yLtpN4xMK532gmMlu+ryJJClL4AYKwqShp+rHZJw==
- tinymce/6.8.4/plugins/help/js/i18n/keynav/sk.min.js: sha512-yUwD6XPplyKRxhuQz8MSIZOoNmA2peJYPtPdekoe4szWGBq+e39XKuFbTwN0yNnbMFOZOBAzlW707AFJI3lbkw==
- tinymce/6.8.4/plugins/help/js/i18n/keynav/sl_SI.min.js: sha512-1wPcdJ4A08viAqWwrhM3eGMO9EJ1P54fpBiorNK7ZO4Ts1nwWl/woS+ubvET03FFMNYOiIa0/wsWVQM04UiuLA==
- tinymce/6.8.4/plugins/help/js/i18n/keynav/sv_SE.js: sha512-FpsNxy6o3moCCAbeErvPNVN2l2Sl18kZRQ9DzRt9YktULMvOmrZ0mLd289rgqTP/S8JUBQDz92c5GtukXI4uLA==
- tinymce/6.8.4/plugins/preview/plugin.min.js: sha512-7zYBazxghbnrS/K0f7vVDZzteZjTHKq1y3Z0EUu1E6gMrlQgCXqlO0llyr1i0Vnh9kFUVrrwrv7T1oqYwp6azA==
- tinymce/6.8.4/plugins/template/plugin.js: sha512-LDw6f5lCK6YpmdPMeEgQTOZAtNDvNOQuLlBX30qGCSLtczhAjxY1HPkxKjsdB2XhT/6huOe0b5TJXZw7jJQhBg==
- tinymce/6.8.4/skins/ui/oxide-dark/content.min.css: sha512-61FnrIn16bCZ2LCCOkyNWBPNDwaiwNcFsSrlxa9dfC1IeZY8BFPYbc7i4JiOvLdj9YmfBiq8kQCA01ffekI7IA==
- tinymce/6.8.4/plugins/directionality/plugin.js: sha512-Q9BJ1I8qpPIWkq76hUVyJjUGTqS4+o56Tk6rZ4a/d8IOXNeqITrNJSUWv+S3G9BnxHfnfgjo0Jm4xWDur1CtDA==
- tinymce/6.8.4/plugins/help/js/i18n/keynav/ca.js: sha512-ki9UQytwwyqLtH23u85y4LV83dKrKSo8K9sWstHyK151JAG5kgCDMhrJUoktAGx09bPCFNbs/nC5EXa+Q1wMIg==
- tinymce/6.8.4/plugins/help/js/i18n/keynav/da.min.js: sha512-Xrt1zHLzogzTsf1jKze6xssvghkDLIEoZMOUcW6IgVvmRpEy+m0b3XYxiux44rcTnv9AViU6XBBWCpkoSBtEYQ==
- tinymce/6.8.4/plugins/help/js/i18n/keynav/id.min.js: sha512-MyONeL9h3h22veJiLNaDlAJtzWIsy6xz1cy1pMDTa0xXWPvYoJ1m2QB31d/lNhScwVOpl5+M5M/9Swy2wjSqcQ==
- tinymce/6.8.4/plugins/help/js/i18n/keynav/ms.js: sha512-fNBpZbGrW1oHwZA8Pmxi4wNoKlhr6eXaqNlgHr3by0OtV/ta1ZcxquEm+upPFNjmhrkBvMfZ7rDIENlV5sk0Bw==
- tinymce/6.8.4/plugins/image/plugin.js: sha512-RrHdzy4Pu6zfZso0lz+kb+n/o9ba57oMZ0tJ2jO7VPLoVwOYKUV81C2C58GpcqtbBhOJte3aO4UwDOhNc2R3vw==
- tinymce/6.8.4/plugins/help/js/i18n/keynav/da.js: sha512-x7pJ0DsFhrh4vrP/j8gBwUcUTN1VDPjjj41lVgYW8WGs7eu/42Ly2OF/BC0vHnav8rUsz9RN/qABrVyXVas5wg==
- tinymce/6.8.4/plugins/importcss/plugin.js: sha512-15emJR6cDamOgCBRimvm8o/CMJfQaeDlaorqNqm2UQpon/6RUZ1KUdF7XW+0S/n7may8igr5FZPmeMcZX3wS0w==
- tinymce/6.8.4/skins/content/document/content.min.css: sha512-XgWVJONuniV5EoczBRbcIKnLegianuqZXIEAyFfHgnNVQiOtrkGl6SdSgRxnAsWrVpJAAh6I+LZu5839xXE1Cg==
- tinymce/6.8.4/plugins/autosave/plugin.min.js: sha512-tiIQHCF4GNwPrZ9C7P6QmLCSl3pC/zaRDOs+zuFD0v2zQCPLojgmuPCXxBKIUf2w0DtmkLWb9v412e6/f1G65w==
- tinymce/6.8.4/plugins/help/js/i18n/keynav/fr_FR.js: sha512-RvT0rhXE6Nf3C/IPKsFdxei5W4vGuyqdcVMAOZ6VLxbzyjPu/Fjo0P1pey93g2Iz5BAykPQCuRW4JSXwqUaZ8g==
- tinymce/6.8.4/plugins/help/js/i18n/keynav/zh_CN.js: sha512-MfxGDLgaEiroqCTRP5rkiaLqcQh4PUzkfMQiNDBc2MxJi+7hkKWvAObEyer0EnjR6RSTQ6JIa/PldaaXwQrW1w==
- tinymce/6.8.4/plugins/help/js/i18n/keynav/zh_TW.min.js: sha512-s7KYrsNbDRprJm9wGyUwZj2dq+dpYj2oN6DY/sMyF7hpSXZ9MSQkA61zrqLJM9XW0dIvocWGo8iQekIZfzBFFQ==
- tinymce/6.8.4/plugins/emoticons/plugin.js: sha512-8itFRHAKhUE0F0OIh0t/iZmd4MC1kapP2mtaAucrMWyvI/dtmMTw00WgYVrnBDthanrcmQXxLUvhaAQ+oiD/BA==
- tinymce/6.8.4/plugins/help/js/i18n/keynav/fi.js: sha512-JHELDc6yrhkj42jxUx1f1LX96g20LdaQLaw3ulZxO0bWP3vgJvHP9UpuMk3BT/AuFWgOv0DoEWTpAQVq4WXwmA==
- tinymce/6.8.4/plugins/help/js/i18n/keynav/he_IL.js: sha512-+NQr7ZEuvMb44T5FYz5K6yJgpi0u9NQVJeZM9nR9sSKtt6hCuLofrB5UgTw2g/hb+cCXyESKU6KWzKTwMMHxiw==
- tinymce/6.8.4/plugins/help/js/i18n/keynav/tr.min.js: sha512-NQb4GK5IHZTJsLRuQo/HFQl5ttCw13IPeX8yO5LN0Das+1hB1gLtOs1Dbvt5bBh2kuYi+Sw7RVA3btiZWEV5bw==
- tinymce/6.8.4/plugins/help/plugin.js: sha512-yLG9ipseM29nfIaJhoo8LVXSZYAb91y5p3eu1d8Bdl/8wXLsQ/Ww7318JlLux5gcRiA0bqIDAYbP1efIXLGAnQ==
- tinymce/6.8.4/plugins/help/js/i18n/keynav/de.js: sha512-4E+ixBbpbaMHuD+nhVUsBeEnmaknNj/l+XoT5qFBUgDDyAscT6v/8WmFCiTWLOWgCGocGRNBHtSTC9I1qHj36g==
- tinymce/6.8.4/plugins/help/js/i18n/keynav/de.min.js: sha512-nb15BrZHnDWWDcE4OO93eelwcZmiV3aKPJKiQcClXX34vGrSg196EEI49JCZdQt7oU2TEfrq48bJ4RHZ28Jv5A==
- tinymce/6.8.4/plugins/lists/plugin.js: sha512-3uCaFC2/vLWfT4chGoFGZL8U16CR3G3q9fJfECOIN5l3zBDQN1VkdniPZU/AzEhxEl/MIKEnNQzo1/Ss5WDc0w==
- tinymce/6.8.4/plugins/nonbreaking/plugin.js: sha512-XPzKN5oe9lzGLzxXq9YRcIroW+dugrtD8ePLxO2jB/WX56alY3RYne9cozzl/GRd2NXboEyL+gYHwgl3Iui0hg==
- tinymce/6.8.4/plugins/pagebreak/plugin.min.js: sha512-JEaUePU+s6uddLNiWEm29EaUpN2tPz88ghF+DZ+jdV9cI6r9uEcbBxDdlJPT2Khc28acmfkgY3jxcdzl96dq5w==
- tinymce/6.8.4/plugins/charmap/plugin.min.js: sha512-53bBVTgx6GXf84QIWImmO0H0oMw0hGBtD4xxnWRQ03pGgaPtTKSDABMlPtQxOyFKnRzfzt0a9uAHCRK+O0Egiw==
- tinymce/6.8.4/plugins/help/js/i18n/keynav/nb_NO.js: sha512-T69cQFfzeNGCLPTOQBPkojNCpCMHlGzbcwOjT/M46Ss0nhfOA2+k1YnXEpISc3IFjRCYjESVwjSCdOq1dOVAnw==
- tinymce/6.8.4/plugins/visualchars/plugin.min.js: sha512-i1qVIdtaJDIxAMbt9x0CoCTreB0kHE6G5AWgp0IW7YQnoONEoPvOzb4bUJp8iZnjcz7VPUna/J0sVpdicNS9KA==
- tinymce/6.8.4/skins/ui/tinymce-5/content.inline.min.css: sha512-PoR3yaIT++pGKriX5Cg2IzGrRjrnSpieu2t9lAFdfqem++sc35LvVS6pPU7TL9gsZaPtB7nBGjoriPmPAyaxkw==
- tinymce/6.8.4/skins/ui/tinymce-5-dark/content.inline.min.css: sha512-PoR3yaIT++pGKriX5Cg2IzGrRjrnSpieu2t9lAFdfqem++sc35LvVS6pPU7TL9gsZaPtB7nBGjoriPmPAyaxkw==
- tinymce/6.8.4/plugins/help/js/i18n/keynav/ca.min.js: sha512-+e1U9mGUkO52detH7TY2SB3na+RlsUYSAKDII/ohE/q5FDJoOlf5p8H/bnIqAxjJ5ffiHf70I00sQHnmpQYSaQ==
- tinymce/6.8.4/plugins/help/js/i18n/keynav/cs.js: sha512-k+ydZt8oLUewpTgvYJkBCg6YD0VkSc1TiSJjL32V/0ItQL8EYO00BHB4T+Vnfr798Cwm+t2cECe43UcUDM1OVw==
- tinymce/6.8.4/plugins/help/js/i18n/keynav/fi.min.js: sha512-o6VVMFk1U/g/W9Po0tzry6Drr9r5kJ5kxSSRNEgx5wEBzXRDsHPAjujSMAFdVrJb912oKUVkJ9iSSMywOLi3FQ==
- tinymce/6.8.4/plugins/help/js/i18n/keynav/pt_BR.min.js: sha512-jgk2nptX1buLcC7DuH/1UVZdx9VOfjlZTqFGETdMP430QyOrVD2g3oJ404ZH/BA4YkgP3WzdsYXakUtOAjivXQ==
- tinymce/6.8.4/plugins/code/plugin.min.js: sha512-JE0GtVcB63ymSkMjgSU8TZ3C8FJ1YuS/uCEEm8oJ0dw//x1Vv/2h9kCJLpJmdPjqprgwSq5JHkB6MJ+AzVkeag==
- tinymce/6.8.4/plugins/directionality/plugin.min.js: sha512-mTx0P5JXFfSgj9xamg7TG9fgTCwx0icI2jDyYQBjPH5nOwsAIEucjVGUrYFaODSoE3Nr4roWzy9dAVU2Wy+Nhg==
- tinymce/6.8.4/plugins/help/js/i18n/keynav/he_IL.min.js: sha512-phkRc/ZauyNU4Csb71GP/48E1JFK3lbg5gKbYFSssi9M8KVnB+yzG5vYB2/hi7A4ba9OMLOasVsr2KlPY+cZLQ==
- tinymce/6.8.4/skins/ui/oxide/content.inline.min.css: sha512-PoR3yaIT++pGKriX5Cg2IzGrRjrnSpieu2t9lAFdfqem++sc35LvVS6pPU7TL9gsZaPtB7nBGjoriPmPAyaxkw==
- tinymce/6.8.4/plugins/anchor/plugin.js: sha512-lp0qy9Zp2JYCywrtyvW9O7B16TGahX8DyHhXFBTjgkgwmDzKcMLlHpQvRSy5nXyrLL8+haF93r+hWpfHp4zAwQ==
- tinymce/6.8.4/plugins/help/js/i18n/keynav/ar.js: sha512-mutWdva2fysjOspnL38x7N8YXmjkIng1MIN5ueYroVl+LiwbGBVqGq6Unqj4nEc8N9YDd95T/VjIqCHYjvZdnQ==
- tinymce/6.8.4/plugins/help/js/i18n/keynav/sv_SE.min.js: sha512-23Aq9gSzayesifGSq1sGFP/YAxZrbE00UljQ4y7ddwmOIXn+Q0gSALeaycHP9YDqFWiFV+CmZ7P5y6JsB2u20Q==
- tinymce/6.8.4/plugins/lists/plugin.min.js: sha512-UyA6HIzNabQV9mLCXra8v6Nt95r5VFnbaR8ALWCxY9VJpnSsdPvFL4ZJPqJOl9LOLs54is4IYgU6PWM9THMajQ==
- tinymce/6.8.4/plugins/media/plugin.min.js: sha512-iaKHb2ly9ENwR4rUrp0yyNJfkCq4ilrRDJUhiYwRTL7Wy5hndLihvdrflOEmACGZsa7WpEQeIRrb/pVSvT6ZlA==
- tinymce/6.8.4/skins/content/tinymce-5/content.min.css: sha512-AQlh8pNI8GdH0sbUsSACzz37sCq68PohXzXYt/YOJt581nIiqnMjF4YM9lp5YVBMLR90GzkJLQNQjcfLn2yhUA==
- tinymce/6.8.4/skins/content/writer/content.min.css: sha512-UEvoV1TzFIKUex7cUmZn33X0A/H1k0cS2FWcsGownGJfUvrx87py3fBSrmfuSP7T2jAn7kfyIEbcvlqDdP7v6g==
- tinymce/6.8.4/skins/content/tinymce-5-dark/content.min.css: sha512-YqZyZ8o4zS03A7isAjR0oM/WvQbfLMN3QJnUITLwx3w+58WK64xxkpjYOSgCPB7ioPF0bxjbc3OQRwgQ/anP6g==
- tinymce/6.8.4/plugins/advlist/plugin.js: sha512-6pe2Pyc364wVjhiwduWq5OyhH28bhIH3eebWJVb01G0/5Y83SvFzl9oDH7xTVljzI+B9fOhWcoq6o+6wg6u+xQ==
- tinymce/6.8.4/plugins/help/js/i18n/keynav/it.min.js: sha512-3q1MmXGlswz7dljr1ygoUt6nnezTbzE6zwQee86tQ+6K4kmiv5Up0eQ08zpjZfqbn7IdYdFobMDUDEZbeGoaAg==
- tinymce/6.8.4/plugins/help/js/i18n/keynav/sl_SI.js: sha512-nc+wwzursd9UYz8FBxE1/sMGr5XNG2xkFuorBSr4lbzbzvbVxcH8K0R6nR22PtAwyQiBUhf7fl7MrPfOIIY5Ow==
- tinymce/6.8.4/plugins/help/js/i18n/keynav/th_TH.min.js: sha512-+eiYjzUnUh+q1Fa0ddYrZdrEE4QpfcmU0xTA4s4ektiW159Sp7Bm47nksRj21ijeEjMuidbhdKNrEakq0LB6sQ==
- tinymce/6.8.4/plugins/help/js/i18n/keynav/vi.js: sha512-7GQE61yKCWoLljd9/MPjdVxxSOcnyRYPiC9JJPZx1v3p7IIkXTVFiZPGUqr3e64Gt5bMVlwdv5GVvKwT+oyPyg==
- tinymce/6.8.4/plugins/help/plugin.min.js: sha512-u0yvDcTqnal8bPh6fuD7/DCI8TIIO5xh5+XCcaGXdPtxya8yuG/ThrDWImYcIDAvaaddhYsKoYv7PgXiq7jGdA==
- tinymce/6.8.4/plugins/table/plugin.js: sha512-u5mHFkT+84vsBfw9Ii31zFAziGIRgImq+bk/yoMqD7Cw4ACW403RmRhW+v/kF78tjbGjZm2Qt2AiLb3Ha9f8gQ==
- tinymce/6.8.4/plugins/image/plugin.min.js: sha512-sWdGPI1UW4+gxDNMfb8u90h6kXfBnkn9zmNHdmqa2R1tlh+lJAnVQMdxSWF4wlQJAjDL3yDD2oJJS3sUQJFswg==
- tinymce/6.8.4/skins/ui/oxide-dark/skin.shadowdom.min.css: sha512-miBgTjSXvLM5DC2uQxck2C5CWHiNyagTVVKtEWp8QER2BHf4y4uNDf7o1vgi4BYlpLIjvlgd7VAuJsYgCsaFpw==
- tinymce/6.8.4/tinymce.min.js: sha512-DgTvLlVQBm8TJnlfqGDPm0re0QnTIv/frIzuARdI8zeZaYeFx+DgEIJhaD6kUCbcnn9wUYwFaMkxT52NdnYNDQ==
- tinymce/6.8.4/plugins/codesample/plugin.min.js: sha512-n1DZycqC+vt7f0PDDMrfNTygNGXI9RunUlVcYQv04/VMUq7XGwHKYULvrHB/qTLApZIpCvr0fsy6nw0gAshzAQ==
- tinymce/6.8.4/plugins/help/js/i18n/keynav/el.min.js: sha512-I/gZdxLecg3DG3ms+tj2TIBgZr+0YJM5a59lJi0dzoAiAzasj31NBo3zZCAqvuI2nJFSdY+F4Azeuupn6oP4bA==
- tinymce/6.8.4/plugins/help/js/i18n/keynav/sk.js: sha512-j/iLEXae39xGOMBnKez0+Wsew8+MpWfPWGctRh3h0VJSXDqmRHA5aogW0WNs/3troxZXyzC2HA1QfAqIwLwpKA==
- tinymce/6.8.4/plugins/help/js/i18n/keynav/tr.js: sha512-QDMJs6wz77ugczZ2IQUo8sDygaK5Uc3GcM2xyKyNbOzLzmKsy+bnDqqVu7bsMGmGV7FullDimHHIXIn8v5NnNA==
- tinymce/6.8.4/plugins/save/plugin.js: sha512-fJyLVzu4EH/SAbC/jD2wvKjFcVmSVzyo3dRvCH3wuMC8yHcgkrbDm/zkjXbeZfjvqVwRz+Gn/kXzcH57d843JA==
- tinymce/6.8.4/plugins/charmap/plugin.js: sha512-GU86QvC02xaOtrtR5NUzMkM6JVOzlVBLT48Y4I9EQv46mv3/bsZmt5zGR1j0vOluRCWEDddPXYWwfWjXpPfoFA==
- tinymce/6.8.4/plugins/help/js/i18n/keynav/bg_BG.js: sha512-58H4B0U4NQWctHLNcBgzs0QK4iou/Wq4HVGs2LMDLowD9f3m+GJLFYeKCpj5hKTmHmcxYC/o5AjlQ4hz8sWGng==
- tinymce/6.8.4/plugins/help/js/i18n/keynav/fr_FR.min.js: sha512-tRcOEPcsxwlumeHRs4PVBUbU5rgFKO2wtTV8wl2BeJI5aoTLOawhyVOwLhADgeTxpSwP0E/m2gT7xg7qVctpJw==
- tinymce/6.8.4/plugins/visualblocks/plugin.min.js: sha512-gUdTHB5pMSFuzD19YWBZkHni0jE5T8K/Q/NNXcjzQ6iK4HbvnKcMID0HA/M6fnJ6oktO0J9V4qHc1mq0Uxu5Vg==
- tinymce/6.8.4/skins/ui/tinymce-5-dark/content.min.css: sha512-61FnrIn16bCZ2LCCOkyNWBPNDwaiwNcFsSrlxa9dfC1IeZY8BFPYbc7i4JiOvLdj9YmfBiq8kQCA01ffekI7IA==
- tinymce/6.8.4/plugins/emoticons/js/emojiimages.min.js: sha512-cqo4otyf79ihBk6bytEIA3wH+CrtLtJMWwwFRMoxN9BLcBfqxQP9mQVSxJz4ojPOZryQ0xDwUvEEWJygKo8c7w==
- tinymce/6.8.4/plugins/fullscreen/plugin.min.js: sha512-v+VwrzUI5Uape6PUE34TQgFQ07lZYEn5V1BRj654h4HwMzrZAj8EGrB5AWonO7SNuEc5Z8bSWgPKnEyIj4drVg==
- tinymce/6.8.4/plugins/help/js/i18n/keynav/hi.min.js: sha512-BD5tfu7GF59+xtojZLeBNQqQpWcMnGGnpniElDBgeS/QCQpvd+pI+nz1mee4Khw8bPXpIoAgylxE6NbgRYOIIQ==
- tinymce/6.8.4/plugins/help/js/i18n/keynav/pt_PT.js: sha512-97kB9c0HpZW8An8q49wP2Ef03NuLPEkczaXZ7FlhVs4nOFkN0uxG1cRhRNl9eGALHIXnJ0+M68yNNzRzmD+8UQ==
- tinymce/6.8.4/themes/silver/theme.min.js: sha512-TSsCFbs0YUxxpkxb22/rv85S5kas7Wo56/w4hCT4yh4I+X7FdUPIuQmx2wsr9cBQcWmfvjoqBjxxfZaKXdFyJg==
- tinymce/6.8.4/plugins/anchor/plugin.min.js: sha512-AxEXfATlnHdOvRLY1kIACcwE8o54r0hCJfJqfdwPSG6DQe6oSEnEtiMgZo6iWUz/2xFNdRCVYZupraJppkX+PA==
- tinymce/6.8.4/plugins/help/js/i18n/keynav/fa.js: sha512-B+py17Vb1a7C6l42NI/xYyB6+NIXGkMnxqqJpPN4idBxfhiIWl8XcE8lnFv/H09Aa6Q9RhPNygLsq40X87X0OA==
- tinymce/6.8.4/plugins/help/js/i18n/keynav/ja.js: sha512-VkYanrFQsZ3It6x+j/eTgVco97Giivnb/DuB4653yqPKIzPVcPcWOEicf5Cv8gzVj1HW7Qkoa3n0vyCcHjSrxA==
- tinymce/6.8.4/plugins/help/js/i18n/keynav/ru.js: sha512-c10ymi0LGameuR9/MlAf3zNorIOIEQH+H9B7YnrYFX7B1Yp9lGcmTEzFscwT4QI8sEIgb/u7eyktmOSmQMHzzA==
- tinymce/6.8.4/plugins/help/js/i18n/keynav/vi.min.js: sha512-PDZZ2uvw2MZMtGQeKPKI/dGTTh0prpmDOlxAemJrkwFT2TMAHhMfGkTxJjQWjL/AieDGZ2s8TY1zzmn8UeWJAA==
- tinymce/6.8.4/skins/ui/oxide-dark/content.inline.min.css: sha512-PoR3yaIT++pGKriX5Cg2IzGrRjrnSpieu2t9lAFdfqem++sc35LvVS6pPU7TL9gsZaPtB7nBGjoriPmPAyaxkw==
- tinymce/6.8.4/skins/ui/tinymce-5-dark/skin.min.css: sha512-E9Vc0cy2Q2LN0zogkU+bhTpROjFWYbdUNBeiR5r8Nti2N9Bu06zrF3WFb4Cm8fbQMWrrZZKOa8r2q7Ho+D9XmA==
- tinymce/6.8.4/plugins/help/js/i18n/keynav/eu.min.js: sha512-RgaDtlgTAMr58Xl2Ajn0Z7+si7TXN756e6hoFBwpXvvz3c6v7bi/SRZvgF8uw8pGvow0Z6UfFYsz8zNcHdGVFg==
- tinymce/6.8.4/plugins/help/js/i18n/keynav/kk.js: sha512-o32QBbZ7/zftrfSBZiMreVIuXapIuIL6SJs1Mbj0SXbSWhjbOhNBmbixExV4ZqLq8Mg9Ggb9gHtrirJ4/h291g==
- tinymce/6.8.4/plugins/help/js/i18n/keynav/nb_NO.min.js: sha512-doYaoi3marXlMeG33Px+DjsDoy7EGwttCjxA6wCvvL+3/fgBiZtfCZDI51NGUSs1F7iYsaGlUCxm1PLqtlwkTg==
- tinymce/6.8.4/plugins/help/js/i18n/keynav/ro.js: sha512-JOgTpks+NPbXn9Ieposv/pQ/6N7dGrEi0b0JCaJz82VlaFxCHJ7BEhyzw8yw0ga1gJh7J/IItGoASR968VjDGw==
- tinymce/6.8.4/plugins/link/plugin.min.js: sha512-J1vNdBvEtIwxUyY7wbfxoXyOfEXTEj8m7CD5RKoaTgIfQEjAYMxbZKjRQ98B1chWiYeygnan5D7tez+vqeUDdA==
- tinymce/6.8.4/skins/ui/tinymce-5/content.min.css: sha512-VfRbOswp3+dt01Q/E8y4o9m3Bm39IxrimYjxuNF1wy/AzaKl60aaG2hI+kw3sE7ySP6WDij8DmGlyWylCMOopw==
- tinymce/6.8.4/plugins/accordion/plugin.min.js: sha512-c11yDgTAMgWK6gGwkIzJFv0a4bc/yKsfaZVjf1Zt0Pal/sE9dQ3zr6114ak/D0SeOXm3t+pf/+8EAd3PRjlq+g==
- tinymce/6.8.4/plugins/help/js/i18n/keynav/es.js: sha512-rfxziXjZ7m9k1CN1QALvNRHZZmX1Yu+BdlRqotkHJEsw0DVfSQ3f+4AJib6g7s0SVjVjUO1l4S7IRcueO6S7eA==
- tinymce/6.8.4/plugins/help/js/i18n/keynav/pt_BR.js: sha512-zQmktKICb96a/uSELeJT74AWuHE8qQvv3G32aWOYPRGFrGrEcEsnTegd5UVswa51mCe4//4N0fzTVFJ+NilO7g==
- tinymce/6.8.4/skins/ui/tinymce-5-dark/skin.shadowdom.min.css: sha512-miBgTjSXvLM5DC2uQxck2C5CWHiNyagTVVKtEWp8QER2BHf4y4uNDf7o1vgi4BYlpLIjvlgd7VAuJsYgCsaFpw==
- tinymce/6.8.4/plugins/autoresize/plugin.min.js: sha512-TxxeP70Q35RsVcBpTcQOfLv5xXj5rQT3NLuzR8nV77aI+EGYzUpnJzHsubFfKTBd2EYRMr/Wh0gV6w8PkTMS5A==
- tinymce/6.8.4/plugins/autosave/plugin.js: sha512-KswobIn3vIy1WxJWNUFL5WUnghSMj62KSgXP7/6DfshOD8CSxdBhjiJwGxckVfs3STrVMVfcaJvzMv7ydxU9xQ==
- tinymce/6.8.4/plugins/help/js/i18n/keynav/es.min.js: sha512-tVRkYeeMD3tWSORsJoNYpE6d8z45bxZWky9DEQnv5Pc9+1cPNYTnAUhTAHWnRPE+K3ZjYPOfVaAQued8+roz1A==
- tinymce/6.8.4/plugins/help/js/i18n/keynav/ms.min.js: sha512-3U3PcumajEBHpgEagIDB57iQLhnQIrvMtF0kiMCr2CCqR3pBnxG1IlQIwMUb8Z1g3AlBhsqEbfKJFcQSrrwCEA==
- tinymce/6.8.4/plugins/help/js/i18n/keynav/ro.min.js: sha512-6RzN21GtDZTQ2uujfxqLHhgR7r1rmBbcGN+RLKP3TKwduBq9ViqeNkEev1nYegMvkgo+cwtd9xC+aI4rLtxIaA==
- tinymce/6.8.4/plugins/quickbars/plugin.js: sha512-LVzp2D8BjR2Da9n7XG2WuAnYkn/oGBnHTPCNlnFMY3VXyjDUxaKLEMUKr0oVxZN+nPNp6tfEB+FVBfDDuRI/aQ==
- tinymce/6.8.4/plugins/searchreplace/plugin.js: sha512-RU2cH0JZGNGzqLaAJhf2x5638gT3uyJv3hRTiQjn0fyx+UE+t0yAYIMHsJa8zKYp1mlWYlgDFIulLLrHPUITzg==
- tinymce/6.8.4/plugins/fullscreen/plugin.js: sha512-NBvHeKk5z6GUPZv+fGPNfwYrJpCmEpE2MmtbM6bDDm88755h+OLDkKGffHijry/c4q5X/qafEFg7d37AMmwR0g==
- tinymce/6.8.4/plugins/help/js/i18n/keynav/en.js: sha512-J2pceuhhECifuh4d0+Y9Ndvrv4t3/dBE4DGj1b24W8X5axPRj/dOUdotFeswsIT6zz/mVw0sPBosBQ2uxGBNFg==
- tinymce/6.8.4/plugins/help/js/i18n/keynav/eu.js: sha512-O5vOVbRPY/a3qPKQHrFLKp/1wodeMiLOOyHaQg+Q6UfxrxNW7W/f0AXZ2e1MX/tTVYnmf5JXR8h9c69YsUboiw==
- tinymce/6.8.4/plugins/help/js/i18n/keynav/kk.min.js: sha512-4IA68/3OiaMu3bnGU9M37aVYGR6+Y78rxBajLYi8bfjcGMDDRCwTStDc+D8Yzfk+NK9Q063TCeL8JF1g5anFfw==
- tinymce/6.8.4/plugins/help/js/i18n/keynav/ru.min.js: sha512-vQiWQ5lVBJwqKiVt5ghi25uJbAADGl31zTZmWBG+C5MIA0eXP/crdIUDYKdtXMNhlftbVHnku86qOdb6qC4AnA==
- tinymce/6.8.4/plugins/wordcount/plugin.min.js: sha512-AQMNGYxVuBKRCSNgzn8t09g/kVKaO/g4rNPABaSI4wI1qYJYB0cSnRLThFzJHMU0LWyK/8V9c6wHSqod3u6Ufg==
- tinymce/6.8.4/skins/ui/tinymce-5/skin.min.css: sha512-sZC5oyM9oFK3OTgzsoY0UWxI/TlwIwoyZkzzgOi7R7d0/hEaKaU8yyDMf+yUHiI06sDJAe4VgT2h7JVS3Za80g==
- tinymce/6.8.4/plugins/autoresize/plugin.js: sha512-gANi5d8G3Pgi3wxma1t0rsuX3apv7liszhi+5Mign0KukN0qKN/1gos/rpB8XsUY6Pj4qJjSHnI35Ig0qkXp0g==
- tinymce/6.8.4/plugins/emoticons/js/emojis.min.js: sha512-5NJEoT6d7p+dhnqoCaA/ydy0t8k2kBssXSErCkzG4HiuRPWPfiVg+bGP0XPdpxWRv9ooHCrYYLbiBRKoFRbvCw==
- tinymce/6.8.4/plugins/help/js/i18n/keynav/fa.min.js: sha512-9VvQPwNhgQsYztRVGoDGkcbudQQzoLM/eW6iFbqkxRBPRkgNkycD1FACdzLIDg9qLAggJeAMFQxhXs5fl5Wf7g==
- tinymce/6.8.4/skins/ui/oxide/skin.shadowdom.min.css: sha512-miBgTjSXvLM5DC2uQxck2C5CWHiNyagTVVKtEWp8QER2BHf4y4uNDf7o1vgi4BYlpLIjvlgd7VAuJsYgCsaFpw==
- tinymce/6.8.4/icons/default/icons.min.js: sha512-C0yF4jG7U7RH5nM88uq37ShXxO0mJAZO5n7LSZhw+bOWgVO80YBUsE52nmstZ/vemcdRwJL9X35vgwU0CHYjsw==
- tinymce/6.8.4/plugins/accordion/plugin.js: sha512-RdPerbwWZeUmBYHQyX/WV5Big/wvuJfzWKCpzP5hgQ0BSQqdcXkVaybSKMwaYuRKSnmN4Yfn2U7lE6mkwvcjLQ==
- tinymce/6.8.4/plugins/code/plugin.js: sha512-B9hVG8IAETE2ZB54efSL0ngPr+pQlCCHV1AVnlmxHjYraSPtCs0zPidGsRj+9N8L3I6UWGJgzSGDzrxrvlIIWg==
- tinymce/6.8.4/plugins/codesample/plugin.js: sha512-UlUSYUal++LtTw4oez+Bc79tlJ99iNQCK9jB9k9Okca0CPloew+5v50/0bKmGa/QsrOSux0EfXueCu52fWQDxw==
- tinymce/6.8.4/plugins/help/js/i18n/keynav/hi.js: sha512-bsGH5HwqoLL2SYVeKYzAC239YFl/F0jq0UWei1EbfRcHDHMom02F3bS0fMl4bemJDwMYSEC6hkyEhy0KAuc1Uw==
- tinymce/6.8.4/plugins/help/js/i18n/keynav/ko_KR.min.js: sha512-RHM4P0z3HYmJRgKi8cBajceA/yKz8lffU1uHwVy/P69dYEJDFZFCnQ4718xYsvP9Xqh/HifDRL/QrXmYPrXu9Q==
- tinymce/6.8.4/plugins/preview/plugin.js: sha512-vIaOLU4q9kqq7SFjTHv2uhDPbcO1wY7mDUuwjeXDzTQYm4BQBRfwwss1b1uDM1D26mdxC4gVUtswYI1gWFnRJg==
- tinymce/6.8.4/models/dom/model.min.js: sha512-o79FgFkNgj5s8cdi08wrW5+b1N2Mrj0VJTRz+jXFX+1ApdXcvQMsmYW2Q5MFNCRNiUwfWqXvryVsXshK9fIVow==
- tinymce/6.8.4/plugins/advlist/plugin.min.js: sha512-oeRi/N0dBBXgWrySx6nudzocV1WZ1xxat4mRCC0qmwTkTItY6bn0mExtthHF6qQQdpM7MTCvpGdZSg5xy/+SjA==
- tinymce/6.8.4/plugins/help/js/i18n/keynav/el.js: sha512-ah0nfZFQoZ38I9Due/GkvEGgC8OJcmuX2+5xhqxV8hVhIQOWsBL1HcS1MbrTsGEY61YaWIvbTbxwHKE8Z3L+Zw==
- tinymce/6.8.4/plugins/help/js/i18n/keynav/ja.min.js: sha512-NknJzOpPv40GIbIc+Nd97urK3o8yjmbZ0xTfYtP5ZmgRCUFDgOUdGoREbhQ0KC9vbsyVbK+crwmJaxfIkmG6BA==
- tinymce/6.8.4/plugins/searchreplace/plugin.min.js: sha512-OtTwRJ43mL1n2f3UDzVQNz25f/C25nFsuHAvwqZmlu8IJWlOLCLfF2azhqkg4zSEmxIQizfMA1AEo994RBroxw==
- tinymce/6.8.4/skins/content/dark/content.min.css: sha512-w/Ci+oRIxxCuQ8gmJS55uQHTW870sSCgkyiN8uVJKKuZvZtUcA1ONEJDI9o2FTGo2nftq9bdg1z2E7SaigKI8g==
- tinymce/6.8.4/plugins/autolink/plugin.min.js: sha512-IAiC+mo3lhLzCfr0rgEik72+bIJNO8+3kICN9s1LcRdxbHWZRuJzDHpNfOrjezF4xgsyDmj5JYTfI3UnjMWSdg==
- tinymce/6.8.4/plugins/help/js/i18n/keynav/nl.min.js: sha512-Y265K/5KQbNKcXIMm3u7z0gBJ+W5r28TfLHXTK9bxi2M4/V9yOO5oU+VX9xqNLCW1pVrkwhiptOx35ZZLn03pw==
- tinymce/6.8.4/plugins/help/js/i18n/keynav/pl.js: sha512-I0YIXT0Q2Qi48zQYE23t5tB8zlCqQ3Xum+jX2fjfQ7ALOFVduPC61095OtYamI5KyU0fF25udpMWAzIQvpay1A==
- tinymce/6.8.4/plugins/help/js/i18n/keynav/zh_CN.min.js: sha512-QocTgD5cIxuAdLAYhJaycJiIhoKvzgcpmSungKl1QU7gXQ1UsI7AbMW7Y0VCGRaZRTREiBQ4bzGgRzyMZew1pw==
- tinymce/6.8.4/plugins/importcss/plugin.min.js: sha512-WQ7sNMcsIZXsQSAV43eV2L3LPr9y2E26iGOj3d3kxaMrwIYju7IIZExsqlTAm4SGrwT3aztXP9Ba0OTmJzqe3A==
- tinymce/6.8.4/plugins/insertdatetime/plugin.js: sha512-mriZs4n/zJ+7OZrJAWUoD4cmBxWgG0JkfkQLHu1n8hZ0VBIGpmx6EJG72DQVcKY8bpfZGMiLVQOlSlQWMgqaAQ==
- tinymce/6.8.4/plugins/nonbreaking/plugin.min.js: sha512-OIPavRudCHORQWkbqovLfyhQ4uNFRQKjFNABHzAjfpzVor8qsAHRX0YrFGDrrNExmcraycg/HaIz2gzPkkrvcg==
- tinymce/6.8.4/plugins/autolink/plugin.js: sha512-TolK2O2WE/QWBJnVi/hWHsVoay4tfJX8aNnKjdWhjF7JA7NTo4+s4/FzkEwDxJQCuZuGwZ1kuNbTH1mYRKZPCA==
- tinymce/6.8.4/plugins/help/js/i18n/keynav/pt_PT.min.js: sha512-P5nuEM7YsinCpKVRqeavntRWnZnKY8bXKlHuCvl0HXPx687aoUGTfbZoQ1rJyj+UdVbo2DybWdX2UPtA0mqUWw==
- tinymce/6.8.4/plugins/help/js/i18n/keynav/uk.js: sha512-wOIhZ3s62A1rUE0KDtdHiNPs6oln3YQ7SRhqkonbgi1K73k0RhleVbuFYYAxyv7z8H8/NaSqzQUXPnl5QYov/A==
- tinymce/6.8.4/plugins/pagebreak/plugin.js: sha512-8DDwIDsrdgpQSQalDNMU8j7ro/1xm4wiQv4kIl++W8kaWaqWD5LFgyRWLsnev8ihcAFFEU6/wIuXQIkmsA6eqQ==
- tinymce/6.8.4/skins/ui/oxide/skin.min.css: sha512-9KPgXmFpNC1ceKxZC8x5oUS6JIqh0+Ul7RUsUBt+ilskyEAP1ybZUWV48VO3YaW3+fsekOqtWFKtQvmuYqm57w==
- tinymce/6.8.4/plugins/help/js/i18n/keynav/hr.min.js: sha512-HlywU31VvvCnpziFtQ+VwbD2TE+1SwJeA0x3uxAh21CKOqAWZcyjvQKso+zlDdW+WR4Yzm+4feP1xf0oPEGI6w==
- tinymce/6.8.4/plugins/help/js/i18n/keynav/id.js: sha512-SRH24z2v6y6azzepYCpXL/16ZGN5SNjstwgaBwUHE3kTJYfuis0RQBDeTyPVCH2hnGMNJWipbYnfn6gxPI4/VQ==
- tinymce/6.8.4/plugins/media/plugin.js: sha512-TlptrlaYedfm1C/sa+zsmehbpk7Ybwfg0i/XMBxXCoOMt2tmqYYGTf5AAdhngQ+g2cFzyt4MgVURaCVzepdXgQ==
- tinymce/6.8.4/plugins/help/js/i18n/keynav/hr.js: sha512-/CP29jlHMHpHCgJ5CWRrXnt3Pb+8j3gFO44Aw5FOBFy55/+uF+1WBmkfoasQkikSkfZcMIlByGF7mgqwJD3wIg==
- tinymce/6.8.4/plugins/help/js/i18n/keynav/uk.min.js: sha512-a7a/6dMiwQfwfEDh0XHQQ8whhR396WU0dBhsNU4fXrB8dcAa2nyR18rzo4nDPDezUnxz9yGgbTTbuMQ41Cht9w==
- tinymce/6.8.4/plugins/insertdatetime/plugin.min.js: sha512-gGKOj8rPNHyocCdro5p788sIXweueA69flUgADOi0FxyQ8n+reQW9DMVgKJEfa/5/imavIFtVLZ4ZU/dpqXr9Q==
- tinymce/6.8.4/plugins/link/plugin.js: sha512-f9j9Jw+W5Nm2FrrEeR85keF1o3swPEWgXKzTSFEWP5STZrEOQPsokeSpc7SSCBDt+03onyqnbO6qoVGmakGS4Q==
- tinymce/6.8.4/plugins/visualblocks/plugin.js: sha512-wYi7ytk15aczYYY0M/xdo1BP7f+DI3fWbDfGrU6oqJ/wzfxr3rHhgI6xm3trQDhY5kFSDIBCrkDnJ+CUetZAZw==
- tinymce/6.8.4/plugins/wordcount/plugin.js: sha512-siEuVuHw3BP1BA7YCSPQkqYWBlD0hlkBtJzNN0ygPt3qmPiSUkLrSZNAfR1ovsmKKObvQ/67eEKSbqsOpyypQQ==
- tinymce/6.8.4/plugins/help/js/i18n/keynav/cs.min.js: sha512-iObyOdN26aNYpzE1Mb43anv/hhbXymt4BoBNUE++lxme7Qc7AYHt8YFSovyrUdzQDO8BMM0f1dXT6GrJW9M8Xw==
- tinymce/6.8.4/plugins/help/js/i18n/keynav/hu_HU.min.js: sha512-cIC8PxaFZiamrbty8+6DMd0T5C5RR5Mc3H5EjAbHbRFk5JfJCsF98q2370MKhuR+cGIe/eM3O8iU8eJ6YnmpmQ==
- tinymce/6.8.4/plugins/help/js/i18n/keynav/it.js: sha512-4OC8PvLkcZB6gBVWjo5zki8GjXULfPDJB+W7repRWbCN/5OKrzkydrtnznoAwrt8DLZVohCAE5wxGvjUtZDzeQ==
- tinymce/6.8.4/plugins/save/plugin.min.js: sha512-7zT4QxypNC0Nmsil64SGPEhJB69mgWfhQU9TaFca8+zb39wQr5nsIHre5+iq9gMSmc0gUKHN+PvGLQZDZJ08eA==
- tinymce/6.8.4/skins/ui/oxide/content.min.css: sha512-VfRbOswp3+dt01Q/E8y4o9m3Bm39IxrimYjxuNF1wy/AzaKl60aaG2hI+kw3sE7ySP6WDij8DmGlyWylCMOopw==
- tinymce/6.8.4/skins/ui/tinymce-5/skin.shadowdom.min.css: sha512-miBgTjSXvLM5DC2uQxck2C5CWHiNyagTVVKtEWp8QER2BHf4y4uNDf7o1vgi4BYlpLIjvlgd7VAuJsYgCsaFpw==
- tinymce/6.8.4/plugins/help/js/i18n/keynav/en.min.js: sha512-wJqKx//6GtWsMlDZPzEqcAJ//Mv9vjDiTlVc5lyJpco39ggCZ9vlcFbMcli5jkz2syi3xScBUNfbV5mzvK5oWQ==
- tinymce/6.8.4/plugins/help/js/i18n/keynav/ko_KR.js: sha512-mzt53aeMUr9Rb+qHRvhQ5vuL6ONpkdcMIlNZGkto0PVBMLpBssm66LAIxPzQ+qhWS84c3lin0us5Ahrh4ywLHg==
- tinymce/6.8.4/plugins/quickbars/plugin.min.js: sha512-4mN1ywCtmAu+XDco2zZMdBGRMrGczpSE60moLYzc//fJwM2On5ct9ypNh4S7BqLPQ3RzSiWh8oFzT27GLIzgxg==
- tinymce/6.8.4/plugins/help/js/i18n/keynav/hu_HU.js: sha512-OuiI12PVgS6THva+AoOHWVQ7+1y5H4LhnXjt1DZ/CeuPzYKI12CO7pY3aFLmFWvpqOWfvEI08fcypLPLJfuewg==
