config: {"authors":[{"name":"baidu"}],"autoupdate":{"source":"npm","target":"amis","fileMap":[{"basePath":"sdk","files":["*.@(css|js|eot|svg|ttf|woff)"]}]},"description":"一种MIS页面生成工具","filename":"sdk.js","homepage":"https://github.com/baidu/amis#readme","keywords":["react","amis","mis","renderer","json","schema"],"license":"Apache-2.0","name":"amis","repository":{"type":"git","url":"git+https://github.com/baidu/amis.git"},"author":"baidu"}
KV keys:
- amis/2.3.0/ang-ie11.css.br
- amis/2.3.0/ang-ie11.css.gz
- amis/2.3.0/ang-ie11.min.css.br
- amis/2.3.0/ang-ie11.min.css.gz
- amis/2.3.0/ang.css.br
- amis/2.3.0/ang.css.gz
- amis/2.3.0/ang.min.css.br
- amis/2.3.0/ang.min.css.gz
- amis/2.3.0/antd-ie11.css.br
- amis/2.3.0/antd-ie11.css.gz
- amis/2.3.0/antd-ie11.min.css.br
- amis/2.3.0/antd-ie11.min.css.gz
- amis/2.3.0/antd.css.br
- amis/2.3.0/antd.css.gz
- amis/2.3.0/antd.min.css.br
- amis/2.3.0/antd.min.css.gz
- amis/2.3.0/barcode.js.br
- amis/2.3.0/barcode.js.gz
- amis/2.3.0/barcode.min.js.br
- amis/2.3.0/barcode.min.js.gz
- amis/2.3.0/charts.js.br
- amis/2.3.0/charts.js.gz
- amis/2.3.0/charts.min.js.br
- amis/2.3.0/charts.min.js.gz
- amis/2.3.0/codemirror.js.br
- amis/2.3.0/codemirror.js.gz
- amis/2.3.0/codemirror.min.js.br
- amis/2.3.0/codemirror.min.js.gz
- amis/2.3.0/color-picker.js.br
- amis/2.3.0/color-picker.js.gz
- amis/2.3.0/color-picker.min.js.br
- amis/2.3.0/color-picker.min.js.gz
- amis/2.3.0/cropperjs.js.br
- amis/2.3.0/cropperjs.js.gz
- amis/2.3.0/cropperjs.min.js.br
- amis/2.3.0/cropperjs.min.js.gz
- amis/2.3.0/cxd-ie11.css.br
- amis/2.3.0/cxd-ie11.css.gz
- amis/2.3.0/cxd-ie11.min.css.br
- amis/2.3.0/cxd-ie11.min.css.gz
- amis/2.3.0/cxd.css.br
- amis/2.3.0/cxd.css.gz
- amis/2.3.0/cxd.min.css.br
- amis/2.3.0/cxd.min.css.gz
- amis/2.3.0/dark-ie11.css.br
- amis/2.3.0/dark-ie11.css.gz
- amis/2.3.0/dark-ie11.min.css.br
- amis/2.3.0/dark-ie11.min.css.gz
- amis/2.3.0/dark.css.br
- amis/2.3.0/dark.css.gz
- amis/2.3.0/dark.min.css.br
- amis/2.3.0/dark.min.css.gz
- amis/2.3.0/exceljs.js.br
- amis/2.3.0/exceljs.js.gz
- amis/2.3.0/exceljs.min.js.br
- amis/2.3.0/exceljs.min.js.gz
- amis/2.3.0/helper.css.br
- amis/2.3.0/helper.css.gz
- amis/2.3.0/helper.min.css.br
- amis/2.3.0/helper.min.css.gz
- amis/2.3.0/iconfont.css.br
- amis/2.3.0/iconfont.css.gz
- amis/2.3.0/iconfont.eot.br
- amis/2.3.0/iconfont.eot.gz
- amis/2.3.0/iconfont.min.css.br
- amis/2.3.0/iconfont.min.css.gz
- amis/2.3.0/iconfont.svg.br
- amis/2.3.0/iconfont.svg.gz
- amis/2.3.0/iconfont.ttf.br
- amis/2.3.0/iconfont.ttf.gz
- amis/2.3.0/iconfont.woff.br
- amis/2.3.0/iconfont.woff.gz
- amis/2.3.0/ie11-patch.css.br
- amis/2.3.0/ie11-patch.css.gz
- amis/2.3.0/ie11-patch.min.css.br
- amis/2.3.0/ie11-patch.min.css.gz
- amis/2.3.0/markdown.js.br
- amis/2.3.0/markdown.js.gz
- amis/2.3.0/markdown.min.js.br
- amis/2.3.0/markdown.min.js.gz
- amis/2.3.0/papaparse.js.br
- amis/2.3.0/papaparse.js.gz
- amis/2.3.0/papaparse.min.js.br
- amis/2.3.0/papaparse.min.js.gz
- amis/2.3.0/rest.js.br
- amis/2.3.0/rest.js.gz
- amis/2.3.0/rest.min.js.br
- amis/2.3.0/rest.min.js.gz
- amis/2.3.0/rich-text.js.br
- amis/2.3.0/rich-text.js.gz
- amis/2.3.0/rich-text.min.js.br
- amis/2.3.0/rich-text.min.js.gz
- amis/2.3.0/sdk-ie11.css.br
- amis/2.3.0/sdk-ie11.css.gz
- amis/2.3.0/sdk-ie11.min.css.br
- amis/2.3.0/sdk-ie11.min.css.gz
- amis/2.3.0/sdk.css.br
- amis/2.3.0/sdk.css.gz
- amis/2.3.0/sdk.js.br
- amis/2.3.0/sdk.js.gz
- amis/2.3.0/sdk.min.css.br
- amis/2.3.0/sdk.min.css.gz
- amis/2.3.0/sdk.min.js.br
- amis/2.3.0/sdk.min.js.gz
- amis/2.3.0/tinymce.js.br
- amis/2.3.0/tinymce.js.gz
- amis/2.3.0/tinymce.min.js.br
- amis/2.3.0/tinymce.min.js.gz
SRIs:
- amis/2.3.0/ang-ie11.css: sha512-qeT00Et36onI1Ft6olkmbLIBxe/M9Nr20uqyCg7W7r9zzpGpVLPkrVaK58VY+c3rRWlKascC6OowFYfUIXWhLg==
- amis/2.3.0/barcode.js: sha512-cMufGL8KKkDURTIQUBVthnSLDI+KrmUf3Ci2SWOOZ8j2qEUBIQwVyJ0XkDheZu4FUL1ITHjVqt1i0vJh7by81Q==
- amis/2.3.0/cxd.css: sha512-NR0PBndDM+GGJ3ZSAzbBzj8PqkW5Nd0QZ8ydOc0ELGtLFuDixFr/pIchQejlg6+jM2/AoRjZgY42gt/ob6feSA==
- amis/2.3.0/helper.min.css: sha512-L8hLAtuNH4mzNOipK/gpVhweuXpGL1oP1rUxVnlslr65UBMZSO+dS4MJHEHEGEcI39hsglMI2U9vhmbFytVLaQ==
- amis/2.3.0/ie11-patch.min.css: sha512-0eEiLaMHK2c/UJ92Oq9+q113kU7K7XlambeEDjAnzcQEtDtlM1sbV4csYixUj8RT3h/1DXnNQrcz5vgGIIKRBA==
- amis/2.3.0/rest.js: sha512-isn9zm6D5BrX46yiAJUmXZfJuViP4W/ju00u0XLHqnXQIuYJALfPJrn1g7Et8q1rcDAvC2lyaiuncXHfTQO1CQ==
- amis/2.3.0/sdk.js: sha512-pkqoQxy0BrvBOxlQRuqtQBu4jMGoiY+1Q5UEKHNLChMhEuLytvriT38OfE4kZi4kyGiLVUBkZml4yI/zyuCx0w==
- amis/2.3.0/ang.css: sha512-mEVA25rHiu1X7v5yE6JohG1dmeLMDePb1XZryklI1MK031mIky9kwH7jdrPWQIw2BZVwfn/Es2iuTQAjpsHCbA==
- amis/2.3.0/antd-ie11.css: sha512-bDFEvW7cYrESxuYOH7J4gOQm67NSW09J9Sc370gINCyNT5ZtoDNvi0qcDuhTtxUFqpIZ6uCNDKvLF6DzUfx/gA==
- amis/2.3.0/antd.min.css: sha512-UDdUHVOr9QnLvY4/CQ3zWTKi32ZJ99icJmUi+3Q2NjouI4jfavL9Sv+q32d+/XQFO2ItuHC+rPvefRD+CqfCUQ==
- amis/2.3.0/charts.min.js: sha512-tegi+NF9Q68/RSEMI5GSRsW1oBUeNm+5gewQOqmN5e1U1lMs0R/t1YbBJ1Zl+TqQMasNwIjBQF2J6/0rdda9Tg==
- amis/2.3.0/iconfont.min.css: sha512-JCs14MfANFzfFQZxJbVtPkTVe7YbASoHryFhWmJM91a8ePEF96gYi2c2HMTEg64Q+w0H68ZDJ9NL/KTSv58fcw==
- amis/2.3.0/sdk-ie11.min.css: sha512-mk52XoR03H+eY24lXYPF9NTtdSsiCig482Kai17VmJuxoBbi444d1HDAL28sRosqE0FRX7aEH0A4UJKRMa8uMw==
- amis/2.3.0/antd.css: sha512-0WcEd9QY3lfztKzyiIjFAm94v7R9w1a7yF0loQga92R1+6Dwi5u4QGiNFXFHxb5dDtp2UtsWG6PP6B1WEhz61w==
- amis/2.3.0/cropperjs.min.js: sha512-Myb+Lg+QQhockCoctcU6MVhUJywsD0a0z2+NztOL1CR/OJFXCw/jmL5qvC9v3AxN367JE8xapUAv+cLIvZqLAg==
- amis/2.3.0/exceljs.min.js: sha512-CINSa+4pOcR05yrKgl2m7NasuZY09aE0EfLHPS+L1D63PPbffK2tgxSLkRfAKdarZpL6DP391k25gt28ENPCWg==
- amis/2.3.0/papaparse.js: sha512-KVjVEj8xY9+o6af67ijEsxOUeANjM3VcaIHRibp3cAHqS1Ch9mR0PPleEq7bfr+efFx8/+/4AyQLVUT3EatBqw==
- amis/2.3.0/tinymce.js: sha512-e12O1vueyOYEfHrVB3Pwy4Wp8CLNPTubHmHTl9DLRMPo4gCwkUfgCktUu4XPCT9J+ypyQQ33JDIBQDVNkCHETA==
- amis/2.3.0/sdk.min.css: sha512-hD8CI2HPJ93ePi5U+eXjkqRBGvHhBUY+w4lhhAfHahD6OKPMEDbv6gTLgTVsyCbtNOYwMduM4pvGiEbpbeyZpg==
- amis/2.3.0/sdk.min.js: sha512-/i6JMoCH22Zl0wIteB9Hoy5es12NTQVhRr1Fc6e4844zqfgffsi0fpaGizbTgMBsWOo4ZfYoaZ/VSYVf0+/FLg==
- amis/2.3.0/codemirror.js: sha512-zvCsMH8M/MnkH5d0Q83lhN3SChUR+kfn+6mVPOM9iFfYe0r3aZrat3YgHFV3I4Oc9cWyfxajvOwldhzu2Fa9Ew==
- amis/2.3.0/cropperjs.js: sha512-8Xe695Y7/Mdob5HVnF/KCrEzuYfZANAd2gybvtFHdVDahhQDFA0kGz8Q8vf9sQzvX8vbp2NB2sztKz8ke4WDVA==
- amis/2.3.0/cxd-ie11.css: sha512-V54xkYMjwjt5+TeLxLWPMllp7lzjx131vsnyrBfzSMjhtyDk0AbG4IoQUJKv8/GTJaVY28lGy8lb8i0L0CB6lQ==
- amis/2.3.0/cxd-ie11.min.css: sha512-mk52XoR03H+eY24lXYPF9NTtdSsiCig482Kai17VmJuxoBbi444d1HDAL28sRosqE0FRX7aEH0A4UJKRMa8uMw==
- amis/2.3.0/cxd.min.css: sha512-hD8CI2HPJ93ePi5U+eXjkqRBGvHhBUY+w4lhhAfHahD6OKPMEDbv6gTLgTVsyCbtNOYwMduM4pvGiEbpbeyZpg==
- amis/2.3.0/markdown.min.js: sha512-dJ5gFk2od8q7YfeYZH8kbt11//Fo27zkHaa87PelLZ0lZKTrjNrz0ZuxphCgWKoHOYnidrso3OAO6yX9T6A2Dg==
- amis/2.3.0/color-picker.js: sha512-VszGo+qhBsmY19A5yg7C/LDxJFqOFEAfMl1HQV3ePjNlp0AedlmGhhdVtstCX3f2pjOO9j0thYmAkrYpSfLe0g==
- amis/2.3.0/color-picker.min.js: sha512-AyoyXE5EANO4XKva5ehtihrjfkkiDa7Va6eMMu6fzkMzOeRPLSx7GW+RkBFNF59JiL0JHPIjGPMK1TgwylCGgg==
- amis/2.3.0/dark.min.css: sha512-K/Uodr4kN/elwWcPRLYpIn7ONn6rsgQUY3WCSGf/BSS+G4GTCmHaf3bwEoiNol7wO/umsJ2gjjrMWxc1H+aKUw==
- amis/2.3.0/ang.min.css: sha512-s+m+2Fu80aBFOW6CpuNNzRbNXI3tu2yU1lCmc3cIhHPc2uCeTxk0yPOoo9c0wEbzWEz9T/g5IixaNI1UBH/pnQ==
- amis/2.3.0/antd-ie11.min.css: sha512-RuiI20uvfvc0gzeGK4R+gsrR0bi4v3L0/K6hWkhZMOljQM8T3JqjgWx2ZsCj9r48IouWsl1dkhtcjuzF+XRfSQ==
- amis/2.3.0/dark-ie11.min.css: sha512-Fvndbu9GeetuFimDEtGFzcYT8Mb1KRdUBPUzIT2QjI+9emAxIau8RrZnrdlnuIsEzxNK9tEakd8gjGACoZlZEQ==
- amis/2.3.0/ie11-patch.css: sha512-OgEL+xPvJ74AajlJnZu8mCDs4+n9az3+8AA1CV/DH06cCywrkfwz6hGHkp1QBJTaHsyodnqCgOltcqatrhT56g==
- amis/2.3.0/rich-text.min.js: sha512-SKVZ5eCo+8aHhx3pMd656c1b9DyjY1rpDprshf1kbsfDrrMMDT2ZcWLlVz8+NFDnh7RN7IJ0FDmbLI25jlr9Tw==
- amis/2.3.0/sdk.css: sha512-NR0PBndDM+GGJ3ZSAzbBzj8PqkW5Nd0QZ8ydOc0ELGtLFuDixFr/pIchQejlg6+jM2/AoRjZgY42gt/ob6feSA==
- amis/2.3.0/markdown.js: sha512-+LJRTlMhixZ3yq+sXWoTdoNMjrzXxBOBz+qEKiariT6OGebR8cTxXDT+E30+ClwgSdAnsg7u2V6z14oUus3cPg==
- amis/2.3.0/papaparse.min.js: sha512-9a+3v6yMeJ4HM7pAYvUgRBRTpswoPxxvInGugfGrGaEkGRnY/9ZFyawvZ5xdpUEav9G2fDEHaxigvwEjjJo/EA==
- amis/2.3.0/ang-ie11.min.css: sha512-AvEY4Nw1sbmZB6FQCq/nPV7KYYuIz7rlQxqSXeM/Kj3i57DWGviD2g2eY9oiXvjqwbqz7+R5evbaWZU6Uc/DIQ==
- amis/2.3.0/barcode.min.js: sha512-CftGD0NIOnhXtpiQ6cunC0Tw8MZSbvEFDaQNGiRV1MRREc7N9oLw2WcpWsdJ8uKmtSzKHFYAm84xX4AAKq9f5g==
- amis/2.3.0/charts.js: sha512-RRrme1eg1ytQPdGUbZEB6NFyodAwbjfRimwQTNqD144nx3NAUhNjXu2qjTHAObE6iVep0kJEYevgzMiN6BGLTw==
- amis/2.3.0/codemirror.min.js: sha512-LR11TfWV3TW71RITDY/RpwFdKsANmrxT/YWWRpQtZw0B9jUGyciKVYgPC2Yp7w5AJIrDMSJe24s5pWU72jigSQ==
- amis/2.3.0/dark-ie11.css: sha512-YSlIe3z1T4HjHZSycCe45AAVfANCaz6miUV7mb33jmSbB+/L722qPPeAyU8xLJJf2ZqipQms+HD96mGKzGrwig==
- amis/2.3.0/dark.css: sha512-VoGXciWjRLl+6NJxB8UJl7WJHNWNUVOZAT3FY3ynkLroB+LL+eQMiPXQ3CdJY0oQny/wyvLG5uGnsSDZkSXI7g==
- amis/2.3.0/rich-text.js: sha512-cbKzJ0hM3PxQg+qlLAE9TjUcUgZPiURX3du4dJ0fFuP+19q5hHFxJwezFHEMFaKeLqenIdyk3DXi+WcaalwxVg==
- amis/2.3.0/sdk-ie11.css: sha512-V54xkYMjwjt5+TeLxLWPMllp7lzjx131vsnyrBfzSMjhtyDk0AbG4IoQUJKv8/GTJaVY28lGy8lb8i0L0CB6lQ==
- amis/2.3.0/tinymce.min.js: sha512-YVOkMJR6rL7M9DBhB1rUmWb5TAu8tz6Cy1w+8L7u7O2kRbI9WWPFvHyrubimwBOgtd7ELAiBf8n9bAIwgKf0pg==
- amis/2.3.0/exceljs.js: sha512-tpcnVadCoYMVklqb2XuKSRFOoAy4MoI+BAKzsUQ+ZQPkuaMrWjgC9jNl+s7EIjgUtSGe9aBwEmn8k3104S5G6Q==
- amis/2.3.0/helper.css: sha512-0C8wWzbVM4WBZWm8Byyi7LibNo9VA9uxh9a49aQaR97qOEtS461Dok3SMKV1d0isTPs/J7q7uHwJzNrERv4TFg==
- amis/2.3.0/iconfont.css: sha512-VOt3BHFLnScxjSNMtYwJsQKkFvirxZUrUL1iVoBhajARE3hOp15xBMrR/qEjrhaJqTehLJf9aefAD2syTgrOug==
- amis/2.3.0/rest.min.js: sha512-uotho9qqc3RTjGAn9aWtcCDaJZNhZLz8/kIPLP1IFEJwksKrUzgU8VVI/jDCdAMyOsWdvmIvgM1cznGdPUjQbQ==
