config: {"authors":[{"name":"Handsoncode","email":"hello@handsontable.com"}],"autoupdate":{"source":"npm","target":"handsontable","fileMap":[{"basePath":"dist","files":["*.js","*.css"]}]},"description":"Spreadsheet-like data grid editor that provides copy/paste functionality compatible with Excel/Google Docs","filename":"handsontable.min.js","homepage":"http://handsontable.com/","keywords":["grid","datagrid","table","ui","input","ajax","handsontable","spreadsheet"],"license":"SEE LICENSE IN https://github.com/handsontable/handsontable/blob/7.0.0/LICENSE.txt","name":"handsontable","repository":{"type":"git","url":"https://github.com/handsontable/handsontable"},"author":"Handsoncode \u003chello@handsontable.com\u003e"}
KV keys:
- handsontable/0.0.0-next-e363287-20230203/handsontable.css.br
- handsontable/0.0.0-next-e363287-20230203/handsontable.css.gz
- handsontable/0.0.0-next-e363287-20230203/handsontable.full.css.br
- handsontable/0.0.0-next-e363287-20230203/handsontable.full.css.gz
- handsontable/0.0.0-next-e363287-20230203/handsontable.full.js.br
- handsontable/0.0.0-next-e363287-20230203/handsontable.full.js.gz
- handsontable/0.0.0-next-e363287-20230203/handsontable.full.min.css.br
- handsontable/0.0.0-next-e363287-20230203/handsontable.full.min.css.gz
- handsontable/0.0.0-next-e363287-20230203/handsontable.full.min.js.br
- handsontable/0.0.0-next-e363287-20230203/handsontable.full.min.js.gz
- handsontable/0.0.0-next-e363287-20230203/handsontable.js.br
- handsontable/0.0.0-next-e363287-20230203/handsontable.js.gz
- handsontable/0.0.0-next-e363287-20230203/handsontable.min.css.br
- handsontable/0.0.0-next-e363287-20230203/handsontable.min.css.gz
- handsontable/0.0.0-next-e363287-20230203/handsontable.min.js.br
- handsontable/0.0.0-next-e363287-20230203/handsontable.min.js.gz
SRIs:
- handsontable/0.0.0-next-e363287-20230203/handsontable.full.min.js: sha512-Uv8Yueq6qiwLZUJzh6KKblC9VyWLl195si4rX7015c7ET+0ugEaC13nelKMraNB3CiSRTc6Jnt6Jx4k8/DPAug==
- handsontable/0.0.0-next-e363287-20230203/handsontable.js: sha512-Y52cdulXMDYSWB1OG6ltmBdYj0OegtTgdzMFzPPUHaDApMLNRYJCPp5kD16SQd/nzYDTbSdo3d/GBMe3034DNw==
- handsontable/0.0.0-next-e363287-20230203/handsontable.min.css: sha512-7nf55jhCX3KULjgjlTkkVVvjExf4QjjtM4iNFrABndzCcIVI1yWhgIjKPsxRGEMRaut35tl0SQgQNSyF6dqpyw==
- handsontable/0.0.0-next-e363287-20230203/handsontable.min.js: sha512-KK6WY9d8U81YLmI9uV7P1P4Ehk30PdsjxBb6CbmaR94DYNDnRcT0Y7zGPNYGndZtfT939pPrpeljXOcfOgcpew==
- handsontable/0.0.0-next-e363287-20230203/handsontable.css: sha512-i7l35ivc9rnauggu5kHueUOQEGKSfwPmAaOkrg4i3A9TcFpJkbfTGvOEPa/GfEeJXtVeUp2qekIrlpF5PxD2zg==
- handsontable/0.0.0-next-e363287-20230203/handsontable.full.css: sha512-S/notGbt6ygT3mrooXJuVxrrc6cG+1d9ITP6OMqATsZ8/8qJv5/IvIW6/VlpGpM+dImkQA/fQ0adDzxifeWfSg==
- handsontable/0.0.0-next-e363287-20230203/handsontable.full.js: sha512-k0oNLb96WY0QvxcFyk5CgT8O6Iz81LiVdTxtpbC7UUszObCoW+xYXFA/bHcV7FBDgqtLs9hlumD9wheVJDFRNA==
- handsontable/0.0.0-next-e363287-20230203/handsontable.full.min.css: sha512-kjexCTJyGOI9fZU5q9sN1A1srryXYguorRbUEbQ4bUB8kL10Bqkf1q60gK8zegQe/82FS3zHeMNpKfFELnZVfw==
