config: {"authors":[{"name":"Facebook"}],"autoupdate":{"source":"npm","target":"react-dom","fileMap":[{"basePath":"dist","files":["**/*"]},{"basePath":"","files":["+(cjs|umd)/**/*"]}],"ignoreVersions":["*-alpha.*[a-z]*","0.0.0-*"]},"description":"The entry point of the DOM-related rendering paths. It is intended to be paired with the isomorphic React, which is shipped as react to npm.","filename":"umd/react-dom.production.min.js","homepage":"https://facebook.github.io/react/","keywords":["react","jsx","transformer","view","dom","server"],"license":"MIT","name":"react-dom","repository":{"type":"git","url":"https://github.com/facebook/react"},"author":"Facebook"}
KV keys:
- react-dom/18.0.0-alpha-9f88b5355-20210728/cjs/react-dom-server-legacy.browser.development.js.br
- react-dom/18.0.0-alpha-9f88b5355-20210728/cjs/react-dom-server-legacy.browser.development.js.gz
- react-dom/18.0.0-alpha-9f88b5355-20210728/cjs/react-dom-server-legacy.browser.development.min.js.br
- react-dom/18.0.0-alpha-9f88b5355-20210728/cjs/react-dom-server-legacy.browser.development.min.js.gz
- react-dom/18.0.0-alpha-9f88b5355-20210728/cjs/react-dom-server-legacy.browser.production.min.js.br
- react-dom/18.0.0-alpha-9f88b5355-20210728/cjs/react-dom-server-legacy.browser.production.min.js.gz
- react-dom/18.0.0-alpha-9f88b5355-20210728/cjs/react-dom-server-legacy.node.development.js.br
- react-dom/18.0.0-alpha-9f88b5355-20210728/cjs/react-dom-server-legacy.node.development.js.gz
- react-dom/18.0.0-alpha-9f88b5355-20210728/cjs/react-dom-server-legacy.node.development.min.js.br
- react-dom/18.0.0-alpha-9f88b5355-20210728/cjs/react-dom-server-legacy.node.development.min.js.gz
- react-dom/18.0.0-alpha-9f88b5355-20210728/cjs/react-dom-server-legacy.node.production.min.js.br
- react-dom/18.0.0-alpha-9f88b5355-20210728/cjs/react-dom-server-legacy.node.production.min.js.gz
- react-dom/18.0.0-alpha-9f88b5355-20210728/cjs/react-dom-server.browser.development.js.br
- react-dom/18.0.0-alpha-9f88b5355-20210728/cjs/react-dom-server.browser.development.js.gz
- react-dom/18.0.0-alpha-9f88b5355-20210728/cjs/react-dom-server.browser.development.min.js.br
- react-dom/18.0.0-alpha-9f88b5355-20210728/cjs/react-dom-server.browser.development.min.js.gz
- react-dom/18.0.0-alpha-9f88b5355-20210728/cjs/react-dom-server.browser.production.min.js.br
- react-dom/18.0.0-alpha-9f88b5355-20210728/cjs/react-dom-server.browser.production.min.js.gz
- react-dom/18.0.0-alpha-9f88b5355-20210728/cjs/react-dom-server.node.development.js.br
- react-dom/18.0.0-alpha-9f88b5355-20210728/cjs/react-dom-server.node.development.js.gz
- react-dom/18.0.0-alpha-9f88b5355-20210728/cjs/react-dom-server.node.development.min.js.br
- react-dom/18.0.0-alpha-9f88b5355-20210728/cjs/react-dom-server.node.development.min.js.gz
- react-dom/18.0.0-alpha-9f88b5355-20210728/cjs/react-dom-server.node.production.min.js.br
- react-dom/18.0.0-alpha-9f88b5355-20210728/cjs/react-dom-server.node.production.min.js.gz
- react-dom/18.0.0-alpha-9f88b5355-20210728/cjs/react-dom-test-utils.development.js.br
- react-dom/18.0.0-alpha-9f88b5355-20210728/cjs/react-dom-test-utils.development.js.gz
- react-dom/18.0.0-alpha-9f88b5355-20210728/cjs/react-dom-test-utils.development.min.js.br
- react-dom/18.0.0-alpha-9f88b5355-20210728/cjs/react-dom-test-utils.development.min.js.gz
- react-dom/18.0.0-alpha-9f88b5355-20210728/cjs/react-dom-test-utils.production.min.js.br
- react-dom/18.0.0-alpha-9f88b5355-20210728/cjs/react-dom-test-utils.production.min.js.gz
- react-dom/18.0.0-alpha-9f88b5355-20210728/cjs/react-dom.development.js.br
- react-dom/18.0.0-alpha-9f88b5355-20210728/cjs/react-dom.development.js.gz
- react-dom/18.0.0-alpha-9f88b5355-20210728/cjs/react-dom.development.min.js.br
- react-dom/18.0.0-alpha-9f88b5355-20210728/cjs/react-dom.development.min.js.gz
- react-dom/18.0.0-alpha-9f88b5355-20210728/cjs/react-dom.production.min.js.br
- react-dom/18.0.0-alpha-9f88b5355-20210728/cjs/react-dom.production.min.js.gz
- react-dom/18.0.0-alpha-9f88b5355-20210728/cjs/react-dom.profiling.min.js.br
- react-dom/18.0.0-alpha-9f88b5355-20210728/cjs/react-dom.profiling.min.js.gz
- react-dom/18.0.0-alpha-9f88b5355-20210728/umd/react-dom-server-legacy.browser.development.js.br
- react-dom/18.0.0-alpha-9f88b5355-20210728/umd/react-dom-server-legacy.browser.development.js.gz
- react-dom/18.0.0-alpha-9f88b5355-20210728/umd/react-dom-server-legacy.browser.development.min.js.br
- react-dom/18.0.0-alpha-9f88b5355-20210728/umd/react-dom-server-legacy.browser.development.min.js.gz
- react-dom/18.0.0-alpha-9f88b5355-20210728/umd/react-dom-server-legacy.browser.production.min.js.br
- react-dom/18.0.0-alpha-9f88b5355-20210728/umd/react-dom-server-legacy.browser.production.min.js.gz
- react-dom/18.0.0-alpha-9f88b5355-20210728/umd/react-dom-server.browser.development.js.br
- react-dom/18.0.0-alpha-9f88b5355-20210728/umd/react-dom-server.browser.development.js.gz
- react-dom/18.0.0-alpha-9f88b5355-20210728/umd/react-dom-server.browser.development.min.js.br
- react-dom/18.0.0-alpha-9f88b5355-20210728/umd/react-dom-server.browser.development.min.js.gz
- react-dom/18.0.0-alpha-9f88b5355-20210728/umd/react-dom-server.browser.production.min.js.br
- react-dom/18.0.0-alpha-9f88b5355-20210728/umd/react-dom-server.browser.production.min.js.gz
- react-dom/18.0.0-alpha-9f88b5355-20210728/umd/react-dom-test-utils.development.js.br
- react-dom/18.0.0-alpha-9f88b5355-20210728/umd/react-dom-test-utils.development.js.gz
- react-dom/18.0.0-alpha-9f88b5355-20210728/umd/react-dom-test-utils.development.min.js.br
- react-dom/18.0.0-alpha-9f88b5355-20210728/umd/react-dom-test-utils.development.min.js.gz
- react-dom/18.0.0-alpha-9f88b5355-20210728/umd/react-dom-test-utils.production.min.js.br
- react-dom/18.0.0-alpha-9f88b5355-20210728/umd/react-dom-test-utils.production.min.js.gz
- react-dom/18.0.0-alpha-9f88b5355-20210728/umd/react-dom.development.js.br
- react-dom/18.0.0-alpha-9f88b5355-20210728/umd/react-dom.development.js.gz
- react-dom/18.0.0-alpha-9f88b5355-20210728/umd/react-dom.development.min.js.br
- react-dom/18.0.0-alpha-9f88b5355-20210728/umd/react-dom.development.min.js.gz
- react-dom/18.0.0-alpha-9f88b5355-20210728/umd/react-dom.production.min.js.br
- react-dom/18.0.0-alpha-9f88b5355-20210728/umd/react-dom.production.min.js.gz
- react-dom/18.0.0-alpha-9f88b5355-20210728/umd/react-dom.profiling.min.js.br
- react-dom/18.0.0-alpha-9f88b5355-20210728/umd/react-dom.profiling.min.js.gz
SRIs:
- react-dom/18.0.0-alpha-9f88b5355-20210728/cjs/react-dom-test-utils.development.js: sha512-dRoU1ULVIjcMqH0L3a6RcZcW2RJk2QUxYo2pYuZg4bIjkPZCNy3Y4TFFNdxCBYLRWAHoThXbXgdFp3rFvv016w==
- react-dom/18.0.0-alpha-9f88b5355-20210728/umd/react-dom-server.browser.production.min.js: sha512-cQI/Da9whVMnGkIZn4HSXJlEUWJUqni6xlJLFkuo2bwhKoHHyIN/+6Dlmu1hBrnXpBX1Fpkx47pc/gahIUFQDw==
- react-dom/18.0.0-alpha-9f88b5355-20210728/umd/react-dom-test-utils.production.min.js: sha512-MjGDmPD259/JgNa5vjm6q0oiHqCDLkh/zb3ZfzLbbjpj70wHfSoIzJo7qto3+algBSQl4iP0wkcQksPUxAnz0Q==
- react-dom/18.0.0-alpha-9f88b5355-20210728/cjs/react-dom-server-legacy.browser.development.min.js: sha512-dk2sJT7nuksF7scVW+jagyVHf4pbVY4rt6WYEl/55AzjMaoEGnO3KaCXUo497WLxpjZWX65/cGdLgu0yiUJSxw==
- react-dom/18.0.0-alpha-9f88b5355-20210728/cjs/react-dom-server-legacy.browser.production.min.js: sha512-F74rNZMyxkvIWpJK96WCySrAOxX1oYHP1OAjq4apddLBUyY8my4ss4ysX7U37BlZyHXJD/Xu0BNjTL+ljLlaTQ==
- react-dom/18.0.0-alpha-9f88b5355-20210728/cjs/react-dom-server.browser.production.min.js: sha512-cdC9J36doaIkTISbjmL+oJMDGeBRK3kCtliJpvVsxlcHqfjQpLzi63EjXPdlvgM2sTG8GRjGN3g7nCiQM+p3QQ==
- react-dom/18.0.0-alpha-9f88b5355-20210728/cjs/react-dom-test-utils.development.min.js: sha512-0InIW/mOKi94gUlBNk2pOqQcgMlEkEF5LKmqBgI2JShL7FhwkrDx6ldQqDGatd739IlQQbBnvv44uPQAZ43xZA==
- react-dom/18.0.0-alpha-9f88b5355-20210728/cjs/react-dom.development.min.js: sha512-ZsfQyVX1bIApqginXmbfbwpYSd7IzgbbviI9l9uBkl9KwBnYNJICIVGjH5RD3W3h2NiCjRcZfYj75LGNF3/zoQ==
- react-dom/18.0.0-alpha-9f88b5355-20210728/cjs/react-dom.profiling.min.js: sha512-l9TJrh+RtBCdT7QLsK7LNuFwhc0JAk6dbyQXVCjCssK0WMEQyyXT17whwu2t4wnUJ+uAoqmC/y1FFhEtDlv0Ig==
- react-dom/18.0.0-alpha-9f88b5355-20210728/umd/react-dom-server-legacy.browser.production.min.js: sha512-E7C649HC3/3KneDPFrAewBOetr+ei8zuW+pdZZXUpccDiC2V19nbh1OcUykktrlAGLGdlmtKNaljikbbNCdSqQ==
- react-dom/18.0.0-alpha-9f88b5355-20210728/cjs/react-dom.production.min.js: sha512-xzmEu+0+ccOJUOrPiethZgDNROv/yMeBEMfWjFNVm7SoBSha51zS/I0hiIJiXQG1UmHn3hIKAABu8RdfNlG63A==
- react-dom/18.0.0-alpha-9f88b5355-20210728/umd/react-dom-test-utils.development.min.js: sha512-8y0495w1v9BbeMMOY+2chfoiLNtsC+hr+FJdvi32HhzXU4OaHuK6n0VV7+2d098mvWqZryUW5Ebr32S3Z3rmjA==
- react-dom/18.0.0-alpha-9f88b5355-20210728/cjs/react-dom-server-legacy.browser.development.js: sha512-1GeWo8lWIVc/9CPdEE3Ojox93Mc31CsdTl6yVAJnbXcQIsB0lNjPGIrdqxkxQhiFbTVVmai2GWQbUJdYeaOqOQ==
- react-dom/18.0.0-alpha-9f88b5355-20210728/cjs/react-dom-server-legacy.node.development.min.js: sha512-vDs38UPZQdv5nm1LeSIbJZat6SYMLVZzJbGmTvk6k+ArR8iKkHycZHMNB0rKwyG0alUbiju8imtdEibpt53Tow==
- react-dom/18.0.0-alpha-9f88b5355-20210728/cjs/react-dom-server.node.development.js: sha512-tpnK3micv8KtCjkVoG+CGUELiaJt0Duc6EN2tMyc2ISw28yeQQDbLeDm7FFpgvSkij7kB+dos3byadZTnQx6JQ==
- react-dom/18.0.0-alpha-9f88b5355-20210728/cjs/react-dom.development.js: sha512-yT8/2XWAUMkXKhakwQCdo9fY7JV2XzTqZ7FcyR/LRkr2+wk4BIkHjhrXbuxV0HDL1j3GHpl5y1Zfbq5U+sGhZw==
- react-dom/18.0.0-alpha-9f88b5355-20210728/umd/react-dom-server.browser.development.js: sha512-TpmSjGVq2KKSkx9bsL62nSnnwwBW4twAUTWfiGQy3tWf/GYKS/unES4CNH5DdBJ/OSRHDpmBIG24+jhJ44++1w==
- react-dom/18.0.0-alpha-9f88b5355-20210728/cjs/react-dom-server.browser.development.js: sha512-t0mekWADbOHXISPLxfu1PgAPIIXoMYm77I1tIW7qQEn/UQl3gdUkNDv0HjKEoi2aVfsvWOl4+bvb9xSfZ4nV6A==
- react-dom/18.0.0-alpha-9f88b5355-20210728/cjs/react-dom-server.node.development.min.js: sha512-gm6Zt2UG39RfWYFB1Bgjt0JE7cLJ5+E5mIrU98M3SRJXTNbfoxnUcJlmyUSNfgNACH1LhmX5vNurN4MlFPyAUg==
- react-dom/18.0.0-alpha-9f88b5355-20210728/cjs/react-dom-server.node.production.min.js: sha512-STCTRbbtvS1J6IRwLzKLw+hDNTRUbLtcDpn7RZj5iOAf84GiBY+S0XkD8GCXO3QET1y5e5vzHVb8uo0ozQq8pw==
- react-dom/18.0.0-alpha-9f88b5355-20210728/umd/react-dom-server-legacy.browser.development.min.js: sha512-JZ1gN9Rd+LuppX1m5KcUciAu0cZRh7gAVU11BM+IkXDH6nDDn8d1FsK9S0KVKgayBvb4AdfdW24Sg+/qQkA6vQ==
- react-dom/18.0.0-alpha-9f88b5355-20210728/umd/react-dom-test-utils.development.js: sha512-FXadv5KGWPeS8pX1Jck/0WsvBd10h+jboG0xeTzdbiz0L2YpvxMUXkuAiq3IBHzbRka0cy7DMd2WKZCXpGRrlw==
- react-dom/18.0.0-alpha-9f88b5355-20210728/umd/react-dom.development.js: sha512-aXdYyZ3imEgJuCGqQj/PuG/I9Qz9VuhpJVgyxxemGiBpcnRXl1+QqSJ7KoTeEe6Eq2sRFa7BLE9G0tc0NNq4kA==
- react-dom/18.0.0-alpha-9f88b5355-20210728/cjs/react-dom-server-legacy.node.development.js: sha512-on1k8cbbdLFNPL45O1e9+hSZKYu+oQYC6es8FsPQjPzU78084PU6ZVkut9zdSl3j8SWVXn5I+1AqePi60F5I+g==
- react-dom/18.0.0-alpha-9f88b5355-20210728/cjs/react-dom-server-legacy.node.production.min.js: sha512-u961PXemeDRsf/JvEXw5FMTSiePOLVrtXr3VSSep/uoMP9KtOtQLAIqkLZZXCEqwk/+l8QLv+uqh07Q4YhXwzg==
- react-dom/18.0.0-alpha-9f88b5355-20210728/cjs/react-dom-server.browser.development.min.js: sha512-q8icMFFl80DZwXcKayDHJIAIcRUDKWKsYIGphu4U25V7/tzgoloUsE35EIHiLpNyW29IeirEKc8SV/0g4vXy5Q==
- react-dom/18.0.0-alpha-9f88b5355-20210728/cjs/react-dom-test-utils.production.min.js: sha512-vyu90kcvGr25XIUTHoHJJeMyE/JG3xCYtdwkp8lJ7jG91TicgZVRcVA7JrDDaXuJIAeyxzfb3bax/6AOkw1HDQ==
- react-dom/18.0.0-alpha-9f88b5355-20210728/umd/react-dom-server-legacy.browser.development.js: sha512-ON4ZlC8Yo5EEKAjsoK8SXfsyO7cz35C0kUF3K8i2yjNk4D5o0OAt1ambCOAzlm2MKE0Cu9QVzrUjNCNo9bjYOw==
- react-dom/18.0.0-alpha-9f88b5355-20210728/umd/react-dom-server.browser.development.min.js: sha512-IaPTOeEkzlHkHDicUdBrI6G2wmgNIWblQff+0cT/Lcs1RHjoJ4zON8dT45UxytJwigsSUsf21K9KlugrNQXx9Q==
- react-dom/18.0.0-alpha-9f88b5355-20210728/umd/react-dom.development.min.js: sha512-wBYJpztaGa0uvbmSJNM2u3ueQPf7+QvieGUsVJseG4YiwqTpkXQi6tAKbpJXSzqlnuQkuvhHQPWbsqIQDUg0fg==
- react-dom/18.0.0-alpha-9f88b5355-20210728/umd/react-dom.production.min.js: sha512-yLM3SnzemRe547FgM5fYcQupFAo004HOMxD9b0SaMVA+621cYpRSuMkJTQfVkZb5coMdVlN8kHqpevNId1O7nA==
- react-dom/18.0.0-alpha-9f88b5355-20210728/umd/react-dom.profiling.min.js: sha512-VQfxAgo9pBwDksEFvyoAZCnhwCiaGuK8UqhE3ksgctNHNNI2eXdiLgu9PYeIE3LiBnjX+LJKoWTaym29OsHLIg==
