config: {"authors":[{"name":"Algolia","email":"support@algolia.com"}],"autoupdate":{"source":"npm","target":"instantsearch.js","fileMap":[{"basePath":"dist","files":["**/!(*.gz)"]}]},"description":"instantsearch.js is a library of widgets to build high performance instant search experiences using Algolia","filename":"instantsearch.production.min.js","keywords":["instantsearch.js"],"license":"MIT","name":"instantsearch.js","repository":{"type":"git","url":"https://github.com/algolia/instantsearch.js"},"author":"Algolia \u003csupport@algolia.com\u003e"}
KV keys:
- instantsearch.js/4.45.1/instantsearch.development.d.ts.br
- instantsearch.js/4.45.1/instantsearch.development.d.ts.gz
- instantsearch.js/4.45.1/instantsearch.development.js.br
- instantsearch.js/4.45.1/instantsearch.development.js.gz
- instantsearch.js/4.45.1/instantsearch.development.js.map.br
- instantsearch.js/4.45.1/instantsearch.development.js.map.gz
- instantsearch.js/4.45.1/instantsearch.development.min.js.br
- instantsearch.js/4.45.1/instantsearch.development.min.js.gz
- instantsearch.js/4.45.1/instantsearch.production.d.ts.br
- instantsearch.js/4.45.1/instantsearch.production.d.ts.gz
- instantsearch.js/4.45.1/instantsearch.production.min.d.ts.br
- instantsearch.js/4.45.1/instantsearch.production.min.d.ts.gz
- instantsearch.js/4.45.1/instantsearch.production.min.js.br
- instantsearch.js/4.45.1/instantsearch.production.min.js.gz
- instantsearch.js/4.45.1/instantsearch.production.min.js.map.br
- instantsearch.js/4.45.1/instantsearch.production.min.js.map.gz
SRIs:
- instantsearch.js/4.45.1/instantsearch.development.js: sha512-I1equCeJAs2ICW3UC2Xr0/VBD0ms/QIHMgWl47dY3xPBJUzSqOVCUovjp2f4nBT8848/Rjckcy3r88A7NWKW6w==
- instantsearch.js/4.45.1/instantsearch.development.min.js: sha512-VQnSaxrVeIGVbAul0yE7Tg35eUtVCV3gEQIFlw5wiJ1x/K91R4a/7LZGEQFOovgV/eJHmPbKORul9NewVFJWvQ==
- instantsearch.js/4.45.1/instantsearch.production.min.js: sha512-/Y1B8h7i/k2WRxeT9FbZzu8/xt4LbLRk8AxVC2DaZOgBPt6Ode+HafrkmK2qZiRZQr4z+FDeBLUXdMpbnYAaWg==
