Files:
- fontsource-krona-one/5.0.0/400.css.br
- fontsource-krona-one/5.0.0/400.css.gz
- fontsource-krona-one/5.0.0/400.min.css.br
- fontsource-krona-one/5.0.0/400.min.css.gz
- fontsource-krona-one/5.0.0/files/krona-one-latin-400-normal.woff.br
- fontsource-krona-one/5.0.0/files/krona-one-latin-400-normal.woff.gz
- fontsource-krona-one/5.0.0/files/krona-one-latin-400-normal.woff2
- fontsource-krona-one/5.0.0/files/krona-one-latin-ext-400-normal.woff.br
- fontsource-krona-one/5.0.0/files/krona-one-latin-ext-400-normal.woff.gz
- fontsource-krona-one/5.0.0/files/krona-one-latin-ext-400-normal.woff2
- fontsource-krona-one/5.0.0/index.css.br
- fontsource-krona-one/5.0.0/index.css.gz
- fontsource-krona-one/5.0.0/index.min.css.br
- fontsource-krona-one/5.0.0/index.min.css.gz
- fontsource-krona-one/5.0.0/latin-400.css.br
- fontsource-krona-one/5.0.0/latin-400.css.gz
- fontsource-krona-one/5.0.0/latin-400.min.css.br
- fontsource-krona-one/5.0.0/latin-400.min.css.gz
- fontsource-krona-one/5.0.0/latin-ext-400.css.br
- fontsource-krona-one/5.0.0/latin-ext-400.css.gz
- fontsource-krona-one/5.0.0/latin-ext-400.min.css.br
- fontsource-krona-one/5.0.0/latin-ext-400.min.css.gz
- fontsource-krona-one/5.0.0/latin-ext.css.br
- fontsource-krona-one/5.0.0/latin-ext.css.gz
- fontsource-krona-one/5.0.0/latin-ext.min.css.br
- fontsource-krona-one/5.0.0/latin-ext.min.css.gz
- fontsource-krona-one/5.0.0/latin.css.br
- fontsource-krona-one/5.0.0/latin.css.gz
- fontsource-krona-one/5.0.0/latin.min.css.br
- fontsource-krona-one/5.0.0/latin.min.css.gz
