config: {"authors":[{"name":"Google Inc."}],"autoupdate":{"source":"npm","target":"@fontsource/mclaren","fileMap":[{"basePath":"","files":["*.css","files/*.@(woff|woff2)"]}],"excludeFromSearch":true},"description":"Self-host the McLaren font in a neatly bundled NPM package.","filename":"index.css","homepage":"https://fontsource.org/fonts/mclaren","keywords":["fontsource","font","font family","google fonts","mclaren","McLaren","css","sass","front-end","web","typeface","variable"],"license":"OFL-1.1","name":"fontsource-mclaren","repository":{"type":"git","url":"git+https://github.com/fontsource/font-files.git"},"author":"Google Inc."}
KV keys:
- fontsource-mclaren/5.0.5/400.css.br
- fontsource-mclaren/5.0.5/400.css.gz
- fontsource-mclaren/5.0.5/400.min.css.br
- fontsource-mclaren/5.0.5/400.min.css.gz
- fontsource-mclaren/5.0.5/files/mclaren-latin-400-normal.woff.br
- fontsource-mclaren/5.0.5/files/mclaren-latin-400-normal.woff.gz
- fontsource-mclaren/5.0.5/files/mclaren-latin-400-normal.woff2
- fontsource-mclaren/5.0.5/files/mclaren-latin-ext-400-normal.woff.br
- fontsource-mclaren/5.0.5/files/mclaren-latin-ext-400-normal.woff.gz
- fontsource-mclaren/5.0.5/files/mclaren-latin-ext-400-normal.woff2
- fontsource-mclaren/5.0.5/index.css.br
- fontsource-mclaren/5.0.5/index.css.gz
- fontsource-mclaren/5.0.5/index.min.css.br
- fontsource-mclaren/5.0.5/index.min.css.gz
- fontsource-mclaren/5.0.5/latin-400.css.br
- fontsource-mclaren/5.0.5/latin-400.css.gz
- fontsource-mclaren/5.0.5/latin-400.min.css.br
- fontsource-mclaren/5.0.5/latin-400.min.css.gz
- fontsource-mclaren/5.0.5/latin-ext-400.css.br
- fontsource-mclaren/5.0.5/latin-ext-400.css.gz
- fontsource-mclaren/5.0.5/latin-ext-400.min.css.br
- fontsource-mclaren/5.0.5/latin-ext-400.min.css.gz
- fontsource-mclaren/5.0.5/latin-ext.css.br
- fontsource-mclaren/5.0.5/latin-ext.css.gz
- fontsource-mclaren/5.0.5/latin-ext.min.css.br
- fontsource-mclaren/5.0.5/latin-ext.min.css.gz
- fontsource-mclaren/5.0.5/latin.css.br
- fontsource-mclaren/5.0.5/latin.css.gz
- fontsource-mclaren/5.0.5/latin.min.css.br
- fontsource-mclaren/5.0.5/latin.min.css.gz
SRIs:
- fontsource-mclaren/5.0.5/latin-ext-400.css: sha512-w7v73QurvF5N08i4QSlJngngILyhr6tQe0TNEY+vnTkXcgd+vJWO9qlxPNN9Lb9HHO4YeJID3U3+bjkn+TftBQ==
- fontsource-mclaren/5.0.5/latin-ext.css: sha512-w7v73QurvF5N08i4QSlJngngILyhr6tQe0TNEY+vnTkXcgd+vJWO9qlxPNN9Lb9HHO4YeJID3U3+bjkn+TftBQ==
- fontsource-mclaren/5.0.5/index.css: sha512-voZYaMC2CtmlUk7nOK+uWaFrRBZQTSbfQzt4D8fL5BXOkeZWklhb1HVs8jcRhReDbQ0y0bHes/WzxxfMmh9qFg==
- fontsource-mclaren/5.0.5/index.min.css: sha512-ANQLPCXwaaOkO8S5W91+iIglCIiIsyOnRML6re5vOvuQIRiSy3BCU5Xv7dul4Te1IkudyBiIY4A9jyNrKOGBSw==
- fontsource-mclaren/5.0.5/latin-400.css: sha512-pyrAmxNY1xiBnvAyQDq68UGPWFIlGJ20boDDBEji6J59Ask5Wz+t3a9tYEy1SnOEaDe+iwfWsRypFQwLXYvw0A==
- fontsource-mclaren/5.0.5/latin-400.min.css: sha512-SGZmuIVAyifINdzQiZRSA0jb57XmECdWCFUOYgJ865MdCBG5BHzAVxz7QtUklTxdqyZO1fzDjcfC+r2OuBW5Qg==
- fontsource-mclaren/5.0.5/latin-ext-400.min.css: sha512-LDDd3PKHRuu5RaPlQxiL/PpNoxNCibK/JvbGUvR+eTn3MPihM2qNlgBjDyf1W7Vcy+2NzMFI4ggt4FRvn1aoZw==
- fontsource-mclaren/5.0.5/latin-ext.min.css: sha512-LDDd3PKHRuu5RaPlQxiL/PpNoxNCibK/JvbGUvR+eTn3MPihM2qNlgBjDyf1W7Vcy+2NzMFI4ggt4FRvn1aoZw==
- fontsource-mclaren/5.0.5/400.css: sha512-voZYaMC2CtmlUk7nOK+uWaFrRBZQTSbfQzt4D8fL5BXOkeZWklhb1HVs8jcRhReDbQ0y0bHes/WzxxfMmh9qFg==
- fontsource-mclaren/5.0.5/400.min.css: sha512-ANQLPCXwaaOkO8S5W91+iIglCIiIsyOnRML6re5vOvuQIRiSy3BCU5Xv7dul4Te1IkudyBiIY4A9jyNrKOGBSw==
- fontsource-mclaren/5.0.5/latin.css: sha512-pyrAmxNY1xiBnvAyQDq68UGPWFIlGJ20boDDBEji6J59Ask5Wz+t3a9tYEy1SnOEaDe+iwfWsRypFQwLXYvw0A==
- fontsource-mclaren/5.0.5/latin.min.css: sha512-SGZmuIVAyifINdzQiZRSA0jb57XmECdWCFUOYgJ865MdCBG5BHzAVxz7QtUklTxdqyZO1fzDjcfC+r2OuBW5Qg==
