Files:
- fontsource-trade-winds/4.5.10/400.css.br
- fontsource-trade-winds/4.5.10/400.css.gz
- fontsource-trade-winds/4.5.10/400.min.css.br
- fontsource-trade-winds/4.5.10/400.min.css.gz
- fontsource-trade-winds/4.5.10/files/trade-winds-all-400-normal.woff.br
- fontsource-trade-winds/4.5.10/files/trade-winds-all-400-normal.woff.gz
- fontsource-trade-winds/4.5.10/files/trade-winds-latin-400-normal.woff.br
- fontsource-trade-winds/4.5.10/files/trade-winds-latin-400-normal.woff.gz
- fontsource-trade-winds/4.5.10/files/trade-winds-latin-400-normal.woff2
- fontsource-trade-winds/4.5.10/index.css.br
- fontsource-trade-winds/4.5.10/index.css.gz
- fontsource-trade-winds/4.5.10/index.min.css.br
- fontsource-trade-winds/4.5.10/index.min.css.gz
- fontsource-trade-winds/4.5.10/latin-400.css.br
- fontsource-trade-winds/4.5.10/latin-400.css.gz
- fontsource-trade-winds/4.5.10/latin-400.min.css.br
- fontsource-trade-winds/4.5.10/latin-400.min.css.gz
- fontsource-trade-winds/4.5.10/latin.css.br
- fontsource-trade-winds/4.5.10/latin.css.gz
- fontsource-trade-winds/4.5.10/latin.min.css.br
- fontsource-trade-winds/4.5.10/latin.min.css.gz
