config: {"authors":[{"name":"Francisco Hodge","email":"hello@franciscohodge.com","url":"https://github.com/hodgef"}],"autoupdate":{"source":"npm","target":"simple-keyboard","fileMap":[{"basePath":"build","files":["*.js","css/*.css","types/*.d.ts"]}]},"description":"On-screen Javascript Virtual Keyboard","filename":"index.js","homepage":"https://virtual-keyboard.js.org/","keywords":["javascript","es6","digital","keyboard","onscreen","virtual","screen-keyboard","component","virtual-keyboard","touchscreen","touch-screen","kiosk","osk","js"],"license":"MIT","name":"simple-keyboard","repository":{"type":"git","url":"git+https://github.com/hodgef/simple-keyboard.git"},"author":"Francisco Hodge \u003chello@franciscohodge.com\u003e (https://github.com/hodgef)"}
KV keys:
- simple-keyboard/3.5.22/css/index.css.br
- simple-keyboard/3.5.22/css/index.css.gz
- simple-keyboard/3.5.22/css/index.min.css.br
- simple-keyboard/3.5.22/css/index.min.css.gz
- simple-keyboard/3.5.22/index.js.br
- simple-keyboard/3.5.22/index.js.gz
- simple-keyboard/3.5.22/index.min.js.br
- simple-keyboard/3.5.22/index.min.js.gz
- simple-keyboard/3.5.22/index.modern.js.br
- simple-keyboard/3.5.22/index.modern.js.gz
- simple-keyboard/3.5.22/index.modern.min.js.br
- simple-keyboard/3.5.22/index.modern.min.js.gz
SRIs:
- simple-keyboard/3.5.22/css/index.css: sha512-1a8Q8obDSemYD9QSg2bdBvMSqj9z+C6ucXEuGpuAxPBNBKgVEoTDkX4h0QUfBJgJ6NJcL4QN7Hn0K54W55hYqw==
- simple-keyboard/3.5.22/css/index.min.css: sha512-xqIKHJOGZRPCGoN8IJl+jrT6qTcnCV0jiQsgGLwHvwmrJ/MmUk0ulb2BfH6IugQ3YotDqqYR9v4imN1zPH8BFw==
- simple-keyboard/3.5.22/index.js: sha512-WFT0U2WVAtwowEQgV04tn2ECePwZYKE+1fRKHsByhVx/dpfDcG/1b7fYVfh6BUdlI0q3EmALbHNLY4lprNMWyg==
- simple-keyboard/3.5.22/index.min.js: sha512-To6TYFYbB+GSa+2rMLhyipA77b1GYH9paE46zzPNIAZsH2VlcDVGnmG9Z1dZw6lo9iOwLJpI/581avH6wRP4qw==
- simple-keyboard/3.5.22/index.modern.js: sha512-5aV+HqWJAYKDGF8unsV8/EsZR9Y64+PFHlshjkGAwI2SIPyLqOWGoo56Skvqzl6IOqSp9Jrr3pPuJBGMX0d8oQ==
- simple-keyboard/3.5.22/index.modern.min.js: sha512-u/RjI6pwoVpGXgX9fGb0toAhD5N5TkWY1i2GNerQ4FiQzhnJZac6tEp43sfHD8Otc7qBygrSiy7Br7GmN+SUmA==
