Files:
- fontsource-marko-one/4.5.8/400.css.br
- fontsource-marko-one/4.5.8/400.css.gz
- fontsource-marko-one/4.5.8/400.min.css.br
- fontsource-marko-one/4.5.8/400.min.css.gz
- fontsource-marko-one/4.5.8/files/marko-one-all-400-normal.woff.br
- fontsource-marko-one/4.5.8/files/marko-one-all-400-normal.woff.gz
- fontsource-marko-one/4.5.8/files/marko-one-latin-400-normal.woff.br
- fontsource-marko-one/4.5.8/files/marko-one-latin-400-normal.woff.gz
- fontsource-marko-one/4.5.8/files/marko-one-latin-400-normal.woff2
- fontsource-marko-one/4.5.8/index.css.br
- fontsource-marko-one/4.5.8/index.css.gz
- fontsource-marko-one/4.5.8/index.min.css.br
- fontsource-marko-one/4.5.8/index.min.css.gz
- fontsource-marko-one/4.5.8/latin-400.css.br
- fontsource-marko-one/4.5.8/latin-400.css.gz
- fontsource-marko-one/4.5.8/latin-400.min.css.br
- fontsource-marko-one/4.5.8/latin-400.min.css.gz
- fontsource-marko-one/4.5.8/latin.css.br
- fontsource-marko-one/4.5.8/latin.css.gz
- fontsource-marko-one/4.5.8/latin.min.css.br
- fontsource-marko-one/4.5.8/latin.min.css.gz
