Files:
- fontsource-viaoda-libre/5.0.7/400.css.br
- fontsource-viaoda-libre/5.0.7/400.min.css.br
- fontsource-viaoda-libre/5.0.7/cyrillic-400.css.br
- fontsource-viaoda-libre/5.0.7/cyrillic-400.min.css.br
- fontsource-viaoda-libre/5.0.7/cyrillic-ext-400.css.br
- fontsource-viaoda-libre/5.0.7/cyrillic-ext-400.min.css.br
- fontsource-viaoda-libre/5.0.7/cyrillic-ext.css.br
- fontsource-viaoda-libre/5.0.7/cyrillic-ext.min.css.br
- fontsource-viaoda-libre/5.0.7/cyrillic.css.br
- fontsource-viaoda-libre/5.0.7/cyrillic.min.css.br
- fontsource-viaoda-libre/5.0.7/files/viaoda-libre-cyrillic-400-normal.woff.br
- fontsource-viaoda-libre/5.0.7/files/viaoda-libre-cyrillic-ext-400-normal.woff.br
- fontsource-viaoda-libre/5.0.7/files/viaoda-libre-latin-400-normal.woff.br
- fontsource-viaoda-libre/5.0.7/files/viaoda-libre-latin-ext-400-normal.woff.br
- fontsource-viaoda-libre/5.0.7/files/viaoda-libre-vietnamese-400-normal.woff.br
- fontsource-viaoda-libre/5.0.7/index.css.br
- fontsource-viaoda-libre/5.0.7/index.min.css.br
- fontsource-viaoda-libre/5.0.7/latin-400.css.br
- fontsource-viaoda-libre/5.0.7/latin-400.min.css.br
- fontsource-viaoda-libre/5.0.7/latin-ext-400.css.br
- fontsource-viaoda-libre/5.0.7/latin-ext-400.min.css.br
- fontsource-viaoda-libre/5.0.7/latin-ext.css.br
- fontsource-viaoda-libre/5.0.7/latin-ext.min.css.br
- fontsource-viaoda-libre/5.0.7/latin.css.br
- fontsource-viaoda-libre/5.0.7/latin.min.css.br
- fontsource-viaoda-libre/5.0.7/vietnamese-400.css.br
- fontsource-viaoda-libre/5.0.7/vietnamese-400.min.css.br
- fontsource-viaoda-libre/5.0.7/vietnamese.css.br
- fontsource-viaoda-libre/5.0.7/vietnamese.min.css.br
