Files:
- fontsource-noto-sans-cuneiform/5.0.16/400.css.gz
- fontsource-noto-sans-cuneiform/5.0.16/400.min.css.gz
- fontsource-noto-sans-cuneiform/5.0.16/cuneiform-400.css.gz
- fontsource-noto-sans-cuneiform/5.0.16/cuneiform-400.min.css.gz
- fontsource-noto-sans-cuneiform/5.0.16/cuneiform.css.gz
- fontsource-noto-sans-cuneiform/5.0.16/cuneiform.min.css.gz
- fontsource-noto-sans-cuneiform/5.0.16/files/noto-sans-cuneiform-cuneiform-400-normal.woff.gz
- fontsource-noto-sans-cuneiform/5.0.16/files/noto-sans-cuneiform-latin-400-normal.woff.gz
- fontsource-noto-sans-cuneiform/5.0.16/files/noto-sans-cuneiform-latin-ext-400-normal.woff.gz
- fontsource-noto-sans-cuneiform/5.0.16/index.css.gz
- fontsource-noto-sans-cuneiform/5.0.16/index.min.css.gz
- fontsource-noto-sans-cuneiform/5.0.16/latin-400.css.gz
- fontsource-noto-sans-cuneiform/5.0.16/latin-400.min.css.gz
- fontsource-noto-sans-cuneiform/5.0.16/latin-ext-400.css.gz
- fontsource-noto-sans-cuneiform/5.0.16/latin-ext-400.min.css.gz
- fontsource-noto-sans-cuneiform/5.0.16/latin-ext.css.gz
- fontsource-noto-sans-cuneiform/5.0.16/latin-ext.min.css.gz
- fontsource-noto-sans-cuneiform/5.0.16/latin.css.gz
- fontsource-noto-sans-cuneiform/5.0.16/latin.min.css.gz
