config: {"authors":[{"name":"ruffle contributors","url":"https://github.com/ruffle-rs/ruffle/graphs/contributors"}],"autoupdate":{"source":"npm","target":"@ruffle-rs/ruffle","fileMap":[{"basePath":"","files":["*.@(js|wasm)"]}]},"description":"Putting Flash back on the web. Ruffle will polyfill all Flash content and replace it with the Ruffle flash player.","filename":"ruffle.js","homepage":"https://ruffle.rs","keywords":["flash","swf"],"license":"(MIT OR Apache-2.0)","name":"ruffle-rs","repository":{"type":"git","url":"git+https://github.com/ruffle-rs/ruffle.git"},"author":"ruffle contributors (https://github.com/ruffle-rs/ruffle/graphs/contributors)"}
KV keys:
- ruffle-rs/0.1.0-nightly.2024.5.26/28d8b3960544fd9dfb05.wasm.br
- ruffle-rs/0.1.0-nightly.2024.5.26/28d8b3960544fd9dfb05.wasm.gz
- ruffle-rs/0.1.0-nightly.2024.5.26/308f53e3991542e49aaa.wasm.br
- ruffle-rs/0.1.0-nightly.2024.5.26/308f53e3991542e49aaa.wasm.gz
- ruffle-rs/0.1.0-nightly.2024.5.26/core.ruffle.07a6d6515c7fe36aacf7.js.br
- ruffle-rs/0.1.0-nightly.2024.5.26/core.ruffle.07a6d6515c7fe36aacf7.js.gz
- ruffle-rs/0.1.0-nightly.2024.5.26/core.ruffle.07a6d6515c7fe36aacf7.min.js.br
- ruffle-rs/0.1.0-nightly.2024.5.26/core.ruffle.07a6d6515c7fe36aacf7.min.js.gz
- ruffle-rs/0.1.0-nightly.2024.5.26/core.ruffle.95ee06eed1ae7b6e205a.js.br
- ruffle-rs/0.1.0-nightly.2024.5.26/core.ruffle.95ee06eed1ae7b6e205a.js.gz
- ruffle-rs/0.1.0-nightly.2024.5.26/core.ruffle.95ee06eed1ae7b6e205a.min.js.br
- ruffle-rs/0.1.0-nightly.2024.5.26/core.ruffle.95ee06eed1ae7b6e205a.min.js.gz
- ruffle-rs/0.1.0-nightly.2024.5.26/ruffle.js.br
- ruffle-rs/0.1.0-nightly.2024.5.26/ruffle.js.gz
- ruffle-rs/0.1.0-nightly.2024.5.26/ruffle.min.js.br
- ruffle-rs/0.1.0-nightly.2024.5.26/ruffle.min.js.gz
SRIs:
- ruffle-rs/0.1.0-nightly.2024.5.26/core.ruffle.07a6d6515c7fe36aacf7.min.js: sha512-tywGlqPUhveNOwXwQu9QEBQyv7ypggBSp4YjoZ92mvpRLccqeRv0sFTdLXe59seYjw1bzrDEXoxzYXvPa2OuKg==
- ruffle-rs/0.1.0-nightly.2024.5.26/core.ruffle.95ee06eed1ae7b6e205a.js: sha512-7zGDPhx0nulh2NM2rrfMBhJA44orSu5FMvZxgUfm0YwmZh1HnqMaofAFXwJ48AYPwAu0Tc/JnyyKy2kuW5oiYw==
- ruffle-rs/0.1.0-nightly.2024.5.26/core.ruffle.95ee06eed1ae7b6e205a.min.js: sha512-0preliJI2BsBF80klfFjZc+f+fBzFmH21IqwMrHQoCRTjjKuirOlqPOK5IlCJlRxJ64uDsiMMEGz+njpFLjDVA==
- ruffle-rs/0.1.0-nightly.2024.5.26/ruffle.js: sha512-ilrzfXFwo/666NMSWS1r0aS8xwU/xMz+npWGV8PqnTIHZFYHh0ZGpLhfz8HPMyY0CEKrpK9FfWBaLoshI1l6Uw==
- ruffle-rs/0.1.0-nightly.2024.5.26/ruffle.min.js: sha512-Y7HEsvXZvfCIy1f4iRNaaVcV9nEHxAjvH4H/2BkCddLlQjc2amWKT15RnVkPc3KC7xaVcgYQiZf667bJwYacoA==
- ruffle-rs/0.1.0-nightly.2024.5.26/core.ruffle.07a6d6515c7fe36aacf7.js: sha512-pw7pXqWg2RISY2uNoCqbOy1Urhxdj/cUqZQK+i9PkIENbCEbXW7mDAanE+HeLPup1cW3JlGqS11xReyuKz90pg==
