Files:
- fontsource-jomolhari/4.5.7/400.css.br
- fontsource-jomolhari/4.5.7/400.css.gz
- fontsource-jomolhari/4.5.7/400.min.css.br
- fontsource-jomolhari/4.5.7/400.min.css.gz
- fontsource-jomolhari/4.5.7/files/jomolhari-all-400-normal.woff.br
- fontsource-jomolhari/4.5.7/files/jomolhari-all-400-normal.woff.gz
- fontsource-jomolhari/4.5.7/files/jomolhari-latin-400-normal.woff.br
- fontsource-jomolhari/4.5.7/files/jomolhari-latin-400-normal.woff.gz
- fontsource-jomolhari/4.5.7/files/jomolhari-latin-400-normal.woff2
- fontsource-jomolhari/4.5.7/files/jomolhari-tibetan-400-normal.woff.br
- fontsource-jomolhari/4.5.7/files/jomolhari-tibetan-400-normal.woff.gz
- fontsource-jomolhari/4.5.7/files/jomolhari-tibetan-400-normal.woff2
- fontsource-jomolhari/4.5.7/index.css.br
- fontsource-jomolhari/4.5.7/index.css.gz
- fontsource-jomolhari/4.5.7/index.min.css.br
- fontsource-jomolhari/4.5.7/index.min.css.gz
- fontsource-jomolhari/4.5.7/latin-400.css.br
- fontsource-jomolhari/4.5.7/latin-400.css.gz
- fontsource-jomolhari/4.5.7/latin-400.min.css.br
- fontsource-jomolhari/4.5.7/latin-400.min.css.gz
- fontsource-jomolhari/4.5.7/latin.css.br
- fontsource-jomolhari/4.5.7/latin.css.gz
- fontsource-jomolhari/4.5.7/latin.min.css.br
- fontsource-jomolhari/4.5.7/latin.min.css.gz
- fontsource-jomolhari/4.5.7/tibetan-400.css.br
- fontsource-jomolhari/4.5.7/tibetan-400.css.gz
- fontsource-jomolhari/4.5.7/tibetan-400.min.css.br
- fontsource-jomolhari/4.5.7/tibetan-400.min.css.gz
- fontsource-jomolhari/4.5.7/tibetan.css.br
- fontsource-jomolhari/4.5.7/tibetan.css.gz
- fontsource-jomolhari/4.5.7/tibetan.min.css.br
- fontsource-jomolhari/4.5.7/tibetan.min.css.gz
