config: {"authors":[{"name":"NAVER Corp."}],"autoupdate":{"source":"npm","target":"@egjs/flicking","fileMap":[{"basePath":"dist","files":["**/!(flicking.esm.js?(.map))"]}]},"description":"Simple module to implement flicking carousel interaction.","filename":"flicking.min.js","homepage":"https://naver.github.io/egjs-flicking/","keywords":["egjs","flicking","javascript","carousel","egjs-flicking"],"license":"MIT","name":"egjs-flicking","repository":{"type":"git","url":"https://github.com/naver/egjs-flicking"},"author":"NAVER Corp."}
KV keys:
- egjs-flicking/4.2.0/flicking-inline.css.br
- egjs-flicking/4.2.0/flicking-inline.css.gz
- egjs-flicking/4.2.0/flicking-inline.css.map.br
- egjs-flicking/4.2.0/flicking-inline.css.map.gz
- egjs-flicking/4.2.0/flicking-inline.min.css.br
- egjs-flicking/4.2.0/flicking-inline.min.css.gz
- egjs-flicking/4.2.0/flicking.css.br
- egjs-flicking/4.2.0/flicking.css.gz
- egjs-flicking/4.2.0/flicking.css.map.br
- egjs-flicking/4.2.0/flicking.css.map.gz
- egjs-flicking/4.2.0/flicking.js.br
- egjs-flicking/4.2.0/flicking.js.gz
- egjs-flicking/4.2.0/flicking.js.map.br
- egjs-flicking/4.2.0/flicking.js.map.gz
- egjs-flicking/4.2.0/flicking.min.css.br
- egjs-flicking/4.2.0/flicking.min.css.gz
- egjs-flicking/4.2.0/flicking.min.js.br
- egjs-flicking/4.2.0/flicking.min.js.gz
- egjs-flicking/4.2.0/flicking.min.js.map.br
- egjs-flicking/4.2.0/flicking.min.js.map.gz
- egjs-flicking/4.2.0/flicking.pkgd.js.br
- egjs-flicking/4.2.0/flicking.pkgd.js.gz
- egjs-flicking/4.2.0/flicking.pkgd.js.map.br
- egjs-flicking/4.2.0/flicking.pkgd.js.map.gz
- egjs-flicking/4.2.0/flicking.pkgd.min.js.br
- egjs-flicking/4.2.0/flicking.pkgd.min.js.gz
- egjs-flicking/4.2.0/flicking.pkgd.min.js.map.br
- egjs-flicking/4.2.0/flicking.pkgd.min.js.map.gz
SRIs:
- egjs-flicking/4.2.0/flicking-inline.css: sha512-bDp5uZ4ZlZAR/jvXEu/k2upzWZRqSkjynKv4gUEeWXHC9FWH7PlrjEwB/wyQGKzI8SHNr8aFleKRCBbkSbwzqg==
- egjs-flicking/4.2.0/flicking-inline.min.css: sha512-ViGMDYF07xKjYp/aki7C5ZEnB89qiriEW3fKabkSt7UzmUv7vG3EHx2k2FeH94hntJOt3WO3rPWUzrfTUlhHtw==
- egjs-flicking/4.2.0/flicking.css: sha512-ltEU/MTmCEBb0ZprAntT73R8wycwIwGCgEmji4c6VNOQvTNQgNFjg6LFJjJy6U1bD3MuTp1b8YRpQfzQIn4GxQ==
- egjs-flicking/4.2.0/flicking.js: sha512-cODhjC/9zGFomWiQ5xxvWnE//AfKaqTr4J/oNw2HJfv5rmPL5PIMPKOJlhXfIHk3mFwq8Xkq4Zqv2rGkY53fTA==
- egjs-flicking/4.2.0/flicking.min.css: sha512-VJ1wpMRUO8vBiOf15Wc2pBhEs7MUVN4t/hx+YuRAwt+pwlKopx1/R9IgF0lx9UfhHQzh1fbrYuLTxrG0sIC5Mg==
- egjs-flicking/4.2.0/flicking.min.js: sha512-GeRetj1+kiV9Es7/8tfegsVLFAECNs7KxpYW7vMCdXkowxXo3qSuY903m/RMavknKrhKn4KaCDxh21KdcsoXqw==
- egjs-flicking/4.2.0/flicking.pkgd.js: sha512-Jj1roWBdUej3Lu6VAisDlel1u2/Jc8FRsjx8eNlGVESzjOr8uyJ61DACBxZQXPDOzvInp7t/z1LVrEa5zXMmZw==
- egjs-flicking/4.2.0/flicking.pkgd.min.js: sha512-PWbsXjFo4Ge0Ou2bT4f6zU2Hfa7bNrn8sC99uJqTyZhwkRGH5pE/iRrnuPUnk8ltG3KUEp1Cev2vW4mBcxt1iw==
