Files:
- fontsource-radley/4.5.9/400-italic.css.br
- fontsource-radley/4.5.9/400-italic.css.gz
- fontsource-radley/4.5.9/400-italic.min.css.br
- fontsource-radley/4.5.9/400-italic.min.css.gz
- fontsource-radley/4.5.9/400.css.br
- fontsource-radley/4.5.9/400.css.gz
- fontsource-radley/4.5.9/400.min.css.br
- fontsource-radley/4.5.9/400.min.css.gz
- fontsource-radley/4.5.9/files/radley-all-400-italic.woff.br
- fontsource-radley/4.5.9/files/radley-all-400-italic.woff.gz
- fontsource-radley/4.5.9/files/radley-all-400-normal.woff.br
- fontsource-radley/4.5.9/files/radley-all-400-normal.woff.gz
- fontsource-radley/4.5.9/files/radley-latin-400-italic.woff.br
- fontsource-radley/4.5.9/files/radley-latin-400-italic.woff.gz
- fontsource-radley/4.5.9/files/radley-latin-400-italic.woff2
- fontsource-radley/4.5.9/files/radley-latin-400-normal.woff.br
- fontsource-radley/4.5.9/files/radley-latin-400-normal.woff.gz
- fontsource-radley/4.5.9/files/radley-latin-400-normal.woff2
- fontsource-radley/4.5.9/files/radley-latin-ext-400-italic.woff.br
- fontsource-radley/4.5.9/files/radley-latin-ext-400-italic.woff.gz
- fontsource-radley/4.5.9/files/radley-latin-ext-400-italic.woff2
- fontsource-radley/4.5.9/files/radley-latin-ext-400-normal.woff.br
- fontsource-radley/4.5.9/files/radley-latin-ext-400-normal.woff.gz
- fontsource-radley/4.5.9/files/radley-latin-ext-400-normal.woff2
- fontsource-radley/4.5.9/index.css.br
- fontsource-radley/4.5.9/index.css.gz
- fontsource-radley/4.5.9/index.min.css.br
- fontsource-radley/4.5.9/index.min.css.gz
- fontsource-radley/4.5.9/latin-400-italic.css.br
- fontsource-radley/4.5.9/latin-400-italic.css.gz
- fontsource-radley/4.5.9/latin-400-italic.min.css.br
- fontsource-radley/4.5.9/latin-400-italic.min.css.gz
- fontsource-radley/4.5.9/latin-400.css.br
- fontsource-radley/4.5.9/latin-400.css.gz
- fontsource-radley/4.5.9/latin-400.min.css.br
- fontsource-radley/4.5.9/latin-400.min.css.gz
- fontsource-radley/4.5.9/latin-ext-400-italic.css.br
- fontsource-radley/4.5.9/latin-ext-400-italic.css.gz
- fontsource-radley/4.5.9/latin-ext-400-italic.min.css.br
- fontsource-radley/4.5.9/latin-ext-400-italic.min.css.gz
- fontsource-radley/4.5.9/latin-ext-400.css.br
- fontsource-radley/4.5.9/latin-ext-400.css.gz
- fontsource-radley/4.5.9/latin-ext-400.min.css.br
- fontsource-radley/4.5.9/latin-ext-400.min.css.gz
- fontsource-radley/4.5.9/latin-ext.css.br
- fontsource-radley/4.5.9/latin-ext.css.gz
- fontsource-radley/4.5.9/latin-ext.min.css.br
- fontsource-radley/4.5.9/latin-ext.min.css.gz
- fontsource-radley/4.5.9/latin.css.br
- fontsource-radley/4.5.9/latin.css.gz
- fontsource-radley/4.5.9/latin.min.css.br
- fontsource-radley/4.5.9/latin.min.css.gz
