2022/05/31 04:34:53 optimizing files (Js true, Css true, Png true, Jpg true)
2022/05/31 04:34:53 /tmp/work/build/jodit.es2018.css already has a compressed version: /tmp/work/build/jodit.es2018.min.css
2022/05/31 04:34:53 /tmp/work/build/jodit.es2018.en.min.js already has corresponding compressed file
2022/05/31 04:34:53 /tmp/work/build/jodit.es2018.en.css already has a compressed version: /tmp/work/build/jodit.es2018.en.min.css
2022/05/31 04:34:53 /tmp/work/build/jodit.es2018.en.min.js is already compressed
2022/05/31 04:34:53 /tmp/work/build/jodit.es2018.min.js already has corresponding compressed file
2022/05/31 04:34:53 sri /tmp/work/build/jodit.es2018.css -> /output/jodit.es2018.css.sri
2022/05/31 04:34:53 sri /tmp/work/build/jodit.es2018.en.min.css -> /output/jodit.es2018.en.min.css.sri
2022/05/31 04:34:53 algorithm: run /usr/bin/brotli --quality=11 --output=/output/jodit.es2018.css.br /tmp/work/build/jodit.es2018.css
2022/05/31 04:34:53 sri /tmp/work/build/jodit.es2018.en.css -> /output/jodit.es2018.en.css.sri
2022/05/31 04:34:53 algorithm: run /usr/bin/brotli --quality=11 --output=/output/jodit.es2018.en.min.css.br /tmp/work/build/jodit.es2018.en.min.css
2022/05/31 04:34:53 algorithm: run /usr/bin/brotli --quality=11 --output=/output/jodit.es2018.en.css.br /tmp/work/build/jodit.es2018.en.css
2022/05/31 04:34:53 /tmp/work/build/jodit.css already has a compressed version: /tmp/work/build/jodit.min.css
2022/05/31 04:34:53 sri /tmp/work/build/jodit.es2018.min.css -> /output/jodit.es2018.min.css.sri
2022/05/31 04:34:53 sri /tmp/work/build/jodit.es2018.en.min.js -> /output/jodit.es2018.en.min.js.sri
2022/05/31 04:34:53 algorithm: run /usr/bin/brotli --quality=11 --output=/output/jodit.es2018.en.min.js.br /tmp/work/build/jodit.es2018.en.min.js
2022/05/31 04:34:53 algorithm: run /usr/bin/brotli --quality=11 --output=/output/jodit.es2018.min.css.br /tmp/work/build/jodit.es2018.min.css
2022/05/31 04:34:53 sri /tmp/work/build/jodit.es2018.js -> /output/jodit.es2018.js.sri
2022/05/31 04:34:53 algorithm: run /usr/bin/brotli --quality=11 --output=/output/jodit.es2018.js.br /tmp/work/build/jodit.es2018.js
2022/05/31 04:34:53 sri /tmp/work/build/jodit.es2018.en.js -> /output/jodit.es2018.en.js.sri
2022/05/31 04:34:53 algorithm: run /usr/bin/brotli --quality=11 --output=/output/jodit.es2018.en.js.br /tmp/work/build/jodit.es2018.en.js
2022/05/31 04:34:53 sri /tmp/work/build/jodit.css -> /output/jodit.css.sri
2022/05/31 04:34:53 algorithm: run /usr/bin/brotli --quality=11 --output=/output/jodit.css.br /tmp/work/build/jodit.css
2022/05/31 04:34:53 br /tmp/work/build/jodit.es2018.en.min.css -> /output/jodit.es2018.en.min.css.br
2022/05/31 04:34:53 br /tmp/work/build/jodit.es2018.min.css -> /output/jodit.es2018.min.css.br
2022/05/31 04:34:53 gz /tmp/work/build/jodit.es2018.en.min.css -> /output/jodit.es2018.en.min.css.gz
2022/05/31 04:34:53 /tmp/work/build/jodit.es2018.min.js is already compressed
2022/05/31 04:34:53 sri /tmp/work/build/jodit.es2018.min.js -> /output/jodit.es2018.min.js.sri
2022/05/31 04:34:53 algorithm: run /usr/bin/brotli --quality=11 --output=/output/jodit.es2018.min.js.br /tmp/work/build/jodit.es2018.min.js
2022/05/31 04:34:53 gz /tmp/work/build/jodit.es2018.min.css -> /output/jodit.es2018.min.css.gz
2022/05/31 04:34:53 /tmp/work/build/jodit.min.js already has corresponding compressed file
2022/05/31 04:34:53 sri /tmp/work/build/jodit.js -> /output/jodit.js.sri
2022/05/31 04:34:53 algorithm: run /usr/bin/brotli --quality=11 --output=/output/jodit.js.br /tmp/work/build/jodit.js
2022/05/31 04:34:53 br /tmp/work/build/jodit.es2018.css -> /output/jodit.es2018.css.br
2022/05/31 04:34:53 br /tmp/work/build/jodit.es2018.en.css -> /output/jodit.es2018.en.css.br
2022/05/31 04:34:53 gz /tmp/work/build/jodit.es2018.css -> /output/jodit.es2018.css.gz
2022/05/31 04:34:53 sri /tmp/work/build/jodit.min.css -> /output/jodit.min.css.sri
2022/05/31 04:34:53 algorithm: run /usr/bin/brotli --quality=11 --output=/output/jodit.min.css.br /tmp/work/build/jodit.min.css
2022/05/31 04:34:53 gz /tmp/work/build/jodit.es2018.en.css -> /output/jodit.es2018.en.css.gz
2022/05/31 04:34:53 /tmp/work/build/jodit.min.js is already compressed
2022/05/31 04:34:53 sri /tmp/work/build/jodit.min.js -> /output/jodit.min.js.sri
2022/05/31 04:34:53 algorithm: run /usr/bin/brotli --quality=11 --output=/output/jodit.min.js.br /tmp/work/build/jodit.min.js
2022/05/31 04:34:53 br /tmp/work/build/jodit.css -> /output/jodit.css.br
2022/05/31 04:34:53 gz /tmp/work/build/jodit.css -> /output/jodit.css.gz
2022/05/31 04:34:54 br /tmp/work/build/jodit.min.css -> /output/jodit.min.css.br
2022/05/31 04:34:54 gz /tmp/work/build/jodit.min.css -> /output/jodit.min.css.gz
2022/05/31 04:34:54 br /tmp/work/build/jodit.es2018.en.min.js -> /output/jodit.es2018.en.min.js.br
2022/05/31 04:34:55 gz /tmp/work/build/jodit.es2018.en.min.js -> /output/jodit.es2018.en.min.js.gz
2022/05/31 04:34:55 br /tmp/work/build/jodit.min.js -> /output/jodit.min.js.br
2022/05/31 04:34:55 gz /tmp/work/build/jodit.min.js -> /output/jodit.min.js.gz
2022/05/31 04:34:55 br /tmp/work/build/jodit.es2018.min.js -> /output/jodit.es2018.min.js.br
2022/05/31 04:34:55 gz /tmp/work/build/jodit.es2018.min.js -> /output/jodit.es2018.min.js.gz
2022/05/31 04:34:56 br /tmp/work/build/jodit.es2018.en.js -> /output/jodit.es2018.en.js.br
2022/05/31 04:34:56 gz /tmp/work/build/jodit.es2018.en.js -> /output/jodit.es2018.en.js.gz
2022/05/31 04:34:57 br /tmp/work/build/jodit.es2018.js -> /output/jodit.es2018.js.br
2022/05/31 04:34:57 gz /tmp/work/build/jodit.es2018.js -> /output/jodit.es2018.js.gz
2022/05/31 04:34:57 br /tmp/work/build/jodit.js -> /output/jodit.js.br
2022/05/31 04:34:57 gz /tmp/work/build/jodit.js -> /output/jodit.js.gz
2022/05/31 04:34:57 processed jodit
