Files:
- fontsource-zen-loop/4.5.8/400-italic.css.br
- fontsource-zen-loop/4.5.8/400-italic.css.gz
- fontsource-zen-loop/4.5.8/400-italic.min.css.br
- fontsource-zen-loop/4.5.8/400-italic.min.css.gz
- fontsource-zen-loop/4.5.8/400.css.br
- fontsource-zen-loop/4.5.8/400.css.gz
- fontsource-zen-loop/4.5.8/400.min.css.br
- fontsource-zen-loop/4.5.8/400.min.css.gz
- fontsource-zen-loop/4.5.8/index.css.br
- fontsource-zen-loop/4.5.8/index.css.gz
- fontsource-zen-loop/4.5.8/index.min.css.br
- fontsource-zen-loop/4.5.8/index.min.css.gz
- fontsource-zen-loop/4.5.8/latin-400-italic.css.br
- fontsource-zen-loop/4.5.8/latin-400-italic.css.gz
- fontsource-zen-loop/4.5.8/latin-400-italic.min.css.br
- fontsource-zen-loop/4.5.8/latin-400-italic.min.css.gz
- fontsource-zen-loop/4.5.8/latin-400.css.br
- fontsource-zen-loop/4.5.8/latin-400.css.gz
- fontsource-zen-loop/4.5.8/latin-400.min.css.br
- fontsource-zen-loop/4.5.8/latin-400.min.css.gz
- fontsource-zen-loop/4.5.8/latin-ext-400-italic.css.br
- fontsource-zen-loop/4.5.8/latin-ext-400-italic.css.gz
- fontsource-zen-loop/4.5.8/latin-ext-400-italic.min.css.br
- fontsource-zen-loop/4.5.8/latin-ext-400-italic.min.css.gz
- fontsource-zen-loop/4.5.8/latin-ext-400.css.br
- fontsource-zen-loop/4.5.8/latin-ext-400.css.gz
- fontsource-zen-loop/4.5.8/latin-ext-400.min.css.br
- fontsource-zen-loop/4.5.8/latin-ext-400.min.css.gz
- fontsource-zen-loop/4.5.8/latin-ext.css.br
- fontsource-zen-loop/4.5.8/latin-ext.css.gz
- fontsource-zen-loop/4.5.8/latin-ext.min.css.br
- fontsource-zen-loop/4.5.8/latin-ext.min.css.gz
- fontsource-zen-loop/4.5.8/latin.css.br
- fontsource-zen-loop/4.5.8/latin.css.gz
- fontsource-zen-loop/4.5.8/latin.min.css.br
- fontsource-zen-loop/4.5.8/latin.min.css.gz
