Files:
- fontsource-noto-sans-old-permic/5.0.0/400.css.br
- fontsource-noto-sans-old-permic/5.0.0/400.css.gz
- fontsource-noto-sans-old-permic/5.0.0/400.min.css.br
- fontsource-noto-sans-old-permic/5.0.0/400.min.css.gz
- fontsource-noto-sans-old-permic/5.0.0/files/noto-sans-old-permic-old-permic-400-normal.woff.br
- fontsource-noto-sans-old-permic/5.0.0/files/noto-sans-old-permic-old-permic-400-normal.woff.gz
- fontsource-noto-sans-old-permic/5.0.0/files/noto-sans-old-permic-old-permic-400-normal.woff2
- fontsource-noto-sans-old-permic/5.0.0/index.css.br
- fontsource-noto-sans-old-permic/5.0.0/index.css.gz
- fontsource-noto-sans-old-permic/5.0.0/index.min.css.br
- fontsource-noto-sans-old-permic/5.0.0/index.min.css.gz
- fontsource-noto-sans-old-permic/5.0.0/old-permic-400.css.br
- fontsource-noto-sans-old-permic/5.0.0/old-permic-400.css.gz
- fontsource-noto-sans-old-permic/5.0.0/old-permic-400.min.css.br
- fontsource-noto-sans-old-permic/5.0.0/old-permic-400.min.css.gz
- fontsource-noto-sans-old-permic/5.0.0/old-permic.css.br
- fontsource-noto-sans-old-permic/5.0.0/old-permic.css.gz
- fontsource-noto-sans-old-permic/5.0.0/old-permic.min.css.br
- fontsource-noto-sans-old-permic/5.0.0/old-permic.min.css.gz
