config: {"authors":[{"name":"Firebase","email":"firebase-support@google.com","url":"https://firebase.google.com/"}],"autoupdate":{"source":"npm","target":"firebase","fileMap":[{"basePath":"","files":["firebase*.+(js|map)"]},{"basePath":"lib","files":["firebase*.+(js|map)"]},{"basePath":"dist","files":["firebase*.+(js|map)"]}],"ignoreVersions":["*-canary.*"]},"description":"Firebase JavaScript library for web and Node.js","filename":"firebase.js","homepage":"https://firebase.google.com/","keywords":["authentication","database","Firebase","firebase","realtime","storage"],"license":"Apache-2.0","name":"firebase","repository":{"type":"git","url":"https://github.com/firebase/firebase-js-sdk.git"},"author":"Firebase \u003cfirebase-support@google.com\u003e (https://firebase.google.com/)"}
KV keys:
- firebase/9.20.0/firebase-analytics-compat.js.br
- firebase/9.20.0/firebase-analytics-compat.js.gz
- firebase/9.20.0/firebase-analytics-compat.js.map.br
- firebase/9.20.0/firebase-analytics-compat.js.map.gz
- firebase/9.20.0/firebase-analytics-compat.min.js.br
- firebase/9.20.0/firebase-analytics-compat.min.js.gz
- firebase/9.20.0/firebase-analytics.js.br
- firebase/9.20.0/firebase-analytics.js.gz
- firebase/9.20.0/firebase-analytics.js.map.br
- firebase/9.20.0/firebase-analytics.js.map.gz
- firebase/9.20.0/firebase-analytics.min.js.br
- firebase/9.20.0/firebase-analytics.min.js.gz
- firebase/9.20.0/firebase-app-check-compat.js.br
- firebase/9.20.0/firebase-app-check-compat.js.gz
- firebase/9.20.0/firebase-app-check-compat.js.map.br
- firebase/9.20.0/firebase-app-check-compat.js.map.gz
- firebase/9.20.0/firebase-app-check-compat.min.js.br
- firebase/9.20.0/firebase-app-check-compat.min.js.gz
- firebase/9.20.0/firebase-app-check.js.br
- firebase/9.20.0/firebase-app-check.js.gz
- firebase/9.20.0/firebase-app-check.js.map.br
- firebase/9.20.0/firebase-app-check.js.map.gz
- firebase/9.20.0/firebase-app-check.min.js.br
- firebase/9.20.0/firebase-app-check.min.js.gz
- firebase/9.20.0/firebase-app-compat.js.br
- firebase/9.20.0/firebase-app-compat.js.gz
- firebase/9.20.0/firebase-app-compat.js.map.br
- firebase/9.20.0/firebase-app-compat.js.map.gz
- firebase/9.20.0/firebase-app-compat.min.js.br
- firebase/9.20.0/firebase-app-compat.min.js.gz
- firebase/9.20.0/firebase-app.js.br
- firebase/9.20.0/firebase-app.js.gz
- firebase/9.20.0/firebase-app.js.map.br
- firebase/9.20.0/firebase-app.js.map.gz
- firebase/9.20.0/firebase-app.min.js.br
- firebase/9.20.0/firebase-app.min.js.gz
- firebase/9.20.0/firebase-auth-compat.js.br
- firebase/9.20.0/firebase-auth-compat.js.gz
- firebase/9.20.0/firebase-auth-compat.js.map.br
- firebase/9.20.0/firebase-auth-compat.js.map.gz
- firebase/9.20.0/firebase-auth-compat.min.js.br
- firebase/9.20.0/firebase-auth-compat.min.js.gz
- firebase/9.20.0/firebase-auth-cordova.js.br
- firebase/9.20.0/firebase-auth-cordova.js.gz
- firebase/9.20.0/firebase-auth-cordova.js.map.br
- firebase/9.20.0/firebase-auth-cordova.js.map.gz
- firebase/9.20.0/firebase-auth-cordova.min.js.br
- firebase/9.20.0/firebase-auth-cordova.min.js.gz
- firebase/9.20.0/firebase-auth-react-native.js.br
- firebase/9.20.0/firebase-auth-react-native.js.gz
- firebase/9.20.0/firebase-auth-react-native.js.map.br
- firebase/9.20.0/firebase-auth-react-native.js.map.gz
- firebase/9.20.0/firebase-auth-react-native.min.js.br
- firebase/9.20.0/firebase-auth-react-native.min.js.gz
- firebase/9.20.0/firebase-auth.js.br
- firebase/9.20.0/firebase-auth.js.gz
- firebase/9.20.0/firebase-auth.js.map.br
- firebase/9.20.0/firebase-auth.js.map.gz
- firebase/9.20.0/firebase-auth.min.js.br
- firebase/9.20.0/firebase-auth.min.js.gz
- firebase/9.20.0/firebase-compat.js.br
- firebase/9.20.0/firebase-compat.js.gz
- firebase/9.20.0/firebase-compat.js.map.br
- firebase/9.20.0/firebase-compat.js.map.gz
- firebase/9.20.0/firebase-compat.min.js.br
- firebase/9.20.0/firebase-compat.min.js.gz
- firebase/9.20.0/firebase-database-compat.js.br
- firebase/9.20.0/firebase-database-compat.js.gz
- firebase/9.20.0/firebase-database-compat.js.map.br
- firebase/9.20.0/firebase-database-compat.js.map.gz
- firebase/9.20.0/firebase-database-compat.min.js.br
- firebase/9.20.0/firebase-database-compat.min.js.gz
- firebase/9.20.0/firebase-database.js.br
- firebase/9.20.0/firebase-database.js.gz
- firebase/9.20.0/firebase-database.js.map.br
- firebase/9.20.0/firebase-database.js.map.gz
- firebase/9.20.0/firebase-database.min.js.br
- firebase/9.20.0/firebase-database.min.js.gz
- firebase/9.20.0/firebase-firestore-compat.js.br
- firebase/9.20.0/firebase-firestore-compat.js.gz
- firebase/9.20.0/firebase-firestore-compat.js.map.br
- firebase/9.20.0/firebase-firestore-compat.js.map.gz
- firebase/9.20.0/firebase-firestore-compat.min.js.br
- firebase/9.20.0/firebase-firestore-compat.min.js.gz
- firebase/9.20.0/firebase-firestore-lite.js.br
- firebase/9.20.0/firebase-firestore-lite.js.gz
- firebase/9.20.0/firebase-firestore-lite.js.map.br
- firebase/9.20.0/firebase-firestore-lite.js.map.gz
- firebase/9.20.0/firebase-firestore-lite.min.js.br
- firebase/9.20.0/firebase-firestore-lite.min.js.gz
- firebase/9.20.0/firebase-firestore.js.br
- firebase/9.20.0/firebase-firestore.js.gz
- firebase/9.20.0/firebase-firestore.js.map.br
- firebase/9.20.0/firebase-firestore.js.map.gz
- firebase/9.20.0/firebase-firestore.min.js.br
- firebase/9.20.0/firebase-firestore.min.js.gz
- firebase/9.20.0/firebase-functions-compat.js.br
- firebase/9.20.0/firebase-functions-compat.js.gz
- firebase/9.20.0/firebase-functions-compat.js.map.br
- firebase/9.20.0/firebase-functions-compat.js.map.gz
- firebase/9.20.0/firebase-functions-compat.min.js.br
- firebase/9.20.0/firebase-functions-compat.min.js.gz
- firebase/9.20.0/firebase-functions.js.br
- firebase/9.20.0/firebase-functions.js.gz
- firebase/9.20.0/firebase-functions.js.map.br
- firebase/9.20.0/firebase-functions.js.map.gz
- firebase/9.20.0/firebase-functions.min.js.br
- firebase/9.20.0/firebase-functions.min.js.gz
- firebase/9.20.0/firebase-installations-compat.js.br
- firebase/9.20.0/firebase-installations-compat.js.gz
- firebase/9.20.0/firebase-installations-compat.js.map.br
- firebase/9.20.0/firebase-installations-compat.js.map.gz
- firebase/9.20.0/firebase-installations-compat.min.js.br
- firebase/9.20.0/firebase-installations-compat.min.js.gz
- firebase/9.20.0/firebase-installations.js.br
- firebase/9.20.0/firebase-installations.js.gz
- firebase/9.20.0/firebase-installations.js.map.br
- firebase/9.20.0/firebase-installations.js.map.gz
- firebase/9.20.0/firebase-installations.min.js.br
- firebase/9.20.0/firebase-installations.min.js.gz
- firebase/9.20.0/firebase-messaging-compat.js.br
- firebase/9.20.0/firebase-messaging-compat.js.gz
- firebase/9.20.0/firebase-messaging-compat.js.map.br
- firebase/9.20.0/firebase-messaging-compat.js.map.gz
- firebase/9.20.0/firebase-messaging-compat.min.js.br
- firebase/9.20.0/firebase-messaging-compat.min.js.gz
- firebase/9.20.0/firebase-messaging-sw.js.br
- firebase/9.20.0/firebase-messaging-sw.js.gz
- firebase/9.20.0/firebase-messaging-sw.js.map.br
- firebase/9.20.0/firebase-messaging-sw.js.map.gz
- firebase/9.20.0/firebase-messaging-sw.min.js.br
- firebase/9.20.0/firebase-messaging-sw.min.js.gz
- firebase/9.20.0/firebase-messaging.js.br
- firebase/9.20.0/firebase-messaging.js.gz
- firebase/9.20.0/firebase-messaging.js.map.br
- firebase/9.20.0/firebase-messaging.js.map.gz
- firebase/9.20.0/firebase-messaging.min.js.br
- firebase/9.20.0/firebase-messaging.min.js.gz
- firebase/9.20.0/firebase-performance-compat.js.br
- firebase/9.20.0/firebase-performance-compat.js.gz
- firebase/9.20.0/firebase-performance-compat.js.map.br
- firebase/9.20.0/firebase-performance-compat.js.map.gz
- firebase/9.20.0/firebase-performance-compat.min.js.br
- firebase/9.20.0/firebase-performance-compat.min.js.gz
- firebase/9.20.0/firebase-performance-standalone-compat.es2017.js.br
- firebase/9.20.0/firebase-performance-standalone-compat.es2017.js.gz
- firebase/9.20.0/firebase-performance-standalone-compat.es2017.js.map.br
- firebase/9.20.0/firebase-performance-standalone-compat.es2017.js.map.gz
- firebase/9.20.0/firebase-performance-standalone-compat.es2017.min.js.br
- firebase/9.20.0/firebase-performance-standalone-compat.es2017.min.js.gz
- firebase/9.20.0/firebase-performance-standalone-compat.js.br
- firebase/9.20.0/firebase-performance-standalone-compat.js.gz
- firebase/9.20.0/firebase-performance-standalone-compat.js.map.br
- firebase/9.20.0/firebase-performance-standalone-compat.js.map.gz
- firebase/9.20.0/firebase-performance-standalone-compat.min.js.br
- firebase/9.20.0/firebase-performance-standalone-compat.min.js.gz
- firebase/9.20.0/firebase-performance.js.br
- firebase/9.20.0/firebase-performance.js.gz
- firebase/9.20.0/firebase-performance.js.map.br
- firebase/9.20.0/firebase-performance.js.map.gz
- firebase/9.20.0/firebase-performance.min.js.br
- firebase/9.20.0/firebase-performance.min.js.gz
- firebase/9.20.0/firebase-remote-config-compat.js.br
- firebase/9.20.0/firebase-remote-config-compat.js.gz
- firebase/9.20.0/firebase-remote-config-compat.js.map.br
- firebase/9.20.0/firebase-remote-config-compat.js.map.gz
- firebase/9.20.0/firebase-remote-config-compat.min.js.br
- firebase/9.20.0/firebase-remote-config-compat.min.js.gz
- firebase/9.20.0/firebase-remote-config.js.br
- firebase/9.20.0/firebase-remote-config.js.gz
- firebase/9.20.0/firebase-remote-config.js.map.br
- firebase/9.20.0/firebase-remote-config.js.map.gz
- firebase/9.20.0/firebase-remote-config.min.js.br
- firebase/9.20.0/firebase-remote-config.min.js.gz
- firebase/9.20.0/firebase-storage-compat.js.br
- firebase/9.20.0/firebase-storage-compat.js.gz
- firebase/9.20.0/firebase-storage-compat.js.map.br
- firebase/9.20.0/firebase-storage-compat.js.map.gz
- firebase/9.20.0/firebase-storage-compat.min.js.br
- firebase/9.20.0/firebase-storage-compat.min.js.gz
- firebase/9.20.0/firebase-storage.js.br
- firebase/9.20.0/firebase-storage.js.gz
- firebase/9.20.0/firebase-storage.js.map.br
- firebase/9.20.0/firebase-storage.js.map.gz
- firebase/9.20.0/firebase-storage.min.js.br
- firebase/9.20.0/firebase-storage.min.js.gz
SRIs:
- firebase/9.20.0/firebase-performance-standalone-compat.js: sha512-+aWFROvykbsPS9fOX9w7XMuQmbRX+jaTEFfvFXB/4vq33J2M1fWz6he8O+Vb0TM4f7dEjoc7yAQM7vc6QLzWNw==
- firebase/9.20.0/firebase-app-compat.min.js: sha512-m5kX2wUsXivFJc/klwk2ECUIfaWiIHaI4CfOgd68fGCtCczByUPBK2zMa14Ah8CtvPpWLsrahK+F1wyMJjRYyw==
- firebase/9.20.0/firebase-auth-cordova.js: sha512-CR8wK6G0eAonzuZOjkJqI9SQe6ZqGtSsGFZD1lBALenM2IqzhxzVlbF6zAxzUhJtyfDUAN4HHBnj1/I3ehPzGg==
- firebase/9.20.0/firebase-compat.min.js: sha512-g7XbRKKMwcxOwPX9f4kW3MeDktDi/7M93Zfloi0GpKABk4tEICSHfHZ1ENJKyZmQxQe8FFpVc0rMAloNYqI1Tw==
- firebase/9.20.0/firebase-firestore.js: sha512-3MxIzg08WPv2zPEuPqORFbY/kIwQGCpa6ZUHGmBBUkx1ZL0bfLlEIgwuOwKDX9foFU0E1tmJlvyCmjpHzf+Nsw==
- firebase/9.20.0/firebase-performance-standalone-compat.es2017.js: sha512-h+CGsKjAuBQWz8iWtY4YycpJWXmsPMRZ9l83P7K2YcA0YjEcr01IlBHu1ZFjxiLGDc+JHA4rbDdiDG8NEee5wA==
- firebase/9.20.0/firebase-analytics-compat.min.js: sha512-t1Tam8weD3MJDynKs6Y2+NaeyrhS8zop8mBEsXuGDJzAdc+aG+iZgXk13kMvYdqqku9gIP5VLf5FS8C0nkE5Dg==
- firebase/9.20.0/firebase-auth-react-native.min.js: sha512-+/qnMXYI1uqC7JVmD2whTAY9BvrJ5KI6cnul0S9dmYLICXRjzCwdV4+hdDPsxEThnnbcEso2NmX7HriZvs2wdg==
- firebase/9.20.0/firebase-functions.min.js: sha512-A+DvQ5A1OSiBB9s4TgunoJ5aYdp46VpDXuiX9T0UkD6063o4655GvOIQ70M0wL0nhcpWBqtnGwPsameLNbBVSg==
- firebase/9.20.0/firebase-performance.js: sha512-xGeFQMiwzuPYe8y9nIraY7p2CHfGwap20E/8883N6ltEl0cC03etMptds7TvhxGXa3xGWifY3dEEZvOpe6pnbQ==
- firebase/9.20.0/firebase-storage.min.js: sha512-Ds3uhEQBcuShRxWwEupHKCrn8P3Pw1F7tsU8TqABhhlkZxletkQEJjx7FM2qT8xry2v5M+p9PTmD55tcgPJq6g==
- firebase/9.20.0/firebase-firestore.min.js: sha512-BWwqvpApPIanKna5nee5o30Jpu/Ew+gGBkXkHiRN5q7YpmfsdjVlbHWzxacg8s7d5bYroRSVnkXOiQLacAR6FQ==
- firebase/9.20.0/firebase-remote-config.js: sha512-L8EPcblMH4FNM5n898Ptqdnp6jk6LI0w+FEyofg3iWETHWrOUBrE28zMsrXjo4Pb9cUsy+jjCFnPz16cHYrB/g==
- firebase/9.20.0/firebase-storage.js: sha512-NZtosqCPGXXDyADBxYDgYfIBEvLKxPs8/iE/QHzfgANAnxeLDBVM43fsApcKd8PKpbCqjfRtRNk60AIAXcR/cw==
- firebase/9.20.0/firebase-messaging-compat.min.js: sha512-Ba4VybSoC3WQtMt515t1gudy3EsaGQdTlg5UqdzciU7jzOW+dtDFGyMoCZVN7wWaIW47QvJQaI22EpelPOfsFQ==
- firebase/9.20.0/firebase-remote-config.min.js: sha512-z+FszsABqAhxdk4ARNYzX2o8Ojmtiws14vP+Tn9nf6jUFg93Q8AE1y/Xhx7/8nBuI7H4nQALpXmomzZBOHm9AA==
- firebase/9.20.0/firebase-app-check.min.js: sha512-SzjoTx55ZPznFygUvjIR0Mg/AHzC0zSE35+yXBixFHtzjxE6RuxO8dJ4ovrXRfemWzjQrY0j7cotd6zFgRMzgw==
- firebase/9.20.0/firebase-auth-compat.js: sha512-9WPKj0N9oeArHq46fkjGoKlWXS1UpcqE4vtUsQAljbJINq+9WYoUdFz1HLhl+3wRe2gESB/z+3VU9FnoyI3YiQ==
- firebase/9.20.0/firebase-firestore-compat.js: sha512-z/4/3u9prRtjOT+buwTuf1FTJSKsg4p5m5ahZtY1veOXWwx3tAVmwd9jg4IPIh8kyf6gXiC5bw/0jJmg6AAeZQ==
- firebase/9.20.0/firebase-firestore-lite.min.js: sha512-3EQoyCi3V0PdvN175SWIPjc9+L4CnrKpae3FpYgZmr115QCUtcopB15ymiBv7qm5BeUfP/7NhMTkT4urooVPzg==
- firebase/9.20.0/firebase-installations-compat.js: sha512-3bA/Mjro+0hipw47OqvNKZz/hlyu7xYw04+zSd8Nwlr4XROTYGkLfTbAvFNaYQn1esNPf30tx948QKqprpCfhg==
- firebase/9.20.0/firebase-analytics.min.js: sha512-5Ko5lD6t0OA89FafX8bMJxG4kxaZhThrwzVewd9GXah8sIzUQrOtEHij7u+bVlgL3b4GDTpuYdF/9E3/SXZ71g==
- firebase/9.20.0/firebase-app-check-compat.min.js: sha512-eHTPOAu200qaaTw/NsJDRt08QlPH1jn37Gk2VLOccOEInEDjFIbWMVD3zJIAA1PqxXRk4ZpzixONANHJyO0yeA==
- firebase/9.20.0/firebase-installations-compat.min.js: sha512-YEtH7v3RjGu7iaN+0EpJEHY96J7VD7xZBRLgQsMQ5LJ9N9xfNYzM6Ems57n5po+P0MuLGJHFQDdN5fSIcrUJ9w==
- firebase/9.20.0/firebase-installations.js: sha512-Dd2K/CXpLjBdnFLU3Px+JT/h/2k3Ubgs78PnjSUhlx7gFXiXdrQnwfAENF1j5x7HWoUuF74SeRfebtZmhGfIoA==
- firebase/9.20.0/firebase-storage-compat.min.js: sha512-DqEPRRaaUFZcBa4VSyIui2nfdqrUlRvmq2RjC4NinJOwOWuvUTIzSqtbBoeTYlesZMT90vMeJpgjkRC9WJh87Q==
- firebase/9.20.0/firebase-storage-compat.js: sha512-/dQ69ACqluj/DjuRBwYWYrnNw4XuQnna/X8eHfPyrDglDc9Bo3tuIcBZ5GKog18rgehJ919QJuo5JVbmbqhcng==
- firebase/9.20.0/firebase-app.min.js: sha512-Rsh+cew8opQ+sl1I1+WmM1yYI1P9ItJ0a1HYcrqbCDt54j5iBLiQecYQfkc8RypaReiK58/PLLm3jODhUYaBbg==
- firebase/9.20.0/firebase-auth-compat.min.js: sha512-RRxL6b0HB9NCICFePgbO8EnXHj9kCBg1sZahZL8B3V1oNH8YszSi/1g8+D5egDuq3Y9DhXWGSHcs9ed6TvcKhQ==
- firebase/9.20.0/firebase-database-compat.js: sha512-JdVRvZNdMJ0YDGwJfrK1iNaalapo4FGDtfjVyy2Oi4wuYZ9sfhX3+aYfhOxo0SR0auORn0POfzEC7Ban2g9nHg==
- firebase/9.20.0/firebase-firestore-compat.min.js: sha512-WDI0KSBEMzd/fqL/EFhpilOCs6mauMU/1nVMgRM7bbSwkPL8YTazt+lgDpDehtdwkXPBo00xxRI3j9UhfkNtHA==
- firebase/9.20.0/firebase-remote-config-compat.js: sha512-05nAcSEjJ+h0I8VU8JO1qIZaQO5MBg2+4tgGZxllR2kQUyO/y8EzvNWtv34iqxyaoUaXf3/zbgFVdNAfWSKoeA==
- firebase/9.20.0/firebase-app-check-compat.js: sha512-e7cCtnOV57NmaV6de0iO6Xn40gDc1fhxIh5OWnpcfMlKsapE5FfLCl584hgdFrh1jqVE4fk6eAjrstFJI4nfHg==
- firebase/9.20.0/firebase-auth-react-native.js: sha512-SJ1nfGKiHYtEHxU6n/1WfIYNs4Cso7uf/DsjmDpPLNaAsKefWDfBnjNTCWEygdKSGt/bN/UtsUcw1tC+TXWdmQ==
- firebase/9.20.0/firebase-auth.min.js: sha512-V0b1YwIMmk96440NozXLyphuYfbHtTSDk/B+Nbyud6T9JIdsrpzZMI2oHN73XXliexYsV9K9ouKzkDO0RJ9aPg==
- firebase/9.20.0/firebase-messaging-sw.js: sha512-TN0o4K5DTQrKRHe8dx98/qW09ggj6nDPAEbYahsuDUh78QlqX+hrW6pOnQdhzLpjblNPydHQsO7zk8Wls+69CQ==
- firebase/9.20.0/firebase-performance-compat.js: sha512-6FIqiwkHiPJHYvKVM8arLRaKBStrCuxtEVLL8AvZyOPzTSARReQnSZ+z7JXNPIxEeVah74V4obBYuL1Pb8hYjw==
- firebase/9.20.0/firebase-auth-cordova.min.js: sha512-9N74pfsPmGaMvhSGQKnxVkhym4uUajLs/QOzZjZWZcBBPoqrtGJ9cXpgNxwQOmT8O/647MSqelQkVMQjD8z4tQ==
- firebase/9.20.0/firebase-database.min.js: sha512-KUkvAm2BPgqhYuqpavNcxvg21Aj3tJWqK9LhCzr1viMBJmhoMxe06lLIi1TdSjUZcl9y7ozh6L/Uj8zmrlMXkA==
- firebase/9.20.0/firebase-installations.min.js: sha512-P5uABlR/0X0uwuf1zpB3wa8/Q1zT+3YvUOy33VSOq2YIinlHbH1UrvyuV/7pb+5rKxYYexvJ61XWbsiRJLa5UA==
- firebase/9.20.0/firebase-messaging-compat.js: sha512-NW+xYequM/7ebvF3CiYmSfzALQuPZgjSX18BMR42QGkuyBboXPNscGp+vAHLGeansDbF6qhpzRq4ChEZf7UB7Q==
- firebase/9.20.0/firebase-remote-config-compat.min.js: sha512-ABONQvKG6iz922y/EFa+93e4G1TDCcAcCiPo6Rz6TYNA4ROkI+EpZdkyD/lsLJLKCfqwJuIzI0/NCEMiU+LKdA==
- firebase/9.20.0/firebase-analytics.js: sha512-aoCcI1uY6x63kjjp8IQJNM5qxaskC9BCtuvW7Gv2zbU4oIRx7BS8TXO8wtaquVDOL9nlcUrJ6KeThPsFHr0zSw==
- firebase/9.20.0/firebase-messaging.min.js: sha512-vNULhCJxpOKSBkaiuUfK8ofMXOEI21JyNkMVwofYtsscpKDsnxuJ5LrVBGZiSiZp2C/5r7C5+F80p10h5/2iRQ==
- firebase/9.20.0/firebase-app.js: sha512-HDedlhS7AiEw+AtEN7ISCTiRdJgUA+OBvyuFztVZxMzksmM/TlPOI7CtbGA9wRP0LybEYPKUzEWZaiZl629UGw==
- firebase/9.20.0/firebase-compat.js: sha512-2l2e4qdXoeRucWtnd4mdTa1Oqx1OxMDWUU/SpOOeVuLhIlDXaELUyI/A7Tkx5J8lqIPjCZQf/D/AcB+0aEOAVA==
- firebase/9.20.0/firebase-database-compat.min.js: sha512-iNc9pDFDYJvGPo542LhbLkXsm5SATRXCJkMFsU/smpV6xKdYv3CdBzvkHX8mFsCvOoZaOePZV4muYpZoxkNPNg==
- firebase/9.20.0/firebase-functions-compat.min.js: sha512-K72hNwDeRIJV1nwx2AiQue2+seL5w4CYYygi48THx55OXMyoOGcdPCTVTi3+elqtdJ6oYu+ppV13Dd0Q+SLXhA==
- firebase/9.20.0/firebase-app-compat.js: sha512-DUmyItqJRVAq4ljCXtawiazvmQeiWBQju4sIE0y36LKbNKhKr8b2EC1wzs7nIz/BWpCFyhR4d4BfdkCH2uAZQw==
- firebase/9.20.0/firebase-performance.min.js: sha512-fdWt5CSB95r5VR5/PuBNFMx6Gwe8QGWHH56eQxGbJaW3wGvu6j0X3pewYg/zubRtrmqagnzAljNYwzkoldFI3g==
- firebase/9.20.0/firebase-messaging-sw.min.js: sha512-WeS96jeRuRf/r/yeWvQMS32fAAATEXHzlMuDLyk91tFGYp46JG29YLPUho0FEbIfce270e0wZd6wnQ0UD5tZYQ==
- firebase/9.20.0/firebase-performance-compat.min.js: sha512-4JezcdeSZOuUUl/dbyaQNDEC64fRbu/x1QMK9R+ln2vcaCFu0DJ5trSPDEWsMM4REsvc3o0wC0jmf6TYZP+36Q==
- firebase/9.20.0/firebase-performance-standalone-compat.es2017.min.js: sha512-VAwv9PClJxOgFQNkciIoPjlmOITsGhrYqW7e6HPBf6CQkhBCtgvuDR+0C9xWDAJQmPcpWbvdO9UvPMnJUI506w==
- firebase/9.20.0/firebase-functions-compat.js: sha512-5JFLPNBqokxEJpR4Xc1QUcte6jx2ZtOWyY9nhg7wp3rOtP7t5vUAZGKEc+orRfPU7ZqRnYPkmZbN0to9ezNrjw==
- firebase/9.20.0/firebase-auth.js: sha512-NE+DmZlIRmRmdY3s47YpfmiOh5/QC2Pjb5ltXvyCjw2+kSqhhJE7PA4vyUvVvFRxUbYWkmTtI1dQvXzuh6pYmQ==
- firebase/9.20.0/firebase-database.js: sha512-NCTkscuEuYXgKKVN2zyvsCmdP7HamOkRBU0r2OI+rT4i0NdWs4BNOV5AmYhNBgmxYoTV+/YgOUriU9Q8WMjJPg==
- firebase/9.20.0/firebase-functions.js: sha512-r/IDogh/DmsLg3FZnF+X+NHoBqxtaj8/b5Wo956aLfRhBL0dI1deczNDMy5LTl/REboS6pat8vG50U8kamzB4g==
- firebase/9.20.0/firebase-firestore-lite.js: sha512-2UuY62BaPTEskNRCPk6/bRvOGFsEEAT8EiQZyqTJQdhgKbO+eU0SZb29KEpLw1ExlneHHazzIvqWefwi/CNQsQ==
- firebase/9.20.0/firebase-performance-standalone-compat.min.js: sha512-mc2jZ8ixJqaCltNvQgHsiQjr9KBMXGkT5CphERXJPXnvp9eS5+L7I86dEkeMsQTgrNEJW0GYCB9v4Bsj8JkGIw==
- firebase/9.20.0/firebase-analytics-compat.js: sha512-9ZRWqikAHhW1yE/xcDFIWnli6S0Q9eGhdfuYn1MkRrYw+jBOc6sWbr/lR4vzw+n0W5FvoNgCTQReCLe2fxiDFQ==
- firebase/9.20.0/firebase-app-check.js: sha512-uk6AvZQJ8w0wOzblNepLlxFOZW+llbgAGcN9NTc4eQlK/BKz77pYsu989Nhy1hMToRdAKkhHjTOyX0ekUFP0rg==
- firebase/9.20.0/firebase-messaging.js: sha512-fMeEEsDTyBdjL6CJpoBRNPq2WhyyMx9fiRlY7LA0TDxjJfqwzub+OnPCY4UNgRBIIV3fc4IG8rJD953X49QYPg==
