Files:
- fontsource-ribeye-marrow/4.5.4/400.css.br
- fontsource-ribeye-marrow/4.5.4/400.css.gz
- fontsource-ribeye-marrow/4.5.4/400.min.css.br
- fontsource-ribeye-marrow/4.5.4/400.min.css.gz
- fontsource-ribeye-marrow/4.5.4/files/ribeye-marrow-all-400-normal.woff.br
- fontsource-ribeye-marrow/4.5.4/files/ribeye-marrow-all-400-normal.woff.gz
- fontsource-ribeye-marrow/4.5.4/files/ribeye-marrow-latin-400-normal.woff.br
- fontsource-ribeye-marrow/4.5.4/files/ribeye-marrow-latin-400-normal.woff.gz
- fontsource-ribeye-marrow/4.5.4/files/ribeye-marrow-latin-400-normal.woff2
- fontsource-ribeye-marrow/4.5.4/files/ribeye-marrow-latin-ext-400-normal.woff.br
- fontsource-ribeye-marrow/4.5.4/files/ribeye-marrow-latin-ext-400-normal.woff.gz
- fontsource-ribeye-marrow/4.5.4/files/ribeye-marrow-latin-ext-400-normal.woff2
- fontsource-ribeye-marrow/4.5.4/index.css.br
- fontsource-ribeye-marrow/4.5.4/index.css.gz
- fontsource-ribeye-marrow/4.5.4/index.min.css.br
- fontsource-ribeye-marrow/4.5.4/index.min.css.gz
- fontsource-ribeye-marrow/4.5.4/latin-400.css.br
- fontsource-ribeye-marrow/4.5.4/latin-400.css.gz
- fontsource-ribeye-marrow/4.5.4/latin-400.min.css.br
- fontsource-ribeye-marrow/4.5.4/latin-400.min.css.gz
- fontsource-ribeye-marrow/4.5.4/latin-ext-400.css.br
- fontsource-ribeye-marrow/4.5.4/latin-ext-400.css.gz
- fontsource-ribeye-marrow/4.5.4/latin-ext-400.min.css.br
- fontsource-ribeye-marrow/4.5.4/latin-ext-400.min.css.gz
- fontsource-ribeye-marrow/4.5.4/latin-ext.css.br
- fontsource-ribeye-marrow/4.5.4/latin-ext.css.gz
- fontsource-ribeye-marrow/4.5.4/latin-ext.min.css.br
- fontsource-ribeye-marrow/4.5.4/latin-ext.min.css.gz
- fontsource-ribeye-marrow/4.5.4/latin.css.br
- fontsource-ribeye-marrow/4.5.4/latin.css.gz
- fontsource-ribeye-marrow/4.5.4/latin.min.css.br
- fontsource-ribeye-marrow/4.5.4/latin.min.css.gz
