config: {"authors":[{"name":"Cesium GS, Inc.","url":"https://cesium.com"}],"autoupdate":{"source":"npm","target":"cesium","fileMap":[{"basePath":"Build/Cesium","files":["*.@(js|d.ts)","Assets/**/*.@(json|svg|jpg|png|xml)","ThirdParty/**/*.@(js|wasm)","Widgets/**/*.@(css|png|svg|gif)","Workers/*.js"]}]},"description":"CesiumJS is a JavaScript library for creating 3D globes and 2D maps in a web browser without a plugin.","filename":"Cesium.js","homepage":"http://cesium.com/cesiumjs/","keywords":["3D","webgl","geospatial","map","globe"],"license":"Apache-2.0","name":"cesium","repository":{"type":"git","url":"git+https://github.com/CesiumGS/cesium.git"},"author":"Cesium GS, Inc. (https://cesium.com)"}
KV keys:
- cesium/1.115.0/Assets/IAU2006_XYS/IAU2006_XYS_0.json.br
- cesium/1.115.0/Assets/IAU2006_XYS/IAU2006_XYS_0.json.gz
- cesium/1.115.0/Assets/IAU2006_XYS/IAU2006_XYS_1.json.br
- cesium/1.115.0/Assets/IAU2006_XYS/IAU2006_XYS_1.json.gz
- cesium/1.115.0/Assets/IAU2006_XYS/IAU2006_XYS_10.json.br
- cesium/1.115.0/Assets/IAU2006_XYS/IAU2006_XYS_10.json.gz
- cesium/1.115.0/Assets/IAU2006_XYS/IAU2006_XYS_11.json.br
- cesium/1.115.0/Assets/IAU2006_XYS/IAU2006_XYS_11.json.gz
- cesium/1.115.0/Assets/IAU2006_XYS/IAU2006_XYS_12.json.br
- cesium/1.115.0/Assets/IAU2006_XYS/IAU2006_XYS_12.json.gz
- cesium/1.115.0/Assets/IAU2006_XYS/IAU2006_XYS_13.json.br
- cesium/1.115.0/Assets/IAU2006_XYS/IAU2006_XYS_13.json.gz
- cesium/1.115.0/Assets/IAU2006_XYS/IAU2006_XYS_14.json.br
- cesium/1.115.0/Assets/IAU2006_XYS/IAU2006_XYS_14.json.gz
- cesium/1.115.0/Assets/IAU2006_XYS/IAU2006_XYS_15.json.br
- cesium/1.115.0/Assets/IAU2006_XYS/IAU2006_XYS_15.json.gz
- cesium/1.115.0/Assets/IAU2006_XYS/IAU2006_XYS_16.json.br
- cesium/1.115.0/Assets/IAU2006_XYS/IAU2006_XYS_16.json.gz
- cesium/1.115.0/Assets/IAU2006_XYS/IAU2006_XYS_17.json.br
- cesium/1.115.0/Assets/IAU2006_XYS/IAU2006_XYS_17.json.gz
- cesium/1.115.0/Assets/IAU2006_XYS/IAU2006_XYS_18.json.br
- cesium/1.115.0/Assets/IAU2006_XYS/IAU2006_XYS_18.json.gz
- cesium/1.115.0/Assets/IAU2006_XYS/IAU2006_XYS_19.json.br
- cesium/1.115.0/Assets/IAU2006_XYS/IAU2006_XYS_19.json.gz
- cesium/1.115.0/Assets/IAU2006_XYS/IAU2006_XYS_2.json.br
- cesium/1.115.0/Assets/IAU2006_XYS/IAU2006_XYS_2.json.gz
- cesium/1.115.0/Assets/IAU2006_XYS/IAU2006_XYS_20.json.br
- cesium/1.115.0/Assets/IAU2006_XYS/IAU2006_XYS_20.json.gz
- cesium/1.115.0/Assets/IAU2006_XYS/IAU2006_XYS_21.json.br
- cesium/1.115.0/Assets/IAU2006_XYS/IAU2006_XYS_21.json.gz
- cesium/1.115.0/Assets/IAU2006_XYS/IAU2006_XYS_22.json.br
- cesium/1.115.0/Assets/IAU2006_XYS/IAU2006_XYS_22.json.gz
- cesium/1.115.0/Assets/IAU2006_XYS/IAU2006_XYS_23.json.br
- cesium/1.115.0/Assets/IAU2006_XYS/IAU2006_XYS_23.json.gz
- cesium/1.115.0/Assets/IAU2006_XYS/IAU2006_XYS_24.json.br
- cesium/1.115.0/Assets/IAU2006_XYS/IAU2006_XYS_24.json.gz
- cesium/1.115.0/Assets/IAU2006_XYS/IAU2006_XYS_25.json.br
- cesium/1.115.0/Assets/IAU2006_XYS/IAU2006_XYS_25.json.gz
- cesium/1.115.0/Assets/IAU2006_XYS/IAU2006_XYS_26.json.br
- cesium/1.115.0/Assets/IAU2006_XYS/IAU2006_XYS_26.json.gz
- cesium/1.115.0/Assets/IAU2006_XYS/IAU2006_XYS_27.json.br
- cesium/1.115.0/Assets/IAU2006_XYS/IAU2006_XYS_27.json.gz
- cesium/1.115.0/Assets/IAU2006_XYS/IAU2006_XYS_3.json.br
- cesium/1.115.0/Assets/IAU2006_XYS/IAU2006_XYS_3.json.gz
- cesium/1.115.0/Assets/IAU2006_XYS/IAU2006_XYS_4.json.br
- cesium/1.115.0/Assets/IAU2006_XYS/IAU2006_XYS_4.json.gz
- cesium/1.115.0/Assets/IAU2006_XYS/IAU2006_XYS_5.json.br
- cesium/1.115.0/Assets/IAU2006_XYS/IAU2006_XYS_5.json.gz
- cesium/1.115.0/Assets/IAU2006_XYS/IAU2006_XYS_6.json.br
- cesium/1.115.0/Assets/IAU2006_XYS/IAU2006_XYS_6.json.gz
- cesium/1.115.0/Assets/IAU2006_XYS/IAU2006_XYS_7.json.br
- cesium/1.115.0/Assets/IAU2006_XYS/IAU2006_XYS_7.json.gz
- cesium/1.115.0/Assets/IAU2006_XYS/IAU2006_XYS_8.json.br
- cesium/1.115.0/Assets/IAU2006_XYS/IAU2006_XYS_8.json.gz
- cesium/1.115.0/Assets/IAU2006_XYS/IAU2006_XYS_9.json.br
- cesium/1.115.0/Assets/IAU2006_XYS/IAU2006_XYS_9.json.gz
- cesium/1.115.0/Assets/Images/bing_maps_credit.png.br
- cesium/1.115.0/Assets/Images/bing_maps_credit.png.gz
- cesium/1.115.0/Assets/Images/cesium_credit.png.br
- cesium/1.115.0/Assets/Images/cesium_credit.png.gz
- cesium/1.115.0/Assets/Images/google_earth_credit.png.br
- cesium/1.115.0/Assets/Images/google_earth_credit.png.gz
- cesium/1.115.0/Assets/Images/ion-credit.png.br
- cesium/1.115.0/Assets/Images/ion-credit.png.gz
- cesium/1.115.0/Assets/Textures/LensFlare/DirtMask.jpg.br
- cesium/1.115.0/Assets/Textures/LensFlare/DirtMask.jpg.gz
- cesium/1.115.0/Assets/Textures/LensFlare/StarBurst.jpg.br
- cesium/1.115.0/Assets/Textures/LensFlare/StarBurst.jpg.gz
- cesium/1.115.0/Assets/Textures/NaturalEarthII/0/0/0.jpg.br
- cesium/1.115.0/Assets/Textures/NaturalEarthII/0/0/0.jpg.gz
- cesium/1.115.0/Assets/Textures/NaturalEarthII/0/1/0.jpg.br
- cesium/1.115.0/Assets/Textures/NaturalEarthII/0/1/0.jpg.gz
- cesium/1.115.0/Assets/Textures/NaturalEarthII/1/0/0.jpg.br
- cesium/1.115.0/Assets/Textures/NaturalEarthII/1/0/0.jpg.gz
- cesium/1.115.0/Assets/Textures/NaturalEarthII/1/0/1.jpg.br
- cesium/1.115.0/Assets/Textures/NaturalEarthII/1/0/1.jpg.gz
- cesium/1.115.0/Assets/Textures/NaturalEarthII/1/1/0.jpg.br
- cesium/1.115.0/Assets/Textures/NaturalEarthII/1/1/0.jpg.gz
- cesium/1.115.0/Assets/Textures/NaturalEarthII/1/1/1.jpg.br
- cesium/1.115.0/Assets/Textures/NaturalEarthII/1/1/1.jpg.gz
- cesium/1.115.0/Assets/Textures/NaturalEarthII/1/2/0.jpg.br
- cesium/1.115.0/Assets/Textures/NaturalEarthII/1/2/0.jpg.gz
- cesium/1.115.0/Assets/Textures/NaturalEarthII/1/2/1.jpg.br
- cesium/1.115.0/Assets/Textures/NaturalEarthII/1/2/1.jpg.gz
- cesium/1.115.0/Assets/Textures/NaturalEarthII/1/3/0.jpg.br
- cesium/1.115.0/Assets/Textures/NaturalEarthII/1/3/0.jpg.gz
- cesium/1.115.0/Assets/Textures/NaturalEarthII/1/3/1.jpg.br
- cesium/1.115.0/Assets/Textures/NaturalEarthII/1/3/1.jpg.gz
- cesium/1.115.0/Assets/Textures/NaturalEarthII/2/0/0.jpg.br
- cesium/1.115.0/Assets/Textures/NaturalEarthII/2/0/0.jpg.gz
- cesium/1.115.0/Assets/Textures/NaturalEarthII/2/0/1.jpg.br
- cesium/1.115.0/Assets/Textures/NaturalEarthII/2/0/1.jpg.gz
- cesium/1.115.0/Assets/Textures/NaturalEarthII/2/0/2.jpg.br
- cesium/1.115.0/Assets/Textures/NaturalEarthII/2/0/2.jpg.gz
- cesium/1.115.0/Assets/Textures/NaturalEarthII/2/0/3.jpg.br
- cesium/1.115.0/Assets/Textures/NaturalEarthII/2/0/3.jpg.gz
- cesium/1.115.0/Assets/Textures/NaturalEarthII/2/1/0.jpg.br
- cesium/1.115.0/Assets/Textures/NaturalEarthII/2/1/0.jpg.gz
- cesium/1.115.0/Assets/Textures/NaturalEarthII/2/1/1.jpg.br
- cesium/1.115.0/Assets/Textures/NaturalEarthII/2/1/1.jpg.gz
- cesium/1.115.0/Assets/Textures/NaturalEarthII/2/1/2.jpg.br
- cesium/1.115.0/Assets/Textures/NaturalEarthII/2/1/2.jpg.gz
- cesium/1.115.0/Assets/Textures/NaturalEarthII/2/1/3.jpg.br
- cesium/1.115.0/Assets/Textures/NaturalEarthII/2/1/3.jpg.gz
- cesium/1.115.0/Assets/Textures/NaturalEarthII/2/2/0.jpg.br
- cesium/1.115.0/Assets/Textures/NaturalEarthII/2/2/0.jpg.gz
- cesium/1.115.0/Assets/Textures/NaturalEarthII/2/2/1.jpg.br
- cesium/1.115.0/Assets/Textures/NaturalEarthII/2/2/1.jpg.gz
- cesium/1.115.0/Assets/Textures/NaturalEarthII/2/2/2.jpg.br
- cesium/1.115.0/Assets/Textures/NaturalEarthII/2/2/2.jpg.gz
- cesium/1.115.0/Assets/Textures/NaturalEarthII/2/2/3.jpg.br
- cesium/1.115.0/Assets/Textures/NaturalEarthII/2/2/3.jpg.gz
- cesium/1.115.0/Assets/Textures/NaturalEarthII/2/3/0.jpg.br
- cesium/1.115.0/Assets/Textures/NaturalEarthII/2/3/0.jpg.gz
- cesium/1.115.0/Assets/Textures/NaturalEarthII/2/3/1.jpg.br
- cesium/1.115.0/Assets/Textures/NaturalEarthII/2/3/1.jpg.gz
- cesium/1.115.0/Assets/Textures/NaturalEarthII/2/3/2.jpg.br
- cesium/1.115.0/Assets/Textures/NaturalEarthII/2/3/2.jpg.gz
- cesium/1.115.0/Assets/Textures/NaturalEarthII/2/3/3.jpg.br
- cesium/1.115.0/Assets/Textures/NaturalEarthII/2/3/3.jpg.gz
- cesium/1.115.0/Assets/Textures/NaturalEarthII/2/4/0.jpg.br
- cesium/1.115.0/Assets/Textures/NaturalEarthII/2/4/0.jpg.gz
- cesium/1.115.0/Assets/Textures/NaturalEarthII/2/4/1.jpg.br
- cesium/1.115.0/Assets/Textures/NaturalEarthII/2/4/1.jpg.gz
- cesium/1.115.0/Assets/Textures/NaturalEarthII/2/4/2.jpg.br
- cesium/1.115.0/Assets/Textures/NaturalEarthII/2/4/2.jpg.gz
- cesium/1.115.0/Assets/Textures/NaturalEarthII/2/4/3.jpg.br
- cesium/1.115.0/Assets/Textures/NaturalEarthII/2/4/3.jpg.gz
- cesium/1.115.0/Assets/Textures/NaturalEarthII/2/5/0.jpg.br
- cesium/1.115.0/Assets/Textures/NaturalEarthII/2/5/0.jpg.gz
- cesium/1.115.0/Assets/Textures/NaturalEarthII/2/5/1.jpg.br
- cesium/1.115.0/Assets/Textures/NaturalEarthII/2/5/1.jpg.gz
- cesium/1.115.0/Assets/Textures/NaturalEarthII/2/5/2.jpg.br
- cesium/1.115.0/Assets/Textures/NaturalEarthII/2/5/2.jpg.gz
- cesium/1.115.0/Assets/Textures/NaturalEarthII/2/5/3.jpg.br
- cesium/1.115.0/Assets/Textures/NaturalEarthII/2/5/3.jpg.gz
- cesium/1.115.0/Assets/Textures/NaturalEarthII/2/6/0.jpg.br
- cesium/1.115.0/Assets/Textures/NaturalEarthII/2/6/0.jpg.gz
- cesium/1.115.0/Assets/Textures/NaturalEarthII/2/6/1.jpg.br
- cesium/1.115.0/Assets/Textures/NaturalEarthII/2/6/1.jpg.gz
- cesium/1.115.0/Assets/Textures/NaturalEarthII/2/6/2.jpg.br
- cesium/1.115.0/Assets/Textures/NaturalEarthII/2/6/2.jpg.gz
- cesium/1.115.0/Assets/Textures/NaturalEarthII/2/6/3.jpg.br
- cesium/1.115.0/Assets/Textures/NaturalEarthII/2/6/3.jpg.gz
- cesium/1.115.0/Assets/Textures/NaturalEarthII/2/7/0.jpg.br
- cesium/1.115.0/Assets/Textures/NaturalEarthII/2/7/0.jpg.gz
- cesium/1.115.0/Assets/Textures/NaturalEarthII/2/7/1.jpg.br
- cesium/1.115.0/Assets/Textures/NaturalEarthII/2/7/1.jpg.gz
- cesium/1.115.0/Assets/Textures/NaturalEarthII/2/7/2.jpg.br
- cesium/1.115.0/Assets/Textures/NaturalEarthII/2/7/2.jpg.gz
- cesium/1.115.0/Assets/Textures/NaturalEarthII/2/7/3.jpg.br
- cesium/1.115.0/Assets/Textures/NaturalEarthII/2/7/3.jpg.gz
- cesium/1.115.0/Assets/Textures/NaturalEarthII/tilemapresource.xml.br
- cesium/1.115.0/Assets/Textures/NaturalEarthII/tilemapresource.xml.gz
- cesium/1.115.0/Assets/Textures/SkyBox/tycho2t3_80_mx.jpg.br
- cesium/1.115.0/Assets/Textures/SkyBox/tycho2t3_80_mx.jpg.gz
- cesium/1.115.0/Assets/Textures/SkyBox/tycho2t3_80_my.jpg.br
- cesium/1.115.0/Assets/Textures/SkyBox/tycho2t3_80_my.jpg.gz
- cesium/1.115.0/Assets/Textures/SkyBox/tycho2t3_80_mz.jpg.br
- cesium/1.115.0/Assets/Textures/SkyBox/tycho2t3_80_mz.jpg.gz
- cesium/1.115.0/Assets/Textures/SkyBox/tycho2t3_80_px.jpg.br
- cesium/1.115.0/Assets/Textures/SkyBox/tycho2t3_80_px.jpg.gz
- cesium/1.115.0/Assets/Textures/SkyBox/tycho2t3_80_py.jpg.br
- cesium/1.115.0/Assets/Textures/SkyBox/tycho2t3_80_py.jpg.gz
- cesium/1.115.0/Assets/Textures/SkyBox/tycho2t3_80_pz.jpg.br
- cesium/1.115.0/Assets/Textures/SkyBox/tycho2t3_80_pz.jpg.gz
- cesium/1.115.0/Assets/Textures/maki/airfield.png.br
- cesium/1.115.0/Assets/Textures/maki/airfield.png.gz
- cesium/1.115.0/Assets/Textures/maki/airport.png.br
- cesium/1.115.0/Assets/Textures/maki/airport.png.gz
- cesium/1.115.0/Assets/Textures/maki/alcohol-shop.png.br
- cesium/1.115.0/Assets/Textures/maki/alcohol-shop.png.gz
- cesium/1.115.0/Assets/Textures/maki/america-football.png.br
- cesium/1.115.0/Assets/Textures/maki/america-football.png.gz
- cesium/1.115.0/Assets/Textures/maki/art-gallery.png.br
- cesium/1.115.0/Assets/Textures/maki/art-gallery.png.gz
- cesium/1.115.0/Assets/Textures/maki/bakery.png.br
- cesium/1.115.0/Assets/Textures/maki/bakery.png.gz
- cesium/1.115.0/Assets/Textures/maki/bank.png.br
- cesium/1.115.0/Assets/Textures/maki/bank.png.gz
- cesium/1.115.0/Assets/Textures/maki/bar.png.br
- cesium/1.115.0/Assets/Textures/maki/bar.png.gz
- cesium/1.115.0/Assets/Textures/maki/baseball.png.br
- cesium/1.115.0/Assets/Textures/maki/baseball.png.gz
- cesium/1.115.0/Assets/Textures/maki/basketball.png.br
- cesium/1.115.0/Assets/Textures/maki/basketball.png.gz
- cesium/1.115.0/Assets/Textures/maki/beer.png.br
- cesium/1.115.0/Assets/Textures/maki/beer.png.gz
- cesium/1.115.0/Assets/Textures/maki/bicycle.png.br
- cesium/1.115.0/Assets/Textures/maki/bicycle.png.gz
- cesium/1.115.0/Assets/Textures/maki/building.png.br
- cesium/1.115.0/Assets/Textures/maki/building.png.gz
- cesium/1.115.0/Assets/Textures/maki/bus.png.br
- cesium/1.115.0/Assets/Textures/maki/bus.png.gz
- cesium/1.115.0/Assets/Textures/maki/cafe.png.br
- cesium/1.115.0/Assets/Textures/maki/cafe.png.gz
- cesium/1.115.0/Assets/Textures/maki/camera.png.br
- cesium/1.115.0/Assets/Textures/maki/camera.png.gz
- cesium/1.115.0/Assets/Textures/maki/campsite.png.br
- cesium/1.115.0/Assets/Textures/maki/campsite.png.gz
- cesium/1.115.0/Assets/Textures/maki/car.png.br
- cesium/1.115.0/Assets/Textures/maki/car.png.gz
- cesium/1.115.0/Assets/Textures/maki/cemetery.png.br
- cesium/1.115.0/Assets/Textures/maki/cemetery.png.gz
- cesium/1.115.0/Assets/Textures/maki/cesium.png.br
- cesium/1.115.0/Assets/Textures/maki/cesium.png.gz
- cesium/1.115.0/Assets/Textures/maki/chemist.png.br
- cesium/1.115.0/Assets/Textures/maki/chemist.png.gz
- cesium/1.115.0/Assets/Textures/maki/cinema.png.br
- cesium/1.115.0/Assets/Textures/maki/cinema.png.gz
- cesium/1.115.0/Assets/Textures/maki/circle-stroked.png.br
- cesium/1.115.0/Assets/Textures/maki/circle-stroked.png.gz
- cesium/1.115.0/Assets/Textures/maki/circle.png.br
- cesium/1.115.0/Assets/Textures/maki/circle.png.gz
- cesium/1.115.0/Assets/Textures/maki/city.png.br
- cesium/1.115.0/Assets/Textures/maki/city.png.gz
- cesium/1.115.0/Assets/Textures/maki/clothing-store.png.br
- cesium/1.115.0/Assets/Textures/maki/clothing-store.png.gz
- cesium/1.115.0/Assets/Textures/maki/college.png.br
- cesium/1.115.0/Assets/Textures/maki/college.png.gz
- cesium/1.115.0/Assets/Textures/maki/commercial.png.br
- cesium/1.115.0/Assets/Textures/maki/commercial.png.gz
- cesium/1.115.0/Assets/Textures/maki/cricket.png.br
- cesium/1.115.0/Assets/Textures/maki/cricket.png.gz
- cesium/1.115.0/Assets/Textures/maki/cross.png.br
- cesium/1.115.0/Assets/Textures/maki/cross.png.gz
- cesium/1.115.0/Assets/Textures/maki/dam.png.br
- cesium/1.115.0/Assets/Textures/maki/dam.png.gz
- cesium/1.115.0/Assets/Textures/maki/danger.png.br
- cesium/1.115.0/Assets/Textures/maki/danger.png.gz
- cesium/1.115.0/Assets/Textures/maki/disability.png.br
- cesium/1.115.0/Assets/Textures/maki/disability.png.gz
- cesium/1.115.0/Assets/Textures/maki/dog-park.png.br
- cesium/1.115.0/Assets/Textures/maki/dog-park.png.gz
- cesium/1.115.0/Assets/Textures/maki/embassy.png.br
- cesium/1.115.0/Assets/Textures/maki/embassy.png.gz
- cesium/1.115.0/Assets/Textures/maki/emergency-telephone.png.br
- cesium/1.115.0/Assets/Textures/maki/emergency-telephone.png.gz
- cesium/1.115.0/Assets/Textures/maki/entrance.png.br
- cesium/1.115.0/Assets/Textures/maki/entrance.png.gz
- cesium/1.115.0/Assets/Textures/maki/farm.png.br
- cesium/1.115.0/Assets/Textures/maki/farm.png.gz
- cesium/1.115.0/Assets/Textures/maki/fast-food.png.br
- cesium/1.115.0/Assets/Textures/maki/fast-food.png.gz
- cesium/1.115.0/Assets/Textures/maki/ferry.png.br
- cesium/1.115.0/Assets/Textures/maki/ferry.png.gz
- cesium/1.115.0/Assets/Textures/maki/fire-station.png.br
- cesium/1.115.0/Assets/Textures/maki/fire-station.png.gz
- cesium/1.115.0/Assets/Textures/maki/fuel.png.br
- cesium/1.115.0/Assets/Textures/maki/fuel.png.gz
- cesium/1.115.0/Assets/Textures/maki/garden.png.br
- cesium/1.115.0/Assets/Textures/maki/garden.png.gz
- cesium/1.115.0/Assets/Textures/maki/gift.png.br
- cesium/1.115.0/Assets/Textures/maki/gift.png.gz
- cesium/1.115.0/Assets/Textures/maki/golf.png.br
- cesium/1.115.0/Assets/Textures/maki/golf.png.gz
- cesium/1.115.0/Assets/Textures/maki/grocery.png.br
- cesium/1.115.0/Assets/Textures/maki/grocery.png.gz
- cesium/1.115.0/Assets/Textures/maki/hairdresser.png.br
- cesium/1.115.0/Assets/Textures/maki/hairdresser.png.gz
- cesium/1.115.0/Assets/Textures/maki/harbor.png.br
- cesium/1.115.0/Assets/Textures/maki/harbor.png.gz
- cesium/1.115.0/Assets/Textures/maki/heart.png.br
- cesium/1.115.0/Assets/Textures/maki/heart.png.gz
- cesium/1.115.0/Assets/Textures/maki/heliport.png.br
- cesium/1.115.0/Assets/Textures/maki/heliport.png.gz
- cesium/1.115.0/Assets/Textures/maki/hospital.png.br
- cesium/1.115.0/Assets/Textures/maki/hospital.png.gz
- cesium/1.115.0/Assets/Textures/maki/ice-cream.png.br
- cesium/1.115.0/Assets/Textures/maki/ice-cream.png.gz
- cesium/1.115.0/Assets/Textures/maki/industrial.png.br
- cesium/1.115.0/Assets/Textures/maki/industrial.png.gz
- cesium/1.115.0/Assets/Textures/maki/land-use.png.br
- cesium/1.115.0/Assets/Textures/maki/land-use.png.gz
- cesium/1.115.0/Assets/Textures/maki/laundry.png.br
- cesium/1.115.0/Assets/Textures/maki/laundry.png.gz
- cesium/1.115.0/Assets/Textures/maki/library.png.br
- cesium/1.115.0/Assets/Textures/maki/library.png.gz
- cesium/1.115.0/Assets/Textures/maki/lighthouse.png.br
- cesium/1.115.0/Assets/Textures/maki/lighthouse.png.gz
- cesium/1.115.0/Assets/Textures/maki/lodging.png.br
- cesium/1.115.0/Assets/Textures/maki/lodging.png.gz
- cesium/1.115.0/Assets/Textures/maki/logging.png.br
- cesium/1.115.0/Assets/Textures/maki/logging.png.gz
- cesium/1.115.0/Assets/Textures/maki/london-underground.png.br
- cesium/1.115.0/Assets/Textures/maki/london-underground.png.gz
- cesium/1.115.0/Assets/Textures/maki/marker-stroked.png.br
- cesium/1.115.0/Assets/Textures/maki/marker-stroked.png.gz
- cesium/1.115.0/Assets/Textures/maki/marker.png.br
- cesium/1.115.0/Assets/Textures/maki/marker.png.gz
- cesium/1.115.0/Assets/Textures/maki/minefield.png.br
- cesium/1.115.0/Assets/Textures/maki/minefield.png.gz
- cesium/1.115.0/Assets/Textures/maki/mobilephone.png.br
- cesium/1.115.0/Assets/Textures/maki/mobilephone.png.gz
- cesium/1.115.0/Assets/Textures/maki/monument.png.br
- cesium/1.115.0/Assets/Textures/maki/monument.png.gz
- cesium/1.115.0/Assets/Textures/maki/museum.png.br
- cesium/1.115.0/Assets/Textures/maki/museum.png.gz
- cesium/1.115.0/Assets/Textures/maki/music.png.br
- cesium/1.115.0/Assets/Textures/maki/music.png.gz
- cesium/1.115.0/Assets/Textures/maki/oil-well.png.br
- cesium/1.115.0/Assets/Textures/maki/oil-well.png.gz
- cesium/1.115.0/Assets/Textures/maki/park.png.br
- cesium/1.115.0/Assets/Textures/maki/park.png.gz
- cesium/1.115.0/Assets/Textures/maki/park2.png.br
- cesium/1.115.0/Assets/Textures/maki/park2.png.gz
- cesium/1.115.0/Assets/Textures/maki/parking-garage.png.br
- cesium/1.115.0/Assets/Textures/maki/parking-garage.png.gz
- cesium/1.115.0/Assets/Textures/maki/parking.png.br
- cesium/1.115.0/Assets/Textures/maki/parking.png.gz
- cesium/1.115.0/Assets/Textures/maki/pharmacy.png.br
- cesium/1.115.0/Assets/Textures/maki/pharmacy.png.gz
- cesium/1.115.0/Assets/Textures/maki/pitch.png.br
- cesium/1.115.0/Assets/Textures/maki/pitch.png.gz
- cesium/1.115.0/Assets/Textures/maki/place-of-worship.png.br
- cesium/1.115.0/Assets/Textures/maki/place-of-worship.png.gz
- cesium/1.115.0/Assets/Textures/maki/playground.png.br
- cesium/1.115.0/Assets/Textures/maki/playground.png.gz
- cesium/1.115.0/Assets/Textures/maki/police.png.br
- cesium/1.115.0/Assets/Textures/maki/police.png.gz
- cesium/1.115.0/Assets/Textures/maki/polling-place.png.br
- cesium/1.115.0/Assets/Textures/maki/polling-place.png.gz
- cesium/1.115.0/Assets/Textures/maki/post.png.br
- cesium/1.115.0/Assets/Textures/maki/post.png.gz
- cesium/1.115.0/Assets/Textures/maki/prison.png.br
- cesium/1.115.0/Assets/Textures/maki/prison.png.gz
- cesium/1.115.0/Assets/Textures/maki/rail-above.png.br
- cesium/1.115.0/Assets/Textures/maki/rail-above.png.gz
- cesium/1.115.0/Assets/Textures/maki/rail-light.png.br
- cesium/1.115.0/Assets/Textures/maki/rail-light.png.gz
- cesium/1.115.0/Assets/Textures/maki/rail-metro.png.br
- cesium/1.115.0/Assets/Textures/maki/rail-metro.png.gz
- cesium/1.115.0/Assets/Textures/maki/rail-underground.png.br
- cesium/1.115.0/Assets/Textures/maki/rail-underground.png.gz
- cesium/1.115.0/Assets/Textures/maki/rail.png.br
- cesium/1.115.0/Assets/Textures/maki/rail.png.gz
- cesium/1.115.0/Assets/Textures/maki/religious-christian.png.br
- cesium/1.115.0/Assets/Textures/maki/religious-christian.png.gz
- cesium/1.115.0/Assets/Textures/maki/religious-jewish.png.br
- cesium/1.115.0/Assets/Textures/maki/religious-jewish.png.gz
- cesium/1.115.0/Assets/Textures/maki/religious-muslim.png.br
- cesium/1.115.0/Assets/Textures/maki/religious-muslim.png.gz
- cesium/1.115.0/Assets/Textures/maki/restaurant.png.br
- cesium/1.115.0/Assets/Textures/maki/restaurant.png.gz
- cesium/1.115.0/Assets/Textures/maki/roadblock.png.br
- cesium/1.115.0/Assets/Textures/maki/roadblock.png.gz
- cesium/1.115.0/Assets/Textures/maki/rocket.png.br
- cesium/1.115.0/Assets/Textures/maki/rocket.png.gz
- cesium/1.115.0/Assets/Textures/maki/school.png.br
- cesium/1.115.0/Assets/Textures/maki/school.png.gz
- cesium/1.115.0/Assets/Textures/maki/scooter.png.br
- cesium/1.115.0/Assets/Textures/maki/scooter.png.gz
- cesium/1.115.0/Assets/Textures/maki/shop.png.br
- cesium/1.115.0/Assets/Textures/maki/shop.png.gz
- cesium/1.115.0/Assets/Textures/maki/skiing.png.br
- cesium/1.115.0/Assets/Textures/maki/skiing.png.gz
- cesium/1.115.0/Assets/Textures/maki/slaughterhouse.png.br
- cesium/1.115.0/Assets/Textures/maki/slaughterhouse.png.gz
- cesium/1.115.0/Assets/Textures/maki/soccer.png.br
- cesium/1.115.0/Assets/Textures/maki/soccer.png.gz
- cesium/1.115.0/Assets/Textures/maki/square-stroked.png.br
- cesium/1.115.0/Assets/Textures/maki/square-stroked.png.gz
- cesium/1.115.0/Assets/Textures/maki/square.png.br
- cesium/1.115.0/Assets/Textures/maki/square.png.gz
- cesium/1.115.0/Assets/Textures/maki/star-stroked.png.br
- cesium/1.115.0/Assets/Textures/maki/star-stroked.png.gz
- cesium/1.115.0/Assets/Textures/maki/star.png.br
- cesium/1.115.0/Assets/Textures/maki/star.png.gz
- cesium/1.115.0/Assets/Textures/maki/suitcase.png.br
- cesium/1.115.0/Assets/Textures/maki/suitcase.png.gz
- cesium/1.115.0/Assets/Textures/maki/swimming.png.br
- cesium/1.115.0/Assets/Textures/maki/swimming.png.gz
- cesium/1.115.0/Assets/Textures/maki/telephone.png.br
- cesium/1.115.0/Assets/Textures/maki/telephone.png.gz
- cesium/1.115.0/Assets/Textures/maki/tennis.png.br
- cesium/1.115.0/Assets/Textures/maki/tennis.png.gz
- cesium/1.115.0/Assets/Textures/maki/theatre.png.br
- cesium/1.115.0/Assets/Textures/maki/theatre.png.gz
- cesium/1.115.0/Assets/Textures/maki/toilets.png.br
- cesium/1.115.0/Assets/Textures/maki/toilets.png.gz
- cesium/1.115.0/Assets/Textures/maki/town-hall.png.br
- cesium/1.115.0/Assets/Textures/maki/town-hall.png.gz
- cesium/1.115.0/Assets/Textures/maki/town.png.br
- cesium/1.115.0/Assets/Textures/maki/town.png.gz
- cesium/1.115.0/Assets/Textures/maki/triangle-stroked.png.br
- cesium/1.115.0/Assets/Textures/maki/triangle-stroked.png.gz
- cesium/1.115.0/Assets/Textures/maki/triangle.png.br
- cesium/1.115.0/Assets/Textures/maki/triangle.png.gz
- cesium/1.115.0/Assets/Textures/maki/village.png.br
- cesium/1.115.0/Assets/Textures/maki/village.png.gz
- cesium/1.115.0/Assets/Textures/maki/warehouse.png.br
- cesium/1.115.0/Assets/Textures/maki/warehouse.png.gz
- cesium/1.115.0/Assets/Textures/maki/waste-basket.png.br
- cesium/1.115.0/Assets/Textures/maki/waste-basket.png.gz
- cesium/1.115.0/Assets/Textures/maki/water.png.br
- cesium/1.115.0/Assets/Textures/maki/water.png.gz
- cesium/1.115.0/Assets/Textures/maki/wetland.png.br
- cesium/1.115.0/Assets/Textures/maki/wetland.png.gz
- cesium/1.115.0/Assets/Textures/maki/zoo.png.br
- cesium/1.115.0/Assets/Textures/maki/zoo.png.gz
- cesium/1.115.0/Assets/Textures/moonSmall.jpg.br
- cesium/1.115.0/Assets/Textures/moonSmall.jpg.gz
- cesium/1.115.0/Assets/Textures/pin.svg.br
- cesium/1.115.0/Assets/Textures/pin.svg.gz
- cesium/1.115.0/Assets/Textures/waterNormals.jpg.br
- cesium/1.115.0/Assets/Textures/waterNormals.jpg.gz
- cesium/1.115.0/Assets/Textures/waterNormalsSmall.jpg.br
- cesium/1.115.0/Assets/Textures/waterNormalsSmall.jpg.gz
- cesium/1.115.0/Assets/approximateTerrainHeights.json.br
- cesium/1.115.0/Assets/approximateTerrainHeights.json.gz
- cesium/1.115.0/Cesium.js.br
- cesium/1.115.0/Cesium.js.gz
- cesium/1.115.0/Cesium.min.js.br
- cesium/1.115.0/Cesium.min.js.gz
- cesium/1.115.0/ThirdParty/Workers/pako_deflate.min.js.br
- cesium/1.115.0/ThirdParty/Workers/pako_deflate.min.js.gz
- cesium/1.115.0/ThirdParty/Workers/pako_inflate.min.js.br
- cesium/1.115.0/ThirdParty/Workers/pako_inflate.min.js.gz
- cesium/1.115.0/ThirdParty/Workers/z-worker-pako.js.br
- cesium/1.115.0/ThirdParty/Workers/z-worker-pako.js.gz
- cesium/1.115.0/ThirdParty/Workers/z-worker-pako.min.js.br
- cesium/1.115.0/ThirdParty/Workers/z-worker-pako.min.js.gz
- cesium/1.115.0/ThirdParty/basis_transcoder.wasm.br
- cesium/1.115.0/ThirdParty/basis_transcoder.wasm.gz
- cesium/1.115.0/ThirdParty/draco_decoder.wasm.br
- cesium/1.115.0/ThirdParty/draco_decoder.wasm.gz
- cesium/1.115.0/ThirdParty/google-earth-dbroot-parser.js.br
- cesium/1.115.0/ThirdParty/google-earth-dbroot-parser.js.gz
- cesium/1.115.0/ThirdParty/google-earth-dbroot-parser.min.js.br
- cesium/1.115.0/ThirdParty/google-earth-dbroot-parser.min.js.gz
- cesium/1.115.0/Widgets/Animation/Animation.css.br
- cesium/1.115.0/Widgets/Animation/Animation.css.gz
- cesium/1.115.0/Widgets/Animation/Animation.min.css.br
- cesium/1.115.0/Widgets/Animation/Animation.min.css.gz
- cesium/1.115.0/Widgets/Animation/lighter.css.br
- cesium/1.115.0/Widgets/Animation/lighter.css.gz
- cesium/1.115.0/Widgets/Animation/lighter.min.css.br
- cesium/1.115.0/Widgets/Animation/lighter.min.css.gz
- cesium/1.115.0/Widgets/BaseLayerPicker/BaseLayerPicker.css.br
- cesium/1.115.0/Widgets/BaseLayerPicker/BaseLayerPicker.css.gz
- cesium/1.115.0/Widgets/BaseLayerPicker/BaseLayerPicker.min.css.br
- cesium/1.115.0/Widgets/BaseLayerPicker/BaseLayerPicker.min.css.gz
- cesium/1.115.0/Widgets/BaseLayerPicker/lighter.css.br
- cesium/1.115.0/Widgets/BaseLayerPicker/lighter.css.gz
- cesium/1.115.0/Widgets/BaseLayerPicker/lighter.min.css.br
- cesium/1.115.0/Widgets/BaseLayerPicker/lighter.min.css.gz
- cesium/1.115.0/Widgets/Cesium3DTilesInspector/Cesium3DTilesInspector.css.br
- cesium/1.115.0/Widgets/Cesium3DTilesInspector/Cesium3DTilesInspector.css.gz
- cesium/1.115.0/Widgets/Cesium3DTilesInspector/Cesium3DTilesInspector.min.css.br
- cesium/1.115.0/Widgets/Cesium3DTilesInspector/Cesium3DTilesInspector.min.css.gz
- cesium/1.115.0/Widgets/CesiumInspector/CesiumInspector.css.br
- cesium/1.115.0/Widgets/CesiumInspector/CesiumInspector.css.gz
- cesium/1.115.0/Widgets/CesiumInspector/CesiumInspector.min.css.br
- cesium/1.115.0/Widgets/CesiumInspector/CesiumInspector.min.css.gz
- cesium/1.115.0/Widgets/CesiumWidget/CesiumWidget.css.br
- cesium/1.115.0/Widgets/CesiumWidget/CesiumWidget.css.gz
- cesium/1.115.0/Widgets/CesiumWidget/CesiumWidget.min.css.br
- cesium/1.115.0/Widgets/CesiumWidget/CesiumWidget.min.css.gz
- cesium/1.115.0/Widgets/CesiumWidget/lighter.css.br
- cesium/1.115.0/Widgets/CesiumWidget/lighter.css.gz
- cesium/1.115.0/Widgets/CesiumWidget/lighter.min.css.br
- cesium/1.115.0/Widgets/CesiumWidget/lighter.min.css.gz
- cesium/1.115.0/Widgets/FullscreenButton/FullscreenButton.css.br
- cesium/1.115.0/Widgets/FullscreenButton/FullscreenButton.css.gz
- cesium/1.115.0/Widgets/FullscreenButton/FullscreenButton.min.css.br
- cesium/1.115.0/Widgets/FullscreenButton/FullscreenButton.min.css.gz
- cesium/1.115.0/Widgets/Geocoder/Geocoder.css.br
- cesium/1.115.0/Widgets/Geocoder/Geocoder.css.gz
- cesium/1.115.0/Widgets/Geocoder/Geocoder.min.css.br
- cesium/1.115.0/Widgets/Geocoder/Geocoder.min.css.gz
- cesium/1.115.0/Widgets/Geocoder/lighter.css.br
- cesium/1.115.0/Widgets/Geocoder/lighter.css.gz
- cesium/1.115.0/Widgets/Geocoder/lighter.min.css.br
- cesium/1.115.0/Widgets/Geocoder/lighter.min.css.gz
- cesium/1.115.0/Widgets/I3SBuildingSceneLayerExplorer/I3SBuildingSceneLayerExplorer.css.br
- cesium/1.115.0/Widgets/I3SBuildingSceneLayerExplorer/I3SBuildingSceneLayerExplorer.css.gz
- cesium/1.115.0/Widgets/I3SBuildingSceneLayerExplorer/I3SBuildingSceneLayerExplorer.min.css.br
- cesium/1.115.0/Widgets/I3SBuildingSceneLayerExplorer/I3SBuildingSceneLayerExplorer.min.css.gz
- cesium/1.115.0/Widgets/Images/ImageryProviders/ArcGisMapServiceWorldHillshade.png.br
- cesium/1.115.0/Widgets/Images/ImageryProviders/ArcGisMapServiceWorldHillshade.png.gz
- cesium/1.115.0/Widgets/Images/ImageryProviders/ArcGisMapServiceWorldImagery.png.br
- cesium/1.115.0/Widgets/Images/ImageryProviders/ArcGisMapServiceWorldImagery.png.gz
- cesium/1.115.0/Widgets/Images/ImageryProviders/ArcGisMapServiceWorldOcean.png.br
- cesium/1.115.0/Widgets/Images/ImageryProviders/ArcGisMapServiceWorldOcean.png.gz
- cesium/1.115.0/Widgets/Images/ImageryProviders/bingAerial.png.br
- cesium/1.115.0/Widgets/Images/ImageryProviders/bingAerial.png.gz
- cesium/1.115.0/Widgets/Images/ImageryProviders/bingAerialLabels.png.br
- cesium/1.115.0/Widgets/Images/ImageryProviders/bingAerialLabels.png.gz
- cesium/1.115.0/Widgets/Images/ImageryProviders/bingRoads.png.br
- cesium/1.115.0/Widgets/Images/ImageryProviders/bingRoads.png.gz
- cesium/1.115.0/Widgets/Images/ImageryProviders/blueMarble.png.br
- cesium/1.115.0/Widgets/Images/ImageryProviders/blueMarble.png.gz
- cesium/1.115.0/Widgets/Images/ImageryProviders/earthAtNight.png.br
- cesium/1.115.0/Widgets/Images/ImageryProviders/earthAtNight.png.gz
- cesium/1.115.0/Widgets/Images/ImageryProviders/mapQuestOpenStreetMap.png.br
- cesium/1.115.0/Widgets/Images/ImageryProviders/mapQuestOpenStreetMap.png.gz
- cesium/1.115.0/Widgets/Images/ImageryProviders/mapboxSatellite.png.br
- cesium/1.115.0/Widgets/Images/ImageryProviders/mapboxSatellite.png.gz
- cesium/1.115.0/Widgets/Images/ImageryProviders/mapboxStreets.png.br
- cesium/1.115.0/Widgets/Images/ImageryProviders/mapboxStreets.png.gz
- cesium/1.115.0/Widgets/Images/ImageryProviders/mapboxTerrain.png.br
- cesium/1.115.0/Widgets/Images/ImageryProviders/mapboxTerrain.png.gz
- cesium/1.115.0/Widgets/Images/ImageryProviders/naturalEarthII.png.br
- cesium/1.115.0/Widgets/Images/ImageryProviders/naturalEarthII.png.gz
- cesium/1.115.0/Widgets/Images/ImageryProviders/openStreetMap.png.br
- cesium/1.115.0/Widgets/Images/ImageryProviders/openStreetMap.png.gz
- cesium/1.115.0/Widgets/Images/ImageryProviders/sentinel-2.png.br
- cesium/1.115.0/Widgets/Images/ImageryProviders/sentinel-2.png.gz
- cesium/1.115.0/Widgets/Images/ImageryProviders/stadiaAlidadeSmooth.png.br
- cesium/1.115.0/Widgets/Images/ImageryProviders/stadiaAlidadeSmooth.png.gz
- cesium/1.115.0/Widgets/Images/ImageryProviders/stadiaAlidadeSmoothDark.png.br
- cesium/1.115.0/Widgets/Images/ImageryProviders/stadiaAlidadeSmoothDark.png.gz
- cesium/1.115.0/Widgets/Images/ImageryProviders/stamenToner.png.br
- cesium/1.115.0/Widgets/Images/ImageryProviders/stamenToner.png.gz
- cesium/1.115.0/Widgets/Images/ImageryProviders/stamenWatercolor.png.br
- cesium/1.115.0/Widgets/Images/ImageryProviders/stamenWatercolor.png.gz
- cesium/1.115.0/Widgets/Images/NavigationHelp/Mouse.svg.br
- cesium/1.115.0/Widgets/Images/NavigationHelp/Mouse.svg.gz
- cesium/1.115.0/Widgets/Images/NavigationHelp/MouseLeft.svg.br
- cesium/1.115.0/Widgets/Images/NavigationHelp/MouseLeft.svg.gz
- cesium/1.115.0/Widgets/Images/NavigationHelp/MouseMiddle.svg.br
- cesium/1.115.0/Widgets/Images/NavigationHelp/MouseMiddle.svg.gz
- cesium/1.115.0/Widgets/Images/NavigationHelp/MouseRight.svg.br
- cesium/1.115.0/Widgets/Images/NavigationHelp/MouseRight.svg.gz
- cesium/1.115.0/Widgets/Images/NavigationHelp/Touch.svg.br
- cesium/1.115.0/Widgets/Images/NavigationHelp/Touch.svg.gz
- cesium/1.115.0/Widgets/Images/NavigationHelp/TouchDrag.svg.br
- cesium/1.115.0/Widgets/Images/NavigationHelp/TouchDrag.svg.gz
- cesium/1.115.0/Widgets/Images/NavigationHelp/TouchRotate.svg.br
- cesium/1.115.0/Widgets/Images/NavigationHelp/TouchRotate.svg.gz
- cesium/1.115.0/Widgets/Images/NavigationHelp/TouchTilt.svg.br
- cesium/1.115.0/Widgets/Images/NavigationHelp/TouchTilt.svg.gz
- cesium/1.115.0/Widgets/Images/NavigationHelp/TouchZoom.svg.br
- cesium/1.115.0/Widgets/Images/NavigationHelp/TouchZoom.svg.gz
- cesium/1.115.0/Widgets/Images/TerrainProviders/CesiumWorldTerrain.png.br
- cesium/1.115.0/Widgets/Images/TerrainProviders/CesiumWorldTerrain.png.gz
- cesium/1.115.0/Widgets/Images/TerrainProviders/Ellipsoid.png.br
- cesium/1.115.0/Widgets/Images/TerrainProviders/Ellipsoid.png.gz
- cesium/1.115.0/Widgets/Images/TimelineIcons.png.br
- cesium/1.115.0/Widgets/Images/TimelineIcons.png.gz
- cesium/1.115.0/Widgets/Images/info-loading.gif.br
- cesium/1.115.0/Widgets/Images/info-loading.gif.gz
- cesium/1.115.0/Widgets/InfoBox/InfoBox.css.br
- cesium/1.115.0/Widgets/InfoBox/InfoBox.css.gz
- cesium/1.115.0/Widgets/InfoBox/InfoBox.min.css.br
- cesium/1.115.0/Widgets/InfoBox/InfoBox.min.css.gz
- cesium/1.115.0/Widgets/InfoBox/InfoBoxDescription.css.br
- cesium/1.115.0/Widgets/InfoBox/InfoBoxDescription.css.gz
- cesium/1.115.0/Widgets/InfoBox/InfoBoxDescription.min.css.br
- cesium/1.115.0/Widgets/InfoBox/InfoBoxDescription.min.css.gz
- cesium/1.115.0/Widgets/NavigationHelpButton/NavigationHelpButton.css.br
- cesium/1.115.0/Widgets/NavigationHelpButton/NavigationHelpButton.css.gz
- cesium/1.115.0/Widgets/NavigationHelpButton/NavigationHelpButton.min.css.br
- cesium/1.115.0/Widgets/NavigationHelpButton/NavigationHelpButton.min.css.gz
- cesium/1.115.0/Widgets/NavigationHelpButton/lighter.css.br
- cesium/1.115.0/Widgets/NavigationHelpButton/lighter.css.gz
- cesium/1.115.0/Widgets/NavigationHelpButton/lighter.min.css.br
- cesium/1.115.0/Widgets/NavigationHelpButton/lighter.min.css.gz
- cesium/1.115.0/Widgets/PerformanceWatchdog/PerformanceWatchdog.css.br
- cesium/1.115.0/Widgets/PerformanceWatchdog/PerformanceWatchdog.css.gz
- cesium/1.115.0/Widgets/PerformanceWatchdog/PerformanceWatchdog.min.css.br
- cesium/1.115.0/Widgets/PerformanceWatchdog/PerformanceWatchdog.min.css.gz
- cesium/1.115.0/Widgets/ProjectionPicker/ProjectionPicker.css.br
- cesium/1.115.0/Widgets/ProjectionPicker/ProjectionPicker.css.gz
- cesium/1.115.0/Widgets/ProjectionPicker/ProjectionPicker.min.css.br
- cesium/1.115.0/Widgets/ProjectionPicker/ProjectionPicker.min.css.gz
- cesium/1.115.0/Widgets/SceneModePicker/SceneModePicker.css.br
- cesium/1.115.0/Widgets/SceneModePicker/SceneModePicker.css.gz
- cesium/1.115.0/Widgets/SceneModePicker/SceneModePicker.min.css.br
- cesium/1.115.0/Widgets/SceneModePicker/SceneModePicker.min.css.gz
- cesium/1.115.0/Widgets/SelectionIndicator/SelectionIndicator.css.br
- cesium/1.115.0/Widgets/SelectionIndicator/SelectionIndicator.css.gz
- cesium/1.115.0/Widgets/SelectionIndicator/SelectionIndicator.min.css.br
- cesium/1.115.0/Widgets/SelectionIndicator/SelectionIndicator.min.css.gz
- cesium/1.115.0/Widgets/Timeline/Timeline.css.br
- cesium/1.115.0/Widgets/Timeline/Timeline.css.gz
- cesium/1.115.0/Widgets/Timeline/Timeline.min.css.br
- cesium/1.115.0/Widgets/Timeline/Timeline.min.css.gz
- cesium/1.115.0/Widgets/Timeline/lighter.css.br
- cesium/1.115.0/Widgets/Timeline/lighter.css.gz
- cesium/1.115.0/Widgets/Timeline/lighter.min.css.br
- cesium/1.115.0/Widgets/Timeline/lighter.min.css.gz
- cesium/1.115.0/Widgets/VRButton/VRButton.css.br
- cesium/1.115.0/Widgets/VRButton/VRButton.css.gz
- cesium/1.115.0/Widgets/VRButton/VRButton.min.css.br
- cesium/1.115.0/Widgets/VRButton/VRButton.min.css.gz
- cesium/1.115.0/Widgets/Viewer/Viewer.css.br
- cesium/1.115.0/Widgets/Viewer/Viewer.css.gz
- cesium/1.115.0/Widgets/Viewer/Viewer.min.css.br
- cesium/1.115.0/Widgets/Viewer/Viewer.min.css.gz
- cesium/1.115.0/Widgets/VoxelInspector/VoxelInspector.css.br
- cesium/1.115.0/Widgets/VoxelInspector/VoxelInspector.css.gz
- cesium/1.115.0/Widgets/VoxelInspector/VoxelInspector.min.css.br
- cesium/1.115.0/Widgets/VoxelInspector/VoxelInspector.min.css.gz
- cesium/1.115.0/Widgets/lighter.css.br
- cesium/1.115.0/Widgets/lighter.css.gz
- cesium/1.115.0/Widgets/lighter.min.css.br
- cesium/1.115.0/Widgets/lighter.min.css.gz
- cesium/1.115.0/Widgets/lighterShared.css.br
- cesium/1.115.0/Widgets/lighterShared.css.gz
- cesium/1.115.0/Widgets/lighterShared.min.css.br
- cesium/1.115.0/Widgets/lighterShared.min.css.gz
- cesium/1.115.0/Widgets/shared.css.br
- cesium/1.115.0/Widgets/shared.css.gz
- cesium/1.115.0/Widgets/shared.min.css.br
- cesium/1.115.0/Widgets/shared.min.css.gz
- cesium/1.115.0/Widgets/widgets.css.br
- cesium/1.115.0/Widgets/widgets.css.gz
- cesium/1.115.0/Widgets/widgets.min.css.br
- cesium/1.115.0/Widgets/widgets.min.css.gz
- cesium/1.115.0/Workers/chunk-3G4OCZJT.js.br
- cesium/1.115.0/Workers/chunk-3G4OCZJT.js.gz
- cesium/1.115.0/Workers/chunk-3G4OCZJT.min.js.br
- cesium/1.115.0/Workers/chunk-3G4OCZJT.min.js.gz
- cesium/1.115.0/Workers/chunk-4KGDZUZQ.js.br
- cesium/1.115.0/Workers/chunk-4KGDZUZQ.js.gz
- cesium/1.115.0/Workers/chunk-4KGDZUZQ.min.js.br
- cesium/1.115.0/Workers/chunk-4KGDZUZQ.min.js.gz
- cesium/1.115.0/Workers/chunk-4VIV3K4J.js.br
- cesium/1.115.0/Workers/chunk-4VIV3K4J.js.gz
- cesium/1.115.0/Workers/chunk-4VIV3K4J.min.js.br
- cesium/1.115.0/Workers/chunk-4VIV3K4J.min.js.gz
- cesium/1.115.0/Workers/chunk-AJBZ3ZYP.js.br
- cesium/1.115.0/Workers/chunk-AJBZ3ZYP.js.gz
- cesium/1.115.0/Workers/chunk-AJBZ3ZYP.min.js.br
- cesium/1.115.0/Workers/chunk-AJBZ3ZYP.min.js.gz
- cesium/1.115.0/Workers/chunk-AVEP2DCC.js.br
- cesium/1.115.0/Workers/chunk-AVEP2DCC.js.gz
- cesium/1.115.0/Workers/chunk-AVEP2DCC.min.js.br
- cesium/1.115.0/Workers/chunk-AVEP2DCC.min.js.gz
- cesium/1.115.0/Workers/chunk-DNO4OWAM.js.br
- cesium/1.115.0/Workers/chunk-DNO4OWAM.js.gz
- cesium/1.115.0/Workers/chunk-DNO4OWAM.min.js.br
- cesium/1.115.0/Workers/chunk-DNO4OWAM.min.js.gz
- cesium/1.115.0/Workers/chunk-EKKRJHD7.js.br
- cesium/1.115.0/Workers/chunk-EKKRJHD7.js.gz
- cesium/1.115.0/Workers/chunk-EKKRJHD7.min.js.br
- cesium/1.115.0/Workers/chunk-EKKRJHD7.min.js.gz
- cesium/1.115.0/Workers/chunk-EQAHH27B.js.br
- cesium/1.115.0/Workers/chunk-EQAHH27B.js.gz
- cesium/1.115.0/Workers/chunk-EQAHH27B.min.js.br
- cesium/1.115.0/Workers/chunk-EQAHH27B.min.js.gz
- cesium/1.115.0/Workers/chunk-ERAZHWPC.js.br
- cesium/1.115.0/Workers/chunk-ERAZHWPC.js.gz
- cesium/1.115.0/Workers/chunk-ERAZHWPC.min.js.br
- cesium/1.115.0/Workers/chunk-ERAZHWPC.min.js.gz
- cesium/1.115.0/Workers/chunk-ESZR37FT.js.br
- cesium/1.115.0/Workers/chunk-ESZR37FT.js.gz
- cesium/1.115.0/Workers/chunk-ESZR37FT.min.js.br
- cesium/1.115.0/Workers/chunk-ESZR37FT.min.js.gz
- cesium/1.115.0/Workers/chunk-EUD5C47L.js.br
- cesium/1.115.0/Workers/chunk-EUD5C47L.js.gz
- cesium/1.115.0/Workers/chunk-EUD5C47L.min.js.br
- cesium/1.115.0/Workers/chunk-EUD5C47L.min.js.gz
- cesium/1.115.0/Workers/chunk-EXHN5NWQ.js.br
- cesium/1.115.0/Workers/chunk-EXHN5NWQ.js.gz
- cesium/1.115.0/Workers/chunk-EXHN5NWQ.min.js.br
- cesium/1.115.0/Workers/chunk-EXHN5NWQ.min.js.gz
- cesium/1.115.0/Workers/chunk-F3TINEFX.js.br
- cesium/1.115.0/Workers/chunk-F3TINEFX.js.gz
- cesium/1.115.0/Workers/chunk-F3TINEFX.min.js.br
- cesium/1.115.0/Workers/chunk-F3TINEFX.min.js.gz
- cesium/1.115.0/Workers/chunk-FD76FI2G.js.br
- cesium/1.115.0/Workers/chunk-FD76FI2G.js.gz
- cesium/1.115.0/Workers/chunk-FD76FI2G.min.js.br
- cesium/1.115.0/Workers/chunk-FD76FI2G.min.js.gz
- cesium/1.115.0/Workers/chunk-FHUOX7Q3.js.br
- cesium/1.115.0/Workers/chunk-FHUOX7Q3.js.gz
- cesium/1.115.0/Workers/chunk-FHUOX7Q3.min.js.br
- cesium/1.115.0/Workers/chunk-FHUOX7Q3.min.js.gz
- cesium/1.115.0/Workers/chunk-FZIR7YHL.js.br
- cesium/1.115.0/Workers/chunk-FZIR7YHL.js.gz
- cesium/1.115.0/Workers/chunk-FZIR7YHL.min.js.br
- cesium/1.115.0/Workers/chunk-FZIR7YHL.min.js.gz
- cesium/1.115.0/Workers/chunk-GNAFTO6Q.js.br
- cesium/1.115.0/Workers/chunk-GNAFTO6Q.js.gz
- cesium/1.115.0/Workers/chunk-GNAFTO6Q.min.js.br
- cesium/1.115.0/Workers/chunk-GNAFTO6Q.min.js.gz
- cesium/1.115.0/Workers/chunk-GUUUD723.js.br
- cesium/1.115.0/Workers/chunk-GUUUD723.js.gz
- cesium/1.115.0/Workers/chunk-GUUUD723.min.js.br
- cesium/1.115.0/Workers/chunk-GUUUD723.min.js.gz
- cesium/1.115.0/Workers/chunk-GWMEMIDW.js.br
- cesium/1.115.0/Workers/chunk-GWMEMIDW.js.gz
- cesium/1.115.0/Workers/chunk-GWMEMIDW.min.js.br
- cesium/1.115.0/Workers/chunk-GWMEMIDW.min.js.gz
- cesium/1.115.0/Workers/chunk-HCYU7WEB.js.br
- cesium/1.115.0/Workers/chunk-HCYU7WEB.js.gz
- cesium/1.115.0/Workers/chunk-HCYU7WEB.min.js.br
- cesium/1.115.0/Workers/chunk-HCYU7WEB.min.js.gz
- cesium/1.115.0/Workers/chunk-HRTRKKEE.js.br
- cesium/1.115.0/Workers/chunk-HRTRKKEE.js.gz
- cesium/1.115.0/Workers/chunk-HRTRKKEE.min.js.br
- cesium/1.115.0/Workers/chunk-HRTRKKEE.min.js.gz
- cesium/1.115.0/Workers/chunk-IC7R2T5Y.js.br
- cesium/1.115.0/Workers/chunk-IC7R2T5Y.js.gz
- cesium/1.115.0/Workers/chunk-IC7R2T5Y.min.js.br
- cesium/1.115.0/Workers/chunk-IC7R2T5Y.min.js.gz
- cesium/1.115.0/Workers/chunk-JATOGJGF.js.br
- cesium/1.115.0/Workers/chunk-JATOGJGF.js.gz
- cesium/1.115.0/Workers/chunk-JATOGJGF.min.js.br
- cesium/1.115.0/Workers/chunk-JATOGJGF.min.js.gz
- cesium/1.115.0/Workers/chunk-JMWWNZHX.js.br
- cesium/1.115.0/Workers/chunk-JMWWNZHX.js.gz
- cesium/1.115.0/Workers/chunk-JMWWNZHX.min.js.br
- cesium/1.115.0/Workers/chunk-JMWWNZHX.min.js.gz
- cesium/1.115.0/Workers/chunk-JXMT2ZQS.js.br
- cesium/1.115.0/Workers/chunk-JXMT2ZQS.js.gz
- cesium/1.115.0/Workers/chunk-JXMT2ZQS.min.js.br
- cesium/1.115.0/Workers/chunk-JXMT2ZQS.min.js.gz
- cesium/1.115.0/Workers/chunk-KZVVSHMS.js.br
- cesium/1.115.0/Workers/chunk-KZVVSHMS.js.gz
- cesium/1.115.0/Workers/chunk-KZVVSHMS.min.js.br
- cesium/1.115.0/Workers/chunk-KZVVSHMS.min.js.gz
- cesium/1.115.0/Workers/chunk-L2YBWJCT.js.br
- cesium/1.115.0/Workers/chunk-L2YBWJCT.js.gz
- cesium/1.115.0/Workers/chunk-L2YBWJCT.min.js.br
- cesium/1.115.0/Workers/chunk-L2YBWJCT.min.js.gz
- cesium/1.115.0/Workers/chunk-LWO5EUNN.js.br
- cesium/1.115.0/Workers/chunk-LWO5EUNN.js.gz
- cesium/1.115.0/Workers/chunk-LWO5EUNN.min.js.br
- cesium/1.115.0/Workers/chunk-LWO5EUNN.min.js.gz
- cesium/1.115.0/Workers/chunk-LYPPBP4Q.js.br
- cesium/1.115.0/Workers/chunk-LYPPBP4Q.js.gz
- cesium/1.115.0/Workers/chunk-LYPPBP4Q.min.js.br
- cesium/1.115.0/Workers/chunk-LYPPBP4Q.min.js.gz
- cesium/1.115.0/Workers/chunk-MEKIO5L4.js.br
- cesium/1.115.0/Workers/chunk-MEKIO5L4.js.gz
- cesium/1.115.0/Workers/chunk-MEKIO5L4.min.js.br
- cesium/1.115.0/Workers/chunk-MEKIO5L4.min.js.gz
- cesium/1.115.0/Workers/chunk-MWX5R2ME.js.br
- cesium/1.115.0/Workers/chunk-MWX5R2ME.js.gz
- cesium/1.115.0/Workers/chunk-MWX5R2ME.min.js.br
- cesium/1.115.0/Workers/chunk-MWX5R2ME.min.js.gz
- cesium/1.115.0/Workers/chunk-NNNHC2WA.js.br
- cesium/1.115.0/Workers/chunk-NNNHC2WA.js.gz
- cesium/1.115.0/Workers/chunk-NNNHC2WA.min.js.br
- cesium/1.115.0/Workers/chunk-NNNHC2WA.min.js.gz
- cesium/1.115.0/Workers/chunk-PCFGFNNQ.js.br
- cesium/1.115.0/Workers/chunk-PCFGFNNQ.js.gz
- cesium/1.115.0/Workers/chunk-PCFGFNNQ.min.js.br
- cesium/1.115.0/Workers/chunk-PCFGFNNQ.min.js.gz
- cesium/1.115.0/Workers/chunk-PYVDHCDQ.js.br
- cesium/1.115.0/Workers/chunk-PYVDHCDQ.js.gz
- cesium/1.115.0/Workers/chunk-PYVDHCDQ.min.js.br
- cesium/1.115.0/Workers/chunk-PYVDHCDQ.min.js.gz
- cesium/1.115.0/Workers/chunk-Q3ITDG7Y.js.br
- cesium/1.115.0/Workers/chunk-Q3ITDG7Y.js.gz
- cesium/1.115.0/Workers/chunk-Q3ITDG7Y.min.js.br
- cesium/1.115.0/Workers/chunk-Q3ITDG7Y.min.js.gz
- cesium/1.115.0/Workers/chunk-QWROH3R2.js.br
- cesium/1.115.0/Workers/chunk-QWROH3R2.js.gz
- cesium/1.115.0/Workers/chunk-QWROH3R2.min.js.br
- cesium/1.115.0/Workers/chunk-QWROH3R2.min.js.gz
- cesium/1.115.0/Workers/chunk-R7GRRUJS.js.br
- cesium/1.115.0/Workers/chunk-R7GRRUJS.js.gz
- cesium/1.115.0/Workers/chunk-R7GRRUJS.min.js.br
- cesium/1.115.0/Workers/chunk-R7GRRUJS.min.js.gz
- cesium/1.115.0/Workers/chunk-S7TTFAYA.js.br
- cesium/1.115.0/Workers/chunk-S7TTFAYA.js.gz
- cesium/1.115.0/Workers/chunk-S7TTFAYA.min.js.br
- cesium/1.115.0/Workers/chunk-S7TTFAYA.min.js.gz
- cesium/1.115.0/Workers/chunk-SPMRTIBU.js.br
- cesium/1.115.0/Workers/chunk-SPMRTIBU.js.gz
- cesium/1.115.0/Workers/chunk-SPMRTIBU.min.js.br
- cesium/1.115.0/Workers/chunk-SPMRTIBU.min.js.gz
- cesium/1.115.0/Workers/chunk-SUQSMXXT.js.br
- cesium/1.115.0/Workers/chunk-SUQSMXXT.js.gz
- cesium/1.115.0/Workers/chunk-SUQSMXXT.min.js.br
- cesium/1.115.0/Workers/chunk-SUQSMXXT.min.js.gz
- cesium/1.115.0/Workers/chunk-TIY5LK5R.js.br
- cesium/1.115.0/Workers/chunk-TIY5LK5R.js.gz
- cesium/1.115.0/Workers/chunk-TIY5LK5R.min.js.br
- cesium/1.115.0/Workers/chunk-TIY5LK5R.min.js.gz
- cesium/1.115.0/Workers/chunk-TLYHKSDJ.js.br
- cesium/1.115.0/Workers/chunk-TLYHKSDJ.js.gz
- cesium/1.115.0/Workers/chunk-TLYHKSDJ.min.js.br
- cesium/1.115.0/Workers/chunk-TLYHKSDJ.min.js.gz
- cesium/1.115.0/Workers/chunk-TQBVVLQA.js.br
- cesium/1.115.0/Workers/chunk-TQBVVLQA.js.gz
- cesium/1.115.0/Workers/chunk-TQBVVLQA.min.js.br
- cesium/1.115.0/Workers/chunk-TQBVVLQA.min.js.gz
- cesium/1.115.0/Workers/chunk-U54QHQ4X.js.br
- cesium/1.115.0/Workers/chunk-U54QHQ4X.js.gz
- cesium/1.115.0/Workers/chunk-U54QHQ4X.min.js.br
- cesium/1.115.0/Workers/chunk-U54QHQ4X.min.js.gz
- cesium/1.115.0/Workers/chunk-U6MIZ4IC.js.br
- cesium/1.115.0/Workers/chunk-U6MIZ4IC.js.gz
- cesium/1.115.0/Workers/chunk-U6MIZ4IC.min.js.br
- cesium/1.115.0/Workers/chunk-U6MIZ4IC.min.js.gz
- cesium/1.115.0/Workers/chunk-U6VP4ZRF.js.br
- cesium/1.115.0/Workers/chunk-U6VP4ZRF.js.gz
- cesium/1.115.0/Workers/chunk-U6VP4ZRF.min.js.br
- cesium/1.115.0/Workers/chunk-U6VP4ZRF.min.js.gz
- cesium/1.115.0/Workers/chunk-UHM4ND4S.js.br
- cesium/1.115.0/Workers/chunk-UHM4ND4S.js.gz
- cesium/1.115.0/Workers/chunk-UHM4ND4S.min.js.br
- cesium/1.115.0/Workers/chunk-UHM4ND4S.min.js.gz
- cesium/1.115.0/Workers/chunk-V2SDNSQR.js.br
- cesium/1.115.0/Workers/chunk-V2SDNSQR.js.gz
- cesium/1.115.0/Workers/chunk-V2SDNSQR.min.js.br
- cesium/1.115.0/Workers/chunk-V2SDNSQR.min.js.gz
- cesium/1.115.0/Workers/chunk-V4NXUOJY.js.br
- cesium/1.115.0/Workers/chunk-V4NXUOJY.js.gz
- cesium/1.115.0/Workers/chunk-V4NXUOJY.min.js.br
- cesium/1.115.0/Workers/chunk-V4NXUOJY.min.js.gz
- cesium/1.115.0/Workers/chunk-VJWVYKOS.js.br
- cesium/1.115.0/Workers/chunk-VJWVYKOS.js.gz
- cesium/1.115.0/Workers/chunk-VJWVYKOS.min.js.br
- cesium/1.115.0/Workers/chunk-VJWVYKOS.min.js.gz
- cesium/1.115.0/Workers/chunk-WP26N53V.js.br
- cesium/1.115.0/Workers/chunk-WP26N53V.js.gz
- cesium/1.115.0/Workers/chunk-WP26N53V.min.js.br
- cesium/1.115.0/Workers/chunk-WP26N53V.min.js.gz
- cesium/1.115.0/Workers/chunk-XDVDNOI4.js.br
- cesium/1.115.0/Workers/chunk-XDVDNOI4.js.gz
- cesium/1.115.0/Workers/chunk-XDVDNOI4.min.js.br
- cesium/1.115.0/Workers/chunk-XDVDNOI4.min.js.gz
- cesium/1.115.0/Workers/chunk-XYD52Z2U.js.br
- cesium/1.115.0/Workers/chunk-XYD52Z2U.js.gz
- cesium/1.115.0/Workers/chunk-XYD52Z2U.min.js.br
- cesium/1.115.0/Workers/chunk-XYD52Z2U.min.js.gz
- cesium/1.115.0/Workers/chunk-Z3SYNMQT.js.br
- cesium/1.115.0/Workers/chunk-Z3SYNMQT.js.gz
- cesium/1.115.0/Workers/chunk-Z3SYNMQT.min.js.br
- cesium/1.115.0/Workers/chunk-Z3SYNMQT.min.js.gz
- cesium/1.115.0/Workers/combineGeometry.js.br
- cesium/1.115.0/Workers/combineGeometry.js.gz
- cesium/1.115.0/Workers/combineGeometry.min.js.br
- cesium/1.115.0/Workers/combineGeometry.min.js.gz
- cesium/1.115.0/Workers/createBoxGeometry.js.br
- cesium/1.115.0/Workers/createBoxGeometry.js.gz
- cesium/1.115.0/Workers/createBoxGeometry.min.js.br
- cesium/1.115.0/Workers/createBoxGeometry.min.js.gz
- cesium/1.115.0/Workers/createBoxOutlineGeometry.js.br
- cesium/1.115.0/Workers/createBoxOutlineGeometry.js.gz
- cesium/1.115.0/Workers/createBoxOutlineGeometry.min.js.br
- cesium/1.115.0/Workers/createBoxOutlineGeometry.min.js.gz
- cesium/1.115.0/Workers/createCircleGeometry.js.br
- cesium/1.115.0/Workers/createCircleGeometry.js.gz
- cesium/1.115.0/Workers/createCircleGeometry.min.js.br
- cesium/1.115.0/Workers/createCircleGeometry.min.js.gz
- cesium/1.115.0/Workers/createCircleOutlineGeometry.js.br
- cesium/1.115.0/Workers/createCircleOutlineGeometry.js.gz
- cesium/1.115.0/Workers/createCircleOutlineGeometry.min.js.br
- cesium/1.115.0/Workers/createCircleOutlineGeometry.min.js.gz
- cesium/1.115.0/Workers/createCoplanarPolygonGeometry.js.br
- cesium/1.115.0/Workers/createCoplanarPolygonGeometry.js.gz
- cesium/1.115.0/Workers/createCoplanarPolygonGeometry.min.js.br
- cesium/1.115.0/Workers/createCoplanarPolygonGeometry.min.js.gz
- cesium/1.115.0/Workers/createCoplanarPolygonOutlineGeometry.js.br
- cesium/1.115.0/Workers/createCoplanarPolygonOutlineGeometry.js.gz
- cesium/1.115.0/Workers/createCoplanarPolygonOutlineGeometry.min.js.br
- cesium/1.115.0/Workers/createCoplanarPolygonOutlineGeometry.min.js.gz
- cesium/1.115.0/Workers/createCorridorGeometry.js.br
- cesium/1.115.0/Workers/createCorridorGeometry.js.gz
- cesium/1.115.0/Workers/createCorridorGeometry.min.js.br
- cesium/1.115.0/Workers/createCorridorGeometry.min.js.gz
- cesium/1.115.0/Workers/createCorridorOutlineGeometry.js.br
- cesium/1.115.0/Workers/createCorridorOutlineGeometry.js.gz
- cesium/1.115.0/Workers/createCorridorOutlineGeometry.min.js.br
- cesium/1.115.0/Workers/createCorridorOutlineGeometry.min.js.gz
- cesium/1.115.0/Workers/createCylinderGeometry.js.br
- cesium/1.115.0/Workers/createCylinderGeometry.js.gz
- cesium/1.115.0/Workers/createCylinderGeometry.min.js.br
- cesium/1.115.0/Workers/createCylinderGeometry.min.js.gz
- cesium/1.115.0/Workers/createCylinderOutlineGeometry.js.br
- cesium/1.115.0/Workers/createCylinderOutlineGeometry.js.gz
- cesium/1.115.0/Workers/createCylinderOutlineGeometry.min.js.br
- cesium/1.115.0/Workers/createCylinderOutlineGeometry.min.js.gz
- cesium/1.115.0/Workers/createEllipseGeometry.js.br
- cesium/1.115.0/Workers/createEllipseGeometry.js.gz
- cesium/1.115.0/Workers/createEllipseGeometry.min.js.br
- cesium/1.115.0/Workers/createEllipseGeometry.min.js.gz
- cesium/1.115.0/Workers/createEllipseOutlineGeometry.js.br
- cesium/1.115.0/Workers/createEllipseOutlineGeometry.js.gz
- cesium/1.115.0/Workers/createEllipseOutlineGeometry.min.js.br
- cesium/1.115.0/Workers/createEllipseOutlineGeometry.min.js.gz
- cesium/1.115.0/Workers/createEllipsoidGeometry.js.br
- cesium/1.115.0/Workers/createEllipsoidGeometry.js.gz
- cesium/1.115.0/Workers/createEllipsoidGeometry.min.js.br
- cesium/1.115.0/Workers/createEllipsoidGeometry.min.js.gz
- cesium/1.115.0/Workers/createEllipsoidOutlineGeometry.js.br
- cesium/1.115.0/Workers/createEllipsoidOutlineGeometry.js.gz
- cesium/1.115.0/Workers/createEllipsoidOutlineGeometry.min.js.br
- cesium/1.115.0/Workers/createEllipsoidOutlineGeometry.min.js.gz
- cesium/1.115.0/Workers/createFrustumGeometry.js.br
- cesium/1.115.0/Workers/createFrustumGeometry.js.gz
- cesium/1.115.0/Workers/createFrustumGeometry.min.js.br
- cesium/1.115.0/Workers/createFrustumGeometry.min.js.gz
- cesium/1.115.0/Workers/createFrustumOutlineGeometry.js.br
- cesium/1.115.0/Workers/createFrustumOutlineGeometry.js.gz
- cesium/1.115.0/Workers/createFrustumOutlineGeometry.min.js.br
- cesium/1.115.0/Workers/createFrustumOutlineGeometry.min.js.gz
- cesium/1.115.0/Workers/createGeometry.js.br
- cesium/1.115.0/Workers/createGeometry.js.gz
- cesium/1.115.0/Workers/createGeometry.min.js.br
- cesium/1.115.0/Workers/createGeometry.min.js.gz
- cesium/1.115.0/Workers/createGroundPolylineGeometry.js.br
- cesium/1.115.0/Workers/createGroundPolylineGeometry.js.gz
- cesium/1.115.0/Workers/createGroundPolylineGeometry.min.js.br
- cesium/1.115.0/Workers/createGroundPolylineGeometry.min.js.gz
- cesium/1.115.0/Workers/createPlaneGeometry.js.br
- cesium/1.115.0/Workers/createPlaneGeometry.js.gz
- cesium/1.115.0/Workers/createPlaneGeometry.min.js.br
- cesium/1.115.0/Workers/createPlaneGeometry.min.js.gz
- cesium/1.115.0/Workers/createPlaneOutlineGeometry.js.br
- cesium/1.115.0/Workers/createPlaneOutlineGeometry.js.gz
- cesium/1.115.0/Workers/createPlaneOutlineGeometry.min.js.br
- cesium/1.115.0/Workers/createPlaneOutlineGeometry.min.js.gz
- cesium/1.115.0/Workers/createPolygonGeometry.js.br
- cesium/1.115.0/Workers/createPolygonGeometry.js.gz
- cesium/1.115.0/Workers/createPolygonGeometry.min.js.br
- cesium/1.115.0/Workers/createPolygonGeometry.min.js.gz
- cesium/1.115.0/Workers/createPolygonOutlineGeometry.js.br
- cesium/1.115.0/Workers/createPolygonOutlineGeometry.js.gz
- cesium/1.115.0/Workers/createPolygonOutlineGeometry.min.js.br
- cesium/1.115.0/Workers/createPolygonOutlineGeometry.min.js.gz
- cesium/1.115.0/Workers/createPolylineGeometry.js.br
- cesium/1.115.0/Workers/createPolylineGeometry.js.gz
- cesium/1.115.0/Workers/createPolylineGeometry.min.js.br
- cesium/1.115.0/Workers/createPolylineGeometry.min.js.gz
- cesium/1.115.0/Workers/createPolylineVolumeGeometry.js.br
- cesium/1.115.0/Workers/createPolylineVolumeGeometry.js.gz
- cesium/1.115.0/Workers/createPolylineVolumeGeometry.min.js.br
- cesium/1.115.0/Workers/createPolylineVolumeGeometry.min.js.gz
- cesium/1.115.0/Workers/createPolylineVolumeOutlineGeometry.js.br
- cesium/1.115.0/Workers/createPolylineVolumeOutlineGeometry.js.gz
- cesium/1.115.0/Workers/createPolylineVolumeOutlineGeometry.min.js.br
- cesium/1.115.0/Workers/createPolylineVolumeOutlineGeometry.min.js.gz
- cesium/1.115.0/Workers/createRectangleGeometry.js.br
- cesium/1.115.0/Workers/createRectangleGeometry.js.gz
- cesium/1.115.0/Workers/createRectangleGeometry.min.js.br
- cesium/1.115.0/Workers/createRectangleGeometry.min.js.gz
- cesium/1.115.0/Workers/createRectangleOutlineGeometry.js.br
- cesium/1.115.0/Workers/createRectangleOutlineGeometry.js.gz
- cesium/1.115.0/Workers/createRectangleOutlineGeometry.min.js.br
- cesium/1.115.0/Workers/createRectangleOutlineGeometry.min.js.gz
- cesium/1.115.0/Workers/createSimplePolylineGeometry.js.br
- cesium/1.115.0/Workers/createSimplePolylineGeometry.js.gz
- cesium/1.115.0/Workers/createSimplePolylineGeometry.min.js.br
- cesium/1.115.0/Workers/createSimplePolylineGeometry.min.js.gz
- cesium/1.115.0/Workers/createSphereGeometry.js.br
- cesium/1.115.0/Workers/createSphereGeometry.js.gz
- cesium/1.115.0/Workers/createSphereGeometry.min.js.br
- cesium/1.115.0/Workers/createSphereGeometry.min.js.gz
- cesium/1.115.0/Workers/createSphereOutlineGeometry.js.br
- cesium/1.115.0/Workers/createSphereOutlineGeometry.js.gz
- cesium/1.115.0/Workers/createSphereOutlineGeometry.min.js.br
- cesium/1.115.0/Workers/createSphereOutlineGeometry.min.js.gz
- cesium/1.115.0/Workers/createTaskProcessorWorker.js.br
- cesium/1.115.0/Workers/createTaskProcessorWorker.js.gz
- cesium/1.115.0/Workers/createTaskProcessorWorker.min.js.br
- cesium/1.115.0/Workers/createTaskProcessorWorker.min.js.gz
- cesium/1.115.0/Workers/createVectorTileClampedPolylines.js.br
- cesium/1.115.0/Workers/createVectorTileClampedPolylines.js.gz
- cesium/1.115.0/Workers/createVectorTileClampedPolylines.min.js.br
- cesium/1.115.0/Workers/createVectorTileClampedPolylines.min.js.gz
- cesium/1.115.0/Workers/createVectorTileGeometries.js.br
- cesium/1.115.0/Workers/createVectorTileGeometries.js.gz
- cesium/1.115.0/Workers/createVectorTileGeometries.min.js.br
- cesium/1.115.0/Workers/createVectorTileGeometries.min.js.gz
- cesium/1.115.0/Workers/createVectorTilePoints.js.br
- cesium/1.115.0/Workers/createVectorTilePoints.js.gz
- cesium/1.115.0/Workers/createVectorTilePoints.min.js.br
- cesium/1.115.0/Workers/createVectorTilePoints.min.js.gz
- cesium/1.115.0/Workers/createVectorTilePolygons.js.br
- cesium/1.115.0/Workers/createVectorTilePolygons.js.gz
- cesium/1.115.0/Workers/createVectorTilePolygons.min.js.br
- cesium/1.115.0/Workers/createVectorTilePolygons.min.js.gz
- cesium/1.115.0/Workers/createVectorTilePolylines.js.br
- cesium/1.115.0/Workers/createVectorTilePolylines.js.gz
- cesium/1.115.0/Workers/createVectorTilePolylines.min.js.br
- cesium/1.115.0/Workers/createVectorTilePolylines.min.js.gz
- cesium/1.115.0/Workers/createVerticesFromGoogleEarthEnterpriseBuffer.js.br
- cesium/1.115.0/Workers/createVerticesFromGoogleEarthEnterpriseBuffer.js.gz
- cesium/1.115.0/Workers/createVerticesFromGoogleEarthEnterpriseBuffer.min.js.br
- cesium/1.115.0/Workers/createVerticesFromGoogleEarthEnterpriseBuffer.min.js.gz
- cesium/1.115.0/Workers/createVerticesFromHeightmap.js.br
- cesium/1.115.0/Workers/createVerticesFromHeightmap.js.gz
- cesium/1.115.0/Workers/createVerticesFromHeightmap.min.js.br
- cesium/1.115.0/Workers/createVerticesFromHeightmap.min.js.gz
- cesium/1.115.0/Workers/createVerticesFromQuantizedTerrainMesh.js.br
- cesium/1.115.0/Workers/createVerticesFromQuantizedTerrainMesh.js.gz
- cesium/1.115.0/Workers/createVerticesFromQuantizedTerrainMesh.min.js.br
- cesium/1.115.0/Workers/createVerticesFromQuantizedTerrainMesh.min.js.gz
- cesium/1.115.0/Workers/createWallGeometry.js.br
- cesium/1.115.0/Workers/createWallGeometry.js.gz
- cesium/1.115.0/Workers/createWallGeometry.min.js.br
- cesium/1.115.0/Workers/createWallGeometry.min.js.gz
- cesium/1.115.0/Workers/createWallOutlineGeometry.js.br
- cesium/1.115.0/Workers/createWallOutlineGeometry.js.gz
- cesium/1.115.0/Workers/createWallOutlineGeometry.min.js.br
- cesium/1.115.0/Workers/createWallOutlineGeometry.min.js.gz
- cesium/1.115.0/Workers/decodeDraco.js.br
- cesium/1.115.0/Workers/decodeDraco.js.gz
- cesium/1.115.0/Workers/decodeDraco.min.js.br
- cesium/1.115.0/Workers/decodeDraco.min.js.gz
- cesium/1.115.0/Workers/decodeGoogleEarthEnterprisePacket.js.br
- cesium/1.115.0/Workers/decodeGoogleEarthEnterprisePacket.js.gz
- cesium/1.115.0/Workers/decodeGoogleEarthEnterprisePacket.min.js.br
- cesium/1.115.0/Workers/decodeGoogleEarthEnterprisePacket.min.js.gz
- cesium/1.115.0/Workers/decodeI3S.js.br
- cesium/1.115.0/Workers/decodeI3S.js.gz
- cesium/1.115.0/Workers/decodeI3S.min.js.br
- cesium/1.115.0/Workers/decodeI3S.min.js.gz
- cesium/1.115.0/Workers/transcodeKTX2.js.br
- cesium/1.115.0/Workers/transcodeKTX2.js.gz
- cesium/1.115.0/Workers/transcodeKTX2.min.js.br
- cesium/1.115.0/Workers/transcodeKTX2.min.js.gz
- cesium/1.115.0/Workers/transferTypedArrayTest.js.br
- cesium/1.115.0/Workers/transferTypedArrayTest.js.gz
- cesium/1.115.0/Workers/transferTypedArrayTest.min.js.br
- cesium/1.115.0/Workers/transferTypedArrayTest.min.js.gz
- cesium/1.115.0/Workers/upsampleQuantizedTerrainMesh.js.br
- cesium/1.115.0/Workers/upsampleQuantizedTerrainMesh.js.gz
- cesium/1.115.0/Workers/upsampleQuantizedTerrainMesh.min.js.br
- cesium/1.115.0/Workers/upsampleQuantizedTerrainMesh.min.js.gz
- cesium/1.115.0/index.js.br
- cesium/1.115.0/index.js.gz
- cesium/1.115.0/index.min.js.br
- cesium/1.115.0/index.min.js.gz
SRIs:
- cesium/1.115.0/Widgets/Timeline/lighter.min.css: sha512-Vp4kQDsYl8wTdXST3ApCLzmZAKduJyqs6VIPCCkeiO3JRUbPkt3AvH7kvGQEeJzMMi3tdp42VQNm1ywp7G9QLw==
- cesium/1.115.0/Workers/chunk-MEKIO5L4.js: sha512-tElef61enAvslESM/+hcAfbOyataDX/JJ2AF5PUEL1rI33WHtlHfsYR6v7zDK2GKkVqLO78YZOdn4gKK2wuW4A==
- cesium/1.115.0/Workers/createGeometry.min.js: sha512-gB8Yr7yVdwVEdsGQa8bV7p8fvDtRPrzy+AGTir0s9yKj/UAmkxnCQp4qiS/DajVyRvn81EIU8kcNRQ0YeZsXYw==
- cesium/1.115.0/Widgets/Animation/lighter.css: sha512-Q0ugbwQCgPVXihF6Xnoi4p2csTho+fLYsL3DPzUNuH7qSX15nb4dh1HDGJR6xb05Z9b9PEf2AQKzD2EdEwXH7Q==
- cesium/1.115.0/Widgets/InfoBox/InfoBoxDescription.css: sha512-okqhX5gfzlbm5JQusVkM9q3WddsA6QoyJTESimUGTtZ2607ihkeDPSlTnMt5HJ3RMfMY7T0VNGhwXLaidgPzVQ==
- cesium/1.115.0/Workers/createBoxGeometry.js: sha512-Bq+oLYRK40bAgAtdK3OO4F+UkEWD7FpiHgqZEAQMuIRzcQ5tQReRsRjTC53KH+UzHAr9eHPEUO0IVNmjk3baKg==
- cesium/1.115.0/Workers/createBoxOutlineGeometry.js: sha512-x1Zn9sPjrYvpAb8RidDgDUo3G2mrwcO/DHcJdtRWNCwJm3cv1ZKPwKNTZGve3KkiOfEmHAA5ylQXC0xTGVzFIA==
- cesium/1.115.0/Workers/upsampleQuantizedTerrainMesh.min.js: sha512-It4mX6uZZa4vKRXU+xF3kd+pAp5lhVAdlfMNWjfkpUOFWEytrmV2TIfWc6i38YYC0jMujYuwdf9TtS7WLAYyJg==
- cesium/1.115.0/Workers/chunk-JMWWNZHX.js: sha512-uqkSJp2FX6B2dwT/NlBn3smjuJyBOCblBMoYtHHPi3+SUFUEpwxcyXryQIhEfyDkTqZbzzT1a6RbFto30tIWVA==
- cesium/1.115.0/Workers/chunk-PYVDHCDQ.js: sha512-Lmlh9+N9ZrS8Io/L85zmSJR7943VqqrgrJujcTRbcewRR7rb89wGW0AnCAzgPYSOra9BC+p5Hedq2/DI72pEzw==
- cesium/1.115.0/Workers/chunk-V4NXUOJY.js: sha512-bqdlxnnmOL1TsHxSHUFEXutegttHJzTs41xQDA+VK0OJolW6cDYEK87qum/OE3pLI9GyHOCiWK9hoKOw0s8O3A==
- cesium/1.115.0/Workers/createCylinderGeometry.min.js: sha512-QR7pPb0wFVNMCoH/xv0oTRHaa9EqGn/rBYttgJko1krpOBH4kfHHDLWUtGV5H3GoFRxFfXvsCfIwWXwWu/qZMg==
- cesium/1.115.0/Workers/createRectangleGeometry.js: sha512-FrdTVFzPr5caoh5caBk90V3kd0sfgtyxBC2BDd0VofpRMnFGXQhNE13rdTTM7U49mRyR6o/HhIfLVnNeGPR3Kg==
- cesium/1.115.0/Widgets/Animation/Animation.css: sha512-xKjwwl7KuOxtlknN/iuqSI2Px2ZdzT4KR6QTJ+WyUqG80sNMaYUCBTZsCqxtIRkXieITJfBHkTzKohNRxZJMUg==
- cesium/1.115.0/Workers/chunk-EUD5C47L.js: sha512-suLflRJ9W+4MdVx1p5YRIv45eJH6d2duyVKLeGwY94igFHqwVN2Inh2m9rtqSg+NEIIr8ob9fbf6X6pXeZZ1EQ==
- cesium/1.115.0/Workers/chunk-Q3ITDG7Y.js: sha512-bG3HrmuQIMj+Lstgt9Q6v08BzYcSHIJ3vigN15zVvLNr+lMjUwFLH40L7QvSwlubCqvM5CrJCyziRXVOOTJ9BA==
- cesium/1.115.0/Workers/chunk-WP26N53V.js: sha512-ZTKhYES9bfa2Fgs4huvRlgL9shWq+WDYYVkDY4kRPJsEWybO9TH0J8GXRr2RAL5DDoV04efaup9KlFWCeIbppA==
- cesium/1.115.0/Workers/createCorridorOutlineGeometry.js: sha512-jBdeO1rq6+q2bV117YMZLwqNF9ed7DYUl9b/a/jqA8ynNbM3fuFvvRe2RcWK+MIdJqrnqUE+pMLcyoLGtGCtkQ==
- cesium/1.115.0/Widgets/lighterShared.min.css: sha512-78+u/K0WG40V7j0j4L2t50XAYBURL3AqnGDWKndZmCNEN1HfaNJQGME1jWjs6a2U2AxzekYcoGSCyLWvavIJpQ==
- cesium/1.115.0/Workers/chunk-KZVVSHMS.js: sha512-LS911tfNM0j3GBGBFops2TBy7ieJUOmp9pRxl5J5x4Gah+H0DtN2s+IGi6+mSK1xPd6ADe0BS5cFkc7nQqtA9A==
- cesium/1.115.0/Workers/chunk-F3TINEFX.js: sha512-qcRp6b5N0ww0EVuhZtCf4/h9Go8kC8V2RqAQX0FzwQcJSC4KMl1CVLH3VtO8R0T6mRiAzALHI93eHy4tW1cEbg==
- cesium/1.115.0/Workers/createCylinderGeometry.js: sha512-bwhmi2w76n3NpSTjKQITxMODd7JXkshpw3aIBZXh+B32vJQlaH5Wi8hIjRdjcBpr0meYQsZ866dul9mdTWmlMA==
- cesium/1.115.0/Workers/createEllipsoidOutlineGeometry.js: sha512-NbbOkiUL5UxlVxDVZetx73y0oQ/dohxT4bEqYV5KMalJoZWZSXZ6tuX6tCSmi4COwh5CrrMGTh9dKyDds/qdFQ==
- cesium/1.115.0/Workers/createVectorTilePoints.min.js: sha512-b3awAXpqeiE5uvYUMutyYp3dtvVkZ4Ap+rfpHNdN0a1lCuHHh0KihcQaDMg581RrOvp33+pASucEVayzYN9V9g==
- cesium/1.115.0/Workers/transcodeKTX2.js: sha512-7LGVSR0oE4cvlG1s4jLs5Y08DafNh4z6yaQ6yHBhEqziHRVmuxpAzch/xkXIMByI0UZ4bI8SzUAeuT6F2oVrlQ==
- cesium/1.115.0/Widgets/Animation/Animation.min.css: sha512-hOmMUPB0JHVGZBfrBdL2WKzZOc3Xka8+ZrWshvpbk+n4PcaYwataoly7jDT6YTfxXtyAaeVrbQwlrtiL42YRTQ==
- cesium/1.115.0/Workers/chunk-FZIR7YHL.js: sha512-JoL1sML2A2qbkDVafvMoUC3WuP/802Od+PBw8e5cAi2IUjpwEbtocbt/fzixLc/OtPaFFK6SqB1hD01cJMOlsQ==
- cesium/1.115.0/Workers/chunk-QWROH3R2.js: sha512-7pgkdQFwzeXMekyvHFxlA/nfvojRS6exXjBDVEYHqwTQpXoO4OaZ1BfevYaGJNKA0ov92ZZQ416r4zvo+P48Ig==
- cesium/1.115.0/Widgets/Cesium3DTilesInspector/Cesium3DTilesInspector.min.css: sha512-kSt6Rmy3IHw90vbNUHf1z4akJrPzwjFX44Jvv1h+lFIWxKuvS9NZzsogpxeaL3MeEMtS0yzaCHH+OmR5P+w9wQ==
- cesium/1.115.0/Workers/chunk-GUUUD723.js: sha512-A3TL2qsY8jo/65GEle1js9v7FaSumpffHln7rI2TF2ddpXMexfCYZ61ok5k0otjc54d1RAP52KhfvLyPUVW9Xg==
- cesium/1.115.0/Workers/createCircleGeometry.min.js: sha512-EseECROBFtZagl9Yk9pjatVfn/a/0BnXj240//Fkxa8titm5IPOaIv0uhzoxohyqZBAAwAd+L5xR0CuIp1brBg==
- cesium/1.115.0/Widgets/CesiumWidget/CesiumWidget.min.css: sha512-dcV1qeA1CWc2TLyLfiMwziNT1y55nikaOuBwxdDecLqEt7RDDLZhlDC6jmsn3ZmAgODwLa9TfaLnzRGqEBfwYA==
- cesium/1.115.0/Widgets/widgets.min.css: sha512-fOcD270eFrM/2MAf5W+DqmOswmFDMw3YeobsIrJUKIhvigHD7cTji10PEaAN6fH5Yz2vzJ62PBaagjDIC68WIA==
- cesium/1.115.0/Workers/chunk-JATOGJGF.min.js: sha512-uLvjv+1MCMyxCLKrgeNqIq2UfGYAfsH/Dmjps0ey6A8DPKFkL7k+EKLwxKtrbyE+y2fodTUDFqJnxcat86KPzg==
- cesium/1.115.0/Workers/createPlaneGeometry.js: sha512-0Z+cYs8/cND+JsBtxqX74ma7SGme3LoWI9d3miFKBW2+AP/46Dz5B62zUUqQQd2RVohppm2IO9rnKyjDxYMrfw==
- cesium/1.115.0/Workers/chunk-QWROH3R2.min.js: sha512-euIbBZioE1CfGC5RaSLU7ljFSS2JSF4USdFyqMhfUIlzfXBfFq9MvOZJQJzDZeyful1fKQJF4lLuWA47OsMRzQ==
- cesium/1.115.0/Workers/chunk-S7TTFAYA.min.js: sha512-xLNJUHoCHm+DgWwVCCKpDAD04gnu2DmZs6RBJytj2uOPAc4uyla25uXG9K+KGiDjgQSduKdc0NKXHQ4rfvCAJg==
- cesium/1.115.0/Workers/chunk-SPMRTIBU.min.js: sha512-t2TXFehMo/VOledhQY8fFyYz0Pv1czy0Pls1JiVFTv7gl+kfcUsMu48FPR6CbSuJ/Aih2Ik+5wlB7TauUVUgKA==
- cesium/1.115.0/Workers/chunk-TIY5LK5R.min.js: sha512-ooLWhb3WGrVUPMpJYsv4g9XBcvD8NcgY9T7pYZ+Xxz24x6648ARK2u3WMMrcsk246IvDwMUe6C/SRls5HsY39g==
- cesium/1.115.0/Workers/chunk-U54QHQ4X.min.js: sha512-FXXqWZNv+fjm34XoE/PxfEIZdIc6Rpx8OARkAH9m1RPFx/UZnSToiuIw8r6W0pRBh/Mgf3WlaQix7SUvddpmgw==
- cesium/1.115.0/Workers/decodeI3S.js: sha512-FIZp5Lyg+ZmanbtVdFNu/HNbRWrnn0QZvT40b0CDIV+eZg3p0TQrPX490aSpi//+B9NlhGkTvFRpOftVqgBZOQ==
- cesium/1.115.0/Cesium.min.js: sha512-BE3XSxyuoCD9xAXcZENsVkeJjJN84UoMwG3x5n9KcHcl23Bh2dmIEgqySN1Jc0pfej0sXStjdTceh728GrEwoA==
- cesium/1.115.0/ThirdParty/google-earth-dbroot-parser.min.js: sha512-Iu6Fp2hwaR2Uw2aW0tQYrccbxgEXV2y+75xeer6wq9J5vDR2NbVHugyI//pXJ3X0UmZHoU2Co0MinJvwjEIwdw==
- cesium/1.115.0/Widgets/BaseLayerPicker/BaseLayerPicker.css: sha512-KxS6ZaiA+rul+FcIYuobF8oyMzsy4Vl280+FKPLTN0hf2a3V7uVKze2AcE+LGLs6bga177dCR4RfBdW8C+m/PA==
- cesium/1.115.0/Workers/chunk-LYPPBP4Q.js: sha512-dA5SwYM7xwqhne2s4TZ0hwLCSPmNX+ld0/JVgU2VKLYlI/DhmxHcIvWi8X4ns8jTmDlAa7cGBDkjy16hDE+E0w==
- cesium/1.115.0/Workers/chunk-R7GRRUJS.js: sha512-zJTy+Nw+6WgzQIDPaEbWoDCQH39j+qeAMxrhoOo55S+LdIXXeD/kCtsFhoyxMmVCWMRy5WRS1nN9LCehfFKJ4w==
- cesium/1.115.0/Workers/chunk-TLYHKSDJ.js: sha512-iVUEKUlg0wfuC5csWhSf4M/8cO+1EHBFujcM1xldNUYr5RvXux1ldostypON3VUT2EDCNYHh2tacSYeAHtPiYw==
- cesium/1.115.0/Workers/createSphereGeometry.js: sha512-Mi2AmjSlXTebQoj05MGXwj1RFUjToaeX4dSCqGAXNETvrvSsCUeseYEU37u2E71T9AlpWCUGXuFPDEyqqq1TOg==
- cesium/1.115.0/Widgets/lighter.min.css: sha512-AiKAmasmZog9cp4ZCNc+kyO9/UXPH77dBKaclZjnXIrdiioFCP/kHotOMUqybaLNVWAgxHefWOn9GAz/kgQbSw==
- cesium/1.115.0/Workers/createFrustumGeometry.min.js: sha512-wtEfi2EWmu2OLwrQtla+cl+30eErGfAUVE2XKDgxrwIimY9AGn9ubCZmJT+ixgR7Ss6fuxPGNl+I+ATjsM8n0A==
- cesium/1.115.0/Workers/createPolygonOutlineGeometry.js: sha512-6lEDnGICe1g+gfF0oIyVxLEjv75GdeCGn2RfsQ3aVM68RBDHoQzWELevX9l8WTII/54Z4ZGj/sLElmKiZLbFEA==
- cesium/1.115.0/Workers/createWallGeometry.min.js: sha512-N9p4Ybc0ssBTZfCdkX96zrScSujGU4sSmF3uXGUXuEfozBkdFpeLc4+aMm8zhuhivf4F5qn6zAK2kWHkdliK8Q==
- cesium/1.115.0/Workers/chunk-AJBZ3ZYP.js: sha512-5H8rhKs/Uz5pME1VX9QxwIaV6Rxq7rvFKk6HCGHqW4bcpNo2KYMmpeR5R0Q+5eccjTKYpUiwX57DGsuGc7F5SA==
- cesium/1.115.0/Workers/chunk-EUD5C47L.min.js: sha512-Mf1bYp8h+hrX3j6tGKw1Pd4yQyN2fkGDhhq9jJuJmBJstBtQ1WynlztkGlisg66sFxVbeMqfooofpcip7nCxHA==
- cesium/1.115.0/Workers/chunk-PCFGFNNQ.js: sha512-468nuxPRrswki67HC3+rk5Rz4ynOeADkL0r7q2afHoQzgwE2svXrzmzGFEGeQVELS2RWWtFN8D1YWiziBjqqLg==
- cesium/1.115.0/Workers/chunk-S7TTFAYA.js: sha512-zn35A2KgxOoddRZvUBIlMJZTmtr2v10pqhRLxWjEMJBfJA5GIPKxGupxDyFaDHLx1pf+ximOw1lD3nqytIzFjA==
- cesium/1.115.0/Workers/createCircleOutlineGeometry.min.js: sha512-CxkDjFbcgN6Hy9VZOGkr2xSi+iwC0kdvG7R1B/HX9wvPECfNEtnEy7ny6LRtmdsDnnZkwrUrDYlJP9Itrkia6A==
- cesium/1.115.0/Workers/createCoplanarPolygonOutlineGeometry.js: sha512-w0TPTCCTvo3erAQjpUxQY+QP7gu8BOMESYfHrPLdPiCZ7ZFyb98NglTDRHh3jmh/uxc6srt8kA/ZkUsGo5jX1w==
- cesium/1.115.0/Workers/createEllipsoidOutlineGeometry.min.js: sha512-az281dpnjjicWXREfNjalVFbzUjNiOgWfsT/57Chl90+pipj5uE5nH/sNzOM7a3Ak2oxBtrtffrw0Urw1WLpiA==
- cesium/1.115.0/Workers/chunk-PCFGFNNQ.min.js: sha512-qFivtxgHqqiV3Xn3pCNUlP24VAq0pPBHEMJgH8KeWsbtRz7vXZnjWn++seB7aA2tdmRAMrwDacTTx119EIkmWA==
- cesium/1.115.0/Workers/chunk-Z3SYNMQT.js: sha512-5McIjOc8ggmOE9Uk9kv8Soi+fKyK0FRwJk6PjpNQ+ZRzjBJgBjFWCeWXXnC0NAO5uvdnByYHpjrHQWzkGWEq9Q==
- cesium/1.115.0/Workers/createRectangleOutlineGeometry.js: sha512-JRMo9KLPS8iscyDXRJcipT92oqjBeJw2pCKs26mcYLUMEA/pLqgF+ud1sLtZ3Vut5d4QxsJqVwr9QZaON231Sw==
- cesium/1.115.0/Workers/chunk-GUUUD723.min.js: sha512-QduGmBXOpo57PnERzbcdsuzO32AZxX3sk2qTzmplnOvIPsxV8OZ5Z7IxRqStRi5me/itaMHtl0KnpOJELPqocA==
- cesium/1.115.0/Widgets/Geocoder/Geocoder.css: sha512-W2G0Rr5FdcnItX/0wvg4kNNy+F68O/i2W9SYLzkliNPM5YbpuM0Hiuw866e1VezBaH03T9Op4XZjdfLZ3BbhJw==
- cesium/1.115.0/Widgets/Viewer/Viewer.css: sha512-ttIW5BMSh5lZqjn02qJJ3XsbGD2KY9mvd32TDmo8S0wA7zY99WDfY8XmueRYReSKspFsMKek1OT7g8FNESfHyQ==
- cesium/1.115.0/Workers/chunk-U6VP4ZRF.min.js: sha512-vkmS2a7UFy/le1q/uspiADoJwiAxK3DPyaWaPWH+hZ6w+5nDa5dDryljVvwnCVNlIzdO3CJsM/Pbor0obpt5hg==
- cesium/1.115.0/Workers/createFrustumGeometry.js: sha512-Cbn0vI1Ns8YkIFHIAV1n749LeJSPEjYsrrFOFnF35N6tl3+SBQ3HRHOLOyPCv/HzTL6EOelmRjErktdQIsfYkQ==
- cesium/1.115.0/Workers/createRectangleGeometry.min.js: sha512-iQqeOluCcb6QTS3JeQUImQ8R5nCB9mpeUvCn3RhPgGzTANx7/JH7H4cY7byE4YQ7aE3pO+Es6Nz/Y9yyzeJTLg==
- cesium/1.115.0/ThirdParty/Workers/pako_deflate.min.js: sha512-B+cm5h5GJkU2iHPdrdkWpsmo6nYwYCr9K6MWngIlYyVvf/OS9vQxraZDPlgMZ+1Bexkhm4uZMRCstI4mOObRoQ==
- cesium/1.115.0/Widgets/SceneModePicker/SceneModePicker.css: sha512-Sb/MxbWfwVCDggdZXRKTkD/h4tBJ/UuCMwL0zx+4HrRPMT1UZUwtlyw2xsTdnsew66yo8p85PrKF6aYFBm8kBw==
- cesium/1.115.0/Workers/chunk-U54QHQ4X.js: sha512-WMA6exfRz02guBUiqmRaa5DQT9Cp2RtWBpu394YwGSr2Fyc2LU6gAPE++zm0CcvVwczqVTMoTfT85MMOe3HvaQ==
- cesium/1.115.0/Widgets/BaseLayerPicker/lighter.css: sha512-qSRjAw+xJiE9jgAmccdAXgUXWnMP/ZQO2xiRWs6mNyDTXRMoHy+AyYvWjomUGL0cqiumQgRq87dCKJQlmxrTXw==
- cesium/1.115.0/Workers/createVerticesFromQuantizedTerrainMesh.js: sha512-6BUKhnwJFzxgLJbJSrZcdLU0xSyE4lqEvHqq7wh9PQ/MmUVzWM5EKGVqnLic/4WCRnajw9/w82lwJYtbyjT3/A==
- cesium/1.115.0/Cesium.js: sha512-z1ShmIgYx8R7P4BEz2YxYVYf42Mg5+N167bpCd0dUJZoQYUn6ln9+Oq82VpghdFNSkdjLn/R8X/thQS3nEYMyg==
- cesium/1.115.0/ThirdParty/Workers/z-worker-pako.js: sha512-IuX4Bng+l5MFSbHJ8WWuitLeE2S5p6fPwf2OfpQwu8jfyRyA/atby33f2jdMbTJI3GN++ZINP4il3/3zpx23LQ==
- cesium/1.115.0/Workers/chunk-EQAHH27B.min.js: sha512-7PYwjNREwDefKHEHX7YO243+lllcjHR9KRoiP3YIbhChASpBXq9MHCxZtKU6jDjJrffNltdZjZ+sUu40f1Vqzg==
- cesium/1.115.0/Workers/chunk-LWO5EUNN.min.js: sha512-aQCDr8DfwuPBwVsoKO/AgbTzap1JYCudTCo257AyH+qmJDz20ImBB/GHupjSSr46SJ3EtGAEg5qfTxYWSNTVtg==
- cesium/1.115.0/Workers/createPolygonGeometry.min.js: sha512-xkynGCGiUs3T+To1Uzaj0X59vspVsxztJ2ynHkxOcsKr2e63FuMtmttNngQI7xTJlqMr1bYmumF/KqKFVWZZSQ==
- cesium/1.115.0/Workers/createPolygonOutlineGeometry.min.js: sha512-gDo8xezBTdfjZCjcjbFCKVzuCapCO4rwrXpWPqPujTDf8SJqgAqEoesf5gQ3UunSOPZn/mZHgQwZMXYkoLTzwA==
- cesium/1.115.0/Workers/decodeI3S.min.js: sha512-dkqkkFG1jLT1v8VMx50H29UxtWfjPeJRoUSgiOdUqmccGSUCafglnzzMR+BpS7qrtir+tb6RtiFSFLShuHgOhQ==
- cesium/1.115.0/Widgets/widgets.css: sha512-VEngLVihycojq1fwg1+WB2bhktO+L2KNY/PPk94aLyU64oAbEH8evROCo4AJU/SwPcWRJkdT9B8s1N/k4ZlDTg==
- cesium/1.115.0/Workers/chunk-AVEP2DCC.js: sha512-/fgxoRO3VphvGN/Obc2hZ2P92gDcvwZhwqB1uBUkTpunpiB91GUzsgcMg7mE6Y35ja7mF0KDnOaYBIyZWLYULg==
- cesium/1.115.0/Workers/createCylinderOutlineGeometry.min.js: sha512-9pauers395C6+as6/HsWbZis532evZbgNvgyt7L1aRpklNkR5JreVJ0tZMkOBPu9Z08uj5GSOoyPik3QI+e4Kg==
- cesium/1.115.0/Workers/createVectorTilePolygons.js: sha512-ng6Kma8aSHdgqRFM1jOJJSKLbSkdDiMlYGsLvdrWXm/62GYd0kvVWhEBBtSfPfhMAsShix5kmjy5VsOltEeXbA==
- cesium/1.115.0/Widgets/ProjectionPicker/ProjectionPicker.min.css: sha512-7YST5Bx/CJYEpt0rWaiFdqCx38U8kGfQD5FR+57DeSfxaF6q4G66XiLU3sAY2b0rQNRTPMAhUcFKRpz+hOxPmQ==
- cesium/1.115.0/Widgets/VoxelInspector/VoxelInspector.css: sha512-doWHmBkSw8wzF3NJF3PxQ+mBdnrnzyfSQZt9Lez6ABkDySqx0Dony+v9lf3bZhf8XNZQCPQsbaLtWGTq2U7bCA==
- cesium/1.115.0/Workers/chunk-KZVVSHMS.min.js: sha512-+CDePBWqy6TpZt9IOklE3s1t5r63l9HZbwdqc03mAh5SvtM2YoVKQyYG/nZChdRMPIKg/00eJUCvYyuD10FSpg==
- cesium/1.115.0/Workers/chunk-NNNHC2WA.min.js: sha512-lD7Gj3MMeCaADpNvuqgJ7RmCJNuIQ2x+m6+P0LYIarHsELKmrVanRtmcAmmQBOlWrBvJi1VHdsO5RIM83mXU3A==
- cesium/1.115.0/Workers/chunk-XYD52Z2U.js: sha512-bZelDH0KXB4FIWbrl3ml3SufqV76/D3wXJvaUkA29odr86NksD3OQTetCuVv9gxaOHtuM/a39GPsoCqINnfOIQ==
- cesium/1.115.0/Workers/chunk-EQAHH27B.js: sha512-VCE1CMeYVLcmBSddI27o8o/iw5fhTriwR5P18KsoZxoIyREy0asy43X/81qHDsj3XDWZjIWBq8pnWJIZquuaxg==
- cesium/1.115.0/Workers/chunk-LWO5EUNN.js: sha512-00m4Lt6qw9qi9yGhDd1EtYk9mVxvSbG8xRyEmoe3s39Xzqd/1jKx7hZ8pmjo60gB6zxv/uKfJFdOL9SfsGhmVQ==
- cesium/1.115.0/Workers/chunk-TQBVVLQA.js: sha512-AP5F9llZfQ0Y53Tl+xDnj5ML+CX4Re3ybyEmLiza9AWheTqWws9Cx3EsquNt0yd9MLZHiaXV0lbCXwNNNAt51A==
- cesium/1.115.0/Workers/chunk-XDVDNOI4.min.js: sha512-F/noC+6LB3TW5R7B1Q164rwUyC8K0W2XV2m5QPTxcjBCputj9N+IpMh3stlAZqtGWhmuqlSH70i0yD8haf81nw==
- cesium/1.115.0/Workers/createSphereOutlineGeometry.js: sha512-1wKdLDIBKLdPVJvUqk1ANYvGg1FDZlz2/cn5d2cD/NyaGhbLQrm9QhlAgwJgoQMhvBy3y+nFIj0yWzZ3RCqcSA==
- cesium/1.115.0/Widgets/NavigationHelpButton/NavigationHelpButton.min.css: sha512-5Nu5wUBcLnSvNPXRcKdc12GB4Yr2s+aDmoP3IEb3UPhG2B9zQkRCnxsnNr7VMj6sNVj6cjV904lqv5pWIC8xmQ==
- cesium/1.115.0/Widgets/Geocoder/lighter.css: sha512-+Xc3LEiW3FgaSknjxJiHBa8n/amK4UJ0EFVBIVxP3QOnaIK9PyqYFjwXkkk6yTFU6whE7lshxA4hD5Qzq1ZL+w==
- cesium/1.115.0/Widgets/PerformanceWatchdog/PerformanceWatchdog.css: sha512-12K+WlMzJzrB0Ji35ucHrD7o9nJpNFrSlymeDp7TeM7jDEiiX5EHY6IitSuBYa3YAY34E20d9KEaS8ls3UW5Vw==
- cesium/1.115.0/Workers/chunk-JXMT2ZQS.js: sha512-KW2VzYGrGeRn4Owf5YR5CJFXszDf7cNpAtu6iGqTY+Ozz7Qzjyx9KvIiXEM77Kg4kjQUYYku+5dM5uQZG6MnaA==
- cesium/1.115.0/Workers/createPlaneGeometry.min.js: sha512-WZD1Ga0OaGn/3Fj+zyuTamtvOQupLTIcBi7YOUc2V1gViI6hY04kIU1/lCYY9p09AsBP4eDkqtoT/k6hCXL0pA==
- cesium/1.115.0/Workers/decodeGoogleEarthEnterprisePacket.js: sha512-zYGkLffCp9mau0MzaaCM9+NJZ9Lua4IVA5RuM4rJcl2yaq7T8EvOk8PkXAB+MDP0C1fcxep/rWTvkx5VHAPSrw==
- cesium/1.115.0/Widgets/Timeline/Timeline.css: sha512-2M9ij8MBFgSYyvAPPzMxZlCEsO9kDPLWIYJwCaUN45uYoJfca04bS+l+CHTfcOmqmJd++l6GultShhLG2mLz6A==
- cesium/1.115.0/Workers/chunk-EXHN5NWQ.js: sha512-qvcvGuVZtjbNdZxYND/kGWYr8UUnSq5Ichum8fwLfQXbHtcgz+SSHr8VPmnW50uj6umOLKF15OFnviboDlAvEQ==
- cesium/1.115.0/Workers/chunk-HCYU7WEB.js: sha512-EWnS/p6jAKR/yn/eyvVRww9H4xs2sG0Jw6gFNuZf8WCfAbAI0Ek77aX0pSjxgMLDM85OZzFMOdSFpE1P9SDyvA==
- cesium/1.115.0/Workers/chunk-SUQSMXXT.js: sha512-7deY1DqCm6Dzbzfat82Y3AHYR8nIiEJsElT1w00TrZp2DSKTRl44xNUo8ny0laeEOi5t/7DTTiATafHfJndhug==
- cesium/1.115.0/Workers/chunk-WP26N53V.min.js: sha512-OObtW1BEJ7cMX6FewZWtnwmlmkBqQeIcsX1I1NMgR5QDYmWyKTSqp1+H7okabkqYBAhOEDu+kJKCdMLaq1wknw==
- cesium/1.115.0/Workers/createPolylineGeometry.js: sha512-MYTef1pAv28NNf76J4VIbvZbwAByovG7WuinebyuFRmJ2l/NsCJ1+RzjE7GWkcYaxyZaCtND+mzh170x7Z1Qgw==
- cesium/1.115.0/Workers/chunk-GNAFTO6Q.min.js: sha512-RJfUYxGwk3hbaTA1fagQpjPjp7A++6OYckqFQdDupuT1KkPact0/6JEn1BcLsDsW2SqE7gYrkKplK2HVtKafPQ==
- cesium/1.115.0/Workers/createCorridorGeometry.min.js: sha512-zoxMLBdHUiEMZEm5sk5cIU5Xg6f3oM/J0aBkn838weS1C2p4gm1Sm4IdkEOeBD4hA8NcYVuiW/mPFiBARzS7aQ==
- cesium/1.115.0/Workers/createVerticesFromHeightmap.js: sha512-cZq1b1t6hKgbG56MFe08hQd6gabS+jzjrJOZSwCalmH9MeWnAuyDi2N5mMfAyedKIW/M7NXiwSuLu9e4TaJFjw==
- cesium/1.115.0/Widgets/Timeline/Timeline.min.css: sha512-gq6LF785GzRPOu2nuu2cn4hjE8BSC0TaZp/yYgTHgsmdZTydt4eSahMeitkziD2+RYm+fnV6rfSW7QYqh10yRA==
- cesium/1.115.0/Widgets/lighterShared.css: sha512-6qm3dhI78EweCzPgt10krtt+mI1oBXU0qr3JQs6/VhdJbtSdaxwYOlaRtVeTA4Y3X5gSQqb1op6YhkOlLNTAhA==
- cesium/1.115.0/Workers/chunk-ERAZHWPC.js: sha512-c1ZszdNJO08v8ZYDAvSiv4Xv61FSQYXnlLYRBKmGUHjEbbpEHrS8msbLnHz1SOk3WX7XVguUWvF7GRaeqfgMfQ==
- cesium/1.115.0/Workers/chunk-HRTRKKEE.min.js: sha512-idU5JR3yNB1/XwMDqG/KJ5IhlaWjt7kbbhqKFZO8C3kS/yYviupPMTGKYCQ1SVqH6hLgmtGwBk2NsowEnsTmtw==
- cesium/1.115.0/Workers/createEllipseOutlineGeometry.min.js: sha512-mXztjWiS61i6K3HIqKZ9pwsQ1KaNPAmYhefigP/aeOZ06x8oioS2TzUAD+6mRgnGGqkbhXLs3AfKQyCKhTvd/A==
- cesium/1.115.0/Workers/createGeometry.js: sha512-M/pD0tXtFtcCTHtP7ZPjz7qO0M+xVIbQdta3tDlZfWRoSXX+Gn9OvDomfKyH5w7iuf67vfiCj5IVg6cbZvFo6g==
- cesium/1.115.0/Workers/chunk-EKKRJHD7.js: sha512-x3aAHzOQ1cBGXLNyc0ZjzhcyjIP9jTpDbL7Cke5rTJvCl4K5r5UaTmhRpkHZ13cVL1OQ1MMj1AzIBwiXmShdFA==
- cesium/1.115.0/Workers/chunk-UHM4ND4S.min.js: sha512-XkoEZWBH3rMjzSOpf+eGs20bIllwIUAIDVTxtFqTwKYYKHPZkpJsm4AgU2nLr3XfEMW+hhaH2LiKZPUrf3qOsg==
- cesium/1.115.0/Workers/createEllipsoidGeometry.js: sha512-fhrdJ0BSZFWJgFiq6ORoMUSOmNjeWrUw642f2+tmDqzXoJtGwna5TtZUkXauCIXFAcDPcijXUBuoxs4gx/CBIQ==
- cesium/1.115.0/Workers/createPlaneOutlineGeometry.min.js: sha512-GzlgxuVUsVnx98qB6qLWDgldEKM/q8Ebm1qVAMwT47gJteljKmaNU9Fl4/FafbHYsoK8+0k+zejWZ5OvBYK+wg==
- cesium/1.115.0/Workers/createVectorTileGeometries.js: sha512-jHiIBm2IZkX8L9zuOcSZLLRoBZ/eKiRsMBTCPsBOkCW+x3/zKM86QAnSj4IDFkjYR2ubmBKyAc1rdr3qNabNZA==
- cesium/1.115.0/Workers/createWallOutlineGeometry.js: sha512-umRwNedi1Elfr7rGZgXTEN5O6c+ejZ+rRnOYDGvuGYw9HagYMtZGUIl5vQn/1kC56JpTiaPZrSEyJdDMCK/QdQ==
- cesium/1.115.0/Workers/chunk-LYPPBP4Q.min.js: sha512-0XztwB9BqRQ7IIIfgoPUVZGoCRoJS344sUrIv+4DJfkxZXCxA42T9vZg/Q07HpPpm1DfXWXBIbRBPvh61FAT7Q==
- cesium/1.115.0/Workers/transcodeKTX2.min.js: sha512-3lDAz2c8+XiHFXfITp/In64H+DugFDBosYAOT/XCjuJ6/dlOLU+5ruAjOKm+eNFqF7m5xJL94O8tH9ygMABc5A==
- cesium/1.115.0/Widgets/BaseLayerPicker/lighter.min.css: sha512-th+bfYPHMo64qv2CmvrAbdCCh2UcDXYlAbfbNCXBBy/q9LB1Z9i1zLfJ/EHwDJmVKS2MIdh+8HQsY9Mzse3Spw==
- cesium/1.115.0/Widgets/CesiumWidget/lighter.min.css: sha512-+FW/kQAWIRPWhEzEbcFSBd2/7N/k2AaXLUTsHn0qdW6cmTx61Igs7NJq/buRW2+uxzzWM4dGWFFPJrTAiQSR5w==
- cesium/1.115.0/Workers/chunk-FHUOX7Q3.js: sha512-yyW9xbERXa+QAYcszRLOWiEBZmnu30RgDarWNO72Unb8lyazaxqHousEcWz9dQArHVzijgOTRc4xMyj49oIuiA==
- cesium/1.115.0/Workers/chunk-XDVDNOI4.js: sha512-5nVa7ci2f5E6uy7hcPv5Chbs7rnQHL9Sb+XAqG8lgMP5cHFNrwbLvke1asUNi5RDefUUM1jVqoco+yMzS87hVA==
- cesium/1.115.0/Workers/createPolylineVolumeOutlineGeometry.min.js: sha512-l420wV5wy8hm0/QBThGm4JRRMjXty0fre5m6lhlXbRsC6sZTgbP8aDhSmxTGF1PcH+mbn0KHsdRtvV/ZknyFAw==
- cesium/1.115.0/Workers/createRectangleOutlineGeometry.min.js: sha512-d65klqFQEVk/gLiW4Jo6M4H0ZuhAwRBPX5Dsa90ZvpZtQkDQby8uZbSKWWCA+RewaBVQ6ePUJyJBr11ULB6sEA==
- cesium/1.115.0/Workers/createTaskProcessorWorker.js: sha512-AfS0OFWEghR9bV1GZCwZ6tLz8Wp6UyvuXF/urOra/xDs5Em1tZsSJAGXZ/ua1WBCzd1Q6UvrGVfmgbtnuJHppA==
- cesium/1.115.0/Widgets/FullscreenButton/FullscreenButton.min.css: sha512-Pc4ralT8fCFgOd23nDVUhJDYEovagKtplLeN6RmkHh/x5LF2TkvA1/ontgFIZ3piZ6GPzT6OBj7KaH/vsREp4w==
- cesium/1.115.0/Widgets/I3SBuildingSceneLayerExplorer/I3SBuildingSceneLayerExplorer.css: sha512-jv+i3F9sQXfiK5ivTxhOy4iZ5aSk4t5dWF7XUEPzoR8YxGqnXobv1KhkxIl1kdWkkiquVDoTsGuVEjY0CrfGcA==
- cesium/1.115.0/Workers/chunk-F3TINEFX.min.js: sha512-prNuhVxNw/slEQ6E37q1SdO1IT6CyEqW0hg6KnJxztfYrn+WvkQtlff6CCQjQhue3SN5AxJ9uJgiVB0DpV3P/w==
- cesium/1.115.0/Workers/createVectorTilePolylines.js: sha512-LTUozC4sudrAfaAC5NsJk/4MFZU5gdyU2LmcDEd1hKXtSX+MFm5KmRP7Ha3YtrLuHlUIfs7PzqR5obEhVKZdIw==
- cesium/1.115.0/Workers/chunk-4VIV3K4J.min.js: sha512-NYsM4g5bfn7wtrNQg4nXTDVwaiNMTV+hY/VM5YdShyHAXgjVR8cWpDzJpHJiv2oHgDo4YfNIzxXLq8ZSrkfWDw==
- cesium/1.115.0/Workers/createCircleOutlineGeometry.js: sha512-y+e/lCchc8CC6WYGCegn9qOCzab6Lmd1MvKINiveOJtX4imnupsqBjk+kpaUGLe9+WXEMtXbKHGiODKOa1aPzg==
- cesium/1.115.0/Workers/decodeDraco.js: sha512-7wbwgHM4TZVWftir58GmZp73yjhTU3vhVclG7yq17P/bEVEjWjHKUPm+MoW9HDzWdrJyDEw9oiq8IlY3QhypDA==
- cesium/1.115.0/Widgets/InfoBox/InfoBoxDescription.min.css: sha512-SOdB+UL7r1zluaFi2CgAHWd7qsLJIXaBvktF5IH6TIydJRHq+grQIGTbFnGbl0+oI8u2tY0d0QrLGB47tNgJww==
- cesium/1.115.0/Widgets/VRButton/VRButton.css: sha512-jt4ZodYSYUfcbcb+05emfC1Va5KwWNSOa+tFAwnHbUafFOWBxvtp0k0fdf/+pvKWCOkDUUMp7UIL4VAWt7mT/g==
- cesium/1.115.0/Workers/chunk-4KGDZUZQ.min.js: sha512-0W2D87ZGDZGg+nvj/kgsWK/MBG1kja6TTTsXwigGpab2lhEYc0TllZldfHY3C+oGoA4tGJgQadGGtOOHcljq2A==
- cesium/1.115.0/Workers/chunk-V4NXUOJY.min.js: sha512-Zw6Vb2UgTNk5+zXEJ1DN18y+HVemVf9TQnfGFcauEPZIyLXHL5Y7dqBfdlFJlQ5QvEmoL/rf2QaYZHgkwQf50g==
- cesium/1.115.0/Workers/combineGeometry.js: sha512-Cw8WojEfL6kojLVvOSA0G/Dx7MIKMrAHHRRpk6fug3LnUEV1SXHyTY6pHqHr3Suf6wQgC7pX+KvkNyOdiWTvwA==
- cesium/1.115.0/Workers/createTaskProcessorWorker.min.js: sha512-aY/V26UzO1kcDqRS1WtQJ9YOW5/nC2MccSyIAYl+f2ENb31pm6PmoZc+IltJDeWgPw1lf3t9zWFwvWVLN7sn8g==
- cesium/1.115.0/Widgets/VRButton/VRButton.min.css: sha512-f7EpWuRwqGre1R+E5VeJPFIeQgeam2lPmHBkkufpfgTAdds/Z+75Fnl2/iQjmhtQSbbMaUh7OxNmzAMkJWppxQ==
- cesium/1.115.0/Workers/chunk-4VIV3K4J.js: sha512-YCaHb0Aclu2KAXvMYlVA3Sor2Xzv4H8GbdxzutYbtTm4JUwmR7yrJHtbdEewSfAZHrKOg3zC3NSk/o2da15NMw==
- cesium/1.115.0/Workers/chunk-NNNHC2WA.js: sha512-RyEx2SafxdDhWT25vKEtRFGWXq1B1jFMbtXLXl0wrLLn4WsRf/lJ5lEq4Qd4yz98M8J4VSHzmwclap+REraLMQ==
- cesium/1.115.0/Workers/chunk-Z3SYNMQT.min.js: sha512-HAYCk8K7nUKsQDEogmmsh0ezvSOfz/ccgGILPNVyEY9UL1GU4ZqyJPiyCcF6f/hOz1zpgAMPEUgC+IRHClDW5A==
- cesium/1.115.0/Workers/createEllipseGeometry.js: sha512-oASkEPTAp7mCqk+3W0Y8ODWI1woPSk/1iMmUHLbOv7rvaiZjwXltGa338lRCjOPEBuq+YtlEpGDZW2hCLOzt+Q==
- cesium/1.115.0/Workers/createGroundPolylineGeometry.min.js: sha512-dPAYuAg+V/xX2TjxPzyge5thCbRPvlXWEwLlpaPYRgWzE8cfN8nqYbpT8a7190IN3WA5djRFgxvKSstk67cgGg==
- cesium/1.115.0/Workers/createVerticesFromHeightmap.min.js: sha512-8vL/FVkeUd9sPEznLmnlrKo0qZz6JSCDMYGCjBI3gJ5ittcttp8E1iIA6ZJviQQju3AaoE9mS60906OjVVNVpQ==
- cesium/1.115.0/Workers/createSphereGeometry.min.js: sha512-jUZsJ39snbYxIqRBN2C0Unc5F6ui5JzAMc9OSbNQ8aAxll7P5z4hQQsRulZnPeEBFcJT2i/UcBVdulhrKdjTDw==
- cesium/1.115.0/ThirdParty/Workers/pako_inflate.min.js: sha512-319d5Tg3MKy9RN6q2vSoXszFJg09Nmltpt1Fh2KhfAbt2T6wBap8tFlbY4GluzZB5ORrPzKGCnSGL0DAdr0pDA==
- cesium/1.115.0/Widgets/Geocoder/lighter.min.css: sha512-p/yiuXoc+Wvavw7KE1sGfS0ozH8M0COZPA43/NJKK8lF43rIWW/Hs3b2FgsoXx8qC2mEerqvGgpHMqwAImoTZA==
- cesium/1.115.0/Workers/chunk-JMWWNZHX.min.js: sha512-ys/uFpgWKl1IPOcG9CfGUnKjn6TSqdn5dGFFE15tZvz5GZwbeeClbuSSBfInNO0516jmM8/IrwFXZhddQZzR/Q==
- cesium/1.115.0/Workers/chunk-TQBVVLQA.min.js: sha512-XNtTsvN3cwyou1K4k3y8ur1c4x9Knrj7LbiVJGMawP4zNUdavG4QX1YsLef1zPirIbNCCjaRY7zjo3LkMvd9wQ==
- cesium/1.115.0/Workers/createCoplanarPolygonOutlineGeometry.min.js: sha512-Pqg7ScUgc9I/vEZxhdA7xgQNXK6lkHaglmHPJVpehZXERPpM8ZsIBWxMixTJ4r9av6XYtiSPvSzMg5R4H2JKnQ==
- cesium/1.115.0/Workers/createEllipseOutlineGeometry.js: sha512-I/xYSb4ARDgRFKWvYr0kBxnSGUeLpcSlCAcdTCXhfnVjyeJXxcbk1tC9xtjAlipN4TLBSDE/IUcY/kZ5WFVpLQ==
- cesium/1.115.0/Workers/createSimplePolylineGeometry.js: sha512-hl0jidV5llfouZi7+RhFqMYuEko2xamX5r9mV/vFuv4ZlH7TgOiPRTZzRCrnbpC1IHJjNVAYs8hKxua6PAB8nA==
- cesium/1.115.0/Workers/createSphereOutlineGeometry.min.js: sha512-QTXbCA7iCKZMt4uQSGwqBIf0q9AtboD5BGOASTfvHXjnDuQ2IQ9zgL0i1GgmIyJfnFaOz9G/15veG3hQoYWLVg==
- cesium/1.115.0/Widgets/VoxelInspector/VoxelInspector.min.css: sha512-IxY4+omEMtOQ7s9CgD4RVJbqKqhuxWImpcyBgq99n1ktIAlBpZBDfHDou2mXBXpPMgrq3PwO33ZoMbVAjmeRnQ==
- cesium/1.115.0/Workers/chunk-3G4OCZJT.min.js: sha512-JQ5W+VNUR6UvQhQfQpswxw44ftLe1WJW8CiUSAGTMxerCq2n4XzzHEXIdVzIsfL65pyT88cEbH73EgWeo6DSrQ==
- cesium/1.115.0/Workers/chunk-SUQSMXXT.min.js: sha512-ZIx+7JVfaFS+0UDIDapuWPqqTSUyoiAAjcez24aTpnZtdWa1ESlJj2Sh9sCR6AzS6y25swldRV9Bv4wlwZJP0A==
- cesium/1.115.0/Widgets/Timeline/lighter.css: sha512-N6iefo+QdRLTG8Mug0Pw0y1f0ezubG/1AKV2yvCTtVu92ogyz4EmGYRUtaUteBOAvXVvGuUD4WHVSq4Aev70bg==
- cesium/1.115.0/Workers/createVectorTileClampedPolylines.js: sha512-b/etpgdjpaJVNZK0/Qe8E9SmC5ilIWbajVDdtxINaHY+BSyLnLxKx3YZpUQ3of62aEFIFXLxgrY0IaVyEQYFBg==
- cesium/1.115.0/ThirdParty/Workers/z-worker-pako.min.js: sha512-4VbAFzmTYytyZOK5KgOdt0E9cdNNIv2+hUcDsn848fn42z+k7Yto9D968v/3J5TKpgGIk4te3gFOxZ0pwWmZ9w==
- cesium/1.115.0/Widgets/shared.min.css: sha512-4l9FVd/JqHvdgogNKa1LJjIHY8zJmIje6WJxtMNWFbGRwXwcPXaafpqWtd0/86J6ANI/ihpxdvmnEdCewOLOkA==
- cesium/1.115.0/Workers/createPolylineVolumeGeometry.js: sha512-tAHNaNInKEr+/s8+qNkpblDzkdsOJJqkydzyh37sUg4McaMrNTcAzL47WEBTzvDBYx+6UR0a9DqzsJcjGI+0GA==
- cesium/1.115.0/Workers/createVerticesFromGoogleEarthEnterpriseBuffer.min.js: sha512-pFINYYDD9LWVP3m/SKqHCVJ0vwbsk58bcgWMJb26NKQtcDIBRqwam+LYq8G+5FOAd9PH5WX6n8GeyoCVSO1k1A==
- cesium/1.115.0/Widgets/Animation/lighter.min.css: sha512-f+W0eMvwxX4D0/+hXvnyv1Ac1rWMLkaLZckzkMRIfnEjBHAZYS4KkBcfgV2FwpS3AxqA2eJ2Ie5Dib/CVfD9NA==
- cesium/1.115.0/Workers/chunk-JXMT2ZQS.min.js: sha512-YnyV1HXWFZCUjSrDE7B7pc3GUL38/JUgFz/+6HdF++AbOogMhPUM5a+wMV1XEvTZT0NjXwG5fXdIhmyuNoyT4Q==
- cesium/1.115.0/Workers/createSimplePolylineGeometry.min.js: sha512-nu/F+/OfhcNMqHJoseDYApq2aIlRCwo45osIYdhR7MlR4l/0OxUbq+wxzF30HoEAFlsmX2jeq75D1u28tGn1ZQ==
- cesium/1.115.0/Workers/createWallOutlineGeometry.min.js: sha512-L+jDgzVYRcJLVY5TgHOfx/3Mxq+NVd2O9ZVoIWFVbr+1HvmXkdEUMk38UIdtrLgfocWdulhYhUF5StzUOL2lMg==
- cesium/1.115.0/Widgets/NavigationHelpButton/lighter.min.css: sha512-9Z47wP+LA3afuS/a9QR6ON++s/52vSRfgjpooj6LSly9ZsXQvdNOXSv9mFFNrkfzXrad+GRaPei/smDX6VxFhg==
- cesium/1.115.0/Workers/chunk-DNO4OWAM.min.js: sha512-n8mYXyaEbXm7QBsRNwhRV27HkJ6m2P6X7DTVBjV6rS/jbXLgaZb5d8F9ZrKgq1CfpcOJTAOIxyf37yYNS0n4RA==
- cesium/1.115.0/Workers/chunk-L2YBWJCT.js: sha512-yoJiYEcYSWRqzM2gV/p5+xjI49CaeeqD4jqFhF6KKZrLftZB6rZFN3Uz5H6uBejDy8rBEbdNotOc3HzkHg+KIA==
- cesium/1.115.0/Workers/chunk-L2YBWJCT.min.js: sha512-9CP7WUMZEFTk2s3IKmZRWXIERIQ8kzQ27Bmab7yPtml9he8J0maeWmriZfgwQNUNkfalSt/gp9WhnNlERlwnbQ==
- cesium/1.115.0/Workers/createCorridorOutlineGeometry.min.js: sha512-FWYa1vDwGhiN6YyWFJaKFg1+oneOEq81e699a42G3X30wisQFHiD2Fa7YsPAT/njjlqLIU5uoekbUTRxiBZ8pg==
- cesium/1.115.0/Workers/createEllipsoidGeometry.min.js: sha512-XfWy1vfkMUPKNWrrZlDBsTk3CqlYiJAGmssG1Agd5OY5BWYEkGKQQri+FYMTc4o2qhEQ47zgd/QJFTNc3gP82A==
- cesium/1.115.0/Workers/chunk-SPMRTIBU.js: sha512-7JTMdwR+nni6xUIGG3FoYkshJzKQBgP1P+eEv3rSUwQWkl67mH3j3/ZFz68oZf40Dr18MESuzu7GIKOnCbzb+w==
- cesium/1.115.0/Workers/chunk-TLYHKSDJ.min.js: sha512-WjdNz05exTd71C5Nxv+qAK3XV2NfEXxFmEmNPBFkv2zZurCLcIf046/UHRNAC3RAYLdZp6H82FG4jdYPX9B7zQ==
- cesium/1.115.0/Workers/createVectorTileClampedPolylines.min.js: sha512-i2oUmjw0dD5HS5Cyag31jCt1Hd1P6Khrggam7KA8+Np2STydDgcNL7IH2H6htqkdENkFvi0dcSkM7ioEP9IOhA==
- cesium/1.115.0/Widgets/NavigationHelpButton/NavigationHelpButton.css: sha512-Mox3So8FLuumbpSflOccei0jdCopI0cvAUOq4SgdZyKE4qmv2yhn7EEvkmycmFyeixhBE8+omRs4jgXnzZ0Lsw==
- cesium/1.115.0/Widgets/lighter.css: sha512-ESkxp9SlFGVsyQ7qmxXpE/4FxG5oIkHfC2iJ+ZJ6YPNH7C8w94MhV+NUTKf+iNNPdAxzDiIqW2uVKNK/HKdMCw==
- cesium/1.115.0/Workers/chunk-HRTRKKEE.js: sha512-shcTpySM1NBorAKnrE5f3nEJfAPT6bjM4eumPDTE/IhcXPWgb+3QoUuGbiXVbzXhIH4imMDKctYTh98flUEClA==
- cesium/1.115.0/Workers/chunk-IC7R2T5Y.min.js: sha512-jMaWbwN0uYtuVZyyGAL2AcSAAa7U3F/d0GPiFLlHEvMXRGpFoWqdUGfXXMA6q1/ZS2X+l3SPaf5q6vX594om3Q==
- cesium/1.115.0/Workers/createCoplanarPolygonGeometry.js: sha512-YoDQp8MAY8fTIGBfv5bXqD9JgSaMS5MMNaXPDBVCL82FDd1clNIFIpl9vk/uipZiYEreNFwfoGZHmUJCRkuZhw==
- cesium/1.115.0/index.min.js: sha512-goEyEdO3l1phcGPnDMSQLbYt/FIqljIeKgRCaWSNeHSHkFawd71LMDZGJ/8vVshMPzlauSU73TvCd9iU7oLgKQ==
- cesium/1.115.0/Widgets/I3SBuildingSceneLayerExplorer/I3SBuildingSceneLayerExplorer.min.css: sha512-ZHc/sDo4aVD4G4IxCanAWREYgu9CXsPCWwNLpZi30x57wUDWeVSDXf9lAPAqTXawQO6iGzGKFPwwfNiD77/Anw==
- cesium/1.115.0/Widgets/SceneModePicker/SceneModePicker.min.css: sha512-fq/Yb/u9503fNui1k4yOQaAqRfAzjRjiB4SSikvcEfOO8/50w/Cd+j2ejQDQrbnFlDOe1m9/LAmhixpUv8nc+w==
- cesium/1.115.0/Workers/chunk-ESZR37FT.min.js: sha512-YeRaO1iEcCtTOp/azCXD6zerqDEK3jntafbAlb7o4sep171RUnXmeNFFdhViwNMNt+JRelbYtmqKBzZUeJ7Nnw==
- cesium/1.115.0/Workers/combineGeometry.min.js: sha512-NTQFzKeunDlVmf23qFIjxqhdpSSzwb6fg4eCL64d3RGVgZVtg6gyOxjUfXCDEJ28kSjDDEHQTKHdrnkY53DZlg==
- cesium/1.115.0/Workers/createVectorTilePolygons.min.js: sha512-WEBDAzBEGSPEDHDv1UhjNvDqYyXNDl16LLvmXmJO7/Hh2BbOC4UQ1yl7LhdkLPTO3Eyc7M3QqXdlqKN/hCTbCQ==
- cesium/1.115.0/Workers/decodeDraco.min.js: sha512-1AX/4nB+L0JDQ/V65N8v4tZG1NEHEm0Ypg9gZ8pZ/MmR1Gz9S6vG4fCvA7EJ4Y2SFJt0DB320rv9m96uZYGAZQ==
- cesium/1.115.0/Widgets/ProjectionPicker/ProjectionPicker.css: sha512-KOjZ399ujxwlnnBuvA6NGavI1vSb72/xPfrwwGU8e5ovRdAmOXlM9A9Ov6zbPzKOcX+5eQUnFR5I8I/5y7jZtA==
- cesium/1.115.0/Widgets/SelectionIndicator/SelectionIndicator.css: sha512-kZRGairax074Me4L76pBzO0oDQq3ygSDfcS6+maoJq6wCGo/FTZk1lWbbUUbXpq69bO+IlnKxeZoI4ym6tvdWQ==
- cesium/1.115.0/Workers/chunk-MWX5R2ME.js: sha512-Ktu0RvPxK5etcCIlJzAc3itChnqluFoyo4yjfLBQzEt+Z6KNUsHizt0PX5xW4LXS4dsIZztNb4cSG2OuZ17gOw==
- cesium/1.115.0/Workers/chunk-VJWVYKOS.js: sha512-zm0USNPb5sjFwWlXKFfqe276JnoX2Fy4tGHCOighzAsSKFazpVuN7aDql5VljcTi4YuH/Nl3vDvfs9YqeLjL8g==
- cesium/1.115.0/Workers/createPolylineVolumeGeometry.min.js: sha512-qR40+Mk2xNIafpTosww12/tE7s4nrmZ7K7pOx+YXSKGh/+MACG6TbsIGrZv6n4A6fSPRVJPbfzwB+lIRildo1Q==
- cesium/1.115.0/Workers/createVectorTilePoints.js: sha512-jzuTMfDbGnQEQ77HX+/8GKKgd8AfGfsHvTvjNyUmhlVRzp+VIT1akRgBwYcy4zxx0Lf1HUBz6Bh8gSKehyUh8A==
- cesium/1.115.0/Workers/createVerticesFromGoogleEarthEnterpriseBuffer.js: sha512-NxIb9JxCpAJBFfijsnebVm7DBUgiJpXRZ4eXpagvjPgNGyJnoMKcxhM6RNze+m+FEqtR3fwQ6mtgCEpfET347w==
- cesium/1.115.0/Workers/chunk-EKKRJHD7.min.js: sha512-iWEMGcrZKhI5pnR2WMlKbXU/wBengM6MjTI1o4WcrJBHc9Up07LOg+nV8wVMZdaBaYRxeFX5l8ZvI7CRXk46yA==
- cesium/1.115.0/Workers/chunk-GWMEMIDW.min.js: sha512-aIsKL3f2yRN6f28C23paKrrxcTkEXT7lkvtMgTTBQgsVwWpqPQ2zqT6pkVOxw/hMik9ABvEsMHueg9cVbwsBlA==
- cesium/1.115.0/Workers/chunk-IC7R2T5Y.js: sha512-V2jj2wHoo6hmGoTGV2vBzxIlhXndEY71maZnjlc8EfzXv9f0es2E3wJy+HWhHvuDmVE7363X6VQolx1x5my0ng==
- cesium/1.115.0/Workers/chunk-TIY5LK5R.js: sha512-pWEBBybqPJtrNsm6BnzRVRD0VWriSyAskOPszViMFVuJidGaWNPfF7IoD65vKNukxmn5tqPy6GqB5lV8nNkvxw==
- cesium/1.115.0/Workers/chunk-V2SDNSQR.js: sha512-Oj+U0Yt9XCyWVUK+VyZesyrPULK0kWXwuok5CqHUqqoeIop3V9YOIYlqe1YAS2c38l/7DvFLtjFwd34qUTHlFg==
- cesium/1.115.0/Workers/createPolylineGeometry.min.js: sha512-UPK5GvGQVpADgCIQw24ppWKMoeg03Zv0T7Xi2szJKYSFsWChl+5u9szQBF3gW+vhf7eyRVsAf2yA19mbCMShFA==
- cesium/1.115.0/Workers/createVectorTilePolylines.min.js: sha512-dq7gUvjt9ASQ3hSM3AmqkQKjxzsaCU6ilLGAlK6bRHBbS6H575EtnTK3/ssHzpi6koTKSZWAjOjkJSgDLd5aAA==
- cesium/1.115.0/Workers/chunk-UHM4ND4S.js: sha512-fe4yuO0sjLM8ablcNTpzzaQTZpl4W6nvAP2wWKZBolbI7Urrm4dmyS1d05CqKqO9hWyN8Y77DMKbN9SfuxtVyQ==
- cesium/1.115.0/Workers/transferTypedArrayTest.min.js: sha512-CXjFjc1Tpmtld0DAan/ZkWLgxdB1Ymzr0xVa3M1y7HHpoayDILsUvUOdcQnqFmjqfqooZ8m0nEeDTps7Q/GiZw==
- cesium/1.115.0/Workers/createBoxGeometry.min.js: sha512-umAHRheiHcfOXCYTyQgMfttcOxtMTd7tdmLFZyUbD6K/8lyhx73XqUxJf2TuDtGT6G5lbyrRXaGRdALGYh3vIg==
- cesium/1.115.0/Workers/createCorridorGeometry.js: sha512-m+7CxCNmvNg1p0hjtq4CMI2oa4hwgVyd+7tA14fswkl0EL/2xDhJ62w4Acw2pyHjQek4zcvHapghBKOalhy8DA==
- cesium/1.115.0/Workers/createFrustumOutlineGeometry.js: sha512-OPfD5uPA6Gf/TNbX4R1B8mpwE+96Cq11WyIdDmGr7Wf8ZSPjGbG7XOU+1K8TtVUsZTF4mmxKQwcYp7JxXRS7ZA==
- cesium/1.115.0/Workers/chunk-DNO4OWAM.js: sha512-1S1kvVsBUoJx+DxvNh67YwYqwrJbSY8g0h9ML/Bef/QbkRbv3oB4jNjy/4Ik/RV+SGu2ztknoOh16R3kQhvBUA==
- cesium/1.115.0/Workers/chunk-U6MIZ4IC.js: sha512-Co5TF3MS5cjh5lUh8vq0A2kgmxNT3v2w5MGPe27AYTjsHO9FD5aGn2h+QFJtPv8IY+9rTvxWB9VMKB9IlGJFdg==
- cesium/1.115.0/Workers/chunk-U6MIZ4IC.min.js: sha512-hDJmqSwxh0JX8so+fGw9Oc1hkosDxaqqOFwbVnM+uAGNQ4pmCiWuduq0s8o9RfJ4bA0qOhJkqFGnyBx+uobQ7w==
- cesium/1.115.0/Workers/chunk-GWMEMIDW.js: sha512-QTM3lWXSbRUDLJ6uEGuYPv4YfHTSK6YpEw58pxQZcf0XWFJ4rrjLUYWb5fIeK001WwJbJJXLy5yow1/FbcQx6g==
- cesium/1.115.0/Workers/chunk-V2SDNSQR.min.js: sha512-heTFOmzzxjdfWK72NDMaPgL6go+iGrC13/e8WhrrlgSuntUezwe3YG5l0s4EFM+ib6LQAq0e/bkpDjAMZdJI/Q==
- cesium/1.115.0/Widgets/InfoBox/InfoBox.min.css: sha512-ufsbbC7S5mhhOlGOxp+JXw00/br7++RcbTsDb2QR8KICvNNmQpnYMpUWWxCiqePY1SLKpAwYRAY/6uCccZKgFw==
- cesium/1.115.0/Workers/chunk-3G4OCZJT.js: sha512-28grSpsIgE0HY2UMlyWV07Zi9jvqdU/quXXqSv5Ngh1Mwqds7rqCw3qL/EoeHUWh/jN38+SKfGi2PNzOpN7VAw==
- cesium/1.115.0/Workers/chunk-4KGDZUZQ.js: sha512-xunQadeq49nnt7eAW60evRpjYb1uJXtfYU+qb6ZA5lM/7JVLtqlG8Gkjl+Z/LcoJM2k2aCFOlvXwUancpYz6gw==
- cesium/1.115.0/Workers/chunk-VJWVYKOS.min.js: sha512-QH+zuDg8wW5lHc8zRjo2c7PkmHhXHxkwK+1lSQttSixgtL+P2Is0HaB8E0eJsBjnJFZneJrsGhfn5VqYqEe/Qg==
- cesium/1.115.0/Workers/createCylinderOutlineGeometry.js: sha512-We5aP9Ti7hcIEgLKL27ubwVM3FBziR/CZAq3W865KS2X1vD3rs6ScotropZEMz33tebTsN9YDkjmGAxrtE1BgQ==
- cesium/1.115.0/Widgets/Geocoder/Geocoder.min.css: sha512-/CzTU8NBwJcnR02sCCJcych69pAP50rzTqP3SRwWMxMkodn5ujZqArC6S0Psh5qlH9uI+dYZlAN0yjbmL850Tg==
- cesium/1.115.0/Widgets/shared.css: sha512-mQsVH7G8BL4s8TFbFSJZMgIyT2kiqSVhMiVkWdBydiq12eRt33amMBdbGY6hbt1xvhvTlzJYMEMw2sZWj2AEJA==
- cesium/1.115.0/Workers/chunk-GNAFTO6Q.js: sha512-cH2ThlXJq2g+Dvm0M+0its4XdVXvDICf3s28mYGP+IcjFdQsD+XOVhM+jjQmiefBDgdZOc71K3qwybEV+PvTyQ==
- cesium/1.115.0/index.js: sha512-zmWCoCRhsJVo8hljwrVUID4DlvHoKWGrEYIQLOQF/HTviWEhcv6iyNLFBJuR5G4DhJgsbpFa+3w6ALJ90SH2eg==
- cesium/1.115.0/Workers/chunk-U6VP4ZRF.js: sha512-vAS1zG+1HPrN7UwzwKaVkrtahnLu1GcVs4uV8yMB1twKD237Q3EasL9UqTIj4DoN6QgPEwey4MCCRJpU3/5fMQ==
- cesium/1.115.0/Workers/createCoplanarPolygonGeometry.min.js: sha512-lDWAccBFZAUcvcVC/wUDUyRCMP77xlGO3Ygikjob0t2r9crZIKLqCKZl4kGJMx7af1XZ2bLvzmW51Ep+StzaNw==
- cesium/1.115.0/ThirdParty/google-earth-dbroot-parser.js: sha512-s/fKkTuEH91dbhBvgLYX6iLgJ03RMpmUqZFwhQkFmC2xX8YFPzkMQV+GHJIFtddTrXtpJagHkVSqWhnOaT6glg==
- cesium/1.115.0/Widgets/CesiumInspector/CesiumInspector.css: sha512-vW55OSHuoOqGZqDvUML0hS9rTEgKtIVpFS6uQz1GlWtIjpB9EU3lULT07AX0iY6UDBoViLjr3S/3cfd0R2G6lQ==
- cesium/1.115.0/Widgets/CesiumWidget/CesiumWidget.css: sha512-kXTT2gvk4phKKMC9Q7nfyODOQWV+gCu7mV40lBep9yveNR/EQVteuA0ItMQwUXyWC8xtGg000KkDMNHbvwGrZw==
- cesium/1.115.0/Widgets/SelectionIndicator/SelectionIndicator.min.css: sha512-4mWKHxlp3GNn+PWHgSwVVIYVVCZUSVs+vIJqMbWVzi/l3Fz86WDL8UtTlwTD8uKvN76w+5Z2FaewWN00OZ3vXQ==
- cesium/1.115.0/Workers/chunk-EXHN5NWQ.min.js: sha512-Jym69D3fuiqeUAWIOFzgjzSKod+fEQC4XuWZ2VgHytGApxP8ONJQ77LoLJhYC3eSWtr81dm9dNJSdKrKVnmWjw==
- cesium/1.115.0/Workers/decodeGoogleEarthEnterprisePacket.min.js: sha512-4TKjffP43TQJIHlxU9pXwDpf+I5ZifRQ4mvtkGhZ4xXNEXvkAEWKrAGf/DAo5TU2FThwGrkzISMUrOgvTLOOFw==
- cesium/1.115.0/Widgets/NavigationHelpButton/lighter.css: sha512-rqMB1HlamjJ+/uFL/1aq2uKtFdEAoK1ea0UNVyERZ2IjE6bAmeK8EfFofZAwtEZpwsXmIaI4FDcTRMXGCuhmAQ==
- cesium/1.115.0/Widgets/PerformanceWatchdog/PerformanceWatchdog.min.css: sha512-fM1WSvxDZFSUC/Vj4RpFY58qYuL4GLlc/hAZdAHgcwcoDyMY5w2CRTIxEQ7BcuU+GAJ1xQSGYKahXtlsvPvlpA==
- cesium/1.115.0/Workers/chunk-ERAZHWPC.min.js: sha512-PIb2K7Lcn2uTDHKH6UGHifi996qQ7i3IIeOx8U7+1BtCgCKlf/yAV0Motimf/ixfyobPrPPfE1DfJHV/l7J9+g==
- cesium/1.115.0/Workers/createPlaneOutlineGeometry.js: sha512-ecS5QvD9/Ijqf2DVLijw91xWJygLKvneTv0FlRW6Lpy0hg1kvaud6OyOpA/GNgap14m3x1/Q+RjMKvkNjWyEvA==
- cesium/1.115.0/Workers/createWallGeometry.js: sha512-pXLxZLX9/JHvlYqc3I8HAQXmXPf0MTLazFjdG3CS1RS7bOfy5Ri69z3hzHvWgEaN4/fi5wn8EPJ32Bsm9CAzfQ==
- cesium/1.115.0/Widgets/Viewer/Viewer.min.css: sha512-LUQ2UmyOusVdlgNco3zXSVYY+i3H29WAeg/2GfT6I1fgzWGFL5xc6mr2xc+t9oLysG47LxVtWh8MTivyxaAfPQ==
- cesium/1.115.0/Workers/chunk-MWX5R2ME.min.js: sha512-IXGLGqJedr9roE0cT8wtIDkUrAK58CF0Wvps0ZxG204ii093LysDleyxWFTcbBGxWGoHRQih47JbrfuZcTd+vQ==
- cesium/1.115.0/Workers/createBoxOutlineGeometry.min.js: sha512-XEIDjHU9+Utj3Mqz9WZaPYWtvnappDpaJdWNUB3dLf63aYIJUCNuyoN2+tACTMIOI2bVNNxUqhL2ugxeMhNR1Q==
- cesium/1.115.0/Workers/createFrustumOutlineGeometry.min.js: sha512-dvwhZAecnGz43dbOjITHygvN07bNeg8OtAytRUSQpFGxvJP03kd3JX/bNRxqrPPLu44KTN+jo047PPxTCLMbVw==
- cesium/1.115.0/Workers/createPolylineVolumeOutlineGeometry.js: sha512-WOks2Jl3+XpDCjS+DcvX4xyPzmZILULZDLO/zTvTqjeNQoIi/JFOXoX9x4ddV4b89mJYSi+1MetZvEHP6YbBkA==
- cesium/1.115.0/Widgets/FullscreenButton/FullscreenButton.css: sha512-X7YqxXcP7YejGPrefGQQ+PtWF5/uI2kQo3pMF3wwvKXRDRSeo788qnMi/I/NItOfPJGLMfI/ipYV00cI+VpApA==
- cesium/1.115.0/Workers/chunk-Q3ITDG7Y.min.js: sha512-NnJVRTWLPWw6SPDqe+9aedg/oqnX5TT7Q8hJH7loKXheHSOQwDHchhEJ/joAcnrTeW2vDvfNjDDaLgFuN0SRhA==
- cesium/1.115.0/Workers/upsampleQuantizedTerrainMesh.js: sha512-PNKX5Ftb1EQu4oMp9SsZ4WLAGQ/FuhfztlIgFz2BsGmT53EMh2TlKbcUF8sBQlU6NJ4aAoykr4KQPPorq0cBhQ==
- cesium/1.115.0/Workers/chunk-AJBZ3ZYP.min.js: sha512-b//paJxPE/ksN3QlM4+CQPlGDp5snCJj6K1Q/PFc3BqgynMmhhO2sbGPFdhIHXIvSV+eD8wqfBnVEgtz99+GmA==
- cesium/1.115.0/Workers/chunk-ESZR37FT.js: sha512-K2qNOyX/pInuppnGNZUWKzNhSJQGY8IHaptnwYieqf7Tivq9EA7GfLu24hoUffYBAZO5XMN6oipoyvgErYrz5w==
- cesium/1.115.0/Workers/createPolygonGeometry.js: sha512-mex66dQAUYKI265rybur6/W7wteDEPPItb08tWPJkZghBIL4QUjBJl846bFhfkNyf6QV+n084qu2uav7CNFjPw==
- cesium/1.115.0/Widgets/Cesium3DTilesInspector/Cesium3DTilesInspector.css: sha512-9k2pAdTI5vyDh4O/ZEFS9g7Eqa48FY6Xs3azTahr3hX+zB2b0HY0+2dmn7enzzb3W3dl6S0RrOf1gZydbVN7SQ==
- cesium/1.115.0/Workers/chunk-FZIR7YHL.min.js: sha512-6FGmbRKOBI/DmwLvTXHNzUvBQsJdvtnMOM5JHI8lqNjLwAqAu7qT/qKiLZAL0aF44+OFNICx7ufE4dClRLEnIw==
- cesium/1.115.0/Workers/chunk-MEKIO5L4.min.js: sha512-2zqQq7eiwzqS4GfnaBQdwTJajrXdpOMvpVFLKSFLtoeJtCJlCwD1YryZyEeThKWRwo2XP5BAJIUjwdfmS9GD4A==
- cesium/1.115.0/Workers/chunk-R7GRRUJS.min.js: sha512-3MuzzD6oQGYsQhhIoQUp9E4/vQIViFN8gNJOgVzjPFtrXPa+V3RgHzSle6T4WArkOo/pK1+dy/f/V91NZbi8eg==
- cesium/1.115.0/Workers/createVerticesFromQuantizedTerrainMesh.min.js: sha512-J4u/RojBCBshdkiXQrGlFQQp10Md9lNVILY34giOcuXtZrF/ChIncfGGzTXFuGKU1KlLYiTEGtCjXlEqY37F6g==
- cesium/1.115.0/Workers/chunk-FD76FI2G.min.js: sha512-Uj7QydealyMES9LnmgOjku9yUZJK0Dv05GFkCVP4N1CJNuxKZrJD5PI9h4usNh//GwUSfeOxfhAag82mpDssdw==
- cesium/1.115.0/Workers/chunk-FHUOX7Q3.min.js: sha512-EwYqzH/uXgE9V6iPqIIqA+DR0zKQG5q4okIpdyh7gH8NB/uG8mimwoyaDXK8S/QrUvEHwdKdAjETAq49glzIZA==
- cesium/1.115.0/Workers/chunk-HCYU7WEB.min.js: sha512-QZZyQPEu7ESuL0aLSoJLC1uuLcVSQu9/pnrn7FwtTOvFdaspoY/HBZwCMBl0DtWfSl5p9nkf8pXXP1vbXsSVKA==
- cesium/1.115.0/Workers/chunk-JATOGJGF.js: sha512-dG0bzt8JDDvXNtvLv+aS/e8GVFpSpvCi4AiOUrVuMV8KG833oEIEdQKXHPFncopd+z00HHIRwF8PGCIgrd96kA==
- cesium/1.115.0/Workers/chunk-PYVDHCDQ.min.js: sha512-aAKiuBBTwNPkf35Bnm8kH0/5xQOHtDf+V6g+Uk5Ig94YE1Vfpjl/JjpGxNT5Zc26FSkC8PfsZLB07XdSzfi2pw==
- cesium/1.115.0/Widgets/BaseLayerPicker/BaseLayerPicker.min.css: sha512-WUWXp5Gcae0aJl2Ge0rWfawt36yQ+tMEudm4l5MYXWPR/gdGngXrKLml+bCt7JMTu0NCr8b7aZGsVzyUD84ftQ==
- cesium/1.115.0/Workers/chunk-FD76FI2G.js: sha512-GxstAjGUbhEq+MKrxKG0ViBLDNAJN+zOwz+wgyUUHGXtFczlIGe9jwoTvYwXzB6VC7vJZFoj/DFFbV6B1f0o4w==
- cesium/1.115.0/Widgets/CesiumInspector/CesiumInspector.min.css: sha512-MFFcv1NVv+bqyzZ0NiI27u16sd3z7tHTRciSn7h25sQyOKjZKXSe8ohcV+gggZ1i/xWb1XI2H0bQf0NOAsZcsA==
- cesium/1.115.0/Workers/createEllipseGeometry.min.js: sha512-DshcuZw+PnQBkb+uxjWiciaUGKsrrBK4nyCbn4Ng99R+pAkAlEus4SgRrhInNGombX34dFc5d2xUwcCjq8NFCA==
- cesium/1.115.0/Workers/createVectorTileGeometries.min.js: sha512-Bh5qfzOdgJmpNWmhnQ2So+L5A4nMBRXAt9qDMpDOOH1bPnXXb80djEpHGPTgg/jgIBIL5HCcSesQqVumKBI+3g==
- cesium/1.115.0/Workers/transferTypedArrayTest.js: sha512-Mpd4W4ss7y2ka0WBPRGyxoS8kkl/DjUz2MCPAvTd+zDRz29HUo5LYSgUn/oU4Mv20V9jx6xOxdfhJIpw4ICzoQ==
- cesium/1.115.0/Widgets/CesiumWidget/lighter.css: sha512-Rc8nl+rdiITOLOu0r0Ej3fBeXSYJ/E/cRgBUf1wiz8qJH4cAXHQSD0UK0CYYf4ONMAaJ2KXbSMrrJICuE9/a+g==
- cesium/1.115.0/Widgets/InfoBox/InfoBox.css: sha512-kLhtaWbubTn1R3NcQqYsWJMGxcCK3uqeXbIEmfmFgE3wetiWlmCTO0jeyKwVWmw8a4NWx71f/GO+SQppiQj6aA==
- cesium/1.115.0/Workers/chunk-AVEP2DCC.min.js: sha512-kgv1GJEek+XgSHNfh9rxHLfvrVndYEnZ7vPVQID9FEAIT7kdG/oXLMlTl+dqWq8SLo8tf1Va/FEPcRzk9hnIRA==
- cesium/1.115.0/Workers/chunk-XYD52Z2U.min.js: sha512-/YnIBTaY6MPeIeS4km0Uobh67WJ5JjpR4cTiOgqD0xNlfcm5mI2RINJj5ycnkwiP0g6GdnJwMlLfwDlTAhhqZA==
- cesium/1.115.0/Workers/createCircleGeometry.js: sha512-eQ67Lzi8bI74GozoiBnIfHTHq9DM3SgJpowb2NTxHEuTBaKqnTrbHFGBxLJEUpaXlJnd3uAnpTHAC/vVvMKpGg==
- cesium/1.115.0/Workers/createGroundPolylineGeometry.js: sha512-fekv3Q6ckA9clrSX4MwT9uod34612Fk3nLWZ2UtD+2B88s1px6KBy6wATHGE4KtBFMTE1pCUu0PAwqSM2wN2VA==
