Files:
- fontsource-gwendolyn/5.0.19/400.css.br
- fontsource-gwendolyn/5.0.19/400.min.css.br
- fontsource-gwendolyn/5.0.19/700.css.br
- fontsource-gwendolyn/5.0.19/700.min.css.br
- fontsource-gwendolyn/5.0.19/files/gwendolyn-latin-400-normal.woff.br
- fontsource-gwendolyn/5.0.19/files/gwendolyn-latin-700-normal.woff.br
- fontsource-gwendolyn/5.0.19/files/gwendolyn-latin-ext-400-normal.woff.br
- fontsource-gwendolyn/5.0.19/files/gwendolyn-latin-ext-700-normal.woff.br
- fontsource-gwendolyn/5.0.19/files/gwendolyn-vietnamese-400-normal.woff.br
- fontsource-gwendolyn/5.0.19/files/gwendolyn-vietnamese-700-normal.woff.br
- fontsource-gwendolyn/5.0.19/index.css.br
- fontsource-gwendolyn/5.0.19/index.min.css.br
- fontsource-gwendolyn/5.0.19/latin-400.css.br
- fontsource-gwendolyn/5.0.19/latin-400.min.css.br
- fontsource-gwendolyn/5.0.19/latin-700.css.br
- fontsource-gwendolyn/5.0.19/latin-700.min.css.br
- fontsource-gwendolyn/5.0.19/latin-ext-400.css.br
- fontsource-gwendolyn/5.0.19/latin-ext-400.min.css.br
- fontsource-gwendolyn/5.0.19/latin-ext-700.css.br
- fontsource-gwendolyn/5.0.19/latin-ext-700.min.css.br
- fontsource-gwendolyn/5.0.19/latin-ext.css.br
- fontsource-gwendolyn/5.0.19/latin-ext.min.css.br
- fontsource-gwendolyn/5.0.19/latin.css.br
- fontsource-gwendolyn/5.0.19/latin.min.css.br
- fontsource-gwendolyn/5.0.19/vietnamese-400.css.br
- fontsource-gwendolyn/5.0.19/vietnamese-400.min.css.br
- fontsource-gwendolyn/5.0.19/vietnamese-700.css.br
- fontsource-gwendolyn/5.0.19/vietnamese-700.min.css.br
- fontsource-gwendolyn/5.0.19/vietnamese.css.br
- fontsource-gwendolyn/5.0.19/vietnamese.min.css.br
