config: {"authors":[{"name":"Jack O'Connor","url":"http://jackocnr.com"}],"autoupdate":{"source":"git","target":"git://github.com/jackocnr/intl-tel-input.git","fileMap":[{"basePath":"build","files":["js/utils.js","js/intlTelInput*.js","img/flags*.png","css/intlTelInput.css"]}]},"description":"A jQuery plugin for entering international telephone numbers","filename":"js/intlTelInput.min.js","homepage":"http://jackocnr.com/intl-tel-input.html","keywords":["international","i18n","country","dial","code","telephone","mobile","input","flag"],"license":"MIT","name":"intl-tel-input","repository":{"type":"git","url":"https://github.com/jackocnr/intl-tel-input"},"author":"Jack O'Connor (http://jackocnr.com)"}
KV keys:
- intl-tel-input/23.7.4/css/intlTelInput.css.br
- intl-tel-input/23.7.4/css/intlTelInput.css.gz
- intl-tel-input/23.7.4/img/flags.png.br
- intl-tel-input/23.7.4/img/flags.png.gz
- intl-tel-input/23.7.4/img/flags@2x.png.br
- intl-tel-input/23.7.4/img/flags@2x.png.gz
- intl-tel-input/23.7.4/js/intlTelInput.js.br
- intl-tel-input/23.7.4/js/intlTelInput.js.gz
- intl-tel-input/23.7.4/js/intlTelInput.min.js.br
- intl-tel-input/23.7.4/js/intlTelInput.min.js.gz
- intl-tel-input/23.7.4/js/intlTelInputWithUtils.js.br
- intl-tel-input/23.7.4/js/intlTelInputWithUtils.js.gz
- intl-tel-input/23.7.4/js/intlTelInputWithUtils.min.js.br
- intl-tel-input/23.7.4/js/intlTelInputWithUtils.min.js.gz
- intl-tel-input/23.7.4/js/utils.js.br
- intl-tel-input/23.7.4/js/utils.js.gz
- intl-tel-input/23.7.4/js/utils.min.js.br
- intl-tel-input/23.7.4/js/utils.min.js.gz
SRIs:
- intl-tel-input/23.7.4/js/intlTelInputWithUtils.min.js: sha512-n062T/OoKVt19gQriBA9VBSlZFAjx7h5BrjY4cu/Kg8ry2ASYC2qllprI/RZaikivdAWIFDic5Pj3ARPwCvGCA==
- intl-tel-input/23.7.4/js/utils.js: sha512-m8DdwkdO4Q9qRsl18UX/T/xYORuscktXsJJwg8FjbqPorLZQaVuBBhaJ/dHjITeiN5p7fVr3DYq1zK/O7NPrKA==
- intl-tel-input/23.7.4/js/utils.min.js: sha512-1zUUr9FKyalpKtdJ/i5+M1U8va1oZBwQMRl06w3Vva+3T6kDNjxIJ2XioCVq1uUJ8POZPY4IJUDnkV+ojnXRmg==
- intl-tel-input/23.7.4/css/intlTelInput.css: sha512-P0kaBrqAToDZHYruJfgG+mafsdeCV483JtV71jwHMnIFwTJou0us2PIBffpaZNPUNNQngwg6n/1nfpK47FTHUg==
- intl-tel-input/23.7.4/js/intlTelInput.js: sha512-2tgfi2I6+KodV4LdGUNCvvAdjzq6SJ6dUwjIpZcRkVTDqJfeiN681jDK+HjCznqcmwhWZvme/0jmJ9AdFuYevQ==
- intl-tel-input/23.7.4/js/intlTelInput.min.js: sha512-zBA1N5e+OjQf0HGJgbAliTFdW0NCegVAQ1vgtn9EwbxtrU47JGEBM5SgND6mSmtaezvWjyrXKkYfoOVpRlwlRQ==
- intl-tel-input/23.7.4/js/intlTelInputWithUtils.js: sha512-9LaB2fv4OyPIfQj2c8B9c0yikgHnbW+xmSFDJj6l/D9GE6+hZC9/YObiwdaWYdX5ua3eEIcKTUz+sewUPB6bjQ==
