config: {"authors":[{"name":"Google Inc."}],"autoupdate":{"source":"npm","target":"@fontsource/pattaya","fileMap":[{"basePath":"","files":["*.css","files/*.@(woff|woff2)"]}],"excludeFromSearch":true},"description":"Self-host the Pattaya font in a neatly bundled NPM package.","filename":"index.css","homepage":"https://fontsource.org/fonts/pattaya","keywords":["fontsource","font","font family","google fonts","pattaya","Pattaya","css","sass","front-end","web","typeface","variable"],"license":"OFL-1.1","name":"fontsource-pattaya","repository":{"type":"git","url":"git+https://github.com/fontsource/font-files.git"},"author":"Google Inc."}
KV keys:
- fontsource-pattaya/4.5.8/400.css.br
- fontsource-pattaya/4.5.8/400.css.gz
- fontsource-pattaya/4.5.8/400.min.css.br
- fontsource-pattaya/4.5.8/400.min.css.gz
- fontsource-pattaya/4.5.8/cyrillic-400.css.br
- fontsource-pattaya/4.5.8/cyrillic-400.css.gz
- fontsource-pattaya/4.5.8/cyrillic-400.min.css.br
- fontsource-pattaya/4.5.8/cyrillic-400.min.css.gz
- fontsource-pattaya/4.5.8/cyrillic.css.br
- fontsource-pattaya/4.5.8/cyrillic.css.gz
- fontsource-pattaya/4.5.8/cyrillic.min.css.br
- fontsource-pattaya/4.5.8/cyrillic.min.css.gz
- fontsource-pattaya/4.5.8/files/pattaya-all-400-normal.woff.br
- fontsource-pattaya/4.5.8/files/pattaya-all-400-normal.woff.gz
- fontsource-pattaya/4.5.8/files/pattaya-cyrillic-400-normal.woff.br
- fontsource-pattaya/4.5.8/files/pattaya-cyrillic-400-normal.woff.gz
- fontsource-pattaya/4.5.8/files/pattaya-cyrillic-400-normal.woff2
- fontsource-pattaya/4.5.8/files/pattaya-latin-400-normal.woff.br
- fontsource-pattaya/4.5.8/files/pattaya-latin-400-normal.woff.gz
- fontsource-pattaya/4.5.8/files/pattaya-latin-400-normal.woff2
- fontsource-pattaya/4.5.8/files/pattaya-latin-ext-400-normal.woff.br
- fontsource-pattaya/4.5.8/files/pattaya-latin-ext-400-normal.woff.gz
- fontsource-pattaya/4.5.8/files/pattaya-latin-ext-400-normal.woff2
- fontsource-pattaya/4.5.8/files/pattaya-thai-400-normal.woff.br
- fontsource-pattaya/4.5.8/files/pattaya-thai-400-normal.woff.gz
- fontsource-pattaya/4.5.8/files/pattaya-thai-400-normal.woff2
- fontsource-pattaya/4.5.8/files/pattaya-vietnamese-400-normal.woff.br
- fontsource-pattaya/4.5.8/files/pattaya-vietnamese-400-normal.woff.gz
- fontsource-pattaya/4.5.8/files/pattaya-vietnamese-400-normal.woff2
- fontsource-pattaya/4.5.8/index.css.br
- fontsource-pattaya/4.5.8/index.css.gz
- fontsource-pattaya/4.5.8/index.min.css.br
- fontsource-pattaya/4.5.8/index.min.css.gz
- fontsource-pattaya/4.5.8/latin-400.css.br
- fontsource-pattaya/4.5.8/latin-400.css.gz
- fontsource-pattaya/4.5.8/latin-400.min.css.br
- fontsource-pattaya/4.5.8/latin-400.min.css.gz
- fontsource-pattaya/4.5.8/latin-ext-400.css.br
- fontsource-pattaya/4.5.8/latin-ext-400.css.gz
- fontsource-pattaya/4.5.8/latin-ext-400.min.css.br
- fontsource-pattaya/4.5.8/latin-ext-400.min.css.gz
- fontsource-pattaya/4.5.8/latin-ext.css.br
- fontsource-pattaya/4.5.8/latin-ext.css.gz
- fontsource-pattaya/4.5.8/latin-ext.min.css.br
- fontsource-pattaya/4.5.8/latin-ext.min.css.gz
- fontsource-pattaya/4.5.8/latin.css.br
- fontsource-pattaya/4.5.8/latin.css.gz
- fontsource-pattaya/4.5.8/latin.min.css.br
- fontsource-pattaya/4.5.8/latin.min.css.gz
- fontsource-pattaya/4.5.8/thai-400.css.br
- fontsource-pattaya/4.5.8/thai-400.css.gz
- fontsource-pattaya/4.5.8/thai-400.min.css.br
- fontsource-pattaya/4.5.8/thai-400.min.css.gz
- fontsource-pattaya/4.5.8/thai.css.br
- fontsource-pattaya/4.5.8/thai.css.gz
- fontsource-pattaya/4.5.8/thai.min.css.br
- fontsource-pattaya/4.5.8/thai.min.css.gz
- fontsource-pattaya/4.5.8/vietnamese-400.css.br
- fontsource-pattaya/4.5.8/vietnamese-400.css.gz
- fontsource-pattaya/4.5.8/vietnamese-400.min.css.br
- fontsource-pattaya/4.5.8/vietnamese-400.min.css.gz
- fontsource-pattaya/4.5.8/vietnamese.css.br
- fontsource-pattaya/4.5.8/vietnamese.css.gz
- fontsource-pattaya/4.5.8/vietnamese.min.css.br
- fontsource-pattaya/4.5.8/vietnamese.min.css.gz
SRIs:
- fontsource-pattaya/4.5.8/vietnamese-400.min.css: sha512-qlhQDUkHvQLiwf0tTVHhkslYGTM3u6cTRBGEipJBCVuC5vKAesnpAmPh9fyglChFKC/G9mNKYguK8hf7w2QEFQ==
- fontsource-pattaya/4.5.8/400.css: sha512-FucHBzdB6osr7DvgsV0kSGYibjFmuZ+wV/fk7oSuCTxjKjVk+Qss9c24+E2x52CChT6Uyl6ri7+HmmHpmW4M1A==
- fontsource-pattaya/4.5.8/cyrillic-400.min.css: sha512-xdULxoKCy/qLWafqAutQOf8Gifaa2Imtbj7q3Ql+yVyCjsn2HbhONXObonxGne8K9GpanbXR3DF5iG2mghF50Q==
- fontsource-pattaya/4.5.8/cyrillic.css: sha512-E+jEwodTEbV4JShnrNypEdY+CqaSc9S0k/ehpdKtKXXCNql8w1fhUEnbQOXbx6F05UdPjybBoQIB41+4D+BjFQ==
- fontsource-pattaya/4.5.8/vietnamese-400.css: sha512-jvxQZEAF3ovJ19xkCAxqx8bDUry04xlXtSIw3e/SvkYxmbkQ/eC7NRFWG7Eyfgy6fTsLavNRNhD6/2djFK7O3w==
- fontsource-pattaya/4.5.8/vietnamese.css: sha512-jvxQZEAF3ovJ19xkCAxqx8bDUry04xlXtSIw3e/SvkYxmbkQ/eC7NRFWG7Eyfgy6fTsLavNRNhD6/2djFK7O3w==
- fontsource-pattaya/4.5.8/latin-400.css: sha512-XSQhUt9+uBxuWCrFhGVM1BVIIaUXX3H+XKrtA4lf/qYpSbmKj7v4/mUB6cPGQDJJ5udhp567NocCgjDcYs18rw==
- fontsource-pattaya/4.5.8/latin-ext-400.min.css: sha512-jjVFokB1JJL811lh29aGXufzONpXzAy3Cpe3c6X42P6hZMt6bziQuJHDRR5vCNO5POM5BTFfQKhxegwfYyQVmA==
- fontsource-pattaya/4.5.8/latin-ext.min.css: sha512-jjVFokB1JJL811lh29aGXufzONpXzAy3Cpe3c6X42P6hZMt6bziQuJHDRR5vCNO5POM5BTFfQKhxegwfYyQVmA==
- fontsource-pattaya/4.5.8/latin-ext.css: sha512-E0unoAAy3SQsjdFs17kowUsDQbkrVZAU6+KW1eOC8n/MHDgPVJLQL4ch1xECYU4wNU2euBYPEOGZIIw9/jhVGg==
- fontsource-pattaya/4.5.8/latin.css: sha512-XSQhUt9+uBxuWCrFhGVM1BVIIaUXX3H+XKrtA4lf/qYpSbmKj7v4/mUB6cPGQDJJ5udhp567NocCgjDcYs18rw==
- fontsource-pattaya/4.5.8/thai-400.min.css: sha512-Feo7rbMhRfEzNKe6NkMCqEPrXTcjtjXfruZl3R72Rb9n1DcTg+Rj/l/QBA1+yCqv9URS0iLg5KRuYVRGIVgzZQ==
- fontsource-pattaya/4.5.8/vietnamese.min.css: sha512-qlhQDUkHvQLiwf0tTVHhkslYGTM3u6cTRBGEipJBCVuC5vKAesnpAmPh9fyglChFKC/G9mNKYguK8hf7w2QEFQ==
- fontsource-pattaya/4.5.8/cyrillic-400.css: sha512-E+jEwodTEbV4JShnrNypEdY+CqaSc9S0k/ehpdKtKXXCNql8w1fhUEnbQOXbx6F05UdPjybBoQIB41+4D+BjFQ==
- fontsource-pattaya/4.5.8/index.css: sha512-FucHBzdB6osr7DvgsV0kSGYibjFmuZ+wV/fk7oSuCTxjKjVk+Qss9c24+E2x52CChT6Uyl6ri7+HmmHpmW4M1A==
- fontsource-pattaya/4.5.8/index.min.css: sha512-aZ3VAlIXOVK+tsaRDVGH/tk2ns7k0h5GRji2GrNrKxR/qul0Zo5NbGITCCFe7JTV7Cgba9zv5nSds0p59SYGcg==
- fontsource-pattaya/4.5.8/latin-ext-400.css: sha512-E0unoAAy3SQsjdFs17kowUsDQbkrVZAU6+KW1eOC8n/MHDgPVJLQL4ch1xECYU4wNU2euBYPEOGZIIw9/jhVGg==
- fontsource-pattaya/4.5.8/latin.min.css: sha512-KuIc3tP26UtSdgjWl6BW49aGbG/DLNQdNP/eVaXw2RFS0H/QESurIywsFR2yJFNA/5OX7Z6XR9afSAzZ5gYCdg==
- fontsource-pattaya/4.5.8/thai-400.css: sha512-eFpfIyRLxke3R0aSBJtOJUc10XorQAJPKGYiIy3UaK5LJApPYqgUdmOluHGb6GST79P/k4UQ4HaAuali3PWWVg==
- fontsource-pattaya/4.5.8/thai.css: sha512-eFpfIyRLxke3R0aSBJtOJUc10XorQAJPKGYiIy3UaK5LJApPYqgUdmOluHGb6GST79P/k4UQ4HaAuali3PWWVg==
- fontsource-pattaya/4.5.8/thai.min.css: sha512-Feo7rbMhRfEzNKe6NkMCqEPrXTcjtjXfruZl3R72Rb9n1DcTg+Rj/l/QBA1+yCqv9URS0iLg5KRuYVRGIVgzZQ==
- fontsource-pattaya/4.5.8/400.min.css: sha512-aZ3VAlIXOVK+tsaRDVGH/tk2ns7k0h5GRji2GrNrKxR/qul0Zo5NbGITCCFe7JTV7Cgba9zv5nSds0p59SYGcg==
- fontsource-pattaya/4.5.8/cyrillic.min.css: sha512-xdULxoKCy/qLWafqAutQOf8Gifaa2Imtbj7q3Ql+yVyCjsn2HbhONXObonxGne8K9GpanbXR3DF5iG2mghF50Q==
- fontsource-pattaya/4.5.8/latin-400.min.css: sha512-KuIc3tP26UtSdgjWl6BW49aGbG/DLNQdNP/eVaXw2RFS0H/QESurIywsFR2yJFNA/5OX7Z6XR9afSAzZ5gYCdg==
