Files:
- fontsource-antic-didone/4.5.9/400.css.br
- fontsource-antic-didone/4.5.9/400.css.gz
- fontsource-antic-didone/4.5.9/400.min.css.br
- fontsource-antic-didone/4.5.9/400.min.css.gz
- fontsource-antic-didone/4.5.9/files/antic-didone-all-400-normal.woff.br
- fontsource-antic-didone/4.5.9/files/antic-didone-all-400-normal.woff.gz
- fontsource-antic-didone/4.5.9/files/antic-didone-latin-400-normal.woff.br
- fontsource-antic-didone/4.5.9/files/antic-didone-latin-400-normal.woff.gz
- fontsource-antic-didone/4.5.9/files/antic-didone-latin-400-normal.woff2
- fontsource-antic-didone/4.5.9/index.css.br
- fontsource-antic-didone/4.5.9/index.css.gz
- fontsource-antic-didone/4.5.9/index.min.css.br
- fontsource-antic-didone/4.5.9/index.min.css.gz
- fontsource-antic-didone/4.5.9/latin-400.css.br
- fontsource-antic-didone/4.5.9/latin-400.css.gz
- fontsource-antic-didone/4.5.9/latin-400.min.css.br
- fontsource-antic-didone/4.5.9/latin-400.min.css.gz
- fontsource-antic-didone/4.5.9/latin.css.br
- fontsource-antic-didone/4.5.9/latin.css.gz
- fontsource-antic-didone/4.5.9/latin.min.css.br
- fontsource-antic-didone/4.5.9/latin.min.css.gz
