config: {"authors":[{"name":"Google Inc."}],"autoupdate":{"source":"npm","target":"@fontsource/m-plus-code-latin","fileMap":[{"basePath":"","files":["*.css","files/*.@(woff|woff2)"]}],"excludeFromSearch":true},"description":"Self-host the M PLUS Code Latin font in a neatly bundled NPM package.","filename":"index.css","homepage":"https://fontsource.org/fonts/m-plus-code-latin","keywords":["fontsource","font","font family","google fonts","m-plus-code-latin","M PLUS Code Latin","css","sass","front-end","web","typeface","variable"],"license":"OFL-1.1","name":"fontsource-m-plus-code-latin","repository":{"type":"git","url":"git+https://github.com/fontsource/font-files.git"},"author":"Google Inc."}
KV keys:
- fontsource-m-plus-code-latin/5.0.16/100.css.br
- fontsource-m-plus-code-latin/5.0.16/100.css.gz
- fontsource-m-plus-code-latin/5.0.16/100.min.css.br
- fontsource-m-plus-code-latin/5.0.16/100.min.css.gz
- fontsource-m-plus-code-latin/5.0.16/200.css.br
- fontsource-m-plus-code-latin/5.0.16/200.css.gz
- fontsource-m-plus-code-latin/5.0.16/200.min.css.br
- fontsource-m-plus-code-latin/5.0.16/200.min.css.gz
- fontsource-m-plus-code-latin/5.0.16/300.css.br
- fontsource-m-plus-code-latin/5.0.16/300.css.gz
- fontsource-m-plus-code-latin/5.0.16/300.min.css.br
- fontsource-m-plus-code-latin/5.0.16/300.min.css.gz
- fontsource-m-plus-code-latin/5.0.16/400.css.br
- fontsource-m-plus-code-latin/5.0.16/400.css.gz
- fontsource-m-plus-code-latin/5.0.16/400.min.css.br
- fontsource-m-plus-code-latin/5.0.16/400.min.css.gz
- fontsource-m-plus-code-latin/5.0.16/500.css.br
- fontsource-m-plus-code-latin/5.0.16/500.css.gz
- fontsource-m-plus-code-latin/5.0.16/500.min.css.br
- fontsource-m-plus-code-latin/5.0.16/500.min.css.gz
- fontsource-m-plus-code-latin/5.0.16/600.css.br
- fontsource-m-plus-code-latin/5.0.16/600.css.gz
- fontsource-m-plus-code-latin/5.0.16/600.min.css.br
- fontsource-m-plus-code-latin/5.0.16/600.min.css.gz
- fontsource-m-plus-code-latin/5.0.16/700.css.br
- fontsource-m-plus-code-latin/5.0.16/700.css.gz
- fontsource-m-plus-code-latin/5.0.16/700.min.css.br
- fontsource-m-plus-code-latin/5.0.16/700.min.css.gz
- fontsource-m-plus-code-latin/5.0.16/files/m-plus-code-latin-latin-100-normal.woff.br
- fontsource-m-plus-code-latin/5.0.16/files/m-plus-code-latin-latin-100-normal.woff.gz
- fontsource-m-plus-code-latin/5.0.16/files/m-plus-code-latin-latin-100-normal.woff2
- fontsource-m-plus-code-latin/5.0.16/files/m-plus-code-latin-latin-200-normal.woff.br
- fontsource-m-plus-code-latin/5.0.16/files/m-plus-code-latin-latin-200-normal.woff.gz
- fontsource-m-plus-code-latin/5.0.16/files/m-plus-code-latin-latin-200-normal.woff2
- fontsource-m-plus-code-latin/5.0.16/files/m-plus-code-latin-latin-300-normal.woff.br
- fontsource-m-plus-code-latin/5.0.16/files/m-plus-code-latin-latin-300-normal.woff.gz
- fontsource-m-plus-code-latin/5.0.16/files/m-plus-code-latin-latin-300-normal.woff2
- fontsource-m-plus-code-latin/5.0.16/files/m-plus-code-latin-latin-400-normal.woff.br
- fontsource-m-plus-code-latin/5.0.16/files/m-plus-code-latin-latin-400-normal.woff.gz
- fontsource-m-plus-code-latin/5.0.16/files/m-plus-code-latin-latin-400-normal.woff2
- fontsource-m-plus-code-latin/5.0.16/files/m-plus-code-latin-latin-500-normal.woff.br
- fontsource-m-plus-code-latin/5.0.16/files/m-plus-code-latin-latin-500-normal.woff.gz
- fontsource-m-plus-code-latin/5.0.16/files/m-plus-code-latin-latin-500-normal.woff2
- fontsource-m-plus-code-latin/5.0.16/files/m-plus-code-latin-latin-600-normal.woff.br
- fontsource-m-plus-code-latin/5.0.16/files/m-plus-code-latin-latin-600-normal.woff.gz
- fontsource-m-plus-code-latin/5.0.16/files/m-plus-code-latin-latin-600-normal.woff2
- fontsource-m-plus-code-latin/5.0.16/files/m-plus-code-latin-latin-700-normal.woff.br
- fontsource-m-plus-code-latin/5.0.16/files/m-plus-code-latin-latin-700-normal.woff.gz
- fontsource-m-plus-code-latin/5.0.16/files/m-plus-code-latin-latin-700-normal.woff2
- fontsource-m-plus-code-latin/5.0.16/files/m-plus-code-latin-latin-ext-100-normal.woff.br
- fontsource-m-plus-code-latin/5.0.16/files/m-plus-code-latin-latin-ext-100-normal.woff.gz
- fontsource-m-plus-code-latin/5.0.16/files/m-plus-code-latin-latin-ext-100-normal.woff2
- fontsource-m-plus-code-latin/5.0.16/files/m-plus-code-latin-latin-ext-200-normal.woff.br
- fontsource-m-plus-code-latin/5.0.16/files/m-plus-code-latin-latin-ext-200-normal.woff.gz
- fontsource-m-plus-code-latin/5.0.16/files/m-plus-code-latin-latin-ext-200-normal.woff2
- fontsource-m-plus-code-latin/5.0.16/files/m-plus-code-latin-latin-ext-300-normal.woff.br
- fontsource-m-plus-code-latin/5.0.16/files/m-plus-code-latin-latin-ext-300-normal.woff.gz
- fontsource-m-plus-code-latin/5.0.16/files/m-plus-code-latin-latin-ext-300-normal.woff2
- fontsource-m-plus-code-latin/5.0.16/files/m-plus-code-latin-latin-ext-400-normal.woff.br
- fontsource-m-plus-code-latin/5.0.16/files/m-plus-code-latin-latin-ext-400-normal.woff.gz
- fontsource-m-plus-code-latin/5.0.16/files/m-plus-code-latin-latin-ext-400-normal.woff2
- fontsource-m-plus-code-latin/5.0.16/files/m-plus-code-latin-latin-ext-500-normal.woff.br
- fontsource-m-plus-code-latin/5.0.16/files/m-plus-code-latin-latin-ext-500-normal.woff.gz
- fontsource-m-plus-code-latin/5.0.16/files/m-plus-code-latin-latin-ext-500-normal.woff2
- fontsource-m-plus-code-latin/5.0.16/files/m-plus-code-latin-latin-ext-600-normal.woff.br
- fontsource-m-plus-code-latin/5.0.16/files/m-plus-code-latin-latin-ext-600-normal.woff.gz
- fontsource-m-plus-code-latin/5.0.16/files/m-plus-code-latin-latin-ext-600-normal.woff2
- fontsource-m-plus-code-latin/5.0.16/files/m-plus-code-latin-latin-ext-700-normal.woff.br
- fontsource-m-plus-code-latin/5.0.16/files/m-plus-code-latin-latin-ext-700-normal.woff.gz
- fontsource-m-plus-code-latin/5.0.16/files/m-plus-code-latin-latin-ext-700-normal.woff2
- fontsource-m-plus-code-latin/5.0.16/files/m-plus-code-latin-vietnamese-100-normal.woff.br
- fontsource-m-plus-code-latin/5.0.16/files/m-plus-code-latin-vietnamese-100-normal.woff.gz
- fontsource-m-plus-code-latin/5.0.16/files/m-plus-code-latin-vietnamese-100-normal.woff2
- fontsource-m-plus-code-latin/5.0.16/files/m-plus-code-latin-vietnamese-200-normal.woff.br
- fontsource-m-plus-code-latin/5.0.16/files/m-plus-code-latin-vietnamese-200-normal.woff.gz
- fontsource-m-plus-code-latin/5.0.16/files/m-plus-code-latin-vietnamese-200-normal.woff2
- fontsource-m-plus-code-latin/5.0.16/files/m-plus-code-latin-vietnamese-300-normal.woff.br
- fontsource-m-plus-code-latin/5.0.16/files/m-plus-code-latin-vietnamese-300-normal.woff.gz
- fontsource-m-plus-code-latin/5.0.16/files/m-plus-code-latin-vietnamese-300-normal.woff2
- fontsource-m-plus-code-latin/5.0.16/files/m-plus-code-latin-vietnamese-400-normal.woff.br
- fontsource-m-plus-code-latin/5.0.16/files/m-plus-code-latin-vietnamese-400-normal.woff.gz
- fontsource-m-plus-code-latin/5.0.16/files/m-plus-code-latin-vietnamese-400-normal.woff2
- fontsource-m-plus-code-latin/5.0.16/files/m-plus-code-latin-vietnamese-500-normal.woff.br
- fontsource-m-plus-code-latin/5.0.16/files/m-plus-code-latin-vietnamese-500-normal.woff.gz
- fontsource-m-plus-code-latin/5.0.16/files/m-plus-code-latin-vietnamese-500-normal.woff2
- fontsource-m-plus-code-latin/5.0.16/files/m-plus-code-latin-vietnamese-600-normal.woff.br
- fontsource-m-plus-code-latin/5.0.16/files/m-plus-code-latin-vietnamese-600-normal.woff.gz
- fontsource-m-plus-code-latin/5.0.16/files/m-plus-code-latin-vietnamese-600-normal.woff2
- fontsource-m-plus-code-latin/5.0.16/files/m-plus-code-latin-vietnamese-700-normal.woff.br
- fontsource-m-plus-code-latin/5.0.16/files/m-plus-code-latin-vietnamese-700-normal.woff.gz
- fontsource-m-plus-code-latin/5.0.16/files/m-plus-code-latin-vietnamese-700-normal.woff2
- fontsource-m-plus-code-latin/5.0.16/index.css.br
- fontsource-m-plus-code-latin/5.0.16/index.css.gz
- fontsource-m-plus-code-latin/5.0.16/index.min.css.br
- fontsource-m-plus-code-latin/5.0.16/index.min.css.gz
- fontsource-m-plus-code-latin/5.0.16/latin-100.css.br
- fontsource-m-plus-code-latin/5.0.16/latin-100.css.gz
- fontsource-m-plus-code-latin/5.0.16/latin-100.min.css.br
- fontsource-m-plus-code-latin/5.0.16/latin-100.min.css.gz
- fontsource-m-plus-code-latin/5.0.16/latin-200.css.br
- fontsource-m-plus-code-latin/5.0.16/latin-200.css.gz
- fontsource-m-plus-code-latin/5.0.16/latin-200.min.css.br
- fontsource-m-plus-code-latin/5.0.16/latin-200.min.css.gz
- fontsource-m-plus-code-latin/5.0.16/latin-300.css.br
- fontsource-m-plus-code-latin/5.0.16/latin-300.css.gz
- fontsource-m-plus-code-latin/5.0.16/latin-300.min.css.br
- fontsource-m-plus-code-latin/5.0.16/latin-300.min.css.gz
- fontsource-m-plus-code-latin/5.0.16/latin-400.css.br
- fontsource-m-plus-code-latin/5.0.16/latin-400.css.gz
- fontsource-m-plus-code-latin/5.0.16/latin-400.min.css.br
- fontsource-m-plus-code-latin/5.0.16/latin-400.min.css.gz
- fontsource-m-plus-code-latin/5.0.16/latin-500.css.br
- fontsource-m-plus-code-latin/5.0.16/latin-500.css.gz
- fontsource-m-plus-code-latin/5.0.16/latin-500.min.css.br
- fontsource-m-plus-code-latin/5.0.16/latin-500.min.css.gz
- fontsource-m-plus-code-latin/5.0.16/latin-600.css.br
- fontsource-m-plus-code-latin/5.0.16/latin-600.css.gz
- fontsource-m-plus-code-latin/5.0.16/latin-600.min.css.br
- fontsource-m-plus-code-latin/5.0.16/latin-600.min.css.gz
- fontsource-m-plus-code-latin/5.0.16/latin-700.css.br
- fontsource-m-plus-code-latin/5.0.16/latin-700.css.gz
- fontsource-m-plus-code-latin/5.0.16/latin-700.min.css.br
- fontsource-m-plus-code-latin/5.0.16/latin-700.min.css.gz
- fontsource-m-plus-code-latin/5.0.16/latin-ext-100.css.br
- fontsource-m-plus-code-latin/5.0.16/latin-ext-100.css.gz
- fontsource-m-plus-code-latin/5.0.16/latin-ext-100.min.css.br
- fontsource-m-plus-code-latin/5.0.16/latin-ext-100.min.css.gz
- fontsource-m-plus-code-latin/5.0.16/latin-ext-200.css.br
- fontsource-m-plus-code-latin/5.0.16/latin-ext-200.css.gz
- fontsource-m-plus-code-latin/5.0.16/latin-ext-200.min.css.br
- fontsource-m-plus-code-latin/5.0.16/latin-ext-200.min.css.gz
- fontsource-m-plus-code-latin/5.0.16/latin-ext-300.css.br
- fontsource-m-plus-code-latin/5.0.16/latin-ext-300.css.gz
- fontsource-m-plus-code-latin/5.0.16/latin-ext-300.min.css.br
- fontsource-m-plus-code-latin/5.0.16/latin-ext-300.min.css.gz
- fontsource-m-plus-code-latin/5.0.16/latin-ext-400.css.br
- fontsource-m-plus-code-latin/5.0.16/latin-ext-400.css.gz
- fontsource-m-plus-code-latin/5.0.16/latin-ext-400.min.css.br
- fontsource-m-plus-code-latin/5.0.16/latin-ext-400.min.css.gz
- fontsource-m-plus-code-latin/5.0.16/latin-ext-500.css.br
- fontsource-m-plus-code-latin/5.0.16/latin-ext-500.css.gz
- fontsource-m-plus-code-latin/5.0.16/latin-ext-500.min.css.br
- fontsource-m-plus-code-latin/5.0.16/latin-ext-500.min.css.gz
- fontsource-m-plus-code-latin/5.0.16/latin-ext-600.css.br
- fontsource-m-plus-code-latin/5.0.16/latin-ext-600.css.gz
- fontsource-m-plus-code-latin/5.0.16/latin-ext-600.min.css.br
- fontsource-m-plus-code-latin/5.0.16/latin-ext-600.min.css.gz
- fontsource-m-plus-code-latin/5.0.16/latin-ext-700.css.br
- fontsource-m-plus-code-latin/5.0.16/latin-ext-700.css.gz
- fontsource-m-plus-code-latin/5.0.16/latin-ext-700.min.css.br
- fontsource-m-plus-code-latin/5.0.16/latin-ext-700.min.css.gz
- fontsource-m-plus-code-latin/5.0.16/latin-ext.css.br
- fontsource-m-plus-code-latin/5.0.16/latin-ext.css.gz
- fontsource-m-plus-code-latin/5.0.16/latin-ext.min.css.br
- fontsource-m-plus-code-latin/5.0.16/latin-ext.min.css.gz
- fontsource-m-plus-code-latin/5.0.16/latin.css.br
- fontsource-m-plus-code-latin/5.0.16/latin.css.gz
- fontsource-m-plus-code-latin/5.0.16/latin.min.css.br
- fontsource-m-plus-code-latin/5.0.16/latin.min.css.gz
- fontsource-m-plus-code-latin/5.0.16/vietnamese-100.css.br
- fontsource-m-plus-code-latin/5.0.16/vietnamese-100.css.gz
- fontsource-m-plus-code-latin/5.0.16/vietnamese-100.min.css.br
- fontsource-m-plus-code-latin/5.0.16/vietnamese-100.min.css.gz
- fontsource-m-plus-code-latin/5.0.16/vietnamese-200.css.br
- fontsource-m-plus-code-latin/5.0.16/vietnamese-200.css.gz
- fontsource-m-plus-code-latin/5.0.16/vietnamese-200.min.css.br
- fontsource-m-plus-code-latin/5.0.16/vietnamese-200.min.css.gz
- fontsource-m-plus-code-latin/5.0.16/vietnamese-300.css.br
- fontsource-m-plus-code-latin/5.0.16/vietnamese-300.css.gz
- fontsource-m-plus-code-latin/5.0.16/vietnamese-300.min.css.br
- fontsource-m-plus-code-latin/5.0.16/vietnamese-300.min.css.gz
- fontsource-m-plus-code-latin/5.0.16/vietnamese-400.css.br
- fontsource-m-plus-code-latin/5.0.16/vietnamese-400.css.gz
- fontsource-m-plus-code-latin/5.0.16/vietnamese-400.min.css.br
- fontsource-m-plus-code-latin/5.0.16/vietnamese-400.min.css.gz
- fontsource-m-plus-code-latin/5.0.16/vietnamese-500.css.br
- fontsource-m-plus-code-latin/5.0.16/vietnamese-500.css.gz
- fontsource-m-plus-code-latin/5.0.16/vietnamese-500.min.css.br
- fontsource-m-plus-code-latin/5.0.16/vietnamese-500.min.css.gz
- fontsource-m-plus-code-latin/5.0.16/vietnamese-600.css.br
- fontsource-m-plus-code-latin/5.0.16/vietnamese-600.css.gz
- fontsource-m-plus-code-latin/5.0.16/vietnamese-600.min.css.br
- fontsource-m-plus-code-latin/5.0.16/vietnamese-600.min.css.gz
- fontsource-m-plus-code-latin/5.0.16/vietnamese-700.css.br
- fontsource-m-plus-code-latin/5.0.16/vietnamese-700.css.gz
- fontsource-m-plus-code-latin/5.0.16/vietnamese-700.min.css.br
- fontsource-m-plus-code-latin/5.0.16/vietnamese-700.min.css.gz
- fontsource-m-plus-code-latin/5.0.16/vietnamese.css.br
- fontsource-m-plus-code-latin/5.0.16/vietnamese.css.gz
- fontsource-m-plus-code-latin/5.0.16/vietnamese.min.css.br
- fontsource-m-plus-code-latin/5.0.16/vietnamese.min.css.gz
SRIs:
- fontsource-m-plus-code-latin/5.0.16/vietnamese-100.min.css: sha512-kcVSF3WY4I3gzOWBFRgKYkJ2akzftVG7Jh+WJnBxa7GVDvttTu0x7KF7awVw9NaOS/GVWsjS453XGS4sAG6QJQ==
- fontsource-m-plus-code-latin/5.0.16/vietnamese-200.css: sha512-kCdlW9CkGaPOeFHQsLnY/3kJLHuIIbK/L0JCnSWwRKGDb6NiF7h65h5sbw4lUoDjULUCsBziB2+2BDg5HtSSmg==
- fontsource-m-plus-code-latin/5.0.16/index.css: sha512-sHCuVs2keaDqZoAaIkQsB4ak7KrMktK3Q69fRTANWDXsgjp1RNTT9hG39+UAwMKiuyOU3RtQEaTMYmQgEdnt7Q==
- fontsource-m-plus-code-latin/5.0.16/latin-ext-600.css: sha512-dJx/3KyG3Yy2toGOUQEAm75udKr8B09aZHo5yWtbHqXgcUAV1njNRl1YXjDij1pAVVN+rNgt3bzKINXQP3nWdw==
- fontsource-m-plus-code-latin/5.0.16/latin-300.css: sha512-cIrNFxd+rufOw3ZBEGhsxomp+iy3gQ/a+39dAVU/W1YkTImtJm+EMDsshM5CsmMsDdFwtV350nCXAlr2XwYcPg==
- fontsource-m-plus-code-latin/5.0.16/latin-100.min.css: sha512-AI8iktkeEPQcNfcEOuSUD81XY/j5+yTeoLUWrv2KpmYAyjakK1cumUqSv22Cs4rk545ksIeQmgdgE3mkLzi4rg==
- fontsource-m-plus-code-latin/5.0.16/latin-ext-100.min.css: sha512-cou0SFafX49V7RIDavox5CyB6GiapatDcELbq6mFDcpBmlKVUpu7PGsOFN0K9iNG5UsBWP7fX11TNi5rzikA1g==
- fontsource-m-plus-code-latin/5.0.16/latin-ext-500.min.css: sha512-GIdi2ivNs2gsjQvsWuYn8whsTR8PI2cI/t63uRVSrZrCTAGSJfsZ2UZZyViRNg6jNpXiBnsh/jgq2l275uqNgg==
- fontsource-m-plus-code-latin/5.0.16/latin.min.css: sha512-/UsYSsTW4m1huZDHQgQhw8ORxtUsOOZa+mhSFVFEzZqAuw8I++uJmC9GUlN901TI5iuktSO8Agdjq0hqi80UFA==
- fontsource-m-plus-code-latin/5.0.16/vietnamese.min.css: sha512-GoX30IklikYKbb7b8tSMlcRcuc9R52+EeoCZ8llcGUdSQ7IINycwo2iilSFG+rBvFaJIoo8Hf7ns3Xy9xW+4Yg==
- fontsource-m-plus-code-latin/5.0.16/400.css: sha512-sHCuVs2keaDqZoAaIkQsB4ak7KrMktK3Q69fRTANWDXsgjp1RNTT9hG39+UAwMKiuyOU3RtQEaTMYmQgEdnt7Q==
- fontsource-m-plus-code-latin/5.0.16/500.css: sha512-73rD9CpIBLxP9ZNSyBFaX3FjN/UjpdGuvMgnWkx7ONOV0mcr1dUSEFuKf14T8IwSq5c+ubMiHhTOLx7cDbl7Zw==
- fontsource-m-plus-code-latin/5.0.16/latin-ext-300.css: sha512-kmvFmvZaacTtBI+QDGBfQzp8dHRXa1ehBaqO9oYvwhf/CQDArGMUdgYIyJxSqtx83/GHBrQdLbUPRmoEHdefnQ==
- fontsource-m-plus-code-latin/5.0.16/vietnamese-600.css: sha512-BkrTTn06bB02Zw/ylrKamvCKGJZmLLFO+yDuJGDKdd+ySDMlB9oBCArDSVkVCpyXozxm1US431TW4KCT2pgh7g==
- fontsource-m-plus-code-latin/5.0.16/300.min.css: sha512-teDYrp7kYdzTIxlmx86eG14GRzQWET7eHimcN4KgZC/V1Io388Pf26vCqqPKM5IP0eQ07hhxJjXdMKCTo/jxrA==
- fontsource-m-plus-code-latin/5.0.16/latin-ext-200.min.css: sha512-9mtY0T0hXWV+9cE6NRgYEKMv/5UC8TaRZm6PEzq6q7y4FKr4CH9mW6j6RU3yw77h9Z1q2/vHhKLlZ7JNgRYiNw==
- fontsource-m-plus-code-latin/5.0.16/latin-ext-300.min.css: sha512-Q3YBGgSSvm+mnOMf5oh1R3H6xG9r7o3gyFL4Xigk3oWRtrNJQKb2fUUeCu87QF34Uu285edeT7iAQotCBSmWTQ==
- fontsource-m-plus-code-latin/5.0.16/latin-ext-400.min.css: sha512-7uK8mff/bihXN1FgJVlmJuIYqNMU9lZWa4c6FdfIPq5OOZrVUTu3833+eyeknRB7xE3qx/vd3k5gdSfdybi/0Q==
- fontsource-m-plus-code-latin/5.0.16/index.min.css: sha512-VvivoKJ4+baAEBIXf8JXXhzXU/JpNGxFBpqynZtz9ktuTTjAlXfB4FNbg6fOZUe5pnG4se+5Un3Mem1V3bRjTA==
- fontsource-m-plus-code-latin/5.0.16/700.css: sha512-88UEpy+a71/4dF6Vt30DjfmtsiX1vabVpkYFB3rWkYCPvM2NxoHWECgFazclucK2K5n3klXjrCvVyoFCj14obw==
- fontsource-m-plus-code-latin/5.0.16/latin-500.min.css: sha512-GPTnIVK/lbMtzq0U6GH0vi/RCKjfGlSygASyPT/EwLf5Eh+YDw7Dv08bjT0tAXiGbgbsnSFtB9TXHNMAF5d0Og==
- fontsource-m-plus-code-latin/5.0.16/latin-600.min.css: sha512-i7tlNfSD7i6mIPGgp1mOpjykXiwY/MNHSzewjiSRro9HOt4/eXt3OjQGl/9adqXIOLaY5oH41Q1T6jCi1BAnbw==
- fontsource-m-plus-code-latin/5.0.16/100.css: sha512-V9sq4j3ciDDciNcaM3zz0GyQcALZh4DUsF9dsFFcTRMSyWU+ohmrUsWm91+yGgwvruWngke8b0tresEnM42Zug==
- fontsource-m-plus-code-latin/5.0.16/600.css: sha512-ogzeHwq9u2KpTmOrVAkf4Z8zk/tt39X6+kLkW0IHYlONh95LNh9YlkAj408gfyOpWSwpbPzt/Q7vyvV5VrRFXw==
- fontsource-m-plus-code-latin/5.0.16/latin-400.css: sha512-Vv59KGCm4D2AJrBrlBItwNlN+ONetF6CQqtxWfR8jf5ZLoZYlB1fHbBWgEJ+YpSqFtI3kotIulFD5e7as0twOg==
- fontsource-m-plus-code-latin/5.0.16/latin-400.min.css: sha512-P/u+FYv4dVNgJl+YX/TaXlCbt/Ba7KpdjF2M9dr1/96LyeLsVQXK1jiBSzuVbv4NgOZ3Y0z1DojBb8krKVBsFQ==
- fontsource-m-plus-code-latin/5.0.16/vietnamese-300.css: sha512-4Do1cDL8E+tbBMs+xfWqves6WMcxn+xqCeQ/6tc/OaLxSGczHreZFIyoz109ohOL2lvHOsKIdyNInCqdud4I0w==
- fontsource-m-plus-code-latin/5.0.16/vietnamese-400.min.css: sha512-upgGFgOgR02E1GGf/raR6F/DNDieW3oK5BFZeOPUnoDdUXYjs13dtrimrosuNPcGrgest3Sho4hdmdCiRayKmg==
- fontsource-m-plus-code-latin/5.0.16/vietnamese-500.min.css: sha512-hhilv2iR1oHXWfjjC8So+leXPS48Rv8d9fW5/1sG9VDM6yRJ5fmbZ39Cc2Yf8oxptQwunVTdfJBF7fIAn9x28g==
- fontsource-m-plus-code-latin/5.0.16/vietnamese.css: sha512-5d3c4QVYEwJsxumhaDr2+dbrPUnAoSDdAJHl4Hap213SeMFOlxfQoSYEjrOynRK8s9zKtc7LyV7R3C6Y0riO/g==
- fontsource-m-plus-code-latin/5.0.16/500.min.css: sha512-PE2E15B16BeE8aLTPIs+GzSDFslz9u+tBdTMJtDXfmlICkF6rx4qzkvM+SuvObFkdppGr/gdpeosWJRJKr2bqg==
- fontsource-m-plus-code-latin/5.0.16/vietnamese-300.min.css: sha512-GAqyWyEV7/CO1HwQLgFdmUnJ42dE+r3dwPgEZ4j1xEt07ZIlfeUBLH2CS+/+g096MjfRvYhT/e/4vGwy1EcEKQ==
- fontsource-m-plus-code-latin/5.0.16/latin-ext-200.css: sha512-e65a/PKt2MahEwznP0TDu+vjhsipqlEb48WsmUMfyVB3AAGLlBi4GvTR1kzsiVCudjNfVGuxCDi1j6E3BKsm0w==
- fontsource-m-plus-code-latin/5.0.16/latin-600.css: sha512-D0Y5J5nGeu1KJ17azXJPKXjlb3DlgcdWHxLUv3ieFwU37qNdyGptO6/XU/7a96XRyESyFLcDCKBj5m3usOYVRA==
- fontsource-m-plus-code-latin/5.0.16/latin.css: sha512-4XK7jixghED+8nfwh5VMv4o+b2YY7S2uwO8J4un+9AzbBJiNvxUzv2Ys9VpD2GtUUh7+SqB/Ks1vlnRpNkNAAQ==
- fontsource-m-plus-code-latin/5.0.16/vietnamese-400.css: sha512-SITcWlWEAcOCgVQYCmZ3hIJrJa4n5y9/QWfFMLzd0ymv8oTN3ee4xCBPxajlSrcJe/UOcTeQ8qZDISR0r9F5qA==
- fontsource-m-plus-code-latin/5.0.16/200.css: sha512-+ixdOWWmLkJh/6E7U9bKPNNclumtJdcZfcNE7/rdFnk3JCbQAwvuCr5MKrtJtbz2eH52qUzSRAyquR54SrJzSg==
- fontsource-m-plus-code-latin/5.0.16/700.min.css: sha512-jdi1p2uZu5Pl37RUzZG5/mRamTugsLMQvzMLSjgQsUa3HiBWCbPP1zRBfnzpj08/g7yYz3uJMVq4AL0phps+Qg==
- fontsource-m-plus-code-latin/5.0.16/latin-ext-100.css: sha512-jA7D+46jGZkGkOT5P6EEqGgb6c3UflCu5zOW5ov7+NPj6ENGdluc2VyIUVNYy0tVOaFYj14PbDHYAx1KQmScsQ==
- fontsource-m-plus-code-latin/5.0.16/vietnamese-500.css: sha512-+rLCWmsYURQDZTnYX4hTrklSzL9OWPSAUX8X6ClLfLo0I+8t9VrLkZTqW2MpwUF+VsPZM3j3vkyRGvGmzQjzvA==
- fontsource-m-plus-code-latin/5.0.16/200.min.css: sha512-ECxO54xluX43phNt93kNvI23ZSXdBVKFivTfn6M3fPT1gxn+ty7Cifb6a8WoVQKsp9qpnEFJF50a0ExfnT6bqw==
- fontsource-m-plus-code-latin/5.0.16/latin-200.min.css: sha512-NEPa8UQ0baTJvcxHGrqCYnS/zHjhpibq8LoL4/4wT/yo3lsdbzcJ16wf45Q6ICB31sVKAMbVPYG4wNWn95LFlA==
- fontsource-m-plus-code-latin/5.0.16/latin-ext-400.css: sha512-qVWgcyTtERWrfYVEfBuooylG3YRx7AkeQArL9KryD9k+uolMqhRGUu7j5WgxaIJ7dQ90nRLkalfS91+eLWSd2Q==
- fontsource-m-plus-code-latin/5.0.16/latin-ext-600.min.css: sha512-5Zt1m3lkayhcQu4xZpLl9zNg7FSBFn7cZD5bBWbj12LO1NrTDRvPSmlfopDnCMVLPzQakIct5fmL6E3gvKQEyg==
- fontsource-m-plus-code-latin/5.0.16/latin-ext.min.css: sha512-4eqiZKAaJ3T6k6qiIgmUVJ0ev8WZdyPBJzMrGyoNb4yhROStCG83Vgdy/cNCAFpoJqbt7e3GM16MgS3IXiAODA==
- fontsource-m-plus-code-latin/5.0.16/vietnamese-600.min.css: sha512-VfLAgEwqVemEbwmCCwNUstTDiDlZTbkchFlGlYQ8n1Agx5OV95M0hJr0bZNL5OLm4LLkNA5rQepXScxoTIXzYA==
- fontsource-m-plus-code-latin/5.0.16/600.min.css: sha512-OsEzcV1buhpVIew2MXUADvBMuzvcOrwK32rpLUYortKvXVTqxhmiCxVlQhgqvPDFCYnXBulprhLDi+KQqQuR7g==
- fontsource-m-plus-code-latin/5.0.16/latin-100.css: sha512-BxIZrKOgQQ3+o+nVB0wZap+OkW/1egvs7Lzjxr3m/wIP+QDPrUz/EhCAq9VGabPE9uQTpwbjhixiPE57ZrPI0g==
- fontsource-m-plus-code-latin/5.0.16/latin-200.css: sha512-qr4Y43tVS5Y8Y2LXbAPh1DCeX82vPv6qonSO1dT1uJLdPLFiby4S62R64KE0uhYtxTF/ba1YgA3ieLOcvarb0g==
- fontsource-m-plus-code-latin/5.0.16/vietnamese-700.css: sha512-8i11ppxMtslTD4/uDZzTLYLuGwmSGvz6MWYLWJsj6NheJ+AGNy/s+wCf4plNMpTGBZdqNss0/+TQEiYHXZstng==
- fontsource-m-plus-code-latin/5.0.16/300.css: sha512-/dTd3B00ul29LE3qqD1TIA/aZSoKaCoPCSSKrh16R08J/PUkzWjJ+JeLS2QVJfVHnjnFlBM+d5M6g1EHe1IDZQ==
- fontsource-m-plus-code-latin/5.0.16/400.min.css: sha512-VvivoKJ4+baAEBIXf8JXXhzXU/JpNGxFBpqynZtz9ktuTTjAlXfB4FNbg6fOZUe5pnG4se+5Un3Mem1V3bRjTA==
- fontsource-m-plus-code-latin/5.0.16/latin-500.css: sha512-voamFRA+BKBd4LgboSU3UYvPrTFGAy7/mL+72yRKzxDZziquhYBGIkS+W05n2pfK5z/2iPlQQsGW/oDQztBJ4g==
- fontsource-m-plus-code-latin/5.0.16/latin-700.css: sha512-jx0e1XKKqfoCgg9gdaK6LnPDy9nbsHI7lNhXBPZ/5UUo9Bb2Cep98HxitnObdnkPbcBXGIsaPUZ+qSTha5gCoQ==
- fontsource-m-plus-code-latin/5.0.16/latin-ext-500.css: sha512-NMH0Uri/zL5Bd++D2vQSS8YzKJAGUgSmr2d25gsmGVjOaea7zI/w3m2/nNJLnrLVwY0zTmFkaNq6KC1geVe7XA==
- fontsource-m-plus-code-latin/5.0.16/vietnamese-100.css: sha512-XJcRNAwlrZ0U7nz5Re1Cd6KKs+68qgfjKfjITuTQRcz2S50Jewx4NJQhobBAB+BVdsY2Z9ojo36skJAWucaFcg==
- fontsource-m-plus-code-latin/5.0.16/vietnamese-700.min.css: sha512-6mwdqYurlbRcXgkm0MJrwe8HiWnxTRaNHMhZ0eNBLeDyvfIObGIBO8JqQlCTWNg9THR3iUZyfgDyWM2INT2LlQ==
- fontsource-m-plus-code-latin/5.0.16/100.min.css: sha512-ZOyryHRMrpFya9UnacaZy7byUNYTS8XXnwA89p9RiBP9JkEISoh4g8OekTOn6pMPxVInocx9FpRuFV+93FuG/w==
- fontsource-m-plus-code-latin/5.0.16/latin-700.min.css: sha512-znS8bJ1KoKTNKB7kHkin5qEesI0/zKyY2pzpldwFhAF229a+Y7CG1vAIcmTxpXSDGBeN/SLcuGbAIQw6ZqXlJw==
- fontsource-m-plus-code-latin/5.0.16/latin-ext-700.css: sha512-zqCvygyPq12YE9DPjhJpYvQM62hfCQJeGIuAuKP7GUHFTQOZVgfzhHj8R9DiDkq27Ia1x5RyngNLPQckbbDnNw==
- fontsource-m-plus-code-latin/5.0.16/latin-ext.css: sha512-+F1W5uGLMIHnVhhU2+d4na1lIaVFeRZNJBJB0+hkfpmxrSpZPWniP8/215UA1qx9IiS/3S/ue1zfY3tGiqqxzQ==
- fontsource-m-plus-code-latin/5.0.16/latin-300.min.css: sha512-payG6d6CEbwlXioj83jHXHPL/dL4twn4g/TpIkxpv7k89ecZv9Rai6h1BWh0a59mjf+Xp082MJEhcMmXHEWJrw==
- fontsource-m-plus-code-latin/5.0.16/vietnamese-200.min.css: sha512-TbBrRXBTUkPWJPFTN4FFRnTaCuI4otS6GChPaO6fw7GpfdnhBd1qd9Lr5UIrQ1CidZRy4Kf/cLHjNAcyrGj4Xw==
- fontsource-m-plus-code-latin/5.0.16/latin-ext-700.min.css: sha512-2kisseXKmffmnbJui08kE5XLZxmTlKEBxWJS+l4jIAEQuFygO6v4GuFADGR+Nzy+pP4FYhdaGWv74EsFqFqT9A==
