Files:
- fontsource-besley/5.0.7/400-italic.css.br
- fontsource-besley/5.0.7/400-italic.min.css.br
- fontsource-besley/5.0.7/400.css.br
- fontsource-besley/5.0.7/400.min.css.br
- fontsource-besley/5.0.7/500-italic.css.br
- fontsource-besley/5.0.7/500-italic.min.css.br
- fontsource-besley/5.0.7/500.css.br
- fontsource-besley/5.0.7/500.min.css.br
- fontsource-besley/5.0.7/600-italic.css.br
- fontsource-besley/5.0.7/600-italic.min.css.br
- fontsource-besley/5.0.7/600.css.br
- fontsource-besley/5.0.7/600.min.css.br
- fontsource-besley/5.0.7/700-italic.css.br
- fontsource-besley/5.0.7/700-italic.min.css.br
- fontsource-besley/5.0.7/700.css.br
- fontsource-besley/5.0.7/700.min.css.br
- fontsource-besley/5.0.7/800-italic.css.br
- fontsource-besley/5.0.7/800-italic.min.css.br
- fontsource-besley/5.0.7/800.css.br
- fontsource-besley/5.0.7/800.min.css.br
- fontsource-besley/5.0.7/900-italic.css.br
- fontsource-besley/5.0.7/900-italic.min.css.br
- fontsource-besley/5.0.7/900.css.br
- fontsource-besley/5.0.7/900.min.css.br
- fontsource-besley/5.0.7/files/besley-latin-400-italic.woff.br
- fontsource-besley/5.0.7/files/besley-latin-400-normal.woff.br
- fontsource-besley/5.0.7/files/besley-latin-500-italic.woff.br
- fontsource-besley/5.0.7/files/besley-latin-500-normal.woff.br
- fontsource-besley/5.0.7/files/besley-latin-600-italic.woff.br
- fontsource-besley/5.0.7/files/besley-latin-600-normal.woff.br
- fontsource-besley/5.0.7/files/besley-latin-700-italic.woff.br
- fontsource-besley/5.0.7/files/besley-latin-700-normal.woff.br
- fontsource-besley/5.0.7/files/besley-latin-800-italic.woff.br
- fontsource-besley/5.0.7/files/besley-latin-800-normal.woff.br
- fontsource-besley/5.0.7/files/besley-latin-900-italic.woff.br
- fontsource-besley/5.0.7/files/besley-latin-900-normal.woff.br
- fontsource-besley/5.0.7/files/besley-latin-ext-400-italic.woff.br
- fontsource-besley/5.0.7/files/besley-latin-ext-400-normal.woff.br
- fontsource-besley/5.0.7/files/besley-latin-ext-500-italic.woff.br
- fontsource-besley/5.0.7/files/besley-latin-ext-500-normal.woff.br
- fontsource-besley/5.0.7/files/besley-latin-ext-600-italic.woff.br
- fontsource-besley/5.0.7/files/besley-latin-ext-600-normal.woff.br
- fontsource-besley/5.0.7/files/besley-latin-ext-700-italic.woff.br
- fontsource-besley/5.0.7/files/besley-latin-ext-700-normal.woff.br
- fontsource-besley/5.0.7/files/besley-latin-ext-800-italic.woff.br
- fontsource-besley/5.0.7/files/besley-latin-ext-800-normal.woff.br
- fontsource-besley/5.0.7/files/besley-latin-ext-900-italic.woff.br
- fontsource-besley/5.0.7/files/besley-latin-ext-900-normal.woff.br
- fontsource-besley/5.0.7/index.css.br
- fontsource-besley/5.0.7/index.min.css.br
- fontsource-besley/5.0.7/latin-400-italic.css.br
- fontsource-besley/5.0.7/latin-400-italic.min.css.br
- fontsource-besley/5.0.7/latin-400.css.br
- fontsource-besley/5.0.7/latin-400.min.css.br
- fontsource-besley/5.0.7/latin-500-italic.css.br
- fontsource-besley/5.0.7/latin-500-italic.min.css.br
- fontsource-besley/5.0.7/latin-500.css.br
- fontsource-besley/5.0.7/latin-500.min.css.br
- fontsource-besley/5.0.7/latin-600-italic.css.br
- fontsource-besley/5.0.7/latin-600-italic.min.css.br
- fontsource-besley/5.0.7/latin-600.css.br
- fontsource-besley/5.0.7/latin-600.min.css.br
- fontsource-besley/5.0.7/latin-700-italic.css.br
- fontsource-besley/5.0.7/latin-700-italic.min.css.br
- fontsource-besley/5.0.7/latin-700.css.br
- fontsource-besley/5.0.7/latin-700.min.css.br
- fontsource-besley/5.0.7/latin-800-italic.css.br
- fontsource-besley/5.0.7/latin-800-italic.min.css.br
- fontsource-besley/5.0.7/latin-800.css.br
- fontsource-besley/5.0.7/latin-800.min.css.br
- fontsource-besley/5.0.7/latin-900-italic.css.br
- fontsource-besley/5.0.7/latin-900-italic.min.css.br
- fontsource-besley/5.0.7/latin-900.css.br
- fontsource-besley/5.0.7/latin-900.min.css.br
- fontsource-besley/5.0.7/latin-ext-400-italic.css.br
- fontsource-besley/5.0.7/latin-ext-400-italic.min.css.br
- fontsource-besley/5.0.7/latin-ext-400.css.br
- fontsource-besley/5.0.7/latin-ext-400.min.css.br
- fontsource-besley/5.0.7/latin-ext-500-italic.css.br
- fontsource-besley/5.0.7/latin-ext-500-italic.min.css.br
- fontsource-besley/5.0.7/latin-ext-500.css.br
- fontsource-besley/5.0.7/latin-ext-500.min.css.br
- fontsource-besley/5.0.7/latin-ext-600-italic.css.br
- fontsource-besley/5.0.7/latin-ext-600-italic.min.css.br
- fontsource-besley/5.0.7/latin-ext-600.css.br
- fontsource-besley/5.0.7/latin-ext-600.min.css.br
- fontsource-besley/5.0.7/latin-ext-700-italic.css.br
- fontsource-besley/5.0.7/latin-ext-700-italic.min.css.br
- fontsource-besley/5.0.7/latin-ext-700.css.br
- fontsource-besley/5.0.7/latin-ext-700.min.css.br
- fontsource-besley/5.0.7/latin-ext-800-italic.css.br
- fontsource-besley/5.0.7/latin-ext-800-italic.min.css.br
- fontsource-besley/5.0.7/latin-ext-800.css.br
- fontsource-besley/5.0.7/latin-ext-800.min.css.br
- fontsource-besley/5.0.7/latin-ext-900-italic.css.br
- fontsource-besley/5.0.7/latin-ext-900-italic.min.css.br
- fontsource-besley/5.0.7/latin-ext-900.css.br
- fontsource-besley/5.0.7/latin-ext-900.min.css.br
- fontsource-besley/5.0.7/latin-ext-italic.css.br
- fontsource-besley/5.0.7/latin-ext-italic.min.css.br
- fontsource-besley/5.0.7/latin-ext.css.br
- fontsource-besley/5.0.7/latin-ext.min.css.br
- fontsource-besley/5.0.7/latin-italic.css.br
- fontsource-besley/5.0.7/latin-italic.min.css.br
- fontsource-besley/5.0.7/latin.css.br
- fontsource-besley/5.0.7/latin.min.css.br
