Files:
- fontsource-noto-sans-linear-b/5.0.5/400.css.br
- fontsource-noto-sans-linear-b/5.0.5/400.css.gz
- fontsource-noto-sans-linear-b/5.0.5/400.min.css.br
- fontsource-noto-sans-linear-b/5.0.5/400.min.css.gz
- fontsource-noto-sans-linear-b/5.0.5/files/noto-sans-linear-b-linear-b-400-normal.woff.br
- fontsource-noto-sans-linear-b/5.0.5/files/noto-sans-linear-b-linear-b-400-normal.woff.gz
- fontsource-noto-sans-linear-b/5.0.5/files/noto-sans-linear-b-linear-b-400-normal.woff2
- fontsource-noto-sans-linear-b/5.0.5/index.css.br
- fontsource-noto-sans-linear-b/5.0.5/index.css.gz
- fontsource-noto-sans-linear-b/5.0.5/index.min.css.br
- fontsource-noto-sans-linear-b/5.0.5/index.min.css.gz
- fontsource-noto-sans-linear-b/5.0.5/linear-b-400.css.br
- fontsource-noto-sans-linear-b/5.0.5/linear-b-400.css.gz
- fontsource-noto-sans-linear-b/5.0.5/linear-b-400.min.css.br
- fontsource-noto-sans-linear-b/5.0.5/linear-b-400.min.css.gz
- fontsource-noto-sans-linear-b/5.0.5/linear-b.css.br
- fontsource-noto-sans-linear-b/5.0.5/linear-b.css.gz
- fontsource-noto-sans-linear-b/5.0.5/linear-b.min.css.br
- fontsource-noto-sans-linear-b/5.0.5/linear-b.min.css.gz
