config: {"autoupdate":{"source":"npm","target":"ember-source","fileMap":[{"basePath":"dist","files":["ember*.@(js|map)"]}]},"description":"Ember is a JavaScript framework for creating ambitious web applications that eliminates boilerplate and provides a standard application architecture.","filename":"ember.debug.js","homepage":"http://emberjs.com/","keywords":["ember","ember.js"],"license":"MIT","name":"ember.js","repository":{"type":"git","url":"https://github.com/emberjs/ember.js"}}
KV keys:
- ember.js/3.28.12/ember-template-compiler.js.br
- ember.js/3.28.12/ember-template-compiler.js.gz
- ember.js/3.28.12/ember-template-compiler.map.br
- ember.js/3.28.12/ember-template-compiler.map.gz
- ember.js/3.28.12/ember-template-compiler.min.js.br
- ember.js/3.28.12/ember-template-compiler.min.js.gz
- ember.js/3.28.12/ember-testing.js.br
- ember.js/3.28.12/ember-testing.js.gz
- ember.js/3.28.12/ember-testing.map.br
- ember.js/3.28.12/ember-testing.map.gz
- ember.js/3.28.12/ember-testing.min.js.br
- ember.js/3.28.12/ember-testing.min.js.gz
- ember.js/3.28.12/ember.debug.js.br
- ember.js/3.28.12/ember.debug.js.gz
- ember.js/3.28.12/ember.debug.map.br
- ember.js/3.28.12/ember.debug.map.gz
- ember.js/3.28.12/ember.debug.min.js.br
- ember.js/3.28.12/ember.debug.min.js.gz
SRIs:
- ember.js/3.28.12/ember-testing.js: sha512-TvXmHYY6CIe2yDrD+verhUgN7zdpGBGjW+Ep46H3GrM7KGLLvidmnBD3E45RlTpA1VnBt9GTFOJU7zeUXGo1VA==
- ember.js/3.28.12/ember-testing.min.js: sha512-wDks1ab7t9ZCj2yRBZIEq986AaTelWzg4IcVdtoidk3tL9waloUGDsj8xrzWTFzE/2dZcUhrGKP2YGM1nMntPA==
- ember.js/3.28.12/ember.debug.js: sha512-SH9IddGo9sXHfWJHhyiQWqiMFzvy4aK9GlOcY+1P1lCaqR7cdE56XZSQMIImoHHkzV0fD6kl58v/YW1dj28HGw==
- ember.js/3.28.12/ember.debug.min.js: sha512-34W8jsbAueJC90YPt2sN0CSeSUU3DGtbeQvMCE+neAoKLE+WvBvsO7mLEeyKxWpC4M3S0lrfNEcvsy3CpzB/sg==
- ember.js/3.28.12/ember-template-compiler.js: sha512-tnzwUsQR4GMP8k6njAg6J9noOKqCUqgIN3LG8iby24kBkxPma/kueRNeArbofeNH8JRdGbhKpFLt/nAHwRPAOA==
- ember.js/3.28.12/ember-template-compiler.min.js: sha512-sgaVsERXyD7fV3AfjlwtH/cQqCVFNdF3dSWx7mEaZ+ReOMX6IgH9iYkT1oYFH+qIfx99Ps/qyzjCBFGcgwd/pw==
