config: {"authors":[{"name":"Vladimir Mandic","email":"mandic00@live.com","url":"https://github.com/vladmandic"}],"autoupdate":{"source":"npm","target":"@vladmandic/human","fileMap":[{"basePath":"dist","files":["*.js?(.map)"]}]},"description":"Human: AI-powered 3D Face Detection, Face Description \u0026 Recognition, Body Pose Tracking, Hand \u0026 Finger Tracking, Iris Analysis, Age \u0026 Gender \u0026 Emotion Prediction \u0026 Gesture Recognition","filename":"human.js","homepage":"https://vladmandic.github.io/human/demo/index.html","keywords":["human","face-api","face-detection","face-geometry","face-embedding","face-recognition","face-description","body-tracking","hand-tracking","iris-tracking","age-estimation","emotion-detection","gender-prediction","gesture-recognition","age-gender","faceapi","face","person","tensorflowjs","tfjs","tensorflow"],"license":"MIT","name":"human","repository":{"type":"git","url":"git+https://github.com/vladmandic/human.git"},"author":"Vladimir Mandic \u003cmandic00@live.com\u003e (https://github.com/vladmandic)"}
KV keys:
- human/3.0.3/human.esm-nobundle.js.br
- human/3.0.3/human.esm-nobundle.js.gz
- human/3.0.3/human.esm-nobundle.min.js.br
- human/3.0.3/human.esm-nobundle.min.js.gz
- human/3.0.3/human.esm.js.br
- human/3.0.3/human.esm.js.gz
- human/3.0.3/human.esm.js.map.br
- human/3.0.3/human.esm.js.map.gz
- human/3.0.3/human.esm.min.js.br
- human/3.0.3/human.esm.min.js.gz
- human/3.0.3/human.js.br
- human/3.0.3/human.js.gz
- human/3.0.3/human.min.js.br
- human/3.0.3/human.min.js.gz
- human/3.0.3/human.node-gpu.js.br
- human/3.0.3/human.node-gpu.js.gz
- human/3.0.3/human.node-gpu.min.js.br
- human/3.0.3/human.node-gpu.min.js.gz
- human/3.0.3/human.node-wasm.js.br
- human/3.0.3/human.node-wasm.js.gz
- human/3.0.3/human.node-wasm.min.js.br
- human/3.0.3/human.node-wasm.min.js.gz
- human/3.0.3/human.node.js.br
- human/3.0.3/human.node.js.gz
- human/3.0.3/human.node.min.js.br
- human/3.0.3/human.node.min.js.gz
- human/3.0.3/tfjs.esm.js.br
- human/3.0.3/tfjs.esm.js.gz
- human/3.0.3/tfjs.esm.min.js.br
- human/3.0.3/tfjs.esm.min.js.gz
- human/3.0.3/tfjs.version.js.br
- human/3.0.3/tfjs.version.js.gz
- human/3.0.3/tfjs.version.min.js.br
- human/3.0.3/tfjs.version.min.js.gz
SRIs:
- human/3.0.3/tfjs.esm.min.js: sha512-q5iVyp/rz6QlHZFx0BJTI/YxXWlzAO2b9IlNGBrdahc/WDbqHPyXsJuMGTUPwcI13wTmJe8Ng1TfHgMzDxzC7w==
- human/3.0.3/tfjs.version.js: sha512-CZxtkW020PIuKkt8QrmCiErF8mbBqeaKavT+FkkNs1L43auBk5Lzirt2wLtW0gOq0eZihTlpv7/h2hVowjS9bA==
- human/3.0.3/tfjs.version.min.js: sha512-gVMko3uVFAIb8fC+EOZta1gFnJcgEMPdrEMoQk0MELcwVrh/L3jLYclsGXSCbCMS14DkMSw0TJab0n2LJuXo0w==
- human/3.0.3/human.esm.min.js: sha512-Tr919fJK5TcFJSDPqRwzAqewc30QBBqjSGdnW40AfbUrPE6cLpm3VgLEuSWNeyfGBTgmFK9gbyBffeb4E3Xf8A==
- human/3.0.3/human.node-wasm.min.js: sha512-mbXd/QxcdETW8WqYzHR1qcNqI27tMcu9cfA5te4unb3GuobrNtmzZwtnJU7n432kmydJ2yjWCdTmL5bsM/51Hg==
- human/3.0.3/tfjs.esm.js: sha512-CKVS3ErlT1u/IkoKaO1z3v8SPJlzgwwI5BVxDJcFbpDhIN7K5b0WiFZ7IFANA4Ju822JChF6kWp1oaVLKvO6ww==
- human/3.0.3/human.node.js: sha512-hkftorWe7FNBxm2iPX7SB5g4usjuABvwZ3cW+q8ICFxRIS30EA93yDBtpKffb/HqOVaXnP4+5O7JR91JYxPWrg==
- human/3.0.3/human.node.min.js: sha512-P2kDBlGK8Quu+0i7gbP+ztXDIRiLjtKLzLmjZ6xarB7rghn99+UEvk+JP7/3AoAetZ+xvtCOL+mYWBv21kVYIQ==
- human/3.0.3/human.esm-nobundle.js: sha512-OYZUazzqgglqoLsqXDlBDBq6CNrwGq/V1RIL5dPdUixT31FZg0rZauSn2N181dQ6ggP3246fcfXWzjKdq7Nx7g==
- human/3.0.3/human.min.js: sha512-L/T4bksBEgR5uMDt+u69J18KOG2zQ5sDk2cFrkt+P6jriNJC+X2kigbK3Bb5OaBhtx5l/ObFfmauDoJii3bkEA==
- human/3.0.3/human.node-gpu.js: sha512-P5K72i47BsyQlOBosW9ZnDX0wmSSfVmKKGqT9kbyWrDmjMKtf7ylMDlp9yLwjBCXQ5SBXp8ORy7D7E/SefcXAw==
- human/3.0.3/human.esm.js: sha512-x9d+FH0cHHW4MG49SiBPIPBuMC8wUC5IEH7r3vVnOppuSdOXR9FnjvuGLpImXwqxFSI4rmVMwXRxqZJV7v+Pfg==
- human/3.0.3/human.node-wasm.js: sha512-SqZu6NtEy3LUpRShWASsXgW5KqujPFZoT6qhzFMD+MERdj2h5FphBwAu2y7pNsy197rcPxy4NxCWCgJi3CWGEw==
- human/3.0.3/human.esm-nobundle.min.js: sha512-yM5FcoI5LBl1ZVjtW2jJpuqdxvPMb6yGT0YtnuNfpn9TNdiwA2svqO5Y4yK8cW65PLW2JJMd7UJEpy5Mfi+lZQ==
- human/3.0.3/human.js: sha512-Z8aunQOpkpbJkRv2eAKqCLpzlRuRqzM0Nrjflu9a22qHg28SiLpzeN8qWWSc2GmO4M+SazshfB6pmPv/pgTAGw==
- human/3.0.3/human.node-gpu.min.js: sha512-UrsFqWztNfhrehavZepdH6O7E4nHGsjhL732wqqaXaTEwJRNLsiucvjTs8RxUmGWZnHdV4GBJdryfCVNKItLrw==
