config: {"authors":[{"name":"Pouya Saadeghi"}],"autoupdate":{"source":"npm","target":"daisyui","fileMap":[{"basePath":"dist","files":["*.css"]}]},"description":"Tailwind CSS Components","filename":"full.css","homepage":"https://daisyui.com/","keywords":["design-system","tailwindcss","components","ui-library","component","framework","tailwind","theming","postcss","design","css","ui"],"license":"MIT","name":"daisyui","repository":{"type":"git","url":"https://github.com/saadeghi/daisyui.git"},"author":"Pouya Saadeghi"}
KV keys:
- daisyui/2.50.0/full.css.br
- daisyui/2.50.0/full.css.gz
- daisyui/2.50.0/full.min.css.br
- daisyui/2.50.0/full.min.css.gz
- daisyui/2.50.0/styled.css.br
- daisyui/2.50.0/styled.css.gz
- daisyui/2.50.0/styled.min.css.br
- daisyui/2.50.0/styled.min.css.gz
- daisyui/2.50.0/themes.css.br
- daisyui/2.50.0/themes.css.gz
- daisyui/2.50.0/themes.min.css.br
- daisyui/2.50.0/themes.min.css.gz
- daisyui/2.50.0/unstyled.css.br
- daisyui/2.50.0/unstyled.css.gz
- daisyui/2.50.0/unstyled.min.css.br
- daisyui/2.50.0/unstyled.min.css.gz
SRIs:
- daisyui/2.50.0/styled.min.css: sha512-4NEfBKHwY+b/bGlNevhd2dcgpPXdMYSOoM7gpPQBcxAG8gncm3UW+R8iYhuxxt3oGa+PfIrAibDzej88o7JSmg==
- daisyui/2.50.0/themes.css: sha512-emW211D7YdpqY8Jie/wzHypQ9iXbOJlXdezrg4ldix6KyyjPaWtbC7Kz1dG4DSLRDXXBcJWv7VymkuBq85WLdw==
- daisyui/2.50.0/themes.min.css: sha512-ddj2FH1w8f7U/38eNIxtOUxfgnZ4j8GKfKgMdOv1Ucn1nMt9VN7V11YeWT1X4KXAZB8n+TXAizb6AwqTpfcXYw==
- daisyui/2.50.0/unstyled.css: sha512-PWKlJem2GsIAosL0XCqGUpuwcj6HIZ/Wks6wJiwsodFFuep0VIZAvkylWCx7lOCDM/kPmDaQRNpX2Lm0e/lUgA==
- daisyui/2.50.0/unstyled.min.css: sha512-qMIstXZDvZRskAiVkhPmSDn6c+ZB9LlHlJF2g/5t+KeB9VXVuKLDqKlz9kMB8+G6V0ZSnOVLM0NsjtGzTb8nDQ==
- daisyui/2.50.0/full.css: sha512-D39CsnST6KDWrC6Oqxe7xHbQyP9+7j6a/cqkoFWybCg6CKxznraWG932C8UuT7/HV/K1NHF0EDY9MeCRHVrRRw==
- daisyui/2.50.0/full.min.css: sha512-n8kR3ivyZrgv6mU1t2wtdmEHQEcQaLQ1jRDvvPz5wV+GMwoQe7sRv9y10GPO86whfoTXL5n106jduFN+xoyB+A==
- daisyui/2.50.0/styled.css: sha512-oGaUT+xM0ctPR1/xG8yKoCs2NNuylDXbZ36q7N4vOnWb0nD7XsTi8kj9M0S3dJm6SgQyD2N8RB6yOFLFVZrOig==
