Files:
- fontsource-david-libre/5.0.18/400.css.gz
- fontsource-david-libre/5.0.18/400.min.css.gz
- fontsource-david-libre/5.0.18/500.css.gz
- fontsource-david-libre/5.0.18/500.min.css.gz
- fontsource-david-libre/5.0.18/700.css.gz
- fontsource-david-libre/5.0.18/700.min.css.gz
- fontsource-david-libre/5.0.18/files/david-libre-hebrew-400-normal.woff.gz
- fontsource-david-libre/5.0.18/files/david-libre-hebrew-500-normal.woff.gz
- fontsource-david-libre/5.0.18/files/david-libre-hebrew-700-normal.woff.gz
- fontsource-david-libre/5.0.18/files/david-libre-latin-400-normal.woff.gz
- fontsource-david-libre/5.0.18/files/david-libre-latin-500-normal.woff.gz
- fontsource-david-libre/5.0.18/files/david-libre-latin-700-normal.woff.gz
- fontsource-david-libre/5.0.18/files/david-libre-latin-ext-400-normal.woff.gz
- fontsource-david-libre/5.0.18/files/david-libre-latin-ext-500-normal.woff.gz
- fontsource-david-libre/5.0.18/files/david-libre-latin-ext-700-normal.woff.gz
- fontsource-david-libre/5.0.18/files/david-libre-vietnamese-400-normal.woff.gz
- fontsource-david-libre/5.0.18/files/david-libre-vietnamese-500-normal.woff.gz
- fontsource-david-libre/5.0.18/files/david-libre-vietnamese-700-normal.woff.gz
- fontsource-david-libre/5.0.18/hebrew-400.css.gz
- fontsource-david-libre/5.0.18/hebrew-400.min.css.gz
- fontsource-david-libre/5.0.18/hebrew-500.css.gz
- fontsource-david-libre/5.0.18/hebrew-500.min.css.gz
- fontsource-david-libre/5.0.18/hebrew-700.css.gz
- fontsource-david-libre/5.0.18/hebrew-700.min.css.gz
- fontsource-david-libre/5.0.18/hebrew.css.gz
- fontsource-david-libre/5.0.18/hebrew.min.css.gz
- fontsource-david-libre/5.0.18/index.css.gz
- fontsource-david-libre/5.0.18/index.min.css.gz
- fontsource-david-libre/5.0.18/latin-400.css.gz
- fontsource-david-libre/5.0.18/latin-400.min.css.gz
- fontsource-david-libre/5.0.18/latin-500.css.gz
- fontsource-david-libre/5.0.18/latin-500.min.css.gz
- fontsource-david-libre/5.0.18/latin-700.css.gz
- fontsource-david-libre/5.0.18/latin-700.min.css.gz
- fontsource-david-libre/5.0.18/latin-ext-400.css.gz
- fontsource-david-libre/5.0.18/latin-ext-400.min.css.gz
- fontsource-david-libre/5.0.18/latin-ext-500.css.gz
- fontsource-david-libre/5.0.18/latin-ext-500.min.css.gz
- fontsource-david-libre/5.0.18/latin-ext-700.css.gz
- fontsource-david-libre/5.0.18/latin-ext-700.min.css.gz
- fontsource-david-libre/5.0.18/latin-ext.css.gz
- fontsource-david-libre/5.0.18/latin-ext.min.css.gz
- fontsource-david-libre/5.0.18/latin.css.gz
- fontsource-david-libre/5.0.18/latin.min.css.gz
- fontsource-david-libre/5.0.18/vietnamese-400.css.gz
- fontsource-david-libre/5.0.18/vietnamese-400.min.css.gz
- fontsource-david-libre/5.0.18/vietnamese-500.css.gz
- fontsource-david-libre/5.0.18/vietnamese-500.min.css.gz
- fontsource-david-libre/5.0.18/vietnamese-700.css.gz
- fontsource-david-libre/5.0.18/vietnamese-700.min.css.gz
- fontsource-david-libre/5.0.18/vietnamese.css.gz
- fontsource-david-libre/5.0.18/vietnamese.min.css.gz
