config: {"authors":[{"name":"Tony Tam","email":"fehguy@gmail.com"}],"autoupdate":{"source":"git","target":"git://github.com/swagger-api/swagger-ui.git","fileMap":[{"basePath":"dist","files":["**/swagger-ui*"]}],"ignoreVersions":["v"]},"description":"Swagger UI is a dependency-free collection of HTML, JavaScript, and CSS assets that dynamically generate beautiful documentation from a Swagger-compliant API","filename":"swagger-ui.js","homepage":"http://swagger.io/","keywords":["swagger-ui","library","ajax","framework","toolkit","api"],"license":"Apache-2.0","name":"swagger-ui","repository":{"type":"git","url":"https://github.com/swagger-api/swagger-ui.git"},"author":"Tony Tam \u003cfehguy@gmail.com\u003e"}
KV keys:
- swagger-ui/5.1.2/swagger-ui-bundle.js.br
- swagger-ui/5.1.2/swagger-ui-bundle.js.gz
- swagger-ui/5.1.2/swagger-ui-bundle.js.map.br
- swagger-ui/5.1.2/swagger-ui-bundle.js.map.gz
- swagger-ui/5.1.2/swagger-ui-bundle.min.js.br
- swagger-ui/5.1.2/swagger-ui-bundle.min.js.gz
- swagger-ui/5.1.2/swagger-ui-es-bundle-core.js.br
- swagger-ui/5.1.2/swagger-ui-es-bundle-core.js.gz
- swagger-ui/5.1.2/swagger-ui-es-bundle-core.js.map.br
- swagger-ui/5.1.2/swagger-ui-es-bundle-core.js.map.gz
- swagger-ui/5.1.2/swagger-ui-es-bundle-core.min.js.br
- swagger-ui/5.1.2/swagger-ui-es-bundle-core.min.js.gz
- swagger-ui/5.1.2/swagger-ui-es-bundle.js.br
- swagger-ui/5.1.2/swagger-ui-es-bundle.js.gz
- swagger-ui/5.1.2/swagger-ui-es-bundle.js.map.br
- swagger-ui/5.1.2/swagger-ui-es-bundle.js.map.gz
- swagger-ui/5.1.2/swagger-ui-es-bundle.min.js.br
- swagger-ui/5.1.2/swagger-ui-es-bundle.min.js.gz
- swagger-ui/5.1.2/swagger-ui-standalone-preset.js.br
- swagger-ui/5.1.2/swagger-ui-standalone-preset.js.gz
- swagger-ui/5.1.2/swagger-ui-standalone-preset.js.map.br
- swagger-ui/5.1.2/swagger-ui-standalone-preset.js.map.gz
- swagger-ui/5.1.2/swagger-ui-standalone-preset.min.js.br
- swagger-ui/5.1.2/swagger-ui-standalone-preset.min.js.gz
- swagger-ui/5.1.2/swagger-ui.css.br
- swagger-ui/5.1.2/swagger-ui.css.gz
- swagger-ui/5.1.2/swagger-ui.css.map.br
- swagger-ui/5.1.2/swagger-ui.css.map.gz
- swagger-ui/5.1.2/swagger-ui.js.br
- swagger-ui/5.1.2/swagger-ui.js.gz
- swagger-ui/5.1.2/swagger-ui.js.map.br
- swagger-ui/5.1.2/swagger-ui.js.map.gz
- swagger-ui/5.1.2/swagger-ui.min.css.br
- swagger-ui/5.1.2/swagger-ui.min.css.gz
- swagger-ui/5.1.2/swagger-ui.min.js.br
- swagger-ui/5.1.2/swagger-ui.min.js.gz
SRIs:
- swagger-ui/5.1.2/swagger-ui.js: sha512-yB+ZLIQTHBCGuie4ZZvyDymfO8fbGkmEQf94NrpZw6omnRQAWgQCfJIOdLZ+I5U3g9OT3asaVG3x2vn5TB2eUQ==
- swagger-ui/5.1.2/swagger-ui.min.js: sha512-NxG17VI5F+MSMI2Yh/PM09tCD88PbOCC+8ALgEiEjxMgxB4A+EIsbIJGdWGWU4iwlXWA4zNRPr17zL1Vcu/bcA==
- swagger-ui/5.1.2/swagger-ui-bundle.js: sha512-IHT2Tti5MV/W4tndBeQShdXc1phtmGBe9g2dO39cXzlW/gJNEMuvLunnyH5lD4sK72vSLqcukyYExVIHVcHGoQ==
- swagger-ui/5.1.2/swagger-ui-es-bundle-core.js: sha512-ZU+ZHbAEqZNzOz08Jo3bkNH1wL+LpG8CwFfLuwPQ3T58y6pP7Vxwp7rkaWaa8+q35Y1Q1lEs4vzqcsiECOZ8wA==
- swagger-ui/5.1.2/swagger-ui-es-bundle-core.min.js: sha512-WW+QiQ5mUCUQ01i6tqKyONO9/VeXIcf9YgfsSdVzxpe4cpcbQhTDLl9uCUxsSjptIWE/OLZFsuKYz8UrbfxD2g==
- swagger-ui/5.1.2/swagger-ui-standalone-preset.js: sha512-0ZMvY3N0gMv+2LJRQNJAA+8GAwiw1TMxXDJ/mkgnLnnZ0c+uMUa0rowQRpwlO/34hqWAg1LZbgzEUVo497UrSg==
- swagger-ui/5.1.2/swagger-ui-standalone-preset.min.js: sha512-+UkzxznY/U3XT2WGcVzrUu3MTCRdHwkPlj/euGug2y08jqBKKlKXDIdaEmQWEOtlE44uDrgJ2zm1/xiNOMiW7g==
- swagger-ui/5.1.2/swagger-ui.css: sha512-sgYTxpBWckqYBbs7HbUcAZPpLq2nBqtITfwlXc8tIG+8OgusT3YUwoKIwYYX6vCkNbsknr2FELbgB2sqVe5zZw==
- swagger-ui/5.1.2/swagger-ui-bundle.min.js: sha512-UuoVJf3YEsXPVr6qDLMgAlR9+rZyUdV0SaqwhiWNttnQtcdnnKvxn4XwohCg+7cqIyZ8ZlnRsvYtOxCT7gGDfw==
- swagger-ui/5.1.2/swagger-ui-es-bundle.js: sha512-LeKdT9lc2x8nnSm492KP2SqjJOxYqwo/BscEj67iRG92P6mMHIRWED+FPi3AuVUdnsbeUzlldqk2T4GNwTNKiA==
- swagger-ui/5.1.2/swagger-ui-es-bundle.min.js: sha512-JQxe4mRSjsiPxpZh+j+7PhGFNsurUkGi5C4nVXwNeNR/yv8JsSXlArwmxI/ksAvm4M7d9u3I78nxPy7ejJ+ccw==
- swagger-ui/5.1.2/swagger-ui.min.css: sha512-5TyX+tqywXCNq3Jxiu90K7MPhm9BwSBbOnFcthr+IlyJoWWEr/o/xnKpBWsnSn7cURPORDCJzIKW0o7RWHDOFA==
