2024/03/29 21:01:17 optimizing files (Js true, Css true, Png true, Jpg true)
2024/03/29 21:01:17 /tmp/work/dist/lazyload.iife.min.js already has corresponding compressed file
2024/03/29 21:01:17 /tmp/work/dist/lazyload.iife.min.js is already compressed
2024/03/29 21:01:17 /tmp/work/dist/lazyload.min.js already has corresponding compressed file
2024/03/29 21:01:17 /tmp/work/dist/lazyload.min.js is already compressed
2024/03/29 21:01:17 sri /tmp/work/dist/lazyload.iife.js -> /output/lazyload.iife.js.sri
2024/03/29 21:01:17 sri /tmp/work/dist/lazyload.iife.min.js -> /output/lazyload.iife.min.js.sri
2024/03/29 21:01:17 algorithm: run /usr/bin/brotli --quality=11 --output=/output/lazyload.iife.js.br /tmp/work/dist/lazyload.iife.js
2024/03/29 21:01:17 algorithm: run /usr/bin/brotli --quality=11 --output=/output/lazyload.iife.min.js.br /tmp/work/dist/lazyload.iife.min.js
2024/03/29 21:01:17 sri /tmp/work/dist/lazyload.js -> /output/lazyload.js.sri
2024/03/29 21:01:17 sri /tmp/work/dist/lazyload.min.js -> /output/lazyload.min.js.sri
2024/03/29 21:01:17 algorithm: run /usr/bin/brotli --quality=11 --output=/output/lazyload.js.br /tmp/work/dist/lazyload.js
2024/03/29 21:01:17 algorithm: run /usr/bin/brotli --quality=11 --output=/output/lazyload.min.js.br /tmp/work/dist/lazyload.min.js
2024/03/29 21:01:17 br /tmp/work/dist/lazyload.iife.min.js -> /output/lazyload.iife.min.js.br
2024/03/29 21:01:17 br /tmp/work/dist/lazyload.min.js -> /output/lazyload.min.js.br
2024/03/29 21:01:17 gz /tmp/work/dist/lazyload.min.js -> /output/lazyload.min.js.gz
2024/03/29 21:01:17 gz /tmp/work/dist/lazyload.iife.min.js -> /output/lazyload.iife.min.js.gz
2024/03/29 21:01:17 br /tmp/work/dist/lazyload.iife.js -> /output/lazyload.iife.js.br
2024/03/29 21:01:17 br /tmp/work/dist/lazyload.js -> /output/lazyload.js.br
2024/03/29 21:01:17 gz /tmp/work/dist/lazyload.iife.js -> /output/lazyload.iife.js.gz
2024/03/29 21:01:17 gz /tmp/work/dist/lazyload.js -> /output/lazyload.js.gz
2024/03/29 21:01:17 processed vanilla-lazyload
