2023/01/29 20:35:02 optimizing files (Js true, Css true, Png true, Jpg true)
2023/01/29 20:35:02 algorithm: run /usr/bin/brotli --quality=11 --output=/output/esm/docsearch.d.ts.br /tmp/work/dist/esm/docsearch.d.ts
2023/01/29 20:35:02 algorithm: run /usr/bin/brotli --quality=11 --output=/output/esm/index.d.ts.br /tmp/work/dist/esm/index.d.ts
2023/01/29 20:35:02 compress: run /node_modules/uglify-js/bin/uglifyjs --mangle --compress if_return=true -o /tmp/work/dist/umd/index.min.js /tmp/work/dist/umd/index.js
2023/01/29 20:35:02 compress: run /node_modules/uglify-js/bin/uglifyjs --mangle --compress if_return=true -o /tmp/work/dist/esm/index.min.js /tmp/work/dist/esm/index.js
2023/01/29 20:35:02 br /tmp/work/dist/esm/index.d.ts -> /output/esm/index.d.ts.br
2023/01/29 20:35:02 gz /tmp/work/dist/esm/index.d.ts -> /output/esm/index.d.ts.gz
2023/01/29 20:35:02 br /tmp/work/dist/esm/docsearch.d.ts -> /output/esm/docsearch.d.ts.br
2023/01/29 20:35:02 gz /tmp/work/dist/esm/docsearch.d.ts -> /output/esm/docsearch.d.ts.gz
2023/01/29 20:35:04 sri /tmp/work/dist/esm/index.min.js -> /output/esm/index.min.js.sri
2023/01/29 20:35:04 algorithm: run /usr/bin/brotli --quality=11 --output=/output/esm/index.min.js.br /tmp/work/dist/esm/index.min.js
2023/01/29 20:35:04 br /tmp/work/dist/esm/index.min.js -> /output/esm/index.min.js.br
2023/01/29 20:35:04 gz /tmp/work/dist/esm/index.min.js -> /output/esm/index.min.js.gz
2023/01/29 20:35:04 sri /tmp/work/dist/esm/index.js -> /output/esm/index.js.sri
2023/01/29 20:35:04 algorithm: run /usr/bin/brotli --quality=11 --output=/output/esm/index.js.br /tmp/work/dist/esm/index.js
2023/01/29 20:35:05 sri /tmp/work/dist/umd/index.min.js -> /output/umd/index.min.js.sri
2023/01/29 20:35:05 algorithm: run /usr/bin/brotli --quality=11 --output=/output/umd/index.min.js.br /tmp/work/dist/umd/index.min.js
2023/01/29 20:35:05 br /tmp/work/dist/esm/index.js -> /output/esm/index.js.br
2023/01/29 20:35:05 gz /tmp/work/dist/esm/index.js -> /output/esm/index.js.gz
2023/01/29 20:35:05 br /tmp/work/dist/umd/index.min.js -> /output/umd/index.min.js.br
2023/01/29 20:35:05 gz /tmp/work/dist/umd/index.min.js -> /output/umd/index.min.js.gz
2023/01/29 20:35:05 sri /tmp/work/dist/umd/index.js -> /output/umd/index.js.sri
2023/01/29 20:35:05 algorithm: run /usr/bin/brotli --quality=11 --output=/output/umd/index.js.br /tmp/work/dist/umd/index.js
2023/01/29 20:35:05 br /tmp/work/dist/umd/index.js -> /output/umd/index.js.br
2023/01/29 20:35:05 gz /tmp/work/dist/umd/index.js -> /output/umd/index.js.gz
2023/01/29 20:35:05 processed docsearch-js
