config: {"authors":[{"name":"Google Inc."}],"autoupdate":{"source":"npm","target":"@fontsource/turret-road","fileMap":[{"basePath":"","files":["*.css","files/*.@(woff|woff2)"]}],"excludeFromSearch":true},"description":"Self-host the Turret Road font in a neatly bundled NPM package.","filename":"index.css","homepage":"https://fontsource.org/fonts/turret-road","keywords":["fontsource","font","font family","google fonts","turret-road","Turret Road","css","sass","front-end","web","typeface","variable"],"license":"OFL-1.1","name":"fontsource-turret-road","repository":{"type":"git","url":"git+https://github.com/fontsource/font-files.git"},"author":"Google Inc."}
KV keys:
- fontsource-turret-road/4.5.10/200.css.br
- fontsource-turret-road/4.5.10/200.css.gz
- fontsource-turret-road/4.5.10/200.min.css.br
- fontsource-turret-road/4.5.10/200.min.css.gz
- fontsource-turret-road/4.5.10/300.css.br
- fontsource-turret-road/4.5.10/300.css.gz
- fontsource-turret-road/4.5.10/300.min.css.br
- fontsource-turret-road/4.5.10/300.min.css.gz
- fontsource-turret-road/4.5.10/400.css.br
- fontsource-turret-road/4.5.10/400.css.gz
- fontsource-turret-road/4.5.10/400.min.css.br
- fontsource-turret-road/4.5.10/400.min.css.gz
- fontsource-turret-road/4.5.10/500.css.br
- fontsource-turret-road/4.5.10/500.css.gz
- fontsource-turret-road/4.5.10/500.min.css.br
- fontsource-turret-road/4.5.10/500.min.css.gz
- fontsource-turret-road/4.5.10/700.css.br
- fontsource-turret-road/4.5.10/700.css.gz
- fontsource-turret-road/4.5.10/700.min.css.br
- fontsource-turret-road/4.5.10/700.min.css.gz
- fontsource-turret-road/4.5.10/800.css.br
- fontsource-turret-road/4.5.10/800.css.gz
- fontsource-turret-road/4.5.10/800.min.css.br
- fontsource-turret-road/4.5.10/800.min.css.gz
- fontsource-turret-road/4.5.10/files/turret-road-all-200-normal.woff.br
- fontsource-turret-road/4.5.10/files/turret-road-all-200-normal.woff.gz
- fontsource-turret-road/4.5.10/files/turret-road-all-300-normal.woff.br
- fontsource-turret-road/4.5.10/files/turret-road-all-300-normal.woff.gz
- fontsource-turret-road/4.5.10/files/turret-road-all-400-normal.woff.br
- fontsource-turret-road/4.5.10/files/turret-road-all-400-normal.woff.gz
- fontsource-turret-road/4.5.10/files/turret-road-all-500-normal.woff.br
- fontsource-turret-road/4.5.10/files/turret-road-all-500-normal.woff.gz
- fontsource-turret-road/4.5.10/files/turret-road-all-700-normal.woff.br
- fontsource-turret-road/4.5.10/files/turret-road-all-700-normal.woff.gz
- fontsource-turret-road/4.5.10/files/turret-road-all-800-normal.woff.br
- fontsource-turret-road/4.5.10/files/turret-road-all-800-normal.woff.gz
- fontsource-turret-road/4.5.10/files/turret-road-latin-200-normal.woff.br
- fontsource-turret-road/4.5.10/files/turret-road-latin-200-normal.woff.gz
- fontsource-turret-road/4.5.10/files/turret-road-latin-200-normal.woff2
- fontsource-turret-road/4.5.10/files/turret-road-latin-300-normal.woff.br
- fontsource-turret-road/4.5.10/files/turret-road-latin-300-normal.woff.gz
- fontsource-turret-road/4.5.10/files/turret-road-latin-300-normal.woff2
- fontsource-turret-road/4.5.10/files/turret-road-latin-400-normal.woff.br
- fontsource-turret-road/4.5.10/files/turret-road-latin-400-normal.woff.gz
- fontsource-turret-road/4.5.10/files/turret-road-latin-400-normal.woff2
- fontsource-turret-road/4.5.10/files/turret-road-latin-500-normal.woff.br
- fontsource-turret-road/4.5.10/files/turret-road-latin-500-normal.woff.gz
- fontsource-turret-road/4.5.10/files/turret-road-latin-500-normal.woff2
- fontsource-turret-road/4.5.10/files/turret-road-latin-700-normal.woff.br
- fontsource-turret-road/4.5.10/files/turret-road-latin-700-normal.woff.gz
- fontsource-turret-road/4.5.10/files/turret-road-latin-700-normal.woff2
- fontsource-turret-road/4.5.10/files/turret-road-latin-800-normal.woff.br
- fontsource-turret-road/4.5.10/files/turret-road-latin-800-normal.woff.gz
- fontsource-turret-road/4.5.10/files/turret-road-latin-800-normal.woff2
- fontsource-turret-road/4.5.10/files/turret-road-latin-ext-200-normal.woff.br
- fontsource-turret-road/4.5.10/files/turret-road-latin-ext-200-normal.woff.gz
- fontsource-turret-road/4.5.10/files/turret-road-latin-ext-200-normal.woff2
- fontsource-turret-road/4.5.10/files/turret-road-latin-ext-300-normal.woff.br
- fontsource-turret-road/4.5.10/files/turret-road-latin-ext-300-normal.woff.gz
- fontsource-turret-road/4.5.10/files/turret-road-latin-ext-300-normal.woff2
- fontsource-turret-road/4.5.10/files/turret-road-latin-ext-400-normal.woff.br
- fontsource-turret-road/4.5.10/files/turret-road-latin-ext-400-normal.woff.gz
- fontsource-turret-road/4.5.10/files/turret-road-latin-ext-400-normal.woff2
- fontsource-turret-road/4.5.10/files/turret-road-latin-ext-500-normal.woff.br
- fontsource-turret-road/4.5.10/files/turret-road-latin-ext-500-normal.woff.gz
- fontsource-turret-road/4.5.10/files/turret-road-latin-ext-500-normal.woff2
- fontsource-turret-road/4.5.10/files/turret-road-latin-ext-700-normal.woff.br
- fontsource-turret-road/4.5.10/files/turret-road-latin-ext-700-normal.woff.gz
- fontsource-turret-road/4.5.10/files/turret-road-latin-ext-700-normal.woff2
- fontsource-turret-road/4.5.10/files/turret-road-latin-ext-800-normal.woff.br
- fontsource-turret-road/4.5.10/files/turret-road-latin-ext-800-normal.woff.gz
- fontsource-turret-road/4.5.10/files/turret-road-latin-ext-800-normal.woff2
- fontsource-turret-road/4.5.10/index.css.br
- fontsource-turret-road/4.5.10/index.css.gz
- fontsource-turret-road/4.5.10/index.min.css.br
- fontsource-turret-road/4.5.10/index.min.css.gz
- fontsource-turret-road/4.5.10/latin-200.css.br
- fontsource-turret-road/4.5.10/latin-200.css.gz
- fontsource-turret-road/4.5.10/latin-200.min.css.br
- fontsource-turret-road/4.5.10/latin-200.min.css.gz
- fontsource-turret-road/4.5.10/latin-300.css.br
- fontsource-turret-road/4.5.10/latin-300.css.gz
- fontsource-turret-road/4.5.10/latin-300.min.css.br
- fontsource-turret-road/4.5.10/latin-300.min.css.gz
- fontsource-turret-road/4.5.10/latin-400.css.br
- fontsource-turret-road/4.5.10/latin-400.css.gz
- fontsource-turret-road/4.5.10/latin-400.min.css.br
- fontsource-turret-road/4.5.10/latin-400.min.css.gz
- fontsource-turret-road/4.5.10/latin-500.css.br
- fontsource-turret-road/4.5.10/latin-500.css.gz
- fontsource-turret-road/4.5.10/latin-500.min.css.br
- fontsource-turret-road/4.5.10/latin-500.min.css.gz
- fontsource-turret-road/4.5.10/latin-700.css.br
- fontsource-turret-road/4.5.10/latin-700.css.gz
- fontsource-turret-road/4.5.10/latin-700.min.css.br
- fontsource-turret-road/4.5.10/latin-700.min.css.gz
- fontsource-turret-road/4.5.10/latin-800.css.br
- fontsource-turret-road/4.5.10/latin-800.css.gz
- fontsource-turret-road/4.5.10/latin-800.min.css.br
- fontsource-turret-road/4.5.10/latin-800.min.css.gz
- fontsource-turret-road/4.5.10/latin-ext-200.css.br
- fontsource-turret-road/4.5.10/latin-ext-200.css.gz
- fontsource-turret-road/4.5.10/latin-ext-200.min.css.br
- fontsource-turret-road/4.5.10/latin-ext-200.min.css.gz
- fontsource-turret-road/4.5.10/latin-ext-300.css.br
- fontsource-turret-road/4.5.10/latin-ext-300.css.gz
- fontsource-turret-road/4.5.10/latin-ext-300.min.css.br
- fontsource-turret-road/4.5.10/latin-ext-300.min.css.gz
- fontsource-turret-road/4.5.10/latin-ext-400.css.br
- fontsource-turret-road/4.5.10/latin-ext-400.css.gz
- fontsource-turret-road/4.5.10/latin-ext-400.min.css.br
- fontsource-turret-road/4.5.10/latin-ext-400.min.css.gz
- fontsource-turret-road/4.5.10/latin-ext-500.css.br
- fontsource-turret-road/4.5.10/latin-ext-500.css.gz
- fontsource-turret-road/4.5.10/latin-ext-500.min.css.br
- fontsource-turret-road/4.5.10/latin-ext-500.min.css.gz
- fontsource-turret-road/4.5.10/latin-ext-700.css.br
- fontsource-turret-road/4.5.10/latin-ext-700.css.gz
- fontsource-turret-road/4.5.10/latin-ext-700.min.css.br
- fontsource-turret-road/4.5.10/latin-ext-700.min.css.gz
- fontsource-turret-road/4.5.10/latin-ext-800.css.br
- fontsource-turret-road/4.5.10/latin-ext-800.css.gz
- fontsource-turret-road/4.5.10/latin-ext-800.min.css.br
- fontsource-turret-road/4.5.10/latin-ext-800.min.css.gz
- fontsource-turret-road/4.5.10/latin-ext.css.br
- fontsource-turret-road/4.5.10/latin-ext.css.gz
- fontsource-turret-road/4.5.10/latin-ext.min.css.br
- fontsource-turret-road/4.5.10/latin-ext.min.css.gz
- fontsource-turret-road/4.5.10/latin.css.br
- fontsource-turret-road/4.5.10/latin.css.gz
- fontsource-turret-road/4.5.10/latin.min.css.br
- fontsource-turret-road/4.5.10/latin.min.css.gz
SRIs:
- fontsource-turret-road/4.5.10/latin-ext-300.css: sha512-pCQR4uZEmPhaM40gi7TC6FQrWZL29vtf6ZmvQnP+2X88EaDIvduveOZQ6DH7aMRi9DQhcp8vtqW8JS+eEiBsog==
- fontsource-turret-road/4.5.10/latin-ext-800.min.css: sha512-NIgfJoupQEsbAYlLSk8lUbn5BOc+B28P+kIUggmC1VkQpRm8PIMko7eVgt21p2rXfCncYnsrsiAFpz31N33DHg==
- fontsource-turret-road/4.5.10/300.min.css: sha512-nooB2KWuj5igeN8LsmjJF30q2ACyMLLWeX7LlzQ2T1uTxHp61bDB3Q+jUhELLfypWf5ksFc+oEO/G4CIzXMFfA==
- fontsource-turret-road/4.5.10/latin-ext-200.css: sha512-Lw8Q5mAJ5gzUbDV2yQGVGyaWIvGHApO/1MpqcmSpEGpWjcSv9nEAqn/Cn8euUpqdt4k9/R06Fpwlmp4FaLAnSA==
- fontsource-turret-road/4.5.10/index.min.css: sha512-SQIjeQR6rXCmhUO26Mnv0LZnQOwldnA22XsswMuAEHwh0pv2L1E5mXi6rrUxkd9T/jkb1BBafQb2ZLYVawj0yw==
- fontsource-turret-road/4.5.10/latin-700.min.css: sha512-992A2hc8o2PuW+Cu+E8gBBgD+dIjtjThv5sszTBgZJ40s53fTb0erQx9V/5kg7rz+W7xee1gqYybpfeEh9dtDQ==
- fontsource-turret-road/4.5.10/latin-ext-200.min.css: sha512-zkR3OOjmBtmv7piOUIm6fwJNJABGoyN8hbuybrb2pFHd5CsO/ygctl0Z8LM1iUQCDemd5zAoao83hTdWU3xtrQ==
- fontsource-turret-road/4.5.10/500.css: sha512-TTaFLFMYFezZFcr9vdkNFuxWsJ7XST2a8v0tz84yzkuWKbDw8AUztQ7TMTtQ6yLtIzceKZYDdl5Bl+8/CjZmfg==
- fontsource-turret-road/4.5.10/800.css: sha512-29RgjfRH0DSPv9SrOaJ32B1pCdzelGF6I7KnxMdh4oM7kyEh4rWBxW9vP6v0pNs3uMDXcwNcCIzUHYHDBznUeg==
- fontsource-turret-road/4.5.10/700.min.css: sha512-7YRTmftM0Kf85meMGoNonGeUutqyaIPb337fXZZ6XwRKBdCeXxe1CXWjIyC05A6eraj5ciBTObhkrwg8InMOHw==
- fontsource-turret-road/4.5.10/800.min.css: sha512-pa1DxWbnKPptcx9ftk1kSCDCfgTWAtrfvatyXA4xa/gulGSOiAxcF9h9f56RqIkOY4Yl0RrixdV6FKWrpKj06Q==
- fontsource-turret-road/4.5.10/latin-700.css: sha512-mWwuQP3qHtX+MQS9FB/+62lOcrHqzbcfSuBNc56xkRCg8reNkfMbqrlGIGfxF+HXvTTwQkDD+coyij4D2nZEyg==
- fontsource-turret-road/4.5.10/latin-800.css: sha512-iFhQzVrEH4vMfGu6h50ktCM965ImYW7Qy8brKWP1I2HUEvIk+EPWTvPlvGps5Ayco/LcVe+mToXhwh1tShoQ2A==
- fontsource-turret-road/4.5.10/latin-ext-400.min.css: sha512-io3wGxhySv7m9NfmzRgId3JqYJ1KOV0BLO0Npe/sUVBlscd3GJ8HBSBgzub75q6/X9x3E43IaYZ3JeOn4x1Sgg==
- fontsource-turret-road/4.5.10/200.min.css: sha512-6WwSY9eIytjhudUAfGIvP6jo/hS+2IWcOSaqvsU1hpH6eq+E0JfY+KZ7heM/sKoVI6tco59tqA0gZd9ugA9D8g==
- fontsource-turret-road/4.5.10/400.min.css: sha512-SQIjeQR6rXCmhUO26Mnv0LZnQOwldnA22XsswMuAEHwh0pv2L1E5mXi6rrUxkd9T/jkb1BBafQb2ZLYVawj0yw==
- fontsource-turret-road/4.5.10/latin-400.min.css: sha512-2d4Kx0fDleP794zORn5bZGRN7W6OQiwAYoLi8EFVURGm4idmszwqwXDgzuiU5oDAdICTCtqO5UQQ376BsBoKjQ==
- fontsource-turret-road/4.5.10/latin-500.css: sha512-SDQrKnnSzirbFaV5s2kMRXr/E9W0OIymLQDTyhm6lxZcCd1Xdo/xqlh7iloNXJzFLc73h6f2jR/pgd/dNhYCkw==
- fontsource-turret-road/4.5.10/latin-ext-500.min.css: sha512-RoAKCGHDJ/Hn0CK8QllAVox3lFaZDNLuc+ZGqrvZ+KjcTFF/VpI37naXJyhMc4vA/UnzcMkgJgVtA+1sRzz8ZA==
- fontsource-turret-road/4.5.10/latin-ext-700.min.css: sha512-cwgG1CLP3t9SHPRTXBHqoV9SeAlfZLrnpWUuMSDA6ygnsT0/8fTxuHWBDUbAdfzbcPcllTjn72wupQOeSBeWig==
- fontsource-turret-road/4.5.10/latin-ext.css: sha512-Mhn1PXfzEai8+83g40tm3CTpcKbbQuYKept4mWFbSU1oSPz5iYT68eEhKATQOrROA+Mp3/UEwd9Il20sedSA4A==
- fontsource-turret-road/4.5.10/latin-ext.min.css: sha512-qZwRE8az2jyvhLKPbKw6p8NgB6+RjaWCczFYAhu7MrU8SaQG0i8YrshiEDp/ROTXxmuX74ktAJT1vY52hbzZXQ==
- fontsource-turret-road/4.5.10/300.css: sha512-FD5ngdwYOGgltUq40NoG0MK37shsYm6KYVpeHynHOyD+rM4KW7Gmg9sMvuvqtbtD+dvF8cRcPvtzYO45VW8nHQ==
- fontsource-turret-road/4.5.10/400.css: sha512-X9RORv8dV6b7KOfQ1jWvipdItMWprSUkkIor3/AujU2N77hOY8X4TD7m3kOumgMhdO9x1WAgt52ImPC4pqdFPw==
- fontsource-turret-road/4.5.10/latin-400.css: sha512-NEscW6Y0DDL6YilWA1F64YnT/XFyZnfVkmnRoJbQ72qdjx6k982i7RYX5n5w9jx36Lu4cMfAM/KIb4xd+8WatQ==
- fontsource-turret-road/4.5.10/latin-500.min.css: sha512-Z5eOFZBbS1jmFL82c4gZjHM3goy1o1CZ0Lw0cShmiIowKVloBVmI4/7963ekZR+bYepFnmj+52uacL/JF/hHWA==
- fontsource-turret-road/4.5.10/latin-ext-700.css: sha512-L+RBjuXrBk1u9CD0kmhfnIb8/pgD4rAUmcStkI9P8TcSUyM9FODJ5kJ8TVlLuso7ZIEvoCvMVlHOaoiV1bBNfw==
- fontsource-turret-road/4.5.10/700.css: sha512-YpsG36/v0BSdYyb7tFoBiMMHeHXYQxrkSEci9jABtd3zJl6KpjEc4jcPIRBg86oeasXJFoqp2VIWCH1JhlJ5Tw==
- fontsource-turret-road/4.5.10/latin-300.min.css: sha512-1yULhIsXzmxThTT61RozLCVUY0tcAy33mxfo7jATWjYewnKKEPYPjgAcl4CUR8qBkUDdIQDI3knZWGGgYGwUDg==
- fontsource-turret-road/4.5.10/latin-ext-400.css: sha512-ByJxJrh3W3sIHn7bTcfGQlg/0OmHQ5SAQ3Eixl/TbEchBZvbJL4L6QvybQ7IAw9bR3/YWRDxTmtMR9PmhhgXHg==
- fontsource-turret-road/4.5.10/latin.css: sha512-f9gJPXNkEqhp1eMEi7PWUiD7oDaxLXbbqfYyBQJsLvqLsN6ca9CMKCs0hccXvV4QzULp3UL/eu9iP3ltvRYyCg==
- fontsource-turret-road/4.5.10/200.css: sha512-UFx8ys7SVHp0Eep4ZVSrIqs5PcjhvtxcdCuadmg135iBMT1uv+HQL4WUAgXc7BdhRXsYTHskPqabfgLgx6+nCQ==
- fontsource-turret-road/4.5.10/latin-800.min.css: sha512-Gj+W9g8jKEk/aQtMVDRK2efFdleeGf8cL6eh6iQai4TlA3GsCT0UgoMQvgpUeou3inu+icL3/JGBUHCRs78PRA==
- fontsource-turret-road/4.5.10/latin-300.css: sha512-mS2Ik8/KHUUHHfYjcNOL7UXIIOOAiHleoXvPFmh/nwUFY2LGfcfoKpGcaAIBE/MwFDhhmyQz0cZ/PDAWxlH0yw==
- fontsource-turret-road/4.5.10/latin-ext-300.min.css: sha512-rVeBPBw5vrqdQi2BGISucU94eUl1pGqf/pDgUR7D1JQoKP5PFcO6vvyH3MpY9WHkLLyf4V3zCAbzrT3bSVoTYA==
- fontsource-turret-road/4.5.10/latin-ext-500.css: sha512-QTWx6Jz0Mc3WFvVUiXIKDI6Wbb+hsQwhxzbGtDgVaWTTqwO09XQ0Gh4HV96jsvIMi4kNqCckAB/ejmMf2T5//A==
- fontsource-turret-road/4.5.10/latin-200.css: sha512-GW9+beRolk+n+SEHrZZflVuhj5bzWOG6kCpAzRHJBpow74/yPDBqlGJAivZV20EEs0ceeiHvufP6fAYQ23tn4A==
- fontsource-turret-road/4.5.10/latin-200.min.css: sha512-OZky53MEacBoBOb6HzqehorIHe6h3eOpUfgnyBjOIWOQGuLVJyjSunGybFUXP/yQop0AnMbFs1UmDTGxc2fSTg==
- fontsource-turret-road/4.5.10/latin-ext-800.css: sha512-E7uoIg3K/MXkJYsyXQ3Mh1pedCAWMTqwkop4v3y1CzTZ8B3psytK2Y1BsEzNTlABH635pM7OWW65nMAtkOpQWw==
- fontsource-turret-road/4.5.10/latin.min.css: sha512-MDrCOng1HVENsmgKDi4/ZYhG3QqkCd9k8j/yC/4sbyKtRltWbihhwZJrNYqUgsxmCdWzjCmwJFCD6sVypr6e+A==
- fontsource-turret-road/4.5.10/500.min.css: sha512-qcBwjIfMd22FgZZAbbymX0bXvgbXnZd8Y9Tu//7SEI1vSa4eW7YsfI0NLsXVN2/Yy0rX/88p8cjMz4+ymf/nbA==
- fontsource-turret-road/4.5.10/index.css: sha512-X9RORv8dV6b7KOfQ1jWvipdItMWprSUkkIor3/AujU2N77hOY8X4TD7m3kOumgMhdO9x1WAgt52ImPC4pqdFPw==
