Files:
- shepherd.js/12.0.4/cjs/components/shepherd-button.d.svelte.ts.map.br
- shepherd.js/12.0.4/cjs/components/shepherd-button.d.svelte.ts.map.gz
- shepherd.js/12.0.4/cjs/components/shepherd-cancel-icon.d.svelte.ts.map.br
- shepherd.js/12.0.4/cjs/components/shepherd-cancel-icon.d.svelte.ts.map.gz
- shepherd.js/12.0.4/cjs/components/shepherd-content.d.svelte.ts.map.br
- shepherd.js/12.0.4/cjs/components/shepherd-content.d.svelte.ts.map.gz
- shepherd.js/12.0.4/cjs/components/shepherd-element.d.svelte.ts.map.br
- shepherd.js/12.0.4/cjs/components/shepherd-element.d.svelte.ts.map.gz
- shepherd.js/12.0.4/cjs/components/shepherd-footer.d.svelte.ts.map.br
- shepherd.js/12.0.4/cjs/components/shepherd-footer.d.svelte.ts.map.gz
- shepherd.js/12.0.4/cjs/components/shepherd-header.d.svelte.ts.map.br
- shepherd.js/12.0.4/cjs/components/shepherd-header.d.svelte.ts.map.gz
- shepherd.js/12.0.4/cjs/components/shepherd-modal.d.svelte.ts.map.br
- shepherd.js/12.0.4/cjs/components/shepherd-modal.d.svelte.ts.map.gz
- shepherd.js/12.0.4/cjs/components/shepherd-text.d.svelte.ts.map.br
- shepherd.js/12.0.4/cjs/components/shepherd-text.d.svelte.ts.map.gz
- shepherd.js/12.0.4/cjs/components/shepherd-title.d.svelte.ts.map.br
- shepherd.js/12.0.4/cjs/components/shepherd-title.d.svelte.ts.map.gz
- shepherd.js/12.0.4/cjs/css/shepherd.css.br
- shepherd.js/12.0.4/cjs/css/shepherd.css.gz
- shepherd.js/12.0.4/cjs/css/shepherd.css.sri
- shepherd.js/12.0.4/cjs/css/shepherd.min.css.br
- shepherd.js/12.0.4/cjs/css/shepherd.min.css.gz
- shepherd.js/12.0.4/cjs/css/shepherd.min.css.sri
- shepherd.js/12.0.4/cjs/evented.d.ts.map.br
- shepherd.js/12.0.4/cjs/evented.d.ts.map.gz
- shepherd.js/12.0.4/cjs/shepherd.cjs.map.br
- shepherd.js/12.0.4/cjs/shepherd.cjs.map.gz
- shepherd.js/12.0.4/cjs/shepherd.d.ts.map.br
- shepherd.js/12.0.4/cjs/shepherd.d.ts.map.gz
- shepherd.js/12.0.4/cjs/step.d.ts.map.br
- shepherd.js/12.0.4/cjs/step.d.ts.map.gz
- shepherd.js/12.0.4/cjs/tour.d.ts.map.br
- shepherd.js/12.0.4/cjs/tour.d.ts.map.gz
- shepherd.js/12.0.4/cjs/utils/auto-bind.d.ts.map.br
- shepherd.js/12.0.4/cjs/utils/auto-bind.d.ts.map.gz
- shepherd.js/12.0.4/cjs/utils/bind.d.ts.map.br
- shepherd.js/12.0.4/cjs/utils/bind.d.ts.map.gz
- shepherd.js/12.0.4/cjs/utils/cleanup.d.ts.map.br
- shepherd.js/12.0.4/cjs/utils/cleanup.d.ts.map.gz
- shepherd.js/12.0.4/cjs/utils/context.d.ts.map.br
- shepherd.js/12.0.4/cjs/utils/context.d.ts.map.gz
- shepherd.js/12.0.4/cjs/utils/datarequest.d.ts.map.br
- shepherd.js/12.0.4/cjs/utils/datarequest.d.ts.map.gz
- shepherd.js/12.0.4/cjs/utils/floating-ui.d.ts.map.br
- shepherd.js/12.0.4/cjs/utils/floating-ui.d.ts.map.gz
- shepherd.js/12.0.4/cjs/utils/general.d.ts.map.br
- shepherd.js/12.0.4/cjs/utils/general.d.ts.map.gz
- shepherd.js/12.0.4/cjs/utils/overlay-path.d.ts.map.br
- shepherd.js/12.0.4/cjs/utils/overlay-path.d.ts.map.gz
- shepherd.js/12.0.4/cjs/utils/type-check.d.ts.map.br
- shepherd.js/12.0.4/cjs/utils/type-check.d.ts.map.gz
- shepherd.js/12.0.4/esm/components/shepherd-button.d.svelte.ts.map.br
- shepherd.js/12.0.4/esm/components/shepherd-button.d.svelte.ts.map.gz
- shepherd.js/12.0.4/esm/components/shepherd-cancel-icon.d.svelte.ts.map.br
- shepherd.js/12.0.4/esm/components/shepherd-cancel-icon.d.svelte.ts.map.gz
- shepherd.js/12.0.4/esm/components/shepherd-content.d.svelte.ts.map.br
- shepherd.js/12.0.4/esm/components/shepherd-content.d.svelte.ts.map.gz
- shepherd.js/12.0.4/esm/components/shepherd-element.d.svelte.ts.map.br
- shepherd.js/12.0.4/esm/components/shepherd-element.d.svelte.ts.map.gz
- shepherd.js/12.0.4/esm/components/shepherd-footer.d.svelte.ts.map.br
- shepherd.js/12.0.4/esm/components/shepherd-footer.d.svelte.ts.map.gz
- shepherd.js/12.0.4/esm/components/shepherd-header.d.svelte.ts.map.br
- shepherd.js/12.0.4/esm/components/shepherd-header.d.svelte.ts.map.gz
- shepherd.js/12.0.4/esm/components/shepherd-modal.d.svelte.ts.map.br
- shepherd.js/12.0.4/esm/components/shepherd-modal.d.svelte.ts.map.gz
- shepherd.js/12.0.4/esm/components/shepherd-text.d.svelte.ts.map.br
- shepherd.js/12.0.4/esm/components/shepherd-text.d.svelte.ts.map.gz
- shepherd.js/12.0.4/esm/components/shepherd-title.d.svelte.ts.map.br
- shepherd.js/12.0.4/esm/components/shepherd-title.d.svelte.ts.map.gz
- shepherd.js/12.0.4/esm/css/shepherd.css.br
- shepherd.js/12.0.4/esm/css/shepherd.css.gz
- shepherd.js/12.0.4/esm/css/shepherd.css.sri
- shepherd.js/12.0.4/esm/css/shepherd.min.css.br
- shepherd.js/12.0.4/esm/css/shepherd.min.css.gz
- shepherd.js/12.0.4/esm/css/shepherd.min.css.sri
- shepherd.js/12.0.4/esm/evented.d.ts.map.br
- shepherd.js/12.0.4/esm/evented.d.ts.map.gz
- shepherd.js/12.0.4/esm/shepherd.d.ts.map.br
- shepherd.js/12.0.4/esm/shepherd.d.ts.map.gz
- shepherd.js/12.0.4/esm/shepherd.mjs.map.br
- shepherd.js/12.0.4/esm/shepherd.mjs.map.gz
- shepherd.js/12.0.4/esm/step.d.ts.map.br
- shepherd.js/12.0.4/esm/step.d.ts.map.gz
- shepherd.js/12.0.4/esm/tour.d.ts.map.br
- shepherd.js/12.0.4/esm/tour.d.ts.map.gz
- shepherd.js/12.0.4/esm/utils/auto-bind.d.ts.map.br
- shepherd.js/12.0.4/esm/utils/auto-bind.d.ts.map.gz
- shepherd.js/12.0.4/esm/utils/bind.d.ts.map.br
- shepherd.js/12.0.4/esm/utils/bind.d.ts.map.gz
- shepherd.js/12.0.4/esm/utils/cleanup.d.ts.map.br
- shepherd.js/12.0.4/esm/utils/cleanup.d.ts.map.gz
- shepherd.js/12.0.4/esm/utils/context.d.ts.map.br
- shepherd.js/12.0.4/esm/utils/context.d.ts.map.gz
- shepherd.js/12.0.4/esm/utils/datarequest.d.ts.map.br
- shepherd.js/12.0.4/esm/utils/datarequest.d.ts.map.gz
- shepherd.js/12.0.4/esm/utils/floating-ui.d.ts.map.br
- shepherd.js/12.0.4/esm/utils/floating-ui.d.ts.map.gz
- shepherd.js/12.0.4/esm/utils/general.d.ts.map.br
- shepherd.js/12.0.4/esm/utils/general.d.ts.map.gz
- shepherd.js/12.0.4/esm/utils/overlay-path.d.ts.map.br
- shepherd.js/12.0.4/esm/utils/overlay-path.d.ts.map.gz
- shepherd.js/12.0.4/esm/utils/type-check.d.ts.map.br
- shepherd.js/12.0.4/esm/utils/type-check.d.ts.map.gz
