2024/03/04 10:00:25 ExtractTarGz: uknown type: 67 in pax_global_header
2024/03/04 10:00:25 optimizing files (Js true, Css true, Png true, Jpg true)
2024/03/04 10:00:25 algorithm: run /usr/bin/brotli --quality=11 --output=/output/swagger-ui-bundle.js.map.br /tmp/work/dist/swagger-ui-bundle.js.map
2024/03/04 10:00:25 compress: run /node_modules/uglify-js/bin/uglifyjs (3.15.4) [--mangle --compress if_return=true -o /tmp/work/dist/swagger-ui-bundle.min.js /tmp/work/dist/swagger-ui-bundle.js]
2024/03/04 10:00:25 compress: run /node_modules/uglify-js/bin/uglifyjs (3.15.4) [--mangle --compress if_return=true -o /tmp/work/dist/swagger-ui-es-bundle-core.min.js /tmp/work/dist/swagger-ui-es-bundle-core.js]
2024/03/04 10:00:25 algorithm: run /usr/bin/brotli --quality=11 --output=/output/swagger-ui-es-bundle-core.js.map.br /tmp/work/dist/swagger-ui-es-bundle-core.js.map
2024/03/04 10:00:25 compress: run /node_modules/uglify-js/bin/uglifyjs (3.15.4) [--mangle --compress if_return=true -o /tmp/work/dist/swagger-ui-es-bundle.min.js /tmp/work/dist/swagger-ui-es-bundle.js]
2024/03/04 10:00:25 algorithm: run /usr/bin/brotli --quality=11 --output=/output/swagger-ui-es-bundle.js.map.br /tmp/work/dist/swagger-ui-es-bundle.js.map
2024/03/04 10:00:25 compress: run /node_modules/uglify-js/bin/uglifyjs (3.15.4) [--mangle --compress if_return=true -o /tmp/work/dist/swagger-ui-standalone-preset.min.js /tmp/work/dist/swagger-ui-standalone-preset.js]
2024/03/04 10:00:25 algorithm: run /usr/bin/brotli --quality=11 --output=/output/swagger-ui-standalone-preset.js.map.br /tmp/work/dist/swagger-ui-standalone-preset.js.map
2024/03/04 10:00:28 br /tmp/work/dist/swagger-ui-standalone-preset.js.map -> /output/swagger-ui-standalone-preset.js.map.br
2024/03/04 10:00:28 gz /tmp/work/dist/swagger-ui-standalone-preset.js.map -> /output/swagger-ui-standalone-preset.js.map.gz
2024/03/04 10:00:28 compress: run /node_modules/clean-css-cli/bin/cleancss (3.3.10) [--compatibility --s0 -o /tmp/work/dist/swagger-ui.min.css /tmp/work/dist/swagger-ui.css]
2024/03/04 10:00:30 sri /tmp/work/dist/swagger-ui.min.css -> /output/swagger-ui.min.css.sri
2024/03/04 10:00:30 algorithm: run /usr/bin/brotli --quality=11 --output=/output/swagger-ui.min.css.br /tmp/work/dist/swagger-ui.min.css
2024/03/04 10:00:30 br /tmp/work/dist/swagger-ui.min.css -> /output/swagger-ui.min.css.br
2024/03/04 10:00:30 gz /tmp/work/dist/swagger-ui.min.css -> /output/swagger-ui.min.css.gz
2024/03/04 10:00:30 sri /tmp/work/dist/swagger-ui.css -> /output/swagger-ui.css.sri
2024/03/04 10:00:30 algorithm: run /usr/bin/brotli --quality=11 --output=/output/swagger-ui.css.br /tmp/work/dist/swagger-ui.css
2024/03/04 10:00:31 br /tmp/work/dist/swagger-ui.css -> /output/swagger-ui.css.br
2024/03/04 10:00:31 gz /tmp/work/dist/swagger-ui.css -> /output/swagger-ui.css.gz
2024/03/04 10:00:31 algorithm: run /usr/bin/brotli --quality=11 --output=/output/swagger-ui.css.map.br /tmp/work/dist/swagger-ui.css.map
2024/03/04 10:00:33 br /tmp/work/dist/swagger-ui.css.map -> /output/swagger-ui.css.map.br
2024/03/04 10:00:33 gz /tmp/work/dist/swagger-ui.css.map -> /output/swagger-ui.css.map.gz
2024/03/04 10:00:33 compress: run /node_modules/uglify-js/bin/uglifyjs (3.15.4) [--mangle --compress if_return=true -o /tmp/work/dist/swagger-ui.min.js /tmp/work/dist/swagger-ui.js]
2024/03/04 10:00:33 br /tmp/work/dist/swagger-ui-es-bundle-core.js.map -> /output/swagger-ui-es-bundle-core.js.map.br
2024/03/04 10:00:34 gz /tmp/work/dist/swagger-ui-es-bundle-core.js.map -> /output/swagger-ui-es-bundle-core.js.map.gz
2024/03/04 10:00:34 algorithm: run /usr/bin/brotli --quality=11 --output=/output/swagger-ui.js.map.br /tmp/work/dist/swagger-ui.js.map
2024/03/04 10:00:37 br /tmp/work/dist/swagger-ui.js.map -> /output/swagger-ui.js.map.br
2024/03/04 10:00:37 gz /tmp/work/dist/swagger-ui.js.map -> /output/swagger-ui.js.map.gz
2024/03/04 10:00:37 sri /tmp/work/dist/swagger-ui-standalone-preset.min.js -> /output/swagger-ui-standalone-preset.min.js.sri
2024/03/04 10:00:37 algorithm: run /usr/bin/brotli --quality=11 --output=/output/swagger-ui-standalone-preset.min.js.br /tmp/work/dist/swagger-ui-standalone-preset.min.js
2024/03/04 10:00:38 br /tmp/work/dist/swagger-ui-standalone-preset.min.js -> /output/swagger-ui-standalone-preset.min.js.br
2024/03/04 10:00:38 gz /tmp/work/dist/swagger-ui-standalone-preset.min.js -> /output/swagger-ui-standalone-preset.min.js.gz
2024/03/04 10:00:38 sri /tmp/work/dist/swagger-ui-standalone-preset.js -> /output/swagger-ui-standalone-preset.js.sri
2024/03/04 10:00:38 algorithm: run /usr/bin/brotli --quality=11 --output=/output/swagger-ui-standalone-preset.js.br /tmp/work/dist/swagger-ui-standalone-preset.js
2024/03/04 10:00:38 br /tmp/work/dist/swagger-ui-es-bundle.js.map -> /output/swagger-ui-es-bundle.js.map.br
2024/03/04 10:00:39 gz /tmp/work/dist/swagger-ui-es-bundle.js.map -> /output/swagger-ui-es-bundle.js.map.gz
2024/03/04 10:00:39 br /tmp/work/dist/swagger-ui-bundle.js.map -> /output/swagger-ui-bundle.js.map.br
2024/03/04 10:00:39 br /tmp/work/dist/swagger-ui-standalone-preset.js -> /output/swagger-ui-standalone-preset.js.br
2024/03/04 10:00:39 gz /tmp/work/dist/swagger-ui-standalone-preset.js -> /output/swagger-ui-standalone-preset.js.gz
2024/03/04 10:00:40 gz /tmp/work/dist/swagger-ui-bundle.js.map -> /output/swagger-ui-bundle.js.map.gz
2024/03/04 10:00:40 sri /tmp/work/dist/swagger-ui-es-bundle-core.min.js -> /output/swagger-ui-es-bundle-core.min.js.sri
2024/03/04 10:00:40 algorithm: run /usr/bin/brotli --quality=11 --output=/output/swagger-ui-es-bundle-core.min.js.br /tmp/work/dist/swagger-ui-es-bundle-core.min.js
2024/03/04 10:00:41 br /tmp/work/dist/swagger-ui-es-bundle-core.min.js -> /output/swagger-ui-es-bundle-core.min.js.br
2024/03/04 10:00:41 gz /tmp/work/dist/swagger-ui-es-bundle-core.min.js -> /output/swagger-ui-es-bundle-core.min.js.gz
2024/03/04 10:00:41 sri /tmp/work/dist/swagger-ui-es-bundle-core.js -> /output/swagger-ui-es-bundle-core.js.sri
2024/03/04 10:00:41 algorithm: run /usr/bin/brotli --quality=11 --output=/output/swagger-ui-es-bundle-core.js.br /tmp/work/dist/swagger-ui-es-bundle-core.js
2024/03/04 10:00:42 br /tmp/work/dist/swagger-ui-es-bundle-core.js -> /output/swagger-ui-es-bundle-core.js.br
2024/03/04 10:00:42 gz /tmp/work/dist/swagger-ui-es-bundle-core.js -> /output/swagger-ui-es-bundle-core.js.gz
2024/03/04 10:00:43 sri /tmp/work/dist/swagger-ui.min.js -> /output/swagger-ui.min.js.sri
2024/03/04 10:00:43 algorithm: run /usr/bin/brotli --quality=11 --output=/output/swagger-ui.min.js.br /tmp/work/dist/swagger-ui.min.js
2024/03/04 10:00:43 br /tmp/work/dist/swagger-ui.min.js -> /output/swagger-ui.min.js.br
2024/03/04 10:00:43 gz /tmp/work/dist/swagger-ui.min.js -> /output/swagger-ui.min.js.gz
2024/03/04 10:00:44 sri /tmp/work/dist/swagger-ui.js -> /output/swagger-ui.js.sri
2024/03/04 10:00:44 algorithm: run /usr/bin/brotli --quality=11 --output=/output/swagger-ui.js.br /tmp/work/dist/swagger-ui.js
2024/03/04 10:00:44 br /tmp/work/dist/swagger-ui.js -> /output/swagger-ui.js.br
2024/03/04 10:00:44 gz /tmp/work/dist/swagger-ui.js -> /output/swagger-ui.js.gz
2024/03/04 10:00:49 sri /tmp/work/dist/swagger-ui-es-bundle.min.js -> /output/swagger-ui-es-bundle.min.js.sri
2024/03/04 10:00:49 algorithm: run /usr/bin/brotli --quality=11 --output=/output/swagger-ui-es-bundle.min.js.br /tmp/work/dist/swagger-ui-es-bundle.min.js
2024/03/04 10:00:49 sri /tmp/work/dist/swagger-ui-bundle.min.js -> /output/swagger-ui-bundle.min.js.sri
2024/03/04 10:00:49 algorithm: run /usr/bin/brotli --quality=11 --output=/output/swagger-ui-bundle.min.js.br /tmp/work/dist/swagger-ui-bundle.min.js
2024/03/04 10:00:51 br /tmp/work/dist/swagger-ui-es-bundle.min.js -> /output/swagger-ui-es-bundle.min.js.br
2024/03/04 10:00:51 gz /tmp/work/dist/swagger-ui-es-bundle.min.js -> /output/swagger-ui-es-bundle.min.js.gz
2024/03/04 10:00:51 sri /tmp/work/dist/swagger-ui-es-bundle.js -> /output/swagger-ui-es-bundle.js.sri
2024/03/04 10:00:51 algorithm: run /usr/bin/brotli --quality=11 --output=/output/swagger-ui-es-bundle.js.br /tmp/work/dist/swagger-ui-es-bundle.js
2024/03/04 10:00:52 br /tmp/work/dist/swagger-ui-bundle.min.js -> /output/swagger-ui-bundle.min.js.br
2024/03/04 10:00:52 gz /tmp/work/dist/swagger-ui-bundle.min.js -> /output/swagger-ui-bundle.min.js.gz
2024/03/04 10:00:52 sri /tmp/work/dist/swagger-ui-bundle.js -> /output/swagger-ui-bundle.js.sri
2024/03/04 10:00:52 algorithm: run /usr/bin/brotli --quality=11 --output=/output/swagger-ui-bundle.js.br /tmp/work/dist/swagger-ui-bundle.js
2024/03/04 10:00:54 br /tmp/work/dist/swagger-ui-es-bundle.js -> /output/swagger-ui-es-bundle.js.br
2024/03/04 10:00:54 gz /tmp/work/dist/swagger-ui-es-bundle.js -> /output/swagger-ui-es-bundle.js.gz
2024/03/04 10:00:54 br /tmp/work/dist/swagger-ui-bundle.js -> /output/swagger-ui-bundle.js.br
2024/03/04 10:00:54 gz /tmp/work/dist/swagger-ui-bundle.js -> /output/swagger-ui-bundle.js.gz
2024/03/04 10:00:54 processed swagger-ui
