Files:
- alifd__next/1.26.29/adaptor.min.js.gz
- alifd__next/1.26.29/next-1.css.gz
- alifd__next/1.26.29/next-1.min.css.gz
- alifd__next/1.26.29/next-2.css.gz
- alifd__next/1.26.29/next-2.min.css.gz
- alifd__next/1.26.29/next-noreset-1.css.gz
- alifd__next/1.26.29/next-noreset-1.min.css.gz
- alifd__next/1.26.29/next-noreset-2.css.gz
- alifd__next/1.26.29/next-noreset-2.min.css.gz
- alifd__next/1.26.29/next-noreset.css.gz
- alifd__next/1.26.29/next-noreset.min-1.css.gz
- alifd__next/1.26.29/next-noreset.min-1.min.css.gz
- alifd__next/1.26.29/next-noreset.min-2.css.gz
- alifd__next/1.26.29/next-noreset.min-2.min.css.gz
- alifd__next/1.26.29/next-noreset.min.css.gz
- alifd__next/1.26.29/next-noreset.var-1.css.gz
- alifd__next/1.26.29/next-noreset.var-1.min.css.gz
- alifd__next/1.26.29/next-noreset.var-2.css.gz
- alifd__next/1.26.29/next-noreset.var-2.min.css.gz
- alifd__next/1.26.29/next-noreset.var.css.gz
- alifd__next/1.26.29/next-noreset.var.min-1.css.gz
- alifd__next/1.26.29/next-noreset.var.min-1.min.css.gz
- alifd__next/1.26.29/next-noreset.var.min-2.css.gz
- alifd__next/1.26.29/next-noreset.var.min-2.min.css.gz
- alifd__next/1.26.29/next-noreset.var.min.css.gz
- alifd__next/1.26.29/next-with-locales.js.gz
- alifd__next/1.26.29/next-with-locales.min.js.gz
- alifd__next/1.26.29/next.css.gz
- alifd__next/1.26.29/next.js.gz
- alifd__next/1.26.29/next.min-1.css.gz
- alifd__next/1.26.29/next.min-1.min.css.gz
- alifd__next/1.26.29/next.min-2.css.gz
- alifd__next/1.26.29/next.min-2.min.css.gz
- alifd__next/1.26.29/next.min.css.gz
- alifd__next/1.26.29/next.min.js.gz
- alifd__next/1.26.29/next.var-1.css.gz
- alifd__next/1.26.29/next.var-1.min.css.gz
- alifd__next/1.26.29/next.var-2.css.gz
- alifd__next/1.26.29/next.var-2.min.css.gz
- alifd__next/1.26.29/next.var.css.gz
- alifd__next/1.26.29/next.var.min-1.css.gz
- alifd__next/1.26.29/next.var.min-1.min.css.gz
- alifd__next/1.26.29/next.var.min-2.css.gz
- alifd__next/1.26.29/next.var.min-2.min.css.gz
- alifd__next/1.26.29/next.var.min.css.gz
