config: {"authors":[{"name":"The Noto Project Authors","url":"github.com/googlei18n/noto-fonts"}],"autoupdate":{"source":"npm","target":"@fontsource/noto-mono","fileMap":[{"basePath":"","files":["*.css","files/*.@(woff|woff2)"]}],"excludeFromSearch":true},"description":"Self-host the Noto Mono font in a neatly bundled NPM package.","filename":"index.css","homepage":"https://fontsource.org/fonts/noto-mono","keywords":["fontsource","font","font family","google fonts","noto-mono","Noto Mono","css","sass","front-end","web","typeface","variable"],"license":"OFL-1.1","name":"fontsource-noto-mono","repository":{"type":"git","url":"git+https://github.com/fontsource/font-files.git"},"author":"The Noto Project Authors (github.com/googlei18n/noto-fonts)"}
KV keys:
- fontsource-noto-mono/5.0.0/400.css.br
- fontsource-noto-mono/5.0.0/400.css.gz
- fontsource-noto-mono/5.0.0/400.min.css.br
- fontsource-noto-mono/5.0.0/400.min.css.gz
- fontsource-noto-mono/5.0.0/files/noto-mono-latin-400-normal.woff.br
- fontsource-noto-mono/5.0.0/files/noto-mono-latin-400-normal.woff.gz
- fontsource-noto-mono/5.0.0/files/noto-mono-latin-400-normal.woff2
- fontsource-noto-mono/5.0.0/index.css.br
- fontsource-noto-mono/5.0.0/index.css.gz
- fontsource-noto-mono/5.0.0/index.min.css.br
- fontsource-noto-mono/5.0.0/index.min.css.gz
- fontsource-noto-mono/5.0.0/latin-400.css.br
- fontsource-noto-mono/5.0.0/latin-400.css.gz
- fontsource-noto-mono/5.0.0/latin-400.min.css.br
- fontsource-noto-mono/5.0.0/latin-400.min.css.gz
- fontsource-noto-mono/5.0.0/latin.css.br
- fontsource-noto-mono/5.0.0/latin.css.gz
- fontsource-noto-mono/5.0.0/latin.min.css.br
- fontsource-noto-mono/5.0.0/latin.min.css.gz
SRIs:
- fontsource-noto-mono/5.0.0/index.css: sha512-s0hci/qUdCj61CZody5kpmU6ddxyEwlGZRa9psgj3OMbWz4OCiqICrrQK6qXGtCq3DMITFfpwWF4TB4rGCg0WQ==
- fontsource-noto-mono/5.0.0/index.min.css: sha512-k1fHQ7XweMvaYnErxudK5jdKMNjR93R1tUPtabnbdXzWfhikeNH1xSuK4/dCWJSe3HBt3I8cSTXhoF9aWkxakQ==
- fontsource-noto-mono/5.0.0/latin-400.css: sha512-s0hci/qUdCj61CZody5kpmU6ddxyEwlGZRa9psgj3OMbWz4OCiqICrrQK6qXGtCq3DMITFfpwWF4TB4rGCg0WQ==
- fontsource-noto-mono/5.0.0/latin-400.min.css: sha512-k1fHQ7XweMvaYnErxudK5jdKMNjR93R1tUPtabnbdXzWfhikeNH1xSuK4/dCWJSe3HBt3I8cSTXhoF9aWkxakQ==
- fontsource-noto-mono/5.0.0/latin.css: sha512-s0hci/qUdCj61CZody5kpmU6ddxyEwlGZRa9psgj3OMbWz4OCiqICrrQK6qXGtCq3DMITFfpwWF4TB4rGCg0WQ==
- fontsource-noto-mono/5.0.0/latin.min.css: sha512-k1fHQ7XweMvaYnErxudK5jdKMNjR93R1tUPtabnbdXzWfhikeNH1xSuK4/dCWJSe3HBt3I8cSTXhoF9aWkxakQ==
- fontsource-noto-mono/5.0.0/400.css: sha512-s0hci/qUdCj61CZody5kpmU6ddxyEwlGZRa9psgj3OMbWz4OCiqICrrQK6qXGtCq3DMITFfpwWF4TB4rGCg0WQ==
- fontsource-noto-mono/5.0.0/400.min.css: sha512-k1fHQ7XweMvaYnErxudK5jdKMNjR93R1tUPtabnbdXzWfhikeNH1xSuK4/dCWJSe3HBt3I8cSTXhoF9aWkxakQ==
