config: {"authors":[{"name":"James Long","url":"https://archive.jlongster.com/"}],"autoupdate":{"source":"npm","target":"prettier","fileMap":[{"basePath":"","files":["standalone.js","parser-*.js"]}]},"description":"Prettier is an opinionated code formatter","filename":"standalone.js","keywords":["format"],"license":"MIT","name":"prettier","repository":{"type":"git","url":"git+https://github.com/prettier/prettier.git"},"author":"James Long (https://archive.jlongster.com/)"}
KV keys:
- prettier/2.6.1/parser-angular.js.br
- prettier/2.6.1/parser-angular.js.gz
- prettier/2.6.1/parser-angular.min.js.br
- prettier/2.6.1/parser-angular.min.js.gz
- prettier/2.6.1/parser-babel.js.br
- prettier/2.6.1/parser-babel.js.gz
- prettier/2.6.1/parser-babel.min.js.br
- prettier/2.6.1/parser-babel.min.js.gz
- prettier/2.6.1/parser-espree.js.br
- prettier/2.6.1/parser-espree.js.gz
- prettier/2.6.1/parser-espree.min.js.br
- prettier/2.6.1/parser-espree.min.js.gz
- prettier/2.6.1/parser-flow.js.br
- prettier/2.6.1/parser-flow.js.gz
- prettier/2.6.1/parser-flow.min.js.br
- prettier/2.6.1/parser-flow.min.js.gz
- prettier/2.6.1/parser-glimmer.js.br
- prettier/2.6.1/parser-glimmer.js.gz
- prettier/2.6.1/parser-glimmer.min.js.br
- prettier/2.6.1/parser-glimmer.min.js.gz
- prettier/2.6.1/parser-graphql.js.br
- prettier/2.6.1/parser-graphql.js.gz
- prettier/2.6.1/parser-graphql.min.js.br
- prettier/2.6.1/parser-graphql.min.js.gz
- prettier/2.6.1/parser-html.js.br
- prettier/2.6.1/parser-html.js.gz
- prettier/2.6.1/parser-html.min.js.br
- prettier/2.6.1/parser-html.min.js.gz
- prettier/2.6.1/parser-markdown.js.br
- prettier/2.6.1/parser-markdown.js.gz
- prettier/2.6.1/parser-markdown.min.js.br
- prettier/2.6.1/parser-markdown.min.js.gz
- prettier/2.6.1/parser-meriyah.js.br
- prettier/2.6.1/parser-meriyah.js.gz
- prettier/2.6.1/parser-meriyah.min.js.br
- prettier/2.6.1/parser-meriyah.min.js.gz
- prettier/2.6.1/parser-postcss.js.br
- prettier/2.6.1/parser-postcss.js.gz
- prettier/2.6.1/parser-postcss.min.js.br
- prettier/2.6.1/parser-postcss.min.js.gz
- prettier/2.6.1/parser-typescript.js.br
- prettier/2.6.1/parser-typescript.js.gz
- prettier/2.6.1/parser-typescript.min.js.br
- prettier/2.6.1/parser-typescript.min.js.gz
- prettier/2.6.1/parser-yaml.js.br
- prettier/2.6.1/parser-yaml.js.gz
- prettier/2.6.1/parser-yaml.min.js.br
- prettier/2.6.1/parser-yaml.min.js.gz
- prettier/2.6.1/standalone.js.br
- prettier/2.6.1/standalone.js.gz
- prettier/2.6.1/standalone.min.js.br
- prettier/2.6.1/standalone.min.js.gz
SRIs:
- prettier/2.6.1/parser-angular.min.js: sha512-euga7zAboeW+jNPx//Lr9GJWoYa3cyOIpoK0GWjUuFnm/PbgNwUQdZDHzsYaXY1e6mT+2teOtrL9WGbgBwopPA==
- prettier/2.6.1/parser-espree.js: sha512-oDyaunlDOz4k+ZCD0Of4CdfGfxZBcoGMfshIVErctQmPTsdXIbbYdZN57XEC/Qm8fIbRs04mVdjo76VGhTOVgA==
- prettier/2.6.1/parser-typescript.min.js: sha512-JxVCipGZl7/yRC9vkfHDUeGtpWHm2ahCH34kpLpO2jSnqkqbs3SembLFZLYj2merB+QzpL673oD6k/+xAUXWSA==
- prettier/2.6.1/parser-angular.js: sha512-plWYxL3SgHaQRNqe3Ck2TnBxKe5zt8D5eGjYbDhq69OPhPJr0M0qNDZlIXx/zm0M74KdmEc65HJz+3dbsRZHfg==
- prettier/2.6.1/parser-glimmer.min.js: sha512-U+CYcLXFASBqkMvFw2vCU9OJYRNu8w+ukieRIoIHmZaM9ipuZVU1hzyfZC1n9XXX2ff75K5CE5f0X3fuXtMgGQ==
- prettier/2.6.1/parser-html.min.js: sha512-mc/hAAz/mB1zQC84rRQdSJHKXkfSF2tFqCqPyvhUpxXZCxGZYX6uEST7tMY6moN8GjJWnZLLZroGJRZN+ZuC9Q==
- prettier/2.6.1/parser-meriyah.js: sha512-nRuCx5uggnZv+JLFePl/tqVuuunBAHr7djbyYnqiccEm+TmAYoUB9gVF+g5Cb971KarOp9vA79aBDPE1O+YO4w==
- prettier/2.6.1/parser-postcss.min.js: sha512-x1xC+BXaRNJsGkl151kbJRXlpZy6wH0M40XABNIRYHgG2pImuzu3SQEQ21SnvJzeEkC1Qhlpky/DWc9TJZUZDw==
- prettier/2.6.1/parser-yaml.min.js: sha512-JVBhk/1YStjxUCXjkUVGEENt+qtwGM1bSP1y73RPNo0T/uFo+MO0ujsCYc41VKpbwgm9dadEU/XUMrzZ2JXLEw==
- prettier/2.6.1/standalone.min.js: sha512-7d09zgk1+LVFAazxfD3UenkO8DyqIasPpKK7oCMKDo8gZZmxt9PwH1fKHgQvSD850rjGpV8byKDKpi6UAFG+JQ==
- prettier/2.6.1/parser-babel.js: sha512-EspijIyDPV68D7GS6I8886bjTLL3YsDXksSPsBAMID7c3FEUDQQxYlonFLJ+Wt7eToFxw6o0YI4ix7RWZxiL4A==
- prettier/2.6.1/parser-glimmer.js: sha512-HL3BN6j6kuxnvi4QInIisp7nXYPruOG3QBjG72pTIB64GUv6LAoh+34gfsZssWAN5WfVFvduX0zHnGgJpVShBw==
- prettier/2.6.1/parser-markdown.js: sha512-9bmLYQqoyPTeFopRsZDfXEd9IfFzqfLCETOCwfTVEYzj8ATAk/rkA9CYRcoQ5sBb6cMZNLKN7yId8Fmiz2J2jw==
- prettier/2.6.1/parser-markdown.min.js: sha512-2B0tPYrWDYe+OB1O+RyL4xsniiULsyqqUH3kPnzh5Iqyhl/VadRbX8Si3sePL0EyrrFcmgq/Q9wuBeCQd2x7rQ==
- prettier/2.6.1/standalone.js: sha512-t4ztF02ZXFpojI6zv9T0WgFXM9jiyvLaulPTGz6OVI3uLGITfGJkMYKYt2S+1C1W3PEPnVn4xJ1CKTnMOXsHKw==
- prettier/2.6.1/parser-babel.min.js: sha512-Y2xC/Dn5uG76cc+NTcjpM+knx3egtx9NYtvg0K837WygO0ElHg7pjIMWCBOQuKxU/O5mdo5phQ2CosmU+TPlVg==
- prettier/2.6.1/parser-espree.min.js: sha512-+cJOP6AlzMogMPAY0Q1xNjWVmapL5SvPqtHaP61caMtUdxVBAParBEoIpOjLmEHeg2EpQe+oJz5zT8QzEf31DQ==
- prettier/2.6.1/parser-flow.js: sha512-93gWk79Uy8GmM0P3DBlPEfsA5fJ+xNu6h7AY7yj+7bTA+O9X41OSUxSPew2vD8mMRiZ4c1Aqg5E6dNWMIp837g==
- prettier/2.6.1/parser-flow.min.js: sha512-D7bt+nV1sAVKvDE60p3JVXTWXMTouOupV8RBh5ZMl58jZqEQNxYB3ga6Xh9Ebsc0v9tsn+t09WRqxdja24ObBg==
- prettier/2.6.1/parser-graphql.js: sha512-rS/z9AzDD9DAVgJfdGwwErQEoN+1JU1LvDrnHiCkNwiXd18BeBs3R69m/YuV6+8+DDVEBdDx77TLZss/44rM6g==
- prettier/2.6.1/parser-graphql.min.js: sha512-zQ/3A5PvRygveOuodl9p6DNqni8dPOk1+AARfBqFPlDGlVZ1oGY+aq9C4D0r+CHRjRB5pScbMRllPqMo64X8gw==
- prettier/2.6.1/parser-html.js: sha512-AnfUxvzWutAroZAiOr7ISMSOA7su8OxbeOZ6Tfm3dWFakKYH90ZYIWw1ZNAUAskYG5QWnNYvZz3kECZ5nUOPEw==
- prettier/2.6.1/parser-meriyah.min.js: sha512-inT9K6zel6jWS81gVqUMLV6DVvbyuiUrXPgP5f/tALH80k0Lmbxo2rarYoZjp57Z0kBbCAfhJbszvhiY8iMSDg==
- prettier/2.6.1/parser-postcss.js: sha512-vn3CZjZl+DvjqVZi4EXo9unf5oSWUQzmpd6ARVE6VqFjvp1/hiJ+t1o4x8F/LuIzAMtjClcBeRgOe/PLss+Efw==
- prettier/2.6.1/parser-typescript.js: sha512-336nAY2fq3pHHMzzFoLyZ4nyot9AGC5yQmn4nh5Poy88HQsA0bR4iZSQTJymd/HaMm34NAMBTmJdcRNX3A57Kw==
- prettier/2.6.1/parser-yaml.js: sha512-DTJFLIJm6JVxACT3RoGgZSV55XRtOAEgkHXfFfgKt7/5d4cuUXEG8+DO+C6xRqHjU79+pubXFKG1VgyuG4sZ6A==
