config: {"autoupdate":{"source":"npm","target":"@alifd/next","fileMap":[{"basePath":"dist","files":["**/*"]}]},"description":"A configurable component library for web built on React.","filename":"next.min.js","homepage":"https://github.com/alibaba-fusion/next","keywords":["fusion","fusion design","next","component","ui tookit","react","react-components","components","design","frontend"],"license":"MIT","name":"alifd__next","repository":{"type":"git","url":"https://github.com/alibaba-fusion/next.git"}}
KV keys:
- alifd__next/1.27.5-beta.1/adaptor.min.js.br
- alifd__next/1.27.5-beta.1/adaptor.min.js.gz
- alifd__next/1.27.5-beta.1/next-1.css.br
- alifd__next/1.27.5-beta.1/next-1.css.gz
- alifd__next/1.27.5-beta.1/next-1.min.css.br
- alifd__next/1.27.5-beta.1/next-1.min.css.gz
- alifd__next/1.27.5-beta.1/next-2.css.br
- alifd__next/1.27.5-beta.1/next-2.css.gz
- alifd__next/1.27.5-beta.1/next-2.min.css.br
- alifd__next/1.27.5-beta.1/next-2.min.css.gz
- alifd__next/1.27.5-beta.1/next-noreset-1.css.br
- alifd__next/1.27.5-beta.1/next-noreset-1.css.gz
- alifd__next/1.27.5-beta.1/next-noreset-1.min.css.br
- alifd__next/1.27.5-beta.1/next-noreset-1.min.css.gz
- alifd__next/1.27.5-beta.1/next-noreset-2.css.br
- alifd__next/1.27.5-beta.1/next-noreset-2.css.gz
- alifd__next/1.27.5-beta.1/next-noreset-2.min.css.br
- alifd__next/1.27.5-beta.1/next-noreset-2.min.css.gz
- alifd__next/1.27.5-beta.1/next-noreset.css.br
- alifd__next/1.27.5-beta.1/next-noreset.css.gz
- alifd__next/1.27.5-beta.1/next-noreset.min-1.css.br
- alifd__next/1.27.5-beta.1/next-noreset.min-1.css.gz
- alifd__next/1.27.5-beta.1/next-noreset.min-1.min.css.br
- alifd__next/1.27.5-beta.1/next-noreset.min-1.min.css.gz
- alifd__next/1.27.5-beta.1/next-noreset.min-2.css.br
- alifd__next/1.27.5-beta.1/next-noreset.min-2.css.gz
- alifd__next/1.27.5-beta.1/next-noreset.min-2.min.css.br
- alifd__next/1.27.5-beta.1/next-noreset.min-2.min.css.gz
- alifd__next/1.27.5-beta.1/next-noreset.min.css.br
- alifd__next/1.27.5-beta.1/next-noreset.min.css.gz
- alifd__next/1.27.5-beta.1/next-noreset.var-1.css.br
- alifd__next/1.27.5-beta.1/next-noreset.var-1.css.gz
- alifd__next/1.27.5-beta.1/next-noreset.var-1.min.css.br
- alifd__next/1.27.5-beta.1/next-noreset.var-1.min.css.gz
- alifd__next/1.27.5-beta.1/next-noreset.var-2.css.br
- alifd__next/1.27.5-beta.1/next-noreset.var-2.css.gz
- alifd__next/1.27.5-beta.1/next-noreset.var-2.min.css.br
- alifd__next/1.27.5-beta.1/next-noreset.var-2.min.css.gz
- alifd__next/1.27.5-beta.1/next-noreset.var.css.br
- alifd__next/1.27.5-beta.1/next-noreset.var.css.gz
- alifd__next/1.27.5-beta.1/next-noreset.var.min-1.css.br
- alifd__next/1.27.5-beta.1/next-noreset.var.min-1.css.gz
- alifd__next/1.27.5-beta.1/next-noreset.var.min-1.min.css.br
- alifd__next/1.27.5-beta.1/next-noreset.var.min-1.min.css.gz
- alifd__next/1.27.5-beta.1/next-noreset.var.min-2.css.br
- alifd__next/1.27.5-beta.1/next-noreset.var.min-2.css.gz
- alifd__next/1.27.5-beta.1/next-noreset.var.min-2.min.css.br
- alifd__next/1.27.5-beta.1/next-noreset.var.min-2.min.css.gz
- alifd__next/1.27.5-beta.1/next-noreset.var.min.css.br
- alifd__next/1.27.5-beta.1/next-noreset.var.min.css.gz
- alifd__next/1.27.5-beta.1/next-with-locales.js.br
- alifd__next/1.27.5-beta.1/next-with-locales.js.gz
- alifd__next/1.27.5-beta.1/next-with-locales.min.js.br
- alifd__next/1.27.5-beta.1/next-with-locales.min.js.gz
- alifd__next/1.27.5-beta.1/next.css.br
- alifd__next/1.27.5-beta.1/next.css.gz
- alifd__next/1.27.5-beta.1/next.js.br
- alifd__next/1.27.5-beta.1/next.js.gz
- alifd__next/1.27.5-beta.1/next.min-1.css.br
- alifd__next/1.27.5-beta.1/next.min-1.css.gz
- alifd__next/1.27.5-beta.1/next.min-1.min.css.br
- alifd__next/1.27.5-beta.1/next.min-1.min.css.gz
- alifd__next/1.27.5-beta.1/next.min-2.css.br
- alifd__next/1.27.5-beta.1/next.min-2.css.gz
- alifd__next/1.27.5-beta.1/next.min-2.min.css.br
- alifd__next/1.27.5-beta.1/next.min-2.min.css.gz
- alifd__next/1.27.5-beta.1/next.min.css.br
- alifd__next/1.27.5-beta.1/next.min.css.gz
- alifd__next/1.27.5-beta.1/next.min.js.br
- alifd__next/1.27.5-beta.1/next.min.js.gz
- alifd__next/1.27.5-beta.1/next.var-1.css.br
- alifd__next/1.27.5-beta.1/next.var-1.css.gz
- alifd__next/1.27.5-beta.1/next.var-1.min.css.br
- alifd__next/1.27.5-beta.1/next.var-1.min.css.gz
- alifd__next/1.27.5-beta.1/next.var-2.css.br
- alifd__next/1.27.5-beta.1/next.var-2.css.gz
- alifd__next/1.27.5-beta.1/next.var-2.min.css.br
- alifd__next/1.27.5-beta.1/next.var-2.min.css.gz
- alifd__next/1.27.5-beta.1/next.var.css.br
- alifd__next/1.27.5-beta.1/next.var.css.gz
- alifd__next/1.27.5-beta.1/next.var.min-1.css.br
- alifd__next/1.27.5-beta.1/next.var.min-1.css.gz
- alifd__next/1.27.5-beta.1/next.var.min-1.min.css.br
- alifd__next/1.27.5-beta.1/next.var.min-1.min.css.gz
- alifd__next/1.27.5-beta.1/next.var.min-2.css.br
- alifd__next/1.27.5-beta.1/next.var.min-2.css.gz
- alifd__next/1.27.5-beta.1/next.var.min-2.min.css.br
- alifd__next/1.27.5-beta.1/next.var.min-2.min.css.gz
- alifd__next/1.27.5-beta.1/next.var.min.css.br
- alifd__next/1.27.5-beta.1/next.var.min.css.gz
SRIs:
- alifd__next/1.27.5-beta.1/next-noreset.var.min-1.css: sha512-2u8HOCR8nTRl8erm413f+ZvtprxlzDbtdDiUf7VG7BlnVHopt0938tOJjY5xlHrJ0BnfqCWbvbQ7QHM1CXp6Qw==
- alifd__next/1.27.5-beta.1/next-with-locales.js: sha512-UEznRQVHjtNC29sex6Wzgk9fIv+GYnQD2ycMVXMO8SFcpNSZi9YjTxTVN2i98hWvKjSnvHu5bLIQ1WywWfMr9w==
- alifd__next/1.27.5-beta.1/next.css: sha512-5IMKGsLMD4Iwfg2mzVHFm2rTLfHYtv7aMnHlNg11Uc5GilMgIAFk4FFQTb/CGJeCydkN/WrDRlB2RihZg+T89Q==
- alifd__next/1.27.5-beta.1/next-noreset.var-2.min.css: sha512-ml54a40E2qE1ARs4ywz+5sGn7Z4udWh22HedJ2V2u/hgqwLYECixWasmDCwftb7C8BYBZufDj5iGceNTQm+KMA==
- alifd__next/1.27.5-beta.1/next-noreset.min-1.css: sha512-hN/QQn7XTwfimc/IP7X1h6UBSV6z2vA2zlohmGC7cMLBYcxmQTuU6A3SE5zyRrIVuLtUy4fr77nys8tTTYdY1Q==
- alifd__next/1.27.5-beta.1/next-noreset.min-1.min.css: sha512-WHU5F5f7hmiB/0D8rC3rHmSvtraLRISO7N13wz6UrX7QLJGB6RX4eUGO0zNrLSr3t50t99STrVIfoYK8jucUKw==
- alifd__next/1.27.5-beta.1/next-noreset.var-1.css: sha512-UmK3wgFjjNYAdul0ssn9ctrIrHZsq2eRxDO0KCcEqX2F7OXzWifbX2r72SPikSkmlvQYuMzftWF5UzLQurHw2A==
- alifd__next/1.27.5-beta.1/next-noreset.var.min.css: sha512-J31WrUM/splSkeYkmB0mkmg4yC310fKp2oPKbQwfhGc8g4gAt6K9vUCVyZ5heJiK/1R24fYRqeV0LUVK/GwF7Q==
- alifd__next/1.27.5-beta.1/next.var-2.css: sha512-Plgq9hwCHhk4VdLGjE2DnZSJle3aiS5ImUSiFCX2V520tgYEYbg482Bf5z2QQK/hYuSNzAaOfQ+ByPczBENYNw==
- alifd__next/1.27.5-beta.1/next-noreset.css: sha512-q7EB7BK/bP6iabVaifJDTGxGMU0aTwsryaGpRrrn9rH4X/HzSQWyXS9uoGe7XRezGufheGSqTs5q7mJ0gXic8w==
- alifd__next/1.27.5-beta.1/next-noreset-2.css: sha512-MCA0yWksMRWuGB1l1Fe2vVS58at2TgyKfkYLLJWufFvOWzlOdQnq9WYQB4VMOAOkjwQ71N0yakmjGRP9rONfrQ==
- alifd__next/1.27.5-beta.1/next-noreset.var.min-1.min.css: sha512-j2/GGx5toCIbzTLhxXfobpV8HaYhOlgKnuVv2LR7D3wYKbI2eRGQsVbKS3tBg0Dik9EF/Y4QhBMbZF7WsrEBxQ==
- alifd__next/1.27.5-beta.1/next.var.min-2.min.css: sha512-NjMlb9iSG4dd0OeI4Z6oKlt3PUhgFUTQRqGuQOgx1akbHh/i6pPK5Xfo3Do5ctCxQeuoth5NP6t5hpw/zy53NQ==
- alifd__next/1.27.5-beta.1/next-noreset-1.css: sha512-GXSAynHb/MR3O8u1ouu2TISZ+A7Mu6D4c1cLx4IPhqAnhpo/Idizw95aXf71ij+Ri9S2+iwwTy6t8gieVem+XA==
- alifd__next/1.27.5-beta.1/next-1.min.css: sha512-zDa3MpDUqcArCT4uivkFz8LMDggNIFEL482wJRceOfd4nDg9DNl/7MleD58wrESbTAgtkbYEsKpraqUP2TOCag==
- alifd__next/1.27.5-beta.1/next-noreset.min-2.css: sha512-w+P+unEXdOjlH4+WkCT+Yr1qBuc2zkVOFNNtoXiZSreEICb6ZtgrZkEM3S4T/usSf9KyaDhqWKRGcuGfiudTcA==
- alifd__next/1.27.5-beta.1/next-noreset.min.css: sha512-3S/MsErto9brSEGEzfsKeYwQgCKHz/bj/h3E1mYf1466rJVfN9gFWcqTyoJpzRPOrE3N23Ro+0Pcf83t8ZLSnA==
- alifd__next/1.27.5-beta.1/next-noreset.var-1.min.css: sha512-ZwsBUnq9Tz9uMRV4VK2xU+44H+1DXcUA9oFreQ8x8m4qG6mKccOF0JZ4WSG2clsFsHGsgDz61nwnAV3qTsTrUw==
- alifd__next/1.27.5-beta.1/next.js: sha512-rx0Sf4JOf6/0t/6Hqtn4Ho8+YpI94VUpHoTqI5oClUTcjgdwViU+dPBvyBjCOn0fYBFjnihByqDo2ZKWF5JTIQ==
- alifd__next/1.27.5-beta.1/next.min-1.css: sha512-hohzMbzEZvPrHNlnbIv65ogiC8mxmg9sr0tbNnzsVXKsTYQ149PPJmXZvN7eEC4cVGspFs2E9mTxm/oiPZTgTw==
- alifd__next/1.27.5-beta.1/next.var.min.css: sha512-fhF4FSw4RdEIZUswKLKfelXGacYRBU7qirYthP6xeJ9KnsEwcyw41OJr0d4nkZWAaGru8vCShBoVQW6ZcHo7Vw==
- alifd__next/1.27.5-beta.1/next-1.css: sha512-qVKlXEstsps5eal98k541fSxdYHdk5Ep6k8LayHCAsbja2xdMhBrlMR5c66/QKFDv6PA8y5vKaeqIfNvHHXlvA==
- alifd__next/1.27.5-beta.1/next-noreset-2.min.css: sha512-wphbmZy07KiGWeAfECLzgE4r16gCacTWkGtwiAd2nkSMehk8Gh5ouItVQYA+GTkilhL1Hd//19BRCNMSn0LPSQ==
- alifd__next/1.27.5-beta.1/next-noreset.var-2.css: sha512-ZzWWdz9dw3OOsICJpsVYiEPxOz5T+nIo3DLndxlF9vGczw/+k/odAOR3fmwvHAa7SVBWk+Qx0uB8fZbbh5+2sA==
- alifd__next/1.27.5-beta.1/next-noreset.var.css: sha512-No6Ei5huyuqxgr89rAlsYnPbcsrGNrrhp0pt/tZcSjEBCTtjtbEz6dE+NdMohK2Bigeu7XajJvLLnjTDoFAI8Q==
- alifd__next/1.27.5-beta.1/next.var-1.min.css: sha512-ZwsBUnq9Tz9uMRV4VK2xU+44H+1DXcUA9oFreQ8x8m4qG6mKccOF0JZ4WSG2clsFsHGsgDz61nwnAV3qTsTrUw==
- alifd__next/1.27.5-beta.1/next.var-2.min.css: sha512-pBVSZd1kLM/Yd5pBD4rBJsOQxWrWa//cvsfZ6SrtwW9v75TIJYdG+nKanl101SzKu5o9iMVJzYNE3jUlNpPmgA==
- alifd__next/1.27.5-beta.1/next-2.min.css: sha512-7ngKAzMKIG7Pwl2cwcShv0Dj77SwtoZSamsrwjRucXxKfpMDgi8Quk+Rski4ts5LKzsprRmNWattKMC/cHWWrA==
- alifd__next/1.27.5-beta.1/next-with-locales.min.js: sha512-XG6bkvk7mzCmHzXTSVul5Gn3TOaQN2dop0Ud2/Wb8QgCX5qGvOhwcFBSsm31yzSp02YV51VYGRMInq1q/fWzxA==
- alifd__next/1.27.5-beta.1/next.var.min-1.min.css: sha512-j2/GGx5toCIbzTLhxXfobpV8HaYhOlgKnuVv2LR7D3wYKbI2eRGQsVbKS3tBg0Dik9EF/Y4QhBMbZF7WsrEBxQ==
- alifd__next/1.27.5-beta.1/next-noreset.var.min-2.min.css: sha512-X8nAxV0eW6yoOvluiEOZvbuAz9rT2N3DAj6R4aGludQJCdQQ7FW4uzDBy69WQHeGfdM6hM1A3rxkIfpgAZHa/w==
- alifd__next/1.27.5-beta.1/next-2.css: sha512-B/MZv2xAVg5SxRsuyQf2NH2lCZ9fL2I6a9Ov1g3y09GI49wbrabCOXPEdTHIijDXPJoKzuHH0wxOe2PvPoWyrg==
- alifd__next/1.27.5-beta.1/next-noreset.var.min-2.css: sha512-VXTh7jYb9Nbpb31KMFhUH+8uuLRzjz4u7JHhOz8NJH17zZi28JNfB2FYA7Bt7xm5EfKxsw+oOw/axiUzxZ1nWA==
- alifd__next/1.27.5-beta.1/next.min-2.css: sha512-TY17y/u6DL63zbdkVl9HiADP0LqvSkDRbuW5Du1gToppYbgYsaMu/pkzH62HxWEYfTBFrL25/uADF65b68H35A==
- alifd__next/1.27.5-beta.1/next.min.js: sha512-mbl1baeSLzBPoTXIY+Sthqg/rDuMlwdI6xGydQc2+Uy7ulzD16xfnDWrdef/YJnxhF5SENui2C+HFbYuB2So+w==
- alifd__next/1.27.5-beta.1/next.var.css: sha512-RpnODVbXmGOi4vQpS56iqi4T6PG446PYQrJR0WFS7g/MFeA151leR3UHVMUvRucMNkOS1gHXQvtx7VWERzYmTQ==
- alifd__next/1.27.5-beta.1/adaptor.min.js: sha512-R1rNT4yi7jOlxjWCLCon0yMR940cCqC8WNr0aXJ01nEk/6IC31gOJWCk7IpHuYEyU3s7gOLDksGh/oDvsUUeNg==
- alifd__next/1.27.5-beta.1/next-noreset.min-2.min.css: sha512-tomfG1ulinvMjfQxqRgIpkYCE7eSEVOl29iC7yP5pyJMaGC5suFIWIpCHfBzM5311sDB6dYc6W9nhrnhJdGMNA==
- alifd__next/1.27.5-beta.1/next.min-1.min.css: sha512-1nnFuWeJEMdMR4k5tsmhDdsJwpBdf+NNNTMX/hjxnAiS5fsUrtmtV8m0VAyKOYp86uGPPYOdgQ8QmoTIcgf/hA==
- alifd__next/1.27.5-beta.1/next.min-2.min.css: sha512-ZqHMe6nbb/W8dyc1B8ytnNER0xHi4tc0r3JSUoPZbwfmnxBF5+zC/ynNkU0I1QP4nR+66i8IGcSdj0T+g/xzCw==
- alifd__next/1.27.5-beta.1/next.min.css: sha512-mlKF9PssZQJxE9J2+W8vi27dihV5EPNLULFITg+UsI721q+CIQ0o+wb50tLK/b2/3qLNqKbPUIqa+VQ3u+pBZg==
- alifd__next/1.27.5-beta.1/next.var-1.css: sha512-1wsHM/rvXODOjtvAIto8bd358Mb+GMUx23zy7v+4hvhXgLSYDnScbgasO209iGZCPCFLSu4UMnHe9N8v0vaLrg==
- alifd__next/1.27.5-beta.1/next.var.min-1.css: sha512-2u8HOCR8nTRl8erm413f+ZvtprxlzDbtdDiUf7VG7BlnVHopt0938tOJjY5xlHrJ0BnfqCWbvbQ7QHM1CXp6Qw==
- alifd__next/1.27.5-beta.1/next.var.min-2.css: sha512-VX4a3uSSw2Su1tX9EXhpkxYA3fWhKxE5uGayxf/FQv1l2NRVTOIcM181+Fg+vS9L6iC4o10EI0KLK5hP8OoPIw==
- alifd__next/1.27.5-beta.1/next-noreset-1.min.css: sha512-6QlT64NCDXOCuqbFLevjqZDOGCMWQ84mHGvw3435kK9iW0FOE4ZISzgRn8+7adbDLi4P251DWC8jbWqs2tqvKg==
