Files:
- fontsource-sriracha/5.0.3/400.css.br
- fontsource-sriracha/5.0.3/400.css.gz
- fontsource-sriracha/5.0.3/400.min.css.br
- fontsource-sriracha/5.0.3/400.min.css.gz
- fontsource-sriracha/5.0.3/files/sriracha-latin-400-normal.woff.br
- fontsource-sriracha/5.0.3/files/sriracha-latin-400-normal.woff.gz
- fontsource-sriracha/5.0.3/files/sriracha-latin-400-normal.woff2
- fontsource-sriracha/5.0.3/files/sriracha-latin-ext-400-normal.woff.br
- fontsource-sriracha/5.0.3/files/sriracha-latin-ext-400-normal.woff.gz
- fontsource-sriracha/5.0.3/files/sriracha-latin-ext-400-normal.woff2
- fontsource-sriracha/5.0.3/files/sriracha-thai-400-normal.woff.br
- fontsource-sriracha/5.0.3/files/sriracha-thai-400-normal.woff.gz
- fontsource-sriracha/5.0.3/files/sriracha-thai-400-normal.woff2
- fontsource-sriracha/5.0.3/files/sriracha-vietnamese-400-normal.woff.br
- fontsource-sriracha/5.0.3/files/sriracha-vietnamese-400-normal.woff.gz
- fontsource-sriracha/5.0.3/files/sriracha-vietnamese-400-normal.woff2
- fontsource-sriracha/5.0.3/index.css.br
- fontsource-sriracha/5.0.3/index.css.gz
- fontsource-sriracha/5.0.3/index.min.css.br
- fontsource-sriracha/5.0.3/index.min.css.gz
- fontsource-sriracha/5.0.3/latin-400.css.br
- fontsource-sriracha/5.0.3/latin-400.css.gz
- fontsource-sriracha/5.0.3/latin-400.min.css.br
- fontsource-sriracha/5.0.3/latin-400.min.css.gz
- fontsource-sriracha/5.0.3/latin-ext-400.css.br
- fontsource-sriracha/5.0.3/latin-ext-400.css.gz
- fontsource-sriracha/5.0.3/latin-ext-400.min.css.br
- fontsource-sriracha/5.0.3/latin-ext-400.min.css.gz
- fontsource-sriracha/5.0.3/latin-ext.css.br
- fontsource-sriracha/5.0.3/latin-ext.css.gz
- fontsource-sriracha/5.0.3/latin-ext.min.css.br
- fontsource-sriracha/5.0.3/latin-ext.min.css.gz
- fontsource-sriracha/5.0.3/latin.css.br
- fontsource-sriracha/5.0.3/latin.css.gz
- fontsource-sriracha/5.0.3/latin.min.css.br
- fontsource-sriracha/5.0.3/latin.min.css.gz
- fontsource-sriracha/5.0.3/thai-400.css.br
- fontsource-sriracha/5.0.3/thai-400.css.gz
- fontsource-sriracha/5.0.3/thai-400.min.css.br
- fontsource-sriracha/5.0.3/thai-400.min.css.gz
- fontsource-sriracha/5.0.3/thai.css.br
- fontsource-sriracha/5.0.3/thai.css.gz
- fontsource-sriracha/5.0.3/thai.min.css.br
- fontsource-sriracha/5.0.3/thai.min.css.gz
- fontsource-sriracha/5.0.3/vietnamese-400.css.br
- fontsource-sriracha/5.0.3/vietnamese-400.css.gz
- fontsource-sriracha/5.0.3/vietnamese-400.min.css.br
- fontsource-sriracha/5.0.3/vietnamese-400.min.css.gz
- fontsource-sriracha/5.0.3/vietnamese.css.br
- fontsource-sriracha/5.0.3/vietnamese.css.gz
- fontsource-sriracha/5.0.3/vietnamese.min.css.br
- fontsource-sriracha/5.0.3/vietnamese.min.css.gz
