2023/04/19 19:02:07 optimizing files (Js true, Css true, Png true, Jpg true)
2023/04/19 19:02:07 compress: run /node_modules/uglify-js/bin/uglifyjs --mangle --compress if_return=true -o /tmp/work/dist/selecto.cjs.min.js /tmp/work/dist/selecto.cjs.js
2023/04/19 19:02:07 algorithm: run /usr/bin/brotli --quality=11 --output=/output/selecto.esm.js.map.br /tmp/work/dist/selecto.esm.js.map
2023/04/19 19:02:07 compress: run /node_modules/uglify-js/bin/uglifyjs --mangle --compress if_return=true -o /tmp/work/dist/selecto.esm.min.js /tmp/work/dist/selecto.esm.js
2023/04/19 19:02:07 /tmp/work/dist/selecto.min.js already has corresponding compressed file
2023/04/19 19:02:07 /tmp/work/dist/selecto.min.js is already compressed
2023/04/19 19:02:07 algorithm: run /usr/bin/brotli --quality=11 --output=/output/selecto.js.map.br /tmp/work/dist/selecto.js.map
2023/04/19 19:02:07 algorithm: run /usr/bin/brotli --quality=11 --output=/output/selecto.cjs.js.map.br /tmp/work/dist/selecto.cjs.js.map
2023/04/19 19:02:07 algorithm: run /usr/bin/brotli --quality=11 --output=/output/selecto.min.js.map.br /tmp/work/dist/selecto.min.js.map
2023/04/19 19:02:07 sri /tmp/work/dist/selecto.min.js -> /output/selecto.min.js.sri
2023/04/19 19:02:07 algorithm: run /usr/bin/brotli --quality=11 --output=/output/selecto.min.js.br /tmp/work/dist/selecto.min.js
2023/04/19 19:02:07 sri /tmp/work/dist/selecto.js -> /output/selecto.js.sri
2023/04/19 19:02:07 algorithm: run /usr/bin/brotli --quality=11 --output=/output/selecto.js.br /tmp/work/dist/selecto.js
2023/04/19 19:02:08 br /tmp/work/dist/selecto.min.js -> /output/selecto.min.js.br
2023/04/19 19:02:08 gz /tmp/work/dist/selecto.min.js -> /output/selecto.min.js.gz
2023/04/19 19:02:08 br /tmp/work/dist/selecto.min.js.map -> /output/selecto.min.js.map.br
2023/04/19 19:02:08 gz /tmp/work/dist/selecto.min.js.map -> /output/selecto.min.js.map.gz
2023/04/19 19:02:08 br /tmp/work/dist/selecto.esm.js.map -> /output/selecto.esm.js.map.br
2023/04/19 19:02:08 br /tmp/work/dist/selecto.js.map -> /output/selecto.js.map.br
2023/04/19 19:02:08 gz /tmp/work/dist/selecto.esm.js.map -> /output/selecto.esm.js.map.gz
2023/04/19 19:02:08 gz /tmp/work/dist/selecto.js.map -> /output/selecto.js.map.gz
2023/04/19 19:02:08 br /tmp/work/dist/selecto.cjs.js.map -> /output/selecto.cjs.js.map.br
2023/04/19 19:02:08 gz /tmp/work/dist/selecto.cjs.js.map -> /output/selecto.cjs.js.map.gz
2023/04/19 19:02:08 br /tmp/work/dist/selecto.js -> /output/selecto.js.br
2023/04/19 19:02:08 gz /tmp/work/dist/selecto.js -> /output/selecto.js.gz
2023/04/19 19:02:08 sri /tmp/work/dist/selecto.esm.min.js -> /output/selecto.esm.min.js.sri
2023/04/19 19:02:08 algorithm: run /usr/bin/brotli --quality=11 --output=/output/selecto.esm.min.js.br /tmp/work/dist/selecto.esm.min.js
2023/04/19 19:02:08 sri /tmp/work/dist/selecto.cjs.min.js -> /output/selecto.cjs.min.js.sri
2023/04/19 19:02:08 algorithm: run /usr/bin/brotli --quality=11 --output=/output/selecto.cjs.min.js.br /tmp/work/dist/selecto.cjs.min.js
2023/04/19 19:02:08 br /tmp/work/dist/selecto.esm.min.js -> /output/selecto.esm.min.js.br
2023/04/19 19:02:08 gz /tmp/work/dist/selecto.esm.min.js -> /output/selecto.esm.min.js.gz
2023/04/19 19:02:08 sri /tmp/work/dist/selecto.esm.js -> /output/selecto.esm.js.sri
2023/04/19 19:02:08 algorithm: run /usr/bin/brotli --quality=11 --output=/output/selecto.esm.js.br /tmp/work/dist/selecto.esm.js
2023/04/19 19:02:08 br /tmp/work/dist/selecto.cjs.min.js -> /output/selecto.cjs.min.js.br
2023/04/19 19:02:08 gz /tmp/work/dist/selecto.cjs.min.js -> /output/selecto.cjs.min.js.gz
2023/04/19 19:02:08 sri /tmp/work/dist/selecto.cjs.js -> /output/selecto.cjs.js.sri
2023/04/19 19:02:08 algorithm: run /usr/bin/brotli --quality=11 --output=/output/selecto.cjs.js.br /tmp/work/dist/selecto.cjs.js
2023/04/19 19:02:08 br /tmp/work/dist/selecto.esm.js -> /output/selecto.esm.js.br
2023/04/19 19:02:08 gz /tmp/work/dist/selecto.esm.js -> /output/selecto.esm.js.gz
2023/04/19 19:02:08 br /tmp/work/dist/selecto.cjs.js -> /output/selecto.cjs.js.br
2023/04/19 19:02:08 gz /tmp/work/dist/selecto.cjs.js -> /output/selecto.cjs.js.gz
2023/04/19 19:02:08 processed selecto
