2022/11/15 15:35:49 optimizing files (Js true, Css true, Png true, Jpg true)
2022/11/15 15:35:49 /tmp/work/css/buttons.foundation.css already has a compressed version: /tmp/work/css/buttons.foundation.min.css
2022/11/15 15:35:49 /tmp/work/js/buttons.foundation.min.js already has corresponding compressed file
2022/11/15 15:35:49 sri /tmp/work/css/buttons.foundation.min.css -> /output/buttons.foundation.min.css.sri
2022/11/15 15:35:49 /tmp/work/js/buttons.foundation.min.js is already compressed
2022/11/15 15:35:49 sri /tmp/work/css/buttons.foundation.css -> /output/buttons.foundation.css.sri
2022/11/15 15:35:49 algorithm: run /usr/bin/brotli --quality=11 --output=/output/buttons.foundation.min.css.br /tmp/work/css/buttons.foundation.min.css
2022/11/15 15:35:49 sri /tmp/work/js/buttons.foundation.js -> /output/buttons.foundation.js.sri
2022/11/15 15:35:49 algorithm: run /usr/bin/brotli --quality=11 --output=/output/buttons.foundation.css.br /tmp/work/css/buttons.foundation.css
2022/11/15 15:35:49 algorithm: run /usr/bin/brotli --quality=11 --output=/output/buttons.foundation.js.br /tmp/work/js/buttons.foundation.js
2022/11/15 15:35:49 sri /tmp/work/js/buttons.foundation.min.js -> /output/buttons.foundation.min.js.sri
2022/11/15 15:35:49 algorithm: run /usr/bin/brotli --quality=11 --output=/output/buttons.foundation.min.js.br /tmp/work/js/buttons.foundation.min.js
2022/11/15 15:35:49 br /tmp/work/js/buttons.foundation.min.js -> /output/buttons.foundation.min.js.br
2022/11/15 15:35:49 gz /tmp/work/js/buttons.foundation.min.js -> /output/buttons.foundation.min.js.gz
2022/11/15 15:35:49 br /tmp/work/js/buttons.foundation.js -> /output/buttons.foundation.js.br
2022/11/15 15:35:49 gz /tmp/work/js/buttons.foundation.js -> /output/buttons.foundation.js.gz
2022/11/15 15:35:49 br /tmp/work/css/buttons.foundation.min.css -> /output/buttons.foundation.min.css.br
2022/11/15 15:35:49 gz /tmp/work/css/buttons.foundation.min.css -> /output/buttons.foundation.min.css.gz
2022/11/15 15:35:49 br /tmp/work/css/buttons.foundation.css -> /output/buttons.foundation.css.br
2022/11/15 15:35:49 gz /tmp/work/css/buttons.foundation.css -> /output/buttons.foundation.css.gz
2022/11/15 15:35:49 processed datatables.net-buttons-zf
