config: {"authors":[{"name":"Guillaume du Pontavice","email":"g.du.pontavice@gmail.com"}],"autoupdate":{"source":"npm","target":"hls.js","fileMap":[{"basePath":"dist","files":["**/!(*-demo.*)"]}],"ignoreVersions":["*-canary.*"]},"description":"JavaScript HLS client using MediaSourceExtension","filename":"hls.min.js","homepage":"https://hls-js.netlify.com/demo/","keywords":["hls.js","video","streaming","mediasource","player"],"license":"Apache-2.0","name":"hls.js","repository":{"type":"git","url":"git://github.com/video-dev/hls.js"},"author":"Guillaume du Pontavice \u003cg.du.pontavice@gmail.com\u003e"}
KV keys:
- hls.js/1.5.0-beta.2.0.canary.9812/hls.js.br
- hls.js/1.5.0-beta.2.0.canary.9812/hls.js.d.ts.br
- hls.js/1.5.0-beta.2.0.canary.9812/hls.js.d.ts.gz
- hls.js/1.5.0-beta.2.0.canary.9812/hls.js.gz
- hls.js/1.5.0-beta.2.0.canary.9812/hls.js.map.br
- hls.js/1.5.0-beta.2.0.canary.9812/hls.js.map.gz
- hls.js/1.5.0-beta.2.0.canary.9812/hls.light.js.br
- hls.js/1.5.0-beta.2.0.canary.9812/hls.light.js.gz
- hls.js/1.5.0-beta.2.0.canary.9812/hls.light.js.map.br
- hls.js/1.5.0-beta.2.0.canary.9812/hls.light.js.map.gz
- hls.js/1.5.0-beta.2.0.canary.9812/hls.light.min.js.br
- hls.js/1.5.0-beta.2.0.canary.9812/hls.light.min.js.gz
- hls.js/1.5.0-beta.2.0.canary.9812/hls.light.min.js.map.br
- hls.js/1.5.0-beta.2.0.canary.9812/hls.light.min.js.map.gz
- hls.js/1.5.0-beta.2.0.canary.9812/hls.light.mjs.br
- hls.js/1.5.0-beta.2.0.canary.9812/hls.light.mjs.gz
- hls.js/1.5.0-beta.2.0.canary.9812/hls.light.mjs.map.br
- hls.js/1.5.0-beta.2.0.canary.9812/hls.light.mjs.map.gz
- hls.js/1.5.0-beta.2.0.canary.9812/hls.min.js.br
- hls.js/1.5.0-beta.2.0.canary.9812/hls.min.js.gz
- hls.js/1.5.0-beta.2.0.canary.9812/hls.min.js.map.br
- hls.js/1.5.0-beta.2.0.canary.9812/hls.min.js.map.gz
- hls.js/1.5.0-beta.2.0.canary.9812/hls.mjs.br
- hls.js/1.5.0-beta.2.0.canary.9812/hls.mjs.gz
- hls.js/1.5.0-beta.2.0.canary.9812/hls.mjs.map.br
- hls.js/1.5.0-beta.2.0.canary.9812/hls.mjs.map.gz
- hls.js/1.5.0-beta.2.0.canary.9812/hls.worker.js.br
- hls.js/1.5.0-beta.2.0.canary.9812/hls.worker.js.gz
- hls.js/1.5.0-beta.2.0.canary.9812/hls.worker.js.map.br
- hls.js/1.5.0-beta.2.0.canary.9812/hls.worker.js.map.gz
- hls.js/1.5.0-beta.2.0.canary.9812/hls.worker.min.js.br
- hls.js/1.5.0-beta.2.0.canary.9812/hls.worker.min.js.gz
SRIs:
- hls.js/1.5.0-beta.2.0.canary.9812/hls.worker.js: sha512-o9YxV1170E8M5PEUuiAa0jCbFqh2wiV/qKCmkoUeOSXJwHPkVoB0vzRaGkkYMPDhPGltB9RaAYLQKXJeNmvKuA==
- hls.js/1.5.0-beta.2.0.canary.9812/hls.worker.min.js: sha512-6VIZUxBZWs7cYHh6ieMMM2qC+a0BZSETte8Oy33QmPc1FvolpR3AsHdfvnml5ucMRsajaRkiN1YpC0yfFeD2Og==
- hls.js/1.5.0-beta.2.0.canary.9812/hls.js: sha512-sKcluPMitroVh71CVXFAkeRqwzRjnVqedTlALt4ccA4Pl5Y5USAuue7mQxyhZIxEwX+ktbvIgQCvJeFh6QrbqA==
- hls.js/1.5.0-beta.2.0.canary.9812/hls.light.js: sha512-gfPsVqunIeAAMP2xLr/tJxgb/EExx/eRdKn5fPl/jvzmyELxtPmUHVldsV8IbPqcIaet6QtrW/8uQoEU6J7jzA==
- hls.js/1.5.0-beta.2.0.canary.9812/hls.light.min.js: sha512-3YznzHuPbaz8tB9K8HEqefxrCnT0qj/ZypT2kK0umK/qI1xpi6QbYEz053QwaoSQ8Fv5PR4It8z+VBJFhCmsZg==
- hls.js/1.5.0-beta.2.0.canary.9812/hls.min.js: sha512-FVqCzelgcF1pbiLx6rM+WeVnjmaGBxNawzTf0YTBtIKWoXMRTOO+HP9hoEngiruykNsJUl0j+X5ov+ibK/ho7Q==
