2023/08/04 18:03:58 optimizing files (Js true, Css true, Png true, Jpg true)
2023/08/04 18:03:58 /tmp/work/dist/hls.min.js already has corresponding compressed file
2023/08/04 18:03:58 /tmp/work/dist/hls.light.min.js already has corresponding compressed file
2023/08/04 18:03:58 algorithm: run /usr/bin/brotli --quality=11 --output=/output/hls.js.d.ts.br /tmp/work/dist/hls.js.d.ts
2023/08/04 18:03:58 algorithm: run /usr/bin/brotli --quality=11 --output=/output/hls.js.map.br /tmp/work/dist/hls.js.map
2023/08/04 18:03:58 /tmp/work/dist/hls.light.min.js is already compressed
2023/08/04 18:03:58 algorithm: run /usr/bin/brotli --quality=11 --output=/output/hls.light.min.js.map.br /tmp/work/dist/hls.light.min.js.map
2023/08/04 18:03:58 algorithm: run /usr/bin/brotli --quality=11 --output=/output/hls.light.mjs.br /tmp/work/dist/hls.light.mjs
2023/08/04 18:03:58 sri /tmp/work/dist/hls.light.min.js -> /output/hls.light.min.js.sri
2023/08/04 18:03:58 algorithm: run /usr/bin/brotli --quality=11 --output=/output/hls.light.min.js.br /tmp/work/dist/hls.light.min.js
2023/08/04 18:03:58 algorithm: run /usr/bin/brotli --quality=11 --output=/output/hls.light.js.map.br /tmp/work/dist/hls.light.js.map
2023/08/04 18:03:58 sri /tmp/work/dist/hls.light.js -> /output/hls.light.js.sri
2023/08/04 18:03:58 algorithm: run /usr/bin/brotli --quality=11 --output=/output/hls.light.js.br /tmp/work/dist/hls.light.js
2023/08/04 18:03:58 sri /tmp/work/dist/hls.js -> /output/hls.js.sri
2023/08/04 18:03:58 algorithm: run /usr/bin/brotli --quality=11 --output=/output/hls.js.br /tmp/work/dist/hls.js
2023/08/04 18:03:58 br /tmp/work/dist/hls.js.d.ts -> /output/hls.js.d.ts.br
2023/08/04 18:03:58 gz /tmp/work/dist/hls.js.d.ts -> /output/hls.js.d.ts.gz
2023/08/04 18:03:58 algorithm: run /usr/bin/brotli --quality=11 --output=/output/hls.light.mjs.map.br /tmp/work/dist/hls.light.mjs.map
2023/08/04 18:03:58 br /tmp/work/dist/hls.light.min.js -> /output/hls.light.min.js.br
2023/08/04 18:03:58 gz /tmp/work/dist/hls.light.min.js -> /output/hls.light.min.js.gz
2023/08/04 18:03:58 /tmp/work/dist/hls.min.js is already compressed
2023/08/04 18:03:58 sri /tmp/work/dist/hls.min.js -> /output/hls.min.js.sri
2023/08/04 18:03:58 algorithm: run /usr/bin/brotli --quality=11 --output=/output/hls.min.js.br /tmp/work/dist/hls.min.js
2023/08/04 18:04:00 br /tmp/work/dist/hls.light.mjs -> /output/hls.light.mjs.br
2023/08/04 18:04:00 br /tmp/work/dist/hls.min.js -> /output/hls.min.js.br
2023/08/04 18:04:00 gz /tmp/work/dist/hls.light.mjs -> /output/hls.light.mjs.gz
2023/08/04 18:04:00 gz /tmp/work/dist/hls.min.js -> /output/hls.min.js.gz
2023/08/04 18:04:00 algorithm: run /usr/bin/brotli --quality=11 --output=/output/hls.min.js.map.br /tmp/work/dist/hls.min.js.map
2023/08/04 18:04:00 algorithm: run /usr/bin/brotli --quality=11 --output=/output/hls.mjs.br /tmp/work/dist/hls.mjs
2023/08/04 18:04:00 br /tmp/work/dist/hls.light.js -> /output/hls.light.js.br
2023/08/04 18:04:00 gz /tmp/work/dist/hls.light.js -> /output/hls.light.js.gz
2023/08/04 18:04:00 algorithm: run /usr/bin/brotli --quality=11 --output=/output/hls.mjs.map.br /tmp/work/dist/hls.mjs.map
2023/08/04 18:04:01 br /tmp/work/dist/hls.js -> /output/hls.js.br
2023/08/04 18:04:01 gz /tmp/work/dist/hls.js -> /output/hls.js.gz
2023/08/04 18:04:01 compress: run /node_modules/uglify-js/bin/uglifyjs --mangle --compress if_return=true -o /tmp/work/dist/hls.worker.min.js /tmp/work/dist/hls.worker.js
2023/08/04 18:04:01 br /tmp/work/dist/hls.light.min.js.map -> /output/hls.light.min.js.map.br
2023/08/04 18:04:02 gz /tmp/work/dist/hls.light.min.js.map -> /output/hls.light.min.js.map.gz
2023/08/04 18:04:02 algorithm: run /usr/bin/brotli --quality=11 --output=/output/hls.worker.js.map.br /tmp/work/dist/hls.worker.js.map
2023/08/04 18:04:02 br /tmp/work/dist/hls.mjs -> /output/hls.mjs.br
2023/08/04 18:04:03 gz /tmp/work/dist/hls.mjs -> /output/hls.mjs.gz
2023/08/04 18:04:03 br /tmp/work/dist/hls.light.js.map -> /output/hls.light.js.map.br
2023/08/04 18:04:03 br /tmp/work/dist/hls.light.mjs.map -> /output/hls.light.mjs.map.br
2023/08/04 18:04:03 br /tmp/work/dist/hls.worker.js.map -> /output/hls.worker.js.map.br
2023/08/04 18:04:03 gz /tmp/work/dist/hls.light.js.map -> /output/hls.light.js.map.gz
2023/08/04 18:04:03 gz /tmp/work/dist/hls.worker.js.map -> /output/hls.worker.js.map.gz
2023/08/04 18:04:03 gz /tmp/work/dist/hls.light.mjs.map -> /output/hls.light.mjs.map.gz
2023/08/04 18:04:04 br /tmp/work/dist/hls.js.map -> /output/hls.js.map.br
2023/08/04 18:04:04 sri /tmp/work/dist/hls.worker.min.js -> /output/hls.worker.min.js.sri
2023/08/04 18:04:04 algorithm: run /usr/bin/brotli --quality=11 --output=/output/hls.worker.min.js.br /tmp/work/dist/hls.worker.min.js
2023/08/04 18:04:04 br /tmp/work/dist/hls.worker.min.js -> /output/hls.worker.min.js.br
2023/08/04 18:04:04 gz /tmp/work/dist/hls.worker.min.js -> /output/hls.worker.min.js.gz
2023/08/04 18:04:04 sri /tmp/work/dist/hls.worker.js -> /output/hls.worker.js.sri
2023/08/04 18:04:04 algorithm: run /usr/bin/brotli --quality=11 --output=/output/hls.worker.js.br /tmp/work/dist/hls.worker.js
2023/08/04 18:04:04 br /tmp/work/dist/hls.worker.js -> /output/hls.worker.js.br
2023/08/04 18:04:04 gz /tmp/work/dist/hls.worker.js -> /output/hls.worker.js.gz
2023/08/04 18:04:04 br /tmp/work/dist/hls.min.js.map -> /output/hls.min.js.map.br
2023/08/04 18:04:04 gz /tmp/work/dist/hls.js.map -> /output/hls.js.map.gz
2023/08/04 18:04:05 gz /tmp/work/dist/hls.min.js.map -> /output/hls.min.js.map.gz
2023/08/04 18:04:05 br /tmp/work/dist/hls.mjs.map -> /output/hls.mjs.map.br
2023/08/04 18:04:06 gz /tmp/work/dist/hls.mjs.map -> /output/hls.mjs.map.gz
2023/08/04 18:04:06 processed hls.js
