2023/07/14 02:34:06 optimizing files (Js true, Css true, Png true, Jpg true)
2023/07/14 02:34:06 match **/* in /tmp/work/dist but doesn't exists
2023/07/14 02:34:06 compress: run /node_modules/uglify-js/bin/uglifyjs --mangle --compress if_return=true -o /tmp/work/cjs/react-dom-server-legacy.browser.development.min.js /tmp/work/cjs/react-dom-server-legacy.browser.development.js
2023/07/14 02:34:06 /tmp/work/cjs/react-dom-server-legacy.browser.production.min.js is already compressed
2023/07/14 02:34:06 compress: run /node_modules/uglify-js/bin/uglifyjs --mangle --compress if_return=true -o /tmp/work/cjs/react-dom-server-legacy.node.development.min.js /tmp/work/cjs/react-dom-server-legacy.node.development.js
2023/07/14 02:34:06 /tmp/work/cjs/react-dom-server-legacy.node.production.min.js is already compressed
2023/07/14 02:34:06 compress: run /node_modules/uglify-js/bin/uglifyjs --mangle --compress if_return=true -o /tmp/work/cjs/react-dom-server-rendering-stub.development.min.js /tmp/work/cjs/react-dom-server-rendering-stub.development.js
2023/07/14 02:34:06 /tmp/work/cjs/react-dom-server-rendering-stub.production.min.js is already compressed
2023/07/14 02:34:06 /tmp/work/cjs/react-dom-server.browser.production.min.js is already compressed
2023/07/14 02:34:06 sri /tmp/work/cjs/react-dom-server-legacy.browser.production.min.js -> /output/cjs/react-dom-server-legacy.browser.production.min.js.sri
2023/07/14 02:34:06 sri /tmp/work/cjs/react-dom-server-legacy.node.production.min.js -> /output/cjs/react-dom-server-legacy.node.production.min.js.sri
2023/07/14 02:34:06 sri /tmp/work/cjs/react-dom-server-rendering-stub.production.min.js -> /output/cjs/react-dom-server-rendering-stub.production.min.js.sri
2023/07/14 02:34:06 algorithm: run /usr/bin/brotli --quality=11 --output=/output/cjs/react-dom-server-legacy.browser.production.min.js.br /tmp/work/cjs/react-dom-server-legacy.browser.production.min.js
2023/07/14 02:34:06 algorithm: run /usr/bin/brotli --quality=11 --output=/output/cjs/react-dom-server-rendering-stub.production.min.js.br /tmp/work/cjs/react-dom-server-rendering-stub.production.min.js
2023/07/14 02:34:06 compress: run /node_modules/uglify-js/bin/uglifyjs --mangle --compress if_return=true -o /tmp/work/cjs/react-dom-server.browser.development.min.js /tmp/work/cjs/react-dom-server.browser.development.js
2023/07/14 02:34:06 sri /tmp/work/cjs/react-dom-server.browser.production.min.js -> /output/cjs/react-dom-server.browser.production.min.js.sri
2023/07/14 02:34:06 algorithm: run /usr/bin/brotli --quality=11 --output=/output/cjs/react-dom-server-legacy.node.production.min.js.br /tmp/work/cjs/react-dom-server-legacy.node.production.min.js
2023/07/14 02:34:06 algorithm: run /usr/bin/brotli --quality=11 --output=/output/cjs/react-dom-server.browser.production.min.js.br /tmp/work/cjs/react-dom-server.browser.production.min.js
2023/07/14 02:34:06 br /tmp/work/cjs/react-dom-server-rendering-stub.production.min.js -> /output/cjs/react-dom-server-rendering-stub.production.min.js.br
2023/07/14 02:34:06 gz /tmp/work/cjs/react-dom-server-rendering-stub.production.min.js -> /output/cjs/react-dom-server-rendering-stub.production.min.js.gz
2023/07/14 02:34:06 compress: run /node_modules/uglify-js/bin/uglifyjs --mangle --compress if_return=true -o /tmp/work/cjs/react-dom-server.bun.development.min.js /tmp/work/cjs/react-dom-server.bun.development.js
2023/07/14 02:34:06 br /tmp/work/cjs/react-dom-server-legacy.browser.production.min.js -> /output/cjs/react-dom-server-legacy.browser.production.min.js.br
2023/07/14 02:34:06 gz /tmp/work/cjs/react-dom-server-legacy.browser.production.min.js -> /output/cjs/react-dom-server-legacy.browser.production.min.js.gz
2023/07/14 02:34:06 /tmp/work/cjs/react-dom-server.bun.production.min.js is already compressed
2023/07/14 02:34:06 sri /tmp/work/cjs/react-dom-server.bun.production.min.js -> /output/cjs/react-dom-server.bun.production.min.js.sri
2023/07/14 02:34:06 algorithm: run /usr/bin/brotli --quality=11 --output=/output/cjs/react-dom-server.bun.production.min.js.br /tmp/work/cjs/react-dom-server.bun.production.min.js
2023/07/14 02:34:06 br /tmp/work/cjs/react-dom-server.browser.production.min.js -> /output/cjs/react-dom-server.browser.production.min.js.br
2023/07/14 02:34:06 gz /tmp/work/cjs/react-dom-server.browser.production.min.js -> /output/cjs/react-dom-server.browser.production.min.js.gz
2023/07/14 02:34:06 compress: run /node_modules/uglify-js/bin/uglifyjs --mangle --compress if_return=true -o /tmp/work/cjs/react-dom-server.edge.development.min.js /tmp/work/cjs/react-dom-server.edge.development.js
2023/07/14 02:34:06 br /tmp/work/cjs/react-dom-server-legacy.node.production.min.js -> /output/cjs/react-dom-server-legacy.node.production.min.js.br
2023/07/14 02:34:06 gz /tmp/work/cjs/react-dom-server-legacy.node.production.min.js -> /output/cjs/react-dom-server-legacy.node.production.min.js.gz
2023/07/14 02:34:06 /tmp/work/cjs/react-dom-server.edge.production.min.js is already compressed
2023/07/14 02:34:06 sri /tmp/work/cjs/react-dom-server.edge.production.min.js -> /output/cjs/react-dom-server.edge.production.min.js.sri
2023/07/14 02:34:06 algorithm: run /usr/bin/brotli --quality=11 --output=/output/cjs/react-dom-server.edge.production.min.js.br /tmp/work/cjs/react-dom-server.edge.production.min.js
2023/07/14 02:34:06 sri /tmp/work/cjs/react-dom-server-rendering-stub.development.min.js -> /output/cjs/react-dom-server-rendering-stub.development.min.js.sri
2023/07/14 02:34:06 algorithm: run /usr/bin/brotli --quality=11 --output=/output/cjs/react-dom-server-rendering-stub.development.min.js.br /tmp/work/cjs/react-dom-server-rendering-stub.development.min.js
2023/07/14 02:34:06 br /tmp/work/cjs/react-dom-server.bun.production.min.js -> /output/cjs/react-dom-server.bun.production.min.js.br
2023/07/14 02:34:06 br /tmp/work/cjs/react-dom-server-rendering-stub.development.min.js -> /output/cjs/react-dom-server-rendering-stub.development.min.js.br
2023/07/14 02:34:06 gz /tmp/work/cjs/react-dom-server-rendering-stub.development.min.js -> /output/cjs/react-dom-server-rendering-stub.development.min.js.gz
2023/07/14 02:34:06 sri /tmp/work/cjs/react-dom-server-rendering-stub.development.js -> /output/cjs/react-dom-server-rendering-stub.development.js.sri
2023/07/14 02:34:06 algorithm: run /usr/bin/brotli --quality=11 --output=/output/cjs/react-dom-server-rendering-stub.development.js.br /tmp/work/cjs/react-dom-server-rendering-stub.development.js
2023/07/14 02:34:06 gz /tmp/work/cjs/react-dom-server.bun.production.min.js -> /output/cjs/react-dom-server.bun.production.min.js.gz
2023/07/14 02:34:06 compress: run /node_modules/uglify-js/bin/uglifyjs --mangle --compress if_return=true -o /tmp/work/cjs/react-dom-server.node.development.min.js /tmp/work/cjs/react-dom-server.node.development.js
2023/07/14 02:34:06 br /tmp/work/cjs/react-dom-server-rendering-stub.development.js -> /output/cjs/react-dom-server-rendering-stub.development.js.br
2023/07/14 02:34:06 gz /tmp/work/cjs/react-dom-server-rendering-stub.development.js -> /output/cjs/react-dom-server-rendering-stub.development.js.gz
2023/07/14 02:34:06 /tmp/work/cjs/react-dom-server.node.production.min.js is already compressed
2023/07/14 02:34:06 sri /tmp/work/cjs/react-dom-server.node.production.min.js -> /output/cjs/react-dom-server.node.production.min.js.sri
2023/07/14 02:34:06 algorithm: run /usr/bin/brotli --quality=11 --output=/output/cjs/react-dom-server.node.production.min.js.br /tmp/work/cjs/react-dom-server.node.production.min.js
2023/07/14 02:34:06 br /tmp/work/cjs/react-dom-server.edge.production.min.js -> /output/cjs/react-dom-server.edge.production.min.js.br
2023/07/14 02:34:06 gz /tmp/work/cjs/react-dom-server.edge.production.min.js -> /output/cjs/react-dom-server.edge.production.min.js.gz
2023/07/14 02:34:06 compress: run /node_modules/uglify-js/bin/uglifyjs --mangle --compress if_return=true -o /tmp/work/cjs/react-dom-test-utils.development.min.js /tmp/work/cjs/react-dom-test-utils.development.js
2023/07/14 02:34:06 br /tmp/work/cjs/react-dom-server.node.production.min.js -> /output/cjs/react-dom-server.node.production.min.js.br
2023/07/14 02:34:06 gz /tmp/work/cjs/react-dom-server.node.production.min.js -> /output/cjs/react-dom-server.node.production.min.js.gz
2023/07/14 02:34:06 /tmp/work/cjs/react-dom-test-utils.production.min.js is already compressed
2023/07/14 02:34:06 sri /tmp/work/cjs/react-dom-test-utils.production.min.js -> /output/cjs/react-dom-test-utils.production.min.js.sri
2023/07/14 02:34:06 algorithm: run /usr/bin/brotli --quality=11 --output=/output/cjs/react-dom-test-utils.production.min.js.br /tmp/work/cjs/react-dom-test-utils.production.min.js
2023/07/14 02:34:06 br /tmp/work/cjs/react-dom-test-utils.production.min.js -> /output/cjs/react-dom-test-utils.production.min.js.br
2023/07/14 02:34:06 gz /tmp/work/cjs/react-dom-test-utils.production.min.js -> /output/cjs/react-dom-test-utils.production.min.js.gz
2023/07/14 02:34:06 compress: run /node_modules/uglify-js/bin/uglifyjs --mangle --compress if_return=true -o /tmp/work/cjs/react-dom.development.min.js /tmp/work/cjs/react-dom.development.js
2023/07/14 02:34:07 sri /tmp/work/cjs/react-dom-test-utils.development.min.js -> /output/cjs/react-dom-test-utils.development.min.js.sri
2023/07/14 02:34:07 algorithm: run /usr/bin/brotli --quality=11 --output=/output/cjs/react-dom-test-utils.development.min.js.br /tmp/work/cjs/react-dom-test-utils.development.min.js
2023/07/14 02:34:08 br /tmp/work/cjs/react-dom-test-utils.development.min.js -> /output/cjs/react-dom-test-utils.development.min.js.br
2023/07/14 02:34:08 gz /tmp/work/cjs/react-dom-test-utils.development.min.js -> /output/cjs/react-dom-test-utils.development.min.js.gz
2023/07/14 02:34:08 sri /tmp/work/cjs/react-dom-test-utils.development.js -> /output/cjs/react-dom-test-utils.development.js.sri
2023/07/14 02:34:08 algorithm: run /usr/bin/brotli --quality=11 --output=/output/cjs/react-dom-test-utils.development.js.br /tmp/work/cjs/react-dom-test-utils.development.js
2023/07/14 02:34:08 br /tmp/work/cjs/react-dom-test-utils.development.js -> /output/cjs/react-dom-test-utils.development.js.br
2023/07/14 02:34:08 gz /tmp/work/cjs/react-dom-test-utils.development.js -> /output/cjs/react-dom-test-utils.development.js.gz
2023/07/14 02:34:08 /tmp/work/cjs/react-dom.production.min.js is already compressed
2023/07/14 02:34:08 sri /tmp/work/cjs/react-dom.production.min.js -> /output/cjs/react-dom.production.min.js.sri
2023/07/14 02:34:08 algorithm: run /usr/bin/brotli --quality=11 --output=/output/cjs/react-dom.production.min.js.br /tmp/work/cjs/react-dom.production.min.js
2023/07/14 02:34:08 br /tmp/work/cjs/react-dom.production.min.js -> /output/cjs/react-dom.production.min.js.br
2023/07/14 02:34:08 gz /tmp/work/cjs/react-dom.production.min.js -> /output/cjs/react-dom.production.min.js.gz
2023/07/14 02:34:08 /tmp/work/cjs/react-dom.profiling.min.js is already compressed
2023/07/14 02:34:08 sri /tmp/work/cjs/react-dom.profiling.min.js -> /output/cjs/react-dom.profiling.min.js.sri
2023/07/14 02:34:08 algorithm: run /usr/bin/brotli --quality=11 --output=/output/cjs/react-dom.profiling.min.js.br /tmp/work/cjs/react-dom.profiling.min.js
2023/07/14 02:34:09 br /tmp/work/cjs/react-dom.profiling.min.js -> /output/cjs/react-dom.profiling.min.js.br
2023/07/14 02:34:09 gz /tmp/work/cjs/react-dom.profiling.min.js -> /output/cjs/react-dom.profiling.min.js.gz
2023/07/14 02:34:09 compress: run /node_modules/uglify-js/bin/uglifyjs --mangle --compress if_return=true -o /tmp/work/umd/react-dom-server-legacy.browser.development.min.js /tmp/work/umd/react-dom-server-legacy.browser.development.js
2023/07/14 02:34:10 sri /tmp/work/cjs/react-dom-server.bun.development.min.js -> /output/cjs/react-dom-server.bun.development.min.js.sri
2023/07/14 02:34:10 algorithm: run /usr/bin/brotli --quality=11 --output=/output/cjs/react-dom-server.bun.development.min.js.br /tmp/work/cjs/react-dom-server.bun.development.min.js
2023/07/14 02:34:11 br /tmp/work/cjs/react-dom-server.bun.development.min.js -> /output/cjs/react-dom-server.bun.development.min.js.br
2023/07/14 02:34:11 gz /tmp/work/cjs/react-dom-server.bun.development.min.js -> /output/cjs/react-dom-server.bun.development.min.js.gz
2023/07/14 02:34:11 sri /tmp/work/cjs/react-dom-server.bun.development.js -> /output/cjs/react-dom-server.bun.development.js.sri
2023/07/14 02:34:11 algorithm: run /usr/bin/brotli --quality=11 --output=/output/cjs/react-dom-server.bun.development.js.br /tmp/work/cjs/react-dom-server.bun.development.js
2023/07/14 02:34:12 br /tmp/work/cjs/react-dom-server.bun.development.js -> /output/cjs/react-dom-server.bun.development.js.br
2023/07/14 02:34:12 gz /tmp/work/cjs/react-dom-server.bun.development.js -> /output/cjs/react-dom-server.bun.development.js.gz
2023/07/14 02:34:12 /tmp/work/umd/react-dom-server-legacy.browser.production.min.js is already compressed
2023/07/14 02:34:12 sri /tmp/work/umd/react-dom-server-legacy.browser.production.min.js -> /output/umd/react-dom-server-legacy.browser.production.min.js.sri
2023/07/14 02:34:12 algorithm: run /usr/bin/brotli --quality=11 --output=/output/umd/react-dom-server-legacy.browser.production.min.js.br /tmp/work/umd/react-dom-server-legacy.browser.production.min.js
2023/07/14 02:34:12 br /tmp/work/umd/react-dom-server-legacy.browser.production.min.js -> /output/umd/react-dom-server-legacy.browser.production.min.js.br
2023/07/14 02:34:12 gz /tmp/work/umd/react-dom-server-legacy.browser.production.min.js -> /output/umd/react-dom-server-legacy.browser.production.min.js.gz
2023/07/14 02:34:12 compress: run /node_modules/uglify-js/bin/uglifyjs --mangle --compress if_return=true -o /tmp/work/umd/react-dom-server-rendering-stub.development.min.js /tmp/work/umd/react-dom-server-rendering-stub.development.js
2023/07/14 02:34:13 sri /tmp/work/cjs/react-dom-server-legacy.node.development.min.js -> /output/cjs/react-dom-server-legacy.node.development.min.js.sri
2023/07/14 02:34:13 algorithm: run /usr/bin/brotli --quality=11 --output=/output/cjs/react-dom-server-legacy.node.development.min.js.br /tmp/work/cjs/react-dom-server-legacy.node.development.min.js
2023/07/14 02:34:13 sri /tmp/work/umd/react-dom-server-rendering-stub.development.min.js -> /output/umd/react-dom-server-rendering-stub.development.min.js.sri
2023/07/14 02:34:13 algorithm: run /usr/bin/brotli --quality=11 --output=/output/umd/react-dom-server-rendering-stub.development.min.js.br /tmp/work/umd/react-dom-server-rendering-stub.development.min.js
2023/07/14 02:34:13 sri /tmp/work/cjs/react-dom-server.browser.development.min.js -> /output/cjs/react-dom-server.browser.development.min.js.sri
2023/07/14 02:34:13 algorithm: run /usr/bin/brotli --quality=11 --output=/output/cjs/react-dom-server.browser.development.min.js.br /tmp/work/cjs/react-dom-server.browser.development.min.js
2023/07/14 02:34:13 br /tmp/work/umd/react-dom-server-rendering-stub.development.min.js -> /output/umd/react-dom-server-rendering-stub.development.min.js.br
2023/07/14 02:34:13 gz /tmp/work/umd/react-dom-server-rendering-stub.development.min.js -> /output/umd/react-dom-server-rendering-stub.development.min.js.gz
2023/07/14 02:34:13 sri /tmp/work/umd/react-dom-server-rendering-stub.development.js -> /output/umd/react-dom-server-rendering-stub.development.js.sri
2023/07/14 02:34:13 algorithm: run /usr/bin/brotli --quality=11 --output=/output/umd/react-dom-server-rendering-stub.development.js.br /tmp/work/umd/react-dom-server-rendering-stub.development.js
2023/07/14 02:34:13 br /tmp/work/umd/react-dom-server-rendering-stub.development.js -> /output/umd/react-dom-server-rendering-stub.development.js.br
2023/07/14 02:34:13 gz /tmp/work/umd/react-dom-server-rendering-stub.development.js -> /output/umd/react-dom-server-rendering-stub.development.js.gz
2023/07/14 02:34:13 /tmp/work/umd/react-dom-server-rendering-stub.production.min.js is already compressed
2023/07/14 02:34:13 sri /tmp/work/umd/react-dom-server-rendering-stub.production.min.js -> /output/umd/react-dom-server-rendering-stub.production.min.js.sri
2023/07/14 02:34:13 algorithm: run /usr/bin/brotli --quality=11 --output=/output/umd/react-dom-server-rendering-stub.production.min.js.br /tmp/work/umd/react-dom-server-rendering-stub.production.min.js
2023/07/14 02:34:13 br /tmp/work/umd/react-dom-server-rendering-stub.production.min.js -> /output/umd/react-dom-server-rendering-stub.production.min.js.br
2023/07/14 02:34:13 gz /tmp/work/umd/react-dom-server-rendering-stub.production.min.js -> /output/umd/react-dom-server-rendering-stub.production.min.js.gz
2023/07/14 02:34:13 compress: run /node_modules/uglify-js/bin/uglifyjs --mangle --compress if_return=true -o /tmp/work/umd/react-dom-server.browser.development.min.js /tmp/work/umd/react-dom-server.browser.development.js
2023/07/14 02:34:13 sri /tmp/work/cjs/react-dom-server-legacy.browser.development.min.js -> /output/cjs/react-dom-server-legacy.browser.development.min.js.sri
2023/07/14 02:34:13 algorithm: run /usr/bin/brotli --quality=11 --output=/output/cjs/react-dom-server-legacy.browser.development.min.js.br /tmp/work/cjs/react-dom-server-legacy.browser.development.min.js
2023/07/14 02:34:13 br /tmp/work/cjs/react-dom-server-legacy.node.development.min.js -> /output/cjs/react-dom-server-legacy.node.development.min.js.br
2023/07/14 02:34:13 gz /tmp/work/cjs/react-dom-server-legacy.node.development.min.js -> /output/cjs/react-dom-server-legacy.node.development.min.js.gz
2023/07/14 02:34:13 sri /tmp/work/cjs/react-dom-server-legacy.node.development.js -> /output/cjs/react-dom-server-legacy.node.development.js.sri
2023/07/14 02:34:13 algorithm: run /usr/bin/brotli --quality=11 --output=/output/cjs/react-dom-server-legacy.node.development.js.br /tmp/work/cjs/react-dom-server-legacy.node.development.js
2023/07/14 02:34:13 br /tmp/work/cjs/react-dom-server.browser.development.min.js -> /output/cjs/react-dom-server.browser.development.min.js.br
2023/07/14 02:34:13 gz /tmp/work/cjs/react-dom-server.browser.development.min.js -> /output/cjs/react-dom-server.browser.development.min.js.gz
2023/07/14 02:34:13 sri /tmp/work/cjs/react-dom-server.browser.development.js -> /output/cjs/react-dom-server.browser.development.js.sri
2023/07/14 02:34:13 algorithm: run /usr/bin/brotli --quality=11 --output=/output/cjs/react-dom-server.browser.development.js.br /tmp/work/cjs/react-dom-server.browser.development.js
2023/07/14 02:34:13 sri /tmp/work/cjs/react-dom-server.node.development.min.js -> /output/cjs/react-dom-server.node.development.min.js.sri
2023/07/14 02:34:13 algorithm: run /usr/bin/brotli --quality=11 --output=/output/cjs/react-dom-server.node.development.min.js.br /tmp/work/cjs/react-dom-server.node.development.min.js
2023/07/14 02:34:13 br /tmp/work/cjs/react-dom-server-legacy.browser.development.min.js -> /output/cjs/react-dom-server-legacy.browser.development.min.js.br
2023/07/14 02:34:13 gz /tmp/work/cjs/react-dom-server-legacy.browser.development.min.js -> /output/cjs/react-dom-server-legacy.browser.development.min.js.gz
2023/07/14 02:34:13 sri /tmp/work/cjs/react-dom-server-legacy.browser.development.js -> /output/cjs/react-dom-server-legacy.browser.development.js.sri
2023/07/14 02:34:13 algorithm: run /usr/bin/brotli --quality=11 --output=/output/cjs/react-dom-server-legacy.browser.development.js.br /tmp/work/cjs/react-dom-server-legacy.browser.development.js
2023/07/14 02:34:13 sri /tmp/work/cjs/react-dom-server.edge.development.min.js -> /output/cjs/react-dom-server.edge.development.min.js.sri
2023/07/14 02:34:13 algorithm: run /usr/bin/brotli --quality=11 --output=/output/cjs/react-dom-server.edge.development.min.js.br /tmp/work/cjs/react-dom-server.edge.development.min.js
2023/07/14 02:34:14 br /tmp/work/cjs/react-dom-server.node.development.min.js -> /output/cjs/react-dom-server.node.development.min.js.br
2023/07/14 02:34:14 gz /tmp/work/cjs/react-dom-server.node.development.min.js -> /output/cjs/react-dom-server.node.development.min.js.gz
2023/07/14 02:34:14 sri /tmp/work/cjs/react-dom-server.node.development.js -> /output/cjs/react-dom-server.node.development.js.sri
2023/07/14 02:34:14 algorithm: run /usr/bin/brotli --quality=11 --output=/output/cjs/react-dom-server.node.development.js.br /tmp/work/cjs/react-dom-server.node.development.js
2023/07/14 02:34:14 br /tmp/work/cjs/react-dom-server.edge.development.min.js -> /output/cjs/react-dom-server.edge.development.min.js.br
2023/07/14 02:34:14 gz /tmp/work/cjs/react-dom-server.edge.development.min.js -> /output/cjs/react-dom-server.edge.development.min.js.gz
2023/07/14 02:34:14 sri /tmp/work/cjs/react-dom-server.edge.development.js -> /output/cjs/react-dom-server.edge.development.js.sri
2023/07/14 02:34:14 algorithm: run /usr/bin/brotli --quality=11 --output=/output/cjs/react-dom-server.edge.development.js.br /tmp/work/cjs/react-dom-server.edge.development.js
2023/07/14 02:34:14 br /tmp/work/cjs/react-dom-server-legacy.node.development.js -> /output/cjs/react-dom-server-legacy.node.development.js.br
2023/07/14 02:34:14 br /tmp/work/cjs/react-dom-server.browser.development.js -> /output/cjs/react-dom-server.browser.development.js.br
2023/07/14 02:34:14 gz /tmp/work/cjs/react-dom-server-legacy.node.development.js -> /output/cjs/react-dom-server-legacy.node.development.js.gz
2023/07/14 02:34:14 /tmp/work/umd/react-dom-server.browser.production.min.js is already compressed
2023/07/14 02:34:14 sri /tmp/work/umd/react-dom-server.browser.production.min.js -> /output/umd/react-dom-server.browser.production.min.js.sri
2023/07/14 02:34:14 algorithm: run /usr/bin/brotli --quality=11 --output=/output/umd/react-dom-server.browser.production.min.js.br /tmp/work/umd/react-dom-server.browser.production.min.js
2023/07/14 02:34:14 gz /tmp/work/cjs/react-dom-server.browser.development.js -> /output/cjs/react-dom-server.browser.development.js.gz
2023/07/14 02:34:14 compress: run /node_modules/uglify-js/bin/uglifyjs --mangle --compress if_return=true -o /tmp/work/umd/react-dom-test-utils.development.min.js /tmp/work/umd/react-dom-test-utils.development.js
2023/07/14 02:34:14 br /tmp/work/umd/react-dom-server.browser.production.min.js -> /output/umd/react-dom-server.browser.production.min.js.br
2023/07/14 02:34:14 gz /tmp/work/umd/react-dom-server.browser.production.min.js -> /output/umd/react-dom-server.browser.production.min.js.gz
2023/07/14 02:34:14 /tmp/work/umd/react-dom-test-utils.production.min.js is already compressed
2023/07/14 02:34:14 sri /tmp/work/umd/react-dom-test-utils.production.min.js -> /output/umd/react-dom-test-utils.production.min.js.sri
2023/07/14 02:34:14 algorithm: run /usr/bin/brotli --quality=11 --output=/output/umd/react-dom-test-utils.production.min.js.br /tmp/work/umd/react-dom-test-utils.production.min.js
2023/07/14 02:34:14 br /tmp/work/umd/react-dom-test-utils.production.min.js -> /output/umd/react-dom-test-utils.production.min.js.br
2023/07/14 02:34:14 gz /tmp/work/umd/react-dom-test-utils.production.min.js -> /output/umd/react-dom-test-utils.production.min.js.gz
2023/07/14 02:34:14 compress: run /node_modules/uglify-js/bin/uglifyjs --mangle --compress if_return=true -o /tmp/work/umd/react-dom.development.min.js /tmp/work/umd/react-dom.development.js
2023/07/14 02:34:14 br /tmp/work/cjs/react-dom-server-legacy.browser.development.js -> /output/cjs/react-dom-server-legacy.browser.development.js.br
2023/07/14 02:34:14 gz /tmp/work/cjs/react-dom-server-legacy.browser.development.js -> /output/cjs/react-dom-server-legacy.browser.development.js.gz
2023/07/14 02:34:14 /tmp/work/umd/react-dom.production.min.js is already compressed
2023/07/14 02:34:14 sri /tmp/work/umd/react-dom.production.min.js -> /output/umd/react-dom.production.min.js.sri
2023/07/14 02:34:14 algorithm: run /usr/bin/brotli --quality=11 --output=/output/umd/react-dom.production.min.js.br /tmp/work/umd/react-dom.production.min.js
2023/07/14 02:34:15 br /tmp/work/cjs/react-dom-server.node.development.js -> /output/cjs/react-dom-server.node.development.js.br
2023/07/14 02:34:15 gz /tmp/work/cjs/react-dom-server.node.development.js -> /output/cjs/react-dom-server.node.development.js.gz
2023/07/14 02:34:15 /tmp/work/umd/react-dom.profiling.min.js is already compressed
2023/07/14 02:34:15 sri /tmp/work/umd/react-dom.profiling.min.js -> /output/umd/react-dom.profiling.min.js.sri
2023/07/14 02:34:15 algorithm: run /usr/bin/brotli --quality=11 --output=/output/umd/react-dom.profiling.min.js.br /tmp/work/umd/react-dom.profiling.min.js
2023/07/14 02:34:15 br /tmp/work/cjs/react-dom-server.edge.development.js -> /output/cjs/react-dom-server.edge.development.js.br
2023/07/14 02:34:15 gz /tmp/work/cjs/react-dom-server.edge.development.js -> /output/cjs/react-dom-server.edge.development.js.gz
2023/07/14 02:34:15 sri /tmp/work/umd/react-dom-server-legacy.browser.development.min.js -> /output/umd/react-dom-server-legacy.browser.development.min.js.sri
2023/07/14 02:34:15 algorithm: run /usr/bin/brotli --quality=11 --output=/output/umd/react-dom-server-legacy.browser.development.min.js.br /tmp/work/umd/react-dom-server-legacy.browser.development.min.js
2023/07/14 02:34:15 br /tmp/work/umd/react-dom.production.min.js -> /output/umd/react-dom.production.min.js.br
2023/07/14 02:34:15 gz /tmp/work/umd/react-dom.production.min.js -> /output/umd/react-dom.production.min.js.gz
2023/07/14 02:34:15 br /tmp/work/umd/react-dom.profiling.min.js -> /output/umd/react-dom.profiling.min.js.br
2023/07/14 02:34:15 gz /tmp/work/umd/react-dom.profiling.min.js -> /output/umd/react-dom.profiling.min.js.gz
2023/07/14 02:34:15 sri /tmp/work/umd/react-dom-test-utils.development.min.js -> /output/umd/react-dom-test-utils.development.min.js.sri
2023/07/14 02:34:15 algorithm: run /usr/bin/brotli --quality=11 --output=/output/umd/react-dom-test-utils.development.min.js.br /tmp/work/umd/react-dom-test-utils.development.min.js
2023/07/14 02:34:15 br /tmp/work/umd/react-dom-test-utils.development.min.js -> /output/umd/react-dom-test-utils.development.min.js.br
2023/07/14 02:34:15 gz /tmp/work/umd/react-dom-test-utils.development.min.js -> /output/umd/react-dom-test-utils.development.min.js.gz
2023/07/14 02:34:15 sri /tmp/work/umd/react-dom-test-utils.development.js -> /output/umd/react-dom-test-utils.development.js.sri
2023/07/14 02:34:15 algorithm: run /usr/bin/brotli --quality=11 --output=/output/umd/react-dom-test-utils.development.js.br /tmp/work/umd/react-dom-test-utils.development.js
2023/07/14 02:34:15 br /tmp/work/umd/react-dom-server-legacy.browser.development.min.js -> /output/umd/react-dom-server-legacy.browser.development.min.js.br
2023/07/14 02:34:15 gz /tmp/work/umd/react-dom-server-legacy.browser.development.min.js -> /output/umd/react-dom-server-legacy.browser.development.min.js.gz
2023/07/14 02:34:15 sri /tmp/work/umd/react-dom-server-legacy.browser.development.js -> /output/umd/react-dom-server-legacy.browser.development.js.sri
2023/07/14 02:34:15 algorithm: run /usr/bin/brotli --quality=11 --output=/output/umd/react-dom-server-legacy.browser.development.js.br /tmp/work/umd/react-dom-server-legacy.browser.development.js
2023/07/14 02:34:15 br /tmp/work/umd/react-dom-test-utils.development.js -> /output/umd/react-dom-test-utils.development.js.br
2023/07/14 02:34:15 gz /tmp/work/umd/react-dom-test-utils.development.js -> /output/umd/react-dom-test-utils.development.js.gz
2023/07/14 02:34:16 br /tmp/work/umd/react-dom-server-legacy.browser.development.js -> /output/umd/react-dom-server-legacy.browser.development.js.br
2023/07/14 02:34:16 gz /tmp/work/umd/react-dom-server-legacy.browser.development.js -> /output/umd/react-dom-server-legacy.browser.development.js.gz
2023/07/14 02:34:17 sri /tmp/work/umd/react-dom-server.browser.development.min.js -> /output/umd/react-dom-server.browser.development.min.js.sri
2023/07/14 02:34:17 algorithm: run /usr/bin/brotli --quality=11 --output=/output/umd/react-dom-server.browser.development.min.js.br /tmp/work/umd/react-dom-server.browser.development.min.js
2023/07/14 02:34:17 br /tmp/work/umd/react-dom-server.browser.development.min.js -> /output/umd/react-dom-server.browser.development.min.js.br
2023/07/14 02:34:17 gz /tmp/work/umd/react-dom-server.browser.development.min.js -> /output/umd/react-dom-server.browser.development.min.js.gz
2023/07/14 02:34:17 sri /tmp/work/umd/react-dom-server.browser.development.js -> /output/umd/react-dom-server.browser.development.js.sri
2023/07/14 02:34:17 algorithm: run /usr/bin/brotli --quality=11 --output=/output/umd/react-dom-server.browser.development.js.br /tmp/work/umd/react-dom-server.browser.development.js
2023/07/14 02:34:18 br /tmp/work/umd/react-dom-server.browser.development.js -> /output/umd/react-dom-server.browser.development.js.br
2023/07/14 02:34:18 gz /tmp/work/umd/react-dom-server.browser.development.js -> /output/umd/react-dom-server.browser.development.js.gz
2023/07/14 02:34:18 sri /tmp/work/cjs/react-dom.development.min.js -> /output/cjs/react-dom.development.min.js.sri
2023/07/14 02:34:18 algorithm: run /usr/bin/brotli --quality=11 --output=/output/cjs/react-dom.development.min.js.br /tmp/work/cjs/react-dom.development.min.js
2023/07/14 02:34:19 br /tmp/work/cjs/react-dom.development.min.js -> /output/cjs/react-dom.development.min.js.br
2023/07/14 02:34:19 gz /tmp/work/cjs/react-dom.development.min.js -> /output/cjs/react-dom.development.min.js.gz
2023/07/14 02:34:19 sri /tmp/work/cjs/react-dom.development.js -> /output/cjs/react-dom.development.js.sri
2023/07/14 02:34:19 algorithm: run /usr/bin/brotli --quality=11 --output=/output/cjs/react-dom.development.js.br /tmp/work/cjs/react-dom.development.js
2023/07/14 02:34:20 sri /tmp/work/umd/react-dom.development.min.js -> /output/umd/react-dom.development.min.js.sri
2023/07/14 02:34:20 algorithm: run /usr/bin/brotli --quality=11 --output=/output/umd/react-dom.development.min.js.br /tmp/work/umd/react-dom.development.min.js
2023/07/14 02:34:21 br /tmp/work/umd/react-dom.development.min.js -> /output/umd/react-dom.development.min.js.br
2023/07/14 02:34:21 gz /tmp/work/umd/react-dom.development.min.js -> /output/umd/react-dom.development.min.js.gz
2023/07/14 02:34:21 sri /tmp/work/umd/react-dom.development.js -> /output/umd/react-dom.development.js.sri
2023/07/14 02:34:21 algorithm: run /usr/bin/brotli --quality=11 --output=/output/umd/react-dom.development.js.br /tmp/work/umd/react-dom.development.js
2023/07/14 02:34:21 br /tmp/work/cjs/react-dom.development.js -> /output/cjs/react-dom.development.js.br
2023/07/14 02:34:21 gz /tmp/work/cjs/react-dom.development.js -> /output/cjs/react-dom.development.js.gz
2023/07/14 02:34:23 br /tmp/work/umd/react-dom.development.js -> /output/umd/react-dom.development.js.br
2023/07/14 02:34:23 gz /tmp/work/umd/react-dom.development.js -> /output/umd/react-dom.development.js.gz
2023/07/14 02:34:23 processed react-dom
