config: {"authors":[{"name":"Google Inc."}],"autoupdate":{"source":"npm","target":"@fontsource/iceland","fileMap":[{"basePath":"","files":["*.css","files/*.@(woff|woff2)"]}],"excludeFromSearch":true},"description":"Self-host the Iceland font in a neatly bundled NPM package.","filename":"index.css","homepage":"https://fontsource.org/fonts/iceland","keywords":["fontsource","font","font family","google fonts","iceland","Iceland","css","sass","front-end","web","typeface","variable"],"license":"OFL-1.1","name":"fontsource-iceland","repository":{"type":"git","url":"git+https://github.com/fontsource/font-files.git"},"author":"Google Inc."}
KV keys:
- fontsource-iceland/5.0.3/400.css.br
- fontsource-iceland/5.0.3/400.css.gz
- fontsource-iceland/5.0.3/400.min.css.br
- fontsource-iceland/5.0.3/400.min.css.gz
- fontsource-iceland/5.0.3/files/iceland-latin-400-normal.woff.br
- fontsource-iceland/5.0.3/files/iceland-latin-400-normal.woff.gz
- fontsource-iceland/5.0.3/files/iceland-latin-400-normal.woff2
- fontsource-iceland/5.0.3/index.css.br
- fontsource-iceland/5.0.3/index.css.gz
- fontsource-iceland/5.0.3/index.min.css.br
- fontsource-iceland/5.0.3/index.min.css.gz
- fontsource-iceland/5.0.3/latin-400.css.br
- fontsource-iceland/5.0.3/latin-400.css.gz
- fontsource-iceland/5.0.3/latin-400.min.css.br
- fontsource-iceland/5.0.3/latin-400.min.css.gz
- fontsource-iceland/5.0.3/latin.css.br
- fontsource-iceland/5.0.3/latin.css.gz
- fontsource-iceland/5.0.3/latin.min.css.br
- fontsource-iceland/5.0.3/latin.min.css.gz
SRIs:
- fontsource-iceland/5.0.3/400.css: sha512-o2VctRA3ezrKqdJJKR4VRDI/TBkAf+n1K1jLrpnMGIrLM5m+al7CCjDKUJQk/aBYfyZ9OnkSk7J1Y4fLC1OffA==
- fontsource-iceland/5.0.3/400.min.css: sha512-4C4b4AeAqEbGdGzrpF/8nsxNVBFJBE/T0AgCIbWGRS2eI6AoAXud+cshc5WT0vrv2GvdBKPj0GC1oNJ5K28i/g==
- fontsource-iceland/5.0.3/index.css: sha512-o2VctRA3ezrKqdJJKR4VRDI/TBkAf+n1K1jLrpnMGIrLM5m+al7CCjDKUJQk/aBYfyZ9OnkSk7J1Y4fLC1OffA==
- fontsource-iceland/5.0.3/index.min.css: sha512-4C4b4AeAqEbGdGzrpF/8nsxNVBFJBE/T0AgCIbWGRS2eI6AoAXud+cshc5WT0vrv2GvdBKPj0GC1oNJ5K28i/g==
- fontsource-iceland/5.0.3/latin-400.css: sha512-UKIkhmu+jXfsTOAopfwPPEEKooP+GbeoS/2Pxbc2Ul768XnnDPf9Hw4EMSw+RtBpJ3v2kq80IGfELz4vWL664g==
- fontsource-iceland/5.0.3/latin-400.min.css: sha512-I09aow6fZt09rJMAPUWo5eJJEUWgyJUV5CYIJ5DCYGRxO8gxgGU9Bpbt1kHibi+fHvmh3OkiGT9UvD28ALZv1g==
- fontsource-iceland/5.0.3/latin.css: sha512-UKIkhmu+jXfsTOAopfwPPEEKooP+GbeoS/2Pxbc2Ul768XnnDPf9Hw4EMSw+RtBpJ3v2kq80IGfELz4vWL664g==
- fontsource-iceland/5.0.3/latin.min.css: sha512-I09aow6fZt09rJMAPUWo5eJJEUWgyJUV5CYIJ5DCYGRxO8gxgGU9Bpbt1kHibi+fHvmh3OkiGT9UvD28ALZv1g==
