2023/02/03 22:35:24 optimizing files (Js true, Css true, Png true, Jpg true)
2023/02/03 22:35:24 /tmp/work/build/d3plus.min.js already has corresponding compressed file
2023/02/03 22:35:24 compress: run /node_modules/uglify-js/bin/uglifyjs --mangle --compress if_return=true -o /tmp/work/build/d3plus.full.min.js /tmp/work/build/d3plus.full.js
2023/02/03 22:35:24 /tmp/work/build/d3plus.min.js is already compressed
2023/02/03 22:35:24 algorithm: run /usr/bin/brotli --quality=11 --output=/output/d3plus.js.map.br /tmp/work/build/d3plus.js.map
2023/02/03 22:35:24 sri /tmp/work/build/d3plus.min.js -> /output/d3plus.min.js.sri
2023/02/03 22:35:24 algorithm: run /usr/bin/brotli --quality=11 --output=/output/d3plus.min.js.br /tmp/work/build/d3plus.min.js
2023/02/03 22:35:24 sri /tmp/work/build/d3plus.js -> /output/d3plus.js.sri
2023/02/03 22:35:24 algorithm: run /usr/bin/brotli --quality=11 --output=/output/d3plus.js.br /tmp/work/build/d3plus.js
2023/02/03 22:35:24 br /tmp/work/build/d3plus.js.map -> /output/d3plus.js.map.br
2023/02/03 22:35:24 gz /tmp/work/build/d3plus.js.map -> /output/d3plus.js.map.gz
2023/02/03 22:35:25 br /tmp/work/build/d3plus.min.js -> /output/d3plus.min.js.br
2023/02/03 22:35:25 gz /tmp/work/build/d3plus.min.js -> /output/d3plus.min.js.gz
2023/02/03 22:35:25 br /tmp/work/build/d3plus.js -> /output/d3plus.js.br
2023/02/03 22:35:25 gz /tmp/work/build/d3plus.js -> /output/d3plus.js.gz
2023/02/03 22:35:41 sri /tmp/work/build/d3plus.full.min.js -> /output/d3plus.full.min.js.sri
2023/02/03 22:35:41 algorithm: run /usr/bin/brotli --quality=11 --output=/output/d3plus.full.min.js.br /tmp/work/build/d3plus.full.min.js
2023/02/03 22:35:44 br /tmp/work/build/d3plus.full.min.js -> /output/d3plus.full.min.js.br
2023/02/03 22:35:44 gz /tmp/work/build/d3plus.full.min.js -> /output/d3plus.full.min.js.gz
2023/02/03 22:35:44 sri /tmp/work/build/d3plus.full.js -> /output/d3plus.full.js.sri
2023/02/03 22:35:44 algorithm: run /usr/bin/brotli --quality=11 --output=/output/d3plus.full.js.br /tmp/work/build/d3plus.full.js
2023/02/03 22:35:51 br /tmp/work/build/d3plus.full.js -> /output/d3plus.full.js.br
2023/02/03 22:35:51 gz /tmp/work/build/d3plus.full.js -> /output/d3plus.full.js.gz
2023/02/03 22:35:51 processed d3plus
