Files:
- fontsource-calistoga/5.0.6/400.css.br
- fontsource-calistoga/5.0.6/400.min.css.br
- fontsource-calistoga/5.0.6/files/calistoga-latin-400-normal.woff.br
- fontsource-calistoga/5.0.6/files/calistoga-latin-ext-400-normal.woff.br
- fontsource-calistoga/5.0.6/files/calistoga-vietnamese-400-normal.woff.br
- fontsource-calistoga/5.0.6/index.css.br
- fontsource-calistoga/5.0.6/index.min.css.br
- fontsource-calistoga/5.0.6/latin-400.css.br
- fontsource-calistoga/5.0.6/latin-400.min.css.br
- fontsource-calistoga/5.0.6/latin-ext-400.css.br
- fontsource-calistoga/5.0.6/latin-ext-400.min.css.br
- fontsource-calistoga/5.0.6/latin-ext.css.br
- fontsource-calistoga/5.0.6/latin-ext.min.css.br
- fontsource-calistoga/5.0.6/latin.css.br
- fontsource-calistoga/5.0.6/latin.min.css.br
- fontsource-calistoga/5.0.6/vietnamese-400.css.br
- fontsource-calistoga/5.0.6/vietnamese-400.min.css.br
- fontsource-calistoga/5.0.6/vietnamese.css.br
- fontsource-calistoga/5.0.6/vietnamese.min.css.br
