Files:
- fontsource-cormorant-sc/4.5.10/300.css.br
- fontsource-cormorant-sc/4.5.10/300.css.gz
- fontsource-cormorant-sc/4.5.10/300.min.css.br
- fontsource-cormorant-sc/4.5.10/300.min.css.gz
- fontsource-cormorant-sc/4.5.10/400.css.br
- fontsource-cormorant-sc/4.5.10/400.css.gz
- fontsource-cormorant-sc/4.5.10/400.min.css.br
- fontsource-cormorant-sc/4.5.10/400.min.css.gz
- fontsource-cormorant-sc/4.5.10/500.css.br
- fontsource-cormorant-sc/4.5.10/500.css.gz
- fontsource-cormorant-sc/4.5.10/500.min.css.br
- fontsource-cormorant-sc/4.5.10/500.min.css.gz
- fontsource-cormorant-sc/4.5.10/600.css.br
- fontsource-cormorant-sc/4.5.10/600.css.gz
- fontsource-cormorant-sc/4.5.10/600.min.css.br
- fontsource-cormorant-sc/4.5.10/600.min.css.gz
- fontsource-cormorant-sc/4.5.10/700.css.br
- fontsource-cormorant-sc/4.5.10/700.css.gz
- fontsource-cormorant-sc/4.5.10/700.min.css.br
- fontsource-cormorant-sc/4.5.10/700.min.css.gz
- fontsource-cormorant-sc/4.5.10/cyrillic-300.css.br
- fontsource-cormorant-sc/4.5.10/cyrillic-300.css.gz
- fontsource-cormorant-sc/4.5.10/cyrillic-300.min.css.br
- fontsource-cormorant-sc/4.5.10/cyrillic-300.min.css.gz
- fontsource-cormorant-sc/4.5.10/cyrillic-400.css.br
- fontsource-cormorant-sc/4.5.10/cyrillic-400.css.gz
- fontsource-cormorant-sc/4.5.10/cyrillic-400.min.css.br
- fontsource-cormorant-sc/4.5.10/cyrillic-400.min.css.gz
- fontsource-cormorant-sc/4.5.10/cyrillic-500.css.br
- fontsource-cormorant-sc/4.5.10/cyrillic-500.css.gz
- fontsource-cormorant-sc/4.5.10/cyrillic-500.min.css.br
- fontsource-cormorant-sc/4.5.10/cyrillic-500.min.css.gz
- fontsource-cormorant-sc/4.5.10/cyrillic-600.css.br
- fontsource-cormorant-sc/4.5.10/cyrillic-600.css.gz
- fontsource-cormorant-sc/4.5.10/cyrillic-600.min.css.br
- fontsource-cormorant-sc/4.5.10/cyrillic-600.min.css.gz
- fontsource-cormorant-sc/4.5.10/cyrillic-700.css.br
- fontsource-cormorant-sc/4.5.10/cyrillic-700.css.gz
- fontsource-cormorant-sc/4.5.10/cyrillic-700.min.css.br
- fontsource-cormorant-sc/4.5.10/cyrillic-700.min.css.gz
- fontsource-cormorant-sc/4.5.10/cyrillic-ext-300.css.br
- fontsource-cormorant-sc/4.5.10/cyrillic-ext-300.css.gz
- fontsource-cormorant-sc/4.5.10/cyrillic-ext-300.min.css.br
- fontsource-cormorant-sc/4.5.10/cyrillic-ext-300.min.css.gz
- fontsource-cormorant-sc/4.5.10/cyrillic-ext-400.css.br
- fontsource-cormorant-sc/4.5.10/cyrillic-ext-400.css.gz
- fontsource-cormorant-sc/4.5.10/cyrillic-ext-400.min.css.br
- fontsource-cormorant-sc/4.5.10/cyrillic-ext-400.min.css.gz
- fontsource-cormorant-sc/4.5.10/cyrillic-ext-500.css.br
- fontsource-cormorant-sc/4.5.10/cyrillic-ext-500.css.gz
- fontsource-cormorant-sc/4.5.10/cyrillic-ext-500.min.css.br
- fontsource-cormorant-sc/4.5.10/cyrillic-ext-500.min.css.gz
- fontsource-cormorant-sc/4.5.10/cyrillic-ext-600.css.br
- fontsource-cormorant-sc/4.5.10/cyrillic-ext-600.css.gz
- fontsource-cormorant-sc/4.5.10/cyrillic-ext-600.min.css.br
- fontsource-cormorant-sc/4.5.10/cyrillic-ext-600.min.css.gz
- fontsource-cormorant-sc/4.5.10/cyrillic-ext-700.css.br
- fontsource-cormorant-sc/4.5.10/cyrillic-ext-700.css.gz
- fontsource-cormorant-sc/4.5.10/cyrillic-ext-700.min.css.br
- fontsource-cormorant-sc/4.5.10/cyrillic-ext-700.min.css.gz
- fontsource-cormorant-sc/4.5.10/cyrillic-ext.css.br
- fontsource-cormorant-sc/4.5.10/cyrillic-ext.css.gz
- fontsource-cormorant-sc/4.5.10/cyrillic-ext.min.css.br
- fontsource-cormorant-sc/4.5.10/cyrillic-ext.min.css.gz
- fontsource-cormorant-sc/4.5.10/cyrillic.css.br
- fontsource-cormorant-sc/4.5.10/cyrillic.css.gz
- fontsource-cormorant-sc/4.5.10/cyrillic.min.css.br
- fontsource-cormorant-sc/4.5.10/cyrillic.min.css.gz
- fontsource-cormorant-sc/4.5.10/files/cormorant-sc-all-300-normal.woff.br
- fontsource-cormorant-sc/4.5.10/files/cormorant-sc-all-300-normal.woff.gz
- fontsource-cormorant-sc/4.5.10/files/cormorant-sc-all-400-normal.woff.br
- fontsource-cormorant-sc/4.5.10/files/cormorant-sc-all-400-normal.woff.gz
- fontsource-cormorant-sc/4.5.10/files/cormorant-sc-all-500-normal.woff.br
- fontsource-cormorant-sc/4.5.10/files/cormorant-sc-all-500-normal.woff.gz
- fontsource-cormorant-sc/4.5.10/files/cormorant-sc-all-600-normal.woff.br
- fontsource-cormorant-sc/4.5.10/files/cormorant-sc-all-600-normal.woff.gz
- fontsource-cormorant-sc/4.5.10/files/cormorant-sc-all-700-normal.woff.br
- fontsource-cormorant-sc/4.5.10/files/cormorant-sc-all-700-normal.woff.gz
- fontsource-cormorant-sc/4.5.10/files/cormorant-sc-cyrillic-300-normal.woff.br
- fontsource-cormorant-sc/4.5.10/files/cormorant-sc-cyrillic-300-normal.woff.gz
- fontsource-cormorant-sc/4.5.10/files/cormorant-sc-cyrillic-300-normal.woff2
- fontsource-cormorant-sc/4.5.10/files/cormorant-sc-cyrillic-400-normal.woff.br
- fontsource-cormorant-sc/4.5.10/files/cormorant-sc-cyrillic-400-normal.woff.gz
- fontsource-cormorant-sc/4.5.10/files/cormorant-sc-cyrillic-400-normal.woff2
- fontsource-cormorant-sc/4.5.10/files/cormorant-sc-cyrillic-500-normal.woff.br
- fontsource-cormorant-sc/4.5.10/files/cormorant-sc-cyrillic-500-normal.woff.gz
- fontsource-cormorant-sc/4.5.10/files/cormorant-sc-cyrillic-500-normal.woff2
- fontsource-cormorant-sc/4.5.10/files/cormorant-sc-cyrillic-600-normal.woff.br
- fontsource-cormorant-sc/4.5.10/files/cormorant-sc-cyrillic-600-normal.woff.gz
- fontsource-cormorant-sc/4.5.10/files/cormorant-sc-cyrillic-600-normal.woff2
- fontsource-cormorant-sc/4.5.10/files/cormorant-sc-cyrillic-700-normal.woff.br
- fontsource-cormorant-sc/4.5.10/files/cormorant-sc-cyrillic-700-normal.woff.gz
- fontsource-cormorant-sc/4.5.10/files/cormorant-sc-cyrillic-700-normal.woff2
- fontsource-cormorant-sc/4.5.10/files/cormorant-sc-cyrillic-ext-300-normal.woff.br
- fontsource-cormorant-sc/4.5.10/files/cormorant-sc-cyrillic-ext-300-normal.woff.gz
- fontsource-cormorant-sc/4.5.10/files/cormorant-sc-cyrillic-ext-300-normal.woff2
- fontsource-cormorant-sc/4.5.10/files/cormorant-sc-cyrillic-ext-400-normal.woff.br
- fontsource-cormorant-sc/4.5.10/files/cormorant-sc-cyrillic-ext-400-normal.woff.gz
- fontsource-cormorant-sc/4.5.10/files/cormorant-sc-cyrillic-ext-400-normal.woff2
- fontsource-cormorant-sc/4.5.10/files/cormorant-sc-cyrillic-ext-500-normal.woff.br
- fontsource-cormorant-sc/4.5.10/files/cormorant-sc-cyrillic-ext-500-normal.woff.gz
- fontsource-cormorant-sc/4.5.10/files/cormorant-sc-cyrillic-ext-500-normal.woff2
- fontsource-cormorant-sc/4.5.10/files/cormorant-sc-cyrillic-ext-600-normal.woff.br
- fontsource-cormorant-sc/4.5.10/files/cormorant-sc-cyrillic-ext-600-normal.woff.gz
- fontsource-cormorant-sc/4.5.10/files/cormorant-sc-cyrillic-ext-600-normal.woff2
- fontsource-cormorant-sc/4.5.10/files/cormorant-sc-cyrillic-ext-700-normal.woff.br
- fontsource-cormorant-sc/4.5.10/files/cormorant-sc-cyrillic-ext-700-normal.woff.gz
- fontsource-cormorant-sc/4.5.10/files/cormorant-sc-cyrillic-ext-700-normal.woff2
- fontsource-cormorant-sc/4.5.10/files/cormorant-sc-latin-300-normal.woff.br
- fontsource-cormorant-sc/4.5.10/files/cormorant-sc-latin-300-normal.woff.gz
- fontsource-cormorant-sc/4.5.10/files/cormorant-sc-latin-300-normal.woff2
- fontsource-cormorant-sc/4.5.10/files/cormorant-sc-latin-400-normal.woff.br
- fontsource-cormorant-sc/4.5.10/files/cormorant-sc-latin-400-normal.woff.gz
- fontsource-cormorant-sc/4.5.10/files/cormorant-sc-latin-400-normal.woff2
- fontsource-cormorant-sc/4.5.10/files/cormorant-sc-latin-500-normal.woff.br
- fontsource-cormorant-sc/4.5.10/files/cormorant-sc-latin-500-normal.woff.gz
- fontsource-cormorant-sc/4.5.10/files/cormorant-sc-latin-500-normal.woff2
- fontsource-cormorant-sc/4.5.10/files/cormorant-sc-latin-600-normal.woff.br
- fontsource-cormorant-sc/4.5.10/files/cormorant-sc-latin-600-normal.woff.gz
- fontsource-cormorant-sc/4.5.10/files/cormorant-sc-latin-600-normal.woff2
- fontsource-cormorant-sc/4.5.10/files/cormorant-sc-latin-700-normal.woff.br
- fontsource-cormorant-sc/4.5.10/files/cormorant-sc-latin-700-normal.woff.gz
- fontsource-cormorant-sc/4.5.10/files/cormorant-sc-latin-700-normal.woff2
- fontsource-cormorant-sc/4.5.10/files/cormorant-sc-latin-ext-300-normal.woff.br
- fontsource-cormorant-sc/4.5.10/files/cormorant-sc-latin-ext-300-normal.woff.gz
- fontsource-cormorant-sc/4.5.10/files/cormorant-sc-latin-ext-300-normal.woff2
- fontsource-cormorant-sc/4.5.10/files/cormorant-sc-latin-ext-400-normal.woff.br
- fontsource-cormorant-sc/4.5.10/files/cormorant-sc-latin-ext-400-normal.woff.gz
- fontsource-cormorant-sc/4.5.10/files/cormorant-sc-latin-ext-400-normal.woff2
- fontsource-cormorant-sc/4.5.10/files/cormorant-sc-latin-ext-500-normal.woff.br
- fontsource-cormorant-sc/4.5.10/files/cormorant-sc-latin-ext-500-normal.woff.gz
- fontsource-cormorant-sc/4.5.10/files/cormorant-sc-latin-ext-500-normal.woff2
- fontsource-cormorant-sc/4.5.10/files/cormorant-sc-latin-ext-600-normal.woff.br
- fontsource-cormorant-sc/4.5.10/files/cormorant-sc-latin-ext-600-normal.woff.gz
- fontsource-cormorant-sc/4.5.10/files/cormorant-sc-latin-ext-600-normal.woff2
- fontsource-cormorant-sc/4.5.10/files/cormorant-sc-latin-ext-700-normal.woff.br
- fontsource-cormorant-sc/4.5.10/files/cormorant-sc-latin-ext-700-normal.woff.gz
- fontsource-cormorant-sc/4.5.10/files/cormorant-sc-latin-ext-700-normal.woff2
- fontsource-cormorant-sc/4.5.10/files/cormorant-sc-vietnamese-300-normal.woff.br
- fontsource-cormorant-sc/4.5.10/files/cormorant-sc-vietnamese-300-normal.woff.gz
- fontsource-cormorant-sc/4.5.10/files/cormorant-sc-vietnamese-300-normal.woff2
- fontsource-cormorant-sc/4.5.10/files/cormorant-sc-vietnamese-400-normal.woff.br
- fontsource-cormorant-sc/4.5.10/files/cormorant-sc-vietnamese-400-normal.woff.gz
- fontsource-cormorant-sc/4.5.10/files/cormorant-sc-vietnamese-400-normal.woff2
- fontsource-cormorant-sc/4.5.10/files/cormorant-sc-vietnamese-500-normal.woff.br
- fontsource-cormorant-sc/4.5.10/files/cormorant-sc-vietnamese-500-normal.woff.gz
- fontsource-cormorant-sc/4.5.10/files/cormorant-sc-vietnamese-500-normal.woff2
- fontsource-cormorant-sc/4.5.10/files/cormorant-sc-vietnamese-600-normal.woff.br
- fontsource-cormorant-sc/4.5.10/files/cormorant-sc-vietnamese-600-normal.woff.gz
- fontsource-cormorant-sc/4.5.10/files/cormorant-sc-vietnamese-600-normal.woff2
- fontsource-cormorant-sc/4.5.10/files/cormorant-sc-vietnamese-700-normal.woff.br
- fontsource-cormorant-sc/4.5.10/files/cormorant-sc-vietnamese-700-normal.woff.gz
- fontsource-cormorant-sc/4.5.10/files/cormorant-sc-vietnamese-700-normal.woff2
- fontsource-cormorant-sc/4.5.10/index.css.br
- fontsource-cormorant-sc/4.5.10/index.css.gz
- fontsource-cormorant-sc/4.5.10/index.min.css.br
- fontsource-cormorant-sc/4.5.10/index.min.css.gz
- fontsource-cormorant-sc/4.5.10/latin-300.css.br
- fontsource-cormorant-sc/4.5.10/latin-300.css.gz
- fontsource-cormorant-sc/4.5.10/latin-300.min.css.br
- fontsource-cormorant-sc/4.5.10/latin-300.min.css.gz
- fontsource-cormorant-sc/4.5.10/latin-400.css.br
- fontsource-cormorant-sc/4.5.10/latin-400.css.gz
- fontsource-cormorant-sc/4.5.10/latin-400.min.css.br
- fontsource-cormorant-sc/4.5.10/latin-400.min.css.gz
- fontsource-cormorant-sc/4.5.10/latin-500.css.br
- fontsource-cormorant-sc/4.5.10/latin-500.css.gz
- fontsource-cormorant-sc/4.5.10/latin-500.min.css.br
- fontsource-cormorant-sc/4.5.10/latin-500.min.css.gz
- fontsource-cormorant-sc/4.5.10/latin-600.css.br
- fontsource-cormorant-sc/4.5.10/latin-600.css.gz
- fontsource-cormorant-sc/4.5.10/latin-600.min.css.br
- fontsource-cormorant-sc/4.5.10/latin-600.min.css.gz
- fontsource-cormorant-sc/4.5.10/latin-700.css.br
- fontsource-cormorant-sc/4.5.10/latin-700.css.gz
- fontsource-cormorant-sc/4.5.10/latin-700.min.css.br
- fontsource-cormorant-sc/4.5.10/latin-700.min.css.gz
- fontsource-cormorant-sc/4.5.10/latin-ext-300.css.br
- fontsource-cormorant-sc/4.5.10/latin-ext-300.css.gz
- fontsource-cormorant-sc/4.5.10/latin-ext-300.min.css.br
- fontsource-cormorant-sc/4.5.10/latin-ext-300.min.css.gz
- fontsource-cormorant-sc/4.5.10/latin-ext-400.css.br
- fontsource-cormorant-sc/4.5.10/latin-ext-400.css.gz
- fontsource-cormorant-sc/4.5.10/latin-ext-400.min.css.br
- fontsource-cormorant-sc/4.5.10/latin-ext-400.min.css.gz
- fontsource-cormorant-sc/4.5.10/latin-ext-500.css.br
- fontsource-cormorant-sc/4.5.10/latin-ext-500.css.gz
- fontsource-cormorant-sc/4.5.10/latin-ext-500.min.css.br
- fontsource-cormorant-sc/4.5.10/latin-ext-500.min.css.gz
- fontsource-cormorant-sc/4.5.10/latin-ext-600.css.br
- fontsource-cormorant-sc/4.5.10/latin-ext-600.css.gz
- fontsource-cormorant-sc/4.5.10/latin-ext-600.min.css.br
- fontsource-cormorant-sc/4.5.10/latin-ext-600.min.css.gz
- fontsource-cormorant-sc/4.5.10/latin-ext-700.css.br
- fontsource-cormorant-sc/4.5.10/latin-ext-700.css.gz
- fontsource-cormorant-sc/4.5.10/latin-ext-700.min.css.br
- fontsource-cormorant-sc/4.5.10/latin-ext-700.min.css.gz
- fontsource-cormorant-sc/4.5.10/latin-ext.css.br
- fontsource-cormorant-sc/4.5.10/latin-ext.css.gz
- fontsource-cormorant-sc/4.5.10/latin-ext.min.css.br
- fontsource-cormorant-sc/4.5.10/latin-ext.min.css.gz
- fontsource-cormorant-sc/4.5.10/latin.css.br
- fontsource-cormorant-sc/4.5.10/latin.css.gz
- fontsource-cormorant-sc/4.5.10/latin.min.css.br
- fontsource-cormorant-sc/4.5.10/latin.min.css.gz
- fontsource-cormorant-sc/4.5.10/vietnamese-300.css.br
- fontsource-cormorant-sc/4.5.10/vietnamese-300.css.gz
- fontsource-cormorant-sc/4.5.10/vietnamese-300.min.css.br
- fontsource-cormorant-sc/4.5.10/vietnamese-300.min.css.gz
- fontsource-cormorant-sc/4.5.10/vietnamese-400.css.br
- fontsource-cormorant-sc/4.5.10/vietnamese-400.css.gz
- fontsource-cormorant-sc/4.5.10/vietnamese-400.min.css.br
- fontsource-cormorant-sc/4.5.10/vietnamese-400.min.css.gz
- fontsource-cormorant-sc/4.5.10/vietnamese-500.css.br
- fontsource-cormorant-sc/4.5.10/vietnamese-500.css.gz
- fontsource-cormorant-sc/4.5.10/vietnamese-500.min.css.br
- fontsource-cormorant-sc/4.5.10/vietnamese-500.min.css.gz
- fontsource-cormorant-sc/4.5.10/vietnamese-600.css.br
- fontsource-cormorant-sc/4.5.10/vietnamese-600.css.gz
- fontsource-cormorant-sc/4.5.10/vietnamese-600.min.css.br
- fontsource-cormorant-sc/4.5.10/vietnamese-600.min.css.gz
- fontsource-cormorant-sc/4.5.10/vietnamese-700.css.br
- fontsource-cormorant-sc/4.5.10/vietnamese-700.css.gz
- fontsource-cormorant-sc/4.5.10/vietnamese-700.min.css.br
- fontsource-cormorant-sc/4.5.10/vietnamese-700.min.css.gz
- fontsource-cormorant-sc/4.5.10/vietnamese.css.br
- fontsource-cormorant-sc/4.5.10/vietnamese.css.gz
- fontsource-cormorant-sc/4.5.10/vietnamese.min.css.br
- fontsource-cormorant-sc/4.5.10/vietnamese.min.css.gz
