config: {"authors":[{"name":"Google Inc."}],"autoupdate":{"source":"npm","target":"@fontsource/rubik-maze","fileMap":[{"basePath":"","files":["*.css","files/*.@(woff|woff2)"]}],"excludeFromSearch":true},"description":"Self-host the Rubik Maze font in a neatly bundled NPM package.","filename":"index.css","homepage":"https://fontsource.org/fonts/rubik-maze","keywords":["fontsource","font","font family","google fonts","rubik-maze","Rubik Maze","css","sass","front-end","web","typeface","variable"],"license":"OFL-1.1","name":"fontsource-rubik-maze","repository":{"type":"git","url":"git+https://github.com/fontsource/font-files.git"},"author":"Google Inc."}
KV keys:
- fontsource-rubik-maze/5.0.7/400.css.br
- fontsource-rubik-maze/5.0.7/400.css.gz
- fontsource-rubik-maze/5.0.7/400.min.css.br
- fontsource-rubik-maze/5.0.7/400.min.css.gz
- fontsource-rubik-maze/5.0.7/cyrillic-400.css.br
- fontsource-rubik-maze/5.0.7/cyrillic-400.css.gz
- fontsource-rubik-maze/5.0.7/cyrillic-400.min.css.br
- fontsource-rubik-maze/5.0.7/cyrillic-400.min.css.gz
- fontsource-rubik-maze/5.0.7/cyrillic-ext-400.css.br
- fontsource-rubik-maze/5.0.7/cyrillic-ext-400.css.gz
- fontsource-rubik-maze/5.0.7/cyrillic-ext-400.min.css.br
- fontsource-rubik-maze/5.0.7/cyrillic-ext-400.min.css.gz
- fontsource-rubik-maze/5.0.7/cyrillic-ext.css.br
- fontsource-rubik-maze/5.0.7/cyrillic-ext.css.gz
- fontsource-rubik-maze/5.0.7/cyrillic-ext.min.css.br
- fontsource-rubik-maze/5.0.7/cyrillic-ext.min.css.gz
- fontsource-rubik-maze/5.0.7/cyrillic.css.br
- fontsource-rubik-maze/5.0.7/cyrillic.css.gz
- fontsource-rubik-maze/5.0.7/cyrillic.min.css.br
- fontsource-rubik-maze/5.0.7/cyrillic.min.css.gz
- fontsource-rubik-maze/5.0.7/files/rubik-maze-cyrillic-400-normal.woff.br
- fontsource-rubik-maze/5.0.7/files/rubik-maze-cyrillic-400-normal.woff.gz
- fontsource-rubik-maze/5.0.7/files/rubik-maze-cyrillic-400-normal.woff2
- fontsource-rubik-maze/5.0.7/files/rubik-maze-cyrillic-ext-400-normal.woff.br
- fontsource-rubik-maze/5.0.7/files/rubik-maze-cyrillic-ext-400-normal.woff.gz
- fontsource-rubik-maze/5.0.7/files/rubik-maze-cyrillic-ext-400-normal.woff2
- fontsource-rubik-maze/5.0.7/files/rubik-maze-hebrew-400-normal.woff.br
- fontsource-rubik-maze/5.0.7/files/rubik-maze-hebrew-400-normal.woff.gz
- fontsource-rubik-maze/5.0.7/files/rubik-maze-hebrew-400-normal.woff2
- fontsource-rubik-maze/5.0.7/files/rubik-maze-latin-400-normal.woff.br
- fontsource-rubik-maze/5.0.7/files/rubik-maze-latin-400-normal.woff.gz
- fontsource-rubik-maze/5.0.7/files/rubik-maze-latin-400-normal.woff2
- fontsource-rubik-maze/5.0.7/files/rubik-maze-latin-ext-400-normal.woff.br
- fontsource-rubik-maze/5.0.7/files/rubik-maze-latin-ext-400-normal.woff.gz
- fontsource-rubik-maze/5.0.7/files/rubik-maze-latin-ext-400-normal.woff2
- fontsource-rubik-maze/5.0.7/hebrew-400.css.br
- fontsource-rubik-maze/5.0.7/hebrew-400.css.gz
- fontsource-rubik-maze/5.0.7/hebrew-400.min.css.br
- fontsource-rubik-maze/5.0.7/hebrew-400.min.css.gz
- fontsource-rubik-maze/5.0.7/hebrew.css.br
- fontsource-rubik-maze/5.0.7/hebrew.css.gz
- fontsource-rubik-maze/5.0.7/hebrew.min.css.br
- fontsource-rubik-maze/5.0.7/hebrew.min.css.gz
- fontsource-rubik-maze/5.0.7/index.css.br
- fontsource-rubik-maze/5.0.7/index.css.gz
- fontsource-rubik-maze/5.0.7/index.min.css.br
- fontsource-rubik-maze/5.0.7/index.min.css.gz
- fontsource-rubik-maze/5.0.7/latin-400.css.br
- fontsource-rubik-maze/5.0.7/latin-400.css.gz
- fontsource-rubik-maze/5.0.7/latin-400.min.css.br
- fontsource-rubik-maze/5.0.7/latin-400.min.css.gz
- fontsource-rubik-maze/5.0.7/latin-ext-400.css.br
- fontsource-rubik-maze/5.0.7/latin-ext-400.css.gz
- fontsource-rubik-maze/5.0.7/latin-ext-400.min.css.br
- fontsource-rubik-maze/5.0.7/latin-ext-400.min.css.gz
- fontsource-rubik-maze/5.0.7/latin-ext.css.br
- fontsource-rubik-maze/5.0.7/latin-ext.css.gz
- fontsource-rubik-maze/5.0.7/latin-ext.min.css.br
- fontsource-rubik-maze/5.0.7/latin-ext.min.css.gz
- fontsource-rubik-maze/5.0.7/latin.css.br
- fontsource-rubik-maze/5.0.7/latin.css.gz
- fontsource-rubik-maze/5.0.7/latin.min.css.br
- fontsource-rubik-maze/5.0.7/latin.min.css.gz
SRIs:
- fontsource-rubik-maze/5.0.7/400.css: sha512-MAosp/0p63529gWydItOiroa297UWKejGvQK6VJpAuhLKI5HXCgj4v+OKNKiLSVbmivEB05Uo/nwBeaVg2sGlQ==
- fontsource-rubik-maze/5.0.7/cyrillic.css: sha512-n8Mv3X/t60+H/tF2KED20hT7XFvYgdARtYwfgc3xRAQC0b0hEdDqI2MCS4alC2dgbEw5XYkjQcNI972iHg5l0w==
- fontsource-rubik-maze/5.0.7/hebrew.min.css: sha512-C741UUWPfP+S0s6yGrQ0EUus0DNNolVPXoZE+c+wCfFMOi/f4loYBr/8IlCE8xXObH+JVe/SabINVupAryxo5w==
- fontsource-rubik-maze/5.0.7/latin-400.css: sha512-zCKjL6JsxJQx8j7Yr4gdBXbhh6GWx/d7BbhTs2CH5foa1+6VqLPkrDuVfL88X0BVy9roQGuTsuDhYB4Grv5GrA==
- fontsource-rubik-maze/5.0.7/cyrillic-ext.min.css: sha512-OryFEQGIEx6yforE6zEkJa9QnvM3qheFBntgxFtNXmqAOXrdgg89QjhJ0f/p2eNC0HcX+kZ2Hstx6AgsApbbkg==
- fontsource-rubik-maze/5.0.7/cyrillic.min.css: sha512-9mK6P9reBhtDCNqe33vYeH9fjhL8dOqV6izIuUnFQCjsncx0tSrIJAF2k9r1QNXiaW2NwtCH80L0vVpjRvUcSA==
- fontsource-rubik-maze/5.0.7/index.min.css: sha512-GpkGQscHrDFMshCZkp4dHs9TeyjyBpB03Ls9fu+t+gYfaJub5LgI0+LCzNJTsAVIj1/9BvUbrnKPLph6oa9V2g==
- fontsource-rubik-maze/5.0.7/latin-ext.min.css: sha512-v4yot2wXxEauRbMNZx3fhMp6T2BD8VsvnoR47+hQIqv4h31StWzdwOKlhTr8dJejho8EXKfbLz2OiCjvK5ikSw==
- fontsource-rubik-maze/5.0.7/latin.css: sha512-zCKjL6JsxJQx8j7Yr4gdBXbhh6GWx/d7BbhTs2CH5foa1+6VqLPkrDuVfL88X0BVy9roQGuTsuDhYB4Grv5GrA==
- fontsource-rubik-maze/5.0.7/cyrillic-400.css: sha512-n8Mv3X/t60+H/tF2KED20hT7XFvYgdARtYwfgc3xRAQC0b0hEdDqI2MCS4alC2dgbEw5XYkjQcNI972iHg5l0w==
- fontsource-rubik-maze/5.0.7/cyrillic-ext.css: sha512-K98yLPzPX1V4gbCDWJUBC3H2BiPenP2uOcBK63gOyITNtT6bCDIkpzVbomc3Cv42CxynO8+ng9waaxAyOOgwKQ==
- fontsource-rubik-maze/5.0.7/hebrew-400.min.css: sha512-C741UUWPfP+S0s6yGrQ0EUus0DNNolVPXoZE+c+wCfFMOi/f4loYBr/8IlCE8xXObH+JVe/SabINVupAryxo5w==
- fontsource-rubik-maze/5.0.7/hebrew.css: sha512-Tn7rx6AgDDX0/yPKKJUYGfdeCQ7Smn60uyFD68Dp9rMhj1OVj5TL4VkEgou2jNaLZi7sVvf9ppsyqp94TH02rA==
- fontsource-rubik-maze/5.0.7/index.css: sha512-MAosp/0p63529gWydItOiroa297UWKejGvQK6VJpAuhLKI5HXCgj4v+OKNKiLSVbmivEB05Uo/nwBeaVg2sGlQ==
- fontsource-rubik-maze/5.0.7/latin-ext-400.css: sha512-SbNLYTvPDyLMg6WKKjV2WoxcqI9bw4We8gE3V7tAY6ytN6DKYHpivQQeEZnndX1XF+ufVa5Y2Vrlw/UkpIjqWQ==
- fontsource-rubik-maze/5.0.7/latin-ext-400.min.css: sha512-v4yot2wXxEauRbMNZx3fhMp6T2BD8VsvnoR47+hQIqv4h31StWzdwOKlhTr8dJejho8EXKfbLz2OiCjvK5ikSw==
- fontsource-rubik-maze/5.0.7/latin-ext.css: sha512-SbNLYTvPDyLMg6WKKjV2WoxcqI9bw4We8gE3V7tAY6ytN6DKYHpivQQeEZnndX1XF+ufVa5Y2Vrlw/UkpIjqWQ==
- fontsource-rubik-maze/5.0.7/latin.min.css: sha512-YMuBxkkd431kFiVCW70siET0IFjeHXwD6AzfovkJYPpZpqWX2XADZaWoB6gsDYTaY7/L42gNB2RUo21tJIXdFw==
- fontsource-rubik-maze/5.0.7/400.min.css: sha512-GpkGQscHrDFMshCZkp4dHs9TeyjyBpB03Ls9fu+t+gYfaJub5LgI0+LCzNJTsAVIj1/9BvUbrnKPLph6oa9V2g==
- fontsource-rubik-maze/5.0.7/cyrillic-400.min.css: sha512-9mK6P9reBhtDCNqe33vYeH9fjhL8dOqV6izIuUnFQCjsncx0tSrIJAF2k9r1QNXiaW2NwtCH80L0vVpjRvUcSA==
- fontsource-rubik-maze/5.0.7/cyrillic-ext-400.css: sha512-K98yLPzPX1V4gbCDWJUBC3H2BiPenP2uOcBK63gOyITNtT6bCDIkpzVbomc3Cv42CxynO8+ng9waaxAyOOgwKQ==
- fontsource-rubik-maze/5.0.7/cyrillic-ext-400.min.css: sha512-OryFEQGIEx6yforE6zEkJa9QnvM3qheFBntgxFtNXmqAOXrdgg89QjhJ0f/p2eNC0HcX+kZ2Hstx6AgsApbbkg==
- fontsource-rubik-maze/5.0.7/hebrew-400.css: sha512-Tn7rx6AgDDX0/yPKKJUYGfdeCQ7Smn60uyFD68Dp9rMhj1OVj5TL4VkEgou2jNaLZi7sVvf9ppsyqp94TH02rA==
- fontsource-rubik-maze/5.0.7/latin-400.min.css: sha512-YMuBxkkd431kFiVCW70siET0IFjeHXwD6AzfovkJYPpZpqWX2XADZaWoB6gsDYTaY7/L42gNB2RUo21tJIXdFw==
