Files:
- fontsource-comfortaa/5.0.17/300.css.br
- fontsource-comfortaa/5.0.17/300.min.css.br
- fontsource-comfortaa/5.0.17/400.css.br
- fontsource-comfortaa/5.0.17/400.min.css.br
- fontsource-comfortaa/5.0.17/500.css.br
- fontsource-comfortaa/5.0.17/500.min.css.br
- fontsource-comfortaa/5.0.17/600.css.br
- fontsource-comfortaa/5.0.17/600.min.css.br
- fontsource-comfortaa/5.0.17/700.css.br
- fontsource-comfortaa/5.0.17/700.min.css.br
- fontsource-comfortaa/5.0.17/cyrillic-300.css.br
- fontsource-comfortaa/5.0.17/cyrillic-300.min.css.br
- fontsource-comfortaa/5.0.17/cyrillic-400.css.br
- fontsource-comfortaa/5.0.17/cyrillic-400.min.css.br
- fontsource-comfortaa/5.0.17/cyrillic-500.css.br
- fontsource-comfortaa/5.0.17/cyrillic-500.min.css.br
- fontsource-comfortaa/5.0.17/cyrillic-600.css.br
- fontsource-comfortaa/5.0.17/cyrillic-600.min.css.br
- fontsource-comfortaa/5.0.17/cyrillic-700.css.br
- fontsource-comfortaa/5.0.17/cyrillic-700.min.css.br
- fontsource-comfortaa/5.0.17/cyrillic-ext-300.css.br
- fontsource-comfortaa/5.0.17/cyrillic-ext-300.min.css.br
- fontsource-comfortaa/5.0.17/cyrillic-ext-400.css.br
- fontsource-comfortaa/5.0.17/cyrillic-ext-400.min.css.br
- fontsource-comfortaa/5.0.17/cyrillic-ext-500.css.br
- fontsource-comfortaa/5.0.17/cyrillic-ext-500.min.css.br
- fontsource-comfortaa/5.0.17/cyrillic-ext-600.css.br
- fontsource-comfortaa/5.0.17/cyrillic-ext-600.min.css.br
- fontsource-comfortaa/5.0.17/cyrillic-ext-700.css.br
- fontsource-comfortaa/5.0.17/cyrillic-ext-700.min.css.br
- fontsource-comfortaa/5.0.17/cyrillic-ext.css.br
- fontsource-comfortaa/5.0.17/cyrillic-ext.min.css.br
- fontsource-comfortaa/5.0.17/cyrillic.css.br
- fontsource-comfortaa/5.0.17/cyrillic.min.css.br
- fontsource-comfortaa/5.0.17/files/comfortaa-cyrillic-300-normal.woff.br
- fontsource-comfortaa/5.0.17/files/comfortaa-cyrillic-400-normal.woff.br
- fontsource-comfortaa/5.0.17/files/comfortaa-cyrillic-500-normal.woff.br
- fontsource-comfortaa/5.0.17/files/comfortaa-cyrillic-600-normal.woff.br
- fontsource-comfortaa/5.0.17/files/comfortaa-cyrillic-700-normal.woff.br
- fontsource-comfortaa/5.0.17/files/comfortaa-cyrillic-ext-300-normal.woff.br
- fontsource-comfortaa/5.0.17/files/comfortaa-cyrillic-ext-400-normal.woff.br
- fontsource-comfortaa/5.0.17/files/comfortaa-cyrillic-ext-500-normal.woff.br
- fontsource-comfortaa/5.0.17/files/comfortaa-cyrillic-ext-600-normal.woff.br
- fontsource-comfortaa/5.0.17/files/comfortaa-cyrillic-ext-700-normal.woff.br
- fontsource-comfortaa/5.0.17/files/comfortaa-greek-300-normal.woff.br
- fontsource-comfortaa/5.0.17/files/comfortaa-greek-400-normal.woff.br
- fontsource-comfortaa/5.0.17/files/comfortaa-greek-500-normal.woff.br
- fontsource-comfortaa/5.0.17/files/comfortaa-greek-600-normal.woff.br
- fontsource-comfortaa/5.0.17/files/comfortaa-greek-700-normal.woff.br
- fontsource-comfortaa/5.0.17/files/comfortaa-latin-300-normal.woff.br
- fontsource-comfortaa/5.0.17/files/comfortaa-latin-400-normal.woff.br
- fontsource-comfortaa/5.0.17/files/comfortaa-latin-500-normal.woff.br
- fontsource-comfortaa/5.0.17/files/comfortaa-latin-600-normal.woff.br
- fontsource-comfortaa/5.0.17/files/comfortaa-latin-700-normal.woff.br
- fontsource-comfortaa/5.0.17/files/comfortaa-latin-ext-300-normal.woff.br
- fontsource-comfortaa/5.0.17/files/comfortaa-latin-ext-400-normal.woff.br
- fontsource-comfortaa/5.0.17/files/comfortaa-latin-ext-500-normal.woff.br
- fontsource-comfortaa/5.0.17/files/comfortaa-latin-ext-600-normal.woff.br
- fontsource-comfortaa/5.0.17/files/comfortaa-latin-ext-700-normal.woff.br
- fontsource-comfortaa/5.0.17/files/comfortaa-vietnamese-300-normal.woff.br
- fontsource-comfortaa/5.0.17/files/comfortaa-vietnamese-400-normal.woff.br
- fontsource-comfortaa/5.0.17/files/comfortaa-vietnamese-500-normal.woff.br
- fontsource-comfortaa/5.0.17/files/comfortaa-vietnamese-600-normal.woff.br
- fontsource-comfortaa/5.0.17/files/comfortaa-vietnamese-700-normal.woff.br
- fontsource-comfortaa/5.0.17/greek-300.css.br
- fontsource-comfortaa/5.0.17/greek-300.min.css.br
- fontsource-comfortaa/5.0.17/greek-400.css.br
- fontsource-comfortaa/5.0.17/greek-400.min.css.br
- fontsource-comfortaa/5.0.17/greek-500.css.br
- fontsource-comfortaa/5.0.17/greek-500.min.css.br
- fontsource-comfortaa/5.0.17/greek-600.css.br
- fontsource-comfortaa/5.0.17/greek-600.min.css.br
- fontsource-comfortaa/5.0.17/greek-700.css.br
- fontsource-comfortaa/5.0.17/greek-700.min.css.br
- fontsource-comfortaa/5.0.17/greek.css.br
- fontsource-comfortaa/5.0.17/greek.min.css.br
- fontsource-comfortaa/5.0.17/index.css.br
- fontsource-comfortaa/5.0.17/index.min.css.br
- fontsource-comfortaa/5.0.17/latin-300.css.br
- fontsource-comfortaa/5.0.17/latin-300.min.css.br
- fontsource-comfortaa/5.0.17/latin-400.css.br
- fontsource-comfortaa/5.0.17/latin-400.min.css.br
- fontsource-comfortaa/5.0.17/latin-500.css.br
- fontsource-comfortaa/5.0.17/latin-500.min.css.br
- fontsource-comfortaa/5.0.17/latin-600.css.br
- fontsource-comfortaa/5.0.17/latin-600.min.css.br
- fontsource-comfortaa/5.0.17/latin-700.css.br
- fontsource-comfortaa/5.0.17/latin-700.min.css.br
- fontsource-comfortaa/5.0.17/latin-ext-300.css.br
- fontsource-comfortaa/5.0.17/latin-ext-300.min.css.br
- fontsource-comfortaa/5.0.17/latin-ext-400.css.br
- fontsource-comfortaa/5.0.17/latin-ext-400.min.css.br
- fontsource-comfortaa/5.0.17/latin-ext-500.css.br
- fontsource-comfortaa/5.0.17/latin-ext-500.min.css.br
- fontsource-comfortaa/5.0.17/latin-ext-600.css.br
- fontsource-comfortaa/5.0.17/latin-ext-600.min.css.br
- fontsource-comfortaa/5.0.17/latin-ext-700.css.br
- fontsource-comfortaa/5.0.17/latin-ext-700.min.css.br
- fontsource-comfortaa/5.0.17/latin-ext.css.br
- fontsource-comfortaa/5.0.17/latin-ext.min.css.br
- fontsource-comfortaa/5.0.17/latin.css.br
- fontsource-comfortaa/5.0.17/latin.min.css.br
- fontsource-comfortaa/5.0.17/vietnamese-300.css.br
- fontsource-comfortaa/5.0.17/vietnamese-300.min.css.br
- fontsource-comfortaa/5.0.17/vietnamese-400.css.br
- fontsource-comfortaa/5.0.17/vietnamese-400.min.css.br
- fontsource-comfortaa/5.0.17/vietnamese-500.css.br
- fontsource-comfortaa/5.0.17/vietnamese-500.min.css.br
- fontsource-comfortaa/5.0.17/vietnamese-600.css.br
- fontsource-comfortaa/5.0.17/vietnamese-600.min.css.br
- fontsource-comfortaa/5.0.17/vietnamese-700.css.br
- fontsource-comfortaa/5.0.17/vietnamese-700.min.css.br
- fontsource-comfortaa/5.0.17/vietnamese.css.br
- fontsource-comfortaa/5.0.17/vietnamese.min.css.br
