config: {"authors":[{"name":"Google Inc."}],"autoupdate":{"source":"npm","target":"@fontsource/noto-sans-old-north-arabian","fileMap":[{"basePath":"","files":["*.css","files/*.@(woff|woff2)"]}],"excludeFromSearch":true},"description":"Self-host the Noto Sans Old North Arabian font in a neatly bundled NPM package.","filename":"index.css","homepage":"https://fontsource.org/fonts/noto-sans-old-north-arabian","keywords":["fontsource","font","font family","google fonts","noto-sans-old-north-arabian","Noto Sans Old North Arabian","css","sass","front-end","web","typeface","variable"],"license":"OFL-1.1","name":"fontsource-noto-sans-old-north-arabian","repository":{"type":"git","url":"git+https://github.com/fontsource/font-files.git"},"author":"Google Inc."}
KV keys:
- fontsource-noto-sans-old-north-arabian/5.0.2/400.css.br
- fontsource-noto-sans-old-north-arabian/5.0.2/400.css.gz
- fontsource-noto-sans-old-north-arabian/5.0.2/400.min.css.br
- fontsource-noto-sans-old-north-arabian/5.0.2/400.min.css.gz
- fontsource-noto-sans-old-north-arabian/5.0.2/files/noto-sans-old-north-arabian-old-north-arabian-400-normal.woff.br
- fontsource-noto-sans-old-north-arabian/5.0.2/files/noto-sans-old-north-arabian-old-north-arabian-400-normal.woff.gz
- fontsource-noto-sans-old-north-arabian/5.0.2/files/noto-sans-old-north-arabian-old-north-arabian-400-normal.woff2
- fontsource-noto-sans-old-north-arabian/5.0.2/index.css.br
- fontsource-noto-sans-old-north-arabian/5.0.2/index.css.gz
- fontsource-noto-sans-old-north-arabian/5.0.2/index.min.css.br
- fontsource-noto-sans-old-north-arabian/5.0.2/index.min.css.gz
- fontsource-noto-sans-old-north-arabian/5.0.2/old-north-arabian-400.css.br
- fontsource-noto-sans-old-north-arabian/5.0.2/old-north-arabian-400.css.gz
- fontsource-noto-sans-old-north-arabian/5.0.2/old-north-arabian-400.min.css.br
- fontsource-noto-sans-old-north-arabian/5.0.2/old-north-arabian-400.min.css.gz
- fontsource-noto-sans-old-north-arabian/5.0.2/old-north-arabian.css.br
- fontsource-noto-sans-old-north-arabian/5.0.2/old-north-arabian.css.gz
- fontsource-noto-sans-old-north-arabian/5.0.2/old-north-arabian.min.css.br
- fontsource-noto-sans-old-north-arabian/5.0.2/old-north-arabian.min.css.gz
SRIs:
- fontsource-noto-sans-old-north-arabian/5.0.2/old-north-arabian-400.min.css: sha512-tPx27h9FZSr+CDex6VBZ4a4F75SnkhNco7wLKFCIMS0xT5+LsHAb1KQ6Krafx0Ywsn0i8l0PNEii5wJaGV1k/A==
- fontsource-noto-sans-old-north-arabian/5.0.2/old-north-arabian.css: sha512-ph5hVBdja0zWl9OQXnrqNDlmq5ZriPG91ALf7j4t5GMRuGSSqLjTHuAHZ5kGK5kXHRw8Ql/i037bYEsMubeQbQ==
- fontsource-noto-sans-old-north-arabian/5.0.2/old-north-arabian.min.css: sha512-tPx27h9FZSr+CDex6VBZ4a4F75SnkhNco7wLKFCIMS0xT5+LsHAb1KQ6Krafx0Ywsn0i8l0PNEii5wJaGV1k/A==
- fontsource-noto-sans-old-north-arabian/5.0.2/400.css: sha512-DEsDM8dVjHY3Q/Ge3zs9Cq1wgde3rm5L9W1qztNomSQclWofg8Xs3I+d/SsKrAfoOgDfLp52Icl5a++k+4reKg==
- fontsource-noto-sans-old-north-arabian/5.0.2/400.min.css: sha512-IHPt9MR9i0tTVU0pX1uCI/VN5PL5eoOPXIG7SZ9Iu6SAL2Vaf7nGlZO0o+0BTHw1R9pniieIubnsVmrXa9TNZQ==
- fontsource-noto-sans-old-north-arabian/5.0.2/index.css: sha512-DEsDM8dVjHY3Q/Ge3zs9Cq1wgde3rm5L9W1qztNomSQclWofg8Xs3I+d/SsKrAfoOgDfLp52Icl5a++k+4reKg==
- fontsource-noto-sans-old-north-arabian/5.0.2/index.min.css: sha512-IHPt9MR9i0tTVU0pX1uCI/VN5PL5eoOPXIG7SZ9Iu6SAL2Vaf7nGlZO0o+0BTHw1R9pniieIubnsVmrXa9TNZQ==
- fontsource-noto-sans-old-north-arabian/5.0.2/old-north-arabian-400.css: sha512-ph5hVBdja0zWl9OQXnrqNDlmq5ZriPG91ALf7j4t5GMRuGSSqLjTHuAHZ5kGK5kXHRw8Ql/i037bYEsMubeQbQ==
