2023/08/04 17:06:19 optimizing files (Js true, Css true, Png true, Jpg true)
2023/08/04 17:06:20 compress: run /node_modules/clean-css-cli/bin/cleancss --compatibility --s0 -o /tmp/work/400.min.css /tmp/work/400.css
2023/08/04 17:06:20 compress: run /node_modules/clean-css-cli/bin/cleancss --compatibility --s0 -o /tmp/work/cyrillic-400.min.css /tmp/work/cyrillic-400.css
2023/08/04 17:06:20 compress: run /node_modules/clean-css-cli/bin/cleancss --compatibility --s0 -o /tmp/work/cyrillic.min.css /tmp/work/cyrillic.css
2023/08/04 17:06:20 compress: run /node_modules/clean-css-cli/bin/cleancss --compatibility --s0 -o /tmp/work/index.min.css /tmp/work/index.css
2023/08/04 17:06:20 compress: run /node_modules/clean-css-cli/bin/cleancss --compatibility --s0 -o /tmp/work/japanese-400.min.css /tmp/work/japanese-400.css
2023/08/04 17:06:20 compress: run /node_modules/clean-css-cli/bin/cleancss --compatibility --s0 -o /tmp/work/japanese.min.css /tmp/work/japanese.css
2023/08/04 17:06:20 compress: run /node_modules/clean-css-cli/bin/cleancss --compatibility --s0 -o /tmp/work/latin-400.min.css /tmp/work/latin-400.css
2023/08/04 17:06:20 compress: run /node_modules/clean-css-cli/bin/cleancss --compatibility --s0 -o /tmp/work/latin-ext-400.min.css /tmp/work/latin-ext-400.css
2023/08/04 17:06:20 sri /tmp/work/japanese-400.min.css -> /output/japanese-400.min.css.sri
2023/08/04 17:06:20 algorithm: run /usr/bin/brotli --quality=11 --output=/output/japanese-400.min.css.br /tmp/work/japanese-400.min.css
2023/08/04 17:06:20 br /tmp/work/japanese-400.min.css -> /output/japanese-400.min.css.br
2023/08/04 17:06:20 gz /tmp/work/japanese-400.min.css -> /output/japanese-400.min.css.gz
2023/08/04 17:06:20 sri /tmp/work/japanese-400.css -> /output/japanese-400.css.sri
2023/08/04 17:06:20 algorithm: run /usr/bin/brotli --quality=11 --output=/output/japanese-400.css.br /tmp/work/japanese-400.css
2023/08/04 17:06:20 br /tmp/work/japanese-400.css -> /output/japanese-400.css.br
2023/08/04 17:06:20 gz /tmp/work/japanese-400.css -> /output/japanese-400.css.gz
2023/08/04 17:06:20 compress: run /node_modules/clean-css-cli/bin/cleancss --compatibility --s0 -o /tmp/work/latin-ext.min.css /tmp/work/latin-ext.css
2023/08/04 17:06:20 sri /tmp/work/latin-400.min.css -> /output/latin-400.min.css.sri
2023/08/04 17:06:20 algorithm: run /usr/bin/brotli --quality=11 --output=/output/latin-400.min.css.br /tmp/work/latin-400.min.css
2023/08/04 17:06:20 sri /tmp/work/cyrillic-400.min.css -> /output/cyrillic-400.min.css.sri
2023/08/04 17:06:20 algorithm: run /usr/bin/brotli --quality=11 --output=/output/cyrillic-400.min.css.br /tmp/work/cyrillic-400.min.css
2023/08/04 17:06:21 br /tmp/work/latin-400.min.css -> /output/latin-400.min.css.br
2023/08/04 17:06:21 gz /tmp/work/latin-400.min.css -> /output/latin-400.min.css.gz
2023/08/04 17:06:21 sri /tmp/work/latin-400.css -> /output/latin-400.css.sri
2023/08/04 17:06:21 algorithm: run /usr/bin/brotli --quality=11 --output=/output/latin-400.css.br /tmp/work/latin-400.css
2023/08/04 17:06:21 br /tmp/work/cyrillic-400.min.css -> /output/cyrillic-400.min.css.br
2023/08/04 17:06:21 br /tmp/work/latin-400.css -> /output/latin-400.css.br
2023/08/04 17:06:21 gz /tmp/work/cyrillic-400.min.css -> /output/cyrillic-400.min.css.gz
2023/08/04 17:06:21 sri /tmp/work/cyrillic-400.css -> /output/cyrillic-400.css.sri
2023/08/04 17:06:21 algorithm: run /usr/bin/brotli --quality=11 --output=/output/cyrillic-400.css.br /tmp/work/cyrillic-400.css
2023/08/04 17:06:21 gz /tmp/work/latin-400.css -> /output/latin-400.css.gz
2023/08/04 17:06:21 compress: run /node_modules/clean-css-cli/bin/cleancss --compatibility --s0 -o /tmp/work/latin.min.css /tmp/work/latin.css
2023/08/04 17:06:21 br /tmp/work/cyrillic-400.css -> /output/cyrillic-400.css.br
2023/08/04 17:06:21 gz /tmp/work/cyrillic-400.css -> /output/cyrillic-400.css.gz
2023/08/04 17:06:21 compress: run /node_modules/clean-css-cli/bin/cleancss --compatibility --s0 -o /tmp/work/vietnamese-400.min.css /tmp/work/vietnamese-400.css
2023/08/04 17:06:21 sri /tmp/work/latin-ext-400.min.css -> /output/latin-ext-400.min.css.sri
2023/08/04 17:06:21 algorithm: run /usr/bin/brotli --quality=11 --output=/output/latin-ext-400.min.css.br /tmp/work/latin-ext-400.min.css
2023/08/04 17:06:21 sri /tmp/work/cyrillic.min.css -> /output/cyrillic.min.css.sri
2023/08/04 17:06:21 algorithm: run /usr/bin/brotli --quality=11 --output=/output/cyrillic.min.css.br /tmp/work/cyrillic.min.css
2023/08/04 17:06:21 sri /tmp/work/japanese.min.css -> /output/japanese.min.css.sri
2023/08/04 17:06:21 algorithm: run /usr/bin/brotli --quality=11 --output=/output/japanese.min.css.br /tmp/work/japanese.min.css
2023/08/04 17:06:21 br /tmp/work/latin-ext-400.min.css -> /output/latin-ext-400.min.css.br
2023/08/04 17:06:21 br /tmp/work/cyrillic.min.css -> /output/cyrillic.min.css.br
2023/08/04 17:06:21 gz /tmp/work/latin-ext-400.min.css -> /output/latin-ext-400.min.css.gz
2023/08/04 17:06:21 sri /tmp/work/latin-ext-400.css -> /output/latin-ext-400.css.sri
2023/08/04 17:06:21 algorithm: run /usr/bin/brotli --quality=11 --output=/output/latin-ext-400.css.br /tmp/work/latin-ext-400.css
2023/08/04 17:06:21 br /tmp/work/japanese.min.css -> /output/japanese.min.css.br
2023/08/04 17:06:21 gz /tmp/work/japanese.min.css -> /output/japanese.min.css.gz
2023/08/04 17:06:21 sri /tmp/work/japanese.css -> /output/japanese.css.sri
2023/08/04 17:06:21 algorithm: run /usr/bin/brotli --quality=11 --output=/output/japanese.css.br /tmp/work/japanese.css
2023/08/04 17:06:21 gz /tmp/work/cyrillic.min.css -> /output/cyrillic.min.css.gz
2023/08/04 17:06:21 sri /tmp/work/cyrillic.css -> /output/cyrillic.css.sri
2023/08/04 17:06:21 algorithm: run /usr/bin/brotli --quality=11 --output=/output/cyrillic.css.br /tmp/work/cyrillic.css
2023/08/04 17:06:21 br /tmp/work/latin-ext-400.css -> /output/latin-ext-400.css.br
2023/08/04 17:06:21 gz /tmp/work/latin-ext-400.css -> /output/latin-ext-400.css.gz
2023/08/04 17:06:21 compress: run /node_modules/clean-css-cli/bin/cleancss --compatibility --s0 -o /tmp/work/vietnamese.min.css /tmp/work/vietnamese.css
2023/08/04 17:06:21 br /tmp/work/japanese.css -> /output/japanese.css.br
2023/08/04 17:06:21 gz /tmp/work/japanese.css -> /output/japanese.css.gz
2023/08/04 17:06:21 algorithm: run /usr/bin/brotli --quality=11 --output=/output/files/yomogi-1-400-normal.woff.br /tmp/work/files/yomogi-1-400-normal.woff
2023/08/04 17:06:21 br /tmp/work/cyrillic.css -> /output/cyrillic.css.br
2023/08/04 17:06:21 gz /tmp/work/cyrillic.css -> /output/cyrillic.css.gz
2023/08/04 17:06:21 copy /tmp/work/files/yomogi-1-400-normal.woff2 -> /output/files/yomogi-1-400-normal.woff2
2023/08/04 17:06:21 algorithm: run /usr/bin/brotli --quality=11 --output=/output/files/yomogi-10-400-normal.woff.br /tmp/work/files/yomogi-10-400-normal.woff
2023/08/04 17:06:21 br /tmp/work/files/yomogi-1-400-normal.woff -> /output/files/yomogi-1-400-normal.woff.br
2023/08/04 17:06:21 gz /tmp/work/files/yomogi-1-400-normal.woff -> /output/files/yomogi-1-400-normal.woff.gz
2023/08/04 17:06:21 copy /tmp/work/files/yomogi-10-400-normal.woff2 -> /output/files/yomogi-10-400-normal.woff2
2023/08/04 17:06:21 algorithm: run /usr/bin/brotli --quality=11 --output=/output/files/yomogi-100-400-normal.woff.br /tmp/work/files/yomogi-100-400-normal.woff
2023/08/04 17:06:21 br /tmp/work/files/yomogi-100-400-normal.woff -> /output/files/yomogi-100-400-normal.woff.br
2023/08/04 17:06:21 gz /tmp/work/files/yomogi-100-400-normal.woff -> /output/files/yomogi-100-400-normal.woff.gz
2023/08/04 17:06:21 copy /tmp/work/files/yomogi-100-400-normal.woff2 -> /output/files/yomogi-100-400-normal.woff2
2023/08/04 17:06:21 algorithm: run /usr/bin/brotli --quality=11 --output=/output/files/yomogi-101-400-normal.woff.br /tmp/work/files/yomogi-101-400-normal.woff
2023/08/04 17:06:21 br /tmp/work/files/yomogi-101-400-normal.woff -> /output/files/yomogi-101-400-normal.woff.br
2023/08/04 17:06:21 gz /tmp/work/files/yomogi-101-400-normal.woff -> /output/files/yomogi-101-400-normal.woff.gz
2023/08/04 17:06:21 copy /tmp/work/files/yomogi-101-400-normal.woff2 -> /output/files/yomogi-101-400-normal.woff2
2023/08/04 17:06:21 algorithm: run /usr/bin/brotli --quality=11 --output=/output/files/yomogi-102-400-normal.woff.br /tmp/work/files/yomogi-102-400-normal.woff
2023/08/04 17:06:21 sri /tmp/work/vietnamese-400.min.css -> /output/vietnamese-400.min.css.sri
2023/08/04 17:06:21 algorithm: run /usr/bin/brotli --quality=11 --output=/output/vietnamese-400.min.css.br /tmp/work/vietnamese-400.min.css
2023/08/04 17:06:21 br /tmp/work/vietnamese-400.min.css -> /output/vietnamese-400.min.css.br
2023/08/04 17:06:21 gz /tmp/work/vietnamese-400.min.css -> /output/vietnamese-400.min.css.gz
2023/08/04 17:06:21 sri /tmp/work/vietnamese-400.css -> /output/vietnamese-400.css.sri
2023/08/04 17:06:21 algorithm: run /usr/bin/brotli --quality=11 --output=/output/vietnamese-400.css.br /tmp/work/vietnamese-400.css
2023/08/04 17:06:21 br /tmp/work/vietnamese-400.css -> /output/vietnamese-400.css.br
2023/08/04 17:06:21 gz /tmp/work/vietnamese-400.css -> /output/vietnamese-400.css.gz
2023/08/04 17:06:21 sri /tmp/work/latin-ext.min.css -> /output/latin-ext.min.css.sri
2023/08/04 17:06:21 algorithm: run /usr/bin/brotli --quality=11 --output=/output/latin-ext.min.css.br /tmp/work/latin-ext.min.css
2023/08/04 17:06:21 copy /tmp/work/files/yomogi-102-400-normal.woff2 -> /output/files/yomogi-102-400-normal.woff2
2023/08/04 17:06:21 algorithm: run /usr/bin/brotli --quality=11 --output=/output/files/yomogi-103-400-normal.woff.br /tmp/work/files/yomogi-103-400-normal.woff
2023/08/04 17:06:21 br /tmp/work/latin-ext.min.css -> /output/latin-ext.min.css.br
2023/08/04 17:06:21 gz /tmp/work/latin-ext.min.css -> /output/latin-ext.min.css.gz
2023/08/04 17:06:21 sri /tmp/work/latin-ext.css -> /output/latin-ext.css.sri
2023/08/04 17:06:21 algorithm: run /usr/bin/brotli --quality=11 --output=/output/latin-ext.css.br /tmp/work/latin-ext.css
2023/08/04 17:06:21 br /tmp/work/latin-ext.css -> /output/latin-ext.css.br
2023/08/04 17:06:21 gz /tmp/work/latin-ext.css -> /output/latin-ext.css.gz
2023/08/04 17:06:21 copy /tmp/work/files/yomogi-103-400-normal.woff2 -> /output/files/yomogi-103-400-normal.woff2
2023/08/04 17:06:21 algorithm: run /usr/bin/brotli --quality=11 --output=/output/files/yomogi-104-400-normal.woff.br /tmp/work/files/yomogi-104-400-normal.woff
2023/08/04 17:06:21 sri /tmp/work/latin.min.css -> /output/latin.min.css.sri
2023/08/04 17:06:21 algorithm: run /usr/bin/brotli --quality=11 --output=/output/latin.min.css.br /tmp/work/latin.min.css
2023/08/04 17:06:21 sri /tmp/work/400.min.css -> /output/400.min.css.sri
2023/08/04 17:06:21 algorithm: run /usr/bin/brotli --quality=11 --output=/output/400.min.css.br /tmp/work/400.min.css
2023/08/04 17:06:21 br /tmp/work/latin.min.css -> /output/latin.min.css.br
2023/08/04 17:06:21 gz /tmp/work/latin.min.css -> /output/latin.min.css.gz
2023/08/04 17:06:21 sri /tmp/work/latin.css -> /output/latin.css.sri
2023/08/04 17:06:21 algorithm: run /usr/bin/brotli --quality=11 --output=/output/latin.css.br /tmp/work/latin.css
2023/08/04 17:06:21 br /tmp/work/files/yomogi-102-400-normal.woff -> /output/files/yomogi-102-400-normal.woff.br
2023/08/04 17:06:21 gz /tmp/work/files/yomogi-102-400-normal.woff -> /output/files/yomogi-102-400-normal.woff.gz
2023/08/04 17:06:21 br /tmp/work/latin.css -> /output/latin.css.br
2023/08/04 17:06:21 gz /tmp/work/latin.css -> /output/latin.css.gz
2023/08/04 17:06:21 algorithm: run /usr/bin/brotli --quality=11 --output=/output/files/yomogi-105-400-normal.woff.br /tmp/work/files/yomogi-105-400-normal.woff
2023/08/04 17:06:21 copy /tmp/work/files/yomogi-104-400-normal.woff2 -> /output/files/yomogi-104-400-normal.woff2
2023/08/04 17:06:21 copy /tmp/work/files/yomogi-105-400-normal.woff2 -> /output/files/yomogi-105-400-normal.woff2
2023/08/04 17:06:21 algorithm: run /usr/bin/brotli --quality=11 --output=/output/files/yomogi-106-400-normal.woff.br /tmp/work/files/yomogi-106-400-normal.woff
2023/08/04 17:06:22 br /tmp/work/files/yomogi-10-400-normal.woff -> /output/files/yomogi-10-400-normal.woff.br
2023/08/04 17:06:22 gz /tmp/work/files/yomogi-10-400-normal.woff -> /output/files/yomogi-10-400-normal.woff.gz
2023/08/04 17:06:22 sri /tmp/work/index.min.css -> /output/index.min.css.sri
2023/08/04 17:06:22 algorithm: run /usr/bin/brotli --quality=11 --output=/output/index.min.css.br /tmp/work/index.min.css
2023/08/04 17:06:22 copy /tmp/work/files/yomogi-106-400-normal.woff2 -> /output/files/yomogi-106-400-normal.woff2
2023/08/04 17:06:22 algorithm: run /usr/bin/brotli --quality=11 --output=/output/files/yomogi-107-400-normal.woff.br /tmp/work/files/yomogi-107-400-normal.woff
2023/08/04 17:06:22 br /tmp/work/files/yomogi-105-400-normal.woff -> /output/files/yomogi-105-400-normal.woff.br
2023/08/04 17:06:22 gz /tmp/work/files/yomogi-105-400-normal.woff -> /output/files/yomogi-105-400-normal.woff.gz
2023/08/04 17:06:22 copy /tmp/work/files/yomogi-107-400-normal.woff2 -> /output/files/yomogi-107-400-normal.woff2
2023/08/04 17:06:22 algorithm: run /usr/bin/brotli --quality=11 --output=/output/files/yomogi-108-400-normal.woff.br /tmp/work/files/yomogi-108-400-normal.woff
2023/08/04 17:06:22 sri /tmp/work/vietnamese.min.css -> /output/vietnamese.min.css.sri
2023/08/04 17:06:22 algorithm: run /usr/bin/brotli --quality=11 --output=/output/vietnamese.min.css.br /tmp/work/vietnamese.min.css
2023/08/04 17:06:22 br /tmp/work/files/yomogi-104-400-normal.woff -> /output/files/yomogi-104-400-normal.woff.br
2023/08/04 17:06:22 gz /tmp/work/files/yomogi-104-400-normal.woff -> /output/files/yomogi-104-400-normal.woff.gz
2023/08/04 17:06:22 copy /tmp/work/files/yomogi-108-400-normal.woff2 -> /output/files/yomogi-108-400-normal.woff2
2023/08/04 17:06:22 algorithm: run /usr/bin/brotli --quality=11 --output=/output/files/yomogi-109-400-normal.woff.br /tmp/work/files/yomogi-109-400-normal.woff
2023/08/04 17:06:22 br /tmp/work/vietnamese.min.css -> /output/vietnamese.min.css.br
2023/08/04 17:06:22 gz /tmp/work/vietnamese.min.css -> /output/vietnamese.min.css.gz
2023/08/04 17:06:22 sri /tmp/work/vietnamese.css -> /output/vietnamese.css.sri
2023/08/04 17:06:22 algorithm: run /usr/bin/brotli --quality=11 --output=/output/vietnamese.css.br /tmp/work/vietnamese.css
2023/08/04 17:06:22 br /tmp/work/files/yomogi-103-400-normal.woff -> /output/files/yomogi-103-400-normal.woff.br
2023/08/04 17:06:22 br /tmp/work/files/yomogi-108-400-normal.woff -> /output/files/yomogi-108-400-normal.woff.br
2023/08/04 17:06:22 gz /tmp/work/files/yomogi-108-400-normal.woff -> /output/files/yomogi-108-400-normal.woff.gz
2023/08/04 17:06:22 copy /tmp/work/files/yomogi-109-400-normal.woff2 -> /output/files/yomogi-109-400-normal.woff2
2023/08/04 17:06:22 gz /tmp/work/files/yomogi-103-400-normal.woff -> /output/files/yomogi-103-400-normal.woff.gz
2023/08/04 17:06:22 algorithm: run /usr/bin/brotli --quality=11 --output=/output/files/yomogi-11-400-normal.woff.br /tmp/work/files/yomogi-11-400-normal.woff
2023/08/04 17:06:22 br /tmp/work/vietnamese.css -> /output/vietnamese.css.br
2023/08/04 17:06:22 gz /tmp/work/vietnamese.css -> /output/vietnamese.css.gz
2023/08/04 17:06:22 algorithm: run /usr/bin/brotli --quality=11 --output=/output/files/yomogi-110-400-normal.woff.br /tmp/work/files/yomogi-110-400-normal.woff
2023/08/04 17:06:22 copy /tmp/work/files/yomogi-11-400-normal.woff2 -> /output/files/yomogi-11-400-normal.woff2
2023/08/04 17:06:22 copy /tmp/work/files/yomogi-110-400-normal.woff2 -> /output/files/yomogi-110-400-normal.woff2
2023/08/04 17:06:22 algorithm: run /usr/bin/brotli --quality=11 --output=/output/files/yomogi-111-400-normal.woff.br /tmp/work/files/yomogi-111-400-normal.woff
2023/08/04 17:06:22 br /tmp/work/files/yomogi-107-400-normal.woff -> /output/files/yomogi-107-400-normal.woff.br
2023/08/04 17:06:22 gz /tmp/work/files/yomogi-107-400-normal.woff -> /output/files/yomogi-107-400-normal.woff.gz
2023/08/04 17:06:22 copy /tmp/work/files/yomogi-111-400-normal.woff2 -> /output/files/yomogi-111-400-normal.woff2
2023/08/04 17:06:22 algorithm: run /usr/bin/brotli --quality=11 --output=/output/files/yomogi-112-400-normal.woff.br /tmp/work/files/yomogi-112-400-normal.woff
2023/08/04 17:06:22 br /tmp/work/files/yomogi-109-400-normal.woff -> /output/files/yomogi-109-400-normal.woff.br
2023/08/04 17:06:22 gz /tmp/work/files/yomogi-109-400-normal.woff -> /output/files/yomogi-109-400-normal.woff.gz
2023/08/04 17:06:22 copy /tmp/work/files/yomogi-112-400-normal.woff2 -> /output/files/yomogi-112-400-normal.woff2
2023/08/04 17:06:22 algorithm: run /usr/bin/brotli --quality=11 --output=/output/files/yomogi-113-400-normal.woff.br /tmp/work/files/yomogi-113-400-normal.woff
2023/08/04 17:06:22 br /tmp/work/files/yomogi-110-400-normal.woff -> /output/files/yomogi-110-400-normal.woff.br
2023/08/04 17:06:22 gz /tmp/work/files/yomogi-110-400-normal.woff -> /output/files/yomogi-110-400-normal.woff.gz
2023/08/04 17:06:22 br /tmp/work/files/yomogi-106-400-normal.woff -> /output/files/yomogi-106-400-normal.woff.br
2023/08/04 17:06:22 gz /tmp/work/files/yomogi-106-400-normal.woff -> /output/files/yomogi-106-400-normal.woff.gz
2023/08/04 17:06:22 algorithm: run /usr/bin/brotli --quality=11 --output=/output/files/yomogi-114-400-normal.woff.br /tmp/work/files/yomogi-114-400-normal.woff
2023/08/04 17:06:22 copy /tmp/work/files/yomogi-113-400-normal.woff2 -> /output/files/yomogi-113-400-normal.woff2
2023/08/04 17:06:22 copy /tmp/work/files/yomogi-114-400-normal.woff2 -> /output/files/yomogi-114-400-normal.woff2
2023/08/04 17:06:22 algorithm: run /usr/bin/brotli --quality=11 --output=/output/files/yomogi-115-400-normal.woff.br /tmp/work/files/yomogi-115-400-normal.woff
2023/08/04 17:06:22 br /tmp/work/files/yomogi-11-400-normal.woff -> /output/files/yomogi-11-400-normal.woff.br
2023/08/04 17:06:22 gz /tmp/work/files/yomogi-11-400-normal.woff -> /output/files/yomogi-11-400-normal.woff.gz
2023/08/04 17:06:22 copy /tmp/work/files/yomogi-115-400-normal.woff2 -> /output/files/yomogi-115-400-normal.woff2
2023/08/04 17:06:22 algorithm: run /usr/bin/brotli --quality=11 --output=/output/files/yomogi-116-400-normal.woff.br /tmp/work/files/yomogi-116-400-normal.woff
2023/08/04 17:06:22 br /tmp/work/files/yomogi-112-400-normal.woff -> /output/files/yomogi-112-400-normal.woff.br
2023/08/04 17:06:22 gz /tmp/work/files/yomogi-112-400-normal.woff -> /output/files/yomogi-112-400-normal.woff.gz
2023/08/04 17:06:22 copy /tmp/work/files/yomogi-116-400-normal.woff2 -> /output/files/yomogi-116-400-normal.woff2
2023/08/04 17:06:22 algorithm: run /usr/bin/brotli --quality=11 --output=/output/files/yomogi-117-400-normal.woff.br /tmp/work/files/yomogi-117-400-normal.woff
2023/08/04 17:06:22 br /tmp/work/files/yomogi-111-400-normal.woff -> /output/files/yomogi-111-400-normal.woff.br
2023/08/04 17:06:22 gz /tmp/work/files/yomogi-111-400-normal.woff -> /output/files/yomogi-111-400-normal.woff.gz
2023/08/04 17:06:22 copy /tmp/work/files/yomogi-117-400-normal.woff2 -> /output/files/yomogi-117-400-normal.woff2
2023/08/04 17:06:22 algorithm: run /usr/bin/brotli --quality=11 --output=/output/files/yomogi-118-400-normal.woff.br /tmp/work/files/yomogi-118-400-normal.woff
2023/08/04 17:06:22 br /tmp/work/400.min.css -> /output/400.min.css.br
2023/08/04 17:06:22 br /tmp/work/files/yomogi-116-400-normal.woff -> /output/files/yomogi-116-400-normal.woff.br
2023/08/04 17:06:22 gz /tmp/work/files/yomogi-116-400-normal.woff -> /output/files/yomogi-116-400-normal.woff.gz
2023/08/04 17:06:22 copy /tmp/work/files/yomogi-118-400-normal.woff2 -> /output/files/yomogi-118-400-normal.woff2
2023/08/04 17:06:22 algorithm: run /usr/bin/brotli --quality=11 --output=/output/files/yomogi-119-400-normal.woff.br /tmp/work/files/yomogi-119-400-normal.woff
2023/08/04 17:06:22 gz /tmp/work/400.min.css -> /output/400.min.css.gz
2023/08/04 17:06:22 sri /tmp/work/400.css -> /output/400.css.sri
2023/08/04 17:06:22 algorithm: run /usr/bin/brotli --quality=11 --output=/output/400.css.br /tmp/work/400.css
2023/08/04 17:06:22 br /tmp/work/files/yomogi-113-400-normal.woff -> /output/files/yomogi-113-400-normal.woff.br
2023/08/04 17:06:22 gz /tmp/work/files/yomogi-113-400-normal.woff -> /output/files/yomogi-113-400-normal.woff.gz
2023/08/04 17:06:22 copy /tmp/work/files/yomogi-119-400-normal.woff2 -> /output/files/yomogi-119-400-normal.woff2
2023/08/04 17:06:22 algorithm: run /usr/bin/brotli --quality=11 --output=/output/files/yomogi-12-400-normal.woff.br /tmp/work/files/yomogi-12-400-normal.woff
2023/08/04 17:06:22 br /tmp/work/files/yomogi-115-400-normal.woff -> /output/files/yomogi-115-400-normal.woff.br
2023/08/04 17:06:22 gz /tmp/work/files/yomogi-115-400-normal.woff -> /output/files/yomogi-115-400-normal.woff.gz
2023/08/04 17:06:22 copy /tmp/work/files/yomogi-12-400-normal.woff2 -> /output/files/yomogi-12-400-normal.woff2
2023/08/04 17:06:22 algorithm: run /usr/bin/brotli --quality=11 --output=/output/files/yomogi-13-400-normal.woff.br /tmp/work/files/yomogi-13-400-normal.woff
2023/08/04 17:06:22 br /tmp/work/index.min.css -> /output/index.min.css.br
2023/08/04 17:06:22 br /tmp/work/files/yomogi-114-400-normal.woff -> /output/files/yomogi-114-400-normal.woff.br
2023/08/04 17:06:22 gz /tmp/work/files/yomogi-114-400-normal.woff -> /output/files/yomogi-114-400-normal.woff.gz
2023/08/04 17:06:22 copy /tmp/work/files/yomogi-13-400-normal.woff2 -> /output/files/yomogi-13-400-normal.woff2
2023/08/04 17:06:22 algorithm: run /usr/bin/brotli --quality=11 --output=/output/files/yomogi-14-400-normal.woff.br /tmp/work/files/yomogi-14-400-normal.woff
2023/08/04 17:06:22 gz /tmp/work/index.min.css -> /output/index.min.css.gz
2023/08/04 17:06:22 sri /tmp/work/index.css -> /output/index.css.sri
2023/08/04 17:06:22 algorithm: run /usr/bin/brotli --quality=11 --output=/output/index.css.br /tmp/work/index.css
2023/08/04 17:06:22 br /tmp/work/files/yomogi-117-400-normal.woff -> /output/files/yomogi-117-400-normal.woff.br
2023/08/04 17:06:22 gz /tmp/work/files/yomogi-117-400-normal.woff -> /output/files/yomogi-117-400-normal.woff.gz
2023/08/04 17:06:22 copy /tmp/work/files/yomogi-14-400-normal.woff2 -> /output/files/yomogi-14-400-normal.woff2
2023/08/04 17:06:22 algorithm: run /usr/bin/brotli --quality=11 --output=/output/files/yomogi-15-400-normal.woff.br /tmp/work/files/yomogi-15-400-normal.woff
2023/08/04 17:06:22 br /tmp/work/files/yomogi-15-400-normal.woff -> /output/files/yomogi-15-400-normal.woff.br
2023/08/04 17:06:22 gz /tmp/work/files/yomogi-15-400-normal.woff -> /output/files/yomogi-15-400-normal.woff.gz
2023/08/04 17:06:22 copy /tmp/work/files/yomogi-15-400-normal.woff2 -> /output/files/yomogi-15-400-normal.woff2
2023/08/04 17:06:22 algorithm: run /usr/bin/brotli --quality=11 --output=/output/files/yomogi-16-400-normal.woff.br /tmp/work/files/yomogi-16-400-normal.woff
2023/08/04 17:06:22 br /tmp/work/files/yomogi-118-400-normal.woff -> /output/files/yomogi-118-400-normal.woff.br
2023/08/04 17:06:22 gz /tmp/work/files/yomogi-118-400-normal.woff -> /output/files/yomogi-118-400-normal.woff.gz
2023/08/04 17:06:22 copy /tmp/work/files/yomogi-16-400-normal.woff2 -> /output/files/yomogi-16-400-normal.woff2
2023/08/04 17:06:22 algorithm: run /usr/bin/brotli --quality=11 --output=/output/files/yomogi-17-400-normal.woff.br /tmp/work/files/yomogi-17-400-normal.woff
2023/08/04 17:06:23 br /tmp/work/index.css -> /output/index.css.br
2023/08/04 17:06:23 gz /tmp/work/index.css -> /output/index.css.gz
2023/08/04 17:06:23 copy /tmp/work/files/yomogi-17-400-normal.woff2 -> /output/files/yomogi-17-400-normal.woff2
2023/08/04 17:06:23 algorithm: run /usr/bin/brotli --quality=11 --output=/output/files/yomogi-18-400-normal.woff.br /tmp/work/files/yomogi-18-400-normal.woff
2023/08/04 17:06:23 br /tmp/work/files/yomogi-12-400-normal.woff -> /output/files/yomogi-12-400-normal.woff.br
2023/08/04 17:06:23 gz /tmp/work/files/yomogi-12-400-normal.woff -> /output/files/yomogi-12-400-normal.woff.gz
2023/08/04 17:06:23 copy /tmp/work/files/yomogi-18-400-normal.woff2 -> /output/files/yomogi-18-400-normal.woff2
2023/08/04 17:06:23 algorithm: run /usr/bin/brotli --quality=11 --output=/output/files/yomogi-19-400-normal.woff.br /tmp/work/files/yomogi-19-400-normal.woff
2023/08/04 17:06:23 br /tmp/work/files/yomogi-13-400-normal.woff -> /output/files/yomogi-13-400-normal.woff.br
2023/08/04 17:06:23 gz /tmp/work/files/yomogi-13-400-normal.woff -> /output/files/yomogi-13-400-normal.woff.gz
2023/08/04 17:06:23 copy /tmp/work/files/yomogi-19-400-normal.woff2 -> /output/files/yomogi-19-400-normal.woff2
2023/08/04 17:06:23 algorithm: run /usr/bin/brotli --quality=11 --output=/output/files/yomogi-2-400-normal.woff.br /tmp/work/files/yomogi-2-400-normal.woff
2023/08/04 17:06:23 br /tmp/work/files/yomogi-14-400-normal.woff -> /output/files/yomogi-14-400-normal.woff.br
2023/08/04 17:06:23 br /tmp/work/files/yomogi-119-400-normal.woff -> /output/files/yomogi-119-400-normal.woff.br
2023/08/04 17:06:23 gz /tmp/work/files/yomogi-119-400-normal.woff -> /output/files/yomogi-119-400-normal.woff.gz
2023/08/04 17:06:23 copy /tmp/work/files/yomogi-2-400-normal.woff2 -> /output/files/yomogi-2-400-normal.woff2
2023/08/04 17:06:23 algorithm: run /usr/bin/brotli --quality=11 --output=/output/files/yomogi-20-400-normal.woff.br /tmp/work/files/yomogi-20-400-normal.woff
2023/08/04 17:06:23 gz /tmp/work/files/yomogi-14-400-normal.woff -> /output/files/yomogi-14-400-normal.woff.gz
2023/08/04 17:06:23 br /tmp/work/files/yomogi-2-400-normal.woff -> /output/files/yomogi-2-400-normal.woff.br
2023/08/04 17:06:23 gz /tmp/work/files/yomogi-2-400-normal.woff -> /output/files/yomogi-2-400-normal.woff.gz
2023/08/04 17:06:23 algorithm: run /usr/bin/brotli --quality=11 --output=/output/files/yomogi-21-400-normal.woff.br /tmp/work/files/yomogi-21-400-normal.woff
2023/08/04 17:06:23 copy /tmp/work/files/yomogi-20-400-normal.woff2 -> /output/files/yomogi-20-400-normal.woff2
2023/08/04 17:06:23 br /tmp/work/files/yomogi-18-400-normal.woff -> /output/files/yomogi-18-400-normal.woff.br
2023/08/04 17:06:23 copy /tmp/work/files/yomogi-21-400-normal.woff2 -> /output/files/yomogi-21-400-normal.woff2
2023/08/04 17:06:23 algorithm: run /usr/bin/brotli --quality=11 --output=/output/files/yomogi-22-400-normal.woff.br /tmp/work/files/yomogi-22-400-normal.woff
2023/08/04 17:06:23 gz /tmp/work/files/yomogi-18-400-normal.woff -> /output/files/yomogi-18-400-normal.woff.gz
2023/08/04 17:06:23 copy /tmp/work/files/yomogi-22-400-normal.woff2 -> /output/files/yomogi-22-400-normal.woff2
2023/08/04 17:06:23 algorithm: run /usr/bin/brotli --quality=11 --output=/output/files/yomogi-23-400-normal.woff.br /tmp/work/files/yomogi-23-400-normal.woff
2023/08/04 17:06:23 br /tmp/work/files/yomogi-16-400-normal.woff -> /output/files/yomogi-16-400-normal.woff.br
2023/08/04 17:06:23 gz /tmp/work/files/yomogi-16-400-normal.woff -> /output/files/yomogi-16-400-normal.woff.gz
2023/08/04 17:06:23 copy /tmp/work/files/yomogi-23-400-normal.woff2 -> /output/files/yomogi-23-400-normal.woff2
2023/08/04 17:06:23 algorithm: run /usr/bin/brotli --quality=11 --output=/output/files/yomogi-24-400-normal.woff.br /tmp/work/files/yomogi-24-400-normal.woff
2023/08/04 17:06:23 br /tmp/work/files/yomogi-19-400-normal.woff -> /output/files/yomogi-19-400-normal.woff.br
2023/08/04 17:06:23 gz /tmp/work/files/yomogi-19-400-normal.woff -> /output/files/yomogi-19-400-normal.woff.gz
2023/08/04 17:06:23 copy /tmp/work/files/yomogi-24-400-normal.woff2 -> /output/files/yomogi-24-400-normal.woff2
2023/08/04 17:06:23 algorithm: run /usr/bin/brotli --quality=11 --output=/output/files/yomogi-25-400-normal.woff.br /tmp/work/files/yomogi-25-400-normal.woff
2023/08/04 17:06:23 br /tmp/work/files/yomogi-22-400-normal.woff -> /output/files/yomogi-22-400-normal.woff.br
2023/08/04 17:06:23 gz /tmp/work/files/yomogi-22-400-normal.woff -> /output/files/yomogi-22-400-normal.woff.gz
2023/08/04 17:06:23 copy /tmp/work/files/yomogi-25-400-normal.woff2 -> /output/files/yomogi-25-400-normal.woff2
2023/08/04 17:06:23 algorithm: run /usr/bin/brotli --quality=11 --output=/output/files/yomogi-26-400-normal.woff.br /tmp/work/files/yomogi-26-400-normal.woff
2023/08/04 17:06:23 br /tmp/work/files/yomogi-25-400-normal.woff -> /output/files/yomogi-25-400-normal.woff.br
2023/08/04 17:06:23 gz /tmp/work/files/yomogi-25-400-normal.woff -> /output/files/yomogi-25-400-normal.woff.gz
2023/08/04 17:06:23 copy /tmp/work/files/yomogi-26-400-normal.woff2 -> /output/files/yomogi-26-400-normal.woff2
2023/08/04 17:06:23 algorithm: run /usr/bin/brotli --quality=11 --output=/output/files/yomogi-27-400-normal.woff.br /tmp/work/files/yomogi-27-400-normal.woff
2023/08/04 17:06:23 br /tmp/work/files/yomogi-21-400-normal.woff -> /output/files/yomogi-21-400-normal.woff.br
2023/08/04 17:06:23 gz /tmp/work/files/yomogi-21-400-normal.woff -> /output/files/yomogi-21-400-normal.woff.gz
2023/08/04 17:06:23 copy /tmp/work/files/yomogi-27-400-normal.woff2 -> /output/files/yomogi-27-400-normal.woff2
2023/08/04 17:06:23 algorithm: run /usr/bin/brotli --quality=11 --output=/output/files/yomogi-28-400-normal.woff.br /tmp/work/files/yomogi-28-400-normal.woff
2023/08/04 17:06:23 br /tmp/work/files/yomogi-23-400-normal.woff -> /output/files/yomogi-23-400-normal.woff.br
2023/08/04 17:06:23 gz /tmp/work/files/yomogi-23-400-normal.woff -> /output/files/yomogi-23-400-normal.woff.gz
2023/08/04 17:06:23 copy /tmp/work/files/yomogi-28-400-normal.woff2 -> /output/files/yomogi-28-400-normal.woff2
2023/08/04 17:06:23 algorithm: run /usr/bin/brotli --quality=11 --output=/output/files/yomogi-29-400-normal.woff.br /tmp/work/files/yomogi-29-400-normal.woff
2023/08/04 17:06:23 br /tmp/work/files/yomogi-24-400-normal.woff -> /output/files/yomogi-24-400-normal.woff.br
2023/08/04 17:06:23 gz /tmp/work/files/yomogi-24-400-normal.woff -> /output/files/yomogi-24-400-normal.woff.gz
2023/08/04 17:06:23 copy /tmp/work/files/yomogi-29-400-normal.woff2 -> /output/files/yomogi-29-400-normal.woff2
2023/08/04 17:06:23 algorithm: run /usr/bin/brotli --quality=11 --output=/output/files/yomogi-3-400-normal.woff.br /tmp/work/files/yomogi-3-400-normal.woff
2023/08/04 17:06:23 br /tmp/work/files/yomogi-20-400-normal.woff -> /output/files/yomogi-20-400-normal.woff.br
2023/08/04 17:06:23 gz /tmp/work/files/yomogi-20-400-normal.woff -> /output/files/yomogi-20-400-normal.woff.gz
2023/08/04 17:06:23 copy /tmp/work/files/yomogi-3-400-normal.woff2 -> /output/files/yomogi-3-400-normal.woff2
2023/08/04 17:06:23 algorithm: run /usr/bin/brotli --quality=11 --output=/output/files/yomogi-30-400-normal.woff.br /tmp/work/files/yomogi-30-400-normal.woff
2023/08/04 17:06:23 br /tmp/work/400.css -> /output/400.css.br
2023/08/04 17:06:23 br /tmp/work/files/yomogi-17-400-normal.woff -> /output/files/yomogi-17-400-normal.woff.br
2023/08/04 17:06:23 gz /tmp/work/files/yomogi-17-400-normal.woff -> /output/files/yomogi-17-400-normal.woff.gz
2023/08/04 17:06:23 copy /tmp/work/files/yomogi-30-400-normal.woff2 -> /output/files/yomogi-30-400-normal.woff2
2023/08/04 17:06:23 algorithm: run /usr/bin/brotli --quality=11 --output=/output/files/yomogi-31-400-normal.woff.br /tmp/work/files/yomogi-31-400-normal.woff
2023/08/04 17:06:23 gz /tmp/work/400.css -> /output/400.css.gz
2023/08/04 17:06:23 copy /tmp/work/files/yomogi-31-400-normal.woff2 -> /output/files/yomogi-31-400-normal.woff2
2023/08/04 17:06:23 algorithm: run /usr/bin/brotli --quality=11 --output=/output/files/yomogi-32-400-normal.woff.br /tmp/work/files/yomogi-32-400-normal.woff
2023/08/04 17:06:23 br /tmp/work/files/yomogi-27-400-normal.woff -> /output/files/yomogi-27-400-normal.woff.br
2023/08/04 17:06:23 gz /tmp/work/files/yomogi-27-400-normal.woff -> /output/files/yomogi-27-400-normal.woff.gz
2023/08/04 17:06:23 copy /tmp/work/files/yomogi-32-400-normal.woff2 -> /output/files/yomogi-32-400-normal.woff2
2023/08/04 17:06:23 algorithm: run /usr/bin/brotli --quality=11 --output=/output/files/yomogi-33-400-normal.woff.br /tmp/work/files/yomogi-33-400-normal.woff
2023/08/04 17:06:23 br /tmp/work/files/yomogi-26-400-normal.woff -> /output/files/yomogi-26-400-normal.woff.br
2023/08/04 17:06:23 gz /tmp/work/files/yomogi-26-400-normal.woff -> /output/files/yomogi-26-400-normal.woff.gz
2023/08/04 17:06:23 copy /tmp/work/files/yomogi-33-400-normal.woff2 -> /output/files/yomogi-33-400-normal.woff2
2023/08/04 17:06:23 algorithm: run /usr/bin/brotli --quality=11 --output=/output/files/yomogi-34-400-normal.woff.br /tmp/work/files/yomogi-34-400-normal.woff
2023/08/04 17:06:23 br /tmp/work/files/yomogi-3-400-normal.woff -> /output/files/yomogi-3-400-normal.woff.br
2023/08/04 17:06:23 gz /tmp/work/files/yomogi-3-400-normal.woff -> /output/files/yomogi-3-400-normal.woff.gz
2023/08/04 17:06:23 copy /tmp/work/files/yomogi-34-400-normal.woff2 -> /output/files/yomogi-34-400-normal.woff2
2023/08/04 17:06:23 algorithm: run /usr/bin/brotli --quality=11 --output=/output/files/yomogi-35-400-normal.woff.br /tmp/work/files/yomogi-35-400-normal.woff
2023/08/04 17:06:23 br /tmp/work/files/yomogi-29-400-normal.woff -> /output/files/yomogi-29-400-normal.woff.br
2023/08/04 17:06:23 gz /tmp/work/files/yomogi-29-400-normal.woff -> /output/files/yomogi-29-400-normal.woff.gz
2023/08/04 17:06:24 copy /tmp/work/files/yomogi-35-400-normal.woff2 -> /output/files/yomogi-35-400-normal.woff2
2023/08/04 17:06:24 algorithm: run /usr/bin/brotli --quality=11 --output=/output/files/yomogi-36-400-normal.woff.br /tmp/work/files/yomogi-36-400-normal.woff
2023/08/04 17:06:24 br /tmp/work/files/yomogi-32-400-normal.woff -> /output/files/yomogi-32-400-normal.woff.br
2023/08/04 17:06:24 gz /tmp/work/files/yomogi-32-400-normal.woff -> /output/files/yomogi-32-400-normal.woff.gz
2023/08/04 17:06:24 br /tmp/work/files/yomogi-31-400-normal.woff -> /output/files/yomogi-31-400-normal.woff.br
2023/08/04 17:06:24 copy /tmp/work/files/yomogi-36-400-normal.woff2 -> /output/files/yomogi-36-400-normal.woff2
2023/08/04 17:06:24 algorithm: run /usr/bin/brotli --quality=11 --output=/output/files/yomogi-37-400-normal.woff.br /tmp/work/files/yomogi-37-400-normal.woff
2023/08/04 17:06:24 br /tmp/work/files/yomogi-28-400-normal.woff -> /output/files/yomogi-28-400-normal.woff.br
2023/08/04 17:06:24 gz /tmp/work/files/yomogi-31-400-normal.woff -> /output/files/yomogi-31-400-normal.woff.gz
2023/08/04 17:06:24 gz /tmp/work/files/yomogi-28-400-normal.woff -> /output/files/yomogi-28-400-normal.woff.gz
2023/08/04 17:06:24 algorithm: run /usr/bin/brotli --quality=11 --output=/output/files/yomogi-38-400-normal.woff.br /tmp/work/files/yomogi-38-400-normal.woff
2023/08/04 17:06:24 copy /tmp/work/files/yomogi-37-400-normal.woff2 -> /output/files/yomogi-37-400-normal.woff2
2023/08/04 17:06:24 copy /tmp/work/files/yomogi-38-400-normal.woff2 -> /output/files/yomogi-38-400-normal.woff2
2023/08/04 17:06:24 algorithm: run /usr/bin/brotli --quality=11 --output=/output/files/yomogi-39-400-normal.woff.br /tmp/work/files/yomogi-39-400-normal.woff
2023/08/04 17:06:24 br /tmp/work/files/yomogi-34-400-normal.woff -> /output/files/yomogi-34-400-normal.woff.br
2023/08/04 17:06:24 gz /tmp/work/files/yomogi-34-400-normal.woff -> /output/files/yomogi-34-400-normal.woff.gz
2023/08/04 17:06:24 copy /tmp/work/files/yomogi-39-400-normal.woff2 -> /output/files/yomogi-39-400-normal.woff2
2023/08/04 17:06:24 algorithm: run /usr/bin/brotli --quality=11 --output=/output/files/yomogi-4-400-normal.woff.br /tmp/work/files/yomogi-4-400-normal.woff
2023/08/04 17:06:24 br /tmp/work/files/yomogi-37-400-normal.woff -> /output/files/yomogi-37-400-normal.woff.br
2023/08/04 17:06:24 gz /tmp/work/files/yomogi-37-400-normal.woff -> /output/files/yomogi-37-400-normal.woff.gz
2023/08/04 17:06:24 copy /tmp/work/files/yomogi-4-400-normal.woff2 -> /output/files/yomogi-4-400-normal.woff2
2023/08/04 17:06:24 algorithm: run /usr/bin/brotli --quality=11 --output=/output/files/yomogi-40-400-normal.woff.br /tmp/work/files/yomogi-40-400-normal.woff
2023/08/04 17:06:24 br /tmp/work/files/yomogi-4-400-normal.woff -> /output/files/yomogi-4-400-normal.woff.br
2023/08/04 17:06:24 gz /tmp/work/files/yomogi-4-400-normal.woff -> /output/files/yomogi-4-400-normal.woff.gz
2023/08/04 17:06:24 copy /tmp/work/files/yomogi-40-400-normal.woff2 -> /output/files/yomogi-40-400-normal.woff2
2023/08/04 17:06:24 algorithm: run /usr/bin/brotli --quality=11 --output=/output/files/yomogi-41-400-normal.woff.br /tmp/work/files/yomogi-41-400-normal.woff
2023/08/04 17:06:24 br /tmp/work/files/yomogi-39-400-normal.woff -> /output/files/yomogi-39-400-normal.woff.br
2023/08/04 17:06:24 br /tmp/work/files/yomogi-38-400-normal.woff -> /output/files/yomogi-38-400-normal.woff.br
2023/08/04 17:06:24 gz /tmp/work/files/yomogi-38-400-normal.woff -> /output/files/yomogi-38-400-normal.woff.gz
2023/08/04 17:06:24 gz /tmp/work/files/yomogi-39-400-normal.woff -> /output/files/yomogi-39-400-normal.woff.gz
2023/08/04 17:06:24 algorithm: run /usr/bin/brotli --quality=11 --output=/output/files/yomogi-42-400-normal.woff.br /tmp/work/files/yomogi-42-400-normal.woff
2023/08/04 17:06:24 copy /tmp/work/files/yomogi-41-400-normal.woff2 -> /output/files/yomogi-41-400-normal.woff2
2023/08/04 17:06:24 copy /tmp/work/files/yomogi-42-400-normal.woff2 -> /output/files/yomogi-42-400-normal.woff2
2023/08/04 17:06:24 algorithm: run /usr/bin/brotli --quality=11 --output=/output/files/yomogi-43-400-normal.woff.br /tmp/work/files/yomogi-43-400-normal.woff
2023/08/04 17:06:24 br /tmp/work/files/yomogi-36-400-normal.woff -> /output/files/yomogi-36-400-normal.woff.br
2023/08/04 17:06:24 gz /tmp/work/files/yomogi-36-400-normal.woff -> /output/files/yomogi-36-400-normal.woff.gz
2023/08/04 17:06:24 copy /tmp/work/files/yomogi-43-400-normal.woff2 -> /output/files/yomogi-43-400-normal.woff2
2023/08/04 17:06:24 algorithm: run /usr/bin/brotli --quality=11 --output=/output/files/yomogi-44-400-normal.woff.br /tmp/work/files/yomogi-44-400-normal.woff
2023/08/04 17:06:24 br /tmp/work/files/yomogi-40-400-normal.woff -> /output/files/yomogi-40-400-normal.woff.br
2023/08/04 17:06:24 gz /tmp/work/files/yomogi-40-400-normal.woff -> /output/files/yomogi-40-400-normal.woff.gz
2023/08/04 17:06:24 copy /tmp/work/files/yomogi-44-400-normal.woff2 -> /output/files/yomogi-44-400-normal.woff2
2023/08/04 17:06:24 algorithm: run /usr/bin/brotli --quality=11 --output=/output/files/yomogi-45-400-normal.woff.br /tmp/work/files/yomogi-45-400-normal.woff
2023/08/04 17:06:24 br /tmp/work/files/yomogi-44-400-normal.woff -> /output/files/yomogi-44-400-normal.woff.br
2023/08/04 17:06:24 gz /tmp/work/files/yomogi-44-400-normal.woff -> /output/files/yomogi-44-400-normal.woff.gz
2023/08/04 17:06:24 copy /tmp/work/files/yomogi-45-400-normal.woff2 -> /output/files/yomogi-45-400-normal.woff2
2023/08/04 17:06:24 algorithm: run /usr/bin/brotli --quality=11 --output=/output/files/yomogi-46-400-normal.woff.br /tmp/work/files/yomogi-46-400-normal.woff
2023/08/04 17:06:24 br /tmp/work/files/yomogi-41-400-normal.woff -> /output/files/yomogi-41-400-normal.woff.br
2023/08/04 17:06:24 gz /tmp/work/files/yomogi-41-400-normal.woff -> /output/files/yomogi-41-400-normal.woff.gz
2023/08/04 17:06:24 copy /tmp/work/files/yomogi-46-400-normal.woff2 -> /output/files/yomogi-46-400-normal.woff2
2023/08/04 17:06:24 algorithm: run /usr/bin/brotli --quality=11 --output=/output/files/yomogi-47-400-normal.woff.br /tmp/work/files/yomogi-47-400-normal.woff
2023/08/04 17:06:24 br /tmp/work/files/yomogi-33-400-normal.woff -> /output/files/yomogi-33-400-normal.woff.br
2023/08/04 17:06:24 gz /tmp/work/files/yomogi-33-400-normal.woff -> /output/files/yomogi-33-400-normal.woff.gz
2023/08/04 17:06:24 copy /tmp/work/files/yomogi-47-400-normal.woff2 -> /output/files/yomogi-47-400-normal.woff2
2023/08/04 17:06:24 algorithm: run /usr/bin/brotli --quality=11 --output=/output/files/yomogi-48-400-normal.woff.br /tmp/work/files/yomogi-48-400-normal.woff
2023/08/04 17:06:24 br /tmp/work/files/yomogi-30-400-normal.woff -> /output/files/yomogi-30-400-normal.woff.br
2023/08/04 17:06:24 gz /tmp/work/files/yomogi-30-400-normal.woff -> /output/files/yomogi-30-400-normal.woff.gz
2023/08/04 17:06:24 br /tmp/work/files/yomogi-45-400-normal.woff -> /output/files/yomogi-45-400-normal.woff.br
2023/08/04 17:06:24 copy /tmp/work/files/yomogi-48-400-normal.woff2 -> /output/files/yomogi-48-400-normal.woff2
2023/08/04 17:06:24 algorithm: run /usr/bin/brotli --quality=11 --output=/output/files/yomogi-49-400-normal.woff.br /tmp/work/files/yomogi-49-400-normal.woff
2023/08/04 17:06:24 gz /tmp/work/files/yomogi-45-400-normal.woff -> /output/files/yomogi-45-400-normal.woff.gz
2023/08/04 17:06:24 copy /tmp/work/files/yomogi-49-400-normal.woff2 -> /output/files/yomogi-49-400-normal.woff2
2023/08/04 17:06:24 algorithm: run /usr/bin/brotli --quality=11 --output=/output/files/yomogi-5-400-normal.woff.br /tmp/work/files/yomogi-5-400-normal.woff
2023/08/04 17:06:24 br /tmp/work/files/yomogi-46-400-normal.woff -> /output/files/yomogi-46-400-normal.woff.br
2023/08/04 17:06:24 gz /tmp/work/files/yomogi-46-400-normal.woff -> /output/files/yomogi-46-400-normal.woff.gz
2023/08/04 17:06:24 copy /tmp/work/files/yomogi-5-400-normal.woff2 -> /output/files/yomogi-5-400-normal.woff2
2023/08/04 17:06:24 algorithm: run /usr/bin/brotli --quality=11 --output=/output/files/yomogi-50-400-normal.woff.br /tmp/work/files/yomogi-50-400-normal.woff
2023/08/04 17:06:24 br /tmp/work/files/yomogi-43-400-normal.woff -> /output/files/yomogi-43-400-normal.woff.br
2023/08/04 17:06:24 gz /tmp/work/files/yomogi-43-400-normal.woff -> /output/files/yomogi-43-400-normal.woff.gz
2023/08/04 17:06:24 copy /tmp/work/files/yomogi-50-400-normal.woff2 -> /output/files/yomogi-50-400-normal.woff2
2023/08/04 17:06:24 algorithm: run /usr/bin/brotli --quality=11 --output=/output/files/yomogi-51-400-normal.woff.br /tmp/work/files/yomogi-51-400-normal.woff
2023/08/04 17:06:24 br /tmp/work/files/yomogi-49-400-normal.woff -> /output/files/yomogi-49-400-normal.woff.br
2023/08/04 17:06:24 gz /tmp/work/files/yomogi-49-400-normal.woff -> /output/files/yomogi-49-400-normal.woff.gz
2023/08/04 17:06:24 br /tmp/work/files/yomogi-42-400-normal.woff -> /output/files/yomogi-42-400-normal.woff.br
2023/08/04 17:06:24 copy /tmp/work/files/yomogi-51-400-normal.woff2 -> /output/files/yomogi-51-400-normal.woff2
2023/08/04 17:06:24 algorithm: run /usr/bin/brotli --quality=11 --output=/output/files/yomogi-52-400-normal.woff.br /tmp/work/files/yomogi-52-400-normal.woff
2023/08/04 17:06:24 gz /tmp/work/files/yomogi-42-400-normal.woff -> /output/files/yomogi-42-400-normal.woff.gz
2023/08/04 17:06:24 copy /tmp/work/files/yomogi-52-400-normal.woff2 -> /output/files/yomogi-52-400-normal.woff2
2023/08/04 17:06:24 algorithm: run /usr/bin/brotli --quality=11 --output=/output/files/yomogi-53-400-normal.woff.br /tmp/work/files/yomogi-53-400-normal.woff
2023/08/04 17:06:24 br /tmp/work/files/yomogi-51-400-normal.woff -> /output/files/yomogi-51-400-normal.woff.br
2023/08/04 17:06:24 gz /tmp/work/files/yomogi-51-400-normal.woff -> /output/files/yomogi-51-400-normal.woff.gz
2023/08/04 17:06:24 copy /tmp/work/files/yomogi-53-400-normal.woff2 -> /output/files/yomogi-53-400-normal.woff2
2023/08/04 17:06:24 algorithm: run /usr/bin/brotli --quality=11 --output=/output/files/yomogi-54-400-normal.woff.br /tmp/work/files/yomogi-54-400-normal.woff
2023/08/04 17:06:24 br /tmp/work/files/yomogi-50-400-normal.woff -> /output/files/yomogi-50-400-normal.woff.br
2023/08/04 17:06:24 gz /tmp/work/files/yomogi-50-400-normal.woff -> /output/files/yomogi-50-400-normal.woff.gz
2023/08/04 17:06:24 copy /tmp/work/files/yomogi-54-400-normal.woff2 -> /output/files/yomogi-54-400-normal.woff2
2023/08/04 17:06:24 algorithm: run /usr/bin/brotli --quality=11 --output=/output/files/yomogi-55-400-normal.woff.br /tmp/work/files/yomogi-55-400-normal.woff
2023/08/04 17:06:24 br /tmp/work/files/yomogi-53-400-normal.woff -> /output/files/yomogi-53-400-normal.woff.br
2023/08/04 17:06:24 gz /tmp/work/files/yomogi-53-400-normal.woff -> /output/files/yomogi-53-400-normal.woff.gz
2023/08/04 17:06:24 copy /tmp/work/files/yomogi-55-400-normal.woff2 -> /output/files/yomogi-55-400-normal.woff2
2023/08/04 17:06:24 algorithm: run /usr/bin/brotli --quality=11 --output=/output/files/yomogi-56-400-normal.woff.br /tmp/work/files/yomogi-56-400-normal.woff
2023/08/04 17:06:24 br /tmp/work/files/yomogi-55-400-normal.woff -> /output/files/yomogi-55-400-normal.woff.br
2023/08/04 17:06:24 gz /tmp/work/files/yomogi-55-400-normal.woff -> /output/files/yomogi-55-400-normal.woff.gz
2023/08/04 17:06:24 copy /tmp/work/files/yomogi-56-400-normal.woff2 -> /output/files/yomogi-56-400-normal.woff2
2023/08/04 17:06:24 algorithm: run /usr/bin/brotli --quality=11 --output=/output/files/yomogi-57-400-normal.woff.br /tmp/work/files/yomogi-57-400-normal.woff
2023/08/04 17:06:24 br /tmp/work/files/yomogi-56-400-normal.woff -> /output/files/yomogi-56-400-normal.woff.br
2023/08/04 17:06:24 gz /tmp/work/files/yomogi-56-400-normal.woff -> /output/files/yomogi-56-400-normal.woff.gz
2023/08/04 17:06:24 copy /tmp/work/files/yomogi-57-400-normal.woff2 -> /output/files/yomogi-57-400-normal.woff2
2023/08/04 17:06:24 algorithm: run /usr/bin/brotli --quality=11 --output=/output/files/yomogi-58-400-normal.woff.br /tmp/work/files/yomogi-58-400-normal.woff
2023/08/04 17:06:24 br /tmp/work/files/yomogi-54-400-normal.woff -> /output/files/yomogi-54-400-normal.woff.br
2023/08/04 17:06:24 gz /tmp/work/files/yomogi-54-400-normal.woff -> /output/files/yomogi-54-400-normal.woff.gz
2023/08/04 17:06:24 br /tmp/work/files/yomogi-35-400-normal.woff -> /output/files/yomogi-35-400-normal.woff.br
2023/08/04 17:06:24 copy /tmp/work/files/yomogi-58-400-normal.woff2 -> /output/files/yomogi-58-400-normal.woff2
2023/08/04 17:06:24 algorithm: run /usr/bin/brotli --quality=11 --output=/output/files/yomogi-59-400-normal.woff.br /tmp/work/files/yomogi-59-400-normal.woff
2023/08/04 17:06:24 gz /tmp/work/files/yomogi-35-400-normal.woff -> /output/files/yomogi-35-400-normal.woff.gz
2023/08/04 17:06:24 copy /tmp/work/files/yomogi-59-400-normal.woff2 -> /output/files/yomogi-59-400-normal.woff2
2023/08/04 17:06:24 algorithm: run /usr/bin/brotli --quality=11 --output=/output/files/yomogi-6-400-normal.woff.br /tmp/work/files/yomogi-6-400-normal.woff
2023/08/04 17:06:24 br /tmp/work/files/yomogi-52-400-normal.woff -> /output/files/yomogi-52-400-normal.woff.br
2023/08/04 17:06:24 gz /tmp/work/files/yomogi-52-400-normal.woff -> /output/files/yomogi-52-400-normal.woff.gz
2023/08/04 17:06:24 copy /tmp/work/files/yomogi-6-400-normal.woff2 -> /output/files/yomogi-6-400-normal.woff2
2023/08/04 17:06:24 algorithm: run /usr/bin/brotli --quality=11 --output=/output/files/yomogi-60-400-normal.woff.br /tmp/work/files/yomogi-60-400-normal.woff
2023/08/04 17:06:24 br /tmp/work/files/yomogi-5-400-normal.woff -> /output/files/yomogi-5-400-normal.woff.br
2023/08/04 17:06:24 gz /tmp/work/files/yomogi-5-400-normal.woff -> /output/files/yomogi-5-400-normal.woff.gz
2023/08/04 17:06:24 copy /tmp/work/files/yomogi-60-400-normal.woff2 -> /output/files/yomogi-60-400-normal.woff2
2023/08/04 17:06:24 algorithm: run /usr/bin/brotli --quality=11 --output=/output/files/yomogi-61-400-normal.woff.br /tmp/work/files/yomogi-61-400-normal.woff
2023/08/04 17:06:24 br /tmp/work/files/yomogi-57-400-normal.woff -> /output/files/yomogi-57-400-normal.woff.br
2023/08/04 17:06:24 gz /tmp/work/files/yomogi-57-400-normal.woff -> /output/files/yomogi-57-400-normal.woff.gz
2023/08/04 17:06:24 copy /tmp/work/files/yomogi-61-400-normal.woff2 -> /output/files/yomogi-61-400-normal.woff2
2023/08/04 17:06:24 algorithm: run /usr/bin/brotli --quality=11 --output=/output/files/yomogi-62-400-normal.woff.br /tmp/work/files/yomogi-62-400-normal.woff
2023/08/04 17:06:24 br /tmp/work/files/yomogi-59-400-normal.woff -> /output/files/yomogi-59-400-normal.woff.br
2023/08/04 17:06:24 gz /tmp/work/files/yomogi-59-400-normal.woff -> /output/files/yomogi-59-400-normal.woff.gz
2023/08/04 17:06:24 br /tmp/work/files/yomogi-47-400-normal.woff -> /output/files/yomogi-47-400-normal.woff.br
2023/08/04 17:06:24 gz /tmp/work/files/yomogi-47-400-normal.woff -> /output/files/yomogi-47-400-normal.woff.gz
2023/08/04 17:06:24 algorithm: run /usr/bin/brotli --quality=11 --output=/output/files/yomogi-63-400-normal.woff.br /tmp/work/files/yomogi-63-400-normal.woff
2023/08/04 17:06:24 copy /tmp/work/files/yomogi-62-400-normal.woff2 -> /output/files/yomogi-62-400-normal.woff2
2023/08/04 17:06:24 copy /tmp/work/files/yomogi-63-400-normal.woff2 -> /output/files/yomogi-63-400-normal.woff2
2023/08/04 17:06:24 algorithm: run /usr/bin/brotli --quality=11 --output=/output/files/yomogi-64-400-normal.woff.br /tmp/work/files/yomogi-64-400-normal.woff
2023/08/04 17:06:24 br /tmp/work/files/yomogi-58-400-normal.woff -> /output/files/yomogi-58-400-normal.woff.br
2023/08/04 17:06:24 br /tmp/work/files/yomogi-48-400-normal.woff -> /output/files/yomogi-48-400-normal.woff.br
2023/08/04 17:06:24 gz /tmp/work/files/yomogi-58-400-normal.woff -> /output/files/yomogi-58-400-normal.woff.gz
2023/08/04 17:06:24 gz /tmp/work/files/yomogi-48-400-normal.woff -> /output/files/yomogi-48-400-normal.woff.gz
2023/08/04 17:06:24 algorithm: run /usr/bin/brotli --quality=11 --output=/output/files/yomogi-65-400-normal.woff.br /tmp/work/files/yomogi-65-400-normal.woff
2023/08/04 17:06:24 copy /tmp/work/files/yomogi-64-400-normal.woff2 -> /output/files/yomogi-64-400-normal.woff2
2023/08/04 17:06:24 copy /tmp/work/files/yomogi-65-400-normal.woff2 -> /output/files/yomogi-65-400-normal.woff2
2023/08/04 17:06:24 algorithm: run /usr/bin/brotli --quality=11 --output=/output/files/yomogi-66-400-normal.woff.br /tmp/work/files/yomogi-66-400-normal.woff
2023/08/04 17:06:25 br /tmp/work/files/yomogi-60-400-normal.woff -> /output/files/yomogi-60-400-normal.woff.br
2023/08/04 17:06:25 gz /tmp/work/files/yomogi-60-400-normal.woff -> /output/files/yomogi-60-400-normal.woff.gz
2023/08/04 17:06:25 copy /tmp/work/files/yomogi-66-400-normal.woff2 -> /output/files/yomogi-66-400-normal.woff2
2023/08/04 17:06:25 algorithm: run /usr/bin/brotli --quality=11 --output=/output/files/yomogi-67-400-normal.woff.br /tmp/work/files/yomogi-67-400-normal.woff
2023/08/04 17:06:25 br /tmp/work/files/yomogi-63-400-normal.woff -> /output/files/yomogi-63-400-normal.woff.br
2023/08/04 17:06:25 gz /tmp/work/files/yomogi-63-400-normal.woff -> /output/files/yomogi-63-400-normal.woff.gz
2023/08/04 17:06:25 copy /tmp/work/files/yomogi-67-400-normal.woff2 -> /output/files/yomogi-67-400-normal.woff2
2023/08/04 17:06:25 algorithm: run /usr/bin/brotli --quality=11 --output=/output/files/yomogi-68-400-normal.woff.br /tmp/work/files/yomogi-68-400-normal.woff
2023/08/04 17:06:25 br /tmp/work/files/yomogi-62-400-normal.woff -> /output/files/yomogi-62-400-normal.woff.br
2023/08/04 17:06:25 gz /tmp/work/files/yomogi-62-400-normal.woff -> /output/files/yomogi-62-400-normal.woff.gz
2023/08/04 17:06:25 copy /tmp/work/files/yomogi-68-400-normal.woff2 -> /output/files/yomogi-68-400-normal.woff2
2023/08/04 17:06:25 algorithm: run /usr/bin/brotli --quality=11 --output=/output/files/yomogi-69-400-normal.woff.br /tmp/work/files/yomogi-69-400-normal.woff
2023/08/04 17:06:25 br /tmp/work/files/yomogi-67-400-normal.woff -> /output/files/yomogi-67-400-normal.woff.br
2023/08/04 17:06:25 gz /tmp/work/files/yomogi-67-400-normal.woff -> /output/files/yomogi-67-400-normal.woff.gz
2023/08/04 17:06:25 br /tmp/work/files/yomogi-61-400-normal.woff -> /output/files/yomogi-61-400-normal.woff.br
2023/08/04 17:06:25 gz /tmp/work/files/yomogi-61-400-normal.woff -> /output/files/yomogi-61-400-normal.woff.gz
2023/08/04 17:06:25 algorithm: run /usr/bin/brotli --quality=11 --output=/output/files/yomogi-7-400-normal.woff.br /tmp/work/files/yomogi-7-400-normal.woff
2023/08/04 17:06:25 copy /tmp/work/files/yomogi-69-400-normal.woff2 -> /output/files/yomogi-69-400-normal.woff2
2023/08/04 17:06:25 br /tmp/work/files/yomogi-66-400-normal.woff -> /output/files/yomogi-66-400-normal.woff.br
2023/08/04 17:06:25 copy /tmp/work/files/yomogi-7-400-normal.woff2 -> /output/files/yomogi-7-400-normal.woff2
2023/08/04 17:06:25 algorithm: run /usr/bin/brotli --quality=11 --output=/output/files/yomogi-70-400-normal.woff.br /tmp/work/files/yomogi-70-400-normal.woff
2023/08/04 17:06:25 gz /tmp/work/files/yomogi-66-400-normal.woff -> /output/files/yomogi-66-400-normal.woff.gz
2023/08/04 17:06:25 copy /tmp/work/files/yomogi-70-400-normal.woff2 -> /output/files/yomogi-70-400-normal.woff2
2023/08/04 17:06:25 algorithm: run /usr/bin/brotli --quality=11 --output=/output/files/yomogi-71-400-normal.woff.br /tmp/work/files/yomogi-71-400-normal.woff
2023/08/04 17:06:25 br /tmp/work/files/yomogi-64-400-normal.woff -> /output/files/yomogi-64-400-normal.woff.br
2023/08/04 17:06:25 gz /tmp/work/files/yomogi-64-400-normal.woff -> /output/files/yomogi-64-400-normal.woff.gz
2023/08/04 17:06:25 br /tmp/work/files/yomogi-7-400-normal.woff -> /output/files/yomogi-7-400-normal.woff.br
2023/08/04 17:06:25 copy /tmp/work/files/yomogi-71-400-normal.woff2 -> /output/files/yomogi-71-400-normal.woff2
2023/08/04 17:06:25 algorithm: run /usr/bin/brotli --quality=11 --output=/output/files/yomogi-72-400-normal.woff.br /tmp/work/files/yomogi-72-400-normal.woff
2023/08/04 17:06:25 gz /tmp/work/files/yomogi-7-400-normal.woff -> /output/files/yomogi-7-400-normal.woff.gz
2023/08/04 17:06:25 copy /tmp/work/files/yomogi-72-400-normal.woff2 -> /output/files/yomogi-72-400-normal.woff2
2023/08/04 17:06:25 algorithm: run /usr/bin/brotli --quality=11 --output=/output/files/yomogi-73-400-normal.woff.br /tmp/work/files/yomogi-73-400-normal.woff
2023/08/04 17:06:25 br /tmp/work/files/yomogi-65-400-normal.woff -> /output/files/yomogi-65-400-normal.woff.br
2023/08/04 17:06:25 br /tmp/work/files/yomogi-68-400-normal.woff -> /output/files/yomogi-68-400-normal.woff.br
2023/08/04 17:06:25 gz /tmp/work/files/yomogi-68-400-normal.woff -> /output/files/yomogi-68-400-normal.woff.gz
2023/08/04 17:06:25 gz /tmp/work/files/yomogi-65-400-normal.woff -> /output/files/yomogi-65-400-normal.woff.gz
2023/08/04 17:06:25 algorithm: run /usr/bin/brotli --quality=11 --output=/output/files/yomogi-74-400-normal.woff.br /tmp/work/files/yomogi-74-400-normal.woff
2023/08/04 17:06:25 copy /tmp/work/files/yomogi-73-400-normal.woff2 -> /output/files/yomogi-73-400-normal.woff2
2023/08/04 17:06:25 copy /tmp/work/files/yomogi-74-400-normal.woff2 -> /output/files/yomogi-74-400-normal.woff2
2023/08/04 17:06:25 algorithm: run /usr/bin/brotli --quality=11 --output=/output/files/yomogi-75-400-normal.woff.br /tmp/work/files/yomogi-75-400-normal.woff
2023/08/04 17:06:25 br /tmp/work/files/yomogi-6-400-normal.woff -> /output/files/yomogi-6-400-normal.woff.br
2023/08/04 17:06:25 br /tmp/work/files/yomogi-69-400-normal.woff -> /output/files/yomogi-69-400-normal.woff.br
2023/08/04 17:06:25 gz /tmp/work/files/yomogi-69-400-normal.woff -> /output/files/yomogi-69-400-normal.woff.gz
2023/08/04 17:06:25 gz /tmp/work/files/yomogi-6-400-normal.woff -> /output/files/yomogi-6-400-normal.woff.gz
2023/08/04 17:06:25 algorithm: run /usr/bin/brotli --quality=11 --output=/output/files/yomogi-76-400-normal.woff.br /tmp/work/files/yomogi-76-400-normal.woff
2023/08/04 17:06:25 copy /tmp/work/files/yomogi-75-400-normal.woff2 -> /output/files/yomogi-75-400-normal.woff2
2023/08/04 17:06:25 copy /tmp/work/files/yomogi-76-400-normal.woff2 -> /output/files/yomogi-76-400-normal.woff2
2023/08/04 17:06:25 algorithm: run /usr/bin/brotli --quality=11 --output=/output/files/yomogi-77-400-normal.woff.br /tmp/work/files/yomogi-77-400-normal.woff
2023/08/04 17:06:25 br /tmp/work/files/yomogi-71-400-normal.woff -> /output/files/yomogi-71-400-normal.woff.br
2023/08/04 17:06:25 gz /tmp/work/files/yomogi-71-400-normal.woff -> /output/files/yomogi-71-400-normal.woff.gz
2023/08/04 17:06:25 copy /tmp/work/files/yomogi-77-400-normal.woff2 -> /output/files/yomogi-77-400-normal.woff2
2023/08/04 17:06:25 algorithm: run /usr/bin/brotli --quality=11 --output=/output/files/yomogi-78-400-normal.woff.br /tmp/work/files/yomogi-78-400-normal.woff
2023/08/04 17:06:25 br /tmp/work/files/yomogi-70-400-normal.woff -> /output/files/yomogi-70-400-normal.woff.br
2023/08/04 17:06:25 gz /tmp/work/files/yomogi-70-400-normal.woff -> /output/files/yomogi-70-400-normal.woff.gz
2023/08/04 17:06:25 copy /tmp/work/files/yomogi-78-400-normal.woff2 -> /output/files/yomogi-78-400-normal.woff2
2023/08/04 17:06:25 algorithm: run /usr/bin/brotli --quality=11 --output=/output/files/yomogi-79-400-normal.woff.br /tmp/work/files/yomogi-79-400-normal.woff
2023/08/04 17:06:25 br /tmp/work/files/yomogi-75-400-normal.woff -> /output/files/yomogi-75-400-normal.woff.br
2023/08/04 17:06:25 br /tmp/work/files/yomogi-74-400-normal.woff -> /output/files/yomogi-74-400-normal.woff.br
2023/08/04 17:06:25 gz /tmp/work/files/yomogi-74-400-normal.woff -> /output/files/yomogi-74-400-normal.woff.gz
2023/08/04 17:06:25 gz /tmp/work/files/yomogi-75-400-normal.woff -> /output/files/yomogi-75-400-normal.woff.gz
2023/08/04 17:06:25 algorithm: run /usr/bin/brotli --quality=11 --output=/output/files/yomogi-8-400-normal.woff.br /tmp/work/files/yomogi-8-400-normal.woff
2023/08/04 17:06:25 copy /tmp/work/files/yomogi-79-400-normal.woff2 -> /output/files/yomogi-79-400-normal.woff2
2023/08/04 17:06:25 copy /tmp/work/files/yomogi-8-400-normal.woff2 -> /output/files/yomogi-8-400-normal.woff2
2023/08/04 17:06:25 algorithm: run /usr/bin/brotli --quality=11 --output=/output/files/yomogi-80-400-normal.woff.br /tmp/work/files/yomogi-80-400-normal.woff
2023/08/04 17:06:25 br /tmp/work/files/yomogi-73-400-normal.woff -> /output/files/yomogi-73-400-normal.woff.br
2023/08/04 17:06:25 gz /tmp/work/files/yomogi-73-400-normal.woff -> /output/files/yomogi-73-400-normal.woff.gz
2023/08/04 17:06:25 br /tmp/work/files/yomogi-72-400-normal.woff -> /output/files/yomogi-72-400-normal.woff.br
2023/08/04 17:06:25 copy /tmp/work/files/yomogi-80-400-normal.woff2 -> /output/files/yomogi-80-400-normal.woff2
2023/08/04 17:06:25 algorithm: run /usr/bin/brotli --quality=11 --output=/output/files/yomogi-81-400-normal.woff.br /tmp/work/files/yomogi-81-400-normal.woff
2023/08/04 17:06:25 gz /tmp/work/files/yomogi-72-400-normal.woff -> /output/files/yomogi-72-400-normal.woff.gz
2023/08/04 17:06:25 copy /tmp/work/files/yomogi-81-400-normal.woff2 -> /output/files/yomogi-81-400-normal.woff2
2023/08/04 17:06:25 algorithm: run /usr/bin/brotli --quality=11 --output=/output/files/yomogi-82-400-normal.woff.br /tmp/work/files/yomogi-82-400-normal.woff
2023/08/04 17:06:25 br /tmp/work/files/yomogi-77-400-normal.woff -> /output/files/yomogi-77-400-normal.woff.br
2023/08/04 17:06:25 gz /tmp/work/files/yomogi-77-400-normal.woff -> /output/files/yomogi-77-400-normal.woff.gz
2023/08/04 17:06:25 copy /tmp/work/files/yomogi-82-400-normal.woff2 -> /output/files/yomogi-82-400-normal.woff2
2023/08/04 17:06:25 algorithm: run /usr/bin/brotli --quality=11 --output=/output/files/yomogi-83-400-normal.woff.br /tmp/work/files/yomogi-83-400-normal.woff
2023/08/04 17:06:25 br /tmp/work/files/yomogi-79-400-normal.woff -> /output/files/yomogi-79-400-normal.woff.br
2023/08/04 17:06:25 gz /tmp/work/files/yomogi-79-400-normal.woff -> /output/files/yomogi-79-400-normal.woff.gz
2023/08/04 17:06:25 br /tmp/work/files/yomogi-76-400-normal.woff -> /output/files/yomogi-76-400-normal.woff.br
2023/08/04 17:06:25 gz /tmp/work/files/yomogi-76-400-normal.woff -> /output/files/yomogi-76-400-normal.woff.gz
2023/08/04 17:06:25 algorithm: run /usr/bin/brotli --quality=11 --output=/output/files/yomogi-84-400-normal.woff.br /tmp/work/files/yomogi-84-400-normal.woff
2023/08/04 17:06:25 copy /tmp/work/files/yomogi-83-400-normal.woff2 -> /output/files/yomogi-83-400-normal.woff2
2023/08/04 17:06:25 copy /tmp/work/files/yomogi-84-400-normal.woff2 -> /output/files/yomogi-84-400-normal.woff2
2023/08/04 17:06:25 algorithm: run /usr/bin/brotli --quality=11 --output=/output/files/yomogi-85-400-normal.woff.br /tmp/work/files/yomogi-85-400-normal.woff
2023/08/04 17:06:25 br /tmp/work/files/yomogi-78-400-normal.woff -> /output/files/yomogi-78-400-normal.woff.br
2023/08/04 17:06:25 gz /tmp/work/files/yomogi-78-400-normal.woff -> /output/files/yomogi-78-400-normal.woff.gz
2023/08/04 17:06:25 copy /tmp/work/files/yomogi-85-400-normal.woff2 -> /output/files/yomogi-85-400-normal.woff2
2023/08/04 17:06:25 algorithm: run /usr/bin/brotli --quality=11 --output=/output/files/yomogi-86-400-normal.woff.br /tmp/work/files/yomogi-86-400-normal.woff
2023/08/04 17:06:25 br /tmp/work/files/yomogi-81-400-normal.woff -> /output/files/yomogi-81-400-normal.woff.br
2023/08/04 17:06:25 gz /tmp/work/files/yomogi-81-400-normal.woff -> /output/files/yomogi-81-400-normal.woff.gz
2023/08/04 17:06:25 br /tmp/work/files/yomogi-80-400-normal.woff -> /output/files/yomogi-80-400-normal.woff.br
2023/08/04 17:06:25 copy /tmp/work/files/yomogi-86-400-normal.woff2 -> /output/files/yomogi-86-400-normal.woff2
2023/08/04 17:06:25 algorithm: run /usr/bin/brotli --quality=11 --output=/output/files/yomogi-87-400-normal.woff.br /tmp/work/files/yomogi-87-400-normal.woff
2023/08/04 17:06:25 gz /tmp/work/files/yomogi-80-400-normal.woff -> /output/files/yomogi-80-400-normal.woff.gz
2023/08/04 17:06:25 copy /tmp/work/files/yomogi-87-400-normal.woff2 -> /output/files/yomogi-87-400-normal.woff2
2023/08/04 17:06:25 algorithm: run /usr/bin/brotli --quality=11 --output=/output/files/yomogi-88-400-normal.woff.br /tmp/work/files/yomogi-88-400-normal.woff
2023/08/04 17:06:25 br /tmp/work/files/yomogi-85-400-normal.woff -> /output/files/yomogi-85-400-normal.woff.br
2023/08/04 17:06:25 gz /tmp/work/files/yomogi-85-400-normal.woff -> /output/files/yomogi-85-400-normal.woff.gz
2023/08/04 17:06:25 br /tmp/work/files/yomogi-84-400-normal.woff -> /output/files/yomogi-84-400-normal.woff.br
2023/08/04 17:06:25 copy /tmp/work/files/yomogi-88-400-normal.woff2 -> /output/files/yomogi-88-400-normal.woff2
2023/08/04 17:06:25 algorithm: run /usr/bin/brotli --quality=11 --output=/output/files/yomogi-89-400-normal.woff.br /tmp/work/files/yomogi-89-400-normal.woff
2023/08/04 17:06:25 gz /tmp/work/files/yomogi-84-400-normal.woff -> /output/files/yomogi-84-400-normal.woff.gz
2023/08/04 17:06:25 copy /tmp/work/files/yomogi-89-400-normal.woff2 -> /output/files/yomogi-89-400-normal.woff2
2023/08/04 17:06:25 algorithm: run /usr/bin/brotli --quality=11 --output=/output/files/yomogi-9-400-normal.woff.br /tmp/work/files/yomogi-9-400-normal.woff
2023/08/04 17:06:25 br /tmp/work/files/yomogi-82-400-normal.woff -> /output/files/yomogi-82-400-normal.woff.br
2023/08/04 17:06:25 gz /tmp/work/files/yomogi-82-400-normal.woff -> /output/files/yomogi-82-400-normal.woff.gz
2023/08/04 17:06:25 br /tmp/work/files/yomogi-8-400-normal.woff -> /output/files/yomogi-8-400-normal.woff.br
2023/08/04 17:06:25 copy /tmp/work/files/yomogi-9-400-normal.woff2 -> /output/files/yomogi-9-400-normal.woff2
2023/08/04 17:06:25 algorithm: run /usr/bin/brotli --quality=11 --output=/output/files/yomogi-90-400-normal.woff.br /tmp/work/files/yomogi-90-400-normal.woff
2023/08/04 17:06:25 gz /tmp/work/files/yomogi-8-400-normal.woff -> /output/files/yomogi-8-400-normal.woff.gz
2023/08/04 17:06:25 copy /tmp/work/files/yomogi-90-400-normal.woff2 -> /output/files/yomogi-90-400-normal.woff2
2023/08/04 17:06:25 algorithm: run /usr/bin/brotli --quality=11 --output=/output/files/yomogi-91-400-normal.woff.br /tmp/work/files/yomogi-91-400-normal.woff
2023/08/04 17:06:25 br /tmp/work/files/yomogi-83-400-normal.woff -> /output/files/yomogi-83-400-normal.woff.br
2023/08/04 17:06:25 gz /tmp/work/files/yomogi-83-400-normal.woff -> /output/files/yomogi-83-400-normal.woff.gz
2023/08/04 17:06:25 copy /tmp/work/files/yomogi-91-400-normal.woff2 -> /output/files/yomogi-91-400-normal.woff2
2023/08/04 17:06:25 algorithm: run /usr/bin/brotli --quality=11 --output=/output/files/yomogi-92-400-normal.woff.br /tmp/work/files/yomogi-92-400-normal.woff
2023/08/04 17:06:25 br /tmp/work/files/yomogi-86-400-normal.woff -> /output/files/yomogi-86-400-normal.woff.br
2023/08/04 17:06:25 gz /tmp/work/files/yomogi-86-400-normal.woff -> /output/files/yomogi-86-400-normal.woff.gz
2023/08/04 17:06:25 copy /tmp/work/files/yomogi-92-400-normal.woff2 -> /output/files/yomogi-92-400-normal.woff2
2023/08/04 17:06:25 algorithm: run /usr/bin/brotli --quality=11 --output=/output/files/yomogi-93-400-normal.woff.br /tmp/work/files/yomogi-93-400-normal.woff
2023/08/04 17:06:25 br /tmp/work/files/yomogi-87-400-normal.woff -> /output/files/yomogi-87-400-normal.woff.br
2023/08/04 17:06:25 gz /tmp/work/files/yomogi-87-400-normal.woff -> /output/files/yomogi-87-400-normal.woff.gz
2023/08/04 17:06:25 br /tmp/work/files/yomogi-9-400-normal.woff -> /output/files/yomogi-9-400-normal.woff.br
2023/08/04 17:06:25 copy /tmp/work/files/yomogi-93-400-normal.woff2 -> /output/files/yomogi-93-400-normal.woff2
2023/08/04 17:06:25 algorithm: run /usr/bin/brotli --quality=11 --output=/output/files/yomogi-94-400-normal.woff.br /tmp/work/files/yomogi-94-400-normal.woff
2023/08/04 17:06:25 gz /tmp/work/files/yomogi-9-400-normal.woff -> /output/files/yomogi-9-400-normal.woff.gz
2023/08/04 17:06:25 br /tmp/work/files/yomogi-88-400-normal.woff -> /output/files/yomogi-88-400-normal.woff.br
2023/08/04 17:06:25 copy /tmp/work/files/yomogi-94-400-normal.woff2 -> /output/files/yomogi-94-400-normal.woff2
2023/08/04 17:06:25 gz /tmp/work/files/yomogi-88-400-normal.woff -> /output/files/yomogi-88-400-normal.woff.gz
2023/08/04 17:06:25 algorithm: run /usr/bin/brotli --quality=11 --output=/output/files/yomogi-95-400-normal.woff.br /tmp/work/files/yomogi-95-400-normal.woff
2023/08/04 17:06:25 copy /tmp/work/files/yomogi-95-400-normal.woff2 -> /output/files/yomogi-95-400-normal.woff2
2023/08/04 17:06:25 algorithm: run /usr/bin/brotli --quality=11 --output=/output/files/yomogi-96-400-normal.woff.br /tmp/work/files/yomogi-96-400-normal.woff
2023/08/04 17:06:25 br /tmp/work/files/yomogi-89-400-normal.woff -> /output/files/yomogi-89-400-normal.woff.br
2023/08/04 17:06:25 gz /tmp/work/files/yomogi-89-400-normal.woff -> /output/files/yomogi-89-400-normal.woff.gz
2023/08/04 17:06:25 br /tmp/work/files/yomogi-90-400-normal.woff -> /output/files/yomogi-90-400-normal.woff.br
2023/08/04 17:06:25 copy /tmp/work/files/yomogi-96-400-normal.woff2 -> /output/files/yomogi-96-400-normal.woff2
2023/08/04 17:06:25 br /tmp/work/files/yomogi-91-400-normal.woff -> /output/files/yomogi-91-400-normal.woff.br
2023/08/04 17:06:25 algorithm: run /usr/bin/brotli --quality=11 --output=/output/files/yomogi-97-400-normal.woff.br /tmp/work/files/yomogi-97-400-normal.woff
2023/08/04 17:06:25 gz /tmp/work/files/yomogi-90-400-normal.woff -> /output/files/yomogi-90-400-normal.woff.gz
2023/08/04 17:06:25 gz /tmp/work/files/yomogi-91-400-normal.woff -> /output/files/yomogi-91-400-normal.woff.gz
2023/08/04 17:06:25 algorithm: run /usr/bin/brotli --quality=11 --output=/output/files/yomogi-98-400-normal.woff.br /tmp/work/files/yomogi-98-400-normal.woff
2023/08/04 17:06:25 copy /tmp/work/files/yomogi-97-400-normal.woff2 -> /output/files/yomogi-97-400-normal.woff2
2023/08/04 17:06:25 copy /tmp/work/files/yomogi-98-400-normal.woff2 -> /output/files/yomogi-98-400-normal.woff2
2023/08/04 17:06:25 algorithm: run /usr/bin/brotli --quality=11 --output=/output/files/yomogi-99-400-normal.woff.br /tmp/work/files/yomogi-99-400-normal.woff
2023/08/04 17:06:25 br /tmp/work/files/yomogi-93-400-normal.woff -> /output/files/yomogi-93-400-normal.woff.br
2023/08/04 17:06:25 gz /tmp/work/files/yomogi-93-400-normal.woff -> /output/files/yomogi-93-400-normal.woff.gz
2023/08/04 17:06:25 copy /tmp/work/files/yomogi-99-400-normal.woff2 -> /output/files/yomogi-99-400-normal.woff2
2023/08/04 17:06:25 algorithm: run /usr/bin/brotli --quality=11 --output=/output/files/yomogi-cyrillic-400-normal.woff.br /tmp/work/files/yomogi-cyrillic-400-normal.woff
2023/08/04 17:06:25 br /tmp/work/files/yomogi-94-400-normal.woff -> /output/files/yomogi-94-400-normal.woff.br
2023/08/04 17:06:25 gz /tmp/work/files/yomogi-94-400-normal.woff -> /output/files/yomogi-94-400-normal.woff.gz
2023/08/04 17:06:25 br /tmp/work/files/yomogi-95-400-normal.woff -> /output/files/yomogi-95-400-normal.woff.br
2023/08/04 17:06:25 gz /tmp/work/files/yomogi-95-400-normal.woff -> /output/files/yomogi-95-400-normal.woff.gz
2023/08/04 17:06:25 algorithm: run /usr/bin/brotli --quality=11 --output=/output/files/yomogi-japanese-400-normal.woff.br /tmp/work/files/yomogi-japanese-400-normal.woff
2023/08/04 17:06:25 copy /tmp/work/files/yomogi-cyrillic-400-normal.woff2 -> /output/files/yomogi-cyrillic-400-normal.woff2
2023/08/04 17:06:25 br /tmp/work/files/yomogi-92-400-normal.woff -> /output/files/yomogi-92-400-normal.woff.br
2023/08/04 17:06:25 gz /tmp/work/files/yomogi-92-400-normal.woff -> /output/files/yomogi-92-400-normal.woff.gz
2023/08/04 17:06:25 algorithm: run /usr/bin/brotli --quality=11 --output=/output/files/yomogi-latin-400-normal.woff.br /tmp/work/files/yomogi-latin-400-normal.woff
2023/08/04 17:06:25 br /tmp/work/files/yomogi-96-400-normal.woff -> /output/files/yomogi-96-400-normal.woff.br
2023/08/04 17:06:25 gz /tmp/work/files/yomogi-96-400-normal.woff -> /output/files/yomogi-96-400-normal.woff.gz
2023/08/04 17:06:25 copy /tmp/work/files/yomogi-japanese-400-normal.woff2 -> /output/files/yomogi-japanese-400-normal.woff2
2023/08/04 17:06:25 algorithm: run /usr/bin/brotli --quality=11 --output=/output/files/yomogi-latin-ext-400-normal.woff.br /tmp/work/files/yomogi-latin-ext-400-normal.woff
2023/08/04 17:06:25 copy /tmp/work/files/yomogi-latin-400-normal.woff2 -> /output/files/yomogi-latin-400-normal.woff2
2023/08/04 17:06:25 copy /tmp/work/files/yomogi-latin-ext-400-normal.woff2 -> /output/files/yomogi-latin-ext-400-normal.woff2
2023/08/04 17:06:25 algorithm: run /usr/bin/brotli --quality=11 --output=/output/files/yomogi-vietnamese-400-normal.woff.br /tmp/work/files/yomogi-vietnamese-400-normal.woff
2023/08/04 17:06:25 br /tmp/work/files/yomogi-97-400-normal.woff -> /output/files/yomogi-97-400-normal.woff.br
2023/08/04 17:06:25 gz /tmp/work/files/yomogi-97-400-normal.woff -> /output/files/yomogi-97-400-normal.woff.gz
2023/08/04 17:06:25 copy /tmp/work/files/yomogi-vietnamese-400-normal.woff2 -> /output/files/yomogi-vietnamese-400-normal.woff2
2023/08/04 17:06:25 br /tmp/work/files/yomogi-99-400-normal.woff -> /output/files/yomogi-99-400-normal.woff.br
2023/08/04 17:06:25 gz /tmp/work/files/yomogi-99-400-normal.woff -> /output/files/yomogi-99-400-normal.woff.gz
2023/08/04 17:06:25 br /tmp/work/files/yomogi-cyrillic-400-normal.woff -> /output/files/yomogi-cyrillic-400-normal.woff.br
2023/08/04 17:06:25 gz /tmp/work/files/yomogi-cyrillic-400-normal.woff -> /output/files/yomogi-cyrillic-400-normal.woff.gz
2023/08/04 17:06:25 br /tmp/work/files/yomogi-98-400-normal.woff -> /output/files/yomogi-98-400-normal.woff.br
2023/08/04 17:06:25 gz /tmp/work/files/yomogi-98-400-normal.woff -> /output/files/yomogi-98-400-normal.woff.gz
2023/08/04 17:06:25 br /tmp/work/files/yomogi-latin-ext-400-normal.woff -> /output/files/yomogi-latin-ext-400-normal.woff.br
2023/08/04 17:06:25 gz /tmp/work/files/yomogi-latin-ext-400-normal.woff -> /output/files/yomogi-latin-ext-400-normal.woff.gz
2023/08/04 17:06:25 br /tmp/work/files/yomogi-latin-400-normal.woff -> /output/files/yomogi-latin-400-normal.woff.br
2023/08/04 17:06:25 gz /tmp/work/files/yomogi-latin-400-normal.woff -> /output/files/yomogi-latin-400-normal.woff.gz
2023/08/04 17:06:25 br /tmp/work/files/yomogi-vietnamese-400-normal.woff -> /output/files/yomogi-vietnamese-400-normal.woff.br
2023/08/04 17:06:25 gz /tmp/work/files/yomogi-vietnamese-400-normal.woff -> /output/files/yomogi-vietnamese-400-normal.woff.gz
2023/08/04 17:06:30 br /tmp/work/files/yomogi-japanese-400-normal.woff -> /output/files/yomogi-japanese-400-normal.woff.br
2023/08/04 17:06:30 gz /tmp/work/files/yomogi-japanese-400-normal.woff -> /output/files/yomogi-japanese-400-normal.woff.gz
2023/08/04 17:06:30 processed fontsource-yomogi
