Files:
- fontsource-baloo-chettan-2/5.0.14/400.css.br
- fontsource-baloo-chettan-2/5.0.14/400.min.css.br
- fontsource-baloo-chettan-2/5.0.14/500.css.br
- fontsource-baloo-chettan-2/5.0.14/500.min.css.br
- fontsource-baloo-chettan-2/5.0.14/600.css.br
- fontsource-baloo-chettan-2/5.0.14/600.min.css.br
- fontsource-baloo-chettan-2/5.0.14/700.css.br
- fontsource-baloo-chettan-2/5.0.14/700.min.css.br
- fontsource-baloo-chettan-2/5.0.14/800.css.br
- fontsource-baloo-chettan-2/5.0.14/800.min.css.br
- fontsource-baloo-chettan-2/5.0.14/files/baloo-chettan-2-latin-400-normal.woff.br
- fontsource-baloo-chettan-2/5.0.14/files/baloo-chettan-2-latin-500-normal.woff.br
- fontsource-baloo-chettan-2/5.0.14/files/baloo-chettan-2-latin-600-normal.woff.br
- fontsource-baloo-chettan-2/5.0.14/files/baloo-chettan-2-latin-700-normal.woff.br
- fontsource-baloo-chettan-2/5.0.14/files/baloo-chettan-2-latin-800-normal.woff.br
- fontsource-baloo-chettan-2/5.0.14/files/baloo-chettan-2-latin-ext-400-normal.woff.br
- fontsource-baloo-chettan-2/5.0.14/files/baloo-chettan-2-latin-ext-500-normal.woff.br
- fontsource-baloo-chettan-2/5.0.14/files/baloo-chettan-2-latin-ext-600-normal.woff.br
- fontsource-baloo-chettan-2/5.0.14/files/baloo-chettan-2-latin-ext-700-normal.woff.br
- fontsource-baloo-chettan-2/5.0.14/files/baloo-chettan-2-latin-ext-800-normal.woff.br
- fontsource-baloo-chettan-2/5.0.14/files/baloo-chettan-2-malayalam-400-normal.woff.br
- fontsource-baloo-chettan-2/5.0.14/files/baloo-chettan-2-malayalam-500-normal.woff.br
- fontsource-baloo-chettan-2/5.0.14/files/baloo-chettan-2-malayalam-600-normal.woff.br
- fontsource-baloo-chettan-2/5.0.14/files/baloo-chettan-2-malayalam-700-normal.woff.br
- fontsource-baloo-chettan-2/5.0.14/files/baloo-chettan-2-malayalam-800-normal.woff.br
- fontsource-baloo-chettan-2/5.0.14/files/baloo-chettan-2-vietnamese-400-normal.woff.br
- fontsource-baloo-chettan-2/5.0.14/files/baloo-chettan-2-vietnamese-500-normal.woff.br
- fontsource-baloo-chettan-2/5.0.14/files/baloo-chettan-2-vietnamese-600-normal.woff.br
- fontsource-baloo-chettan-2/5.0.14/files/baloo-chettan-2-vietnamese-700-normal.woff.br
- fontsource-baloo-chettan-2/5.0.14/files/baloo-chettan-2-vietnamese-800-normal.woff.br
- fontsource-baloo-chettan-2/5.0.14/index.css.br
- fontsource-baloo-chettan-2/5.0.14/index.min.css.br
- fontsource-baloo-chettan-2/5.0.14/latin-400.css.br
- fontsource-baloo-chettan-2/5.0.14/latin-400.min.css.br
- fontsource-baloo-chettan-2/5.0.14/latin-500.css.br
- fontsource-baloo-chettan-2/5.0.14/latin-500.min.css.br
- fontsource-baloo-chettan-2/5.0.14/latin-600.css.br
- fontsource-baloo-chettan-2/5.0.14/latin-600.min.css.br
- fontsource-baloo-chettan-2/5.0.14/latin-700.css.br
- fontsource-baloo-chettan-2/5.0.14/latin-700.min.css.br
- fontsource-baloo-chettan-2/5.0.14/latin-800.css.br
- fontsource-baloo-chettan-2/5.0.14/latin-800.min.css.br
- fontsource-baloo-chettan-2/5.0.14/latin-ext-400.css.br
- fontsource-baloo-chettan-2/5.0.14/latin-ext-400.min.css.br
- fontsource-baloo-chettan-2/5.0.14/latin-ext-500.css.br
- fontsource-baloo-chettan-2/5.0.14/latin-ext-500.min.css.br
- fontsource-baloo-chettan-2/5.0.14/latin-ext-600.css.br
- fontsource-baloo-chettan-2/5.0.14/latin-ext-600.min.css.br
- fontsource-baloo-chettan-2/5.0.14/latin-ext-700.css.br
- fontsource-baloo-chettan-2/5.0.14/latin-ext-700.min.css.br
- fontsource-baloo-chettan-2/5.0.14/latin-ext-800.css.br
- fontsource-baloo-chettan-2/5.0.14/latin-ext-800.min.css.br
- fontsource-baloo-chettan-2/5.0.14/latin-ext.css.br
- fontsource-baloo-chettan-2/5.0.14/latin-ext.min.css.br
- fontsource-baloo-chettan-2/5.0.14/latin.css.br
- fontsource-baloo-chettan-2/5.0.14/latin.min.css.br
- fontsource-baloo-chettan-2/5.0.14/malayalam-400.css.br
- fontsource-baloo-chettan-2/5.0.14/malayalam-400.min.css.br
- fontsource-baloo-chettan-2/5.0.14/malayalam-500.css.br
- fontsource-baloo-chettan-2/5.0.14/malayalam-500.min.css.br
- fontsource-baloo-chettan-2/5.0.14/malayalam-600.css.br
- fontsource-baloo-chettan-2/5.0.14/malayalam-600.min.css.br
- fontsource-baloo-chettan-2/5.0.14/malayalam-700.css.br
- fontsource-baloo-chettan-2/5.0.14/malayalam-700.min.css.br
- fontsource-baloo-chettan-2/5.0.14/malayalam-800.css.br
- fontsource-baloo-chettan-2/5.0.14/malayalam-800.min.css.br
- fontsource-baloo-chettan-2/5.0.14/malayalam.css.br
- fontsource-baloo-chettan-2/5.0.14/malayalam.min.css.br
- fontsource-baloo-chettan-2/5.0.14/vietnamese-400.css.br
- fontsource-baloo-chettan-2/5.0.14/vietnamese-400.min.css.br
- fontsource-baloo-chettan-2/5.0.14/vietnamese-500.css.br
- fontsource-baloo-chettan-2/5.0.14/vietnamese-500.min.css.br
- fontsource-baloo-chettan-2/5.0.14/vietnamese-600.css.br
- fontsource-baloo-chettan-2/5.0.14/vietnamese-600.min.css.br
- fontsource-baloo-chettan-2/5.0.14/vietnamese-700.css.br
- fontsource-baloo-chettan-2/5.0.14/vietnamese-700.min.css.br
- fontsource-baloo-chettan-2/5.0.14/vietnamese-800.css.br
- fontsource-baloo-chettan-2/5.0.14/vietnamese-800.min.css.br
- fontsource-baloo-chettan-2/5.0.14/vietnamese.css.br
- fontsource-baloo-chettan-2/5.0.14/vietnamese.min.css.br
