Files:
- react/18.3.0-canary-e1d20fc0c-20240122/cjs/react-jsx-dev-runtime.development.js.gz
- react/18.3.0-canary-e1d20fc0c-20240122/cjs/react-jsx-dev-runtime.development.min.js.gz
- react/18.3.0-canary-e1d20fc0c-20240122/cjs/react-jsx-dev-runtime.production.js.gz
- react/18.3.0-canary-e1d20fc0c-20240122/cjs/react-jsx-dev-runtime.production.min.js.gz
- react/18.3.0-canary-e1d20fc0c-20240122/cjs/react-jsx-dev-runtime.production.min.js.map.gz
- react/18.3.0-canary-e1d20fc0c-20240122/cjs/react-jsx-dev-runtime.profiling.js.gz
- react/18.3.0-canary-e1d20fc0c-20240122/cjs/react-jsx-dev-runtime.profiling.min.js.gz
- react/18.3.0-canary-e1d20fc0c-20240122/cjs/react-jsx-dev-runtime.profiling.min.js.map.gz
- react/18.3.0-canary-e1d20fc0c-20240122/cjs/react-jsx-runtime.development.js.gz
- react/18.3.0-canary-e1d20fc0c-20240122/cjs/react-jsx-runtime.development.min.js.gz
- react/18.3.0-canary-e1d20fc0c-20240122/cjs/react-jsx-runtime.production.js.gz
- react/18.3.0-canary-e1d20fc0c-20240122/cjs/react-jsx-runtime.production.min.js.gz
- react/18.3.0-canary-e1d20fc0c-20240122/cjs/react-jsx-runtime.production.min.js.map.gz
- react/18.3.0-canary-e1d20fc0c-20240122/cjs/react-jsx-runtime.profiling.js.gz
- react/18.3.0-canary-e1d20fc0c-20240122/cjs/react-jsx-runtime.profiling.min.js.gz
- react/18.3.0-canary-e1d20fc0c-20240122/cjs/react-jsx-runtime.profiling.min.js.map.gz
- react/18.3.0-canary-e1d20fc0c-20240122/cjs/react.development.js.gz
- react/18.3.0-canary-e1d20fc0c-20240122/cjs/react.development.min.js.gz
- react/18.3.0-canary-e1d20fc0c-20240122/cjs/react.production.js.gz
- react/18.3.0-canary-e1d20fc0c-20240122/cjs/react.production.min.js.gz
- react/18.3.0-canary-e1d20fc0c-20240122/cjs/react.production.min.js.map.gz
- react/18.3.0-canary-e1d20fc0c-20240122/cjs/react.react-server.development.js.gz
- react/18.3.0-canary-e1d20fc0c-20240122/cjs/react.react-server.development.min.js.gz
- react/18.3.0-canary-e1d20fc0c-20240122/cjs/react.react-server.production.js.gz
- react/18.3.0-canary-e1d20fc0c-20240122/cjs/react.react-server.production.min.js.gz
- react/18.3.0-canary-e1d20fc0c-20240122/cjs/react.react-server.production.min.js.map.gz
- react/18.3.0-canary-e1d20fc0c-20240122/umd/react.development.js.gz
- react/18.3.0-canary-e1d20fc0c-20240122/umd/react.development.min.js.gz
- react/18.3.0-canary-e1d20fc0c-20240122/umd/react.production.min.js.gz
- react/18.3.0-canary-e1d20fc0c-20240122/umd/react.profiling.min.js.gz
