Files:
- fontsource-trykker/5.0.0/400.css.br
- fontsource-trykker/5.0.0/400.css.gz
- fontsource-trykker/5.0.0/400.min.css.br
- fontsource-trykker/5.0.0/400.min.css.gz
- fontsource-trykker/5.0.0/files/trykker-latin-400-normal.woff.br
- fontsource-trykker/5.0.0/files/trykker-latin-400-normal.woff.gz
- fontsource-trykker/5.0.0/files/trykker-latin-400-normal.woff2
- fontsource-trykker/5.0.0/files/trykker-latin-ext-400-normal.woff.br
- fontsource-trykker/5.0.0/files/trykker-latin-ext-400-normal.woff.gz
- fontsource-trykker/5.0.0/files/trykker-latin-ext-400-normal.woff2
- fontsource-trykker/5.0.0/index.css.br
- fontsource-trykker/5.0.0/index.css.gz
- fontsource-trykker/5.0.0/index.min.css.br
- fontsource-trykker/5.0.0/index.min.css.gz
- fontsource-trykker/5.0.0/latin-400.css.br
- fontsource-trykker/5.0.0/latin-400.css.gz
- fontsource-trykker/5.0.0/latin-400.min.css.br
- fontsource-trykker/5.0.0/latin-400.min.css.gz
- fontsource-trykker/5.0.0/latin-ext-400.css.br
- fontsource-trykker/5.0.0/latin-ext-400.css.gz
- fontsource-trykker/5.0.0/latin-ext-400.min.css.br
- fontsource-trykker/5.0.0/latin-ext-400.min.css.gz
- fontsource-trykker/5.0.0/latin-ext.css.br
- fontsource-trykker/5.0.0/latin-ext.css.gz
- fontsource-trykker/5.0.0/latin-ext.min.css.br
- fontsource-trykker/5.0.0/latin-ext.min.css.gz
- fontsource-trykker/5.0.0/latin.css.br
- fontsource-trykker/5.0.0/latin.css.gz
- fontsource-trykker/5.0.0/latin.min.css.br
- fontsource-trykker/5.0.0/latin.min.css.gz
