Files:
- fontsource-biorhyme/5.0.13/200.css.gz
- fontsource-biorhyme/5.0.13/200.min.css.gz
- fontsource-biorhyme/5.0.13/300.css.gz
- fontsource-biorhyme/5.0.13/300.min.css.gz
- fontsource-biorhyme/5.0.13/400.css.gz
- fontsource-biorhyme/5.0.13/400.min.css.gz
- fontsource-biorhyme/5.0.13/700.css.gz
- fontsource-biorhyme/5.0.13/700.min.css.gz
- fontsource-biorhyme/5.0.13/800.css.gz
- fontsource-biorhyme/5.0.13/800.min.css.gz
- fontsource-biorhyme/5.0.13/files/biorhyme-latin-200-normal.woff.gz
- fontsource-biorhyme/5.0.13/files/biorhyme-latin-300-normal.woff.gz
- fontsource-biorhyme/5.0.13/files/biorhyme-latin-400-normal.woff.gz
- fontsource-biorhyme/5.0.13/files/biorhyme-latin-700-normal.woff.gz
- fontsource-biorhyme/5.0.13/files/biorhyme-latin-800-normal.woff.gz
- fontsource-biorhyme/5.0.13/files/biorhyme-latin-ext-200-normal.woff.gz
- fontsource-biorhyme/5.0.13/files/biorhyme-latin-ext-300-normal.woff.gz
- fontsource-biorhyme/5.0.13/files/biorhyme-latin-ext-400-normal.woff.gz
- fontsource-biorhyme/5.0.13/files/biorhyme-latin-ext-700-normal.woff.gz
- fontsource-biorhyme/5.0.13/files/biorhyme-latin-ext-800-normal.woff.gz
- fontsource-biorhyme/5.0.13/index.css.gz
- fontsource-biorhyme/5.0.13/index.min.css.gz
- fontsource-biorhyme/5.0.13/latin-200.css.gz
- fontsource-biorhyme/5.0.13/latin-200.min.css.gz
- fontsource-biorhyme/5.0.13/latin-300.css.gz
- fontsource-biorhyme/5.0.13/latin-300.min.css.gz
- fontsource-biorhyme/5.0.13/latin-400.css.gz
- fontsource-biorhyme/5.0.13/latin-400.min.css.gz
- fontsource-biorhyme/5.0.13/latin-700.css.gz
- fontsource-biorhyme/5.0.13/latin-700.min.css.gz
- fontsource-biorhyme/5.0.13/latin-800.css.gz
- fontsource-biorhyme/5.0.13/latin-800.min.css.gz
- fontsource-biorhyme/5.0.13/latin-ext-200.css.gz
- fontsource-biorhyme/5.0.13/latin-ext-200.min.css.gz
- fontsource-biorhyme/5.0.13/latin-ext-300.css.gz
- fontsource-biorhyme/5.0.13/latin-ext-300.min.css.gz
- fontsource-biorhyme/5.0.13/latin-ext-400.css.gz
- fontsource-biorhyme/5.0.13/latin-ext-400.min.css.gz
- fontsource-biorhyme/5.0.13/latin-ext-700.css.gz
- fontsource-biorhyme/5.0.13/latin-ext-700.min.css.gz
- fontsource-biorhyme/5.0.13/latin-ext-800.css.gz
- fontsource-biorhyme/5.0.13/latin-ext-800.min.css.gz
- fontsource-biorhyme/5.0.13/latin-ext.css.gz
- fontsource-biorhyme/5.0.13/latin-ext.min.css.gz
- fontsource-biorhyme/5.0.13/latin.css.gz
- fontsource-biorhyme/5.0.13/latin.min.css.gz
