Files:
- fontsource-coda/4.5.7/400.css.br
- fontsource-coda/4.5.7/400.css.gz
- fontsource-coda/4.5.7/400.min.css.br
- fontsource-coda/4.5.7/400.min.css.gz
- fontsource-coda/4.5.7/800.css.br
- fontsource-coda/4.5.7/800.css.gz
- fontsource-coda/4.5.7/800.min.css.br
- fontsource-coda/4.5.7/800.min.css.gz
- fontsource-coda/4.5.7/files/coda-all-400-normal.woff.br
- fontsource-coda/4.5.7/files/coda-all-400-normal.woff.gz
- fontsource-coda/4.5.7/files/coda-all-800-normal.woff.br
- fontsource-coda/4.5.7/files/coda-all-800-normal.woff.gz
- fontsource-coda/4.5.7/files/coda-latin-400-normal.woff.br
- fontsource-coda/4.5.7/files/coda-latin-400-normal.woff.gz
- fontsource-coda/4.5.7/files/coda-latin-400-normal.woff2
- fontsource-coda/4.5.7/files/coda-latin-800-normal.woff.br
- fontsource-coda/4.5.7/files/coda-latin-800-normal.woff.gz
- fontsource-coda/4.5.7/files/coda-latin-800-normal.woff2
- fontsource-coda/4.5.7/files/coda-latin-ext-400-normal.woff.br
- fontsource-coda/4.5.7/files/coda-latin-ext-400-normal.woff.gz
- fontsource-coda/4.5.7/files/coda-latin-ext-400-normal.woff2
- fontsource-coda/4.5.7/files/coda-latin-ext-800-normal.woff.br
- fontsource-coda/4.5.7/files/coda-latin-ext-800-normal.woff.gz
- fontsource-coda/4.5.7/files/coda-latin-ext-800-normal.woff2
- fontsource-coda/4.5.7/index.css.br
- fontsource-coda/4.5.7/index.css.gz
- fontsource-coda/4.5.7/index.min.css.br
- fontsource-coda/4.5.7/index.min.css.gz
- fontsource-coda/4.5.7/latin-400.css.br
- fontsource-coda/4.5.7/latin-400.css.gz
- fontsource-coda/4.5.7/latin-400.min.css.br
- fontsource-coda/4.5.7/latin-400.min.css.gz
- fontsource-coda/4.5.7/latin-800.css.br
- fontsource-coda/4.5.7/latin-800.css.gz
- fontsource-coda/4.5.7/latin-800.min.css.br
- fontsource-coda/4.5.7/latin-800.min.css.gz
- fontsource-coda/4.5.7/latin-ext-400.css.br
- fontsource-coda/4.5.7/latin-ext-400.css.gz
- fontsource-coda/4.5.7/latin-ext-400.min.css.br
- fontsource-coda/4.5.7/latin-ext-400.min.css.gz
- fontsource-coda/4.5.7/latin-ext-800.css.br
- fontsource-coda/4.5.7/latin-ext-800.css.gz
- fontsource-coda/4.5.7/latin-ext-800.min.css.br
- fontsource-coda/4.5.7/latin-ext-800.min.css.gz
- fontsource-coda/4.5.7/latin-ext.css.br
- fontsource-coda/4.5.7/latin-ext.css.gz
- fontsource-coda/4.5.7/latin-ext.min.css.br
- fontsource-coda/4.5.7/latin-ext.min.css.gz
- fontsource-coda/4.5.7/latin.css.br
- fontsource-coda/4.5.7/latin.css.gz
- fontsource-coda/4.5.7/latin.min.css.br
- fontsource-coda/4.5.7/latin.min.css.gz
