config: {"authors":[{"name":"Google Inc."}],"autoupdate":{"source":"npm","target":"@fontsource/noto-sans-tamil","fileMap":[{"basePath":"","files":["*.css","files/*.@(woff|woff2)"]}],"excludeFromSearch":true},"description":"Self-host the Noto Sans Tamil font in a neatly bundled NPM package.","filename":"index.css","homepage":"https://fontsource.org/fonts/noto-sans-tamil","keywords":["fontsource","font","font family","google fonts","noto-sans-tamil","Noto Sans Tamil","css","sass","front-end","web","typeface","variable"],"license":"OFL-1.1","name":"fontsource-noto-sans-tamil","repository":{"type":"git","url":"git+https://github.com/fontsource/font-files.git"},"author":"Google Inc."}
KV keys:
- fontsource-noto-sans-tamil/5.0.7/100.css.br
- fontsource-noto-sans-tamil/5.0.7/100.css.gz
- fontsource-noto-sans-tamil/5.0.7/100.min.css.br
- fontsource-noto-sans-tamil/5.0.7/100.min.css.gz
- fontsource-noto-sans-tamil/5.0.7/200.css.br
- fontsource-noto-sans-tamil/5.0.7/200.css.gz
- fontsource-noto-sans-tamil/5.0.7/200.min.css.br
- fontsource-noto-sans-tamil/5.0.7/200.min.css.gz
- fontsource-noto-sans-tamil/5.0.7/300.css.br
- fontsource-noto-sans-tamil/5.0.7/300.css.gz
- fontsource-noto-sans-tamil/5.0.7/300.min.css.br
- fontsource-noto-sans-tamil/5.0.7/300.min.css.gz
- fontsource-noto-sans-tamil/5.0.7/400.css.br
- fontsource-noto-sans-tamil/5.0.7/400.css.gz
- fontsource-noto-sans-tamil/5.0.7/400.min.css.br
- fontsource-noto-sans-tamil/5.0.7/400.min.css.gz
- fontsource-noto-sans-tamil/5.0.7/500.css.br
- fontsource-noto-sans-tamil/5.0.7/500.css.gz
- fontsource-noto-sans-tamil/5.0.7/500.min.css.br
- fontsource-noto-sans-tamil/5.0.7/500.min.css.gz
- fontsource-noto-sans-tamil/5.0.7/600.css.br
- fontsource-noto-sans-tamil/5.0.7/600.css.gz
- fontsource-noto-sans-tamil/5.0.7/600.min.css.br
- fontsource-noto-sans-tamil/5.0.7/600.min.css.gz
- fontsource-noto-sans-tamil/5.0.7/700.css.br
- fontsource-noto-sans-tamil/5.0.7/700.css.gz
- fontsource-noto-sans-tamil/5.0.7/700.min.css.br
- fontsource-noto-sans-tamil/5.0.7/700.min.css.gz
- fontsource-noto-sans-tamil/5.0.7/800.css.br
- fontsource-noto-sans-tamil/5.0.7/800.css.gz
- fontsource-noto-sans-tamil/5.0.7/800.min.css.br
- fontsource-noto-sans-tamil/5.0.7/800.min.css.gz
- fontsource-noto-sans-tamil/5.0.7/900.css.br
- fontsource-noto-sans-tamil/5.0.7/900.css.gz
- fontsource-noto-sans-tamil/5.0.7/900.min.css.br
- fontsource-noto-sans-tamil/5.0.7/900.min.css.gz
- fontsource-noto-sans-tamil/5.0.7/files/noto-sans-tamil-latin-100-normal.woff.br
- fontsource-noto-sans-tamil/5.0.7/files/noto-sans-tamil-latin-100-normal.woff.gz
- fontsource-noto-sans-tamil/5.0.7/files/noto-sans-tamil-latin-100-normal.woff2
- fontsource-noto-sans-tamil/5.0.7/files/noto-sans-tamil-latin-200-normal.woff.br
- fontsource-noto-sans-tamil/5.0.7/files/noto-sans-tamil-latin-200-normal.woff.gz
- fontsource-noto-sans-tamil/5.0.7/files/noto-sans-tamil-latin-200-normal.woff2
- fontsource-noto-sans-tamil/5.0.7/files/noto-sans-tamil-latin-300-normal.woff.br
- fontsource-noto-sans-tamil/5.0.7/files/noto-sans-tamil-latin-300-normal.woff.gz
- fontsource-noto-sans-tamil/5.0.7/files/noto-sans-tamil-latin-300-normal.woff2
- fontsource-noto-sans-tamil/5.0.7/files/noto-sans-tamil-latin-400-normal.woff.br
- fontsource-noto-sans-tamil/5.0.7/files/noto-sans-tamil-latin-400-normal.woff.gz
- fontsource-noto-sans-tamil/5.0.7/files/noto-sans-tamil-latin-400-normal.woff2
- fontsource-noto-sans-tamil/5.0.7/files/noto-sans-tamil-latin-500-normal.woff.br
- fontsource-noto-sans-tamil/5.0.7/files/noto-sans-tamil-latin-500-normal.woff.gz
- fontsource-noto-sans-tamil/5.0.7/files/noto-sans-tamil-latin-500-normal.woff2
- fontsource-noto-sans-tamil/5.0.7/files/noto-sans-tamil-latin-600-normal.woff.br
- fontsource-noto-sans-tamil/5.0.7/files/noto-sans-tamil-latin-600-normal.woff.gz
- fontsource-noto-sans-tamil/5.0.7/files/noto-sans-tamil-latin-600-normal.woff2
- fontsource-noto-sans-tamil/5.0.7/files/noto-sans-tamil-latin-700-normal.woff.br
- fontsource-noto-sans-tamil/5.0.7/files/noto-sans-tamil-latin-700-normal.woff.gz
- fontsource-noto-sans-tamil/5.0.7/files/noto-sans-tamil-latin-700-normal.woff2
- fontsource-noto-sans-tamil/5.0.7/files/noto-sans-tamil-latin-800-normal.woff.br
- fontsource-noto-sans-tamil/5.0.7/files/noto-sans-tamil-latin-800-normal.woff.gz
- fontsource-noto-sans-tamil/5.0.7/files/noto-sans-tamil-latin-800-normal.woff2
- fontsource-noto-sans-tamil/5.0.7/files/noto-sans-tamil-latin-900-normal.woff.br
- fontsource-noto-sans-tamil/5.0.7/files/noto-sans-tamil-latin-900-normal.woff.gz
- fontsource-noto-sans-tamil/5.0.7/files/noto-sans-tamil-latin-900-normal.woff2
- fontsource-noto-sans-tamil/5.0.7/files/noto-sans-tamil-latin-ext-100-normal.woff.br
- fontsource-noto-sans-tamil/5.0.7/files/noto-sans-tamil-latin-ext-100-normal.woff.gz
- fontsource-noto-sans-tamil/5.0.7/files/noto-sans-tamil-latin-ext-100-normal.woff2
- fontsource-noto-sans-tamil/5.0.7/files/noto-sans-tamil-latin-ext-200-normal.woff.br
- fontsource-noto-sans-tamil/5.0.7/files/noto-sans-tamil-latin-ext-200-normal.woff.gz
- fontsource-noto-sans-tamil/5.0.7/files/noto-sans-tamil-latin-ext-200-normal.woff2
- fontsource-noto-sans-tamil/5.0.7/files/noto-sans-tamil-latin-ext-300-normal.woff.br
- fontsource-noto-sans-tamil/5.0.7/files/noto-sans-tamil-latin-ext-300-normal.woff.gz
- fontsource-noto-sans-tamil/5.0.7/files/noto-sans-tamil-latin-ext-300-normal.woff2
- fontsource-noto-sans-tamil/5.0.7/files/noto-sans-tamil-latin-ext-400-normal.woff.br
- fontsource-noto-sans-tamil/5.0.7/files/noto-sans-tamil-latin-ext-400-normal.woff.gz
- fontsource-noto-sans-tamil/5.0.7/files/noto-sans-tamil-latin-ext-400-normal.woff2
- fontsource-noto-sans-tamil/5.0.7/files/noto-sans-tamil-latin-ext-500-normal.woff.br
- fontsource-noto-sans-tamil/5.0.7/files/noto-sans-tamil-latin-ext-500-normal.woff.gz
- fontsource-noto-sans-tamil/5.0.7/files/noto-sans-tamil-latin-ext-500-normal.woff2
- fontsource-noto-sans-tamil/5.0.7/files/noto-sans-tamil-latin-ext-600-normal.woff.br
- fontsource-noto-sans-tamil/5.0.7/files/noto-sans-tamil-latin-ext-600-normal.woff.gz
- fontsource-noto-sans-tamil/5.0.7/files/noto-sans-tamil-latin-ext-600-normal.woff2
- fontsource-noto-sans-tamil/5.0.7/files/noto-sans-tamil-latin-ext-700-normal.woff.br
- fontsource-noto-sans-tamil/5.0.7/files/noto-sans-tamil-latin-ext-700-normal.woff.gz
- fontsource-noto-sans-tamil/5.0.7/files/noto-sans-tamil-latin-ext-700-normal.woff2
- fontsource-noto-sans-tamil/5.0.7/files/noto-sans-tamil-latin-ext-800-normal.woff.br
- fontsource-noto-sans-tamil/5.0.7/files/noto-sans-tamil-latin-ext-800-normal.woff.gz
- fontsource-noto-sans-tamil/5.0.7/files/noto-sans-tamil-latin-ext-800-normal.woff2
- fontsource-noto-sans-tamil/5.0.7/files/noto-sans-tamil-latin-ext-900-normal.woff.br
- fontsource-noto-sans-tamil/5.0.7/files/noto-sans-tamil-latin-ext-900-normal.woff.gz
- fontsource-noto-sans-tamil/5.0.7/files/noto-sans-tamil-latin-ext-900-normal.woff2
- fontsource-noto-sans-tamil/5.0.7/files/noto-sans-tamil-tamil-100-normal.woff.br
- fontsource-noto-sans-tamil/5.0.7/files/noto-sans-tamil-tamil-100-normal.woff.gz
- fontsource-noto-sans-tamil/5.0.7/files/noto-sans-tamil-tamil-100-normal.woff2
- fontsource-noto-sans-tamil/5.0.7/files/noto-sans-tamil-tamil-200-normal.woff.br
- fontsource-noto-sans-tamil/5.0.7/files/noto-sans-tamil-tamil-200-normal.woff.gz
- fontsource-noto-sans-tamil/5.0.7/files/noto-sans-tamil-tamil-200-normal.woff2
- fontsource-noto-sans-tamil/5.0.7/files/noto-sans-tamil-tamil-300-normal.woff.br
- fontsource-noto-sans-tamil/5.0.7/files/noto-sans-tamil-tamil-300-normal.woff.gz
- fontsource-noto-sans-tamil/5.0.7/files/noto-sans-tamil-tamil-300-normal.woff2
- fontsource-noto-sans-tamil/5.0.7/files/noto-sans-tamil-tamil-400-normal.woff.br
- fontsource-noto-sans-tamil/5.0.7/files/noto-sans-tamil-tamil-400-normal.woff.gz
- fontsource-noto-sans-tamil/5.0.7/files/noto-sans-tamil-tamil-400-normal.woff2
- fontsource-noto-sans-tamil/5.0.7/files/noto-sans-tamil-tamil-500-normal.woff.br
- fontsource-noto-sans-tamil/5.0.7/files/noto-sans-tamil-tamil-500-normal.woff.gz
- fontsource-noto-sans-tamil/5.0.7/files/noto-sans-tamil-tamil-500-normal.woff2
- fontsource-noto-sans-tamil/5.0.7/files/noto-sans-tamil-tamil-600-normal.woff.br
- fontsource-noto-sans-tamil/5.0.7/files/noto-sans-tamil-tamil-600-normal.woff.gz
- fontsource-noto-sans-tamil/5.0.7/files/noto-sans-tamil-tamil-600-normal.woff2
- fontsource-noto-sans-tamil/5.0.7/files/noto-sans-tamil-tamil-700-normal.woff.br
- fontsource-noto-sans-tamil/5.0.7/files/noto-sans-tamil-tamil-700-normal.woff.gz
- fontsource-noto-sans-tamil/5.0.7/files/noto-sans-tamil-tamil-700-normal.woff2
- fontsource-noto-sans-tamil/5.0.7/files/noto-sans-tamil-tamil-800-normal.woff.br
- fontsource-noto-sans-tamil/5.0.7/files/noto-sans-tamil-tamil-800-normal.woff.gz
- fontsource-noto-sans-tamil/5.0.7/files/noto-sans-tamil-tamil-800-normal.woff2
- fontsource-noto-sans-tamil/5.0.7/files/noto-sans-tamil-tamil-900-normal.woff.br
- fontsource-noto-sans-tamil/5.0.7/files/noto-sans-tamil-tamil-900-normal.woff.gz
- fontsource-noto-sans-tamil/5.0.7/files/noto-sans-tamil-tamil-900-normal.woff2
- fontsource-noto-sans-tamil/5.0.7/index.css.br
- fontsource-noto-sans-tamil/5.0.7/index.css.gz
- fontsource-noto-sans-tamil/5.0.7/index.min.css.br
- fontsource-noto-sans-tamil/5.0.7/index.min.css.gz
- fontsource-noto-sans-tamil/5.0.7/latin-100.css.br
- fontsource-noto-sans-tamil/5.0.7/latin-100.css.gz
- fontsource-noto-sans-tamil/5.0.7/latin-100.min.css.br
- fontsource-noto-sans-tamil/5.0.7/latin-100.min.css.gz
- fontsource-noto-sans-tamil/5.0.7/latin-200.css.br
- fontsource-noto-sans-tamil/5.0.7/latin-200.css.gz
- fontsource-noto-sans-tamil/5.0.7/latin-200.min.css.br
- fontsource-noto-sans-tamil/5.0.7/latin-200.min.css.gz
- fontsource-noto-sans-tamil/5.0.7/latin-300.css.br
- fontsource-noto-sans-tamil/5.0.7/latin-300.css.gz
- fontsource-noto-sans-tamil/5.0.7/latin-300.min.css.br
- fontsource-noto-sans-tamil/5.0.7/latin-300.min.css.gz
- fontsource-noto-sans-tamil/5.0.7/latin-400.css.br
- fontsource-noto-sans-tamil/5.0.7/latin-400.css.gz
- fontsource-noto-sans-tamil/5.0.7/latin-400.min.css.br
- fontsource-noto-sans-tamil/5.0.7/latin-400.min.css.gz
- fontsource-noto-sans-tamil/5.0.7/latin-500.css.br
- fontsource-noto-sans-tamil/5.0.7/latin-500.css.gz
- fontsource-noto-sans-tamil/5.0.7/latin-500.min.css.br
- fontsource-noto-sans-tamil/5.0.7/latin-500.min.css.gz
- fontsource-noto-sans-tamil/5.0.7/latin-600.css.br
- fontsource-noto-sans-tamil/5.0.7/latin-600.css.gz
- fontsource-noto-sans-tamil/5.0.7/latin-600.min.css.br
- fontsource-noto-sans-tamil/5.0.7/latin-600.min.css.gz
- fontsource-noto-sans-tamil/5.0.7/latin-700.css.br
- fontsource-noto-sans-tamil/5.0.7/latin-700.css.gz
- fontsource-noto-sans-tamil/5.0.7/latin-700.min.css.br
- fontsource-noto-sans-tamil/5.0.7/latin-700.min.css.gz
- fontsource-noto-sans-tamil/5.0.7/latin-800.css.br
- fontsource-noto-sans-tamil/5.0.7/latin-800.css.gz
- fontsource-noto-sans-tamil/5.0.7/latin-800.min.css.br
- fontsource-noto-sans-tamil/5.0.7/latin-800.min.css.gz
- fontsource-noto-sans-tamil/5.0.7/latin-900.css.br
- fontsource-noto-sans-tamil/5.0.7/latin-900.css.gz
- fontsource-noto-sans-tamil/5.0.7/latin-900.min.css.br
- fontsource-noto-sans-tamil/5.0.7/latin-900.min.css.gz
- fontsource-noto-sans-tamil/5.0.7/latin-ext-100.css.br
- fontsource-noto-sans-tamil/5.0.7/latin-ext-100.css.gz
- fontsource-noto-sans-tamil/5.0.7/latin-ext-100.min.css.br
- fontsource-noto-sans-tamil/5.0.7/latin-ext-100.min.css.gz
- fontsource-noto-sans-tamil/5.0.7/latin-ext-200.css.br
- fontsource-noto-sans-tamil/5.0.7/latin-ext-200.css.gz
- fontsource-noto-sans-tamil/5.0.7/latin-ext-200.min.css.br
- fontsource-noto-sans-tamil/5.0.7/latin-ext-200.min.css.gz
- fontsource-noto-sans-tamil/5.0.7/latin-ext-300.css.br
- fontsource-noto-sans-tamil/5.0.7/latin-ext-300.css.gz
- fontsource-noto-sans-tamil/5.0.7/latin-ext-300.min.css.br
- fontsource-noto-sans-tamil/5.0.7/latin-ext-300.min.css.gz
- fontsource-noto-sans-tamil/5.0.7/latin-ext-400.css.br
- fontsource-noto-sans-tamil/5.0.7/latin-ext-400.css.gz
- fontsource-noto-sans-tamil/5.0.7/latin-ext-400.min.css.br
- fontsource-noto-sans-tamil/5.0.7/latin-ext-400.min.css.gz
- fontsource-noto-sans-tamil/5.0.7/latin-ext-500.css.br
- fontsource-noto-sans-tamil/5.0.7/latin-ext-500.css.gz
- fontsource-noto-sans-tamil/5.0.7/latin-ext-500.min.css.br
- fontsource-noto-sans-tamil/5.0.7/latin-ext-500.min.css.gz
- fontsource-noto-sans-tamil/5.0.7/latin-ext-600.css.br
- fontsource-noto-sans-tamil/5.0.7/latin-ext-600.css.gz
- fontsource-noto-sans-tamil/5.0.7/latin-ext-600.min.css.br
- fontsource-noto-sans-tamil/5.0.7/latin-ext-600.min.css.gz
- fontsource-noto-sans-tamil/5.0.7/latin-ext-700.css.br
- fontsource-noto-sans-tamil/5.0.7/latin-ext-700.css.gz
- fontsource-noto-sans-tamil/5.0.7/latin-ext-700.min.css.br
- fontsource-noto-sans-tamil/5.0.7/latin-ext-700.min.css.gz
- fontsource-noto-sans-tamil/5.0.7/latin-ext-800.css.br
- fontsource-noto-sans-tamil/5.0.7/latin-ext-800.css.gz
- fontsource-noto-sans-tamil/5.0.7/latin-ext-800.min.css.br
- fontsource-noto-sans-tamil/5.0.7/latin-ext-800.min.css.gz
- fontsource-noto-sans-tamil/5.0.7/latin-ext-900.css.br
- fontsource-noto-sans-tamil/5.0.7/latin-ext-900.css.gz
- fontsource-noto-sans-tamil/5.0.7/latin-ext-900.min.css.br
- fontsource-noto-sans-tamil/5.0.7/latin-ext-900.min.css.gz
- fontsource-noto-sans-tamil/5.0.7/latin-ext.css.br
- fontsource-noto-sans-tamil/5.0.7/latin-ext.css.gz
- fontsource-noto-sans-tamil/5.0.7/latin-ext.min.css.br
- fontsource-noto-sans-tamil/5.0.7/latin-ext.min.css.gz
- fontsource-noto-sans-tamil/5.0.7/latin.css.br
- fontsource-noto-sans-tamil/5.0.7/latin.css.gz
- fontsource-noto-sans-tamil/5.0.7/latin.min.css.br
- fontsource-noto-sans-tamil/5.0.7/latin.min.css.gz
- fontsource-noto-sans-tamil/5.0.7/tamil-100.css.br
- fontsource-noto-sans-tamil/5.0.7/tamil-100.css.gz
- fontsource-noto-sans-tamil/5.0.7/tamil-100.min.css.br
- fontsource-noto-sans-tamil/5.0.7/tamil-100.min.css.gz
- fontsource-noto-sans-tamil/5.0.7/tamil-200.css.br
- fontsource-noto-sans-tamil/5.0.7/tamil-200.css.gz
- fontsource-noto-sans-tamil/5.0.7/tamil-200.min.css.br
- fontsource-noto-sans-tamil/5.0.7/tamil-200.min.css.gz
- fontsource-noto-sans-tamil/5.0.7/tamil-300.css.br
- fontsource-noto-sans-tamil/5.0.7/tamil-300.css.gz
- fontsource-noto-sans-tamil/5.0.7/tamil-300.min.css.br
- fontsource-noto-sans-tamil/5.0.7/tamil-300.min.css.gz
- fontsource-noto-sans-tamil/5.0.7/tamil-400.css.br
- fontsource-noto-sans-tamil/5.0.7/tamil-400.css.gz
- fontsource-noto-sans-tamil/5.0.7/tamil-400.min.css.br
- fontsource-noto-sans-tamil/5.0.7/tamil-400.min.css.gz
- fontsource-noto-sans-tamil/5.0.7/tamil-500.css.br
- fontsource-noto-sans-tamil/5.0.7/tamil-500.css.gz
- fontsource-noto-sans-tamil/5.0.7/tamil-500.min.css.br
- fontsource-noto-sans-tamil/5.0.7/tamil-500.min.css.gz
- fontsource-noto-sans-tamil/5.0.7/tamil-600.css.br
- fontsource-noto-sans-tamil/5.0.7/tamil-600.css.gz
- fontsource-noto-sans-tamil/5.0.7/tamil-600.min.css.br
- fontsource-noto-sans-tamil/5.0.7/tamil-600.min.css.gz
- fontsource-noto-sans-tamil/5.0.7/tamil-700.css.br
- fontsource-noto-sans-tamil/5.0.7/tamil-700.css.gz
- fontsource-noto-sans-tamil/5.0.7/tamil-700.min.css.br
- fontsource-noto-sans-tamil/5.0.7/tamil-700.min.css.gz
- fontsource-noto-sans-tamil/5.0.7/tamil-800.css.br
- fontsource-noto-sans-tamil/5.0.7/tamil-800.css.gz
- fontsource-noto-sans-tamil/5.0.7/tamil-800.min.css.br
- fontsource-noto-sans-tamil/5.0.7/tamil-800.min.css.gz
- fontsource-noto-sans-tamil/5.0.7/tamil-900.css.br
- fontsource-noto-sans-tamil/5.0.7/tamil-900.css.gz
- fontsource-noto-sans-tamil/5.0.7/tamil-900.min.css.br
- fontsource-noto-sans-tamil/5.0.7/tamil-900.min.css.gz
- fontsource-noto-sans-tamil/5.0.7/tamil.css.br
- fontsource-noto-sans-tamil/5.0.7/tamil.css.gz
- fontsource-noto-sans-tamil/5.0.7/tamil.min.css.br
- fontsource-noto-sans-tamil/5.0.7/tamil.min.css.gz
SRIs:
- fontsource-noto-sans-tamil/5.0.7/latin-200.css: sha512-GA1fcrqU4Go0ilgItQqlt+O0z9K30A9/jabAPkla10z2ZmYEamVCaHB0ieP+reecWfphkRzLtLYeFrSIFGjvuQ==
- fontsource-noto-sans-tamil/5.0.7/latin-ext-200.css: sha512-SlEOxJJGFMNqECIwNGRzp2BfUNKd+WQml1WCR2QMx8R4GN+WD5Fl7zb+9KcvDCbUGIHPJpfYau9mHNk5G7lpWQ==
- fontsource-noto-sans-tamil/5.0.7/latin-ext-400.min.css: sha512-kg2Dz25BfBfe6aqJigrPg8UYOaQxgh/P2zQ4koGYww1jiD0lUlBHHVuJcoK1qIXJWgeXBoTzei6f1l/6YlPJOQ==
- fontsource-noto-sans-tamil/5.0.7/tamil-100.min.css: sha512-Wvq9mz3hjVzukBulF69rBKa3Re6AUAq/6HB4PKN4+5M9Fokv4EOv3g1bsycZwqz3TOqzfJY1KLS3mhO0qf18SQ==
- fontsource-noto-sans-tamil/5.0.7/200.min.css: sha512-qT5CW/5XPtOcQNHmyBuhUg7QptjWOQpbdQUb5JMYLlfokxanePiBiyD2BVi+zxBaW6cPNR2iK6ey8T3Lb59AoA==
- fontsource-noto-sans-tamil/5.0.7/800.css: sha512-qCAoHvvvJwH+uXEKxBx9XLFPkFMpFlC0bbLYNyjaThQrf1uywkLELL+qtqFcieqh0j4m0epsFg4/9kPYra7s4w==
- fontsource-noto-sans-tamil/5.0.7/latin-400.css: sha512-iupox7r4gVpx/xYQ9k/yMdWDKPmmZCxm9DYe40nyShK+UQ3/Cvmr4qGSUKEKgKrhpWnf5cWAD54MinDlwfHEjg==
- fontsource-noto-sans-tamil/5.0.7/latin-700.min.css: sha512-flhekObvLm5xsxk75UQfMtuhgYZpjSO6RfRcTJ3XcgsphBZjsbGefYhUd8Go5RJHnKm6kqoREfnySCZMY/HqUA==
- fontsource-noto-sans-tamil/5.0.7/latin-800.min.css: sha512-DH/Uj9b/qGlkxSZGiCTW6ezBYchg8KbipP9x8D/CyQEpBH1MBVABOxisfc32mm06qb9IYkd8r8ZZWX2Wtu/vtg==
- fontsource-noto-sans-tamil/5.0.7/latin-ext.css: sha512-QmU2mcHCd246dzxwsAmhwIfqhtdFAxFjdmhWo47n4/tImIFPEFhnywA896EUx92wzD+ujB2xdJpKPTHEDvG7Ng==
- fontsource-noto-sans-tamil/5.0.7/latin-ext.min.css: sha512-hgbvgKHeRkoIzEfcke98rtlDwA+l+sva3PhNJcQZ2EU8NEydOF8XoXcjBfAcE2cp8DIamoyrw2Smm/4Yt5xPFA==
- fontsource-noto-sans-tamil/5.0.7/tamil-500.css: sha512-L9hTngwuVlQHD4B23D1DnKZojuYa1sydetd/av2lb1uEEn7+LzB4hrudba30uhZH3S7nC+j0JWIRJQn6/SL7UA==
- fontsource-noto-sans-tamil/5.0.7/tamil-700.css: sha512-sLajVvLhD9LpPNs4epx4wbk/KXrfRi9AhgVqgyrITwW79UKYx4wPZDJgRqPrmgbe763F7SsJyuBYO/WCqJZbdg==
- fontsource-noto-sans-tamil/5.0.7/tamil-800.min.css: sha512-riH0xiGq2INyU0cOguFpSgLfeq2o9w3nsfbCz1Bus/cuVirSznzhbueUQnajufHr9jKu4yJwtMY+Vzeqtyh1ow==
- fontsource-noto-sans-tamil/5.0.7/tamil.css: sha512-is1nrumRbdRBzCYh1pt1kHf0KFtkVyz5tt2p2hNLTnTH7QxSjiaL1rhxpQqxYi9PGZpYPHMY8qSfqypr/kWwQg==
- fontsource-noto-sans-tamil/5.0.7/500.min.css: sha512-/X1vPqPlHwt15TmIx9BEid2A59N2DAFbacGTtVQuPEmplaqFA00TIBM/4bOYsAPr/RnNbzsX1oiVfdJuLY5vxQ==
- fontsource-noto-sans-tamil/5.0.7/700.css: sha512-xiGfd0FQWswv7qpaVUGK3DYbnB2F3VFfwHAkBqC/rQwjfvHZa54DhdhvIWNAHooleatgPyKD0N322TxbPEt0lg==
- fontsource-noto-sans-tamil/5.0.7/latin-500.css: sha512-VhB1lApWreGJovXiCLu3wRO9ODnmyBSuKGEJs2UdBmc0saSFxKVhoua3JjUTrpHvTwGSYFDkf3It9reO4htbZQ==
- fontsource-noto-sans-tamil/5.0.7/latin-900.css: sha512-Y/80zoAKIip5udYK4sHPWBVDlbtmxQxvEK7dE2kieqydZO2C9BuQtEJ/vuUlQTRuFgTT8qDvXXZOebgtTMZqPA==
- fontsource-noto-sans-tamil/5.0.7/latin-900.min.css: sha512-YGJW72u1hLPTyALzKvY96B332yPBqyx2jeQn4y2k+tyxiO4X2VGn9WEmpUpf4JjEx7E3SnQAxz8NyiLKF01g0A==
- fontsource-noto-sans-tamil/5.0.7/tamil-100.css: sha512-ZkHv0Jej+cHUJ9D1umvya8sAQXcs42/e0iLY6NLRhj5403ZMy+5Jp9MdeCyzBJXLssWc2+MizNuuJBQ50wKWlQ==
- fontsource-noto-sans-tamil/5.0.7/tamil-200.css: sha512-SvDLSl7R2ZdsMSk48I8xoEnRFVVd+k/EMiMMG5z4AMQXRLC5SpuoGMFS9utTsQDYgW33wHWDKaZnWNXQy/ZaMw==
- fontsource-noto-sans-tamil/5.0.7/tamil-900.css: sha512-K0GydBIdAIs4l1dR8eZ6yy+0eLTqlKcj4nehnNH56sjUvd8BflWleVMP37QfqPbMs9MTwm+1PM8SuqHXFgJmdA==
- fontsource-noto-sans-tamil/5.0.7/tamil-900.min.css: sha512-9Ga6dJhowuq5a4ON9QQllbKYLadm9mdemB1wJHCT+J9828sM16EGFnwpGWOc0quQRP8It5gRXq6G27cLiBZfEA==
- fontsource-noto-sans-tamil/5.0.7/900.css: sha512-4fuge4sVr2RdGGrcBH7HL/YW12IzU9oiPy2HwmKhfAPWmiDDzoZwsCPxVdBbON3LgB+GfAT7MDNIvHT5Kf9sLA==
- fontsource-noto-sans-tamil/5.0.7/latin-300.min.css: sha512-YwUcc09fDaMb/ZcjPaPZKr+FxU1ORQUNx7XO5uLj8kLevgkpUqB+TAC3QQ/NVVcSr5hstgXpatirjNqURShOIQ==
- fontsource-noto-sans-tamil/5.0.7/latin-800.css: sha512-+J68z+vebwP5n9VzCnVbIDhhfo4pzuLcQing37Q/Dvii3mSGokgfnktBiooh68ZDh6hOBrC+2jmDTHKZiiYrpw==
- fontsource-noto-sans-tamil/5.0.7/latin-ext-300.css: sha512-LuCcqhRUmd7y9JA7FeE7T8i5iY4P4UyMEif03y/PMArODR2+Di07mpK6redIMIgbGiYAH55j42jC+AihmGUv+A==
- fontsource-noto-sans-tamil/5.0.7/tamil-700.min.css: sha512-PR/uO0ctBW3c5LxX2rjGUrZ7Op7rz5m3wpBxCn47ltWxLj0HOEBojhcHpFFE46PZS7KhFmH/9I+2aq5K7xnLwg==
- fontsource-noto-sans-tamil/5.0.7/100.css: sha512-nxv7NK8xd+ER4nUmex2EULhhUK2/WauCs8ojWdXTiEpKWOKo0K5xHGrztZtcRETY4hx97O7v9SGfKa/MmdEI5Q==
- fontsource-noto-sans-tamil/5.0.7/400.min.css: sha512-B+W/kdF2M06vQ3K9OW2sJ0R9dNwPh4LJXgvZJdlvSYpl89hfVESYEhD4CJbLZZLXqjwlPFz4XoaxNWopSK43Yg==
- fontsource-noto-sans-tamil/5.0.7/tamil-400.min.css: sha512-EK+T227/xHofk8ddZgvmlgvHaVMDRNLTy0lPrWo4FZr6evgqXrGJf88/1VqwZ475EE+6SSfVXtkMNxi7QK/e1A==
- fontsource-noto-sans-tamil/5.0.7/index.min.css: sha512-B+W/kdF2M06vQ3K9OW2sJ0R9dNwPh4LJXgvZJdlvSYpl89hfVESYEhD4CJbLZZLXqjwlPFz4XoaxNWopSK43Yg==
- fontsource-noto-sans-tamil/5.0.7/latin-100.css: sha512-bgsA1TA6ZRIvgPMDTAHwLGpqsW7/QS2g6Yp9RvPnn0Plnox1oeBXZ84qeZtKh+JNwQRuj6Tb/nWinDlaMCtYSA==
- fontsource-noto-sans-tamil/5.0.7/tamil-300.css: sha512-pTeJanbnqQiyzEjQo0KcsWmCSK3DuY5pGA9ab+8IyUYXaklLyt2IVGIxzZ9kkXpHucVxg7zLA4lLOoI7QkMIkw==
- fontsource-noto-sans-tamil/5.0.7/300.min.css: sha512-GMwrFPj+bVtDg8EtLyYKOCSWY5URIhV4alz7WU0JRM4ApmOdd9fWDkXZ5ULua798c2pEs4KC0va93yo0sj9VxQ==
- fontsource-noto-sans-tamil/5.0.7/latin-ext-200.min.css: sha512-BxSrNqO5eebb4YVdrbrS2m6bQU8B4ThWWkDm2JlRzJBBINyCsOsKyYC+RlpzgKVmut7J2LByWMg4Y5XrSj+nwQ==
- fontsource-noto-sans-tamil/5.0.7/latin-ext-900.min.css: sha512-E5l1ll//+n92bYNoaY6VxjEJzp4YocPKSCOAHQSiVqWDlrfhSfd1g3IAYwVqrh+m4XwJdXqrIzSz0aC5fAFfig==
- fontsource-noto-sans-tamil/5.0.7/tamil-400.css: sha512-u+LeD7h+uQYd3ZEzd8viJkLPS8xNwQKSzPHRqjBYuiBXW/z5pCbU0w+VphVZIJtxdWhHw3DelUfmjCtFRMiMXA==
- fontsource-noto-sans-tamil/5.0.7/400.css: sha512-XhGTYzZOwDq29H8Ag8YJ7XYFb7uYAGqH3i4ZXHIMBwaHEdvIIKoEvGmZi68E+37FDdiFN1lkSu52LuqrcAEMSw==
- fontsource-noto-sans-tamil/5.0.7/latin-ext-700.min.css: sha512-iXj6LKRKR5KSkYK+NmPdmqTrxaFIEzgQohsjfAcmOZZ1rLC/6S0uIt0eWlUYui9sGps4HrZ2dqJp4d1qKoefng==
- fontsource-noto-sans-tamil/5.0.7/latin-ext-900.css: sha512-BbrY9YCETBSvRFs/QZV4jSiTykHU2RMoiOEOrwDcM2yFhQkg6DPNqlDFdhKaZe8DwdYTImWbfTv4yKQcz+5F7w==
- fontsource-noto-sans-tamil/5.0.7/100.min.css: sha512-+RLR/DQDmZqkCl5HA2XY9adOqQeaBD2M74LOsl5KW2+OqJlNWGbj1tP30lykBMmQ2QyERdoKkK/wgtpWrJmmzw==
- fontsource-noto-sans-tamil/5.0.7/900.min.css: sha512-QpLQrU4ULiOz7fRextB2nHpQthHRjkNG/mzD0dKdk48pekGXieAJyGylVXgXaHGsjpuMDPvplcy71FQXUUSYuw==
- fontsource-noto-sans-tamil/5.0.7/latin-100.min.css: sha512-rVbUvdE09D/nr1KKlUt3kgdeTsvOD01Ou0F8/syxrHGr211hY34uUTBH2w76h93gJX7GmYGov2SUISbpK5Uiew==
- fontsource-noto-sans-tamil/5.0.7/latin-300.css: sha512-6tXszE6pheFxLwza4azyaz1MUFrVBrvmNxdTMU9eBUQQa8bVOksDnS/BiPcjD+AJb2rqifcJ/pbMAkgG0NAJ/Q==
- fontsource-noto-sans-tamil/5.0.7/latin-600.css: sha512-9XA1uRCt9K+ljuCV58fdvr4XiitEMAKNH+CZcEzzb3/YgklnIe2xycTuuYeaz0LP/MwcTTRNlSrJvHNtZHp5kA==
- fontsource-noto-sans-tamil/5.0.7/latin-ext-600.css: sha512-AbMWWAh7Uygiz6sKPxWOvTvSzXXPA7uKppXiHp4lti02/SdTUtfKiea5mUfPZZH4E6K91vl4onuWkoBgznVnUQ==
- fontsource-noto-sans-tamil/5.0.7/latin-ext-800.min.css: sha512-VHp1pp3+dc1S/Bejb4fO5BY28FlKVPrOmnjWrucjlmqrSZeLaV1nMaD+qLJyD8fyS4WFI4+gqSyxKRT5PN23HQ==
- fontsource-noto-sans-tamil/5.0.7/tamil-500.min.css: sha512-Ed1bsbz8lEk7rCzkzaFh8nGJXfdw8tZY48t2lY3cPqPHMTmuW+TzZto69axrzOQbIWpvjmHmGDJkXU9iDl+vYw==
- fontsource-noto-sans-tamil/5.0.7/200.css: sha512-JTJyyQ0WeZAUK7+AZWyVhB2oQ33DXHs0N73+62x38e25p9WuOVbgHFxUeCZJg1J020wHc8miijZH2CqoNyOg/A==
- fontsource-noto-sans-tamil/5.0.7/600.css: sha512-1/97skAgk0dvuHuF4nqxYf96Equ8ByYyanXuKeD6TLueTBnse50fn5ElUBXfLzIa8JwAgjnLZvYcms1LmZxw0g==
- fontsource-noto-sans-tamil/5.0.7/600.min.css: sha512-xQdd0wqTezK0wkq3LF0BmxH4a+TA/a8s6RBmcU7D6OWzKZQy6rhySgwEjhChwTsgpC3tn0PepMv4h94TM+wJLg==
- fontsource-noto-sans-tamil/5.0.7/latin-ext-100.min.css: sha512-/e2o/UWFeGJ4wT86lMPM8dgcdqHCCofCCqSlXXgpuZtSL/+w7McOkek7ZlRiqTgk5nqIJ56vwa48jj1AXCY3ng==
- fontsource-noto-sans-tamil/5.0.7/latin-ext-500.min.css: sha512-XdGv0v89Grh/FxH/+l6B36//XvKKMXI+rKUMNUi447paWYm0wS0Dk/rrzUZCE6Spxs/GQd9XteFea9o1w1ZOWw==
- fontsource-noto-sans-tamil/5.0.7/latin-ext-800.css: sha512-KgoOpx8esLwte4QyPyx5lLAHaflYSnZqnrJNN7GyYG9hV+mOt6f9tzlvOzV1o9fKDTOUvxLTQlzd1BJWpnjA3Q==
- fontsource-noto-sans-tamil/5.0.7/300.css: sha512-HbnGyvYJo03Q+g1Gt9PHIV5kj/J7eynWoLx6L24pkQMySiUvyZc5LkJrykRAsHiaCouRDklCRqT4whMusXmoXg==
- fontsource-noto-sans-tamil/5.0.7/500.css: sha512-pANLfNYliL7Pma6kbP2YReu/mpvxICPxwlPtsIR2CxSbMtk/i4Ob9OOj/tfXofjiR0mwDD/+F9xNJvJfFtinsg==
- fontsource-noto-sans-tamil/5.0.7/latin-400.min.css: sha512-fMhjiQRsQtrYmOMO47uOeqONeGPZJ1xZfSPgzo155SZDBFKb1D53sz86ecqEPLOKIDTHdRXta090mbAprVzCmw==
- fontsource-noto-sans-tamil/5.0.7/latin-ext-100.css: sha512-gIo6H3Ne+P+t8rHKwWQ9R10ofkWQJ583TTLVLPVzSXGSBGZjFEkqDAbmwpq4M4TD+KLJJUc+pfaICZjaq2ZR/g==
- fontsource-noto-sans-tamil/5.0.7/tamil-200.min.css: sha512-3sw920CreE8UcyF/MJphosHuLJkRkoB0rX/bOBeX7z0ZTaxNd8odrNiPme4Lutb3v29LIEenCtPVDWHMCDEy+Q==
- fontsource-noto-sans-tamil/5.0.7/tamil-600.min.css: sha512-HagTnZQWdKBRxhGrhZGZlGoh76yjr8WnFyEg7UaamBeuPy1/cZSHfmUAcf+EJtjbbvfRLgMJcskvjUDWkgy/xw==
- fontsource-noto-sans-tamil/5.0.7/tamil.min.css: sha512-I33eJ9Eq6Ea63cToyHKVd30Bcl5cVdOD9896PCS5/C4UFCulASm9mMC10aV2KncbU8QZ59nxXV/ZMbU205LbFA==
- fontsource-noto-sans-tamil/5.0.7/700.min.css: sha512-Zni0INdVKpA4iS5W5Zgk/Qu5Bu7hRI8IqNDEVbeK3gfNKykLuzIxz8Mm4g0G28xfolJa//1MbQFXNTFr1zbxTA==
- fontsource-noto-sans-tamil/5.0.7/latin-600.min.css: sha512-ZqczEct/sW++EbLIsRy3cTAQvj3abRrhYMwICV1wLcEzr/KvOsXc5Spzxc3JS2g+mmMy9uRGpfCQQ2JUfo/nlQ==
- fontsource-noto-sans-tamil/5.0.7/latin-ext-700.css: sha512-2X4bqCxn4cTmEPiZ8noXztG0TJBlBDBcajaOx7gNgFEyeAkL6UZdKsQRfS24SWqkwr1CEp1/tC8m/CfsdcHUtQ==
- fontsource-noto-sans-tamil/5.0.7/latin.css: sha512-Bh/iLIiKIxBLqEva9NqrTTFCsYsreE/sEyzjGu9elrGEfjm8kRj/ZS4JcJhqlBKz4Z4380A5sS0plVzAZ5AGCg==
- fontsource-noto-sans-tamil/5.0.7/800.min.css: sha512-sRX8KZ2BUZ0nsXjXdUWAo7+uXwsxIGzyBgUUA5mtyZlaCRwQKnzTSoDjlo3EdpP3yjKE9+AkieXkk/fCrlNW8A==
- fontsource-noto-sans-tamil/5.0.7/index.css: sha512-XhGTYzZOwDq29H8Ag8YJ7XYFb7uYAGqH3i4ZXHIMBwaHEdvIIKoEvGmZi68E+37FDdiFN1lkSu52LuqrcAEMSw==
- fontsource-noto-sans-tamil/5.0.7/latin-200.min.css: sha512-bMw6Im8qcHcHoR0WbsZ5iBO11gntBsY2dvE2xXZW07N2wGrYeLqWiwd5eX+CadryvAac6x7Clu2pZXD/iDJ9vg==
- fontsource-noto-sans-tamil/5.0.7/latin-500.min.css: sha512-9atE6dO407U6xSpKVIK6YAG0ylGpbioit4h80bxUIrHjluFCgXFw/NHI0A7TzMpiuYSwJD+ipYUjwpbV6a7iVQ==
- fontsource-noto-sans-tamil/5.0.7/latin-ext-300.min.css: sha512-UtP6mM0jTDSc/Nl4B1q/B43mzCjnNpFu/jFLdg4Q1cDv4lhJPtbVix4B/22Ozr9VDwIcGeO2qeo9LI2vsuhB3g==
- fontsource-noto-sans-tamil/5.0.7/latin-ext-400.css: sha512-HPcXTpaY0XyCCSp/OaTN1IOD4nO4PZBcitH3nhfpMHVczPa8DCRrEdhQkxYuU9XgBFzeIh5UAXeW7BQCbivI1Q==
- fontsource-noto-sans-tamil/5.0.7/latin.min.css: sha512-rUIUmOIoBU5qHrs6g8Uev0mnl5H7cxdgUoEiD2d+v872qzakQx5DxdA9pCQqq+rub6QGtLTQHkiVA7c22eYKYg==
- fontsource-noto-sans-tamil/5.0.7/latin-ext-600.min.css: sha512-X4in8TCti3N5HFdMA/z776l2iuT8qIdDGS1xeq4xwWsp+3NYPxrZXYbsYGxBQDJT9+AViDF9TcOToXomBZfDsQ==
- fontsource-noto-sans-tamil/5.0.7/tamil-300.min.css: sha512-bvSAp2fbgBLi7f3cKo7xnfZ9UsrBtrZeEI8ciPMMGoUFi0kzpm4Uri8c7aNbSDDU6KkA4vstNvvNdTR4y+Fp/A==
- fontsource-noto-sans-tamil/5.0.7/latin-700.css: sha512-Cz0WLuDNcG3CA5hTBvJGwj3k3oKM+ncWG65nSBIHV/qeMFuY6J81rMdtc2OIXT2drRru/1RrVntpFOqTtd+l8g==
- fontsource-noto-sans-tamil/5.0.7/latin-ext-500.css: sha512-2gzJkL2RiGg7jf2S6H8IkkMBqzDxZMfIT68TgAo2M5Ew8KmNmOw6X2ck981EeqMSYloE2mtkOUjNgGSkj02TAg==
- fontsource-noto-sans-tamil/5.0.7/tamil-600.css: sha512-LO2qsQHxpzUBiBqSVGfr+bCIJQlBni9Th/aKYRfQ2G9b1HnEmw+7VnGPXwSLWKfOLFtmu/+IUlViUewCGYqhkQ==
- fontsource-noto-sans-tamil/5.0.7/tamil-800.css: sha512-hx4clkA7Laft217FtjfBOYUfPd08V8kRBbRxFVl/2Cn39WxzZvrYP0ub7DXaVDf7XV/Icc4wPu/at51Ja1nvFg==
