Files:
- fontsource-rubik-microbe/5.0.5/400.css.br
- fontsource-rubik-microbe/5.0.5/400.css.gz
- fontsource-rubik-microbe/5.0.5/400.min.css.br
- fontsource-rubik-microbe/5.0.5/400.min.css.gz
- fontsource-rubik-microbe/5.0.5/cyrillic-400.css.br
- fontsource-rubik-microbe/5.0.5/cyrillic-400.css.gz
- fontsource-rubik-microbe/5.0.5/cyrillic-400.min.css.br
- fontsource-rubik-microbe/5.0.5/cyrillic-400.min.css.gz
- fontsource-rubik-microbe/5.0.5/cyrillic-ext-400.css.br
- fontsource-rubik-microbe/5.0.5/cyrillic-ext-400.css.gz
- fontsource-rubik-microbe/5.0.5/cyrillic-ext-400.min.css.br
- fontsource-rubik-microbe/5.0.5/cyrillic-ext-400.min.css.gz
- fontsource-rubik-microbe/5.0.5/cyrillic-ext.css.br
- fontsource-rubik-microbe/5.0.5/cyrillic-ext.css.gz
- fontsource-rubik-microbe/5.0.5/cyrillic-ext.min.css.br
- fontsource-rubik-microbe/5.0.5/cyrillic-ext.min.css.gz
- fontsource-rubik-microbe/5.0.5/cyrillic.css.br
- fontsource-rubik-microbe/5.0.5/cyrillic.css.gz
- fontsource-rubik-microbe/5.0.5/cyrillic.min.css.br
- fontsource-rubik-microbe/5.0.5/cyrillic.min.css.gz
- fontsource-rubik-microbe/5.0.5/files/rubik-microbe-cyrillic-400-normal.woff.br
- fontsource-rubik-microbe/5.0.5/files/rubik-microbe-cyrillic-400-normal.woff.gz
- fontsource-rubik-microbe/5.0.5/files/rubik-microbe-cyrillic-400-normal.woff2
- fontsource-rubik-microbe/5.0.5/files/rubik-microbe-cyrillic-ext-400-normal.woff.br
- fontsource-rubik-microbe/5.0.5/files/rubik-microbe-cyrillic-ext-400-normal.woff.gz
- fontsource-rubik-microbe/5.0.5/files/rubik-microbe-cyrillic-ext-400-normal.woff2
- fontsource-rubik-microbe/5.0.5/files/rubik-microbe-hebrew-400-normal.woff.br
- fontsource-rubik-microbe/5.0.5/files/rubik-microbe-hebrew-400-normal.woff.gz
- fontsource-rubik-microbe/5.0.5/files/rubik-microbe-hebrew-400-normal.woff2
- fontsource-rubik-microbe/5.0.5/files/rubik-microbe-latin-400-normal.woff.br
- fontsource-rubik-microbe/5.0.5/files/rubik-microbe-latin-400-normal.woff.gz
- fontsource-rubik-microbe/5.0.5/files/rubik-microbe-latin-400-normal.woff2
- fontsource-rubik-microbe/5.0.5/files/rubik-microbe-latin-ext-400-normal.woff.br
- fontsource-rubik-microbe/5.0.5/files/rubik-microbe-latin-ext-400-normal.woff.gz
- fontsource-rubik-microbe/5.0.5/files/rubik-microbe-latin-ext-400-normal.woff2
- fontsource-rubik-microbe/5.0.5/hebrew-400.css.br
- fontsource-rubik-microbe/5.0.5/hebrew-400.css.gz
- fontsource-rubik-microbe/5.0.5/hebrew-400.min.css.br
- fontsource-rubik-microbe/5.0.5/hebrew-400.min.css.gz
- fontsource-rubik-microbe/5.0.5/hebrew.css.br
- fontsource-rubik-microbe/5.0.5/hebrew.css.gz
- fontsource-rubik-microbe/5.0.5/hebrew.min.css.br
- fontsource-rubik-microbe/5.0.5/hebrew.min.css.gz
- fontsource-rubik-microbe/5.0.5/index.css.br
- fontsource-rubik-microbe/5.0.5/index.css.gz
- fontsource-rubik-microbe/5.0.5/index.min.css.br
- fontsource-rubik-microbe/5.0.5/index.min.css.gz
- fontsource-rubik-microbe/5.0.5/latin-400.css.br
- fontsource-rubik-microbe/5.0.5/latin-400.css.gz
- fontsource-rubik-microbe/5.0.5/latin-400.min.css.br
- fontsource-rubik-microbe/5.0.5/latin-400.min.css.gz
- fontsource-rubik-microbe/5.0.5/latin-ext-400.css.br
- fontsource-rubik-microbe/5.0.5/latin-ext-400.css.gz
- fontsource-rubik-microbe/5.0.5/latin-ext-400.min.css.br
- fontsource-rubik-microbe/5.0.5/latin-ext-400.min.css.gz
- fontsource-rubik-microbe/5.0.5/latin-ext.css.br
- fontsource-rubik-microbe/5.0.5/latin-ext.css.gz
- fontsource-rubik-microbe/5.0.5/latin-ext.min.css.br
- fontsource-rubik-microbe/5.0.5/latin-ext.min.css.gz
- fontsource-rubik-microbe/5.0.5/latin.css.br
- fontsource-rubik-microbe/5.0.5/latin.css.gz
- fontsource-rubik-microbe/5.0.5/latin.min.css.br
- fontsource-rubik-microbe/5.0.5/latin.min.css.gz
