Files:
- fontsource-patrick-hand-sc/5.0.19/400.css.gz
- fontsource-patrick-hand-sc/5.0.19/400.min.css.gz
- fontsource-patrick-hand-sc/5.0.19/files/patrick-hand-sc-latin-400-normal.woff.gz
- fontsource-patrick-hand-sc/5.0.19/files/patrick-hand-sc-latin-ext-400-normal.woff.gz
- fontsource-patrick-hand-sc/5.0.19/files/patrick-hand-sc-vietnamese-400-normal.woff.gz
- fontsource-patrick-hand-sc/5.0.19/index.css.gz
- fontsource-patrick-hand-sc/5.0.19/index.min.css.gz
- fontsource-patrick-hand-sc/5.0.19/latin-400.css.gz
- fontsource-patrick-hand-sc/5.0.19/latin-400.min.css.gz
- fontsource-patrick-hand-sc/5.0.19/latin-ext-400.css.gz
- fontsource-patrick-hand-sc/5.0.19/latin-ext-400.min.css.gz
- fontsource-patrick-hand-sc/5.0.19/latin-ext.css.gz
- fontsource-patrick-hand-sc/5.0.19/latin-ext.min.css.gz
- fontsource-patrick-hand-sc/5.0.19/latin.css.gz
- fontsource-patrick-hand-sc/5.0.19/latin.min.css.gz
- fontsource-patrick-hand-sc/5.0.19/vietnamese-400.css.gz
- fontsource-patrick-hand-sc/5.0.19/vietnamese-400.min.css.gz
- fontsource-patrick-hand-sc/5.0.19/vietnamese.css.gz
- fontsource-patrick-hand-sc/5.0.19/vietnamese.min.css.gz
