config: {"authors":[{"name":"Hyunje Alex Jun","email":"me@noraesae.net"}],"autoupdate":{"source":"git","target":"git://github.com/mdbootstrap/perfect-scrollbar.git","fileMap":[{"basePath":"dist","files":["*.js"]},{"basePath":"","files":["css/*.css"]}]},"description":"Minimalistic but perfect custom scrollbar plugin","filename":"perfect-scrollbar.min.js","homepage":"https://mdbootstrap.com/freebies/perfect-scrollbar/","keywords":["jquery-plugin","frontend","scroll","scrollbar"],"license":"MIT","name":"perfect-scrollbar","repository":{"type":"git","url":"https://github.com/mdbootstrap/perfect-scrollbar"},"author":"Hyunje Alex Jun \u003cme@noraesae.net\u003e"}
KV keys:
- perfect-scrollbar/1.4.0/css/perfect-scrollbar.css.br
- perfect-scrollbar/1.4.0/css/perfect-scrollbar.css.gz
- perfect-scrollbar/1.4.0/css/perfect-scrollbar.min.css.br
- perfect-scrollbar/1.4.0/css/perfect-scrollbar.min.css.gz
- perfect-scrollbar/1.4.0/perfect-scrollbar.common.js.br
- perfect-scrollbar/1.4.0/perfect-scrollbar.common.js.gz
- perfect-scrollbar/1.4.0/perfect-scrollbar.common.min.js.br
- perfect-scrollbar/1.4.0/perfect-scrollbar.common.min.js.gz
- perfect-scrollbar/1.4.0/perfect-scrollbar.esm.js.br
- perfect-scrollbar/1.4.0/perfect-scrollbar.esm.js.gz
- perfect-scrollbar/1.4.0/perfect-scrollbar.esm.min.js.br
- perfect-scrollbar/1.4.0/perfect-scrollbar.esm.min.js.gz
- perfect-scrollbar/1.4.0/perfect-scrollbar.js.br
- perfect-scrollbar/1.4.0/perfect-scrollbar.js.gz
- perfect-scrollbar/1.4.0/perfect-scrollbar.min.js.br
- perfect-scrollbar/1.4.0/perfect-scrollbar.min.js.gz
SRIs:
- perfect-scrollbar/1.4.0/perfect-scrollbar.esm.js: sha512-wFek8JSL6qk+1rQjRB2dIo4JBb+0xTgAH/FT9yx84EeVraLNDxJYKfUmz/W82OHff82bz9llFCL+HfWF2mMF4w==
- perfect-scrollbar/1.4.0/perfect-scrollbar.esm.min.js: sha512-PFJ33O89KKTtJC0jFuZLr8o9SmhcGKfZk4E/MxZ2Y/J5veq/Tb1R9KqHt1kZF845T8TIRBY75jOU1n5duYcWzg==
- perfect-scrollbar/1.4.0/perfect-scrollbar.js: sha512-beZ80Z2JXi/RJd0wXcPZAzwkMU4EbADqyq8e/vleZpw3kFMcDEA3MLlwNB/aBJVRUFb7AeUqTR2OOo7Q4v4+jQ==
- perfect-scrollbar/1.4.0/perfect-scrollbar.min.js: sha512-NVS9nuD/Pe5bnCut63ZAJAj5Ly+I5V1LwyGGAtKg0BkXUhWu8CW96Xw5ZNQxvtCzZAH2di947UJ5xzzxaSAWlQ==
- perfect-scrollbar/1.4.0/css/perfect-scrollbar.css: sha512-2xznCEl5y5T5huJ2hCmwhvVtIGVF1j/aNUEJwi/BzpWPKEzsZPGpwnP1JrIMmjPpQaVicWOYVu8QvAIg9hwv9w==
- perfect-scrollbar/1.4.0/css/perfect-scrollbar.min.css: sha512-ygIxOy3hmN2fzGeNqys7ymuBgwSCet0LVfqQbWY10AszPMn2rB9JY0eoG0m1pySicu+nvORrBmhHVSt7+GI9VA==
- perfect-scrollbar/1.4.0/perfect-scrollbar.common.js: sha512-bt+xs/cGC4689UbIvvcs3dyzPSMrvqJk5wqruIK9LR5Wedr6aE2EmFkXA4vgfRW9K3FhhS+7pkyo9S2OoRKMvw==
- perfect-scrollbar/1.4.0/perfect-scrollbar.common.min.js: sha512-N/7CQX2KtUct33Ih7+xkwZ57sWcqI4jdaaGVn9e/9Flea0H9YL4/4LCMuQ75+hTidUSPwY5RPAxnk3tuE0uW8w==
