config: {"authors":[{"name":"Google Inc."}],"autoupdate":{"source":"npm","target":"@fontsource/press-start-2p","fileMap":[{"basePath":"","files":["*.css","files/*.@(woff|woff2)"]}],"excludeFromSearch":true},"description":"Self-host the Press Start 2P font in a neatly bundled NPM package.","filename":"index.css","homepage":"https://fontsource.org/fonts/press-start-2p","keywords":["fontsource","font","font family","google fonts","press-start-2p","Press Start 2P","css","sass","front-end","web","typeface","variable"],"license":"OFL-1.1","name":"fontsource-press-start-2p","repository":{"type":"git","url":"git+https://github.com/fontsource/font-files.git"},"author":"Google Inc."}
KV keys:
- fontsource-press-start-2p/5.0.14/400.css.br
- fontsource-press-start-2p/5.0.14/400.css.gz
- fontsource-press-start-2p/5.0.14/400.min.css.br
- fontsource-press-start-2p/5.0.14/400.min.css.gz
- fontsource-press-start-2p/5.0.14/cyrillic-400.css.br
- fontsource-press-start-2p/5.0.14/cyrillic-400.css.gz
- fontsource-press-start-2p/5.0.14/cyrillic-400.min.css.br
- fontsource-press-start-2p/5.0.14/cyrillic-400.min.css.gz
- fontsource-press-start-2p/5.0.14/cyrillic-ext-400.css.br
- fontsource-press-start-2p/5.0.14/cyrillic-ext-400.css.gz
- fontsource-press-start-2p/5.0.14/cyrillic-ext-400.min.css.br
- fontsource-press-start-2p/5.0.14/cyrillic-ext-400.min.css.gz
- fontsource-press-start-2p/5.0.14/cyrillic-ext.css.br
- fontsource-press-start-2p/5.0.14/cyrillic-ext.css.gz
- fontsource-press-start-2p/5.0.14/cyrillic-ext.min.css.br
- fontsource-press-start-2p/5.0.14/cyrillic-ext.min.css.gz
- fontsource-press-start-2p/5.0.14/cyrillic.css.br
- fontsource-press-start-2p/5.0.14/cyrillic.css.gz
- fontsource-press-start-2p/5.0.14/cyrillic.min.css.br
- fontsource-press-start-2p/5.0.14/cyrillic.min.css.gz
- fontsource-press-start-2p/5.0.14/files/press-start-2p-cyrillic-400-normal.woff.br
- fontsource-press-start-2p/5.0.14/files/press-start-2p-cyrillic-400-normal.woff.gz
- fontsource-press-start-2p/5.0.14/files/press-start-2p-cyrillic-400-normal.woff2
- fontsource-press-start-2p/5.0.14/files/press-start-2p-cyrillic-ext-400-normal.woff.br
- fontsource-press-start-2p/5.0.14/files/press-start-2p-cyrillic-ext-400-normal.woff.gz
- fontsource-press-start-2p/5.0.14/files/press-start-2p-cyrillic-ext-400-normal.woff2
- fontsource-press-start-2p/5.0.14/files/press-start-2p-greek-400-normal.woff.br
- fontsource-press-start-2p/5.0.14/files/press-start-2p-greek-400-normal.woff.gz
- fontsource-press-start-2p/5.0.14/files/press-start-2p-greek-400-normal.woff2
- fontsource-press-start-2p/5.0.14/files/press-start-2p-latin-400-normal.woff.br
- fontsource-press-start-2p/5.0.14/files/press-start-2p-latin-400-normal.woff.gz
- fontsource-press-start-2p/5.0.14/files/press-start-2p-latin-400-normal.woff2
- fontsource-press-start-2p/5.0.14/files/press-start-2p-latin-ext-400-normal.woff.br
- fontsource-press-start-2p/5.0.14/files/press-start-2p-latin-ext-400-normal.woff.gz
- fontsource-press-start-2p/5.0.14/files/press-start-2p-latin-ext-400-normal.woff2
- fontsource-press-start-2p/5.0.14/greek-400.css.br
- fontsource-press-start-2p/5.0.14/greek-400.css.gz
- fontsource-press-start-2p/5.0.14/greek-400.min.css.br
- fontsource-press-start-2p/5.0.14/greek-400.min.css.gz
- fontsource-press-start-2p/5.0.14/greek.css.br
- fontsource-press-start-2p/5.0.14/greek.css.gz
- fontsource-press-start-2p/5.0.14/greek.min.css.br
- fontsource-press-start-2p/5.0.14/greek.min.css.gz
- fontsource-press-start-2p/5.0.14/index.css.br
- fontsource-press-start-2p/5.0.14/index.css.gz
- fontsource-press-start-2p/5.0.14/index.min.css.br
- fontsource-press-start-2p/5.0.14/index.min.css.gz
- fontsource-press-start-2p/5.0.14/latin-400.css.br
- fontsource-press-start-2p/5.0.14/latin-400.css.gz
- fontsource-press-start-2p/5.0.14/latin-400.min.css.br
- fontsource-press-start-2p/5.0.14/latin-400.min.css.gz
- fontsource-press-start-2p/5.0.14/latin-ext-400.css.br
- fontsource-press-start-2p/5.0.14/latin-ext-400.css.gz
- fontsource-press-start-2p/5.0.14/latin-ext-400.min.css.br
- fontsource-press-start-2p/5.0.14/latin-ext-400.min.css.gz
- fontsource-press-start-2p/5.0.14/latin-ext.css.br
- fontsource-press-start-2p/5.0.14/latin-ext.css.gz
- fontsource-press-start-2p/5.0.14/latin-ext.min.css.br
- fontsource-press-start-2p/5.0.14/latin-ext.min.css.gz
- fontsource-press-start-2p/5.0.14/latin.css.br
- fontsource-press-start-2p/5.0.14/latin.css.gz
- fontsource-press-start-2p/5.0.14/latin.min.css.br
- fontsource-press-start-2p/5.0.14/latin.min.css.gz
SRIs:
- fontsource-press-start-2p/5.0.14/greek.css: sha512-xDrNvtvIwRaubulZWLbcNjJwgCpD2o8UM4DVVI4Pe+f5EtJQeSWDFz5ziTXPjKd919XQ4HUaFw5ZnYJomlTtbQ==
- fontsource-press-start-2p/5.0.14/latin-ext-400.min.css: sha512-4sAW3uwKxxtaXusu66hmMCf5qFu05m687T0PuLo2PDyVK1Be6x625V1avwif1vpHyk3e8DetbVTwu2Jm+WqU3Q==
- fontsource-press-start-2p/5.0.14/latin-ext.min.css: sha512-4sAW3uwKxxtaXusu66hmMCf5qFu05m687T0PuLo2PDyVK1Be6x625V1avwif1vpHyk3e8DetbVTwu2Jm+WqU3Q==
- fontsource-press-start-2p/5.0.14/latin.min.css: sha512-ZMc4IhGomaWFkrAvo17YQRXltphJOgoPwt1lAYxwiB2yhKrlq4jDxOS//rd80jLMGEiQ+4lGEhdsOpMai3osgA==
- fontsource-press-start-2p/5.0.14/cyrillic-400.css: sha512-bUodJeGuAfxDEuRvwVJLAB4nBjiXr31bQNavQf9w+GTc/lZkZP4xSQlxhoEny/kWwV8K1CPbqAgVey4Cp9+avQ==
- fontsource-press-start-2p/5.0.14/cyrillic-ext.min.css: sha512-L8eJ8NtFt1BQbG6Iz4fXE8eOBAFB3+p6IQ+gQuB9z52nVIvHfjrKmy0eg1MHhwac2A7meUiq/tlmgV1P2v5MaQ==
- fontsource-press-start-2p/5.0.14/cyrillic.min.css: sha512-87HH5/MrUZvicmj4EfsC+DSDkiCuYNt5bEuOedJtq/HXrWnJSGQ3g17APeoUdS/1NDTkUHQj04+DvK2PFuA+Lg==
- fontsource-press-start-2p/5.0.14/greek-400.min.css: sha512-TRql9G8IyJRz7MU0IKoEmWEtmZMZHT0Dh7U7Mv1TO/T0Z5yQ8Gi3mPtjXXoSORvwJh5sE4bVwgkRiDpOx7cumA==
- fontsource-press-start-2p/5.0.14/greek.min.css: sha512-TRql9G8IyJRz7MU0IKoEmWEtmZMZHT0Dh7U7Mv1TO/T0Z5yQ8Gi3mPtjXXoSORvwJh5sE4bVwgkRiDpOx7cumA==
- fontsource-press-start-2p/5.0.14/latin.css: sha512-aRTV5ctf0y66i+MpaGh4hSkcKMj7dalNrPDLqZ5IaB5PrdYoYqYAoS2SanBwAjg8djozw88AiOV06whD9lE9YQ==
- fontsource-press-start-2p/5.0.14/cyrillic-400.min.css: sha512-87HH5/MrUZvicmj4EfsC+DSDkiCuYNt5bEuOedJtq/HXrWnJSGQ3g17APeoUdS/1NDTkUHQj04+DvK2PFuA+Lg==
- fontsource-press-start-2p/5.0.14/cyrillic-ext.css: sha512-siayr4pV9vWkZYjFGjmUO9mxeD10YcjQlaDiPlsUwyUQRCrTytXaqdATF2WjP80rgUHqPEKbmjYY4PHOYK71dQ==
- fontsource-press-start-2p/5.0.14/cyrillic.css: sha512-bUodJeGuAfxDEuRvwVJLAB4nBjiXr31bQNavQf9w+GTc/lZkZP4xSQlxhoEny/kWwV8K1CPbqAgVey4Cp9+avQ==
- fontsource-press-start-2p/5.0.14/greek-400.css: sha512-xDrNvtvIwRaubulZWLbcNjJwgCpD2o8UM4DVVI4Pe+f5EtJQeSWDFz5ziTXPjKd919XQ4HUaFw5ZnYJomlTtbQ==
- fontsource-press-start-2p/5.0.14/latin-ext.css: sha512-AbgEi+WAlOpWdjSKnwDosDPE/VrM9Rl+l2pyvV7Z9g/coYg4zzpCU/Gfuiomc4Et8FmEuOJD9eqGBizj1ZzbBA==
- fontsource-press-start-2p/5.0.14/400.css: sha512-cpHxPGnLDEajQ09xxlxhubvsoSChHTVKT1Z+3r2M6Xj5KpyjdrdcFLhOiEwMQm257VCN7rBDcxG4w4UXWWp0Zg==
- fontsource-press-start-2p/5.0.14/latin-400.css: sha512-aRTV5ctf0y66i+MpaGh4hSkcKMj7dalNrPDLqZ5IaB5PrdYoYqYAoS2SanBwAjg8djozw88AiOV06whD9lE9YQ==
- fontsource-press-start-2p/5.0.14/latin-400.min.css: sha512-ZMc4IhGomaWFkrAvo17YQRXltphJOgoPwt1lAYxwiB2yhKrlq4jDxOS//rd80jLMGEiQ+4lGEhdsOpMai3osgA==
- fontsource-press-start-2p/5.0.14/latin-ext-400.css: sha512-AbgEi+WAlOpWdjSKnwDosDPE/VrM9Rl+l2pyvV7Z9g/coYg4zzpCU/Gfuiomc4Et8FmEuOJD9eqGBizj1ZzbBA==
- fontsource-press-start-2p/5.0.14/index.min.css: sha512-hBNR5c3+R26yDlz620H0ikysfhGsSwLTVWfTh+SBTrIJ03gAesWB4BuXYVSrYVdK8S1iecNf4i4U0BbTl+NHCw==
- fontsource-press-start-2p/5.0.14/400.min.css: sha512-hBNR5c3+R26yDlz620H0ikysfhGsSwLTVWfTh+SBTrIJ03gAesWB4BuXYVSrYVdK8S1iecNf4i4U0BbTl+NHCw==
- fontsource-press-start-2p/5.0.14/cyrillic-ext-400.css: sha512-siayr4pV9vWkZYjFGjmUO9mxeD10YcjQlaDiPlsUwyUQRCrTytXaqdATF2WjP80rgUHqPEKbmjYY4PHOYK71dQ==
- fontsource-press-start-2p/5.0.14/cyrillic-ext-400.min.css: sha512-L8eJ8NtFt1BQbG6Iz4fXE8eOBAFB3+p6IQ+gQuB9z52nVIvHfjrKmy0eg1MHhwac2A7meUiq/tlmgV1P2v5MaQ==
- fontsource-press-start-2p/5.0.14/index.css: sha512-cpHxPGnLDEajQ09xxlxhubvsoSChHTVKT1Z+3r2M6Xj5KpyjdrdcFLhOiEwMQm257VCN7rBDcxG4w4UXWWp0Zg==
