Files:
- ruffle-rs/0.1.0-nightly.2024.8.3/6bf42a910f9b7f52e87b.wasm.br
- ruffle-rs/0.1.0-nightly.2024.8.3/6bf42a910f9b7f52e87b.wasm.gz
- ruffle-rs/0.1.0-nightly.2024.8.3/851176fb88d7b87a5cf8.wasm.br
- ruffle-rs/0.1.0-nightly.2024.8.3/851176fb88d7b87a5cf8.wasm.gz
- ruffle-rs/0.1.0-nightly.2024.8.3/core.ruffle.30eb442262799967548d.js.br
- ruffle-rs/0.1.0-nightly.2024.8.3/core.ruffle.30eb442262799967548d.js.gz
- ruffle-rs/0.1.0-nightly.2024.8.3/core.ruffle.30eb442262799967548d.js.sri
- ruffle-rs/0.1.0-nightly.2024.8.3/core.ruffle.30eb442262799967548d.min.js.br
- ruffle-rs/0.1.0-nightly.2024.8.3/core.ruffle.30eb442262799967548d.min.js.gz
- ruffle-rs/0.1.0-nightly.2024.8.3/core.ruffle.30eb442262799967548d.min.js.sri
- ruffle-rs/0.1.0-nightly.2024.8.3/core.ruffle.d28f63e7e837ec29c866.js.br
- ruffle-rs/0.1.0-nightly.2024.8.3/core.ruffle.d28f63e7e837ec29c866.js.gz
- ruffle-rs/0.1.0-nightly.2024.8.3/core.ruffle.d28f63e7e837ec29c866.js.sri
- ruffle-rs/0.1.0-nightly.2024.8.3/core.ruffle.d28f63e7e837ec29c866.min.js.br
- ruffle-rs/0.1.0-nightly.2024.8.3/core.ruffle.d28f63e7e837ec29c866.min.js.gz
- ruffle-rs/0.1.0-nightly.2024.8.3/core.ruffle.d28f63e7e837ec29c866.min.js.sri
- ruffle-rs/0.1.0-nightly.2024.8.3/ruffle.js.br
- ruffle-rs/0.1.0-nightly.2024.8.3/ruffle.js.gz
- ruffle-rs/0.1.0-nightly.2024.8.3/ruffle.js.sri
- ruffle-rs/0.1.0-nightly.2024.8.3/ruffle.min.js.br
- ruffle-rs/0.1.0-nightly.2024.8.3/ruffle.min.js.gz
- ruffle-rs/0.1.0-nightly.2024.8.3/ruffle.min.js.sri
