config: {"authors":[{"name":"tangjinzhou","email":"415800467@qq.com"}],"autoupdate":{"source":"npm","target":"ant-design-vue","fileMap":[{"basePath":"dist","files":["**/*"]}]},"description":"An enterprise-class UI design language and Vue-based implementation","filename":"antd.min.js","homepage":"https://www.antdv.com","keywords":["ant","design","antd","vue","vueComponent","component","components","ui","framework","frontend"],"license":"MIT","name":"ant-design-vue","repository":{"type":"git","url":"git+https://github.com/vueComponent/ant-design-vue.git"},"author":"tangjinzhou \u003c415800467@qq.com\u003e"}
KV keys:
- ant-design-vue/4.0.1/antd-with-locales.js.br
- ant-design-vue/4.0.1/antd-with-locales.js.gz
- ant-design-vue/4.0.1/antd-with-locales.js.map.br
- ant-design-vue/4.0.1/antd-with-locales.js.map.gz
- ant-design-vue/4.0.1/antd-with-locales.min.js.LICENSE.txt.br
- ant-design-vue/4.0.1/antd-with-locales.min.js.LICENSE.txt.gz
- ant-design-vue/4.0.1/antd-with-locales.min.js.br
- ant-design-vue/4.0.1/antd-with-locales.min.js.gz
- ant-design-vue/4.0.1/antd-with-locales.min.js.map.br
- ant-design-vue/4.0.1/antd-with-locales.min.js.map.gz
- ant-design-vue/4.0.1/antd.js.br
- ant-design-vue/4.0.1/antd.js.gz
- ant-design-vue/4.0.1/antd.js.map.br
- ant-design-vue/4.0.1/antd.js.map.gz
- ant-design-vue/4.0.1/antd.min.js.LICENSE.txt.br
- ant-design-vue/4.0.1/antd.min.js.LICENSE.txt.gz
- ant-design-vue/4.0.1/antd.min.js.br
- ant-design-vue/4.0.1/antd.min.js.gz
- ant-design-vue/4.0.1/antd.min.js.map.br
- ant-design-vue/4.0.1/antd.min.js.map.gz
- ant-design-vue/4.0.1/reset.css.br
- ant-design-vue/4.0.1/reset.css.gz
- ant-design-vue/4.0.1/reset.min.css.br
- ant-design-vue/4.0.1/reset.min.css.gz
SRIs:
- ant-design-vue/4.0.1/antd.js: sha512-yaVkSthh2CeMoEz52i9qSO4v0M7LR936x9A91JyqQkJ6Abyfo8Te2TQZbxn37iP9xnrgh7rmvA1B6hv+bAm9Bg==
- ant-design-vue/4.0.1/antd.min.js: sha512-Rh9O/XaeCRJQmuewABhOADEX/KICbDSU+Yw3wPfsk180gplEouzh+sbGrpI4vF68F5DpAuAUXrRUsNU6nIv/0A==
- ant-design-vue/4.0.1/reset.css: sha512-pZC2IRT+WsRU/IqN5Bhe0rqQVQUOOQhMrChWriipYy+lcncFKe9C+7p+CI2bz+jqlMAxOulcioNxbvZcsD7erw==
- ant-design-vue/4.0.1/reset.min.css: sha512-vw1Eh0YXwSfFcRPIxtAvonjwHTEqKqwq7ucziF/ZCMEzRlmECgzmGSIHecwetYQXMUE1AL4mlxI7OCt38WvOgw==
- ant-design-vue/4.0.1/antd-with-locales.js: sha512-+vHtuxbqVf1VMtBoUZYjffDo7Ww9DRcgyXKJREX/xri0XUH+nKYfieRrl4mLo5dk77bYi741CKfjjNuJTPW2Jg==
- ant-design-vue/4.0.1/antd-with-locales.min.js: sha512-+3TvQ4Mt+vxY1/HdHr0hqiXuhTq/uOneWW6I01G3SRoMMswb/uS789zeIo6MaV4nFut5biQnRCFkDfrOC6Vgvg==
