Files:
- fontsource-water-brush/5.0.7/400.css.br
- fontsource-water-brush/5.0.7/400.min.css.br
- fontsource-water-brush/5.0.7/files/water-brush-latin-400-normal.woff.br
- fontsource-water-brush/5.0.7/files/water-brush-latin-ext-400-normal.woff.br
- fontsource-water-brush/5.0.7/files/water-brush-vietnamese-400-normal.woff.br
- fontsource-water-brush/5.0.7/index.css.br
- fontsource-water-brush/5.0.7/index.min.css.br
- fontsource-water-brush/5.0.7/latin-400.css.br
- fontsource-water-brush/5.0.7/latin-400.min.css.br
- fontsource-water-brush/5.0.7/latin-ext-400.css.br
- fontsource-water-brush/5.0.7/latin-ext-400.min.css.br
- fontsource-water-brush/5.0.7/latin-ext.css.br
- fontsource-water-brush/5.0.7/latin-ext.min.css.br
- fontsource-water-brush/5.0.7/latin.css.br
- fontsource-water-brush/5.0.7/latin.min.css.br
- fontsource-water-brush/5.0.7/vietnamese-400.css.br
- fontsource-water-brush/5.0.7/vietnamese-400.min.css.br
- fontsource-water-brush/5.0.7/vietnamese.css.br
- fontsource-water-brush/5.0.7/vietnamese.min.css.br
