Files:
- fontsource-noto-sans-pau-cin-hau/5.0.3/400.css.br
- fontsource-noto-sans-pau-cin-hau/5.0.3/400.min.css.br
- fontsource-noto-sans-pau-cin-hau/5.0.3/files/noto-sans-pau-cin-hau-latin-400-normal.woff.br
- fontsource-noto-sans-pau-cin-hau/5.0.3/files/noto-sans-pau-cin-hau-latin-ext-400-normal.woff.br
- fontsource-noto-sans-pau-cin-hau/5.0.3/files/noto-sans-pau-cin-hau-pau-cin-hau-400-normal.woff.br
- fontsource-noto-sans-pau-cin-hau/5.0.3/index.css.br
- fontsource-noto-sans-pau-cin-hau/5.0.3/index.min.css.br
- fontsource-noto-sans-pau-cin-hau/5.0.3/latin-400.css.br
- fontsource-noto-sans-pau-cin-hau/5.0.3/latin-400.min.css.br
- fontsource-noto-sans-pau-cin-hau/5.0.3/latin-ext-400.css.br
- fontsource-noto-sans-pau-cin-hau/5.0.3/latin-ext-400.min.css.br
- fontsource-noto-sans-pau-cin-hau/5.0.3/latin-ext.css.br
- fontsource-noto-sans-pau-cin-hau/5.0.3/latin-ext.min.css.br
- fontsource-noto-sans-pau-cin-hau/5.0.3/latin.css.br
- fontsource-noto-sans-pau-cin-hau/5.0.3/latin.min.css.br
- fontsource-noto-sans-pau-cin-hau/5.0.3/pau-cin-hau-400.css.br
- fontsource-noto-sans-pau-cin-hau/5.0.3/pau-cin-hau-400.min.css.br
- fontsource-noto-sans-pau-cin-hau/5.0.3/pau-cin-hau.css.br
- fontsource-noto-sans-pau-cin-hau/5.0.3/pau-cin-hau.min.css.br
