config: {"authors":[{"name":"Google Inc."}],"autoupdate":{"source":"npm","target":"@fontsource/gideon-roman","fileMap":[{"basePath":"","files":["*.css","files/*.@(woff|woff2)"]}],"excludeFromSearch":true},"description":"Self-host the Gideon Roman font in a neatly bundled NPM package.","filename":"index.css","homepage":"https://fontsource.org/fonts/gideon-roman","keywords":["fontsource","font","font family","google fonts","gideon-roman","Gideon Roman","css","sass","front-end","web","typeface","variable"],"license":"OFL-1.1","name":"fontsource-gideon-roman","repository":{"type":"git","url":"git+https://github.com/fontsource/font-files.git"},"author":"Google Inc."}
KV keys:
- fontsource-gideon-roman/4.5.7/400.css.br
- fontsource-gideon-roman/4.5.7/400.css.gz
- fontsource-gideon-roman/4.5.7/400.min.css.br
- fontsource-gideon-roman/4.5.7/400.min.css.gz
- fontsource-gideon-roman/4.5.7/files/gideon-roman-all-400-normal.woff.br
- fontsource-gideon-roman/4.5.7/files/gideon-roman-all-400-normal.woff.gz
- fontsource-gideon-roman/4.5.7/files/gideon-roman-latin-400-normal.woff.br
- fontsource-gideon-roman/4.5.7/files/gideon-roman-latin-400-normal.woff.gz
- fontsource-gideon-roman/4.5.7/files/gideon-roman-latin-400-normal.woff2
- fontsource-gideon-roman/4.5.7/files/gideon-roman-latin-ext-400-normal.woff.br
- fontsource-gideon-roman/4.5.7/files/gideon-roman-latin-ext-400-normal.woff.gz
- fontsource-gideon-roman/4.5.7/files/gideon-roman-latin-ext-400-normal.woff2
- fontsource-gideon-roman/4.5.7/files/gideon-roman-vietnamese-400-normal.woff.br
- fontsource-gideon-roman/4.5.7/files/gideon-roman-vietnamese-400-normal.woff.gz
- fontsource-gideon-roman/4.5.7/files/gideon-roman-vietnamese-400-normal.woff2
- fontsource-gideon-roman/4.5.7/index.css.br
- fontsource-gideon-roman/4.5.7/index.css.gz
- fontsource-gideon-roman/4.5.7/index.min.css.br
- fontsource-gideon-roman/4.5.7/index.min.css.gz
- fontsource-gideon-roman/4.5.7/latin-400.css.br
- fontsource-gideon-roman/4.5.7/latin-400.css.gz
- fontsource-gideon-roman/4.5.7/latin-400.min.css.br
- fontsource-gideon-roman/4.5.7/latin-400.min.css.gz
- fontsource-gideon-roman/4.5.7/latin-ext-400.css.br
- fontsource-gideon-roman/4.5.7/latin-ext-400.css.gz
- fontsource-gideon-roman/4.5.7/latin-ext-400.min.css.br
- fontsource-gideon-roman/4.5.7/latin-ext-400.min.css.gz
- fontsource-gideon-roman/4.5.7/latin-ext.css.br
- fontsource-gideon-roman/4.5.7/latin-ext.css.gz
- fontsource-gideon-roman/4.5.7/latin-ext.min.css.br
- fontsource-gideon-roman/4.5.7/latin-ext.min.css.gz
- fontsource-gideon-roman/4.5.7/latin.css.br
- fontsource-gideon-roman/4.5.7/latin.css.gz
- fontsource-gideon-roman/4.5.7/latin.min.css.br
- fontsource-gideon-roman/4.5.7/latin.min.css.gz
- fontsource-gideon-roman/4.5.7/vietnamese-400.css.br
- fontsource-gideon-roman/4.5.7/vietnamese-400.css.gz
- fontsource-gideon-roman/4.5.7/vietnamese-400.min.css.br
- fontsource-gideon-roman/4.5.7/vietnamese-400.min.css.gz
- fontsource-gideon-roman/4.5.7/vietnamese.css.br
- fontsource-gideon-roman/4.5.7/vietnamese.css.gz
- fontsource-gideon-roman/4.5.7/vietnamese.min.css.br
- fontsource-gideon-roman/4.5.7/vietnamese.min.css.gz
SRIs:
- fontsource-gideon-roman/4.5.7/latin.css: sha512-V3qIc+zuDiWvBIF83zW81qMS2evwIbDJWTsk4zUW+NEzTvd1mc8AMPDGpzlTVcekI6hFmYFhEa3ROOdH8jVdgg==
- fontsource-gideon-roman/4.5.7/vietnamese-400.css: sha512-oYONiqISx3JD5e78XM83exw2JmyWuMc6KVGDwQBKHG5RTw8LwU8Y0Z3IYETqOwiGCJidHt9JCni5ui35kTXHAg==
- fontsource-gideon-roman/4.5.7/400.css: sha512-1pQdNMXDSk9hArzIyPwZ97ZZIrMALEZOFlERWsFidy5E3uuAr8OP9+EccizLgQtVtNv/RtxUPdvseuLgf7L+XQ==
- fontsource-gideon-roman/4.5.7/400.min.css: sha512-oCHiM4xtHISXf3l92i9KII9ggukFtf0EU/g30d6B65gHdrCM7dL2dabyCdShCFFVWGTwKzJYR3AdtVje2r9gLQ==
- fontsource-gideon-roman/4.5.7/latin-ext-400.css: sha512-PHvN5rSV7HXSzsHr0BDlONFBNnvC0tmBzx6he/X1eVtlI5FRrgs9WwC8ylZEy5CD66eMaqlMkzqSObvd2CbPcw==
- fontsource-gideon-roman/4.5.7/latin-ext-400.min.css: sha512-SqDxUPmYJmm7hR/oppdjvoh/hVC9NGo69FrR391F/bYjesnJzLxN3d6E4r/AP1wBnxXdrDJq0eMnUC0d8drESw==
- fontsource-gideon-roman/4.5.7/vietnamese.css: sha512-oYONiqISx3JD5e78XM83exw2JmyWuMc6KVGDwQBKHG5RTw8LwU8Y0Z3IYETqOwiGCJidHt9JCni5ui35kTXHAg==
- fontsource-gideon-roman/4.5.7/vietnamese.min.css: sha512-uI4vYHcZCqr0OjG67DSHiljeactZcB0i3jrhcmsKX4O7p5F9E/WWetA4dOLPbRBsYBS+/7PUilSgdEDl7bocPg==
- fontsource-gideon-roman/4.5.7/index.css: sha512-1pQdNMXDSk9hArzIyPwZ97ZZIrMALEZOFlERWsFidy5E3uuAr8OP9+EccizLgQtVtNv/RtxUPdvseuLgf7L+XQ==
- fontsource-gideon-roman/4.5.7/index.min.css: sha512-oCHiM4xtHISXf3l92i9KII9ggukFtf0EU/g30d6B65gHdrCM7dL2dabyCdShCFFVWGTwKzJYR3AdtVje2r9gLQ==
- fontsource-gideon-roman/4.5.7/latin-400.css: sha512-V3qIc+zuDiWvBIF83zW81qMS2evwIbDJWTsk4zUW+NEzTvd1mc8AMPDGpzlTVcekI6hFmYFhEa3ROOdH8jVdgg==
- fontsource-gideon-roman/4.5.7/latin-ext.css: sha512-PHvN5rSV7HXSzsHr0BDlONFBNnvC0tmBzx6he/X1eVtlI5FRrgs9WwC8ylZEy5CD66eMaqlMkzqSObvd2CbPcw==
- fontsource-gideon-roman/4.5.7/latin-ext.min.css: sha512-SqDxUPmYJmm7hR/oppdjvoh/hVC9NGo69FrR391F/bYjesnJzLxN3d6E4r/AP1wBnxXdrDJq0eMnUC0d8drESw==
- fontsource-gideon-roman/4.5.7/latin.min.css: sha512-+5tMPw7RAwaGcMJJueJqstfc9uDQtTZu+xys4d+6b3EJM3xJ2Rld2uqmQ4Acd88URvpl06n7/YBBfSMnBPCwjg==
- fontsource-gideon-roman/4.5.7/latin-400.min.css: sha512-+5tMPw7RAwaGcMJJueJqstfc9uDQtTZu+xys4d+6b3EJM3xJ2Rld2uqmQ4Acd88URvpl06n7/YBBfSMnBPCwjg==
- fontsource-gideon-roman/4.5.7/vietnamese-400.min.css: sha512-uI4vYHcZCqr0OjG67DSHiljeactZcB0i3jrhcmsKX4O7p5F9E/WWetA4dOLPbRBsYBS+/7PUilSgdEDl7bocPg==
