2023/06/03 14:00:49 ExtractTarGz: uknown type: 67 in pax_global_header
2023/06/03 14:00:49 optimizing files (Js true, Css true, Png true, Jpg true)
2023/06/03 14:00:50 copy /tmp/work/webfonts/JuliaMono-BoldLatin.woff2 -> /output/JuliaMono-BoldLatin.woff2
2023/06/03 14:00:50 copy /tmp/work/webfonts/JuliaMono-LightItalic.woff2 -> /output/JuliaMono-LightItalic.woff2
2023/06/03 14:00:50 copy /tmp/work/webfonts/JuliaMono-Bold.woff2 -> /output/JuliaMono-Bold.woff2
2023/06/03 14:00:50 copy /tmp/work/webfonts/JuliaMono-ExtraBold.woff2 -> /output/JuliaMono-ExtraBold.woff2
2023/06/03 14:00:50 copy /tmp/work/webfonts/JuliaMono-BoldItalic.woff2 -> /output/JuliaMono-BoldItalic.woff2
2023/06/03 14:00:50 copy /tmp/work/webfonts/JuliaMono-Light.woff2 -> /output/JuliaMono-Light.woff2
2023/06/03 14:00:50 copy /tmp/work/webfonts/JuliaMono-Black.woff2 -> /output/JuliaMono-Black.woff2
2023/06/03 14:00:50 copy /tmp/work/webfonts/JuliaMono-ExtraBoldItalic.woff2 -> /output/JuliaMono-ExtraBoldItalic.woff2
2023/06/03 14:00:50 copy /tmp/work/webfonts/JuliaMono-BlackItalic.woff2 -> /output/JuliaMono-BlackItalic.woff2
2023/06/03 14:00:50 compress: run /node_modules/clean-css-cli/bin/cleancss --compatibility --s0 -o /tmp/work/webfonts/juliamono-regular.min.css /tmp/work/webfonts/juliamono-regular.css
2023/06/03 14:00:50 copy /tmp/work/webfonts/JuliaMono-RegularLatin.woff2 -> /output/JuliaMono-RegularLatin.woff2
2023/06/03 14:00:50 compress: run /node_modules/clean-css-cli/bin/cleancss --compatibility --s0 -o /tmp/work/webfonts/juliamono.min.css /tmp/work/webfonts/juliamono.css
2023/06/03 14:00:50 copy /tmp/work/webfonts/JuliaMono-SemiBold.woff2 -> /output/JuliaMono-SemiBold.woff2
2023/06/03 14:00:50 copy /tmp/work/webfonts/JuliaMono-Regular.woff2 -> /output/JuliaMono-Regular.woff2
2023/06/03 14:00:50 copy /tmp/work/webfonts/JuliaMono-Medium.woff2 -> /output/JuliaMono-Medium.woff2
2023/06/03 14:00:50 copy /tmp/work/webfonts/JuliaMono-RegularItalic.woff2 -> /output/JuliaMono-RegularItalic.woff2
2023/06/03 14:00:50 copy /tmp/work/webfonts/JuliaMono-SemiBoldItalic.woff2 -> /output/JuliaMono-SemiBoldItalic.woff2
2023/06/03 14:00:50 copy /tmp/work/webfonts/JuliaMono-MediumItalic.woff2 -> /output/JuliaMono-MediumItalic.woff2
2023/06/03 14:00:50 sri /tmp/work/webfonts/juliamono-regular.min.css -> /output/juliamono-regular.min.css.sri
2023/06/03 14:00:50 algorithm: run /usr/bin/brotli --quality=11 --output=/output/juliamono-regular.min.css.br /tmp/work/webfonts/juliamono-regular.min.css
2023/06/03 14:00:50 br /tmp/work/webfonts/juliamono-regular.min.css -> /output/juliamono-regular.min.css.br
2023/06/03 14:00:50 gz /tmp/work/webfonts/juliamono-regular.min.css -> /output/juliamono-regular.min.css.gz
2023/06/03 14:00:50 sri /tmp/work/webfonts/juliamono-regular.css -> /output/juliamono-regular.css.sri
2023/06/03 14:00:50 algorithm: run /usr/bin/brotli --quality=11 --output=/output/juliamono-regular.css.br /tmp/work/webfonts/juliamono-regular.css
2023/06/03 14:00:50 br /tmp/work/webfonts/juliamono-regular.css -> /output/juliamono-regular.css.br
2023/06/03 14:00:50 gz /tmp/work/webfonts/juliamono-regular.css -> /output/juliamono-regular.css.gz
2023/06/03 14:00:50 sri /tmp/work/webfonts/juliamono.min.css -> /output/juliamono.min.css.sri
2023/06/03 14:00:50 algorithm: run /usr/bin/brotli --quality=11 --output=/output/juliamono.min.css.br /tmp/work/webfonts/juliamono.min.css
2023/06/03 14:00:50 br /tmp/work/webfonts/juliamono.min.css -> /output/juliamono.min.css.br
2023/06/03 14:00:50 gz /tmp/work/webfonts/juliamono.min.css -> /output/juliamono.min.css.gz
2023/06/03 14:00:50 sri /tmp/work/webfonts/juliamono.css -> /output/juliamono.css.sri
2023/06/03 14:00:50 algorithm: run /usr/bin/brotli --quality=11 --output=/output/juliamono.css.br /tmp/work/webfonts/juliamono.css
2023/06/03 14:00:50 br /tmp/work/webfonts/juliamono.css -> /output/juliamono.css.br
2023/06/03 14:00:50 gz /tmp/work/webfonts/juliamono.css -> /output/juliamono.css.gz
2023/06/03 14:00:50 processed juliamono
