config: {"authors":[{"name":"Google Inc."}],"autoupdate":{"source":"npm","target":"@fontsource/scope-one","fileMap":[{"basePath":"","files":["*.css","files/*.@(woff|woff2)"]}],"excludeFromSearch":true},"description":"Self-host the Scope One font in a neatly bundled NPM package.","filename":"index.css","homepage":"https://fontsource.org/fonts/scope-one","keywords":["fontsource","font","font family","google fonts","scope-one","Scope One","css","sass","front-end","web","typeface","variable"],"license":"OFL-1.1","name":"fontsource-scope-one","repository":{"type":"git","url":"git+https://github.com/fontsource/font-files.git"},"author":"Google Inc."}
KV keys:
- fontsource-scope-one/5.0.12/400.css.br
- fontsource-scope-one/5.0.12/400.css.gz
- fontsource-scope-one/5.0.12/400.min.css.br
- fontsource-scope-one/5.0.12/400.min.css.gz
- fontsource-scope-one/5.0.12/files/scope-one-latin-400-normal.woff.br
- fontsource-scope-one/5.0.12/files/scope-one-latin-400-normal.woff.gz
- fontsource-scope-one/5.0.12/files/scope-one-latin-400-normal.woff2
- fontsource-scope-one/5.0.12/files/scope-one-latin-ext-400-normal.woff.br
- fontsource-scope-one/5.0.12/files/scope-one-latin-ext-400-normal.woff.gz
- fontsource-scope-one/5.0.12/files/scope-one-latin-ext-400-normal.woff2
- fontsource-scope-one/5.0.12/index.css.br
- fontsource-scope-one/5.0.12/index.css.gz
- fontsource-scope-one/5.0.12/index.min.css.br
- fontsource-scope-one/5.0.12/index.min.css.gz
- fontsource-scope-one/5.0.12/latin-400.css.br
- fontsource-scope-one/5.0.12/latin-400.css.gz
- fontsource-scope-one/5.0.12/latin-400.min.css.br
- fontsource-scope-one/5.0.12/latin-400.min.css.gz
- fontsource-scope-one/5.0.12/latin-ext-400.css.br
- fontsource-scope-one/5.0.12/latin-ext-400.css.gz
- fontsource-scope-one/5.0.12/latin-ext-400.min.css.br
- fontsource-scope-one/5.0.12/latin-ext-400.min.css.gz
- fontsource-scope-one/5.0.12/latin-ext.css.br
- fontsource-scope-one/5.0.12/latin-ext.css.gz
- fontsource-scope-one/5.0.12/latin-ext.min.css.br
- fontsource-scope-one/5.0.12/latin-ext.min.css.gz
- fontsource-scope-one/5.0.12/latin.css.br
- fontsource-scope-one/5.0.12/latin.css.gz
- fontsource-scope-one/5.0.12/latin.min.css.br
- fontsource-scope-one/5.0.12/latin.min.css.gz
SRIs:
- fontsource-scope-one/5.0.12/latin-ext.min.css: sha512-BOPIjtUkSqagxsfjxEpxKxdGL9BheZlV+43DwgJHpWoA9x/huKTKkiLIwVgDgdRJ+WO1msMDIk9A+l54IAqwrg==
- fontsource-scope-one/5.0.12/latin.min.css: sha512-H4vXFNqsQYhBVHb1W8zbQVLdjFwrsa7c4I2hkha7PeO7kLJlXtGzBE2HOroRgumhemLh9LV5LhNWmr5vkRF2TQ==
- fontsource-scope-one/5.0.12/index.css: sha512-KMQdV0xhtvlO/lX2nLPFp3I3MITFbh9Kyc3zSrNXNwKYH0AoxzJS0kVk4Enjqw+vBLQ0n8UIMm5qGDsQiruA7Q==
- fontsource-scope-one/5.0.12/latin-400.css: sha512-gYbhG+tXgG4NraKnWcZqiWzSydZoiVXZWRVBHrgDEVinMMSNkhS3q2ny3YmlGStwQHoqeDeHuCWKSQaxhuKVzg==
- fontsource-scope-one/5.0.12/latin-400.min.css: sha512-H4vXFNqsQYhBVHb1W8zbQVLdjFwrsa7c4I2hkha7PeO7kLJlXtGzBE2HOroRgumhemLh9LV5LhNWmr5vkRF2TQ==
- fontsource-scope-one/5.0.12/latin-ext-400.css: sha512-nO4jq46lGbelARsrh1bvCntQz7TMcbCyKkzco5Bx5W+b3srDCAyZveQX6kgmTFlT/MqMXSkNNrRvO9WD0RlilQ==
- fontsource-scope-one/5.0.12/latin-ext.css: sha512-nO4jq46lGbelARsrh1bvCntQz7TMcbCyKkzco5Bx5W+b3srDCAyZveQX6kgmTFlT/MqMXSkNNrRvO9WD0RlilQ==
- fontsource-scope-one/5.0.12/latin.css: sha512-gYbhG+tXgG4NraKnWcZqiWzSydZoiVXZWRVBHrgDEVinMMSNkhS3q2ny3YmlGStwQHoqeDeHuCWKSQaxhuKVzg==
- fontsource-scope-one/5.0.12/400.css: sha512-KMQdV0xhtvlO/lX2nLPFp3I3MITFbh9Kyc3zSrNXNwKYH0AoxzJS0kVk4Enjqw+vBLQ0n8UIMm5qGDsQiruA7Q==
- fontsource-scope-one/5.0.12/400.min.css: sha512-9yLoSGpgJBSoAYTz6dnUbNc7S8/3ZpcDdRB193zaUfWAKTltX3ep1Gc8z09BhIA9Y4uw4n20HiMKvyZAF41HOg==
- fontsource-scope-one/5.0.12/index.min.css: sha512-9yLoSGpgJBSoAYTz6dnUbNc7S8/3ZpcDdRB193zaUfWAKTltX3ep1Gc8z09BhIA9Y4uw4n20HiMKvyZAF41HOg==
- fontsource-scope-one/5.0.12/latin-ext-400.min.css: sha512-BOPIjtUkSqagxsfjxEpxKxdGL9BheZlV+43DwgJHpWoA9x/huKTKkiLIwVgDgdRJ+WO1msMDIk9A+l54IAqwrg==
