config: {"authors":[{"name":"Rollbar, Inc"}],"autoupdate":{"source":"git","target":"git://github.com/rollbar/rollbar.js.git","fileMap":[{"basePath":"dist","files":["**/*"]}]},"description":"Error tracking and logging from JS to Rollbar","filename":"rollbar.min.js","homepage":"https://rollbar.com","keywords":["errors","tracking","monitoring"],"license":"MIT","name":"rollbar.js","repository":{"type":"git","url":"http://github.com/rollbar/rollbar.js"},"author":"Rollbar, Inc"}
KV keys:
- rollbar.js/2.22.0/plugins/jquery.min.js.br
- rollbar.js/2.22.0/plugins/jquery.min.js.gz
- rollbar.js/2.22.0/rollbar.js.br
- rollbar.js/2.22.0/rollbar.js.gz
- rollbar.js/2.22.0/rollbar.js.map.br
- rollbar.js/2.22.0/rollbar.js.map.gz
- rollbar.js/2.22.0/rollbar.min.js.br
- rollbar.js/2.22.0/rollbar.min.js.gz
- rollbar.js/2.22.0/rollbar.min.js.map.br
- rollbar.js/2.22.0/rollbar.min.js.map.gz
- rollbar.js/2.22.0/rollbar.named-amd.js.br
- rollbar.js/2.22.0/rollbar.named-amd.js.gz
- rollbar.js/2.22.0/rollbar.named-amd.js.map.br
- rollbar.js/2.22.0/rollbar.named-amd.js.map.gz
- rollbar.js/2.22.0/rollbar.named-amd.min.js.br
- rollbar.js/2.22.0/rollbar.named-amd.min.js.gz
- rollbar.js/2.22.0/rollbar.named-amd.min.js.map.br
- rollbar.js/2.22.0/rollbar.named-amd.min.js.map.gz
- rollbar.js/2.22.0/rollbar.noconflict.umd.js.br
- rollbar.js/2.22.0/rollbar.noconflict.umd.js.gz
- rollbar.js/2.22.0/rollbar.noconflict.umd.js.map.br
- rollbar.js/2.22.0/rollbar.noconflict.umd.js.map.gz
- rollbar.js/2.22.0/rollbar.noconflict.umd.min.js.br
- rollbar.js/2.22.0/rollbar.noconflict.umd.min.js.gz
- rollbar.js/2.22.0/rollbar.noconflict.umd.min.js.map.br
- rollbar.js/2.22.0/rollbar.noconflict.umd.min.js.map.gz
- rollbar.js/2.22.0/rollbar.snippet.js.br
- rollbar.js/2.22.0/rollbar.snippet.js.gz
- rollbar.js/2.22.0/rollbar.snippet.min.js.br
- rollbar.js/2.22.0/rollbar.snippet.min.js.gz
- rollbar.js/2.22.0/rollbar.umd.js.br
- rollbar.js/2.22.0/rollbar.umd.js.gz
- rollbar.js/2.22.0/rollbar.umd.js.map.br
- rollbar.js/2.22.0/rollbar.umd.js.map.gz
- rollbar.js/2.22.0/rollbar.umd.min.js.br
- rollbar.js/2.22.0/rollbar.umd.min.js.gz
- rollbar.js/2.22.0/rollbar.umd.min.js.map.br
- rollbar.js/2.22.0/rollbar.umd.min.js.map.gz
SRIs:
- rollbar.js/2.22.0/rollbar.umd.js: sha512-CwswCaIUagAVaTA0eTHI/SCiRappXtlnj7U4aACzk36iOYqIg7ZvVPym30WE78IEe/F7cRDhLGJxGXiNUCmP4A==
- rollbar.js/2.22.0/plugins/jquery.min.js: sha512-HsyjG9uY+Hw8MRZ3aAUG32iQjSCZhBn8WcN4BdVzU3WpDrexXeZsisKnUupkGqMS2I5kpTTWGg7rIdxC8sciXg==
- rollbar.js/2.22.0/rollbar.min.js: sha512-+g5YnRpFUN3wk5dvxoYgMWMAHPn19pFS6ThCPz5ex4YI8GiFSgdgfKelY2UjzaQ4pIRnFijrt/X9keQpnSXZhw==
- rollbar.js/2.22.0/rollbar.named-amd.js: sha512-sUc/4y/VEbUP7uBAS4JKPVbLmnsoPLewSD/n6A+ZQEskmSPqOCZn0ndH54TWzWKr9/eS3hmLaQ3ZN/8ecAhyQw==
- rollbar.js/2.22.0/rollbar.noconflict.umd.min.js: sha512-v8kYAjmII2Spas7Ob74j4gIRCZyIt5DxCOOPuMwyWODUz17SQeHQXPdI0AVKc7EyVDCAhap4xu+rAp347ntNCQ==
- rollbar.js/2.22.0/rollbar.snippet.min.js: sha512-yShpT1zPBsIQRZqjKxmgTrZC188Hxj2b3bbDulvPINJYV1HomY9ZX7oWNJrJfgw7kF+rMygKyP6NRCTOvj+Ndw==
- rollbar.js/2.22.0/rollbar.js: sha512-u7BtJAQleMQ3hFA4YiMQt/tHvZRA1bZeszzsT6D347k6LO1I3dkYq8CPaJhHApV3dGvdRvnjkMHhvzc71OvGtw==
- rollbar.js/2.22.0/rollbar.named-amd.min.js: sha512-Hl63DL6cLNsai5eF21qIJK9+JydgXo79BOs7jlainyro4RKqSMjpQOpPb2kMwnD16MtxSOsi6Zk+oH51dvkHFw==
- rollbar.js/2.22.0/rollbar.noconflict.umd.js: sha512-fNJ4GYCYWLRHsh4fBZlsawSD8HF7jb3Y9xf26biu50Ra2QHC8fpz3WxWYRt56yFOa2PdatvrPaT0R7IkL/ynTQ==
- rollbar.js/2.22.0/rollbar.snippet.js: sha512-FpD232NEMynbKjKOLTDqqdQWETR3yeQ5+jJgVz6Y0QzwPhotRh42eZI3rcuwGXXFkn7G6m9isgRJWZM98VUs3w==
- rollbar.js/2.22.0/rollbar.umd.min.js: sha512-5RqniGkVRdKeD7X58Xf/ewJDXpIpnFsyGGyx4HD35QSzIRje6U8cHdjiY5tWrHRdIWGcXz5xhw+QM2gDoRhbTw==
