2023/10/15 18:33:55 optimizing files (Js true, Css true, Png true, Jpg true)
2023/10/15 18:33:55 compress: run /node_modules/uglify-js/bin/uglifyjs --mangle --compress if_return=true -o /tmp/work/umd/Recharts.min.js /tmp/work/umd/Recharts.js
2023/10/15 18:33:55 algorithm: run /usr/bin/brotli --quality=11 --output=/output/Recharts.js.map.br /tmp/work/umd/Recharts.js.map
2023/10/15 18:33:55 algorithm: run /usr/bin/brotli --quality=11 --output=/output/Recharts.js.LICENSE.txt.br /tmp/work/umd/Recharts.js.LICENSE.txt
2023/10/15 18:33:55 algorithm: run /usr/bin/brotli --quality=11 --output=/output/report.html.br /tmp/work/umd/report.html
2023/10/15 18:33:55 br /tmp/work/umd/Recharts.js.LICENSE.txt -> /output/Recharts.js.LICENSE.txt.br
2023/10/15 18:33:55 gz /tmp/work/umd/Recharts.js.LICENSE.txt -> /output/Recharts.js.LICENSE.txt.gz
2023/10/15 18:33:55 br /tmp/work/umd/report.html -> /output/report.html.br
2023/10/15 18:33:55 gz /tmp/work/umd/report.html -> /output/report.html.gz
2023/10/15 18:33:58 br /tmp/work/umd/Recharts.js.map -> /output/Recharts.js.map.br
2023/10/15 18:33:58 gz /tmp/work/umd/Recharts.js.map -> /output/Recharts.js.map.gz
2023/10/15 18:34:03 sri /tmp/work/umd/Recharts.min.js -> /output/Recharts.min.js.sri
2023/10/15 18:34:03 algorithm: run /usr/bin/brotli --quality=11 --output=/output/Recharts.min.js.br /tmp/work/umd/Recharts.min.js
2023/10/15 18:34:04 br /tmp/work/umd/Recharts.min.js -> /output/Recharts.min.js.br
2023/10/15 18:34:04 gz /tmp/work/umd/Recharts.min.js -> /output/Recharts.min.js.gz
2023/10/15 18:34:04 sri /tmp/work/umd/Recharts.js -> /output/Recharts.js.sri
2023/10/15 18:34:04 algorithm: run /usr/bin/brotli --quality=11 --output=/output/Recharts.js.br /tmp/work/umd/Recharts.js
2023/10/15 18:34:05 br /tmp/work/umd/Recharts.js -> /output/Recharts.js.br
2023/10/15 18:34:05 gz /tmp/work/umd/Recharts.js -> /output/Recharts.js.gz
2023/10/15 18:34:05 processed recharts
