config: {"authors":[{"name":"Facebook"}],"autoupdate":{"source":"npm","target":"react","fileMap":[{"basePath":"dist","files":["**/*"]},{"basePath":"","files":["+(cjs|umd)/**/*"]}],"ignoreVersions":["*-alpha.*[a-z]*","0.0.0-*"]},"description":"React is a JavaScript library for building user interfaces.","filename":"umd/react.production.min.js","homepage":"https://facebook.github.io/react/","keywords":["react","jsx","transformer","view"],"license":"MIT","name":"react","repository":{"type":"git","url":"https://github.com/facebook/react"},"author":"Facebook"}
KV keys:
- react/18.2.0-next-357a61324-20220516/cjs/react-jsx-dev-runtime.development.js.br
- react/18.2.0-next-357a61324-20220516/cjs/react-jsx-dev-runtime.development.js.gz
- react/18.2.0-next-357a61324-20220516/cjs/react-jsx-dev-runtime.development.min.js.br
- react/18.2.0-next-357a61324-20220516/cjs/react-jsx-dev-runtime.development.min.js.gz
- react/18.2.0-next-357a61324-20220516/cjs/react-jsx-dev-runtime.production.min.js.br
- react/18.2.0-next-357a61324-20220516/cjs/react-jsx-dev-runtime.production.min.js.gz
- react/18.2.0-next-357a61324-20220516/cjs/react-jsx-dev-runtime.profiling.min.js.br
- react/18.2.0-next-357a61324-20220516/cjs/react-jsx-dev-runtime.profiling.min.js.gz
- react/18.2.0-next-357a61324-20220516/cjs/react-jsx-runtime.development.js.br
- react/18.2.0-next-357a61324-20220516/cjs/react-jsx-runtime.development.js.gz
- react/18.2.0-next-357a61324-20220516/cjs/react-jsx-runtime.development.min.js.br
- react/18.2.0-next-357a61324-20220516/cjs/react-jsx-runtime.development.min.js.gz
- react/18.2.0-next-357a61324-20220516/cjs/react-jsx-runtime.production.min.js.br
- react/18.2.0-next-357a61324-20220516/cjs/react-jsx-runtime.production.min.js.gz
- react/18.2.0-next-357a61324-20220516/cjs/react-jsx-runtime.profiling.min.js.br
- react/18.2.0-next-357a61324-20220516/cjs/react-jsx-runtime.profiling.min.js.gz
- react/18.2.0-next-357a61324-20220516/cjs/react.development.js.br
- react/18.2.0-next-357a61324-20220516/cjs/react.development.js.gz
- react/18.2.0-next-357a61324-20220516/cjs/react.development.min.js.br
- react/18.2.0-next-357a61324-20220516/cjs/react.development.min.js.gz
- react/18.2.0-next-357a61324-20220516/cjs/react.production.min.js.br
- react/18.2.0-next-357a61324-20220516/cjs/react.production.min.js.gz
- react/18.2.0-next-357a61324-20220516/cjs/react.shared-subset.development.js.br
- react/18.2.0-next-357a61324-20220516/cjs/react.shared-subset.development.js.gz
- react/18.2.0-next-357a61324-20220516/cjs/react.shared-subset.development.min.js.br
- react/18.2.0-next-357a61324-20220516/cjs/react.shared-subset.development.min.js.gz
- react/18.2.0-next-357a61324-20220516/cjs/react.shared-subset.production.min.js.br
- react/18.2.0-next-357a61324-20220516/cjs/react.shared-subset.production.min.js.gz
- react/18.2.0-next-357a61324-20220516/umd/react.development.js.br
- react/18.2.0-next-357a61324-20220516/umd/react.development.js.gz
- react/18.2.0-next-357a61324-20220516/umd/react.development.min.js.br
- react/18.2.0-next-357a61324-20220516/umd/react.development.min.js.gz
- react/18.2.0-next-357a61324-20220516/umd/react.production.min.js.br
- react/18.2.0-next-357a61324-20220516/umd/react.production.min.js.gz
- react/18.2.0-next-357a61324-20220516/umd/react.profiling.min.js.br
- react/18.2.0-next-357a61324-20220516/umd/react.profiling.min.js.gz
SRIs:
- react/18.2.0-next-357a61324-20220516/cjs/react-jsx-dev-runtime.development.js: sha512-QP4RQ4QGVHF8Zal0gNDy81lpb2v0y+Cu01CGLUPrj5BJJ153XqCqqYFNJV5ylvIB9a/fYOzFhdKCvSnSaHEVcw==
- react/18.2.0-next-357a61324-20220516/cjs/react-jsx-runtime.production.min.js: sha512-FsiRds5HFptYMEUCaLc7x0WYqHWhGiLfPOsB0zjhxOq+QDe7vuAq4kQxR5ecdhcEsnCitnH/O3dPTfYH8kfkpg==
- react/18.2.0-next-357a61324-20220516/cjs/react.production.min.js: sha512-rNeEBe3OfrnJRPpL/nAZHWTSmbTx2RHjj6uGEeTdb473bvYMR8urOoz63LVsxisvICXOVaaYgYL+qzVQdkjgRg==
- react/18.2.0-next-357a61324-20220516/umd/react.development.js: sha512-yzA9tNfbJ5f0IGl4UpVu+8qFJnv6jW4V2soQZuQ1Qr24Vv6VTnWcNXhfSq3gYLRz96OciXtSX2fllLRx3L2+LQ==
- react/18.2.0-next-357a61324-20220516/cjs/react-jsx-dev-runtime.production.min.js: sha512-2dbLjJG+LUX3BS82pzXpQEVXHukNjWFkD6rYjJt675TdOFRbh+mkPqeEKZAtH/Ded+FWLv3z4pmLP6queUWLIQ==
- react/18.2.0-next-357a61324-20220516/cjs/react-jsx-runtime.development.js: sha512-PnqhdOULSUe9w1FBnZeZhvp0TZud950FV9mcaA3jJzDPia3+eZF3KnBb9PUtgkG/uZXbNRXaunth/2bGpJKZhA==
- react/18.2.0-next-357a61324-20220516/cjs/react-jsx-runtime.development.min.js: sha512-B/fQ45Ko41yAPyetoE7fDpKxXEPvFK/6fT6NkiW0C06fM+wb1oDoT/0PmC2qqg25kgMT84h9W6SAW+OlZOQJKA==
- react/18.2.0-next-357a61324-20220516/cjs/react.development.min.js: sha512-d/OB46jyUGgwnxat9y5Ux6eM/H/z4nGGgkvgr97v36e8/KiUgZtb5iVgQb7tLRzp9ZFRKIoPyNzy7+mHt3yKAw==
- react/18.2.0-next-357a61324-20220516/cjs/react.shared-subset.development.js: sha512-Otlx59GSHSD452hw0iWOmHaMjDNZEj+z8E/nOLi1ULjqYSKVb7DizrDxHEZPkEvG1ptq2+guBTXsYTLU3AO3Kg==
- react/18.2.0-next-357a61324-20220516/cjs/react.shared-subset.development.min.js: sha512-pkNWxKFs0bmSvhN/x42O7oWJv3jZ0zCBlP5Ky7IcBFRToaq/2FLX3zh+zdHLSc0+oU/+fRzxU/O/GQ1eQYgGKQ==
- react/18.2.0-next-357a61324-20220516/cjs/react.shared-subset.production.min.js: sha512-HnwKmFglwncab8DaqXAyHIJnu6qKuOOQ9qk5R6irWzlXoV42eC/BewJljCa+TrdNGr6/8a+Hbio5l4Y5/52WTg==
- react/18.2.0-next-357a61324-20220516/umd/react.development.min.js: sha512-Mac9qyJhJfy7Ep0Epuq8MQE1FR3osqqCKB3hvID6kJaMpqUYaruai0cor1R81uOMNLwQSLa6kaSaLQ6df3f8mw==
- react/18.2.0-next-357a61324-20220516/umd/react.production.min.js: sha512-SJWq3ItoKrs4piwTlr/EjIWWfuzn2ey1RS+7Zf5gHSCmKYIzzlBYYsHXLVruG6EzSRRztkUB12WQ3DHo+vUpYA==
- react/18.2.0-next-357a61324-20220516/cjs/react-jsx-dev-runtime.development.min.js: sha512-VXhF3yV2wz6fPLNmTbGzcjH6W1ZeGWZXGUpIthrE5wsV6t4ABjDMtRu/9Kw+M6PRRxAwJtCQ9lTp/9ujw1hOQw==
- react/18.2.0-next-357a61324-20220516/cjs/react-jsx-runtime.profiling.min.js: sha512-FgeIu4/NIGbMBdqMmUblAFzDR/WcBc1k+GfQw+sImTX5Na1srKaMNjMJMemu/tLygqUgCD3ecdGKlqzxyt56DA==
- react/18.2.0-next-357a61324-20220516/cjs/react.development.js: sha512-i3jmSPhzF6KKODTKIAcuPXkfKosMkykRp0Q1g594YP4268Zmb9ndebbC1ispblwP0ebOghBD1r2q3hoMd1Z4Bg==
- react/18.2.0-next-357a61324-20220516/cjs/react-jsx-dev-runtime.profiling.min.js: sha512-eDDv5BwYeqsMz9zl5n/BQtwBpQ3IdoUgQDvTyRR2k7SJjCJHB6Fbhd62JWHfNRCI3g5cyieq7UDaSmpzBQONWQ==
- react/18.2.0-next-357a61324-20220516/umd/react.profiling.min.js: sha512-E5rot4AS8eUeEQWF9PIQdIMScxbuqAk5zFO2NrhVZI+glC/qrZKcpR/5EF1cH6Zrn2wEueZpL7U0pb4HKITSxA==
