config: {"authors":[{"name":"Simon Guo","email":"simonguo.2009@gmail.com"}],"autoupdate":{"source":"npm","target":"rsuite","fileMap":[{"basePath":"dist","files":["**/*"]}]},"description":"A suite of react components","filename":"rsuite.min.js","homepage":"https://rsuitejs.com/","keywords":["react","rsuite","component","react-component"],"license":"MIT","name":"rsuite","repository":{"type":"git","url":"https://github.com/rsuite/rsuite.git"},"author":"Simon Guo \u003csimonguo.2009@gmail.com\u003e"}
KV keys:
- rsuite/5.67.0/rsuite-no-reset-rtl.css.br
- rsuite/5.67.0/rsuite-no-reset-rtl.css.gz
- rsuite/5.67.0/rsuite-no-reset-rtl.min.css.br
- rsuite/5.67.0/rsuite-no-reset-rtl.min.css.gz
- rsuite/5.67.0/rsuite-no-reset-rtl.min.css.map.br
- rsuite/5.67.0/rsuite-no-reset-rtl.min.css.map.gz
- rsuite/5.67.0/rsuite-no-reset.css.br
- rsuite/5.67.0/rsuite-no-reset.css.gz
- rsuite/5.67.0/rsuite-no-reset.min.css.br
- rsuite/5.67.0/rsuite-no-reset.min.css.gz
- rsuite/5.67.0/rsuite-no-reset.min.css.map.br
- rsuite/5.67.0/rsuite-no-reset.min.css.map.gz
- rsuite/5.67.0/rsuite-rtl.css.br
- rsuite/5.67.0/rsuite-rtl.css.gz
- rsuite/5.67.0/rsuite-rtl.min.css.br
- rsuite/5.67.0/rsuite-rtl.min.css.gz
- rsuite/5.67.0/rsuite-rtl.min.css.map.br
- rsuite/5.67.0/rsuite-rtl.min.css.map.gz
- rsuite/5.67.0/rsuite.css.br
- rsuite/5.67.0/rsuite.css.gz
- rsuite/5.67.0/rsuite.js.br
- rsuite/5.67.0/rsuite.js.gz
- rsuite/5.67.0/rsuite.js.map.br
- rsuite/5.67.0/rsuite.js.map.gz
- rsuite/5.67.0/rsuite.min.css.br
- rsuite/5.67.0/rsuite.min.css.gz
- rsuite/5.67.0/rsuite.min.css.map.br
- rsuite/5.67.0/rsuite.min.css.map.gz
- rsuite/5.67.0/rsuite.min.js.LICENSE.txt.br
- rsuite/5.67.0/rsuite.min.js.LICENSE.txt.gz
- rsuite/5.67.0/rsuite.min.js.br
- rsuite/5.67.0/rsuite.min.js.gz
- rsuite/5.67.0/rsuite.min.js.map.br
- rsuite/5.67.0/rsuite.min.js.map.gz
SRIs:
- rsuite/5.67.0/rsuite-rtl.min.css: sha512-4AmyXmCX4XDmQjMeUGL4KhxtEL7RoA6JWU2bqe/60kmw/nvQex6AMxk355KBtKsoNvOUHrvRbeKxM2tjN3N8+A==
- rsuite/5.67.0/rsuite.css: sha512-lN94q52e1x2fffzq2PNLthD8mrOMRX5/w2ToCOLTWt7Z779pM74FIp1gV3r+9xUFJMFFLRlKIQ04hDHw/hAkgQ==
- rsuite/5.67.0/rsuite.js: sha512-jODhehdWkx/PpL/d74zFq7wsQrAL+12qi8vZ477PssCypL9y5BbpOlH1ObebEpchG755jD6VsHBCF4C+4Wivjw==
- rsuite/5.67.0/rsuite.min.css: sha512-Abh1KhDPFr8Oi6WUUzR9qnA65/N20jtiyA3VHpxYexI8N73aCFbRHjKsAz70qSZRjUPuVqLJw99bWYYZTBVeuA==
- rsuite/5.67.0/rsuite-no-reset-rtl.css: sha512-eWs2sE2ZFAo7+9yhoAHrsiny3wWdvDNxXmRCCWoHPgmrh5Ka2xT+uilphSgojD/51ZrrRgQAv369YhIfFS76Aw==
- rsuite/5.67.0/rsuite-no-reset.min.css: sha512-77XADSD00bgVAsfud4/3klsJ9LlQcdnm7ZnrTyqxjYLNxBodH8znC3mbSn2cxCbKJJEn4VBBvY21XLG1RQACLg==
- rsuite/5.67.0/rsuite-rtl.css: sha512-06pPcYn2d7INf5nxmMTTDsV+6Mrta2lNsdOjotKjvrN0b9GLvfLpy68X612+v/OsUekAVndzNX/2FAKcG8Ngnw==
- rsuite/5.67.0/rsuite-no-reset-rtl.min.css: sha512-BEyS8inFqDgA3Tj2z2i068e+El8lHICG8h8ltEjNAgHCrZ+IvRCqbqql3ql1NMFHwaYg9L8bKR3EgU+NNanwLQ==
- rsuite/5.67.0/rsuite-no-reset.css: sha512-mD9SPpKA4EHfrhrO/htwANzXXt72KKWNI3tz4JRTzASktgwZWDphcvfslCwlK9etxqrs/bXnuUIr0zwp/2Eh0g==
- rsuite/5.67.0/rsuite.min.js: sha512-I0avnC+nZmWKzhyTMKIbmnEsel7/Ekw/D2NI4uXgby8wJAI1AGDcp+wObQKLLzvy1SFhjKl1s+dRigWVb58V5A==
