Files:
- fontsource-grape-nuts/5.0.16/400.css.br
- fontsource-grape-nuts/5.0.16/400.min.css.br
- fontsource-grape-nuts/5.0.16/files/grape-nuts-latin-400-normal.woff.br
- fontsource-grape-nuts/5.0.16/files/grape-nuts-latin-ext-400-normal.woff.br
- fontsource-grape-nuts/5.0.16/files/grape-nuts-vietnamese-400-normal.woff.br
- fontsource-grape-nuts/5.0.16/index.css.br
- fontsource-grape-nuts/5.0.16/index.min.css.br
- fontsource-grape-nuts/5.0.16/latin-400.css.br
- fontsource-grape-nuts/5.0.16/latin-400.min.css.br
- fontsource-grape-nuts/5.0.16/latin-ext-400.css.br
- fontsource-grape-nuts/5.0.16/latin-ext-400.min.css.br
- fontsource-grape-nuts/5.0.16/latin-ext.css.br
- fontsource-grape-nuts/5.0.16/latin-ext.min.css.br
- fontsource-grape-nuts/5.0.16/latin.css.br
- fontsource-grape-nuts/5.0.16/latin.min.css.br
- fontsource-grape-nuts/5.0.16/vietnamese-400.css.br
- fontsource-grape-nuts/5.0.16/vietnamese-400.min.css.br
- fontsource-grape-nuts/5.0.16/vietnamese.css.br
- fontsource-grape-nuts/5.0.16/vietnamese.min.css.br
