Files:
- fontsource-dorsa/4.5.5/400.css.br
- fontsource-dorsa/4.5.5/400.css.gz
- fontsource-dorsa/4.5.5/400.min.css.br
- fontsource-dorsa/4.5.5/400.min.css.gz
- fontsource-dorsa/4.5.5/files/dorsa-all-400-normal.woff.br
- fontsource-dorsa/4.5.5/files/dorsa-all-400-normal.woff.gz
- fontsource-dorsa/4.5.5/files/dorsa-latin-400-normal.woff.br
- fontsource-dorsa/4.5.5/files/dorsa-latin-400-normal.woff.gz
- fontsource-dorsa/4.5.5/files/dorsa-latin-400-normal.woff2
- fontsource-dorsa/4.5.5/index.css.br
- fontsource-dorsa/4.5.5/index.css.gz
- fontsource-dorsa/4.5.5/index.min.css.br
- fontsource-dorsa/4.5.5/index.min.css.gz
- fontsource-dorsa/4.5.5/latin-400.css.br
- fontsource-dorsa/4.5.5/latin-400.css.gz
- fontsource-dorsa/4.5.5/latin-400.min.css.br
- fontsource-dorsa/4.5.5/latin-400.min.css.gz
- fontsource-dorsa/4.5.5/latin.css.br
- fontsource-dorsa/4.5.5/latin.css.gz
- fontsource-dorsa/4.5.5/latin.min.css.br
- fontsource-dorsa/4.5.5/latin.min.css.gz
