config: {"authors":[{"name":"Google Inc."}],"autoupdate":{"source":"npm","target":"@fontsource/swanky-and-moo-moo","fileMap":[{"basePath":"","files":["*.css","files/*.@(woff|woff2)"]}],"excludeFromSearch":true},"description":"Self-host the Swanky and Moo Moo font in a neatly bundled NPM package.","filename":"index.css","homepage":"https://fontsource.org/fonts/swanky-and-moo-moo","keywords":["fontsource","font","font family","google fonts","swanky-and-moo-moo","Swanky and Moo Moo","css","sass","front-end","web","typeface","variable"],"license":"OFL-1.1","name":"fontsource-swanky-and-moo-moo","repository":{"type":"git","url":"git+https://github.com/fontsource/font-files.git"},"author":"Google Inc."}
KV keys:
- fontsource-swanky-and-moo-moo/5.0.8/400.css.br
- fontsource-swanky-and-moo-moo/5.0.8/400.css.gz
- fontsource-swanky-and-moo-moo/5.0.8/400.min.css.br
- fontsource-swanky-and-moo-moo/5.0.8/400.min.css.gz
- fontsource-swanky-and-moo-moo/5.0.8/files/swanky-and-moo-moo-latin-400-normal.woff.br
- fontsource-swanky-and-moo-moo/5.0.8/files/swanky-and-moo-moo-latin-400-normal.woff.gz
- fontsource-swanky-and-moo-moo/5.0.8/files/swanky-and-moo-moo-latin-400-normal.woff2
- fontsource-swanky-and-moo-moo/5.0.8/index.css.br
- fontsource-swanky-and-moo-moo/5.0.8/index.css.gz
- fontsource-swanky-and-moo-moo/5.0.8/index.min.css.br
- fontsource-swanky-and-moo-moo/5.0.8/index.min.css.gz
- fontsource-swanky-and-moo-moo/5.0.8/latin-400.css.br
- fontsource-swanky-and-moo-moo/5.0.8/latin-400.css.gz
- fontsource-swanky-and-moo-moo/5.0.8/latin-400.min.css.br
- fontsource-swanky-and-moo-moo/5.0.8/latin-400.min.css.gz
- fontsource-swanky-and-moo-moo/5.0.8/latin.css.br
- fontsource-swanky-and-moo-moo/5.0.8/latin.css.gz
- fontsource-swanky-and-moo-moo/5.0.8/latin.min.css.br
- fontsource-swanky-and-moo-moo/5.0.8/latin.min.css.gz
SRIs:
- fontsource-swanky-and-moo-moo/5.0.8/latin-400.min.css: sha512-S47KBea91FYfic9m/+sOD/eg3/Qp2eLfz/GIhiMImhwBLeh1+fkKGvBGy+9/rIwUQkldG7zv/qoumlXmmed4rA==
- fontsource-swanky-and-moo-moo/5.0.8/latin.css: sha512-5Z1e8j3p3BZJhXwNvxp/Hkqk2yGHf+Av063E0ntJZBD88Ymr+v/vQdteXs4mIW8lIHbOHbaj0CeWaiu0P5S6tQ==
- fontsource-swanky-and-moo-moo/5.0.8/latin.min.css: sha512-S47KBea91FYfic9m/+sOD/eg3/Qp2eLfz/GIhiMImhwBLeh1+fkKGvBGy+9/rIwUQkldG7zv/qoumlXmmed4rA==
- fontsource-swanky-and-moo-moo/5.0.8/400.css: sha512-Z2IkcnqEhqoqFiatkdb4s7TtRrslUksa8sqEC0zqKXk3YG+3PCiP5CECQHmLBZDw6YeWMUX4oC/1IXSfs7ylpQ==
- fontsource-swanky-and-moo-moo/5.0.8/400.min.css: sha512-k5w1JJlYErXPrB8LgSHf1ZiTj1gfMXiGVOCtEIZVu4iAd6wCKyQvZ+/ZvE1zj191O0wqpLYX8HOAWIJppUim4Q==
- fontsource-swanky-and-moo-moo/5.0.8/index.css: sha512-Z2IkcnqEhqoqFiatkdb4s7TtRrslUksa8sqEC0zqKXk3YG+3PCiP5CECQHmLBZDw6YeWMUX4oC/1IXSfs7ylpQ==
- fontsource-swanky-and-moo-moo/5.0.8/index.min.css: sha512-k5w1JJlYErXPrB8LgSHf1ZiTj1gfMXiGVOCtEIZVu4iAd6wCKyQvZ+/ZvE1zj191O0wqpLYX8HOAWIJppUim4Q==
- fontsource-swanky-and-moo-moo/5.0.8/latin-400.css: sha512-5Z1e8j3p3BZJhXwNvxp/Hkqk2yGHf+Av063E0ntJZBD88Ymr+v/vQdteXs4mIW8lIHbOHbaj0CeWaiu0P5S6tQ==
