config: {"authors":[{"name":"afc163","url":"https://github.com/afc163"}],"autoupdate":{"source":"npm","target":"antd","fileMap":[{"basePath":"dist","files":["**/*.!(less)"]}]},"description":"An UI design language","filename":"antd.min.js","homepage":"http://ant.design/","keywords":["ant","design","react","react-component","component","components","ui","framework","frontend"],"license":"MIT","name":"antd","repository":{"type":"git","url":"https://github.com/ant-design/ant-design"},"author":"afc163 (https://github.com/afc163)"}
KV keys:
- antd/4.19.1-alpha.0/antd-with-locales.js.br
- antd/4.19.1-alpha.0/antd-with-locales.js.gz
- antd/4.19.1-alpha.0/antd-with-locales.js.map.br
- antd/4.19.1-alpha.0/antd-with-locales.js.map.gz
- antd/4.19.1-alpha.0/antd-with-locales.min.js.br
- antd/4.19.1-alpha.0/antd-with-locales.min.js.gz
- antd/4.19.1-alpha.0/antd-with-locales.min.js.map.br
- antd/4.19.1-alpha.0/antd-with-locales.min.js.map.gz
- antd/4.19.1-alpha.0/antd.compact.css.br
- antd/4.19.1-alpha.0/antd.compact.css.gz
- antd/4.19.1-alpha.0/antd.compact.css.map.br
- antd/4.19.1-alpha.0/antd.compact.css.map.gz
- antd/4.19.1-alpha.0/antd.compact.less.br
- antd/4.19.1-alpha.0/antd.compact.less.gz
- antd/4.19.1-alpha.0/antd.compact.min.css.br
- antd/4.19.1-alpha.0/antd.compact.min.css.gz
- antd/4.19.1-alpha.0/antd.compact.min.css.map.br
- antd/4.19.1-alpha.0/antd.compact.min.css.map.gz
- antd/4.19.1-alpha.0/antd.css.br
- antd/4.19.1-alpha.0/antd.css.gz
- antd/4.19.1-alpha.0/antd.css.map.br
- antd/4.19.1-alpha.0/antd.css.map.gz
- antd/4.19.1-alpha.0/antd.dark.css.br
- antd/4.19.1-alpha.0/antd.dark.css.gz
- antd/4.19.1-alpha.0/antd.dark.css.map.br
- antd/4.19.1-alpha.0/antd.dark.css.map.gz
- antd/4.19.1-alpha.0/antd.dark.less.br
- antd/4.19.1-alpha.0/antd.dark.less.gz
- antd/4.19.1-alpha.0/antd.dark.min.css.br
- antd/4.19.1-alpha.0/antd.dark.min.css.gz
- antd/4.19.1-alpha.0/antd.dark.min.css.map.br
- antd/4.19.1-alpha.0/antd.dark.min.css.map.gz
- antd/4.19.1-alpha.0/antd.js.br
- antd/4.19.1-alpha.0/antd.js.gz
- antd/4.19.1-alpha.0/antd.js.map.br
- antd/4.19.1-alpha.0/antd.js.map.gz
- antd/4.19.1-alpha.0/antd.min.css.br
- antd/4.19.1-alpha.0/antd.min.css.gz
- antd/4.19.1-alpha.0/antd.min.css.map.br
- antd/4.19.1-alpha.0/antd.min.css.map.gz
- antd/4.19.1-alpha.0/antd.min.js.br
- antd/4.19.1-alpha.0/antd.min.js.gz
- antd/4.19.1-alpha.0/antd.min.js.map.br
- antd/4.19.1-alpha.0/antd.min.js.map.gz
- antd/4.19.1-alpha.0/antd.variable.css.br
- antd/4.19.1-alpha.0/antd.variable.css.gz
- antd/4.19.1-alpha.0/antd.variable.css.map.br
- antd/4.19.1-alpha.0/antd.variable.css.map.gz
- antd/4.19.1-alpha.0/antd.variable.less.br
- antd/4.19.1-alpha.0/antd.variable.less.gz
- antd/4.19.1-alpha.0/antd.variable.min.css.br
- antd/4.19.1-alpha.0/antd.variable.min.css.gz
- antd/4.19.1-alpha.0/antd.variable.min.css.map.br
- antd/4.19.1-alpha.0/antd.variable.min.css.map.gz
- antd/4.19.1-alpha.0/compact-theme.js.br
- antd/4.19.1-alpha.0/compact-theme.js.gz
- antd/4.19.1-alpha.0/compact-theme.min.js.br
- antd/4.19.1-alpha.0/compact-theme.min.js.gz
- antd/4.19.1-alpha.0/dark-theme.js.br
- antd/4.19.1-alpha.0/dark-theme.js.gz
- antd/4.19.1-alpha.0/dark-theme.min.js.br
- antd/4.19.1-alpha.0/dark-theme.min.js.gz
- antd/4.19.1-alpha.0/default-theme.js.br
- antd/4.19.1-alpha.0/default-theme.js.gz
- antd/4.19.1-alpha.0/default-theme.min.js.br
- antd/4.19.1-alpha.0/default-theme.min.js.gz
- antd/4.19.1-alpha.0/theme.js.br
- antd/4.19.1-alpha.0/theme.js.gz
- antd/4.19.1-alpha.0/theme.min.js.br
- antd/4.19.1-alpha.0/theme.min.js.gz
- antd/4.19.1-alpha.0/variable-theme.js.br
- antd/4.19.1-alpha.0/variable-theme.js.gz
- antd/4.19.1-alpha.0/variable-theme.min.js.br
- antd/4.19.1-alpha.0/variable-theme.min.js.gz
SRIs:
- antd/4.19.1-alpha.0/theme.js: sha512-B5n6XNQEySYrDXdJr2+j+f1WDvHYMTzL5RCCOKkzbUywZd09bQiTi8FYuGXMVyuzfesdsf3DvmtUWiXsAffukQ==
- antd/4.19.1-alpha.0/variable-theme.min.js: sha512-uLErFCrdmz3QL/ZYAHT7zPs6u4k/VuM0XRXDyoNsbN3thyWazyvVu78TcyfLfOzee66PVaBbTO7ZEZQ2nM/pHA==
- antd/4.19.1-alpha.0/antd.min.css: sha512-X951hZTpettbyeCj6MhOjjP6YYNhHFIqpKonWdHfoOpwt/6PD1r+upGSh6Mwcl3hqdShKMeM6cTNbWfLOMFpug==
- antd/4.19.1-alpha.0/antd.variable.min.css: sha512-8v8NhmmIGJxs2UnshdIR/HdBYbXklJJIXoCe5ZO/IA7B713gojKihlVg++2VG7eWSaVQ8sM9Aytegv8rVrMfBg==
- antd/4.19.1-alpha.0/default-theme.js: sha512-luDIvCpfIrbEXphTiM6UEPzzbYIn9jH1hmPMMYp4qzw+lO/i5aUJMYr9cu0OwAaa35/r6vVjb2puJDMabocmmw==
- antd/4.19.1-alpha.0/default-theme.min.js: sha512-SdggKaSx3RQJvJ8OiOKclp9FgVtEBuABGlmZ0LxQY88v2P8GLyyPgumHVwdEUrneDZcd+qBJx9texS317yvCOw==
- antd/4.19.1-alpha.0/compact-theme.js: sha512-K8ffRPPXE9XJw5AYihrObWAI28UPNKjtlVleEA0zzdQ851HHYat6cSdoBdp++ePRkq52LCEmPBTHu6NFhJr7zA==
- antd/4.19.1-alpha.0/compact-theme.min.js: sha512-vzd8I/Ao/SS1Ve0SOORWce4Cw+mp7+3yvIqz9HUUoiVTcmg4ocznhSS3fccNzaD/e1TpsWLNGgvhfeJHMLOqHA==
- antd/4.19.1-alpha.0/antd.compact.css: sha512-TrAU2WIt91dDx71ZoZUol2aWeXLYbPtjFc4FeQ5JFEzffSHZ2RIZUBXJksED2N1CvQS/fmvNN5Hv0fu6CeH4rQ==
- antd/4.19.1-alpha.0/antd.css: sha512-OaSgKFrcLX3II71OqYjgG7Vr7NjOq7QaHY1fyl8m2TKqC3Rzf/HQCCfWnmrueoo0dcH+/pMM3mpD0ja9IDcAOA==
- antd/4.19.1-alpha.0/antd.js: sha512-6hlEtK74E2vCTubYrxydyb4WQ94K7VhiZuVrm+AJJk6Jmi9eGyHTxsRYjmrJ8znxAu5eiWCx4AhwAgSmVJuXRw==
- antd/4.19.1-alpha.0/antd.variable.css: sha512-qgUlWFkuKSn9YJIXtCuQM30Ve3fj/Lo7qqUJFugAPokqffU1b25fqUEqyomBAXoBR0w0N9Q0T3UjB803v7Hmrw==
- antd/4.19.1-alpha.0/dark-theme.js: sha512-1kgqKA9mQ08xe8wL8Q2+fXKIm76hZObPkMdkyf/zbd5Y0WiyFDy0DGC+vp6NcAYJm7P6RtdpnBzzyXP08sMnrQ==
- antd/4.19.1-alpha.0/variable-theme.js: sha512-CyU3iIZncEZDoYbiWfhZmYSfLpki0JIDpraDl0Okyq0C5VzIWBx09v3zrIuiXbLb+MklVqb75QWprMoCbOKSNA==
- antd/4.19.1-alpha.0/antd-with-locales.min.js: sha512-2O6b4cyfxIVPuDiOwHwXsuHJxW1yt/oUZFl9CRfykyIr1Ge2kXePZ3Q/LFPGP6IRs92ZbimS5OgnARs+vWBSuQ==
- antd/4.19.1-alpha.0/antd.dark.css: sha512-DweWjQzqXupk3o9+Ha4xCA73vBTA2aj/ZYuX/Bm3fxlQxdACDfEiuqPZ2y7C0PMbQYrUNOTL+xlc4zsi4zwz1A==
- antd/4.19.1-alpha.0/antd.dark.min.css: sha512-EMvxomu8ZIhIo5VnVnsc2GZywDqTGi4ZH4xHeNC02XiCnhxuzicb/y1j/VmkVyKMFGNKCFA/Kw8Vh7C713swUA==
- antd/4.19.1-alpha.0/antd.min.js: sha512-YZdMlLQAXKnhrA1oTnXES7UcBjc2dka6Ry3LRhLwgGRGyJY0YadNLqpGlQ7WLNr+7wXni7xw+E9PTIXUBnC1AA==
- antd/4.19.1-alpha.0/antd-with-locales.js: sha512-Ej4WtSpjb5axAi8go+p1sTSIMRV5a3LQ+PjjJy1ZgoQ9jdITZeDQp1R0/1En9npl2UhwwhFs6nU9t+XvKLvkYA==
- antd/4.19.1-alpha.0/antd.compact.min.css: sha512-WB/jZfEXnyzGO7x4BFVIR7y8MB3h0iyKx0YJRGrp+fSNPzKDCSi8ilpgKXyiSWdaTwQyuw22y1zHoMjH66QFrg==
- antd/4.19.1-alpha.0/dark-theme.min.js: sha512-feGV6q+yAcWSZRZFqlOpFeYwOpwnB6pl80XA6nBHkIfFQiF0tGXR0V2zwvfUfrdLoI11/iXmcpKlYD9sz5PSVQ==
- antd/4.19.1-alpha.0/theme.min.js: sha512-3+nz5M54E1BxVrIGbRgaO/Ze/V60gUIHD02kVjweOpmGWDAEsecu7MnpBQ63wRsWfpbVj299F3cHDmYQCXg0kA==
