2023/05/27 20:36:44 optimizing files (Js true, Css true, Png true, Jpg true)
2023/05/27 20:36:44 compress: run /node_modules/clean-css-cli/bin/cleancss --compatibility --s0 -o /tmp/work/dist/style.min.css /tmp/work/dist/style.css
2023/05/27 20:36:44 compress: run /node_modules/uglify-js/bin/uglifyjs --mangle --compress if_return=true -o /tmp/work/dist/index.min.js /tmp/work/dist/index.js
2023/05/27 20:36:45 sri /tmp/work/dist/style.min.css -> /output/style.min.css.sri
2023/05/27 20:36:45 algorithm: run /usr/bin/brotli --quality=11 --output=/output/style.min.css.br /tmp/work/dist/style.min.css
2023/05/27 20:36:45 br /tmp/work/dist/style.min.css -> /output/style.min.css.br
2023/05/27 20:36:45 gz /tmp/work/dist/style.min.css -> /output/style.min.css.gz
2023/05/27 20:36:45 sri /tmp/work/dist/style.css -> /output/style.css.sri
2023/05/27 20:36:45 algorithm: run /usr/bin/brotli --quality=11 --output=/output/style.css.br /tmp/work/dist/style.css
2023/05/27 20:36:45 br /tmp/work/dist/style.css -> /output/style.css.br
2023/05/27 20:36:45 gz /tmp/work/dist/style.css -> /output/style.css.gz
2023/05/27 20:36:46 sri /tmp/work/dist/index.min.js -> /output/index.min.js.sri
2023/05/27 20:36:46 algorithm: run /usr/bin/brotli --quality=11 --output=/output/index.min.js.br /tmp/work/dist/index.min.js
2023/05/27 20:36:46 br /tmp/work/dist/index.min.js -> /output/index.min.js.br
2023/05/27 20:36:46 gz /tmp/work/dist/index.min.js -> /output/index.min.js.gz
2023/05/27 20:36:46 sri /tmp/work/dist/index.js -> /output/index.js.sri
2023/05/27 20:36:46 algorithm: run /usr/bin/brotli --quality=11 --output=/output/index.js.br /tmp/work/dist/index.js
2023/05/27 20:36:46 br /tmp/work/dist/index.js -> /output/index.js.br
2023/05/27 20:36:46 gz /tmp/work/dist/index.js -> /output/index.js.gz
2023/05/27 20:36:46 processed undraw-ui
