2022/11/02 16:30:38 ExtractTarGz: uknown type: 67 in pax_global_header
2022/11/02 16:30:38 optimizing files (Js true, Css true, Png true, Jpg true)
2022/11/02 16:30:38 compress: run /node_modules/uglify-js/bin/uglifyjs --mangle --compress if_return=true -o /tmp/work/dist/dflow.min.js /tmp/work/dist/dflow.js
2022/11/02 16:30:38 compress: run /node_modules/uglify-js/bin/uglifyjs --mangle --compress if_return=true -o /tmp/work/dist/nodes.min.js /tmp/work/dist/nodes.js
2022/11/02 16:30:38 algorithm: run /usr/bin/brotli --quality=11 --output=/output/dflow.d.ts.br /tmp/work/dist/dflow.d.ts
2022/11/02 16:30:38 br /tmp/work/dist/dflow.d.ts -> /output/dflow.d.ts.br
2022/11/02 16:30:38 gz /tmp/work/dist/dflow.d.ts -> /output/dflow.d.ts.gz
2022/11/02 16:30:39 sri /tmp/work/dist/dflow.min.js -> /output/dflow.min.js.sri
2022/11/02 16:30:39 algorithm: run /usr/bin/brotli --quality=11 --output=/output/dflow.min.js.br /tmp/work/dist/dflow.min.js
2022/11/02 16:30:39 br /tmp/work/dist/dflow.min.js -> /output/dflow.min.js.br
2022/11/02 16:30:39 gz /tmp/work/dist/dflow.min.js -> /output/dflow.min.js.gz
2022/11/02 16:30:39 sri /tmp/work/dist/dflow.js -> /output/dflow.js.sri
2022/11/02 16:30:39 algorithm: run /usr/bin/brotli --quality=11 --output=/output/dflow.js.br /tmp/work/dist/dflow.js
2022/11/02 16:30:39 br /tmp/work/dist/dflow.js -> /output/dflow.js.br
2022/11/02 16:30:39 gz /tmp/work/dist/dflow.js -> /output/dflow.js.gz
2022/11/02 16:30:39 sri /tmp/work/dist/nodes.min.js -> /output/nodes.min.js.sri
2022/11/02 16:30:39 algorithm: run /usr/bin/brotli --quality=11 --output=/output/nodes.min.js.br /tmp/work/dist/nodes.min.js
2022/11/02 16:30:39 br /tmp/work/dist/nodes.min.js -> /output/nodes.min.js.br
2022/11/02 16:30:39 gz /tmp/work/dist/nodes.min.js -> /output/nodes.min.js.gz
2022/11/02 16:30:39 sri /tmp/work/dist/nodes.js -> /output/nodes.js.sri
2022/11/02 16:30:39 algorithm: run /usr/bin/brotli --quality=11 --output=/output/nodes.js.br /tmp/work/dist/nodes.js
2022/11/02 16:30:39 br /tmp/work/dist/nodes.js -> /output/nodes.js.br
2022/11/02 16:30:39 gz /tmp/work/dist/nodes.js -> /output/nodes.js.gz
2022/11/02 16:30:39 processed dflow
