config: {"authors":[{"name":"Handsoncode","email":"hello@handsontable.com"}],"autoupdate":{"source":"npm","target":"handsontable","fileMap":[{"basePath":"dist","files":["*.js","*.css"]}]},"description":"Spreadsheet-like data grid editor that provides copy/paste functionality compatible with Excel/Google Docs","filename":"handsontable.min.js","homepage":"http://handsontable.com/","keywords":["grid","datagrid","table","ui","input","ajax","handsontable","spreadsheet"],"license":"SEE LICENSE IN https://github.com/handsontable/handsontable/blob/7.0.0/LICENSE.txt","name":"handsontable","repository":{"type":"git","url":"https://github.com/handsontable/handsontable"},"author":"Handsoncode \u003chello@handsontable.com\u003e"}
KV keys:
- handsontable/0.0.0-next-b266dab-20221207/handsontable.css.br
- handsontable/0.0.0-next-b266dab-20221207/handsontable.css.gz
- handsontable/0.0.0-next-b266dab-20221207/handsontable.full.css.br
- handsontable/0.0.0-next-b266dab-20221207/handsontable.full.css.gz
- handsontable/0.0.0-next-b266dab-20221207/handsontable.full.js.br
- handsontable/0.0.0-next-b266dab-20221207/handsontable.full.js.gz
- handsontable/0.0.0-next-b266dab-20221207/handsontable.full.min.css.br
- handsontable/0.0.0-next-b266dab-20221207/handsontable.full.min.css.gz
- handsontable/0.0.0-next-b266dab-20221207/handsontable.full.min.js.br
- handsontable/0.0.0-next-b266dab-20221207/handsontable.full.min.js.gz
- handsontable/0.0.0-next-b266dab-20221207/handsontable.js.br
- handsontable/0.0.0-next-b266dab-20221207/handsontable.js.gz
- handsontable/0.0.0-next-b266dab-20221207/handsontable.min.css.br
- handsontable/0.0.0-next-b266dab-20221207/handsontable.min.css.gz
- handsontable/0.0.0-next-b266dab-20221207/handsontable.min.js.br
- handsontable/0.0.0-next-b266dab-20221207/handsontable.min.js.gz
SRIs:
- handsontable/0.0.0-next-b266dab-20221207/handsontable.js: sha512-4vQZFYN4oxJmRJf4705IKGPmwaRene+dlMU43YIxOZn/E0sqEdiTnWiiHiAUePRA3lkw38/LjthwE48MONtlhA==
- handsontable/0.0.0-next-b266dab-20221207/handsontable.min.css: sha512-iSWrrjyXc7Txp679K38gSuzUXvnoJ4VyIlXWSYP+Yqk6Ly7pPplT+oAmRKW93apxow/JPe6TjB+SSLRIMnzb1Q==
- handsontable/0.0.0-next-b266dab-20221207/handsontable.min.js: sha512-V2kArxNSnGZXUDMPxCa0aH4UQTBgIawa30k3NcI7+6oJuEj1kOedKDIvIiKdjHTBgISYsGe3p+p9hOwUJKPt4g==
- handsontable/0.0.0-next-b266dab-20221207/handsontable.css: sha512-zT3Fi7f2vLU1OwsSLWWlF2G4tU4CbDYwfkgtWJ9GzHGTLFAq3EpfK/GNgihnbch3VHn8+8Hvz1+TwAcSCB/2SQ==
- handsontable/0.0.0-next-b266dab-20221207/handsontable.full.css: sha512-ApwcJVDHi9LUegMRJ98K4HiwqW8yVCmsGlUWRb9wLd58yiwXny5SYxMnJXKNH1nXOHNkyBamHpqg2Uz0O5JFXg==
- handsontable/0.0.0-next-b266dab-20221207/handsontable.full.js: sha512-e8NuxSFCK86m7AomNRHs0ZOkrY8aFZm/MwM8P+Tpl88UhFNo2BeY7Pu6c6cTV71C+TaFgd8TKWxUhHt/qogT5Q==
- handsontable/0.0.0-next-b266dab-20221207/handsontable.full.min.css: sha512-1edXXZPuI0yp5goDKY430oMJXqEqYdJ7bue4fkI6gDRzTDHLOg3FUB0yv8y/c/vnJF426Jh1iUN0wsnjKjikiQ==
- handsontable/0.0.0-next-b266dab-20221207/handsontable.full.min.js: sha512-ss78JjOqiajmvrgNhTcQ6tictjlEzzCVCqh+zWG6YPXPP4kL4xsnJo/PvHTW2AQRETu9V7dO7XWu7pxhtN1wog==
