config: {"authors":[{"name":"andrewtelnov","email":"andrew.telnov@gmail.com"}],"autoupdate":{"source":"npm","target":"survey-jquery","fileMap":[{"basePath":"","files":["survey*"]}]},"description":"survey.js is a JavaScript Survey Library. It is a modern way to add a survey to your website. It uses JSON for survey metadata and results.","filename":"survey.jquery.min.js","homepage":"https://surveyjs.org/","keywords":["Survey","JavaScript","Bootstrap","Library","jquery","jquery-plugin"],"license":"MIT","name":"survey-jquery","repository":{"type":"git","url":"git+https://github.com/andrewtelnov/surveyjs.git"},"author":"andrewtelnov \u003candrew.telnov@gmail.com\u003e"}
KV keys:
- survey-jquery/1.9.108/survey-jquery.d.ts.br
- survey-jquery/1.9.108/survey-jquery.d.ts.gz
- survey-jquery/1.9.108/survey.css.br
- survey-jquery/1.9.108/survey.css.gz
- survey-jquery/1.9.108/survey.css.map.br
- survey-jquery/1.9.108/survey.css.map.gz
- survey-jquery/1.9.108/survey.jquery.d.ts.br
- survey-jquery/1.9.108/survey.jquery.d.ts.gz
- survey-jquery/1.9.108/survey.jquery.js.br
- survey-jquery/1.9.108/survey.jquery.js.gz
- survey-jquery/1.9.108/survey.jquery.js.map.br
- survey-jquery/1.9.108/survey.jquery.js.map.gz
- survey-jquery/1.9.108/survey.jquery.min.js.br
- survey-jquery/1.9.108/survey.jquery.min.js.gz
- survey-jquery/1.9.108/survey.min.css.br
- survey-jquery/1.9.108/survey.min.css.gz
SRIs:
- survey-jquery/1.9.108/survey.css: sha512-EFx8lwSPcqT/EdLbifSpS7uk+u/XRkrYYvBlYoMYbf1+uMssX8lptmE6LUsSX7/A0LpDlqeDb0CVO3AyrE26gw==
- survey-jquery/1.9.108/survey.jquery.js: sha512-128nyI/5WaOEtNDddUckhnjASjM5LfbnHMfRKNfSNErVt9sig3Mi7MFqPCvdaS07rXl6pTB14M/kdWsGnYYbIg==
- survey-jquery/1.9.108/survey.jquery.min.js: sha512-sU/tO7A8yEIL5evfi/zmt5xV5HMcq5VhPpEOFYW3iyIDvTNBwr4pAnRyRbNsbi5vNLWxJGot7gcoCQjdNxejpQ==
- survey-jquery/1.9.108/survey.min.css: sha512-r0CdBftrtne2FWNF1p6KEi4Uy0IXYmaxKkXuJBxlqPhx+If0PQjDv0gNWKLL9smAhZmYrhTBhCedHXfNFuXxwg==
