config: {"authors":[{"name":"UIkit Team","email":"info@getuikit.com","url":"https://getuikit.com"}],"autoupdate":{"source":"npm","target":"uikit","fileMap":[{"basePath":"dist","files":["js/**/*.js","css/*.css"]}],"ignoreVersions":["*-dev.*"]},"description":"UIkit is a lightweight and modular front-end framework for developing fast and powerful web interfaces.","filename":"js/uikit.min.js","homepage":"https://getuikit.com","keywords":["uikit","css","framework"],"license":"MIT","name":"uikit","repository":{"type":"git","url":"git://github.com/uikit/uikit"},"author":"UIkit Team \u003cinfo@getuikit.com\u003e (https://getuikit.com)"}
KV keys:
- uikit/3.21.2/css/uikit-core-rtl.css.br
- uikit/3.21.2/css/uikit-core-rtl.css.gz
- uikit/3.21.2/css/uikit-core-rtl.min.css.br
- uikit/3.21.2/css/uikit-core-rtl.min.css.gz
- uikit/3.21.2/css/uikit-core.css.br
- uikit/3.21.2/css/uikit-core.css.gz
- uikit/3.21.2/css/uikit-core.min.css.br
- uikit/3.21.2/css/uikit-core.min.css.gz
- uikit/3.21.2/css/uikit-rtl.css.br
- uikit/3.21.2/css/uikit-rtl.css.gz
- uikit/3.21.2/css/uikit-rtl.min.css.br
- uikit/3.21.2/css/uikit-rtl.min.css.gz
- uikit/3.21.2/css/uikit.css.br
- uikit/3.21.2/css/uikit.css.gz
- uikit/3.21.2/css/uikit.min.css.br
- uikit/3.21.2/css/uikit.min.css.gz
- uikit/3.21.2/js/components/countdown.js.br
- uikit/3.21.2/js/components/countdown.js.gz
- uikit/3.21.2/js/components/countdown.min.js.br
- uikit/3.21.2/js/components/countdown.min.js.gz
- uikit/3.21.2/js/components/filter.js.br
- uikit/3.21.2/js/components/filter.js.gz
- uikit/3.21.2/js/components/filter.min.js.br
- uikit/3.21.2/js/components/filter.min.js.gz
- uikit/3.21.2/js/components/lightbox-panel.js.br
- uikit/3.21.2/js/components/lightbox-panel.js.gz
- uikit/3.21.2/js/components/lightbox-panel.min.js.br
- uikit/3.21.2/js/components/lightbox-panel.min.js.gz
- uikit/3.21.2/js/components/lightbox.js.br
- uikit/3.21.2/js/components/lightbox.js.gz
- uikit/3.21.2/js/components/lightbox.min.js.br
- uikit/3.21.2/js/components/lightbox.min.js.gz
- uikit/3.21.2/js/components/notification.js.br
- uikit/3.21.2/js/components/notification.js.gz
- uikit/3.21.2/js/components/notification.min.js.br
- uikit/3.21.2/js/components/notification.min.js.gz
- uikit/3.21.2/js/components/parallax.js.br
- uikit/3.21.2/js/components/parallax.js.gz
- uikit/3.21.2/js/components/parallax.min.js.br
- uikit/3.21.2/js/components/parallax.min.js.gz
- uikit/3.21.2/js/components/slider-parallax.js.br
- uikit/3.21.2/js/components/slider-parallax.js.gz
- uikit/3.21.2/js/components/slider-parallax.min.js.br
- uikit/3.21.2/js/components/slider-parallax.min.js.gz
- uikit/3.21.2/js/components/slider.js.br
- uikit/3.21.2/js/components/slider.js.gz
- uikit/3.21.2/js/components/slider.min.js.br
- uikit/3.21.2/js/components/slider.min.js.gz
- uikit/3.21.2/js/components/slideshow-parallax.js.br
- uikit/3.21.2/js/components/slideshow-parallax.js.gz
- uikit/3.21.2/js/components/slideshow-parallax.min.js.br
- uikit/3.21.2/js/components/slideshow-parallax.min.js.gz
- uikit/3.21.2/js/components/slideshow.js.br
- uikit/3.21.2/js/components/slideshow.js.gz
- uikit/3.21.2/js/components/slideshow.min.js.br
- uikit/3.21.2/js/components/slideshow.min.js.gz
- uikit/3.21.2/js/components/sortable.js.br
- uikit/3.21.2/js/components/sortable.js.gz
- uikit/3.21.2/js/components/sortable.min.js.br
- uikit/3.21.2/js/components/sortable.min.js.gz
- uikit/3.21.2/js/components/tooltip.js.br
- uikit/3.21.2/js/components/tooltip.js.gz
- uikit/3.21.2/js/components/tooltip.min.js.br
- uikit/3.21.2/js/components/tooltip.min.js.gz
- uikit/3.21.2/js/components/upload.js.br
- uikit/3.21.2/js/components/upload.js.gz
- uikit/3.21.2/js/components/upload.min.js.br
- uikit/3.21.2/js/components/upload.min.js.gz
- uikit/3.21.2/js/uikit-core.js.br
- uikit/3.21.2/js/uikit-core.js.gz
- uikit/3.21.2/js/uikit-core.min.js.br
- uikit/3.21.2/js/uikit-core.min.js.gz
- uikit/3.21.2/js/uikit-icons.js.br
- uikit/3.21.2/js/uikit-icons.js.gz
- uikit/3.21.2/js/uikit-icons.min.js.br
- uikit/3.21.2/js/uikit-icons.min.js.gz
- uikit/3.21.2/js/uikit.js.br
- uikit/3.21.2/js/uikit.js.gz
- uikit/3.21.2/js/uikit.min.js.br
- uikit/3.21.2/js/uikit.min.js.gz
SRIs:
- uikit/3.21.2/js/components/parallax.min.js: sha512-dIAMycQSpfEItaULOnLhULbJKfYJt3xNjU+wuC/Zc1H/qWFJ3c7nQRKk9kGrKb4+8Sk4HT7f+ALMaXT0xsscsA==
- uikit/3.21.2/js/components/sortable.js: sha512-sCaVXOrWjr8KFJxq6G2ytJh54+P54ZebFU2RLWrTu14GJD/wbPXKDQXgqJV7R0mjYOP3PAG2YFM0GtflUfbd9Q==
- uikit/3.21.2/js/components/upload.js: sha512-tlojt6U5DEUCZh5vA0OQes2eIQyyk8e8ruMfoI6fPArKLjwIGJ6l88LS06KsdVMw8Kgl8Ak5p33avtfoUw/mmw==
- uikit/3.21.2/css/uikit-core-rtl.css: sha512-MM30/nFgV+RUTL0rSjkunTldBA1Mid4z1wox30HNMYOQDXMgfBkuIgr+JCkrIbXnxCHciNGbx8/+QlX5i5qVVQ==
- uikit/3.21.2/css/uikit-core-rtl.min.css: sha512-0zNNoZm2lhH4loWC9FpCPSfAHrWrXTbqn+7JoJhu6iR0SGpWASw3yLMM3ofXjJzCsKArLxm0Wd830YVCDyhWyQ==
- uikit/3.21.2/css/uikit-core.css: sha512-pBJYoyjRpDanUAXxvevkohKJfE/vvb52Zlikor1nXhCuRUWIgBTNWIOtmKMNrvCj4Spqf9Oy597McaWVw18zbA==
- uikit/3.21.2/js/components/parallax.js: sha512-xpjnsMaPe/tsbaJcBiSCBIGcBT1MwkVVC+gCdY/2tiBkBxAIyhNOobSkFnjNdxhCTHVFK3zo8TpL1hqDUMx5yg==
- uikit/3.21.2/js/components/slideshow-parallax.min.js: sha512-pwF+hpndSvo0FvmNqIMwX38NNCSeL7yhs0gqKkGGvrGg73lAqVy+ySP268KxNNZNuCyAxwh8FLMqhOSuV5KOJw==
- uikit/3.21.2/js/components/slideshow.js: sha512-M+B+QS+ywTLP2mbA2DxQDZrxQTu+crulqqcEGSP51adG0klSgudwOJ2i44HMUpmI7gzTFbV7aVlEQyB3R8NvJQ==
- uikit/3.21.2/js/components/sortable.min.js: sha512-lJJvE5BKZZ3meuEuvOhBvr22KOxPGHHRzlGmSMb//VQSbjgAS1xtvdxEFuZUZ4fFVCPF0TQ63DKZuLiBEDVVZg==
- uikit/3.21.2/css/uikit-core.min.css: sha512-3VF89VC2Q9FVyzrH85QHazGrznMYOf0TjwB1KU40ieBxG8+9MKwIWxT4NFYlEXIJMcynX798Z/GmQ9Q6jAKJuA==
- uikit/3.21.2/css/uikit-rtl.css: sha512-gxli/OgPtBSxl4Kbxog2izcaNXvJw0xv8wkk5J7Qcan+lHrWe7HJ/eI4k5eFryoXhGuGQdrQ4ATkFDCQuWwzvQ==
- uikit/3.21.2/js/components/lightbox-panel.min.js: sha512-P73JjjyeSwSVpp5YGcJ7I9j18WwcDluRxIdh86ek1aPLWVTKEtYsVSVgvQvqT7VBEbdmMawkIFhX4uzSP3W3Pw==
- uikit/3.21.2/js/components/notification.min.js: sha512-OfTrQVa+I/MGfR8RuR8BoqviKWhqWIiMlgWIszpLeNKwszc1oalpqROanDh/E2z6mrQdA2x4UYryKw0gJDkx9g==
- uikit/3.21.2/js/components/upload.min.js: sha512-8FxxmFZbEq1Sn3N36BCYWA0TN2dqz+sAcwEW5pzAQSo+ePFpHfu7h57ObqHfhzrjhb00N7QDOg2zbgs6r8ii0w==
- uikit/3.21.2/js/components/slideshow.min.js: sha512-gygdE0ROBgUvTCIsNg3mvY5GTXMu9N16oVccPzd/x1R6/lgPMEyrfhFNZ6V8GP7m8Eb9lhRVes3NeWEKE73JGA==
- uikit/3.21.2/js/uikit-icons.min.js: sha512-gd4mtzwECzFEJCoXbMJJglgA7tcE5vsEvCfgemS4WZdPR4uxOCzO2V7OOSpAnOtkzWOrOksLUGFy7VLR42Umhg==
- uikit/3.21.2/js/uikit.js: sha512-FusNrtoKY1GuAUwr6Xws5Jjs3BS2pP97PTV4WyFrXZ4fBtDFQOUdHOXM3lKtBnkIkddFUYOuj9zLjD49xUKrwQ==
- uikit/3.21.2/css/uikit-rtl.min.css: sha512-vIqworRMb09or0Cu//lp6jaLt/mJrsvkq2MzAUFBN3FwiGeqTyJA4YCtiEWxIwxrWoOt95hSqjYiwKNl2Ew5pA==
- uikit/3.21.2/css/uikit.min.css: sha512-DE5UPHPLiBnuI7k8BOc2Eo5MUTqPoA/VLCSnKOVjpfciNZbOEJOQorbh09+2NUz2vjwVTO5Xrml7mUy10N6GCg==
- uikit/3.21.2/js/components/lightbox.min.js: sha512-F8x/NTNuUFRxsyrR1Ya1M9oDzaRAtZmOMOnTP5GoNw1pW+49JZpS8bcum1RGPWykIzM9+FMdz8egC/M62csjAg==
- uikit/3.21.2/js/uikit-core.js: sha512-hR/1NmeG6BdiAEY6iME/CnoScrYjEYevWHg5PGle84lZzuBEHwLEm8FhkxYtE36BCw2dsGdy7wNH9dTgpaL3ZA==
- uikit/3.21.2/js/components/countdown.min.js: sha512-lyX7ZRGzt2ROVl6Ztqqf+TLhFGfOxI64ntQPfhJ8eUrh+czF0+iJTN/+p4ZJojw17YLpCfgdj8sXhUsw+wcX8g==
- uikit/3.21.2/js/components/lightbox-panel.js: sha512-R/vRAPqSG3KDlf0Jq7gofTKikzPDw72RmHeqiri9G5OfeeD+VMaOt5sNNCnNSZYa6hSuMVWdKb8Y36J9nWu49g==
- uikit/3.21.2/js/components/slider-parallax.min.js: sha512-j7ZVxthLLLnPBmd3XfxHPG7Oht8y+aAXBI59CbQmaGmTMYNzI7T/dmlXc7hXS95QEWRnF7IhM7EXWfcaoQSHzg==
- uikit/3.21.2/js/components/slideshow-parallax.js: sha512-9QNMoKGz1MtS+/+wCLNQKPRzP8EwHuIDZ/ITsAmwzeuGN3Ri2I0wm2NwgPWT9VMDXYxEUOSgZkZIxQZ7SNz6bA==
- uikit/3.21.2/js/components/tooltip.min.js: sha512-DguRajT4pYKloepR/K7JVWf6FvSq9A+/PIJ+6pzvKCPXX5cKLEU8VUZyu991tfbioZbdGK7ZAmX1ZrRKCDNtMg==
- uikit/3.21.2/js/components/filter.min.js: sha512-A6Z4jqJMOJdtDdOVSd1vwwk0i0WOFvbJiuungJVTe241cTGzZtuECb3bHnZtdWlEP1/xx1avWullT7f/avumqA==
- uikit/3.21.2/js/components/notification.js: sha512-ohWGLfVbqw7lgA2xErB3aMJHclmk0jsbrVxEPDY5ZmRfi20tUtE7dSLRpNjF1tFe2tb+k843yZlGRuCI2+BGUA==
- uikit/3.21.2/js/components/slider-parallax.js: sha512-ZZtVLegR8RNjhhveYRb5sVFRI+baCamMH+kQIjaJJmHkuyVMJjvqBnqJov5EEiirixn2C5QYXYLBsi5zMw+1ZQ==
- uikit/3.21.2/js/components/tooltip.js: sha512-lzWPKz0yEH+hpT3hGsPFmYGZAz89iI+WE8UX5w5sZfxU9XnquFT1um0J85qeeTcmhX5QhceSqSjeyJt9VKAdsQ==
- uikit/3.21.2/js/uikit-icons.js: sha512-IcJNjbiTGs6hPNF+7TMEjb0IurveTo4OeUH4e9aBWNv0Ac9j5e8AXZof2w18VqEnDghwNQ7J7sWvgn/VpOdIXQ==
- uikit/3.21.2/js/components/lightbox.js: sha512-NFEDy0PysU9MAL5BuD5V1qZkPC8efC8HcoW85fcGglqoLuCOJ6eTLuZvfU+LrUDCSzJehSFXw2r9r4/WKPcWJw==
- uikit/3.21.2/js/components/slider.js: sha512-oZ0MhbeiP0nhBv27+sK8cJIvHRHJv0jQK1y/ehx27HqGM5RgS5MkLrkIApBfB3TvqlU7awjWrDdHRz5UryEJ/g==
- uikit/3.21.2/js/components/slider.min.js: sha512-Gix/+4CNEim5fZ63lrZB7Pabqa2T7UbhyrdHrCScqO73qyF09g2RjUU9dH0sBc/0pZvwtB65jrSXbNBSBKPd8A==
- uikit/3.21.2/js/uikit-core.min.js: sha512-smnO4TUxnc1S7yX+4Ou+pHEUdGL2Kij/sfgq1DqpESyngA7aLHpg6UzDo0NopvLIs/ZvU/qMVCDlY4NOGpjOFA==
- uikit/3.21.2/js/uikit.min.js: sha512-e7PdRLVQi5AJresj5Ki20XLee6k5TwlZxn6XTfl+cwmCZcy2B2pT64oQOcJlpG233hRn1iDdwZ+yx5uMkMQNMg==
- uikit/3.21.2/css/uikit.css: sha512-0sO1FfTv+vSj8lcprIE+zLKDJSu1XQ1Lh2scLE3ngBYH+VxnfkLNBCHcm1gtWDKtrCEWVO2IPIV2ecQVh7H20g==
- uikit/3.21.2/js/components/countdown.js: sha512-iBo2WAqeEvGXx42HV4O+9UJ6exiQWzMn13hYyh5NnxEGsKJ7rNTd5yFIMSUYrio41sra0GjhURZV56zsm5+1ZQ==
- uikit/3.21.2/js/components/filter.js: sha512-fw9Rs6mtnRuC+fX3kcshpSa6bXezm14J4VcbPadIaHRY3TAfgbxN30DIuA8XQB/+RCAEjixxGQvYIIoFfl/Iwg==
