Files:
- handsontable/13.1.0-next-ea584ca-20230830/handsontable.css.br
- handsontable/13.1.0-next-ea584ca-20230830/handsontable.css.gz
- handsontable/13.1.0-next-ea584ca-20230830/handsontable.css.sri
- handsontable/13.1.0-next-ea584ca-20230830/handsontable.full.css.br
- handsontable/13.1.0-next-ea584ca-20230830/handsontable.full.css.gz
- handsontable/13.1.0-next-ea584ca-20230830/handsontable.full.css.sri
- handsontable/13.1.0-next-ea584ca-20230830/handsontable.full.js.br
- handsontable/13.1.0-next-ea584ca-20230830/handsontable.full.js.gz
- handsontable/13.1.0-next-ea584ca-20230830/handsontable.full.js.sri
- handsontable/13.1.0-next-ea584ca-20230830/handsontable.full.min.css.br
- handsontable/13.1.0-next-ea584ca-20230830/handsontable.full.min.css.gz
- handsontable/13.1.0-next-ea584ca-20230830/handsontable.full.min.css.sri
- handsontable/13.1.0-next-ea584ca-20230830/handsontable.full.min.js.br
- handsontable/13.1.0-next-ea584ca-20230830/handsontable.full.min.js.gz
- handsontable/13.1.0-next-ea584ca-20230830/handsontable.full.min.js.sri
- handsontable/13.1.0-next-ea584ca-20230830/handsontable.js.br
- handsontable/13.1.0-next-ea584ca-20230830/handsontable.js.gz
- handsontable/13.1.0-next-ea584ca-20230830/handsontable.js.sri
- handsontable/13.1.0-next-ea584ca-20230830/handsontable.min.css.br
- handsontable/13.1.0-next-ea584ca-20230830/handsontable.min.css.gz
- handsontable/13.1.0-next-ea584ca-20230830/handsontable.min.css.sri
- handsontable/13.1.0-next-ea584ca-20230830/handsontable.min.js.br
- handsontable/13.1.0-next-ea584ca-20230830/handsontable.min.js.gz
- handsontable/13.1.0-next-ea584ca-20230830/handsontable.min.js.sri
