config: {"authors":[{"name":"Google Inc."}],"autoupdate":{"source":"npm","target":"@fontsource/petemoss","fileMap":[{"basePath":"","files":["*.css","files/*.@(woff|woff2)"]}],"excludeFromSearch":true},"description":"Self-host the Petemoss font in a neatly bundled NPM package.","filename":"index.css","homepage":"https://fontsource.org/fonts/petemoss","keywords":["fontsource","font","font family","google fonts","petemoss","Petemoss","css","sass","front-end","web","typeface","variable"],"license":"OFL-1.1","name":"fontsource-petemoss","repository":{"type":"git","url":"git+https://github.com/fontsource/font-files.git"},"author":"Google Inc."}
KV keys:
- fontsource-petemoss/4.5.10/400.css.br
- fontsource-petemoss/4.5.10/400.css.gz
- fontsource-petemoss/4.5.10/400.min.css.br
- fontsource-petemoss/4.5.10/400.min.css.gz
- fontsource-petemoss/4.5.10/files/petemoss-all-400-normal.woff.br
- fontsource-petemoss/4.5.10/files/petemoss-all-400-normal.woff.gz
- fontsource-petemoss/4.5.10/files/petemoss-latin-400-normal.woff.br
- fontsource-petemoss/4.5.10/files/petemoss-latin-400-normal.woff.gz
- fontsource-petemoss/4.5.10/files/petemoss-latin-400-normal.woff2
- fontsource-petemoss/4.5.10/files/petemoss-latin-ext-400-normal.woff.br
- fontsource-petemoss/4.5.10/files/petemoss-latin-ext-400-normal.woff.gz
- fontsource-petemoss/4.5.10/files/petemoss-latin-ext-400-normal.woff2
- fontsource-petemoss/4.5.10/files/petemoss-vietnamese-400-normal.woff.br
- fontsource-petemoss/4.5.10/files/petemoss-vietnamese-400-normal.woff.gz
- fontsource-petemoss/4.5.10/files/petemoss-vietnamese-400-normal.woff2
- fontsource-petemoss/4.5.10/index.css.br
- fontsource-petemoss/4.5.10/index.css.gz
- fontsource-petemoss/4.5.10/index.min.css.br
- fontsource-petemoss/4.5.10/index.min.css.gz
- fontsource-petemoss/4.5.10/latin-400.css.br
- fontsource-petemoss/4.5.10/latin-400.css.gz
- fontsource-petemoss/4.5.10/latin-400.min.css.br
- fontsource-petemoss/4.5.10/latin-400.min.css.gz
- fontsource-petemoss/4.5.10/latin-ext-400.css.br
- fontsource-petemoss/4.5.10/latin-ext-400.css.gz
- fontsource-petemoss/4.5.10/latin-ext-400.min.css.br
- fontsource-petemoss/4.5.10/latin-ext-400.min.css.gz
- fontsource-petemoss/4.5.10/latin-ext.css.br
- fontsource-petemoss/4.5.10/latin-ext.css.gz
- fontsource-petemoss/4.5.10/latin-ext.min.css.br
- fontsource-petemoss/4.5.10/latin-ext.min.css.gz
- fontsource-petemoss/4.5.10/latin.css.br
- fontsource-petemoss/4.5.10/latin.css.gz
- fontsource-petemoss/4.5.10/latin.min.css.br
- fontsource-petemoss/4.5.10/latin.min.css.gz
- fontsource-petemoss/4.5.10/vietnamese-400.css.br
- fontsource-petemoss/4.5.10/vietnamese-400.css.gz
- fontsource-petemoss/4.5.10/vietnamese-400.min.css.br
- fontsource-petemoss/4.5.10/vietnamese-400.min.css.gz
- fontsource-petemoss/4.5.10/vietnamese.css.br
- fontsource-petemoss/4.5.10/vietnamese.css.gz
- fontsource-petemoss/4.5.10/vietnamese.min.css.br
- fontsource-petemoss/4.5.10/vietnamese.min.css.gz
SRIs:
- fontsource-petemoss/4.5.10/index.css: sha512-GkabhynH7N2zjDvgESCiqYWzdr3bDxpDN3RjNF2XkJ1E1sRgxgCn5EhKo5lFnW6wrqi5DLYAsNUgei8yGOm7ng==
- fontsource-petemoss/4.5.10/latin-400.css: sha512-yTPuPlPUFa94L5cKXpOGxv9hI3Gq718ZSeDeYL0uQ+xAGYuGZj+stVDJWysrCi9MLnP863cOTfhchhL8lkjM+A==
- fontsource-petemoss/4.5.10/latin-ext-400.min.css: sha512-EHDTNLxEboKyARTJvYb3UNoYZ9c1IQXgYMVE9kkllk3E1AksjLhEgoZ6LOvm3yGJmZK/8ka6/aNiYPSuFaokCw==
- fontsource-petemoss/4.5.10/vietnamese-400.css: sha512-7IgYf8ONP3IDRCrjSD3XiUOnEForax+Py7RfhjrpAOoDOBevz7+cPuvh8LNZBx0+4Jf+omNl0PmEeA+XNuG2bQ==
- fontsource-petemoss/4.5.10/400.min.css: sha512-VDc6NGxpU4/3AbWsD7SWPJ2yLr6R8ZKIlg/zCYUfjhPvlyeKJr5+I6pXNQ7paReHoSLQTRzKvau8tcov+pHbsQ==
- fontsource-petemoss/4.5.10/index.min.css: sha512-VDc6NGxpU4/3AbWsD7SWPJ2yLr6R8ZKIlg/zCYUfjhPvlyeKJr5+I6pXNQ7paReHoSLQTRzKvau8tcov+pHbsQ==
- fontsource-petemoss/4.5.10/vietnamese.css: sha512-7IgYf8ONP3IDRCrjSD3XiUOnEForax+Py7RfhjrpAOoDOBevz7+cPuvh8LNZBx0+4Jf+omNl0PmEeA+XNuG2bQ==
- fontsource-petemoss/4.5.10/latin-400.min.css: sha512-DCn1wmzWHQl/OABTY5UlRFz8lU4ilJ3b4iaIyLtzNTahtxQWeQi9G+DoQL+XhhrFUgIpcYoklfuvEJjMyi/PDw==
- fontsource-petemoss/4.5.10/latin-ext.css: sha512-CH6ioysS9Bzxkt19ge8DnLYxhjmR8leUdHCLha/uB07CHtVbGbumer5UGYoHR+zZAvI/OBUWqRhb79FIE73jQw==
- fontsource-petemoss/4.5.10/latin-ext.min.css: sha512-EHDTNLxEboKyARTJvYb3UNoYZ9c1IQXgYMVE9kkllk3E1AksjLhEgoZ6LOvm3yGJmZK/8ka6/aNiYPSuFaokCw==
- fontsource-petemoss/4.5.10/latin.css: sha512-yTPuPlPUFa94L5cKXpOGxv9hI3Gq718ZSeDeYL0uQ+xAGYuGZj+stVDJWysrCi9MLnP863cOTfhchhL8lkjM+A==
- fontsource-petemoss/4.5.10/latin.min.css: sha512-DCn1wmzWHQl/OABTY5UlRFz8lU4ilJ3b4iaIyLtzNTahtxQWeQi9G+DoQL+XhhrFUgIpcYoklfuvEJjMyi/PDw==
- fontsource-petemoss/4.5.10/400.css: sha512-GkabhynH7N2zjDvgESCiqYWzdr3bDxpDN3RjNF2XkJ1E1sRgxgCn5EhKo5lFnW6wrqi5DLYAsNUgei8yGOm7ng==
- fontsource-petemoss/4.5.10/latin-ext-400.css: sha512-CH6ioysS9Bzxkt19ge8DnLYxhjmR8leUdHCLha/uB07CHtVbGbumer5UGYoHR+zZAvI/OBUWqRhb79FIE73jQw==
- fontsource-petemoss/4.5.10/vietnamese-400.min.css: sha512-1e/Ech4h5bIJJg4qq4TcPfmHkBh2urWg6xhxeC4JJQ1pdbut+u6brnpC9rG3CkY9JBuDAebiyLbHP6zuxKnrtw==
- fontsource-petemoss/4.5.10/vietnamese.min.css: sha512-1e/Ech4h5bIJJg4qq4TcPfmHkBh2urWg6xhxeC4JJQ1pdbut+u6brnpC9rG3CkY9JBuDAebiyLbHP6zuxKnrtw==
