2021/09/06 05:34:52 optimizing files (Js true, Css true, Png true, Jpg true)
2021/09/06 05:34:52 /tmp/work/dist/rsuite-rtl.css already has a compressed version: /tmp/work/dist/rsuite-rtl.min.css
2021/09/06 05:34:52 /tmp/work/dist/rsuite.css already has a compressed version: /tmp/work/dist/rsuite.min.css
2021/09/06 05:34:52 compressed file already exists: /tmp/work/dist/rsuite.min.js
2021/09/06 05:34:52 algorithm: run /usr/bin/brotli --quality=11 --output=/output/rsuite-rtl.min.css.map.br /tmp/work/dist/rsuite-rtl.min.css.map
2021/09/06 05:34:52 algorithm: run /usr/bin/brotli --quality=11 --output=/output/rsuite.min.css.map.br /tmp/work/dist/rsuite.min.css.map
2021/09/06 05:34:52 sri /tmp/work/dist/rsuite-rtl.css -> /output/rsuite-rtl.css.sri
2021/09/06 05:34:52 algorithm: run /usr/bin/brotli --quality=11 --output=/output/rsuite-rtl.css.br /tmp/work/dist/rsuite-rtl.css
2021/09/06 05:34:52 algorithm: run /usr/bin/brotli --quality=11 --output=/output/rsuite.js.map.br /tmp/work/dist/rsuite.js.map
2021/09/06 05:34:52 sri /tmp/work/dist/rsuite-rtl.min.css -> /output/rsuite-rtl.min.css.sri
2021/09/06 05:34:52 algorithm: run /usr/bin/brotli --quality=11 --output=/output/rsuite-rtl.min.css.br /tmp/work/dist/rsuite-rtl.min.css
2021/09/06 05:34:52 sri /tmp/work/dist/rsuite.css -> /output/rsuite.css.sri
2021/09/06 05:34:52 sri /tmp/work/dist/rsuite.min.css -> /output/rsuite.min.css.sri
2021/09/06 05:34:52 algorithm: run /usr/bin/brotli --quality=11 --output=/output/rsuite.css.br /tmp/work/dist/rsuite.css
2021/09/06 05:34:52 algorithm: run /usr/bin/brotli --quality=11 --output=/output/rsuite.min.css.br /tmp/work/dist/rsuite.min.css
2021/09/06 05:34:52 sri /tmp/work/dist/rsuite.js -> /output/rsuite.js.sri
2021/09/06 05:34:52 algorithm: run /usr/bin/brotli --quality=11 --output=/output/rsuite.js.br /tmp/work/dist/rsuite.js
2021/09/06 05:34:52 br /tmp/work/dist/rsuite.js.map -> /output/rsuite.js.map.br
2021/09/06 05:34:52 gz /tmp/work/dist/rsuite.js.map -> /output/rsuite.js.map.gz
2021/09/06 05:34:52 /tmp/work/dist/rsuite.min.js.min.js compressed file already exists
2021/09/06 05:34:52 sri /tmp/work/dist/rsuite.min.js -> /output/rsuite.min.js.sri
2021/09/06 05:34:52 algorithm: run /usr/bin/brotli --quality=11 --output=/output/rsuite.min.js.br /tmp/work/dist/rsuite.min.js
2021/09/06 05:34:53 br /tmp/work/dist/rsuite.min.css -> /output/rsuite.min.css.br
2021/09/06 05:34:53 br /tmp/work/dist/rsuite-rtl.min.css -> /output/rsuite-rtl.min.css.br
2021/09/06 05:34:53 gz /tmp/work/dist/rsuite.min.css -> /output/rsuite.min.css.gz
2021/09/06 05:34:53 algorithm: run /usr/bin/brotli --quality=11 --output=/output/rsuite.min.js.LICENSE.txt.br /tmp/work/dist/rsuite.min.js.LICENSE.txt
2021/09/06 05:34:53 gz /tmp/work/dist/rsuite-rtl.min.css -> /output/rsuite-rtl.min.css.gz
2021/09/06 05:34:53 algorithm: run /usr/bin/brotli --quality=11 --output=/output/rsuite.min.js.map.br /tmp/work/dist/rsuite.min.js.map
2021/09/06 05:34:53 br /tmp/work/dist/rsuite.min.js.LICENSE.txt -> /output/rsuite.min.js.LICENSE.txt.br
2021/09/06 05:34:53 gz /tmp/work/dist/rsuite.min.js.LICENSE.txt -> /output/rsuite.min.js.LICENSE.txt.gz
2021/09/06 05:34:53 br /tmp/work/dist/rsuite.css -> /output/rsuite.css.br
2021/09/06 05:34:53 br /tmp/work/dist/rsuite-rtl.css -> /output/rsuite-rtl.css.br
2021/09/06 05:34:53 gz /tmp/work/dist/rsuite.css -> /output/rsuite.css.gz
2021/09/06 05:34:53 gz /tmp/work/dist/rsuite-rtl.css -> /output/rsuite-rtl.css.gz
2021/09/06 05:34:53 br /tmp/work/dist/rsuite.min.css.map -> /output/rsuite.min.css.map.br
2021/09/06 05:34:53 gz /tmp/work/dist/rsuite.min.css.map -> /output/rsuite.min.css.map.gz
2021/09/06 05:34:54 br /tmp/work/dist/rsuite-rtl.min.css.map -> /output/rsuite-rtl.min.css.map.br
2021/09/06 05:34:54 gz /tmp/work/dist/rsuite-rtl.min.css.map -> /output/rsuite-rtl.min.css.map.gz
2021/09/06 05:34:54 br /tmp/work/dist/rsuite.min.js -> /output/rsuite.min.js.br
2021/09/06 05:34:54 gz /tmp/work/dist/rsuite.min.js -> /output/rsuite.min.js.gz
2021/09/06 05:34:58 br /tmp/work/dist/rsuite.js -> /output/rsuite.js.br
2021/09/06 05:34:58 gz /tmp/work/dist/rsuite.js -> /output/rsuite.js.gz
2021/09/06 05:34:59 br /tmp/work/dist/rsuite.min.js.map -> /output/rsuite.min.js.map.br
2021/09/06 05:34:59 gz /tmp/work/dist/rsuite.min.js.map -> /output/rsuite.min.js.map.gz
2021/09/06 05:34:59 processed rsuite
