config: {"authors":[{"name":"Google Inc."}],"autoupdate":{"source":"npm","target":"@fontsource/birthstone-bounce","fileMap":[{"basePath":"","files":["*.css","files/*.@(woff|woff2)"]}],"excludeFromSearch":true},"description":"Self-host the Birthstone Bounce font in a neatly bundled NPM package.","filename":"index.css","homepage":"https://fontsource.org/fonts/birthstone-bounce","keywords":["fontsource","font","font family","google fonts","birthstone-bounce","Birthstone Bounce","css","sass","front-end","web","typeface","variable"],"license":"OFL-1.1","name":"fontsource-birthstone-bounce","repository":{"type":"git","url":"git+https://github.com/fontsource/font-files.git"},"author":"Google Inc."}
KV keys:
- fontsource-birthstone-bounce/4.5.8/400.css.br
- fontsource-birthstone-bounce/4.5.8/400.css.gz
- fontsource-birthstone-bounce/4.5.8/400.min.css.br
- fontsource-birthstone-bounce/4.5.8/400.min.css.gz
- fontsource-birthstone-bounce/4.5.8/500.css.br
- fontsource-birthstone-bounce/4.5.8/500.css.gz
- fontsource-birthstone-bounce/4.5.8/500.min.css.br
- fontsource-birthstone-bounce/4.5.8/500.min.css.gz
- fontsource-birthstone-bounce/4.5.8/files/birthstone-bounce-all-400-normal.woff.br
- fontsource-birthstone-bounce/4.5.8/files/birthstone-bounce-all-400-normal.woff.gz
- fontsource-birthstone-bounce/4.5.8/files/birthstone-bounce-all-500-normal.woff.br
- fontsource-birthstone-bounce/4.5.8/files/birthstone-bounce-all-500-normal.woff.gz
- fontsource-birthstone-bounce/4.5.8/files/birthstone-bounce-latin-400-normal.woff.br
- fontsource-birthstone-bounce/4.5.8/files/birthstone-bounce-latin-400-normal.woff.gz
- fontsource-birthstone-bounce/4.5.8/files/birthstone-bounce-latin-400-normal.woff2
- fontsource-birthstone-bounce/4.5.8/files/birthstone-bounce-latin-500-normal.woff.br
- fontsource-birthstone-bounce/4.5.8/files/birthstone-bounce-latin-500-normal.woff.gz
- fontsource-birthstone-bounce/4.5.8/files/birthstone-bounce-latin-500-normal.woff2
- fontsource-birthstone-bounce/4.5.8/files/birthstone-bounce-latin-ext-400-normal.woff.br
- fontsource-birthstone-bounce/4.5.8/files/birthstone-bounce-latin-ext-400-normal.woff.gz
- fontsource-birthstone-bounce/4.5.8/files/birthstone-bounce-latin-ext-400-normal.woff2
- fontsource-birthstone-bounce/4.5.8/files/birthstone-bounce-latin-ext-500-normal.woff.br
- fontsource-birthstone-bounce/4.5.8/files/birthstone-bounce-latin-ext-500-normal.woff.gz
- fontsource-birthstone-bounce/4.5.8/files/birthstone-bounce-latin-ext-500-normal.woff2
- fontsource-birthstone-bounce/4.5.8/files/birthstone-bounce-vietnamese-400-normal.woff.br
- fontsource-birthstone-bounce/4.5.8/files/birthstone-bounce-vietnamese-400-normal.woff.gz
- fontsource-birthstone-bounce/4.5.8/files/birthstone-bounce-vietnamese-400-normal.woff2
- fontsource-birthstone-bounce/4.5.8/files/birthstone-bounce-vietnamese-500-normal.woff.br
- fontsource-birthstone-bounce/4.5.8/files/birthstone-bounce-vietnamese-500-normal.woff.gz
- fontsource-birthstone-bounce/4.5.8/files/birthstone-bounce-vietnamese-500-normal.woff2
- fontsource-birthstone-bounce/4.5.8/index.css.br
- fontsource-birthstone-bounce/4.5.8/index.css.gz
- fontsource-birthstone-bounce/4.5.8/index.min.css.br
- fontsource-birthstone-bounce/4.5.8/index.min.css.gz
- fontsource-birthstone-bounce/4.5.8/latin-400.css.br
- fontsource-birthstone-bounce/4.5.8/latin-400.css.gz
- fontsource-birthstone-bounce/4.5.8/latin-400.min.css.br
- fontsource-birthstone-bounce/4.5.8/latin-400.min.css.gz
- fontsource-birthstone-bounce/4.5.8/latin-500.css.br
- fontsource-birthstone-bounce/4.5.8/latin-500.css.gz
- fontsource-birthstone-bounce/4.5.8/latin-500.min.css.br
- fontsource-birthstone-bounce/4.5.8/latin-500.min.css.gz
- fontsource-birthstone-bounce/4.5.8/latin-ext-400.css.br
- fontsource-birthstone-bounce/4.5.8/latin-ext-400.css.gz
- fontsource-birthstone-bounce/4.5.8/latin-ext-400.min.css.br
- fontsource-birthstone-bounce/4.5.8/latin-ext-400.min.css.gz
- fontsource-birthstone-bounce/4.5.8/latin-ext-500.css.br
- fontsource-birthstone-bounce/4.5.8/latin-ext-500.css.gz
- fontsource-birthstone-bounce/4.5.8/latin-ext-500.min.css.br
- fontsource-birthstone-bounce/4.5.8/latin-ext-500.min.css.gz
- fontsource-birthstone-bounce/4.5.8/latin-ext.css.br
- fontsource-birthstone-bounce/4.5.8/latin-ext.css.gz
- fontsource-birthstone-bounce/4.5.8/latin-ext.min.css.br
- fontsource-birthstone-bounce/4.5.8/latin-ext.min.css.gz
- fontsource-birthstone-bounce/4.5.8/latin.css.br
- fontsource-birthstone-bounce/4.5.8/latin.css.gz
- fontsource-birthstone-bounce/4.5.8/latin.min.css.br
- fontsource-birthstone-bounce/4.5.8/latin.min.css.gz
- fontsource-birthstone-bounce/4.5.8/vietnamese-400.css.br
- fontsource-birthstone-bounce/4.5.8/vietnamese-400.css.gz
- fontsource-birthstone-bounce/4.5.8/vietnamese-400.min.css.br
- fontsource-birthstone-bounce/4.5.8/vietnamese-400.min.css.gz
- fontsource-birthstone-bounce/4.5.8/vietnamese-500.css.br
- fontsource-birthstone-bounce/4.5.8/vietnamese-500.css.gz
- fontsource-birthstone-bounce/4.5.8/vietnamese-500.min.css.br
- fontsource-birthstone-bounce/4.5.8/vietnamese-500.min.css.gz
- fontsource-birthstone-bounce/4.5.8/vietnamese.css.br
- fontsource-birthstone-bounce/4.5.8/vietnamese.css.gz
- fontsource-birthstone-bounce/4.5.8/vietnamese.min.css.br
- fontsource-birthstone-bounce/4.5.8/vietnamese.min.css.gz
SRIs:
- fontsource-birthstone-bounce/4.5.8/index.min.css: sha512-1n8cYUEXsIrhr3c3ygzdTvQ4mWac/TH/8Drjxkt2Pgq1hjgV+UZKqE8+uiAcnKs4kUNaKcMVPTFKFpNadXu6BA==
- fontsource-birthstone-bounce/4.5.8/latin-400.min.css: sha512-r3lCMolqxJv9yNxgqpJ0U/jIShBAzBNqbWmxJQCKKrMb5+XH8Abkss7EYKSRhl9td/YDfLIj25EVglDYYDCZ4g==
- fontsource-birthstone-bounce/4.5.8/latin-ext-400.css: sha512-og4GFAcnWa+rJa5U2ggaafOC0R+nPqTl8kIfJAl+U3zon9M25ZhQ9LxF1NBGsMNgoQjlRWDqlWSpMsry6hLviQ==
- fontsource-birthstone-bounce/4.5.8/latin-ext.min.css: sha512-LzsRGdyOLDbwJYxqPcVn+T9vuytSCsnBQjN9+P7LJbfvlbk9FEtVxNYHb6RoK1ndioBiTbtq+drBvLtuJvaAWQ==
- fontsource-birthstone-bounce/4.5.8/400.css: sha512-FDveJ1Oc5GNhbdTsqAN7I5U3noDsr6e3Q/K/oZW4I+bB/IlSj1EWIVXG5kX3LSmsu3gAsjypd9YMzzwvU7t63Q==
- fontsource-birthstone-bounce/4.5.8/400.min.css: sha512-1n8cYUEXsIrhr3c3ygzdTvQ4mWac/TH/8Drjxkt2Pgq1hjgV+UZKqE8+uiAcnKs4kUNaKcMVPTFKFpNadXu6BA==
- fontsource-birthstone-bounce/4.5.8/500.min.css: sha512-KVAmAISklGt9Y3wwydS9kEGgZysFUo0mAIY8GghpEDWcXPKMpcs5Xwl1GktMQgqKaBskUzJ3d1oLSMWtyTqM/A==
- fontsource-birthstone-bounce/4.5.8/index.css: sha512-FDveJ1Oc5GNhbdTsqAN7I5U3noDsr6e3Q/K/oZW4I+bB/IlSj1EWIVXG5kX3LSmsu3gAsjypd9YMzzwvU7t63Q==
- fontsource-birthstone-bounce/4.5.8/latin.css: sha512-q2A+4rwifi9f3+aU0RtFullkYtMfM8vQ9yVm7Hyui0tPixqdLVfwDAZwa1SziQsq9mpQq3Pcsh7rcr2FvIovFw==
- fontsource-birthstone-bounce/4.5.8/vietnamese-400.css: sha512-mErj015IGppdmzPgyXTacJimQe/690tTcwQpbJPSCk++xdaHV3M2Owu5FW0ESnEDD5t19V+kgFecGm5RNo0j4w==
- fontsource-birthstone-bounce/4.5.8/vietnamese-500.min.css: sha512-bGwO1S+RXQ/WQT6ziK6MKfs5EAIbm4j369TX1TTNwSCmBBdjKmIchC6Ftl25uMJTieVBac/V8HGYYvRRZfeB2A==
- fontsource-birthstone-bounce/4.5.8/latin-400.css: sha512-NH3ZTtG0crLOqrw7o+92lDS0eEFcmKWfPlXsHOqD5lxf5oB1IM1IVKbr9qKwN68OVYpyqkEzbN/KoxUWqjM5HA==
- fontsource-birthstone-bounce/4.5.8/latin-500.min.css: sha512-fUVZQf73pK9Zt9SbZNihY13q7dwV6aUhEWbLW72/Os/qO5RkqVbmU7mlAAfWcdslwTNsknjEAcnzE26+Pe5Y1Q==
- fontsource-birthstone-bounce/4.5.8/latin-ext.css: sha512-EVNfvjGifbzUN0TtF+5DndRbrsFjy68Et6pgK/4QwvqF/U53OOWRjhZPAWJJC5mi/MNztQkOF5DTDewIxYF4Qw==
- fontsource-birthstone-bounce/4.5.8/latin.min.css: sha512-G+ECBDZ5396O8Klp8RF5S1/mBSvngVxWvKrCi1Q1F0nnwot4TRWoXm+Ivs9W0WVmWi4oyYtMNHTzBAr7fUTQNg==
- fontsource-birthstone-bounce/4.5.8/500.css: sha512-wpAnZG49Xb3rf+/6SrCt6VfDwPHpLo/TwghjXlossqTezNNTOgfJZTF+viiVPaTU5ljv3aq2SaIiCo7iNEbgBg==
- fontsource-birthstone-bounce/4.5.8/latin-500.css: sha512-V9GEZxKseCfIh41dWEDSLrO/lCF11XbDsavxJZaHKJE7riO/6q2b45jma1uPFelQ18QtFHgmK8wTgoHmdvgQDg==
- fontsource-birthstone-bounce/4.5.8/vietnamese.css: sha512-kXAqE/ZrTkmxmN9lHG3/u1npRvnCoemVglNKDSqf0/g+hC6MzAWmuM0qam8ETGi5ZXzoWeCF2wzS4OSZkDml9w==
- fontsource-birthstone-bounce/4.5.8/vietnamese.min.css: sha512-kUQKpqZ79a+PYVqbbDzYkZNlKeUhv8kSiFJSHerP7xguPqlg+c7TuMJ2G8ETkttFqNltMVOlL+XV8UsENL67Tg==
- fontsource-birthstone-bounce/4.5.8/vietnamese-500.css: sha512-ybdwmWRYlGvngRH8zfdhqtSvvqxeyr8FwS07abIl8LhSQ97nR3lycKKLPzEi0XuzR8gWbIxirsVI5mkoGTDtXQ==
- fontsource-birthstone-bounce/4.5.8/latin-ext-400.min.css: sha512-b4bkMeS6O1Bw5qJZPdao+SHIJN9aV384/k4Xy7ewQKMJZI3Lvn/QJ+mrZ0jHniVu/3CUH7C1jWKdQUkoL8k+gw==
- fontsource-birthstone-bounce/4.5.8/latin-ext-500.css: sha512-8tVx4Hoi1YdHrPtSUUMnmVOPKoW7ggBnBhTz5X7ysi2NTl32QgR4TBTvSll43Zra1kK/9okSkfB5gffw5vTgnw==
- fontsource-birthstone-bounce/4.5.8/latin-ext-500.min.css: sha512-QcvIpEQOOPoYmzlQey6X9hb6fgMoUUdhunVwTo2YA7Raxby1VsoCI9jS/npgQ6iYRjwZHbEYcHw/vB9TElA26w==
- fontsource-birthstone-bounce/4.5.8/vietnamese-400.min.css: sha512-wuCdeZ/2rqHSVNm/belOTPO67RQ33iVFvTJ0qHmq7h7jvebM1AWMoxm2DVrBTlvVKJQbR4q10u3O4cYhpWZLEQ==
