config: {"authors":[{"name":"meodai@gmail.com"}],"autoupdate":{"source":"npm","target":"color-name-list","fileMap":[{"basePath":"dist","files":["*.@(js|mjs|json|scss)"]}]},"description":"long list of color names","filename":"colornames.umd.js","homepage":"https://github.com/meodai/color-names#readme","keywords":["colors","color","names","naming"],"license":"MIT","name":"color-name-list","repository":{"type":"git","url":"git+https://github.com/meodai/color-names.git"},"author":"meodai@gmail.com"}
KV keys:
- color-name-list/9.25.0/colornames.bestof.esm.js.br
- color-name-list/9.25.0/colornames.bestof.esm.js.gz
- color-name-list/9.25.0/colornames.bestof.esm.min.js.br
- color-name-list/9.25.0/colornames.bestof.esm.min.js.gz
- color-name-list/9.25.0/colornames.bestof.esm.mjs.br
- color-name-list/9.25.0/colornames.bestof.esm.mjs.gz
- color-name-list/9.25.0/colornames.bestof.json.br
- color-name-list/9.25.0/colornames.bestof.json.gz
- color-name-list/9.25.0/colornames.bestof.min.json.br
- color-name-list/9.25.0/colornames.bestof.min.json.gz
- color-name-list/9.25.0/colornames.bestof.scss.br
- color-name-list/9.25.0/colornames.bestof.scss.gz
- color-name-list/9.25.0/colornames.bestof.umd.js.br
- color-name-list/9.25.0/colornames.bestof.umd.js.gz
- color-name-list/9.25.0/colornames.bestof.umd.min.js.br
- color-name-list/9.25.0/colornames.bestof.umd.min.js.gz
- color-name-list/9.25.0/colornames.esm.js.br
- color-name-list/9.25.0/colornames.esm.js.gz
- color-name-list/9.25.0/colornames.esm.min.js.br
- color-name-list/9.25.0/colornames.esm.min.js.gz
- color-name-list/9.25.0/colornames.esm.mjs.br
- color-name-list/9.25.0/colornames.esm.mjs.gz
- color-name-list/9.25.0/colornames.json.br
- color-name-list/9.25.0/colornames.json.gz
- color-name-list/9.25.0/colornames.min.json.br
- color-name-list/9.25.0/colornames.min.json.gz
- color-name-list/9.25.0/colornames.scss.br
- color-name-list/9.25.0/colornames.scss.gz
- color-name-list/9.25.0/colornames.umd.js.br
- color-name-list/9.25.0/colornames.umd.js.gz
- color-name-list/9.25.0/colornames.umd.min.js.br
- color-name-list/9.25.0/colornames.umd.min.js.gz
SRIs:
- color-name-list/9.25.0/colornames.esm.min.js: sha512-5gzAbdIlfgqs55YJzZ1qveSab8maZ3G+akSLMypKgWKekyi++Kx2oL0922RAPAh3BG1hWf/3a866kJRNiWGtuQ==
- color-name-list/9.25.0/colornames.umd.js: sha512-r7WTQ9rTGLwpF5jQ/eP7BYbAX181GLHlpmWDcqjxFG3ooBaGLPXfSbSivW6c/JiByZJwYKHGK2TF+o8E1m/55w==
- color-name-list/9.25.0/colornames.umd.min.js: sha512-ajJCl3tWiHbIl2ODn2sCuA7oYoLVlwquIvVT/0wErOA6GR0vUQWfEilczXQd54X1MGyXhUBArat/Fo5Npv151g==
- color-name-list/9.25.0/colornames.bestof.esm.js: sha512-1kJjFCgImygWK9u9+FqnmNu0AyXwwsGwayx1LgezP6DSuOfOzPwFy7dNPatQuBQFWXCPQ1rCSR7Z3aVC93CAjw==
- color-name-list/9.25.0/colornames.bestof.esm.min.js: sha512-j+lOzxoasDKfTDG5SrRxXTrFh7isYV+DwPlWO9wX0zszU2rukifzKp/O0Zwjiuy9IOB1KndUtxQHEPget4tyIw==
- color-name-list/9.25.0/colornames.bestof.umd.js: sha512-Y6c7TC9t9UB7Ztg/40qekWCF+i0BFCAxR+BZd1TiAbi+tjZqt0lURiO0xW3MHalydVvA7zqvamsUd72CBwxqWA==
- color-name-list/9.25.0/colornames.bestof.umd.min.js: sha512-fMgzfl+yh3B17CV80iI1YFylbPFhed2m7EJ7K8Emgr3Zm0XP4Z8zn5W2uhy3QlOYSUCC3xE/67wXCp2SOWNmmw==
- color-name-list/9.25.0/colornames.esm.js: sha512-1YJpuHh4R7yKFnDIetc7JWzAjynS1FbBhhcWU5w1dRBKM3JC0alBQzK49MonxFzh1xTpYCXnb9kRYbNR3pujVw==
