2024/08/18 01:56:29 optimizing files (Js true, Css true, Png true, Jpg true)
2024/08/18 01:56:29 compress: run /node_modules/clean-css-cli/bin/cleancss (3.3.10) [--compatibility --s0 -o /tmp/work/400-italic.min.css /tmp/work/400-italic.css]
2024/08/18 01:56:29 compress: run /node_modules/clean-css-cli/bin/cleancss (3.3.10) [--compatibility --s0 -o /tmp/work/400.min.css /tmp/work/400.css]
2024/08/18 01:56:29 compress: run /node_modules/clean-css-cli/bin/cleancss (3.3.10) [--compatibility --s0 -o /tmp/work/500-italic.min.css /tmp/work/500-italic.css]
2024/08/18 01:56:29 compress: run /node_modules/clean-css-cli/bin/cleancss (3.3.10) [--compatibility --s0 -o /tmp/work/700.min.css /tmp/work/700.css]
2024/08/18 01:56:29 compress: run /node_modules/clean-css-cli/bin/cleancss (3.3.10) [--compatibility --s0 -o /tmp/work/600.min.css /tmp/work/600.css]
2024/08/18 01:56:29 compress: run /node_modules/clean-css-cli/bin/cleancss (3.3.10) [--compatibility --s0 -o /tmp/work/600-italic.min.css /tmp/work/600-italic.css]
2024/08/18 01:56:29 compress: run /node_modules/clean-css-cli/bin/cleancss (3.3.10) [--compatibility --s0 -o /tmp/work/500.min.css /tmp/work/500.css]
2024/08/18 01:56:29 compress: run /node_modules/clean-css-cli/bin/cleancss (3.3.10) [--compatibility --s0 -o /tmp/work/700-italic.min.css /tmp/work/700-italic.css]
2024/08/18 01:56:30 sri /tmp/work/600.min.css -> /output/600.min.css.sri
2024/08/18 01:56:30 algorithm: run /usr/bin/brotli --quality=11 --output=/output/600.min.css.br /tmp/work/600.min.css
2024/08/18 01:56:30 sri /tmp/work/500-italic.min.css -> /output/500-italic.min.css.sri
2024/08/18 01:56:30 algorithm: run /usr/bin/brotli --quality=11 --output=/output/500-italic.min.css.br /tmp/work/500-italic.min.css
2024/08/18 01:56:30 sri /tmp/work/700-italic.min.css -> /output/700-italic.min.css.sri
2024/08/18 01:56:30 algorithm: run /usr/bin/brotli --quality=11 --output=/output/700-italic.min.css.br /tmp/work/700-italic.min.css
2024/08/18 01:56:30 sri /tmp/work/400-italic.min.css -> /output/400-italic.min.css.sri
2024/08/18 01:56:30 algorithm: run /usr/bin/brotli --quality=11 --output=/output/400-italic.min.css.br /tmp/work/400-italic.min.css
2024/08/18 01:56:30 sri /tmp/work/600-italic.min.css -> /output/600-italic.min.css.sri
2024/08/18 01:56:30 algorithm: run /usr/bin/brotli --quality=11 --output=/output/600-italic.min.css.br /tmp/work/600-italic.min.css
2024/08/18 01:56:30 sri /tmp/work/400.min.css -> /output/400.min.css.sri
2024/08/18 01:56:30 algorithm: run /usr/bin/brotli --quality=11 --output=/output/400.min.css.br /tmp/work/400.min.css
2024/08/18 01:56:30 sri /tmp/work/700.min.css -> /output/700.min.css.sri
2024/08/18 01:56:30 algorithm: run /usr/bin/brotli --quality=11 --output=/output/700.min.css.br /tmp/work/700.min.css
2024/08/18 01:56:30 sri /tmp/work/500.min.css -> /output/500.min.css.sri
2024/08/18 01:56:30 algorithm: run /usr/bin/brotli --quality=11 --output=/output/500.min.css.br /tmp/work/500.min.css
2024/08/18 01:56:30 br /tmp/work/700-italic.min.css -> /output/700-italic.min.css.br
2024/08/18 01:56:30 br /tmp/work/500-italic.min.css -> /output/500-italic.min.css.br
2024/08/18 01:56:30 br /tmp/work/600.min.css -> /output/600.min.css.br
2024/08/18 01:56:30 gz /tmp/work/700-italic.min.css -> /output/700-italic.min.css.gz
2024/08/18 01:56:30 sri /tmp/work/700-italic.css -> /output/700-italic.css.sri
2024/08/18 01:56:30 algorithm: run /usr/bin/brotli --quality=11 --output=/output/700-italic.css.br /tmp/work/700-italic.css
2024/08/18 01:56:30 br /tmp/work/600-italic.min.css -> /output/600-italic.min.css.br
2024/08/18 01:56:30 br /tmp/work/400-italic.min.css -> /output/400-italic.min.css.br
2024/08/18 01:56:30 gz /tmp/work/500-italic.min.css -> /output/500-italic.min.css.gz
2024/08/18 01:56:30 sri /tmp/work/500-italic.css -> /output/500-italic.css.sri
2024/08/18 01:56:30 algorithm: run /usr/bin/brotli --quality=11 --output=/output/500-italic.css.br /tmp/work/500-italic.css
2024/08/18 01:56:30 gz /tmp/work/600.min.css -> /output/600.min.css.gz
2024/08/18 01:56:30 br /tmp/work/700.min.css -> /output/700.min.css.br
2024/08/18 01:56:30 br /tmp/work/400.min.css -> /output/400.min.css.br
2024/08/18 01:56:30 gz /tmp/work/600-italic.min.css -> /output/600-italic.min.css.gz
2024/08/18 01:56:30 sri /tmp/work/600.css -> /output/600.css.sri
2024/08/18 01:56:30 sri /tmp/work/600-italic.css -> /output/600-italic.css.sri
2024/08/18 01:56:30 algorithm: run /usr/bin/brotli --quality=11 --output=/output/600.css.br /tmp/work/600.css
2024/08/18 01:56:30 algorithm: run /usr/bin/brotli --quality=11 --output=/output/600-italic.css.br /tmp/work/600-italic.css
2024/08/18 01:56:30 br /tmp/work/500.min.css -> /output/500.min.css.br
2024/08/18 01:56:30 gz /tmp/work/500.min.css -> /output/500.min.css.gz
2024/08/18 01:56:30 gz /tmp/work/400-italic.min.css -> /output/400-italic.min.css.gz
2024/08/18 01:56:30 sri /tmp/work/500.css -> /output/500.css.sri
2024/08/18 01:56:30 sri /tmp/work/400-italic.css -> /output/400-italic.css.sri
2024/08/18 01:56:30 algorithm: run /usr/bin/brotli --quality=11 --output=/output/400-italic.css.br /tmp/work/400-italic.css
2024/08/18 01:56:30 algorithm: run /usr/bin/brotli --quality=11 --output=/output/500.css.br /tmp/work/500.css
2024/08/18 01:56:30 gz /tmp/work/700.min.css -> /output/700.min.css.gz
2024/08/18 01:56:30 gz /tmp/work/400.min.css -> /output/400.min.css.gz
2024/08/18 01:56:30 sri /tmp/work/700.css -> /output/700.css.sri
2024/08/18 01:56:30 sri /tmp/work/400.css -> /output/400.css.sri
2024/08/18 01:56:30 algorithm: run /usr/bin/brotli --quality=11 --output=/output/700.css.br /tmp/work/700.css
2024/08/18 01:56:30 algorithm: run /usr/bin/brotli --quality=11 --output=/output/400.css.br /tmp/work/400.css
2024/08/18 01:56:30 br /tmp/work/700-italic.css -> /output/700-italic.css.br
2024/08/18 01:56:30 gz /tmp/work/700-italic.css -> /output/700-italic.css.gz
2024/08/18 01:56:30 compress: run /node_modules/clean-css-cli/bin/cleancss (3.3.10) [--compatibility --s0 -o /tmp/work/800-italic.min.css /tmp/work/800-italic.css]
2024/08/18 01:56:30 br /tmp/work/500-italic.css -> /output/500-italic.css.br
2024/08/18 01:56:30 gz /tmp/work/500-italic.css -> /output/500-italic.css.gz
2024/08/18 01:56:30 compress: run /node_modules/clean-css-cli/bin/cleancss (3.3.10) [--compatibility --s0 -o /tmp/work/800.min.css /tmp/work/800.css]
2024/08/18 01:56:30 br /tmp/work/600.css -> /output/600.css.br
2024/08/18 01:56:30 br /tmp/work/600-italic.css -> /output/600-italic.css.br
2024/08/18 01:56:30 gz /tmp/work/600.css -> /output/600.css.gz
2024/08/18 01:56:30 compress: run /node_modules/clean-css-cli/bin/cleancss (3.3.10) [--compatibility --s0 -o /tmp/work/900-italic.min.css /tmp/work/900-italic.css]
2024/08/18 01:56:30 gz /tmp/work/600-italic.css -> /output/600-italic.css.gz
2024/08/18 01:56:30 compress: run /node_modules/clean-css-cli/bin/cleancss (3.3.10) [--compatibility --s0 -o /tmp/work/900.min.css /tmp/work/900.css]
2024/08/18 01:56:30 br /tmp/work/700.css -> /output/700.css.br
2024/08/18 01:56:30 br /tmp/work/400-italic.css -> /output/400-italic.css.br
2024/08/18 01:56:30 gz /tmp/work/700.css -> /output/700.css.gz
2024/08/18 01:56:30 compress: run /node_modules/clean-css-cli/bin/cleancss (3.3.10) [--compatibility --s0 -o /tmp/work/index.min.css /tmp/work/index.css]
2024/08/18 01:56:30 gz /tmp/work/400-italic.css -> /output/400-italic.css.gz
2024/08/18 01:56:30 compress: run /node_modules/clean-css-cli/bin/cleancss (3.3.10) [--compatibility --s0 -o /tmp/work/latin-400-italic.min.css /tmp/work/latin-400-italic.css]
2024/08/18 01:56:30 br /tmp/work/500.css -> /output/500.css.br
2024/08/18 01:56:30 gz /tmp/work/500.css -> /output/500.css.gz
2024/08/18 01:56:30 compress: run /node_modules/clean-css-cli/bin/cleancss (3.3.10) [--compatibility --s0 -o /tmp/work/latin-400.min.css /tmp/work/latin-400.css]
2024/08/18 01:56:30 br /tmp/work/400.css -> /output/400.css.br
2024/08/18 01:56:30 gz /tmp/work/400.css -> /output/400.css.gz
2024/08/18 01:56:30 compress: run /node_modules/clean-css-cli/bin/cleancss (3.3.10) [--compatibility --s0 -o /tmp/work/latin-500-italic.min.css /tmp/work/latin-500-italic.css]
2024/08/18 01:56:30 sri /tmp/work/latin-400.min.css -> /output/latin-400.min.css.sri
2024/08/18 01:56:30 algorithm: run /usr/bin/brotli --quality=11 --output=/output/latin-400.min.css.br /tmp/work/latin-400.min.css
2024/08/18 01:56:30 br /tmp/work/latin-400.min.css -> /output/latin-400.min.css.br
2024/08/18 01:56:30 gz /tmp/work/latin-400.min.css -> /output/latin-400.min.css.gz
2024/08/18 01:56:30 sri /tmp/work/latin-400.css -> /output/latin-400.css.sri
2024/08/18 01:56:30 algorithm: run /usr/bin/brotli --quality=11 --output=/output/latin-400.css.br /tmp/work/latin-400.css
2024/08/18 01:56:30 sri /tmp/work/900-italic.min.css -> /output/900-italic.min.css.sri
2024/08/18 01:56:30 algorithm: run /usr/bin/brotli --quality=11 --output=/output/900-italic.min.css.br /tmp/work/900-italic.min.css
2024/08/18 01:56:30 sri /tmp/work/800.min.css -> /output/800.min.css.sri
2024/08/18 01:56:30 algorithm: run /usr/bin/brotli --quality=11 --output=/output/800.min.css.br /tmp/work/800.min.css
2024/08/18 01:56:30 br /tmp/work/latin-400.css -> /output/latin-400.css.br
2024/08/18 01:56:30 gz /tmp/work/latin-400.css -> /output/latin-400.css.gz
2024/08/18 01:56:30 compress: run /node_modules/clean-css-cli/bin/cleancss (3.3.10) [--compatibility --s0 -o /tmp/work/latin-500.min.css /tmp/work/latin-500.css]
2024/08/18 01:56:30 sri /tmp/work/latin-500-italic.min.css -> /output/latin-500-italic.min.css.sri
2024/08/18 01:56:30 algorithm: run /usr/bin/brotli --quality=11 --output=/output/latin-500-italic.min.css.br /tmp/work/latin-500-italic.min.css
2024/08/18 01:56:30 sri /tmp/work/800-italic.min.css -> /output/800-italic.min.css.sri
2024/08/18 01:56:30 algorithm: run /usr/bin/brotli --quality=11 --output=/output/800-italic.min.css.br /tmp/work/800-italic.min.css
2024/08/18 01:56:30 sri /tmp/work/latin-400-italic.min.css -> /output/latin-400-italic.min.css.sri
2024/08/18 01:56:30 algorithm: run /usr/bin/brotli --quality=11 --output=/output/latin-400-italic.min.css.br /tmp/work/latin-400-italic.min.css
2024/08/18 01:56:30 br /tmp/work/latin-500-italic.min.css -> /output/latin-500-italic.min.css.br
2024/08/18 01:56:30 gz /tmp/work/latin-500-italic.min.css -> /output/latin-500-italic.min.css.gz
2024/08/18 01:56:30 sri /tmp/work/latin-500-italic.css -> /output/latin-500-italic.css.sri
2024/08/18 01:56:30 algorithm: run /usr/bin/brotli --quality=11 --output=/output/latin-500-italic.css.br /tmp/work/latin-500-italic.css
2024/08/18 01:56:30 br /tmp/work/latin-400-italic.min.css -> /output/latin-400-italic.min.css.br
2024/08/18 01:56:30 gz /tmp/work/latin-400-italic.min.css -> /output/latin-400-italic.min.css.gz
2024/08/18 01:56:30 br /tmp/work/latin-500-italic.css -> /output/latin-500-italic.css.br
2024/08/18 01:56:30 sri /tmp/work/latin-400-italic.css -> /output/latin-400-italic.css.sri
2024/08/18 01:56:30 algorithm: run /usr/bin/brotli --quality=11 --output=/output/latin-400-italic.css.br /tmp/work/latin-400-italic.css
2024/08/18 01:56:30 gz /tmp/work/latin-500-italic.css -> /output/latin-500-italic.css.gz
2024/08/18 01:56:30 compress: run /node_modules/clean-css-cli/bin/cleancss (3.3.10) [--compatibility --s0 -o /tmp/work/latin-600-italic.min.css /tmp/work/latin-600-italic.css]
2024/08/18 01:56:30 br /tmp/work/800.min.css -> /output/800.min.css.br
2024/08/18 01:56:30 gz /tmp/work/800.min.css -> /output/800.min.css.gz
2024/08/18 01:56:30 sri /tmp/work/800.css -> /output/800.css.sri
2024/08/18 01:56:30 algorithm: run /usr/bin/brotli --quality=11 --output=/output/800.css.br /tmp/work/800.css
2024/08/18 01:56:30 br /tmp/work/900-italic.min.css -> /output/900-italic.min.css.br
2024/08/18 01:56:30 gz /tmp/work/900-italic.min.css -> /output/900-italic.min.css.gz
2024/08/18 01:56:30 sri /tmp/work/900-italic.css -> /output/900-italic.css.sri
2024/08/18 01:56:30 algorithm: run /usr/bin/brotli --quality=11 --output=/output/900-italic.css.br /tmp/work/900-italic.css
2024/08/18 01:56:30 br /tmp/work/800-italic.min.css -> /output/800-italic.min.css.br
2024/08/18 01:56:30 br /tmp/work/latin-400-italic.css -> /output/latin-400-italic.css.br
2024/08/18 01:56:30 gz /tmp/work/800-italic.min.css -> /output/800-italic.min.css.gz
2024/08/18 01:56:30 gz /tmp/work/latin-400-italic.css -> /output/latin-400-italic.css.gz
2024/08/18 01:56:30 sri /tmp/work/800-italic.css -> /output/800-italic.css.sri
2024/08/18 01:56:30 algorithm: run /usr/bin/brotli --quality=11 --output=/output/800-italic.css.br /tmp/work/800-italic.css
2024/08/18 01:56:30 compress: run /node_modules/clean-css-cli/bin/cleancss (3.3.10) [--compatibility --s0 -o /tmp/work/latin-600.min.css /tmp/work/latin-600.css]
2024/08/18 01:56:30 sri /tmp/work/900.min.css -> /output/900.min.css.sri
2024/08/18 01:56:30 algorithm: run /usr/bin/brotli --quality=11 --output=/output/900.min.css.br /tmp/work/900.min.css
2024/08/18 01:56:30 sri /tmp/work/index.min.css -> /output/index.min.css.sri
2024/08/18 01:56:30 algorithm: run /usr/bin/brotli --quality=11 --output=/output/index.min.css.br /tmp/work/index.min.css
2024/08/18 01:56:30 br /tmp/work/800.css -> /output/800.css.br
2024/08/18 01:56:30 gz /tmp/work/800.css -> /output/800.css.gz
2024/08/18 01:56:30 compress: run /node_modules/clean-css-cli/bin/cleancss (3.3.10) [--compatibility --s0 -o /tmp/work/latin-700-italic.min.css /tmp/work/latin-700-italic.css]
2024/08/18 01:56:30 br /tmp/work/900-italic.css -> /output/900-italic.css.br
2024/08/18 01:56:30 gz /tmp/work/900-italic.css -> /output/900-italic.css.gz
2024/08/18 01:56:30 compress: run /node_modules/clean-css-cli/bin/cleancss (3.3.10) [--compatibility --s0 -o /tmp/work/latin-700.min.css /tmp/work/latin-700.css]
2024/08/18 01:56:30 br /tmp/work/800-italic.css -> /output/800-italic.css.br
2024/08/18 01:56:30 br /tmp/work/900.min.css -> /output/900.min.css.br
2024/08/18 01:56:30 gz /tmp/work/800-italic.css -> /output/800-italic.css.gz
2024/08/18 01:56:30 gz /tmp/work/900.min.css -> /output/900.min.css.gz
2024/08/18 01:56:30 compress: run /node_modules/clean-css-cli/bin/cleancss (3.3.10) [--compatibility --s0 -o /tmp/work/latin-800-italic.min.css /tmp/work/latin-800-italic.css]
2024/08/18 01:56:30 sri /tmp/work/900.css -> /output/900.css.sri
2024/08/18 01:56:30 algorithm: run /usr/bin/brotli --quality=11 --output=/output/900.css.br /tmp/work/900.css
2024/08/18 01:56:30 br /tmp/work/index.min.css -> /output/index.min.css.br
2024/08/18 01:56:30 gz /tmp/work/index.min.css -> /output/index.min.css.gz
2024/08/18 01:56:30 sri /tmp/work/index.css -> /output/index.css.sri
2024/08/18 01:56:30 algorithm: run /usr/bin/brotli --quality=11 --output=/output/index.css.br /tmp/work/index.css
2024/08/18 01:56:30 br /tmp/work/900.css -> /output/900.css.br
2024/08/18 01:56:30 gz /tmp/work/900.css -> /output/900.css.gz
2024/08/18 01:56:30 compress: run /node_modules/clean-css-cli/bin/cleancss (3.3.10) [--compatibility --s0 -o /tmp/work/latin-800.min.css /tmp/work/latin-800.css]
2024/08/18 01:56:30 br /tmp/work/index.css -> /output/index.css.br
2024/08/18 01:56:30 gz /tmp/work/index.css -> /output/index.css.gz
2024/08/18 01:56:30 compress: run /node_modules/clean-css-cli/bin/cleancss (3.3.10) [--compatibility --s0 -o /tmp/work/latin-900-italic.min.css /tmp/work/latin-900-italic.css]
2024/08/18 01:56:30 sri /tmp/work/latin-500.min.css -> /output/latin-500.min.css.sri
2024/08/18 01:56:30 algorithm: run /usr/bin/brotli --quality=11 --output=/output/latin-500.min.css.br /tmp/work/latin-500.min.css
2024/08/18 01:56:30 br /tmp/work/latin-500.min.css -> /output/latin-500.min.css.br
2024/08/18 01:56:30 gz /tmp/work/latin-500.min.css -> /output/latin-500.min.css.gz
2024/08/18 01:56:30 sri /tmp/work/latin-500.css -> /output/latin-500.css.sri
2024/08/18 01:56:30 algorithm: run /usr/bin/brotli --quality=11 --output=/output/latin-500.css.br /tmp/work/latin-500.css
2024/08/18 01:56:30 br /tmp/work/latin-500.css -> /output/latin-500.css.br
2024/08/18 01:56:30 gz /tmp/work/latin-500.css -> /output/latin-500.css.gz
2024/08/18 01:56:30 compress: run /node_modules/clean-css-cli/bin/cleancss (3.3.10) [--compatibility --s0 -o /tmp/work/latin-900.min.css /tmp/work/latin-900.css]
2024/08/18 01:56:30 sri /tmp/work/latin-600-italic.min.css -> /output/latin-600-italic.min.css.sri
2024/08/18 01:56:30 algorithm: run /usr/bin/brotli --quality=11 --output=/output/latin-600-italic.min.css.br /tmp/work/latin-600-italic.min.css
2024/08/18 01:56:30 sri /tmp/work/latin-600.min.css -> /output/latin-600.min.css.sri
2024/08/18 01:56:30 algorithm: run /usr/bin/brotli --quality=11 --output=/output/latin-600.min.css.br /tmp/work/latin-600.min.css
2024/08/18 01:56:30 sri /tmp/work/latin-700-italic.min.css -> /output/latin-700-italic.min.css.sri
2024/08/18 01:56:30 algorithm: run /usr/bin/brotli --quality=11 --output=/output/latin-700-italic.min.css.br /tmp/work/latin-700-italic.min.css
2024/08/18 01:56:30 br /tmp/work/latin-600-italic.min.css -> /output/latin-600-italic.min.css.br
2024/08/18 01:56:30 gz /tmp/work/latin-600-italic.min.css -> /output/latin-600-italic.min.css.gz
2024/08/18 01:56:30 sri /tmp/work/latin-600-italic.css -> /output/latin-600-italic.css.sri
2024/08/18 01:56:30 algorithm: run /usr/bin/brotli --quality=11 --output=/output/latin-600-italic.css.br /tmp/work/latin-600-italic.css
2024/08/18 01:56:30 br /tmp/work/latin-600.min.css -> /output/latin-600.min.css.br
2024/08/18 01:56:30 sri /tmp/work/latin-800-italic.min.css -> /output/latin-800-italic.min.css.sri
2024/08/18 01:56:30 algorithm: run /usr/bin/brotli --quality=11 --output=/output/latin-800-italic.min.css.br /tmp/work/latin-800-italic.min.css
2024/08/18 01:56:30 gz /tmp/work/latin-600.min.css -> /output/latin-600.min.css.gz
2024/08/18 01:56:30 sri /tmp/work/latin-600.css -> /output/latin-600.css.sri
2024/08/18 01:56:30 algorithm: run /usr/bin/brotli --quality=11 --output=/output/latin-600.css.br /tmp/work/latin-600.css
2024/08/18 01:56:30 br /tmp/work/latin-700-italic.min.css -> /output/latin-700-italic.min.css.br
2024/08/18 01:56:30 br /tmp/work/latin-600-italic.css -> /output/latin-600-italic.css.br
2024/08/18 01:56:30 gz /tmp/work/latin-700-italic.min.css -> /output/latin-700-italic.min.css.gz
2024/08/18 01:56:30 gz /tmp/work/latin-600-italic.css -> /output/latin-600-italic.css.gz
2024/08/18 01:56:30 sri /tmp/work/latin-700.min.css -> /output/latin-700.min.css.sri
2024/08/18 01:56:30 compress: run /node_modules/clean-css-cli/bin/cleancss (3.3.10) [--compatibility --s0 -o /tmp/work/latin-ext-400-italic.min.css /tmp/work/latin-ext-400-italic.css]
2024/08/18 01:56:30 sri /tmp/work/latin-700-italic.css -> /output/latin-700-italic.css.sri
2024/08/18 01:56:30 algorithm: run /usr/bin/brotli --quality=11 --output=/output/latin-700-italic.css.br /tmp/work/latin-700-italic.css
2024/08/18 01:56:30 algorithm: run /usr/bin/brotli --quality=11 --output=/output/latin-700.min.css.br /tmp/work/latin-700.min.css
2024/08/18 01:56:30 br /tmp/work/latin-800-italic.min.css -> /output/latin-800-italic.min.css.br
2024/08/18 01:56:30 gz /tmp/work/latin-800-italic.min.css -> /output/latin-800-italic.min.css.gz
2024/08/18 01:56:30 sri /tmp/work/latin-800-italic.css -> /output/latin-800-italic.css.sri
2024/08/18 01:56:30 algorithm: run /usr/bin/brotli --quality=11 --output=/output/latin-800-italic.css.br /tmp/work/latin-800-italic.css
2024/08/18 01:56:30 br /tmp/work/latin-600.css -> /output/latin-600.css.br
2024/08/18 01:56:30 br /tmp/work/latin-700.min.css -> /output/latin-700.min.css.br
2024/08/18 01:56:30 gz /tmp/work/latin-600.css -> /output/latin-600.css.gz
2024/08/18 01:56:30 compress: run /node_modules/clean-css-cli/bin/cleancss (3.3.10) [--compatibility --s0 -o /tmp/work/latin-ext-400.min.css /tmp/work/latin-ext-400.css]
2024/08/18 01:56:30 br /tmp/work/latin-700-italic.css -> /output/latin-700-italic.css.br
2024/08/18 01:56:30 gz /tmp/work/latin-700.min.css -> /output/latin-700.min.css.gz
2024/08/18 01:56:30 gz /tmp/work/latin-700-italic.css -> /output/latin-700-italic.css.gz
2024/08/18 01:56:30 sri /tmp/work/latin-700.css -> /output/latin-700.css.sri
2024/08/18 01:56:30 compress: run /node_modules/clean-css-cli/bin/cleancss (3.3.10) [--compatibility --s0 -o /tmp/work/latin-ext-500-italic.min.css /tmp/work/latin-ext-500-italic.css]
2024/08/18 01:56:30 algorithm: run /usr/bin/brotli --quality=11 --output=/output/latin-700.css.br /tmp/work/latin-700.css
2024/08/18 01:56:30 br /tmp/work/latin-800-italic.css -> /output/latin-800-italic.css.br
2024/08/18 01:56:30 gz /tmp/work/latin-800-italic.css -> /output/latin-800-italic.css.gz
2024/08/18 01:56:30 compress: run /node_modules/clean-css-cli/bin/cleancss (3.3.10) [--compatibility --s0 -o /tmp/work/latin-ext-500.min.css /tmp/work/latin-ext-500.css]
2024/08/18 01:56:30 br /tmp/work/latin-700.css -> /output/latin-700.css.br
2024/08/18 01:56:30 gz /tmp/work/latin-700.css -> /output/latin-700.css.gz
2024/08/18 01:56:30 compress: run /node_modules/clean-css-cli/bin/cleancss (3.3.10) [--compatibility --s0 -o /tmp/work/latin-ext-600-italic.min.css /tmp/work/latin-ext-600-italic.css]
2024/08/18 01:56:30 sri /tmp/work/latin-800.min.css -> /output/latin-800.min.css.sri
2024/08/18 01:56:30 algorithm: run /usr/bin/brotli --quality=11 --output=/output/latin-800.min.css.br /tmp/work/latin-800.min.css
2024/08/18 01:56:30 br /tmp/work/latin-800.min.css -> /output/latin-800.min.css.br
2024/08/18 01:56:30 gz /tmp/work/latin-800.min.css -> /output/latin-800.min.css.gz
2024/08/18 01:56:30 sri /tmp/work/latin-800.css -> /output/latin-800.css.sri
2024/08/18 01:56:30 algorithm: run /usr/bin/brotli --quality=11 --output=/output/latin-800.css.br /tmp/work/latin-800.css
2024/08/18 01:56:30 br /tmp/work/latin-800.css -> /output/latin-800.css.br
2024/08/18 01:56:30 gz /tmp/work/latin-800.css -> /output/latin-800.css.gz
2024/08/18 01:56:30 compress: run /node_modules/clean-css-cli/bin/cleancss (3.3.10) [--compatibility --s0 -o /tmp/work/latin-ext-600.min.css /tmp/work/latin-ext-600.css]
2024/08/18 01:56:30 sri /tmp/work/latin-900-italic.min.css -> /output/latin-900-italic.min.css.sri
2024/08/18 01:56:30 algorithm: run /usr/bin/brotli --quality=11 --output=/output/latin-900-italic.min.css.br /tmp/work/latin-900-italic.min.css
2024/08/18 01:56:30 br /tmp/work/latin-900-italic.min.css -> /output/latin-900-italic.min.css.br
2024/08/18 01:56:30 gz /tmp/work/latin-900-italic.min.css -> /output/latin-900-italic.min.css.gz
2024/08/18 01:56:30 sri /tmp/work/latin-900-italic.css -> /output/latin-900-italic.css.sri
2024/08/18 01:56:30 algorithm: run /usr/bin/brotli --quality=11 --output=/output/latin-900-italic.css.br /tmp/work/latin-900-italic.css
2024/08/18 01:56:30 br /tmp/work/latin-900-italic.css -> /output/latin-900-italic.css.br
2024/08/18 01:56:30 gz /tmp/work/latin-900-italic.css -> /output/latin-900-italic.css.gz
2024/08/18 01:56:30 compress: run /node_modules/clean-css-cli/bin/cleancss (3.3.10) [--compatibility --s0 -o /tmp/work/latin-ext-700-italic.min.css /tmp/work/latin-ext-700-italic.css]
2024/08/18 01:56:30 sri /tmp/work/latin-900.min.css -> /output/latin-900.min.css.sri
2024/08/18 01:56:30 algorithm: run /usr/bin/brotli --quality=11 --output=/output/latin-900.min.css.br /tmp/work/latin-900.min.css
2024/08/18 01:56:30 br /tmp/work/latin-900.min.css -> /output/latin-900.min.css.br
2024/08/18 01:56:30 gz /tmp/work/latin-900.min.css -> /output/latin-900.min.css.gz
2024/08/18 01:56:30 sri /tmp/work/latin-900.css -> /output/latin-900.css.sri
2024/08/18 01:56:30 algorithm: run /usr/bin/brotli --quality=11 --output=/output/latin-900.css.br /tmp/work/latin-900.css
2024/08/18 01:56:30 br /tmp/work/latin-900.css -> /output/latin-900.css.br
2024/08/18 01:56:30 gz /tmp/work/latin-900.css -> /output/latin-900.css.gz
2024/08/18 01:56:30 compress: run /node_modules/clean-css-cli/bin/cleancss (3.3.10) [--compatibility --s0 -o /tmp/work/latin-ext-700.min.css /tmp/work/latin-ext-700.css]
2024/08/18 01:56:30 sri /tmp/work/latin-ext-500-italic.min.css -> /output/latin-ext-500-italic.min.css.sri
2024/08/18 01:56:30 sri /tmp/work/latin-ext-400.min.css -> /output/latin-ext-400.min.css.sri
2024/08/18 01:56:30 algorithm: run /usr/bin/brotli --quality=11 --output=/output/latin-ext-400.min.css.br /tmp/work/latin-ext-400.min.css
2024/08/18 01:56:30 algorithm: run /usr/bin/brotli --quality=11 --output=/output/latin-ext-500-italic.min.css.br /tmp/work/latin-ext-500-italic.min.css
2024/08/18 01:56:30 sri /tmp/work/latin-ext-400-italic.min.css -> /output/latin-ext-400-italic.min.css.sri
2024/08/18 01:56:30 algorithm: run /usr/bin/brotli --quality=11 --output=/output/latin-ext-400-italic.min.css.br /tmp/work/latin-ext-400-italic.min.css
2024/08/18 01:56:30 sri /tmp/work/latin-ext-500.min.css -> /output/latin-ext-500.min.css.sri
2024/08/18 01:56:30 algorithm: run /usr/bin/brotli --quality=11 --output=/output/latin-ext-500.min.css.br /tmp/work/latin-ext-500.min.css
2024/08/18 01:56:30 br /tmp/work/latin-ext-400.min.css -> /output/latin-ext-400.min.css.br
2024/08/18 01:56:30 gz /tmp/work/latin-ext-400.min.css -> /output/latin-ext-400.min.css.gz
2024/08/18 01:56:30 sri /tmp/work/latin-ext-400.css -> /output/latin-ext-400.css.sri
2024/08/18 01:56:30 algorithm: run /usr/bin/brotli --quality=11 --output=/output/latin-ext-400.css.br /tmp/work/latin-ext-400.css
2024/08/18 01:56:30 br /tmp/work/latin-ext-500-italic.min.css -> /output/latin-ext-500-italic.min.css.br
2024/08/18 01:56:30 gz /tmp/work/latin-ext-500-italic.min.css -> /output/latin-ext-500-italic.min.css.gz
2024/08/18 01:56:30 sri /tmp/work/latin-ext-500-italic.css -> /output/latin-ext-500-italic.css.sri
2024/08/18 01:56:30 algorithm: run /usr/bin/brotli --quality=11 --output=/output/latin-ext-500-italic.css.br /tmp/work/latin-ext-500-italic.css
2024/08/18 01:56:30 sri /tmp/work/latin-ext-600-italic.min.css -> /output/latin-ext-600-italic.min.css.sri
2024/08/18 01:56:30 algorithm: run /usr/bin/brotli --quality=11 --output=/output/latin-ext-600-italic.min.css.br /tmp/work/latin-ext-600-italic.min.css
2024/08/18 01:56:30 br /tmp/work/latin-ext-400-italic.min.css -> /output/latin-ext-400-italic.min.css.br
2024/08/18 01:56:30 gz /tmp/work/latin-ext-400-italic.min.css -> /output/latin-ext-400-italic.min.css.gz
2024/08/18 01:56:30 br /tmp/work/latin-ext-500.min.css -> /output/latin-ext-500.min.css.br
2024/08/18 01:56:30 sri /tmp/work/latin-ext-400-italic.css -> /output/latin-ext-400-italic.css.sri
2024/08/18 01:56:30 algorithm: run /usr/bin/brotli --quality=11 --output=/output/latin-ext-400-italic.css.br /tmp/work/latin-ext-400-italic.css
2024/08/18 01:56:30 br /tmp/work/latin-ext-500-italic.css -> /output/latin-ext-500-italic.css.br
2024/08/18 01:56:30 gz /tmp/work/latin-ext-500-italic.css -> /output/latin-ext-500-italic.css.gz
2024/08/18 01:56:30 br /tmp/work/latin-ext-400.css -> /output/latin-ext-400.css.br
2024/08/18 01:56:30 br /tmp/work/latin-ext-600-italic.min.css -> /output/latin-ext-600-italic.min.css.br
2024/08/18 01:56:30 gz /tmp/work/latin-ext-500.min.css -> /output/latin-ext-500.min.css.gz
2024/08/18 01:56:30 sri /tmp/work/latin-ext-500.css -> /output/latin-ext-500.css.sri
2024/08/18 01:56:30 compress: run /node_modules/clean-css-cli/bin/cleancss (3.3.10) [--compatibility --s0 -o /tmp/work/latin-ext-800-italic.min.css /tmp/work/latin-ext-800-italic.css]
2024/08/18 01:56:30 algorithm: run /usr/bin/brotli --quality=11 --output=/output/latin-ext-500.css.br /tmp/work/latin-ext-500.css
2024/08/18 01:56:30 gz /tmp/work/latin-ext-400.css -> /output/latin-ext-400.css.gz
2024/08/18 01:56:30 gz /tmp/work/latin-ext-600-italic.min.css -> /output/latin-ext-600-italic.min.css.gz
2024/08/18 01:56:30 compress: run /node_modules/clean-css-cli/bin/cleancss (3.3.10) [--compatibility --s0 -o /tmp/work/latin-ext-800.min.css /tmp/work/latin-ext-800.css]
2024/08/18 01:56:30 sri /tmp/work/latin-ext-600-italic.css -> /output/latin-ext-600-italic.css.sri
2024/08/18 01:56:30 algorithm: run /usr/bin/brotli --quality=11 --output=/output/latin-ext-600-italic.css.br /tmp/work/latin-ext-600-italic.css
2024/08/18 01:56:30 br /tmp/work/latin-ext-400-italic.css -> /output/latin-ext-400-italic.css.br
2024/08/18 01:56:30 gz /tmp/work/latin-ext-400-italic.css -> /output/latin-ext-400-italic.css.gz
2024/08/18 01:56:30 compress: run /node_modules/clean-css-cli/bin/cleancss (3.3.10) [--compatibility --s0 -o /tmp/work/latin-ext-900-italic.min.css /tmp/work/latin-ext-900-italic.css]
2024/08/18 01:56:30 br /tmp/work/latin-ext-500.css -> /output/latin-ext-500.css.br
2024/08/18 01:56:30 gz /tmp/work/latin-ext-500.css -> /output/latin-ext-500.css.gz
2024/08/18 01:56:30 compress: run /node_modules/clean-css-cli/bin/cleancss (3.3.10) [--compatibility --s0 -o /tmp/work/latin-ext-900.min.css /tmp/work/latin-ext-900.css]
2024/08/18 01:56:30 br /tmp/work/latin-ext-600-italic.css -> /output/latin-ext-600-italic.css.br
2024/08/18 01:56:30 gz /tmp/work/latin-ext-600-italic.css -> /output/latin-ext-600-italic.css.gz
2024/08/18 01:56:30 compress: run /node_modules/clean-css-cli/bin/cleancss (3.3.10) [--compatibility --s0 -o /tmp/work/latin-ext-italic.min.css /tmp/work/latin-ext-italic.css]
2024/08/18 01:56:30 sri /tmp/work/latin-ext-600.min.css -> /output/latin-ext-600.min.css.sri
2024/08/18 01:56:30 algorithm: run /usr/bin/brotli --quality=11 --output=/output/latin-ext-600.min.css.br /tmp/work/latin-ext-600.min.css
2024/08/18 01:56:30 br /tmp/work/latin-ext-600.min.css -> /output/latin-ext-600.min.css.br
2024/08/18 01:56:30 gz /tmp/work/latin-ext-600.min.css -> /output/latin-ext-600.min.css.gz
2024/08/18 01:56:30 sri /tmp/work/latin-ext-600.css -> /output/latin-ext-600.css.sri
2024/08/18 01:56:30 algorithm: run /usr/bin/brotli --quality=11 --output=/output/latin-ext-600.css.br /tmp/work/latin-ext-600.css
2024/08/18 01:56:30 br /tmp/work/latin-ext-600.css -> /output/latin-ext-600.css.br
2024/08/18 01:56:30 gz /tmp/work/latin-ext-600.css -> /output/latin-ext-600.css.gz
2024/08/18 01:56:30 compress: run /node_modules/clean-css-cli/bin/cleancss (3.3.10) [--compatibility --s0 -o /tmp/work/latin-ext.min.css /tmp/work/latin-ext.css]
2024/08/18 01:56:30 sri /tmp/work/latin-ext-700-italic.min.css -> /output/latin-ext-700-italic.min.css.sri
2024/08/18 01:56:30 algorithm: run /usr/bin/brotli --quality=11 --output=/output/latin-ext-700-italic.min.css.br /tmp/work/latin-ext-700-italic.min.css
2024/08/18 01:56:30 br /tmp/work/latin-ext-700-italic.min.css -> /output/latin-ext-700-italic.min.css.br
2024/08/18 01:56:30 gz /tmp/work/latin-ext-700-italic.min.css -> /output/latin-ext-700-italic.min.css.gz
2024/08/18 01:56:30 sri /tmp/work/latin-ext-700-italic.css -> /output/latin-ext-700-italic.css.sri
2024/08/18 01:56:30 algorithm: run /usr/bin/brotli --quality=11 --output=/output/latin-ext-700-italic.css.br /tmp/work/latin-ext-700-italic.css
2024/08/18 01:56:30 br /tmp/work/latin-ext-700-italic.css -> /output/latin-ext-700-italic.css.br
2024/08/18 01:56:30 gz /tmp/work/latin-ext-700-italic.css -> /output/latin-ext-700-italic.css.gz
2024/08/18 01:56:30 compress: run /node_modules/clean-css-cli/bin/cleancss (3.3.10) [--compatibility --s0 -o /tmp/work/latin-italic.min.css /tmp/work/latin-italic.css]
2024/08/18 01:56:30 sri /tmp/work/latin-ext-700.min.css -> /output/latin-ext-700.min.css.sri
2024/08/18 01:56:30 algorithm: run /usr/bin/brotli --quality=11 --output=/output/latin-ext-700.min.css.br /tmp/work/latin-ext-700.min.css
2024/08/18 01:56:30 br /tmp/work/latin-ext-700.min.css -> /output/latin-ext-700.min.css.br
2024/08/18 01:56:30 gz /tmp/work/latin-ext-700.min.css -> /output/latin-ext-700.min.css.gz
2024/08/18 01:56:30 sri /tmp/work/latin-ext-700.css -> /output/latin-ext-700.css.sri
2024/08/18 01:56:30 algorithm: run /usr/bin/brotli --quality=11 --output=/output/latin-ext-700.css.br /tmp/work/latin-ext-700.css
2024/08/18 01:56:30 br /tmp/work/latin-ext-700.css -> /output/latin-ext-700.css.br
2024/08/18 01:56:30 gz /tmp/work/latin-ext-700.css -> /output/latin-ext-700.css.gz
2024/08/18 01:56:30 compress: run /node_modules/clean-css-cli/bin/cleancss (3.3.10) [--compatibility --s0 -o /tmp/work/latin.min.css /tmp/work/latin.css]
2024/08/18 01:56:30 sri /tmp/work/latin-ext-800-italic.min.css -> /output/latin-ext-800-italic.min.css.sri
2024/08/18 01:56:30 algorithm: run /usr/bin/brotli --quality=11 --output=/output/latin-ext-800-italic.min.css.br /tmp/work/latin-ext-800-italic.min.css
2024/08/18 01:56:30 sri /tmp/work/latin-ext-800.min.css -> /output/latin-ext-800.min.css.sri
2024/08/18 01:56:30 algorithm: run /usr/bin/brotli --quality=11 --output=/output/latin-ext-800.min.css.br /tmp/work/latin-ext-800.min.css
2024/08/18 01:56:30 br /tmp/work/latin-ext-800-italic.min.css -> /output/latin-ext-800-italic.min.css.br
2024/08/18 01:56:30 gz /tmp/work/latin-ext-800-italic.min.css -> /output/latin-ext-800-italic.min.css.gz
2024/08/18 01:56:30 sri /tmp/work/latin-ext-800-italic.css -> /output/latin-ext-800-italic.css.sri
2024/08/18 01:56:30 algorithm: run /usr/bin/brotli --quality=11 --output=/output/latin-ext-800-italic.css.br /tmp/work/latin-ext-800-italic.css
2024/08/18 01:56:30 br /tmp/work/latin-ext-800.min.css -> /output/latin-ext-800.min.css.br
2024/08/18 01:56:30 gz /tmp/work/latin-ext-800.min.css -> /output/latin-ext-800.min.css.gz
2024/08/18 01:56:30 sri /tmp/work/latin-ext-800.css -> /output/latin-ext-800.css.sri
2024/08/18 01:56:30 algorithm: run /usr/bin/brotli --quality=11 --output=/output/latin-ext-800.css.br /tmp/work/latin-ext-800.css
2024/08/18 01:56:30 sri /tmp/work/latin-ext-900.min.css -> /output/latin-ext-900.min.css.sri
2024/08/18 01:56:30 algorithm: run /usr/bin/brotli --quality=11 --output=/output/latin-ext-900.min.css.br /tmp/work/latin-ext-900.min.css
2024/08/18 01:56:30 br /tmp/work/latin-ext-800-italic.css -> /output/latin-ext-800-italic.css.br
2024/08/18 01:56:30 gz /tmp/work/latin-ext-800-italic.css -> /output/latin-ext-800-italic.css.gz
2024/08/18 01:56:30 sri /tmp/work/latin-ext-italic.min.css -> /output/latin-ext-italic.min.css.sri
2024/08/18 01:56:30 compress: run /node_modules/clean-css-cli/bin/cleancss (3.3.10) [--compatibility --s0 -o /tmp/work/math-400-italic.min.css /tmp/work/math-400-italic.css]
2024/08/18 01:56:30 algorithm: run /usr/bin/brotli --quality=11 --output=/output/latin-ext-italic.min.css.br /tmp/work/latin-ext-italic.min.css
2024/08/18 01:56:30 br /tmp/work/latin-ext-900.min.css -> /output/latin-ext-900.min.css.br
2024/08/18 01:56:30 gz /tmp/work/latin-ext-900.min.css -> /output/latin-ext-900.min.css.gz
2024/08/18 01:56:30 br /tmp/work/latin-ext-800.css -> /output/latin-ext-800.css.br
2024/08/18 01:56:30 sri /tmp/work/latin-ext-900-italic.min.css -> /output/latin-ext-900-italic.min.css.sri
2024/08/18 01:56:30 algorithm: run /usr/bin/brotli --quality=11 --output=/output/latin-ext-900-italic.min.css.br /tmp/work/latin-ext-900-italic.min.css
2024/08/18 01:56:30 sri /tmp/work/latin-ext-900.css -> /output/latin-ext-900.css.sri
2024/08/18 01:56:30 algorithm: run /usr/bin/brotli --quality=11 --output=/output/latin-ext-900.css.br /tmp/work/latin-ext-900.css
2024/08/18 01:56:30 gz /tmp/work/latin-ext-800.css -> /output/latin-ext-800.css.gz
2024/08/18 01:56:30 compress: run /node_modules/clean-css-cli/bin/cleancss (3.3.10) [--compatibility --s0 -o /tmp/work/math-400.min.css /tmp/work/math-400.css]
2024/08/18 01:56:30 br /tmp/work/latin-ext-900-italic.min.css -> /output/latin-ext-900-italic.min.css.br
2024/08/18 01:56:30 gz /tmp/work/latin-ext-900-italic.min.css -> /output/latin-ext-900-italic.min.css.gz
2024/08/18 01:56:30 sri /tmp/work/latin-ext-900-italic.css -> /output/latin-ext-900-italic.css.sri
2024/08/18 01:56:30 algorithm: run /usr/bin/brotli --quality=11 --output=/output/latin-ext-900-italic.css.br /tmp/work/latin-ext-900-italic.css
2024/08/18 01:56:30 br /tmp/work/latin-ext-900.css -> /output/latin-ext-900.css.br
2024/08/18 01:56:30 gz /tmp/work/latin-ext-900.css -> /output/latin-ext-900.css.gz
2024/08/18 01:56:30 compress: run /node_modules/clean-css-cli/bin/cleancss (3.3.10) [--compatibility --s0 -o /tmp/work/math-500-italic.min.css /tmp/work/math-500-italic.css]
2024/08/18 01:56:30 br /tmp/work/latin-ext-italic.min.css -> /output/latin-ext-italic.min.css.br
2024/08/18 01:56:30 gz /tmp/work/latin-ext-italic.min.css -> /output/latin-ext-italic.min.css.gz
2024/08/18 01:56:30 sri /tmp/work/latin-ext-italic.css -> /output/latin-ext-italic.css.sri
2024/08/18 01:56:30 algorithm: run /usr/bin/brotli --quality=11 --output=/output/latin-ext-italic.css.br /tmp/work/latin-ext-italic.css
2024/08/18 01:56:30 br /tmp/work/latin-ext-900-italic.css -> /output/latin-ext-900-italic.css.br
2024/08/18 01:56:30 gz /tmp/work/latin-ext-900-italic.css -> /output/latin-ext-900-italic.css.gz
2024/08/18 01:56:30 compress: run /node_modules/clean-css-cli/bin/cleancss (3.3.10) [--compatibility --s0 -o /tmp/work/math-500.min.css /tmp/work/math-500.css]
2024/08/18 01:56:30 br /tmp/work/latin-ext-italic.css -> /output/latin-ext-italic.css.br
2024/08/18 01:56:30 gz /tmp/work/latin-ext-italic.css -> /output/latin-ext-italic.css.gz
2024/08/18 01:56:30 compress: run /node_modules/clean-css-cli/bin/cleancss (3.3.10) [--compatibility --s0 -o /tmp/work/math-600-italic.min.css /tmp/work/math-600-italic.css]
2024/08/18 01:56:30 sri /tmp/work/latin-ext.min.css -> /output/latin-ext.min.css.sri
2024/08/18 01:56:30 algorithm: run /usr/bin/brotli --quality=11 --output=/output/latin-ext.min.css.br /tmp/work/latin-ext.min.css
2024/08/18 01:56:30 br /tmp/work/latin-ext.min.css -> /output/latin-ext.min.css.br
2024/08/18 01:56:30 gz /tmp/work/latin-ext.min.css -> /output/latin-ext.min.css.gz
2024/08/18 01:56:30 sri /tmp/work/latin-ext.css -> /output/latin-ext.css.sri
2024/08/18 01:56:30 algorithm: run /usr/bin/brotli --quality=11 --output=/output/latin-ext.css.br /tmp/work/latin-ext.css
2024/08/18 01:56:30 br /tmp/work/latin-ext.css -> /output/latin-ext.css.br
2024/08/18 01:56:30 gz /tmp/work/latin-ext.css -> /output/latin-ext.css.gz
2024/08/18 01:56:30 compress: run /node_modules/clean-css-cli/bin/cleancss (3.3.10) [--compatibility --s0 -o /tmp/work/math-600.min.css /tmp/work/math-600.css]
2024/08/18 01:56:30 sri /tmp/work/latin-italic.min.css -> /output/latin-italic.min.css.sri
2024/08/18 01:56:30 algorithm: run /usr/bin/brotli --quality=11 --output=/output/latin-italic.min.css.br /tmp/work/latin-italic.min.css
2024/08/18 01:56:30 br /tmp/work/latin-italic.min.css -> /output/latin-italic.min.css.br
2024/08/18 01:56:30 gz /tmp/work/latin-italic.min.css -> /output/latin-italic.min.css.gz
2024/08/18 01:56:30 sri /tmp/work/latin-italic.css -> /output/latin-italic.css.sri
2024/08/18 01:56:30 algorithm: run /usr/bin/brotli --quality=11 --output=/output/latin-italic.css.br /tmp/work/latin-italic.css
2024/08/18 01:56:30 br /tmp/work/latin-italic.css -> /output/latin-italic.css.br
2024/08/18 01:56:30 gz /tmp/work/latin-italic.css -> /output/latin-italic.css.gz
2024/08/18 01:56:30 compress: run /node_modules/clean-css-cli/bin/cleancss (3.3.10) [--compatibility --s0 -o /tmp/work/math-700-italic.min.css /tmp/work/math-700-italic.css]
2024/08/18 01:56:31 sri /tmp/work/latin.min.css -> /output/latin.min.css.sri
2024/08/18 01:56:31 algorithm: run /usr/bin/brotli --quality=11 --output=/output/latin.min.css.br /tmp/work/latin.min.css
2024/08/18 01:56:31 br /tmp/work/latin.min.css -> /output/latin.min.css.br
2024/08/18 01:56:31 gz /tmp/work/latin.min.css -> /output/latin.min.css.gz
2024/08/18 01:56:31 sri /tmp/work/latin.css -> /output/latin.css.sri
2024/08/18 01:56:31 algorithm: run /usr/bin/brotli --quality=11 --output=/output/latin.css.br /tmp/work/latin.css
2024/08/18 01:56:31 br /tmp/work/latin.css -> /output/latin.css.br
2024/08/18 01:56:31 gz /tmp/work/latin.css -> /output/latin.css.gz
2024/08/18 01:56:31 compress: run /node_modules/clean-css-cli/bin/cleancss (3.3.10) [--compatibility --s0 -o /tmp/work/math-700.min.css /tmp/work/math-700.css]
2024/08/18 01:56:31 sri /tmp/work/math-400.min.css -> /output/math-400.min.css.sri
2024/08/18 01:56:31 algorithm: run /usr/bin/brotli --quality=11 --output=/output/math-400.min.css.br /tmp/work/math-400.min.css
2024/08/18 01:56:31 sri /tmp/work/math-400-italic.min.css -> /output/math-400-italic.min.css.sri
2024/08/18 01:56:31 algorithm: run /usr/bin/brotli --quality=11 --output=/output/math-400-italic.min.css.br /tmp/work/math-400-italic.min.css
2024/08/18 01:56:31 sri /tmp/work/math-500-italic.min.css -> /output/math-500-italic.min.css.sri
2024/08/18 01:56:31 algorithm: run /usr/bin/brotli --quality=11 --output=/output/math-500-italic.min.css.br /tmp/work/math-500-italic.min.css
2024/08/18 01:56:31 br /tmp/work/math-400.min.css -> /output/math-400.min.css.br
2024/08/18 01:56:31 gz /tmp/work/math-400.min.css -> /output/math-400.min.css.gz
2024/08/18 01:56:31 sri /tmp/work/math-400.css -> /output/math-400.css.sri
2024/08/18 01:56:31 algorithm: run /usr/bin/brotli --quality=11 --output=/output/math-400.css.br /tmp/work/math-400.css
2024/08/18 01:56:31 br /tmp/work/math-400-italic.min.css -> /output/math-400-italic.min.css.br
2024/08/18 01:56:31 sri /tmp/work/math-500.min.css -> /output/math-500.min.css.sri
2024/08/18 01:56:31 algorithm: run /usr/bin/brotli --quality=11 --output=/output/math-500.min.css.br /tmp/work/math-500.min.css
2024/08/18 01:56:31 br /tmp/work/math-500-italic.min.css -> /output/math-500-italic.min.css.br
2024/08/18 01:56:31 gz /tmp/work/math-400-italic.min.css -> /output/math-400-italic.min.css.gz
2024/08/18 01:56:31 sri /tmp/work/math-400-italic.css -> /output/math-400-italic.css.sri
2024/08/18 01:56:31 algorithm: run /usr/bin/brotli --quality=11 --output=/output/math-400-italic.css.br /tmp/work/math-400-italic.css
2024/08/18 01:56:31 gz /tmp/work/math-500-italic.min.css -> /output/math-500-italic.min.css.gz
2024/08/18 01:56:31 sri /tmp/work/math-500-italic.css -> /output/math-500-italic.css.sri
2024/08/18 01:56:31 algorithm: run /usr/bin/brotli --quality=11 --output=/output/math-500-italic.css.br /tmp/work/math-500-italic.css
2024/08/18 01:56:31 br /tmp/work/math-400.css -> /output/math-400.css.br
2024/08/18 01:56:31 gz /tmp/work/math-400.css -> /output/math-400.css.gz
2024/08/18 01:56:31 sri /tmp/work/math-600-italic.min.css -> /output/math-600-italic.min.css.sri
2024/08/18 01:56:31 compress: run /node_modules/clean-css-cli/bin/cleancss (3.3.10) [--compatibility --s0 -o /tmp/work/math-800-italic.min.css /tmp/work/math-800-italic.css]
2024/08/18 01:56:31 algorithm: run /usr/bin/brotli --quality=11 --output=/output/math-600-italic.min.css.br /tmp/work/math-600-italic.min.css
2024/08/18 01:56:31 br /tmp/work/math-500.min.css -> /output/math-500.min.css.br
2024/08/18 01:56:31 br /tmp/work/math-500-italic.css -> /output/math-500-italic.css.br
2024/08/18 01:56:31 gz /tmp/work/math-500.min.css -> /output/math-500.min.css.gz
2024/08/18 01:56:31 sri /tmp/work/math-500.css -> /output/math-500.css.sri
2024/08/18 01:56:31 br /tmp/work/math-400-italic.css -> /output/math-400-italic.css.br
2024/08/18 01:56:31 algorithm: run /usr/bin/brotli --quality=11 --output=/output/math-500.css.br /tmp/work/math-500.css
2024/08/18 01:56:31 gz /tmp/work/math-500-italic.css -> /output/math-500-italic.css.gz
2024/08/18 01:56:31 gz /tmp/work/math-400-italic.css -> /output/math-400-italic.css.gz
2024/08/18 01:56:31 compress: run /node_modules/clean-css-cli/bin/cleancss (3.3.10) [--compatibility --s0 -o /tmp/work/math-800.min.css /tmp/work/math-800.css]
2024/08/18 01:56:31 compress: run /node_modules/clean-css-cli/bin/cleancss (3.3.10) [--compatibility --s0 -o /tmp/work/math-900-italic.min.css /tmp/work/math-900-italic.css]
2024/08/18 01:56:31 br /tmp/work/math-600-italic.min.css -> /output/math-600-italic.min.css.br
2024/08/18 01:56:31 gz /tmp/work/math-600-italic.min.css -> /output/math-600-italic.min.css.gz
2024/08/18 01:56:31 sri /tmp/work/math-600-italic.css -> /output/math-600-italic.css.sri
2024/08/18 01:56:31 algorithm: run /usr/bin/brotli --quality=11 --output=/output/math-600-italic.css.br /tmp/work/math-600-italic.css
2024/08/18 01:56:31 br /tmp/work/math-500.css -> /output/math-500.css.br
2024/08/18 01:56:31 gz /tmp/work/math-500.css -> /output/math-500.css.gz
2024/08/18 01:56:31 compress: run /node_modules/clean-css-cli/bin/cleancss (3.3.10) [--compatibility --s0 -o /tmp/work/math-900.min.css /tmp/work/math-900.css]
2024/08/18 01:56:31 br /tmp/work/math-600-italic.css -> /output/math-600-italic.css.br
2024/08/18 01:56:31 gz /tmp/work/math-600-italic.css -> /output/math-600-italic.css.gz
2024/08/18 01:56:31 compress: run /node_modules/clean-css-cli/bin/cleancss (3.3.10) [--compatibility --s0 -o /tmp/work/math-italic.min.css /tmp/work/math-italic.css]
2024/08/18 01:56:31 sri /tmp/work/math-600.min.css -> /output/math-600.min.css.sri
2024/08/18 01:56:31 algorithm: run /usr/bin/brotli --quality=11 --output=/output/math-600.min.css.br /tmp/work/math-600.min.css
2024/08/18 01:56:31 br /tmp/work/math-600.min.css -> /output/math-600.min.css.br
2024/08/18 01:56:31 gz /tmp/work/math-600.min.css -> /output/math-600.min.css.gz
2024/08/18 01:56:31 sri /tmp/work/math-600.css -> /output/math-600.css.sri
2024/08/18 01:56:31 algorithm: run /usr/bin/brotli --quality=11 --output=/output/math-600.css.br /tmp/work/math-600.css
2024/08/18 01:56:31 br /tmp/work/math-600.css -> /output/math-600.css.br
2024/08/18 01:56:31 gz /tmp/work/math-600.css -> /output/math-600.css.gz
2024/08/18 01:56:31 compress: run /node_modules/clean-css-cli/bin/cleancss (3.3.10) [--compatibility --s0 -o /tmp/work/math.min.css /tmp/work/math.css]
2024/08/18 01:56:31 sri /tmp/work/math-700-italic.min.css -> /output/math-700-italic.min.css.sri
2024/08/18 01:56:31 algorithm: run /usr/bin/brotli --quality=11 --output=/output/math-700-italic.min.css.br /tmp/work/math-700-italic.min.css
2024/08/18 01:56:31 br /tmp/work/math-700-italic.min.css -> /output/math-700-italic.min.css.br
2024/08/18 01:56:31 gz /tmp/work/math-700-italic.min.css -> /output/math-700-italic.min.css.gz
2024/08/18 01:56:31 sri /tmp/work/math-700-italic.css -> /output/math-700-italic.css.sri
2024/08/18 01:56:31 algorithm: run /usr/bin/brotli --quality=11 --output=/output/math-700-italic.css.br /tmp/work/math-700-italic.css
2024/08/18 01:56:31 br /tmp/work/math-700-italic.css -> /output/math-700-italic.css.br
2024/08/18 01:56:31 gz /tmp/work/math-700-italic.css -> /output/math-700-italic.css.gz
2024/08/18 01:56:31 compress: run /node_modules/clean-css-cli/bin/cleancss (3.3.10) [--compatibility --s0 -o /tmp/work/symbols-400-italic.min.css /tmp/work/symbols-400-italic.css]
2024/08/18 01:56:31 sri /tmp/work/math-700.min.css -> /output/math-700.min.css.sri
2024/08/18 01:56:31 algorithm: run /usr/bin/brotli --quality=11 --output=/output/math-700.min.css.br /tmp/work/math-700.min.css
2024/08/18 01:56:31 br /tmp/work/math-700.min.css -> /output/math-700.min.css.br
2024/08/18 01:56:31 gz /tmp/work/math-700.min.css -> /output/math-700.min.css.gz
2024/08/18 01:56:31 sri /tmp/work/math-700.css -> /output/math-700.css.sri
2024/08/18 01:56:31 algorithm: run /usr/bin/brotli --quality=11 --output=/output/math-700.css.br /tmp/work/math-700.css
2024/08/18 01:56:31 br /tmp/work/math-700.css -> /output/math-700.css.br
2024/08/18 01:56:31 gz /tmp/work/math-700.css -> /output/math-700.css.gz
2024/08/18 01:56:31 compress: run /node_modules/clean-css-cli/bin/cleancss (3.3.10) [--compatibility --s0 -o /tmp/work/symbols-400.min.css /tmp/work/symbols-400.css]
2024/08/18 01:56:31 sri /tmp/work/math-800-italic.min.css -> /output/math-800-italic.min.css.sri
2024/08/18 01:56:31 algorithm: run /usr/bin/brotli --quality=11 --output=/output/math-800-italic.min.css.br /tmp/work/math-800-italic.min.css
2024/08/18 01:56:31 br /tmp/work/math-800-italic.min.css -> /output/math-800-italic.min.css.br
2024/08/18 01:56:31 gz /tmp/work/math-800-italic.min.css -> /output/math-800-italic.min.css.gz
2024/08/18 01:56:31 sri /tmp/work/math-800-italic.css -> /output/math-800-italic.css.sri
2024/08/18 01:56:31 algorithm: run /usr/bin/brotli --quality=11 --output=/output/math-800-italic.css.br /tmp/work/math-800-italic.css
2024/08/18 01:56:31 sri /tmp/work/math-900.min.css -> /output/math-900.min.css.sri
2024/08/18 01:56:31 algorithm: run /usr/bin/brotli --quality=11 --output=/output/math-900.min.css.br /tmp/work/math-900.min.css
2024/08/18 01:56:31 br /tmp/work/math-800-italic.css -> /output/math-800-italic.css.br
2024/08/18 01:56:31 sri /tmp/work/math-900-italic.min.css -> /output/math-900-italic.min.css.sri
2024/08/18 01:56:31 algorithm: run /usr/bin/brotli --quality=11 --output=/output/math-900-italic.min.css.br /tmp/work/math-900-italic.min.css
2024/08/18 01:56:31 br /tmp/work/math-900.min.css -> /output/math-900.min.css.br
2024/08/18 01:56:31 gz /tmp/work/math-800-italic.css -> /output/math-800-italic.css.gz
2024/08/18 01:56:31 compress: run /node_modules/clean-css-cli/bin/cleancss (3.3.10) [--compatibility --s0 -o /tmp/work/symbols-500-italic.min.css /tmp/work/symbols-500-italic.css]
2024/08/18 01:56:31 gz /tmp/work/math-900.min.css -> /output/math-900.min.css.gz
2024/08/18 01:56:31 sri /tmp/work/math-900.css -> /output/math-900.css.sri
2024/08/18 01:56:31 algorithm: run /usr/bin/brotli --quality=11 --output=/output/math-900.css.br /tmp/work/math-900.css
2024/08/18 01:56:31 br /tmp/work/math-900-italic.min.css -> /output/math-900-italic.min.css.br
2024/08/18 01:56:31 gz /tmp/work/math-900-italic.min.css -> /output/math-900-italic.min.css.gz
2024/08/18 01:56:31 sri /tmp/work/math-900-italic.css -> /output/math-900-italic.css.sri
2024/08/18 01:56:31 algorithm: run /usr/bin/brotli --quality=11 --output=/output/math-900-italic.css.br /tmp/work/math-900-italic.css
2024/08/18 01:56:31 sri /tmp/work/math-800.min.css -> /output/math-800.min.css.sri
2024/08/18 01:56:31 algorithm: run /usr/bin/brotli --quality=11 --output=/output/math-800.min.css.br /tmp/work/math-800.min.css
2024/08/18 01:56:31 br /tmp/work/math-900.css -> /output/math-900.css.br
2024/08/18 01:56:31 sri /tmp/work/math-italic.min.css -> /output/math-italic.min.css.sri
2024/08/18 01:56:31 gz /tmp/work/math-900.css -> /output/math-900.css.gz
2024/08/18 01:56:31 algorithm: run /usr/bin/brotli --quality=11 --output=/output/math-italic.min.css.br /tmp/work/math-italic.min.css
2024/08/18 01:56:31 compress: run /node_modules/clean-css-cli/bin/cleancss (3.3.10) [--compatibility --s0 -o /tmp/work/symbols-500.min.css /tmp/work/symbols-500.css]
2024/08/18 01:56:31 br /tmp/work/math-900-italic.css -> /output/math-900-italic.css.br
2024/08/18 01:56:31 gz /tmp/work/math-900-italic.css -> /output/math-900-italic.css.gz
2024/08/18 01:56:31 compress: run /node_modules/clean-css-cli/bin/cleancss (3.3.10) [--compatibility --s0 -o /tmp/work/symbols-600-italic.min.css /tmp/work/symbols-600-italic.css]
2024/08/18 01:56:31 br /tmp/work/math-800.min.css -> /output/math-800.min.css.br
2024/08/18 01:56:31 gz /tmp/work/math-800.min.css -> /output/math-800.min.css.gz
2024/08/18 01:56:31 sri /tmp/work/math-800.css -> /output/math-800.css.sri
2024/08/18 01:56:31 algorithm: run /usr/bin/brotli --quality=11 --output=/output/math-800.css.br /tmp/work/math-800.css
2024/08/18 01:56:31 br /tmp/work/math-800.css -> /output/math-800.css.br
2024/08/18 01:56:31 gz /tmp/work/math-800.css -> /output/math-800.css.gz
2024/08/18 01:56:31 compress: run /node_modules/clean-css-cli/bin/cleancss (3.3.10) [--compatibility --s0 -o /tmp/work/symbols-600.min.css /tmp/work/symbols-600.css]
2024/08/18 01:56:31 br /tmp/work/math-italic.min.css -> /output/math-italic.min.css.br
2024/08/18 01:56:31 gz /tmp/work/math-italic.min.css -> /output/math-italic.min.css.gz
2024/08/18 01:56:31 sri /tmp/work/math-italic.css -> /output/math-italic.css.sri
2024/08/18 01:56:31 algorithm: run /usr/bin/brotli --quality=11 --output=/output/math-italic.css.br /tmp/work/math-italic.css
2024/08/18 01:56:31 br /tmp/work/math-italic.css -> /output/math-italic.css.br
2024/08/18 01:56:31 gz /tmp/work/math-italic.css -> /output/math-italic.css.gz
2024/08/18 01:56:31 compress: run /node_modules/clean-css-cli/bin/cleancss (3.3.10) [--compatibility --s0 -o /tmp/work/symbols-700-italic.min.css /tmp/work/symbols-700-italic.css]
2024/08/18 01:56:31 sri /tmp/work/math.min.css -> /output/math.min.css.sri
2024/08/18 01:56:31 algorithm: run /usr/bin/brotli --quality=11 --output=/output/math.min.css.br /tmp/work/math.min.css
2024/08/18 01:56:31 br /tmp/work/math.min.css -> /output/math.min.css.br
2024/08/18 01:56:31 gz /tmp/work/math.min.css -> /output/math.min.css.gz
2024/08/18 01:56:31 sri /tmp/work/math.css -> /output/math.css.sri
2024/08/18 01:56:31 algorithm: run /usr/bin/brotli --quality=11 --output=/output/math.css.br /tmp/work/math.css
2024/08/18 01:56:31 br /tmp/work/math.css -> /output/math.css.br
2024/08/18 01:56:31 gz /tmp/work/math.css -> /output/math.css.gz
2024/08/18 01:56:31 compress: run /node_modules/clean-css-cli/bin/cleancss (3.3.10) [--compatibility --s0 -o /tmp/work/symbols-700.min.css /tmp/work/symbols-700.css]
2024/08/18 01:56:31 sri /tmp/work/symbols-400-italic.min.css -> /output/symbols-400-italic.min.css.sri
2024/08/18 01:56:31 algorithm: run /usr/bin/brotli --quality=11 --output=/output/symbols-400-italic.min.css.br /tmp/work/symbols-400-italic.min.css
2024/08/18 01:56:31 br /tmp/work/symbols-400-italic.min.css -> /output/symbols-400-italic.min.css.br
2024/08/18 01:56:31 gz /tmp/work/symbols-400-italic.min.css -> /output/symbols-400-italic.min.css.gz
2024/08/18 01:56:31 sri /tmp/work/symbols-400-italic.css -> /output/symbols-400-italic.css.sri
2024/08/18 01:56:31 algorithm: run /usr/bin/brotli --quality=11 --output=/output/symbols-400-italic.css.br /tmp/work/symbols-400-italic.css
2024/08/18 01:56:31 br /tmp/work/symbols-400-italic.css -> /output/symbols-400-italic.css.br
2024/08/18 01:56:31 gz /tmp/work/symbols-400-italic.css -> /output/symbols-400-italic.css.gz
2024/08/18 01:56:31 compress: run /node_modules/clean-css-cli/bin/cleancss (3.3.10) [--compatibility --s0 -o /tmp/work/symbols-800-italic.min.css /tmp/work/symbols-800-italic.css]
2024/08/18 01:56:31 sri /tmp/work/symbols-400.min.css -> /output/symbols-400.min.css.sri
2024/08/18 01:56:31 algorithm: run /usr/bin/brotli --quality=11 --output=/output/symbols-400.min.css.br /tmp/work/symbols-400.min.css
2024/08/18 01:56:31 br /tmp/work/symbols-400.min.css -> /output/symbols-400.min.css.br
2024/08/18 01:56:31 gz /tmp/work/symbols-400.min.css -> /output/symbols-400.min.css.gz
2024/08/18 01:56:31 sri /tmp/work/symbols-400.css -> /output/symbols-400.css.sri
2024/08/18 01:56:31 algorithm: run /usr/bin/brotli --quality=11 --output=/output/symbols-400.css.br /tmp/work/symbols-400.css
2024/08/18 01:56:31 sri /tmp/work/symbols-600.min.css -> /output/symbols-600.min.css.sri
2024/08/18 01:56:31 algorithm: run /usr/bin/brotli --quality=11 --output=/output/symbols-600.min.css.br /tmp/work/symbols-600.min.css
2024/08/18 01:56:31 br /tmp/work/symbols-400.css -> /output/symbols-400.css.br
2024/08/18 01:56:31 sri /tmp/work/symbols-500.min.css -> /output/symbols-500.min.css.sri
2024/08/18 01:56:31 gz /tmp/work/symbols-400.css -> /output/symbols-400.css.gz
2024/08/18 01:56:31 compress: run /node_modules/clean-css-cli/bin/cleancss (3.3.10) [--compatibility --s0 -o /tmp/work/symbols-800.min.css /tmp/work/symbols-800.css]
2024/08/18 01:56:31 algorithm: run /usr/bin/brotli --quality=11 --output=/output/symbols-500.min.css.br /tmp/work/symbols-500.min.css
2024/08/18 01:56:31 sri /tmp/work/symbols-500-italic.min.css -> /output/symbols-500-italic.min.css.sri
2024/08/18 01:56:31 algorithm: run /usr/bin/brotli --quality=11 --output=/output/symbols-500-italic.min.css.br /tmp/work/symbols-500-italic.min.css
2024/08/18 01:56:31 br /tmp/work/symbols-600.min.css -> /output/symbols-600.min.css.br
2024/08/18 01:56:31 gz /tmp/work/symbols-600.min.css -> /output/symbols-600.min.css.gz
2024/08/18 01:56:31 sri /tmp/work/symbols-600.css -> /output/symbols-600.css.sri
2024/08/18 01:56:31 algorithm: run /usr/bin/brotli --quality=11 --output=/output/symbols-600.css.br /tmp/work/symbols-600.css
2024/08/18 01:56:31 sri /tmp/work/symbols-600-italic.min.css -> /output/symbols-600-italic.min.css.sri
2024/08/18 01:56:31 algorithm: run /usr/bin/brotli --quality=11 --output=/output/symbols-600-italic.min.css.br /tmp/work/symbols-600-italic.min.css
2024/08/18 01:56:31 br /tmp/work/symbols-500.min.css -> /output/symbols-500.min.css.br
2024/08/18 01:56:31 gz /tmp/work/symbols-500.min.css -> /output/symbols-500.min.css.gz
2024/08/18 01:56:31 sri /tmp/work/symbols-500.css -> /output/symbols-500.css.sri
2024/08/18 01:56:31 algorithm: run /usr/bin/brotli --quality=11 --output=/output/symbols-500.css.br /tmp/work/symbols-500.css
2024/08/18 01:56:31 br /tmp/work/symbols-600.css -> /output/symbols-600.css.br
2024/08/18 01:56:31 gz /tmp/work/symbols-600.css -> /output/symbols-600.css.gz
2024/08/18 01:56:31 compress: run /node_modules/clean-css-cli/bin/cleancss (3.3.10) [--compatibility --s0 -o /tmp/work/symbols-900-italic.min.css /tmp/work/symbols-900-italic.css]
2024/08/18 01:56:31 br /tmp/work/symbols-600-italic.min.css -> /output/symbols-600-italic.min.css.br
2024/08/18 01:56:31 br /tmp/work/symbols-500-italic.min.css -> /output/symbols-500-italic.min.css.br
2024/08/18 01:56:31 gz /tmp/work/symbols-500-italic.min.css -> /output/symbols-500-italic.min.css.gz
2024/08/18 01:56:31 gz /tmp/work/symbols-600-italic.min.css -> /output/symbols-600-italic.min.css.gz
2024/08/18 01:56:31 sri /tmp/work/symbols-500-italic.css -> /output/symbols-500-italic.css.sri
2024/08/18 01:56:31 algorithm: run /usr/bin/brotli --quality=11 --output=/output/symbols-500-italic.css.br /tmp/work/symbols-500-italic.css
2024/08/18 01:56:31 sri /tmp/work/symbols-600-italic.css -> /output/symbols-600-italic.css.sri
2024/08/18 01:56:31 algorithm: run /usr/bin/brotli --quality=11 --output=/output/symbols-600-italic.css.br /tmp/work/symbols-600-italic.css
2024/08/18 01:56:31 br /tmp/work/symbols-500.css -> /output/symbols-500.css.br
2024/08/18 01:56:31 gz /tmp/work/symbols-500.css -> /output/symbols-500.css.gz
2024/08/18 01:56:31 compress: run /node_modules/clean-css-cli/bin/cleancss (3.3.10) [--compatibility --s0 -o /tmp/work/symbols-900.min.css /tmp/work/symbols-900.css]
2024/08/18 01:56:31 br /tmp/work/symbols-500-italic.css -> /output/symbols-500-italic.css.br
2024/08/18 01:56:31 gz /tmp/work/symbols-500-italic.css -> /output/symbols-500-italic.css.gz
2024/08/18 01:56:31 compress: run /node_modules/clean-css-cli/bin/cleancss (3.3.10) [--compatibility --s0 -o /tmp/work/symbols-italic.min.css /tmp/work/symbols-italic.css]
2024/08/18 01:56:31 br /tmp/work/symbols-600-italic.css -> /output/symbols-600-italic.css.br
2024/08/18 01:56:31 gz /tmp/work/symbols-600-italic.css -> /output/symbols-600-italic.css.gz
2024/08/18 01:56:31 compress: run /node_modules/clean-css-cli/bin/cleancss (3.3.10) [--compatibility --s0 -o /tmp/work/symbols.min.css /tmp/work/symbols.css]
2024/08/18 01:56:31 sri /tmp/work/symbols-700-italic.min.css -> /output/symbols-700-italic.min.css.sri
2024/08/18 01:56:31 algorithm: run /usr/bin/brotli --quality=11 --output=/output/symbols-700-italic.min.css.br /tmp/work/symbols-700-italic.min.css
2024/08/18 01:56:31 br /tmp/work/symbols-700-italic.min.css -> /output/symbols-700-italic.min.css.br
2024/08/18 01:56:31 gz /tmp/work/symbols-700-italic.min.css -> /output/symbols-700-italic.min.css.gz
2024/08/18 01:56:31 sri /tmp/work/symbols-700-italic.css -> /output/symbols-700-italic.css.sri
2024/08/18 01:56:31 algorithm: run /usr/bin/brotli --quality=11 --output=/output/symbols-700-italic.css.br /tmp/work/symbols-700-italic.css
2024/08/18 01:56:31 br /tmp/work/symbols-700-italic.css -> /output/symbols-700-italic.css.br
2024/08/18 01:56:31 gz /tmp/work/symbols-700-italic.css -> /output/symbols-700-italic.css.gz
2024/08/18 01:56:31 algorithm: run /usr/bin/brotli --quality=11 --output=/output/files/bodoni-moda-latin-400-italic.woff.br /tmp/work/files/bodoni-moda-latin-400-italic.woff
2024/08/18 01:56:31 sri /tmp/work/symbols-700.min.css -> /output/symbols-700.min.css.sri
2024/08/18 01:56:31 algorithm: run /usr/bin/brotli --quality=11 --output=/output/symbols-700.min.css.br /tmp/work/symbols-700.min.css
2024/08/18 01:56:31 br /tmp/work/symbols-700.min.css -> /output/symbols-700.min.css.br
2024/08/18 01:56:31 gz /tmp/work/symbols-700.min.css -> /output/symbols-700.min.css.gz
2024/08/18 01:56:31 sri /tmp/work/symbols-700.css -> /output/symbols-700.css.sri
2024/08/18 01:56:31 algorithm: run /usr/bin/brotli --quality=11 --output=/output/symbols-700.css.br /tmp/work/symbols-700.css
2024/08/18 01:56:31 br /tmp/work/symbols-700.css -> /output/symbols-700.css.br
2024/08/18 01:56:31 gz /tmp/work/symbols-700.css -> /output/symbols-700.css.gz
2024/08/18 01:56:31 copy /tmp/work/files/bodoni-moda-latin-400-italic.woff2 -> /output/files/bodoni-moda-latin-400-italic.woff2
2024/08/18 01:56:31 algorithm: run /usr/bin/brotli --quality=11 --output=/output/files/bodoni-moda-latin-400-normal.woff.br /tmp/work/files/bodoni-moda-latin-400-normal.woff
2024/08/18 01:56:31 sri /tmp/work/symbols-800-italic.min.css -> /output/symbols-800-italic.min.css.sri
2024/08/18 01:56:31 algorithm: run /usr/bin/brotli --quality=11 --output=/output/symbols-800-italic.min.css.br /tmp/work/symbols-800-italic.min.css
2024/08/18 01:56:31 br /tmp/work/symbols-800-italic.min.css -> /output/symbols-800-italic.min.css.br
2024/08/18 01:56:31 gz /tmp/work/symbols-800-italic.min.css -> /output/symbols-800-italic.min.css.gz
2024/08/18 01:56:31 sri /tmp/work/symbols-800-italic.css -> /output/symbols-800-italic.css.sri
2024/08/18 01:56:31 algorithm: run /usr/bin/brotli --quality=11 --output=/output/symbols-800-italic.css.br /tmp/work/symbols-800-italic.css
2024/08/18 01:56:31 br /tmp/work/symbols-800-italic.css -> /output/symbols-800-italic.css.br
2024/08/18 01:56:31 gz /tmp/work/symbols-800-italic.css -> /output/symbols-800-italic.css.gz
2024/08/18 01:56:31 copy /tmp/work/files/bodoni-moda-latin-400-normal.woff2 -> /output/files/bodoni-moda-latin-400-normal.woff2
2024/08/18 01:56:31 algorithm: run /usr/bin/brotli --quality=11 --output=/output/files/bodoni-moda-latin-500-italic.woff.br /tmp/work/files/bodoni-moda-latin-500-italic.woff
2024/08/18 01:56:31 br /tmp/work/files/bodoni-moda-latin-400-normal.woff -> /output/files/bodoni-moda-latin-400-normal.woff.br
2024/08/18 01:56:31 gz /tmp/work/files/bodoni-moda-latin-400-normal.woff -> /output/files/bodoni-moda-latin-400-normal.woff.gz
2024/08/18 01:56:31 br /tmp/work/files/bodoni-moda-latin-400-italic.woff -> /output/files/bodoni-moda-latin-400-italic.woff.br
2024/08/18 01:56:31 copy /tmp/work/files/bodoni-moda-latin-500-italic.woff2 -> /output/files/bodoni-moda-latin-500-italic.woff2
2024/08/18 01:56:31 algorithm: run /usr/bin/brotli --quality=11 --output=/output/files/bodoni-moda-latin-500-normal.woff.br /tmp/work/files/bodoni-moda-latin-500-normal.woff
2024/08/18 01:56:31 gz /tmp/work/files/bodoni-moda-latin-400-italic.woff -> /output/files/bodoni-moda-latin-400-italic.woff.gz
2024/08/18 01:56:31 copy /tmp/work/files/bodoni-moda-latin-500-normal.woff2 -> /output/files/bodoni-moda-latin-500-normal.woff2
2024/08/18 01:56:31 algorithm: run /usr/bin/brotli --quality=11 --output=/output/files/bodoni-moda-latin-600-italic.woff.br /tmp/work/files/bodoni-moda-latin-600-italic.woff
2024/08/18 01:56:31 br /tmp/work/files/bodoni-moda-latin-500-italic.woff -> /output/files/bodoni-moda-latin-500-italic.woff.br
2024/08/18 01:56:31 gz /tmp/work/files/bodoni-moda-latin-500-italic.woff -> /output/files/bodoni-moda-latin-500-italic.woff.gz
2024/08/18 01:56:31 copy /tmp/work/files/bodoni-moda-latin-600-italic.woff2 -> /output/files/bodoni-moda-latin-600-italic.woff2
2024/08/18 01:56:31 algorithm: run /usr/bin/brotli --quality=11 --output=/output/files/bodoni-moda-latin-600-normal.woff.br /tmp/work/files/bodoni-moda-latin-600-normal.woff
2024/08/18 01:56:31 sri /tmp/work/symbols-900-italic.min.css -> /output/symbols-900-italic.min.css.sri
2024/08/18 01:56:31 algorithm: run /usr/bin/brotli --quality=11 --output=/output/symbols-900-italic.min.css.br /tmp/work/symbols-900-italic.min.css
2024/08/18 01:56:31 sri /tmp/work/symbols-italic.min.css -> /output/symbols-italic.min.css.sri
2024/08/18 01:56:31 algorithm: run /usr/bin/brotli --quality=11 --output=/output/symbols-italic.min.css.br /tmp/work/symbols-italic.min.css
2024/08/18 01:56:31 br /tmp/work/symbols-900-italic.min.css -> /output/symbols-900-italic.min.css.br
2024/08/18 01:56:31 sri /tmp/work/symbols-900.min.css -> /output/symbols-900.min.css.sri
2024/08/18 01:56:31 algorithm: run /usr/bin/brotli --quality=11 --output=/output/symbols-900.min.css.br /tmp/work/symbols-900.min.css
2024/08/18 01:56:31 gz /tmp/work/symbols-900-italic.min.css -> /output/symbols-900-italic.min.css.gz
2024/08/18 01:56:31 sri /tmp/work/symbols-900-italic.css -> /output/symbols-900-italic.css.sri
2024/08/18 01:56:31 algorithm: run /usr/bin/brotli --quality=11 --output=/output/symbols-900-italic.css.br /tmp/work/symbols-900-italic.css
2024/08/18 01:56:31 br /tmp/work/symbols-900.min.css -> /output/symbols-900.min.css.br
2024/08/18 01:56:31 br /tmp/work/symbols-900-italic.css -> /output/symbols-900-italic.css.br
2024/08/18 01:56:31 gz /tmp/work/symbols-900-italic.css -> /output/symbols-900-italic.css.gz
2024/08/18 01:56:31 gz /tmp/work/symbols-900.min.css -> /output/symbols-900.min.css.gz
2024/08/18 01:56:31 sri /tmp/work/symbols-900.css -> /output/symbols-900.css.sri
2024/08/18 01:56:31 algorithm: run /usr/bin/brotli --quality=11 --output=/output/symbols-900.css.br /tmp/work/symbols-900.css
2024/08/18 01:56:31 br /tmp/work/symbols-italic.min.css -> /output/symbols-italic.min.css.br
2024/08/18 01:56:31 gz /tmp/work/symbols-italic.min.css -> /output/symbols-italic.min.css.gz
2024/08/18 01:56:31 sri /tmp/work/symbols-italic.css -> /output/symbols-italic.css.sri
2024/08/18 01:56:31 algorithm: run /usr/bin/brotli --quality=11 --output=/output/symbols-italic.css.br /tmp/work/symbols-italic.css
2024/08/18 01:56:31 copy /tmp/work/files/bodoni-moda-latin-600-normal.woff2 -> /output/files/bodoni-moda-latin-600-normal.woff2
2024/08/18 01:56:31 algorithm: run /usr/bin/brotli --quality=11 --output=/output/files/bodoni-moda-latin-700-italic.woff.br /tmp/work/files/bodoni-moda-latin-700-italic.woff
2024/08/18 01:56:31 br /tmp/work/symbols-900.css -> /output/symbols-900.css.br
2024/08/18 01:56:31 sri /tmp/work/symbols.min.css -> /output/symbols.min.css.sri
2024/08/18 01:56:31 algorithm: run /usr/bin/brotli --quality=11 --output=/output/symbols.min.css.br /tmp/work/symbols.min.css
2024/08/18 01:56:31 gz /tmp/work/symbols-900.css -> /output/symbols-900.css.gz
2024/08/18 01:56:31 sri /tmp/work/symbols-800.min.css -> /output/symbols-800.min.css.sri
2024/08/18 01:56:31 algorithm: run /usr/bin/brotli --quality=11 --output=/output/symbols-800.min.css.br /tmp/work/symbols-800.min.css
2024/08/18 01:56:31 copy /tmp/work/files/bodoni-moda-latin-700-italic.woff2 -> /output/files/bodoni-moda-latin-700-italic.woff2
2024/08/18 01:56:31 algorithm: run /usr/bin/brotli --quality=11 --output=/output/files/bodoni-moda-latin-700-normal.woff.br /tmp/work/files/bodoni-moda-latin-700-normal.woff
2024/08/18 01:56:31 br /tmp/work/symbols-800.min.css -> /output/symbols-800.min.css.br
2024/08/18 01:56:31 gz /tmp/work/symbols-800.min.css -> /output/symbols-800.min.css.gz
2024/08/18 01:56:31 sri /tmp/work/symbols-800.css -> /output/symbols-800.css.sri
2024/08/18 01:56:31 algorithm: run /usr/bin/brotli --quality=11 --output=/output/symbols-800.css.br /tmp/work/symbols-800.css
2024/08/18 01:56:31 br /tmp/work/symbols.min.css -> /output/symbols.min.css.br
2024/08/18 01:56:31 br /tmp/work/symbols-italic.css -> /output/symbols-italic.css.br
2024/08/18 01:56:31 gz /tmp/work/symbols-italic.css -> /output/symbols-italic.css.gz
2024/08/18 01:56:31 gz /tmp/work/symbols.min.css -> /output/symbols.min.css.gz
2024/08/18 01:56:31 sri /tmp/work/symbols.css -> /output/symbols.css.sri
2024/08/18 01:56:31 algorithm: run /usr/bin/brotli --quality=11 --output=/output/symbols.css.br /tmp/work/symbols.css
2024/08/18 01:56:31 br /tmp/work/symbols-800.css -> /output/symbols-800.css.br
2024/08/18 01:56:31 gz /tmp/work/symbols-800.css -> /output/symbols-800.css.gz
2024/08/18 01:56:31 algorithm: run /usr/bin/brotli --quality=11 --output=/output/files/bodoni-moda-latin-800-italic.woff.br /tmp/work/files/bodoni-moda-latin-800-italic.woff
2024/08/18 01:56:31 copy /tmp/work/files/bodoni-moda-latin-700-normal.woff2 -> /output/files/bodoni-moda-latin-700-normal.woff2
2024/08/18 01:56:31 copy /tmp/work/files/bodoni-moda-latin-800-italic.woff2 -> /output/files/bodoni-moda-latin-800-italic.woff2
2024/08/18 01:56:31 algorithm: run /usr/bin/brotli --quality=11 --output=/output/files/bodoni-moda-latin-800-normal.woff.br /tmp/work/files/bodoni-moda-latin-800-normal.woff
2024/08/18 01:56:31 br /tmp/work/symbols.css -> /output/symbols.css.br
2024/08/18 01:56:31 gz /tmp/work/symbols.css -> /output/symbols.css.gz
2024/08/18 01:56:31 copy /tmp/work/files/bodoni-moda-latin-800-normal.woff2 -> /output/files/bodoni-moda-latin-800-normal.woff2
2024/08/18 01:56:31 algorithm: run /usr/bin/brotli --quality=11 --output=/output/files/bodoni-moda-latin-900-italic.woff.br /tmp/work/files/bodoni-moda-latin-900-italic.woff
2024/08/18 01:56:31 br /tmp/work/files/bodoni-moda-latin-500-normal.woff -> /output/files/bodoni-moda-latin-500-normal.woff.br
2024/08/18 01:56:31 gz /tmp/work/files/bodoni-moda-latin-500-normal.woff -> /output/files/bodoni-moda-latin-500-normal.woff.gz
2024/08/18 01:56:31 br /tmp/work/files/bodoni-moda-latin-600-normal.woff -> /output/files/bodoni-moda-latin-600-normal.woff.br
2024/08/18 01:56:31 gz /tmp/work/files/bodoni-moda-latin-600-normal.woff -> /output/files/bodoni-moda-latin-600-normal.woff.gz
2024/08/18 01:56:31 algorithm: run /usr/bin/brotli --quality=11 --output=/output/files/bodoni-moda-latin-900-normal.woff.br /tmp/work/files/bodoni-moda-latin-900-normal.woff
2024/08/18 01:56:31 copy /tmp/work/files/bodoni-moda-latin-900-italic.woff2 -> /output/files/bodoni-moda-latin-900-italic.woff2
2024/08/18 01:56:31 copy /tmp/work/files/bodoni-moda-latin-900-normal.woff2 -> /output/files/bodoni-moda-latin-900-normal.woff2
2024/08/18 01:56:31 algorithm: run /usr/bin/brotli --quality=11 --output=/output/files/bodoni-moda-latin-ext-400-italic.woff.br /tmp/work/files/bodoni-moda-latin-ext-400-italic.woff
2024/08/18 01:56:31 br /tmp/work/files/bodoni-moda-latin-600-italic.woff -> /output/files/bodoni-moda-latin-600-italic.woff.br
2024/08/18 01:56:31 gz /tmp/work/files/bodoni-moda-latin-600-italic.woff -> /output/files/bodoni-moda-latin-600-italic.woff.gz
2024/08/18 01:56:31 copy /tmp/work/files/bodoni-moda-latin-ext-400-italic.woff2 -> /output/files/bodoni-moda-latin-ext-400-italic.woff2
2024/08/18 01:56:31 algorithm: run /usr/bin/brotli --quality=11 --output=/output/files/bodoni-moda-latin-ext-400-normal.woff.br /tmp/work/files/bodoni-moda-latin-ext-400-normal.woff
2024/08/18 01:56:31 br /tmp/work/files/bodoni-moda-latin-ext-400-normal.woff -> /output/files/bodoni-moda-latin-ext-400-normal.woff.br
2024/08/18 01:56:31 gz /tmp/work/files/bodoni-moda-latin-ext-400-normal.woff -> /output/files/bodoni-moda-latin-ext-400-normal.woff.gz
2024/08/18 01:56:31 copy /tmp/work/files/bodoni-moda-latin-ext-400-normal.woff2 -> /output/files/bodoni-moda-latin-ext-400-normal.woff2
2024/08/18 01:56:31 algorithm: run /usr/bin/brotli --quality=11 --output=/output/files/bodoni-moda-latin-ext-500-italic.woff.br /tmp/work/files/bodoni-moda-latin-ext-500-italic.woff
2024/08/18 01:56:31 br /tmp/work/files/bodoni-moda-latin-700-italic.woff -> /output/files/bodoni-moda-latin-700-italic.woff.br
2024/08/18 01:56:31 gz /tmp/work/files/bodoni-moda-latin-700-italic.woff -> /output/files/bodoni-moda-latin-700-italic.woff.gz
2024/08/18 01:56:31 br /tmp/work/files/bodoni-moda-latin-ext-400-italic.woff -> /output/files/bodoni-moda-latin-ext-400-italic.woff.br
2024/08/18 01:56:31 gz /tmp/work/files/bodoni-moda-latin-ext-400-italic.woff -> /output/files/bodoni-moda-latin-ext-400-italic.woff.gz
2024/08/18 01:56:31 algorithm: run /usr/bin/brotli --quality=11 --output=/output/files/bodoni-moda-latin-ext-500-normal.woff.br /tmp/work/files/bodoni-moda-latin-ext-500-normal.woff
2024/08/18 01:56:31 copy /tmp/work/files/bodoni-moda-latin-ext-500-italic.woff2 -> /output/files/bodoni-moda-latin-ext-500-italic.woff2
2024/08/18 01:56:31 copy /tmp/work/files/bodoni-moda-latin-ext-500-normal.woff2 -> /output/files/bodoni-moda-latin-ext-500-normal.woff2
2024/08/18 01:56:31 algorithm: run /usr/bin/brotli --quality=11 --output=/output/files/bodoni-moda-latin-ext-600-italic.woff.br /tmp/work/files/bodoni-moda-latin-ext-600-italic.woff
2024/08/18 01:56:31 br /tmp/work/files/bodoni-moda-latin-700-normal.woff -> /output/files/bodoni-moda-latin-700-normal.woff.br
2024/08/18 01:56:31 gz /tmp/work/files/bodoni-moda-latin-700-normal.woff -> /output/files/bodoni-moda-latin-700-normal.woff.gz
2024/08/18 01:56:31 copy /tmp/work/files/bodoni-moda-latin-ext-600-italic.woff2 -> /output/files/bodoni-moda-latin-ext-600-italic.woff2
2024/08/18 01:56:31 algorithm: run /usr/bin/brotli --quality=11 --output=/output/files/bodoni-moda-latin-ext-600-normal.woff.br /tmp/work/files/bodoni-moda-latin-ext-600-normal.woff
2024/08/18 01:56:31 br /tmp/work/files/bodoni-moda-latin-800-italic.woff -> /output/files/bodoni-moda-latin-800-italic.woff.br
2024/08/18 01:56:31 gz /tmp/work/files/bodoni-moda-latin-800-italic.woff -> /output/files/bodoni-moda-latin-800-italic.woff.gz
2024/08/18 01:56:31 copy /tmp/work/files/bodoni-moda-latin-ext-600-normal.woff2 -> /output/files/bodoni-moda-latin-ext-600-normal.woff2
2024/08/18 01:56:31 algorithm: run /usr/bin/brotli --quality=11 --output=/output/files/bodoni-moda-latin-ext-700-italic.woff.br /tmp/work/files/bodoni-moda-latin-ext-700-italic.woff
2024/08/18 01:56:31 br /tmp/work/files/bodoni-moda-latin-800-normal.woff -> /output/files/bodoni-moda-latin-800-normal.woff.br
2024/08/18 01:56:31 gz /tmp/work/files/bodoni-moda-latin-800-normal.woff -> /output/files/bodoni-moda-latin-800-normal.woff.gz
2024/08/18 01:56:31 copy /tmp/work/files/bodoni-moda-latin-ext-700-italic.woff2 -> /output/files/bodoni-moda-latin-ext-700-italic.woff2
2024/08/18 01:56:31 algorithm: run /usr/bin/brotli --quality=11 --output=/output/files/bodoni-moda-latin-ext-700-normal.woff.br /tmp/work/files/bodoni-moda-latin-ext-700-normal.woff
2024/08/18 01:56:31 br /tmp/work/files/bodoni-moda-latin-900-normal.woff -> /output/files/bodoni-moda-latin-900-normal.woff.br
2024/08/18 01:56:31 gz /tmp/work/files/bodoni-moda-latin-900-normal.woff -> /output/files/bodoni-moda-latin-900-normal.woff.gz
2024/08/18 01:56:31 br /tmp/work/files/bodoni-moda-latin-900-italic.woff -> /output/files/bodoni-moda-latin-900-italic.woff.br
2024/08/18 01:56:31 gz /tmp/work/files/bodoni-moda-latin-900-italic.woff -> /output/files/bodoni-moda-latin-900-italic.woff.gz
2024/08/18 01:56:31 algorithm: run /usr/bin/brotli --quality=11 --output=/output/files/bodoni-moda-latin-ext-800-italic.woff.br /tmp/work/files/bodoni-moda-latin-ext-800-italic.woff
2024/08/18 01:56:31 br /tmp/work/files/bodoni-moda-latin-ext-500-italic.woff -> /output/files/bodoni-moda-latin-ext-500-italic.woff.br
2024/08/18 01:56:31 br /tmp/work/files/bodoni-moda-latin-ext-500-normal.woff -> /output/files/bodoni-moda-latin-ext-500-normal.woff.br
2024/08/18 01:56:31 copy /tmp/work/files/bodoni-moda-latin-ext-700-normal.woff2 -> /output/files/bodoni-moda-latin-ext-700-normal.woff2
2024/08/18 01:56:31 gz /tmp/work/files/bodoni-moda-latin-ext-500-normal.woff -> /output/files/bodoni-moda-latin-ext-500-normal.woff.gz
2024/08/18 01:56:31 gz /tmp/work/files/bodoni-moda-latin-ext-500-italic.woff -> /output/files/bodoni-moda-latin-ext-500-italic.woff.gz
2024/08/18 01:56:31 algorithm: run /usr/bin/brotli --quality=11 --output=/output/files/bodoni-moda-latin-ext-800-normal.woff.br /tmp/work/files/bodoni-moda-latin-ext-800-normal.woff
2024/08/18 01:56:31 copy /tmp/work/files/bodoni-moda-latin-ext-800-italic.woff2 -> /output/files/bodoni-moda-latin-ext-800-italic.woff2
2024/08/18 01:56:31 algorithm: run /usr/bin/brotli --quality=11 --output=/output/files/bodoni-moda-latin-ext-900-italic.woff.br /tmp/work/files/bodoni-moda-latin-ext-900-italic.woff
2024/08/18 01:56:31 copy /tmp/work/files/bodoni-moda-latin-ext-800-normal.woff2 -> /output/files/bodoni-moda-latin-ext-800-normal.woff2
2024/08/18 01:56:31 copy /tmp/work/files/bodoni-moda-latin-ext-900-italic.woff2 -> /output/files/bodoni-moda-latin-ext-900-italic.woff2
2024/08/18 01:56:31 algorithm: run /usr/bin/brotli --quality=11 --output=/output/files/bodoni-moda-latin-ext-900-normal.woff.br /tmp/work/files/bodoni-moda-latin-ext-900-normal.woff
2024/08/18 01:56:31 br /tmp/work/files/bodoni-moda-latin-ext-600-italic.woff -> /output/files/bodoni-moda-latin-ext-600-italic.woff.br
2024/08/18 01:56:31 gz /tmp/work/files/bodoni-moda-latin-ext-600-italic.woff -> /output/files/bodoni-moda-latin-ext-600-italic.woff.gz
2024/08/18 01:56:31 copy /tmp/work/files/bodoni-moda-latin-ext-900-normal.woff2 -> /output/files/bodoni-moda-latin-ext-900-normal.woff2
2024/08/18 01:56:31 algorithm: run /usr/bin/brotli --quality=11 --output=/output/files/bodoni-moda-math-400-italic.woff.br /tmp/work/files/bodoni-moda-math-400-italic.woff
2024/08/18 01:56:31 br /tmp/work/files/bodoni-moda-latin-ext-600-normal.woff -> /output/files/bodoni-moda-latin-ext-600-normal.woff.br
2024/08/18 01:56:31 gz /tmp/work/files/bodoni-moda-latin-ext-600-normal.woff -> /output/files/bodoni-moda-latin-ext-600-normal.woff.gz
2024/08/18 01:56:31 copy /tmp/work/files/bodoni-moda-math-400-italic.woff2 -> /output/files/bodoni-moda-math-400-italic.woff2
2024/08/18 01:56:31 algorithm: run /usr/bin/brotli --quality=11 --output=/output/files/bodoni-moda-math-400-normal.woff.br /tmp/work/files/bodoni-moda-math-400-normal.woff
2024/08/18 01:56:31 br /tmp/work/files/bodoni-moda-latin-ext-700-normal.woff -> /output/files/bodoni-moda-latin-ext-700-normal.woff.br
2024/08/18 01:56:31 gz /tmp/work/files/bodoni-moda-latin-ext-700-normal.woff -> /output/files/bodoni-moda-latin-ext-700-normal.woff.gz
2024/08/18 01:56:31 br /tmp/work/files/bodoni-moda-latin-ext-700-italic.woff -> /output/files/bodoni-moda-latin-ext-700-italic.woff.br
2024/08/18 01:56:31 copy /tmp/work/files/bodoni-moda-math-400-normal.woff2 -> /output/files/bodoni-moda-math-400-normal.woff2
2024/08/18 01:56:31 algorithm: run /usr/bin/brotli --quality=11 --output=/output/files/bodoni-moda-math-500-italic.woff.br /tmp/work/files/bodoni-moda-math-500-italic.woff
2024/08/18 01:56:31 gz /tmp/work/files/bodoni-moda-latin-ext-700-italic.woff -> /output/files/bodoni-moda-latin-ext-700-italic.woff.gz
2024/08/18 01:56:31 copy /tmp/work/files/bodoni-moda-math-500-italic.woff2 -> /output/files/bodoni-moda-math-500-italic.woff2
2024/08/18 01:56:31 algorithm: run /usr/bin/brotli --quality=11 --output=/output/files/bodoni-moda-math-500-normal.woff.br /tmp/work/files/bodoni-moda-math-500-normal.woff
2024/08/18 01:56:31 br /tmp/work/files/bodoni-moda-latin-ext-800-normal.woff -> /output/files/bodoni-moda-latin-ext-800-normal.woff.br
2024/08/18 01:56:31 gz /tmp/work/files/bodoni-moda-latin-ext-800-normal.woff -> /output/files/bodoni-moda-latin-ext-800-normal.woff.gz
2024/08/18 01:56:31 br /tmp/work/files/bodoni-moda-latin-ext-800-italic.woff -> /output/files/bodoni-moda-latin-ext-800-italic.woff.br
2024/08/18 01:56:31 gz /tmp/work/files/bodoni-moda-latin-ext-800-italic.woff -> /output/files/bodoni-moda-latin-ext-800-italic.woff.gz
2024/08/18 01:56:31 algorithm: run /usr/bin/brotli --quality=11 --output=/output/files/bodoni-moda-math-600-italic.woff.br /tmp/work/files/bodoni-moda-math-600-italic.woff
2024/08/18 01:56:31 br /tmp/work/files/bodoni-moda-latin-ext-900-normal.woff -> /output/files/bodoni-moda-latin-ext-900-normal.woff.br
2024/08/18 01:56:31 copy /tmp/work/files/bodoni-moda-math-500-normal.woff2 -> /output/files/bodoni-moda-math-500-normal.woff2
2024/08/18 01:56:31 br /tmp/work/files/bodoni-moda-latin-ext-900-italic.woff -> /output/files/bodoni-moda-latin-ext-900-italic.woff.br
2024/08/18 01:56:31 gz /tmp/work/files/bodoni-moda-latin-ext-900-normal.woff -> /output/files/bodoni-moda-latin-ext-900-normal.woff.gz
2024/08/18 01:56:31 algorithm: run /usr/bin/brotli --quality=11 --output=/output/files/bodoni-moda-math-600-normal.woff.br /tmp/work/files/bodoni-moda-math-600-normal.woff
2024/08/18 01:56:31 copy /tmp/work/files/bodoni-moda-math-600-italic.woff2 -> /output/files/bodoni-moda-math-600-italic.woff2
2024/08/18 01:56:31 gz /tmp/work/files/bodoni-moda-latin-ext-900-italic.woff -> /output/files/bodoni-moda-latin-ext-900-italic.woff.gz
2024/08/18 01:56:31 algorithm: run /usr/bin/brotli --quality=11 --output=/output/files/bodoni-moda-math-700-italic.woff.br /tmp/work/files/bodoni-moda-math-700-italic.woff
2024/08/18 01:56:31 copy /tmp/work/files/bodoni-moda-math-600-normal.woff2 -> /output/files/bodoni-moda-math-600-normal.woff2
2024/08/18 01:56:31 copy /tmp/work/files/bodoni-moda-math-700-italic.woff2 -> /output/files/bodoni-moda-math-700-italic.woff2
2024/08/18 01:56:31 algorithm: run /usr/bin/brotli --quality=11 --output=/output/files/bodoni-moda-math-700-normal.woff.br /tmp/work/files/bodoni-moda-math-700-normal.woff
2024/08/18 01:56:31 br /tmp/work/files/bodoni-moda-math-400-italic.woff -> /output/files/bodoni-moda-math-400-italic.woff.br
2024/08/18 01:56:31 gz /tmp/work/files/bodoni-moda-math-400-italic.woff -> /output/files/bodoni-moda-math-400-italic.woff.gz
2024/08/18 01:56:31 copy /tmp/work/files/bodoni-moda-math-700-normal.woff2 -> /output/files/bodoni-moda-math-700-normal.woff2
2024/08/18 01:56:31 algorithm: run /usr/bin/brotli --quality=11 --output=/output/files/bodoni-moda-math-800-italic.woff.br /tmp/work/files/bodoni-moda-math-800-italic.woff
2024/08/18 01:56:31 br /tmp/work/files/bodoni-moda-math-400-normal.woff -> /output/files/bodoni-moda-math-400-normal.woff.br
2024/08/18 01:56:31 gz /tmp/work/files/bodoni-moda-math-400-normal.woff -> /output/files/bodoni-moda-math-400-normal.woff.gz
2024/08/18 01:56:31 copy /tmp/work/files/bodoni-moda-math-800-italic.woff2 -> /output/files/bodoni-moda-math-800-italic.woff2
2024/08/18 01:56:31 algorithm: run /usr/bin/brotli --quality=11 --output=/output/files/bodoni-moda-math-800-normal.woff.br /tmp/work/files/bodoni-moda-math-800-normal.woff
2024/08/18 01:56:31 br /tmp/work/files/bodoni-moda-math-700-normal.woff -> /output/files/bodoni-moda-math-700-normal.woff.br
2024/08/18 01:56:31 gz /tmp/work/files/bodoni-moda-math-700-normal.woff -> /output/files/bodoni-moda-math-700-normal.woff.gz
2024/08/18 01:56:31 copy /tmp/work/files/bodoni-moda-math-800-normal.woff2 -> /output/files/bodoni-moda-math-800-normal.woff2
2024/08/18 01:56:31 algorithm: run /usr/bin/brotli --quality=11 --output=/output/files/bodoni-moda-math-900-italic.woff.br /tmp/work/files/bodoni-moda-math-900-italic.woff
2024/08/18 01:56:31 br /tmp/work/files/bodoni-moda-math-500-normal.woff -> /output/files/bodoni-moda-math-500-normal.woff.br
2024/08/18 01:56:31 gz /tmp/work/files/bodoni-moda-math-500-normal.woff -> /output/files/bodoni-moda-math-500-normal.woff.gz
2024/08/18 01:56:31 copy /tmp/work/files/bodoni-moda-math-900-italic.woff2 -> /output/files/bodoni-moda-math-900-italic.woff2
2024/08/18 01:56:31 algorithm: run /usr/bin/brotli --quality=11 --output=/output/files/bodoni-moda-math-900-normal.woff.br /tmp/work/files/bodoni-moda-math-900-normal.woff
2024/08/18 01:56:31 br /tmp/work/files/bodoni-moda-math-500-italic.woff -> /output/files/bodoni-moda-math-500-italic.woff.br
2024/08/18 01:56:31 br /tmp/work/files/bodoni-moda-math-700-italic.woff -> /output/files/bodoni-moda-math-700-italic.woff.br
2024/08/18 01:56:31 gz /tmp/work/files/bodoni-moda-math-500-italic.woff -> /output/files/bodoni-moda-math-500-italic.woff.gz
2024/08/18 01:56:31 gz /tmp/work/files/bodoni-moda-math-700-italic.woff -> /output/files/bodoni-moda-math-700-italic.woff.gz
2024/08/18 01:56:31 algorithm: run /usr/bin/brotli --quality=11 --output=/output/files/bodoni-moda-symbols-400-italic.woff.br /tmp/work/files/bodoni-moda-symbols-400-italic.woff
2024/08/18 01:56:31 copy /tmp/work/files/bodoni-moda-math-900-normal.woff2 -> /output/files/bodoni-moda-math-900-normal.woff2
2024/08/18 01:56:31 br /tmp/work/files/bodoni-moda-math-600-normal.woff -> /output/files/bodoni-moda-math-600-normal.woff.br
2024/08/18 01:56:31 gz /tmp/work/files/bodoni-moda-math-600-normal.woff -> /output/files/bodoni-moda-math-600-normal.woff.gz
2024/08/18 01:56:31 copy /tmp/work/files/bodoni-moda-symbols-400-italic.woff2 -> /output/files/bodoni-moda-symbols-400-italic.woff2
2024/08/18 01:56:31 algorithm: run /usr/bin/brotli --quality=11 --output=/output/files/bodoni-moda-symbols-400-normal.woff.br /tmp/work/files/bodoni-moda-symbols-400-normal.woff
2024/08/18 01:56:31 copy /tmp/work/files/bodoni-moda-symbols-400-normal.woff2 -> /output/files/bodoni-moda-symbols-400-normal.woff2
2024/08/18 01:56:31 algorithm: run /usr/bin/brotli --quality=11 --output=/output/files/bodoni-moda-symbols-500-italic.woff.br /tmp/work/files/bodoni-moda-symbols-500-italic.woff
2024/08/18 01:56:31 br /tmp/work/files/bodoni-moda-math-600-italic.woff -> /output/files/bodoni-moda-math-600-italic.woff.br
2024/08/18 01:56:31 gz /tmp/work/files/bodoni-moda-math-600-italic.woff -> /output/files/bodoni-moda-math-600-italic.woff.gz
2024/08/18 01:56:31 copy /tmp/work/files/bodoni-moda-symbols-500-italic.woff2 -> /output/files/bodoni-moda-symbols-500-italic.woff2
2024/08/18 01:56:31 algorithm: run /usr/bin/brotli --quality=11 --output=/output/files/bodoni-moda-symbols-500-normal.woff.br /tmp/work/files/bodoni-moda-symbols-500-normal.woff
2024/08/18 01:56:31 br /tmp/work/files/bodoni-moda-symbols-400-normal.woff -> /output/files/bodoni-moda-symbols-400-normal.woff.br
2024/08/18 01:56:31 gz /tmp/work/files/bodoni-moda-symbols-400-normal.woff -> /output/files/bodoni-moda-symbols-400-normal.woff.gz
2024/08/18 01:56:31 copy /tmp/work/files/bodoni-moda-symbols-500-normal.woff2 -> /output/files/bodoni-moda-symbols-500-normal.woff2
2024/08/18 01:56:31 algorithm: run /usr/bin/brotli --quality=11 --output=/output/files/bodoni-moda-symbols-600-italic.woff.br /tmp/work/files/bodoni-moda-symbols-600-italic.woff
2024/08/18 01:56:31 br /tmp/work/files/bodoni-moda-math-800-italic.woff -> /output/files/bodoni-moda-math-800-italic.woff.br
2024/08/18 01:56:31 gz /tmp/work/files/bodoni-moda-math-800-italic.woff -> /output/files/bodoni-moda-math-800-italic.woff.gz
2024/08/18 01:56:31 copy /tmp/work/files/bodoni-moda-symbols-600-italic.woff2 -> /output/files/bodoni-moda-symbols-600-italic.woff2
2024/08/18 01:56:31 algorithm: run /usr/bin/brotli --quality=11 --output=/output/files/bodoni-moda-symbols-600-normal.woff.br /tmp/work/files/bodoni-moda-symbols-600-normal.woff
2024/08/18 01:56:31 br /tmp/work/files/bodoni-moda-math-900-italic.woff -> /output/files/bodoni-moda-math-900-italic.woff.br
2024/08/18 01:56:31 br /tmp/work/files/bodoni-moda-math-800-normal.woff -> /output/files/bodoni-moda-math-800-normal.woff.br
2024/08/18 01:56:31 br /tmp/work/files/bodoni-moda-symbols-400-italic.woff -> /output/files/bodoni-moda-symbols-400-italic.woff.br
2024/08/18 01:56:31 gz /tmp/work/files/bodoni-moda-math-900-italic.woff -> /output/files/bodoni-moda-math-900-italic.woff.gz
2024/08/18 01:56:31 gz /tmp/work/files/bodoni-moda-symbols-400-italic.woff -> /output/files/bodoni-moda-symbols-400-italic.woff.gz
2024/08/18 01:56:31 algorithm: run /usr/bin/brotli --quality=11 --output=/output/files/bodoni-moda-symbols-700-italic.woff.br /tmp/work/files/bodoni-moda-symbols-700-italic.woff
2024/08/18 01:56:31 br /tmp/work/files/bodoni-moda-math-900-normal.woff -> /output/files/bodoni-moda-math-900-normal.woff.br
2024/08/18 01:56:31 gz /tmp/work/files/bodoni-moda-math-800-normal.woff -> /output/files/bodoni-moda-math-800-normal.woff.gz
2024/08/18 01:56:31 gz /tmp/work/files/bodoni-moda-math-900-normal.woff -> /output/files/bodoni-moda-math-900-normal.woff.gz
2024/08/18 01:56:31 algorithm: run /usr/bin/brotli --quality=11 --output=/output/files/bodoni-moda-symbols-700-normal.woff.br /tmp/work/files/bodoni-moda-symbols-700-normal.woff
2024/08/18 01:56:31 copy /tmp/work/files/bodoni-moda-symbols-600-normal.woff2 -> /output/files/bodoni-moda-symbols-600-normal.woff2
2024/08/18 01:56:31 copy /tmp/work/files/bodoni-moda-symbols-700-italic.woff2 -> /output/files/bodoni-moda-symbols-700-italic.woff2
2024/08/18 01:56:31 algorithm: run /usr/bin/brotli --quality=11 --output=/output/files/bodoni-moda-symbols-800-italic.woff.br /tmp/work/files/bodoni-moda-symbols-800-italic.woff
2024/08/18 01:56:31 copy /tmp/work/files/bodoni-moda-symbols-700-normal.woff2 -> /output/files/bodoni-moda-symbols-700-normal.woff2
2024/08/18 01:56:31 br /tmp/work/files/bodoni-moda-symbols-500-italic.woff -> /output/files/bodoni-moda-symbols-500-italic.woff.br
2024/08/18 01:56:31 copy /tmp/work/files/bodoni-moda-symbols-800-italic.woff2 -> /output/files/bodoni-moda-symbols-800-italic.woff2
2024/08/18 01:56:31 algorithm: run /usr/bin/brotli --quality=11 --output=/output/files/bodoni-moda-symbols-800-normal.woff.br /tmp/work/files/bodoni-moda-symbols-800-normal.woff
2024/08/18 01:56:31 gz /tmp/work/files/bodoni-moda-symbols-500-italic.woff -> /output/files/bodoni-moda-symbols-500-italic.woff.gz
2024/08/18 01:56:31 copy /tmp/work/files/bodoni-moda-symbols-800-normal.woff2 -> /output/files/bodoni-moda-symbols-800-normal.woff2
2024/08/18 01:56:31 algorithm: run /usr/bin/brotli --quality=11 --output=/output/files/bodoni-moda-symbols-900-italic.woff.br /tmp/work/files/bodoni-moda-symbols-900-italic.woff
2024/08/18 01:56:31 br /tmp/work/files/bodoni-moda-symbols-500-normal.woff -> /output/files/bodoni-moda-symbols-500-normal.woff.br
2024/08/18 01:56:31 gz /tmp/work/files/bodoni-moda-symbols-500-normal.woff -> /output/files/bodoni-moda-symbols-500-normal.woff.gz
2024/08/18 01:56:31 copy /tmp/work/files/bodoni-moda-symbols-900-italic.woff2 -> /output/files/bodoni-moda-symbols-900-italic.woff2
2024/08/18 01:56:31 algorithm: run /usr/bin/brotli --quality=11 --output=/output/files/bodoni-moda-symbols-900-normal.woff.br /tmp/work/files/bodoni-moda-symbols-900-normal.woff
2024/08/18 01:56:31 br /tmp/work/files/bodoni-moda-symbols-600-italic.woff -> /output/files/bodoni-moda-symbols-600-italic.woff.br
2024/08/18 01:56:31 gz /tmp/work/files/bodoni-moda-symbols-600-italic.woff -> /output/files/bodoni-moda-symbols-600-italic.woff.gz
2024/08/18 01:56:31 copy /tmp/work/files/bodoni-moda-symbols-900-normal.woff2 -> /output/files/bodoni-moda-symbols-900-normal.woff2
2024/08/18 01:56:31 br /tmp/work/files/bodoni-moda-symbols-600-normal.woff -> /output/files/bodoni-moda-symbols-600-normal.woff.br
2024/08/18 01:56:31 gz /tmp/work/files/bodoni-moda-symbols-600-normal.woff -> /output/files/bodoni-moda-symbols-600-normal.woff.gz
2024/08/18 01:56:31 br /tmp/work/files/bodoni-moda-symbols-700-normal.woff -> /output/files/bodoni-moda-symbols-700-normal.woff.br
2024/08/18 01:56:31 gz /tmp/work/files/bodoni-moda-symbols-700-normal.woff -> /output/files/bodoni-moda-symbols-700-normal.woff.gz
2024/08/18 01:56:31 br /tmp/work/files/bodoni-moda-symbols-700-italic.woff -> /output/files/bodoni-moda-symbols-700-italic.woff.br
2024/08/18 01:56:31 gz /tmp/work/files/bodoni-moda-symbols-700-italic.woff -> /output/files/bodoni-moda-symbols-700-italic.woff.gz
2024/08/18 01:56:31 br /tmp/work/files/bodoni-moda-symbols-800-normal.woff -> /output/files/bodoni-moda-symbols-800-normal.woff.br
2024/08/18 01:56:31 gz /tmp/work/files/bodoni-moda-symbols-800-normal.woff -> /output/files/bodoni-moda-symbols-800-normal.woff.gz
2024/08/18 01:56:31 br /tmp/work/files/bodoni-moda-symbols-800-italic.woff -> /output/files/bodoni-moda-symbols-800-italic.woff.br
2024/08/18 01:56:31 gz /tmp/work/files/bodoni-moda-symbols-800-italic.woff -> /output/files/bodoni-moda-symbols-800-italic.woff.gz
2024/08/18 01:56:31 br /tmp/work/files/bodoni-moda-symbols-900-italic.woff -> /output/files/bodoni-moda-symbols-900-italic.woff.br
2024/08/18 01:56:31 gz /tmp/work/files/bodoni-moda-symbols-900-italic.woff -> /output/files/bodoni-moda-symbols-900-italic.woff.gz
2024/08/18 01:56:31 br /tmp/work/files/bodoni-moda-symbols-900-normal.woff -> /output/files/bodoni-moda-symbols-900-normal.woff.br
2024/08/18 01:56:31 gz /tmp/work/files/bodoni-moda-symbols-900-normal.woff -> /output/files/bodoni-moda-symbols-900-normal.woff.gz
2024/08/18 01:56:31 processed fontsource-bodoni-moda
