config: {"authors":[{"name":"David CATUHE"}],"autoupdate":{"source":"npm","target":"babylonjs","fileMap":[{"basePath":"","files":["babylon*.!(ts)"]}]},"description":"Babylon.js is a JavaScript 3D engine based on webgl.","filename":"babylon.js","keywords":["3D","javascript","html5","webgl"],"license":"Apache-2.0","name":"babylonjs","repository":{"type":"git","url":"https://github.com/BabylonJS/Babylon.js.git"},"author":"David CATUHE"}
KV keys:
- babylonjs/5.29.0/babylon.d.ts.br
- babylonjs/5.29.0/babylon.d.ts.gz
- babylonjs/5.29.0/babylon.js.br
- babylonjs/5.29.0/babylon.js.gz
- babylonjs/5.29.0/babylon.js.map.br
- babylonjs/5.29.0/babylon.js.map.gz
- babylonjs/5.29.0/babylon.max.js.br
- babylonjs/5.29.0/babylon.max.js.gz
- babylonjs/5.29.0/babylon.max.js.map.br
- babylonjs/5.29.0/babylon.max.js.map.gz
- babylonjs/5.29.0/babylon.max.min.js.br
- babylonjs/5.29.0/babylon.max.min.js.gz
- babylonjs/5.29.0/babylon.min.js.br
- babylonjs/5.29.0/babylon.min.js.gz
- babylonjs/5.29.0/babylon.module.d.ts.br
- babylonjs/5.29.0/babylon.module.d.ts.gz
SRIs:
- babylonjs/5.29.0/babylon.js: sha512-QPuBfhrFha81BQJykzhjMAZfRKJ8dGAKbcijz+H9PfkuKPI0lTbxA/Fkdif1eW/3TKRSRUn1TpPwO2bKIL33Ww==
- babylonjs/5.29.0/babylon.max.js: sha512-bl10edcqkBaJXV9Gfz2+4ujxakAeYn+TE2YBK7UjtkgOT64LOuZstZk+FxhUWLXFZaH0vbRLP+Nw3l5Cth2row==
- babylonjs/5.29.0/babylon.max.min.js: sha512-3n6j+8zQHhCFLLMBm0BXzs1FAjJN1krlCxgq1wIQxzOuZDirgQTjBzYaCiLgubxIVYqXLKgzcXDK3tXEhWS2dQ==
- babylonjs/5.29.0/babylon.min.js: sha512-ZCINmtsJvu1zisjkzBo3IKhRMyNCv98YGKGhC3I/wILRU3MlhvAIlzTZZY58f4YEcAgyyOokzCRDPqZV3Ep73w==
