config: {"authors":[{"name":"Fu Zhen"}],"autoupdate":{"source":"npm","target":"maptalks","fileMap":[{"basePath":"dist","files":["**/*"]}]},"description":"A light JavaScript library to create integrated 2D/3D maps.","filename":"maptalks.min.js","homepage":"https://maptalks.org","keywords":["javascript","gis","map","2d-maps","3d-maps","geospatial","maps","maptalks"],"license":"BSD-3-Clause","name":"maptalks","repository":{"type":"git","url":"https://github.com/maptalks/maptalks.js.git"},"author":"Fu Zhen"}
KV keys:
- maptalks/1.0.0-rc.24/images/control/compass.svg.br
- maptalks/1.0.0-rc.24/images/control/compass.svg.gz
- maptalks/1.0.0-rc.24/images/control/layer.svg.br
- maptalks/1.0.0-rc.24/images/control/layer.svg.gz
- maptalks/1.0.0-rc.24/images/control/reset.svg.br
- maptalks/1.0.0-rc.24/images/control/reset.svg.gz
- maptalks/1.0.0-rc.24/images/control/zoomin.svg.br
- maptalks/1.0.0-rc.24/images/control/zoomin.svg.gz
- maptalks/1.0.0-rc.24/images/control/zoomout.svg.br
- maptalks/1.0.0-rc.24/images/control/zoomout.svg.gz
- maptalks/1.0.0-rc.24/maptalks.css.br
- maptalks/1.0.0-rc.24/maptalks.css.gz
- maptalks/1.0.0-rc.24/maptalks.es-bundler.js.br
- maptalks/1.0.0-rc.24/maptalks.es-bundler.js.gz
- maptalks/1.0.0-rc.24/maptalks.es-bundler.min.js.br
- maptalks/1.0.0-rc.24/maptalks.es-bundler.min.js.gz
- maptalks/1.0.0-rc.24/maptalks.es.js.br
- maptalks/1.0.0-rc.24/maptalks.es.js.gz
- maptalks/1.0.0-rc.24/maptalks.es.min.js.br
- maptalks/1.0.0-rc.24/maptalks.es.min.js.gz
- maptalks/1.0.0-rc.24/maptalks.js.br
- maptalks/1.0.0-rc.24/maptalks.js.gz
- maptalks/1.0.0-rc.24/maptalks.min.css.br
- maptalks/1.0.0-rc.24/maptalks.min.css.gz
- maptalks/1.0.0-rc.24/maptalks.min.js.br
- maptalks/1.0.0-rc.24/maptalks.min.js.gz
SRIs:
- maptalks/1.0.0-rc.24/maptalks.es-bundler.js: sha512-Vx7D8ZvJuH/dEK6B26gfqF852FlpERB3J9G90dzCxRAp0UW/EAvl6l+uRpQkViEE+M301MAfYsOJbbnH+Q9vCQ==
- maptalks/1.0.0-rc.24/maptalks.es-bundler.min.js: sha512-9lI0TJrpomEneKVNplPCrVWjmvBezLYRCF7XMgkUWZxF7A9eeWR4FdDp9Mp0fQa0m63rypwpgBKf7p5CmO982Q==
- maptalks/1.0.0-rc.24/maptalks.es.js: sha512-Ybla6EUcYZBvCYtJHqe51y4xhIiDjxzeemP+Ivm1IHfKvjCn28td/Ud6Ulw06hWR9s1Y3DA/YFsr2rezSmAvlA==
- maptalks/1.0.0-rc.24/maptalks.es.min.js: sha512-NFD39U94/Vv9igUKeLzwwwTnDQn+8xH/YSJDRDM/dqtVoM8O5xFplFADVdaHCBfl6GNX50SNNE1Y1CBJcNjF5g==
- maptalks/1.0.0-rc.24/maptalks.js: sha512-b/Xgd2F4h3z4nvmhAKnWm51SH4Ua+ClkBCIJDXxXw9SO+jgLi9j3vXFqmbB4tq4VscSd0hIFML1LqVlTR8ON9A==
- maptalks/1.0.0-rc.24/maptalks.min.css: sha512-b/p9eN8EEirwNxq8fkc6g6VYseSBDB2pp0qigY5klR4bKB5B0m1b98wmshkSwqS1ur9C73WVDCnIDuIExlsFIw==
- maptalks/1.0.0-rc.24/maptalks.min.js: sha512-IJhDZMm8XweXVvzfpx071TSeNTYDMIrSkcMKBB8H4OHYemBvdc9VK/ZeEYH837uIY9WsvWRkOIC6YZCp6Rg6AA==
- maptalks/1.0.0-rc.24/maptalks.css: sha512-b/p9eN8EEirwNxq8fkc6g6VYseSBDB2pp0qigY5klR4bKB5B0m1b98wmshkSwqS1ur9C73WVDCnIDuIExlsFIw==
