config: {"authors":[{"name":"Davy Van Roy","email":"davy.van.roy@venly.io"}],"autoupdate":{"source":"npm","target":"@venly/web3-provider","fileMap":[{"basePath":"dist","files":["*.js"]}]},"description":"Venly enabled Web3 Provider for the web","filename":"web3-provider.js","homepage":"https://venly.io","keywords":["ethereum","hd","wallet","mnemonic","provider","arkane","venly","venly.io","truffle","blockchain","crypto"],"license":"MIT","name":"venly-web3-provider","repository":{"type":"git","url":"git+https://github.com/ArkaneNetwork/web3-arkane-provider.git"},"author":"Davy Van Roy \u003cdavy.van.roy@venly.io\u003e"}
KV keys:
- venly-web3-provider/3.0.0-develop.2/createJsonRpcClient.js.br
- venly-web3-provider/3.0.0-develop.2/createJsonRpcClient.js.gz
- venly-web3-provider/3.0.0-develop.2/createJsonRpcClient.min.js.br
- venly-web3-provider/3.0.0-develop.2/createJsonRpcClient.min.js.gz
- venly-web3-provider/3.0.0-develop.2/index.js.br
- venly-web3-provider/3.0.0-develop.2/index.js.gz
- venly-web3-provider/3.0.0-develop.2/index.min.js.br
- venly-web3-provider/3.0.0-develop.2/index.min.js.gz
- venly-web3-provider/3.0.0-develop.2/index.test.js.br
- venly-web3-provider/3.0.0-develop.2/index.test.js.gz
- venly-web3-provider/3.0.0-develop.2/index.test.min.js.br
- venly-web3-provider/3.0.0-develop.2/index.test.min.js.gz
- venly-web3-provider/3.0.0-develop.2/types.js.br
- venly-web3-provider/3.0.0-develop.2/types.js.gz
- venly-web3-provider/3.0.0-develop.2/types.min.js.br
- venly-web3-provider/3.0.0-develop.2/types.min.js.gz
- venly-web3-provider/3.0.0-develop.2/util.js.br
- venly-web3-provider/3.0.0-develop.2/util.js.gz
- venly-web3-provider/3.0.0-develop.2/util.min.js.br
- venly-web3-provider/3.0.0-develop.2/util.min.js.gz
- venly-web3-provider/3.0.0-develop.2/venlyController.js.br
- venly-web3-provider/3.0.0-develop.2/venlyController.js.gz
- venly-web3-provider/3.0.0-develop.2/venlyController.min.js.br
- venly-web3-provider/3.0.0-develop.2/venlyController.min.js.gz
SRIs:
- venly-web3-provider/3.0.0-develop.2/createJsonRpcClient.js: sha512-+U4D/gKkO+pwLjgV0KC5A5B4dlLkOC29rBHxYbxewxYTTQQOzu+jKoC1FBrQufyRF0AIKdQJi2fcML/MXweRVA==
- venly-web3-provider/3.0.0-develop.2/createJsonRpcClient.min.js: sha512-wHVDmFF21mwXtDGuly0dv1i5epSZ0065LSV1WYXQCJK69nu5dSiD5Gg91IUo2hGZ83oaRiFdFHENG4iWm72Q4Q==
- venly-web3-provider/3.0.0-develop.2/index.js: sha512-BmKWJdka7ud4EmWaVI1yNbM2U4jYcIAJ46zRfS1VxMHyGG8ZKzIQErW0qcsMgrALSV6LG4keMk6dSTlh+2vB8A==
- venly-web3-provider/3.0.0-develop.2/index.test.min.js: sha512-H0Fzt7G4IHwwxG2cT+9MawJfY87pPxopqLUzpR1YpqwSrOvZNkLr70eT6v5LYEAyBpGsuA/RWF8K0Lrjt4vjGA==
- venly-web3-provider/3.0.0-develop.2/util.min.js: sha512-LrMuNQvVFOQKSTMlDF30/Ldh//elUbdbXAdaLM+IFuQzkaSdfbn5puErUt+ZtEXEkRNEOXp5BevTLNKf3v52MQ==
- venly-web3-provider/3.0.0-develop.2/venlyController.js: sha512-vFclQwWgDRlwFHqfEChBTtfQO0NtIjmpCDgH7JmCDUMJzoGXDdlYuWBNbn9BaMeld9oSY85+iOFtllEwbciBVQ==
- venly-web3-provider/3.0.0-develop.2/venlyController.min.js: sha512-sdai9Kkd857NUoOTjGltRWe4nOSouVcYBrxBOCYf3gn2r8Gun9ld4x7/822Dkv+0HZT7ERZZWkzjXcFcgSkCsg==
- venly-web3-provider/3.0.0-develop.2/index.min.js: sha512-jflnZYXzmgH3merzsFE8BcE+GjYCqIHWYBQmhl+dbTkmbxc3Rz7JSkR/qod1zkzWnNkpa5H2GkaHIi3jUUnspQ==
- venly-web3-provider/3.0.0-develop.2/index.test.js: sha512-d868Ris3KNIWZ3kTJd+5J+0SCrCucVsi9uiMiezlxhYrQZlmpzdzygayhKQjTie+c+ZDIsrjCu8qNxyg3qkTMw==
- venly-web3-provider/3.0.0-develop.2/types.js: sha512-LMByxLzL6SyGfRXirhv5FSGJjvDSVOBbC4dfGIPmLIdNiFcsvRKjMwYY64CVhJYzwRoR1tMSC1BWfTvniJ+YLg==
- venly-web3-provider/3.0.0-develop.2/types.min.js: sha512-t+IO7GTvw2UBSKY8bXCSxbTVkR/KO8GBeg1U/ML9LayToC5FnKuHBHSpKqVyktnvwkw1LZGdGiig/P2Pv8iS1w==
- venly-web3-provider/3.0.0-develop.2/util.js: sha512-jsBPBwDzY3CEiZUR4qhEZH7kqbVolp4lhMJep3kuifojrb65rjy7XMw4eofy+yHZCKe0/GODcMEHLJW5JYPu7w==
