config: {"authors":[{"name":"Google Inc."}],"autoupdate":{"source":"npm","target":"@fontsource/allura","fileMap":[{"basePath":"","files":["*.css","files/*.@(woff|woff2)"]}],"excludeFromSearch":true},"description":"Self-host the Allura font in a neatly bundled NPM package.","filename":"index.css","homepage":"https://fontsource.org/fonts/allura","keywords":["fontsource","font","font family","google fonts","allura","Allura","css","sass","front-end","web","typeface","variable"],"license":"OFL-1.1","name":"fontsource-allura","repository":{"type":"git","url":"git+https://github.com/fontsource/font-files.git"},"author":"Google Inc."}
KV keys:
- fontsource-allura/5.0.15/400.css.br
- fontsource-allura/5.0.15/400.css.gz
- fontsource-allura/5.0.15/400.min.css.br
- fontsource-allura/5.0.15/400.min.css.gz
- fontsource-allura/5.0.15/files/allura-latin-400-normal.woff.br
- fontsource-allura/5.0.15/files/allura-latin-400-normal.woff.gz
- fontsource-allura/5.0.15/files/allura-latin-400-normal.woff2
- fontsource-allura/5.0.15/files/allura-latin-ext-400-normal.woff.br
- fontsource-allura/5.0.15/files/allura-latin-ext-400-normal.woff.gz
- fontsource-allura/5.0.15/files/allura-latin-ext-400-normal.woff2
- fontsource-allura/5.0.15/files/allura-vietnamese-400-normal.woff.br
- fontsource-allura/5.0.15/files/allura-vietnamese-400-normal.woff.gz
- fontsource-allura/5.0.15/files/allura-vietnamese-400-normal.woff2
- fontsource-allura/5.0.15/index.css.br
- fontsource-allura/5.0.15/index.css.gz
- fontsource-allura/5.0.15/index.min.css.br
- fontsource-allura/5.0.15/index.min.css.gz
- fontsource-allura/5.0.15/latin-400.css.br
- fontsource-allura/5.0.15/latin-400.css.gz
- fontsource-allura/5.0.15/latin-400.min.css.br
- fontsource-allura/5.0.15/latin-400.min.css.gz
- fontsource-allura/5.0.15/latin-ext-400.css.br
- fontsource-allura/5.0.15/latin-ext-400.css.gz
- fontsource-allura/5.0.15/latin-ext-400.min.css.br
- fontsource-allura/5.0.15/latin-ext-400.min.css.gz
- fontsource-allura/5.0.15/latin-ext.css.br
- fontsource-allura/5.0.15/latin-ext.css.gz
- fontsource-allura/5.0.15/latin-ext.min.css.br
- fontsource-allura/5.0.15/latin-ext.min.css.gz
- fontsource-allura/5.0.15/latin.css.br
- fontsource-allura/5.0.15/latin.css.gz
- fontsource-allura/5.0.15/latin.min.css.br
- fontsource-allura/5.0.15/latin.min.css.gz
- fontsource-allura/5.0.15/vietnamese-400.css.br
- fontsource-allura/5.0.15/vietnamese-400.css.gz
- fontsource-allura/5.0.15/vietnamese-400.min.css.br
- fontsource-allura/5.0.15/vietnamese-400.min.css.gz
- fontsource-allura/5.0.15/vietnamese.css.br
- fontsource-allura/5.0.15/vietnamese.css.gz
- fontsource-allura/5.0.15/vietnamese.min.css.br
- fontsource-allura/5.0.15/vietnamese.min.css.gz
SRIs:
- fontsource-allura/5.0.15/vietnamese.css: sha512-8WHfRByjGBQ9xPWxTe13/NsNkUFWv8/QLY/2AXUPOW05hKZTwvsLErLFX8nuQcIt8gARYFyWekN4zpwpq69m5w==
- fontsource-allura/5.0.15/latin-400.min.css: sha512-RvZNqS9jHFeHwOZAEuFVXeoPGpXuZhbcos/NvgUm6yvDhDOH53kaG906WYmqG+heVliFVKqtRdKyKjSklHz+0w==
- fontsource-allura/5.0.15/latin-ext-400.css: sha512-b1RD4DioS40WrdKVY4g171/jQb0VVuo4pEe099Dkhdo1ZfY/IKabyg+TJsowdPOIGkRXPQ5vlzv0t7MDOpaTrA==
- fontsource-allura/5.0.15/latin-ext-400.min.css: sha512-F6BZTnNpE2fYg9lEWyAK97r+V0eej1E6mHigoFT3Aj/IjcN15lTfyWSbhoc/VucoYGAOvXY2xeUj9C82V8s51g==
- fontsource-allura/5.0.15/latin-ext.css: sha512-b1RD4DioS40WrdKVY4g171/jQb0VVuo4pEe099Dkhdo1ZfY/IKabyg+TJsowdPOIGkRXPQ5vlzv0t7MDOpaTrA==
- fontsource-allura/5.0.15/400.min.css: sha512-jujVLzSJJRlljCrLG8WR7QcMkBp90OyVocK6HlNG/VXFpFFk/4tv8VPNLh9PMM9HeQ7YQiWd7YKlLoJH92lvgg==
- fontsource-allura/5.0.15/latin-ext.min.css: sha512-F6BZTnNpE2fYg9lEWyAK97r+V0eej1E6mHigoFT3Aj/IjcN15lTfyWSbhoc/VucoYGAOvXY2xeUj9C82V8s51g==
- fontsource-allura/5.0.15/latin.css: sha512-iLi5rIMgSzcozBeOiTTouxfkXM7ttMkdWw3T7wbCUOnYbu25xF8ZX7wstS8WvFERqY/DeNJNRWf3vgV0kMdZng==
- fontsource-allura/5.0.15/vietnamese-400.min.css: sha512-/3+Bkgq1dT55m+DpJbMHQnMpxZCjtUnkuWf8w07conrp/IYLAnQt62H1mOxfE+7g+MfPpkUfN0iC5TiF3CRqwQ==
- fontsource-allura/5.0.15/vietnamese.min.css: sha512-/3+Bkgq1dT55m+DpJbMHQnMpxZCjtUnkuWf8w07conrp/IYLAnQt62H1mOxfE+7g+MfPpkUfN0iC5TiF3CRqwQ==
- fontsource-allura/5.0.15/latin.min.css: sha512-RvZNqS9jHFeHwOZAEuFVXeoPGpXuZhbcos/NvgUm6yvDhDOH53kaG906WYmqG+heVliFVKqtRdKyKjSklHz+0w==
- fontsource-allura/5.0.15/vietnamese-400.css: sha512-8WHfRByjGBQ9xPWxTe13/NsNkUFWv8/QLY/2AXUPOW05hKZTwvsLErLFX8nuQcIt8gARYFyWekN4zpwpq69m5w==
- fontsource-allura/5.0.15/400.css: sha512-WvG2fd1QCXEM8MexKZByxALvnJPVsHMjmaXQdnhh2UqAXOA4cS1mk4bUdsOO+pQOpyM3leII7nSqnFUy0m9dSw==
- fontsource-allura/5.0.15/index.css: sha512-WvG2fd1QCXEM8MexKZByxALvnJPVsHMjmaXQdnhh2UqAXOA4cS1mk4bUdsOO+pQOpyM3leII7nSqnFUy0m9dSw==
- fontsource-allura/5.0.15/index.min.css: sha512-jujVLzSJJRlljCrLG8WR7QcMkBp90OyVocK6HlNG/VXFpFFk/4tv8VPNLh9PMM9HeQ7YQiWd7YKlLoJH92lvgg==
- fontsource-allura/5.0.15/latin-400.css: sha512-iLi5rIMgSzcozBeOiTTouxfkXM7ttMkdWw3T7wbCUOnYbu25xF8ZX7wstS8WvFERqY/DeNJNRWf3vgV0kMdZng==
