2022/08/29 20:07:08 optimizing files (Js true, Css true, Png true, Jpg true)
2022/08/29 20:07:08 compress: run /node_modules/uglify-js/bin/uglifyjs --mangle --compress if_return=true -o /tmp/work/lib/index.min.js /tmp/work/lib/index.js
2022/08/29 20:07:08 compress: run /node_modules/uglify-js/bin/uglifyjs --mangle --compress if_return=true -o /tmp/work/lib/index.esm.min.js /tmp/work/lib/index.esm.js
2022/08/29 20:07:08 /tmp/work/lib/sakana.min.js is already compressed
2022/08/29 20:07:08 algorithm: run /usr/bin/brotli --quality=11 --output=/output/icons/index.d.ts.br /tmp/work/lib/icons/index.d.ts
2022/08/29 20:07:08 algorithm: run /usr/bin/brotli --quality=11 --output=/output/utils.d.ts.br /tmp/work/lib/utils.d.ts
2022/08/29 20:07:08 algorithm: run /usr/bin/brotli --quality=11 --output=/output/index.d.ts.br /tmp/work/lib/index.d.ts
2022/08/29 20:07:08 sri /tmp/work/lib/sakana.min.js -> /output/sakana.min.js.sri
2022/08/29 20:07:08 algorithm: run /usr/bin/brotli --quality=11 --output=/output/sakana.min.js.br /tmp/work/lib/sakana.min.js
2022/08/29 20:07:08 br /tmp/work/lib/icons/index.d.ts -> /output/icons/index.d.ts.br
2022/08/29 20:07:08 gz /tmp/work/lib/icons/index.d.ts -> /output/icons/index.d.ts.gz
2022/08/29 20:07:08 br /tmp/work/lib/utils.d.ts -> /output/utils.d.ts.br
2022/08/29 20:07:08 gz /tmp/work/lib/utils.d.ts -> /output/utils.d.ts.gz
2022/08/29 20:07:08 br /tmp/work/lib/index.d.ts -> /output/index.d.ts.br
2022/08/29 20:07:08 gz /tmp/work/lib/index.d.ts -> /output/index.d.ts.gz
2022/08/29 20:07:08 br /tmp/work/lib/sakana.min.js -> /output/sakana.min.js.br
2022/08/29 20:07:08 gz /tmp/work/lib/sakana.min.js -> /output/sakana.min.js.gz
2022/08/29 20:07:08 sri /tmp/work/lib/index.esm.min.js -> /output/index.esm.min.js.sri
2022/08/29 20:07:08 algorithm: run /usr/bin/brotli --quality=11 --output=/output/index.esm.min.js.br /tmp/work/lib/index.esm.min.js
2022/08/29 20:07:08 sri /tmp/work/lib/index.min.js -> /output/index.min.js.sri
2022/08/29 20:07:08 algorithm: run /usr/bin/brotli --quality=11 --output=/output/index.min.js.br /tmp/work/lib/index.min.js
2022/08/29 20:07:09 br /tmp/work/lib/index.esm.min.js -> /output/index.esm.min.js.br
2022/08/29 20:07:09 gz /tmp/work/lib/index.esm.min.js -> /output/index.esm.min.js.gz
2022/08/29 20:07:09 sri /tmp/work/lib/index.esm.js -> /output/index.esm.js.sri
2022/08/29 20:07:09 algorithm: run /usr/bin/brotli --quality=11 --output=/output/index.esm.js.br /tmp/work/lib/index.esm.js
2022/08/29 20:07:09 br /tmp/work/lib/index.min.js -> /output/index.min.js.br
2022/08/29 20:07:09 gz /tmp/work/lib/index.min.js -> /output/index.min.js.gz
2022/08/29 20:07:09 sri /tmp/work/lib/index.js -> /output/index.js.sri
2022/08/29 20:07:09 algorithm: run /usr/bin/brotli --quality=11 --output=/output/index.js.br /tmp/work/lib/index.js
2022/08/29 20:07:09 br /tmp/work/lib/index.esm.js -> /output/index.esm.js.br
2022/08/29 20:07:09 gz /tmp/work/lib/index.esm.js -> /output/index.esm.js.gz
2022/08/29 20:07:09 br /tmp/work/lib/index.js -> /output/index.js.br
2022/08/29 20:07:09 gz /tmp/work/lib/index.js -> /output/index.js.gz
2022/08/29 20:07:09 processed sakana-widget
