config: {"authors":[{"name":"Google Inc."}],"autoupdate":{"source":"npm","target":"@fontsource/bonbon","fileMap":[{"basePath":"","files":["*.css","files/*.@(woff|woff2)"]}],"excludeFromSearch":true},"description":"Self-host the Bonbon font in a neatly bundled NPM package.","filename":"index.css","homepage":"https://fontsource.org/fonts/bonbon","keywords":["fontsource","font","font family","google fonts","bonbon","Bonbon","css","sass","front-end","web","typeface","variable"],"license":"OFL-1.1","name":"fontsource-bonbon","repository":{"type":"git","url":"git+https://github.com/fontsource/font-files.git"},"author":"Google Inc."}
KV keys:
- fontsource-bonbon/4.5.7/400.css.br
- fontsource-bonbon/4.5.7/400.css.gz
- fontsource-bonbon/4.5.7/400.min.css.br
- fontsource-bonbon/4.5.7/400.min.css.gz
- fontsource-bonbon/4.5.7/files/bonbon-all-400-normal.woff.br
- fontsource-bonbon/4.5.7/files/bonbon-all-400-normal.woff.gz
- fontsource-bonbon/4.5.7/files/bonbon-latin-400-normal.woff.br
- fontsource-bonbon/4.5.7/files/bonbon-latin-400-normal.woff.gz
- fontsource-bonbon/4.5.7/files/bonbon-latin-400-normal.woff2
- fontsource-bonbon/4.5.7/index.css.br
- fontsource-bonbon/4.5.7/index.css.gz
- fontsource-bonbon/4.5.7/index.min.css.br
- fontsource-bonbon/4.5.7/index.min.css.gz
- fontsource-bonbon/4.5.7/latin-400.css.br
- fontsource-bonbon/4.5.7/latin-400.css.gz
- fontsource-bonbon/4.5.7/latin-400.min.css.br
- fontsource-bonbon/4.5.7/latin-400.min.css.gz
- fontsource-bonbon/4.5.7/latin.css.br
- fontsource-bonbon/4.5.7/latin.css.gz
- fontsource-bonbon/4.5.7/latin.min.css.br
- fontsource-bonbon/4.5.7/latin.min.css.gz
SRIs:
- fontsource-bonbon/4.5.7/index.css: sha512-qaQxGTwM7LtlhMDfRYaJJ/t7SrlC0su2pPhJxBeuVZOK9Rog0DQGPrttm0PnmPvRc4f1qBUmTHtOp3/mTsdGXA==
- fontsource-bonbon/4.5.7/index.min.css: sha512-/F9UfXrnTnmqVQVwswrz9D46kti8qODvR2iH/mpbdI//Jl2Ehy4b5qFIp2GdNZQbc0TbuvdsB1XMZceOovisJg==
- fontsource-bonbon/4.5.7/latin-400.css: sha512-YXmXA6eRO0A5GftwSZ5Yty3Z86HmFcv8AzGfIso6vi7+vXGr1+PtDI2rI27oWCNfmB1uy5NOaJS9gw9RN008XQ==
- fontsource-bonbon/4.5.7/latin-400.min.css: sha512-V5zv8nhCk3m1vYcPuxaM+0c9vZ6+mEvKSFVcmjizV0JRlowWi/QheDqoKZZpn3KMiGyaBBhGcfh9ZSC3CV631A==
- fontsource-bonbon/4.5.7/latin.css: sha512-YXmXA6eRO0A5GftwSZ5Yty3Z86HmFcv8AzGfIso6vi7+vXGr1+PtDI2rI27oWCNfmB1uy5NOaJS9gw9RN008XQ==
- fontsource-bonbon/4.5.7/latin.min.css: sha512-V5zv8nhCk3m1vYcPuxaM+0c9vZ6+mEvKSFVcmjizV0JRlowWi/QheDqoKZZpn3KMiGyaBBhGcfh9ZSC3CV631A==
- fontsource-bonbon/4.5.7/400.css: sha512-qaQxGTwM7LtlhMDfRYaJJ/t7SrlC0su2pPhJxBeuVZOK9Rog0DQGPrttm0PnmPvRc4f1qBUmTHtOp3/mTsdGXA==
- fontsource-bonbon/4.5.7/400.min.css: sha512-/F9UfXrnTnmqVQVwswrz9D46kti8qODvR2iH/mpbdI//Jl2Ehy4b5qFIp2GdNZQbc0TbuvdsB1XMZceOovisJg==
