2024/10/09 20:11:13 ExtractTarGz: uknown type: 67 in pax_global_header
2024/10/09 20:11:13 optimizing files (Js true, Css true, Png true, Jpg true)
2024/10/09 20:11:13 /tmp/work/dist/color-thief.min.js already has corresponding compressed file
2024/10/09 20:11:13 /tmp/work/dist/color-thief.min.js is already compressed
2024/10/09 20:11:13 sri /tmp/work/dist/color-thief.js -> /output/color-thief.js.sri
2024/10/09 20:11:13 algorithm: run /usr/bin/brotli --quality=11 --output=/output/color-thief.js.br /tmp/work/dist/color-thief.js
2024/10/09 20:11:13 sri /tmp/work/dist/color-thief.min.js -> /output/color-thief.min.js.sri
2024/10/09 20:11:13 compress: run /node_modules/uglify-js/bin/uglifyjs (3.15.4) [--mangle --compress if_return=true -o /tmp/work/dist/color-thief.umd.min.js /tmp/work/dist/color-thief.umd.js]
2024/10/09 20:11:13 algorithm: run /usr/bin/brotli --quality=11 --output=/output/color-thief.umd.js.map.br /tmp/work/dist/color-thief.umd.js.map
2024/10/09 20:11:13 algorithm: run /usr/bin/brotli --quality=11 --output=/output/color-thief.min.js.br /tmp/work/dist/color-thief.min.js
2024/10/09 20:11:13 br /tmp/work/dist/color-thief.umd.js.map -> /output/color-thief.umd.js.map.br
2024/10/09 20:11:13 br /tmp/work/dist/color-thief.js -> /output/color-thief.js.br
2024/10/09 20:11:13 gz /tmp/work/dist/color-thief.umd.js.map -> /output/color-thief.umd.js.map.gz
2024/10/09 20:11:13 gz /tmp/work/dist/color-thief.js -> /output/color-thief.js.gz
2024/10/09 20:11:13 br /tmp/work/dist/color-thief.min.js -> /output/color-thief.min.js.br
2024/10/09 20:11:13 gz /tmp/work/dist/color-thief.min.js -> /output/color-thief.min.js.gz
2024/10/09 20:11:13 sri /tmp/work/dist/color-thief.umd.min.js -> /output/color-thief.umd.min.js.sri
2024/10/09 20:11:13 algorithm: run /usr/bin/brotli --quality=11 --output=/output/color-thief.umd.min.js.br /tmp/work/dist/color-thief.umd.min.js
2024/10/09 20:11:13 br /tmp/work/dist/color-thief.umd.min.js -> /output/color-thief.umd.min.js.br
2024/10/09 20:11:13 gz /tmp/work/dist/color-thief.umd.min.js -> /output/color-thief.umd.min.js.gz
2024/10/09 20:11:13 sri /tmp/work/dist/color-thief.umd.js -> /output/color-thief.umd.js.sri
2024/10/09 20:11:13 algorithm: run /usr/bin/brotli --quality=11 --output=/output/color-thief.umd.js.br /tmp/work/dist/color-thief.umd.js
2024/10/09 20:11:13 br /tmp/work/dist/color-thief.umd.js -> /output/color-thief.umd.js.br
2024/10/09 20:11:13 gz /tmp/work/dist/color-thief.umd.js -> /output/color-thief.umd.js.gz
2024/10/09 20:11:13 processed color-thief
