Files:
- fontsource-noto-sans-linear-b/5.0.9/400.css.br
- fontsource-noto-sans-linear-b/5.0.9/400.min.css.br
- fontsource-noto-sans-linear-b/5.0.9/files/noto-sans-linear-b-latin-400-normal.woff.br
- fontsource-noto-sans-linear-b/5.0.9/files/noto-sans-linear-b-latin-ext-400-normal.woff.br
- fontsource-noto-sans-linear-b/5.0.9/files/noto-sans-linear-b-linear-b-400-normal.woff.br
- fontsource-noto-sans-linear-b/5.0.9/index.css.br
- fontsource-noto-sans-linear-b/5.0.9/index.min.css.br
- fontsource-noto-sans-linear-b/5.0.9/latin-400.css.br
- fontsource-noto-sans-linear-b/5.0.9/latin-400.min.css.br
- fontsource-noto-sans-linear-b/5.0.9/latin-ext-400.css.br
- fontsource-noto-sans-linear-b/5.0.9/latin-ext-400.min.css.br
- fontsource-noto-sans-linear-b/5.0.9/latin-ext.css.br
- fontsource-noto-sans-linear-b/5.0.9/latin-ext.min.css.br
- fontsource-noto-sans-linear-b/5.0.9/latin.css.br
- fontsource-noto-sans-linear-b/5.0.9/latin.min.css.br
- fontsource-noto-sans-linear-b/5.0.9/linear-b-400.css.br
- fontsource-noto-sans-linear-b/5.0.9/linear-b-400.min.css.br
- fontsource-noto-sans-linear-b/5.0.9/linear-b.css.br
- fontsource-noto-sans-linear-b/5.0.9/linear-b.min.css.br
