Files:
- fontsource-noto-sans-linear-a/5.0.14/400.css.gz
- fontsource-noto-sans-linear-a/5.0.14/400.min.css.gz
- fontsource-noto-sans-linear-a/5.0.14/files/noto-sans-linear-a-latin-400-normal.woff.gz
- fontsource-noto-sans-linear-a/5.0.14/files/noto-sans-linear-a-latin-ext-400-normal.woff.gz
- fontsource-noto-sans-linear-a/5.0.14/files/noto-sans-linear-a-linear-a-400-normal.woff.gz
- fontsource-noto-sans-linear-a/5.0.14/index.css.gz
- fontsource-noto-sans-linear-a/5.0.14/index.min.css.gz
- fontsource-noto-sans-linear-a/5.0.14/latin-400.css.gz
- fontsource-noto-sans-linear-a/5.0.14/latin-400.min.css.gz
- fontsource-noto-sans-linear-a/5.0.14/latin-ext-400.css.gz
- fontsource-noto-sans-linear-a/5.0.14/latin-ext-400.min.css.gz
- fontsource-noto-sans-linear-a/5.0.14/latin-ext.css.gz
- fontsource-noto-sans-linear-a/5.0.14/latin-ext.min.css.gz
- fontsource-noto-sans-linear-a/5.0.14/latin.css.gz
- fontsource-noto-sans-linear-a/5.0.14/latin.min.css.gz
- fontsource-noto-sans-linear-a/5.0.14/linear-a-400.css.gz
- fontsource-noto-sans-linear-a/5.0.14/linear-a-400.min.css.gz
- fontsource-noto-sans-linear-a/5.0.14/linear-a.css.gz
- fontsource-noto-sans-linear-a/5.0.14/linear-a.min.css.gz
