2024/03/31 00:30:59 ExtractTarGz: uknown type: 67 in pax_global_header
2024/03/31 00:30:59 optimizing files (Js true, Css true, Png true, Jpg true)
2024/03/31 00:30:59 compress: run /node_modules/uglify-js/bin/uglifyjs (3.15.4) [--mangle --compress if_return=true -o /tmp/work/magicsuggest.min.js /tmp/work/magicsuggest.js]
2024/03/31 00:30:59 compress: run /node_modules/clean-css-cli/bin/cleancss (3.3.10) [--compatibility --s0 -o /tmp/work/magicsuggest.min.css /tmp/work/magicsuggest.css]
2024/03/31 00:30:59 sri /tmp/work/magicsuggest.min.css -> /output/magicsuggest.min.css.sri
2024/03/31 00:30:59 algorithm: run /usr/bin/brotli --quality=11 --output=/output/magicsuggest.min.css.br /tmp/work/magicsuggest.min.css
2024/03/31 00:30:59 br /tmp/work/magicsuggest.min.css -> /output/magicsuggest.min.css.br
2024/03/31 00:30:59 gz /tmp/work/magicsuggest.min.css -> /output/magicsuggest.min.css.gz
2024/03/31 00:30:59 sri /tmp/work/magicsuggest.css -> /output/magicsuggest.css.sri
2024/03/31 00:30:59 algorithm: run /usr/bin/brotli --quality=11 --output=/output/magicsuggest.css.br /tmp/work/magicsuggest.css
2024/03/31 00:30:59 br /tmp/work/magicsuggest.css -> /output/magicsuggest.css.br
2024/03/31 00:30:59 gz /tmp/work/magicsuggest.css -> /output/magicsuggest.css.gz
2024/03/31 00:30:59 sri /tmp/work/magicsuggest.min.js -> /output/magicsuggest.min.js.sri
2024/03/31 00:30:59 algorithm: run /usr/bin/brotli --quality=11 --output=/output/magicsuggest.min.js.br /tmp/work/magicsuggest.min.js
2024/03/31 00:30:59 br /tmp/work/magicsuggest.min.js -> /output/magicsuggest.min.js.br
2024/03/31 00:30:59 gz /tmp/work/magicsuggest.min.js -> /output/magicsuggest.min.js.gz
2024/03/31 00:30:59 sri /tmp/work/magicsuggest.js -> /output/magicsuggest.js.sri
2024/03/31 00:30:59 algorithm: run /usr/bin/brotli --quality=11 --output=/output/magicsuggest.js.br /tmp/work/magicsuggest.js
2024/03/31 00:31:00 br /tmp/work/magicsuggest.js -> /output/magicsuggest.js.br
2024/03/31 00:31:00 gz /tmp/work/magicsuggest.js -> /output/magicsuggest.js.gz
2024/03/31 00:31:00 processed magicsuggest
