config: {"authors":[{"name":"Daybrush","url":"https://github.com/daybrush"}],"autoupdate":{"source":"npm","target":"scenejs","fileMap":[{"basePath":"dist","files":["**/*"]}]},"description":"Scene.js is JavaScript \u0026 CSS timeline-based animation library.","filename":"scene.min.js","homepage":"https://daybrush.com/scenejs","keywords":["scene","scene.js","scenejs","keyframes","timeline","animate","animation","css","requestAnimationFrame","motion"],"license":"MIT","name":"scenejs","repository":{"type":"git","url":"https://github.com/daybrush/scenejs.git"},"author":"Daybrush (https://github.com/daybrush)"}
KV keys:
- scenejs/1.10.0/scene.cjs.js.br
- scenejs/1.10.0/scene.cjs.js.gz
- scenejs/1.10.0/scene.cjs.js.map.br
- scenejs/1.10.0/scene.cjs.js.map.gz
- scenejs/1.10.0/scene.cjs.min.js.br
- scenejs/1.10.0/scene.cjs.min.js.gz
- scenejs/1.10.0/scene.esm.js.br
- scenejs/1.10.0/scene.esm.js.gz
- scenejs/1.10.0/scene.esm.js.map.br
- scenejs/1.10.0/scene.esm.js.map.gz
- scenejs/1.10.0/scene.esm.min.js.br
- scenejs/1.10.0/scene.esm.min.js.gz
- scenejs/1.10.0/scene.js.br
- scenejs/1.10.0/scene.js.gz
- scenejs/1.10.0/scene.js.map.br
- scenejs/1.10.0/scene.js.map.gz
- scenejs/1.10.0/scene.min.js.br
- scenejs/1.10.0/scene.min.js.gz
- scenejs/1.10.0/scene.min.js.map.br
- scenejs/1.10.0/scene.min.js.map.gz
SRIs:
- scenejs/1.10.0/scene.esm.min.js: sha512-JCHSoQvSc395r8Bg3OXxb8k2QZNy8tOgBRVn4DuUkah2fQQgxmR2nSTsz9AlaKb6jsiBO7lw8m8DWl2OEriP5Q==
- scenejs/1.10.0/scene.js: sha512-LdZPbOeUYlVhcaSxjjeqzxdLKhJd5FZsFhAmYylbFH3P92Sc+bZG16RZVEF2oyiT2E1NynnK/fFQgpVrQJ1fjw==
- scenejs/1.10.0/scene.min.js: sha512-7HfMsFzpYXz4RQ19EzgFvyPX4KW88403G992nooAjlETpU7GSAN/ON3jTvNfGlh8wK6lirE1MPBWv7M4XYwS8g==
- scenejs/1.10.0/scene.cjs.js: sha512-uOGd1zdrzYB8MknqnMlssDaouYWomt/fmQFvlsBXL7e0xHxi1UW9ay++RonxXLgJyxv99s17A08Gk/QPfJQ/Vw==
- scenejs/1.10.0/scene.cjs.min.js: sha512-WIJkPStYRG9Jv09m4LrLZ4p86OrivcknpKJfC3HC88FLvlJ0WYQmXiqVq9U169Ry27IB0vo8qDLuFsnxohaYfg==
- scenejs/1.10.0/scene.esm.js: sha512-/EROJ5XQoCtoHkxsl02hJAIxAldlxSYYMvM3ouRaqIOTTVNtESgYkiqADYKBGRNhRJE78Ko05OGdOm5CGnWqnQ==
