config: {"autoupdate":{"source":"git","target":"git://github.com/froala/wysiwyg-editor.git","fileMap":[{"basePath":"","files":["css/**/*","js/**/*"]}],"ignoreVersions":["froala_editor_1.0.3","v.1.0.5"]},"description":"A beautiful jQuery WYSIWYG HTML rich text editor. High performance and modern design make it easy to use for developers and loved by users.","filename":"js/froala_editor.min.js","homepage":"https://www.froala.com/wysiwyg-editor","keywords":["froala","wysiwyg","html","text","rich","editor"],"license":"(One Domain OR Advanced OR OEM)","name":"froala-editor","repository":{"type":"git","url":"https://github.com/froala/wysiwyg-editor"}}
KV keys:
- froala-editor/4.1.0/css/froala_editor.css.br
- froala-editor/4.1.0/css/froala_editor.css.gz
- froala-editor/4.1.0/css/froala_editor.min.css.br
- froala-editor/4.1.0/css/froala_editor.min.css.gz
- froala-editor/4.1.0/css/froala_editor.pkgd.css.br
- froala-editor/4.1.0/css/froala_editor.pkgd.css.gz
- froala-editor/4.1.0/css/froala_editor.pkgd.min.css.br
- froala-editor/4.1.0/css/froala_editor.pkgd.min.css.gz
- froala-editor/4.1.0/css/froala_style.css.br
- froala-editor/4.1.0/css/froala_style.css.gz
- froala-editor/4.1.0/css/froala_style.min.css.br
- froala-editor/4.1.0/css/froala_style.min.css.gz
- froala-editor/4.1.0/css/plugins/char_counter.css.br
- froala-editor/4.1.0/css/plugins/char_counter.css.gz
- froala-editor/4.1.0/css/plugins/char_counter.min.css.br
- froala-editor/4.1.0/css/plugins/char_counter.min.css.gz
- froala-editor/4.1.0/css/plugins/code_view.css.br
- froala-editor/4.1.0/css/plugins/code_view.css.gz
- froala-editor/4.1.0/css/plugins/code_view.min.css.br
- froala-editor/4.1.0/css/plugins/code_view.min.css.gz
- froala-editor/4.1.0/css/plugins/colors.css.br
- froala-editor/4.1.0/css/plugins/colors.css.gz
- froala-editor/4.1.0/css/plugins/colors.min.css.br
- froala-editor/4.1.0/css/plugins/colors.min.css.gz
- froala-editor/4.1.0/css/plugins/draggable.css.br
- froala-editor/4.1.0/css/plugins/draggable.css.gz
- froala-editor/4.1.0/css/plugins/draggable.min.css.br
- froala-editor/4.1.0/css/plugins/draggable.min.css.gz
- froala-editor/4.1.0/css/plugins/emoticons.css.br
- froala-editor/4.1.0/css/plugins/emoticons.css.gz
- froala-editor/4.1.0/css/plugins/emoticons.min.css.br
- froala-editor/4.1.0/css/plugins/emoticons.min.css.gz
- froala-editor/4.1.0/css/plugins/file.css.br
- froala-editor/4.1.0/css/plugins/file.css.gz
- froala-editor/4.1.0/css/plugins/file.min.css.br
- froala-editor/4.1.0/css/plugins/file.min.css.gz
- froala-editor/4.1.0/css/plugins/files_manager.css.br
- froala-editor/4.1.0/css/plugins/files_manager.css.gz
- froala-editor/4.1.0/css/plugins/files_manager.min.css.br
- froala-editor/4.1.0/css/plugins/files_manager.min.css.gz
- froala-editor/4.1.0/css/plugins/fullscreen.css.br
- froala-editor/4.1.0/css/plugins/fullscreen.css.gz
- froala-editor/4.1.0/css/plugins/fullscreen.min.css.br
- froala-editor/4.1.0/css/plugins/fullscreen.min.css.gz
- froala-editor/4.1.0/css/plugins/help.css.br
- froala-editor/4.1.0/css/plugins/help.css.gz
- froala-editor/4.1.0/css/plugins/help.min.css.br
- froala-editor/4.1.0/css/plugins/help.min.css.gz
- froala-editor/4.1.0/css/plugins/image.css.br
- froala-editor/4.1.0/css/plugins/image.css.gz
- froala-editor/4.1.0/css/plugins/image.min.css.br
- froala-editor/4.1.0/css/plugins/image.min.css.gz
- froala-editor/4.1.0/css/plugins/image_manager.css.br
- froala-editor/4.1.0/css/plugins/image_manager.css.gz
- froala-editor/4.1.0/css/plugins/image_manager.min.css.br
- froala-editor/4.1.0/css/plugins/image_manager.min.css.gz
- froala-editor/4.1.0/css/plugins/line_breaker.css.br
- froala-editor/4.1.0/css/plugins/line_breaker.css.gz
- froala-editor/4.1.0/css/plugins/line_breaker.min.css.br
- froala-editor/4.1.0/css/plugins/line_breaker.min.css.gz
- froala-editor/4.1.0/css/plugins/markdown.css.br
- froala-editor/4.1.0/css/plugins/markdown.css.gz
- froala-editor/4.1.0/css/plugins/markdown.min.css.br
- froala-editor/4.1.0/css/plugins/markdown.min.css.gz
- froala-editor/4.1.0/css/plugins/quick_insert.css.br
- froala-editor/4.1.0/css/plugins/quick_insert.css.gz
- froala-editor/4.1.0/css/plugins/quick_insert.min.css.br
- froala-editor/4.1.0/css/plugins/quick_insert.min.css.gz
- froala-editor/4.1.0/css/plugins/special_characters.css.br
- froala-editor/4.1.0/css/plugins/special_characters.css.gz
- froala-editor/4.1.0/css/plugins/special_characters.min.css.br
- froala-editor/4.1.0/css/plugins/special_characters.min.css.gz
- froala-editor/4.1.0/css/plugins/table.css.br
- froala-editor/4.1.0/css/plugins/table.css.gz
- froala-editor/4.1.0/css/plugins/table.min.css.br
- froala-editor/4.1.0/css/plugins/table.min.css.gz
- froala-editor/4.1.0/css/plugins/trim_video.css.br
- froala-editor/4.1.0/css/plugins/trim_video.css.gz
- froala-editor/4.1.0/css/plugins/trim_video.min.css.br
- froala-editor/4.1.0/css/plugins/trim_video.min.css.gz
- froala-editor/4.1.0/css/plugins/video.css.br
- froala-editor/4.1.0/css/plugins/video.css.gz
- froala-editor/4.1.0/css/plugins/video.min.css.br
- froala-editor/4.1.0/css/plugins/video.min.css.gz
- froala-editor/4.1.0/css/plugins.pkgd.css.br
- froala-editor/4.1.0/css/plugins.pkgd.css.gz
- froala-editor/4.1.0/css/plugins.pkgd.min.css.br
- froala-editor/4.1.0/css/plugins.pkgd.min.css.gz
- froala-editor/4.1.0/css/themes/dark.css.br
- froala-editor/4.1.0/css/themes/dark.css.gz
- froala-editor/4.1.0/css/themes/dark.min.css.br
- froala-editor/4.1.0/css/themes/dark.min.css.gz
- froala-editor/4.1.0/css/themes/gray.css.br
- froala-editor/4.1.0/css/themes/gray.css.gz
- froala-editor/4.1.0/css/themes/gray.min.css.br
- froala-editor/4.1.0/css/themes/gray.min.css.gz
- froala-editor/4.1.0/css/themes/royal.css.br
- froala-editor/4.1.0/css/themes/royal.css.gz
- froala-editor/4.1.0/css/themes/royal.min.css.br
- froala-editor/4.1.0/css/themes/royal.min.css.gz
- froala-editor/4.1.0/css/third_party/embedly.css.br
- froala-editor/4.1.0/css/third_party/embedly.css.gz
- froala-editor/4.1.0/css/third_party/embedly.min.css.br
- froala-editor/4.1.0/css/third_party/embedly.min.css.gz
- froala-editor/4.1.0/css/third_party/font_awesome.css.br
- froala-editor/4.1.0/css/third_party/font_awesome.css.gz
- froala-editor/4.1.0/css/third_party/font_awesome.min.css.br
- froala-editor/4.1.0/css/third_party/font_awesome.min.css.gz
- froala-editor/4.1.0/css/third_party/image_tui.css.br
- froala-editor/4.1.0/css/third_party/image_tui.css.gz
- froala-editor/4.1.0/css/third_party/image_tui.min.css.br
- froala-editor/4.1.0/css/third_party/image_tui.min.css.gz
- froala-editor/4.1.0/css/third_party/spell_checker.css.br
- froala-editor/4.1.0/css/third_party/spell_checker.css.gz
- froala-editor/4.1.0/css/third_party/spell_checker.min.css.br
- froala-editor/4.1.0/css/third_party/spell_checker.min.css.gz
- froala-editor/4.1.0/js/froala_editor.min.js.br
- froala-editor/4.1.0/js/froala_editor.min.js.gz
- froala-editor/4.1.0/js/froala_editor.pkgd.min.js.br
- froala-editor/4.1.0/js/froala_editor.pkgd.min.js.gz
- froala-editor/4.1.0/js/languages/ar.js.br
- froala-editor/4.1.0/js/languages/ar.js.gz
- froala-editor/4.1.0/js/languages/ar.min.js.br
- froala-editor/4.1.0/js/languages/ar.min.js.gz
- froala-editor/4.1.0/js/languages/bs.js.br
- froala-editor/4.1.0/js/languages/bs.js.gz
- froala-editor/4.1.0/js/languages/bs.min.js.br
- froala-editor/4.1.0/js/languages/bs.min.js.gz
- froala-editor/4.1.0/js/languages/cs.js.br
- froala-editor/4.1.0/js/languages/cs.js.gz
- froala-editor/4.1.0/js/languages/cs.min.js.br
- froala-editor/4.1.0/js/languages/cs.min.js.gz
- froala-editor/4.1.0/js/languages/da.js.br
- froala-editor/4.1.0/js/languages/da.js.gz
- froala-editor/4.1.0/js/languages/da.min.js.br
- froala-editor/4.1.0/js/languages/da.min.js.gz
- froala-editor/4.1.0/js/languages/de.js.br
- froala-editor/4.1.0/js/languages/de.js.gz
- froala-editor/4.1.0/js/languages/de.min.js.br
- froala-editor/4.1.0/js/languages/de.min.js.gz
- froala-editor/4.1.0/js/languages/el.js.br
- froala-editor/4.1.0/js/languages/el.js.gz
- froala-editor/4.1.0/js/languages/el.min.js.br
- froala-editor/4.1.0/js/languages/el.min.js.gz
- froala-editor/4.1.0/js/languages/en_ca.js.br
- froala-editor/4.1.0/js/languages/en_ca.js.gz
- froala-editor/4.1.0/js/languages/en_ca.min.js.br
- froala-editor/4.1.0/js/languages/en_ca.min.js.gz
- froala-editor/4.1.0/js/languages/en_gb.js.br
- froala-editor/4.1.0/js/languages/en_gb.js.gz
- froala-editor/4.1.0/js/languages/en_gb.min.js.br
- froala-editor/4.1.0/js/languages/en_gb.min.js.gz
- froala-editor/4.1.0/js/languages/es.js.br
- froala-editor/4.1.0/js/languages/es.js.gz
- froala-editor/4.1.0/js/languages/es.min.js.br
- froala-editor/4.1.0/js/languages/es.min.js.gz
- froala-editor/4.1.0/js/languages/et.js.br
- froala-editor/4.1.0/js/languages/et.js.gz
- froala-editor/4.1.0/js/languages/et.min.js.br
- froala-editor/4.1.0/js/languages/et.min.js.gz
- froala-editor/4.1.0/js/languages/fa.js.br
- froala-editor/4.1.0/js/languages/fa.js.gz
- froala-editor/4.1.0/js/languages/fa.min.js.br
- froala-editor/4.1.0/js/languages/fa.min.js.gz
- froala-editor/4.1.0/js/languages/fi.js.br
- froala-editor/4.1.0/js/languages/fi.js.gz
- froala-editor/4.1.0/js/languages/fi.min.js.br
- froala-editor/4.1.0/js/languages/fi.min.js.gz
- froala-editor/4.1.0/js/languages/fr.js.br
- froala-editor/4.1.0/js/languages/fr.js.gz
- froala-editor/4.1.0/js/languages/fr.min.js.br
- froala-editor/4.1.0/js/languages/fr.min.js.gz
- froala-editor/4.1.0/js/languages/he.js.br
- froala-editor/4.1.0/js/languages/he.js.gz
- froala-editor/4.1.0/js/languages/he.min.js.br
- froala-editor/4.1.0/js/languages/he.min.js.gz
- froala-editor/4.1.0/js/languages/hr.js.br
- froala-editor/4.1.0/js/languages/hr.js.gz
- froala-editor/4.1.0/js/languages/hr.min.js.br
- froala-editor/4.1.0/js/languages/hr.min.js.gz
- froala-editor/4.1.0/js/languages/hu.js.br
- froala-editor/4.1.0/js/languages/hu.js.gz
- froala-editor/4.1.0/js/languages/hu.min.js.br
- froala-editor/4.1.0/js/languages/hu.min.js.gz
- froala-editor/4.1.0/js/languages/id.js.br
- froala-editor/4.1.0/js/languages/id.js.gz
- froala-editor/4.1.0/js/languages/id.min.js.br
- froala-editor/4.1.0/js/languages/id.min.js.gz
- froala-editor/4.1.0/js/languages/it.js.br
- froala-editor/4.1.0/js/languages/it.js.gz
- froala-editor/4.1.0/js/languages/it.min.js.br
- froala-editor/4.1.0/js/languages/it.min.js.gz
- froala-editor/4.1.0/js/languages/ja.js.br
- froala-editor/4.1.0/js/languages/ja.js.gz
- froala-editor/4.1.0/js/languages/ja.min.js.br
- froala-editor/4.1.0/js/languages/ja.min.js.gz
- froala-editor/4.1.0/js/languages/ko.js.br
- froala-editor/4.1.0/js/languages/ko.js.gz
- froala-editor/4.1.0/js/languages/ko.min.js.br
- froala-editor/4.1.0/js/languages/ko.min.js.gz
- froala-editor/4.1.0/js/languages/ku.js.br
- froala-editor/4.1.0/js/languages/ku.js.gz
- froala-editor/4.1.0/js/languages/ku.min.js.br
- froala-editor/4.1.0/js/languages/ku.min.js.gz
- froala-editor/4.1.0/js/languages/me.js.br
- froala-editor/4.1.0/js/languages/me.js.gz
- froala-editor/4.1.0/js/languages/me.min.js.br
- froala-editor/4.1.0/js/languages/me.min.js.gz
- froala-editor/4.1.0/js/languages/nb.js.br
- froala-editor/4.1.0/js/languages/nb.js.gz
- froala-editor/4.1.0/js/languages/nb.min.js.br
- froala-editor/4.1.0/js/languages/nb.min.js.gz
- froala-editor/4.1.0/js/languages/nl.js.br
- froala-editor/4.1.0/js/languages/nl.js.gz
- froala-editor/4.1.0/js/languages/nl.min.js.br
- froala-editor/4.1.0/js/languages/nl.min.js.gz
- froala-editor/4.1.0/js/languages/pl.js.br
- froala-editor/4.1.0/js/languages/pl.js.gz
- froala-editor/4.1.0/js/languages/pl.min.js.br
- froala-editor/4.1.0/js/languages/pl.min.js.gz
- froala-editor/4.1.0/js/languages/pt_br.js.br
- froala-editor/4.1.0/js/languages/pt_br.js.gz
- froala-editor/4.1.0/js/languages/pt_br.min.js.br
- froala-editor/4.1.0/js/languages/pt_br.min.js.gz
- froala-editor/4.1.0/js/languages/pt_pt.js.br
- froala-editor/4.1.0/js/languages/pt_pt.js.gz
- froala-editor/4.1.0/js/languages/pt_pt.min.js.br
- froala-editor/4.1.0/js/languages/pt_pt.min.js.gz
- froala-editor/4.1.0/js/languages/ro.js.br
- froala-editor/4.1.0/js/languages/ro.js.gz
- froala-editor/4.1.0/js/languages/ro.min.js.br
- froala-editor/4.1.0/js/languages/ro.min.js.gz
- froala-editor/4.1.0/js/languages/ru.js.br
- froala-editor/4.1.0/js/languages/ru.js.gz
- froala-editor/4.1.0/js/languages/ru.min.js.br
- froala-editor/4.1.0/js/languages/ru.min.js.gz
- froala-editor/4.1.0/js/languages/sk.js.br
- froala-editor/4.1.0/js/languages/sk.js.gz
- froala-editor/4.1.0/js/languages/sk.min.js.br
- froala-editor/4.1.0/js/languages/sk.min.js.gz
- froala-editor/4.1.0/js/languages/sl.js.br
- froala-editor/4.1.0/js/languages/sl.js.gz
- froala-editor/4.1.0/js/languages/sl.min.js.br
- froala-editor/4.1.0/js/languages/sl.min.js.gz
- froala-editor/4.1.0/js/languages/sr.js.br
- froala-editor/4.1.0/js/languages/sr.js.gz
- froala-editor/4.1.0/js/languages/sr.min.js.br
- froala-editor/4.1.0/js/languages/sr.min.js.gz
- froala-editor/4.1.0/js/languages/sv.js.br
- froala-editor/4.1.0/js/languages/sv.js.gz
- froala-editor/4.1.0/js/languages/sv.min.js.br
- froala-editor/4.1.0/js/languages/sv.min.js.gz
- froala-editor/4.1.0/js/languages/th.js.br
- froala-editor/4.1.0/js/languages/th.js.gz
- froala-editor/4.1.0/js/languages/th.min.js.br
- froala-editor/4.1.0/js/languages/th.min.js.gz
- froala-editor/4.1.0/js/languages/tr.js.br
- froala-editor/4.1.0/js/languages/tr.js.gz
- froala-editor/4.1.0/js/languages/tr.min.js.br
- froala-editor/4.1.0/js/languages/tr.min.js.gz
- froala-editor/4.1.0/js/languages/uk.js.br
- froala-editor/4.1.0/js/languages/uk.js.gz
- froala-editor/4.1.0/js/languages/uk.min.js.br
- froala-editor/4.1.0/js/languages/uk.min.js.gz
- froala-editor/4.1.0/js/languages/vi.js.br
- froala-editor/4.1.0/js/languages/vi.js.gz
- froala-editor/4.1.0/js/languages/vi.min.js.br
- froala-editor/4.1.0/js/languages/vi.min.js.gz
- froala-editor/4.1.0/js/languages/zh_cn.js.br
- froala-editor/4.1.0/js/languages/zh_cn.js.gz
- froala-editor/4.1.0/js/languages/zh_cn.min.js.br
- froala-editor/4.1.0/js/languages/zh_cn.min.js.gz
- froala-editor/4.1.0/js/languages/zh_tw.js.br
- froala-editor/4.1.0/js/languages/zh_tw.js.gz
- froala-editor/4.1.0/js/languages/zh_tw.min.js.br
- froala-editor/4.1.0/js/languages/zh_tw.min.js.gz
- froala-editor/4.1.0/js/plugins/align.min.js.br
- froala-editor/4.1.0/js/plugins/align.min.js.gz
- froala-editor/4.1.0/js/plugins/char_counter.min.js.br
- froala-editor/4.1.0/js/plugins/char_counter.min.js.gz
- froala-editor/4.1.0/js/plugins/code_beautifier.min.js.br
- froala-editor/4.1.0/js/plugins/code_beautifier.min.js.gz
- froala-editor/4.1.0/js/plugins/code_view.min.js.br
- froala-editor/4.1.0/js/plugins/code_view.min.js.gz
- froala-editor/4.1.0/js/plugins/colors.min.js.br
- froala-editor/4.1.0/js/plugins/colors.min.js.gz
- froala-editor/4.1.0/js/plugins/cryptojs.min.js.br
- froala-editor/4.1.0/js/plugins/cryptojs.min.js.gz
- froala-editor/4.1.0/js/plugins/draggable.min.js.br
- froala-editor/4.1.0/js/plugins/draggable.min.js.gz
- froala-editor/4.1.0/js/plugins/edit_in_popup.min.js.br
- froala-editor/4.1.0/js/plugins/edit_in_popup.min.js.gz
- froala-editor/4.1.0/js/plugins/emoticons.min.js.br
- froala-editor/4.1.0/js/plugins/emoticons.min.js.gz
- froala-editor/4.1.0/js/plugins/entities.min.js.br
- froala-editor/4.1.0/js/plugins/entities.min.js.gz
- froala-editor/4.1.0/js/plugins/file.min.js.br
- froala-editor/4.1.0/js/plugins/file.min.js.gz
- froala-editor/4.1.0/js/plugins/files_manager.min.js.br
- froala-editor/4.1.0/js/plugins/files_manager.min.js.gz
- froala-editor/4.1.0/js/plugins/font_family.min.js.br
- froala-editor/4.1.0/js/plugins/font_family.min.js.gz
- froala-editor/4.1.0/js/plugins/font_size.min.js.br
- froala-editor/4.1.0/js/plugins/font_size.min.js.gz
- froala-editor/4.1.0/js/plugins/forms.min.js.br
- froala-editor/4.1.0/js/plugins/forms.min.js.gz
- froala-editor/4.1.0/js/plugins/fullscreen.min.js.br
- froala-editor/4.1.0/js/plugins/fullscreen.min.js.gz
- froala-editor/4.1.0/js/plugins/help.min.js.br
- froala-editor/4.1.0/js/plugins/help.min.js.gz
- froala-editor/4.1.0/js/plugins/image.min.js.br
- froala-editor/4.1.0/js/plugins/image.min.js.gz
- froala-editor/4.1.0/js/plugins/image_manager.min.js.br
- froala-editor/4.1.0/js/plugins/image_manager.min.js.gz
- froala-editor/4.1.0/js/plugins/inline_class.min.js.br
- froala-editor/4.1.0/js/plugins/inline_class.min.js.gz
- froala-editor/4.1.0/js/plugins/inline_style.min.js.br
- froala-editor/4.1.0/js/plugins/inline_style.min.js.gz
- froala-editor/4.1.0/js/plugins/line_breaker.min.js.br
- froala-editor/4.1.0/js/plugins/line_breaker.min.js.gz
- froala-editor/4.1.0/js/plugins/line_height.min.js.br
- froala-editor/4.1.0/js/plugins/line_height.min.js.gz
- froala-editor/4.1.0/js/plugins/link.min.js.br
- froala-editor/4.1.0/js/plugins/link.min.js.gz
- froala-editor/4.1.0/js/plugins/lists.min.js.br
- froala-editor/4.1.0/js/plugins/lists.min.js.gz
- froala-editor/4.1.0/js/plugins/markdown.min.js.br
- froala-editor/4.1.0/js/plugins/markdown.min.js.gz
- froala-editor/4.1.0/js/plugins/paragraph_format.min.js.br
- froala-editor/4.1.0/js/plugins/paragraph_format.min.js.gz
- froala-editor/4.1.0/js/plugins/paragraph_style.min.js.br
- froala-editor/4.1.0/js/plugins/paragraph_style.min.js.gz
- froala-editor/4.1.0/js/plugins/print.min.js.br
- froala-editor/4.1.0/js/plugins/print.min.js.gz
- froala-editor/4.1.0/js/plugins/quick_insert.min.js.br
- froala-editor/4.1.0/js/plugins/quick_insert.min.js.gz
- froala-editor/4.1.0/js/plugins/quote.min.js.br
- froala-editor/4.1.0/js/plugins/quote.min.js.gz
- froala-editor/4.1.0/js/plugins/save.min.js.br
- froala-editor/4.1.0/js/plugins/save.min.js.gz
- froala-editor/4.1.0/js/plugins/special_characters.min.js.br
- froala-editor/4.1.0/js/plugins/special_characters.min.js.gz
- froala-editor/4.1.0/js/plugins/table.min.js.br
- froala-editor/4.1.0/js/plugins/table.min.js.gz
- froala-editor/4.1.0/js/plugins/track_changes.min.js.br
- froala-editor/4.1.0/js/plugins/track_changes.min.js.gz
- froala-editor/4.1.0/js/plugins/trim_video.min.js.br
- froala-editor/4.1.0/js/plugins/trim_video.min.js.gz
- froala-editor/4.1.0/js/plugins/url.min.js.br
- froala-editor/4.1.0/js/plugins/url.min.js.gz
- froala-editor/4.1.0/js/plugins/video.min.js.br
- froala-editor/4.1.0/js/plugins/video.min.js.gz
- froala-editor/4.1.0/js/plugins/word_paste.min.js.br
- froala-editor/4.1.0/js/plugins/word_paste.min.js.gz
- froala-editor/4.1.0/js/plugins.pkgd.min.js.br
- froala-editor/4.1.0/js/plugins.pkgd.min.js.gz
- froala-editor/4.1.0/js/third_party/embedly.min.js.br
- froala-editor/4.1.0/js/third_party/embedly.min.js.gz
- froala-editor/4.1.0/js/third_party/font_awesome.min.js.br
- froala-editor/4.1.0/js/third_party/font_awesome.min.js.gz
- froala-editor/4.1.0/js/third_party/image_tui.min.js.br
- froala-editor/4.1.0/js/third_party/image_tui.min.js.gz
- froala-editor/4.1.0/js/third_party/showdown.min.js.br
- froala-editor/4.1.0/js/third_party/showdown.min.js.gz
- froala-editor/4.1.0/js/third_party/spell_checker.min.js.br
- froala-editor/4.1.0/js/third_party/spell_checker.min.js.gz
SRIs:
- froala-editor/4.1.0/js/languages/sr.min.js: sha512-m/vIr3odrfy7+tw2kmzTs+sSppH7XHn9ic0N6h6g8GsNO3OMarFiGJtFhzLfytZ2zAQtq9kwIivJ69ia17cgcg==
- froala-editor/4.1.0/js/languages/th.js: sha512-EZpkzHIBfr6UQf6HFIdcY2Mjx9cV+oL/VcKM2W4TsNlC3dQkFn4gn5Ssbv3LHLE0RiZoxgfXO8SRWVJwix3spw==
- froala-editor/4.1.0/js/plugins/inline_style.min.js: sha512-Dzwp46llq7qZW67AmCm3yDDAzwxYtSlnUV/lwQa2cSEKZcBErn0rF3md9pWbAibWb2V+WiPyo8yfeoV1TIch/w==
- froala-editor/4.1.0/js/plugins/quote.min.js: sha512-cJUjWkVLxXBJLJMe64n0UUDB7fNkLDa24IsjothPIOY8/JMgpCK4qdQCWpmgQxHFLE0RS9mns/Q5BVeQw2mQnQ==
- froala-editor/4.1.0/css/plugins/files_manager.min.css: sha512-GBP3x0g3kXRmN/GZkJpcZyz5m+Q+n+KxrXgqL7kai5V9Vp0ONDBFJE0SX/m4kMgDKNG2HzF4EhCAGR8gMLz5Jw==
- froala-editor/4.1.0/css/plugins/line_breaker.css: sha512-JviCESdy2PldQXRlRkFVI39CDWTirrlBznZRwyzF5Ae9WM+/tyxsvwiTL37IiFWLZM6OS0y4WXAp14T0F/Yvhw==
- froala-editor/4.1.0/css/plugins.pkgd.css: sha512-ny6UfSiVM0ARBp7TLFQy+JaKZRMzWnbb4zzhj+rC/vE1HhZt1lmagT8n0NiMNPoeP+q8t9sn0mO4KFUAn3bCsA==
- froala-editor/4.1.0/css/plugins/special_characters.min.css: sha512-wa8EV/SM60mLU/Ovd0+BQITAp1phabkKcibLunLSDXFm9fqG18wYmN/YyqbBoK5sqsp0w9kpmMGY+NAd9wLEQw==
- froala-editor/4.1.0/js/languages/fa.min.js: sha512-1ty3cpxiYvKpiaxefaASWUqYWGiNmgKoRvbyLjC67GX0sR9yLJT/oFLO4KqcM9H51Iek+eEl6CzZD90oV8SdKw==
- froala-editor/4.1.0/js/plugins/word_paste.min.js: sha512-nh9yXfr74axsa4EZ4GqqZaQULMQGw7K/WVw6jH0DEpc63IF8w0CpnU4ScgTBfRfjf0q25TRwJrOmfMara5VbDA==
- froala-editor/4.1.0/js/plugins/draggable.min.js: sha512-2MzX5onWDei9u83Siv+lx6r3gKFS81vAg26jXfMIvdkbSX2AFYNWjbyVSyKF2/Hs0m43sldLPvoFjOVj9VBl6g==
- froala-editor/4.1.0/js/plugins/line_height.min.js: sha512-CbLc/veqZHflu35bdf0kfM1HRCOKfbcnBKze962Feyzn9Cz6CHhWwLelsKO1MaGKfdRvlKRL4L4/hFIwq7fVFA==
- froala-editor/4.1.0/css/plugins/quick_insert.min.css: sha512-/RCoK2DA7/s/YKimO4sEEnJsCale2aoYFukIO2OI0aG3/M5rE3Cl8l4NKZmbuVjHMAGhxtPHJ0BXZ6qUAiNhUw==
- froala-editor/4.1.0/js/languages/da.js: sha512-NypQoSY0jnLj81zYAFAjJdcbrk+zZBtWgPg2m/lqxeOQJBv1b/U+Kyw38Oydqsmy68gAUiLoevnbQ5JeuD8cpw==
- froala-editor/4.1.0/js/languages/fi.min.js: sha512-BsRQS0LEiF8tG0SBzvE9UxVTuZFsk6sgaP0AIc/Y2RjLZxWGYTEj5J5iJ/SJNXY/ankYGtAM87J3/DJdwXekaw==
- froala-editor/4.1.0/js/languages/hr.js: sha512-xFLsCAmT8y+Ri5mhUj1UsA5gltr1se6JSF5A0WwR9i5Ar/NiPu24wcbEZj4n384S4eubrk/XP71E0K84u45xIQ==
- froala-editor/4.1.0/js/languages/nb.min.js: sha512-jshOdu9UIQiPcKxVhuBxZMe1eecHuOCbX4mKeSbL0dyvjhd0+A+XNYSpI+oLCq/SUhjVQp9jtWpz86qAPMbgIw==
- froala-editor/4.1.0/js/plugins/forms.min.js: sha512-7RZ6xO0soyebYk0QmgIz+i8xAUhCFUGdvbfGrzS3L1SDmZ9vs62QQ2+aJkv16kR+MTIks8obXF43yt3hnQPgUw==
- froala-editor/4.1.0/css/plugins/image.min.css: sha512-9Dd2G2RvSeswzQr1qiP7DlqmE2U9tAb+uojV6J4WVio7kAlg1sPo+sTfA1CSVb4TeRmu7FszNyr60Zb0O2+4sA==
- froala-editor/4.1.0/css/plugins/trim_video.min.css: sha512-HcOd0qQmxzLGoaSTWt2tCb/gqR6pN7txExl4fkMupntbQhcvQjF93MT6hnQ/C5b2VYdrZ5BqT4pXXvEENxkDig==
- froala-editor/4.1.0/js/languages/es.min.js: sha512-ZELUyUZOrq0ai9iO/Q0d88gqpyalcjPLTK+FlWmojPFCgjH0Pv3+4wcP7z8LEYRG4WBdgR2GLAboy2p4EdN/9A==
- froala-editor/4.1.0/js/languages/zh_cn.js: sha512-/+KUp8MoGObevPlfsp5kQg90NL3HK881QYw1Pyc7a+fQ+GB+N/eHDYGrxArAMUoktfvH0bTmpCt0EfSvMtsUJw==
- froala-editor/4.1.0/js/plugins/special_characters.min.js: sha512-E++artmOFKj5W0UG3LqdX97m4WYFMIRDTB7MzWBTiJwjiUze13iJM21tUn6VripAI6q/+IWG2l8Nx83/tV/dWA==
- froala-editor/4.1.0/css/themes/royal.css: sha512-+8KYHStsojgIAPsTNqjjF5+IIacckFHvdKVtOdnOzH7wXJAuxTPfj3YdCY2EK4ns14FQvTvHRegJeWd8EOfRYw==
- froala-editor/4.1.0/js/languages/pt_pt.min.js: sha512-3vgXxW1NYmMc8X5rcRPrqKfk15ZSpiUfHz1mfIe+FADHyCnxkL0F5qIhy4oPZTXmWhd6NoXagqglF8P7DUHY+g==
- froala-editor/4.1.0/js/languages/ru.js: sha512-JLz5eCASNpWIQI0MJmyBSBdy3TO8IHiCm7tAgoUSUA1Jz8zA47/WXpJjL3k5dpZwPU0rh9A+/y0ydExFAt/4TQ==
- froala-editor/4.1.0/js/languages/en_ca.js: sha512-QkiH01XP5OmivGsoCrgaKjm6NLYfRG3CGFuHRZZO6CFbdbPUIIMx7mVpTeNbl9J+EQawgj+KS3cBK95PIJNZhg==
- froala-editor/4.1.0/js/languages/he.js: sha512-nT4CkFEleISii3p+426wUWmHWcJRRMsiP7BW/RyQdouhR2lXW0+d5nB5nSgVHQgVJ31oNGwpdWnfGOxVxd652w==
- froala-editor/4.1.0/js/plugins/video.min.js: sha512-i6wa7SwEuElEpfKW58+48ZALPhyZIfNhPUR2Tx0QgP30ES0xa+cbGR21ZIy0oJ7jcF2RtF/WH0AhKozz6+u6cw==
- froala-editor/4.1.0/css/plugins/file.min.css: sha512-N/Ud4VUkUe7TiHaBK9rY3u3OqQhAab+sEtdbZ3uwyBFnon7nQEWvMrqyBMjXWMS9MGVqNcJiR6RYi4FSr+jfPA==
- froala-editor/4.1.0/css/third_party/image_tui.min.css: sha512-/P0BtKpE2RlxNdzbjIqTH6o0W8wkfmFJfYZDd5S/HmhcBNHiK+I/wglgjn4fXjVZSQj2A2iPCnFeJCWtmgSeNA==
- froala-editor/4.1.0/js/languages/da.min.js: sha512-aU3+xx8vNOa+d9JLms855yejA0CM2idsVkLBJwdm1g7+PfwbbXZXDtSlar9nAJMwNJzVhXdT8aURUQCRZ0uoyg==
- froala-editor/4.1.0/js/languages/cs.min.js: sha512-qztR97TWHc+rZVzTBRdkuO/whHp7Ey2hAuYdIpgJ2WJd20YCoVkZz+xorx6azIXY1omrPONFPG5qs+hdHdJ+yg==
- froala-editor/4.1.0/js/languages/fr.js: sha512-xxnxVEp/YfgO2p1TxtoNyS+gFjUeaZ0uOPmVQhph/INQ+XKKLB0VnVs6X9BzZG2VR2sLMHShhuAHlN3TGNDBdQ==
- froala-editor/4.1.0/js/languages/ku.js: sha512-KoiXREAI5qNSRMdRpoC4R2kAxWvtzlPLxUs8hNt8VNKksUaIV9Xc/Z1ok1KlHi7uS0DqkIIShRsVuQ3TKV8g8Q==
- froala-editor/4.1.0/js/languages/vi.js: sha512-oW7ljrEnNLLH4f8K7fo74XmCsJnTgrBf5U7cACBGs8RCoj4QMIcWhgBbRdQIePtI8WMBewkRm0/Af07wnSFa9w==
- froala-editor/4.1.0/css/plugins/colors.min.css: sha512-C8TAlIdX4VZ4fGmpT87abYgNjylgE5pv72tc/JRmSyFid/3izgddqKpKQZyZOhvtHayVRqUsAv49KOWHkYO47g==
- froala-editor/4.1.0/css/plugins/fullscreen.min.css: sha512-XThBKggvxS2kQGuw7Af0RuBXFL/vlyHEEky0lCfTmB9P8EcU76pNsClmaOSyEL13JgExjPn83Grb4rhc0b0kwA==
- froala-editor/4.1.0/css/themes/royal.min.css: sha512-FjlbBTMHszMv/rVm9QlVBkOfqfhHf6Kg2UIVR2LYRKUWhiJZOYAqRtmzqn655PyapX/l9Pt1rsbD+wqgV+x8Aw==
- froala-editor/4.1.0/js/languages/sv.js: sha512-RtpdfqJWSpWqZBVrSwAMBGSHsl/HeD4jcCr+SM4hjgut4YoU2vkZUnAT2s4YAZdibWw3N6U+cGr89wkxI4YcAw==
- froala-editor/4.1.0/js/plugins/align.min.js: sha512-iziHkatkJCFTzH/O6mIHJ3JToBs/uXp/xSvhHDcrKP9o2lKVbMyDUFrPiu/KFl6aZXr0iqHPDtbb0tCRZvAXwQ==
- froala-editor/4.1.0/js/plugins/quick_insert.min.js: sha512-fCclrdub18gSwinQFjKL03zcFwANjOg0fSAX5cA9h81u0FCdoENjsyehP99EaTtCVw5muGbtxzls7Yqu/+Nalw==
- froala-editor/4.1.0/css/plugins/table.min.css: sha512-9/bIctSrPmaHZ2zKMe8EwY96zgjID1tX12/xqwNG46caDb2WbktVmcU5gOuq4c+/1kVXO8rd2qW4hCA366RyOA==
- froala-editor/4.1.0/js/languages/id.js: sha512-C/zBcCMmbHLyb4vepTH8M77LoJCKZh/rc5tbYH60mFrb28hkDmkF3Wt3VX0kRC7Ci2aoOHmkImNVN76cVYWKBg==
- froala-editor/4.1.0/js/languages/it.js: sha512-d/Mx0lGL3Q+i/a1G1Gy30Z0sPeX/WGTG30mb3lrM5Wzd11pcPoJHCp7Ts0KIgu8RlF0W8RxoliNdqmd4UKOh3g==
- froala-editor/4.1.0/js/plugins/entities.min.js: sha512-ViR8ZembKVby/bk0KFI2rq2utTN79ojOmgdrb5P54p98qCGyaD5ofb7Id51eM0hL5tlMf7/5HlDcce+NMdie1w==
- froala-editor/4.1.0/js/plugins/font_family.min.js: sha512-IjChz5F6XskllVhlqcoc2ci6RTV2LNW242jQjojHxyFktfcAjj5+qdwK/uFX7g3vpA+/rp2ISpfDS33EDxpfjA==
- froala-editor/4.1.0/js/plugins/image_manager.min.js: sha512-QC4uMafwEfkupEypL/nkhmhN0Ci2MpNAFKHquq0etdfFtIP4/oackjYqv1LhxyOOsg+WaxaJfZwaVJOGJPp+yQ==
- froala-editor/4.1.0/js/third_party/spell_checker.min.js: sha512-wpgkUV2TbWmlY4Ljo9pwQazzHgK6WQS+ALXiHhfPQ20BpLl+ggzoFGrLgd9+wbLNIENulk1arBBf+Hk97c3PEQ==
- froala-editor/4.1.0/css/plugins/code_view.css: sha512-ZQyDCIY/sIKdnGd7r1W8tYUf1D5KOedo5x08fLAsCrk6UdQxjj6ZB2BQ+0YDAuGjqv52Sck3pzwXG9G1ESdjjw==
- froala-editor/4.1.0/js/languages/it.min.js: sha512-ir1HtHgJkGig751svDLkzb0lbApAfx9WBcCply5cjb0KgBIj1y9V0NVB1Rou23gTW0geUHdbOSo/PAmUr7yfDQ==
- froala-editor/4.1.0/js/languages/ja.min.js: sha512-gzjQ1qHXQIZZM3f1bzqc45Cdk8GNMmk/YUSQ3W8RYIf93ZS+B+PoFRi4fGHeniqFlDpzcOkG1sjk9Oq5hfSp3Q==
- froala-editor/4.1.0/js/languages/ar.min.js: sha512-iDJjKAYfVl1zVp8bzT3v/rZ+GxygJ8W4SRgwghTotUB8tIKJcoR4n+mGN/2XCYjKZB9Ber4l7U28CaBm5ZR32Q==
- froala-editor/4.1.0/js/languages/bs.min.js: sha512-BNfVAj4eLrpdSB07rQiIMl67ZPnMAKQCpN303BF3cZVyjWMKw2eJjuSfuviG0ljL/1h+MLWd5x0ldpHU0Q/VfA==
- froala-editor/4.1.0/js/languages/ko.min.js: sha512-BL6l6f/QTEtGGMjtWgPkWIAq6e27t8l+RntVoADszINVfrHLlc9dk2UUPi6JAgqtkoUdwHs4bn568HS495a0Kg==
- froala-editor/4.1.0/js/languages/pt_pt.js: sha512-94bbHnrRCDEvZi0RIoKtlF5S+f4XpEjJYoJNZN6HBwHY6nj3f7UmVX5aSNeX0eMVtTcWQ3gvOiWGaFgdXhaT8A==
- froala-editor/4.1.0/js/languages/ru.min.js: sha512-6ScN8SwymRF11xOtPpwyvmRUvb//RykQYZEyZAiA1UAZevwDtfd8eUNqtHUOcNXd5cx9FlX85FHrsywQ+ztkjQ==
- froala-editor/4.1.0/css/plugins/colors.css: sha512-x9L0FEuCKByaTl8/hkAqBHUfELdj3/MfHRdxzQQqxuQrNPDud8FBgtEnYmPtKJ4YX9POJFQJeJkd1WyVeUXTlA==
- froala-editor/4.1.0/css/themes/gray.min.css: sha512-bLXLtbSOtJMryZwFslxkXaPaJg+MdpIW+8JoTuAX9f89bp14DA+2UCDv7Sg6uFHc7K9/wZ3UWalBG6/p+RiJJg==
- froala-editor/4.1.0/js/languages/es.js: sha512-BXsn9RT/wByfD2j0K5p4zXKGyZ52dbXNs1FVCuB/KI6XIOqbx3rIPpVFh3a2kUbzwcstT6Ir/9fLxe/NQfK+PQ==
- froala-editor/4.1.0/js/languages/pt_br.js: sha512-xVSW0R5mgYgV9tBFZSz1RKu2afHCNXEmnVmIZKeM4a3ejh6+GhhRTqFcTMFJJNa4+h6ef9B8EexTLEUA0yBBdA==
- froala-editor/4.1.0/js/languages/zh_tw.min.js: sha512-jGhvRBJ2uepK1idfbWV+3fOSmyvfTLBcTwJP7TrBAvprEQv8v3AztnKwqnRkf/FuDbDGbKPxI4ASZYt/BONI3A==
- froala-editor/4.1.0/js/plugins/edit_in_popup.min.js: sha512-uH7eXispRhWo8hTnfnkHdBBx2G3ecOdsfp9BxiUy80qnSGIXcyNMbbSbD7FO2Ci5fWrd4kg05xw0sQcUbtNheg==
- froala-editor/4.1.0/css/plugins/char_counter.css: sha512-07qrpB0oRwj+UhCaVVXV9Ja7XRwmCQ3q0yMYrooHiDK/f30WrpOHMsHbaN+IfVVklro+0e2qlbrQLgJziEQKXA==
- froala-editor/4.1.0/js/languages/en_ca.min.js: sha512-55ar+hDPXpbllnEzScjA2KX/JRcdek+09eHlxuKHyqZC6k7K6woYQNnxZgd0STzpIgOI2d2bV0WBTlTu+IzrHA==
- froala-editor/4.1.0/js/languages/et.js: sha512-xYFO9PB3KnqbH2TjjEsVqhaMCt30JwhOS2hIkcL4+hMloOlEmaxax6/ikYcLio3ocyZIDkAywOjx/K0Ln3kjjw==
- froala-editor/4.1.0/js/languages/el.min.js: sha512-fa02h/YzyDXJ/LbIdUbrhmGST/s0oOlHWAlodMCJEwLB50fqPcTXRxKN0xZSgDWsnzbRVqVwpEpNFj0ogP6nug==
- froala-editor/4.1.0/js/languages/ku.min.js: sha512-P/JD1EpbriGQnXy+DtuxioqXtwEntIOF9D4/pqisMOaasTL0U9B5GoTOJHYG/0mma4dNrmKjciwfYM4uVMbhPA==
- froala-editor/4.1.0/js/plugins/link.min.js: sha512-HsGlRNJdm7I0BiMLroP7XdGMfV8hgqn6LLhPQUT99xdD23a6GQJa33GXuwfWfrrNaMXwjzLECK3pxp9GuHg9ow==
- froala-editor/4.1.0/css/froala_editor.pkgd.css: sha512-XBNB1dNHhHutXKgbsw+DjV5VM6u3rYYpyVo/9jsS47O/FaIYWgtfta5W5dYdIaCT23XePkqHBenHJd7hscCQ6A==
- froala-editor/4.1.0/css/froala_style.min.css: sha512-i8nTRj0w9Akx0IVRnzv9zNVk4Jy1T9MFgdBfLiZpoMZfVBzN+rfJA5yFseOAOzvisx8U8xtrLv1QKGtefEuqjQ==
- froala-editor/4.1.0/css/third_party/image_tui.css: sha512-HGdCcKPdAm2wRQMe8wQqDH4TCnDMrmVqvx302tKwB0x4N8fio07w5e01BuGOAWFV0iB80bifMyK8Q8p8b9d3OQ==
- froala-editor/4.1.0/js/languages/me.min.js: sha512-dENEk6UrEkDXUGYvL23Q+EXVlBUbxZIzi8aw/U/NooXpdX0f+mzxELVNxbT/wbEqSMnGEz5JEZLgGKgN2BQFaw==
- froala-editor/4.1.0/js/languages/th.min.js: sha512-moE3mUfPC72aAqvkVCS1zIsccSDKL6Bq9N+aYmJdg/sqOtJiIJQkRu4kytLUZQn1mxI5aOajt7NyuWGWGAd7qQ==
- froala-editor/4.1.0/css/plugins/file.css: sha512-eb7dQhbZuD43lTdd8UsVq8K+nGqSGGRBQO26KEbC/c0+qpljP7k9vq/8QyIY3x7zyhUxo6eMBNYk51PMEpklIQ==
- froala-editor/4.1.0/css/plugins/image.css: sha512-8FVkuolJmqB1ntNIWoKpIg87ZJFJEXffJIb5jlziU4TIa5H2yaChKsX83myRlBUTQzagRkhYqySSa2NhwAbO0g==
- froala-editor/4.1.0/js/froala_editor.min.js: sha512-4HJ0gEPlUBvcDxBDNwIVAd0Z3OsGbYEz5g+p/ECFYXj74YwdjoWs4Ua3TfgCT4G8KF6vwxSYnnEzt1qvv7czZA==
- froala-editor/4.1.0/js/languages/uk.min.js: sha512-6UkCmWtfAR3s03hhLp928xGNBlJWxnm8zIHt0m/TiyXiGCJvcj2JehK2HGT+rJMU8VfICg7XmlcnMw9qpLgvKA==
- froala-editor/4.1.0/js/languages/zh_cn.min.js: sha512-X0p+IOTE54YOIVT7UO8ikcYaxJRFbm27WpKdZRpOl3oxVzvDiqs/nhEVdbSJzULkRRcmnDNUwrNBhdXZO+qYuQ==
- froala-editor/4.1.0/js/third_party/font_awesome.min.js: sha512-wxJhOiGE0VoShHDnYV7Y93IScS990LpHW8rDhQcymL7Ift9zyp+Vr5FGEerc6/w9QfsTUI8jOVy5mixVDGm+SA==
- froala-editor/4.1.0/css/plugins/emoticons.min.css: sha512-TUoyRvrGK6Hhs//zyyUFo0F0ekaxxbTKVn/gWa02izZjCrN9Rg6X+G0vfoCRVqxmuEFaFucmx3BNxo5324Za4w==
- froala-editor/4.1.0/js/languages/en_gb.min.js: sha512-hyumrAceaAQG73PLlCamRcJBZY8MAVMSINu0pxuNnZc6k7dDbvD8yXirN6CzX3v68K4DmsTVkqAwq3Py+LMGyg==
- froala-editor/4.1.0/js/languages/sl.js: sha512-sXf5D8GX+sz+aBZ3dnd3sOo2+LfpJ0poDqJlIOYDULSpFI6gpi7meyhAWp9A54JoH9qdbW9Afx/OZffEUMfXjA==
- froala-editor/4.1.0/js/froala_editor.pkgd.min.js: sha512-PHBiXc4CfWRm4lrze2ul0EqO+KgOsxJRXZmlP1QakADxcQQ27oNbcdlBmvIT5o00icI8NkO+Nm6KpcheWBYcig==
- froala-editor/4.1.0/js/plugins/inline_class.min.js: sha512-QePrNAsp7FYngdfJbXWOHg9uSfhISUkZ0tWEZVAGxb7wS+w9zG0GPAqvXB8MJuG3Iy/HTUhqo3dW2Po+HSbNbA==
- froala-editor/4.1.0/js/plugins/track_changes.min.js: sha512-9wwnj1g4ovmrHwQgJp+gMJPYQDY59olmZvqMWAFz+r1oJtfIeiXGtR8tVPkD1hyQF51EjIYoLYZVnRahXcUPag==
- froala-editor/4.1.0/css/plugins/image_manager.css: sha512-pfLpPTkbUpLjE2CXxCj+MC1tFQ4N+vg4ICYQ3Bkab1k+kPJkkXwsTpCS8faP7aONFOxgeDFkWUGSn09vOcIA4A==
- froala-editor/4.1.0/css/plugins/line_breaker.min.css: sha512-556SxloFZfZx27Dp+Hs8Vqt0nZGAK5RmvxmuTejmTl1oa3s8sl+WQw0aHHyApfEsWrGpoPPIfcfcNqUA+3ojjA==
- froala-editor/4.1.0/css/themes/dark.min.css: sha512-8H2WDX7nXU5ySsmnEbbXLkdSIZmGmJr0PtUvN4GJAEeojyEmf9/EmLSgGi7URJ4AgGry+SenkM1bU2vghK2aYQ==
- froala-editor/4.1.0/css/third_party/embedly.min.css: sha512-Kf7abRetotZcqrcp11oiUjH7IVfq7sZa+DT6g6AhNK5CD2hr8A/TJ/g9G01PyjP6wB4ZfemmlTYWQUsM0mi1lg==
- froala-editor/4.1.0/js/languages/ar.js: sha512-fcOjZ6Cku4gwAoSySjACm4HSbqb8hZg+ws3xDzXuzngHYGtYIueWIYbiZ/Q5ZtsmIPB7dKnnA0r21AHqAnX6Dw==
- froala-editor/4.1.0/js/languages/en_gb.js: sha512-pn0cxUsl11Zvzv9G4ZN9IQEJ6hNGeK9bzWY9rpSazsb1gtsWVZuItjMDvfYogdHzlOEEL7aFFnjzsHfXBu2tKg==
- froala-editor/4.1.0/js/languages/hu.js: sha512-wXAIkKv6essU+bEYBIHeWmoCSnWTXRO+PJmRO7N0MkjHMyz0gtrOVOsBAk+PxHcOMytKWJFyUUGeyvUgy5j7oQ==
- froala-editor/4.1.0/js/languages/sk.js: sha512-Dehh22WjRplNnSXWTy27k4ObJQGOL4+9QFo4/Pp/CJ+Y/dlZss8q5/Z5V9w8aFFdKEPoh2jNtQoxeCnvXDEmrg==
- froala-editor/4.1.0/css/froala_editor.css: sha512-QaVoQm94Y7b1XIaOpj6EO9JT+pgCyQ6fDV6kM4hzWdGpcrlHzVG2hC7iAbg2BO+i1Ud6KnAVhu4SXD8LE7/7OA==
- froala-editor/4.1.0/css/plugins/files_manager.css: sha512-RWkVtY1tkMsqjwrJVn83IW7T6/yKmIukrux8QjYgf0Jbuqv8ijkpSYetAtNr1QRd0O84VCiiK9/gzI9xeZPSyw==
- froala-editor/4.1.0/css/plugins/fullscreen.css: sha512-Fm8An3ROMbdR2PI9fBZMejUYDIFeMt0l0b7G/0zlUBadeSsjrEPCZzjKLkngLwPJW6Q8A1DTJilTQn2BPyUKZg==
- froala-editor/4.1.0/js/languages/sl.min.js: sha512-baLOwyXrlwcbs4H4SLVc6zB/EWRqrypHYzqRHFl02uMMcmhk7iUcAcNF4Vc5G7KdvfMKVu8ZrovTBduUM6TMnQ==
- froala-editor/4.1.0/js/third_party/showdown.min.js: sha512-LDG4RQcnpZ9xXcNcxVwxESP7uFmSca8nJpwBR5WNwDoWgUhwYRg637NyRQxHA781/XkN1BvY64Ez16Pd0BCr1A==
- froala-editor/4.1.0/js/languages/vi.min.js: sha512-8FLYyZH4nhOoLmPNHkpULLLPBZt8QRhJfLJRoECz9X7eVyq9KC+xM4PcqoXREvbQ4uu7nyrlkzWFDomPL1gAfw==
- froala-editor/4.1.0/js/plugins/fullscreen.min.js: sha512-J6lSwiWVqkFMlCVInm2Fn/cqspNOZpvBFAFc+4sQu2l9NqYFogeD5kosTVY9Q3AYarYO4Fv7YFM2w4zai/mY2A==
- froala-editor/4.1.0/js/third_party/image_tui.min.js: sha512-y9nX6F44Nicye0NwB3le2pm+eGNVN03bwDjO2czWtIBcn42bq07czd7FyQmG+f9/2Z8I3jvFp8afEUCLKRB1yA==
- froala-editor/4.1.0/css/froala_editor.pkgd.min.css: sha512-K2/KYKT9c1zM+5jITpE/p5l8+ogc0nZBDX+dAWpY9f0B3kv+w/mX9v7Hj/I/qSVQTX/f7e+OTmW8qRZaLuwIfw==
- froala-editor/4.1.0/js/languages/id.min.js: sha512-yFsmKPHrjbmMF8291zm7gz7EYeUfl5uVlorNRCQgkHox/Y90N5dT0cSa6CVfIJRex7H92XoVUdil5RnKFJkWxQ==
- froala-editor/4.1.0/js/languages/nl.min.js: sha512-CTI2UQJahR/y3w4dUoso8Uvc71TXQfeUC2QyiRPuLVhpUxqZ3Bt104fhrEUr+XaAfj9WGhH46ut6Rg1Ic4mVCQ==
- froala-editor/4.1.0/js/plugins/paragraph_style.min.js: sha512-RKAlKWBKk+LD+ZvzzuaRZrS6prlvBOIhF4ZQ2C8a7FKdFgDEnQinEXPNURgCqWsTnFl/tqhqqe+FwadYznIDcg==
- froala-editor/4.1.0/css/third_party/embedly.css: sha512-O9PsDTasqcIVOXe0w4QCgPq9IpPMlv533GLpQyN8592QhKyE8mvvhNpnvxs8UlPYYB8vquDJbLPe/tCweWw69A==
- froala-editor/4.1.0/js/languages/ko.js: sha512-nFwEUoTsJVb4TL0MsanU56aGE0qZL0MuSuGeO+uNrq5jnpGEoQ6PWJVWpqLhGbWh8OW0RyG8hwgkpk+OYhjZLQ==
- froala-editor/4.1.0/js/plugins/file.min.js: sha512-5RRRPzXonasp7UY1ZI/i9KIZT8Wv5apmhKNEBUKFpX/yPOD6UUyM7uiSrlgU0I6xe9q0Z3a6o+dFHlKAIr3xWg==
- froala-editor/4.1.0/js/languages/hr.min.js: sha512-lxzJ3NaeXBX/mfRQwSdN588BYes/rsgrqFtC0tw3cvvuMeKd4HiOQ1jnpVQUyY2Uqm5ebilEWBHWdSOZJlsUxQ==
- froala-editor/4.1.0/js/languages/me.js: sha512-+DlcPuLpgiJMQm8LM/txfiOjRCsGxL/a8RravKiscPE31GHoxHUNlyPF0czm/viJgT1UCtG/r+IHVTv3TGCrjQ==
- froala-editor/4.1.0/js/languages/nl.js: sha512-nvtL5QjzUvyptVvFw1lu6UtdEh0L/lMChTxXwI2+9CplTwMeKNpzEtxtLUTRZ4vVVVGARORyZetkNYodvEcQuQ==
- froala-editor/4.1.0/js/languages/sk.min.js: sha512-Omy5Fzynfb7sIVnnykzhDQiFJJsfexkeDRS3dcZ/3PxGCxGk940l3O5QiDRbddafgL/c3Vz1kspeVlLKup0g9Q==
- froala-editor/4.1.0/js/languages/uk.js: sha512-RfhYg359Ji5jyXr+PQdhAwVewsBuHBiqc/T8U9mq1ZjiNl9hDTO8gf5qzWBHRweJkcz1Zn35aOLlKb3yXGcNTw==
- froala-editor/4.1.0/css/plugins/char_counter.min.css: sha512-hJ9GIMa+WbKzPNlL8ByJw/o3O2P7/r/sJPLXROgvGozMaAvSBPOm0ZUZ6wQyJj3eGnoSKbksSZsa4LU9IJ6OJA==
- froala-editor/4.1.0/css/plugins/quick_insert.css: sha512-qcgcxSM5ise22l7Ge9kmuPUnh6lZNZfHF1zf0FZjGaUw9UKy1p9lDVGHpBTWwt10E5DBCkmTlr8WrAiUZCFWYA==
- froala-editor/4.1.0/js/languages/cs.js: sha512-RdAjpM/FKJT4x31V3FsILXhDz9IcklRZfZb9zoQnqCywgalbX61M1OaTtM7B0zew5xF+Yv831mODJTxlv8+1Pw==
- froala-editor/4.1.0/js/plugins/print.min.js: sha512-hPhV4yMiUNpinVIeogKGdZMuj5RQmbIsMJpvUPYyATQ7PL8ox6owOmM4Wp8mV0N+JvCKw/1fwbhMukGyz6qF3Q==
- froala-editor/4.1.0/js/languages/nb.js: sha512-3sS+qHUZ8gULlb4mdEThnQ9j8V3tAvsS8ydqTFIhEnDGBVFOPxAhlDcvuirpBgrAI7Mqjw7gfLTb0xq/45ELaw==
- froala-editor/4.1.0/js/plugins/url.min.js: sha512-jAEoQnJRVMsCe4k9JG9z8u95oQsnGP5lHhXgpSCZB9Hg3waNEnLRtNHo75SWKDrrzxnC2IDv4fQl6tM6zP0b5A==
- froala-editor/4.1.0/css/froala_editor.min.css: sha512-sD9V6ujHkn59mK0WqTuYs7UYUdbag59A+tT5Z9pTtXzWf3A8Thgess5YyOv99BGsPbVa7rNe710G66VWL+PRiQ==
- froala-editor/4.1.0/css/plugins/code_view.min.css: sha512-MDwfPyZIisPkiK9wvEZYXcpyc2FKRY0TCKkDW1Fb7NhpDU0IKyYV9csFW98VKdqDMNYKiFNR3wpJohxNsOTerA==
- froala-editor/4.1.0/css/third_party/font_awesome.css: sha512-gxTMHTb27Lm6VTl+Lm5Xko25+KjVjgP9fGZGCKIOx9AFJCdS4p5n+CduJVcz9q2volv4grm+KjpJiLpOU4wz3Q==
- froala-editor/4.1.0/js/plugins/help.min.js: sha512-eCQ5CpBjTKMoYVZ3poaKLm5YvHSnenY0Laat6JDqjUzwxm+fDKOOPzmeqmLM3IqPbmRul8TEGr9CJG48+u+TMQ==
- froala-editor/4.1.0/js/languages/et.min.js: sha512-H88rrlLaOfE6W5Y3nFg09uD4PaBmxZBiYfP45E91je5vXDd4Bj9ht6D+7rq3s04P0wy9d4wx7LmVXHp64btvdA==
- froala-editor/4.1.0/js/languages/fi.js: sha512-/i6SBmatUaEcYd+B7UuZg2UvjbdgFODlhOpGsr9GQtJfRLrRgtCDBfxj7nxXMsp1JvRtDo+xAHo0PbzyJ8In3g==
- froala-editor/4.1.0/js/plugins/code_beautifier.min.js: sha512-Mk3vPPczopS8d15sJhWdSZKRosWh4uR7dtLXquR8S+uDeDXUNUloxCxigAJRvZzzuADAn2eHrWtG5+w8DJ1MFQ==
- froala-editor/4.1.0/js/plugins/cryptojs.min.js: sha512-B3mQhFsZOWlHY5rcmWMTPSCfxJM25WWLr1dD18cOAuLo6BSsuUp7wuQyGP/l+TZE/GdRJCshsaRc3a5DBUnYSw==
- froala-editor/4.1.0/js/plugins/font_size.min.js: sha512-FQ8X3e6OqtQxnC038yRHmF+Fy5GzgKpLrrCmnN+milqa8jzWImidS4rTjqUlniqqdS6V7q0+3Ym1d+0kAufwwg==
- froala-editor/4.1.0/js/plugins/save.min.js: sha512-9W1pZpC5TShKIVrgVu0dKmuhxuEZg24psnA9ILZhG475sxHTGHeLLna9WSmH9CqskNoQ0dtt2Pdd78RBxkRLfg==
- froala-editor/4.1.0/js/plugins/trim_video.min.js: sha512-GBzwi41X4MlRLBLyivyR4FZKfnf5MTx5j3uUVm0dfCG2N7UeVGjgyfIHAlAIUZq8iKQKnAZYft7UihX28eBqHA==
- froala-editor/4.1.0/css/plugins/trim_video.css: sha512-DamDJ2lv2ytoXRqh+fxJhwsGC8eQxhnJWP4WBEQrBGVE1H/If2r65F6C1kt2IuZ8qwLYYxRu8bVLSDfLyavO4A==
- froala-editor/4.1.0/css/themes/gray.css: sha512-DDiwCV/VvCSsLockDRWFmOqLOIbTvhytfM3yY3fa+2ybK37h9UWVqeRcLE7W4Lwi/l79Rekw/tXDTYIPpKig4w==
- froala-editor/4.1.0/js/languages/ja.js: sha512-Y0eXhcWLRvRdf0aOSNQd+gxuCmkfjkNRjX8agThVXzlcGtqe3I4P+BKpp0AE9kL1CvMa6WS8KUZ8ONIa7k4Iiw==
- froala-editor/4.1.0/css/third_party/spell_checker.min.css: sha512-MU6tVym6sZ3Nb5ImoZrohdTfBBy23x72cNLF31JY32eE0UWFpOWQv4VP+Nsq9cAtkkgVad36We5WfzabzbzrCQ==
- froala-editor/4.1.0/js/languages/el.js: sha512-yoE8l7kLhtCumPZ+wTtd1UG4OLcMnjazr9h2rzARoJcBeFEH3JOQaorLivc0hMFRKJXlWuUVH99T3uH/nP1KVQ==
- froala-editor/4.1.0/js/languages/sv.min.js: sha512-V3TBaV2hbJrrfijMsykl5LU6LytFZ6EZS1x0ucwowUppUSxWyN6okbqom3yvrqB30aIBQWgnV2Vs0NE5ahYyDg==
- froala-editor/4.1.0/js/plugins/markdown.min.js: sha512-4rmu/hGaPMzBHptg9ocYRY7O1Phq96ydeV42PCxOBxV9Gx/AYyRbWwi/w79XNMACE6WrSPEqwdP5V2vqTMllBg==
- froala-editor/4.1.0/js/plugins/table.min.js: sha512-EvRsu1f9kiDKk9kYdZ34PqxOJww6aJDwXBfcUSRR0qSRSgfuSxuKZ9uFF1s140LIDFENk+2NZABzI4CjnQcxgg==
- froala-editor/4.1.0/css/froala_style.css: sha512-Qcj3zBV08FadlQF9aRVg+dj3rCLTccWgHBIXSakNhkc1v7wqbk+62aS9e0BHVHoMnRhTD+X5RjvSLvt/PBqq4w==
- froala-editor/4.1.0/css/plugins/markdown.css: sha512-CFcHsU5YvVI2VajBg2ypJtuWdaawMLHu5af/F7C4UIMdHdvh0W97/W6TGLYXg/UTDyY3Oa9TsIi3zTQcqvn7Cw==
- froala-editor/4.1.0/css/third_party/font_awesome.min.css: sha512-K+/nnQHBejGRuI9ql4ORyLgsONbmczgiK8v6QnnVoK/dfB4szYshpXDTp/3dyoy5ftxnfLXPN6v+EOZsGd2d3g==
- froala-editor/4.1.0/js/languages/pt_br.min.js: sha512-4eC8YfYz6hV/Q+OCM1G2xdOyWGEop2uTV2W0Alvtp8SI0RIDjq8sjZKdG/i2bAHg2hnc31PHU71fQPieprAsZg==
- froala-editor/4.1.0/js/plugins/emoticons.min.js: sha512-6xH7oVVFwFOAcpRwPssTOMSqm86Iak9ggDTjbBppSBFsDo3rPM2lYiCc5AvHBVinzH5fsGCBF1y5rTIb/gPIZQ==
- froala-editor/4.1.0/js/plugins/line_breaker.min.js: sha512-sNvLsaZl1+XWeWnTALr7Akddz9hKGmK/Q13VGyYUN4/tiM0ccaUjhJOg+cS91SaewfsubKpUg1dw+eI382LKEg==
- froala-editor/4.1.0/css/plugins/draggable.css: sha512-lgi4Bg/aN7Wy/+3A74h2LRFonnsLD0ED1bOuPCTCYkByAc6X4p6TP3HpWn2fKm1ilu541O0EA9wjxNEpyqOo0w==
- froala-editor/4.1.0/js/languages/bs.js: sha512-o0irQHqND+ihyWS2+NxAfS2CQwiCxQHBXjoRvNiagu8u9O6MllO4HtRUdqktWwn4U0zoKzgnAvnU6l33XYt0aw==
- froala-editor/4.1.0/js/languages/hu.min.js: sha512-SimL1XM4a/jiNEOqLmzozNtx5UiTshAhT7WGEuyakDWe7Y6b955DF6Z58FDga1rVdVXLFWbwXvcfLUpB3eMNMQ==
- froala-editor/4.1.0/js/plugins/files_manager.min.js: sha512-0HUf0IKrsgb3YavPcur0j2aaSqOdi6b0tVCPvwmtW0T05jEQFiFXTAFt6JUteDnmBKxmXCW5NfHTer0vewwY+g==
- froala-editor/4.1.0/js/plugins/paragraph_format.min.js: sha512-MUx3CaR4dg7I0+5FGJIc3AL0LVazzqtoN7DTU0hn7fKEGovhox3Ka36Fy/PeyAfzv0SDpyJrLExcw3KRQqwSAQ==
- froala-editor/4.1.0/js/plugins.pkgd.min.js: sha512-I981n+7v7TL8uWhQ1ahRi8eGDi6t+Wh3Czy8bSYHWIUcpW9wpAUMEFbnZxFPEEjY3nNm5HG8HpSLVPJqMSdsPw==
- froala-editor/4.1.0/css/plugins/markdown.min.css: sha512-LThh6NryvSg6iIaNyO9KOmRnf1a/T2DeIlZTkKyGaAFeAR37O3qXnjA5x8BXTC5IQ8wD1EWde2e8OoEXCSAv2Q==
- froala-editor/4.1.0/css/plugins/video.css: sha512-/+K46Nc2tFiT/u4kHIJJkYwik5/N0aIB7aWi068q9kAgbByG1lzNNZQ44ks1rdmmZ8g8eiVTfiBTnwD65fZ1pQ==
- froala-editor/4.1.0/css/themes/dark.css: sha512-jYdhRcqKt5fM6Y3ic5leuartznj1sZN1b7whB6PmcAJOLC2JXeoFiv0Mi3DSwAnMcmDgjCjJLsmKH0rCzE+IrA==
- froala-editor/4.1.0/css/plugins/special_characters.css: sha512-k45Q4ZqC3A2I/1no7l7+lkl3Zg0o6uW0oRGFsO3YHEbyQqjwy/ZiC1MVybP35mhpuCNaa5TQlnYcq5UbTO9BoA==
- froala-editor/4.1.0/js/languages/pl.min.js: sha512-30EQBMANLKGym2gwgWcYqyhUuiCl0t6sC/NW7V+gY9KdhzGoO78bFBYHVztYwDyV8B48zIKxq3bdtEGS35dYzQ==
- froala-editor/4.1.0/js/languages/de.min.js: sha512-iqJHaWMkggHG/YAnicmHYDTGAzZeqH0O34MrjtwKgIEIlA1PJagPvozfzGyPJMXOnc1jt7eftT1SUeU/rmdj/Q==
- froala-editor/4.1.0/js/languages/fr.min.js: sha512-5fluFXFZXZRxL7ptsc/5HVgYeMGitUxdqkDOeOKvkfpVm32dDBpjdtVpjhGXir2AW4+M9JqpibHkcnIDnhfNzw==
- froala-editor/4.1.0/js/languages/he.min.js: sha512-tZmpCIgcXypfENeYTyM1Cy4TVMLDz/SZ2il276vox+q0UdoEE6w6XtePkcFdfE9PG0Etzh15+Rm0j+IlrbccjQ==
- froala-editor/4.1.0/js/languages/ro.js: sha512-yphQBn0vnM1+1Qemj3yxM4ZM0LvkqNXz9Ge/w02k4hKrCejXvHxvjv6QJEieUfvXWFj4xlVeJhfrLqeiBgMHNQ==
- froala-editor/4.1.0/js/languages/ro.min.js: sha512-wz7bVP03vc89XYU+vxeuU0Ej89Fpu4QUZtSMuU0PTtGQVgNU/XSTbwdvhwSeNMOlpm0/vVWHxXJMkbJfwTHeHw==
- froala-editor/4.1.0/css/plugins/help.min.css: sha512-yvhYv/WUU9dSvvjEp3uOL6EF9puAK77YtnJJU/rMkic6ltDtuYgmXNkM9vxVmKDD6VL5VL3kroO2Iefc21E3DA==
- froala-editor/4.1.0/css/plugins/image_manager.min.css: sha512-ULtY7BHyjOz5+p2CEtp25vN5XTTqdutwNQiuP9CMPJC12ymLnwn7CsvZwoqx+B3NrKyUvZBgK5IHJu1oBlqy2Q==
- froala-editor/4.1.0/css/plugins/table.css: sha512-IVLmh1FWGBmypGAndm0O6kIq2Cgjbp8GY84WDaPWr0nK61PBsZz9piaaP3KKVBsUbJniLcyxd1hb0u86O38VHA==
- froala-editor/4.1.0/js/languages/tr.min.js: sha512-ZjO/M3V2eZnYu1ojnhlyGmv5LfyM87hanQywgX4VEDgAhdEIKAw0yVaMdfjOP9aAqAfvZGcoInNgY30Hst2rxg==
- froala-editor/4.1.0/js/plugins/image.min.js: sha512-6mGKuhM67SWK03ydnLKGuQsivETf0Y75YlUIP1a8om3ctumyHlVa4gf9GCud7v7c7XUdOV4KEBYqidHrPqdXCw==
- froala-editor/4.1.0/js/plugins/lists.min.js: sha512-C9I/UKxgZZ2vOwjtyB2wefPxWMgKeAOErkzA8jJyXhpvE8gDkb55HfIZNd6AnDs9z9BBF0+1hpKFaZS+qZaPDA==
- froala-editor/4.1.0/js/languages/fa.js: sha512-2wl6jdyWDEu6y+SqA1xXofEtabBdG7JvbADsWkViqQd64OVZm9DPKL0RkCgFVX1FXgCKUnqfJBpAeEWvFW81ZQ==
- froala-editor/4.1.0/js/languages/pl.js: sha512-1sTnDLxB/uL2H3dfFK1aRhmjEo/ByqYiXgLjNwlVtpOkB04GYb+XY3MsuIHbAhRR94XApQca37d/qQRCyPwvIg==
- froala-editor/4.1.0/js/languages/sr.js: sha512-P4WH08ORvnjpM8c7ou7liGN5YaH3lkINcN9p+cMS5aKGyj4NHvlq2SvAx1r593zCAx7p+iO+mRcJmCbSTPOVcA==
- froala-editor/4.1.0/css/plugins/help.css: sha512-KdOjmGJcLR+WX/PhXM98IwFEAHqFDlmwnlxFvZ6os1z2eUw9oev0iGoX0IL6HCpLggIiLMbdUJhIVc8uyY/vUQ==
- froala-editor/4.1.0/css/third_party/spell_checker.css: sha512-eAt9iM+dkdm3zldfsiH/uCf4PRwUwrb2fxjRjNPE+3RkO5M5xYNUqV8OjRWAsEqvvW3hYYuwpcQEyh6WDn91MQ==
- froala-editor/4.1.0/js/languages/de.js: sha512-sV5enwORrGhYs9zLja+NVMsI/o1XVA5qQ0fT8RANNYiLIlWpJxBLCdIHd9wqfyPXY/MkWYl0QhIkHApF2bM15A==
- froala-editor/4.1.0/js/third_party/embedly.min.js: sha512-R8HQzaybB14d0xjJtfZZvM1+kGJLNqy0eifHfSoBTvZLaD6mSMO7PER6HwW9JhDTn3JsBbHcIJymuzKVC2wDbQ==
- froala-editor/4.1.0/css/plugins/draggable.min.css: sha512-IKHZdJmoLDu0hv8Mb5RLJv3qhuGa0bgml/GxYaoCvM3z4/toYvPD8HMor5fPx9twCRmNGDacXpT2WCK7kvxAJA==
- froala-editor/4.1.0/css/plugins/emoticons.css: sha512-qlWcf4rAqmM/LkDDFJUQD+EmMKOm0UFxkn7zu681thZpaJUKSM4viiMTnHMQ1dTW4jM/k9glucJQJg7xaHswjg==
- froala-editor/4.1.0/js/plugins/code_view.min.js: sha512-THjAPl+x+FeTvKbppXcZJ957zTnT5rW2ErbgfQHGgUWURqluLlivq4/Q8lqN3wZL+JescF9wXzen4Z5lmUnQIA==
- froala-editor/4.1.0/js/languages/zh_tw.js: sha512-IXcHQnZt8bqSXNGmkBfbNA59kZyNQOSEFR8eUJUCXFlL+21E7g6fj+OyoXNjmiZ4U5KHK+MFFlKWWJZvm8OAfQ==
- froala-editor/4.1.0/js/plugins/char_counter.min.js: sha512-gxHbwz/fdVe8sy+pldxuUcWDRjGum2OhiZ0XGQhAAJpKOUzUMroU6MXD5D18gXCib3ZMXddCa4kl3CPX9N/jNg==
- froala-editor/4.1.0/js/plugins/colors.min.js: sha512-20EyGtGLJ8aEe9srpmxusKOlBUou+M8m8doXj5jt6RiOfiVcAmixUvdCIi3259RdDVV9B6o/J3JrkRT7OjoaqQ==
- froala-editor/4.1.0/css/plugins/video.min.css: sha512-0c40Gyv7p5B2/OJe+/61QxGqBfbyCGujVFz5NVMfVs8638WS3PKh12pR8mRonF0bviTwZQLvEf92bt7n2UloXw==
- froala-editor/4.1.0/css/plugins.pkgd.min.css: sha512-UPJRvudTPNMRtpQ7YmXO9ptAMOfDSdEx4LbWASnlRqbE9N9Cf6V4GAQnl04BrWgM3uzI1w9cGuHBMLeUiTB8Og==
- froala-editor/4.1.0/js/languages/tr.js: sha512-w2EBFb2J7PBh5P8nGoo9L1DIi/qtdhXpjgkarg9z85Qq7GZ1WkKJS+G5AfWetQ6u3N3W2WVDulxNWQ9J4OJKUA==
