config: {"authors":[{"name":"Guillaume du Pontavice","email":"g.du.pontavice@gmail.com"}],"autoupdate":{"source":"npm","target":"hls.js","fileMap":[{"basePath":"dist","files":["**/!(*-demo.*)"]}],"ignoreVersions":["*-canary.*"]},"description":"JavaScript HLS client using MediaSourceExtension","filename":"hls.min.js","homepage":"https://hls-js.netlify.com/demo/","keywords":["hls.js","video","streaming","mediasource","player"],"license":"Apache-2.0","name":"hls.js","repository":{"type":"git","url":"git://github.com/video-dev/hls.js"},"author":"Guillaume du Pontavice \u003cg.du.pontavice@gmail.com\u003e"}
KV keys:
- hls.js/1.2.4/hls.js.br
- hls.js/1.2.4/hls.js.d.ts.br
- hls.js/1.2.4/hls.js.d.ts.gz
- hls.js/1.2.4/hls.js.gz
- hls.js/1.2.4/hls.js.map.br
- hls.js/1.2.4/hls.js.map.gz
- hls.js/1.2.4/hls.light.js.br
- hls.js/1.2.4/hls.light.js.gz
- hls.js/1.2.4/hls.light.js.map.br
- hls.js/1.2.4/hls.light.js.map.gz
- hls.js/1.2.4/hls.light.min.js.br
- hls.js/1.2.4/hls.light.min.js.gz
- hls.js/1.2.4/hls.light.min.js.map.br
- hls.js/1.2.4/hls.light.min.js.map.gz
- hls.js/1.2.4/hls.min.js.br
- hls.js/1.2.4/hls.min.js.gz
- hls.js/1.2.4/hls.min.js.map.br
- hls.js/1.2.4/hls.min.js.map.gz
SRIs:
- hls.js/1.2.4/hls.js: sha512-Y3/zijy6Ux7+T5XuV19ARf7wVRHaCUUuUncgq1GKrkLdLlw7Lhvvp6Bs/a5B2C+K1PZQ1v40oeJxhKaMtJC64Q==
- hls.js/1.2.4/hls.light.js: sha512-ho6+E0/1vjfmUF7oZfmYoLqHP6rGPIp+R4FTh9lSjIIDykH0vcPQLnRDtMbKWkBTtBjeomr5DvZdrXQmLgq3Jw==
- hls.js/1.2.4/hls.light.min.js: sha512-x7GzqdMp4WdC6sj+XbAz7QDGmHkKeT5/JUmtYcTMCwRu4eqKK4jxvwdxMg9mZV1fFZ6F4UgQ4BFih1V7efhxwQ==
- hls.js/1.2.4/hls.min.js: sha512-eo7eJYiag8lbLG87os4z/5wtJNoAwueGWd1zqKZG0PCx++TDR3KgZ9bqffhemnUjsrDJJeDDW+l6nBIss+6cnA==
