config: {"authors":[{"name":"FusionCharts, Inc.","email":"support@fusioncharts.com"}],"autoupdate":{"source":"npm","target":"fusioncharts","fileMap":[{"basePath":"","files":["fusioncharts?(.*).@(js|d.ts)"]}]},"description":"FusionCharts JavaScript charting framework","filename":"fusioncharts.js","homepage":"http://www.fusioncharts.com/","keywords":["fusioncharts","charts","dataviz","graphs","visualization","js-charts","javascript-charts","dashboards","data-stories","bar-charts","pie-charts","line-charts","area-charts","column-charts","gantt-chart"],"license":"http://www.fusioncharts.com/buy/","name":"fusioncharts","repository":{"type":"git","url":"git+https://github.com/fusioncharts/fusioncharts-dist.git"},"author":"FusionCharts, Inc. \u003csupport@fusioncharts.com\u003e"}
KV keys:
- fusioncharts/3.15.0/fusioncharts.charts.d.ts.br
- fusioncharts/3.15.0/fusioncharts.charts.d.ts.gz
- fusioncharts/3.15.0/fusioncharts.charts.js.br
- fusioncharts/3.15.0/fusioncharts.charts.js.gz
- fusioncharts/3.15.0/fusioncharts.charts.min.js.br
- fusioncharts/3.15.0/fusioncharts.charts.min.js.gz
- fusioncharts/3.15.0/fusioncharts.excelexport.d.ts.br
- fusioncharts/3.15.0/fusioncharts.excelexport.d.ts.gz
- fusioncharts/3.15.0/fusioncharts.excelexport.js.br
- fusioncharts/3.15.0/fusioncharts.excelexport.js.gz
- fusioncharts/3.15.0/fusioncharts.excelexport.min.js.br
- fusioncharts/3.15.0/fusioncharts.excelexport.min.js.gz
- fusioncharts/3.15.0/fusioncharts.gantt.d.ts.br
- fusioncharts/3.15.0/fusioncharts.gantt.d.ts.gz
- fusioncharts/3.15.0/fusioncharts.gantt.js.br
- fusioncharts/3.15.0/fusioncharts.gantt.js.gz
- fusioncharts/3.15.0/fusioncharts.gantt.min.js.br
- fusioncharts/3.15.0/fusioncharts.gantt.min.js.gz
- fusioncharts/3.15.0/fusioncharts.js.br
- fusioncharts/3.15.0/fusioncharts.js.gz
- fusioncharts/3.15.0/fusioncharts.maps.d.ts.br
- fusioncharts/3.15.0/fusioncharts.maps.d.ts.gz
- fusioncharts/3.15.0/fusioncharts.maps.js.br
- fusioncharts/3.15.0/fusioncharts.maps.js.gz
- fusioncharts/3.15.0/fusioncharts.maps.min.js.br
- fusioncharts/3.15.0/fusioncharts.maps.min.js.gz
- fusioncharts/3.15.0/fusioncharts.min.js.br
- fusioncharts/3.15.0/fusioncharts.min.js.gz
- fusioncharts/3.15.0/fusioncharts.msstackedcolumn2dsplinedy.d.ts.br
- fusioncharts/3.15.0/fusioncharts.msstackedcolumn2dsplinedy.d.ts.gz
- fusioncharts/3.15.0/fusioncharts.msstackedcolumn2dsplinedy.js.br
- fusioncharts/3.15.0/fusioncharts.msstackedcolumn2dsplinedy.js.gz
- fusioncharts/3.15.0/fusioncharts.msstackedcolumn2dsplinedy.min.js.br
- fusioncharts/3.15.0/fusioncharts.msstackedcolumn2dsplinedy.min.js.gz
- fusioncharts/3.15.0/fusioncharts.overlappedbar2d.d.ts.br
- fusioncharts/3.15.0/fusioncharts.overlappedbar2d.d.ts.gz
- fusioncharts/3.15.0/fusioncharts.overlappedbar2d.js.br
- fusioncharts/3.15.0/fusioncharts.overlappedbar2d.js.gz
- fusioncharts/3.15.0/fusioncharts.overlappedbar2d.min.js.br
- fusioncharts/3.15.0/fusioncharts.overlappedbar2d.min.js.gz
- fusioncharts/3.15.0/fusioncharts.overlappedcolumn2d.d.ts.br
- fusioncharts/3.15.0/fusioncharts.overlappedcolumn2d.d.ts.gz
- fusioncharts/3.15.0/fusioncharts.overlappedcolumn2d.js.br
- fusioncharts/3.15.0/fusioncharts.overlappedcolumn2d.js.gz
- fusioncharts/3.15.0/fusioncharts.overlappedcolumn2d.min.js.br
- fusioncharts/3.15.0/fusioncharts.overlappedcolumn2d.min.js.gz
- fusioncharts/3.15.0/fusioncharts.powercharts.d.ts.br
- fusioncharts/3.15.0/fusioncharts.powercharts.d.ts.gz
- fusioncharts/3.15.0/fusioncharts.powercharts.js.br
- fusioncharts/3.15.0/fusioncharts.powercharts.js.gz
- fusioncharts/3.15.0/fusioncharts.powercharts.min.js.br
- fusioncharts/3.15.0/fusioncharts.powercharts.min.js.gz
- fusioncharts/3.15.0/fusioncharts.timeseries.d.ts.br
- fusioncharts/3.15.0/fusioncharts.timeseries.d.ts.gz
- fusioncharts/3.15.0/fusioncharts.timeseries.js.br
- fusioncharts/3.15.0/fusioncharts.timeseries.js.gz
- fusioncharts/3.15.0/fusioncharts.timeseries.min.js.br
- fusioncharts/3.15.0/fusioncharts.timeseries.min.js.gz
- fusioncharts/3.15.0/fusioncharts.treemap.d.ts.br
- fusioncharts/3.15.0/fusioncharts.treemap.d.ts.gz
- fusioncharts/3.15.0/fusioncharts.treemap.js.br
- fusioncharts/3.15.0/fusioncharts.treemap.js.gz
- fusioncharts/3.15.0/fusioncharts.treemap.min.js.br
- fusioncharts/3.15.0/fusioncharts.treemap.min.js.gz
- fusioncharts/3.15.0/fusioncharts.vml.d.ts.br
- fusioncharts/3.15.0/fusioncharts.vml.d.ts.gz
- fusioncharts/3.15.0/fusioncharts.vml.js.br
- fusioncharts/3.15.0/fusioncharts.vml.js.gz
- fusioncharts/3.15.0/fusioncharts.vml.min.js.br
- fusioncharts/3.15.0/fusioncharts.vml.min.js.gz
- fusioncharts/3.15.0/fusioncharts.widgets.d.ts.br
- fusioncharts/3.15.0/fusioncharts.widgets.d.ts.gz
- fusioncharts/3.15.0/fusioncharts.widgets.js.br
- fusioncharts/3.15.0/fusioncharts.widgets.js.gz
- fusioncharts/3.15.0/fusioncharts.widgets.min.js.br
- fusioncharts/3.15.0/fusioncharts.widgets.min.js.gz
- fusioncharts/3.15.0/fusioncharts.zoomline.d.ts.br
- fusioncharts/3.15.0/fusioncharts.zoomline.d.ts.gz
- fusioncharts/3.15.0/fusioncharts.zoomline.js.br
- fusioncharts/3.15.0/fusioncharts.zoomline.js.gz
- fusioncharts/3.15.0/fusioncharts.zoomline.min.js.br
- fusioncharts/3.15.0/fusioncharts.zoomline.min.js.gz
- fusioncharts/3.15.0/fusioncharts.zoomscatter.d.ts.br
- fusioncharts/3.15.0/fusioncharts.zoomscatter.d.ts.gz
- fusioncharts/3.15.0/fusioncharts.zoomscatter.js.br
- fusioncharts/3.15.0/fusioncharts.zoomscatter.js.gz
- fusioncharts/3.15.0/fusioncharts.zoomscatter.min.js.br
- fusioncharts/3.15.0/fusioncharts.zoomscatter.min.js.gz
SRIs:
- fusioncharts/3.15.0/fusioncharts.msstackedcolumn2dsplinedy.js: sha512-cpEZ0htBjTbpr2+I456i+OWKhi6FAqvqbAVMaISuS95CsclgCqD7EpGsHCFq6WqhjeBfLnmwXwDxM8aapfIhsQ==
- fusioncharts/3.15.0/fusioncharts.overlappedcolumn2d.js: sha512-sMnGj0tZbQWP+ploaMZ0vvqqe9ndwSsg2extw4I7GxuZytsrqR3uR3ReYhWpruYuIvxWMr1236nWGB3kfxwBgQ==
- fusioncharts/3.15.0/fusioncharts.vml.min.js: sha512-no5GYIgXGeHNpj/MtQAxMsy0qjssvdWrBuvIS08rmaNboYTlfm4dvX0SKTQBEo7OrzOBGv1V66lnwmGGGf71XQ==
- fusioncharts/3.15.0/fusioncharts.gantt.min.js: sha512-46BgpO3RUPBYCmFmFbc8K5PXOETaw4fSGFPgea9RjI+JW7gCXeSTL5fM5IrfHm9xHMEL2E051Xqp/9ZJwAEoSg==
- fusioncharts/3.15.0/fusioncharts.maps.js: sha512-GKZQDMwM+crkBIbeDyz4ApZt+K190So+2ZQDHMPgUI34bozL/fvGXOXFVBQz3ymjJmqjbWD58BgKP4w8ZKxfXQ==
- fusioncharts/3.15.0/fusioncharts.vml.js: sha512-nXQ28ypu/ZaLPRZV93XVeNitPVgS5/zOLBJueYnjM7ZdIp1uZa796/WWQ1Q2e1vxaP5utQ03PC/fDvnQjZoBXA==
- fusioncharts/3.15.0/fusioncharts.min.js: sha512-8l+LfGCcc9MShgMLZyk81SSxkcTlw1WfrguFUz178e7DPDFdNguKKeZXfD92Xyu9pof8rrV9AcjJDC1m3ycBNw==
- fusioncharts/3.15.0/fusioncharts.overlappedbar2d.js: sha512-7n01BkUvrOHaT/jNLtxHGyWHKvg/i6y8he7Fmw9NJNRkLYgLrYExYL2QaDgCIWhgZJfTcDtlXG+SwSyB2C+pxA==
- fusioncharts/3.15.0/fusioncharts.powercharts.js: sha512-SAav77joQdJgVC5aiwFU44mCDgV9ZCNfvxu7wlyr4AM/rFVspXRPZ4w0ryj/LLaiLQzzQiXJGgeQBM5ayUu1mg==
- fusioncharts/3.15.0/fusioncharts.treemap.js: sha512-plaF+ES5zF2lPnZLnNlqDVBtatD0++T9C2VswwnBICL4p5z6g3Rb2jHfFpHDDmkPsgvhc2lkDPyr9FsqFUlUWQ==
- fusioncharts/3.15.0/fusioncharts.widgets.js: sha512-ZeB2o6hzGYPZTLTRFDVp5+x9Qa7u9ZfC8Ey5JGLCYCvGjzOvt99FaO3AkTeNYa+B9S6j0OAfaLdm6cYrORb/jQ==
- fusioncharts/3.15.0/fusioncharts.zoomscatter.js: sha512-ak6kYC6ULNQoQdg+6MSKp99bSt1zszxlrn5lLiVT/LDcjyHiQFm0iUmEKsoILmsNKvXyWpQNFKnILlRQKSkQUA==
- fusioncharts/3.15.0/fusioncharts.powercharts.min.js: sha512-+7nqWUagS+/yW02FKB+13qwlCbasGJqiXyr52H1PWwlJSDQ79uTUishutpcVoQPWuY2F0NfjVtKAbyHXMWV9jA==
- fusioncharts/3.15.0/fusioncharts.timeseries.js: sha512-GCeWJ5y+Mmu9dAI5Gu+QLpd+rUapmHdoOtRW71QxAdSety11Tn8SrNOTVYfwWeiHS4fj4/kfsU+u8KbxH8iOAA==
- fusioncharts/3.15.0/fusioncharts.timeseries.min.js: sha512-KZefZdI4mauxvZCZpYYO0Y9yd92VX/s8+LP6zM0CLnBHrKlycERzWiD0xoefWwNZuwAMsO2IN4amF7PoISJAGQ==
- fusioncharts/3.15.0/fusioncharts.js: sha512-aKNmglJ7ZYM4GfecMGdB7SHSgHKildn+EYP8h+4d+gN7TSDFYITvngWeEJc89WdbA1YVEAa3GPfrr4nHEXelMA==
- fusioncharts/3.15.0/fusioncharts.maps.min.js: sha512-+Ps1SoQv6vJgOI6hp4tMHT0wr/IAZsEUYApQBkZjl+TrYy0xWQDeUwCTvQy5AxkNgNOmaGLXRMH8+zEIFuMj+w==
- fusioncharts/3.15.0/fusioncharts.msstackedcolumn2dsplinedy.min.js: sha512-iRK7JOzIoPwAwgWBE37a9PRnICd1WPUaZgEwxlqjE1dzFkkuzRLDPewuiGPXS1dv7Hz7N2tBR2SOUoOZ5o7Ubg==
- fusioncharts/3.15.0/fusioncharts.gantt.js: sha512-O6BQkhJuhzfQJlpJVYou/usrn/BsHgLPxq/FMhTL0KGseX0zSBhYFNCHg5jGF4fWmkHNw3FNuu+q3u5sNRUEPw==
- fusioncharts/3.15.0/fusioncharts.overlappedbar2d.min.js: sha512-QGsBHt6S/UlzSKO5DZIYARqeFZ5He74ot16eq7VcufbEprJwCM4uuwliaomM/FK+8BarwY+Y1PGZmWNzteH7nA==
- fusioncharts/3.15.0/fusioncharts.treemap.min.js: sha512-0S5kYyLtBJSweK0TihjLZqn8wZ0NkRf0uH/ul94JbI9CUKf8HNJEtNBCLJJKR2ZWZF2wFF1QZmkCeyHg0I3mZQ==
- fusioncharts/3.15.0/fusioncharts.zoomline.js: sha512-R390QVsf8SeiaP6i7CBU1/e8JC/puXBCQahKJ076hlwnjqU1zNR8aeV+qr21hJxCPc4S8zcSUc8f74u5lnsGmA==
- fusioncharts/3.15.0/fusioncharts.zoomline.min.js: sha512-JolJYsKfPJs9Ri4Ss/wkrz2PA8aY8RfKjvARbv+unL0bKD35OIEPbq6r5HRm7WOZSiXKVPRQeq+k02NP/kywDA==
- fusioncharts/3.15.0/fusioncharts.charts.js: sha512-M+hp94QluU4iPj208WuliJ6Fp9Z0M1MD/y6sSywrvZl2NaSg1Rbc2IbSFDlKIBbOTFxYcAKTQmahHIFvGQVcMw==
- fusioncharts/3.15.0/fusioncharts.charts.min.js: sha512-xK9WWuqEoRZJsoYdYcbKZKJMJBULIaeJ/+wIZZGDEK2guBP65fCmY5elnGFPwZKizzn3btVovH4BCuappkMfwQ==
- fusioncharts/3.15.0/fusioncharts.excelexport.js: sha512-cxHH3C1VyhnZ+SM3xkaD4NrrhTx4LldCoCby4Wy4c5oEdocI/0VeDBAMFAby94Blhhzz3+Iryt79OOED9qEECA==
- fusioncharts/3.15.0/fusioncharts.zoomscatter.min.js: sha512-54wXq5esqL9n6C/UxrWTAqHODURqIZc0XWmakeJl3a8fbnFeu8TevysZu0pKIxkBxTcJ7uo/KNCtXRY+4vICnA==
- fusioncharts/3.15.0/fusioncharts.excelexport.min.js: sha512-ucZXOvTToNR83JGrDjq0+j6qxlKwoiXd9r+6hCcp4+Nu5pQV0Dlj5i66OtmvYUWj2ZYYcAGRQo7/gCznAvoNmg==
- fusioncharts/3.15.0/fusioncharts.overlappedcolumn2d.min.js: sha512-NLl7U0y6V28bjFVrCmdNLVl15SKjokOCiXeodh0ZrFeiMm2/eXOadbMI3BDgJE4YrQh3b4U7a5E7TlRUNx4KnA==
- fusioncharts/3.15.0/fusioncharts.widgets.min.js: sha512-yQ0jnJMxIc09fLQsvoFYRvtEYgpQYl1JNr+FkEypV2REXWs930pyiqpHf/Y1K083HEvY0StGAo7h0gbkntH46A==
