2024/03/04 21:32:37 optimizing files (Js true, Css true, Png true, Jpg true)
2024/03/04 21:32:37 /tmp/work/brython.min.js already has corresponding compressed file
2024/03/04 21:32:37 /tmp/work/brython.min.js is already compressed
2024/03/04 21:32:37 compress: run /node_modules/uglify-js/bin/uglifyjs (3.15.4) [--mangle --compress if_return=true -o /tmp/work/brython_stdlib.min.js /tmp/work/brython_stdlib.js]
2024/03/04 21:32:37 sri /tmp/work/brython.js -> /output/brython.js.sri
2024/03/04 21:32:37 algorithm: run /usr/bin/brotli --quality=11 --output=/output/brython.js.br /tmp/work/brython.js
2024/03/04 21:32:37 sri /tmp/work/brython.min.js -> /output/brython.min.js.sri
2024/03/04 21:32:37 algorithm: run /usr/bin/brotli --quality=11 --output=/output/brython.min.js.br /tmp/work/brython.min.js
2024/03/04 21:32:40 sri /tmp/work/brython_stdlib.min.js -> /output/brython_stdlib.min.js.sri
2024/03/04 21:32:40 algorithm: run /usr/bin/brotli --quality=11 --output=/output/brython_stdlib.min.js.br /tmp/work/brython_stdlib.min.js
2024/03/04 21:32:41 br /tmp/work/brython.js -> /output/brython.js.br
2024/03/04 21:32:41 br /tmp/work/brython.min.js -> /output/brython.min.js.br
2024/03/04 21:32:41 gz /tmp/work/brython.js -> /output/brython.js.gz
2024/03/04 21:32:41 gz /tmp/work/brython.min.js -> /output/brython.min.js.gz
2024/03/04 21:32:51 br /tmp/work/brython_stdlib.min.js -> /output/brython_stdlib.min.js.br
2024/03/04 21:32:52 gz /tmp/work/brython_stdlib.min.js -> /output/brython_stdlib.min.js.gz
2024/03/04 21:32:52 sri /tmp/work/brython_stdlib.js -> /output/brython_stdlib.js.sri
2024/03/04 21:32:52 algorithm: run /usr/bin/brotli --quality=11 --output=/output/brython_stdlib.js.br /tmp/work/brython_stdlib.js
2024/03/04 21:33:03 br /tmp/work/brython_stdlib.js -> /output/brython_stdlib.js.br
2024/03/04 21:33:04 gz /tmp/work/brython_stdlib.js -> /output/brython_stdlib.js.gz
2024/03/04 21:33:04 processed brython
