config: {"authors":[{"name":"Google Inc."}],"autoupdate":{"source":"npm","target":"@fontsource/gurajada","fileMap":[{"basePath":"","files":["*.css","files/*.@(woff|woff2)"]}],"excludeFromSearch":true},"description":"Self-host the Gurajada font in a neatly bundled NPM package.","filename":"index.css","homepage":"https://fontsource.org/fonts/gurajada","keywords":["fontsource","font","font family","google fonts","gurajada","Gurajada","css","sass","front-end","web","typeface","variable"],"license":"OFL-1.1","name":"fontsource-gurajada","repository":{"type":"git","url":"git+https://github.com/fontsource/font-files.git"},"author":"Google Inc."}
KV keys:
- fontsource-gurajada/5.0.2/400.css.br
- fontsource-gurajada/5.0.2/400.css.gz
- fontsource-gurajada/5.0.2/400.min.css.br
- fontsource-gurajada/5.0.2/400.min.css.gz
- fontsource-gurajada/5.0.2/files/gurajada-latin-400-normal.woff.br
- fontsource-gurajada/5.0.2/files/gurajada-latin-400-normal.woff.gz
- fontsource-gurajada/5.0.2/files/gurajada-latin-400-normal.woff2
- fontsource-gurajada/5.0.2/files/gurajada-telugu-400-normal.woff.br
- fontsource-gurajada/5.0.2/files/gurajada-telugu-400-normal.woff.gz
- fontsource-gurajada/5.0.2/files/gurajada-telugu-400-normal.woff2
- fontsource-gurajada/5.0.2/index.css.br
- fontsource-gurajada/5.0.2/index.css.gz
- fontsource-gurajada/5.0.2/index.min.css.br
- fontsource-gurajada/5.0.2/index.min.css.gz
- fontsource-gurajada/5.0.2/latin-400.css.br
- fontsource-gurajada/5.0.2/latin-400.css.gz
- fontsource-gurajada/5.0.2/latin-400.min.css.br
- fontsource-gurajada/5.0.2/latin-400.min.css.gz
- fontsource-gurajada/5.0.2/latin.css.br
- fontsource-gurajada/5.0.2/latin.css.gz
- fontsource-gurajada/5.0.2/latin.min.css.br
- fontsource-gurajada/5.0.2/latin.min.css.gz
- fontsource-gurajada/5.0.2/telugu-400.css.br
- fontsource-gurajada/5.0.2/telugu-400.css.gz
- fontsource-gurajada/5.0.2/telugu-400.min.css.br
- fontsource-gurajada/5.0.2/telugu-400.min.css.gz
- fontsource-gurajada/5.0.2/telugu.css.br
- fontsource-gurajada/5.0.2/telugu.css.gz
- fontsource-gurajada/5.0.2/telugu.min.css.br
- fontsource-gurajada/5.0.2/telugu.min.css.gz
SRIs:
- fontsource-gurajada/5.0.2/index.css: sha512-/V+aqPFwHVmoWEHXem6ln7Ztni6xb2+BHBfyTyZFDaNkOSlSWlHNIjnE6F+ptuKhOx4qkl6V1g1wKzDPNLDQhA==
- fontsource-gurajada/5.0.2/index.min.css: sha512-JZnT1pqo9uKkRiYEbfK9l2Eo+3G1v8q2KBaOoo/ly+I4Ulhz3sR60OujOm1IGsiN8xheu0kUWyy0wbliAre9Iw==
- fontsource-gurajada/5.0.2/latin.min.css: sha512-v64PaadJ8lnQ6GhAlNMrEQ3MqMe5waIVDomqqQiPGUJOArJQNu8t5oiL6qV1U2fQPO2DzCx4Ct0bg4ngvruMTw==
- fontsource-gurajada/5.0.2/telugu-400.css: sha512-/jA/qAFz5P/8aNWM5BriQdBhsS/wkaCK9NWtz9THCIzPZo1Sx6TRryIcpLRFJnkYLeTTr5HUjpobrtNElGuuVA==
- fontsource-gurajada/5.0.2/telugu.css: sha512-/jA/qAFz5P/8aNWM5BriQdBhsS/wkaCK9NWtz9THCIzPZo1Sx6TRryIcpLRFJnkYLeTTr5HUjpobrtNElGuuVA==
- fontsource-gurajada/5.0.2/400.css: sha512-/V+aqPFwHVmoWEHXem6ln7Ztni6xb2+BHBfyTyZFDaNkOSlSWlHNIjnE6F+ptuKhOx4qkl6V1g1wKzDPNLDQhA==
- fontsource-gurajada/5.0.2/400.min.css: sha512-JZnT1pqo9uKkRiYEbfK9l2Eo+3G1v8q2KBaOoo/ly+I4Ulhz3sR60OujOm1IGsiN8xheu0kUWyy0wbliAre9Iw==
- fontsource-gurajada/5.0.2/latin.css: sha512-NJ9hE0WKixBmBPO4AN1YoM066nWdQv7fvzAba1/uPiMH4qr5QpPbRehDazHpVIBNTjyDBiS6iyezL/qGkfvl1g==
- fontsource-gurajada/5.0.2/telugu-400.min.css: sha512-RbE4uIVb+Bn65VIAABVAdKb+ZLM5nvjB5aQKPynRiJ3XRcVswcEXyj9l/vrkKrHO2xTt8CId7P+f9pwijfv9ww==
- fontsource-gurajada/5.0.2/telugu.min.css: sha512-RbE4uIVb+Bn65VIAABVAdKb+ZLM5nvjB5aQKPynRiJ3XRcVswcEXyj9l/vrkKrHO2xTt8CId7P+f9pwijfv9ww==
- fontsource-gurajada/5.0.2/latin-400.css: sha512-NJ9hE0WKixBmBPO4AN1YoM066nWdQv7fvzAba1/uPiMH4qr5QpPbRehDazHpVIBNTjyDBiS6iyezL/qGkfvl1g==
- fontsource-gurajada/5.0.2/latin-400.min.css: sha512-v64PaadJ8lnQ6GhAlNMrEQ3MqMe5waIVDomqqQiPGUJOArJQNu8t5oiL6qV1U2fQPO2DzCx4Ct0bg4ngvruMTw==
