2022/04/26 15:37:59 optimizing files (Js true, Css true, Png true, Jpg true)
2022/04/26 15:37:59 /tmp/work/build/bundle.debug.min.js is already compressed
2022/04/26 15:37:59 /tmp/work/build/bundle.es6.min.js already has corresponding compressed file
2022/04/26 15:37:59 /tmp/work/build/bundle.es6.debug.min.js is already compressed
2022/04/26 15:37:59 /tmp/work/build/bundle.es6.min.js is already compressed
2022/04/26 15:37:59 /tmp/work/build/bundle.min.js already has corresponding compressed file
2022/04/26 15:37:59 /tmp/work/build/bundle.min.js is already compressed
2022/04/26 15:37:59 sri /tmp/work/build/bundle.es6.min.js -> /output/bundle.es6.min.js.sri
2022/04/26 15:37:59 sri /tmp/work/build/bundle.es6.debug.min.js -> /output/bundle.es6.debug.min.js.sri
2022/04/26 15:37:59 sri /tmp/work/build/bundle.debug.min.js -> /output/bundle.debug.min.js.sri
2022/04/26 15:37:59 algorithm: run /usr/bin/brotli --quality=11 --output=/output/bundle.es6.debug.min.js.br /tmp/work/build/bundle.es6.debug.min.js
2022/04/26 15:37:59 sri /tmp/work/build/bundle.min.js -> /output/bundle.min.js.sri
2022/04/26 15:37:59 sri /tmp/work/build/bundle.es6.js -> /output/bundle.es6.js.sri
2022/04/26 15:37:59 sri /tmp/work/build/bundle.js -> /output/bundle.js.sri
2022/04/26 15:37:59 algorithm: run /usr/bin/brotli --quality=11 --output=/output/bundle.min.js.br /tmp/work/build/bundle.min.js
2022/04/26 15:37:59 algorithm: run /usr/bin/brotli --quality=11 --output=/output/bundle.debug.min.js.br /tmp/work/build/bundle.debug.min.js
2022/04/26 15:37:59 algorithm: run /usr/bin/brotli --quality=11 --output=/output/bundle.es6.min.js.br /tmp/work/build/bundle.es6.min.js
2022/04/26 15:37:59 algorithm: run /usr/bin/brotli --quality=11 --output=/output/bundle.es6.js.br /tmp/work/build/bundle.es6.js
2022/04/26 15:37:59 algorithm: run /usr/bin/brotli --quality=11 --output=/output/bundle.js.br /tmp/work/build/bundle.js
2022/04/26 15:37:59 br /tmp/work/build/bundle.min.js -> /output/bundle.min.js.br
2022/04/26 15:37:59 gz /tmp/work/build/bundle.min.js -> /output/bundle.min.js.gz
2022/04/26 15:37:59 br /tmp/work/build/bundle.debug.min.js -> /output/bundle.debug.min.js.br
2022/04/26 15:37:59 gz /tmp/work/build/bundle.debug.min.js -> /output/bundle.debug.min.js.gz
2022/04/26 15:37:59 br /tmp/work/build/bundle.es6.min.js -> /output/bundle.es6.min.js.br
2022/04/26 15:37:59 gz /tmp/work/build/bundle.es6.min.js -> /output/bundle.es6.min.js.gz
2022/04/26 15:37:59 br /tmp/work/build/bundle.es6.debug.min.js -> /output/bundle.es6.debug.min.js.br
2022/04/26 15:37:59 gz /tmp/work/build/bundle.es6.debug.min.js -> /output/bundle.es6.debug.min.js.gz
2022/04/26 15:38:00 br /tmp/work/build/bundle.es6.js -> /output/bundle.es6.js.br
2022/04/26 15:38:00 gz /tmp/work/build/bundle.es6.js -> /output/bundle.es6.js.gz
2022/04/26 15:38:00 br /tmp/work/build/bundle.js -> /output/bundle.js.br
2022/04/26 15:38:00 gz /tmp/work/build/bundle.js -> /output/bundle.js.gz
2022/04/26 15:38:00 processed sentry-browser
