2021/09/15 18:04:46 optimizing files (Js true, Css true, Png true, Jpg true)
2021/09/15 18:04:46 compress: run /node_modules/uglify-js/bin/uglifyjs --mangle --compress if_return=true -o /tmp/work/bundles/core.umd.min.js /tmp/work/bundles/core.umd.js
2021/09/15 18:04:46 algorithm: run /usr/bin/brotli --quality=11 --output=/output/core-testing.umd.js.map.br /tmp/work/bundles/core-testing.umd.js.map
2021/09/15 18:04:46 algorithm: run /usr/bin/brotli --quality=11 --output=/output/core.umd.js.map.br /tmp/work/bundles/core.umd.js.map
2021/09/15 18:04:46 compress: run /node_modules/uglify-js/bin/uglifyjs --mangle --compress if_return=true -o /tmp/work/bundles/core-testing.umd.min.js /tmp/work/bundles/core-testing.umd.js
2021/09/15 18:04:46 br /tmp/work/bundles/core-testing.umd.js.map -> /output/core-testing.umd.js.map.br
2021/09/15 18:04:46 gz /tmp/work/bundles/core-testing.umd.js.map -> /output/core-testing.umd.js.map.gz
2021/09/15 18:04:47 sri /tmp/work/bundles/core-testing.umd.min.js -> /output/core-testing.umd.min.js.sri
2021/09/15 18:04:47 algorithm: run /usr/bin/brotli --quality=11 --output=/output/core-testing.umd.min.js.br /tmp/work/bundles/core-testing.umd.min.js
2021/09/15 18:04:48 br /tmp/work/bundles/core-testing.umd.min.js -> /output/core-testing.umd.min.js.br
2021/09/15 18:04:48 gz /tmp/work/bundles/core-testing.umd.min.js -> /output/core-testing.umd.min.js.gz
2021/09/15 18:04:48 sri /tmp/work/bundles/core-testing.umd.js -> /output/core-testing.umd.js.sri
2021/09/15 18:04:48 algorithm: run /usr/bin/brotli --quality=11 --output=/output/core-testing.umd.js.br /tmp/work/bundles/core-testing.umd.js
2021/09/15 18:04:48 br /tmp/work/bundles/core-testing.umd.js -> /output/core-testing.umd.js.br
2021/09/15 18:04:48 gz /tmp/work/bundles/core-testing.umd.js -> /output/core-testing.umd.js.gz
2021/09/15 18:04:52 br /tmp/work/bundles/core.umd.js.map -> /output/core.umd.js.map.br
2021/09/15 18:04:52 gz /tmp/work/bundles/core.umd.js.map -> /output/core.umd.js.map.gz
2021/09/15 18:04:54 sri /tmp/work/bundles/core.umd.min.js -> /output/core.umd.min.js.sri
2021/09/15 18:04:54 algorithm: run /usr/bin/brotli --quality=11 --output=/output/core.umd.min.js.br /tmp/work/bundles/core.umd.min.js
2021/09/15 18:04:54 br /tmp/work/bundles/core.umd.min.js -> /output/core.umd.min.js.br
2021/09/15 18:04:54 gz /tmp/work/bundles/core.umd.min.js -> /output/core.umd.min.js.gz
2021/09/15 18:04:54 sri /tmp/work/bundles/core.umd.js -> /output/core.umd.js.sri
2021/09/15 18:04:54 algorithm: run /usr/bin/brotli --quality=11 --output=/output/core.umd.js.br /tmp/work/bundles/core.umd.js
2021/09/15 18:04:58 br /tmp/work/bundles/core.umd.js -> /output/core.umd.js.br
2021/09/15 18:04:58 gz /tmp/work/bundles/core.umd.js -> /output/core.umd.js.gz
2021/09/15 18:04:58 processed angular
