Files:
- fontsource-tienne/5.1.0/400.css.br
- fontsource-tienne/5.1.0/400.css.gz
- fontsource-tienne/5.1.0/400.css.sri
- fontsource-tienne/5.1.0/400.min.css.br
- fontsource-tienne/5.1.0/400.min.css.gz
- fontsource-tienne/5.1.0/400.min.css.sri
- fontsource-tienne/5.1.0/700.css.br
- fontsource-tienne/5.1.0/700.css.gz
- fontsource-tienne/5.1.0/700.css.sri
- fontsource-tienne/5.1.0/700.min.css.br
- fontsource-tienne/5.1.0/700.min.css.gz
- fontsource-tienne/5.1.0/700.min.css.sri
- fontsource-tienne/5.1.0/900.css.br
- fontsource-tienne/5.1.0/900.css.gz
- fontsource-tienne/5.1.0/900.css.sri
- fontsource-tienne/5.1.0/900.min.css.br
- fontsource-tienne/5.1.0/900.min.css.gz
- fontsource-tienne/5.1.0/900.min.css.sri
- fontsource-tienne/5.1.0/files/tienne-latin-400-normal.woff.br
- fontsource-tienne/5.1.0/files/tienne-latin-400-normal.woff.gz
- fontsource-tienne/5.1.0/files/tienne-latin-400-normal.woff2
- fontsource-tienne/5.1.0/files/tienne-latin-700-normal.woff.br
- fontsource-tienne/5.1.0/files/tienne-latin-700-normal.woff.gz
- fontsource-tienne/5.1.0/files/tienne-latin-700-normal.woff2
- fontsource-tienne/5.1.0/files/tienne-latin-900-normal.woff.br
- fontsource-tienne/5.1.0/files/tienne-latin-900-normal.woff.gz
- fontsource-tienne/5.1.0/files/tienne-latin-900-normal.woff2
- fontsource-tienne/5.1.0/index.css.br
- fontsource-tienne/5.1.0/index.css.gz
- fontsource-tienne/5.1.0/index.css.sri
- fontsource-tienne/5.1.0/index.min.css.br
- fontsource-tienne/5.1.0/index.min.css.gz
- fontsource-tienne/5.1.0/index.min.css.sri
- fontsource-tienne/5.1.0/latin-400.css.br
- fontsource-tienne/5.1.0/latin-400.css.gz
- fontsource-tienne/5.1.0/latin-400.css.sri
- fontsource-tienne/5.1.0/latin-400.min.css.br
- fontsource-tienne/5.1.0/latin-400.min.css.gz
- fontsource-tienne/5.1.0/latin-400.min.css.sri
- fontsource-tienne/5.1.0/latin-700.css.br
- fontsource-tienne/5.1.0/latin-700.css.gz
- fontsource-tienne/5.1.0/latin-700.css.sri
- fontsource-tienne/5.1.0/latin-700.min.css.br
- fontsource-tienne/5.1.0/latin-700.min.css.gz
- fontsource-tienne/5.1.0/latin-700.min.css.sri
- fontsource-tienne/5.1.0/latin-900.css.br
- fontsource-tienne/5.1.0/latin-900.css.gz
- fontsource-tienne/5.1.0/latin-900.css.sri
- fontsource-tienne/5.1.0/latin-900.min.css.br
- fontsource-tienne/5.1.0/latin-900.min.css.gz
- fontsource-tienne/5.1.0/latin-900.min.css.sri
- fontsource-tienne/5.1.0/latin.css.br
- fontsource-tienne/5.1.0/latin.css.gz
- fontsource-tienne/5.1.0/latin.css.sri
- fontsource-tienne/5.1.0/latin.min.css.br
- fontsource-tienne/5.1.0/latin.min.css.gz
- fontsource-tienne/5.1.0/latin.min.css.sri
