Files:
- fontsource-noto-sans-batak/5.0.5/400.css.br
- fontsource-noto-sans-batak/5.0.5/400.min.css.br
- fontsource-noto-sans-batak/5.0.5/batak-400.css.br
- fontsource-noto-sans-batak/5.0.5/batak-400.min.css.br
- fontsource-noto-sans-batak/5.0.5/batak.css.br
- fontsource-noto-sans-batak/5.0.5/batak.min.css.br
- fontsource-noto-sans-batak/5.0.5/files/noto-sans-batak-batak-400-normal.woff.br
- fontsource-noto-sans-batak/5.0.5/files/noto-sans-batak-latin-400-normal.woff.br
- fontsource-noto-sans-batak/5.0.5/files/noto-sans-batak-latin-ext-400-normal.woff.br
- fontsource-noto-sans-batak/5.0.5/index.css.br
- fontsource-noto-sans-batak/5.0.5/index.min.css.br
- fontsource-noto-sans-batak/5.0.5/latin-400.css.br
- fontsource-noto-sans-batak/5.0.5/latin-400.min.css.br
- fontsource-noto-sans-batak/5.0.5/latin-ext-400.css.br
- fontsource-noto-sans-batak/5.0.5/latin-ext-400.min.css.br
- fontsource-noto-sans-batak/5.0.5/latin-ext.css.br
- fontsource-noto-sans-batak/5.0.5/latin-ext.min.css.br
- fontsource-noto-sans-batak/5.0.5/latin.css.br
- fontsource-noto-sans-batak/5.0.5/latin.min.css.br
