config: {"authors":[{"name":"NAVER Corp."}],"autoupdate":{"source":"npm","target":"billboard.js","fileMap":[{"basePath":"dist","files":["**/*"]}]},"description":"Re-usable easy interface JavaScript chart library, based on D3 v4+","filename":"billboard.min.js","homepage":"https://naver.github.io/billboard.js/","keywords":["d3","chart","graph","svg"],"license":"MIT","name":"billboard.js","repository":{"type":"git","url":"https://github.com/naver/billboard.js"},"author":"NAVER Corp."}
KV keys:
- billboard.js/3.12.0-next.2/billboard.css.br
- billboard.js/3.12.0-next.2/billboard.css.gz
- billboard.js/3.12.0-next.2/billboard.js.br
- billboard.js/3.12.0-next.2/billboard.js.gz
- billboard.js/3.12.0-next.2/billboard.min.css.br
- billboard.js/3.12.0-next.2/billboard.min.css.gz
- billboard.js/3.12.0-next.2/billboard.min.js.br
- billboard.js/3.12.0-next.2/billboard.min.js.gz
- billboard.js/3.12.0-next.2/billboard.pkgd.js.br
- billboard.js/3.12.0-next.2/billboard.pkgd.js.gz
- billboard.js/3.12.0-next.2/billboard.pkgd.min.js.br
- billboard.js/3.12.0-next.2/billboard.pkgd.min.js.gz
- billboard.js/3.12.0-next.2/package.json.br
- billboard.js/3.12.0-next.2/package.json.gz
- billboard.js/3.12.0-next.2/plugin/billboardjs-plugin-bubblecompare.d.ts.br
- billboard.js/3.12.0-next.2/plugin/billboardjs-plugin-bubblecompare.d.ts.gz
- billboard.js/3.12.0-next.2/plugin/billboardjs-plugin-bubblecompare.js.br
- billboard.js/3.12.0-next.2/plugin/billboardjs-plugin-bubblecompare.js.gz
- billboard.js/3.12.0-next.2/plugin/billboardjs-plugin-bubblecompare.min.js.br
- billboard.js/3.12.0-next.2/plugin/billboardjs-plugin-bubblecompare.min.js.gz
- billboard.js/3.12.0-next.2/plugin/billboardjs-plugin-sparkline.d.ts.br
- billboard.js/3.12.0-next.2/plugin/billboardjs-plugin-sparkline.d.ts.gz
- billboard.js/3.12.0-next.2/plugin/billboardjs-plugin-sparkline.js.br
- billboard.js/3.12.0-next.2/plugin/billboardjs-plugin-sparkline.js.gz
- billboard.js/3.12.0-next.2/plugin/billboardjs-plugin-sparkline.min.js.br
- billboard.js/3.12.0-next.2/plugin/billboardjs-plugin-sparkline.min.js.gz
- billboard.js/3.12.0-next.2/plugin/billboardjs-plugin-stanford.d.ts.br
- billboard.js/3.12.0-next.2/plugin/billboardjs-plugin-stanford.d.ts.gz
- billboard.js/3.12.0-next.2/plugin/billboardjs-plugin-stanford.js.br
- billboard.js/3.12.0-next.2/plugin/billboardjs-plugin-stanford.js.gz
- billboard.js/3.12.0-next.2/plugin/billboardjs-plugin-stanford.min.js.br
- billboard.js/3.12.0-next.2/plugin/billboardjs-plugin-stanford.min.js.gz
- billboard.js/3.12.0-next.2/plugin/billboardjs-plugin-tableview.d.ts.br
- billboard.js/3.12.0-next.2/plugin/billboardjs-plugin-tableview.d.ts.gz
- billboard.js/3.12.0-next.2/plugin/billboardjs-plugin-tableview.js.br
- billboard.js/3.12.0-next.2/plugin/billboardjs-plugin-tableview.js.gz
- billboard.js/3.12.0-next.2/plugin/billboardjs-plugin-tableview.min.js.br
- billboard.js/3.12.0-next.2/plugin/billboardjs-plugin-tableview.min.js.gz
- billboard.js/3.12.0-next.2/plugin/billboardjs-plugin-textoverlap.d.ts.br
- billboard.js/3.12.0-next.2/plugin/billboardjs-plugin-textoverlap.d.ts.gz
- billboard.js/3.12.0-next.2/plugin/billboardjs-plugin-textoverlap.js.br
- billboard.js/3.12.0-next.2/plugin/billboardjs-plugin-textoverlap.js.gz
- billboard.js/3.12.0-next.2/plugin/billboardjs-plugin-textoverlap.min.js.br
- billboard.js/3.12.0-next.2/plugin/billboardjs-plugin-textoverlap.min.js.gz
- billboard.js/3.12.0-next.2/plugin/pkgd/billboardjs-plugin-bubblecompare.pkgd.js.br
- billboard.js/3.12.0-next.2/plugin/pkgd/billboardjs-plugin-bubblecompare.pkgd.js.gz
- billboard.js/3.12.0-next.2/plugin/pkgd/billboardjs-plugin-bubblecompare.pkgd.min.js.br
- billboard.js/3.12.0-next.2/plugin/pkgd/billboardjs-plugin-bubblecompare.pkgd.min.js.gz
- billboard.js/3.12.0-next.2/plugin/pkgd/billboardjs-plugin-sparkline.pkgd.js.br
- billboard.js/3.12.0-next.2/plugin/pkgd/billboardjs-plugin-sparkline.pkgd.js.gz
- billboard.js/3.12.0-next.2/plugin/pkgd/billboardjs-plugin-sparkline.pkgd.min.js.br
- billboard.js/3.12.0-next.2/plugin/pkgd/billboardjs-plugin-sparkline.pkgd.min.js.gz
- billboard.js/3.12.0-next.2/plugin/pkgd/billboardjs-plugin-stanford.pkgd.js.br
- billboard.js/3.12.0-next.2/plugin/pkgd/billboardjs-plugin-stanford.pkgd.js.gz
- billboard.js/3.12.0-next.2/plugin/pkgd/billboardjs-plugin-stanford.pkgd.min.js.br
- billboard.js/3.12.0-next.2/plugin/pkgd/billboardjs-plugin-stanford.pkgd.min.js.gz
- billboard.js/3.12.0-next.2/plugin/pkgd/billboardjs-plugin-tableview.pkgd.js.br
- billboard.js/3.12.0-next.2/plugin/pkgd/billboardjs-plugin-tableview.pkgd.js.gz
- billboard.js/3.12.0-next.2/plugin/pkgd/billboardjs-plugin-tableview.pkgd.min.js.br
- billboard.js/3.12.0-next.2/plugin/pkgd/billboardjs-plugin-tableview.pkgd.min.js.gz
- billboard.js/3.12.0-next.2/plugin/pkgd/billboardjs-plugin-textoverlap.pkgd.js.br
- billboard.js/3.12.0-next.2/plugin/pkgd/billboardjs-plugin-textoverlap.pkgd.js.gz
- billboard.js/3.12.0-next.2/plugin/pkgd/billboardjs-plugin-textoverlap.pkgd.min.js.br
- billboard.js/3.12.0-next.2/plugin/pkgd/billboardjs-plugin-textoverlap.pkgd.min.js.gz
- billboard.js/3.12.0-next.2/theme/dark.css.br
- billboard.js/3.12.0-next.2/theme/dark.css.gz
- billboard.js/3.12.0-next.2/theme/dark.min.css.br
- billboard.js/3.12.0-next.2/theme/dark.min.css.gz
- billboard.js/3.12.0-next.2/theme/datalab.css.br
- billboard.js/3.12.0-next.2/theme/datalab.css.gz
- billboard.js/3.12.0-next.2/theme/datalab.min.css.br
- billboard.js/3.12.0-next.2/theme/datalab.min.css.gz
- billboard.js/3.12.0-next.2/theme/graph.css.br
- billboard.js/3.12.0-next.2/theme/graph.css.gz
- billboard.js/3.12.0-next.2/theme/graph.min.css.br
- billboard.js/3.12.0-next.2/theme/graph.min.css.gz
- billboard.js/3.12.0-next.2/theme/insight.css.br
- billboard.js/3.12.0-next.2/theme/insight.css.gz
- billboard.js/3.12.0-next.2/theme/insight.min.css.br
- billboard.js/3.12.0-next.2/theme/insight.min.css.gz
- billboard.js/3.12.0-next.2/theme/modern.css.br
- billboard.js/3.12.0-next.2/theme/modern.css.gz
- billboard.js/3.12.0-next.2/theme/modern.min.css.br
- billboard.js/3.12.0-next.2/theme/modern.min.css.gz
SRIs:
- billboard.js/3.12.0-next.2/plugin/billboardjs-plugin-stanford.js: sha512-7LGMOtqpiBeevgX25EQqg8rsLXybqePWeYq37KnYO/Cf7j+vV8rcsc3mpjC8J7rcqp/eW/BYVOBYc4ul0a21LQ==
- billboard.js/3.12.0-next.2/plugin/pkgd/billboardjs-plugin-sparkline.pkgd.min.js: sha512-C6rTFDWNMGzwiIHE4eQ5WVDZNWbFtQQk/CJrVWwbIu3S2sqF0JV6dABVHSllj6V9z29jws0UVgEVQLVvs58UMQ==
- billboard.js/3.12.0-next.2/plugin/pkgd/billboardjs-plugin-tableview.pkgd.js: sha512-B8v3i9jqpFwbLyCtd47mSZkCtlLSRU+em90upxy5V6TxX8sZQn4XME/VmCUSPurKLMI8sOlD5t41fGF9H8tAhA==
- billboard.js/3.12.0-next.2/billboard.min.css: sha512-iSWZd6x4/U4lybjsS9iH5aTFvF5gD152OakyFsGqMbykBfUxxVZD8ndc9URp4N3h8GTcHySQleHuv+GilpHh9Q==
- billboard.js/3.12.0-next.2/plugin/pkgd/billboardjs-plugin-bubblecompare.pkgd.js: sha512-CETosA45F/2hfLtxeUFG42EajtBf58Y7Y8SAdmV/0kuTCRCG8JR3AwOlzLnzPnLZ8E1WRKnGve5soxY1vrDV6Q==
- billboard.js/3.12.0-next.2/plugin/pkgd/billboardjs-plugin-stanford.pkgd.js: sha512-yv2Z1XNnn71/ao7cbUxl+vwxIsaKWixjdzRNFQVgkoC0Eyp1samu8p4Yc8imvLm67yf3mbmDxEUrNbUhxWuiyA==
- billboard.js/3.12.0-next.2/theme/datalab.css: sha512-C++Ng79MVRIZ62qHZpTedl8uf8qi8ULb3e41iwdJdYX2mItag6qiWQKn0hJkj98P5Yl9bWVzmEFCdzOCAXW1iw==
- billboard.js/3.12.0-next.2/theme/graph.css: sha512-RrVJspR+xIUhfzWh2VdCBOnw903iNKxxunVTYRmef9ExYQR79x2XhbcLojehlDLgXNinh9GjcMRsSO2wKI0mKw==
- billboard.js/3.12.0-next.2/theme/modern.min.css: sha512-Ei7h/a24C5KogAllgPz8woFDHd0z4/fKrUPtGZffmX4nUJArjRChSzQQRh8mvYAvgY0JZ5OPNWUcCPVsTcs9kQ==
- billboard.js/3.12.0-next.2/plugin/billboardjs-plugin-stanford.min.js: sha512-VNAyhg+zgm9AA4jdo1s1u3io5CZkB9GAYaJEm+g67ZyLHZxD9K4amaX/1wrQadbuVxCzhhiaDVjS/0Ou2CL99w==
- billboard.js/3.12.0-next.2/plugin/billboardjs-plugin-sparkline.js: sha512-SS8dClG33xjWwOFHoS7xAD/Gb/uKkc+UJGJmsH+I7Ho9GkS/c25tblW5DbNGMtMMapHEhtGhv0NYDjT42NojxQ==
- billboard.js/3.12.0-next.2/plugin/pkgd/billboardjs-plugin-stanford.pkgd.min.js: sha512-3l8bfamethT1TKGj4TX3kRex2jU4b4586H+zWrwAChw+gehm5TR6j7lc1zZ8OrdPbHqtvTHG1oIFAlHKf0uc9g==
- billboard.js/3.12.0-next.2/plugin/pkgd/billboardjs-plugin-tableview.pkgd.min.js: sha512-undd/2v59oQp9MPfBwbXKmQ0m3ImeD/eknoC5TDN8RomXsOy0oM63VsMZIT0p4pOl9dl79p+6y1LlbtERW64bA==
- billboard.js/3.12.0-next.2/theme/dark.min.css: sha512-mo7PzTklS6qXSjrP2JQTFJDBn8BzAKSZLylhw8LN8BWvldZUCMbH0nTCm+hY4HpEGu/ckTV/UG+QLKTT+7gGeg==
- billboard.js/3.12.0-next.2/plugin/billboardjs-plugin-bubblecompare.min.js: sha512-SflwZVZZuvJFAgzUCNqGl77s1m/J+mdwmQ6aeprx1beI3om9GBCWEBPCbeYnsCvoLe9bFnIzeA4gnbE63QcNSw==
- billboard.js/3.12.0-next.2/theme/insight.min.css: sha512-x+pi7wxSekuW3j5uFCov1H3FsFQ/qOr6WLXfeHYGwEz1pr0i6ionUHYIr7pbRumgd3Tb5t8s8OTryz6xqgqknw==
- billboard.js/3.12.0-next.2/theme/dark.css: sha512-JEXrcEPi1SNMhPZWzVn2dXLu+HeFahJNvZr22XlGGdhrRUymWpk8cwXdMhhz7FgFW6jjKkb4XDrYjX+42hEgbA==
- billboard.js/3.12.0-next.2/plugin/billboardjs-plugin-bubblecompare.js: sha512-o5j0L081vqrKLRiDyjzDsDcH0HqDvU1nLNhLzzzTPnM0cEbOstvKn8hGF9mVb64Q/5s7ySI3eOtREru3eoYtug==
- billboard.js/3.12.0-next.2/billboard.pkgd.min.js: sha512-lQA235wGrr2ibN7aX9Ko1VZ//EghLT1I727w5fMr8ymopALx8upXBcWUo4mN8aazS/thT42JUDdZX9JhlXYb/g==
- billboard.js/3.12.0-next.2/plugin/billboardjs-plugin-sparkline.min.js: sha512-TYfHZJLYEyp+Z7B4xXRT94vgBf4WgNWRU82XHxGm/6SqV7K6SBxx8Buz9qlnVkYxYMWzdmBb3L+l5xTy4kSO5w==
- billboard.js/3.12.0-next.2/plugin/pkgd/billboardjs-plugin-bubblecompare.pkgd.min.js: sha512-u2sLrpeyMmuvgvkc68l6qQdAqA1ZlompEkdwOzkRzGRrh+ZbG2Uke7sFDg+Ed23SNTftWlviqmDsdOUhROQvPw==
- billboard.js/3.12.0-next.2/theme/datalab.min.css: sha512-Tbc/tYsDPwnNKnXLC40AiKRWFrvT0AQ0YMpU5mLnTYboKFJWXvxEJPqb1URvR8Czrsj7HujNF/GSWYfmel92wQ==
- billboard.js/3.12.0-next.2/theme/modern.css: sha512-f9qwmxKafqyoq3WJC0onZ0ukYqR6D+Ok9w344AuQ8nB+v1yIIT4luYj7/IEnTb+NovEyLAnoq1QAYNFY+xrA3Q==
- billboard.js/3.12.0-next.2/billboard.pkgd.js: sha512-Fqs+4tBkBKWlXSkB4NsNqUZxY8QeFuKKapx4TyMl2ecaAKeKlM31cCuc7xfKXO+un8KfX0NLPl7cwCMhG+7xwQ==
- billboard.js/3.12.0-next.2/billboard.js: sha512-GQLKTZrOu0GVt1/Z0BL67sWkqbopaf1nX0hLYGX1BzK3NUTGUCCLb3PN6ZGlW5jDLpIj5h/3db4QPtfs539F8A==
- billboard.js/3.12.0-next.2/plugin/billboardjs-plugin-textoverlap.js: sha512-SpHrNBs0nh33oY/NLoYuHB0CAo2mT8eyoeRNqT2mYJiFnJD52TVwxeHRPi8Fr4zGga3WlryjOfVChdVpRY3feA==
- billboard.js/3.12.0-next.2/plugin/pkgd/billboardjs-plugin-textoverlap.pkgd.js: sha512-c8As6HDxLz/wwmfhs/t3evJ/nAhJqKa3BBXepBmvqKUo7xT74Tq/rvRKMJ1jo9G3f7PLK8ta+sDU9rnE9caf8A==
- billboard.js/3.12.0-next.2/theme/graph.min.css: sha512-FrgDbp2aPPCcWb9WoQ4sg0g+Udu2A10n9BwlWxSewvEWN8j36bDKyqOfsLbIa7N0XCSFHg5zLuB5ny6kPFiaFw==
- billboard.js/3.12.0-next.2/billboard.css: sha512-CbqQAYVGQ3zdVlrvg6bRaGVqm8mHqNiJdQAOJIUY6ufP07Ylwc+Y+HHzslY2diPb+agDVgfVBEALxhqWW2FN0w==
- billboard.js/3.12.0-next.2/plugin/billboardjs-plugin-tableview.js: sha512-o0qr3tvg7659YPWaRvhTMKkyIWtNNMMM56B5deEu2nGa2NURXCgM25pFrhVEEwhX+nkTIUaa4uwYIJdyZlmn8w==
- billboard.js/3.12.0-next.2/plugin/billboardjs-plugin-tableview.min.js: sha512-5afCi8sn0HCX+SV1tS/WXMDJOXiqDuid987KqZAaGnWSf40/vdE4cPeBJXuKPvGPpNAIN1owjJQiJam3/n+QyA==
- billboard.js/3.12.0-next.2/plugin/billboardjs-plugin-textoverlap.min.js: sha512-BhGzrPLaiCzhsj3e7x/5FbJdYtGsuuAbbXz7oMquIOAxSsQkSrsmG3pUC8tA4bPnDY2/j6mjRtZJ8VCvKWQbww==
- billboard.js/3.12.0-next.2/plugin/pkgd/billboardjs-plugin-sparkline.pkgd.js: sha512-3nSchG3gwP0sa13chu7RiP/N+HMfQ3Thjdxjrhb2xHFRROe0+cz9uA1n6PNsA/+zEZKRsxToMC4WNcanYMU8nQ==
- billboard.js/3.12.0-next.2/plugin/pkgd/billboardjs-plugin-textoverlap.pkgd.min.js: sha512-ZYjz/VJh4q7ilDYlaAaFoWT6DCLk+5c78HiVvGUJs6j9K1Q1V748rJMhJEieAtvUvdLTRafrMW58gXd4UQUgCQ==
- billboard.js/3.12.0-next.2/theme/insight.css: sha512-0bCYcCoHpNSJm4PC9lkef1YYGeQoPJJnggP8sDZV1eg2YmXfQmhrrqIrdbhIOlDlp1sqxftC7PzcZXQOIUPSqw==
- billboard.js/3.12.0-next.2/billboard.min.js: sha512-5mHy8sZZi4IfG0Vx54nozR/wUboXmhhUHtyNkZH+UXewCZcl2blsIXDpdpkpnz2ni1OEqdJMfwaSnzI4l0hvhw==
