config: {"authors":[{"name":"Facebook"}],"autoupdate":{"source":"npm","target":"react-dom","fileMap":[{"basePath":"dist","files":["**/*"]},{"basePath":"","files":["+(cjs|umd)/**/*"]}],"ignoreVersions":["*-alpha.*[a-z]*","0.0.0-*"]},"description":"The entry point of the DOM-related rendering paths. It is intended to be paired with the isomorphic React, which is shipped as react to npm.","filename":"umd/react-dom.production.min.js","homepage":"https://facebook.github.io/react/","keywords":["react","jsx","transformer","view","dom","server"],"license":"MIT","name":"react-dom","repository":{"type":"git","url":"https://github.com/facebook/react"},"author":"Facebook"}
KV keys:
- react-dom/18.3.0-next-55542bc73-20230210/cjs/react-dom-server-legacy.browser.development.js.br
- react-dom/18.3.0-next-55542bc73-20230210/cjs/react-dom-server-legacy.browser.development.js.gz
- react-dom/18.3.0-next-55542bc73-20230210/cjs/react-dom-server-legacy.browser.development.min.js.br
- react-dom/18.3.0-next-55542bc73-20230210/cjs/react-dom-server-legacy.browser.development.min.js.gz
- react-dom/18.3.0-next-55542bc73-20230210/cjs/react-dom-server-legacy.browser.production.min.js.br
- react-dom/18.3.0-next-55542bc73-20230210/cjs/react-dom-server-legacy.browser.production.min.js.gz
- react-dom/18.3.0-next-55542bc73-20230210/cjs/react-dom-server-legacy.node.development.js.br
- react-dom/18.3.0-next-55542bc73-20230210/cjs/react-dom-server-legacy.node.development.js.gz
- react-dom/18.3.0-next-55542bc73-20230210/cjs/react-dom-server-legacy.node.development.min.js.br
- react-dom/18.3.0-next-55542bc73-20230210/cjs/react-dom-server-legacy.node.development.min.js.gz
- react-dom/18.3.0-next-55542bc73-20230210/cjs/react-dom-server-legacy.node.production.min.js.br
- react-dom/18.3.0-next-55542bc73-20230210/cjs/react-dom-server-legacy.node.production.min.js.gz
- react-dom/18.3.0-next-55542bc73-20230210/cjs/react-dom-server-rendering-stub.development.js.br
- react-dom/18.3.0-next-55542bc73-20230210/cjs/react-dom-server-rendering-stub.development.js.gz
- react-dom/18.3.0-next-55542bc73-20230210/cjs/react-dom-server-rendering-stub.development.min.js.br
- react-dom/18.3.0-next-55542bc73-20230210/cjs/react-dom-server-rendering-stub.development.min.js.gz
- react-dom/18.3.0-next-55542bc73-20230210/cjs/react-dom-server-rendering-stub.production.min.js.br
- react-dom/18.3.0-next-55542bc73-20230210/cjs/react-dom-server-rendering-stub.production.min.js.gz
- react-dom/18.3.0-next-55542bc73-20230210/cjs/react-dom-server.browser.development.js.br
- react-dom/18.3.0-next-55542bc73-20230210/cjs/react-dom-server.browser.development.js.gz
- react-dom/18.3.0-next-55542bc73-20230210/cjs/react-dom-server.browser.development.min.js.br
- react-dom/18.3.0-next-55542bc73-20230210/cjs/react-dom-server.browser.development.min.js.gz
- react-dom/18.3.0-next-55542bc73-20230210/cjs/react-dom-server.browser.production.min.js.br
- react-dom/18.3.0-next-55542bc73-20230210/cjs/react-dom-server.browser.production.min.js.gz
- react-dom/18.3.0-next-55542bc73-20230210/cjs/react-dom-server.bun.development.js.br
- react-dom/18.3.0-next-55542bc73-20230210/cjs/react-dom-server.bun.development.js.gz
- react-dom/18.3.0-next-55542bc73-20230210/cjs/react-dom-server.bun.development.min.js.br
- react-dom/18.3.0-next-55542bc73-20230210/cjs/react-dom-server.bun.development.min.js.gz
- react-dom/18.3.0-next-55542bc73-20230210/cjs/react-dom-server.bun.production.min.js.br
- react-dom/18.3.0-next-55542bc73-20230210/cjs/react-dom-server.bun.production.min.js.gz
- react-dom/18.3.0-next-55542bc73-20230210/cjs/react-dom-server.edge.development.js.br
- react-dom/18.3.0-next-55542bc73-20230210/cjs/react-dom-server.edge.development.js.gz
- react-dom/18.3.0-next-55542bc73-20230210/cjs/react-dom-server.edge.development.min.js.br
- react-dom/18.3.0-next-55542bc73-20230210/cjs/react-dom-server.edge.development.min.js.gz
- react-dom/18.3.0-next-55542bc73-20230210/cjs/react-dom-server.edge.production.min.js.br
- react-dom/18.3.0-next-55542bc73-20230210/cjs/react-dom-server.edge.production.min.js.gz
- react-dom/18.3.0-next-55542bc73-20230210/cjs/react-dom-server.node.development.js.br
- react-dom/18.3.0-next-55542bc73-20230210/cjs/react-dom-server.node.development.js.gz
- react-dom/18.3.0-next-55542bc73-20230210/cjs/react-dom-server.node.development.min.js.br
- react-dom/18.3.0-next-55542bc73-20230210/cjs/react-dom-server.node.development.min.js.gz
- react-dom/18.3.0-next-55542bc73-20230210/cjs/react-dom-server.node.production.min.js.br
- react-dom/18.3.0-next-55542bc73-20230210/cjs/react-dom-server.node.production.min.js.gz
- react-dom/18.3.0-next-55542bc73-20230210/cjs/react-dom-test-utils.development.js.br
- react-dom/18.3.0-next-55542bc73-20230210/cjs/react-dom-test-utils.development.js.gz
- react-dom/18.3.0-next-55542bc73-20230210/cjs/react-dom-test-utils.development.min.js.br
- react-dom/18.3.0-next-55542bc73-20230210/cjs/react-dom-test-utils.development.min.js.gz
- react-dom/18.3.0-next-55542bc73-20230210/cjs/react-dom-test-utils.production.min.js.br
- react-dom/18.3.0-next-55542bc73-20230210/cjs/react-dom-test-utils.production.min.js.gz
- react-dom/18.3.0-next-55542bc73-20230210/cjs/react-dom.development.js.br
- react-dom/18.3.0-next-55542bc73-20230210/cjs/react-dom.development.js.gz
- react-dom/18.3.0-next-55542bc73-20230210/cjs/react-dom.development.min.js.br
- react-dom/18.3.0-next-55542bc73-20230210/cjs/react-dom.development.min.js.gz
- react-dom/18.3.0-next-55542bc73-20230210/cjs/react-dom.production.min.js.br
- react-dom/18.3.0-next-55542bc73-20230210/cjs/react-dom.production.min.js.gz
- react-dom/18.3.0-next-55542bc73-20230210/cjs/react-dom.profiling.min.js.br
- react-dom/18.3.0-next-55542bc73-20230210/cjs/react-dom.profiling.min.js.gz
- react-dom/18.3.0-next-55542bc73-20230210/umd/react-dom-server-legacy.browser.development.js.br
- react-dom/18.3.0-next-55542bc73-20230210/umd/react-dom-server-legacy.browser.development.js.gz
- react-dom/18.3.0-next-55542bc73-20230210/umd/react-dom-server-legacy.browser.development.min.js.br
- react-dom/18.3.0-next-55542bc73-20230210/umd/react-dom-server-legacy.browser.development.min.js.gz
- react-dom/18.3.0-next-55542bc73-20230210/umd/react-dom-server-legacy.browser.production.min.js.br
- react-dom/18.3.0-next-55542bc73-20230210/umd/react-dom-server-legacy.browser.production.min.js.gz
- react-dom/18.3.0-next-55542bc73-20230210/umd/react-dom-server-rendering-stub.development.js.br
- react-dom/18.3.0-next-55542bc73-20230210/umd/react-dom-server-rendering-stub.development.js.gz
- react-dom/18.3.0-next-55542bc73-20230210/umd/react-dom-server-rendering-stub.development.min.js.br
- react-dom/18.3.0-next-55542bc73-20230210/umd/react-dom-server-rendering-stub.development.min.js.gz
- react-dom/18.3.0-next-55542bc73-20230210/umd/react-dom-server-rendering-stub.production.min.js.br
- react-dom/18.3.0-next-55542bc73-20230210/umd/react-dom-server-rendering-stub.production.min.js.gz
- react-dom/18.3.0-next-55542bc73-20230210/umd/react-dom-server.browser.development.js.br
- react-dom/18.3.0-next-55542bc73-20230210/umd/react-dom-server.browser.development.js.gz
- react-dom/18.3.0-next-55542bc73-20230210/umd/react-dom-server.browser.development.min.js.br
- react-dom/18.3.0-next-55542bc73-20230210/umd/react-dom-server.browser.development.min.js.gz
- react-dom/18.3.0-next-55542bc73-20230210/umd/react-dom-server.browser.production.min.js.br
- react-dom/18.3.0-next-55542bc73-20230210/umd/react-dom-server.browser.production.min.js.gz
- react-dom/18.3.0-next-55542bc73-20230210/umd/react-dom-test-utils.development.js.br
- react-dom/18.3.0-next-55542bc73-20230210/umd/react-dom-test-utils.development.js.gz
- react-dom/18.3.0-next-55542bc73-20230210/umd/react-dom-test-utils.development.min.js.br
- react-dom/18.3.0-next-55542bc73-20230210/umd/react-dom-test-utils.development.min.js.gz
- react-dom/18.3.0-next-55542bc73-20230210/umd/react-dom-test-utils.production.min.js.br
- react-dom/18.3.0-next-55542bc73-20230210/umd/react-dom-test-utils.production.min.js.gz
- react-dom/18.3.0-next-55542bc73-20230210/umd/react-dom.development.js.br
- react-dom/18.3.0-next-55542bc73-20230210/umd/react-dom.development.js.gz
- react-dom/18.3.0-next-55542bc73-20230210/umd/react-dom.development.min.js.br
- react-dom/18.3.0-next-55542bc73-20230210/umd/react-dom.development.min.js.gz
- react-dom/18.3.0-next-55542bc73-20230210/umd/react-dom.production.min.js.br
- react-dom/18.3.0-next-55542bc73-20230210/umd/react-dom.production.min.js.gz
- react-dom/18.3.0-next-55542bc73-20230210/umd/react-dom.profiling.min.js.br
- react-dom/18.3.0-next-55542bc73-20230210/umd/react-dom.profiling.min.js.gz
SRIs:
- react-dom/18.3.0-next-55542bc73-20230210/cjs/react-dom-server.bun.production.min.js: sha512-m1DzBIqRSHOAFh1D20MFQPnvvaCyYRV/ZDkOg6jRpC/0WPMAj7SWb+CfADk6h8uKo3bbNwPhWPS2AkrW+LRzIQ==
- react-dom/18.3.0-next-55542bc73-20230210/cjs/react-dom.production.min.js: sha512-ATK4uN4CBFnIJFJEE2bT3NDIwbv8MdEEUSalwtQsbpXZ+ejBez9iwGzPwHnQyUqZPJzYDpNJwKD3s4E++FaNBQ==
- react-dom/18.3.0-next-55542bc73-20230210/cjs/react-dom-server-rendering-stub.development.js: sha512-Sq+nof6ul5bTKuCEq54SNHprb6scLgfUp47m9t1ITvE0IJKiMYS0RsvzgmEUIJ+b858Kxwa+lClooeRHyk9rhg==
- react-dom/18.3.0-next-55542bc73-20230210/cjs/react-dom-server.browser.development.js: sha512-efd4GlWDTHGdKZ2Ub/mSUyKYFJudRuPxrSWx2VtzT7gS6jpGlIb3cXXP4QCLrdjHK4YHS9KUHFp9qO2foobFdg==
- react-dom/18.3.0-next-55542bc73-20230210/umd/react-dom-server.browser.development.js: sha512-TTNrFtnD8EamDUiSraa67FWY0gbHgD/m5QfxSm1Bsn0wgnbQNdVvjbYw1k1ZHKgmsL53gLq5fn6ZEGUa+IMftQ==
- react-dom/18.3.0-next-55542bc73-20230210/umd/react-dom.production.min.js: sha512-RE65wPYomVrMTHgL35D9KrnCdu0h4IKCwEadxM4e0R+XzpQ0wZFl5TU1C5SK1XbIpmK8neHft6PMgfcbMxzdUw==
- react-dom/18.3.0-next-55542bc73-20230210/umd/react-dom-server-legacy.browser.development.min.js: sha512-9Ke/wtXSBWghAPXLLr3WWNUw6I1EqujjbUqiU89gvobX0RsLnP0xLLPxiiDzg8ZzZth5TSd8V573SpIVEzJKMQ==
- react-dom/18.3.0-next-55542bc73-20230210/umd/react-dom-server-legacy.browser.production.min.js: sha512-fCwH+xAxihTUQm03ptfJfdINdg0fOTfS+28+HS+fRwXe0TJqKeSBSCOdjexOA6BsNPvI9/jp8tNcfNiddlNrwQ==
- react-dom/18.3.0-next-55542bc73-20230210/cjs/react-dom-server.node.development.min.js: sha512-1MAD5BSX6K36Xg+Z8XWL8qbPhan8Iei3UXKqLznWrYUyVdahUMJGjCU8sUbCo4ND8zQ0nQxixcaAlugDsjjENA==
- react-dom/18.3.0-next-55542bc73-20230210/cjs/react-dom.development.js: sha512-gus5QKoJFR3eQiBJMmiNjlhAcVeX5pR0xLgU9Zp4QxX++UozHTa1jhCRQrVxR+cAQxzSQ3ASYVQRzhLW0vG6ng==
- react-dom/18.3.0-next-55542bc73-20230210/umd/react-dom.development.min.js: sha512-mC6DML38xnCZ/zfljB1Q6C2T0Hq+u0tkqDH6T/ObFHSrxHr75BpAL2laKbqJz6fC8RXFTks9KUrQp4bVlW+MvA==
- react-dom/18.3.0-next-55542bc73-20230210/cjs/react-dom-server.browser.development.min.js: sha512-bNB8sG/BwxtXl+48b0xSkUVniGg24VWR6Aw0YLbFUyMS7+HPgwBcBSiwM1jI6euV1fv32yOdAC3LGaNUcWRr7g==
- react-dom/18.3.0-next-55542bc73-20230210/cjs/react-dom-server.node.development.js: sha512-4hyIIJxNo6ayRvSqwXaxbHcuCnnNhTdWiOywE8ZVGYpos0UXOmXACizp3Iq13t+k0/NQFAcm4iif4T0y0JBxtw==
- react-dom/18.3.0-next-55542bc73-20230210/cjs/react-dom-test-utils.development.min.js: sha512-SC6uXMz4Aa48GitWgnrb5OMiql82LXYxKiVxsWEQyqA3ewdR1Vn4hDWbs00IDU2OjhaJ0tHY/+9bvKxqsoQAWg==
- react-dom/18.3.0-next-55542bc73-20230210/cjs/react-dom.profiling.min.js: sha512-U7u3FkgIFi8LsTwJ//k6hzdGAxTsyxKdxqSbe0NcsMsBXnLYsN2dDuz1XiL0w32RFSNeG3a1suxP11uIymenbQ==
- react-dom/18.3.0-next-55542bc73-20230210/umd/react-dom-test-utils.development.js: sha512-+dG9xoazsps4zxaKocjaHneu1dMQoj4CA9bRF9RLW7MI+VG3/3EOSxb7M931/kBcQwqz0FJRWZLjiUX5QAWpZQ==
- react-dom/18.3.0-next-55542bc73-20230210/cjs/react-dom-server-legacy.browser.production.min.js: sha512-gxfhs05TZxf9rfV32+CNnYpjk82WLc/M2kKC3owYvEKJkshZQHeb064M3z5KAFdNjnWmEy6/E7KmJqR0dif1rw==
- react-dom/18.3.0-next-55542bc73-20230210/cjs/react-dom-server-rendering-stub.development.min.js: sha512-JxW+RTog41bpgeT1bbi2hC03CfRx6zQZ3NqTHKZ2/MGxG6pH9dSR7dvybLuzodN17e0lYMIzaOrhNwmkqkoZKw==
- react-dom/18.3.0-next-55542bc73-20230210/cjs/react-dom-server.bun.development.min.js: sha512-IgvekCbJNb0ZIt8xKEnl/kU9jtulzmlDUOxhxRLE888KTApz2t2C0+bviWjmWFJfhXmPJdJFk6ElLAZMA75hpA==
- react-dom/18.3.0-next-55542bc73-20230210/cjs/react-dom-server.edge.production.min.js: sha512-ix0u0ALt+6ivdmnMtWdwltQGsZ2SVhTIZcdNzhsPh8CNxrIPAyY0aouVpNVGFuN8/tnuIAqSEoOXeqt+vWhE7g==
- react-dom/18.3.0-next-55542bc73-20230210/cjs/react-dom-server.node.production.min.js: sha512-4NfUF9HvW6iqw/m48I4sMChnv+dVUO04u8it25rKtkyL51V+ju6D1YFTgFceq3Kn1cpFGPjBhlZnZAncYYQxvw==
- react-dom/18.3.0-next-55542bc73-20230210/cjs/react-dom-test-utils.development.js: sha512-jGFWY8bISjfbac1t8/6JmEnjsaAaa/0zGgzrwpUISIkJujHutWmZG8L3gjp34kAh81AJFAl7mIawEUiUIagvkw==
- react-dom/18.3.0-next-55542bc73-20230210/umd/react-dom-test-utils.production.min.js: sha512-+0nz0Vs6siU04iJStGujjjD1ILwtNuAGaRG91/EnqRCTZnJrDZovXNznudZJeIg6vJ/Vt8PMfuRh4gHKuSsxUA==
- react-dom/18.3.0-next-55542bc73-20230210/cjs/react-dom-server-legacy.node.development.min.js: sha512-OweC/Aashr3hPKvyzJ1STxWl+mL5cnpHzbcuMf9RAl1t1fW2a5Ez2vlp73JuupVdP8cHIVG34qf4RTrgRPNa/w==
- react-dom/18.3.0-next-55542bc73-20230210/cjs/react-dom-server.browser.production.min.js: sha512-ciuQ/Oets5pnRoEiQgowLMhsELu1yc010g+5KqH6Z+rlpDA2xZ36iq/Gy5Q8FZGMOrUjL5/FaopEPqzAFV3jaw==
- react-dom/18.3.0-next-55542bc73-20230210/cjs/react-dom-server-rendering-stub.production.min.js: sha512-b6J0fD8r8cpRvrQvWm7OCjACboYXxmHBSoY+/QwTrgEAV5o3s5/d5Ouujzvh6LMHFWtIvKG6NFaSNJaYIUXRtA==
- react-dom/18.3.0-next-55542bc73-20230210/cjs/react-dom-server.bun.development.js: sha512-M2M/tu2usGKUMBm7C9M9+4sentH+HVVwjXJbzAlgtyM+KCP7obC97S84I0SuOB9holA9kQj0p1cgj99j3wpwPw==
- react-dom/18.3.0-next-55542bc73-20230210/cjs/react-dom-server.edge.development.js: sha512-jxw6NKwjhxH46AUmO+pr+8mGdD5Zt6Z3YWMVcLe9nPvpIF7qW3BdDfY5d3gSpOMisWxodd4OoT58zFLRbw3Lpw==
- react-dom/18.3.0-next-55542bc73-20230210/cjs/react-dom-server.edge.development.min.js: sha512-ecDKdTE61DtsDP0pPAfEZ4+wJtPfrlSKLsyqsB/EtG/hLR6zGExy6/V4Zix9xbN9bhSTc/8FNxebVeSS49zmbA==
- react-dom/18.3.0-next-55542bc73-20230210/umd/react-dom-server.browser.development.min.js: sha512-daHWtYyuIfC3Q5HQqk5KYQHkPKHX5N9W6SkgJfX1g5jEc0CKP6wcYUD9kepSp1BXO5/2XdMiVKTs6hb62vubaw==
- react-dom/18.3.0-next-55542bc73-20230210/umd/react-dom-server.browser.production.min.js: sha512-Mx2EDaNhbwu37ONuHnhPB85q9UgJ0a1zEOD0+4NFGJz17/ixTXx9cFJ4A2w7q/cD1IjYtQTW6H2rByj03HfY7A==
- react-dom/18.3.0-next-55542bc73-20230210/cjs/react-dom-server-legacy.browser.development.js: sha512-A1wK+6Q/q28qz36ai71el/BQLdYTYT5nm3mOD9CM4BXojpA+lz61ZeBixz6B0UQCZhDpm2MSqaNdYjAM9l7ikw==
- react-dom/18.3.0-next-55542bc73-20230210/cjs/react-dom-server-legacy.browser.development.min.js: sha512-ZLZsDHaoOiZ5HoIvsNfQ6Bse7Qx35XvJ0doxXb4g877Klqdz14JpZGnEG5HbHQZYLSXQGbvXlC8hseoHojiE5A==
- react-dom/18.3.0-next-55542bc73-20230210/umd/react-dom.profiling.min.js: sha512-/MkoeKKHq9LcwiM4A28lyqH3tQwO4p/p70hQa4+yUH0kabHwMSLSr9HPet1LQ8krDmiy7S0Ym/ETei4KCv1vpA==
- react-dom/18.3.0-next-55542bc73-20230210/umd/react-dom.development.js: sha512-e/pm0ZzUB6X86HDrFfE6FNnRML/c8nNknR08t5EOtQV7hD7CMXNvtR49JIdNUGIOntH80Wl/cEw/jlihPQytaA==
- react-dom/18.3.0-next-55542bc73-20230210/umd/react-dom-server-legacy.browser.development.js: sha512-uBuu5WEVUPRQbLD7RcUfRvUSlx9bHpxQtTzurlGgGk9DivvQ+KR1cAW6c6BA+anRhckMfnkMOitmxfV74m+jMw==
- react-dom/18.3.0-next-55542bc73-20230210/umd/react-dom-test-utils.development.min.js: sha512-8kz49BAsG2jsHK184H6VSPUEJoB+AFxqozLKC+N2upffMUL8CcG1GKGb7SwkN1edw4fnCVt8kddvjymevQBu6w==
- react-dom/18.3.0-next-55542bc73-20230210/cjs/react-dom-test-utils.production.min.js: sha512-P9fJUdX3kYuBhc8lWQ/vfYzEDA2KdPrxL55XlUWrOONZTW0SX9Nk8oR4Qi9mcRpeljvbueffYhQGbEPHhDYFvg==
- react-dom/18.3.0-next-55542bc73-20230210/cjs/react-dom.development.min.js: sha512-c1uC8cDX3OTtGjAIigF95lwHfbwPxcClfgmf/74Zes52d5YBv5jZFq4LZHzghDTvb+tX3rB7AQngcY31Xj0mZg==
- react-dom/18.3.0-next-55542bc73-20230210/umd/react-dom-server-rendering-stub.development.js: sha512-aZYPkVhqwpEggyhtT3Evh9Ulmivos392J3ry9lhfGhnfJsP3ZwWAVTT1EqKZoezzJbekI2Ze31BrQCwT42HOXA==
- react-dom/18.3.0-next-55542bc73-20230210/umd/react-dom-server-rendering-stub.development.min.js: sha512-NxnKKV/YbIY9zXDZuaiNSgvGhN6JrdW0Mg1hwj9jlplgWo36GSALHDaos3BEFdWBjr1yZWH0Kg7Ll10gs8QPqg==
- react-dom/18.3.0-next-55542bc73-20230210/umd/react-dom-server-rendering-stub.production.min.js: sha512-WYjvFFcFz8puU0guJKcAUewTSPeYMWBy47DUU5UZ/TMe0/5NXHk+LSwG14ckyujP97hKnSrH8xCOGDzjJr2YPg==
- react-dom/18.3.0-next-55542bc73-20230210/cjs/react-dom-server-legacy.node.development.js: sha512-oF1V6z4utR7dAhMvnZIl/CQtUJ/HiGoR/uti9D+F72rFi6Y915Mio25xiKlW1gpioKqjOhGnspCj6DEnuLroQA==
- react-dom/18.3.0-next-55542bc73-20230210/cjs/react-dom-server-legacy.node.production.min.js: sha512-+vWCr03By4R9wR7aDdqmw3jfufmqyWW7mz+j0wMTOZ4NBdw75KUDnV0PAboAxzt0A2Jra0OqALurdpHt5ZOLTg==
