config: {"authors":[{"name":"kazuya kawaguchi","email":"kawakazu80@gmail.com"}],"autoupdate":{"source":"npm","target":"vue-i18n","fileMap":[{"basePath":"dist","files":["**/*.!(md)"]}]},"description":"Internationalization plugin for Vue.js","filename":"vue-i18n.min.js","keywords":["i18n","internationalization","plugin","vue","vue.js"],"license":"MIT","name":"vue-i18n","repository":{"type":"git","url":"git+https://github.com/kazupon/vue-i18n.git"},"author":"kazuya kawaguchi \u003ckawakazu80@gmail.com\u003e"}
KV keys:
- vue-i18n/9.2.0-beta.21/vue-i18n.cjs.js.br
- vue-i18n/9.2.0-beta.21/vue-i18n.cjs.js.gz
- vue-i18n/9.2.0-beta.21/vue-i18n.cjs.min.js.br
- vue-i18n/9.2.0-beta.21/vue-i18n.cjs.min.js.gz
- vue-i18n/9.2.0-beta.21/vue-i18n.cjs.prod.js.br
- vue-i18n/9.2.0-beta.21/vue-i18n.cjs.prod.js.gz
- vue-i18n/9.2.0-beta.21/vue-i18n.cjs.prod.min.js.br
- vue-i18n/9.2.0-beta.21/vue-i18n.cjs.prod.min.js.gz
- vue-i18n/9.2.0-beta.21/vue-i18n.d.ts.br
- vue-i18n/9.2.0-beta.21/vue-i18n.d.ts.gz
- vue-i18n/9.2.0-beta.21/vue-i18n.esm-browser.js.br
- vue-i18n/9.2.0-beta.21/vue-i18n.esm-browser.js.gz
- vue-i18n/9.2.0-beta.21/vue-i18n.esm-browser.min.js.br
- vue-i18n/9.2.0-beta.21/vue-i18n.esm-browser.min.js.gz
- vue-i18n/9.2.0-beta.21/vue-i18n.esm-browser.prod.js.br
- vue-i18n/9.2.0-beta.21/vue-i18n.esm-browser.prod.js.gz
- vue-i18n/9.2.0-beta.21/vue-i18n.esm-browser.prod.min.js.br
- vue-i18n/9.2.0-beta.21/vue-i18n.esm-browser.prod.min.js.gz
- vue-i18n/9.2.0-beta.21/vue-i18n.esm-bundler.js.br
- vue-i18n/9.2.0-beta.21/vue-i18n.esm-bundler.js.gz
- vue-i18n/9.2.0-beta.21/vue-i18n.esm-bundler.min.js.br
- vue-i18n/9.2.0-beta.21/vue-i18n.esm-bundler.min.js.gz
- vue-i18n/9.2.0-beta.21/vue-i18n.global.js.br
- vue-i18n/9.2.0-beta.21/vue-i18n.global.js.gz
- vue-i18n/9.2.0-beta.21/vue-i18n.global.min.js.br
- vue-i18n/9.2.0-beta.21/vue-i18n.global.min.js.gz
- vue-i18n/9.2.0-beta.21/vue-i18n.global.prod.js.br
- vue-i18n/9.2.0-beta.21/vue-i18n.global.prod.js.gz
- vue-i18n/9.2.0-beta.21/vue-i18n.global.prod.min.js.br
- vue-i18n/9.2.0-beta.21/vue-i18n.global.prod.min.js.gz
- vue-i18n/9.2.0-beta.21/vue-i18n.runtime.esm-browser.js.br
- vue-i18n/9.2.0-beta.21/vue-i18n.runtime.esm-browser.js.gz
- vue-i18n/9.2.0-beta.21/vue-i18n.runtime.esm-browser.min.js.br
- vue-i18n/9.2.0-beta.21/vue-i18n.runtime.esm-browser.min.js.gz
- vue-i18n/9.2.0-beta.21/vue-i18n.runtime.esm-browser.prod.js.br
- vue-i18n/9.2.0-beta.21/vue-i18n.runtime.esm-browser.prod.js.gz
- vue-i18n/9.2.0-beta.21/vue-i18n.runtime.esm-browser.prod.min.js.br
- vue-i18n/9.2.0-beta.21/vue-i18n.runtime.esm-browser.prod.min.js.gz
- vue-i18n/9.2.0-beta.21/vue-i18n.runtime.esm-bundler.js.br
- vue-i18n/9.2.0-beta.21/vue-i18n.runtime.esm-bundler.js.gz
- vue-i18n/9.2.0-beta.21/vue-i18n.runtime.esm-bundler.min.js.br
- vue-i18n/9.2.0-beta.21/vue-i18n.runtime.esm-bundler.min.js.gz
- vue-i18n/9.2.0-beta.21/vue-i18n.runtime.global.js.br
- vue-i18n/9.2.0-beta.21/vue-i18n.runtime.global.js.gz
- vue-i18n/9.2.0-beta.21/vue-i18n.runtime.global.min.js.br
- vue-i18n/9.2.0-beta.21/vue-i18n.runtime.global.min.js.gz
- vue-i18n/9.2.0-beta.21/vue-i18n.runtime.global.prod.js.br
- vue-i18n/9.2.0-beta.21/vue-i18n.runtime.global.prod.js.gz
- vue-i18n/9.2.0-beta.21/vue-i18n.runtime.global.prod.min.js.br
- vue-i18n/9.2.0-beta.21/vue-i18n.runtime.global.prod.min.js.gz
SRIs:
- vue-i18n/9.2.0-beta.21/vue-i18n.cjs.js: sha512-ojWKDmLkchxdsqDiUCgmzzMRhOQFjAc7XGcxTM3NgL7ySa/hYvMux1NWz7DK8Zkvjci+i7KM9D5ldUbz+W+7yg==
- vue-i18n/9.2.0-beta.21/vue-i18n.cjs.prod.js: sha512-QlmE7bkPnfFiF9/ZvwvCUBBRYevtUuNeyElZf8i0D3vzXr5wR7yVcQsa9kpTGRhps5k3GUpVbNEar41e74+XyQ==
- vue-i18n/9.2.0-beta.21/vue-i18n.runtime.esm-browser.js: sha512-I2vKnRY8Pk4hgGA3qomMtsBY1Ec9LWlrFvIjHOwiUqgM+FpK79TaDu8gWuYaQoAqmqqzOxiDQ61RfNJ/uwgm7w==
- vue-i18n/9.2.0-beta.21/vue-i18n.runtime.esm-bundler.js: sha512-u2E5lZDkEpAqzOmjT7rSDmXqJOkTElcDd+p3EhL9NZax7rtZ5RujoGr7WR9Of3zbgog1zYoOeukFHKvOTGz5vQ==
- vue-i18n/9.2.0-beta.21/vue-i18n.runtime.esm-bundler.min.js: sha512-Y9DqvrqB44+4cTpjRHFIIr++akSAd6xNamROwqLIEPP0nkaz8oTvx4KaGkpzupIeP6PrOiGgVra3ClsEDNVK9w==
- vue-i18n/9.2.0-beta.21/vue-i18n.cjs.min.js: sha512-6R8xpRY+lN1muXVjeD/qTDihTUVqsr4Lz+jW1B6/GA5CNeOEvnhnmKLDjbn8hszBUDIdJo7RxCu02OB4Jdcdtw==
- vue-i18n/9.2.0-beta.21/vue-i18n.global.js: sha512-pz5bD5tKkza5A/RFVmZQxRugc/kbP3AOItUwhFFUaej79FyoxhhqwF16K54sL/GiBc6AR3ZT8mnF+GlI/wkcow==
- vue-i18n/9.2.0-beta.21/vue-i18n.global.prod.min.js: sha512-aaAUrvpMToXV7Le2r4vhJP3EsvCp7w1B4+z0LoHv51+emLrOZAz8Ih4Rk3XCYmDtC+te2ZGQ5AISdV/yTGIOCQ==
- vue-i18n/9.2.0-beta.21/vue-i18n.runtime.esm-browser.prod.min.js: sha512-QNMQWwaZT8lcBwvSGS8AX3Rb84kf86j+R1Rv4PPmJ66HuBrJP0LyzdjsP4ICopKz7L7cztIsmvT2i6s5vzvUxg==
- vue-i18n/9.2.0-beta.21/vue-i18n.cjs.prod.min.js: sha512-HFF5+p48VA7J8Iy6xDWW/Ib34ErdF6H4SFrn88iWLnhNzg2Z/Zqhv7YbylM1aeSCHGG6zu2P3ZMQ6qJfvj1tBw==
- vue-i18n/9.2.0-beta.21/vue-i18n.esm-browser.min.js: sha512-w+cWWG5R8mrRwM6KowZR08IPTHKi+oGKnHMQv1HKc6IXIxMk2b2De6XmKh/uElhZtdI3wZjHaLJHfrpRHEw8ow==
- vue-i18n/9.2.0-beta.21/vue-i18n.esm-browser.prod.js: sha512-aO+DkDX6hR8/QDFgXgV1EHAcWstx8fisc2muhr2Uf8vXaBY/FrOPdj3DcuZSXEKdfkz682P18keCldaRQzcZzw==
- vue-i18n/9.2.0-beta.21/vue-i18n.esm-bundler.js: sha512-wDd7FL7NRA7jAPmtcWWVgbUYK4odH2RRoEmk57sdXA0KFsaolstQLdFYSrJgSk4oUf/vfjEDZ/wRYYyXEXViMw==
- vue-i18n/9.2.0-beta.21/vue-i18n.esm-bundler.min.js: sha512-zaQrX9Z9Ju6A7Pt4NWb2MXjwZr8EnOXziyRKsbV6cy7cv52dvnuQhih+ePGe969Qdr8eDJh4C0XsozzkVZ5k4w==
- vue-i18n/9.2.0-beta.21/vue-i18n.global.min.js: sha512-PUxBgMwFOz4yZAxI0uDYHXP3XvMrMmRYlIN0/mUfIFHkj/YrROa6hnKIiytd4zcioOXmYRLcaH2MYIYgeFJPng==
- vue-i18n/9.2.0-beta.21/vue-i18n.runtime.esm-browser.prod.js: sha512-dgVx+0NsiHZ2RBiEtr6B1L9X8uf9EbasFWrp1HcdJuAZMUVxV0S/WUCbCj/KCaV3jPTE653FGzJdyjcFvoawEw==
- vue-i18n/9.2.0-beta.21/vue-i18n.runtime.global.min.js: sha512-aIjbYtQAICZ33O1nKL63ldptBqYs/cloSkCaGf5s8czlD2mlFdvMCy4ZY88QDCgUJTHWHrv9RfLyavIEWKTFCA==
- vue-i18n/9.2.0-beta.21/vue-i18n.runtime.global.prod.js: sha512-FDO67M8MuaoQdbsPA5a8f90LgmXfm9QV1U7Reg69E5c4wToM6k2ZF0Mg84kWPgFd4louE32pAx5ugt4z/Jcp7Q==
- vue-i18n/9.2.0-beta.21/vue-i18n.esm-browser.js: sha512-x0NjGCgxUHbZt/F/V1x9aQBMxfJNxkZAlYGelxqWITcOYHUQvZcORQ0bHD+bzFKy3yVcQybttpLLvOKuHo0W3A==
- vue-i18n/9.2.0-beta.21/vue-i18n.esm-browser.prod.min.js: sha512-S267tHfviuH5IFHnAyYD5UMmOU7Hk2bjo9s7EtAh0ubYJ2+3pVEc7gDjjNhTkZpp4hjQ06LefUYT9kJrwsF6gw==
- vue-i18n/9.2.0-beta.21/vue-i18n.global.prod.js: sha512-0AahcMf9aGU9h7vUVqfPYZfqfNM85bZRD3RQrcdUPM+P3DldI8OvWhHVggyaeKYsBo6xuml81O3tHZmAyAOXqw==
- vue-i18n/9.2.0-beta.21/vue-i18n.runtime.esm-browser.min.js: sha512-/8WOod6hDJZE2r7ptZJJcZtd7tSUq1AuI4RHEcI3gtaElfRBrBmkIb6dWrLm3pdrj4gUdz/Jg/FIGj4KiN6W3g==
- vue-i18n/9.2.0-beta.21/vue-i18n.runtime.global.js: sha512-2v3+26FYWOg6lVDWn/DGEkg0+yGY1sPD9Id2MmPonpZ23+viGpTHEkxEolBcPwm1yCNnbDt14JwtMhX3XP17wA==
- vue-i18n/9.2.0-beta.21/vue-i18n.runtime.global.prod.min.js: sha512-scGc7+VOM2FHL03U1eLdeXUY6sAUjb85iJYYWEzi5Z6hrhFtDGYO6O0ME7GPB+uTx4cdc6M46+tN5CugAaAQow==
