Files:
- fontsource-rasa/5.0.19/300-italic.css.gz
- fontsource-rasa/5.0.19/300-italic.min.css.gz
- fontsource-rasa/5.0.19/300.css.gz
- fontsource-rasa/5.0.19/300.min.css.gz
- fontsource-rasa/5.0.19/400-italic.css.gz
- fontsource-rasa/5.0.19/400-italic.min.css.gz
- fontsource-rasa/5.0.19/400.css.gz
- fontsource-rasa/5.0.19/400.min.css.gz
- fontsource-rasa/5.0.19/500-italic.css.gz
- fontsource-rasa/5.0.19/500-italic.min.css.gz
- fontsource-rasa/5.0.19/500.css.gz
- fontsource-rasa/5.0.19/500.min.css.gz
- fontsource-rasa/5.0.19/600-italic.css.gz
- fontsource-rasa/5.0.19/600-italic.min.css.gz
- fontsource-rasa/5.0.19/600.css.gz
- fontsource-rasa/5.0.19/600.min.css.gz
- fontsource-rasa/5.0.19/700-italic.css.gz
- fontsource-rasa/5.0.19/700-italic.min.css.gz
- fontsource-rasa/5.0.19/700.css.gz
- fontsource-rasa/5.0.19/700.min.css.gz
- fontsource-rasa/5.0.19/files/rasa-gujarati-300-italic.woff.gz
- fontsource-rasa/5.0.19/files/rasa-gujarati-300-normal.woff.gz
- fontsource-rasa/5.0.19/files/rasa-gujarati-400-italic.woff.gz
- fontsource-rasa/5.0.19/files/rasa-gujarati-400-normal.woff.gz
- fontsource-rasa/5.0.19/files/rasa-gujarati-500-italic.woff.gz
- fontsource-rasa/5.0.19/files/rasa-gujarati-500-normal.woff.gz
- fontsource-rasa/5.0.19/files/rasa-gujarati-600-italic.woff.gz
- fontsource-rasa/5.0.19/files/rasa-gujarati-600-normal.woff.gz
- fontsource-rasa/5.0.19/files/rasa-gujarati-700-italic.woff.gz
- fontsource-rasa/5.0.19/files/rasa-gujarati-700-normal.woff.gz
- fontsource-rasa/5.0.19/files/rasa-latin-300-italic.woff.gz
- fontsource-rasa/5.0.19/files/rasa-latin-300-normal.woff.gz
- fontsource-rasa/5.0.19/files/rasa-latin-400-italic.woff.gz
- fontsource-rasa/5.0.19/files/rasa-latin-400-normal.woff.gz
- fontsource-rasa/5.0.19/files/rasa-latin-500-italic.woff.gz
- fontsource-rasa/5.0.19/files/rasa-latin-500-normal.woff.gz
- fontsource-rasa/5.0.19/files/rasa-latin-600-italic.woff.gz
- fontsource-rasa/5.0.19/files/rasa-latin-600-normal.woff.gz
- fontsource-rasa/5.0.19/files/rasa-latin-700-italic.woff.gz
- fontsource-rasa/5.0.19/files/rasa-latin-700-normal.woff.gz
- fontsource-rasa/5.0.19/files/rasa-latin-ext-300-italic.woff.gz
- fontsource-rasa/5.0.19/files/rasa-latin-ext-300-normal.woff.gz
- fontsource-rasa/5.0.19/files/rasa-latin-ext-400-italic.woff.gz
- fontsource-rasa/5.0.19/files/rasa-latin-ext-400-normal.woff.gz
- fontsource-rasa/5.0.19/files/rasa-latin-ext-500-italic.woff.gz
- fontsource-rasa/5.0.19/files/rasa-latin-ext-500-normal.woff.gz
- fontsource-rasa/5.0.19/files/rasa-latin-ext-600-italic.woff.gz
- fontsource-rasa/5.0.19/files/rasa-latin-ext-600-normal.woff.gz
- fontsource-rasa/5.0.19/files/rasa-latin-ext-700-italic.woff.gz
- fontsource-rasa/5.0.19/files/rasa-latin-ext-700-normal.woff.gz
- fontsource-rasa/5.0.19/files/rasa-vietnamese-300-italic.woff.gz
- fontsource-rasa/5.0.19/files/rasa-vietnamese-300-normal.woff.gz
- fontsource-rasa/5.0.19/files/rasa-vietnamese-400-italic.woff.gz
- fontsource-rasa/5.0.19/files/rasa-vietnamese-400-normal.woff.gz
- fontsource-rasa/5.0.19/files/rasa-vietnamese-500-italic.woff.gz
- fontsource-rasa/5.0.19/files/rasa-vietnamese-500-normal.woff.gz
- fontsource-rasa/5.0.19/files/rasa-vietnamese-600-italic.woff.gz
- fontsource-rasa/5.0.19/files/rasa-vietnamese-600-normal.woff.gz
- fontsource-rasa/5.0.19/files/rasa-vietnamese-700-italic.woff.gz
- fontsource-rasa/5.0.19/files/rasa-vietnamese-700-normal.woff.gz
- fontsource-rasa/5.0.19/gujarati-300-italic.css.gz
- fontsource-rasa/5.0.19/gujarati-300-italic.min.css.gz
- fontsource-rasa/5.0.19/gujarati-300.css.gz
- fontsource-rasa/5.0.19/gujarati-300.min.css.gz
- fontsource-rasa/5.0.19/gujarati-400-italic.css.gz
- fontsource-rasa/5.0.19/gujarati-400-italic.min.css.gz
- fontsource-rasa/5.0.19/gujarati-400.css.gz
- fontsource-rasa/5.0.19/gujarati-400.min.css.gz
- fontsource-rasa/5.0.19/gujarati-500-italic.css.gz
- fontsource-rasa/5.0.19/gujarati-500-italic.min.css.gz
- fontsource-rasa/5.0.19/gujarati-500.css.gz
- fontsource-rasa/5.0.19/gujarati-500.min.css.gz
- fontsource-rasa/5.0.19/gujarati-600-italic.css.gz
- fontsource-rasa/5.0.19/gujarati-600-italic.min.css.gz
- fontsource-rasa/5.0.19/gujarati-600.css.gz
- fontsource-rasa/5.0.19/gujarati-600.min.css.gz
- fontsource-rasa/5.0.19/gujarati-700-italic.css.gz
- fontsource-rasa/5.0.19/gujarati-700-italic.min.css.gz
- fontsource-rasa/5.0.19/gujarati-700.css.gz
- fontsource-rasa/5.0.19/gujarati-700.min.css.gz
- fontsource-rasa/5.0.19/gujarati-italic.css.gz
- fontsource-rasa/5.0.19/gujarati-italic.min.css.gz
- fontsource-rasa/5.0.19/gujarati.css.gz
- fontsource-rasa/5.0.19/gujarati.min.css.gz
- fontsource-rasa/5.0.19/index.css.gz
- fontsource-rasa/5.0.19/index.min.css.gz
- fontsource-rasa/5.0.19/latin-300-italic.css.gz
- fontsource-rasa/5.0.19/latin-300-italic.min.css.gz
- fontsource-rasa/5.0.19/latin-300.css.gz
- fontsource-rasa/5.0.19/latin-300.min.css.gz
- fontsource-rasa/5.0.19/latin-400-italic.css.gz
- fontsource-rasa/5.0.19/latin-400-italic.min.css.gz
- fontsource-rasa/5.0.19/latin-400.css.gz
- fontsource-rasa/5.0.19/latin-400.min.css.gz
- fontsource-rasa/5.0.19/latin-500-italic.css.gz
- fontsource-rasa/5.0.19/latin-500-italic.min.css.gz
- fontsource-rasa/5.0.19/latin-500.css.gz
- fontsource-rasa/5.0.19/latin-500.min.css.gz
- fontsource-rasa/5.0.19/latin-600-italic.css.gz
- fontsource-rasa/5.0.19/latin-600-italic.min.css.gz
- fontsource-rasa/5.0.19/latin-600.css.gz
- fontsource-rasa/5.0.19/latin-600.min.css.gz
- fontsource-rasa/5.0.19/latin-700-italic.css.gz
- fontsource-rasa/5.0.19/latin-700-italic.min.css.gz
- fontsource-rasa/5.0.19/latin-700.css.gz
- fontsource-rasa/5.0.19/latin-700.min.css.gz
- fontsource-rasa/5.0.19/latin-ext-300-italic.css.gz
- fontsource-rasa/5.0.19/latin-ext-300-italic.min.css.gz
- fontsource-rasa/5.0.19/latin-ext-300.css.gz
- fontsource-rasa/5.0.19/latin-ext-300.min.css.gz
- fontsource-rasa/5.0.19/latin-ext-400-italic.css.gz
- fontsource-rasa/5.0.19/latin-ext-400-italic.min.css.gz
- fontsource-rasa/5.0.19/latin-ext-400.css.gz
- fontsource-rasa/5.0.19/latin-ext-400.min.css.gz
- fontsource-rasa/5.0.19/latin-ext-500-italic.css.gz
- fontsource-rasa/5.0.19/latin-ext-500-italic.min.css.gz
- fontsource-rasa/5.0.19/latin-ext-500.css.gz
- fontsource-rasa/5.0.19/latin-ext-500.min.css.gz
- fontsource-rasa/5.0.19/latin-ext-600-italic.css.gz
- fontsource-rasa/5.0.19/latin-ext-600-italic.min.css.gz
- fontsource-rasa/5.0.19/latin-ext-600.css.gz
- fontsource-rasa/5.0.19/latin-ext-600.min.css.gz
- fontsource-rasa/5.0.19/latin-ext-700-italic.css.gz
- fontsource-rasa/5.0.19/latin-ext-700-italic.min.css.gz
- fontsource-rasa/5.0.19/latin-ext-700.css.gz
- fontsource-rasa/5.0.19/latin-ext-700.min.css.gz
- fontsource-rasa/5.0.19/latin-ext-italic.css.gz
- fontsource-rasa/5.0.19/latin-ext-italic.min.css.gz
- fontsource-rasa/5.0.19/latin-ext.css.gz
- fontsource-rasa/5.0.19/latin-ext.min.css.gz
- fontsource-rasa/5.0.19/latin-italic.css.gz
- fontsource-rasa/5.0.19/latin-italic.min.css.gz
- fontsource-rasa/5.0.19/latin.css.gz
- fontsource-rasa/5.0.19/latin.min.css.gz
- fontsource-rasa/5.0.19/vietnamese-300-italic.css.gz
- fontsource-rasa/5.0.19/vietnamese-300-italic.min.css.gz
- fontsource-rasa/5.0.19/vietnamese-300.css.gz
- fontsource-rasa/5.0.19/vietnamese-300.min.css.gz
- fontsource-rasa/5.0.19/vietnamese-400-italic.css.gz
- fontsource-rasa/5.0.19/vietnamese-400-italic.min.css.gz
- fontsource-rasa/5.0.19/vietnamese-400.css.gz
- fontsource-rasa/5.0.19/vietnamese-400.min.css.gz
- fontsource-rasa/5.0.19/vietnamese-500-italic.css.gz
- fontsource-rasa/5.0.19/vietnamese-500-italic.min.css.gz
- fontsource-rasa/5.0.19/vietnamese-500.css.gz
- fontsource-rasa/5.0.19/vietnamese-500.min.css.gz
- fontsource-rasa/5.0.19/vietnamese-600-italic.css.gz
- fontsource-rasa/5.0.19/vietnamese-600-italic.min.css.gz
- fontsource-rasa/5.0.19/vietnamese-600.css.gz
- fontsource-rasa/5.0.19/vietnamese-600.min.css.gz
- fontsource-rasa/5.0.19/vietnamese-700-italic.css.gz
- fontsource-rasa/5.0.19/vietnamese-700-italic.min.css.gz
- fontsource-rasa/5.0.19/vietnamese-700.css.gz
- fontsource-rasa/5.0.19/vietnamese-700.min.css.gz
- fontsource-rasa/5.0.19/vietnamese-italic.css.gz
- fontsource-rasa/5.0.19/vietnamese-italic.min.css.gz
- fontsource-rasa/5.0.19/vietnamese.css.gz
- fontsource-rasa/5.0.19/vietnamese.min.css.gz
