Files:
- fontsource-great-vibes/5.0.1/400.css.br
- fontsource-great-vibes/5.0.1/400.css.gz
- fontsource-great-vibes/5.0.1/400.min.css.br
- fontsource-great-vibes/5.0.1/400.min.css.gz
- fontsource-great-vibes/5.0.1/files/great-vibes-latin-400-normal.woff.br
- fontsource-great-vibes/5.0.1/files/great-vibes-latin-400-normal.woff.gz
- fontsource-great-vibes/5.0.1/files/great-vibes-latin-400-normal.woff2
- fontsource-great-vibes/5.0.1/files/great-vibes-latin-ext-400-normal.woff.br
- fontsource-great-vibes/5.0.1/files/great-vibes-latin-ext-400-normal.woff.gz
- fontsource-great-vibes/5.0.1/files/great-vibes-latin-ext-400-normal.woff2
- fontsource-great-vibes/5.0.1/files/great-vibes-vietnamese-400-normal.woff.br
- fontsource-great-vibes/5.0.1/files/great-vibes-vietnamese-400-normal.woff.gz
- fontsource-great-vibes/5.0.1/files/great-vibes-vietnamese-400-normal.woff2
- fontsource-great-vibes/5.0.1/index.css.br
- fontsource-great-vibes/5.0.1/index.css.gz
- fontsource-great-vibes/5.0.1/index.min.css.br
- fontsource-great-vibes/5.0.1/index.min.css.gz
- fontsource-great-vibes/5.0.1/latin-400.css.br
- fontsource-great-vibes/5.0.1/latin-400.css.gz
- fontsource-great-vibes/5.0.1/latin-400.min.css.br
- fontsource-great-vibes/5.0.1/latin-400.min.css.gz
- fontsource-great-vibes/5.0.1/latin-ext-400.css.br
- fontsource-great-vibes/5.0.1/latin-ext-400.css.gz
- fontsource-great-vibes/5.0.1/latin-ext-400.min.css.br
- fontsource-great-vibes/5.0.1/latin-ext-400.min.css.gz
- fontsource-great-vibes/5.0.1/latin-ext.css.br
- fontsource-great-vibes/5.0.1/latin-ext.css.gz
- fontsource-great-vibes/5.0.1/latin-ext.min.css.br
- fontsource-great-vibes/5.0.1/latin-ext.min.css.gz
- fontsource-great-vibes/5.0.1/latin.css.br
- fontsource-great-vibes/5.0.1/latin.css.gz
- fontsource-great-vibes/5.0.1/latin.min.css.br
- fontsource-great-vibes/5.0.1/latin.min.css.gz
- fontsource-great-vibes/5.0.1/vietnamese-400.css.br
- fontsource-great-vibes/5.0.1/vietnamese-400.css.gz
- fontsource-great-vibes/5.0.1/vietnamese-400.min.css.br
- fontsource-great-vibes/5.0.1/vietnamese-400.min.css.gz
- fontsource-great-vibes/5.0.1/vietnamese.css.br
- fontsource-great-vibes/5.0.1/vietnamese.css.gz
- fontsource-great-vibes/5.0.1/vietnamese.min.css.br
- fontsource-great-vibes/5.0.1/vietnamese.min.css.gz
