config: {"authors":[{"name":"Google Inc."}],"autoupdate":{"source":"npm","target":"@fontsource/noto-sans-meroitic","fileMap":[{"basePath":"","files":["*.css","files/*.@(woff|woff2)"]}],"excludeFromSearch":true},"description":"Self-host the Noto Sans Meroitic font in a neatly bundled NPM package.","filename":"index.css","homepage":"https://fontsource.org/fonts/noto-sans-meroitic","keywords":["fontsource","font","font family","google fonts","noto-sans-meroitic","Noto Sans Meroitic","css","sass","front-end","web","typeface","variable"],"license":"OFL-1.1","name":"fontsource-noto-sans-meroitic","repository":{"type":"git","url":"git+https://github.com/fontsource/font-files.git"},"author":"Google Inc."}
KV keys:
- fontsource-noto-sans-meroitic/4.5.7/400.css.br
- fontsource-noto-sans-meroitic/4.5.7/400.css.gz
- fontsource-noto-sans-meroitic/4.5.7/400.min.css.br
- fontsource-noto-sans-meroitic/4.5.7/400.min.css.gz
- fontsource-noto-sans-meroitic/4.5.7/files/noto-sans-meroitic-all-400-normal.woff.br
- fontsource-noto-sans-meroitic/4.5.7/files/noto-sans-meroitic-all-400-normal.woff.gz
- fontsource-noto-sans-meroitic/4.5.7/files/noto-sans-meroitic-meroitic-400-normal.woff.br
- fontsource-noto-sans-meroitic/4.5.7/files/noto-sans-meroitic-meroitic-400-normal.woff.gz
- fontsource-noto-sans-meroitic/4.5.7/files/noto-sans-meroitic-meroitic-400-normal.woff2
- fontsource-noto-sans-meroitic/4.5.7/index.css.br
- fontsource-noto-sans-meroitic/4.5.7/index.css.gz
- fontsource-noto-sans-meroitic/4.5.7/index.min.css.br
- fontsource-noto-sans-meroitic/4.5.7/index.min.css.gz
- fontsource-noto-sans-meroitic/4.5.7/meroitic-400.css.br
- fontsource-noto-sans-meroitic/4.5.7/meroitic-400.css.gz
- fontsource-noto-sans-meroitic/4.5.7/meroitic-400.min.css.br
- fontsource-noto-sans-meroitic/4.5.7/meroitic-400.min.css.gz
- fontsource-noto-sans-meroitic/4.5.7/meroitic.css.br
- fontsource-noto-sans-meroitic/4.5.7/meroitic.css.gz
- fontsource-noto-sans-meroitic/4.5.7/meroitic.min.css.br
- fontsource-noto-sans-meroitic/4.5.7/meroitic.min.css.gz
SRIs:
- fontsource-noto-sans-meroitic/4.5.7/meroitic.css: sha512-lyq4JwI7lw2Pw+lCSKShyP00ZLD1PeYY3tlrVi9p/aiLDXhYrEjv2qXyOyqtKMsdVBjgtbPsrvEIb0sNsDIPAg==
- fontsource-noto-sans-meroitic/4.5.7/meroitic.min.css: sha512-I6idPG2FSssa1GvCSTAUe5fwXsP64WjFJJSG/dYjHswh407MIdJqJbg9ciuK9gVXmIulGMQKKJLenaTx167+Eg==
- fontsource-noto-sans-meroitic/4.5.7/400.css: sha512-zvqeynmSd5E7cAfnLtXWF/yCa1fUM3PlPFf5G0fit4wLcVB7QrTkPJmSkQDgpBAhKo0aMqxggQJiAPolDOUa8Q==
- fontsource-noto-sans-meroitic/4.5.7/400.min.css: sha512-8FRlg3pyKAhMbWMRJwc9Wsr6Wz7H3bSoW3BF6YhZwK0GXhv/4a06aGBhk3txIs6DriAOIokToeT3Sa9kt6/tig==
- fontsource-noto-sans-meroitic/4.5.7/index.css: sha512-zvqeynmSd5E7cAfnLtXWF/yCa1fUM3PlPFf5G0fit4wLcVB7QrTkPJmSkQDgpBAhKo0aMqxggQJiAPolDOUa8Q==
- fontsource-noto-sans-meroitic/4.5.7/index.min.css: sha512-8FRlg3pyKAhMbWMRJwc9Wsr6Wz7H3bSoW3BF6YhZwK0GXhv/4a06aGBhk3txIs6DriAOIokToeT3Sa9kt6/tig==
- fontsource-noto-sans-meroitic/4.5.7/meroitic-400.css: sha512-lyq4JwI7lw2Pw+lCSKShyP00ZLD1PeYY3tlrVi9p/aiLDXhYrEjv2qXyOyqtKMsdVBjgtbPsrvEIb0sNsDIPAg==
- fontsource-noto-sans-meroitic/4.5.7/meroitic-400.min.css: sha512-I6idPG2FSssa1GvCSTAUe5fwXsP64WjFJJSG/dYjHswh407MIdJqJbg9ciuK9gVXmIulGMQKKJLenaTx167+Eg==
