2022/01/04 10:35:59 ExtractTarGz: uknown type: 67 in pax_global_header
2022/01/04 10:36:02 optimizing files (Js true, Css true, Png true, Jpg true)
2022/01/04 10:36:02 algorithm: run /usr/bin/brotli --quality=11 --output=/output/otf/ChironSansHK-Bold.otf.br /tmp/work/build/otf/ChironSansHK-Bold.otf
2022/01/04 10:36:02 algorithm: run /usr/bin/brotli --quality=11 --output=/output/otf/ChironSansHK-Heavy.otf.br /tmp/work/build/otf/ChironSansHK-Heavy.otf
2022/01/04 10:36:02 algorithm: run /usr/bin/brotli --quality=11 --output=/output/otf/ChironSansHK-ExtraLight.otf.br /tmp/work/build/otf/ChironSansHK-ExtraLight.otf
2022/01/04 10:36:02 algorithm: run /usr/bin/brotli --quality=11 --output=/output/otf/ChironSansHK-Regular.otf.br /tmp/work/build/otf/ChironSansHK-Regular.otf
2022/01/04 10:36:02 algorithm: run /usr/bin/brotli --quality=11 --output=/output/otf/ChironSansHK-Light.otf.br /tmp/work/build/otf/ChironSansHK-Light.otf
2022/01/04 10:36:02 algorithm: run /usr/bin/brotli --quality=11 --output=/output/otf/ChironSansHK-Normal.otf.br /tmp/work/build/otf/ChironSansHK-Normal.otf
2022/01/04 10:36:02 algorithm: run /usr/bin/brotli --quality=11 --output=/output/ttf/ChironSansHKTT-Bold.ttf.br /tmp/work/build/ttf/ChironSansHKTT-Bold.ttf
2022/01/04 10:36:02 algorithm: run /usr/bin/brotli --quality=11 --output=/output/otf/ChironSansHK-Medium.otf.br /tmp/work/build/otf/ChironSansHK-Medium.otf
2022/01/04 10:37:15 br /tmp/work/build/ttf/ChironSansHKTT-Bold.ttf -> /output/ttf/ChironSansHKTT-Bold.ttf.br
2022/01/04 10:37:16 gz /tmp/work/build/ttf/ChironSansHKTT-Bold.ttf -> /output/ttf/ChironSansHKTT-Bold.ttf.gz
2022/01/04 10:37:16 algorithm: run /usr/bin/brotli --quality=11 --output=/output/ttf/ChironSansHKTT-ExtraLight.ttf.br /tmp/work/build/ttf/ChironSansHKTT-ExtraLight.ttf
2022/01/04 10:37:28 br /tmp/work/build/otf/ChironSansHK-ExtraLight.otf -> /output/otf/ChironSansHK-ExtraLight.otf.br
2022/01/04 10:37:28 gz /tmp/work/build/otf/ChironSansHK-ExtraLight.otf -> /output/otf/ChironSansHK-ExtraLight.otf.gz
2022/01/04 10:37:28 algorithm: run /usr/bin/brotli --quality=11 --output=/output/ttf/ChironSansHKTT-Heavy.ttf.br /tmp/work/build/ttf/ChironSansHKTT-Heavy.ttf
2022/01/04 10:37:33 br /tmp/work/build/otf/ChironSansHK-Normal.otf -> /output/otf/ChironSansHK-Normal.otf.br
2022/01/04 10:37:33 br /tmp/work/build/otf/ChironSansHK-Light.otf -> /output/otf/ChironSansHK-Light.otf.br
2022/01/04 10:37:33 gz /tmp/work/build/otf/ChironSansHK-Normal.otf -> /output/otf/ChironSansHK-Normal.otf.gz
2022/01/04 10:37:33 algorithm: run /usr/bin/brotli --quality=11 --output=/output/ttf/ChironSansHKTT-Light.ttf.br /tmp/work/build/ttf/ChironSansHKTT-Light.ttf
2022/01/04 10:37:34 gz /tmp/work/build/otf/ChironSansHK-Light.otf -> /output/otf/ChironSansHK-Light.otf.gz
2022/01/04 10:37:34 algorithm: run /usr/bin/brotli --quality=11 --output=/output/ttf/ChironSansHKTT-Medium.ttf.br /tmp/work/build/ttf/ChironSansHKTT-Medium.ttf
2022/01/04 10:37:35 br /tmp/work/build/otf/ChironSansHK-Bold.otf -> /output/otf/ChironSansHK-Bold.otf.br
2022/01/04 10:37:35 br /tmp/work/build/otf/ChironSansHK-Regular.otf -> /output/otf/ChironSansHK-Regular.otf.br
2022/01/04 10:37:35 gz /tmp/work/build/otf/ChironSansHK-Bold.otf -> /output/otf/ChironSansHK-Bold.otf.gz
2022/01/04 10:37:35 algorithm: run /usr/bin/brotli --quality=11 --output=/output/ttf/ChironSansHKTT-Normal.ttf.br /tmp/work/build/ttf/ChironSansHKTT-Normal.ttf
2022/01/04 10:37:36 gz /tmp/work/build/otf/ChironSansHK-Regular.otf -> /output/otf/ChironSansHK-Regular.otf.gz
2022/01/04 10:37:36 algorithm: run /usr/bin/brotli --quality=11 --output=/output/ttf/ChironSansHKTT-Regular.ttf.br /tmp/work/build/ttf/ChironSansHKTT-Regular.ttf
2022/01/04 10:37:37 br /tmp/work/build/otf/ChironSansHK-Medium.otf -> /output/otf/ChironSansHK-Medium.otf.br
2022/01/04 10:37:38 gz /tmp/work/build/otf/ChironSansHK-Medium.otf -> /output/otf/ChironSansHK-Medium.otf.gz
2022/01/04 10:37:38 algorithm: run /usr/bin/brotli --quality=11 --output=/output/variable/ChironSansHKVF.otf.br /tmp/work/build/variable/ChironSansHKVF.otf
2022/01/04 10:37:40 br /tmp/work/build/otf/ChironSansHK-Heavy.otf -> /output/otf/ChironSansHK-Heavy.otf.br
2022/01/04 10:37:41 gz /tmp/work/build/otf/ChironSansHK-Heavy.otf -> /output/otf/ChironSansHK-Heavy.otf.gz
2022/01/04 10:37:41 compress: run /node_modules/clean-css-cli/bin/cleancss --compatibility --s0 -o /tmp/work/build/webfont/css/vf.min.css /tmp/work/build/webfont/css/vf.css
2022/01/04 10:37:42 sri /tmp/work/build/webfont/css/vf.min.css -> /output/webfont/css/vf.min.css.sri
2022/01/04 10:37:42 algorithm: run /usr/bin/brotli --quality=11 --output=/output/webfont/css/vf.min.css.br /tmp/work/build/webfont/css/vf.min.css
2022/01/04 10:37:43 br /tmp/work/build/webfont/css/vf.min.css -> /output/webfont/css/vf.min.css.br
2022/01/04 10:37:43 gz /tmp/work/build/webfont/css/vf.min.css -> /output/webfont/css/vf.min.css.gz
2022/01/04 10:37:43 sri /tmp/work/build/webfont/css/vf.css -> /output/webfont/css/vf.css.sri
2022/01/04 10:37:43 algorithm: run /usr/bin/brotli --quality=11 --output=/output/webfont/css/vf.css.br /tmp/work/build/webfont/css/vf.css
2022/01/04 10:37:44 br /tmp/work/build/webfont/css/vf.css -> /output/webfont/css/vf.css.br
2022/01/04 10:37:44 gz /tmp/work/build/webfont/css/vf.css -> /output/webfont/css/vf.css.gz
2022/01/04 10:37:44 copy /tmp/work/build/webfont/woff2/chironsanshkvf.C_H1BE.woff2 -> /output/webfont/woff2/chironsanshkvf.C_H1BE.woff2
2022/01/04 10:37:44 copy /tmp/work/build/webfont/woff2/chironsanshkvf.C_HKCM.woff2 -> /output/webfont/woff2/chironsanshkvf.C_HKCM.woff2
2022/01/04 10:37:44 copy /tmp/work/build/webfont/woff2/chironsanshkvf.C_J1A.woff2 -> /output/webfont/woff2/chironsanshkvf.C_J1A.woff2
2022/01/04 10:37:44 copy /tmp/work/build/webfont/woff2/chironsanshkvf.C_T1A.woff2 -> /output/webfont/woff2/chironsanshkvf.C_T1A.woff2
2022/01/04 10:37:44 copy /tmp/work/build/webfont/woff2/chironsanshkvf.C_T2.woff2 -> /output/webfont/woff2/chironsanshkvf.C_T2.woff2
2022/01/04 10:37:44 copy /tmp/work/build/webfont/woff2/chironsanshkvf.C_T34.woff2 -> /output/webfont/woff2/chironsanshkvf.C_T34.woff2
2022/01/04 10:37:44 copy /tmp/work/build/webfont/woff2/chironsanshkvf.E_EAB_0.woff2 -> /output/webfont/woff2/chironsanshkvf.E_EAB_0.woff2
2022/01/04 10:37:44 copy /tmp/work/build/webfont/woff2/chironsanshkvf.E_EAB_1.woff2 -> /output/webfont/woff2/chironsanshkvf.E_EAB_1.woff2
2022/01/04 10:37:44 copy /tmp/work/build/webfont/woff2/chironsanshkvf.E_EAB_2.woff2 -> /output/webfont/woff2/chironsanshkvf.E_EAB_2.woff2
2022/01/04 10:37:44 copy /tmp/work/build/webfont/woff2/chironsanshkvf.E_EAB_3.woff2 -> /output/webfont/woff2/chironsanshkvf.E_EAB_3.woff2
2022/01/04 10:37:44 copy /tmp/work/build/webfont/woff2/chironsanshkvf.E_EAB_4.woff2 -> /output/webfont/woff2/chironsanshkvf.E_EAB_4.woff2
2022/01/04 10:37:44 copy /tmp/work/build/webfont/woff2/chironsanshkvf.E_EAB_5.woff2 -> /output/webfont/woff2/chironsanshkvf.E_EAB_5.woff2
2022/01/04 10:37:44 copy /tmp/work/build/webfont/woff2/chironsanshkvf.E_EAB_6.woff2 -> /output/webfont/woff2/chironsanshkvf.E_EAB_6.woff2
2022/01/04 10:37:44 copy /tmp/work/build/webfont/woff2/chironsanshkvf.E_EAB_7.woff2 -> /output/webfont/woff2/chironsanshkvf.E_EAB_7.woff2
2022/01/04 10:37:44 copy /tmp/work/build/webfont/woff2/chironsanshkvf.E_EAO_0.woff2 -> /output/webfont/woff2/chironsanshkvf.E_EAO_0.woff2
2022/01/04 10:37:44 copy /tmp/work/build/webfont/woff2/chironsanshkvf.E_EAO_1.woff2 -> /output/webfont/woff2/chironsanshkvf.E_EAO_1.woff2
2022/01/04 10:37:44 copy /tmp/work/build/webfont/woff2/chironsanshkvf.F_BF_0.woff2 -> /output/webfont/woff2/chironsanshkvf.F_BF_0.woff2
2022/01/04 10:37:44 copy /tmp/work/build/webfont/woff2/chironsanshkvf.F_BF_1.woff2 -> /output/webfont/woff2/chironsanshkvf.F_BF_1.woff2
2022/01/04 10:37:44 copy /tmp/work/build/webfont/woff2/chironsanshkvf.F_BF_2.woff2 -> /output/webfont/woff2/chironsanshkvf.F_BF_2.woff2
2022/01/04 10:37:44 copy /tmp/work/build/webfont/woff2/chironsanshkvf.F_BF_3.woff2 -> /output/webfont/woff2/chironsanshkvf.F_BF_3.woff2
2022/01/04 10:37:44 copy /tmp/work/build/webfont/woff2/chironsanshkvf.G_0.woff2 -> /output/webfont/woff2/chironsanshkvf.G_0.woff2
2022/01/04 10:37:44 copy /tmp/work/build/webfont/woff2/chironsanshkvf.G_1.woff2 -> /output/webfont/woff2/chironsanshkvf.G_1.woff2
2022/01/04 10:37:44 copy /tmp/work/build/webfont/woff2/chironsanshkvf.G_10.woff2 -> /output/webfont/woff2/chironsanshkvf.G_10.woff2
2022/01/04 10:37:44 copy /tmp/work/build/webfont/woff2/chironsanshkvf.G_100.woff2 -> /output/webfont/woff2/chironsanshkvf.G_100.woff2
2022/01/04 10:37:44 copy /tmp/work/build/webfont/woff2/chironsanshkvf.G_101.woff2 -> /output/webfont/woff2/chironsanshkvf.G_101.woff2
2022/01/04 10:37:44 copy /tmp/work/build/webfont/woff2/chironsanshkvf.G_102.woff2 -> /output/webfont/woff2/chironsanshkvf.G_102.woff2
2022/01/04 10:37:44 copy /tmp/work/build/webfont/woff2/chironsanshkvf.G_103.woff2 -> /output/webfont/woff2/chironsanshkvf.G_103.woff2
2022/01/04 10:37:44 copy /tmp/work/build/webfont/woff2/chironsanshkvf.G_104.woff2 -> /output/webfont/woff2/chironsanshkvf.G_104.woff2
2022/01/04 10:37:44 copy /tmp/work/build/webfont/woff2/chironsanshkvf.G_105.woff2 -> /output/webfont/woff2/chironsanshkvf.G_105.woff2
2022/01/04 10:37:44 copy /tmp/work/build/webfont/woff2/chironsanshkvf.G_106.woff2 -> /output/webfont/woff2/chironsanshkvf.G_106.woff2
2022/01/04 10:37:44 copy /tmp/work/build/webfont/woff2/chironsanshkvf.G_107.woff2 -> /output/webfont/woff2/chironsanshkvf.G_107.woff2
2022/01/04 10:37:44 copy /tmp/work/build/webfont/woff2/chironsanshkvf.G_108.woff2 -> /output/webfont/woff2/chironsanshkvf.G_108.woff2
2022/01/04 10:37:44 copy /tmp/work/build/webfont/woff2/chironsanshkvf.G_109.woff2 -> /output/webfont/woff2/chironsanshkvf.G_109.woff2
2022/01/04 10:37:44 copy /tmp/work/build/webfont/woff2/chironsanshkvf.G_110.woff2 -> /output/webfont/woff2/chironsanshkvf.G_110.woff2
2022/01/04 10:37:44 copy /tmp/work/build/webfont/woff2/chironsanshkvf.G_111.woff2 -> /output/webfont/woff2/chironsanshkvf.G_111.woff2
2022/01/04 10:37:44 copy /tmp/work/build/webfont/woff2/chironsanshkvf.G_112.woff2 -> /output/webfont/woff2/chironsanshkvf.G_112.woff2
2022/01/04 10:37:44 copy /tmp/work/build/webfont/woff2/chironsanshkvf.G_113.woff2 -> /output/webfont/woff2/chironsanshkvf.G_113.woff2
2022/01/04 10:37:44 copy /tmp/work/build/webfont/woff2/chironsanshkvf.G_114.woff2 -> /output/webfont/woff2/chironsanshkvf.G_114.woff2
2022/01/04 10:37:44 copy /tmp/work/build/webfont/woff2/chironsanshkvf.G_115.woff2 -> /output/webfont/woff2/chironsanshkvf.G_115.woff2
2022/01/04 10:37:44 copy /tmp/work/build/webfont/woff2/chironsanshkvf.G_116.woff2 -> /output/webfont/woff2/chironsanshkvf.G_116.woff2
2022/01/04 10:37:44 copy /tmp/work/build/webfont/woff2/chironsanshkvf.G_117.woff2 -> /output/webfont/woff2/chironsanshkvf.G_117.woff2
2022/01/04 10:37:44 copy /tmp/work/build/webfont/woff2/chironsanshkvf.G_118.woff2 -> /output/webfont/woff2/chironsanshkvf.G_118.woff2
2022/01/04 10:37:44 copy /tmp/work/build/webfont/woff2/chironsanshkvf.G_119.woff2 -> /output/webfont/woff2/chironsanshkvf.G_119.woff2
2022/01/04 10:37:44 copy /tmp/work/build/webfont/woff2/chironsanshkvf.G_15.woff2 -> /output/webfont/woff2/chironsanshkvf.G_15.woff2
2022/01/04 10:37:44 copy /tmp/work/build/webfont/woff2/chironsanshkvf.G_16.woff2 -> /output/webfont/woff2/chironsanshkvf.G_16.woff2
2022/01/04 10:37:44 copy /tmp/work/build/webfont/woff2/chironsanshkvf.G_17.woff2 -> /output/webfont/woff2/chironsanshkvf.G_17.woff2
2022/01/04 10:37:44 copy /tmp/work/build/webfont/woff2/chironsanshkvf.G_2.woff2 -> /output/webfont/woff2/chironsanshkvf.G_2.woff2
2022/01/04 10:37:44 copy /tmp/work/build/webfont/woff2/chironsanshkvf.G_25.woff2 -> /output/webfont/woff2/chironsanshkvf.G_25.woff2
2022/01/04 10:37:44 copy /tmp/work/build/webfont/woff2/chironsanshkvf.G_26.woff2 -> /output/webfont/woff2/chironsanshkvf.G_26.woff2
2022/01/04 10:37:44 copy /tmp/work/build/webfont/woff2/chironsanshkvf.G_27.woff2 -> /output/webfont/woff2/chironsanshkvf.G_27.woff2
2022/01/04 10:37:44 copy /tmp/work/build/webfont/woff2/chironsanshkvf.G_28.woff2 -> /output/webfont/woff2/chironsanshkvf.G_28.woff2
2022/01/04 10:37:44 copy /tmp/work/build/webfont/woff2/chironsanshkvf.G_29.woff2 -> /output/webfont/woff2/chironsanshkvf.G_29.woff2
2022/01/04 10:37:44 copy /tmp/work/build/webfont/woff2/chironsanshkvf.G_3.woff2 -> /output/webfont/woff2/chironsanshkvf.G_3.woff2
2022/01/04 10:37:44 copy /tmp/work/build/webfont/woff2/chironsanshkvf.G_30.woff2 -> /output/webfont/woff2/chironsanshkvf.G_30.woff2
2022/01/04 10:37:44 copy /tmp/work/build/webfont/woff2/chironsanshkvf.G_31.woff2 -> /output/webfont/woff2/chironsanshkvf.G_31.woff2
2022/01/04 10:37:44 copy /tmp/work/build/webfont/woff2/chironsanshkvf.G_32.woff2 -> /output/webfont/woff2/chironsanshkvf.G_32.woff2
2022/01/04 10:37:44 copy /tmp/work/build/webfont/woff2/chironsanshkvf.G_33.woff2 -> /output/webfont/woff2/chironsanshkvf.G_33.woff2
2022/01/04 10:37:44 copy /tmp/work/build/webfont/woff2/chironsanshkvf.G_34.woff2 -> /output/webfont/woff2/chironsanshkvf.G_34.woff2
2022/01/04 10:37:44 copy /tmp/work/build/webfont/woff2/chironsanshkvf.G_35.woff2 -> /output/webfont/woff2/chironsanshkvf.G_35.woff2
2022/01/04 10:37:44 copy /tmp/work/build/webfont/woff2/chironsanshkvf.G_36.woff2 -> /output/webfont/woff2/chironsanshkvf.G_36.woff2
2022/01/04 10:37:44 copy /tmp/work/build/webfont/woff2/chironsanshkvf.G_37.woff2 -> /output/webfont/woff2/chironsanshkvf.G_37.woff2
2022/01/04 10:37:44 copy /tmp/work/build/webfont/woff2/chironsanshkvf.G_38.woff2 -> /output/webfont/woff2/chironsanshkvf.G_38.woff2
2022/01/04 10:37:44 copy /tmp/work/build/webfont/woff2/chironsanshkvf.G_39.woff2 -> /output/webfont/woff2/chironsanshkvf.G_39.woff2
2022/01/04 10:37:44 copy /tmp/work/build/webfont/woff2/chironsanshkvf.G_4.woff2 -> /output/webfont/woff2/chironsanshkvf.G_4.woff2
2022/01/04 10:37:44 copy /tmp/work/build/webfont/woff2/chironsanshkvf.G_40.woff2 -> /output/webfont/woff2/chironsanshkvf.G_40.woff2
2022/01/04 10:37:44 copy /tmp/work/build/webfont/woff2/chironsanshkvf.G_41.woff2 -> /output/webfont/woff2/chironsanshkvf.G_41.woff2
2022/01/04 10:37:44 copy /tmp/work/build/webfont/woff2/chironsanshkvf.G_42.woff2 -> /output/webfont/woff2/chironsanshkvf.G_42.woff2
2022/01/04 10:37:44 copy /tmp/work/build/webfont/woff2/chironsanshkvf.G_43.woff2 -> /output/webfont/woff2/chironsanshkvf.G_43.woff2
2022/01/04 10:37:44 copy /tmp/work/build/webfont/woff2/chironsanshkvf.G_44.woff2 -> /output/webfont/woff2/chironsanshkvf.G_44.woff2
2022/01/04 10:37:44 copy /tmp/work/build/webfont/woff2/chironsanshkvf.G_45.woff2 -> /output/webfont/woff2/chironsanshkvf.G_45.woff2
2022/01/04 10:37:44 copy /tmp/work/build/webfont/woff2/chironsanshkvf.G_46.woff2 -> /output/webfont/woff2/chironsanshkvf.G_46.woff2
2022/01/04 10:37:44 copy /tmp/work/build/webfont/woff2/chironsanshkvf.G_47.woff2 -> /output/webfont/woff2/chironsanshkvf.G_47.woff2
2022/01/04 10:37:44 copy /tmp/work/build/webfont/woff2/chironsanshkvf.G_48.woff2 -> /output/webfont/woff2/chironsanshkvf.G_48.woff2
2022/01/04 10:37:44 copy /tmp/work/build/webfont/woff2/chironsanshkvf.G_49.woff2 -> /output/webfont/woff2/chironsanshkvf.G_49.woff2
2022/01/04 10:37:44 copy /tmp/work/build/webfont/woff2/chironsanshkvf.G_5.woff2 -> /output/webfont/woff2/chironsanshkvf.G_5.woff2
2022/01/04 10:37:44 copy /tmp/work/build/webfont/woff2/chironsanshkvf.G_50.woff2 -> /output/webfont/woff2/chironsanshkvf.G_50.woff2
2022/01/04 10:37:44 copy /tmp/work/build/webfont/woff2/chironsanshkvf.G_51.woff2 -> /output/webfont/woff2/chironsanshkvf.G_51.woff2
2022/01/04 10:37:44 copy /tmp/work/build/webfont/woff2/chironsanshkvf.G_52.woff2 -> /output/webfont/woff2/chironsanshkvf.G_52.woff2
2022/01/04 10:37:44 copy /tmp/work/build/webfont/woff2/chironsanshkvf.G_53.woff2 -> /output/webfont/woff2/chironsanshkvf.G_53.woff2
2022/01/04 10:37:44 copy /tmp/work/build/webfont/woff2/chironsanshkvf.G_54.woff2 -> /output/webfont/woff2/chironsanshkvf.G_54.woff2
2022/01/04 10:37:44 copy /tmp/work/build/webfont/woff2/chironsanshkvf.G_55.woff2 -> /output/webfont/woff2/chironsanshkvf.G_55.woff2
2022/01/04 10:37:44 copy /tmp/work/build/webfont/woff2/chironsanshkvf.G_56.woff2 -> /output/webfont/woff2/chironsanshkvf.G_56.woff2
2022/01/04 10:37:44 copy /tmp/work/build/webfont/woff2/chironsanshkvf.G_57.woff2 -> /output/webfont/woff2/chironsanshkvf.G_57.woff2
2022/01/04 10:37:44 copy /tmp/work/build/webfont/woff2/chironsanshkvf.G_58.woff2 -> /output/webfont/woff2/chironsanshkvf.G_58.woff2
2022/01/04 10:37:44 copy /tmp/work/build/webfont/woff2/chironsanshkvf.G_59.woff2 -> /output/webfont/woff2/chironsanshkvf.G_59.woff2
2022/01/04 10:37:44 copy /tmp/work/build/webfont/woff2/chironsanshkvf.G_6.woff2 -> /output/webfont/woff2/chironsanshkvf.G_6.woff2
2022/01/04 10:37:44 copy /tmp/work/build/webfont/woff2/chironsanshkvf.G_60.woff2 -> /output/webfont/woff2/chironsanshkvf.G_60.woff2
2022/01/04 10:37:44 copy /tmp/work/build/webfont/woff2/chironsanshkvf.G_61.woff2 -> /output/webfont/woff2/chironsanshkvf.G_61.woff2
2022/01/04 10:37:44 copy /tmp/work/build/webfont/woff2/chironsanshkvf.G_62.woff2 -> /output/webfont/woff2/chironsanshkvf.G_62.woff2
2022/01/04 10:37:44 copy /tmp/work/build/webfont/woff2/chironsanshkvf.G_63.woff2 -> /output/webfont/woff2/chironsanshkvf.G_63.woff2
2022/01/04 10:37:44 copy /tmp/work/build/webfont/woff2/chironsanshkvf.G_64.woff2 -> /output/webfont/woff2/chironsanshkvf.G_64.woff2
2022/01/04 10:37:44 copy /tmp/work/build/webfont/woff2/chironsanshkvf.G_65.woff2 -> /output/webfont/woff2/chironsanshkvf.G_65.woff2
2022/01/04 10:37:44 copy /tmp/work/build/webfont/woff2/chironsanshkvf.G_66.woff2 -> /output/webfont/woff2/chironsanshkvf.G_66.woff2
2022/01/04 10:37:44 copy /tmp/work/build/webfont/woff2/chironsanshkvf.G_67.woff2 -> /output/webfont/woff2/chironsanshkvf.G_67.woff2
2022/01/04 10:37:44 copy /tmp/work/build/webfont/woff2/chironsanshkvf.G_68.woff2 -> /output/webfont/woff2/chironsanshkvf.G_68.woff2
2022/01/04 10:37:44 copy /tmp/work/build/webfont/woff2/chironsanshkvf.G_69.woff2 -> /output/webfont/woff2/chironsanshkvf.G_69.woff2
2022/01/04 10:37:44 copy /tmp/work/build/webfont/woff2/chironsanshkvf.G_7.woff2 -> /output/webfont/woff2/chironsanshkvf.G_7.woff2
2022/01/04 10:37:44 copy /tmp/work/build/webfont/woff2/chironsanshkvf.G_70.woff2 -> /output/webfont/woff2/chironsanshkvf.G_70.woff2
2022/01/04 10:37:44 copy /tmp/work/build/webfont/woff2/chironsanshkvf.G_71.woff2 -> /output/webfont/woff2/chironsanshkvf.G_71.woff2
2022/01/04 10:37:44 copy /tmp/work/build/webfont/woff2/chironsanshkvf.G_72.woff2 -> /output/webfont/woff2/chironsanshkvf.G_72.woff2
2022/01/04 10:37:44 copy /tmp/work/build/webfont/woff2/chironsanshkvf.G_73.woff2 -> /output/webfont/woff2/chironsanshkvf.G_73.woff2
2022/01/04 10:37:44 copy /tmp/work/build/webfont/woff2/chironsanshkvf.G_74.woff2 -> /output/webfont/woff2/chironsanshkvf.G_74.woff2
2022/01/04 10:37:44 copy /tmp/work/build/webfont/woff2/chironsanshkvf.G_75.woff2 -> /output/webfont/woff2/chironsanshkvf.G_75.woff2
2022/01/04 10:37:44 copy /tmp/work/build/webfont/woff2/chironsanshkvf.G_76.woff2 -> /output/webfont/woff2/chironsanshkvf.G_76.woff2
2022/01/04 10:37:44 copy /tmp/work/build/webfont/woff2/chironsanshkvf.G_77.woff2 -> /output/webfont/woff2/chironsanshkvf.G_77.woff2
2022/01/04 10:37:44 copy /tmp/work/build/webfont/woff2/chironsanshkvf.G_78.woff2 -> /output/webfont/woff2/chironsanshkvf.G_78.woff2
2022/01/04 10:37:44 copy /tmp/work/build/webfont/woff2/chironsanshkvf.G_79.woff2 -> /output/webfont/woff2/chironsanshkvf.G_79.woff2
2022/01/04 10:37:44 copy /tmp/work/build/webfont/woff2/chironsanshkvf.G_8.woff2 -> /output/webfont/woff2/chironsanshkvf.G_8.woff2
2022/01/04 10:37:44 copy /tmp/work/build/webfont/woff2/chironsanshkvf.G_80.woff2 -> /output/webfont/woff2/chironsanshkvf.G_80.woff2
2022/01/04 10:37:44 copy /tmp/work/build/webfont/woff2/chironsanshkvf.G_81.woff2 -> /output/webfont/woff2/chironsanshkvf.G_81.woff2
2022/01/04 10:37:44 copy /tmp/work/build/webfont/woff2/chironsanshkvf.G_82.woff2 -> /output/webfont/woff2/chironsanshkvf.G_82.woff2
2022/01/04 10:37:44 copy /tmp/work/build/webfont/woff2/chironsanshkvf.G_83.woff2 -> /output/webfont/woff2/chironsanshkvf.G_83.woff2
2022/01/04 10:37:44 copy /tmp/work/build/webfont/woff2/chironsanshkvf.G_84.woff2 -> /output/webfont/woff2/chironsanshkvf.G_84.woff2
2022/01/04 10:37:44 copy /tmp/work/build/webfont/woff2/chironsanshkvf.G_85.woff2 -> /output/webfont/woff2/chironsanshkvf.G_85.woff2
2022/01/04 10:37:44 copy /tmp/work/build/webfont/woff2/chironsanshkvf.G_86.woff2 -> /output/webfont/woff2/chironsanshkvf.G_86.woff2
2022/01/04 10:37:44 copy /tmp/work/build/webfont/woff2/chironsanshkvf.G_87.woff2 -> /output/webfont/woff2/chironsanshkvf.G_87.woff2
2022/01/04 10:37:44 copy /tmp/work/build/webfont/woff2/chironsanshkvf.G_88.woff2 -> /output/webfont/woff2/chironsanshkvf.G_88.woff2
2022/01/04 10:37:44 copy /tmp/work/build/webfont/woff2/chironsanshkvf.G_89.woff2 -> /output/webfont/woff2/chironsanshkvf.G_89.woff2
2022/01/04 10:37:44 copy /tmp/work/build/webfont/woff2/chironsanshkvf.G_9.woff2 -> /output/webfont/woff2/chironsanshkvf.G_9.woff2
2022/01/04 10:37:44 copy /tmp/work/build/webfont/woff2/chironsanshkvf.G_90.woff2 -> /output/webfont/woff2/chironsanshkvf.G_90.woff2
2022/01/04 10:37:44 copy /tmp/work/build/webfont/woff2/chironsanshkvf.G_91.woff2 -> /output/webfont/woff2/chironsanshkvf.G_91.woff2
2022/01/04 10:37:44 copy /tmp/work/build/webfont/woff2/chironsanshkvf.G_92.woff2 -> /output/webfont/woff2/chironsanshkvf.G_92.woff2
2022/01/04 10:37:44 copy /tmp/work/build/webfont/woff2/chironsanshkvf.G_93.woff2 -> /output/webfont/woff2/chironsanshkvf.G_93.woff2
2022/01/04 10:37:44 copy /tmp/work/build/webfont/woff2/chironsanshkvf.G_98.woff2 -> /output/webfont/woff2/chironsanshkvf.G_98.woff2
2022/01/04 10:37:44 copy /tmp/work/build/webfont/woff2/chironsanshkvf.G_99.woff2 -> /output/webfont/woff2/chironsanshkvf.G_99.woff2
2022/01/04 10:37:44 copy /tmp/work/build/webfont/woff2/chironsanshkvf.M_ding.woff2 -> /output/webfont/woff2/chironsanshkvf.M_ding.woff2
2022/01/04 10:37:44 copy /tmp/work/build/webfont/woff2/chironsanshkvf.M_ECV.woff2 -> /output/webfont/woff2/chironsanshkvf.M_ECV.woff2
2022/01/04 10:37:44 copy /tmp/work/build/webfont/woff2/chironsanshkvf.M_exg.woff2 -> /output/webfont/woff2/chironsanshkvf.M_exg.woff2
2022/01/04 10:37:44 copy /tmp/work/build/webfont/woff2/chironsanshkvf.M_kxst.woff2 -> /output/webfont/woff2/chironsanshkvf.M_kxst.woff2
2022/01/04 10:37:44 copy /tmp/work/build/webfont/woff2/chironsanshkvf.M_mns.woff2 -> /output/webfont/woff2/chironsanshkvf.M_mns.woff2
2022/01/04 10:37:44 copy /tmp/work/build/webfont/woff2/chironsanshkvf.X_KX_0.woff2 -> /output/webfont/woff2/chironsanshkvf.X_KX_0.woff2
2022/01/04 10:37:44 copy /tmp/work/build/webfont/woff2/chironsanshkvf.X_KX_1.woff2 -> /output/webfont/woff2/chironsanshkvf.X_KX_1.woff2
2022/01/04 10:37:44 copy /tmp/work/build/webfont/woff2/chironsanshkvf.X_KX_10.woff2 -> /output/webfont/woff2/chironsanshkvf.X_KX_10.woff2
2022/01/04 10:37:44 copy /tmp/work/build/webfont/woff2/chironsanshkvf.X_KX_11.woff2 -> /output/webfont/woff2/chironsanshkvf.X_KX_11.woff2
2022/01/04 10:37:44 copy /tmp/work/build/webfont/woff2/chironsanshkvf.X_KX_12.woff2 -> /output/webfont/woff2/chironsanshkvf.X_KX_12.woff2
2022/01/04 10:37:44 copy /tmp/work/build/webfont/woff2/chironsanshkvf.X_KX_2.woff2 -> /output/webfont/woff2/chironsanshkvf.X_KX_2.woff2
2022/01/04 10:37:44 copy /tmp/work/build/webfont/woff2/chironsanshkvf.X_KX_3.woff2 -> /output/webfont/woff2/chironsanshkvf.X_KX_3.woff2
2022/01/04 10:37:44 copy /tmp/work/build/webfont/woff2/chironsanshkvf.X_KX_4.woff2 -> /output/webfont/woff2/chironsanshkvf.X_KX_4.woff2
2022/01/04 10:37:44 copy /tmp/work/build/webfont/woff2/chironsanshkvf.X_KX_5.woff2 -> /output/webfont/woff2/chironsanshkvf.X_KX_5.woff2
2022/01/04 10:37:44 copy /tmp/work/build/webfont/woff2/chironsanshkvf.X_KX_6.woff2 -> /output/webfont/woff2/chironsanshkvf.X_KX_6.woff2
2022/01/04 10:37:44 copy /tmp/work/build/webfont/woff2/chironsanshkvf.X_KX_7.woff2 -> /output/webfont/woff2/chironsanshkvf.X_KX_7.woff2
2022/01/04 10:37:44 copy /tmp/work/build/webfont/woff2/chironsanshkvf.X_KX_8.woff2 -> /output/webfont/woff2/chironsanshkvf.X_KX_8.woff2
2022/01/04 10:37:44 copy /tmp/work/build/webfont/woff2/chironsanshkvf.X_KX_9.woff2 -> /output/webfont/woff2/chironsanshkvf.X_KX_9.woff2
2022/01/04 10:38:31 br /tmp/work/build/ttf/ChironSansHKTT-ExtraLight.ttf -> /output/ttf/ChironSansHKTT-ExtraLight.ttf.br
2022/01/04 10:38:32 gz /tmp/work/build/ttf/ChironSansHKTT-ExtraLight.ttf -> /output/ttf/ChironSansHKTT-ExtraLight.ttf.gz
2022/01/04 10:38:41 br /tmp/work/build/ttf/ChironSansHKTT-Heavy.ttf -> /output/ttf/ChironSansHKTT-Heavy.ttf.br
2022/01/04 10:38:42 br /tmp/work/build/ttf/ChironSansHKTT-Light.ttf -> /output/ttf/ChironSansHKTT-Light.ttf.br
2022/01/04 10:38:42 gz /tmp/work/build/ttf/ChironSansHKTT-Heavy.ttf -> /output/ttf/ChironSansHKTT-Heavy.ttf.gz
2022/01/04 10:38:43 gz /tmp/work/build/ttf/ChironSansHKTT-Light.ttf -> /output/ttf/ChironSansHKTT-Light.ttf.gz
2022/01/04 10:38:46 br /tmp/work/build/ttf/ChironSansHKTT-Medium.ttf -> /output/ttf/ChironSansHKTT-Medium.ttf.br
2022/01/04 10:38:47 gz /tmp/work/build/ttf/ChironSansHKTT-Medium.ttf -> /output/ttf/ChironSansHKTT-Medium.ttf.gz
2022/01/04 10:38:47 br /tmp/work/build/ttf/ChironSansHKTT-Regular.ttf -> /output/ttf/ChironSansHKTT-Regular.ttf.br
2022/01/04 10:38:47 br /tmp/work/build/ttf/ChironSansHKTT-Normal.ttf -> /output/ttf/ChironSansHKTT-Normal.ttf.br
2022/01/04 10:38:48 gz /tmp/work/build/ttf/ChironSansHKTT-Regular.ttf -> /output/ttf/ChironSansHKTT-Regular.ttf.gz
2022/01/04 10:38:48 gz /tmp/work/build/ttf/ChironSansHKTT-Normal.ttf -> /output/ttf/ChironSansHKTT-Normal.ttf.gz
2022/01/04 10:38:52 br /tmp/work/build/variable/ChironSansHKVF.otf -> /output/variable/ChironSansHKVF.otf.br
2022/01/04 10:38:53 gz /tmp/work/build/variable/ChironSansHKVF.otf -> /output/variable/ChironSansHKVF.otf.gz
2022/01/04 10:38:53 processed chiron-sans-hk
